Running scope as unit: run-r8f850a8838e34465bb506e1a7e99752a.scope
load file:/home/user/DataFiles/silesia_data/silesia.tar
2025-04-19 11:57:46 0 sec: 0 operations;
2025-04-19 11:57:47 1 sec: 44245 operations; [INSERT: Count=44245 Max=7270.40 Min=4.38 Avg=18.70 10=10.12 25=12.46 50=16.62 75=22.89 90=29.44 95=33.50 99=41.53 99.9=59.42 99.99=212.22]
2025-04-19 11:57:48 2 sec: 89595 operations; [INSERT: Count=89595 Max=7270.40 Min=4.38 Avg=18.74 10=10.37 25=12.68 50=16.78 75=22.98 90=29.41 95=33.34 99=41.31 99.9=60.13 99.99=211.33]
2025-04-19 11:57:49 3 sec: 136936 operations; [INSERT: Count=136936 Max=7270.40 Min=4.38 Avg=18.43 10=10.35 25=12.59 50=16.54 75=22.59 90=28.77 95=32.59 99=40.32 99.9=58.56 99.99=210.18]
2025-04-19 11:57:50 4 sec: 184687 operations; [INSERT: Count=184687 Max=7270.40 Min=4.38 Avg=18.23 10=10.35 25=12.54 50=16.38 75=22.30 90=28.32 95=32.00 99=39.71 99.9=58.46 99.99=211.33]
2025-04-19 11:57:51 5 sec: 228613 operations; [INSERT: Count=228613 Max=21757.95 Min=4.38 Avg=18.46 10=10.25 25=12.39 50=16.11 75=21.90 90=27.81 95=31.42 99=39.17 99.9=59.04 99.99=214.78]
2025-04-19 11:57:52 6 sec: 274483 operations; [INSERT: Count=274483 Max=21757.95 Min=4.38 Avg=18.46 10=10.26 25=12.41 50=16.10 75=21.87 90=27.76 95=31.39 99=39.45 99.9=65.60 99.99=218.11]
2025-04-19 11:57:53 7 sec: 321659 operations; [INSERT: Count=321659 Max=21757.95 Min=4.38 Avg=18.38 10=10.30 25=12.43 50=16.12 75=21.84 90=27.68 95=31.28 99=39.23 99.9=65.60 99.99=216.96]
2025-04-19 11:57:54 8 sec: 368881 operations; [INSERT: Count=368881 Max=21757.95 Min=4.38 Avg=18.32 10=10.33 25=12.46 50=16.13 75=21.82 90=27.61 95=31.20 99=39.04 99.9=65.66 99.99=215.42]
2025-04-19 11:57:55 9 sec: 416331 operations; [INSERT: Count=416331 Max=21757.95 Min=4.38 Avg=18.25 10=10.35 25=12.47 50=16.12 75=21.77 90=27.54 95=31.10 99=38.88 99.9=66.17 99.99=214.14]
2025-04-19 11:57:56 10 sec: 460560 operations; [INSERT: Count=460560 Max=21757.95 Min=4.38 Avg=18.36 10=10.40 25=12.54 50=16.24 75=21.95 90=27.76 95=31.39 99=39.30 99.9=66.17 99.99=216.96]
2025-04-19 11:57:57 11 sec: 505901 operations; [INSERT: Count=505901 Max=21757.95 Min=4.38 Avg=18.39 10=10.36 25=12.53 50=16.27 75=22.05 90=27.97 95=31.68 99=39.84 99.9=67.84 99.99=220.16]
2025-04-19 11:57:58 12 sec: 552027 operations; [INSERT: Count=552027 Max=21757.95 Min=4.38 Avg=18.39 10=10.34 25=12.52 50=16.28 75=22.09 90=28.05 95=31.79 99=40.00 99.9=66.62 99.99=222.97]
2025-04-19 11:57:59 13 sec: 598080 operations; [INSERT: Count=598080 Max=21757.95 Min=4.38 Avg=18.39 10=10.34 25=12.52 50=16.30 75=22.13 90=28.09 95=31.86 99=40.13 99.9=66.17 99.99=227.20]
2025-04-19 11:58:00 14 sec: 644175 operations; [INSERT: Count=644175 Max=21757.95 Min=4.38 Avg=18.38 10=10.34 25=12.54 50=16.30 75=22.14 90=28.13 95=31.90 99=40.16 99.9=65.66 99.99=230.14]
2025-04-19 11:58:01 15 sec: 690017 operations; [INSERT: Count=690017 Max=21757.95 Min=4.38 Avg=18.39 10=10.36 25=12.55 50=16.32 75=22.16 90=28.16 95=31.93 99=40.22 99.9=65.66 99.99=235.01]
2025-04-19 11:58:02 16 sec: 736957 operations; [INSERT: Count=736957 Max=21757.95 Min=4.38 Avg=18.36 10=10.35 25=12.54 50=16.30 75=22.13 90=28.13 95=31.92 99=40.26 99.9=67.84 99.99=235.01]
2025-04-19 11:58:03 17 sec: 784367 operations; [INSERT: Count=784367 Max=21757.95 Min=4.38 Avg=18.33 10=10.34 25=12.53 50=16.26 75=22.06 90=28.05 95=31.82 99=40.22 99.9=116.93 99.99=235.39]
2025-04-19 11:58:04 18 sec: 831552 operations; [INSERT: Count=831552 Max=21757.95 Min=4.38 Avg=18.30 10=10.34 25=12.51 50=16.22 75=21.98 90=27.95 95=31.74 99=40.22 99.9=136.57 99.99=236.67]
2025-04-19 11:58:05 19 sec: 876726 operations; [INSERT: Count=876726 Max=21757.95 Min=4.38 Avg=18.32 10=10.36 25=12.53 50=16.24 75=21.98 90=27.95 95=31.76 99=40.38 99.9=141.69 99.99=242.05]
2025-04-19 11:58:06 20 sec: 921982 operations; [INSERT: Count=921982 Max=21757.95 Min=4.38 Avg=18.34 10=10.34 25=12.52 50=16.23 75=21.98 90=27.97 95=31.79 99=40.58 99.9=145.66 99.99=245.63]
2025-04-19 11:58:07 21 sec: 976674 operations; [INSERT: Count=976674 Max=21757.95 Min=4.38 Avg=18.15 10=10.13 25=12.33 50=16.02 75=21.74 90=27.77 95=31.63 99=40.61 99.9=146.94 99.99=247.68]
2025-04-19 11:58:08 22 sec: 1000000 operations; [INSERT: Count=1000000 Max=21757.95 Min=4.38 Avg=18.01 10=9.98 25=12.20 50=15.87 75=21.58 90=27.65 95=31.52 99=40.58 99.9=147.84 99.99=248.32]
2025-04-19 11:58:09 23 sec: 1000000 operations; [INSERT: Count=1000000 Max=21757.95 Min=4.38 Avg=18.01 10=9.98 25=12.20 50=15.87 75=21.58 90=27.65 95=31.52 99=40.58 99.9=147.84 99.99=248.32]
2025-04-19 11:58:10 24 sec: 1000000 operations; [INSERT: Count=1000000 Max=21757.95 Min=4.38 Avg=18.01 10=9.98 25=12.20 50=15.87 75=21.58 90=27.65 95=31.52 99=40.58 99.9=147.84 99.99=248.32]
2025-04-19 11:58:11 25 sec: 1000000 operations; [INSERT: Count=1000000 Max=21757.95 Min=4.38 Avg=18.01 10=9.98 25=12.20 50=15.87 75=21.58 90=27.65 95=31.52 99=40.58 99.9=147.84 99.99=248.32]
2025-04-19 11:58:12 26 sec: 1000000 operations; [INSERT: Count=1000000 Max=21757.95 Min=4.38 Avg=18.01 10=9.98 25=12.20 50=15.87 75=21.58 90=27.65 95=31.52 99=40.58 99.9=147.84 99.99=248.32]
2025-04-19 11:58:13 27 sec: 1000000 operations; [INSERT: Count=1000000 Max=21757.95 Min=4.38 Avg=18.01 10=9.98 25=12.20 50=15.87 75=21.58 90=27.65 95=31.52 99=40.58 99.9=147.84 99.99=248.32]
2025-04-19 11:58:14 28 sec: 1000000 operations; [INSERT: Count=1000000 Max=21757.95 Min=4.38 Avg=18.01 10=9.98 25=12.20 50=15.87 75=21.58 90=27.65 95=31.52 99=40.58 99.9=147.84 99.99=248.32]
2025-04-19 11:58:15 29 sec: 1000000 operations; [INSERT: Count=1000000 Max=21757.95 Min=4.38 Avg=18.01 10=9.98 25=12.20 50=15.87 75=21.58 90=27.65 95=31.52 99=40.58 99.9=147.84 99.99=248.32]
2025-04-19 11:58:16 30 sec: 1000000 operations; [INSERT: Count=1000000 Max=21757.95 Min=4.38 Avg=18.01 10=9.98 25=12.20 50=15.87 75=21.58 90=27.65 95=31.52 99=40.58 99.9=147.84 99.99=248.32]
2025-04-19 11:58:17 31 sec: 1000000 operations; [INSERT: Count=1000000 Max=21757.95 Min=4.38 Avg=18.01 10=9.98 25=12.20 50=15.87 75=21.58 90=27.65 95=31.52 99=40.58 99.9=147.84 99.99=248.32]
2025-04-19 11:58:17 31 sec: 1000000 operations; [INSERT: Count=1000000 Max=21757.95 Min=4.38 Avg=18.01 10=9.98 25=12.20 50=15.87 75=21.58 90=27.65 95=31.52 99=40.58 99.9=147.84 99.99=248.32]
Load runtime(sec): 31.7614
Load operations(ops): 1000000
Load throughput(ops/sec): 31484.7
