Running scope as unit: run-r7d0a34ec4a1d4e2681c433ed1b26349c.scope
load file:/home/user/DataFiles/silesia_data/silesia.tar
2025-04-22 19:03:46 0 sec: 0 operations;
2025-04-22 19:03:47 1 sec: 36524 operations; [INSERT: Count=36524 Max=6664.19 Min=5.14 Avg=23.12 10=11.12 25=14.50 50=20.45 75=28.96 90=37.92 95=43.55 99=55.87 99.9=87.10 99.99=256.13]
2025-04-22 19:03:48 2 sec: 71861 operations; [INSERT: Count=71861 Max=6664.19 Min=5.14 Avg=24.03 10=11.66 25=15.20 50=21.44 75=30.21 90=39.55 95=45.53 99=57.70 99.9=79.04 99.99=255.10]
2025-04-22 19:03:49 3 sec: 106780 operations; [INSERT: Count=106780 Max=6664.19 Min=5.14 Avg=24.45 10=11.96 25=15.53 50=21.87 75=30.73 90=40.22 95=46.27 99=58.46 99.9=78.91 99.99=246.66]
2025-04-22 19:03:50 4 sec: 141263 operations; [INSERT: Count=141263 Max=6664.19 Min=5.14 Avg=24.74 10=12.16 25=15.78 50=22.18 75=31.10 90=40.67 95=46.66 99=58.85 99.9=79.30 99.99=246.66]
2025-04-22 19:03:51 5 sec: 176811 operations; [INSERT: Count=176811 Max=6664.19 Min=5.14 Avg=24.75 10=12.25 25=15.85 50=22.18 75=31.05 90=40.54 95=46.53 99=58.75 99.9=80.25 99.99=252.93]
2025-04-22 19:03:52 6 sec: 211195 operations; [INSERT: Count=211195 Max=23871.49 Min=5.14 Avg=24.89 10=12.35 25=15.92 50=22.21 75=31.04 90=40.48 95=46.43 99=58.66 99.9=81.60 99.99=257.79]
2025-04-22 19:03:53 7 sec: 246039 operations; [INSERT: Count=246039 Max=23871.49 Min=5.14 Avg=24.95 10=12.45 25=16.02 50=22.29 75=31.12 90=40.58 95=46.49 99=58.66 99.9=80.00 99.99=256.13]
2025-04-22 19:03:54 8 sec: 281077 operations; [INSERT: Count=281077 Max=23871.49 Min=5.14 Avg=24.96 10=12.54 25=16.09 50=22.34 75=31.15 90=40.54 95=46.43 99=58.53 99.9=79.17 99.99=254.97]
2025-04-22 19:03:55 9 sec: 316573 operations; [INSERT: Count=316573 Max=23871.49 Min=5.14 Avg=24.94 10=12.57 25=16.12 50=22.34 75=31.10 90=40.41 95=46.34 99=58.46 99.9=79.87 99.99=253.57]
2025-04-22 19:03:56 10 sec: 351227 operations; [INSERT: Count=351227 Max=23871.49 Min=5.14 Avg=24.99 10=12.65 25=16.18 50=22.38 75=31.15 90=40.48 95=46.37 99=58.59 99.9=80.00 99.99=255.10]
2025-04-22 19:03:57 11 sec: 384788 operations; [INSERT: Count=384788 Max=23871.49 Min=5.14 Avg=25.12 10=12.70 25=16.25 50=22.50 75=31.31 90=40.70 95=46.66 99=59.10 99.9=80.89 99.99=260.74]
2025-04-22 19:03:58 12 sec: 417407 operations; [INSERT: Count=417407 Max=28491.78 Min=5.14 Avg=25.28 10=12.77 25=16.34 50=22.59 75=31.42 90=40.83 95=46.85 99=59.33 99.9=81.34 99.99=268.29]
2025-04-22 19:03:59 13 sec: 447385 operations; [INSERT: Count=447385 Max=28491.78 Min=5.14 Avg=25.56 10=12.87 25=16.48 50=22.82 75=31.76 90=41.34 95=47.52 99=60.64 99.9=86.59 99.99=276.74]
2025-04-22 19:04:00 14 sec: 476135 operations; [INSERT: Count=476135 Max=28491.78 Min=5.14 Avg=25.83 10=12.93 25=16.59 50=23.01 75=32.06 90=41.89 95=48.29 99=62.02 99.9=90.75 99.99=291.58]
2025-04-22 19:04:01 15 sec: 505902 operations; [INSERT: Count=505902 Max=28491.78 Min=5.14 Avg=26.01 10=12.98 25=16.67 50=23.15 75=32.29 90=42.21 95=48.73 99=62.91 99.9=92.42 99.99=304.13]
2025-04-22 19:04:02 16 sec: 537637 operations; [INSERT: Count=537637 Max=28491.78 Min=5.14 Avg=26.05 10=13.00 25=16.70 50=23.17 75=32.32 90=42.30 95=48.90 99=63.20 99.9=93.57 99.99=322.30]
2025-04-22 19:04:03 17 sec: 569861 operations; [INSERT: Count=569861 Max=28491.78 Min=5.14 Avg=26.06 10=13.02 25=16.72 50=23.18 75=32.35 90=42.34 95=48.93 99=63.26 99.9=93.18 99.99=333.31]
2025-04-22 19:04:04 18 sec: 602424 operations; [INSERT: Count=602424 Max=28491.78 Min=5.14 Avg=26.06 10=13.03 25=16.72 50=23.17 75=32.34 90=42.30 95=48.93 99=63.30 99.9=93.18 99.99=342.53]
2025-04-22 19:04:05 19 sec: 635581 operations; [INSERT: Count=635581 Max=28491.78 Min=5.14 Avg=26.02 10=13.05 25=16.70 50=23.14 75=32.29 90=42.21 95=48.80 99=63.23 99.9=92.99 99.99=353.54]
2025-04-22 19:04:06 20 sec: 667386 operations; [INSERT: Count=667386 Max=28491.78 Min=5.14 Avg=26.05 10=13.06 25=16.70 50=23.12 75=32.29 90=42.27 95=48.93 99=63.81 99.9=98.75 99.99=353.54]
2025-04-22 19:04:07 21 sec: 697637 operations; [INSERT: Count=697637 Max=28491.78 Min=5.14 Avg=26.15 10=13.10 25=16.73 50=23.15 75=32.35 90=42.40 95=49.15 99=64.58 99.9=103.81 99.99=370.69]
2025-04-22 19:04:08 22 sec: 726612 operations; [INSERT: Count=726612 Max=28491.78 Min=5.14 Avg=26.29 10=13.13 25=16.77 50=23.20 75=32.43 90=42.59 95=49.47 99=65.60 99.9=113.47 99.99=412.16]
2025-04-22 19:04:09 23 sec: 759285 operations; [INSERT: Count=759285 Max=28491.78 Min=5.14 Avg=26.27 10=13.14 25=16.77 50=23.15 75=32.37 90=42.49 95=49.38 99=65.60 99.9=124.22 99.99=428.54]
2025-04-22 19:04:10 24 sec: 797476 operations; [INSERT: Count=797476 Max=28491.78 Min=5.14 Avg=26.04 10=13.05 25=16.57 50=22.86 75=32.02 90=42.14 95=49.05 99=65.44 99.9=194.18 99.99=425.98]
2025-04-22 19:04:11 25 sec: 847236 operations; [INSERT: Count=847236 Max=28491.78 Min=5.14 Avg=25.43 10=12.54 25=15.97 50=22.11 75=31.31 90=41.57 95=48.51 99=65.06 99.9=213.89 99.99=422.91]
2025-04-22 19:04:12 26 sec: 898861 operations; [INSERT: Count=898861 Max=28491.78 Min=5.10 Avg=24.88 10=12.03 25=15.41 50=21.44 75=30.67 90=41.02 95=48.03 99=64.70 99.9=218.62 99.99=476.93]
2025-04-22 19:04:13 27 sec: 974625 operations; [INSERT: Count=974625 Max=28491.78 Min=4.28 Avg=23.72 10=10.38 25=14.19 50=20.34 75=29.70 90=40.26 95=47.26 99=64.09 99.9=217.73 99.99=563.20]
2025-04-22 19:04:14 28 sec: 1000000 operations; [INSERT: Count=1000000 Max=28491.78 Min=4.22 Avg=23.32 10=9.72 25=13.75 50=19.97 75=29.36 90=39.97 95=47.04 99=63.84 99.9=215.42 99.99=554.50]
2025-04-22 19:04:15 29 sec: 1000000 operations; [INSERT: Count=1000000 Max=28491.78 Min=4.22 Avg=23.32 10=9.72 25=13.75 50=19.97 75=29.36 90=39.97 95=47.04 99=63.84 99.9=215.42 99.99=554.50]
2025-04-22 19:04:16 30 sec: 1000000 operations; [INSERT: Count=1000000 Max=28491.78 Min=4.22 Avg=23.32 10=9.72 25=13.75 50=19.97 75=29.36 90=39.97 95=47.04 99=63.84 99.9=215.42 99.99=554.50]
2025-04-22 19:04:17 31 sec: 1000000 operations; [INSERT: Count=1000000 Max=28491.78 Min=4.22 Avg=23.32 10=9.72 25=13.75 50=19.97 75=29.36 90=39.97 95=47.04 99=63.84 99.9=215.42 99.99=554.50]
2025-04-22 19:04:17 31 sec: 1000000 operations; [INSERT: Count=1000000 Max=28491.78 Min=4.22 Avg=23.32 10=9.72 25=13.75 50=19.97 75=29.36 90=39.97 95=47.04 99=63.84 99.9=215.42 99.99=554.50]
Load runtime(sec): 31.316
Load operations(ops): 1000000
Load throughput(ops/sec): 31932.6
