Running scope as unit: run-r9a37691f85b74abb8b7abdcbe3d0be85.scope
load file:/home/user/DataFiles/silesia_data/silesia.tar
2025-04-21 14:37:05 0 sec: 0 operations;
2025-04-21 14:37:06 1 sec: 0 operations;
2025-04-21 14:37:07 2 sec: 0 operations;
2025-04-21 14:37:08 3 sec: 0 operations;
2025-04-21 14:37:09 4 sec: 0 operations;
2025-04-21 14:37:10 5 sec: 0 operations;
2025-04-21 14:37:11 6 sec: 0 operations;
2025-04-21 14:37:12 7 sec: 0 operations;
2025-04-21 14:37:13 8 sec: 0 operations;
2025-04-21 14:37:14 9 sec: 0 operations;
2025-04-21 14:37:15 10 sec: 0 operations;
2025-04-21 14:37:16 11 sec: 0 operations;
2025-04-21 14:37:17 12 sec: 0 operations;
2025-04-21 14:37:18 13 sec: 0 operations;
2025-04-21 14:37:19 14 sec: 0 operations;
2025-04-21 14:37:20 15 sec: 0 operations;
2025-04-21 14:37:21 16 sec: 0 operations;
2025-04-21 14:37:22 17 sec: 0 operations;
2025-04-21 14:37:23 18 sec: 0 operations;
2025-04-21 14:37:24 19 sec: 0 operations;
2025-04-21 14:37:25 20 sec: 0 operations;
2025-04-21 14:37:26 21 sec: 0 operations;
2025-04-21 14:37:27 22 sec: 0 operations;
2025-04-21 14:37:28 23 sec: 0 operations;
2025-04-21 14:37:29 24 sec: 0 operations;
2025-04-21 14:37:30 25 sec: 0 operations;
2025-04-21 14:37:31 26 sec: 3237 operations; [READ: Count=1603 Max=1883.13 Min=6.65 Avg=265.27 10=94.02 25=142.72 50=211.20 75=324.35 90=470.01 95=630.78 99=1150.97 99.9=1760.26 99.99=1883.13] [UPDATE: Count=1634 Max=5275.65 Min=13.02 Avg=275.40 10=106.50 25=155.26 50=225.92 75=327.42 90=469.50 95=624.64 99=1047.55 99.9=1989.63 99.99=5275.65]
2025-04-21 14:37:32 27 sec: 7512 operations; [READ: Count=3702 Max=1883.13 Min=4.11 Avg=245.32 10=89.15 25=142.59 50=214.01 75=313.34 90=406.78 95=496.13 99=873.47 99.9=1573.89 99.99=1883.13] [UPDATE: Count=3810 Max=5275.65 Min=10.62 Avg=252.64 10=97.22 25=153.09 50=226.30 75=318.46 90=411.13 95=495.10 99=799.74 99.9=1563.65 99.99=5275.65]
2025-04-21 14:37:33 28 sec: 11782 operations; [READ: Count=5850 Max=1883.13 Min=4.11 Avg=239.01 10=88.58 25=143.62 50=214.53 75=309.50 90=393.98 95=465.15 99=732.67 99.9=1461.25 99.99=1841.15] [UPDATE: Count=5932 Max=5275.65 Min=10.62 Avg=247.36 10=96.58 25=152.96 50=225.41 75=315.90 90=401.92 95=469.50 99=731.13 99.9=1508.35 99.99=2369.53]
2025-04-21 14:37:34 29 sec: 16105 operations; [READ: Count=8061 Max=1883.13 Min=4.05 Avg=235.03 10=86.46 25=142.97 50=213.38 75=306.94 90=389.63 95=450.05 99=655.87 99.9=1445.89 99.99=1841.15] [UPDATE: Count=8044 Max=5275.65 Min=9.46 Avg=244.39 10=95.87 25=152.70 50=224.77 75=314.88 90=396.80 95=460.54 99=678.40 99.9=1459.20 99.99=2369.53]
2025-04-21 14:37:35 30 sec: 20497 operations; [READ: Count=10265 Max=1883.13 Min=2.54 Avg=231.86 10=84.80 25=141.44 50=212.35 75=304.89 90=385.28 95=443.65 99=621.57 99.9=1344.51 99.99=1841.15] [UPDATE: Count=10232 Max=5275.65 Min=8.28 Avg=242.05 10=95.10 25=151.68 50=223.10 75=313.34 90=396.54 95=455.42 99=649.73 99.9=1428.48 99.99=2369.53]
2025-04-21 14:37:36 31 sec: 24790 operations; [READ: Count=12388 Max=1883.13 Min=2.54 Avg=230.48 10=83.52 25=139.78 50=210.94 75=302.59 90=384.25 95=444.42 99=639.49 99.9=1263.62 99.99=1841.15] [UPDATE: Count=12402 Max=21872.64 Min=7.84 Avg=241.59 10=92.99 25=150.14 50=220.93 75=310.78 90=394.75 95=453.63 99=655.36 99.9=1421.31 99.99=5275.65]
2025-04-21 14:37:37 32 sec: 28300 operations; [READ: Count=14165 Max=1883.13 Min=2.54 Avg=235.96 10=82.56 25=138.62 50=208.77 75=303.36 90=394.50 95=475.39 99=838.14 99.9=1313.79 99.99=1841.15] [UPDATE: Count=14135 Max=21872.64 Min=7.84 Avg=248.01 10=91.90 25=148.86 50=218.50 75=311.30 90=403.45 95=481.54 99=826.88 99.9=1421.31 99.99=17694.72]
2025-04-21 14:37:38 33 sec: 32768 operations; [READ: Count=16343 Max=1883.13 Min=2.54 Avg=233.76 10=81.86 25=138.50 50=208.38 75=301.82 90=391.94 95=466.18 99=817.15 99.9=1263.62 99.99=1633.28] [UPDATE: Count=16425 Max=21872.64 Min=7.84 Avg=244.89 10=90.75 25=147.97 50=217.34 75=309.76 90=399.62 95=471.30 99=806.40 99.9=1391.62 99.99=5951.49]
2025-04-21 14:37:39 34 sec: 37432 operations; [READ: Count=18649 Max=1883.13 Min=2.54 Avg=230.59 10=80.96 25=137.73 50=206.72 75=298.50 90=387.07 95=455.42 99=784.38 99.9=1241.09 99.99=1760.26] [UPDATE: Count=18783 Max=21872.64 Min=7.84 Avg=241.54 10=89.09 25=146.69 50=215.04 75=306.69 90=395.26 95=465.15 99=792.58 99.9=1366.02 99.99=5951.49]
2025-04-21 14:37:40 35 sec: 41947 operations; [READ: Count=20897 Max=1883.13 Min=2.54 Avg=228.68 10=80.00 25=136.70 50=205.31 75=297.21 90=384.77 95=452.86 99=760.83 99.9=1241.09 99.99=1760.26] [UPDATE: Count=21050 Max=21872.64 Min=7.84 Avg=239.99 10=88.32 25=145.92 50=213.38 75=304.89 90=393.73 95=462.85 99=786.43 99.9=1395.71 99.99=5951.49]
2025-04-21 14:37:41 36 sec: 45967 operations; [READ: Count=22928 Max=2596.86 Min=2.54 Avg=230.17 10=79.42 25=135.94 50=204.41 75=297.21 90=385.54 95=454.91 99=804.35 99.9=1662.97 99.99=2363.39] [UPDATE: Count=23039 Max=21872.64 Min=7.84 Avg=240.83 10=87.94 25=145.41 50=212.48 75=304.13 90=393.73 95=464.13 99=803.33 99.9=1681.41 99.99=13533.18]
2025-04-21 14:37:42 37 sec: 50580 operations; [READ: Count=25259 Max=2750.46 Min=2.54 Avg=228.17 10=78.14 25=134.40 50=202.11 75=293.63 90=381.44 95=448.51 99=804.35 99.9=1841.15 99.99=2504.70] [UPDATE: Count=25321 Max=21872.64 Min=7.84 Avg=239.20 10=87.55 25=144.25 50=210.05 75=301.82 90=389.63 95=458.24 99=799.74 99.9=1873.92 99.99=7450.62]
2025-04-21 14:37:43 38 sec: 55566 operations; [READ: Count=27754 Max=2750.46 Min=2.54 Avg=225.06 10=77.18 25=133.63 50=200.19 75=290.56 90=375.81 95=441.09 99=772.10 99.9=1795.07 99.99=2504.70] [UPDATE: Count=27812 Max=21872.64 Min=7.84 Avg=236.12 10=87.04 25=143.36 50=208.38 75=298.24 90=384.77 95=451.33 99=783.87 99.9=1820.67 99.99=7450.62]
2025-04-21 14:37:44 39 sec: 60635 operations; [READ: Count=30269 Max=2750.46 Min=2.54 Avg=222.35 10=76.42 25=132.86 50=198.78 75=287.74 90=371.71 95=434.94 99=744.96 99.9=1777.66 99.99=2504.70] [UPDATE: Count=30366 Max=21872.64 Min=7.84 Avg=233.03 10=86.33 25=142.21 50=206.97 75=295.17 90=379.13 95=444.42 99=758.78 99.9=1805.31 99.99=7450.62]
2025-04-21 14:37:45 40 sec: 65717 operations; [READ: Count=32791 Max=2750.46 Min=2.54 Avg=219.92 10=75.84 25=131.84 50=197.25 75=285.44 90=367.36 95=429.06 99=722.43 99.9=1734.65 99.99=2504.70] [UPDATE: Count=32926 Max=21872.64 Min=7.84 Avg=230.48 10=85.44 25=141.44 50=205.18 75=292.86 90=375.30 95=437.76 99=736.25 99.9=1671.17 99.99=7450.62]
2025-04-21 14:37:46 41 sec: 70912 operations; [READ: Count=35435 Max=2750.46 Min=2.54 Avg=217.36 10=74.88 25=130.75 50=195.20 75=282.88 90=363.77 95=424.96 99=693.76 99.9=1701.89 99.99=2494.46] [UPDATE: Count=35477 Max=21872.64 Min=7.84 Avg=228.07 10=84.61 25=140.41 50=203.78 75=290.81 90=371.97 95=433.92 99=719.36 99.9=1659.90 99.99=6463.49]
2025-04-21 14:37:47 42 sec: 75141 operations; [READ: Count=37626 Max=2750.46 Min=2.54 Avg=217.77 10=74.05 25=129.34 50=193.02 75=281.09 90=363.26 95=426.75 99=785.41 99.9=1734.65 99.99=2494.46] [UPDATE: Count=37515 Max=26411.01 Min=7.84 Avg=229.12 10=83.78 25=139.01 50=201.73 75=289.28 90=371.45 95=435.71 99=793.60 99.9=1739.78 99.99=7450.62]
2025-04-21 14:37:48 43 sec: 80335 operations; [READ: Count=40222 Max=2750.46 Min=2.54 Avg=215.82 10=73.53 25=128.77 50=191.74 75=278.78 90=360.19 95=423.17 99=771.58 99.9=1726.46 99.99=2494.46] [UPDATE: Count=40113 Max=26411.01 Min=7.84 Avg=226.92 10=83.01 25=137.98 50=200.19 75=287.23 90=368.64 95=432.13 99=782.85 99.9=1712.13 99.99=7450.62]
2025-04-21 14:37:49 44 sec: 85551 operations; [READ: Count=42866 Max=2750.46 Min=2.54 Avg=214.03 10=72.51 25=128.13 50=190.85 75=277.25 90=358.14 95=419.58 99=746.50 99.9=1713.15 99.99=2494.46] [UPDATE: Count=42685 Max=26411.01 Min=7.84 Avg=225.00 10=82.56 25=137.09 50=199.17 75=285.18 90=366.08 95=428.80 99=764.93 99.9=1667.07 99.99=7450.62]
2025-04-21 14:37:50 45 sec: 90800 operations; [READ: Count=45549 Max=2750.46 Min=2.54 Avg=212.31 10=71.81 25=127.49 50=189.82 75=275.45 90=356.10 95=415.74 99=728.06 99.9=1684.48 99.99=2363.39] [UPDATE: Count=45251 Max=26411.01 Min=7.78 Avg=223.25 10=81.98 25=136.70 50=198.53 75=283.39 90=363.26 95=425.21 99=742.91 99.9=1649.66 99.99=6463.49]
2025-04-21 14:37:51 46 sec: 95902 operations; [READ: Count=48122 Max=4849.66 Min=2.54 Avg=210.88 10=71.49 25=127.10 50=188.80 75=273.66 90=354.05 95=413.18 99=712.19 99.9=1678.34 99.99=2494.46] [UPDATE: Count=47780 Max=26411.01 Min=7.78 Avg=222.26 10=81.53 25=136.32 50=197.76 75=282.37 90=361.98 95=422.91 99=731.65 99.9=1659.90 99.99=6463.49]
2025-04-21 14:37:52 47 sec: 100447 operations; [READ: Count=50406 Max=4849.66 Min=2.54 Avg=210.24 10=70.97 25=126.14 50=187.26 75=272.13 90=352.77 95=412.16 99=733.18 99.9=1723.39 99.99=2494.46] [UPDATE: Count=50041 Max=35454.97 Min=7.78 Avg=223.14 10=81.09 25=135.55 50=196.74 75=281.34 90=360.96 95=421.89 99=764.93 99.9=1769.47 99.99=13533.18]
2025-04-21 14:37:53 48 sec: 105438 operations; [READ: Count=52898 Max=4849.66 Min=2.54 Avg=209.42 10=70.66 25=126.02 50=187.01 75=271.62 90=351.23 95=410.62 99=722.43 99.9=1707.01 99.99=2494.46] [UPDATE: Count=52540 Max=35454.97 Min=7.78 Avg=222.31 10=80.64 25=135.42 50=196.22 75=280.57 90=359.94 95=420.61 99=756.22 99.9=1769.47 99.99=13533.18]
2025-04-21 14:37:54 49 sec: 110569 operations; [READ: Count=55466 Max=4849.66 Min=2.38 Avg=208.40 10=70.21 25=125.57 50=186.62 75=271.10 90=350.21 95=408.83 99=702.46 99.9=1701.89 99.99=2449.41] [UPDATE: Count=55103 Max=35454.97 Min=7.78 Avg=221.30 10=80.45 25=135.17 50=195.97 75=279.55 90=359.17 95=418.81 99=738.82 99.9=1726.46 99.99=7450.62]
2025-04-21 14:37:55 50 sec: 115595 operations; [READ: Count=57964 Max=4849.66 Min=2.38 Avg=207.78 10=69.89 25=125.44 50=186.75 75=270.59 90=349.44 95=407.55 99=683.01 99.9=1678.34 99.99=2449.41] [UPDATE: Count=57631 Max=35454.97 Min=7.78 Avg=220.45 10=80.06 25=134.91 50=195.71 75=279.04 90=358.14 95=417.79 99=728.06 99.9=1682.43 99.99=7450.62]
2025-04-21 14:37:56 51 sec: 121111 operations; [READ: Count=60711 Max=4849.66 Min=2.38 Avg=206.39 10=69.12 25=124.48 50=185.85 75=269.31 90=348.42 95=406.27 99=668.67 99.9=1651.71 99.99=2449.41] [UPDATE: Count=60400 Max=35454.97 Min=7.78 Avg=218.75 10=79.04 25=133.63 50=194.43 75=278.01 90=357.12 95=416.00 99=713.22 99.9=1682.43 99.99=7450.62]
2025-04-21 14:37:57 52 sec: 128285 operations; [READ: Count=64224 Max=4849.66 Min=2.38 Avg=202.31 10=67.39 25=120.32 50=181.50 75=265.21 90=344.32 95=401.92 99=653.82 99.9=1633.28 99.99=2449.41] [UPDATE: Count=64061 Max=35454.97 Min=7.78 Avg=214.52 10=76.80 25=129.15 50=190.21 75=273.66 90=353.54 95=411.90 99=698.37 99.9=1675.26 99.99=7450.62]
2025-04-21 14:37:58 53 sec: 134529 operations; [READ: Count=67340 Max=4849.66 Min=2.38 Avg=199.66 10=65.79 25=116.03 50=177.66 75=261.76 90=341.76 95=400.13 99=672.77 99.9=1643.52 99.99=2363.39] [UPDATE: Count=67189 Max=35454.97 Min=7.78 Avg=212.57 10=75.52 25=125.18 50=186.62 75=270.59 90=351.49 95=410.88 99=729.09 99.9=1739.78 99.99=7450.62]
2025-04-21 14:37:59 54 sec: 141683 operations; [READ: Count=70936 Max=4849.66 Min=2.38 Avg=196.32 10=65.15 25=112.45 50=174.08 75=257.66 90=338.69 95=395.52 99=655.87 99.9=1627.13 99.99=2363.39] [UPDATE: Count=70747 Max=35454.97 Min=7.78 Avg=209.11 10=74.69 25=121.79 50=183.04 75=266.75 90=347.65 95=406.78 99=711.17 99.9=1712.13 99.99=7450.62]
2025-04-21 14:38:00 55 sec: 148727 operations; [READ: Count=74466 Max=4849.66 Min=2.38 Avg=193.35 10=64.58 25=108.61 50=171.13 75=253.95 90=335.36 95=392.19 99=636.93 99.9=1611.78 99.99=2363.39] [UPDATE: Count=74261 Max=35454.97 Min=7.78 Avg=206.23 10=74.24 25=118.53 50=180.35 75=263.94 90=344.32 95=402.94 99=696.32 99.9=1681.41 99.99=7450.62]
2025-04-21 14:38:01 56 sec: 155761 operations; [READ: Count=77980 Max=4849.66 Min=2.38 Avg=190.73 10=64.03 25=105.15 50=168.45 75=250.75 90=332.29 95=388.86 99=623.10 99.9=1599.49 99.99=2308.09] [UPDATE: Count=77781 Max=35454.97 Min=7.78 Avg=203.53 10=73.60 25=115.45 50=177.79 75=260.35 90=341.50 95=399.62 99=678.91 99.9=1671.17 99.99=6463.49]
2025-04-21 14:38:02 57 sec: 162912 operations; [READ: Count=81530 Max=4849.66 Min=2.38 Avg=188.27 10=63.45 25=101.95 50=165.89 75=247.81 90=329.47 95=385.79 99=615.42 99.9=1577.98 99.99=2308.09] [UPDATE: Count=81382 Max=35454.97 Min=7.78 Avg=200.86 10=73.15 25=112.32 50=175.23 75=257.41 90=338.69 95=396.54 99=663.04 99.9=1652.73 99.99=6463.49]
2025-04-21 14:38:03 58 sec: 169293 operations; [READ: Count=84696 Max=4849.66 Min=2.38 Avg=186.54 10=62.88 25=99.07 50=163.33 75=244.99 90=327.68 95=383.74 99=624.13 99.9=1596.41 99.99=2308.09] [UPDATE: Count=84597 Max=35454.97 Min=7.78 Avg=199.65 10=72.51 25=109.25 50=172.93 75=254.85 90=336.64 95=395.26 99=678.91 99.9=1712.13 99.99=13533.18]
2025-04-21 14:38:04 59 sec: 176600 operations; [READ: Count=88389 Max=4849.66 Min=2.38 Avg=184.16 10=62.53 25=96.58 50=161.15 75=242.05 90=324.61 95=380.93 99=612.86 99.9=1572.86 99.99=2304.00] [UPDATE: Count=88211 Max=35454.97 Min=7.78 Avg=197.29 10=72.00 25=107.07 50=170.88 75=251.90 90=334.08 95=392.45 99=662.53 99.9=1681.41 99.99=7450.62]
2025-04-21 14:38:05 60 sec: 184014 operations; [READ: Count=92093 Max=4849.66 Min=2.38 Avg=181.87 10=62.05 25=94.46 50=158.97 75=239.10 90=321.79 95=378.37 99=598.53 99.9=1567.74 99.99=2304.00] [UPDATE: Count=91921 Max=35454.97 Min=7.78 Avg=194.97 10=71.49 25=105.02 50=168.96 75=249.22 90=331.26 95=389.38 99=648.19 99.9=1671.17 99.99=7450.62]
2025-04-21 14:38:06 61 sec: 191374 operations; [READ: Count=95851 Max=4849.66 Min=2.38 Avg=179.79 10=61.66 25=92.73 50=157.18 75=236.54 90=319.49 95=375.55 99=587.26 99.9=1543.17 99.99=2244.61] [UPDATE: Count=95523 Max=35454.97 Min=7.78 Avg=192.94 10=71.04 25=103.23 50=167.17 75=246.78 90=328.96 95=386.56 99=630.78 99.9=1652.73 99.99=6463.49]
2025-04-21 14:38:07 62 sec: 198730 operations; [READ: Count=99570 Max=4849.66 Min=2.38 Avg=177.87 10=61.25 25=91.33 50=155.52 75=234.11 90=317.44 95=373.25 99=576.51 99.9=1519.62 99.99=2244.61] [UPDATE: Count=99160 Max=35454.97 Min=7.78 Avg=191.04 10=70.59 25=101.82 50=165.76 75=244.48 90=326.65 95=384.25 99=620.54 99.9=1633.28 99.99=6463.49]
2025-04-21 14:38:08 63 sec: 205691 operations; [READ: Count=103020 Max=8503.30 Min=2.38 Avg=176.44 10=60.90 25=90.24 50=154.11 75=231.81 90=315.13 95=371.20 99=573.44 99.9=1516.54 99.99=2304.00] [UPDATE: Count=102671 Max=35454.97 Min=7.78 Avg=189.64 10=70.14 25=100.61 50=164.22 75=242.18 90=324.35 95=381.95 99=614.40 99.9=1649.66 99.99=7450.62]
2025-04-21 14:38:09 64 sec: 212644 operations; [READ: Count=106486 Max=8503.30 Min=2.38 Avg=174.85 10=60.51 25=88.96 50=152.70 75=229.38 90=312.83 95=368.64 99=570.88 99.9=1536.00 99.99=2254.85] [UPDATE: Count=106158 Max=35454.97 Min=7.78 Avg=188.59 10=69.76 25=99.58 50=162.69 75=240.00 90=322.30 95=380.42 99=614.40 99.9=1674.24 99.99=13533.18]
2025-04-21 14:38:10 65 sec: 220086 operations; [READ: Count=110242 Max=8503.30 Min=2.38 Avg=173.29 10=60.22 25=88.25 50=151.42 75=227.58 90=310.53 95=366.08 99=561.15 99.9=1513.47 99.99=2254.85] [UPDATE: Count=109844 Max=35454.97 Min=7.78 Avg=186.87 10=69.25 25=98.62 50=161.41 75=238.08 90=320.51 95=377.86 99=603.13 99.9=1652.73 99.99=13533.18]
2025-04-21 14:38:11 66 sec: 227595 operations; [READ: Count=114070 Max=8503.30 Min=2.38 Avg=171.76 10=59.74 25=87.42 50=150.14 75=225.53 90=308.48 95=363.77 99=552.96 99.9=1495.04 99.99=2254.85] [UPDATE: Count=113525 Max=35454.97 Min=7.78 Avg=185.24 10=68.73 25=97.79 50=160.25 75=236.29 90=318.46 95=375.55 99=593.92 99.9=1633.28 99.99=13533.18]
2025-04-21 14:38:12 67 sec: 235018 operations; [READ: Count=117855 Max=8503.30 Min=2.38 Avg=170.37 10=59.36 25=86.66 50=148.99 75=224.00 90=306.69 95=361.98 99=545.79 99.9=1482.75 99.99=2244.61] [UPDATE: Count=117163 Max=35454.97 Min=7.78 Avg=183.80 10=68.35 25=97.15 50=159.23 75=234.37 90=316.42 95=373.25 99=587.26 99.9=1623.04 99.99=7450.62]
2025-04-21 14:38:13 68 sec: 242502 operations; [READ: Count=121541 Max=8503.30 Min=2.38 Avg=169.01 10=58.98 25=85.95 50=147.84 75=222.34 90=304.89 95=359.68 99=540.16 99.9=1474.56 99.99=2244.61] [UPDATE: Count=120961 Max=35454.97 Min=7.78 Avg=182.40 10=67.97 25=96.51 50=158.21 75=232.83 90=314.62 95=371.45 99=579.07 99.9=1614.85 99.99=7450.62]
2025-04-21 14:38:14 69 sec: 249026 operations; [READ: Count=124807 Max=8503.30 Min=2.38 Avg=168.13 10=58.69 25=85.44 50=146.94 75=221.06 90=303.36 95=358.65 99=539.65 99.9=1495.04 99.99=2254.85] [UPDATE: Count=124219 Max=35454.97 Min=7.78 Avg=182.05 10=67.65 25=96.06 50=157.31 75=231.29 90=313.09 95=369.92 99=581.12 99.9=1637.38 99.99=14426.11]
2025-04-21 14:38:15 70 sec: 256574 operations; [READ: Count=128596 Max=8503.30 Min=2.38 Avg=166.87 10=58.30 25=84.93 50=146.05 75=219.39 90=301.57 95=356.86 99=535.55 99.9=1482.75 99.99=2244.61] [UPDATE: Count=127978 Max=35454.97 Min=7.78 Avg=180.74 10=67.20 25=95.55 50=156.29 75=229.89 90=311.55 95=368.13 99=572.41 99.9=1630.21 99.99=13860.86]
2025-04-21 14:38:16 71 sec: 263997 operations; [READ: Count=132274 Max=8503.30 Min=2.38 Avg=165.78 10=57.98 25=84.48 50=145.28 75=217.98 90=300.03 95=355.07 99=529.92 99.9=1480.70 99.99=2244.61] [UPDATE: Count=131723 Max=35454.97 Min=7.78 Avg=179.56 10=66.88 25=95.10 50=155.65 75=228.74 90=309.76 95=366.33 99=566.27 99.9=1614.85 99.99=13860.86]
2025-04-21 14:38:17 72 sec: 271666 operations; [READ: Count=136086 Max=8503.30 Min=2.38 Avg=164.61 10=57.47 25=84.03 50=144.38 75=216.57 90=298.50 95=353.54 99=523.01 99.9=1464.32 99.99=2242.56] [UPDATE: Count=135580 Max=35454.97 Min=7.78 Avg=178.28 10=66.30 25=94.59 50=154.62 75=227.07 90=307.97 95=364.03 99=560.64 99.9=1606.65 99.99=13533.18]
2025-04-21 14:38:18 73 sec: 279070 operations; [READ: Count=139794 Max=8503.30 Min=2.38 Avg=163.60 10=57.12 25=83.78 50=143.62 75=215.29 90=296.70 95=351.49 99=519.68 99.9=1449.98 99.99=2242.56] [UPDATE: Count=139276 Max=35454.97 Min=7.78 Avg=177.29 10=65.92 25=94.33 50=154.11 75=225.92 90=306.69 95=362.50 99=555.01 99.9=1599.49 99.99=13533.18]
2025-04-21 14:38:19 74 sec: 286431 operations; [READ: Count=143481 Max=8503.30 Min=2.38 Avg=162.68 10=56.70 25=83.39 50=142.97 75=214.14 90=295.42 95=349.95 99=516.86 99.9=1466.37 99.99=2244.61] [UPDATE: Count=142950 Max=35454.97 Min=7.78 Avg=176.38 10=65.28 25=93.82 50=153.22 75=224.77 90=305.15 95=360.96 99=551.42 99.9=1606.65 99.99=13533.18]
2025-04-21 14:38:20 75 sec: 293970 operations; [READ: Count=147284 Max=8503.30 Min=2.38 Avg=161.74 10=56.29 25=83.07 50=142.34 75=212.99 90=293.89 95=348.42 99=512.51 99.9=1451.01 99.99=2242.56] [UPDATE: Count=146686 Max=35454.97 Min=7.78 Avg=175.37 10=64.70 25=93.50 50=152.70 75=223.74 90=303.87 95=359.17 99=544.77 99.9=1598.46 99.99=12034.05]
2025-04-21 14:38:21 76 sec: 301604 operations; [READ: Count=151168 Max=8503.30 Min=2.38 Avg=160.82 10=55.81 25=82.81 50=141.69 75=211.84 90=292.61 95=346.62 99=508.42 99.9=1446.91 99.99=2242.56] [UPDATE: Count=150436 Max=35454.97 Min=7.78 Avg=174.35 10=63.87 25=93.18 50=152.06 75=222.46 90=302.59 95=357.89 99=540.67 99.9=1594.37 99.99=12034.05]
2025-04-21 14:38:22 77 sec: 309382 operations; [READ: Count=155004 Max=8503.30 Min=2.38 Avg=159.82 10=55.13 25=82.37 50=140.93 75=210.56 90=291.07 95=345.09 99=505.09 99.9=1444.86 99.99=2211.84] [UPDATE: Count=154378 Max=35454.97 Min=7.78 Avg=173.32 10=63.13 25=92.80 50=151.29 75=221.31 90=301.06 95=356.35 99=537.60 99.9=1579.01 99.99=12034.05]
2025-04-21 14:38:23 78 sec: 317110 operations; [READ: Count=158793 Max=8503.30 Min=2.38 Avg=158.95 10=54.43 25=82.05 50=140.29 75=209.41 90=289.79 95=343.81 99=501.76 99.9=1425.41 99.99=2211.84] [UPDATE: Count=158317 Max=35454.97 Min=7.78 Avg=172.32 10=62.24 25=92.42 50=150.66 75=220.16 90=299.77 95=354.81 99=534.01 99.9=1567.74 99.99=7450.62]
2025-04-21 14:38:24 79 sec: 324778 operations; [READ: Count=162709 Max=8503.30 Min=2.38 Avg=158.11 10=53.66 25=81.79 50=139.65 75=208.38 90=288.51 95=342.27 99=498.94 99.9=1418.24 99.99=2211.84] [UPDATE: Count=162069 Max=35454.97 Min=7.78 Avg=171.44 10=61.12 25=92.09 50=150.14 75=219.26 90=298.50 95=353.54 99=530.94 99.9=1563.65 99.99=7450.62]
2025-04-21 14:38:25 80 sec: 330974 operations; [READ: Count=165799 Max=8503.30 Min=2.38 Avg=157.41 10=52.58 25=81.41 50=139.13 75=207.62 90=287.49 95=341.25 99=495.62 99.9=1418.24 99.99=2211.84] [UPDATE: Count=165175 Max=43909.12 Min=7.78 Avg=171.98 10=60.03 25=91.78 50=149.50 75=218.37 90=297.47 95=352.51 99=529.41 99.9=1583.10 99.99=16482.30]
2025-04-21 14:38:26 81 sec: 338637 operations; [READ: Count=169711 Max=8503.30 Min=2.38 Avg=156.59 10=50.59 25=81.15 50=138.62 75=206.72 90=286.21 95=339.71 99=492.54 99.9=1415.17 99.99=2211.84] [UPDATE: Count=168926 Max=43909.12 Min=7.78 Avg=171.20 10=58.08 25=91.52 50=148.99 75=217.60 90=296.70 95=351.23 99=527.36 99.9=1576.96 99.99=16482.30]
2025-04-21 14:38:27 82 sec: 346489 operations; [READ: Count=173589 Max=8503.30 Min=2.38 Avg=155.78 10=34.72 25=80.89 50=137.98 75=205.69 90=284.93 95=338.43 99=489.21 99.9=1404.93 99.99=2211.84] [UPDATE: Count=172900 Max=43909.12 Min=7.78 Avg=170.30 10=47.81 25=91.20 50=148.35 75=216.45 90=295.17 95=349.95 99=523.52 99.9=1564.67 99.99=16482.30]
2025-04-21 14:38:28 83 sec: 353910 operations; [READ: Count=177337 Max=8503.30 Min=2.38 Avg=154.97 10=27.45 25=80.64 50=137.47 75=204.67 90=283.65 95=336.89 99=486.14 99.9=1401.86 99.99=2205.70] [UPDATE: Count=176573 Max=46170.11 Min=7.78 Avg=169.88 10=41.73 25=90.94 50=147.84 75=215.55 90=294.14 95=348.67 99=519.68 99.9=1563.65 99.99=17694.72]
2025-04-21 14:38:29 84 sec: 362348 operations; [READ: Count=181614 Max=8503.30 Min=2.38 Avg=153.94 10=24.51 25=80.32 50=136.57 75=203.39 90=282.11 95=335.10 99=483.33 99.9=1391.62 99.99=2205.70] [UPDATE: Count=180734 Max=46170.11 Min=7.78 Avg=168.81 10=38.17 25=90.69 50=146.94 75=214.01 90=292.61 95=346.88 99=516.86 99.9=1536.00 99.99=17694.72]
2025-04-21 14:38:30 85 sec: 371001 operations; [READ: Count=185963 Max=8503.30 Min=2.38 Avg=152.88 10=22.77 25=79.94 50=135.68 75=201.98 90=280.32 95=333.57 99=480.25 99.9=1375.23 99.99=2121.73] [UPDATE: Count=185038 Max=46170.11 Min=7.78 Avg=167.68 10=35.55 25=90.37 50=146.18 75=212.61 90=291.07 95=345.09 99=513.79 99.9=1531.90 99.99=16482.30]
2025-04-21 14:38:31 86 sec: 379596 operations; [READ: Count=190300 Max=8503.30 Min=2.38 Avg=151.88 10=21.60 25=79.61 50=134.91 75=200.57 90=278.53 95=331.77 99=477.69 99.9=1367.04 99.99=2121.73] [UPDATE: Count=189296 Max=46170.11 Min=7.78 Avg=166.64 10=34.08 25=89.98 50=145.41 75=211.33 90=289.54 95=343.55 99=510.72 99.9=1522.69 99.99=16482.30]
2025-04-21 14:38:32 87 sec: 388212 operations; [READ: Count=194577 Max=8503.30 Min=2.38 Avg=150.91 10=20.48 25=79.36 50=134.27 75=199.17 90=276.99 95=329.98 99=474.88 99.9=1363.97 99.99=2121.73] [UPDATE: Count=193635 Max=46170.11 Min=7.78 Avg=165.64 10=32.99 25=89.66 50=144.64 75=210.05 90=288.00 95=341.76 99=506.37 99.9=1509.38 99.99=16482.30]
2025-04-21 14:38:33 88 sec: 397043 operations; [READ: Count=199041 Max=8503.30 Min=2.38 Avg=149.88 10=19.57 25=78.97 50=133.38 75=198.01 90=275.20 95=328.45 99=472.32 99.9=1360.89 99.99=2121.73] [UPDATE: Count=198002 Max=46170.11 Min=7.78 Avg=164.62 10=32.17 25=89.34 50=143.87 75=208.90 90=286.46 95=340.48 99=502.78 99.9=1502.21 99.99=14966.78]
2025-04-21 14:38:34 89 sec: 406399 operations; [READ: Count=203725 Max=8503.30 Min=2.38 Avg=148.55 10=18.70 25=78.27 50=132.22 75=196.09 90=273.41 95=326.65 99=469.50 99.9=1344.51 99.99=2121.73] [UPDATE: Count=202674 Max=46170.11 Min=7.78 Avg=163.58 10=31.07 25=88.58 50=142.59 75=207.36 90=284.67 95=338.69 99=499.97 99.9=1502.21 99.99=17694.72]
2025-04-21 14:38:35 90 sec: 417757 operations; [READ: Count=209369 Max=8503.30 Min=2.38 Avg=146.75 10=17.63 25=77.18 50=130.18 75=193.92 90=271.36 95=324.61 99=466.18 99.9=1335.30 99.99=2061.31] [UPDATE: Count=208388 Max=46170.11 Min=7.78 Avg=161.62 10=29.82 25=87.49 50=140.54 75=205.06 90=282.62 95=336.64 99=495.87 99.9=1490.94 99.99=17154.05]
2025-04-21 14:38:36 91 sec: 430120 operations; [READ: Count=215641 Max=8503.30 Min=2.38 Avg=144.67 10=16.67 25=75.78 50=127.61 75=191.49 90=269.06 95=322.05 99=461.06 99.9=1317.89 99.99=2054.14] [UPDATE: Count=214479 Max=46170.11 Min=7.78 Avg=159.43 10=28.59 25=86.08 50=138.11 75=202.62 90=280.06 95=334.59 99=490.75 99.9=1481.73 99.99=17154.05]
2025-04-21 14:38:37 92 sec: 441734 operations; [READ: Count=221448 Max=8503.30 Min=2.38 Avg=142.85 10=16.02 25=74.62 50=125.44 75=189.31 90=267.01 95=320.25 99=458.50 99.9=1313.79 99.99=2061.31] [UPDATE: Count=220286 Max=46170.11 Min=7.78 Avg=157.73 10=27.68 25=84.80 50=135.81 75=200.32 90=278.27 95=332.29 99=488.19 99.9=1479.68 99.99=17694.72]
2025-04-21 14:38:38 93 sec: 456284 operations; [READ: Count=228697 Max=8503.30 Min=2.27 Avg=140.30 10=15.39 25=72.89 50=121.92 75=186.50 90=264.45 95=317.95 99=454.40 99.9=1302.53 99.99=2054.14] [UPDATE: Count=227587 Max=46170.11 Min=7.78 Avg=155.01 10=26.73 25=82.88 50=132.48 75=197.76 90=275.71 95=329.73 99=483.84 99.9=1463.30 99.99=17154.05]
2025-04-21 14:38:39 94 sec: 478290 operations; [READ: Count=239638 Max=8503.30 Min=2.27 Avg=135.72 10=14.41 25=68.42 50=116.03 75=182.40 90=260.48 95=314.37 99=449.02 99.9=1286.14 99.99=2022.40] [UPDATE: Count=238652 Max=46170.11 Min=7.62 Avg=150.10 10=25.47 25=78.08 50=126.66 75=193.53 90=271.87 95=326.14 99=478.46 99.9=1449.98 99.99=16482.30]
2025-04-21 14:38:40 95 sec: 500987 operations; [READ: Count=250936 Max=8503.30 Min=2.27 Avg=131.34 10=13.57 25=62.91 50=110.14 75=178.43 90=256.64 95=310.78 99=444.16 99.9=1256.45 99.99=2008.06] [UPDATE: Count=250051 Max=46170.11 Min=7.62 Avg=145.43 10=24.27 25=72.32 50=120.83 75=189.57 90=268.03 95=322.56 99=472.83 99.9=1426.43 99.99=14966.78]
2025-04-21 14:38:41 96 sec: 523966 operations; [READ: Count=262343 Max=8503.30 Min=2.27 Avg=127.28 10=12.84 25=56.83 50=104.19 75=174.59 90=252.80 95=307.71 99=439.81 99.9=1238.02 99.99=1991.68] [UPDATE: Count=261623 Max=46170.11 Min=7.62 Avg=141.09 10=23.23 25=65.50 50=115.07 75=185.73 90=264.45 95=319.49 99=468.48 99.9=1413.12 99.99=14426.11]
2025-04-21 14:38:42 97 sec: 545034 operations; [READ: Count=272736 Max=8503.30 Min=2.27 Avg=124.06 10=12.23 25=51.68 50=99.26 75=171.39 90=249.98 95=305.66 99=439.04 99.9=1208.32 99.99=1987.58] [UPDATE: Count=272298 Max=46170.11 Min=7.62 Avg=137.54 10=22.40 25=59.77 50=110.14 75=182.27 90=261.50 95=316.93 99=466.18 99.9=1393.66 99.99=13860.86]
2025-04-21 14:38:43 98 sec: 565412 operations; [READ: Count=282974 Max=8503.30 Min=2.27 Avg=121.09 10=11.76 25=46.37 50=95.04 75=168.32 90=247.17 95=303.10 99=438.01 99.9=1189.89 99.99=1978.37] [UPDATE: Count=282438 Max=46170.11 Min=7.62 Avg=134.55 10=21.70 25=55.17 50=105.98 75=179.20 90=258.81 95=314.62 99=464.89 99.9=1371.13 99.99=13860.86]
2025-04-21 14:38:44 99 sec: 588529 operations; [READ: Count=294501 Max=8503.30 Min=2.27 Avg=117.84 10=11.31 25=43.45 50=90.81 75=164.74 90=243.84 95=300.03 99=434.18 99.9=1168.38 99.99=1974.27] [UPDATE: Count=294028 Max=46170.11 Min=7.50 Avg=131.09 10=20.96 25=51.90 50=101.63 75=175.74 90=255.49 95=311.55 99=460.29 99.9=1346.56 99.99=13533.18]
2025-04-21 14:38:45 100 sec: 610137 operations; [READ: Count=305359 Max=8503.30 Min=2.27 Avg=115.08 10=11.00 25=42.30 50=87.49 75=161.66 90=240.90 95=297.47 99=430.33 99.9=1155.07 99.99=1963.01] [UPDATE: Count=304778 Max=46170.11 Min=7.50 Avg=128.24 10=20.46 25=50.62 50=98.17 75=172.67 90=252.54 95=308.74 99=456.19 99.9=1324.03 99.99=12034.05]
2025-04-21 14:38:46 101 sec: 627991 operations; [READ: Count=314297 Max=8503.30 Min=2.27 Avg=113.21 10=10.77 25=41.57 50=84.86 75=159.36 90=238.85 95=295.94 99=430.33 99.9=1163.26 99.99=1974.27] [UPDATE: Count=313694 Max=46170.11 Min=7.50 Avg=126.32 10=20.11 25=49.70 50=95.55 75=170.50 90=250.62 95=307.45 99=457.47 99.9=1324.03 99.99=8200.19]
2025-04-21 14:38:47 102 sec: 648447 operations; [READ: Count=324518 Max=8503.30 Min=2.27 Avg=110.99 10=10.52 25=40.90 50=82.05 75=156.67 90=236.41 95=293.63 99=428.29 99.9=1162.24 99.99=1965.06] [UPDATE: Count=323929 Max=46170.11 Min=7.50 Avg=124.02 10=19.66 25=48.80 50=92.80 75=167.68 90=248.19 95=305.15 99=455.17 99.9=1324.03 99.99=8200.19]
2025-04-21 14:38:48 103 sec: 670495 operations; [READ: Count=335573 Max=8503.30 Min=2.27 Avg=108.65 10=10.28 25=40.29 50=79.36 75=153.73 90=233.60 95=291.07 99=425.73 99.9=1150.97 99.99=1959.93] [UPDATE: Count=334922 Max=46170.11 Min=7.50 Avg=121.56 10=19.25 25=48.06 50=89.98 75=164.74 90=245.38 95=302.85 99=451.07 99.9=1306.62 99.99=7450.62]
2025-04-21 14:38:49 104 sec: 692132 operations; [READ: Count=346377 Max=8503.30 Min=2.27 Avg=106.52 10=10.10 25=39.84 50=76.80 75=150.91 90=231.04 95=288.77 99=422.65 99.9=1134.59 99.99=1955.84] [UPDATE: Count=345755 Max=46170.11 Min=7.50 Avg=119.32 10=18.96 25=47.52 50=87.30 75=161.79 90=242.56 95=300.03 99=448.00 99.9=1291.26 99.99=6463.49]
2025-04-21 14:38:50 105 sec: 713800 operations; [READ: Count=357157 Max=8503.30 Min=2.27 Avg=104.52 10=9.92 25=39.49 50=74.43 75=148.09 90=228.35 95=286.46 99=419.58 99.9=1119.23 99.99=1950.72] [UPDATE: Count=356643 Max=46170.11 Min=7.50 Avg=117.21 10=18.70 25=47.10 50=84.73 75=158.97 90=239.87 95=297.98 99=443.90 99.9=1277.95 99.99=6406.14]
2025-04-21 14:38:51 106 sec: 732498 operations; [READ: Count=366585 Max=8503.30 Min=2.27 Avg=103.04 10=9.79 25=39.17 50=72.38 75=145.79 90=226.30 95=284.93 99=419.33 99.9=1124.35 99.99=1947.65] [UPDATE: Count=365913 Max=46170.11 Min=7.50 Avg=115.71 10=18.48 25=46.72 50=82.56 75=156.80 90=238.21 95=296.45 99=444.42 99.9=1283.07 99.99=6397.95]
2025-04-21 14:38:52 107 sec: 746144 operations; [READ: Count=373438 Max=8503.30 Min=2.27 Avg=102.33 10=9.72 25=39.01 50=70.91 75=144.38 90=225.28 95=284.16 99=423.17 99.9=1164.29 99.99=1955.84] [UPDATE: Count=372706 Max=46170.11 Min=7.50 Avg=115.07 10=18.38 25=46.49 50=81.15 75=155.26 90=237.06 95=295.94 99=449.54 99.9=1297.41 99.99=6463.49]
2025-04-21 14:38:53 108 sec: 767790 operations; [READ: Count=384260 Max=8503.30 Min=2.27 Avg=100.59 10=9.60 25=38.75 50=68.54 75=141.69 90=222.85 95=282.11 99=420.10 99.9=1154.05 99.99=1950.72] [UPDATE: Count=383530 Max=46170.11 Min=7.50 Avg=113.23 10=18.18 25=46.14 50=78.59 75=152.70 90=234.75 95=293.63 99=446.21 99.9=1288.19 99.99=6406.14]
2025-04-21 14:38:54 109 sec: 790097 operations; [READ: Count=395540 Max=8503.30 Min=2.27 Avg=98.85 10=9.46 25=38.46 50=65.98 75=139.01 90=220.41 95=279.81 99=417.02 99.9=1145.86 99.99=1915.90] [UPDATE: Count=394557 Max=46170.11 Min=7.50 Avg=111.42 10=17.93 25=45.76 50=76.03 75=150.01 90=232.32 95=291.58 99=442.11 99.9=1277.95 99.99=6397.95]
2025-04-21 14:38:55 110 sec: 809272 operations; [READ: Count=405158 Max=8503.30 Min=2.27 Avg=97.60 10=9.41 25=38.34 50=63.81 75=136.57 90=218.37 95=277.76 99=414.98 99.9=1131.52 99.99=1914.88] [UPDATE: Count=404114 Max=46170.11 Min=7.50 Avg=110.12 10=17.87 25=45.60 50=73.92 75=147.71 90=230.40 95=289.79 99=439.30 99.9=1272.83 99.99=6303.74]
2025-04-21 14:38:56 111 sec: 827657 operations; [READ: Count=414256 Max=8503.30 Min=2.27 Avg=96.50 10=9.41 25=38.24 50=62.02 75=134.53 90=216.57 95=276.22 99=412.93 99.9=1124.35 99.99=1914.88] [UPDATE: Count=413401 Max=46170.11 Min=7.50 Avg=108.96 10=17.86 25=45.47 50=72.06 75=145.53 90=228.74 95=288.25 99=436.74 99.9=1254.40 99.99=6021.12]
2025-04-21 14:38:57 112 sec: 841229 operations; [READ: Count=421096 Max=8503.30 Min=2.27 Avg=96.00 10=9.38 25=38.11 50=60.64 75=133.25 90=215.68 95=275.97 99=416.77 99.9=1126.40 99.99=1914.88] [UPDATE: Count=420133 Max=46170.11 Min=7.50 Avg=108.50 10=17.81 25=45.34 50=70.66 75=144.25 90=227.97 95=288.25 99=443.13 99.9=1261.57 99.99=6021.12]
2025-04-21 14:38:58 113 sec: 857733 operations; [READ: Count=429236 Max=8503.30 Min=2.27 Avg=95.21 10=9.37 25=37.98 50=59.49 75=131.46 90=214.40 95=274.94 99=417.79 99.9=1124.35 99.99=1913.86] [UPDATE: Count=428497 Max=46170.11 Min=7.50 Avg=107.64 10=17.77 25=45.15 50=69.38 75=142.59 90=226.56 95=287.23 99=444.42 99.9=1253.38 99.99=6021.12]
2025-04-21 14:38:59 114 sec: 876371 operations; [READ: Count=438555 Max=8503.30 Min=2.27 Avg=94.19 10=9.36 25=37.85 50=58.66 75=129.47 90=212.61 95=273.15 99=415.49 99.9=1115.13 99.99=1913.86] [UPDATE: Count=437816 Max=46170.11 Min=7.50 Avg=106.59 10=17.76 25=44.99 50=68.42 75=140.54 90=224.77 95=285.44 99=441.09 99.9=1240.06 99.99=5951.49]
2025-04-21 14:39:00 115 sec: 895024 operations; [READ: Count=447782 Max=8503.30 Min=2.27 Avg=93.21 10=9.34 25=37.73 50=57.92 75=127.49 90=210.69 95=271.62 99=413.69 99.9=1111.04 99.99=1911.81] [UPDATE: Count=447242 Max=46170.11 Min=7.50 Avg=105.57 10=17.76 25=44.80 50=67.58 75=138.50 90=223.23 95=283.90 99=438.78 99.9=1233.92 99.99=5275.65]
2025-04-21 14:39:01 116 sec: 914153 operations; [READ: Count=457239 Max=8503.30 Min=2.27 Avg=92.22 10=9.36 25=37.57 50=57.18 75=125.57 90=208.90 95=270.08 99=411.65 99.9=1104.89 99.99=1886.21] [UPDATE: Count=456914 Max=46170.11 Min=7.50 Avg=104.54 10=17.77 25=44.61 50=66.69 75=136.57 90=221.44 95=282.37 99=436.48 99.9=1222.65 99.99=5144.57]
2025-04-21 14:39:02 117 sec: 932830 operations; [READ: Count=466585 Max=8503.30 Min=2.27 Avg=91.30 10=9.41 25=37.41 50=56.54 75=123.78 90=207.36 95=268.54 99=409.86 99.9=1098.75 99.99=1884.16] [UPDATE: Count=466245 Max=46170.11 Min=7.16 Avg=103.62 10=17.79 25=44.38 50=65.92 75=134.78 90=219.90 95=281.09 99=434.94 99.9=1216.51 99.99=5083.14]
2025-04-21 14:39:03 118 sec: 945608 operations; [READ: Count=473056 Max=8503.30 Min=2.27 Avg=91.01 10=9.43 25=37.25 50=55.87 75=122.75 90=206.85 95=268.80 99=416.00 99.9=1100.80 99.99=1886.21] [UPDATE: Count=472552 Max=46170.11 Min=7.16 Avg=103.37 10=17.77 25=44.26 50=65.22 75=133.76 90=219.52 95=281.09 99=442.62 99.9=1218.56 99.99=5951.49]
2025-04-21 14:39:04 119 sec: 968688 operations; [READ: Count=484591 Max=8503.30 Min=2.14 Avg=89.72 10=9.45 25=37.02 50=54.56 75=120.32 90=204.80 95=266.75 99=413.69 99.9=1088.51 99.99=1884.16] [UPDATE: Count=484097 Max=46170.11 Min=7.16 Avg=102.05 10=17.74 25=43.94 50=63.74 75=131.46 90=217.60 95=279.55 99=439.81 99.9=1211.39 99.99=5275.65]
2025-04-21 14:39:05 120 sec: 992564 operations; [READ: Count=496400 Max=8503.30 Min=2.14 Avg=88.43 10=9.46 25=36.73 50=53.25 75=117.95 90=202.75 95=264.70 99=411.13 99.9=1080.32 99.99=1880.06] [UPDATE: Count=496164 Max=46170.11 Min=6.74 Avg=100.69 10=17.70 25=43.58 50=62.37 75=128.90 90=215.55 95=277.50 99=437.50 99.9=1199.10 99.99=5083.14]
2025-04-21 14:39:06 121 sec: 1000000 operations; [READ: Count=500141 Max=8503.30 Min=2.14 Avg=88.02 10=9.44 25=36.61 50=52.83 75=117.25 90=202.11 95=264.19 99=410.37 99.9=1078.27 99.99=1880.06] [UPDATE: Count=499859 Max=46170.11 Min=6.74 Avg=100.25 10=17.66 25=43.45 50=61.95 75=128.25 90=214.78 95=276.99 99=436.48 99.9=1198.08 99.99=5083.14]
2025-04-21 14:39:07 122 sec: 1000000 operations; [READ: Count=500141 Max=8503.30 Min=2.14 Avg=88.02 10=9.44 25=36.61 50=52.83 75=117.25 90=202.11 95=264.19 99=410.37 99.9=1078.27 99.99=1880.06] [UPDATE: Count=499859 Max=46170.11 Min=6.74 Avg=100.25 10=17.66 25=43.45 50=61.95 75=128.25 90=214.78 95=276.99 99=436.48 99.9=1198.08 99.99=5083.14]
2025-04-21 14:39:08 123 sec: 1000000 operations; [READ: Count=500141 Max=8503.30 Min=2.14 Avg=88.02 10=9.44 25=36.61 50=52.83 75=117.25 90=202.11 95=264.19 99=410.37 99.9=1078.27 99.99=1880.06] [UPDATE: Count=499859 Max=46170.11 Min=6.74 Avg=100.25 10=17.66 25=43.45 50=61.95 75=128.25 90=214.78 95=276.99 99=436.48 99.9=1198.08 99.99=5083.14]
2025-04-21 14:39:09 124 sec: 1000000 operations; [READ: Count=500141 Max=8503.30 Min=2.14 Avg=88.02 10=9.44 25=36.61 50=52.83 75=117.25 90=202.11 95=264.19 99=410.37 99.9=1078.27 99.99=1880.06] [UPDATE: Count=499859 Max=46170.11 Min=6.74 Avg=100.25 10=17.66 25=43.45 50=61.95 75=128.25 90=214.78 95=276.99 99=436.48 99.9=1198.08 99.99=5083.14]
2025-04-21 14:39:10 125 sec: 1000000 operations; [READ: Count=500141 Max=8503.30 Min=2.14 Avg=88.02 10=9.44 25=36.61 50=52.83 75=117.25 90=202.11 95=264.19 99=410.37 99.9=1078.27 99.99=1880.06] [UPDATE: Count=499859 Max=46170.11 Min=6.74 Avg=100.25 10=17.66 25=43.45 50=61.95 75=128.25 90=214.78 95=276.99 99=436.48 99.9=1198.08 99.99=5083.14]
2025-04-21 14:39:11 126 sec: 1000000 operations; [READ: Count=500141 Max=8503.30 Min=2.14 Avg=88.02 10=9.44 25=36.61 50=52.83 75=117.25 90=202.11 95=264.19 99=410.37 99.9=1078.27 99.99=1880.06] [UPDATE: Count=499859 Max=46170.11 Min=6.74 Avg=100.25 10=17.66 25=43.45 50=61.95 75=128.25 90=214.78 95=276.99 99=436.48 99.9=1198.08 99.99=5083.14]
2025-04-21 14:39:11 126 sec: 1000000 operations; [READ: Count=500141 Max=8503.30 Min=2.14 Avg=88.02 10=9.44 25=36.61 50=52.83 75=117.25 90=202.11 95=264.19 99=410.37 99.9=1078.27 99.99=1880.06] [UPDATE: Count=499859 Max=46170.11 Min=6.74 Avg=100.25 10=17.66 25=43.45 50=61.95 75=128.25 90=214.78 95=276.99 99=436.48 99.9=1198.08 99.99=5083.14]
Run runtime(sec): 126.175
Run operations(ops): 1000000
Run throughput(ops/sec): 7925.5
