Running scope as unit: run-r80227f91399e4cbea0091c6f9271b062.scope
load file:/home/user/DataFiles/silesia_data/silesia.tar
2025-04-21 14:37:05 0 sec: 0 operations;
2025-04-21 14:37:06 1 sec: 0 operations;
2025-04-21 14:37:07 2 sec: 0 operations;
2025-04-21 14:37:08 3 sec: 0 operations;
2025-04-21 14:37:09 4 sec: 0 operations;
2025-04-21 14:37:10 5 sec: 0 operations;
2025-04-21 14:37:11 6 sec: 0 operations;
2025-04-21 14:37:12 7 sec: 0 operations;
2025-04-21 14:37:13 8 sec: 0 operations;
2025-04-21 14:37:14 9 sec: 0 operations;
2025-04-21 14:37:15 10 sec: 0 operations;
2025-04-21 14:37:16 11 sec: 0 operations;
2025-04-21 14:37:17 12 sec: 0 operations;
2025-04-21 14:37:18 13 sec: 0 operations;
2025-04-21 14:37:19 14 sec: 0 operations;
2025-04-21 14:37:20 15 sec: 0 operations;
2025-04-21 14:37:21 16 sec: 0 operations;
2025-04-21 14:37:22 17 sec: 0 operations;
2025-04-21 14:37:23 18 sec: 0 operations;
2025-04-21 14:37:24 19 sec: 0 operations;
2025-04-21 14:37:25 20 sec: 0 operations;
2025-04-21 14:37:26 21 sec: 0 operations;
2025-04-21 14:37:27 22 sec: 0 operations;
2025-04-21 14:37:28 23 sec: 0 operations;
2025-04-21 14:37:29 24 sec: 0 operations;
2025-04-21 14:37:30 25 sec: 301 operations; [READ: Count=145 Max=4829.18 Min=28.69 Avg=315.23 10=72.51 25=113.34 50=160.77 75=317.44 90=808.45 95=935.42 99=1548.29 99.9=4829.18 99.99=4829.18] [UPDATE: Count=156 Max=5738.49 Min=45.06 Avg=370.17 10=80.45 25=113.79 50=153.22 75=299.01 90=713.22 95=983.04 99=3700.74 99.9=5738.49 99.99=5738.49]
2025-04-21 14:37:31 26 sec: 4259 operations; [READ: Count=2094 Max=4829.18 Min=6.18 Avg=248.95 10=91.78 25=133.63 50=196.86 75=290.05 90=425.98 95=579.07 99=1154.05 99.9=2279.42 99.99=4829.18] [UPDATE: Count=2165 Max=7405.57 Min=8.70 Avg=266.62 10=96.25 25=137.09 50=201.73 75=298.24 90=445.69 95=638.46 99=1141.76 99.9=4710.40 99.99=7405.57]
2025-04-21 14:37:32 27 sec: 8737 operations; [READ: Count=4341 Max=4829.18 Min=5.50 Avg=232.52 10=85.38 25=134.40 50=200.83 75=289.02 90=385.79 95=463.10 99=898.56 99.9=1973.25 99.99=4829.18] [UPDATE: Count=4396 Max=7405.57 Min=8.09 Avg=246.82 10=94.21 25=142.08 50=207.87 75=298.50 90=395.52 95=489.47 99=857.09 99.9=3985.41 99.99=7405.57]
2025-04-21 14:37:33 28 sec: 13226 operations; [READ: Count=6610 Max=4829.18 Min=3.14 Avg=228.43 10=85.06 25=135.68 50=203.01 75=290.81 90=377.34 95=442.88 99=780.29 99.9=1548.29 99.99=2476.03] [UPDATE: Count=6616 Max=7405.57 Min=8.09 Avg=238.82 10=91.97 25=142.59 50=207.87 75=298.24 90=385.79 95=456.96 99=759.81 99.9=2914.30 99.99=6422.53]
2025-04-21 14:37:34 29 sec: 17789 operations; [READ: Count=8866 Max=4829.18 Min=2.90 Avg=225.07 10=83.07 25=135.55 50=202.37 75=289.28 90=373.76 95=435.20 99=674.30 99.9=1490.94 99.99=2476.03] [UPDATE: Count=8923 Max=7405.57 Min=8.09 Avg=234.24 10=89.22 25=142.08 50=207.62 75=297.98 90=381.95 95=445.69 99=691.20 99.9=1734.65 99.99=6422.53]
2025-04-21 14:37:35 30 sec: 22347 operations; [READ: Count=11160 Max=4829.18 Min=2.90 Avg=222.56 10=82.05 25=135.94 50=202.11 75=287.49 90=371.20 95=429.57 99=616.45 99.9=1440.77 99.99=2476.03] [UPDATE: Count=11187 Max=7405.57 Min=8.09 Avg=232.13 10=88.70 25=142.46 50=208.00 75=297.73 90=379.13 95=440.32 99=647.68 99.9=1674.24 99.99=6422.53]
2025-04-21 14:37:36 31 sec: 26730 operations; [READ: Count=13396 Max=4829.18 Min=2.78 Avg=221.48 10=81.73 25=135.55 50=201.34 75=286.98 90=369.41 95=427.77 99=616.96 99.9=1422.34 99.99=2476.03] [UPDATE: Count=13334 Max=24346.62 Min=8.09 Avg=233.18 10=88.25 25=142.46 50=207.62 75=297.73 90=379.65 95=441.09 99=654.34 99.9=1662.97 99.99=7405.57]
2025-04-21 14:37:37 32 sec: 30435 operations; [READ: Count=15245 Max=4829.18 Min=2.78 Avg=226.67 10=80.06 25=134.27 50=199.55 75=287.49 90=378.88 95=450.81 99=845.31 99.9=1327.10 99.99=2279.42] [UPDATE: Count=15190 Max=24346.62 Min=8.09 Avg=238.14 10=86.72 25=141.18 50=206.08 75=297.21 90=385.02 95=460.03 99=841.73 99.9=1662.97 99.99=7405.57]
2025-04-21 14:37:38 33 sec: 35101 operations; [READ: Count=17558 Max=4829.18 Min=2.78 Avg=224.81 10=79.61 25=133.89 50=200.19 75=287.49 90=374.53 95=442.62 99=819.20 99.9=1257.47 99.99=2279.42] [UPDATE: Count=17543 Max=24346.62 Min=6.97 Avg=234.90 10=85.31 25=140.03 50=205.69 75=296.19 90=381.44 95=453.38 99=808.45 99.9=1591.30 99.99=7405.57]
2025-04-21 14:37:39 34 sec: 39971 operations; [READ: Count=19941 Max=4829.18 Min=2.78 Avg=221.80 10=78.40 25=133.25 50=198.27 75=284.67 90=369.92 95=435.20 99=785.41 99.9=1234.94 99.99=2279.42] [UPDATE: Count=20030 Max=24346.62 Min=6.97 Avg=231.66 10=84.29 25=138.62 50=204.16 75=293.89 90=377.86 95=446.72 99=781.82 99.9=1591.30 99.99=7405.57]
2025-04-21 14:37:40 35 sec: 44719 operations; [READ: Count=22322 Max=4829.18 Min=2.78 Avg=219.60 10=76.67 25=131.97 50=196.61 75=283.13 90=367.87 95=432.89 99=756.74 99.9=1230.85 99.99=2476.03] [UPDATE: Count=22397 Max=24346.62 Min=6.97 Avg=230.14 10=83.71 25=137.98 50=202.88 75=292.10 90=376.57 95=445.44 99=764.41 99.9=1594.37 99.99=7405.57]
2025-04-21 14:37:41 36 sec: 48935 operations; [READ: Count=24458 Max=4829.18 Min=2.61 Avg=219.99 10=76.03 25=131.20 50=195.84 75=281.86 90=367.36 95=432.38 99=782.34 99.9=1637.38 99.99=2811.90] [UPDATE: Count=24477 Max=28475.39 Min=6.97 Avg=231.73 10=83.52 25=137.73 50=202.24 75=291.07 90=376.32 95=444.67 99=794.62 99.9=1890.30 99.99=17809.41]
2025-04-21 14:37:42 37 sec: 53547 operations; [READ: Count=26765 Max=4829.18 Min=2.61 Avg=218.24 10=75.20 25=130.18 50=194.56 75=280.32 90=364.03 95=427.52 99=765.44 99.9=1656.83 99.99=2811.90] [UPDATE: Count=26782 Max=28475.39 Min=6.97 Avg=231.70 10=83.58 25=137.85 50=201.73 75=289.28 90=374.27 95=440.32 99=804.35 99.9=2109.44 99.99=9445.38]
2025-04-21 14:37:43 38 sec: 58628 operations; [READ: Count=29240 Max=4829.18 Min=2.61 Avg=215.95 10=74.81 25=129.60 50=193.53 75=277.76 90=359.94 95=420.86 99=737.79 99.9=1637.38 99.99=2811.90] [UPDATE: Count=29388 Max=28475.39 Min=6.97 Avg=228.84 10=83.14 25=137.34 50=200.70 75=286.98 90=370.43 95=433.41 99=769.53 99.9=2044.93 99.99=9445.38]
2025-04-21 14:37:44 39 sec: 63673 operations; [READ: Count=31799 Max=4829.18 Min=2.61 Avg=214.03 10=74.30 25=129.34 50=192.77 75=275.71 90=356.86 95=415.74 99=713.22 99.9=1548.29 99.99=2811.90] [UPDATE: Count=31874 Max=28475.39 Min=6.97 Avg=226.74 10=82.69 25=136.96 50=199.81 75=285.18 90=367.36 95=428.29 99=740.86 99.9=1937.41 99.99=9445.38]
2025-04-21 14:37:45 40 sec: 68812 operations; [READ: Count=34405 Max=4829.18 Min=2.61 Avg=212.12 10=74.05 25=128.90 50=191.62 75=273.92 90=353.54 95=411.65 99=680.45 99.9=1534.97 99.99=2811.90] [UPDATE: Count=34407 Max=28475.39 Min=6.97 Avg=224.61 10=82.05 25=136.45 50=199.04 75=283.65 90=364.54 95=423.42 99=718.85 99.9=1922.05 99.99=9445.38]
2025-04-21 14:37:46 41 sec: 74013 operations; [READ: Count=37022 Max=4829.18 Min=2.61 Avg=210.22 10=73.47 25=128.25 50=190.21 75=271.87 90=350.72 95=408.06 99=660.99 99.9=1504.26 99.99=2734.08] [UPDATE: Count=36991 Max=28475.39 Min=6.97 Avg=222.68 10=81.60 25=136.06 50=198.14 75=281.86 90=362.50 95=418.81 99=696.83 99.9=1864.70 99.99=7557.12]
2025-04-21 14:37:47 42 sec: 78239 operations; [READ: Count=39113 Max=4829.18 Min=2.61 Avg=210.89 10=72.70 25=127.36 50=188.67 75=270.33 90=350.21 95=409.60 99=738.30 99.9=1656.83 99.99=2734.08] [UPDATE: Count=39126 Max=28475.39 Min=6.97 Avg=224.04 10=81.02 25=135.04 50=196.48 75=280.32 90=361.98 95=420.61 99=788.48 99.9=1890.30 99.99=9445.38]
2025-04-21 14:37:48 43 sec: 83315 operations; [READ: Count=41608 Max=4829.18 Min=2.61 Avg=209.61 10=72.32 25=127.04 50=188.16 75=269.06 90=348.16 95=406.78 99=728.06 99.9=1625.09 99.99=2734.08] [UPDATE: Count=41707 Max=28475.39 Min=6.97 Avg=222.66 10=80.58 25=134.66 50=195.84 75=279.30 90=360.19 95=418.05 99=774.65 99.9=1883.13 99.99=9445.38]
2025-04-21 14:37:49 44 sec: 88493 operations; [READ: Count=44187 Max=4829.18 Min=2.61 Avg=208.15 10=71.87 25=126.59 50=187.39 75=267.52 90=346.37 95=404.22 99=706.05 99.9=1610.75 99.99=2715.65] [UPDATE: Count=44306 Max=28475.39 Min=6.97 Avg=221.27 10=80.06 25=134.27 50=195.46 75=278.27 90=358.91 95=416.00 99=750.08 99.9=1856.51 99.99=9445.38]
2025-04-21 14:37:50 45 sec: 93670 operations; [READ: Count=46764 Max=4829.18 Min=2.61 Avg=206.91 10=71.81 25=126.27 50=186.62 75=266.50 90=344.57 95=401.41 99=679.42 99.9=1571.84 99.99=2715.65] [UPDATE: Count=46906 Max=28475.39 Min=6.97 Avg=220.01 10=79.68 25=134.01 50=195.33 75=277.50 90=357.38 95=413.44 99=728.06 99.9=1754.11 99.99=7557.12]
2025-04-21 14:37:51 46 sec: 98797 operations; [READ: Count=49283 Max=4829.18 Min=2.61 Avg=205.85 10=71.23 25=125.82 50=185.85 75=265.98 90=343.04 95=398.85 99=664.06 99.9=1558.53 99.99=2734.08] [UPDATE: Count=49514 Max=28475.39 Min=6.97 Avg=219.02 10=79.23 25=133.63 50=194.81 75=276.74 90=356.61 95=411.90 99=713.22 99.9=1754.11 99.99=8044.54]
2025-04-21 14:37:52 47 sec: 103155 operations; [READ: Count=51430 Max=7909.38 Min=2.61 Avg=206.07 10=70.66 25=125.31 50=185.22 75=265.21 90=342.53 95=398.85 99=683.52 99.9=1680.38 99.99=3155.97] [UPDATE: Count=51725 Max=39157.76 Min=6.97 Avg=220.12 10=79.04 25=133.38 50=194.05 75=275.71 90=355.84 95=411.65 99=733.70 99.9=1922.05 99.99=17809.41]
2025-04-21 14:37:53 48 sec: 108017 operations; [READ: Count=53843 Max=7909.38 Min=2.61 Avg=205.67 10=70.59 25=125.18 50=185.34 75=264.96 90=342.27 95=398.08 99=670.72 99.9=1637.38 99.99=3155.97] [UPDATE: Count=54174 Max=39157.76 Min=6.97 Avg=219.76 10=78.97 25=133.50 50=194.18 75=275.71 90=355.58 95=410.62 99=721.92 99.9=1922.05 99.99=17809.41]
2025-04-21 14:37:54 49 sec: 112845 operations; [READ: Count=56220 Max=7909.38 Min=2.61 Avg=205.58 10=70.66 25=125.44 50=185.85 75=265.21 90=342.01 95=397.57 99=657.41 99.9=1617.92 99.99=2811.90] [UPDATE: Count=56625 Max=39157.76 Min=6.97 Avg=219.26 10=78.97 25=133.63 50=194.30 75=275.71 90=355.33 95=409.86 99=709.12 99.9=1907.71 99.99=9445.38]
2025-04-21 14:37:55 50 sec: 118086 operations; [READ: Count=58898 Max=7909.38 Min=2.61 Avg=204.61 10=70.40 25=124.80 50=185.09 75=264.45 90=341.25 95=396.54 99=637.95 99.9=1580.03 99.99=2811.90] [UPDATE: Count=59188 Max=39157.76 Min=6.97 Avg=218.23 10=78.72 25=132.86 50=193.79 75=275.20 90=354.30 95=408.83 99=694.27 99.9=1890.30 99.99=9445.38]
2025-04-21 14:37:56 51 sec: 125025 operations; [READ: Count=62368 Max=7909.38 Min=2.61 Avg=200.87 10=69.12 25=121.15 50=181.38 75=260.74 90=337.92 95=392.96 99=617.98 99.9=1558.53 99.99=2811.90] [UPDATE: Count=62657 Max=39157.76 Min=6.97 Avg=214.38 10=77.18 25=129.15 50=189.69 75=271.62 90=350.72 95=405.25 99=674.82 99.9=1866.75 99.99=9445.38]
2025-04-21 14:37:57 52 sec: 132161 operations; [READ: Count=65901 Max=7909.38 Min=2.61 Avg=197.39 10=67.65 25=117.18 50=177.79 75=257.15 90=334.59 95=388.86 99=603.13 99.9=1544.19 99.99=2791.42] [UPDATE: Count=66260 Max=39157.76 Min=6.97 Avg=210.44 10=75.65 25=124.93 50=185.73 75=267.77 90=347.39 95=400.89 99=660.48 99.9=1845.25 99.99=8044.54]
2025-04-21 14:37:58 53 sec: 138166 operations; [READ: Count=68836 Max=7909.38 Min=2.61 Avg=195.49 10=66.69 25=113.86 50=174.72 75=254.59 90=332.80 95=387.33 99=620.03 99.9=1610.75 99.99=2791.42] [UPDATE: Count=69330 Max=39157.76 Min=6.97 Avg=208.99 10=74.75 25=121.09 50=182.66 75=264.70 90=345.34 95=399.87 99=694.27 99.9=1874.94 99.99=9445.38]
2025-04-21 14:37:59 54 sec: 145111 operations; [READ: Count=72265 Max=7909.38 Min=2.61 Avg=192.69 10=66.05 25=110.66 50=172.03 75=251.52 90=329.73 95=383.49 99=603.65 99.9=1580.03 99.99=2791.42] [UPDATE: Count=72846 Max=39157.76 Min=6.97 Avg=206.10 10=74.24 25=117.95 50=180.09 75=261.63 90=342.53 95=396.80 99=673.79 99.9=1845.25 99.99=9445.38]
2025-04-21 14:38:00 55 sec: 152143 operations; [READ: Count=75836 Max=7909.38 Min=2.61 Avg=190.02 10=65.44 25=107.26 50=169.22 75=248.45 90=326.65 95=380.67 99=593.41 99.9=1549.31 99.99=2734.08] [UPDATE: Count=76307 Max=39157.76 Min=6.97 Avg=203.39 10=73.73 25=115.07 50=177.53 75=258.81 90=339.71 95=394.24 99=654.34 99.9=1818.62 99.99=8650.75]
2025-04-21 14:38:01 56 sec: 159136 operations; [READ: Count=79347 Max=7909.38 Min=2.61 Avg=187.68 10=65.02 25=104.64 50=167.17 75=245.89 90=324.10 95=377.86 99=578.05 99.9=1546.24 99.99=2734.08] [UPDATE: Count=79789 Max=39157.76 Min=6.97 Avg=200.91 10=73.22 25=112.32 50=175.10 75=256.13 90=336.89 95=391.17 99=638.46 99.9=1775.62 99.99=8650.75]
2025-04-21 14:38:02 57 sec: 166097 operations; [READ: Count=82930 Max=7909.38 Min=2.61 Avg=185.48 10=64.58 25=101.89 50=164.86 75=243.20 90=321.54 95=374.78 99=569.34 99.9=1526.78 99.99=2734.08] [UPDATE: Count=83167 Max=39157.76 Min=6.97 Avg=198.78 10=72.83 25=110.14 50=173.31 75=253.69 90=334.59 95=388.61 99=624.64 99.9=1736.70 99.99=8650.75]
2025-04-21 14:38:03 58 sec: 172567 operations; [READ: Count=86144 Max=7909.38 Min=2.61 Avg=184.01 10=63.97 25=99.45 50=162.56 75=240.90 90=319.74 95=373.50 99=576.51 99.9=1548.29 99.99=2719.74] [UPDATE: Count=86423 Max=39157.76 Min=6.97 Avg=197.33 10=72.13 25=107.71 50=171.13 75=251.26 90=332.54 95=387.07 99=636.93 99.9=1790.97 99.99=8650.75]
2025-04-21 14:38:04 59 sec: 179692 operations; [READ: Count=89642 Max=7909.38 Min=2.61 Avg=182.04 10=63.52 25=97.22 50=160.77 75=238.72 90=317.69 95=371.45 99=567.81 99.9=1536.00 99.99=2719.74] [UPDATE: Count=90050 Max=39157.76 Min=6.97 Avg=195.22 10=71.68 25=105.73 50=169.22 75=248.83 90=329.98 95=385.28 99=621.57 99.9=1754.11 99.99=8650.75]
2025-04-21 14:38:05 60 sec: 186855 operations; [READ: Count=93108 Max=7909.38 Min=2.61 Avg=180.27 10=63.10 25=95.81 50=159.36 75=236.41 90=315.65 95=369.15 99=559.62 99.9=1521.66 99.99=2719.74] [UPDATE: Count=93747 Max=39157.76 Min=6.97 Avg=193.12 10=71.17 25=104.13 50=167.42 75=246.53 90=327.68 95=382.72 99=610.30 99.9=1733.63 99.99=8650.75]
2025-04-21 14:38:06 61 sec: 193948 operations; [READ: Count=96681 Max=7909.38 Min=2.61 Avg=178.59 10=62.78 25=94.27 50=157.95 75=234.50 90=313.60 95=367.10 99=551.93 99.9=1497.09 99.99=2715.65] [UPDATE: Count=97267 Max=39157.76 Min=6.97 Avg=191.38 10=70.85 25=102.97 50=166.14 75=244.61 90=325.89 95=380.42 99=598.01 99.9=1726.46 99.99=8044.54]
2025-04-21 14:38:07 62 sec: 201024 operations; [READ: Count=100275 Max=7909.38 Min=2.61 Avg=177.02 10=62.40 25=93.12 50=156.67 75=232.57 90=311.30 95=365.06 99=543.23 99.9=1496.06 99.99=2715.65] [UPDATE: Count=100749 Max=39157.76 Min=6.97 Avg=189.80 10=70.40 25=101.95 50=164.99 75=242.69 90=323.58 95=378.37 99=588.29 99.9=1705.98 99.99=8044.54]
2025-04-21 14:38:08 63 sec: 207902 operations; [READ: Count=103677 Max=7909.38 Min=2.61 Avg=175.69 10=62.08 25=91.97 50=155.26 75=230.66 90=309.50 95=363.01 99=540.16 99.9=1496.06 99.99=2715.65] [UPDATE: Count=104225 Max=39157.76 Min=6.97 Avg=188.54 10=70.08 25=100.93 50=163.58 75=240.90 90=321.79 95=376.57 99=583.17 99.9=1708.03 99.99=8650.75]
2025-04-21 14:38:09 64 sec: 214512 operations; [READ: Count=106941 Max=7909.38 Min=2.61 Avg=174.52 10=61.66 25=91.01 50=154.11 75=228.99 90=307.97 95=361.47 99=539.65 99.9=1526.78 99.99=2519.04] [UPDATE: Count=107571 Max=39157.76 Min=6.97 Avg=187.73 10=69.82 25=100.09 50=162.43 75=239.10 90=320.00 95=375.30 99=581.63 99.9=1734.65 99.99=9445.38]
2025-04-21 14:38:10 65 sec: 221689 operations; [READ: Count=110559 Max=7909.38 Min=2.61 Avg=173.19 10=61.28 25=90.24 50=152.96 75=227.33 90=306.43 95=359.94 99=534.01 99.9=1504.26 99.99=2519.04] [UPDATE: Count=111130 Max=39157.76 Min=6.97 Avg=186.28 10=69.25 25=99.26 50=161.41 75=237.57 90=318.21 95=373.50 99=574.98 99.9=1726.46 99.99=9445.38]
2025-04-21 14:38:11 66 sec: 228955 operations; [READ: Count=114168 Max=7909.38 Min=2.61 Avg=171.83 10=60.86 25=89.41 50=151.94 75=225.66 90=304.89 95=358.14 99=528.38 99.9=1496.06 99.99=2519.04] [UPDATE: Count=114787 Max=39157.76 Min=6.97 Avg=184.89 10=68.80 25=98.62 50=160.51 75=235.90 90=316.67 95=371.71 99=566.27 99.9=1705.98 99.99=9445.38]
2025-04-21 14:38:12 67 sec: 236229 operations; [READ: Count=117815 Max=7909.38 Min=2.61 Avg=170.59 10=60.51 25=88.77 50=150.91 75=224.25 90=303.10 95=356.35 99=523.52 99.9=1484.80 99.99=2476.03] [UPDATE: Count=118414 Max=39157.76 Min=6.97 Avg=183.54 10=68.42 25=97.98 50=159.49 75=234.50 90=314.88 95=370.18 99=558.59 99.9=1684.48 99.99=8650.75]
2025-04-21 14:38:13 68 sec: 243629 operations; [READ: Count=121533 Max=7909.38 Min=2.61 Avg=169.36 10=60.03 25=88.06 50=150.01 75=222.72 90=301.57 95=354.81 99=517.12 99.9=1467.39 99.99=2476.03] [UPDATE: Count=122096 Max=39157.76 Min=6.97 Avg=182.17 10=67.90 25=97.28 50=158.59 75=233.09 90=313.34 95=368.38 99=552.96 99.9=1674.24 99.99=8650.75]
2025-04-21 14:38:14 69 sec: 250303 operations; [READ: Count=124879 Max=7909.38 Min=2.61 Avg=168.41 10=59.65 25=87.36 50=148.99 75=221.44 90=300.29 95=353.28 99=515.58 99.9=1490.94 99.99=2476.03] [UPDATE: Count=125424 Max=39157.76 Min=6.97 Avg=181.67 10=67.45 25=96.83 50=157.69 75=231.55 90=312.06 95=367.36 99=552.96 99.9=1721.34 99.99=10895.36]
2025-04-21 14:38:15 70 sec: 257744 operations; [READ: Count=128636 Max=7909.38 Min=2.61 Avg=167.21 10=59.13 25=86.78 50=148.09 75=220.16 90=298.75 95=351.74 99=509.18 99.9=1484.80 99.99=2392.06] [UPDATE: Count=129108 Max=39157.76 Min=6.97 Avg=180.46 10=66.94 25=96.19 50=156.93 75=230.14 90=310.27 95=365.57 99=547.84 99.9=1704.96 99.99=10895.36]
2025-04-21 14:38:16 71 sec: 265141 operations; [READ: Count=132438 Max=7909.38 Min=2.61 Avg=166.05 10=58.62 25=86.27 50=147.20 75=218.75 90=297.21 95=349.95 99=504.06 99.9=1478.65 99.99=2392.06] [UPDATE: Count=132703 Max=39157.76 Min=6.97 Avg=179.41 10=66.50 25=95.87 50=156.29 75=228.86 90=308.74 95=364.03 99=542.72 99.9=1681.41 99.99=10895.36]
2025-04-21 14:38:17 72 sec: 272559 operations; [READ: Count=136149 Max=7909.38 Min=2.61 Avg=165.04 10=58.17 25=85.82 50=146.43 75=217.60 90=295.94 95=348.42 99=499.45 99.9=1462.27 99.99=2361.34] [UPDATE: Count=136410 Max=39157.76 Min=6.97 Avg=178.29 10=65.98 25=95.42 50=155.52 75=227.71 90=307.20 95=362.50 99=536.58 99.9=1674.24 99.99=9445.38]
2025-04-21 14:38:18 73 sec: 279838 operations; [READ: Count=139789 Max=7909.38 Min=2.61 Avg=164.10 10=57.73 25=85.50 50=145.79 75=216.32 90=294.65 95=347.13 99=495.87 99.9=1451.01 99.99=2361.34] [UPDATE: Count=140049 Max=39157.76 Min=6.97 Avg=177.39 10=65.50 25=95.17 50=154.88 75=226.69 90=305.92 95=361.21 99=533.50 99.9=1662.97 99.99=9445.38]
2025-04-21 14:38:19 74 sec: 287177 operations; [READ: Count=143423 Max=7909.38 Min=2.61 Avg=163.15 10=57.22 25=84.99 50=144.90 75=214.91 90=293.38 95=345.86 99=493.06 99.9=1462.27 99.99=2361.34] [UPDATE: Count=143754 Max=39157.76 Min=6.97 Avg=176.52 10=64.86 25=94.59 50=154.11 75=225.41 90=304.38 95=359.68 99=530.94 99.9=1666.05 99.99=10895.36]
2025-04-21 14:38:20 75 sec: 294538 operations; [READ: Count=147055 Max=7909.38 Min=2.61 Avg=162.28 10=56.73 25=84.61 50=144.25 75=213.89 90=292.35 95=344.57 99=489.47 99.9=1451.01 99.99=2330.62] [UPDATE: Count=147483 Max=39157.76 Min=6.97 Avg=175.62 10=64.22 25=94.27 50=153.60 75=224.38 90=303.36 95=358.40 99=526.34 99.9=1657.86 99.99=9445.38]
2025-04-21 14:38:21 76 sec: 302073 operations; [READ: Count=150784 Max=7909.38 Min=2.61 Avg=161.42 10=56.16 25=84.29 50=143.62 75=212.86 90=291.07 95=343.04 99=486.65 99.9=1437.69 99.99=2330.62] [UPDATE: Count=151289 Max=39157.76 Min=6.97 Avg=174.62 10=63.39 25=93.89 50=152.83 75=223.36 90=302.08 95=357.12 99=522.24 99.9=1642.49 99.99=9445.38]
2025-04-21 14:38:22 77 sec: 309630 operations; [READ: Count=154600 Max=7909.38 Min=2.61 Avg=160.51 10=55.52 25=83.90 50=142.97 75=211.84 90=290.05 95=341.76 99=483.84 99.9=1428.48 99.99=2330.62] [UPDATE: Count=155030 Max=39157.76 Min=6.97 Avg=173.74 10=62.62 25=93.57 50=152.19 75=222.34 90=301.06 95=355.84 99=518.40 99.9=1635.33 99.99=8650.75]
2025-04-21 14:38:23 78 sec: 317232 operations; [READ: Count=158444 Max=7909.38 Min=2.61 Avg=159.64 10=54.78 25=83.52 50=142.21 75=210.94 90=288.77 95=340.48 99=481.54 99.9=1422.34 99.99=2308.09] [UPDATE: Count=158788 Max=39157.76 Min=6.97 Avg=172.85 10=61.63 25=93.18 50=151.68 75=221.44 90=299.77 95=354.56 99=514.30 99.9=1615.87 99.99=8650.75]
2025-04-21 14:38:24 79 sec: 324755 operations; [READ: Count=162156 Max=7909.38 Min=2.61 Avg=158.86 10=53.89 25=83.33 50=141.69 75=210.05 90=287.49 95=339.20 99=478.46 99.9=1416.19 99.99=2308.09] [UPDATE: Count=162599 Max=39157.76 Min=6.97 Avg=172.02 10=60.67 25=92.93 50=151.17 75=220.54 90=298.75 95=353.28 99=512.00 99.9=1607.68 99.99=8650.75]
2025-04-21 14:38:25 80 sec: 331394 operations; [READ: Count=165500 Max=7909.38 Min=2.61 Avg=158.05 10=52.41 25=82.88 50=141.06 75=209.15 90=286.46 95=338.18 99=476.93 99.9=1406.97 99.99=2297.86] [UPDATE: Count=165894 Max=43843.58 Min=6.97 Avg=172.19 10=59.20 25=92.48 50=150.40 75=219.52 90=297.98 95=352.00 99=510.72 99.9=1619.97 99.99=13352.96]
2025-04-21 14:38:26 81 sec: 339127 operations; [READ: Count=169362 Max=7909.38 Min=2.61 Avg=157.18 10=49.89 25=82.56 50=140.29 75=208.13 90=285.18 95=337.15 99=474.88 99.9=1387.52 99.99=2297.86] [UPDATE: Count=169765 Max=43843.58 Min=6.97 Avg=171.38 10=56.58 25=92.22 50=149.89 75=218.62 90=296.70 95=350.72 99=507.90 99.9=1609.73 99.99=13352.96]
2025-04-21 14:38:27 82 sec: 347433 operations; [READ: Count=173523 Max=7909.38 Min=2.61 Avg=156.15 10=32.67 25=82.24 50=139.52 75=206.72 90=283.65 95=335.36 99=472.32 99.9=1367.04 99.99=2297.86] [UPDATE: Count=173910 Max=43843.58 Min=6.97 Avg=170.25 10=43.45 25=91.78 50=148.99 75=217.22 90=295.17 95=349.18 99=505.09 99.9=1598.46 99.99=13352.96]
2025-04-21 14:38:28 83 sec: 356365 operations; [READ: Count=177969 Max=7909.38 Min=2.61 Avg=154.80 10=25.82 25=81.60 50=138.24 75=204.80 90=281.60 95=333.57 99=469.25 99.9=1355.78 99.99=2287.61] [UPDATE: Count=178396 Max=43843.58 Min=6.97 Avg=168.98 10=38.30 25=91.14 50=147.84 75=215.55 90=293.38 95=347.39 99=502.01 99.9=1591.30 99.99=13352.96]
2025-04-21 14:38:29 84 sec: 365444 operations; [READ: Count=182518 Max=7909.38 Min=2.61 Avg=153.49 10=23.41 25=81.09 50=137.09 75=203.01 90=279.81 95=332.03 99=466.18 99.9=1350.65 99.99=2287.61] [UPDATE: Count=182926 Max=43843.58 Min=6.97 Avg=167.66 10=35.68 25=90.62 50=146.81 75=213.76 90=291.33 95=345.34 99=498.69 99.9=1583.10 99.99=13352.96]
2025-04-21 14:38:30 85 sec: 374634 operations; [READ: Count=187090 Max=7909.38 Min=2.61 Avg=152.21 10=21.57 25=80.51 50=136.06 75=201.22 90=278.01 95=329.98 99=463.10 99.9=1345.54 99.99=2279.42] [UPDATE: Count=187544 Max=43843.58 Min=6.97 Avg=166.34 10=33.92 25=90.05 50=145.66 75=211.97 90=289.54 95=343.81 99=495.62 99.9=1576.96 99.99=13189.12]
2025-04-21 14:38:31 86 sec: 383693 operations; [READ: Count=191563 Max=7909.38 Min=2.61 Avg=151.07 10=20.46 25=80.00 50=135.17 75=199.81 90=276.22 95=328.19 99=460.80 99.9=1338.37 99.99=2279.42] [UPDATE: Count=192130 Max=43843.58 Min=6.97 Avg=165.12 10=32.49 25=89.60 50=144.77 75=210.30 90=287.74 95=342.01 99=494.08 99.9=1565.69 99.99=13189.12]
2025-04-21 14:38:32 87 sec: 392966 operations; [READ: Count=196206 Max=7909.38 Min=2.47 Avg=149.89 10=19.60 25=79.55 50=134.14 75=198.14 90=274.43 95=326.40 99=457.73 99.9=1328.13 99.99=2215.93] [UPDATE: Count=196760 Max=43843.58 Min=6.97 Avg=163.88 10=31.39 25=89.15 50=143.74 75=208.64 90=285.95 95=340.22 99=491.52 99.9=1542.14 99.99=11395.07]
2025-04-21 14:38:33 88 sec: 402443 operations; [READ: Count=201019 Max=7909.38 Min=2.47 Avg=148.65 10=18.73 25=79.04 50=132.99 75=196.61 90=272.64 95=324.61 99=455.17 99.9=1324.03 99.99=2215.93] [UPDATE: Count=201424 Max=43843.58 Min=6.97 Avg=162.64 10=30.56 25=88.64 50=142.85 75=207.10 90=284.42 95=338.69 99=488.70 99.9=1531.90 99.99=11395.07]
2025-04-21 14:38:34 89 sec: 412136 operations; [READ: Count=205853 Max=7909.38 Min=2.47 Avg=147.24 10=18.05 25=78.27 50=131.58 75=194.81 90=270.85 95=322.81 99=452.61 99.9=1319.93 99.99=2203.65] [UPDATE: Count=206283 Max=43843.58 Min=6.97 Avg=161.54 10=29.76 25=87.87 50=141.31 75=205.31 90=282.62 95=336.64 99=485.38 99.9=1531.90 99.99=13352.96]
2025-04-21 14:38:35 90 sec: 422420 operations; [READ: Count=210956 Max=7909.38 Min=2.47 Avg=145.88 10=17.50 25=77.63 50=130.24 75=193.02 90=268.80 95=320.77 99=450.30 99.9=1311.74 99.99=2203.65] [UPDATE: Count=211464 Max=43843.58 Min=6.97 Avg=160.06 10=29.05 25=87.17 50=139.90 75=203.39 90=280.57 95=334.85 99=482.30 99.9=1526.78 99.99=13352.96]
2025-04-21 14:38:36 91 sec: 432951 operations; [READ: Count=216167 Max=7909.38 Min=2.47 Avg=144.50 10=16.98 25=76.93 50=128.83 75=191.10 90=267.01 95=319.23 99=448.25 99.9=1299.45 99.99=2179.07] [UPDATE: Count=216784 Max=43843.58 Min=6.97 Avg=158.57 10=28.37 25=86.46 50=138.62 75=201.47 90=278.78 95=333.06 99=478.72 99.9=1519.62 99.99=13189.12]
2025-04-21 14:38:37 92 sec: 444107 operations; [READ: Count=221795 Max=7909.38 Min=2.47 Avg=142.78 10=16.46 25=75.84 50=126.78 75=188.93 90=265.21 95=317.44 99=445.95 99.9=1291.26 99.99=2179.07] [UPDATE: Count=222312 Max=43843.58 Min=6.97 Avg=157.12 10=27.71 25=85.38 50=136.57 75=199.55 90=276.99 95=331.26 99=476.42 99.9=1525.76 99.99=14770.17]
2025-04-21 14:38:38 93 sec: 460273 operations; [READ: Count=229736 Max=7909.38 Min=2.47 Avg=139.75 10=15.76 25=73.41 50=122.75 75=185.85 90=262.40 95=314.88 99=442.62 99.9=1277.95 99.99=2142.21] [UPDATE: Count=230537 Max=43843.58 Min=6.97 Avg=153.88 10=26.80 25=82.62 50=132.61 75=196.48 90=274.43 95=328.70 99=471.81 99.9=1507.33 99.99=13352.96]
2025-04-21 14:38:39 94 sec: 481939 operations; [READ: Count=240519 Max=7909.38 Min=2.47 Avg=135.28 10=14.85 25=68.73 50=116.67 75=182.01 90=258.81 95=311.30 99=438.01 99.9=1254.40 99.99=2134.01] [UPDATE: Count=241420 Max=43843.58 Min=6.97 Avg=149.20 10=25.61 25=77.89 50=126.85 75=192.51 90=270.59 95=325.38 99=466.43 99.9=1471.49 99.99=13189.12]
2025-04-21 14:38:40 95 sec: 505786 operations; [READ: Count=252381 Max=7909.38 Min=2.47 Avg=130.64 10=13.86 25=63.07 50=109.95 75=177.79 90=254.97 95=307.97 99=433.15 99.9=1234.94 99.99=2085.89] [UPDATE: Count=253405 Max=43843.58 Min=6.97 Avg=144.30 10=24.41 25=72.06 50=120.32 75=188.41 90=266.75 95=321.54 99=461.82 99.9=1439.74 99.99=11395.07]
2025-04-21 14:38:41 96 sec: 529434 operations; [READ: Count=264242 Max=7909.38 Min=2.47 Avg=126.44 10=13.04 25=56.19 50=103.81 75=173.95 90=251.39 95=304.89 99=429.31 99.9=1213.44 99.99=2076.67] [UPDATE: Count=265192 Max=43843.58 Min=6.97 Avg=139.92 10=23.30 25=64.67 50=114.17 75=184.57 90=263.17 95=318.21 99=457.21 99.9=1422.34 99.99=9445.38]
2025-04-21 14:38:42 97 sec: 550013 operations; [READ: Count=274539 Max=7909.38 Min=2.47 Avg=123.34 10=12.37 25=47.30 50=99.33 75=170.88 90=248.83 95=302.85 99=430.08 99.9=1203.20 99.99=2076.67] [UPDATE: Count=275474 Max=43843.58 Min=6.97 Avg=136.62 10=22.38 25=56.09 50=109.63 75=181.63 90=260.61 95=316.16 99=457.21 99.9=1387.52 99.99=8650.75]
2025-04-21 14:38:43 98 sec: 570353 operations; [READ: Count=284762 Max=7909.38 Min=2.44 Avg=120.49 10=11.76 25=42.34 50=95.49 75=167.94 90=246.27 95=300.80 99=430.59 99.9=1186.82 99.99=2074.62] [UPDATE: Count=285591 Max=43843.58 Min=6.97 Avg=133.64 10=21.55 25=51.01 50=105.79 75=178.69 90=258.05 95=314.37 99=457.98 99.9=1367.04 99.99=8278.01]
2025-04-21 14:38:44 99 sec: 593204 operations; [READ: Count=296252 Max=7909.38 Min=2.44 Avg=117.28 10=11.14 25=40.45 50=91.78 75=164.61 90=243.07 95=297.98 99=427.01 99.9=1171.45 99.99=1981.44] [UPDATE: Count=296952 Max=43843.58 Min=6.97 Avg=130.36 10=20.73 25=48.73 50=102.14 75=175.36 90=254.97 95=311.30 99=454.65 99.9=1347.58 99.99=8044.54]
2025-04-21 14:38:45 100 sec: 615624 operations; [READ: Count=307392 Max=7909.38 Min=2.44 Avg=114.44 10=10.65 25=39.58 50=88.64 75=161.53 90=240.13 95=295.17 99=423.68 99.9=1162.24 99.99=1978.37] [UPDATE: Count=308232 Max=43843.58 Min=6.97 Avg=127.36 10=20.09 25=47.68 50=98.94 75=172.29 90=251.78 95=308.22 99=450.81 99.9=1321.98 99.99=7557.12]
2025-04-21 14:38:46 101 sec: 634675 operations; [READ: Count=316897 Max=7909.38 Min=2.44 Avg=112.39 10=10.30 25=39.01 50=86.02 75=159.23 90=238.08 95=293.89 99=423.68 99.9=1161.21 99.99=1975.30] [UPDATE: Count=317778 Max=43843.58 Min=6.97 Avg=125.19 10=19.60 25=46.98 50=96.32 75=169.85 90=249.73 95=306.43 99=450.56 99.9=1321.98 99.99=7405.57]
2025-04-21 14:38:47 102 sec: 655480 operations; [READ: Count=327318 Max=7909.38 Min=2.44 Avg=110.10 10=9.96 25=38.59 50=83.33 75=156.54 90=235.39 95=291.58 99=421.63 99.9=1159.17 99.99=1973.25] [UPDATE: Count=328162 Max=46923.78 Min=6.97 Avg=122.97 10=19.14 25=46.46 50=93.57 75=167.17 90=247.17 95=304.13 99=448.51 99.9=1321.98 99.99=7405.57]
2025-04-21 14:38:48 103 sec: 678544 operations; [READ: Count=338822 Max=7909.38 Min=2.44 Avg=107.63 10=9.62 25=38.24 50=80.45 75=153.60 90=232.57 95=289.02 99=418.81 99.9=1146.88 99.99=1973.25] [UPDATE: Count=339722 Max=46923.78 Min=6.97 Avg=120.39 10=18.70 25=46.02 50=90.56 75=164.22 90=244.48 95=301.57 99=444.67 99.9=1303.55 99.99=7221.25]
2025-04-21 14:38:49 104 sec: 702250 operations; [READ: Count=350610 Max=7909.38 Min=2.44 Avg=105.21 10=9.28 25=37.85 50=77.50 75=150.66 90=229.76 95=286.46 99=415.23 99.9=1131.52 99.99=1972.22] [UPDATE: Count=351640 Max=46923.78 Min=6.97 Avg=117.89 10=18.29 25=45.50 50=87.55 75=161.28 90=241.66 95=299.01 99=441.09 99.9=1280.00 99.99=7221.25]
2025-04-21 14:38:50 105 sec: 726780 operations; [READ: Count=362916 Max=7909.38 Min=2.39 Avg=102.83 10=8.98 25=37.47 50=74.56 75=147.71 90=226.94 95=283.90 99=412.16 99.9=1114.11 99.99=1968.13] [UPDATE: Count=363864 Max=46923.78 Min=6.97 Avg=115.42 10=17.89 25=44.99 50=84.35 75=158.34 90=238.85 95=296.45 99=437.25 99.9=1263.62 99.99=6791.17]
2025-04-21 14:38:51 106 sec: 749067 operations; [READ: Count=374055 Max=7909.38 Min=2.39 Avg=100.96 10=8.74 25=37.09 50=71.81 75=145.15 90=224.64 95=281.60 99=411.39 99.9=1112.06 99.99=1966.08] [UPDATE: Count=375012 Max=46923.78 Min=6.97 Avg=113.42 10=17.52 25=44.45 50=81.53 75=155.78 90=236.54 95=294.65 99=436.22 99.9=1257.47 99.99=6356.99]
2025-04-21 14:38:52 107 sec: 766344 operations; [READ: Count=382659 Max=7909.38 Min=2.39 Avg=99.80 10=8.60 25=36.83 50=69.57 75=143.23 90=222.97 95=280.83 99=413.95 99.9=1116.16 99.99=1966.08] [UPDATE: Count=383685 Max=46923.78 Min=6.97 Avg=112.31 10=17.28 25=44.09 50=79.23 75=153.85 90=235.13 95=293.63 99=439.30 99.9=1257.47 99.99=7221.25]
2025-04-21 14:38:53 108 sec: 792266 operations; [READ: Count=395743 Max=7909.38 Min=2.28 Avg=97.60 10=8.35 25=36.48 50=65.98 75=140.16 90=220.29 95=278.27 99=410.88 99.9=1105.92 99.99=1946.62] [UPDATE: Count=396523 Max=46923.78 Min=6.97 Avg=110.03 10=16.86 25=43.55 50=75.65 75=150.91 90=232.19 95=290.81 99=435.71 99.9=1236.99 99.99=6635.52]
2025-04-21 14:38:54 109 sec: 817889 operations; [READ: Count=408651 Max=7909.38 Min=2.28 Avg=95.59 10=8.13 25=36.16 50=62.11 75=137.09 90=217.60 95=275.45 99=407.81 99.9=1087.49 99.99=1944.58] [UPDATE: Count=409238 Max=46923.78 Min=6.97 Avg=107.93 10=16.50 25=43.13 50=71.87 75=147.97 90=229.50 95=288.25 99=432.64 99.9=1223.68 99.99=6422.53]
2025-04-21 14:38:55 110 sec: 839605 operations; [READ: Count=419460 Max=7909.38 Min=2.28 Avg=94.16 10=7.98 25=36.00 50=59.90 75=134.66 90=215.17 95=273.66 99=405.50 99.9=1079.30 99.99=1941.50] [UPDATE: Count=420145 Max=46923.78 Min=6.97 Avg=106.42 10=16.24 25=42.94 50=69.31 75=145.41 90=227.33 95=286.46 99=429.82 99.9=1212.41 99.99=6418.43]
2025-04-21 14:38:56 111 sec: 859780 operations; [READ: Count=429454 Max=7909.38 Min=2.28 Avg=93.00 10=7.88 25=35.87 50=58.56 75=132.35 90=213.25 95=271.62 99=402.94 99.9=1065.98 99.99=1938.43] [UPDATE: Count=430326 Max=46923.78 Min=6.97 Avg=105.16 10=16.05 25=42.75 50=67.90 75=143.10 90=225.28 95=284.67 99=427.52 99.9=1204.22 99.99=6356.99]
2025-04-21 14:38:57 112 sec: 874249 operations; [READ: Count=436659 Max=7909.38 Min=2.28 Avg=92.49 10=7.83 25=35.77 50=58.08 75=130.88 90=212.22 95=271.10 99=405.76 99.9=1068.03 99.99=1936.38] [UPDATE: Count=437590 Max=46923.78 Min=6.97 Avg=104.64 10=15.99 25=42.62 50=67.39 75=141.69 90=224.38 95=284.16 99=430.33 99.9=1204.22 99.99=6356.99]
2025-04-21 14:38:58 113 sec: 888448 operations; [READ: Count=443752 Max=7909.38 Min=2.28 Avg=92.01 10=7.81 25=35.68 50=58.34 75=129.47 90=211.07 95=270.08 99=406.01 99.9=1068.03 99.99=1936.38] [UPDATE: Count=444696 Max=46923.78 Min=6.97 Avg=104.18 10=15.97 25=42.53 50=67.71 75=140.29 90=223.10 95=283.13 99=430.59 99.9=1198.08 99.99=6418.43]
2025-04-21 14:38:59 114 sec: 902694 operations; [READ: Count=450812 Max=7909.38 Min=2.28 Avg=91.56 10=7.80 25=35.62 50=58.85 75=128.19 90=209.66 95=268.80 99=404.48 99.9=1060.86 99.99=1927.17] [UPDATE: Count=451882 Max=46923.78 Min=6.97 Avg=103.72 10=15.96 25=42.40 50=68.22 75=139.13 90=221.95 95=282.11 99=429.06 99.9=1192.96 99.99=6356.99]
2025-04-21 14:39:00 115 sec: 914781 operations; [READ: Count=456882 Max=7909.38 Min=2.28 Avg=91.34 10=7.82 25=35.52 50=59.30 75=127.68 90=208.77 95=267.77 99=403.20 99.9=1055.74 99.99=1926.14] [UPDATE: Count=457899 Max=46923.78 Min=6.97 Avg=103.51 10=15.98 25=42.27 50=68.67 75=138.50 90=221.06 95=281.09 99=428.29 99.9=1185.79 99.99=6209.53]
2025-04-21 14:39:01 116 sec: 926766 operations; [READ: Count=462854 Max=7909.38 Min=2.28 Avg=91.16 10=7.83 25=35.42 50=59.71 75=127.36 90=207.87 95=266.75 99=401.66 99.9=1051.65 99.99=1926.14] [UPDATE: Count=463912 Max=46923.78 Min=6.87 Avg=103.30 10=15.96 25=42.17 50=69.12 75=138.11 90=220.16 95=280.32 99=427.01 99.9=1183.74 99.99=6209.53]
2025-04-21 14:39:02 117 sec: 937831 operations; [READ: Count=468453 Max=7909.38 Min=2.28 Avg=91.07 10=7.86 25=35.33 50=60.06 75=127.10 90=207.23 95=266.24 99=401.41 99.9=1047.04 99.99=1924.10] [UPDATE: Count=469378 Max=46923.78 Min=6.87 Avg=103.21 10=15.98 25=42.05 50=69.50 75=137.98 90=219.52 95=279.81 99=426.75 99.9=1182.72 99.99=5926.91]
2025-04-21 14:39:03 118 sec: 945997 operations; [READ: Count=472542 Max=7909.38 Min=2.28 Avg=91.20 10=7.87 25=35.26 50=60.35 75=126.91 90=207.10 95=266.50 99=406.01 99.9=1054.72 99.99=1926.14] [UPDATE: Count=473455 Max=46923.78 Min=6.87 Avg=103.49 10=15.99 25=41.98 50=69.76 75=137.73 90=219.52 95=280.06 99=431.62 99.9=1185.79 99.99=6422.53]
2025-04-21 14:39:04 119 sec: 956904 operations; [READ: Count=477910 Max=7909.38 Min=2.28 Avg=91.15 10=7.89 25=35.17 50=60.67 75=126.91 90=206.59 95=265.98 99=404.99 99.9=1049.60 99.99=1924.10] [UPDATE: Count=478994 Max=46923.78 Min=6.87 Avg=103.39 10=15.99 25=41.85 50=70.08 75=137.73 90=219.01 95=279.55 99=431.10 99.9=1181.69 99.99=6418.43]
2025-04-21 14:39:05 120 sec: 963219 operations; [READ: Count=481161 Max=7909.38 Min=2.28 Avg=91.56 10=7.90 25=35.20 50=61.25 75=127.68 90=207.62 95=267.01 99=406.27 99.9=1047.55 99.99=1924.10] [UPDATE: Count=482058 Max=46923.78 Min=6.45 Avg=103.77 10=16.01 25=41.89 50=70.66 75=138.50 90=220.03 95=280.32 99=432.64 99.9=1177.60 99.99=6418.43]
2025-04-21 14:39:06 121 sec: 967986 operations; [READ: Count=483553 Max=7909.38 Min=2.28 Avg=92.11 10=7.92 25=35.26 50=61.89 75=128.64 90=209.02 95=268.54 99=408.06 99.9=1044.48 99.99=1924.10] [UPDATE: Count=484433 Max=46923.78 Min=6.45 Avg=104.31 10=16.02 25=41.95 50=71.23 75=139.39 90=221.44 95=282.11 99=434.69 99.9=1172.48 99.99=6418.43]
2025-04-21 14:39:07 122 sec: 972937 operations; [READ: Count=485984 Max=7909.38 Min=2.28 Avg=92.65 10=7.93 25=35.33 50=62.53 75=129.66 90=210.30 95=270.08 99=410.11 99.9=1042.94 99.99=1924.10] [UPDATE: Count=486953 Max=46923.78 Min=6.45 Avg=104.81 10=16.04 25=42.02 50=71.87 75=140.41 90=222.72 95=283.39 99=435.97 99.9=1170.43 99.99=6356.99]
2025-04-21 14:39:08 123 sec: 978205 operations; [READ: Count=488663 Max=7909.38 Min=2.28 Avg=93.16 10=7.94 25=35.39 50=63.17 75=130.62 90=211.33 95=271.10 99=412.16 99.9=1042.43 99.99=1924.10] [UPDATE: Count=489542 Max=46923.78 Min=6.45 Avg=105.28 10=16.06 25=42.11 50=72.51 75=141.31 90=223.49 95=284.16 99=438.53 99.9=1169.41 99.99=6356.99]
2025-04-21 14:39:09 124 sec: 984415 operations; [READ: Count=491772 Max=7909.38 Min=2.28 Avg=93.54 10=7.95 25=35.45 50=63.87 75=131.58 90=211.84 95=271.36 99=411.90 99.9=1040.89 99.99=1924.10] [UPDATE: Count=492643 Max=46923.78 Min=6.45 Avg=105.67 10=16.08 25=42.21 50=73.22 75=142.34 90=224.13 95=284.67 99=438.53 99.9=1167.36 99.99=6356.99]
2025-04-21 14:39:10 125 sec: 991461 operations; [READ: Count=495320 Max=7909.38 Min=2.28 Avg=93.85 10=7.97 25=35.52 50=64.64 75=132.61 90=211.84 95=270.85 99=411.13 99.9=1039.36 99.99=1907.71] [UPDATE: Count=496141 Max=46923.78 Min=6.45 Avg=105.94 10=16.10 25=42.30 50=73.98 75=143.23 90=224.13 95=284.16 99=437.76 99.9=1165.31 99.99=6209.53]
2025-04-21 14:39:11 126 sec: 1000000 operations; [READ: Count=499627 Max=7909.38 Min=2.28 Avg=93.95 10=7.98 25=35.62 50=65.28 75=132.86 90=211.33 95=270.08 99=410.37 99.9=1034.24 99.99=1907.71] [UPDATE: Count=500373 Max=46923.78 Min=6.45 Avg=106.00 10=16.13 25=42.40 50=74.62 75=143.36 90=223.49 95=283.65 99=436.48 99.9=1162.24 99.99=6209.53]
Run runtime(sec): 126.024
Run operations(ops): 1000000
Run throughput(ops/sec): 7934.99
