Running scope as unit: run-re72ed0ad5535447d8e44d60f32d2c45f.scope
load file:/home/user/DataFiles/silesia_data/silesia.tar
2025-04-21 20:59:04 0 sec: 0 operations;
2025-04-21 20:59:05 1 sec: 28542 operations; [INSERT: Count=28542 Max=6569.98 Min=4.92 Avg=31.06 10=13.69 25=18.93 50=27.60 75=39.20 90=52.41 95=61.31 99=79.61 99.9=115.45 99.99=253.82]
2025-04-21 20:59:06 2 sec: 56492 operations; [INSERT: Count=56492 Max=6569.98 Min=4.92 Avg=31.76 10=14.41 25=19.65 50=28.30 75=40.19 90=53.38 95=62.14 99=79.81 99.9=116.42 99.99=270.59]
2025-04-21 20:59:07 3 sec: 84780 operations; [INSERT: Count=84780 Max=6569.98 Min=4.92 Avg=31.85 10=14.65 25=19.84 50=28.45 75=40.26 90=53.53 95=62.17 99=79.42 99.9=108.80 99.99=268.80]
2025-04-21 20:59:08 4 sec: 113296 operations; [INSERT: Count=113296 Max=6569.98 Min=4.92 Avg=31.83 10=14.74 25=19.84 50=28.43 75=40.22 90=53.44 95=62.05 99=78.97 99.9=111.23 99.99=269.57]
2025-04-21 20:59:09 5 sec: 143505 operations; [INSERT: Count=143505 Max=6569.98 Min=4.92 Avg=31.39 10=14.64 25=19.61 50=28.05 75=39.65 90=52.48 95=60.96 99=78.02 99.9=112.00 99.99=268.80]
2025-04-21 20:59:10 6 sec: 173228 operations; [INSERT: Count=173228 Max=12402.69 Min=4.92 Avg=31.20 10=14.62 25=19.47 50=27.81 75=39.33 90=52.00 95=60.38 99=77.44 99.9=110.97 99.99=268.80]
2025-04-21 20:59:11 7 sec: 203005 operations; [INSERT: Count=203005 Max=12402.69 Min=4.92 Avg=31.06 10=14.65 25=19.44 50=27.68 75=39.13 90=51.71 95=60.00 99=76.80 99.9=108.29 99.99=268.03]
2025-04-21 20:59:12 8 sec: 232758 operations; [INSERT: Count=232758 Max=12402.69 Min=4.92 Avg=30.96 10=14.66 25=19.42 50=27.58 75=39.01 90=51.49 95=59.71 99=76.42 99.9=108.03 99.99=265.47]
2025-04-21 20:59:13 9 sec: 262249 operations; [INSERT: Count=262249 Max=12402.69 Min=4.92 Avg=30.91 10=14.71 25=19.44 50=27.55 75=38.94 90=51.33 95=59.52 99=76.09 99.9=108.29 99.99=268.29]
2025-04-21 20:59:14 10 sec: 288115 operations; [INSERT: Count=288115 Max=12402.69 Min=4.92 Avg=31.30 10=14.85 25=19.63 50=27.87 75=39.42 90=52.06 95=60.51 99=77.95 99.9=114.30 99.99=272.89]
2025-04-21 20:59:15 11 sec: 312006 operations; [INSERT: Count=312006 Max=12402.69 Min=4.92 Avg=31.85 10=15.01 25=19.89 50=28.29 75=40.06 90=53.12 95=61.89 99=80.64 99.9=120.32 99.99=277.50]
2025-04-21 20:59:16 12 sec: 334685 operations; [INSERT: Count=334685 Max=24166.40 Min=4.92 Avg=32.45 10=15.17 25=20.14 50=28.70 75=40.73 90=54.11 95=63.17 99=83.14 99.9=123.14 99.99=288.25]
2025-04-21 20:59:17 13 sec: 356423 operations; [INSERT: Count=356423 Max=24166.40 Min=4.92 Avg=33.07 10=15.27 25=20.35 50=29.07 75=41.34 90=55.13 95=64.67 99=86.72 99.9=139.01 99.99=358.91]
2025-04-21 20:59:18 14 sec: 379617 operations; [INSERT: Count=379617 Max=24166.40 Min=4.92 Avg=33.48 10=15.33 25=20.46 50=29.28 75=41.73 90=55.77 95=65.66 99=88.32 99.9=156.54 99.99=821.76]
2025-04-21 20:59:19 15 sec: 407369 operations; [INSERT: Count=407369 Max=24166.40 Min=4.92 Avg=33.42 10=15.36 25=20.48 50=29.30 75=41.66 90=55.65 95=65.41 99=87.87 99.9=154.88 99.99=739.33]
2025-04-21 20:59:20 16 sec: 432265 operations; [INSERT: Count=432265 Max=24166.40 Min=4.92 Avg=33.61 10=15.46 25=20.62 50=29.49 75=41.95 90=56.03 95=65.86 99=88.25 99.9=152.57 99.99=674.82]
2025-04-21 20:59:21 17 sec: 452147 operations; [INSERT: Count=452147 Max=24166.40 Min=4.92 Avg=34.20 10=15.61 25=20.89 50=29.95 75=42.66 90=57.15 95=67.39 99=90.37 99.9=151.68 99.99=674.82]
2025-04-21 20:59:22 18 sec: 472066 operations; [INSERT: Count=472066 Max=24166.40 Min=4.92 Avg=34.73 10=15.72 25=21.10 50=30.34 75=43.33 90=58.30 95=68.99 99=93.38 99.9=153.34 99.99=674.82]
2025-04-21 20:59:23 19 sec: 491680 operations; [INSERT: Count=491680 Max=24166.40 Min=4.92 Avg=35.25 10=15.84 25=21.33 50=30.73 75=43.97 90=59.39 95=70.46 99=95.81 99.9=154.50 99.99=660.99]
2025-04-21 20:59:24 20 sec: 510582 operations; [INSERT: Count=510582 Max=24166.40 Min=4.92 Avg=35.78 10=15.93 25=21.50 50=31.05 75=44.51 90=60.41 95=71.94 99=98.24 99.9=166.27 99.99=872.96]
2025-04-21 20:59:25 21 sec: 529953 operations; [INSERT: Count=529953 Max=24166.40 Min=4.92 Avg=36.23 10=16.02 25=21.70 50=31.39 75=45.09 90=61.41 95=73.22 99=100.35 99.9=169.73 99.99=884.74]
2025-04-21 20:59:26 22 sec: 549071 operations; [INSERT: Count=549071 Max=24166.40 Min=4.92 Avg=36.67 10=16.09 25=21.84 50=31.68 75=45.60 90=62.30 95=74.43 99=102.53 99.9=179.46 99.99=1025.02]
2025-04-21 20:59:27 23 sec: 569028 operations; [INSERT: Count=569028 Max=24166.40 Min=4.92 Avg=37.03 10=16.18 25=22.00 50=31.95 75=46.02 90=63.07 95=75.45 99=103.87 99.9=182.14 99.99=1023.49]
2025-04-21 20:59:28 24 sec: 590678 operations; [INSERT: Count=590678 Max=24166.40 Min=4.92 Avg=37.24 10=16.22 25=22.09 50=32.09 75=46.27 90=63.45 95=75.90 99=104.25 99.9=184.57 99.99=1158.14]
2025-04-21 20:59:29 25 sec: 645196 operations; [INSERT: Count=645196 Max=24166.40 Min=4.56 Avg=35.36 10=13.78 25=20.05 50=30.34 75=44.67 90=61.89 95=74.37 99=102.85 99.9=179.33 99.99=1314.82]
2025-04-21 20:59:30 26 sec: 720928 operations; [INSERT: Count=720928 Max=24166.40 Min=4.56 Avg=32.69 10=10.04 25=16.69 50=27.79 75=42.53 90=59.84 95=72.51 99=101.06 99.9=167.17 99.99=1046.02]
2025-04-21 20:59:31 27 sec: 790169 operations; [INSERT: Count=790169 Max=24166.40 Min=4.56 Avg=30.80 10=8.98 25=14.29 50=25.57 75=40.70 90=58.17 95=70.78 99=99.58 99.9=160.00 99.99=967.68]
2025-04-21 20:59:32 28 sec: 862203 operations; [INSERT: Count=862203 Max=24166.40 Min=4.56 Avg=29.11 10=8.41 25=12.43 50=23.38 75=38.98 90=56.54 95=69.31 99=98.24 99.9=155.52 99.99=925.18]
2025-04-21 20:59:33 29 sec: 921897 operations; [INSERT: Count=921897 Max=24166.40 Min=4.56 Avg=28.10 10=8.31 25=11.81 50=21.89 75=37.70 90=55.33 95=68.09 99=97.02 99.9=152.45 99.99=887.81]
2025-04-21 20:59:34 30 sec: 962135 operations; [INSERT: Count=962135 Max=24166.40 Min=4.56 Avg=27.82 10=8.38 25=11.89 50=21.58 75=37.09 90=54.66 95=67.45 99=96.51 99.9=156.54 99.99=885.25]
2025-04-21 20:59:35 30 sec: 1000000 operations; [INSERT: Count=1000000 Max=24166.40 Min=4.42 Avg=27.30 10=8.20 25=11.48 50=20.77 75=36.35 90=53.98 95=66.75 99=96.00 99.9=157.69 99.99=965.12]
Load runtime(sec): 30.7465
Load operations(ops): 1000000
Load throughput(ops/sec): 32524
