Running scope as unit: run-rb2842eda235942c38bd0ee05c6253ec7.scope
load file:/home/user/DataFiles/silesia_data/silesia.tar
2025-04-21 20:59:04 0 sec: 0 operations;
2025-04-21 20:59:05 1 sec: 49043 operations; [INSERT: Count=49043 Max=6545.41 Min=4.84 Avg=16.76 10=8.94 25=10.98 50=14.64 75=20.41 90=26.53 95=30.62 99=40.38 99.9=97.09 99.99=230.27]
2025-04-21 20:59:06 2 sec: 98374 operations; [INSERT: Count=98374 Max=6545.41 Min=4.84 Avg=16.89 10=9.29 25=11.37 50=14.94 75=20.62 90=26.48 95=30.22 99=38.62 99.9=92.09 99.99=229.12]
2025-04-21 20:59:07 3 sec: 148195 operations; [INSERT: Count=148195 Max=6545.41 Min=4.84 Avg=16.86 10=9.44 25=11.48 50=15.00 75=20.56 90=26.21 95=29.84 99=37.85 99.9=90.94 99.99=226.94]
2025-04-21 20:59:08 4 sec: 198069 operations; [INSERT: Count=198069 Max=6545.41 Min=4.84 Avg=16.84 10=9.54 25=11.56 50=15.04 75=20.51 90=26.05 95=29.58 99=37.28 99.9=80.06 99.99=227.71]
2025-04-21 20:59:09 5 sec: 246336 operations; [INSERT: Count=246336 Max=23691.26 Min=4.84 Avg=16.96 10=9.54 25=11.49 50=14.86 75=20.18 90=25.61 95=29.09 99=36.67 99.9=72.89 99.99=230.27]
2025-04-21 20:59:10 6 sec: 294998 operations; [INSERT: Count=294998 Max=23691.26 Min=4.84 Avg=17.01 10=9.62 25=11.58 50=14.94 75=20.24 90=25.63 95=29.07 99=36.58 99.9=68.86 99.99=232.70]
2025-04-21 20:59:11 7 sec: 344923 operations; [INSERT: Count=344923 Max=23691.26 Min=4.84 Avg=16.97 10=9.68 25=11.65 50=14.98 75=20.24 90=25.58 95=28.94 99=36.35 99.9=64.38 99.99=232.19]
2025-04-21 20:59:12 8 sec: 394104 operations; [INSERT: Count=394104 Max=23691.26 Min=4.68 Avg=16.97 10=9.74 25=11.70 50=15.03 75=20.27 90=25.58 95=28.93 99=36.22 99.9=62.75 99.99=230.27]
2025-04-21 20:59:13 9 sec: 442939 operations; [INSERT: Count=442939 Max=23691.26 Min=4.68 Avg=16.99 10=9.79 25=11.77 50=15.09 75=20.30 90=25.61 95=28.96 99=36.22 99.9=61.95 99.99=231.42]
2025-04-21 20:59:14 10 sec: 477158 operations; [INSERT: Count=477158 Max=23691.26 Min=4.61 Avg=17.64 10=9.89 25=11.94 50=15.46 75=20.99 90=26.82 95=30.91 99=42.81 99.9=76.48 99.99=236.54]
2025-04-21 20:59:15 11 sec: 507471 operations; [INSERT: Count=507471 Max=23691.26 Min=4.61 Avg=18.36 10=9.97 25=12.10 50=15.86 75=21.76 90=28.25 95=33.53 99=49.85 99.9=87.68 99.99=243.71]
2025-04-21 20:59:16 12 sec: 537581 operations; [INSERT: Count=537581 Max=23691.26 Min=4.61 Avg=19.00 10=10.06 25=12.27 50=16.25 75=22.46 90=29.68 95=36.03 99=53.25 99.9=88.51 99.99=273.41]
2025-04-21 20:59:17 13 sec: 569425 operations; [INSERT: Count=569425 Max=23691.26 Min=4.61 Avg=19.51 10=10.14 25=12.41 50=16.54 75=22.98 90=30.72 95=37.73 99=55.77 99.9=105.86 99.99=326.14]
2025-04-21 20:59:18 14 sec: 611567 operations; [INSERT: Count=611567 Max=23691.26 Min=4.61 Avg=19.58 10=10.13 25=12.40 50=16.53 75=22.98 90=30.80 95=37.89 99=56.22 99.9=123.07 99.99=414.21]
2025-04-21 20:59:19 15 sec: 665474 operations; [INSERT: Count=665474 Max=23691.26 Min=4.61 Avg=19.23 10=10.02 25=12.21 50=16.25 75=22.57 90=30.21 95=37.05 99=55.36 99.9=115.33 99.99=398.85]
2025-04-21 20:59:20 16 sec: 718912 operations; [INSERT: Count=718912 Max=23691.26 Min=4.61 Avg=18.95 10=9.95 25=12.10 50=16.05 75=22.25 90=29.65 95=36.29 99=54.49 99.9=111.17 99.99=376.06]
2025-04-21 20:59:21 17 sec: 770505 operations; [INSERT: Count=770505 Max=23691.26 Min=4.61 Avg=18.76 10=9.93 25=12.03 50=15.92 75=22.05 90=29.26 95=35.65 99=53.79 99.9=106.62 99.99=352.51]
2025-04-21 20:59:22 18 sec: 810337 operations; [INSERT: Count=810337 Max=23691.26 Min=4.61 Avg=18.90 10=9.99 25=12.13 50=16.09 75=22.27 90=29.60 95=35.97 99=53.57 99.9=104.64 99.99=343.81]
2025-04-21 20:59:23 19 sec: 848715 operations; [INSERT: Count=848715 Max=23691.26 Min=4.61 Avg=19.08 10=10.05 25=12.25 50=16.28 75=22.53 90=30.00 95=36.41 99=53.50 99.9=103.23 99.99=342.27]
2025-04-21 20:59:24 20 sec: 885193 operations; [INSERT: Count=885193 Max=23691.26 Min=4.61 Avg=19.29 10=10.11 25=12.34 50=16.43 75=22.75 90=30.38 95=36.90 99=53.98 99.9=105.79 99.99=405.76]
2025-04-21 20:59:25 21 sec: 923818 operations; [INSERT: Count=923818 Max=23691.26 Min=4.61 Avg=19.43 10=10.14 25=12.40 50=16.54 75=22.94 90=30.70 95=37.31 99=54.53 99.9=106.37 99.99=427.77]
2025-04-21 20:59:26 22 sec: 945659 operations; [INSERT: Count=945659 Max=23691.26 Min=4.61 Avg=19.92 10=10.18 25=12.47 50=16.73 75=23.38 90=31.74 95=39.20 99=59.55 99.9=134.66 99.99=653.31]
2025-04-21 20:59:27 23 sec: 968024 operations; [INSERT: Count=968024 Max=23691.26 Min=4.61 Avg=20.37 10=10.21 25=12.55 50=16.96 75=23.82 90=32.86 95=41.02 99=63.20 99.9=150.91 99.99=677.38]
2025-04-21 20:59:28 23 sec: 1000000 operations; [INSERT: Count=1000000 Max=23691.26 Min=4.61 Avg=20.53 10=10.23 25=12.58 50=17.02 75=23.98 90=33.22 95=41.47 99=63.77 99.9=161.28 99.99=786.43]
Load runtime(sec): 23.9829
Load operations(ops): 1000000
Load throughput(ops/sec): 41696.4
