Running scope as unit: run-rfc2af9d8cba34eafb137b12b0304cf42.scope
load file:/home/user/DataFiles/silesia_data/silesia.tar
2025-04-21 14:46:49 0 sec: 0 operations;
2025-04-21 14:46:50 1 sec: 0 operations;
2025-04-21 14:46:51 2 sec: 0 operations;
2025-04-21 14:46:52 3 sec: 0 operations;
2025-04-21 14:46:53 4 sec: 0 operations;
2025-04-21 14:46:54 5 sec: 0 operations;
2025-04-21 14:46:55 6 sec: 0 operations;
2025-04-21 14:46:56 7 sec: 0 operations;
2025-04-21 14:46:57 8 sec: 0 operations;
2025-04-21 14:46:58 9 sec: 0 operations;
2025-04-21 14:46:59 10 sec: 0 operations;
2025-04-21 14:47:00 11 sec: 0 operations;
2025-04-21 14:47:01 12 sec: 0 operations;
2025-04-21 14:47:02 13 sec: 0 operations;
2025-04-21 14:47:03 14 sec: 0 operations;
2025-04-21 14:47:04 15 sec: 0 operations;
2025-04-21 14:47:05 16 sec: 0 operations;
2025-04-21 14:47:06 17 sec: 0 operations;
2025-04-21 14:47:07 18 sec: 0 operations;
2025-04-21 14:47:08 19 sec: 0 operations;
2025-04-21 14:47:09 20 sec: 0 operations;
2025-04-21 14:47:10 21 sec: 0 operations;
2025-04-21 14:47:11 22 sec: 0 operations;
2025-04-21 14:47:12 23 sec: 0 operations;
2025-04-21 14:47:13 24 sec: 0 operations;
2025-04-21 14:47:14 25 sec: 0 operations;
2025-04-21 14:47:15 26 sec: 731 operations; [READ: Count=362 Max=1330.17 Min=30.77 Avg=181.49 10=59.45 25=94.40 50=124.42 75=216.70 90=267.77 95=413.44 99=1089.54 99.9=1330.17 99.99=1330.17] [UPDATE: Count=369 Max=15728.64 Min=11.55 Avg=247.85 10=76.09 25=102.14 50=128.57 75=226.05 90=310.78 95=584.70 99=1362.94 99.9=15728.64 99.99=15728.64]
2025-04-21 14:47:16 27 sec: 5151 operations; [READ: Count=2582 Max=2320.38 Min=4.75 Avg=213.17 10=79.04 25=121.79 50=179.71 75=267.01 90=335.36 95=410.11 99=967.68 99.9=2083.84 99.99=2320.38] [UPDATE: Count=2569 Max=15728.64 Min=10.82 Avg=234.39 10=89.09 25=129.98 50=188.29 75=275.97 90=356.86 95=449.02 99=1229.82 99.9=1937.41 99.99=15728.64]
2025-04-21 14:47:17 28 sec: 9875 operations; [READ: Count=4913 Max=2514.94 Min=2.94 Avg=209.77 10=76.22 25=123.65 50=180.22 75=263.42 90=332.29 95=388.61 99=861.18 99.9=2083.84 99.99=2514.94] [UPDATE: Count=4962 Max=15728.64 Min=7.74 Avg=225.07 10=83.07 25=130.18 50=187.65 75=273.66 90=345.86 95=413.18 99=1150.97 99.9=1937.41 99.99=15728.64]
2025-04-21 14:47:18 29 sec: 14967 operations; [READ: Count=7455 Max=2514.94 Min=2.94 Avg=203.04 10=73.47 25=122.81 50=179.46 75=261.25 90=326.40 95=375.04 99=699.39 99.9=1968.13 99.99=2347.01] [UPDATE: Count=7512 Max=15728.64 Min=7.60 Avg=216.89 10=81.47 25=131.20 50=188.29 75=272.13 90=339.20 95=392.45 99=856.06 99.9=1839.10 99.99=2717.70]
2025-04-21 14:47:19 30 sec: 20063 operations; [READ: Count=9971 Max=2514.94 Min=2.94 Avg=199.81 10=73.28 25=123.26 50=179.20 75=260.10 90=322.81 95=367.36 99=574.98 99.9=1859.58 99.99=2347.01] [UPDATE: Count=10092 Max=15728.64 Min=7.60 Avg=212.63 10=81.47 25=131.07 50=188.29 75=270.33 90=335.62 95=382.98 99=684.54 99.9=1782.78 99.99=2717.70]
2025-04-21 14:47:20 31 sec: 25188 operations; [READ: Count=12520 Max=2514.94 Min=2.94 Avg=197.68 10=72.58 25=122.75 50=178.81 75=258.81 90=322.81 95=366.08 99=534.01 99.9=1559.55 99.99=2347.01] [UPDATE: Count=12668 Max=15728.64 Min=7.60 Avg=209.86 10=81.47 25=131.20 50=187.39 75=268.29 90=333.57 95=380.67 99=591.87 99.9=1693.69 99.99=2736.13]
2025-04-21 14:47:21 32 sec: 30037 operations; [READ: Count=14954 Max=2514.94 Min=2.94 Avg=198.44 10=71.68 25=122.88 50=178.69 75=259.20 90=326.91 95=375.04 99=566.78 99.9=1476.61 99.99=2347.01] [UPDATE: Count=15083 Max=15728.64 Min=7.60 Avg=209.58 10=80.58 25=130.50 50=186.24 75=267.52 90=335.62 95=388.86 99=634.88 99.9=1648.64 99.99=2717.70]
2025-04-21 14:47:22 33 sec: 34754 operations; [READ: Count=17259 Max=2514.94 Min=2.93 Avg=199.57 10=71.55 25=122.50 50=178.30 75=259.20 90=328.96 95=384.00 99=638.46 99.9=1434.62 99.99=2320.38] [UPDATE: Count=17495 Max=15728.64 Min=7.60 Avg=210.30 10=80.32 25=130.69 50=186.24 75=267.52 90=336.64 95=392.45 99=678.91 99.9=1631.23 99.99=2717.70]
2025-04-21 14:47:23 34 sec: 39813 operations; [READ: Count=19784 Max=2514.94 Min=2.93 Avg=198.42 10=71.55 25=122.88 50=178.43 75=259.20 90=327.42 95=378.37 99=609.28 99.9=1335.30 99.99=2320.38] [UPDATE: Count=20029 Max=15728.64 Min=7.60 Avg=209.31 10=80.32 25=130.88 50=187.13 75=267.77 90=336.13 95=389.89 99=648.19 99.9=1569.79 99.99=2717.70]
2025-04-21 14:47:24 35 sec: 44865 operations; [READ: Count=22411 Max=2514.94 Min=2.93 Avg=197.44 10=71.36 25=122.75 50=178.56 75=259.20 90=326.40 95=376.06 99=584.19 99.9=1331.20 99.99=2320.38] [UPDATE: Count=22454 Max=15728.64 Min=7.60 Avg=208.75 10=80.58 25=131.20 50=187.52 75=268.03 90=336.13 95=388.35 99=613.38 99.9=1537.02 99.99=2717.70]
2025-04-21 14:47:25 36 sec: 49842 operations; [READ: Count=24890 Max=2514.94 Min=2.93 Avg=196.79 10=71.23 25=123.01 50=178.18 75=258.81 90=326.40 95=375.81 99=566.78 99.9=1317.89 99.99=2320.38] [UPDATE: Count=24952 Max=15728.64 Min=7.60 Avg=208.71 10=81.02 25=131.58 50=187.90 75=268.03 90=336.89 95=388.86 99=606.21 99.9=1537.02 99.99=2717.70]
2025-04-21 14:47:26 37 sec: 54788 operations; [READ: Count=27341 Max=2514.94 Min=2.93 Avg=196.50 10=71.17 25=123.01 50=178.05 75=258.18 90=325.89 95=375.55 99=569.34 99.9=1313.79 99.99=2265.09] [UPDATE: Count=27447 Max=15728.64 Min=7.60 Avg=208.65 10=80.45 25=131.46 50=187.65 75=268.03 90=337.15 95=389.38 99=615.42 99.9=1537.02 99.99=2717.70]
2025-04-21 14:47:27 38 sec: 59437 operations; [READ: Count=29691 Max=2514.94 Min=2.93 Avg=197.16 10=70.53 25=122.75 50=177.53 75=257.54 90=326.40 95=377.86 99=612.86 99.9=1315.84 99.99=2265.09] [UPDATE: Count=29746 Max=15728.64 Min=7.60 Avg=209.80 10=80.19 25=131.46 50=187.52 75=267.77 90=337.92 95=390.65 99=674.82 99.9=1599.49 99.99=2873.34]
2025-04-21 14:47:28 39 sec: 64680 operations; [READ: Count=32314 Max=2514.94 Min=2.93 Avg=196.18 10=70.08 25=122.56 50=177.41 75=257.02 90=325.12 95=375.04 99=591.87 99.9=1308.67 99.99=2265.09] [UPDATE: Count=32366 Max=15728.64 Min=7.60 Avg=208.53 10=79.74 25=131.20 50=187.01 75=267.26 90=336.64 95=387.07 99=656.89 99.9=1569.79 99.99=2873.34]
2025-04-21 14:47:29 40 sec: 69617 operations; [READ: Count=34835 Max=2514.94 Min=2.77 Avg=196.20 10=69.89 25=122.37 50=178.05 75=257.54 90=326.40 95=376.57 99=582.14 99.9=1255.42 99.99=2265.09] [UPDATE: Count=34782 Max=15728.64 Min=7.60 Avg=208.42 10=79.68 25=131.20 50=187.52 75=267.77 90=337.41 95=388.10 99=636.41 99.9=1537.02 99.99=2873.34]
2025-04-21 14:47:30 41 sec: 74288 operations; [READ: Count=37153 Max=2514.94 Min=2.48 Avg=196.65 10=69.82 25=122.69 50=178.81 75=258.30 90=327.68 95=378.37 99=576.51 99.9=1244.16 99.99=2136.06] [UPDATE: Count=37135 Max=15728.64 Min=7.60 Avg=209.32 10=79.74 25=131.46 50=188.29 75=268.80 90=339.20 95=390.14 99=631.81 99.9=1569.79 99.99=3569.66]
2025-04-21 14:47:31 42 sec: 78831 operations; [READ: Count=39440 Max=2514.94 Min=2.48 Avg=197.69 10=69.95 25=122.88 50=179.71 75=259.45 90=329.21 95=381.69 99=584.19 99.9=1255.42 99.99=2136.06] [UPDATE: Count=39391 Max=15728.64 Min=7.60 Avg=210.12 10=79.61 25=131.71 50=188.93 75=270.08 90=340.99 95=392.19 99=643.58 99.9=1599.49 99.99=3569.66]
2025-04-21 14:47:32 43 sec: 82935 operations; [READ: Count=41465 Max=2514.94 Min=2.48 Avg=199.39 10=69.76 25=122.94 50=179.97 75=259.97 90=330.50 95=384.51 99=620.03 99.9=1434.62 99.99=2265.09] [UPDATE: Count=41470 Max=15728.64 Min=7.60 Avg=212.25 10=79.36 25=131.84 50=189.31 75=270.59 90=343.04 95=396.29 99=684.03 99.9=1695.74 99.99=4698.11]
2025-04-21 14:47:33 44 sec: 87598 operations; [READ: Count=43745 Max=2514.94 Min=2.48 Avg=199.84 10=69.50 25=122.94 50=180.35 75=260.74 90=331.77 95=386.05 99=619.01 99.9=1466.37 99.99=2265.09] [UPDATE: Count=43853 Max=15728.64 Min=7.60 Avg=212.59 10=79.23 25=131.97 50=189.95 75=271.36 90=343.81 95=397.57 99=677.89 99.9=1728.51 99.99=4698.11]
2025-04-21 14:47:34 45 sec: 92509 operations; [READ: Count=46159 Max=2514.94 Min=2.48 Avg=199.81 10=69.18 25=122.94 50=180.74 75=260.99 90=332.80 95=386.81 99=607.74 99.9=1452.03 99.99=2215.93] [UPDATE: Count=46350 Max=15728.64 Min=7.60 Avg=212.24 10=78.78 25=131.97 50=190.21 75=271.62 90=344.32 95=397.82 99=669.18 99.9=1697.79 99.99=4190.21]
2025-04-21 14:47:35 46 sec: 97386 operations; [READ: Count=48608 Max=2514.94 Min=2.48 Avg=199.99 10=68.93 25=122.88 50=181.12 75=261.50 90=334.08 95=388.61 99=600.06 99.9=1431.55 99.99=2215.93] [UPDATE: Count=48778 Max=15728.64 Min=7.60 Avg=211.86 10=78.40 25=131.84 50=190.46 75=271.36 90=344.57 95=398.59 99=655.87 99.9=1685.50 99.99=4190.21]
2025-04-21 14:47:36 47 sec: 102381 operations; [READ: Count=51165 Max=2514.94 Min=2.41 Avg=199.73 10=68.73 25=122.62 50=180.99 75=261.38 90=334.33 95=388.35 99=601.09 99.9=1431.55 99.99=2215.93] [UPDATE: Count=51216 Max=15728.64 Min=7.23 Avg=211.49 10=77.89 25=131.58 50=190.34 75=271.36 90=344.57 95=399.10 99=655.36 99.9=1675.26 99.99=4190.21]
2025-04-21 14:47:37 48 sec: 107124 operations; [READ: Count=53504 Max=2682.88 Min=2.41 Avg=200.15 10=68.48 25=122.50 50=180.74 75=261.12 90=334.33 95=389.38 99=614.91 99.9=1514.49 99.99=2265.09] [UPDATE: Count=53620 Max=15728.64 Min=7.23 Avg=211.45 10=77.38 25=131.20 50=190.08 75=270.85 90=344.83 95=400.13 99=669.18 99.9=1677.31 99.99=4190.21]
2025-04-21 14:47:38 49 sec: 111998 operations; [READ: Count=55961 Max=2682.88 Min=2.41 Avg=200.05 10=68.29 25=122.24 50=180.61 75=260.74 90=334.08 95=388.86 99=620.54 99.9=1533.95 99.99=2265.09] [UPDATE: Count=56037 Max=15728.64 Min=7.23 Avg=211.41 10=77.12 25=130.94 50=189.82 75=270.33 90=344.57 95=399.62 99=669.18 99.9=1697.79 99.99=4657.15]
2025-04-21 14:47:39 50 sec: 117265 operations; [READ: Count=58611 Max=2682.88 Min=2.41 Avg=199.15 10=67.90 25=121.92 50=180.22 75=259.97 90=333.31 95=387.33 99=609.28 99.9=1521.66 99.99=2265.09] [UPDATE: Count=58654 Max=15728.64 Min=7.23 Avg=210.77 10=76.93 25=130.75 50=189.57 75=269.57 90=343.55 95=398.59 99=658.94 99.9=1693.69 99.99=4657.15]
2025-04-21 14:47:40 51 sec: 122790 operations; [READ: Count=61328 Max=2682.88 Min=2.41 Avg=198.02 10=67.58 25=121.60 50=179.46 75=258.69 90=331.01 95=385.28 99=598.01 99.9=1502.21 99.99=2265.09] [UPDATE: Count=61462 Max=15728.64 Min=7.23 Avg=209.64 10=76.48 25=130.37 50=189.06 75=268.29 90=342.01 95=395.52 99=645.63 99.9=1685.50 99.99=4657.15]
2025-04-21 14:47:41 52 sec: 129766 operations; [READ: Count=64850 Max=2682.88 Min=2.41 Avg=194.64 10=65.66 25=118.02 50=175.74 75=255.23 90=328.19 95=381.69 99=588.80 99.9=1478.65 99.99=2293.76] [UPDATE: Count=64916 Max=15728.64 Min=7.23 Avg=206.41 10=74.81 25=127.04 50=185.73 75=265.21 90=339.45 95=392.70 99=636.93 99.9=1675.26 99.99=4657.15]
2025-04-21 14:47:42 53 sec: 137618 operations; [READ: Count=68838 Max=2682.88 Min=2.41 Avg=190.52 10=62.98 25=112.06 50=170.62 75=251.01 90=325.12 95=378.88 99=590.85 99.9=1544.19 99.99=2265.09] [UPDATE: Count=68780 Max=15728.64 Min=7.23 Avg=202.08 10=71.94 25=121.28 50=180.74 75=260.74 90=336.13 95=389.89 99=642.56 99.9=1671.17 99.99=4542.46]
2025-04-21 14:47:43 54 sec: 145434 operations; [READ: Count=72848 Max=3366.91 Min=2.41 Avg=186.60 10=61.18 25=106.50 50=166.01 75=246.53 90=321.28 95=375.04 99=585.73 99.9=1560.58 99.99=2320.38] [UPDATE: Count=72586 Max=15728.64 Min=7.23 Avg=198.54 10=70.21 25=116.09 50=176.25 75=256.77 90=332.80 95=386.81 99=644.10 99.9=1677.31 99.99=4931.58]
2025-04-21 14:47:44 55 sec: 154031 operations; [READ: Count=77106 Max=3366.91 Min=2.41 Avg=182.39 10=59.65 25=100.35 50=161.79 75=241.79 90=317.18 95=370.18 99=572.41 99.9=1533.95 99.99=2293.76] [UPDATE: Count=76925 Max=15728.64 Min=7.23 Avg=194.12 10=68.80 25=110.46 50=171.52 75=251.90 90=328.70 95=382.21 99=627.71 99.9=1648.64 99.99=4698.11]
2025-04-21 14:47:45 56 sec: 162475 operations; [READ: Count=81266 Max=3366.91 Min=2.41 Avg=178.85 10=58.85 25=95.30 50=157.95 75=237.57 90=313.34 95=365.82 99=562.17 99.9=1521.66 99.99=2293.76] [UPDATE: Count=81209 Max=15728.64 Min=7.23 Avg=190.29 10=67.84 25=105.22 50=167.29 75=247.68 90=325.12 95=378.37 99=606.21 99.9=1647.62 99.99=4698.11]
2025-04-21 14:47:46 57 sec: 171038 operations; [READ: Count=85494 Max=3366.91 Min=2.41 Avg=175.59 10=58.14 25=90.88 50=154.50 75=233.47 90=310.01 95=362.24 99=554.50 99.9=1496.06 99.99=2265.09] [UPDATE: Count=85544 Max=15728.64 Min=7.23 Avg=186.68 10=66.88 25=100.42 50=163.46 75=243.20 90=321.54 95=374.53 99=591.87 99.9=1599.49 99.99=4657.15]
2025-04-21 14:47:47 58 sec: 179248 operations; [READ: Count=89577 Max=3366.91 Min=2.41 Avg=172.85 10=57.50 25=87.49 50=151.17 75=229.76 90=307.20 95=359.42 99=552.96 99.9=1484.80 99.99=2265.09] [UPDATE: Count=89671 Max=15728.64 Min=7.23 Avg=183.90 10=65.86 25=96.70 50=160.25 75=239.36 90=318.46 95=371.71 99=593.92 99.9=1620.99 99.99=4657.15]
2025-04-21 14:47:48 59 sec: 187525 operations; [READ: Count=93747 Max=4657.15 Min=2.41 Avg=170.24 10=56.96 25=84.93 50=148.61 75=226.18 90=304.38 95=356.86 99=547.33 99.9=1478.65 99.99=2293.76] [UPDATE: Count=93778 Max=15728.64 Min=7.23 Avg=181.34 10=65.31 25=94.40 50=157.57 75=236.16 90=315.65 95=368.64 99=587.77 99.9=1615.87 99.99=4698.11]
2025-04-21 14:47:49 60 sec: 196043 operations; [READ: Count=97975 Max=4657.15 Min=2.41 Avg=167.68 10=56.51 25=83.07 50=146.30 75=222.85 90=301.31 95=353.54 99=538.11 99.9=1471.49 99.99=2265.09] [UPDATE: Count=98068 Max=15728.64 Min=7.23 Avg=178.72 10=64.77 25=92.48 50=155.26 75=232.57 90=312.57 95=365.31 99=575.49 99.9=1596.41 99.99=4657.15]
2025-04-21 14:47:50 61 sec: 204412 operations; [READ: Count=102136 Max=4657.15 Min=2.41 Avg=165.47 10=56.16 25=81.73 50=144.38 75=219.90 90=298.50 95=350.72 99=528.89 99.9=1462.27 99.99=2265.09] [UPDATE: Count=102276 Max=15728.64 Min=7.23 Avg=176.44 10=64.42 25=91.01 50=153.34 75=229.50 90=309.76 95=362.75 99=565.25 99.9=1590.27 99.99=4657.15]
2025-04-21 14:47:51 62 sec: 213008 operations; [READ: Count=106465 Max=4657.15 Min=2.41 Avg=163.21 10=55.77 25=80.38 50=142.34 75=216.83 90=295.68 95=347.90 99=521.47 99.9=1434.62 99.99=2215.93] [UPDATE: Count=106543 Max=15728.64 Min=7.23 Avg=174.20 10=63.97 25=89.66 50=151.29 75=226.30 90=306.94 95=359.94 99=557.57 99.9=1571.84 99.99=4640.77]
2025-04-21 14:47:52 63 sec: 221310 operations; [READ: Count=110571 Max=4657.15 Min=2.41 Avg=161.33 10=55.52 25=79.30 50=140.67 75=214.27 90=293.12 95=345.34 99=517.63 99.9=1438.72 99.99=2215.93] [UPDATE: Count=110739 Max=15728.64 Min=7.23 Avg=172.37 10=63.52 25=88.58 50=149.63 75=223.74 90=304.38 95=357.63 99=556.03 99.9=1575.93 99.99=4657.15]
2025-04-21 14:47:53 64 sec: 229782 operations; [READ: Count=114794 Max=4657.15 Min=2.30 Avg=159.51 10=55.07 25=78.21 50=138.88 75=211.46 90=290.81 95=343.04 99=515.07 99.9=1452.03 99.99=2215.93] [UPDATE: Count=114988 Max=15728.64 Min=7.23 Avg=170.51 10=62.98 25=87.55 50=147.84 75=220.93 90=301.82 95=355.33 99=551.93 99.9=1572.86 99.99=4657.15]
2025-04-21 14:47:54 65 sec: 238476 operations; [READ: Count=119139 Max=4657.15 Min=2.30 Avg=157.69 10=54.69 25=77.31 50=137.47 75=209.15 90=288.25 95=340.48 99=508.93 99.9=1428.48 99.99=2187.26] [UPDATE: Count=119337 Max=15728.64 Min=7.23 Avg=168.63 10=62.56 25=86.53 50=146.30 75=218.37 90=299.77 95=353.02 99=543.23 99.9=1569.79 99.99=4640.77]
2025-04-21 14:47:55 66 sec: 247278 operations; [READ: Count=123537 Max=4657.15 Min=2.30 Avg=155.92 10=54.30 25=76.48 50=136.19 75=206.72 90=285.69 95=337.92 99=503.04 99.9=1394.69 99.99=2187.26] [UPDATE: Count=123741 Max=15728.64 Min=7.14 Avg=166.80 10=62.05 25=85.63 50=144.90 75=216.06 90=297.21 95=350.21 99=536.06 99.9=1556.48 99.99=4640.77]
2025-04-21 14:47:56 67 sec: 255988 operations; [READ: Count=127937 Max=4657.15 Min=2.30 Avg=154.34 10=53.98 25=75.78 50=134.91 75=204.54 90=283.65 95=335.87 99=498.69 99.9=1385.47 99.99=2170.88] [UPDATE: Count=128051 Max=15728.64 Min=7.14 Avg=165.15 10=61.60 25=84.80 50=143.62 75=213.76 90=294.65 95=347.65 99=530.43 99.9=1552.38 99.99=4640.77]
2025-04-21 14:47:57 68 sec: 264764 operations; [READ: Count=132275 Max=4657.15 Min=2.30 Avg=152.81 10=53.53 25=75.07 50=133.63 75=202.50 90=281.60 95=333.82 99=495.36 99.9=1372.16 99.99=2170.88] [UPDATE: Count=132489 Max=15728.64 Min=7.14 Avg=163.59 10=61.12 25=84.09 50=142.34 75=211.58 90=292.35 95=345.34 99=525.31 99.9=1540.10 99.99=4640.77]
2025-04-21 14:47:58 69 sec: 273504 operations; [READ: Count=136588 Max=4657.15 Min=2.29 Avg=151.40 10=53.09 25=74.37 50=132.35 75=200.57 90=279.55 95=331.52 99=492.29 99.9=1369.09 99.99=2170.88] [UPDATE: Count=136916 Max=15728.64 Min=7.14 Avg=162.14 10=60.64 25=83.45 50=141.06 75=209.53 90=290.30 95=343.30 99=520.96 99.9=1537.02 99.99=4640.77]
2025-04-21 14:47:59 70 sec: 282485 operations; [READ: Count=141070 Max=4657.15 Min=2.29 Avg=149.98 10=52.64 25=73.86 50=131.33 75=198.66 90=277.25 95=329.47 99=487.17 99.9=1363.97 99.99=2170.88] [UPDATE: Count=141415 Max=15728.64 Min=7.14 Avg=160.62 10=60.00 25=82.81 50=139.90 75=207.49 90=288.25 95=341.25 99=516.86 99.9=1533.95 99.99=4640.77]
2025-04-21 14:48:00 71 sec: 291337 operations; [READ: Count=145424 Max=4657.15 Min=2.29 Avg=148.71 10=52.26 25=73.41 50=130.37 75=196.99 90=275.45 95=327.68 99=481.79 99.9=1352.70 99.99=2164.74] [UPDATE: Count=145913 Max=15728.64 Min=7.14 Avg=159.25 10=59.45 25=82.30 50=138.88 75=205.82 90=285.95 95=339.20 99=512.25 99.9=1515.52 99.99=4542.46]
2025-04-21 14:48:01 72 sec: 300242 operations; [READ: Count=149771 Max=4657.15 Min=2.29 Avg=147.49 10=51.81 25=73.02 50=129.34 75=195.33 90=273.66 95=325.89 99=476.42 99.9=1347.58 99.99=2164.74] [UPDATE: Count=150471 Max=15728.64 Min=7.14 Avg=157.94 10=58.75 25=81.86 50=137.98 75=204.16 90=283.90 95=337.41 99=508.93 99.9=1504.26 99.99=4542.46]
2025-04-21 14:48:02 73 sec: 308993 operations; [READ: Count=154125 Max=4657.15 Min=2.29 Avg=146.39 10=51.23 25=72.64 50=128.57 75=193.92 90=271.87 95=323.84 99=472.32 99.9=1343.49 99.99=2164.74] [UPDATE: Count=154868 Max=15728.64 Min=7.14 Avg=156.80 10=58.11 25=81.41 50=137.09 75=202.62 90=282.11 95=335.62 99=505.86 99.9=1494.02 99.99=4542.46]
2025-04-21 14:48:03 74 sec: 317700 operations; [READ: Count=158495 Max=4657.15 Min=2.29 Avg=145.35 10=50.56 25=72.32 50=127.81 75=192.38 90=270.08 95=322.05 99=469.76 99.9=1344.51 99.99=2160.64] [UPDATE: Count=159205 Max=15728.64 Min=7.14 Avg=155.76 10=57.31 25=81.15 50=136.32 75=201.09 90=280.32 95=333.82 99=501.76 99.9=1477.63 99.99=4423.68]
2025-04-21 14:48:04 75 sec: 326503 operations; [READ: Count=162894 Max=4657.15 Min=2.29 Avg=144.30 10=49.47 25=71.94 50=126.97 75=190.97 90=268.29 95=320.51 99=466.43 99.9=1342.46 99.99=2164.74] [UPDATE: Count=163609 Max=15728.64 Min=7.14 Avg=154.76 10=56.29 25=80.89 50=135.55 75=199.81 90=278.78 95=331.77 99=497.41 99.9=1471.49 99.99=4423.68]
2025-04-21 14:48:05 76 sec: 335315 operations; [READ: Count=167293 Max=4657.15 Min=2.29 Avg=143.32 10=48.13 25=71.68 50=126.27 75=189.57 90=266.75 95=318.72 99=462.85 99.9=1335.30 99.99=2160.64] [UPDATE: Count=168022 Max=15728.64 Min=7.14 Avg=153.78 10=54.66 25=80.64 50=134.91 75=198.66 90=276.99 95=330.24 99=494.33 99.9=1464.32 99.99=4190.21]
2025-04-21 14:48:06 77 sec: 344352 operations; [READ: Count=171836 Max=4657.15 Min=2.29 Avg=142.28 10=36.67 25=71.36 50=125.50 75=188.16 90=265.21 95=316.93 99=460.03 99.9=1331.20 99.99=2160.64] [UPDATE: Count=172516 Max=15728.64 Min=7.14 Avg=152.77 10=46.59 25=80.32 50=134.27 75=197.38 90=275.45 95=328.45 99=489.98 99.9=1451.01 99.99=4190.21]
2025-04-21 14:48:07 78 sec: 352988 operations; [READ: Count=176198 Max=4657.15 Min=2.29 Avg=141.47 10=20.99 25=71.17 50=124.86 75=187.13 90=263.94 95=315.39 99=456.96 99.9=1324.03 99.99=2136.06] [UPDATE: Count=176790 Max=15728.64 Min=7.14 Avg=151.97 10=34.21 25=80.13 50=133.63 75=196.22 90=273.92 95=326.91 99=486.91 99.9=1440.77 99.99=3860.48]
2025-04-21 14:48:08 79 sec: 361955 operations; [READ: Count=180717 Max=4657.15 Min=2.29 Avg=140.56 10=17.76 25=70.85 50=124.09 75=185.98 90=262.40 95=313.86 99=453.89 99.9=1318.91 99.99=2136.06] [UPDATE: Count=181238 Max=15728.64 Min=7.14 Avg=151.08 10=30.34 25=79.87 50=132.99 75=195.07 90=272.64 95=325.38 99=484.10 99.9=1424.38 99.99=3860.48]
2025-04-21 14:48:09 80 sec: 370957 operations; [READ: Count=185253 Max=4657.15 Min=2.29 Avg=139.68 10=16.30 25=70.53 50=123.39 75=184.96 90=260.86 95=312.32 99=450.81 99.9=1315.84 99.99=2083.84] [UPDATE: Count=185704 Max=15728.64 Min=7.14 Avg=150.22 10=28.37 25=79.61 50=132.35 75=194.05 90=271.10 95=323.84 99=480.77 99.9=1416.19 99.99=3860.48]
2025-04-21 14:48:10 81 sec: 380121 operations; [READ: Count=189872 Max=4657.15 Min=2.29 Avg=138.77 10=15.43 25=70.27 50=122.62 75=183.68 90=259.33 95=311.04 99=448.25 99.9=1308.67 99.99=2083.84] [UPDATE: Count=190249 Max=15728.64 Min=7.14 Avg=149.35 10=27.14 25=79.36 50=131.58 75=192.77 90=269.57 95=322.30 99=477.44 99.9=1403.90 99.99=3829.76]
2025-04-21 14:48:11 82 sec: 389780 operations; [READ: Count=194683 Max=4657.15 Min=2.29 Avg=137.74 10=14.60 25=69.95 50=121.79 75=182.27 90=257.79 95=308.99 99=445.69 99.9=1278.97 99.99=2083.84] [UPDATE: Count=195097 Max=15728.64 Min=7.14 Avg=148.31 10=26.13 25=79.04 50=130.75 75=191.49 90=267.77 95=320.77 99=473.09 99.9=1398.78 99.99=3829.76]
2025-04-21 14:48:12 83 sec: 399618 operations; [READ: Count=199600 Max=4657.15 Min=2.29 Avg=136.68 10=13.84 25=69.63 50=120.96 75=180.74 90=256.00 95=307.45 99=442.62 99.9=1266.69 99.99=2069.50] [UPDATE: Count=200018 Max=15728.64 Min=7.14 Avg=147.27 10=25.17 25=78.66 50=129.85 75=190.08 90=265.98 95=318.98 99=470.27 99.9=1390.59 99.99=3829.76]
2025-04-21 14:48:13 84 sec: 409525 operations; [READ: Count=204498 Max=4657.15 Min=2.29 Avg=135.65 10=13.26 25=69.25 50=120.13 75=179.46 90=254.46 95=305.92 99=440.83 99.9=1262.59 99.99=2069.50] [UPDATE: Count=205027 Max=15728.64 Min=7.14 Avg=146.26 10=24.50 25=78.33 50=128.96 75=188.67 90=264.19 95=317.44 99=467.71 99.9=1388.54 99.99=3829.76]
2025-04-21 14:48:14 85 sec: 419612 operations; [READ: Count=209598 Max=4657.15 Min=2.29 Avg=134.61 10=12.73 25=68.93 50=119.30 75=178.05 90=252.67 95=304.38 99=438.01 99.9=1260.54 99.99=2068.48] [UPDATE: Count=210014 Max=15728.64 Min=7.14 Avg=145.23 10=23.86 25=77.95 50=128.13 75=187.39 90=262.40 95=315.65 99=465.15 99.9=1380.35 99.99=3829.76]
2025-04-21 14:48:15 86 sec: 429613 operations; [READ: Count=214573 Max=4657.15 Min=2.29 Avg=133.67 10=12.40 25=68.61 50=118.53 75=176.77 90=251.26 95=302.59 99=435.45 99.9=1247.23 99.99=2068.48] [UPDATE: Count=215040 Max=15728.64 Min=7.14 Avg=144.26 10=23.31 25=77.63 50=127.36 75=186.11 90=260.86 95=314.11 99=462.33 99.9=1372.16 99.99=3774.46]
2025-04-21 14:48:16 87 sec: 439834 operations; [READ: Count=219751 Max=4657.15 Min=2.29 Avg=132.69 10=12.05 25=68.22 50=117.63 75=175.49 90=249.60 95=301.06 99=433.66 99.9=1240.06 99.99=2054.14] [UPDATE: Count=220083 Max=15728.64 Min=7.14 Avg=143.28 10=22.80 25=77.25 50=126.59 75=184.96 90=259.33 95=312.57 99=459.01 99.9=1367.04 99.99=3774.46]
2025-04-21 14:48:17 88 sec: 451096 operations; [READ: Count=225433 Max=4657.15 Min=2.29 Avg=131.42 10=11.67 25=67.65 50=116.42 75=173.69 90=247.68 95=299.26 99=430.33 99.9=1225.73 99.99=2049.02] [UPDATE: Count=225663 Max=15728.64 Min=7.14 Avg=142.04 10=22.34 25=76.73 50=125.44 75=183.29 90=257.54 95=310.78 99=455.94 99.9=1357.82 99.99=3692.54]
2025-04-21 14:48:18 89 sec: 463946 operations; [READ: Count=231760 Max=4657.15 Min=2.29 Avg=129.79 10=11.25 25=66.75 50=114.43 75=171.65 90=245.50 95=297.21 99=427.52 99.9=1210.37 99.99=2054.14] [UPDATE: Count=232186 Max=15728.64 Min=7.14 Avg=140.35 10=21.84 25=75.78 50=123.39 75=181.25 90=255.49 95=308.74 99=452.35 99.9=1351.68 99.99=3692.54]
2025-04-21 14:48:19 90 sec: 479504 operations; [READ: Count=239573 Max=4657.15 Min=2.29 Avg=127.45 10=10.82 25=65.09 50=110.85 75=168.96 90=242.94 95=294.65 99=424.19 99.9=1201.15 99.99=2049.02] [UPDATE: Count=239931 Max=15728.64 Min=7.14 Avg=138.02 10=21.28 25=74.24 50=120.00 75=178.69 90=252.93 95=306.18 99=448.51 99.9=1340.41 99.99=3692.54]
2025-04-21 14:48:20 91 sec: 495948 operations; [READ: Count=247756 Max=4657.15 Min=2.29 Avg=125.06 10=10.46 25=63.33 50=106.88 75=166.14 90=240.38 95=292.10 99=420.61 99.9=1189.89 99.99=2019.33] [UPDATE: Count=248192 Max=15728.64 Min=7.14 Avg=135.57 10=20.72 25=72.58 50=116.16 75=175.87 90=250.24 95=303.87 99=444.42 99.9=1320.96 99.99=3569.66]
2025-04-21 14:48:21 92 sec: 512466 operations; [READ: Count=255896 Max=4657.15 Min=2.29 Avg=122.81 10=10.14 25=61.76 50=103.04 75=163.58 90=237.69 95=289.79 99=417.28 99.9=1174.53 99.99=2009.09] [UPDATE: Count=256570 Max=15728.64 Min=7.14 Avg=133.24 10=20.32 25=70.85 50=112.38 75=173.31 90=247.68 95=301.31 99=440.57 99.9=1304.58 99.99=3502.08]
2025-04-21 14:48:22 93 sec: 528994 operations; [READ: Count=264097 Max=4657.15 Min=2.29 Avg=120.71 10=9.90 25=60.19 50=99.71 75=161.02 90=235.26 95=287.23 99=414.46 99.9=1169.41 99.99=2009.09] [UPDATE: Count=264897 Max=15728.64 Min=7.14 Avg=131.05 10=19.92 25=69.18 50=109.06 75=170.75 90=245.12 95=299.26 99=437.25 99.9=1296.38 99.99=3502.08]
2025-04-21 14:48:23 94 sec: 545666 operations; [READ: Count=272429 Max=4657.15 Min=2.29 Avg=118.65 10=9.65 25=58.78 50=96.89 75=158.59 90=232.70 95=285.18 99=411.90 99.9=1160.19 99.99=2007.04] [UPDATE: Count=273237 Max=15728.64 Min=7.14 Avg=129.02 10=19.54 25=67.71 50=106.37 75=168.32 90=242.56 95=296.96 99=433.66 99.9=1282.05 99.99=3407.87]
2025-04-21 14:48:24 95 sec: 562121 operations; [READ: Count=280599 Max=4657.15 Min=2.29 Avg=116.75 10=9.45 25=57.53 50=94.72 75=156.29 90=230.40 95=283.13 99=409.60 99.9=1142.78 99.99=1999.87] [UPDATE: Count=281522 Max=15728.64 Min=7.14 Avg=127.15 10=19.25 25=66.43 50=104.13 75=166.01 90=240.38 95=294.65 99=430.85 99.9=1261.57 99.99=3266.56]
2025-04-21 14:48:25 96 sec: 579020 operations; [READ: Count=289029 Max=4657.15 Min=2.29 Avg=114.86 10=9.23 25=56.29 50=92.67 75=153.98 90=227.97 95=281.09 99=406.53 99.9=1126.40 99.99=1980.41] [UPDATE: Count=289991 Max=15728.64 Min=7.14 Avg=125.31 10=18.96 25=65.09 50=102.14 75=163.71 90=238.21 95=292.61 99=427.77 99.9=1250.30 99.99=3002.37]
2025-04-21 14:48:26 97 sec: 595758 operations; [READ: Count=297411 Max=4657.15 Min=2.29 Avg=113.12 10=9.07 25=55.20 50=90.94 75=151.81 90=225.53 95=279.04 99=403.71 99.9=1116.16 99.99=1968.13] [UPDATE: Count=298347 Max=15728.64 Min=7.14 Avg=123.61 10=18.73 25=64.00 50=100.48 75=161.66 90=236.03 95=290.56 99=425.47 99.9=1238.02 99.99=2897.92]
2025-04-21 14:48:27 98 sec: 612936 operations; [READ: Count=305961 Max=4657.15 Min=2.29 Avg=111.39 10=8.90 25=54.24 50=89.41 75=149.63 90=223.23 95=276.74 99=400.89 99.9=1107.97 99.99=1956.86] [UPDATE: Count=306975 Max=15728.64 Min=7.14 Avg=121.90 10=18.50 25=62.98 50=98.94 75=159.62 90=233.60 95=288.51 99=422.40 99.9=1225.73 99.99=2856.96]
2025-04-21 14:48:28 99 sec: 630332 operations; [READ: Count=314567 Max=4657.15 Min=2.29 Avg=109.74 10=8.77 25=53.31 50=87.87 75=147.71 90=221.18 95=274.69 99=398.85 99.9=1097.73 99.99=1956.86] [UPDATE: Count=315765 Max=15728.64 Min=7.14 Avg=120.22 10=18.27 25=62.05 50=97.41 75=157.57 90=231.55 95=286.21 99=419.58 99.9=1210.37 99.99=2856.96]
2025-04-21 14:48:29 100 sec: 648549 operations; [READ: Count=323575 Max=4657.15 Min=2.29 Avg=108.02 10=8.59 25=52.35 50=86.27 75=145.66 90=218.75 95=272.64 99=395.77 99.9=1083.39 99.99=1955.84] [UPDATE: Count=324974 Max=15728.64 Min=7.14 Avg=118.51 10=18.00 25=60.93 50=95.74 75=155.39 90=228.99 95=283.90 99=416.77 99.9=1204.22 99.99=3002.37]
2025-04-21 14:48:30 101 sec: 668702 operations; [READ: Count=333710 Max=4657.15 Min=2.29 Avg=106.07 10=8.38 25=50.94 50=84.48 75=143.36 90=216.70 95=270.33 99=393.21 99.9=1069.06 99.99=1952.77] [UPDATE: Count=334992 Max=15728.64 Min=7.14 Avg=116.57 10=17.63 25=59.36 50=93.95 75=153.22 90=226.69 95=282.11 99=414.21 99.9=1185.79 99.99=2897.92]
2025-04-21 14:48:31 102 sec: 689215 operations; [READ: Count=343983 Max=4657.15 Min=2.29 Avg=104.19 10=8.20 25=49.53 50=82.81 75=141.18 90=214.40 95=268.03 99=391.17 99.9=1055.74 99.99=1934.34] [UPDATE: Count=345232 Max=15728.64 Min=7.14 Avg=114.67 10=17.33 25=57.79 50=92.29 75=150.91 90=224.38 95=279.81 99=411.90 99.9=1175.55 99.99=2856.96]
2025-04-21 14:48:32 103 sec: 708903 operations; [READ: Count=353869 Max=4657.15 Min=2.29 Avg=102.54 10=8.05 25=48.22 50=81.22 75=139.26 90=212.22 95=266.24 99=389.38 99.9=1046.53 99.99=1926.14] [UPDATE: Count=355034 Max=15728.64 Min=7.14 Avg=113.01 10=17.09 25=56.48 50=90.75 75=148.99 90=222.21 95=277.76 99=410.37 99.9=1161.21 99.99=2777.09]
2025-04-21 14:48:33 104 sec: 727178 operations; [READ: Count=362973 Max=4657.15 Min=2.29 Avg=101.20 10=7.93 25=46.78 50=79.81 75=137.47 90=210.56 95=265.21 99=389.38 99.9=1036.80 99.99=1907.71] [UPDATE: Count=364205 Max=15728.64 Min=7.14 Avg=111.63 10=16.83 25=55.10 50=89.41 75=147.33 90=220.54 95=276.48 99=410.62 99.9=1150.97 99.99=2777.09]
2025-04-21 14:48:34 105 sec: 744141 operations; [READ: Count=371356 Max=4657.15 Min=2.29 Avg=100.13 10=7.82 25=45.38 50=78.53 75=136.06 90=209.02 95=263.94 99=390.14 99.9=1060.86 99.99=1907.71] [UPDATE: Count=372785 Max=15728.64 Min=7.01 Avg=110.50 10=16.62 25=53.79 50=88.13 75=145.66 90=219.01 95=275.45 99=411.65 99.9=1161.21 99.99=2777.09]
2025-04-21 14:48:35 106 sec: 763692 operations; [READ: Count=381087 Max=4657.15 Min=2.29 Avg=98.74 10=7.70 25=43.81 50=77.12 75=134.14 90=207.10 95=262.01 99=388.61 99.9=1054.72 99.99=1888.26] [UPDATE: Count=382605 Max=15728.64 Min=7.01 Avg=109.06 10=16.40 25=52.41 50=86.72 75=143.74 90=216.96 95=273.66 99=410.37 99.9=1148.93 99.99=2736.13]
2025-04-21 14:48:36 107 sec: 783369 operations; [READ: Count=390891 Max=4657.15 Min=2.29 Avg=97.39 10=7.62 25=42.46 50=75.58 75=132.22 90=205.18 95=260.22 99=386.81 99.9=1047.55 99.99=1882.11] [UPDATE: Count=392478 Max=15728.64 Min=7.01 Avg=107.70 10=16.24 25=51.20 50=85.25 75=141.82 90=214.91 95=271.62 99=408.06 99.9=1142.78 99.99=2717.70]
2025-04-21 14:48:37 108 sec: 802176 operations; [READ: Count=400184 Max=4657.15 Min=2.29 Avg=96.21 10=7.55 25=41.34 50=74.24 75=130.50 90=203.26 95=258.69 99=385.28 99.9=1036.80 99.99=1882.11] [UPDATE: Count=401992 Max=15728.64 Min=7.01 Avg=106.50 10=16.12 25=50.11 50=83.90 75=140.16 90=213.12 95=269.82 99=406.53 99.9=1136.64 99.99=2609.15]
2025-04-21 14:48:38 109 sec: 819631 operations; [READ: Count=408892 Max=4657.15 Min=2.29 Avg=95.26 10=7.48 25=40.35 50=73.02 75=128.96 90=201.73 95=257.54 99=385.79 99.9=1050.62 99.99=1882.11] [UPDATE: Count=410739 Max=15728.64 Min=7.01 Avg=105.54 10=15.97 25=49.02 50=82.62 75=138.62 90=211.71 95=268.80 99=407.55 99.9=1138.69 99.99=2609.15]
2025-04-21 14:48:39 110 sec: 835984 operations; [READ: Count=417166 Max=4657.15 Min=2.29 Avg=94.49 10=7.42 25=39.55 50=71.87 75=127.61 90=200.70 95=256.77 99=386.81 99.9=1070.08 99.99=1882.11] [UPDATE: Count=418818 Max=15728.64 Min=7.01 Avg=104.74 10=15.88 25=48.13 50=81.47 75=137.22 90=210.56 95=268.03 99=408.57 99.9=1145.86 99.99=2516.99]
2025-04-21 14:48:40 111 sec: 856875 operations; [READ: Count=427642 Max=4657.15 Min=2.29 Avg=93.21 10=7.37 25=38.78 50=70.27 75=125.69 90=198.78 95=254.97 99=384.77 99.9=1056.77 99.99=1867.78] [UPDATE: Count=429233 Max=15728.64 Min=7.01 Avg=103.45 10=15.76 25=47.23 50=79.94 75=135.29 90=208.77 95=266.24 99=405.76 99.9=1138.69 99.99=2512.89]
2025-04-21 14:48:41 112 sec: 877652 operations; [READ: Count=438055 Max=4657.15 Min=2.29 Avg=91.97 10=7.33 25=38.17 50=68.67 75=123.71 90=196.99 95=253.18 99=382.21 99.9=1050.62 99.99=1859.58] [UPDATE: Count=439597 Max=15728.64 Min=7.01 Avg=102.26 10=15.70 25=46.53 50=78.40 75=133.50 90=206.97 95=264.45 99=403.71 99.9=1128.45 99.99=2461.70]
2025-04-21 14:48:42 113 sec: 898190 operations; [READ: Count=448386 Max=4657.15 Min=2.29 Avg=90.81 10=7.29 25=37.73 50=67.07 75=121.92 90=195.07 95=251.65 99=380.42 99.9=1042.43 99.99=1854.46] [UPDATE: Count=449804 Max=15728.64 Min=7.01 Avg=101.16 10=15.66 25=45.98 50=76.86 75=131.71 90=205.31 95=262.91 99=402.43 99.9=1122.30 99.99=2326.53]
2025-04-21 14:48:43 114 sec: 917215 operations; [READ: Count=457878 Max=4657.15 Min=2.29 Avg=89.86 10=7.32 25=37.41 50=65.47 75=120.38 90=193.53 95=250.37 99=380.16 99.9=1029.12 99.99=1841.15] [UPDATE: Count=459337 Max=15728.64 Min=7.01 Avg=100.26 10=15.66 25=45.57 50=75.39 75=130.18 90=203.90 95=261.63 99=401.92 99.9=1121.28 99.99=2320.38]
2025-04-21 14:48:44 115 sec: 932788 operations; [READ: Count=465622 Max=4657.15 Min=2.23 Avg=89.33 10=7.34 25=37.15 50=64.22 75=119.23 90=192.51 95=249.73 99=382.21 99.9=1060.86 99.99=1841.15] [UPDATE: Count=467166 Max=15728.64 Min=7.01 Avg=99.73 10=15.65 25=45.15 50=74.24 75=129.02 90=203.01 95=261.12 99=404.99 99.9=1138.69 99.99=2279.42]
2025-04-21 14:48:45 116 sec: 952756 operations; [READ: Count=475653 Max=4657.15 Min=2.23 Avg=88.36 10=7.38 25=36.83 50=62.62 75=117.63 90=190.85 95=248.32 99=380.93 99.9=1058.82 99.99=1838.08] [UPDATE: Count=477103 Max=15728.64 Min=7.01 Avg=98.80 10=15.68 25=44.73 50=72.83 75=127.55 90=201.60 95=259.84 99=403.97 99.9=1132.54 99.99=2271.23]
2025-04-21 14:48:46 117 sec: 974061 operations; [READ: Count=486348 Max=4657.15 Min=2.23 Avg=87.30 10=7.41 25=36.48 50=61.05 75=116.03 90=189.06 95=246.53 99=378.88 99.9=1051.65 99.99=1833.98] [UPDATE: Count=487713 Max=15728.64 Min=6.98 Avg=97.77 10=15.70 25=44.29 50=71.30 75=126.02 90=199.81 95=258.30 99=402.43 99.9=1122.30 99.99=2269.18]
2025-04-21 14:48:47 118 sec: 995161 operations; [READ: Count=496881 Max=4657.15 Min=2.23 Avg=86.31 10=7.43 25=36.09 50=59.65 75=114.50 90=187.26 95=244.99 99=377.34 99.9=1047.04 99.99=1833.98] [UPDATE: Count=498280 Max=15728.64 Min=6.98 Avg=96.80 10=15.71 25=43.81 50=69.89 75=124.54 90=198.40 95=256.89 99=400.89 99.9=1120.26 99.99=2205.70]
2025-04-21 14:48:48 119 sec: 1000000 operations; [READ: Count=499257 Max=4657.15 Min=2.23 Avg=86.08 10=7.44 25=36.00 50=59.36 75=114.17 90=186.88 95=244.61 99=376.57 99.9=1043.45 99.99=1833.98] [UPDATE: Count=500743 Max=15728.64 Min=6.98 Avg=96.57 10=15.72 25=43.68 50=69.57 75=124.22 90=198.01 95=256.64 99=400.64 99.9=1119.23 99.99=2205.70]
2025-04-21 14:48:49 120 sec: 1000000 operations; [READ: Count=499257 Max=4657.15 Min=2.23 Avg=86.08 10=7.44 25=36.00 50=59.36 75=114.17 90=186.88 95=244.61 99=376.57 99.9=1043.45 99.99=1833.98] [UPDATE: Count=500743 Max=15728.64 Min=6.98 Avg=96.57 10=15.72 25=43.68 50=69.57 75=124.22 90=198.01 95=256.64 99=400.64 99.9=1119.23 99.99=2205.70]
2025-04-21 14:48:50 121 sec: 1000000 operations; [READ: Count=499257 Max=4657.15 Min=2.23 Avg=86.08 10=7.44 25=36.00 50=59.36 75=114.17 90=186.88 95=244.61 99=376.57 99.9=1043.45 99.99=1833.98] [UPDATE: Count=500743 Max=15728.64 Min=6.98 Avg=96.57 10=15.72 25=43.68 50=69.57 75=124.22 90=198.01 95=256.64 99=400.64 99.9=1119.23 99.99=2205.70]
2025-04-21 14:48:51 122 sec: 1000000 operations; [READ: Count=499257 Max=4657.15 Min=2.23 Avg=86.08 10=7.44 25=36.00 50=59.36 75=114.17 90=186.88 95=244.61 99=376.57 99.9=1043.45 99.99=1833.98] [UPDATE: Count=500743 Max=15728.64 Min=6.98 Avg=96.57 10=15.72 25=43.68 50=69.57 75=124.22 90=198.01 95=256.64 99=400.64 99.9=1119.23 99.99=2205.70]
2025-04-21 14:48:52 123 sec: 1000000 operations; [READ: Count=499257 Max=4657.15 Min=2.23 Avg=86.08 10=7.44 25=36.00 50=59.36 75=114.17 90=186.88 95=244.61 99=376.57 99.9=1043.45 99.99=1833.98] [UPDATE: Count=500743 Max=15728.64 Min=6.98 Avg=96.57 10=15.72 25=43.68 50=69.57 75=124.22 90=198.01 95=256.64 99=400.64 99.9=1119.23 99.99=2205.70]
2025-04-21 14:48:53 124 sec: 1000000 operations; [READ: Count=499257 Max=4657.15 Min=2.23 Avg=86.08 10=7.44 25=36.00 50=59.36 75=114.17 90=186.88 95=244.61 99=376.57 99.9=1043.45 99.99=1833.98] [UPDATE: Count=500743 Max=15728.64 Min=6.98 Avg=96.57 10=15.72 25=43.68 50=69.57 75=124.22 90=198.01 95=256.64 99=400.64 99.9=1119.23 99.99=2205.70]
2025-04-21 14:48:53 124 sec: 1000000 operations; [READ: Count=499257 Max=4657.15 Min=2.23 Avg=86.08 10=7.44 25=36.00 50=59.36 75=114.17 90=186.88 95=244.61 99=376.57 99.9=1043.45 99.99=1833.98] [UPDATE: Count=500743 Max=15728.64 Min=6.98 Avg=96.57 10=15.72 25=43.68 50=69.57 75=124.22 90=198.01 95=256.64 99=400.64 99.9=1119.23 99.99=2205.70]
Run runtime(sec): 124.77
Run operations(ops): 1000000
Run throughput(ops/sec): 8014.75
