Running scope as unit: run-r9523f2f617934955b9f38c7d4082ff04.scope
load file:/home/user/DataFiles/silesia_data/silesia.tar
2025-04-21 14:27:39 0 sec: 0 operations;
2025-04-21 14:27:40 1 sec: 0 operations;
2025-04-21 14:27:41 2 sec: 0 operations;
2025-04-21 14:27:42 3 sec: 0 operations;
2025-04-21 14:27:43 4 sec: 0 operations;
2025-04-21 14:27:44 5 sec: 0 operations;
2025-04-21 14:27:45 6 sec: 0 operations;
2025-04-21 14:27:46 7 sec: 0 operations;
2025-04-21 14:27:47 8 sec: 0 operations;
2025-04-21 14:27:48 9 sec: 0 operations;
2025-04-21 14:27:49 10 sec: 0 operations;
2025-04-21 14:27:50 11 sec: 0 operations;
2025-04-21 14:27:51 12 sec: 0 operations;
2025-04-21 14:27:52 13 sec: 0 operations;
2025-04-21 14:27:53 14 sec: 0 operations;
2025-04-21 14:27:54 15 sec: 0 operations;
2025-04-21 14:27:55 16 sec: 0 operations;
2025-04-21 14:27:56 17 sec: 0 operations;
2025-04-21 14:27:57 18 sec: 0 operations;
2025-04-21 14:27:58 19 sec: 0 operations;
2025-04-21 14:27:59 20 sec: 0 operations;
2025-04-21 14:28:00 21 sec: 0 operations;
2025-04-21 14:28:01 22 sec: 0 operations;
2025-04-21 14:28:02 23 sec: 0 operations;
2025-04-21 14:28:03 24 sec: 0 operations;
2025-04-21 14:28:04 25 sec: 0 operations;
2025-04-21 14:28:05 26 sec: 0 operations;
2025-04-21 14:28:06 27 sec: 0 operations;
2025-04-21 14:28:07 28 sec: 0 operations;
2025-04-21 14:28:08 29 sec: 0 operations;
2025-04-21 14:28:09 30 sec: 0 operations;
2025-04-21 14:28:10 31 sec: 0 operations;
2025-04-21 14:28:11 32 sec: 0 operations;
2025-04-21 14:28:12 33 sec: 0 operations;
2025-04-21 14:28:13 34 sec: 0 operations;
2025-04-21 14:28:14 35 sec: 0 operations;
2025-04-21 14:28:15 36 sec: 0 operations;
2025-04-21 14:28:16 37 sec: 0 operations;
2025-04-21 14:28:17 38 sec: 0 operations;
2025-04-21 14:28:18 39 sec: 0 operations;
2025-04-21 14:28:19 40 sec: 0 operations;
2025-04-21 14:28:20 41 sec: 0 operations;
2025-04-21 14:28:21 42 sec: 1836 operations; [READ: Count=945 Max=1063.93 Min=8.96 Avg=228.33 10=112.00 25=148.22 50=201.73 75=279.30 90=375.55 95=460.54 99=698.88 99.9=898.05 99.99=1063.93] [UPDATE: Count=891 Max=2338.82 Min=16.58 Avg=230.94 10=114.37 25=152.83 50=207.10 75=272.13 90=381.69 95=441.34 99=689.66 99.9=969.73 99.99=2338.82]
2025-04-21 14:28:22 43 sec: 5104 operations; [READ: Count=2556 Max=1063.93 Min=7.18 Avg=272.17 10=114.56 25=169.34 50=245.76 75=349.44 90=464.89 95=543.23 99=701.95 99.9=898.05 99.99=1063.93] [UPDATE: Count=2548 Max=2527.23 Min=12.22 Avg=283.42 10=125.44 25=181.38 50=256.51 75=357.89 90=474.88 95=557.05 99=745.47 99.9=1255.42 99.99=2527.23]
2025-04-21 14:28:23 44 sec: 8747 operations; [READ: Count=4339 Max=1063.93 Min=4.30 Avg=270.40 10=109.50 25=171.90 50=248.32 75=347.65 90=459.77 95=527.87 99=686.08 99.9=898.05 99.99=1063.93] [UPDATE: Count=4408 Max=2527.23 Min=12.22 Avg=281.45 10=118.27 25=182.40 50=258.56 75=356.86 90=465.92 95=549.38 99=716.80 99.9=1255.42 99.99=2527.23]
2025-04-21 14:28:24 45 sec: 12533 operations; [READ: Count=6275 Max=1063.93 Min=2.67 Avg=263.60 10=104.96 25=168.06 50=242.43 75=340.74 90=449.54 95=514.56 99=677.38 99.9=884.22 99.99=1052.67] [UPDATE: Count=6258 Max=5312.51 Min=8.51 Avg=280.55 10=114.24 25=178.69 50=254.97 75=350.98 90=459.77 95=545.79 99=734.21 99.9=2242.56 99.99=4734.98]
2025-04-21 14:28:25 46 sec: 17578 operations; [READ: Count=8783 Max=1063.93 Min=2.67 Avg=243.49 10=95.94 25=154.37 50=221.95 75=312.06 90=417.02 95=486.65 99=640.51 99.9=862.72 99.99=1052.67] [UPDATE: Count=8795 Max=5312.51 Min=8.51 Avg=257.55 10=103.94 25=163.33 50=232.70 75=321.54 90=426.75 95=503.55 99=698.37 99.9=1870.85 99.99=4734.98]
2025-04-21 14:28:26 47 sec: 22095 operations; [READ: Count=10992 Max=1063.93 Min=2.67 Avg=237.61 10=94.59 25=151.68 50=218.75 75=303.36 90=402.69 95=471.30 99=618.50 99.9=849.41 99.99=1052.67] [UPDATE: Count=11103 Max=5312.51 Min=8.51 Avg=250.95 10=101.63 25=161.92 50=229.63 75=313.09 90=411.39 95=484.61 99=676.35 99.9=1828.86 99.99=4734.98]
2025-04-21 14:28:27 48 sec: 26677 operations; [READ: Count=13331 Max=1063.93 Min=2.67 Avg=233.16 10=93.82 25=150.27 50=215.81 75=295.94 90=391.42 95=458.50 99=598.53 99.9=845.31 99.99=1052.67] [UPDATE: Count=13346 Max=5312.51 Min=8.51 Avg=246.08 10=101.18 25=160.77 50=227.20 75=306.94 90=400.89 95=470.78 99=653.31 99.9=1490.94 99.99=4734.98]
2025-04-21 14:28:28 49 sec: 31344 operations; [READ: Count=15681 Max=1063.93 Min=2.67 Avg=229.53 10=92.16 25=148.99 50=213.12 75=292.35 90=384.00 95=449.79 99=588.29 99.9=823.29 99.99=1000.45] [UPDATE: Count=15663 Max=5312.51 Min=8.51 Avg=241.79 10=98.69 25=158.59 50=224.00 75=302.08 90=393.21 95=460.54 99=641.53 99.9=1296.38 99.99=4337.66]
2025-04-21 14:28:29 50 sec: 36071 operations; [READ: Count=18055 Max=1063.93 Min=2.67 Avg=226.14 10=90.75 25=147.58 50=211.07 75=287.23 90=376.32 95=438.78 99=577.02 99.9=816.64 99.99=1000.45] [UPDATE: Count=18016 Max=5312.51 Min=8.51 Avg=238.53 10=97.66 25=157.18 50=221.95 75=299.01 90=385.02 95=451.33 99=628.74 99.9=1296.38 99.99=4337.66]
2025-04-21 14:28:30 51 sec: 40786 operations; [READ: Count=20435 Max=1063.93 Min=2.67 Avg=223.54 10=88.77 25=146.05 50=209.41 75=284.67 90=371.20 95=433.15 99=570.88 99.9=805.38 99.99=1000.45] [UPDATE: Count=20351 Max=5312.51 Min=8.51 Avg=236.19 10=96.96 25=156.03 50=220.67 75=296.45 90=381.18 95=445.18 99=621.57 99.9=1200.13 99.99=4337.66]
2025-04-21 14:28:31 52 sec: 45501 operations; [READ: Count=22803 Max=1063.93 Min=2.67 Avg=221.49 10=87.87 25=145.41 50=208.00 75=282.37 90=367.10 95=426.75 99=560.13 99.9=778.24 99.99=1000.45] [UPDATE: Count=22698 Max=5312.51 Min=8.51 Avg=234.31 10=96.58 25=155.65 50=219.90 75=294.14 90=377.09 95=440.57 99=603.13 99.9=1100.80 99.99=4337.66]
2025-04-21 14:28:32 53 sec: 50231 operations; [READ: Count=25163 Max=1063.93 Min=2.67 Avg=220.04 10=87.23 25=144.64 50=206.85 75=281.09 90=364.03 95=422.40 99=554.50 99.9=771.07 99.99=969.73] [UPDATE: Count=25068 Max=5312.51 Min=8.51 Avg=232.40 10=96.06 25=155.01 50=218.75 75=291.84 90=373.25 95=435.97 99=597.50 99.9=1076.22 99.99=2734.08]
2025-04-21 14:28:33 54 sec: 54915 operations; [READ: Count=27524 Max=1063.93 Min=2.67 Avg=219.00 10=86.66 25=144.25 50=206.34 75=279.81 90=361.98 95=418.81 99=548.35 99.9=743.93 99.99=969.73] [UPDATE: Count=27391 Max=5312.51 Min=8.51 Avg=231.06 10=95.23 25=154.50 50=217.85 75=291.07 90=371.20 95=431.87 99=591.36 99.9=1038.85 99.99=2734.08]
2025-04-21 14:28:34 55 sec: 59660 operations; [READ: Count=29914 Max=1063.93 Min=2.67 Avg=217.94 10=86.08 25=144.00 50=205.82 75=278.78 90=359.42 95=415.74 99=545.28 99.9=741.38 99.99=969.73] [UPDATE: Count=29746 Max=5312.51 Min=8.51 Avg=229.69 10=94.40 25=153.73 50=217.34 75=289.79 90=368.89 95=427.77 99=582.65 99.9=1011.71 99.99=2734.08]
2025-04-21 14:28:35 56 sec: 64604 operations; [READ: Count=32337 Max=1063.93 Min=2.67 Avg=216.19 10=85.06 25=142.97 50=204.41 75=276.74 90=356.10 95=412.93 99=541.18 99.9=734.72 99.99=969.73] [UPDATE: Count=32267 Max=5312.51 Min=8.51 Avg=227.94 10=93.38 25=152.83 50=215.81 75=287.49 90=366.33 95=423.42 99=578.56 99.9=1004.54 99.99=3690.49]
2025-04-21 14:28:36 57 sec: 69394 operations; [READ: Count=34752 Max=1063.93 Min=2.67 Avg=215.22 10=84.42 25=142.59 50=203.90 75=275.97 90=354.56 95=411.13 99=537.09 99.9=729.60 99.99=969.73] [UPDATE: Count=34642 Max=5312.51 Min=8.51 Avg=226.90 10=92.48 25=152.19 50=215.29 75=286.46 90=365.06 95=421.38 99=570.37 99.9=976.38 99.99=3690.49]
2025-04-21 14:28:37 58 sec: 74135 operations; [READ: Count=37079 Max=1063.93 Min=2.67 Avg=214.55 10=83.84 25=142.34 50=203.90 75=275.45 90=353.02 95=408.83 99=533.50 99.9=719.87 99.99=898.05] [UPDATE: Count=37056 Max=5312.51 Min=8.51 Avg=226.10 10=92.22 25=151.68 50=214.91 75=285.95 90=364.03 95=419.33 99=566.27 99.9=973.31 99.99=2734.08]
2025-04-21 14:28:38 59 sec: 78862 operations; [READ: Count=39379 Max=1063.93 Min=2.67 Avg=213.93 10=83.58 25=142.08 50=203.65 75=274.94 90=351.74 95=406.78 99=531.46 99.9=718.85 99.99=898.05] [UPDATE: Count=39483 Max=5312.51 Min=8.51 Avg=225.50 10=92.16 25=151.68 50=214.53 75=285.44 90=362.75 95=417.28 99=562.17 99.9=969.73 99.99=2734.08]
2025-04-21 14:28:39 60 sec: 83646 operations; [READ: Count=41854 Max=1063.93 Min=2.67 Avg=213.34 10=83.07 25=141.95 50=203.52 75=274.18 90=350.72 95=405.25 99=528.38 99.9=715.77 99.99=898.05] [UPDATE: Count=41792 Max=5312.51 Min=8.51 Avg=224.76 10=91.65 25=151.29 50=214.14 75=284.93 90=361.21 95=415.74 99=559.10 99.9=948.22 99.99=2734.08]
2025-04-21 14:28:40 61 sec: 88459 operations; [READ: Count=44241 Max=1063.93 Min=2.67 Avg=212.14 10=82.50 25=141.31 50=202.62 75=272.89 90=348.93 95=402.43 99=525.82 99.9=711.17 99.99=898.05] [UPDATE: Count=44218 Max=22855.68 Min=8.51 Avg=224.58 10=91.14 25=150.66 50=213.25 75=283.65 90=359.68 95=413.69 99=556.54 99.9=952.83 99.99=4337.66]
2025-04-21 14:28:41 62 sec: 93153 operations; [READ: Count=46676 Max=1063.93 Min=2.67 Avg=211.60 10=82.30 25=141.06 50=202.37 75=272.38 90=347.65 95=400.64 99=523.77 99.9=703.49 99.99=888.83] [UPDATE: Count=46477 Max=22855.68 Min=8.51 Avg=224.49 10=90.94 25=150.66 50=213.38 75=283.90 90=359.42 95=412.93 99=554.50 99.9=969.73 99.99=3690.49]
2025-04-21 14:28:42 63 sec: 97891 operations; [READ: Count=48982 Max=1063.93 Min=2.67 Avg=211.16 10=81.98 25=140.80 50=202.11 75=272.13 90=346.88 95=399.62 99=520.96 99.9=703.49 99.99=898.05] [UPDATE: Count=48909 Max=22855.68 Min=8.51 Avg=224.12 10=90.81 25=150.40 50=213.12 75=283.65 90=359.17 95=412.16 99=550.91 99.9=948.22 99.99=3690.49]
2025-04-21 14:28:43 64 sec: 102665 operations; [READ: Count=51346 Max=1063.93 Min=2.67 Avg=210.80 10=81.66 25=140.67 50=202.11 75=271.87 90=346.11 95=398.85 99=518.91 99.9=705.53 99.99=898.05] [UPDATE: Count=51319 Max=22855.68 Min=8.51 Avg=223.58 10=90.43 25=150.14 50=212.86 75=283.39 90=358.65 95=411.39 99=548.86 99.9=946.17 99.99=3690.49]
2025-04-21 14:28:44 65 sec: 107629 operations; [READ: Count=53777 Max=1063.93 Min=2.67 Avg=210.11 10=81.09 25=140.03 50=201.73 75=271.10 90=345.09 95=397.57 99=516.61 99.9=703.49 99.99=898.05] [UPDATE: Count=53852 Max=22855.68 Min=8.51 Avg=222.71 10=89.60 25=149.50 50=212.35 75=282.62 90=357.38 95=410.37 99=545.79 99.9=919.04 99.99=3690.49]
2025-04-21 14:28:45 66 sec: 112744 operations; [READ: Count=56324 Max=1063.93 Min=2.67 Avg=208.86 10=80.19 25=138.88 50=200.57 75=269.82 90=343.81 95=395.77 99=515.33 99.9=701.95 99.99=888.83] [UPDATE: Count=56420 Max=22855.68 Min=8.51 Avg=221.96 10=88.83 25=148.48 50=211.20 75=281.09 90=355.33 95=408.57 99=543.74 99.9=919.04 99.99=4337.66]
2025-04-21 14:28:46 67 sec: 117983 operations; [READ: Count=58954 Max=1063.93 Min=2.67 Avg=207.76 10=79.49 25=138.11 50=199.68 75=268.80 90=342.53 95=394.24 99=513.53 99.9=698.88 99.99=898.05] [UPDATE: Count=59029 Max=22855.68 Min=8.51 Avg=220.77 10=88.00 25=147.58 50=209.92 75=280.06 90=354.05 95=407.04 99=541.18 99.9=908.80 99.99=4337.66]
2025-04-21 14:28:47 68 sec: 123171 operations; [READ: Count=61541 Max=1063.93 Min=2.67 Avg=206.82 10=78.66 25=137.47 50=198.91 75=267.77 90=340.99 95=392.96 99=512.00 99.9=697.34 99.99=898.05] [UPDATE: Count=61630 Max=22855.68 Min=8.51 Avg=219.80 10=87.36 25=146.81 50=209.02 75=279.04 90=353.02 95=406.27 99=539.65 99.9=901.12 99.99=4337.66]
2025-04-21 14:28:48 69 sec: 128411 operations; [READ: Count=64233 Max=1063.93 Min=2.67 Avg=205.89 10=77.76 25=136.70 50=198.14 75=267.01 90=339.97 95=391.68 99=510.46 99.9=695.81 99.99=898.05] [UPDATE: Count=64178 Max=22855.68 Min=8.51 Avg=218.81 10=86.53 25=146.05 50=208.25 75=278.27 90=352.00 95=404.74 99=536.58 99.9=901.12 99.99=4337.66]
2025-04-21 14:28:49 70 sec: 133737 operations; [READ: Count=66922 Max=1063.93 Min=2.67 Avg=204.94 10=76.86 25=135.81 50=197.25 75=266.24 90=338.94 95=390.65 99=508.67 99.9=690.69 99.99=898.05] [UPDATE: Count=66815 Max=22855.68 Min=7.98 Avg=217.73 10=85.76 25=145.28 50=207.36 75=277.25 90=350.98 95=403.97 99=533.50 99.9=893.44 99.99=3690.49]
2025-04-21 14:28:50 71 sec: 139016 operations; [READ: Count=69592 Max=1063.93 Min=2.67 Avg=204.17 10=76.09 25=135.04 50=196.86 75=265.21 90=337.92 95=389.89 99=507.90 99.9=690.17 99.99=898.05] [UPDATE: Count=69424 Max=22855.68 Min=7.98 Avg=216.76 10=84.93 25=144.38 50=206.59 75=276.22 90=349.69 95=402.43 99=531.46 99.9=893.44 99.99=4337.66]
2025-04-21 14:28:51 72 sec: 144181 operations; [READ: Count=72187 Max=1063.93 Min=2.67 Avg=203.38 10=75.39 25=134.27 50=196.09 75=264.45 90=337.15 95=388.35 99=505.60 99.9=687.62 99.99=934.40] [UPDATE: Count=71994 Max=22855.68 Min=7.98 Avg=216.27 10=84.16 25=143.49 50=205.95 75=275.71 90=348.93 95=401.15 99=530.43 99.9=894.98 99.99=4734.98]
2025-04-21 14:28:52 73 sec: 149563 operations; [READ: Count=74857 Max=1063.93 Min=2.67 Avg=202.50 10=74.43 25=133.50 50=195.33 75=263.94 90=336.38 95=387.33 99=504.32 99.9=687.62 99.99=934.40] [UPDATE: Count=74706 Max=22855.68 Min=7.77 Avg=215.35 10=83.39 25=142.85 50=205.18 75=274.94 90=347.90 95=399.87 99=528.38 99.9=892.41 99.99=4734.98]
2025-04-21 14:28:53 74 sec: 154901 operations; [READ: Count=77541 Max=1063.93 Min=2.64 Avg=201.75 10=73.66 25=132.86 50=194.69 75=263.17 90=335.87 95=386.30 99=503.30 99.9=686.08 99.99=898.05] [UPDATE: Count=77360 Max=22855.68 Min=7.77 Avg=214.54 10=82.75 25=142.21 50=204.41 75=274.18 90=346.88 95=399.10 99=525.82 99.9=887.29 99.99=4464.64]
2025-04-21 14:28:54 75 sec: 160145 operations; [READ: Count=80184 Max=1063.93 Min=2.64 Avg=201.14 10=73.02 25=132.35 50=194.18 75=262.91 90=335.10 95=385.79 99=501.76 99.9=686.08 99.99=898.05] [UPDATE: Count=79961 Max=22855.68 Min=7.77 Avg=213.94 10=82.24 25=141.82 50=203.90 75=273.66 90=346.37 95=398.59 99=524.80 99.9=875.01 99.99=4464.64]
2025-04-21 14:28:55 76 sec: 165486 operations; [READ: Count=82861 Max=1063.93 Min=2.64 Avg=200.48 10=72.38 25=131.84 50=193.53 75=262.14 90=334.85 95=385.28 99=501.25 99.9=686.08 99.99=898.05] [UPDATE: Count=82625 Max=22855.68 Min=7.77 Avg=213.22 10=81.73 25=141.06 50=203.39 75=273.41 90=345.60 95=397.57 99=523.77 99.9=857.60 99.99=4464.64]
2025-04-21 14:28:56 77 sec: 170975 operations; [READ: Count=85549 Max=1063.93 Min=2.64 Avg=199.68 10=71.55 25=131.20 50=192.90 75=261.38 90=334.08 95=384.51 99=500.22 99.9=685.57 99.99=888.83] [UPDATE: Count=85426 Max=22855.68 Min=7.47 Avg=212.37 10=81.02 25=140.16 50=202.75 75=272.64 90=344.57 95=396.29 99=521.98 99.9=857.60 99.99=4337.66]
2025-04-21 14:28:57 78 sec: 176317 operations; [READ: Count=88218 Max=1063.93 Min=2.64 Avg=199.12 10=71.10 25=130.69 50=192.51 75=260.74 90=333.31 95=383.49 99=498.94 99.9=685.05 99.99=888.83] [UPDATE: Count=88099 Max=22855.68 Min=7.47 Avg=211.72 10=80.45 25=139.65 50=202.11 75=271.87 90=344.06 95=395.52 99=521.73 99.9=852.99 99.99=4337.66]
2025-04-21 14:28:58 79 sec: 181690 operations; [READ: Count=90904 Max=1063.93 Min=2.64 Avg=198.51 10=70.46 25=130.18 50=192.00 75=260.35 90=332.54 95=382.46 99=497.41 99.9=681.98 99.99=888.83] [UPDATE: Count=90786 Max=22855.68 Min=7.47 Avg=211.11 10=79.81 25=139.26 50=201.73 75=271.36 90=343.55 95=394.75 99=519.68 99.9=852.99 99.99=4337.66]
2025-04-21 14:28:59 80 sec: 187043 operations; [READ: Count=93609 Max=1063.93 Min=2.64 Avg=198.02 10=70.02 25=129.79 50=191.49 75=259.84 90=332.03 95=381.95 99=496.64 99.9=678.40 99.99=888.83] [UPDATE: Count=93434 Max=22855.68 Min=7.47 Avg=210.51 10=79.17 25=138.62 50=201.22 75=271.10 90=343.04 95=394.24 99=518.40 99.9=848.89 99.99=4337.66]
2025-04-21 14:29:00 81 sec: 192359 operations; [READ: Count=96230 Max=1063.93 Min=2.64 Avg=197.47 10=69.50 25=129.28 50=191.10 75=259.33 90=331.52 95=381.44 99=495.62 99.9=677.89 99.99=884.22] [UPDATE: Count=96129 Max=22855.68 Min=7.47 Avg=210.09 10=78.72 25=138.24 50=200.70 75=270.59 90=342.78 95=393.47 99=517.12 99.9=848.89 99.99=4337.66]
2025-04-21 14:29:01 82 sec: 197825 operations; [READ: Count=98991 Max=1063.93 Min=2.64 Avg=196.85 10=68.93 25=128.83 50=190.46 75=258.81 90=330.75 95=380.42 99=493.57 99.9=676.86 99.99=884.22] [UPDATE: Count=98834 Max=22855.68 Min=7.47 Avg=209.50 10=78.02 25=137.73 50=200.19 75=270.08 90=342.01 95=392.70 99=516.35 99.9=852.99 99.99=4464.64]
2025-04-21 14:29:02 83 sec: 203344 operations; [READ: Count=101714 Max=1063.93 Min=2.64 Avg=196.28 10=68.35 25=128.38 50=189.95 75=258.18 90=329.98 95=379.39 99=491.77 99.9=671.74 99.99=884.22] [UPDATE: Count=101630 Max=22855.68 Min=7.47 Avg=208.81 10=77.57 25=137.34 50=199.68 75=269.31 90=341.25 95=391.42 99=514.56 99.9=848.38 99.99=4464.64]
2025-04-21 14:29:03 84 sec: 209011 operations; [READ: Count=104550 Max=1063.93 Min=2.64 Avg=195.57 10=67.78 25=127.87 50=189.31 75=257.41 90=329.21 95=378.62 99=490.50 99.9=669.70 99.99=884.22] [UPDATE: Count=104461 Max=22855.68 Min=7.47 Avg=208.04 10=77.12 25=136.83 50=199.17 75=268.80 90=340.22 95=390.14 99=512.51 99.9=840.19 99.99=4464.64]
2025-04-21 14:29:04 85 sec: 219559 operations; [READ: Count=109789 Max=1063.93 Min=2.64 Avg=190.47 10=63.65 25=118.40 50=184.06 75=253.69 90=325.63 95=375.30 99=487.68 99.9=665.09 99.99=883.20] [UPDATE: Count=109770 Max=22855.68 Min=7.47 Avg=202.74 10=72.58 25=127.81 50=193.41 75=264.96 90=336.89 95=386.81 99=508.42 99.9=835.58 99.99=4337.66]
2025-04-21 14:29:05 86 sec: 231313 operations; [READ: Count=115701 Max=1743.87 Min=2.64 Avg=184.70 10=60.19 25=105.53 50=177.53 75=249.22 90=322.05 95=371.71 99=484.10 99.9=659.46 99.99=883.20] [UPDATE: Count=115612 Max=22855.68 Min=7.47 Avg=197.08 10=68.99 25=115.78 50=187.01 75=260.61 90=333.31 95=383.49 99=504.83 99.9=835.58 99.99=4288.51]
2025-04-21 14:29:06 87 sec: 244171 operations; [READ: Count=122141 Max=6193.15 Min=2.64 Avg=178.71 10=56.73 25=92.35 50=169.98 75=244.61 90=318.21 95=367.87 99=481.28 99.9=669.70 99.99=1062.91] [UPDATE: Count=122030 Max=22855.68 Min=7.47 Avg=191.05 10=65.47 25=102.46 50=179.84 75=256.00 90=329.73 95=380.42 99=503.30 99.9=858.11 99.99=4288.51]
2025-04-21 14:29:07 88 sec: 258544 operations; [READ: Count=129290 Max=6193.15 Min=2.64 Avg=172.31 10=54.53 25=82.50 50=162.05 75=239.62 90=313.60 95=363.77 99=477.69 99.9=665.09 99.99=1052.67] [UPDATE: Count=129254 Max=22855.68 Min=7.47 Avg=184.51 10=62.88 25=92.22 50=171.90 75=250.88 90=325.12 95=376.32 99=498.69 99.9=852.99 99.99=3690.49]
2025-04-21 14:29:08 89 sec: 274849 operations; [READ: Count=137448 Max=6193.15 Min=2.62 Avg=165.35 10=50.85 25=74.24 50=153.34 75=234.11 90=309.25 95=359.68 99=473.86 99.9=658.94 99.99=1000.45] [UPDATE: Count=137401 Max=22855.68 Min=7.47 Avg=177.45 10=58.66 25=83.71 50=163.20 75=245.25 90=320.77 95=371.97 99=494.08 99.9=848.89 99.99=2971.65]
2025-04-21 14:29:09 90 sec: 295847 operations; [READ: Count=147941 Max=6193.15 Min=2.25 Avg=156.63 10=35.36 25=66.11 50=142.08 75=227.33 90=304.13 95=354.05 99=468.48 99.9=650.75 99.99=996.86] [UPDATE: Count=147906 Max=22855.68 Min=6.72 Avg=168.49 10=42.40 25=75.26 50=152.19 75=238.72 90=315.39 95=367.36 99=488.70 99.9=836.10 99.99=2971.65]
2025-04-21 14:29:10 91 sec: 314935 operations; [READ: Count=157431 Max=6193.15 Min=2.25 Avg=149.99 10=32.86 25=58.53 50=132.09 75=221.69 90=300.03 95=350.98 99=467.45 99.9=669.70 99.99=1052.67] [UPDATE: Count=157504 Max=22855.68 Min=6.72 Avg=161.65 10=39.20 25=67.65 50=141.82 75=233.09 90=311.04 95=364.29 99=488.45 99.9=849.41 99.99=2748.41]
2025-04-21 14:29:11 92 sec: 334930 operations; [READ: Count=167457 Max=6193.15 Min=2.25 Avg=143.67 10=31.68 25=52.99 50=119.74 75=215.68 90=295.42 95=346.88 99=464.38 99.9=669.70 99.99=1062.91] [UPDATE: Count=167473 Max=22855.68 Min=6.72 Avg=155.23 10=37.82 25=61.53 50=129.79 75=226.94 90=306.69 95=359.94 99=485.89 99.9=840.19 99.99=2748.41]
2025-04-21 14:29:12 93 sec: 355814 operations; [READ: Count=177915 Max=6193.15 Min=2.25 Avg=137.73 10=24.61 25=49.57 50=106.62 75=209.53 90=290.30 95=342.78 99=460.03 99.9=661.50 99.99=1062.91] [UPDATE: Count=177899 Max=22855.68 Min=6.72 Avg=149.13 10=35.30 25=57.18 50=116.67 75=220.67 90=302.08 95=355.33 99=481.54 99.9=832.51 99.99=2734.08]
2025-04-21 14:29:13 94 sec: 375612 operations; [READ: Count=187776 Max=6193.15 Min=2.25 Avg=132.87 10=16.67 25=47.74 50=97.34 75=203.52 90=285.95 95=338.94 99=456.96 99.9=654.85 99.99=1052.67] [UPDATE: Count=187836 Max=22855.68 Min=6.72 Avg=144.11 10=28.18 25=54.88 50=106.94 75=214.78 90=298.24 95=351.49 99=477.95 99.9=820.74 99.99=2607.10]
2025-04-21 14:29:14 95 sec: 395167 operations; [READ: Count=197631 Max=6193.15 Min=2.25 Avg=128.56 10=13.76 25=45.89 50=90.05 75=197.89 90=281.86 95=335.62 99=453.12 99.9=651.26 99.99=1052.67] [UPDATE: Count=197536 Max=22855.68 Min=6.72 Avg=139.69 10=24.56 25=53.05 50=99.90 75=209.02 90=293.89 95=347.65 99=474.37 99.9=810.50 99.99=2570.24]
2025-04-21 14:29:15 96 sec: 413817 operations; [READ: Count=207057 Max=6193.15 Min=2.25 Avg=124.93 10=12.32 25=43.87 50=83.97 75=192.77 90=278.27 95=332.29 99=450.81 99.9=650.24 99.99=1047.55] [UPDATE: Count=206760 Max=22855.68 Min=6.72 Avg=135.99 10=22.43 25=51.36 50=94.14 75=203.65 90=290.56 95=344.57 99=471.55 99.9=805.89 99.99=2537.47]
2025-04-21 14:29:16 97 sec: 427826 operations; [READ: Count=213966 Max=6193.15 Min=2.25 Avg=122.99 10=11.52 25=42.30 50=80.13 75=189.31 90=276.74 95=331.77 99=456.45 99.9=715.77 99.99=1132.54] [UPDATE: Count=213860 Max=22855.68 Min=6.72 Avg=133.99 10=21.34 25=49.98 50=90.11 75=200.19 90=289.02 95=344.06 99=477.95 99.9=833.02 99.99=2570.24]
2025-04-21 14:29:17 98 sec: 446939 operations; [READ: Count=223584 Max=6193.15 Min=2.25 Avg=119.71 10=10.83 25=41.02 50=75.20 75=184.06 90=273.15 95=328.45 99=452.61 99.9=708.61 99.99=1128.45] [UPDATE: Count=223355 Max=22855.68 Min=6.72 Avg=130.68 10=20.34 25=48.80 50=85.38 75=194.94 90=285.69 95=341.25 99=474.88 99.9=826.37 99.99=2537.47]
2025-04-21 14:29:18 99 sec: 466041 operations; [READ: Count=233159 Max=6193.15 Min=2.25 Avg=116.73 10=10.34 25=40.22 50=71.30 75=178.81 90=270.08 95=325.38 99=449.54 99.9=701.44 99.99=1088.51] [UPDATE: Count=232882 Max=22855.68 Min=6.72 Avg=127.62 10=19.57 25=47.97 50=81.15 75=189.57 90=282.37 95=338.18 99=471.55 99.9=817.66 99.99=2527.23]
2025-04-21 14:29:19 100 sec: 485503 operations; [READ: Count=242828 Max=6193.15 Min=2.25 Avg=113.90 10=9.91 25=39.65 50=67.65 75=173.18 90=266.50 95=322.56 99=445.95 99.9=695.29 99.99=1085.44] [UPDATE: Count=242675 Max=22855.68 Min=6.72 Avg=124.70 10=19.01 25=47.36 50=77.50 75=184.06 90=279.04 95=335.10 99=468.48 99.9=809.98 99.99=2516.99]
2025-04-21 14:29:20 101 sec: 504833 operations; [READ: Count=252510 Max=6193.15 Min=2.25 Avg=111.33 10=9.57 25=39.26 50=64.16 75=167.68 90=263.42 95=319.49 99=443.13 99.9=690.69 99.99=1069.06] [UPDATE: Count=252323 Max=22855.68 Min=6.72 Avg=122.03 10=18.40 25=46.88 50=73.86 75=178.81 90=275.71 95=332.54 99=465.15 99.9=802.82 99.99=2508.80]
2025-04-21 14:29:21 102 sec: 519735 operations; [READ: Count=260038 Max=6193.15 Min=2.25 Avg=109.83 10=9.32 25=38.91 50=61.28 75=164.09 90=261.76 95=318.72 99=446.21 99.9=722.43 99.99=1069.06] [UPDATE: Count=259697 Max=22855.68 Min=6.72 Avg=120.64 10=18.11 25=46.46 50=71.17 75=175.62 90=274.43 95=331.77 99=469.76 99.9=818.69 99.99=2508.80]
2025-04-21 14:29:22 103 sec: 539138 operations; [READ: Count=269745 Max=6193.15 Min=2.25 Avg=107.52 10=9.10 25=38.69 50=58.46 75=158.85 90=258.69 95=315.65 99=443.13 99.9=718.34 99.99=1068.03] [UPDATE: Count=269393 Max=22855.68 Min=6.72 Avg=118.29 10=17.76 25=46.17 50=68.29 75=170.50 90=271.36 95=328.96 99=466.43 99.9=813.57 99.99=2459.65]
2025-04-21 14:29:23 104 sec: 559083 operations; [READ: Count=279725 Max=6193.15 Min=2.25 Avg=105.30 10=8.86 25=38.43 50=56.58 75=153.60 90=255.62 95=312.57 99=440.32 99.9=712.19 99.99=1063.93] [UPDATE: Count=279358 Max=22855.68 Min=6.72 Avg=115.98 10=17.38 25=45.85 50=66.05 75=165.12 90=268.29 95=326.14 99=463.36 99.9=806.91 99.99=2355.20]
2025-04-21 14:29:24 105 sec: 578771 operations; [READ: Count=289538 Max=6193.15 Min=2.25 Avg=103.28 10=8.72 25=38.24 50=55.49 75=148.48 90=252.67 95=310.27 99=437.25 99.9=705.53 99.99=1062.91] [UPDATE: Count=289233 Max=22855.68 Min=6.72 Avg=113.86 10=17.04 25=45.63 50=64.51 75=160.00 90=265.47 95=323.33 99=460.54 99.9=799.23 99.99=2338.82]
2025-04-21 14:29:25 106 sec: 597905 operations; [READ: Count=298991 Max=6193.15 Min=2.25 Avg=101.50 10=8.59 25=38.08 50=54.69 75=143.74 90=250.11 95=308.22 99=435.71 99.9=709.63 99.99=1063.93] [UPDATE: Count=298914 Max=22855.68 Min=6.72 Avg=111.98 10=16.85 25=45.44 50=63.39 75=155.13 90=262.65 95=321.02 99=458.24 99.9=797.70 99.99=2299.90]
2025-04-21 14:29:26 107 sec: 615010 operations; [READ: Count=307502 Max=6193.15 Min=2.25 Avg=100.14 10=8.49 25=37.89 50=53.98 75=139.52 90=248.06 95=306.94 99=436.99 99.9=726.53 99.99=1085.44] [UPDATE: Count=307508 Max=22855.68 Min=6.72 Avg=110.60 10=16.64 25=45.15 50=62.49 75=151.17 90=260.74 95=319.74 99=460.54 99.9=809.98 99.99=2299.90]
2025-04-21 14:29:27 108 sec: 636262 operations; [READ: Count=318100 Max=6193.15 Min=2.25 Avg=98.20 10=8.34 25=37.70 50=53.31 75=134.01 90=245.12 95=304.13 99=434.43 99.9=723.46 99.99=1077.25] [UPDATE: Count=318162 Max=22855.68 Min=6.72 Avg=108.59 10=16.43 25=44.90 50=61.60 75=145.66 90=257.92 95=317.18 99=456.96 99.9=801.79 99.99=2279.42]
2025-04-21 14:29:28 109 sec: 657715 operations; [READ: Count=328780 Max=6193.15 Min=2.25 Avg=96.32 10=8.23 25=37.50 50=52.67 75=128.70 90=242.30 95=301.57 99=432.13 99.9=718.85 99.99=1076.22] [UPDATE: Count=328935 Max=22855.68 Min=6.72 Avg=106.70 10=16.26 25=44.67 50=60.86 75=139.90 90=254.97 95=314.62 99=454.65 99.9=796.67 99.99=2242.56]
2025-04-21 14:29:29 110 sec: 679274 operations; [READ: Count=339613 Max=6193.15 Min=2.25 Avg=94.55 10=8.13 25=37.28 50=52.03 75=123.52 90=239.49 95=299.52 99=430.85 99.9=716.29 99.99=1076.22] [UPDATE: Count=339661 Max=22855.68 Min=6.72 Avg=104.92 10=16.09 25=44.38 50=60.06 75=134.78 90=252.29 95=312.32 99=453.12 99.9=792.06 99.99=2242.56]
2025-04-21 14:29:30 111 sec: 701030 operations; [READ: Count=350541 Max=6193.15 Min=2.25 Avg=92.82 10=8.07 25=37.12 50=51.52 75=118.91 90=236.67 95=296.96 99=428.03 99.9=710.65 99.99=1075.20] [UPDATE: Count=350489 Max=22855.68 Min=6.72 Avg=103.26 10=15.97 25=44.16 50=59.49 75=129.98 90=249.34 95=310.01 99=450.81 99.9=790.01 99.99=2242.56]
2025-04-21 14:29:31 112 sec: 723827 operations; [READ: Count=362002 Max=6193.15 Min=2.25 Avg=91.09 10=7.97 25=36.93 50=51.07 75=115.01 90=233.60 95=294.14 99=425.21 99.9=703.49 99.99=1069.06] [UPDATE: Count=361825 Max=22855.68 Min=6.72 Avg=101.52 10=15.83 25=43.97 50=58.94 75=125.50 90=246.40 95=307.45 99=448.25 99.9=782.85 99.99=2117.63]
2025-04-21 14:29:32 113 sec: 746337 operations; [READ: Count=373364 Max=6193.15 Min=2.25 Avg=89.51 10=7.91 25=36.80 50=50.75 75=111.94 90=230.66 95=291.58 99=422.65 99.9=700.41 99.99=1068.03] [UPDATE: Count=372973 Max=22855.68 Min=6.72 Avg=99.93 10=15.69 25=43.77 50=58.56 75=121.92 90=243.58 95=305.15 99=445.95 99.9=780.29 99.99=2101.25]
2025-04-21 14:29:33 114 sec: 768472 operations; [READ: Count=384445 Max=6193.15 Min=2.25 Avg=88.09 10=7.85 25=36.67 50=50.53 75=109.31 90=227.71 95=289.02 99=420.10 99.9=695.81 99.99=1063.93] [UPDATE: Count=384027 Max=22855.68 Min=6.72 Avg=98.44 10=15.54 25=43.58 50=58.30 75=118.97 90=240.90 95=302.85 99=443.39 99.9=776.70 99.99=2053.12]
2025-04-21 14:29:34 115 sec: 788919 operations; [READ: Count=394606 Max=6193.15 Min=2.25 Avg=86.94 10=7.80 25=36.54 50=50.43 75=107.26 90=225.41 95=286.98 99=418.81 99.9=695.81 99.99=1062.91] [UPDATE: Count=394313 Max=22855.68 Min=6.72 Avg=97.23 10=15.45 25=43.42 50=58.14 75=116.61 90=238.72 95=301.06 99=442.11 99.9=775.68 99.99=2017.28]
2025-04-21 14:29:35 116 sec: 807211 operations; [READ: Count=403801 Max=6193.15 Min=2.25 Avg=86.04 10=7.78 25=36.48 50=50.53 75=105.47 90=223.23 95=285.18 99=417.02 99.9=691.71 99.99=1061.89] [UPDATE: Count=403410 Max=34373.63 Min=6.72 Avg=96.41 10=15.38 25=43.33 50=58.27 75=114.75 90=236.41 95=299.26 99=440.57 99.9=771.07 99.99=2017.28]
2025-04-21 14:29:36 117 sec: 824463 operations; [READ: Count=412423 Max=6193.15 Min=2.25 Avg=85.35 10=7.75 25=36.38 50=50.69 75=104.00 90=221.06 95=283.39 99=415.23 99.9=690.17 99.99=1055.74] [UPDATE: Count=412040 Max=34373.63 Min=6.72 Avg=95.67 10=15.33 25=43.20 50=58.43 75=113.22 90=234.37 95=297.73 99=439.04 99.9=768.51 99.99=2015.23]
2025-04-21 14:29:37 118 sec: 840655 operations; [READ: Count=420444 Max=6193.15 Min=2.25 Avg=84.80 10=7.73 25=36.29 50=50.85 75=102.91 90=219.01 95=281.86 99=413.44 99.9=687.10 99.99=1055.74] [UPDATE: Count=420211 Max=34373.63 Min=6.72 Avg=95.08 10=15.28 25=43.07 50=58.62 75=112.13 90=232.45 95=295.94 99=437.25 99.9=764.41 99.99=1976.32]
2025-04-21 14:29:38 119 sec: 855981 operations; [READ: Count=428189 Max=6193.15 Min=2.25 Avg=84.32 10=7.70 25=36.16 50=50.98 75=102.02 90=217.22 95=280.32 99=412.42 99.9=687.10 99.99=1052.67] [UPDATE: Count=427792 Max=34373.63 Min=6.72 Avg=94.65 10=15.22 25=42.94 50=58.75 75=111.23 90=230.66 95=294.65 99=436.22 99.9=763.39 99.99=2017.28]
2025-04-21 14:29:39 120 sec: 871637 operations; [READ: Count=435999 Max=6193.15 Min=2.25 Avg=83.85 10=7.66 25=36.06 50=51.10 75=101.25 90=215.42 95=278.78 99=411.13 99.9=685.57 99.99=1047.55] [UPDATE: Count=435638 Max=34373.63 Min=6.72 Avg=94.16 10=15.17 25=42.81 50=58.91 75=110.46 90=228.86 95=293.12 99=434.43 99.9=759.81 99.99=2015.23]
2025-04-21 14:29:40 121 sec: 885869 operations; [READ: Count=443095 Max=6193.15 Min=2.25 Avg=83.52 10=7.64 25=35.94 50=51.26 75=100.80 90=213.89 95=277.50 99=410.11 99.9=684.54 99.99=1047.55] [UPDATE: Count=442774 Max=34373.63 Min=6.72 Avg=93.87 10=15.11 25=42.69 50=59.07 75=110.02 90=227.33 95=291.84 99=432.89 99.9=757.76 99.99=2017.28]
2025-04-21 14:29:41 122 sec: 901032 operations; [READ: Count=450739 Max=6193.15 Min=2.25 Avg=83.12 10=7.60 25=35.84 50=51.39 75=100.29 90=212.09 95=275.97 99=408.57 99.9=681.98 99.99=1047.55] [UPDATE: Count=450293 Max=34373.63 Min=6.72 Avg=93.47 10=15.06 25=42.56 50=59.23 75=109.50 90=225.53 95=290.56 99=431.62 99.9=755.71 99.99=2015.23]
2025-04-21 14:29:42 123 sec: 928952 operations; [READ: Count=464840 Max=6193.15 Min=1.88 Avg=81.53 10=7.57 25=35.42 50=50.56 75=98.05 90=208.77 95=273.66 99=406.01 99.9=677.38 99.99=1046.53] [UPDATE: Count=464112 Max=34373.63 Min=6.46 Avg=91.86 10=14.95 25=42.02 50=58.30 75=107.39 90=222.46 95=288.25 99=428.80 99.9=751.62 99.99=1976.32]
2025-04-21 14:29:43 124 sec: 956747 operations; [READ: Count=478869 Max=6193.15 Min=1.88 Avg=80.00 10=7.57 25=35.07 50=49.66 75=95.74 90=205.44 95=271.10 99=403.97 99.9=674.30 99.99=1025.02] [UPDATE: Count=477878 Max=34373.63 Min=6.46 Avg=90.40 10=14.88 25=41.57 50=57.34 75=105.28 90=219.52 95=285.69 99=426.75 99.9=748.03 99.99=2017.28]
2025-04-21 14:29:44 125 sec: 986624 operations; [READ: Count=493960 Max=6193.15 Min=1.88 Avg=78.42 10=7.57 25=34.72 50=48.64 75=93.31 90=201.98 95=268.54 99=400.89 99.9=669.70 99.99=1022.98] [UPDATE: Count=492664 Max=34373.63 Min=6.46 Avg=88.80 10=14.79 25=41.09 50=56.32 75=103.04 90=216.19 95=283.39 99=423.68 99.9=744.45 99.99=2015.23]
2025-04-21 14:29:45 126 sec: 1000000 operations; [READ: Count=500604 Max=6193.15 Min=1.88 Avg=77.75 10=7.56 25=34.53 50=48.16 75=92.29 90=200.45 95=267.26 99=399.62 99.9=666.62 99.99=1021.95] [UPDATE: Count=499396 Max=34373.63 Min=6.46 Avg=88.11 10=14.76 25=40.90 50=55.87 75=102.02 90=214.78 95=282.37 99=422.40 99.9=742.40 99.99=1976.32]
2025-04-21 14:29:46 127 sec: 1000000 operations; [READ: Count=500604 Max=6193.15 Min=1.88 Avg=77.75 10=7.56 25=34.53 50=48.16 75=92.29 90=200.45 95=267.26 99=399.62 99.9=666.62 99.99=1021.95] [UPDATE: Count=499396 Max=34373.63 Min=6.46 Avg=88.11 10=14.76 25=40.90 50=55.87 75=102.02 90=214.78 95=282.37 99=422.40 99.9=742.40 99.99=1976.32]
2025-04-21 14:29:47 128 sec: 1000000 operations; [READ: Count=500604 Max=6193.15 Min=1.88 Avg=77.75 10=7.56 25=34.53 50=48.16 75=92.29 90=200.45 95=267.26 99=399.62 99.9=666.62 99.99=1021.95] [UPDATE: Count=499396 Max=34373.63 Min=6.46 Avg=88.11 10=14.76 25=40.90 50=55.87 75=102.02 90=214.78 95=282.37 99=422.40 99.9=742.40 99.99=1976.32]
2025-04-21 14:29:48 129 sec: 1000000 operations; [READ: Count=500604 Max=6193.15 Min=1.88 Avg=77.75 10=7.56 25=34.53 50=48.16 75=92.29 90=200.45 95=267.26 99=399.62 99.9=666.62 99.99=1021.95] [UPDATE: Count=499396 Max=34373.63 Min=6.46 Avg=88.11 10=14.76 25=40.90 50=55.87 75=102.02 90=214.78 95=282.37 99=422.40 99.9=742.40 99.99=1976.32]
2025-04-21 14:29:48 129 sec: 1000000 operations; [READ: Count=500604 Max=6193.15 Min=1.88 Avg=77.75 10=7.56 25=34.53 50=48.16 75=92.29 90=200.45 95=267.26 99=399.62 99.9=666.62 99.99=1021.95] [UPDATE: Count=499396 Max=34373.63 Min=6.46 Avg=88.11 10=14.76 25=40.90 50=55.87 75=102.02 90=214.78 95=282.37 99=422.40 99.9=742.40 99.99=1976.32]
Run runtime(sec): 129.517
Run operations(ops): 1000000
Run throughput(ops/sec): 7720.99
