Running scope as unit: run-r21b0ab0b6d6943a0857057058b01d55f.scope
load file:/home/user/DataFiles/silesia_data/silesia.tar
2025-04-21 20:54:11 0 sec: 0 operations;
2025-04-21 20:54:12 1 sec: 0 operations;
2025-04-21 20:54:13 2 sec: 0 operations;
2025-04-21 20:54:14 3 sec: 0 operations;
2025-04-21 20:54:15 4 sec: 0 operations;
2025-04-21 20:54:16 5 sec: 0 operations;
2025-04-21 20:54:17 6 sec: 0 operations;
2025-04-21 20:54:18 7 sec: 4313 operations; [READ: Count=2211 Max=2387.97 Min=4.37 Avg=204.12 10=16.59 25=20.75 50=30.51 75=112.96 90=782.85 95=1360.89 99=1934.34 99.9=2375.68 99.99=2387.97] [UPDATE: Count=2102 Max=13516.80 Min=12.34 Avg=252.47 10=26.99 25=32.86 50=46.11 75=125.76 90=651.26 95=1357.82 99=2152.45 99.9=10010.62 99.99=13516.80]
2025-04-21 20:54:19 8 sec: 8409 operations; [READ: Count=4264 Max=5132.29 Min=3.18 Avg=201.84 10=16.59 25=21.31 50=31.41 75=118.08 90=775.17 95=1206.27 99=1836.03 99.9=2375.68 99.99=5132.29] [UPDATE: Count=4145 Max=17563.65 Min=12.14 Avg=270.63 10=27.52 25=34.05 50=48.58 75=131.97 90=714.24 95=1206.27 99=3168.26 99.9=13516.80 99.99=17563.65]
2025-04-21 20:54:20 9 sec: 11936 operations; [READ: Count=6046 Max=5132.29 Min=2.52 Avg=211.28 10=16.75 25=21.70 50=32.66 75=122.24 90=824.32 95=1166.34 99=1778.69 99.9=2330.62 99.99=3303.42] [UPDATE: Count=5890 Max=17809.41 Min=11.83 Avg=288.84 10=27.14 25=34.27 50=49.57 75=138.50 90=834.56 95=1220.61 99=2965.50 99.9=13795.33 99.99=17563.65]
2025-04-21 20:54:21 10 sec: 20732 operations; [READ: Count=10477 Max=5132.29 Min=2.52 Avg=164.21 10=15.48 25=20.48 50=30.22 75=112.38 90=529.92 95=934.91 99=1617.92 99.9=2256.89 99.99=3303.42] [UPDATE: Count=10255 Max=17809.41 Min=7.88 Avg=219.37 10=24.30 25=30.69 50=44.86 75=124.73 90=560.13 95=1004.54 99=1906.69 99.9=12451.84 99.99=17563.65]
2025-04-21 20:54:22 11 sec: 32928 operations; [READ: Count=16696 Max=5132.29 Min=2.40 Avg=130.66 10=13.54 25=17.95 50=27.07 75=105.73 90=323.33 95=748.03 99=1424.38 99.9=2093.05 99.99=2437.12] [UPDATE: Count=16232 Max=17809.41 Min=7.65 Avg=171.03 10=21.38 25=27.18 50=39.90 75=118.14 90=340.22 95=772.61 99=1618.94 99.9=10715.14 99.99=16392.19]
2025-04-21 20:54:23 12 sec: 45250 operations; [READ: Count=22799 Max=5287.94 Min=2.40 Avg=115.10 10=13.05 25=16.83 50=25.15 75=102.33 90=266.75 95=602.62 99=1330.17 99.9=1985.54 99.99=3303.42] [UPDATE: Count=22451 Max=17809.41 Min=7.65 Avg=147.93 10=20.48 25=25.68 50=37.09 75=114.17 90=287.49 95=627.71 99=1457.15 99.9=9314.30 99.99=16392.19]
2025-04-21 20:54:24 13 sec: 58922 operations; [READ: Count=29544 Max=5287.94 Min=2.40 Avg=103.65 10=13.07 25=16.64 50=24.11 75=99.58 90=221.31 95=487.94 99=1226.75 99.9=1949.69 99.99=3303.42] [UPDATE: Count=29378 Max=17809.41 Min=7.65 Avg=131.67 10=20.34 25=25.44 50=35.62 75=111.04 90=239.36 95=514.30 99=1343.49 99.9=7012.35 99.99=15622.14]
2025-04-21 20:54:25 14 sec: 73639 operations; [READ: Count=36924 Max=5287.94 Min=2.40 Avg=95.61 10=12.87 25=16.15 50=23.10 75=96.58 90=192.25 95=433.92 99=1141.76 99.9=1911.81 99.99=2437.12] [UPDATE: Count=36715 Max=17809.41 Min=7.65 Avg=119.46 10=19.98 25=24.82 50=34.21 75=107.45 90=203.13 95=438.27 99=1260.54 99.9=5816.32 99.99=14245.89]
2025-04-21 20:54:26 15 sec: 85815 operations; [READ: Count=43078 Max=5287.94 Min=2.40 Avg=92.02 10=12.86 25=16.14 50=23.05 75=94.72 90=176.90 95=409.60 99=1111.04 99.9=1875.97 99.99=2469.89] [UPDATE: Count=42737 Max=17809.41 Min=7.41 Avg=115.59 10=19.95 25=24.78 50=34.02 75=105.79 90=194.56 95=427.77 99=1220.61 99.9=5054.46 99.99=14245.89]
2025-04-21 20:54:27 16 sec: 96058 operations; [READ: Count=48215 Max=5287.94 Min=2.40 Avg=91.60 10=12.88 25=16.22 50=23.28 75=94.59 90=177.28 95=404.22 99=1095.68 99.9=1872.89 99.99=2437.12] [UPDATE: Count=47843 Max=17809.41 Min=7.41 Avg=114.49 10=19.97 25=24.82 50=34.14 75=105.47 90=197.50 95=421.12 99=1193.98 99.9=4882.43 99.99=14213.12]
2025-04-21 20:54:28 17 sec: 105436 operations; [READ: Count=52883 Max=5287.94 Min=2.40 Avg=92.01 10=12.90 25=16.35 50=23.79 75=95.74 90=186.50 95=397.31 99=1063.93 99.9=1847.30 99.99=2437.12] [UPDATE: Count=52553 Max=17809.41 Min=7.41 Avg=114.53 10=20.03 25=24.98 50=34.72 75=106.62 90=209.53 95=413.69 99=1166.34 99.9=4575.23 99.99=14213.12]
2025-04-21 20:54:29 18 sec: 114683 operations; [READ: Count=57477 Max=5287.94 Min=2.40 Avg=92.95 10=12.95 25=16.51 50=24.45 75=97.02 90=193.92 95=392.19 99=1038.34 99.9=1842.17 99.99=2387.97] [UPDATE: Count=57206 Max=17809.41 Min=7.41 Avg=114.21 10=20.09 25=25.18 50=35.45 75=107.65 90=211.84 95=401.92 99=1141.76 99.9=4481.02 99.99=13795.33]
2025-04-21 20:54:30 19 sec: 123098 operations; [READ: Count=61723 Max=5541.89 Min=2.40 Avg=94.18 10=12.97 25=16.66 50=25.15 75=97.98 90=200.45 95=389.12 99=1016.83 99.9=1838.08 99.99=2469.89] [UPDATE: Count=61375 Max=17809.41 Min=7.41 Avg=114.94 10=20.16 25=25.36 50=36.22 75=108.61 90=220.16 95=400.38 99=1119.23 99.9=4190.21 99.99=13795.33]
2025-04-21 20:54:31 20 sec: 131292 operations; [READ: Count=65749 Max=5541.89 Min=2.40 Avg=95.13 10=12.96 25=16.70 50=25.61 75=98.37 90=207.49 95=388.61 99=998.91 99.9=1842.17 99.99=2469.89] [UPDATE: Count=65543 Max=17809.41 Min=7.41 Avg=116.04 10=20.09 25=25.39 50=36.73 75=109.18 90=228.35 95=402.69 99=1114.11 99.9=3911.68 99.99=13516.80]
2025-04-21 20:54:32 21 sec: 139662 operations; [READ: Count=69913 Max=5541.89 Min=2.40 Avg=95.89 10=12.93 25=16.73 50=25.97 75=98.75 90=210.81 95=388.10 99=992.77 99.9=1846.27 99.99=3303.42] [UPDATE: Count=69749 Max=17809.41 Min=7.41 Avg=116.80 10=20.09 25=25.45 50=37.12 75=109.63 90=232.96 95=404.22 99=1108.99 99.9=3833.86 99.99=13516.80]
2025-04-21 20:54:33 22 sec: 149638 operations; [READ: Count=74827 Max=5541.89 Min=2.40 Avg=95.78 10=12.88 25=16.70 50=26.16 75=98.88 90=211.84 95=384.51 99=977.92 99.9=1835.01 99.99=3303.42] [UPDATE: Count=74811 Max=17809.41 Min=7.41 Avg=115.95 10=20.00 25=25.41 50=37.31 75=109.69 90=233.22 95=399.36 99=1087.49 99.9=3661.82 99.99=13516.80]
2025-04-21 20:54:34 23 sec: 160450 operations; [READ: Count=80218 Max=5541.89 Min=2.38 Avg=95.18 10=12.83 25=16.66 50=26.19 75=98.81 90=212.99 95=380.93 99=955.39 99.9=1797.12 99.99=2916.35] [UPDATE: Count=80232 Max=17809.41 Min=7.41 Avg=114.61 10=19.92 25=25.31 50=37.22 75=109.44 90=232.70 95=395.26 99=1065.98 99.9=3565.57 99.99=12722.17]
2025-04-21 20:54:35 24 sec: 171633 operations; [READ: Count=85759 Max=5541.89 Min=2.38 Avg=94.25 10=12.78 25=16.56 50=26.06 75=98.50 90=210.94 95=377.09 99=937.98 99.9=1787.90 99.99=2590.72] [UPDATE: Count=85874 Max=17809.41 Min=7.41 Avg=113.40 10=19.81 25=25.14 50=36.90 75=109.06 90=231.55 95=392.45 99=1050.62 99.9=3444.74 99.99=12713.98]
2025-04-21 20:54:36 25 sec: 183727 operations; [READ: Count=91920 Max=5541.89 Min=2.38 Avg=92.91 10=12.70 25=16.43 50=25.77 75=97.98 90=208.64 95=372.99 99=924.16 99.9=1772.54 99.99=2590.72] [UPDATE: Count=91807 Max=17809.41 Min=7.41 Avg=111.85 10=19.68 25=24.93 50=36.38 75=108.35 90=228.48 95=388.35 99=1030.65 99.9=3405.82 99.99=12713.98]
2025-04-21 20:54:37 26 sec: 196872 operations; [READ: Count=98466 Max=5541.89 Min=2.38 Avg=91.29 10=12.50 25=16.14 50=25.17 75=96.96 90=202.24 95=368.38 99=914.43 99.9=1758.21 99.99=2916.35] [UPDATE: Count=98406 Max=17809.41 Min=7.41 Avg=109.84 10=19.39 25=24.56 50=35.58 75=107.26 90=221.95 95=384.77 99=1014.27 99.9=3340.29 99.99=12451.84]
2025-04-21 20:54:38 27 sec: 210085 operations; [READ: Count=104956 Max=5541.89 Min=2.29 Avg=89.99 10=12.39 25=15.97 50=25.49 75=95.94 90=195.84 95=358.40 99=887.81 99.9=1731.58 99.99=2916.35] [UPDATE: Count=105129 Max=17809.41 Min=6.38 Avg=107.87 10=19.21 25=24.34 50=36.03 75=105.92 90=213.63 95=374.27 99=987.13 99.9=3186.69 99.99=12288.00]
2025-04-21 20:54:39 28 sec: 225807 operations; [READ: Count=112792 Max=5541.89 Min=2.14 Avg=87.80 10=12.26 25=15.78 50=25.90 75=94.14 90=182.40 95=346.88 99=863.74 99.9=1712.13 99.99=2590.72] [UPDATE: Count=113015 Max=17809.41 Min=6.38 Avg=105.01 10=19.02 25=24.05 50=36.54 75=103.94 90=200.06 95=362.50 99=961.02 99.9=3092.48 99.99=12288.00]
2025-04-21 20:54:40 29 sec: 242722 operations; [READ: Count=121237 Max=5541.89 Min=2.14 Avg=85.48 10=12.08 25=15.54 50=26.38 75=92.16 90=171.78 95=333.06 99=839.68 99.9=1695.74 99.99=2523.14] [UPDATE: Count=121485 Max=17809.41 Min=6.38 Avg=102.01 10=18.82 25=23.74 50=37.22 75=101.69 90=186.50 95=350.46 99=924.67 99.9=2918.40 99.99=11878.40]
2025-04-21 20:54:41 30 sec: 259135 operations; [READ: Count=129308 Max=5541.89 Min=2.14 Avg=83.70 10=11.93 25=15.34 50=26.83 75=90.62 90=165.76 95=323.07 99=813.05 99.9=1677.31 99.99=2469.89] [UPDATE: Count=129827 Max=17809.41 Min=6.38 Avg=99.52 10=18.61 25=23.42 50=37.76 75=99.78 90=178.56 95=339.20 99=888.83 99.9=2736.13 99.99=11730.94]
2025-04-21 20:54:42 31 sec: 273217 operations; [READ: Count=136347 Max=5541.89 Min=2.14 Avg=82.80 10=11.81 25=15.18 50=27.12 75=89.66 90=162.69 95=318.72 99=799.23 99.9=1655.81 99.99=2437.12] [UPDATE: Count=136870 Max=17809.41 Min=6.38 Avg=98.22 10=18.43 25=23.18 50=38.24 75=98.62 90=175.62 95=334.59 99=863.74 99.9=2603.01 99.99=11673.60]
2025-04-21 20:54:43 32 sec: 291151 operations; [READ: Count=145356 Max=5541.89 Min=2.14 Avg=80.82 10=11.67 25=15.02 50=27.47 75=88.13 90=155.01 95=307.20 99=776.70 99.9=1632.26 99.99=2387.97] [UPDATE: Count=145795 Max=17809.41 Min=6.38 Avg=95.81 10=18.27 25=22.94 50=38.75 75=96.89 90=168.57 95=323.07 99=836.10 99.9=2459.65 99.99=11583.49]
2025-04-21 20:54:44 33 sec: 308102 operations; [READ: Count=153806 Max=5541.89 Min=2.14 Avg=79.34 10=11.55 25=14.94 50=27.73 75=87.10 90=148.35 95=297.47 99=754.17 99.9=1599.49 99.99=2387.97] [UPDATE: Count=154296 Max=17809.41 Min=6.38 Avg=93.97 10=18.13 25=22.80 50=39.20 75=95.81 90=162.56 95=313.34 99=812.03 99.9=2373.63 99.99=11583.49]
2025-04-21 20:54:45 34 sec: 324096 operations; [READ: Count=161916 Max=5541.89 Min=2.14 Avg=78.20 10=11.45 25=15.02 50=28.02 75=86.59 90=140.16 95=288.25 99=737.79 99.9=1586.17 99.99=2381.82] [UPDATE: Count=162180 Max=17809.41 Min=6.38 Avg=92.65 10=18.11 25=22.91 50=39.65 75=95.36 90=156.29 95=305.92 99=792.58 99.9=2299.90 99.99=10715.14]
2025-04-21 20:54:46 35 sec: 340013 operations; [READ: Count=169970 Max=5541.89 Min=2.14 Avg=77.19 10=11.34 25=15.08 50=28.21 75=86.14 90=133.63 95=280.06 99=722.94 99.9=1570.82 99.99=2375.68] [UPDATE: Count=170043 Max=17809.41 Min=6.38 Avg=91.46 10=18.05 25=22.96 50=40.06 75=94.91 90=150.40 95=297.73 99=772.10 99.9=2224.13 99.99=10035.20]
2025-04-21 20:54:47 36 sec: 353819 operations; [READ: Count=176883 Max=5541.89 Min=2.14 Avg=76.72 10=11.22 25=15.12 50=28.37 75=86.02 90=130.88 95=276.99 99=710.65 99.9=1555.45 99.99=2330.62] [UPDATE: Count=176936 Max=17809.41 Min=6.38 Avg=90.93 10=18.00 25=23.01 50=40.45 75=94.72 90=147.71 95=295.94 99=757.76 99.9=2199.55 99.99=10027.01]
2025-04-21 20:54:48 37 sec: 370771 operations; [READ: Count=185491 Max=5541.89 Min=2.14 Avg=75.65 10=11.05 25=15.13 50=28.51 75=85.44 90=125.69 95=268.03 99=694.78 99.9=1539.07 99.99=2293.76] [UPDATE: Count=185280 Max=17809.41 Min=6.38 Avg=89.66 10=17.90 25=22.98 50=40.70 75=94.14 90=141.44 95=288.77 99=736.77 99.9=2152.45 99.99=10010.62]
2025-04-21 20:54:49 38 sec: 388742 operations; [READ: Count=194624 Max=5541.89 Min=2.14 Avg=74.46 10=10.82 25=15.13 50=28.66 75=84.93 90=121.34 95=256.00 99=676.35 99.9=1531.90 99.99=2293.76] [UPDATE: Count=194118 Max=17809.41 Min=6.38 Avg=88.29 10=17.79 25=22.94 50=41.05 75=93.50 90=135.94 95=279.30 99=717.31 99.9=2111.49 99.99=10010.62]
2025-04-21 20:54:50 39 sec: 406348 operations; [READ: Count=203383 Max=5541.89 Min=2.14 Avg=73.48 10=10.56 25=15.12 50=28.83 75=84.54 90=118.40 95=246.66 99=660.48 99.9=1512.45 99.99=2291.71] [UPDATE: Count=202965 Max=17809.41 Min=6.38 Avg=87.06 10=17.65 25=22.91 50=41.28 75=93.06 90=132.22 95=270.59 99=701.95 99.9=2063.36 99.99=9904.13]
2025-04-21 20:54:51 40 sec: 424250 operations; [READ: Count=212343 Max=5541.89 Min=2.14 Avg=72.53 10=10.25 25=15.10 50=28.98 75=84.16 90=115.84 95=237.82 99=643.07 99.9=1498.11 99.99=2281.47] [UPDATE: Count=211907 Max=17809.41 Min=6.38 Avg=85.88 10=17.50 25=22.86 50=41.57 75=92.61 90=129.09 95=261.38 99=684.03 99.9=2027.52 99.99=9904.13]
2025-04-21 20:54:52 41 sec: 439652 operations; [READ: Count=219987 Max=5541.89 Min=2.14 Avg=72.14 10=9.93 25=15.10 50=29.12 75=83.97 90=114.81 95=235.01 99=631.29 99.9=1483.78 99.99=2275.33] [UPDATE: Count=219665 Max=17809.41 Min=6.38 Avg=85.21 10=17.38 25=22.82 50=41.70 75=92.35 90=127.49 95=257.28 99=673.79 99.9=1974.27 99.99=9666.56]
2025-04-21 20:54:53 42 sec: 457155 operations; [READ: Count=228823 Max=5541.89 Min=2.14 Avg=71.39 10=9.64 25=15.09 50=29.26 75=83.71 90=112.96 95=227.97 99=619.01 99.9=1465.34 99.99=2265.09] [UPDATE: Count=228332 Max=17809.41 Min=6.38 Avg=84.24 10=17.21 25=22.77 50=41.89 75=92.03 90=125.18 95=248.83 99=659.97 99.9=1944.58 99.99=9314.30]
2025-04-21 20:54:54 43 sec: 475867 operations; [READ: Count=238077 Max=5541.89 Min=2.14 Avg=70.49 10=9.32 25=15.06 50=29.36 75=83.39 90=110.91 95=217.22 99=607.74 99.9=1443.84 99.99=2256.89] [UPDATE: Count=237790 Max=17809.41 Min=6.38 Avg=83.15 10=17.04 25=22.72 50=42.11 75=91.65 90=122.88 95=239.49 99=645.12 99.9=1881.09 99.99=8904.70]
2025-04-21 20:54:55 44 sec: 494313 operations; [READ: Count=247242 Max=5541.89 Min=2.14 Avg=69.71 10=9.03 25=15.02 50=29.34 75=83.14 90=109.31 95=210.43 99=595.46 99.9=1427.45 99.99=2211.84] [UPDATE: Count=247071 Max=17809.41 Min=6.38 Avg=82.18 10=16.86 25=22.66 50=42.11 75=91.33 90=121.15 95=231.68 99=630.78 99.9=1822.72 99.99=8896.51]
2025-04-21 20:54:56 45 sec: 512806 operations; [READ: Count=256398 Max=5541.89 Min=2.14 Avg=68.99 10=8.80 25=15.00 50=29.39 75=82.88 90=107.97 95=203.01 99=584.70 99.9=1416.19 99.99=2193.41] [UPDATE: Count=256408 Max=17809.41 Min=6.38 Avg=81.27 10=16.69 25=22.59 50=42.17 75=91.07 90=119.68 95=223.87 99=621.05 99.9=1809.41 99.99=7892.99]
2025-04-21 20:54:57 46 sec: 529342 operations; [READ: Count=264638 Max=5541.89 Min=2.14 Avg=68.55 10=8.63 25=14.97 50=29.38 75=82.75 90=107.20 95=199.42 99=577.53 99.9=1411.07 99.99=2193.41] [UPDATE: Count=264704 Max=17809.41 Min=6.38 Avg=80.73 10=16.56 25=22.54 50=42.14 75=90.94 90=118.91 95=220.16 99=613.38 99.9=1786.88 99.99=7892.99]
2025-04-21 20:54:58 47 sec: 545508 operations; [READ: Count=272774 Max=5541.89 Min=2.14 Avg=68.19 10=8.47 25=14.94 50=29.25 75=82.62 90=106.62 95=196.99 99=572.41 99.9=1397.76 99.99=2189.31] [UPDATE: Count=272734 Max=17809.41 Min=6.38 Avg=80.28 10=16.41 25=22.50 50=42.08 75=90.81 90=118.27 95=217.09 99=604.67 99.9=1776.64 99.99=7741.44]
2025-04-21 20:54:59 48 sec: 564125 operations; [READ: Count=282082 Max=5541.89 Min=2.14 Avg=67.55 10=8.31 25=14.90 50=29.15 75=82.50 90=105.60 95=191.23 99=563.20 99.9=1388.54 99.99=2140.16] [UPDATE: Count=282043 Max=17809.41 Min=6.38 Avg=79.51 10=16.26 25=22.43 50=41.92 75=90.69 90=117.18 95=210.43 99=594.94 99.9=1758.21 99.99=7524.35]
2025-04-21 20:55:00 49 sec: 581221 operations; [READ: Count=290609 Max=5541.89 Min=2.14 Avg=67.13 10=8.20 25=14.86 50=29.07 75=82.43 90=105.02 95=187.13 99=556.54 99.9=1375.23 99.99=2138.11] [UPDATE: Count=290612 Max=17809.41 Min=6.38 Avg=79.00 10=16.14 25=22.38 50=41.76 75=90.56 90=116.54 95=206.97 99=586.24 99.9=1723.39 99.99=7229.44]
2025-04-21 20:55:01 50 sec: 597419 operations; [READ: Count=298721 Max=5541.89 Min=2.14 Avg=66.83 10=8.10 25=14.84 50=28.89 75=82.37 90=104.70 95=185.60 99=550.40 99.9=1360.89 99.99=2109.44] [UPDATE: Count=298698 Max=17809.41 Min=6.38 Avg=78.63 10=16.03 25=22.35 50=41.50 75=90.56 90=116.22 95=205.69 99=579.58 99.9=1698.82 99.99=7077.89]
2025-04-21 20:55:02 51 sec: 613000 operations; [READ: Count=306542 Max=5541.89 Min=2.14 Avg=66.62 10=8.03 25=14.81 50=28.67 75=82.37 90=104.51 95=184.96 99=544.77 99.9=1348.61 99.99=2103.30] [UPDATE: Count=306458 Max=17809.41 Min=6.38 Avg=78.37 10=15.94 25=22.30 50=41.25 75=90.56 90=115.97 95=205.06 99=572.93 99.9=1686.53 99.99=7061.50]
2025-04-21 20:55:03 52 sec: 629479 operations; [READ: Count=314767 Max=5541.89 Min=2.14 Avg=66.33 10=7.95 25=14.78 50=28.48 75=82.30 90=104.13 95=182.78 99=539.13 99.9=1339.39 99.99=2109.44] [UPDATE: Count=314712 Max=17809.41 Min=6.38 Avg=78.00 10=15.83 25=22.25 50=40.96 75=90.56 90=115.45 95=202.88 99=568.32 99.9=1655.81 99.99=7061.50]
2025-04-21 20:55:04 53 sec: 647208 operations; [READ: Count=323606 Max=5541.89 Min=2.14 Avg=65.91 10=7.89 25=14.74 50=28.24 75=82.24 90=103.55 95=179.46 99=532.48 99.9=1335.30 99.99=2103.30] [UPDATE: Count=323602 Max=17809.41 Min=6.38 Avg=77.51 10=15.76 25=22.22 50=40.61 75=90.50 90=114.81 95=199.04 99=560.13 99.9=1640.45 99.99=7012.35]
2025-04-21 20:55:05 54 sec: 662622 operations; [READ: Count=331319 Max=5541.89 Min=2.14 Avg=65.76 10=7.86 25=14.71 50=27.98 75=82.30 90=103.55 95=179.84 99=527.87 99.9=1332.22 99.99=2094.08] [UPDATE: Count=331303 Max=17809.41 Min=6.38 Avg=77.30 10=15.71 25=22.19 50=40.19 75=90.50 90=114.75 95=199.29 99=556.03 99.9=1635.33 99.99=6897.66]
2025-04-21 20:55:06 55 sec: 676756 operations; [READ: Count=338373 Max=5541.89 Min=2.14 Avg=65.75 10=7.83 25=14.69 50=27.87 75=82.37 90=103.74 95=181.76 99=523.52 99.9=1323.01 99.99=2094.08] [UPDATE: Count=338383 Max=17809.41 Min=6.38 Avg=77.24 10=15.67 25=22.18 50=39.90 75=90.56 90=114.94 95=200.57 99=552.96 99.9=1635.33 99.99=6819.84]
2025-04-21 20:55:07 56 sec: 689293 operations; [READ: Count=344664 Max=5541.89 Min=2.14 Avg=65.88 10=7.81 25=14.66 50=27.58 75=82.43 90=104.13 95=184.96 99=526.34 99.9=1313.79 99.99=2094.08] [UPDATE: Count=344629 Max=17809.41 Min=6.38 Avg=77.38 10=15.65 25=22.14 50=39.62 75=90.69 90=115.33 95=203.65 99=556.03 99.9=1627.13 99.99=6819.84]
2025-04-21 20:55:08 57 sec: 703160 operations; [READ: Count=351527 Max=5541.89 Min=2.14 Avg=65.89 10=7.79 25=14.64 50=27.34 75=82.43 90=104.13 95=185.34 99=527.87 99.9=1311.74 99.99=2093.05] [UPDATE: Count=351633 Max=17809.41 Min=6.38 Avg=77.34 10=15.62 25=22.13 50=39.30 75=90.75 90=115.26 95=203.78 99=557.05 99.9=1615.87 99.99=6819.84]
2025-04-21 20:55:09 58 sec: 719015 operations; [READ: Count=359471 Max=5541.89 Min=2.14 Avg=65.68 10=7.78 25=14.61 50=27.10 75=82.50 90=103.94 95=184.32 99=524.29 99.9=1305.60 99.99=2074.62] [UPDATE: Count=359544 Max=17809.41 Min=6.38 Avg=77.14 10=15.62 25=22.11 50=38.94 75=90.81 90=115.14 95=202.75 99=552.96 99.9=1592.32 99.99=6520.83]
2025-04-21 20:55:10 59 sec: 734012 operations; [READ: Count=366953 Max=5541.89 Min=2.14 Avg=65.58 10=7.78 25=14.57 50=26.88 75=82.56 90=104.00 95=184.70 99=520.19 99.9=1295.36 99.99=2051.07] [UPDATE: Count=367059 Max=17809.41 Min=6.38 Avg=77.01 10=15.61 25=22.11 50=38.69 75=90.88 90=115.26 95=203.13 99=549.38 99.9=1588.22 99.99=6422.53]
2025-04-21 20:55:11 60 sec: 749956 operations; [READ: Count=374823 Max=5541.89 Min=2.14 Avg=65.38 10=7.76 25=14.54 50=26.59 75=82.62 90=103.87 95=184.32 99=516.10 99.9=1282.05 99.99=2051.07] [UPDATE: Count=375133 Max=17809.41 Min=6.38 Avg=76.80 10=15.58 25=22.08 50=38.24 75=90.94 90=115.20 95=202.62 99=544.77 99.9=1573.89 99.99=6135.81]
2025-04-21 20:55:12 61 sec: 765469 operations; [READ: Count=382565 Max=5541.89 Min=2.14 Avg=65.25 10=7.74 25=14.49 50=26.40 75=82.62 90=103.81 95=184.19 99=512.77 99.9=1274.88 99.99=2030.59] [UPDATE: Count=382904 Max=17809.41 Min=6.38 Avg=76.62 10=15.56 25=22.05 50=37.85 75=91.01 90=115.14 95=202.50 99=542.21 99.9=1564.67 99.99=6135.81]
2025-04-21 20:55:13 62 sec: 781503 operations; [READ: Count=390609 Max=5541.89 Min=2.14 Avg=65.08 10=7.71 25=14.45 50=26.13 75=82.62 90=103.74 95=184.19 99=509.69 99.9=1268.73 99.99=1996.80] [UPDATE: Count=390894 Max=17809.41 Min=6.38 Avg=76.41 10=15.50 25=21.98 50=37.47 75=91.01 90=115.07 95=202.37 99=538.11 99.9=1545.21 99.99=6045.69]
2025-04-21 20:55:14 63 sec: 797681 operations; [READ: Count=398748 Max=5541.89 Min=2.14 Avg=64.90 10=7.70 25=14.40 50=25.89 75=82.62 90=103.61 95=184.32 99=506.88 99.9=1257.47 99.99=1992.70] [UPDATE: Count=398933 Max=17809.41 Min=6.38 Avg=76.19 10=15.46 25=21.93 50=37.09 75=91.01 90=115.01 95=202.11 99=535.04 99.9=1531.90 99.99=5976.06]
2025-04-21 20:55:15 64 sec: 811521 operations; [READ: Count=405737 Max=5541.89 Min=2.14 Avg=64.91 10=7.68 25=14.36 50=25.70 75=82.62 90=103.74 95=185.85 99=506.11 99.9=1254.40 99.99=2030.59] [UPDATE: Count=405784 Max=17809.41 Min=6.38 Avg=76.21 10=15.42 25=21.90 50=36.83 75=91.01 90=115.20 95=203.90 99=535.55 99.9=1529.86 99.99=5959.68]
2025-04-21 20:55:16 65 sec: 826291 operations; [READ: Count=413181 Max=5541.89 Min=2.14 Avg=64.83 10=7.66 25=14.32 50=25.47 75=82.62 90=103.81 95=186.37 99=505.86 99.9=1249.28 99.99=2030.59] [UPDATE: Count=413110 Max=17809.41 Min=6.38 Avg=76.16 10=15.38 25=21.86 50=36.54 75=91.01 90=115.33 95=204.80 99=535.55 99.9=1525.76 99.99=5959.68]
2025-04-21 20:55:17 66 sec: 842685 operations; [READ: Count=421447 Max=5541.89 Min=2.14 Avg=64.63 10=7.63 25=14.26 50=25.21 75=82.62 90=103.68 95=186.24 99=502.53 99.9=1242.11 99.99=1996.80] [UPDATE: Count=421238 Max=17809.41 Min=6.38 Avg=75.95 10=15.35 25=21.81 50=36.19 75=91.07 90=115.33 95=204.80 99=530.94 99.9=1520.64 99.99=5922.81]
2025-04-21 20:55:18 67 sec: 861475 operations; [READ: Count=430829 Max=5541.89 Min=2.14 Avg=64.27 10=7.57 25=14.18 50=24.91 75=82.56 90=103.23 95=184.19 99=498.69 99.9=1231.87 99.99=1992.70] [UPDATE: Count=430646 Max=17809.41 Min=6.38 Avg=75.53 10=15.26 25=21.71 50=35.74 75=90.94 90=114.88 95=202.62 99=526.85 99.9=1512.45 99.99=5816.32]
2025-04-21 20:55:19 68 sec: 879946 operations; [READ: Count=440113 Max=5541.89 Min=2.14 Avg=63.95 10=7.50 25=14.10 50=24.61 75=82.50 90=102.97 95=182.53 99=494.08 99.9=1225.73 99.99=1985.54] [UPDATE: Count=439833 Max=17809.41 Min=6.38 Avg=75.16 10=15.18 25=21.61 50=35.33 75=90.88 90=114.62 95=201.47 99=522.50 99.9=1505.28 99.99=5603.33]
2025-04-21 20:55:20 69 sec: 898118 operations; [READ: Count=449191 Max=5541.89 Min=2.14 Avg=63.65 10=7.44 25=14.00 50=24.34 75=82.37 90=102.66 95=181.38 99=490.75 99.9=1220.61 99.99=1980.41] [UPDATE: Count=448927 Max=17809.41 Min=6.38 Avg=74.84 10=15.09 25=21.54 50=34.94 75=90.81 90=114.24 95=199.94 99=519.68 99.9=1492.99 99.99=5435.39]
2025-04-21 20:55:21 70 sec: 915460 operations; [READ: Count=457917 Max=5541.89 Min=2.14 Avg=63.43 10=7.42 25=13.94 50=24.25 75=82.37 90=102.40 95=179.97 99=487.17 99.9=1213.44 99.99=1978.37] [UPDATE: Count=457543 Max=17809.41 Min=6.38 Avg=74.59 10=15.04 25=21.45 50=34.88 75=90.75 90=113.92 95=198.66 99=515.07 99.9=1484.80 99.99=5357.57]
2025-04-21 20:55:22 71 sec: 933850 operations; [READ: Count=467035 Max=5541.89 Min=2.14 Avg=63.17 10=7.45 25=13.88 50=24.27 75=82.30 90=101.82 95=177.53 99=482.30 99.9=1208.32 99.99=1970.17] [UPDATE: Count=466815 Max=17809.41 Min=6.38 Avg=74.24 10=15.05 25=21.39 50=34.85 75=90.69 90=113.22 95=195.84 99=509.95 99.9=1466.37 99.99=5332.99]
2025-04-21 20:55:23 72 sec: 955102 operations; [READ: Count=477622 Max=5541.89 Min=2.14 Avg=62.73 10=7.50 25=13.82 50=24.11 75=82.24 90=100.99 95=174.46 99=477.18 99.9=1201.15 99.99=1970.17] [UPDATE: Count=477480 Max=17809.41 Min=6.38 Avg=73.68 10=15.08 25=21.31 50=34.53 75=90.50 90=112.25 95=192.13 99=503.30 99.9=1457.15 99.99=5271.55]
2025-04-21 20:55:24 73 sec: 974776 operations; [READ: Count=487546 Max=5541.89 Min=2.14 Avg=62.40 10=7.54 25=13.78 50=24.02 75=82.11 90=100.48 95=171.90 99=472.32 99.9=1195.01 99.99=1954.82] [UPDATE: Count=487230 Max=17809.41 Min=6.38 Avg=73.28 10=15.11 25=21.26 50=34.40 75=90.37 90=111.61 95=189.31 99=497.66 99.9=1438.72 99.99=5238.78]
2025-04-21 20:55:25 74 sec: 990177 operations; [READ: Count=495359 Max=5541.89 Min=2.14 Avg=62.39 10=7.58 25=13.79 50=24.19 75=82.11 90=100.73 95=170.75 99=468.22 99.9=1188.86 99.99=1952.77] [UPDATE: Count=494818 Max=17809.41 Min=6.38 Avg=73.18 10=15.13 25=21.25 50=34.59 75=90.30 90=111.94 95=187.78 99=493.57 99.9=1431.55 99.99=5238.78]
2025-04-21 20:55:26 74 sec: 1000000 operations; [READ: Count=500249 Max=5541.89 Min=2.14 Avg=62.46 10=7.59 25=13.81 50=24.38 75=82.11 90=101.38 95=170.24 99=465.41 99.9=1186.82 99.99=1952.77] [UPDATE: Count=499751 Max=17809.41 Min=6.38 Avg=73.22 10=15.13 25=21.26 50=34.85 75=90.30 90=112.70 95=187.13 99=490.50 99.9=1424.38 99.99=5181.44]
Run runtime(sec): 74.8459
Run operations(ops): 1000000
Run throughput(ops/sec): 13360.8
