Running scope as unit: run-rb5702b4a6fa044c78aacab09c692106c.scope
load file:/home/user/DataFiles/silesia_data/silesia.tar
2025-04-21 20:54:11 0 sec: 0 operations;
2025-04-21 20:54:12 1 sec: 0 operations;
2025-04-21 20:54:13 2 sec: 0 operations;
2025-04-21 20:54:14 3 sec: 0 operations;
2025-04-21 20:54:15 4 sec: 0 operations;
2025-04-21 20:54:16 5 sec: 0 operations;
2025-04-21 20:54:17 6 sec: 0 operations;
2025-04-21 20:54:18 7 sec: 4293 operations; [READ: Count=2118 Max=2392.06 Min=4.14 Avg=190.51 10=18.13 25=22.82 50=32.51 75=113.22 90=654.34 95=1295.36 99=1871.87 99.9=2326.53 99.99=2392.06] [UPDATE: Count=2175 Max=13197.31 Min=14.46 Avg=261.13 10=28.27 25=35.42 50=50.08 75=134.40 90=734.21 95=1331.20 99=2115.58 99.9=10108.93 99.99=13197.31]
2025-04-21 20:54:19 8 sec: 8450 operations; [READ: Count=4218 Max=5263.36 Min=4.14 Avg=186.52 10=18.29 25=23.39 50=33.22 75=116.16 90=676.86 95=1154.05 99=1817.60 99.9=2273.28 99.99=5263.36] [UPDATE: Count=4232 Max=16678.91 Min=13.94 Avg=278.87 10=29.36 25=37.02 50=52.38 75=137.73 90=735.23 95=1245.18 99=2983.93 99.9=13205.50 99.99=16678.91]
2025-04-21 20:54:20 9 sec: 12179 operations; [READ: Count=6099 Max=5263.36 Min=3.04 Avg=198.58 10=18.24 25=23.54 50=33.85 75=119.55 90=779.77 95=1130.49 99=1711.10 99.9=2211.84 99.99=2392.06] [UPDATE: Count=6080 Max=16678.91 Min=9.79 Avg=288.10 10=29.23 25=36.61 50=51.42 75=140.67 90=846.85 95=1226.75 99=2783.23 99.9=13426.69 99.99=16457.73]
2025-04-21 20:54:21 10 sec: 21206 operations; [READ: Count=10589 Max=5263.36 Min=2.95 Avg=153.93 10=16.54 25=21.87 50=31.47 75=110.97 90=443.90 95=931.33 99=1561.60 99.9=2119.68 99.99=2392.06] [UPDATE: Count=10617 Max=16678.91 Min=9.18 Avg=218.90 10=25.66 25=32.43 50=46.53 75=127.61 90=561.66 95=1004.03 99=2004.99 99.9=12574.72 99.99=16457.73]
2025-04-21 20:54:22 11 sec: 34095 operations; [READ: Count=17087 Max=5263.36 Min=2.95 Avg=121.79 10=14.23 25=18.88 50=27.98 75=104.06 90=279.30 95=688.64 99=1380.35 99.9=2034.69 99.99=2361.34] [UPDATE: Count=17008 Max=16678.91 Min=7.86 Avg=168.11 10=22.41 25=28.43 50=40.67 75=117.18 90=328.96 95=781.82 99=1658.88 99.9=10018.82 99.99=16400.38]
2025-04-21 20:54:23 12 sec: 47375 operations; [READ: Count=23776 Max=5586.94 Min=2.94 Avg=106.61 10=13.49 25=17.39 50=25.76 75=99.84 90=222.59 95=527.87 99=1274.88 99.9=1995.78 99.99=3637.25] [UPDATE: Count=23599 Max=16678.91 Min=7.86 Avg=143.75 10=21.15 25=26.59 50=37.41 75=112.00 90=267.26 95=610.30 99=1476.61 99.9=8724.48 99.99=16400.38]
2025-04-21 20:54:24 13 sec: 62457 operations; [READ: Count=31286 Max=5586.94 Min=2.94 Avg=95.11 10=13.29 25=16.85 50=24.51 75=96.13 90=168.96 95=412.16 99=1197.06 99.9=1937.41 99.99=3637.25] [UPDATE: Count=31171 Max=16678.91 Min=7.86 Avg=126.24 10=20.67 25=25.87 50=35.65 75=107.71 90=210.69 95=490.75 99=1315.84 99.9=7127.04 99.99=16056.32]
2025-04-21 20:54:25 14 sec: 77812 operations; [READ: Count=38996 Max=5586.94 Min=2.67 Avg=87.44 10=13.21 25=16.67 50=23.84 75=91.90 90=145.02 95=373.50 99=1116.16 99.9=1873.92 99.99=2392.06] [UPDATE: Count=38816 Max=16678.91 Min=7.20 Avg=115.56 10=20.56 25=25.65 50=35.01 75=103.10 90=177.79 95=429.06 99=1229.82 99.9=5873.66 99.99=15622.14]
2025-04-21 20:54:26 15 sec: 91968 operations; [READ: Count=46091 Max=5586.94 Min=2.67 Avg=83.61 10=13.05 25=16.45 50=23.36 75=85.82 90=138.37 95=365.06 99=1077.25 99.9=1851.39 99.99=2392.06] [UPDATE: Count=45877 Max=16678.91 Min=7.20 Avg=109.58 10=20.34 25=25.33 50=34.17 75=97.60 90=164.74 95=406.53 99=1190.91 99.9=4882.43 99.99=13639.68]
2025-04-21 20:54:27 16 sec: 103148 operations; [READ: Count=51735 Max=5586.94 Min=2.67 Avg=83.50 10=13.00 25=16.41 50=23.41 75=87.30 90=139.78 95=363.26 99=1062.91 99.9=1830.91 99.99=2392.06] [UPDATE: Count=51413 Max=16678.91 Min=7.20 Avg=107.96 10=20.24 25=25.18 50=34.08 75=98.11 90=164.74 95=396.03 99=1165.31 99.9=4616.19 99.99=13639.68]
2025-04-21 20:54:28 17 sec: 114030 operations; [READ: Count=57235 Max=5586.94 Min=2.67 Avg=83.39 10=12.99 25=16.43 50=23.68 75=89.92 90=146.30 95=357.63 99=1017.34 99.9=1817.60 99.99=2361.34] [UPDATE: Count=56795 Max=16678.91 Min=7.20 Avg=107.17 10=20.18 25=25.18 50=34.30 75=100.35 90=173.44 95=386.81 99=1123.33 99.9=4452.35 99.99=13426.69]
2025-04-21 20:54:29 18 sec: 124712 operations; [READ: Count=62489 Max=5586.94 Min=2.63 Avg=83.59 10=12.99 25=16.51 50=24.05 75=91.39 90=156.16 95=353.79 99=990.21 99.9=1807.36 99.99=2361.34] [UPDATE: Count=62223 Max=16678.91 Min=7.20 Avg=106.50 10=20.13 25=25.18 50=34.62 75=101.57 90=179.33 95=379.90 99=1093.63 99.9=3983.36 99.99=13426.69]
2025-04-21 20:54:30 19 sec: 134770 operations; [READ: Count=67468 Max=5586.94 Min=2.54 Avg=84.18 10=12.95 25=16.51 50=24.30 75=92.16 90=163.46 95=352.51 99=969.22 99.9=1783.81 99.99=2392.06] [UPDATE: Count=67302 Max=16678.91 Min=7.20 Avg=106.40 10=20.03 25=25.12 50=34.78 75=102.14 90=184.45 95=378.88 99=1076.22 99.9=3850.24 99.99=13205.50]
2025-04-21 20:54:31 20 sec: 144574 operations; [READ: Count=72376 Max=5586.94 Min=2.54 Avg=84.98 10=12.92 25=16.51 50=24.46 75=92.61 90=169.22 95=354.56 99=961.02 99.9=1790.97 99.99=2541.57] [UPDATE: Count=72198 Max=16678.91 Min=7.20 Avg=106.38 10=19.98 25=25.07 50=34.88 75=102.53 90=190.08 95=379.65 99=1070.08 99.9=3522.56 99.99=13205.50]
2025-04-21 20:54:32 21 sec: 155412 operations; [READ: Count=77880 Max=5586.94 Min=2.54 Avg=85.00 10=12.84 25=16.41 50=24.43 75=92.61 90=171.78 95=353.02 99=949.76 99.9=1779.71 99.99=2744.32] [UPDATE: Count=77532 Max=16678.91 Min=7.20 Avg=105.78 10=19.84 25=24.93 50=34.72 75=102.33 90=191.49 95=377.34 99=1057.79 99.9=3424.26 99.99=13197.31]
2025-04-21 20:54:33 22 sec: 168346 operations; [READ: Count=84313 Max=5586.94 Min=2.54 Avg=83.79 10=12.70 25=16.24 50=24.19 75=92.16 90=171.26 95=349.18 99=931.84 99.9=1723.39 99.99=2744.32] [UPDATE: Count=84033 Max=16678.91 Min=7.20 Avg=104.06 10=19.63 25=24.67 50=34.27 75=101.89 90=190.46 95=370.94 99=1036.29 99.9=3301.38 99.99=13197.31]
2025-04-21 20:54:34 23 sec: 182515 operations; [READ: Count=91430 Max=5586.94 Min=2.43 Avg=82.17 10=12.62 25=16.11 50=23.97 75=91.45 90=169.98 95=342.53 99=908.80 99.9=1707.01 99.99=2670.59] [UPDATE: Count=91085 Max=16678.91 Min=7.20 Avg=101.92 10=19.52 25=24.48 50=33.85 75=101.12 90=188.80 95=365.82 99=1005.05 99.9=3198.97 99.99=13008.90]
2025-04-21 20:54:35 24 sec: 197332 operations; [READ: Count=98911 Max=5586.94 Min=2.43 Avg=80.59 10=12.47 25=15.91 50=23.63 75=90.37 90=168.19 95=337.66 99=889.86 99.9=1700.86 99.99=2541.57] [UPDATE: Count=98421 Max=16678.91 Min=7.20 Avg=99.68 10=19.31 25=24.18 50=33.34 75=99.90 90=184.32 95=360.45 99=983.04 99.9=2961.41 99.99=12582.91]
2025-04-21 20:54:36 25 sec: 212278 operations; [READ: Count=106324 Max=5586.94 Min=2.43 Avg=78.96 10=12.34 25=15.73 50=23.28 75=89.15 90=164.86 95=332.03 99=869.38 99.9=1691.65 99.99=2392.06] [UPDATE: Count=105954 Max=16678.91 Min=7.20 Avg=97.91 10=19.15 25=23.93 50=32.83 75=98.69 90=182.01 95=355.07 99=962.56 99.9=2932.74 99.99=12574.72]
2025-04-21 20:54:37 26 sec: 221806 operations; [READ: Count=111152 Max=5586.94 Min=2.43 Avg=79.72 10=12.31 25=15.75 50=23.44 75=89.73 90=166.78 95=333.82 99=860.67 99.9=1678.34 99.99=2541.57] [UPDATE: Count=110654 Max=16678.91 Min=7.20 Avg=98.48 10=19.14 25=23.93 50=32.99 75=99.20 90=183.29 95=355.58 99=954.37 99.9=2979.84 99.99=12574.72]
2025-04-21 20:54:38 27 sec: 235493 operations; [READ: Count=117988 Max=5586.94 Min=2.43 Avg=79.05 10=12.20 25=15.60 50=23.61 75=89.09 90=163.97 95=327.68 99=838.65 99.9=1658.88 99.99=2392.06] [UPDATE: Count=117505 Max=16678.91 Min=7.20 Avg=97.19 10=18.93 25=23.70 50=33.25 75=98.37 90=179.84 95=347.90 99=925.70 99.9=2856.96 99.99=12378.11]
2025-04-21 20:54:39 28 sec: 251409 operations; [READ: Count=125883 Max=5586.94 Min=2.43 Avg=77.70 10=12.07 25=15.43 50=23.86 75=87.81 90=157.57 95=315.90 99=811.52 99.9=1636.35 99.99=2371.58] [UPDATE: Count=125526 Max=16678.91 Min=7.20 Avg=95.22 10=18.66 25=23.45 50=33.53 75=96.70 90=173.18 95=337.15 99=897.02 99.9=2799.61 99.99=12328.96]
2025-04-21 20:54:40 29 sec: 268447 operations; [READ: Count=134408 Max=5586.94 Min=2.18 Avg=76.21 10=11.94 25=15.29 50=24.06 75=86.53 90=148.86 95=304.64 99=781.82 99.9=1614.85 99.99=2371.58] [UPDATE: Count=134039 Max=16678.91 Min=7.20 Avg=93.08 10=18.48 25=23.25 50=33.82 75=95.10 90=165.89 95=326.14 99=868.86 99.9=2746.37 99.99=12328.96]
2025-04-21 20:54:41 30 sec: 285366 operations; [READ: Count=142836 Max=5586.94 Min=2.18 Avg=74.95 10=11.74 25=15.10 50=24.24 75=85.44 90=140.41 95=293.38 99=759.81 99.9=1583.10 99.99=2361.34] [UPDATE: Count=142530 Max=16678.91 Min=7.20 Avg=91.21 10=18.24 25=22.96 50=34.08 75=93.82 90=159.23 95=315.13 99=845.82 99.9=2648.06 99.99=11501.57]
2025-04-21 20:54:42 31 sec: 299628 operations; [READ: Count=149942 Max=5586.94 Min=2.18 Avg=74.51 10=11.62 25=14.97 50=24.41 75=84.93 90=136.57 95=289.02 99=747.01 99.9=1566.72 99.99=2338.82] [UPDATE: Count=149686 Max=16678.91 Min=7.20 Avg=90.34 10=18.06 25=22.75 50=34.30 75=93.12 90=155.78 95=310.27 99=828.41 99.9=2607.10 99.99=11075.58]
2025-04-21 20:54:43 32 sec: 317010 operations; [READ: Count=158636 Max=5586.94 Min=2.18 Avg=73.32 10=11.47 25=14.88 50=24.66 75=84.16 90=128.90 95=276.74 99=726.01 99.9=1557.50 99.99=2326.53] [UPDATE: Count=158374 Max=16678.91 Min=7.20 Avg=88.70 10=17.92 25=22.57 50=34.66 75=92.29 90=147.46 95=297.73 99=805.38 99.9=2488.32 99.99=10600.45]
2025-04-21 20:54:44 33 sec: 333486 operations; [READ: Count=166943 Max=5586.94 Min=2.18 Avg=72.50 10=11.33 25=14.79 50=24.93 75=83.71 90=125.06 95=266.75 99=706.56 99.9=1547.26 99.99=2283.52] [UPDATE: Count=166543 Max=16678.91 Min=7.20 Avg=87.44 10=17.77 25=22.41 50=34.98 75=91.71 90=141.31 95=287.49 99=782.85 99.9=2402.30 99.99=10108.93]
2025-04-21 20:54:45 34 sec: 350322 operations; [READ: Count=175369 Max=5586.94 Min=2.18 Avg=71.64 10=11.13 25=14.70 50=25.20 75=83.20 90=121.66 95=255.36 99=686.08 99.9=1530.88 99.99=2273.28] [UPDATE: Count=174953 Max=16678.91 Min=7.20 Avg=86.24 10=17.58 25=22.25 50=35.36 75=91.14 90=136.57 95=275.97 99=761.34 99.9=2355.20 99.99=10108.93]
2025-04-21 20:54:46 35 sec: 366503 operations; [READ: Count=183371 Max=5586.94 Min=2.18 Avg=70.99 10=10.93 25=14.62 50=25.47 75=82.94 90=119.23 95=247.17 99=669.18 99.9=1519.62 99.99=2273.28] [UPDATE: Count=183132 Max=16678.91 Min=7.20 Avg=85.29 10=17.42 25=22.14 50=35.77 75=90.75 90=133.12 95=267.26 99=744.45 99.9=2246.66 99.99=10018.82]
2025-04-21 20:54:47 36 sec: 380543 operations; [READ: Count=190376 Max=5586.94 Min=2.18 Avg=70.81 10=10.70 25=14.56 50=25.73 75=82.81 90=118.33 95=245.50 99=653.82 99.9=1502.21 99.99=2211.84] [UPDATE: Count=190167 Max=16678.91 Min=7.20 Avg=84.90 10=17.28 25=22.05 50=36.09 75=90.62 90=131.84 95=265.47 99=731.65 99.9=2222.08 99.99=9822.21]
2025-04-21 20:54:48 37 sec: 397170 operations; [READ: Count=198705 Max=5586.94 Min=2.18 Avg=70.19 10=10.34 25=14.49 50=26.06 75=82.43 90=115.97 95=237.31 99=641.02 99.9=1482.75 99.99=2201.60] [UPDATE: Count=198465 Max=16678.91 Min=7.20 Avg=83.97 10=17.09 25=21.92 50=36.45 75=90.17 90=128.96 95=256.77 99=717.31 99.9=2189.31 99.99=9797.63]
2025-04-21 20:54:49 38 sec: 415081 operations; [READ: Count=207647 Max=5586.94 Min=2.18 Avg=69.39 10=9.86 25=14.40 50=26.37 75=82.11 90=113.66 95=227.46 99=627.20 99.9=1473.54 99.99=2179.07] [UPDATE: Count=207434 Max=16678.91 Min=6.95 Avg=82.87 10=16.85 25=21.77 50=36.83 75=89.79 90=126.27 95=246.01 99=696.83 99.9=2134.01 99.99=9527.30]
2025-04-21 20:54:50 39 sec: 432647 operations; [READ: Count=216475 Max=5586.94 Min=2.18 Avg=68.66 10=9.24 25=14.31 50=26.64 75=81.79 90=111.81 95=219.26 99=614.40 99.9=1451.01 99.99=2162.69] [UPDATE: Count=216172 Max=16678.91 Min=6.95 Avg=81.98 10=16.62 25=21.66 50=37.25 75=89.47 90=124.03 95=236.80 99=680.96 99.9=2083.84 99.99=9158.66]
2025-04-21 20:54:51 40 sec: 450212 operations; [READ: Count=225278 Max=5586.94 Min=2.18 Avg=68.01 10=8.73 25=14.24 50=26.96 75=81.53 90=110.21 95=211.58 99=602.11 99.9=1429.50 99.99=2156.54] [UPDATE: Count=224934 Max=16678.91 Min=6.95 Avg=81.13 10=16.38 25=21.55 50=37.70 75=89.22 90=122.11 95=228.86 99=667.13 99.9=2059.26 99.99=9158.66]
2025-04-21 20:54:52 41 sec: 465449 operations; [READ: Count=232894 Max=5586.94 Min=2.18 Avg=67.78 10=8.41 25=14.18 50=27.23 75=81.41 90=109.44 95=209.15 99=595.46 99.9=1422.34 99.99=2156.54] [UPDATE: Count=232555 Max=16678.91 Min=6.95 Avg=80.73 10=16.14 25=21.45 50=38.08 75=89.09 90=121.15 95=226.43 99=658.94 99.9=2024.45 99.99=8806.40]
2025-04-21 20:54:53 42 sec: 483210 operations; [READ: Count=241927 Max=5586.94 Min=2.18 Avg=67.16 10=8.05 25=14.11 50=27.49 75=81.22 90=107.97 95=204.03 99=587.26 99.9=1399.81 99.99=2144.26] [UPDATE: Count=241283 Max=16678.91 Min=6.95 Avg=79.97 10=15.87 25=21.34 50=38.46 75=88.77 90=119.61 95=220.67 99=646.14 99.9=1967.10 99.99=8765.44]
2025-04-21 20:54:54 43 sec: 502252 operations; [READ: Count=251488 Max=5586.94 Min=2.18 Avg=66.41 10=7.74 25=14.03 50=27.68 75=80.96 90=106.43 95=197.89 99=576.51 99.9=1385.47 99.99=2134.01] [UPDATE: Count=250764 Max=16678.91 Min=6.95 Avg=79.07 10=15.58 25=21.23 50=38.91 75=88.51 90=117.82 95=214.27 99=630.78 99.9=1922.05 99.99=8724.48]
2025-04-21 20:54:55 44 sec: 520545 operations; [READ: Count=260640 Max=5586.94 Min=2.18 Avg=65.84 10=7.50 25=13.97 50=27.89 75=80.77 90=105.28 95=193.15 99=565.76 99.9=1371.13 99.99=2119.68] [UPDATE: Count=259905 Max=16678.91 Min=6.95 Avg=78.32 10=15.34 25=21.14 50=39.30 75=88.32 90=116.48 95=209.92 99=615.93 99.9=1870.85 99.99=8634.37]
2025-04-21 20:54:56 45 sec: 539331 operations; [READ: Count=270143 Max=5586.94 Min=2.18 Avg=65.25 10=7.29 25=13.90 50=28.13 75=80.58 90=104.13 95=187.90 99=555.52 99.9=1359.87 99.99=2119.68] [UPDATE: Count=269188 Max=16678.91 Min=6.95 Avg=77.54 10=15.09 25=21.02 50=39.55 75=88.13 90=115.07 95=205.82 99=603.65 99.9=1831.93 99.99=8552.45]
2025-04-21 20:54:57 46 sec: 555885 operations; [READ: Count=278413 Max=5586.94 Min=2.18 Avg=64.96 10=7.14 25=13.86 50=28.25 75=80.51 90=103.42 95=185.73 99=550.91 99.9=1350.65 99.99=2115.58] [UPDATE: Count=277472 Max=16678.91 Min=6.95 Avg=77.12 10=14.89 25=20.94 50=39.77 75=88.06 90=114.43 95=204.03 99=594.94 99.9=1812.48 99.99=8105.98]
2025-04-21 20:54:58 47 sec: 571955 operations; [READ: Count=286445 Max=5586.94 Min=2.18 Avg=64.75 10=7.02 25=13.81 50=28.45 75=80.45 90=102.97 95=184.45 99=545.28 99.9=1343.49 99.99=2079.74] [UPDATE: Count=285510 Max=16678.91 Min=6.95 Avg=76.80 10=14.70 25=20.85 50=40.00 75=87.94 90=113.92 95=203.39 99=588.29 99.9=1795.07 99.99=8097.79]
2025-04-21 20:54:59 48 sec: 590820 operations; [READ: Count=295726 Max=5586.94 Min=2.18 Avg=64.22 10=6.89 25=13.74 50=28.54 75=80.32 90=102.08 95=179.58 99=535.55 99.9=1328.13 99.99=2076.67] [UPDATE: Count=295094 Max=16678.91 Min=6.95 Avg=76.13 10=14.52 25=20.75 50=40.16 75=87.81 90=112.83 95=199.55 99=578.56 99.9=1784.83 99.99=8015.87]
2025-04-21 20:55:00 49 sec: 606742 operations; [READ: Count=303692 Max=5586.94 Min=2.18 Avg=64.04 10=6.90 25=13.73 50=28.66 75=80.38 90=101.69 95=177.28 99=528.89 99.9=1323.01 99.99=2076.67] [UPDATE: Count=303050 Max=16678.91 Min=6.95 Avg=75.88 10=14.54 25=20.75 50=40.35 75=87.94 90=112.51 95=198.27 99=571.39 99.9=1755.13 99.99=8015.87]
2025-04-21 20:55:01 50 sec: 622176 operations; [READ: Count=311438 Max=5586.94 Min=2.18 Avg=63.93 10=6.92 25=13.73 50=28.67 75=80.51 90=101.50 95=176.64 99=523.52 99.9=1313.79 99.99=2064.38] [UPDATE: Count=310738 Max=16678.91 Min=6.95 Avg=75.69 10=14.54 25=20.77 50=40.35 75=88.06 90=112.32 95=197.76 99=566.27 99.9=1709.06 99.99=7585.79]
2025-04-21 20:55:02 51 sec: 636730 operations; [READ: Count=318716 Max=5586.94 Min=2.18 Avg=63.90 10=6.93 25=13.72 50=28.66 75=80.58 90=101.44 95=177.02 99=520.96 99.9=1303.55 99.99=2062.34] [UPDATE: Count=318014 Max=16678.91 Min=6.95 Avg=75.63 10=14.54 25=20.75 50=40.45 75=88.19 90=112.19 95=198.27 99=562.17 99.9=1696.77 99.99=7548.93]
2025-04-21 20:55:03 52 sec: 652066 operations; [READ: Count=326371 Max=5586.94 Min=2.18 Avg=63.80 10=6.94 25=13.71 50=28.69 75=80.64 90=101.25 95=175.74 99=515.84 99.9=1296.38 99.99=2048.00] [UPDATE: Count=325695 Max=16678.91 Min=6.95 Avg=75.47 10=14.54 25=20.75 50=40.45 75=88.25 90=111.94 95=197.38 99=558.08 99.9=1680.38 99.99=7471.10]
2025-04-21 20:55:04 53 sec: 669241 operations; [READ: Count=334903 Max=5586.94 Min=2.18 Avg=63.52 10=6.94 25=13.69 50=28.57 75=80.70 90=100.73 95=172.93 99=509.44 99.9=1286.14 99.99=2048.00] [UPDATE: Count=334338 Max=16678.91 Min=6.95 Avg=75.12 10=14.52 25=20.75 50=40.38 75=88.32 90=111.36 95=194.81 99=549.89 99.9=1659.90 99.99=7471.10]
2025-04-21 20:55:05 54 sec: 684050 operations; [READ: Count=342287 Max=5586.94 Min=2.18 Avg=63.48 10=6.94 25=13.67 50=28.50 75=80.77 90=100.73 95=173.57 99=505.09 99.9=1282.05 99.99=2034.69] [UPDATE: Count=341763 Max=16678.91 Min=6.95 Avg=75.05 10=14.52 25=20.73 50=40.22 75=88.45 90=111.42 95=195.84 99=544.77 99.9=1646.59 99.99=7127.04]
2025-04-21 20:55:06 55 sec: 698286 operations; [READ: Count=349405 Max=5586.94 Min=2.18 Avg=63.48 10=6.90 25=13.64 50=28.40 75=80.83 90=100.93 95=175.49 99=501.50 99.9=1272.83 99.99=2018.30] [UPDATE: Count=348881 Max=16678.91 Min=6.95 Avg=75.05 10=14.47 25=20.70 50=40.09 75=88.51 90=111.61 95=197.38 99=541.70 99.9=1648.64 99.99=6705.15]
2025-04-21 20:55:07 56 sec: 710857 operations; [READ: Count=355776 Max=5586.94 Min=2.18 Avg=63.68 10=6.86 25=13.61 50=28.27 75=80.89 90=101.25 95=178.94 99=506.88 99.9=1265.66 99.99=2018.30] [UPDATE: Count=355081 Max=16678.91 Min=6.95 Avg=75.18 10=14.42 25=20.66 50=39.97 75=88.64 90=111.94 95=199.55 99=544.25 99.9=1640.45 99.99=6623.23]
2025-04-21 20:55:08 57 sec: 724277 operations; [READ: Count=362475 Max=5586.94 Min=2.18 Avg=63.75 10=6.88 25=13.59 50=28.19 75=80.96 90=101.25 95=179.58 99=509.18 99.9=1262.59 99.99=2018.30] [UPDATE: Count=361802 Max=16678.91 Min=6.95 Avg=75.27 10=14.42 25=20.64 50=39.84 75=88.70 90=111.94 95=200.19 99=546.82 99.9=1635.33 99.99=6705.15]
2025-04-21 20:55:09 58 sec: 739679 operations; [READ: Count=370214 Max=5586.94 Min=2.18 Avg=63.67 10=6.89 25=13.57 50=28.13 75=81.02 90=101.18 95=178.94 99=505.60 99.9=1257.47 99.99=2016.26] [UPDATE: Count=369465 Max=16678.91 Min=6.95 Avg=75.12 10=14.42 25=20.62 50=39.71 75=88.77 90=111.81 95=199.81 99=542.72 99.9=1625.09 99.99=6623.23]
2025-04-21 20:55:10 59 sec: 754503 operations; [READ: Count=377603 Max=5586.94 Min=2.18 Avg=63.63 10=6.89 25=13.54 50=27.95 75=81.15 90=101.25 95=179.97 99=502.01 99.9=1249.28 99.99=2014.21] [UPDATE: Count=376900 Max=16678.91 Min=6.95 Avg=75.05 10=14.41 25=20.61 50=39.55 75=88.89 90=111.87 95=200.57 99=538.62 99.9=1615.87 99.99=6619.14]
2025-04-21 20:55:11 60 sec: 769407 operations; [READ: Count=384979 Max=5586.94 Min=2.18 Avg=63.59 10=6.89 25=13.52 50=27.87 75=81.22 90=101.31 95=180.35 99=498.69 99.9=1246.21 99.99=2014.21] [UPDATE: Count=384428 Max=16678.91 Min=6.95 Avg=74.97 10=14.41 25=20.59 50=39.45 75=89.02 90=111.94 95=200.70 99=534.53 99.9=1600.51 99.99=6619.14]
2025-04-21 20:55:12 61 sec: 784687 operations; [READ: Count=392548 Max=5586.94 Min=2.18 Avg=63.53 10=6.89 25=13.48 50=27.71 75=81.28 90=101.25 95=180.74 99=496.64 99.9=1243.13 99.99=2006.02] [UPDATE: Count=392139 Max=16678.91 Min=6.95 Avg=74.84 10=14.40 25=20.57 50=39.23 75=89.09 90=111.81 95=200.57 99=532.48 99.9=1589.25 99.99=6500.35]
2025-04-21 20:55:13 62 sec: 799896 operations; [READ: Count=400171 Max=5586.94 Min=2.18 Avg=63.49 10=6.90 25=13.46 50=27.58 75=81.34 90=101.25 95=181.12 99=494.85 99.9=1238.02 99.99=1995.78] [UPDATE: Count=399725 Max=16678.91 Min=6.95 Avg=74.73 10=14.38 25=20.54 50=38.98 75=89.15 90=111.81 95=200.96 99=530.43 99.9=1572.86 99.99=6393.85]
2025-04-21 20:55:14 63 sec: 815491 operations; [READ: Count=407921 Max=5586.94 Min=2.18 Avg=63.38 10=6.90 25=13.42 50=27.36 75=81.34 90=101.25 95=181.25 99=492.03 99.9=1229.82 99.99=1990.65] [UPDATE: Count=407570 Max=16678.91 Min=6.95 Avg=74.61 10=14.37 25=20.51 50=38.72 75=89.15 90=111.81 95=201.47 99=526.85 99.9=1562.62 99.99=6283.26]
2025-04-21 20:55:15 64 sec: 829207 operations; [READ: Count=414710 Max=5586.94 Min=2.18 Avg=63.43 10=6.91 25=13.39 50=27.14 75=81.41 90=101.44 95=183.29 99=492.54 99.9=1226.75 99.99=2006.02] [UPDATE: Count=414497 Max=16678.91 Min=6.95 Avg=74.65 10=14.37 25=20.50 50=38.37 75=89.22 90=112.00 95=203.13 99=527.36 99.9=1559.55 99.99=6283.26]
2025-04-21 20:55:16 65 sec: 844474 operations; [READ: Count=422364 Max=5586.94 Min=2.18 Avg=63.38 10=6.91 25=13.37 50=26.78 75=81.41 90=101.44 95=184.19 99=493.06 99.9=1221.63 99.99=1995.78] [UPDATE: Count=422110 Max=16678.91 Min=6.95 Avg=74.55 10=14.35 25=20.45 50=37.92 75=89.22 90=112.00 95=203.65 99=526.85 99.9=1549.31 99.99=6160.38]
2025-04-21 20:55:17 66 sec: 862198 operations; [READ: Count=431080 Max=5586.94 Min=2.18 Avg=63.12 10=6.89 25=13.31 50=26.37 75=81.41 90=101.25 95=183.55 99=489.47 99.9=1213.44 99.99=1990.65] [UPDATE: Count=431118 Max=16678.91 Min=6.95 Avg=74.25 10=14.32 25=20.40 50=37.25 75=89.22 90=111.81 95=203.65 99=522.75 99.9=1544.19 99.99=6094.85]
2025-04-21 20:55:18 67 sec: 882163 operations; [READ: Count=441110 Max=5586.94 Min=2.18 Avg=62.70 10=6.87 25=13.26 50=25.86 75=81.28 90=100.80 95=181.12 99=484.61 99.9=1207.30 99.99=1986.56] [UPDATE: Count=441053 Max=16678.91 Min=6.95 Avg=73.80 10=14.27 25=20.34 50=36.54 75=89.09 90=111.30 95=201.60 99=519.42 99.9=1524.73 99.99=6074.37]
2025-04-21 20:55:19 68 sec: 902232 operations; [READ: Count=451075 Max=5586.94 Min=2.18 Avg=62.29 10=6.84 25=13.19 50=25.28 75=81.22 90=100.48 95=179.07 99=480.00 99.9=1201.15 99.99=1983.49] [UPDATE: Count=451157 Max=16678.91 Min=6.95 Avg=73.35 10=14.22 25=20.25 50=35.84 75=89.02 90=110.97 95=200.45 99=514.82 99.9=1503.23 99.99=6049.79]
2025-04-21 20:55:20 69 sec: 921063 operations; [READ: Count=460495 Max=5586.94 Min=1.86 Avg=61.99 10=6.83 25=13.13 50=24.89 75=81.15 90=100.16 95=177.41 99=477.44 99.9=1197.06 99.99=1978.37] [UPDATE: Count=460568 Max=16678.91 Min=6.69 Avg=73.02 10=14.18 25=20.19 50=35.30 75=88.96 90=110.72 95=199.55 99=512.00 99.9=1488.89 99.99=6049.79]
2025-04-21 20:55:21 70 sec: 940720 operations; [READ: Count=470226 Max=5586.94 Min=1.86 Avg=61.68 10=6.89 25=13.10 50=24.59 75=81.09 90=99.78 95=174.72 99=474.11 99.9=1188.86 99.99=1963.01] [UPDATE: Count=470494 Max=16678.91 Min=6.69 Avg=72.59 10=14.26 25=20.16 50=34.78 75=88.89 90=110.14 95=197.12 99=506.88 99.9=1480.70 99.99=6049.79]
2025-04-21 20:55:22 71 sec: 961596 operations; [READ: Count=480605 Max=5586.94 Min=1.86 Avg=61.28 10=6.93 25=13.07 50=24.32 75=81.02 90=99.26 95=171.39 99=468.99 99.9=1182.72 99.99=1961.98] [UPDATE: Count=480991 Max=16678.91 Min=6.69 Avg=72.11 10=14.32 25=20.14 50=34.34 75=88.83 90=109.44 95=193.66 99=499.97 99.9=1462.27 99.99=6000.64]
2025-04-21 20:55:23 72 sec: 978698 operations; [READ: Count=489188 Max=5586.94 Min=1.86 Avg=61.17 10=6.97 25=13.06 50=24.38 75=81.02 90=99.14 95=168.96 99=464.13 99.9=1175.55 99.99=1952.77] [UPDATE: Count=489510 Max=16678.91 Min=6.69 Avg=71.92 10=14.36 25=20.13 50=34.43 75=88.77 90=109.31 95=190.85 99=496.13 99.9=1455.10 99.99=5873.66]
2025-04-21 20:55:24 73 sec: 992468 operations; [READ: Count=496043 Max=5586.94 Min=1.86 Avg=61.25 10=7.00 25=13.08 50=24.57 75=81.09 90=99.58 95=168.06 99=460.54 99.9=1170.43 99.99=1937.41] [UPDATE: Count=496425 Max=16678.91 Min=6.69 Avg=71.98 10=14.40 25=20.16 50=34.75 75=88.83 90=110.02 95=189.69 99=492.29 99.9=1434.62 99.99=5853.18]
2025-04-21 20:55:25 73 sec: 1000000 operations; [READ: Count=499766 Max=5586.94 Min=1.86 Avg=61.35 10=7.01 25=13.10 50=24.72 75=81.09 90=100.16 95=167.29 99=459.01 99.9=1169.41 99.99=1937.41] [UPDATE: Count=500234 Max=16678.91 Min=6.69 Avg=72.04 10=14.41 25=20.18 50=34.94 75=88.83 90=110.53 95=189.06 99=490.50 99.9=1430.53 99.99=5853.18]
Run runtime(sec): 73.7077
Run operations(ops): 1000000
Run throughput(ops/sec): 13567.1
