Running scope as unit: run-r971993cee54940f18b76db4bc5d70ba0.scope
load file:/home/user/DataFiles/silesia_data/silesia.tar
2025-04-21 20:54:11 0 sec: 0 operations;
2025-04-21 20:54:12 1 sec: 0 operations;
2025-04-21 20:54:13 2 sec: 0 operations;
2025-04-21 20:54:14 3 sec: 0 operations;
2025-04-21 20:54:15 4 sec: 0 operations;
2025-04-21 20:54:16 5 sec: 0 operations;
2025-04-21 20:54:17 6 sec: 9057 operations; [READ: Count=4511 Max=4136.96 Min=2.94 Avg=70.16 10=11.94 25=15.46 50=20.54 75=85.82 90=102.27 95=223.23 99=845.31 99.9=1801.21 99.99=4136.96] [UPDATE: Count=4546 Max=16662.53 Min=9.34 Avg=105.71 10=19.98 25=23.38 50=33.31 75=96.13 90=122.94 95=296.96 99=1078.27 99.9=5181.44 99.99=16662.53]
2025-04-21 20:54:18 7 sec: 15592 operations; [READ: Count=7866 Max=4136.96 Min=2.94 Avg=95.43 10=12.97 25=16.50 50=22.69 75=88.89 90=127.81 95=368.13 99=1317.89 99.9=2026.49 99.99=3338.24] [UPDATE: Count=7726 Max=16662.53 Min=9.34 Avg=134.58 10=20.94 25=26.37 50=38.24 75=102.21 90=162.30 95=477.95 99=1563.65 99.9=9060.35 99.99=14565.38]
2025-04-21 20:54:19 8 sec: 20520 operations; [READ: Count=10327 Max=4579.33 Min=2.88 Avg=111.82 10=13.18 25=17.09 50=23.07 75=90.43 90=183.94 95=624.64 99=1496.06 99.9=2177.02 99.99=4136.96] [UPDATE: Count=10193 Max=16662.53 Min=9.34 Avg=159.78 10=21.58 25=27.73 50=39.30 75=105.15 90=245.50 95=756.22 99=1750.02 99.9=10018.82 99.99=14565.38]
2025-04-21 20:54:20 9 sec: 24688 operations; [READ: Count=12379 Max=4579.33 Min=2.61 Avg=123.75 10=12.65 25=16.21 50=22.48 75=90.62 90=276.22 95=774.14 99=1509.38 99.9=2340.86 99.99=4468.73] [UPDATE: Count=12309 Max=22888.45 Min=9.34 Avg=182.83 10=21.52 25=27.18 50=38.56 75=105.98 90=344.57 95=870.91 99=1849.34 99.9=11870.21 99.99=20168.70]
2025-04-21 20:54:21 10 sec: 31951 operations; [READ: Count=15975 Max=4579.33 Min=2.61 Avg=120.22 10=11.94 25=15.04 50=21.50 75=89.47 90=273.41 95=764.41 99=1451.01 99.9=2222.08 99.99=4136.96] [UPDATE: Count=15976 Max=22888.45 Min=7.85 Avg=178.73 10=19.82 25=24.61 50=35.65 75=102.78 90=348.93 95=878.59 99=1795.07 99.9=11886.59 99.99=17514.49]
2025-04-21 20:54:22 11 sec: 47009 operations; [READ: Count=23569 Max=4579.33 Min=2.45 Avg=100.51 10=11.71 25=14.17 50=20.35 75=88.00 90=170.37 95=544.77 99=1297.41 99.9=2026.49 99.99=4136.96] [UPDATE: Count=23440 Max=22888.45 Min=7.43 Avg=144.72 10=18.94 25=22.93 50=32.29 75=99.33 90=227.97 95=679.42 99=1539.07 99.9=10125.31 99.99=17514.49]
2025-04-21 20:54:23 12 sec: 63214 operations; [READ: Count=31665 Max=4579.33 Min=2.45 Avg=89.01 10=11.70 25=13.95 50=19.68 75=86.02 90=136.45 95=407.81 99=1187.84 99.9=1960.96 99.99=3352.57] [UPDATE: Count=31549 Max=22888.45 Min=7.43 Avg=124.48 10=18.70 25=22.41 50=30.48 75=96.38 90=164.86 95=501.25 99=1379.33 99.9=8130.56 99.99=16662.53]
2025-04-21 20:54:24 13 sec: 81170 operations; [READ: Count=40723 Max=5365.76 Min=2.45 Avg=79.89 10=11.59 25=13.72 50=19.01 75=82.50 90=121.60 95=356.10 99=1111.04 99.9=1893.38 99.99=3352.57] [UPDATE: Count=40447 Max=22888.45 Min=7.43 Avg=110.65 10=18.46 25=21.93 50=29.23 75=92.54 90=143.74 95=402.69 99=1270.78 99.9=6914.05 99.99=15810.56]
2025-04-21 20:54:25 14 sec: 98495 operations; [READ: Count=49414 Max=5365.76 Min=2.35 Avg=74.88 10=11.51 25=13.62 50=18.70 75=77.95 90=116.03 95=337.41 99=1043.97 99.9=1865.73 99.99=3338.24] [UPDATE: Count=49081 Max=22888.45 Min=7.39 Avg=102.12 10=18.38 25=21.76 50=28.62 75=88.58 90=136.45 95=368.38 99=1187.84 99.9=5353.47 99.99=14565.38]
2025-04-21 20:54:26 15 sec: 109892 operations; [READ: Count=55086 Max=5365.76 Min=2.35 Avg=75.45 10=11.53 25=13.69 50=18.96 75=80.45 90=119.30 95=339.20 99=1026.56 99.9=1850.37 99.99=3272.70] [UPDATE: Count=54806 Max=22888.45 Min=7.39 Avg=101.18 10=18.43 25=21.89 50=28.86 75=90.30 90=139.13 95=368.89 99=1160.19 99.9=5066.75 99.99=14565.38]
2025-04-21 20:54:27 16 sec: 118572 operations; [READ: Count=59380 Max=5365.76 Min=2.35 Avg=77.70 10=11.55 25=13.78 50=19.28 75=81.98 90=126.85 95=346.37 99=1044.99 99.9=1865.73 99.99=3272.70] [UPDATE: Count=59192 Max=22888.45 Min=7.39 Avg=102.71 10=18.46 25=21.98 50=29.14 75=91.90 90=146.69 95=375.04 99=1175.55 99.9=4952.06 99.99=13778.94]
2025-04-21 20:54:28 17 sec: 128739 operations; [READ: Count=64393 Max=5365.76 Min=2.35 Avg=78.45 10=11.57 25=13.87 50=19.73 75=83.65 90=139.78 95=347.65 99=1015.81 99.9=1844.22 99.99=3272.70] [UPDATE: Count=64346 Max=22888.45 Min=7.39 Avg=103.08 10=18.51 25=22.11 50=29.49 75=93.38 90=158.34 95=376.06 99=1157.12 99.9=4423.68 99.99=13778.94]
2025-04-21 20:54:29 18 sec: 138586 operations; [READ: Count=69226 Max=5365.76 Min=2.35 Avg=79.34 10=11.58 25=13.94 50=20.14 75=84.93 90=151.81 95=347.39 99=987.65 99.9=1817.60 99.99=3217.41] [UPDATE: Count=69360 Max=22888.45 Min=7.39 Avg=103.55 10=18.50 25=22.21 50=29.89 75=94.85 90=168.70 95=376.06 99=1134.59 99.9=4198.40 99.99=13656.06]
2025-04-21 20:54:30 19 sec: 148408 operations; [READ: Count=74164 Max=5365.76 Min=2.35 Avg=80.14 10=11.56 25=13.99 50=20.45 75=85.89 90=158.34 95=345.86 99=970.24 99.9=1812.48 99.99=3338.24] [UPDATE: Count=74244 Max=22888.45 Min=7.39 Avg=104.02 10=18.46 25=22.25 50=30.14 75=95.87 90=175.87 95=375.81 99=1118.21 99.9=4091.90 99.99=13656.06]
2025-04-21 20:54:31 20 sec: 159892 operations; [READ: Count=79997 Max=5365.76 Min=2.35 Avg=80.15 10=11.54 25=14.02 50=20.70 75=86.53 90=161.28 95=343.04 99=944.64 99.9=1796.10 99.99=3272.70] [UPDATE: Count=79895 Max=22888.45 Min=7.24 Avg=103.18 10=18.40 25=22.24 50=30.27 75=96.25 90=178.43 95=370.94 99=1093.63 99.9=3895.30 99.99=13131.77]
2025-04-21 20:54:32 21 sec: 169736 operations; [READ: Count=84858 Max=5365.76 Min=2.34 Avg=80.90 10=11.49 25=14.02 50=20.77 75=86.78 90=164.35 95=345.60 99=945.15 99.9=1785.86 99.99=3272.70] [UPDATE: Count=84878 Max=22888.45 Min=7.24 Avg=103.45 10=18.35 25=22.19 50=30.27 75=96.51 90=182.01 95=373.25 99=1091.58 99.9=3825.66 99.99=13131.77]
2025-04-21 20:54:33 22 sec: 183741 operations; [READ: Count=91829 Max=5365.76 Min=2.34 Avg=79.65 10=11.46 25=13.97 50=20.75 75=86.72 90=162.81 95=339.71 99=914.43 99.9=1770.49 99.99=3217.41] [UPDATE: Count=91912 Max=22888.45 Min=7.24 Avg=101.39 10=18.25 25=22.08 50=30.11 75=96.25 90=179.58 95=365.31 99=1064.96 99.9=3461.12 99.99=13115.39]
2025-04-21 20:54:34 23 sec: 198682 operations; [READ: Count=99292 Max=5365.76 Min=2.34 Avg=78.19 10=11.39 25=13.92 50=20.66 75=86.40 90=160.90 95=334.08 99=894.46 99.9=1752.06 99.99=2983.93] [UPDATE: Count=99390 Max=22888.45 Min=7.24 Avg=99.16 10=18.16 25=21.95 50=29.86 75=95.81 90=176.64 95=358.91 99=1033.21 99.9=3338.24 99.99=12845.06]
2025-04-21 20:54:35 24 sec: 212772 operations; [READ: Count=106212 Max=5365.76 Min=2.34 Avg=77.30 10=11.33 25=13.88 50=20.56 75=86.14 90=160.64 95=331.01 99=871.42 99.9=1716.22 99.99=2656.26] [UPDATE: Count=106560 Max=22888.45 Min=7.09 Avg=97.56 10=18.06 25=21.87 50=29.68 75=95.55 90=175.62 95=353.79 99=1012.74 99.9=3233.79 99.99=12763.14]
2025-04-21 20:54:36 25 sec: 225673 operations; [READ: Count=112528 Max=5365.76 Min=2.34 Avg=76.86 10=11.28 25=13.87 50=20.53 75=86.08 90=161.02 95=328.70 99=856.06 99.9=1683.45 99.99=2656.26] [UPDATE: Count=113145 Max=22888.45 Min=7.09 Avg=96.74 10=18.02 25=21.84 50=29.60 75=95.36 90=175.74 95=352.25 99=994.82 99.9=3174.40 99.99=12763.14]
2025-04-21 20:54:37 26 sec: 235625 operations; [READ: Count=117480 Max=5365.76 Min=2.34 Avg=77.38 10=11.26 25=13.89 50=20.59 75=86.40 90=162.30 95=330.50 99=844.80 99.9=1678.34 99.99=2574.34] [UPDATE: Count=118145 Max=22888.45 Min=7.09 Avg=97.29 10=17.98 25=21.82 50=29.73 75=95.68 90=177.79 95=353.28 99=988.67 99.9=3174.40 99.99=12615.68]
2025-04-21 20:54:38 27 sec: 248344 operations; [READ: Count=123791 Max=5365.76 Min=2.34 Avg=77.10 10=11.21 25=13.86 50=20.69 75=86.33 90=161.41 95=326.14 99=823.81 99.9=1656.83 99.99=2574.34] [UPDATE: Count=124553 Max=22888.45 Min=7.09 Avg=96.58 10=17.89 25=21.71 50=29.86 75=95.49 90=176.77 95=348.16 99=971.26 99.9=3145.73 99.99=12615.68]
2025-04-21 20:54:39 28 sec: 264014 operations; [READ: Count=131674 Max=5365.76 Min=2.34 Avg=76.00 10=11.14 25=13.80 50=20.80 75=85.76 90=156.41 95=317.44 99=797.70 99.9=1632.26 99.99=2521.09] [UPDATE: Count=132340 Max=22888.45 Min=7.09 Avg=94.86 10=17.77 25=21.58 50=30.02 75=94.72 90=171.13 95=337.66 99=944.64 99.9=2998.27 99.99=12566.53]
2025-04-21 20:54:40 29 sec: 282369 operations; [READ: Count=140722 Max=5365.76 Min=2.34 Avg=74.30 10=11.02 25=13.70 50=20.89 75=84.73 90=148.35 95=305.66 99=774.65 99.9=1608.70 99.99=2490.37] [UPDATE: Count=141647 Max=22888.45 Min=7.09 Avg=92.41 10=17.57 25=21.36 50=30.14 75=93.44 90=162.69 95=325.63 99=912.38 99.9=2891.78 99.99=12533.76]
2025-04-21 20:54:41 30 sec: 301153 operations; [READ: Count=150021 Max=5365.76 Min=2.34 Avg=72.72 10=10.88 25=13.60 50=20.98 75=83.84 90=137.73 95=293.63 99=752.64 99.9=1589.25 99.99=2363.39] [UPDATE: Count=151132 Max=22888.45 Min=7.09 Avg=90.11 10=17.38 25=21.15 50=30.22 75=92.29 90=154.37 95=313.60 99=887.29 99.9=2762.75 99.99=12509.18]
2025-04-21 20:54:42 31 sec: 317032 operations; [READ: Count=157983 Max=5365.76 Min=2.34 Avg=72.01 10=10.77 25=13.55 50=21.04 75=83.45 90=131.71 95=286.72 99=733.70 99.9=1566.72 99.99=2361.34] [UPDATE: Count=159049 Max=22888.45 Min=7.09 Avg=88.90 10=17.23 25=21.04 50=30.32 75=91.78 90=149.50 95=306.18 99=860.16 99.9=2678.78 99.99=11886.59]
2025-04-21 20:54:43 32 sec: 333896 operations; [READ: Count=166405 Max=5365.76 Min=2.34 Avg=71.13 10=10.61 25=13.49 50=21.10 75=82.94 90=125.63 95=278.53 99=718.34 99.9=1553.41 99.99=2340.86] [UPDATE: Count=167491 Max=22888.45 Min=7.09 Avg=87.56 10=17.09 25=20.91 50=30.38 75=91.14 90=142.46 95=298.24 99=838.14 99.9=2547.71 99.99=11870.21]
2025-04-21 20:54:44 33 sec: 352696 operations; [READ: Count=175889 Max=5365.76 Min=2.34 Avg=69.91 10=10.39 25=13.42 50=21.14 75=82.37 90=119.68 95=265.47 99=699.90 99.9=1540.10 99.99=2334.72] [UPDATE: Count=176807 Max=22888.45 Min=7.09 Avg=85.91 10=16.93 25=20.78 50=30.46 75=90.43 90=135.29 95=285.69 99=814.59 99.9=2451.45 99.99=11796.48]
2025-04-21 20:54:45 34 sec: 371169 operations; [READ: Count=185042 Max=5365.76 Min=2.34 Avg=68.89 10=10.12 25=13.37 50=21.18 75=81.92 90=115.39 95=254.08 99=677.38 99.9=1523.71 99.99=2322.43] [UPDATE: Count=186127 Max=22888.45 Min=7.09 Avg=84.48 10=16.73 25=20.66 50=30.51 75=89.92 90=130.24 95=274.94 99=792.06 99.9=2328.57 99.99=11059.20]
2025-04-21 20:54:46 35 sec: 389659 operations; [READ: Count=194320 Max=5365.76 Min=2.18 Avg=67.92 10=9.74 25=13.30 50=21.18 75=81.53 90=112.19 95=243.20 99=662.01 99.9=1488.89 99.99=2322.43] [UPDATE: Count=195339 Max=22888.45 Min=7.09 Avg=83.22 10=16.57 25=20.54 50=30.59 75=89.53 90=126.53 95=264.70 99=771.07 99.9=2271.23 99.99=11034.62]
2025-04-21 20:54:47 36 sec: 404557 operations; [READ: Count=201773 Max=5365.76 Min=2.18 Avg=67.69 10=9.45 25=13.31 50=21.23 75=81.53 90=111.23 95=239.87 99=655.36 99.9=1477.63 99.99=2291.71] [UPDATE: Count=202784 Max=22888.45 Min=7.09 Avg=82.77 10=16.48 25=20.53 50=30.64 75=89.47 90=125.57 95=262.01 99=756.74 99.9=2232.32 99.99=11034.62]
2025-04-21 20:54:48 37 sec: 422084 operations; [READ: Count=210578 Max=5365.76 Min=2.02 Avg=67.06 10=8.91 25=13.27 50=21.21 75=81.22 90=109.38 95=232.32 99=641.02 99.9=1467.39 99.99=2254.85] [UPDATE: Count=211506 Max=22888.45 Min=7.09 Avg=81.82 10=16.28 25=20.46 50=30.67 75=89.15 90=122.94 95=254.97 99=741.38 99.9=2152.45 99.99=10813.44]
2025-04-21 20:54:49 38 sec: 441922 operations; [READ: Count=220542 Max=5365.76 Min=2.02 Avg=66.11 10=8.42 25=13.22 50=21.25 75=80.89 90=106.69 95=221.44 99=624.64 99.9=1451.01 99.99=2254.85] [UPDATE: Count=221380 Max=22888.45 Min=7.09 Avg=80.55 10=16.04 25=20.35 50=30.69 75=88.70 90=120.06 95=244.09 99=721.41 99.9=2119.68 99.99=10625.02]
2025-04-21 20:54:50 39 sec: 461216 operations; [READ: Count=230139 Max=5365.76 Min=2.02 Avg=65.28 10=7.99 25=13.17 50=21.23 75=80.58 90=104.89 95=213.38 99=611.33 99.9=1434.62 99.99=2222.08] [UPDATE: Count=231077 Max=22888.45 Min=7.09 Avg=79.50 10=15.81 25=20.27 50=30.73 75=88.32 90=117.89 95=235.65 99=700.93 99.9=2080.77 99.99=10125.31]
2025-04-21 20:54:51 40 sec: 480721 operations; [READ: Count=239862 Max=5365.76 Min=2.02 Avg=64.52 10=7.66 25=13.12 50=21.25 75=80.25 90=103.17 95=207.10 99=595.46 99.9=1419.26 99.99=2220.03] [UPDATE: Count=240859 Max=22888.45 Min=7.09 Avg=78.48 10=15.52 25=20.16 50=30.75 75=88.00 90=115.84 95=227.46 99=683.52 99.9=2028.54 99.99=10018.82]
2025-04-21 20:54:52 41 sec: 498884 operations; [READ: Count=248916 Max=5365.76 Min=2.02 Avg=64.01 10=7.37 25=13.07 50=21.23 75=80.06 90=102.14 95=203.90 99=588.29 99.9=1409.02 99.99=2203.65] [UPDATE: Count=249968 Max=22888.45 Min=7.09 Avg=77.73 10=15.27 25=20.08 50=30.75 75=87.74 90=114.62 95=222.85 99=665.60 99.9=2000.89 99.99=9617.41]
2025-04-21 20:54:53 42 sec: 516470 operations; [READ: Count=257710 Max=5365.76 Min=2.02 Avg=63.60 10=7.17 25=13.03 50=21.20 75=79.87 90=101.25 95=200.57 99=580.61 99.9=1399.81 99.99=2177.02] [UPDATE: Count=258760 Max=22888.45 Min=7.09 Avg=77.13 10=15.06 25=20.02 50=30.75 75=87.55 90=113.47 95=219.39 99=654.34 99.9=1957.89 99.99=9527.30]
2025-04-21 20:54:54 43 sec: 536870 operations; [READ: Count=267865 Max=5365.76 Min=2.02 Avg=62.85 10=7.00 25=13.00 50=21.15 75=79.68 90=99.84 95=193.66 99=571.39 99.9=1383.42 99.99=2177.02] [UPDATE: Count=269005 Max=22888.45 Min=7.09 Avg=76.19 10=14.88 25=19.97 50=30.72 75=87.36 90=111.74 95=213.38 99=636.41 99.9=1924.10 99.99=9355.26]
2025-04-21 20:54:55 44 sec: 558098 operations; [READ: Count=278583 Max=5365.76 Min=2.02 Avg=62.07 10=6.80 25=12.94 50=21.07 75=79.42 90=98.50 95=185.73 99=560.13 99.9=1370.11 99.99=2156.54] [UPDATE: Count=279515 Max=22888.45 Min=7.09 Avg=75.21 10=14.62 25=19.86 50=30.64 75=87.04 90=110.14 95=207.23 99=620.54 99.9=1894.40 99.99=9265.15]
2025-04-21 20:54:56 45 sec: 578330 operations; [READ: Count=288601 Max=5365.76 Min=2.02 Avg=61.45 10=6.66 25=12.89 50=20.98 75=79.23 90=97.60 95=179.20 99=550.40 99.9=1359.87 99.99=2144.26] [UPDATE: Count=289729 Max=22888.45 Min=6.97 Avg=74.42 10=14.40 25=19.76 50=30.56 75=86.85 90=109.12 95=202.50 99=608.25 99.9=1857.54 99.99=9166.85]
2025-04-21 20:54:57 46 sec: 597458 operations; [READ: Count=298115 Max=5365.76 Min=2.02 Avg=61.00 10=6.55 25=12.85 50=20.88 75=79.04 90=96.96 95=175.10 99=542.21 99.9=1337.34 99.99=2131.97] [UPDATE: Count=299343 Max=22888.45 Min=6.97 Avg=73.81 10=14.21 25=19.68 50=30.45 75=86.59 90=108.29 95=199.42 99=599.04 99.9=1813.50 99.99=9060.35]
2025-04-21 20:54:58 47 sec: 614199 operations; [READ: Count=306401 Max=5365.76 Min=2.02 Avg=60.83 10=6.55 25=12.83 50=20.86 75=79.04 90=96.58 95=173.06 99=539.65 99.9=1328.13 99.99=2086.91] [UPDATE: Count=307798 Max=22888.45 Min=6.97 Avg=73.52 10=14.17 25=19.68 50=30.40 75=86.66 90=107.84 95=197.89 99=593.41 99.9=1795.07 99.99=8503.30]
2025-04-21 20:54:59 48 sec: 633313 operations; [READ: Count=315960 Max=5365.76 Min=2.02 Avg=60.41 10=6.56 25=12.83 50=20.85 75=79.04 90=95.94 95=167.94 99=532.48 99.9=1315.84 99.99=2030.59] [UPDATE: Count=317353 Max=22888.45 Min=6.97 Avg=72.99 10=14.15 25=19.68 50=30.37 75=86.66 90=107.14 95=193.02 99=583.17 99.9=1773.57 99.99=8253.44]
2025-04-21 20:55:00 49 sec: 651609 operations; [READ: Count=325131 Max=5365.76 Min=2.02 Avg=60.08 10=6.58 25=12.81 50=20.83 75=79.10 90=95.55 95=164.74 99=525.31 99.9=1305.60 99.99=2026.49] [UPDATE: Count=326478 Max=22888.45 Min=6.97 Avg=72.59 10=14.14 25=19.68 50=30.38 75=86.72 90=106.62 95=189.18 99=574.46 99.9=1750.02 99.99=8130.56]
2025-04-21 20:55:01 50 sec: 669030 operations; [READ: Count=333986 Max=5365.76 Min=2.02 Avg=59.87 10=6.58 25=12.80 50=20.85 75=79.17 90=95.36 95=162.81 99=519.17 99.9=1297.41 99.99=2026.49] [UPDATE: Count=335044 Max=22888.45 Min=6.97 Avg=72.30 10=14.13 25=19.68 50=30.35 75=86.78 90=106.30 95=187.13 99=567.29 99.9=1732.61 99.99=8126.46]
2025-04-21 20:55:02 51 sec: 685615 operations; [READ: Count=342332 Max=5365.76 Min=2.02 Avg=59.74 10=6.60 25=12.79 50=20.83 75=79.23 90=95.30 95=162.56 99=512.51 99.9=1289.21 99.99=2024.45] [UPDATE: Count=343283 Max=22888.45 Min=6.97 Avg=72.11 10=14.13 25=19.68 50=30.32 75=86.91 90=106.30 95=187.13 99=561.15 99.9=1726.46 99.99=8126.46]
2025-04-21 20:55:03 52 sec: 701130 operations; [READ: Count=350003 Max=5365.76 Min=2.02 Avg=59.69 10=6.63 25=12.78 50=20.86 75=79.36 90=95.23 95=162.05 99=511.23 99.9=1278.97 99.99=2012.16] [UPDATE: Count=351127 Max=22888.45 Min=6.97 Avg=72.04 10=14.16 25=19.68 50=30.37 75=86.97 90=106.24 95=187.01 99=559.10 99.9=1714.17 99.99=7970.81]
2025-04-21 20:55:04 53 sec: 719061 operations; [READ: Count=359030 Max=5365.76 Min=2.02 Avg=59.46 10=6.64 25=12.76 50=20.82 75=79.36 90=95.04 95=160.51 99=504.83 99.9=1272.83 99.99=1994.75] [UPDATE: Count=360031 Max=22888.45 Min=6.97 Avg=71.73 10=14.15 25=19.68 50=30.29 75=87.04 90=105.98 95=184.96 99=551.93 99.9=1705.98 99.99=7880.70]
2025-04-21 20:55:05 54 sec: 736977 operations; [READ: Count=368016 Max=5365.76 Min=2.02 Avg=59.23 10=6.65 25=12.74 50=20.78 75=79.42 90=94.91 95=159.23 99=497.66 99.9=1264.64 99.99=1983.49] [UPDATE: Count=368961 Max=22888.45 Min=6.97 Avg=71.44 10=14.14 25=19.68 50=30.22 75=87.10 90=105.73 95=182.91 99=545.28 99.9=1683.45 99.99=7643.14]
2025-04-21 20:55:06 55 sec: 752032 operations; [READ: Count=375581 Max=5365.76 Min=2.02 Avg=59.25 10=6.66 25=12.72 50=20.77 75=79.55 90=95.17 95=160.90 99=495.36 99.9=1256.45 99.99=1976.32] [UPDATE: Count=376451 Max=22888.45 Min=6.97 Avg=71.43 10=14.15 25=19.66 50=30.19 75=87.23 90=105.98 95=185.22 99=542.21 99.9=1690.62 99.99=7622.65]
2025-04-21 20:55:07 56 sec: 767246 operations; [READ: Count=383258 Max=5365.76 Min=2.02 Avg=59.27 10=6.67 25=12.70 50=20.75 75=79.61 90=95.36 95=162.30 99=492.54 99.9=1251.33 99.99=1976.32] [UPDATE: Count=383988 Max=22888.45 Min=6.97 Avg=71.39 10=14.15 25=19.66 50=30.16 75=87.30 90=106.17 95=186.24 99=539.65 99.9=1675.26 99.99=7622.65]
2025-04-21 20:55:08 57 sec: 780198 operations; [READ: Count=389565 Max=5365.76 Min=2.02 Avg=59.46 10=6.69 25=12.69 50=20.73 75=79.68 90=95.55 95=164.09 99=498.43 99.9=1248.26 99.99=1973.25] [UPDATE: Count=390633 Max=22888.45 Min=6.97 Avg=71.57 10=14.15 25=19.66 50=30.11 75=87.42 90=106.50 95=188.41 99=544.25 99.9=1667.07 99.99=7622.65]
2025-04-21 20:55:09 58 sec: 796498 operations; [READ: Count=397714 Max=5365.76 Min=2.02 Avg=59.39 10=6.70 25=12.67 50=20.70 75=79.74 90=95.61 95=164.35 99=496.64 99.9=1244.16 99.99=1972.22] [UPDATE: Count=398784 Max=22888.45 Min=6.97 Avg=71.42 10=14.14 25=19.65 50=30.05 75=87.49 90=106.50 95=187.90 99=541.70 99.9=1659.90 99.99=7102.46]
2025-04-21 20:55:10 59 sec: 813606 operations; [READ: Count=406311 Max=5365.76 Min=2.02 Avg=59.24 10=6.70 25=12.64 50=20.67 75=79.81 90=95.61 95=163.97 99=491.52 99.9=1238.02 99.99=1970.17] [UPDATE: Count=407295 Max=22888.45 Min=6.97 Avg=71.25 10=14.13 25=19.63 50=29.98 75=87.55 90=106.56 95=187.39 99=537.60 99.9=1656.83 99.99=7024.64]
2025-04-21 20:55:11 60 sec: 830239 operations; [READ: Count=414505 Max=5365.76 Min=2.02 Avg=59.15 10=6.71 25=12.62 50=20.66 75=79.87 90=95.68 95=164.35 99=487.17 99.9=1232.89 99.99=1970.17] [UPDATE: Count=415734 Max=22888.45 Min=6.97 Avg=71.09 10=14.14 25=19.61 50=29.93 75=87.61 90=106.62 95=187.13 99=533.50 99.9=1640.45 99.99=6938.62]
2025-04-21 20:55:12 61 sec: 846384 operations; [READ: Count=422417 Max=5365.76 Min=2.02 Avg=59.10 10=6.73 25=12.59 50=20.64 75=79.94 90=95.81 95=164.86 99=484.86 99.9=1222.65 99.99=1965.06] [UPDATE: Count=423967 Max=22888.45 Min=6.97 Avg=70.98 10=14.15 25=19.60 50=29.90 75=87.68 90=106.75 95=187.52 99=530.43 99.9=1629.18 99.99=6938.62]
2025-04-21 20:55:13 62 sec: 862869 operations; [READ: Count=430555 Max=5365.76 Min=2.02 Avg=59.01 10=6.74 25=12.57 50=20.64 75=80.00 90=95.81 95=164.86 99=483.33 99.9=1216.51 99.99=1960.96] [UPDATE: Count=432314 Max=22888.45 Min=6.97 Avg=70.86 10=14.17 25=19.60 50=29.89 75=87.81 90=106.81 95=187.39 99=527.87 99.9=1609.73 99.99=6914.05]
2025-04-21 20:55:14 63 sec: 880303 operations; [READ: Count=439441 Max=5365.76 Min=2.02 Avg=58.87 10=6.74 25=12.54 50=20.59 75=80.00 90=95.81 95=164.48 99=480.51 99.9=1211.39 99.99=1959.93] [UPDATE: Count=440862 Max=22888.45 Min=6.97 Avg=70.68 10=14.17 25=19.58 50=29.84 75=87.81 90=106.81 95=186.88 99=524.03 99.9=1586.17 99.99=6627.33]
2025-04-21 20:55:15 64 sec: 894744 operations; [READ: Count=446555 Max=5365.76 Min=2.02 Avg=58.91 10=6.74 25=12.50 50=20.56 75=80.06 90=95.94 95=166.01 99=480.77 99.9=1206.27 99.99=1953.79] [UPDATE: Count=448189 Max=22888.45 Min=6.97 Avg=70.75 10=14.17 25=19.57 50=29.79 75=87.87 90=107.01 95=188.54 99=524.29 99.9=1587.20 99.99=6610.94]
2025-04-21 20:55:16 65 sec: 909060 operations; [READ: Count=453647 Max=5365.76 Min=2.02 Avg=58.97 10=6.76 25=12.48 50=20.56 75=80.13 90=96.13 95=167.17 99=481.02 99.9=1202.17 99.99=1953.79] [UPDATE: Count=455413 Max=22888.45 Min=6.97 Avg=70.81 10=14.18 25=19.57 50=29.79 75=88.00 90=107.20 95=190.08 99=524.80 99.9=1586.17 99.99=6504.45]
2025-04-21 20:55:17 66 sec: 921299 operations; [READ: Count=459712 Max=5365.76 Min=2.02 Avg=59.20 10=6.79 25=12.49 50=20.64 75=80.32 90=96.58 95=168.96 99=480.25 99.9=1200.13 99.99=1931.26] [UPDATE: Count=461587 Max=22888.45 Min=6.97 Avg=71.01 10=14.21 25=19.58 50=29.90 75=88.19 90=107.65 95=191.87 99=522.50 99.9=1582.08 99.99=6504.45]
2025-04-21 20:55:18 67 sec: 935451 operations; [READ: Count=466669 Max=5365.76 Min=2.02 Avg=59.29 10=6.83 25=12.54 50=20.75 75=80.58 90=96.83 95=168.45 99=477.44 99.9=1189.89 99.99=1930.24] [UPDATE: Count=468782 Max=22888.45 Min=6.97 Avg=71.06 10=14.26 25=19.61 50=30.00 75=88.45 90=107.90 95=191.49 99=518.40 99.9=1579.01 99.99=6291.45]
2025-04-21 20:55:19 68 sec: 950382 operations; [READ: Count=474198 Max=5365.76 Min=2.02 Avg=59.34 10=6.88 25=12.57 50=20.85 75=80.70 90=97.15 95=168.06 99=475.65 99.9=1187.84 99.99=1930.24] [UPDATE: Count=476184 Max=22888.45 Min=6.97 Avg=71.03 10=14.33 25=19.66 50=30.08 75=88.64 90=107.97 95=191.10 99=514.82 99.9=1563.65 99.99=6115.33]
2025-04-21 20:55:20 69 sec: 966025 operations; [READ: Count=481919 Max=5365.76 Min=2.02 Avg=59.32 10=6.92 25=12.63 50=20.94 75=80.83 90=97.34 95=167.29 99=473.34 99.9=1182.72 99.99=1925.12] [UPDATE: Count=484106 Max=22888.45 Min=6.97 Avg=70.98 10=14.39 25=19.71 50=30.14 75=88.77 90=108.16 95=190.34 99=512.00 99.9=1550.34 99.99=6115.33]
2025-04-21 20:55:21 70 sec: 982557 operations; [READ: Count=490311 Max=5365.76 Min=2.02 Avg=59.26 10=6.96 25=12.68 50=21.05 75=80.96 90=97.41 95=166.27 99=470.78 99.9=1176.58 99.99=1917.95] [UPDATE: Count=492246 Max=22888.45 Min=6.97 Avg=70.85 10=14.44 25=19.74 50=30.19 75=88.89 90=108.16 95=189.18 99=508.16 99.9=1538.05 99.99=6029.31]
2025-04-21 20:55:22 71 sec: 997536 operations; [READ: Count=497801 Max=5365.76 Min=2.02 Avg=59.31 10=7.00 25=12.72 50=21.18 75=81.09 90=97.47 95=165.38 99=467.97 99.9=1168.38 99.99=1910.78] [UPDATE: Count=499735 Max=22888.45 Min=6.97 Avg=70.83 10=14.47 25=19.77 50=30.29 75=89.02 90=108.16 95=188.03 99=504.83 99.9=1532.93 99.99=5971.97]
2025-04-21 20:55:22 71 sec: 1000000 operations; [READ: Count=499060 Max=5365.76 Min=2.02 Avg=59.32 10=7.00 25=12.72 50=21.21 75=81.15 90=97.47 95=165.12 99=467.20 99.9=1167.36 99.99=1910.78] [UPDATE: Count=500940 Max=22888.45 Min=6.97 Avg=70.83 10=14.48 25=19.79 50=30.30 75=89.02 90=108.22 95=187.65 99=504.57 99.9=1531.90 99.99=5971.97]
Run runtime(sec): 71.2855
Run operations(ops): 1000000
Run throughput(ops/sec): 14028.1
