Running scope as unit: run-re5558c87d43443f1b8f6042032b6bef7.scope
load file:/home/user/DataFiles/silesia_data/silesia.tar
2025-04-21 20:54:11 0 sec: 0 operations;
2025-04-21 20:54:12 1 sec: 0 operations;
2025-04-21 20:54:13 2 sec: 0 operations;
2025-04-21 20:54:14 3 sec: 0 operations;
2025-04-21 20:54:15 4 sec: 0 operations;
2025-04-21 20:54:16 5 sec: 0 operations;
2025-04-21 20:54:17 6 sec: 6541 operations; [READ: Count=3331 Max=1889.28 Min=3.01 Avg=77.94 10=15.49 25=20.83 50=26.75 75=41.41 90=111.17 95=349.44 99=956.41 99.9=1655.81 99.99=1889.28] [UPDATE: Count=3210 Max=12222.46 Min=11.15 Avg=103.73 10=25.76 25=31.54 50=40.86 75=72.70 90=129.15 95=356.86 99=1008.13 99.9=5623.81 99.99=12222.46]
2025-04-21 20:54:18 7 sec: 12046 operations; [READ: Count=6119 Max=2377.73 Min=3.01 Avg=113.39 10=17.18 25=22.45 50=30.40 75=50.88 90=145.28 95=678.91 99=1611.78 99.9=2121.73 99.99=2277.38] [UPDATE: Count=5927 Max=13303.81 Min=9.31 Avg=150.73 10=27.28 25=33.73 50=44.22 75=75.01 90=161.15 95=681.98 99=1751.04 99.9=8749.06 99.99=12705.79]
2025-04-21 20:54:19 8 sec: 17539 operations; [READ: Count=8912 Max=3985.41 Min=3.01 Avg=119.53 10=17.77 25=23.28 50=31.73 75=51.10 90=176.00 95=759.81 99=1538.05 99.9=2117.63 99.99=2377.73] [UPDATE: Count=8627 Max=19087.36 Min=9.31 Avg=175.73 10=28.19 25=34.91 50=46.27 75=80.00 90=198.78 95=826.37 99=1858.56 99.9=12222.46 99.99=16384.00]
2025-04-21 20:54:20 9 sec: 23065 operations; [READ: Count=11726 Max=3985.41 Min=3.01 Avg=125.51 10=17.66 25=23.23 50=31.34 75=49.34 90=288.00 95=825.34 99=1472.51 99.9=2040.83 99.99=2377.73] [UPDATE: Count=11339 Max=19087.36 Min=9.31 Avg=185.58 10=28.00 25=34.43 50=45.41 75=75.97 90=327.94 95=906.75 99=1843.20 99.9=12705.79 99.99=16957.44]
2025-04-21 20:54:21 10 sec: 34604 operations; [READ: Count=17440 Max=3985.41 Min=2.51 Avg=109.29 10=16.25 25=22.11 50=29.89 75=47.01 90=172.29 95=677.38 99=1338.37 99.9=2001.92 99.99=2277.38] [UPDATE: Count=17164 Max=19087.36 Min=7.74 Avg=154.84 10=25.93 25=32.26 50=42.40 75=72.96 90=202.37 95=734.72 99=1584.13 99.9=11272.19 99.99=16384.00]
2025-04-21 20:54:22 11 sec: 51423 operations; [READ: Count=25958 Max=3985.41 Min=2.51 Avg=90.02 10=14.55 25=19.18 50=26.99 75=41.92 90=131.46 95=438.78 99=1206.27 99.9=1891.33 99.99=2215.93] [UPDATE: Count=25465 Max=19087.36 Min=7.74 Avg=126.05 10=23.10 25=29.17 50=38.78 75=62.69 90=157.44 95=503.04 99=1394.69 99.9=8667.14 99.99=16146.43]
2025-04-21 20:54:23 12 sec: 68709 operations; [READ: Count=34677 Max=3985.41 Min=2.51 Avg=80.16 10=14.32 25=18.21 50=25.60 75=38.62 90=120.25 95=360.70 99=1106.94 99.9=1846.27 99.99=2277.38] [UPDATE: Count=34032 Max=19087.36 Min=7.73 Avg=110.13 10=22.40 25=28.02 50=36.93 75=55.71 90=139.52 95=388.35 99=1268.73 99.9=7163.90 99.99=16146.43]
2025-04-21 20:54:24 13 sec: 89355 operations; [READ: Count=45017 Max=3985.41 Min=2.51 Avg=71.45 10=13.97 25=17.42 50=24.46 75=35.90 90=112.32 95=315.13 99=1016.83 99.9=1780.73 99.99=2215.93] [UPDATE: Count=44338 Max=19087.36 Min=7.10 Avg=96.77 10=21.54 25=26.70 50=34.94 75=50.37 90=127.68 95=336.89 99=1136.64 99.9=5623.81 99.99=14434.30]
2025-04-21 20:54:25 14 sec: 112519 operations; [READ: Count=56664 Max=3985.41 Min=2.51 Avg=64.29 10=13.68 25=16.80 50=23.54 75=33.53 90=106.37 95=253.69 99=958.46 99.9=1734.65 99.99=2211.84] [UPDATE: Count=55855 Max=19087.36 Min=7.10 Avg=86.68 10=20.98 25=25.81 50=33.60 75=46.78 90=119.61 95=284.42 99=1040.89 99.9=4098.05 99.99=13942.78]
2025-04-21 20:54:26 15 sec: 133164 operations; [READ: Count=67040 Max=3985.41 Min=2.51 Avg=60.46 10=13.47 25=16.51 50=23.05 75=32.35 90=102.78 95=213.25 99=913.41 99.9=1707.01 99.99=2211.84] [UPDATE: Count=66124 Max=19087.36 Min=7.10 Avg=81.83 10=20.69 25=25.39 50=32.93 75=45.05 90=115.97 95=252.03 99=1007.62 99.9=3418.11 99.99=13877.25]
2025-04-21 20:54:27 16 sec: 146492 operations; [READ: Count=73689 Max=3985.41 Min=2.51 Avg=60.98 10=13.41 25=16.53 50=23.10 75=32.59 90=103.36 95=226.18 99=911.36 99.9=1696.77 99.99=2277.38] [UPDATE: Count=72803 Max=19087.36 Min=7.10 Avg=81.84 10=20.64 25=25.34 50=32.93 75=45.25 90=116.35 95=261.25 99=997.89 99.9=3418.11 99.99=13770.75]
2025-04-21 20:54:28 17 sec: 160323 operations; [READ: Count=80529 Max=3985.41 Min=2.51 Avg=61.20 10=13.41 25=16.59 50=23.28 75=33.09 90=104.89 95=233.98 99=877.57 99.9=1673.21 99.99=2215.93] [UPDATE: Count=79794 Max=19087.36 Min=7.10 Avg=81.58 10=20.61 25=25.36 50=33.02 75=45.73 90=117.89 95=268.80 99=971.77 99.9=3235.84 99.99=13770.75]
2025-04-21 20:54:29 18 sec: 175147 operations; [READ: Count=87976 Max=3985.41 Min=2.51 Avg=61.10 10=13.39 25=16.64 50=23.44 75=33.57 90=105.73 95=235.01 99=849.92 99.9=1642.49 99.99=2211.84] [UPDATE: Count=87171 Max=19087.36 Min=7.10 Avg=80.83 10=20.59 25=25.36 50=33.12 75=46.34 90=118.78 95=266.75 99=940.54 99.9=3139.58 99.99=13484.03]
2025-04-21 20:54:30 19 sec: 189210 operations; [READ: Count=95158 Max=4837.38 Min=2.51 Avg=61.30 10=13.32 25=16.62 50=23.52 75=34.05 90=106.75 95=238.46 99=822.78 99.9=1612.80 99.99=2215.93] [UPDATE: Count=94052 Max=19087.36 Min=7.10 Avg=80.54 10=20.46 25=25.26 50=33.09 75=46.94 90=119.81 95=269.82 99=920.58 99.9=3121.15 99.99=13484.03]
2025-04-21 20:54:31 20 sec: 201916 operations; [READ: Count=101565 Max=4837.38 Min=2.51 Avg=61.84 10=13.27 25=16.64 50=23.61 75=34.49 90=107.90 95=244.74 99=806.91 99.9=1600.51 99.99=2215.93] [UPDATE: Count=100351 Max=19087.36 Min=7.10 Avg=80.87 10=20.41 25=25.25 50=33.15 75=47.62 90=121.28 95=276.99 99=909.82 99.9=3016.70 99.99=13303.81]
2025-04-21 20:54:32 21 sec: 214580 operations; [READ: Count=107955 Max=4837.38 Min=2.51 Avg=62.35 10=13.22 25=16.64 50=23.68 75=35.01 90=108.86 95=249.09 99=798.21 99.9=1598.46 99.99=2215.93] [UPDATE: Count=106625 Max=19087.36 Min=7.10 Avg=81.15 10=20.35 25=25.20 50=33.18 75=48.41 90=122.88 95=281.86 99=904.19 99.9=2930.69 99.99=12771.33]
2025-04-21 20:54:33 22 sec: 229644 operations; [READ: Count=115404 Max=4837.38 Min=2.51 Avg=62.13 10=13.18 25=16.64 50=23.73 75=35.23 90=109.31 95=249.09 99=781.82 99.9=1583.10 99.99=2211.84] [UPDATE: Count=114240 Max=19087.36 Min=7.10 Avg=80.52 10=20.30 25=25.17 50=33.18 75=48.73 90=123.58 95=279.55 99=879.62 99.9=2885.63 99.99=12771.33]
2025-04-21 20:54:34 23 sec: 246659 operations; [READ: Count=123863 Max=4837.38 Min=2.51 Avg=61.53 10=13.10 25=16.59 50=23.68 75=35.17 90=109.25 95=247.42 99=755.20 99.9=1559.55 99.99=2211.84] [UPDATE: Count=122796 Max=19087.36 Min=7.10 Avg=79.24 10=20.19 25=25.07 50=33.05 75=48.51 90=123.33 95=273.41 99=853.50 99.9=2713.60 99.99=12705.79]
2025-04-21 20:54:35 24 sec: 261170 operations; [READ: Count=131086 Max=4837.38 Min=2.51 Avg=61.53 10=13.05 25=16.59 50=23.65 75=35.39 90=109.63 95=249.22 99=743.42 99.9=1541.12 99.99=2195.45] [UPDATE: Count=130084 Max=19087.36 Min=7.10 Avg=78.96 10=20.14 25=25.02 50=33.02 75=48.90 90=123.90 95=273.92 99=841.22 99.9=2635.78 99.99=12394.50]
2025-04-21 20:54:36 25 sec: 270806 operations; [READ: Count=135855 Max=4837.38 Min=2.51 Avg=62.61 10=13.02 25=16.64 50=23.76 75=36.58 90=111.30 95=257.54 99=735.23 99.9=1528.83 99.99=2174.97] [UPDATE: Count=134951 Max=19087.36 Min=7.10 Avg=80.19 10=20.14 25=25.09 50=33.15 75=51.23 90=126.33 95=283.39 99=839.17 99.9=2678.78 99.99=12394.50]
2025-04-21 20:54:37 26 sec: 280767 operations; [READ: Count=140854 Max=4837.38 Min=2.51 Avg=63.53 10=12.97 25=16.69 50=23.82 75=38.21 90=112.51 95=262.91 99=733.70 99.9=1523.71 99.99=2195.45] [UPDATE: Count=139913 Max=19087.36 Min=7.10 Avg=81.25 10=20.14 25=25.12 50=33.28 75=54.66 90=128.00 95=290.05 99=838.65 99.9=2742.27 99.99=12312.58]
2025-04-21 20:54:38 27 sec: 294538 operations; [READ: Count=147746 Max=4837.38 Min=2.51 Avg=63.72 10=12.91 25=16.66 50=23.87 75=42.24 90=112.58 95=260.74 99=714.24 99.9=1506.30 99.99=2174.97] [UPDATE: Count=146792 Max=19087.36 Min=7.10 Avg=81.00 10=20.03 25=25.04 50=33.34 75=65.22 90=127.55 95=285.44 99=817.66 99.9=2541.57 99.99=12222.46]
2025-04-21 20:54:39 28 sec: 311067 operations; [READ: Count=155968 Max=4837.38 Min=2.51 Avg=63.27 10=12.75 25=16.54 50=23.92 75=73.28 90=110.72 95=250.37 99=693.25 99.9=1490.94 99.99=2170.88] [UPDATE: Count=155099 Max=19087.36 Min=7.10 Avg=80.09 10=19.82 25=24.83 50=33.41 75=83.20 90=125.06 95=273.66 99=796.16 99.9=2365.44 99.99=11345.92]
2025-04-21 20:54:40 29 sec: 328770 operations; [READ: Count=164844 Max=4837.38 Min=2.51 Avg=62.66 10=12.56 25=16.41 50=23.98 75=76.80 90=108.67 95=234.75 99=673.28 99.9=1462.27 99.99=2170.88] [UPDATE: Count=163926 Max=19087.36 Min=7.10 Avg=78.98 10=19.61 25=24.61 50=33.47 75=85.12 90=122.24 95=257.92 99=770.56 99.9=2279.42 99.99=11345.92]
2025-04-21 20:54:41 30 sec: 345332 operations; [READ: Count=173116 Max=4837.38 Min=2.51 Avg=62.29 10=12.38 25=16.34 50=24.06 75=78.08 90=107.39 95=223.36 99=653.82 99.9=1447.93 99.99=2150.40] [UPDATE: Count=172216 Max=19087.36 Min=7.10 Avg=78.26 10=19.47 25=24.48 50=33.57 75=86.33 90=120.58 95=247.94 99=747.01 99.9=2201.60 99.99=11272.19]
2025-04-21 20:54:42 31 sec: 359576 operations; [READ: Count=180151 Max=4837.38 Min=2.51 Avg=62.35 10=12.23 25=16.29 50=24.09 75=78.72 90=107.01 95=221.44 99=639.49 99.9=1424.38 99.99=2121.73] [UPDATE: Count=179425 Max=19087.36 Min=7.10 Avg=78.11 10=19.31 25=24.35 50=33.60 75=86.91 90=120.19 95=246.01 99=729.60 99.9=2131.97 99.99=10723.33]
2025-04-21 20:54:43 32 sec: 377489 operations; [READ: Count=189137 Max=4837.38 Min=2.51 Avg=61.83 10=12.00 25=16.21 50=24.16 75=79.10 90=105.47 95=209.66 99=621.05 99.9=1416.19 99.99=2117.63] [UPDATE: Count=188352 Max=19087.36 Min=7.10 Avg=77.19 10=19.14 25=24.21 50=33.66 75=87.17 90=118.21 95=232.70 99=708.10 99.9=2085.89 99.99=10313.73]
2025-04-21 20:54:44 33 sec: 394466 operations; [READ: Count=197606 Max=4837.38 Min=1.98 Avg=61.49 10=11.78 25=16.15 50=24.19 75=79.42 90=104.51 95=203.78 99=603.65 99.9=1402.88 99.99=2067.45] [UPDATE: Count=196860 Max=19087.36 Min=7.10 Avg=76.54 10=18.98 25=24.09 50=33.73 75=87.55 90=117.06 95=224.51 99=690.17 99.9=2034.69 99.99=9887.74]
2025-04-21 20:54:45 34 sec: 412311 operations; [READ: Count=206461 Max=4837.38 Min=1.98 Avg=61.06 10=11.49 25=16.08 50=24.21 75=79.61 90=103.55 95=195.97 99=590.34 99.9=1390.59 99.99=2053.12] [UPDATE: Count=205850 Max=19087.36 Min=7.10 Avg=75.77 10=18.78 25=23.95 50=33.73 75=87.61 90=115.71 95=216.96 99=670.72 99.9=1986.56 99.99=9543.68]
2025-04-21 20:54:46 35 sec: 429706 operations; [READ: Count=215092 Max=4837.38 Min=1.98 Avg=60.72 10=11.17 25=16.01 50=24.21 75=79.74 90=102.66 95=188.80 99=579.58 99.9=1380.35 99.99=2040.83] [UPDATE: Count=214614 Max=19087.36 Min=7.10 Avg=75.14 10=18.57 25=23.81 50=33.70 75=87.68 90=114.69 95=211.33 99=654.34 99.9=1943.55 99.99=9543.68]
2025-04-21 20:54:47 36 sec: 444750 operations; [READ: Count=222678 Max=4837.38 Min=1.98 Avg=60.72 10=10.84 25=15.95 50=24.21 75=79.87 90=102.46 95=187.78 99=574.98 99.9=1361.92 99.99=2040.83] [UPDATE: Count=222072 Max=19087.36 Min=7.10 Avg=74.99 10=18.41 25=23.71 50=33.70 75=87.81 90=114.37 95=210.69 99=642.05 99.9=1926.14 99.99=8871.93]
2025-04-21 20:54:48 37 sec: 462533 operations; [READ: Count=231589 Max=4837.38 Min=1.98 Avg=60.32 10=10.49 25=15.87 50=24.18 75=79.87 90=101.63 95=179.97 99=566.27 99.9=1343.49 99.99=2034.69] [UPDATE: Count=230944 Max=19087.36 Min=7.10 Avg=74.43 10=18.22 25=23.58 50=33.70 75=87.81 90=113.34 95=205.57 99=627.20 99.9=1880.06 99.99=8749.06]
2025-04-21 20:54:49 38 sec: 481311 operations; [READ: Count=240971 Max=4837.38 Min=1.98 Avg=59.85 10=10.10 25=15.80 50=24.18 75=79.87 90=100.73 95=172.54 99=556.54 99.9=1332.22 99.99=2029.57] [UPDATE: Count=240340 Max=19087.36 Min=7.10 Avg=73.73 10=18.03 25=23.47 50=33.70 75=87.81 90=112.13 95=198.78 99=611.84 99.9=1853.44 99.99=8716.29]
2025-04-21 20:54:50 39 sec: 499847 operations; [READ: Count=250241 Max=4837.38 Min=1.98 Avg=59.46 10=9.80 25=15.73 50=24.14 75=79.87 90=99.84 95=166.40 99=547.33 99.9=1318.91 99.99=2025.47] [UPDATE: Count=249606 Max=19087.36 Min=7.10 Avg=73.11 10=17.79 25=23.34 50=33.70 75=87.81 90=111.10 95=191.10 99=598.53 99.9=1838.08 99.99=8667.14]
2025-04-21 20:54:51 40 sec: 518637 operations; [READ: Count=259623 Max=4837.38 Min=1.98 Avg=59.07 10=9.51 25=15.66 50=24.13 75=79.87 90=99.14 95=161.02 99=537.09 99.9=1303.55 99.99=2023.42] [UPDATE: Count=259014 Max=19087.36 Min=7.10 Avg=72.48 10=17.55 25=23.21 50=33.66 75=87.74 90=110.21 95=184.83 99=586.24 99.9=1796.10 99.99=8658.94]
2025-04-21 20:54:52 41 sec: 535097 operations; [READ: Count=267937 Max=4837.38 Min=1.98 Avg=58.99 10=9.26 25=15.61 50=24.09 75=79.87 90=98.81 95=159.74 99=533.50 99.9=1288.19 99.99=2015.23] [UPDATE: Count=267160 Max=19087.36 Min=7.10 Avg=72.21 10=17.36 25=23.12 50=33.63 75=87.74 90=109.69 95=183.04 99=581.12 99.9=1751.04 99.99=8445.95]
2025-04-21 20:54:53 42 sec: 553922 operations; [READ: Count=277274 Max=4837.38 Min=1.98 Avg=58.62 10=9.04 25=15.54 50=24.03 75=79.81 90=98.05 95=155.26 99=526.34 99.9=1280.00 99.99=2001.92] [UPDATE: Count=276648 Max=19087.36 Min=7.10 Avg=71.67 10=17.14 25=22.99 50=33.57 75=87.61 90=108.86 95=178.18 99=571.39 99.9=1724.41 99.99=8351.74]
2025-04-21 20:54:54 43 sec: 573893 operations; [READ: Count=287235 Max=4837.38 Min=1.98 Avg=58.15 10=8.82 25=15.46 50=23.97 75=79.68 90=97.22 95=148.99 99=514.82 99.9=1259.52 99.99=1987.58] [UPDATE: Count=286658 Max=19087.36 Min=7.10 Avg=71.04 10=16.89 25=22.86 50=33.53 75=87.55 90=107.97 95=172.54 99=560.13 99.9=1691.65 99.99=8224.77]
2025-04-21 20:54:55 44 sec: 593404 operations; [READ: Count=297068 Max=4837.38 Min=1.98 Avg=57.75 10=8.65 25=15.39 50=23.89 75=79.61 90=96.64 95=144.13 99=506.11 99.9=1246.21 99.99=1977.34] [UPDATE: Count=296336 Max=19087.36 Min=7.10 Avg=70.50 10=16.67 25=22.77 50=33.47 75=87.49 90=107.26 95=167.81 99=550.91 99.9=1655.81 99.99=8019.97]
2025-04-21 20:54:56 45 sec: 613017 operations; [READ: Count=306941 Max=4837.38 Min=1.98 Avg=57.37 10=8.51 25=15.32 50=23.81 75=79.61 90=96.06 95=139.39 99=494.85 99.9=1236.99 99.99=1969.15] [UPDATE: Count=306076 Max=19087.36 Min=7.10 Avg=69.99 10=16.50 25=22.66 50=33.38 75=87.42 90=106.56 95=163.71 99=541.18 99.9=1617.92 99.99=8019.97]
2025-04-21 20:54:57 46 sec: 630793 operations; [READ: Count=315949 Max=4837.38 Min=1.98 Avg=57.22 10=8.40 25=15.26 50=23.74 75=79.55 90=95.74 95=137.85 99=489.47 99.9=1229.82 99.99=1968.13] [UPDATE: Count=314844 Max=19087.36 Min=7.10 Avg=69.68 10=16.34 25=22.56 50=33.28 75=87.42 90=106.11 95=161.92 99=534.53 99.9=1603.58 99.99=8019.97]
2025-04-21 20:54:58 47 sec: 648042 operations; [READ: Count=324650 Max=4837.38 Min=1.98 Avg=57.09 10=8.29 25=15.21 50=23.66 75=79.61 90=95.49 95=137.09 99=485.38 99.9=1222.65 99.99=1968.13] [UPDATE: Count=323392 Max=19087.36 Min=7.10 Avg=69.48 10=16.18 25=22.48 50=33.22 75=87.42 90=105.86 95=161.41 99=529.92 99.9=1596.41 99.99=7553.02]
2025-04-21 20:54:59 48 sec: 668062 operations; [READ: Count=334698 Max=4837.38 Min=1.98 Avg=56.74 10=8.20 25=15.13 50=23.55 75=79.55 90=95.04 95=133.50 99=477.18 99.9=1210.37 99.99=1953.79] [UPDATE: Count=333364 Max=19087.36 Min=7.10 Avg=68.98 10=16.02 25=22.37 50=33.05 75=87.36 90=105.34 95=158.59 99=520.70 99.9=1581.06 99.99=7540.73]
2025-04-21 20:55:00 49 sec: 686387 operations; [READ: Count=343841 Max=4837.38 Min=1.98 Avg=56.55 10=8.13 25=15.09 50=23.45 75=79.55 90=94.85 95=132.35 99=471.04 99.9=1204.22 99.99=1931.26] [UPDATE: Count=342546 Max=19087.36 Min=7.10 Avg=68.68 10=15.92 25=22.30 50=32.96 75=87.36 90=105.02 95=157.44 99=512.77 99.9=1561.60 99.99=6656.00]
2025-04-21 20:55:01 50 sec: 704123 operations; [READ: Count=352717 Max=4837.38 Min=1.98 Avg=56.42 10=8.06 25=15.02 50=23.34 75=79.61 90=94.78 95=132.61 99=465.66 99.9=1199.10 99.99=1930.24] [UPDATE: Count=351406 Max=19087.36 Min=7.10 Avg=68.45 10=15.81 25=22.22 50=32.83 75=87.42 90=104.96 95=157.31 99=506.37 99.9=1544.19 99.99=6656.00]
2025-04-21 20:55:02 51 sec: 720729 operations; [READ: Count=361026 Max=4837.38 Min=1.98 Avg=56.37 10=8.01 25=14.97 50=23.20 75=79.61 90=94.72 95=132.86 99=464.38 99.9=1188.86 99.99=1922.05] [UPDATE: Count=359703 Max=19087.36 Min=7.10 Avg=68.35 10=15.75 25=22.18 50=32.73 75=87.49 90=104.89 95=157.69 99=504.06 99.9=1534.97 99.99=6651.90]
2025-04-21 20:55:03 52 sec: 738462 operations; [READ: Count=369838 Max=4837.38 Min=1.98 Avg=56.25 10=7.95 25=14.92 50=23.10 75=79.61 90=94.59 95=132.48 99=461.57 99.9=1179.65 99.99=1917.95] [UPDATE: Count=368624 Max=19087.36 Min=7.10 Avg=68.15 10=15.65 25=22.09 50=32.61 75=87.49 90=104.70 95=157.44 99=500.99 99.9=1521.66 99.99=6606.85]
2025-04-21 20:55:04 53 sec: 757991 operations; [READ: Count=379596 Max=4837.38 Min=1.98 Avg=55.99 10=7.89 25=14.86 50=22.96 75=79.61 90=94.33 95=131.01 99=455.17 99.9=1172.48 99.99=1913.86] [UPDATE: Count=378395 Max=19087.36 Min=7.10 Avg=67.80 10=15.57 25=22.02 50=32.45 75=87.42 90=104.38 95=155.65 99=494.33 99.9=1510.40 99.99=6471.68]
2025-04-21 20:55:05 54 sec: 774523 operations; [READ: Count=387906 Max=4837.38 Min=1.98 Avg=55.95 10=7.86 25=14.81 50=22.85 75=79.74 90=94.40 95=131.84 99=452.61 99.9=1164.29 99.99=1913.86] [UPDATE: Count=386617 Max=19087.36 Min=7.10 Avg=67.74 10=15.54 25=21.97 50=32.37 75=87.55 90=104.51 95=156.67 99=489.98 99.9=1494.02 99.99=6352.90]
2025-04-21 20:55:06 55 sec: 790374 operations; [READ: Count=395996 Max=4837.38 Min=1.98 Avg=55.95 10=7.82 25=14.76 50=22.72 75=79.74 90=94.53 95=133.12 99=449.54 99.9=1159.17 99.99=1891.33] [UPDATE: Count=394378 Max=19087.36 Min=7.10 Avg=67.76 10=15.49 25=21.92 50=32.24 75=87.61 90=104.70 95=158.85 99=487.94 99.9=1494.02 99.99=6352.90]
2025-04-21 20:55:07 56 sec: 804006 operations; [READ: Count=402845 Max=4837.38 Min=1.98 Avg=56.14 10=7.80 25=14.72 50=22.64 75=79.81 90=94.78 95=135.81 99=453.89 99.9=1157.12 99.99=1891.33] [UPDATE: Count=401161 Max=19087.36 Min=7.10 Avg=67.93 10=15.46 25=21.87 50=32.16 75=87.68 90=105.02 95=161.41 99=492.03 99.9=1487.87 99.99=6348.80]
2025-04-21 20:55:08 57 sec: 819414 operations; [READ: Count=410628 Max=4837.38 Min=1.98 Avg=56.19 10=7.78 25=14.66 50=22.54 75=79.87 90=94.85 95=136.57 99=456.70 99.9=1150.97 99.99=1890.30] [UPDATE: Count=408786 Max=19087.36 Min=7.10 Avg=67.96 10=15.42 25=21.84 50=32.08 75=87.74 90=105.09 95=162.18 99=493.57 99.9=1477.63 99.99=6348.80]
2025-04-21 20:55:09 58 sec: 837302 operations; [READ: Count=419544 Max=4837.38 Min=1.98 Avg=56.07 10=7.74 25=14.61 50=22.41 75=79.87 90=94.78 95=136.70 99=454.14 99.9=1142.78 99.99=1889.28] [UPDATE: Count=417758 Max=19087.36 Min=7.10 Avg=67.78 10=15.36 25=21.77 50=31.92 75=87.74 90=105.02 95=162.18 99=489.21 99.9=1463.30 99.99=6332.41]
2025-04-21 20:55:10 59 sec: 854655 operations; [READ: Count=428200 Max=4837.38 Min=1.98 Avg=56.00 10=7.71 25=14.54 50=22.27 75=79.94 90=94.85 95=137.85 99=451.07 99.9=1135.62 99.99=1888.26] [UPDATE: Count=426455 Max=19087.36 Min=7.10 Avg=67.64 10=15.29 25=21.70 50=31.76 75=87.81 90=105.09 95=162.69 99=486.14 99.9=1458.17 99.99=6307.84]
2025-04-21 20:55:11 60 sec: 872334 operations; [READ: Count=436929 Max=4837.38 Min=1.98 Avg=55.88 10=7.69 25=14.49 50=22.14 75=79.94 90=94.85 95=138.11 99=448.25 99.9=1129.47 99.99=1872.89] [UPDATE: Count=435405 Max=19087.36 Min=7.10 Avg=67.50 10=15.25 25=21.65 50=31.65 75=87.87 90=105.09 95=163.07 99=482.30 99.9=1449.98 99.99=6082.56]
2025-04-21 20:55:12 61 sec: 889077 operations; [READ: Count=445340 Max=4837.38 Min=1.98 Avg=55.84 10=7.67 25=14.43 50=22.06 75=80.00 90=94.91 95=138.62 99=446.98 99.9=1126.40 99.99=1870.85] [UPDATE: Count=443737 Max=19087.36 Min=7.10 Avg=67.44 10=15.23 25=21.60 50=31.57 75=87.94 90=105.15 95=163.58 99=481.54 99.9=1439.74 99.99=6082.56]
2025-04-21 20:55:13 62 sec: 906769 operations; [READ: Count=454264 Max=4837.38 Min=1.98 Avg=55.75 10=7.64 25=14.37 50=21.95 75=80.00 90=94.91 95=139.01 99=444.93 99.9=1119.23 99.99=1870.85] [UPDATE: Count=452505 Max=19087.36 Min=7.10 Avg=67.30 10=15.18 25=21.54 50=31.42 75=87.94 90=105.15 95=163.84 99=478.72 99.9=1427.45 99.99=5947.39]
2025-04-21 20:55:14 63 sec: 921515 operations; [READ: Count=461512 Max=4837.38 Min=1.98 Avg=55.83 10=7.66 25=14.34 50=21.97 75=80.06 90=95.04 95=140.03 99=443.65 99.9=1114.11 99.99=1858.56] [UPDATE: Count=460003 Max=19087.36 Min=7.10 Avg=67.39 10=15.18 25=21.52 50=31.45 75=88.06 90=105.41 95=164.74 99=477.69 99.9=1421.31 99.99=5910.53]
2025-04-21 20:55:15 64 sec: 932623 operations; [READ: Count=467084 Max=4837.38 Min=1.98 Avg=56.18 10=7.69 25=14.34 50=22.05 75=80.25 90=95.49 95=143.87 99=445.95 99.9=1114.11 99.99=1870.85] [UPDATE: Count=465539 Max=19087.36 Min=7.10 Avg=67.70 10=15.22 25=21.52 50=31.50 75=88.19 90=105.86 95=167.04 99=480.25 99.9=1425.41 99.99=5816.32]
2025-04-21 20:55:16 65 sec: 945762 operations; [READ: Count=473802 Max=4837.38 Min=1.98 Avg=56.37 10=7.73 25=14.33 50=22.08 75=80.38 90=95.74 95=145.41 99=447.23 99.9=1113.09 99.99=1889.28] [UPDATE: Count=471960 Max=19087.36 Min=7.10 Avg=67.88 10=15.27 25=21.52 50=31.50 75=88.32 90=106.11 95=168.45 99=481.79 99.9=1427.45 99.99=5816.32]
2025-04-21 20:55:17 66 sec: 961784 operations; [READ: Count=481882 Max=4837.38 Min=1.98 Avg=56.38 10=7.77 25=14.32 50=22.08 75=80.51 90=95.87 95=145.66 99=444.42 99.9=1105.92 99.99=1888.26] [UPDATE: Count=479902 Max=19087.36 Min=7.10 Avg=67.85 10=15.32 25=21.50 50=31.45 75=88.45 90=106.24 95=168.57 99=479.74 99.9=1426.43 99.99=5812.22]
2025-04-21 20:55:18 67 sec: 977982 operations; [READ: Count=489961 Max=4837.38 Min=1.98 Avg=56.38 10=7.80 25=14.33 50=22.11 75=80.58 90=95.94 95=145.66 99=442.37 99.9=1100.80 99.99=1872.89] [UPDATE: Count=488021 Max=19087.36 Min=7.10 Avg=67.81 10=15.38 25=21.52 50=31.44 75=88.51 90=106.24 95=168.32 99=476.93 99.9=1419.26 99.99=5799.94]
2025-04-21 20:55:19 68 sec: 991043 operations; [READ: Count=496497 Max=4837.38 Min=1.98 Avg=56.59 10=7.83 25=14.34 50=22.19 75=80.70 90=96.32 95=149.12 99=441.86 99.9=1098.75 99.99=1870.85] [UPDATE: Count=494546 Max=19087.36 Min=7.10 Avg=67.96 10=15.41 25=21.52 50=31.49 75=88.64 90=106.69 95=169.60 99=476.67 99.9=1409.02 99.99=5799.94]
2025-04-21 20:55:20 68 sec: 1000000 operations; [READ: Count=500963 Max=4837.38 Min=1.98 Avg=56.80 10=7.85 25=14.36 50=22.25 75=80.83 90=96.64 95=151.55 99=442.88 99.9=1099.78 99.99=1870.85] [UPDATE: Count=499037 Max=19087.36 Min=7.10 Avg=68.15 10=15.44 25=21.54 50=31.54 75=88.70 90=107.07 95=170.62 99=477.69 99.9=1409.02 99.99=5779.45]
Run runtime(sec): 68.8819
Run operations(ops): 1000000
Run throughput(ops/sec): 14517.6
