Running scope as unit: run-rc8bd8c9a8b5c4136b602025cfd66dcdb.scope
load file:/home/user/DataFiles/silesia_data/silesia.tar
2025-04-21 20:54:11 0 sec: 0 operations;
2025-04-21 20:54:12 1 sec: 0 operations;
2025-04-21 20:54:13 2 sec: 0 operations;
2025-04-21 20:54:14 3 sec: 0 operations;
2025-04-21 20:54:15 4 sec: 0 operations;
2025-04-21 20:54:16 5 sec: 0 operations;
2025-04-21 20:54:17 6 sec: 0 operations;
2025-04-21 20:54:18 7 sec: 6187 operations; [READ: Count=3103 Max=2318.34 Min=3.95 Avg=126.02 10=17.12 25=21.98 50=29.77 75=43.97 90=161.41 95=889.34 99=1764.35 99.9=2156.54 99.99=2318.34] [UPDATE: Count=3084 Max=13025.28 Min=10.83 Avg=187.22 10=26.64 25=33.60 50=44.73 75=69.63 90=239.62 95=1071.10 99=1930.24 99.9=9879.55 99.99=13025.28]
2025-04-21 20:54:19 8 sec: 12744 operations; [READ: Count=6453 Max=2318.34 Min=2.72 Avg=116.26 10=16.75 25=21.70 50=29.02 75=43.17 90=173.57 95=796.67 99=1542.14 99.9=2115.58 99.99=2211.84] [UPDATE: Count=6291 Max=17694.72 Min=8.51 Avg=193.26 10=26.89 25=33.38 50=43.52 75=66.37 90=256.64 95=946.17 99=1936.38 99.9=13025.28 99.99=17514.49]
2025-04-21 20:54:20 9 sec: 18938 operations; [READ: Count=9545 Max=4202.49 Min=2.72 Avg=121.10 10=16.22 25=21.23 50=28.43 75=41.89 90=253.18 95=821.76 99=1483.78 99.9=2115.58 99.99=3764.22] [UPDATE: Count=9393 Max=17694.72 Min=8.51 Avg=192.03 10=26.06 25=32.11 50=41.92 75=63.36 90=362.24 95=943.10 99=1899.52 99.9=13484.03 99.99=17596.42]
2025-04-21 20:54:21 10 sec: 31749 operations; [READ: Count=15974 Max=4202.49 Min=2.72 Avg=99.26 10=15.72 25=20.75 50=28.00 75=41.02 90=132.48 95=630.78 99=1293.31 99.9=2030.59 99.99=2869.25] [UPDATE: Count=15775 Max=17694.72 Min=8.51 Avg=149.70 10=24.56 25=30.32 50=39.62 75=58.75 90=171.78 95=728.58 99=1644.54 99.9=12091.39 99.99=17514.49]
2025-04-21 20:54:22 11 sec: 50070 operations; [READ: Count=25032 Max=4202.49 Min=2.72 Avg=80.36 10=13.97 25=18.53 50=25.92 75=37.92 90=115.07 95=371.45 99=1159.17 99.9=1912.83 99.99=2318.34] [UPDATE: Count=25038 Max=17694.72 Min=7.77 Avg=116.52 10=21.58 25=27.25 50=36.16 75=52.48 90=136.06 95=440.06 99=1352.70 99.9=8364.03 99.99=16441.34]
2025-04-21 20:54:23 12 sec: 69212 operations; [READ: Count=34568 Max=4202.49 Min=2.56 Avg=70.48 10=13.67 25=17.55 50=24.73 75=36.19 90=109.57 95=293.89 99=1050.62 99.9=1837.06 99.99=2318.34] [UPDATE: Count=34644 Max=17694.72 Min=7.77 Avg=100.24 10=20.89 25=26.14 50=34.53 75=49.44 90=125.31 95=348.42 99=1197.06 99.9=6332.41 99.99=16441.34]
2025-04-21 20:54:24 13 sec: 91358 operations; [READ: Count=45688 Max=4268.03 Min=2.56 Avg=62.87 10=13.51 25=17.09 50=24.05 75=34.69 90=103.68 95=215.42 99=947.71 99.9=1803.26 99.99=2293.76] [UPDATE: Count=45670 Max=17694.72 Min=7.77 Avg=87.92 10=20.59 25=25.57 50=33.53 75=46.75 90=117.44 95=273.92 99=1079.30 99.9=4923.39 99.99=14639.10]
2025-04-21 20:54:25 14 sec: 115658 operations; [READ: Count=57772 Max=4268.03 Min=2.56 Avg=56.82 10=13.38 25=16.73 50=23.60 75=33.47 90=97.53 95=150.78 99=872.45 99.9=1710.08 99.99=2293.76] [UPDATE: Count=57886 Max=17694.72 Min=7.37 Avg=79.15 10=20.40 25=25.14 50=32.90 75=45.12 90=110.14 95=206.59 99=984.06 99.9=3436.54 99.99=13860.86]
2025-04-21 20:54:26 15 sec: 142248 operations; [READ: Count=71037 Max=4268.03 Min=2.56 Avg=51.97 10=13.18 25=16.40 50=23.12 75=32.41 90=62.88 95=126.59 99=818.17 99.9=1636.35 99.99=2287.61] [UPDATE: Count=71211 Max=17694.72 Min=7.37 Avg=72.29 10=20.03 25=24.64 50=32.14 75=43.52 90=99.26 95=153.22 99=924.67 99.9=3039.23 99.99=13860.86]
2025-04-21 20:54:27 16 sec: 159588 operations; [READ: Count=79616 Max=4268.03 Min=2.56 Avg=51.84 10=13.14 25=16.43 50=23.17 75=32.53 90=83.45 95=128.19 99=806.40 99.9=1608.70 99.99=2211.84] [UPDATE: Count=79972 Max=17694.72 Min=7.37 Avg=71.21 10=19.98 25=24.66 50=32.16 75=43.55 90=99.58 95=154.37 99=908.29 99.9=2793.47 99.99=13721.60]
2025-04-21 20:54:28 17 sec: 171994 operations; [READ: Count=85889 Max=4268.03 Min=2.56 Avg=53.36 10=13.15 25=16.56 50=23.45 75=33.34 90=95.17 95=142.72 99=786.43 99.9=1557.50 99.99=2197.50] [UPDATE: Count=86105 Max=17694.72 Min=7.37 Avg=72.31 10=20.03 25=24.78 50=32.45 75=44.45 90=106.43 95=173.44 99=889.86 99.9=2768.89 99.99=13484.03]
2025-04-21 20:54:29 18 sec: 183848 operations; [READ: Count=91784 Max=4268.03 Min=2.56 Avg=54.92 10=13.15 25=16.69 50=23.76 75=34.37 90=99.45 95=161.41 99=764.93 99.9=1542.14 99.99=2197.50] [UPDATE: Count=92064 Max=17694.72 Min=7.37 Avg=73.39 10=20.05 25=24.89 50=32.80 75=45.66 90=110.46 95=192.38 99=865.79 99.9=2717.70 99.99=13484.03]
2025-04-21 20:54:30 19 sec: 194834 operations; [READ: Count=97287 Max=4268.03 Min=2.56 Avg=56.68 10=13.13 25=16.77 50=24.00 75=35.36 90=102.14 95=182.14 99=746.50 99.9=1542.14 99.99=2287.61] [UPDATE: Count=97547 Max=17694.72 Min=7.37 Avg=74.55 10=20.03 25=24.96 50=33.02 75=46.75 90=113.02 95=212.99 99=854.53 99.9=2707.45 99.99=13205.50]
2025-04-21 20:54:31 20 sec: 205511 operations; [READ: Count=102622 Max=4268.03 Min=2.56 Avg=58.33 10=13.12 25=16.80 50=24.16 75=36.16 90=104.13 95=201.98 99=748.54 99.9=1539.07 99.99=2287.61] [UPDATE: Count=102889 Max=17694.72 Min=7.37 Avg=75.71 10=20.02 25=25.01 50=33.22 75=47.81 90=115.33 95=230.40 99=849.41 99.9=2660.35 99.99=13205.50]
2025-04-21 20:54:32 21 sec: 216350 operations; [READ: Count=108100 Max=4268.03 Min=2.56 Avg=59.58 10=13.11 25=16.85 50=24.32 75=36.93 90=105.86 95=215.94 99=746.50 99.9=1542.14 99.99=2293.76] [UPDATE: Count=108250 Max=20447.23 Min=7.37 Avg=76.90 10=20.00 25=25.04 50=33.38 75=48.80 90=117.31 95=242.18 99=848.89 99.9=2633.73 99.99=13205.50]
2025-04-21 20:54:33 22 sec: 229691 operations; [READ: Count=114782 Max=4268.03 Min=2.56 Avg=60.04 10=13.05 25=16.83 50=24.37 75=37.47 90=107.14 95=224.38 99=726.53 99.9=1539.07 99.99=2293.76] [UPDATE: Count=114909 Max=20447.23 Min=7.37 Avg=77.11 10=19.97 25=25.02 50=33.44 75=49.57 90=118.72 95=247.81 99=833.53 99.9=2623.49 99.99=13205.50]
2025-04-21 20:54:34 23 sec: 244295 operations; [READ: Count=122031 Max=4268.03 Min=2.56 Avg=60.10 10=12.96 25=16.77 50=24.35 75=37.79 90=107.90 95=228.09 99=707.58 99.9=1513.47 99.99=2287.61] [UPDATE: Count=122264 Max=20447.23 Min=7.37 Avg=76.91 10=19.90 25=24.94 50=33.38 75=49.89 90=119.74 95=253.44 99=813.57 99.9=2553.86 99.99=13025.28]
2025-04-21 20:54:35 24 sec: 256132 operations; [READ: Count=127918 Max=4268.03 Min=2.50 Avg=60.82 10=12.94 25=16.80 50=24.30 75=38.78 90=108.80 95=237.06 99=700.41 99.9=1507.33 99.99=2238.46] [UPDATE: Count=128214 Max=20447.23 Min=7.37 Avg=77.58 10=19.90 25=24.96 50=33.38 75=51.23 90=120.89 95=262.14 99=804.86 99.9=2529.28 99.99=12853.25]
2025-04-21 20:54:36 25 sec: 267245 operations; [READ: Count=133459 Max=4268.03 Min=2.50 Avg=61.68 10=12.92 25=16.82 50=24.30 75=40.16 90=110.08 95=246.66 99=695.29 99.9=1488.89 99.99=2238.46] [UPDATE: Count=133786 Max=20447.23 Min=7.37 Avg=78.36 10=19.90 25=24.98 50=33.41 75=52.93 90=122.30 95=269.82 99=799.23 99.9=2527.23 99.99=12853.25]
2025-04-21 20:54:37 26 sec: 278599 operations; [READ: Count=139085 Max=4268.03 Min=2.50 Avg=62.30 10=12.86 25=16.77 50=24.24 75=41.85 90=110.59 95=252.03 99=692.22 99.9=1464.32 99.99=2211.84] [UPDATE: Count=139514 Max=20447.23 Min=7.37 Avg=79.13 10=19.82 25=24.89 50=33.34 75=55.39 90=123.33 95=276.99 99=795.65 99.9=2553.86 99.99=12804.09]
2025-04-21 20:54:38 27 sec: 294074 operations; [READ: Count=146779 Max=4268.03 Min=2.50 Avg=62.10 10=12.75 25=16.62 50=24.16 75=44.96 90=110.27 95=247.29 99=669.18 99.9=1445.89 99.99=2197.50] [UPDATE: Count=147295 Max=20447.23 Min=7.37 Avg=78.59 10=19.70 25=24.69 50=33.28 75=60.86 90=122.62 95=272.13 99=771.58 99.9=2463.74 99.99=12722.17]
2025-04-21 20:54:39 28 sec: 311891 operations; [READ: Count=155630 Max=4268.03 Min=2.50 Avg=61.45 10=12.60 25=16.45 50=24.06 75=55.30 90=108.54 95=234.50 99=647.17 99.9=1428.48 99.99=2156.54] [UPDATE: Count=156261 Max=20447.23 Min=7.37 Avg=77.51 10=19.52 25=24.45 50=33.22 75=78.72 90=120.51 95=260.10 99=742.91 99.9=2328.57 99.99=12361.73]
2025-04-21 20:54:40 29 sec: 331417 operations; [READ: Count=165220 Max=4268.03 Min=2.33 Avg=60.59 10=12.37 25=16.18 50=24.00 75=73.60 90=106.56 95=218.62 99=626.69 99.9=1402.88 99.99=2144.26] [UPDATE: Count=166197 Max=20447.23 Min=7.37 Avg=76.11 10=19.23 25=24.11 50=33.15 75=82.05 90=117.95 95=242.30 99=716.80 99.9=2252.80 99.99=12091.39]
2025-04-21 20:54:41 30 sec: 350090 operations; [READ: Count=174461 Max=4268.03 Min=2.33 Avg=59.95 10=12.12 25=15.94 50=23.92 75=75.01 90=105.09 95=206.59 99=609.79 99.9=1380.35 99.99=2144.26] [UPDATE: Count=175629 Max=20447.23 Min=7.37 Avg=75.07 10=18.94 25=23.79 50=33.09 75=83.14 90=116.22 95=231.81 99=689.66 99.9=2142.21 99.99=11509.76]
2025-04-21 20:54:42 31 sec: 366034 operations; [READ: Count=182467 Max=4268.03 Min=2.33 Avg=59.84 10=11.90 25=15.74 50=23.86 75=75.65 90=104.51 95=203.90 99=601.09 99.9=1363.97 99.99=2131.97] [UPDATE: Count=183567 Max=20447.23 Min=7.37 Avg=74.70 10=18.73 25=23.55 50=33.02 75=83.78 90=115.65 95=228.35 99=674.82 99.9=2042.88 99.99=11509.76]
2025-04-21 20:54:43 32 sec: 385646 operations; [READ: Count=192288 Max=4268.03 Min=2.33 Avg=59.11 10=11.62 25=15.60 50=23.77 75=76.22 90=102.97 95=189.95 99=587.26 99.9=1333.25 99.99=2115.58] [UPDATE: Count=193358 Max=20447.23 Min=7.16 Avg=73.68 10=18.53 25=23.38 50=32.93 75=84.29 90=113.86 95=216.57 99=651.77 99.9=1990.65 99.99=11345.92]
2025-04-21 20:54:44 33 sec: 404760 operations; [READ: Count=201815 Max=4268.03 Min=2.33 Avg=58.59 10=11.29 25=15.44 50=23.70 75=76.48 90=101.89 95=180.74 99=570.88 99.9=1319.93 99.99=2097.15] [UPDATE: Count=202945 Max=20447.23 Min=7.07 Avg=72.79 10=18.22 25=23.10 50=32.83 75=84.42 90=112.45 95=206.85 99=630.27 99.9=1936.38 99.99=11182.08]
2025-04-21 20:54:45 34 sec: 424533 operations; [READ: Count=211857 Max=4268.03 Min=2.33 Avg=57.99 10=10.86 25=15.27 50=23.58 75=76.61 90=100.73 95=171.65 99=556.03 99.9=1298.43 99.99=2096.13] [UPDATE: Count=212676 Max=20447.23 Min=7.07 Avg=71.92 10=17.93 25=22.86 50=32.70 75=84.48 90=111.23 95=196.74 99=613.38 99.9=1902.59 99.99=9879.55]
2025-04-21 20:54:46 35 sec: 443659 operations; [READ: Count=221324 Max=4268.03 Min=2.33 Avg=57.58 10=10.38 25=15.13 50=23.47 75=76.73 90=99.84 95=165.76 99=547.33 99.9=1290.24 99.99=2092.03] [UPDATE: Count=222335 Max=20447.23 Min=7.05 Avg=71.16 10=17.65 25=22.64 50=32.58 75=84.54 90=110.14 95=188.93 99=600.58 99.9=1868.80 99.99=9691.14]
2025-04-21 20:54:47 36 sec: 460216 operations; [READ: Count=229652 Max=4268.03 Min=2.33 Avg=57.54 10=9.90 25=15.02 50=23.39 75=76.86 90=99.52 95=165.76 99=541.70 99.9=1278.97 99.99=2088.96] [UPDATE: Count=230564 Max=20447.23 Min=7.05 Avg=70.86 10=17.39 25=22.46 50=32.46 75=84.61 90=109.76 95=187.65 99=591.36 99.9=1837.06 99.99=9576.45]
2025-04-21 20:54:48 37 sec: 479997 operations; [READ: Count=239506 Max=4268.03 Min=2.33 Avg=57.05 10=9.39 25=14.89 50=23.23 75=76.86 90=98.62 95=159.49 99=531.46 99.9=1268.73 99.99=2068.48] [UPDATE: Count=240491 Max=20447.23 Min=7.05 Avg=70.16 10=17.09 25=22.27 50=32.35 75=84.54 90=108.61 95=180.61 99=581.12 99.9=1799.17 99.99=9273.34]
2025-04-21 20:54:49 38 sec: 501217 operations; [READ: Count=250027 Max=4268.03 Min=2.19 Avg=56.43 10=8.83 25=14.75 50=23.07 75=76.86 90=97.47 95=151.68 99=519.17 99.9=1254.40 99.99=2063.36] [UPDATE: Count=251190 Max=20447.23 Min=7.05 Avg=69.31 10=16.70 25=22.05 50=32.17 75=84.48 90=107.39 95=173.06 99=567.29 99.9=1766.40 99.99=8486.91]
2025-04-21 20:54:50 39 sec: 522003 operations; [READ: Count=260472 Max=4268.03 Min=2.19 Avg=55.90 10=8.38 25=14.63 50=22.88 75=76.80 90=96.58 95=145.02 99=509.44 99.9=1246.21 99.99=2030.59] [UPDATE: Count=261531 Max=20447.23 Min=7.05 Avg=68.59 10=16.37 25=21.89 50=32.02 75=84.48 90=106.37 95=166.14 99=555.52 99.9=1732.61 99.99=8220.67]
2025-04-21 20:54:51 40 sec: 543244 operations; [READ: Count=271096 Max=4268.03 Min=2.19 Avg=55.35 10=8.02 25=14.52 50=22.67 75=76.73 90=95.74 95=138.88 99=499.71 99.9=1234.94 99.99=2022.40] [UPDATE: Count=272148 Max=20447.23 Min=7.05 Avg=67.89 10=15.98 25=21.71 50=31.82 75=84.35 90=105.41 95=160.13 99=543.23 99.9=1704.96 99.99=8220.67]
2025-04-21 20:54:52 41 sec: 561816 operations; [READ: Count=280445 Max=4268.03 Min=2.19 Avg=55.14 10=7.76 25=14.43 50=22.50 75=76.73 90=95.30 95=136.70 99=495.62 99.9=1222.65 99.99=1994.75] [UPDATE: Count=281371 Max=20447.23 Min=7.05 Avg=67.54 10=15.69 25=21.57 50=31.65 75=84.35 90=104.83 95=158.46 99=536.06 99.9=1673.21 99.99=8187.90]
2025-04-21 20:54:53 42 sec: 583107 operations; [READ: Count=291068 Max=4268.03 Min=2.19 Avg=54.67 10=7.50 25=14.33 50=22.29 75=76.61 90=94.46 95=132.48 99=487.17 99.9=1213.44 99.99=1994.75] [UPDATE: Count=292039 Max=20447.23 Min=7.05 Avg=66.91 10=15.37 25=21.41 50=31.44 75=84.22 90=104.00 95=153.22 99=526.85 99.9=1648.64 99.99=7811.07]
2025-04-21 20:54:54 43 sec: 605428 operations; [READ: Count=302168 Max=4268.03 Min=2.19 Avg=54.12 10=7.30 25=14.24 50=22.08 75=76.61 90=93.57 95=128.25 99=477.95 99.9=1206.27 99.99=1980.41] [UPDATE: Count=303260 Max=20447.23 Min=7.05 Avg=66.21 10=15.13 25=21.28 50=31.21 75=84.22 90=103.10 95=146.94 99=515.07 99.9=1632.26 99.99=7540.73]
2025-04-21 20:54:55 44 sec: 627919 operations; [READ: Count=313473 Max=4268.03 Min=2.19 Avg=53.60 10=7.10 25=14.14 50=21.82 75=76.48 90=92.86 95=125.25 99=469.25 99.9=1190.91 99.99=1971.20] [UPDATE: Count=314446 Max=20447.23 Min=7.05 Avg=65.55 10=14.84 25=21.14 50=30.96 75=84.03 90=102.21 95=142.97 99=503.81 99.9=1592.32 99.99=7491.58]
2025-04-21 20:54:56 45 sec: 650738 operations; [READ: Count=324821 Max=4268.03 Min=2.19 Avg=53.09 10=6.94 25=14.04 50=21.60 75=76.35 90=92.16 95=122.69 99=459.26 99.9=1179.65 99.99=1969.15] [UPDATE: Count=325917 Max=20447.23 Min=7.05 Avg=64.90 10=14.59 25=20.98 50=30.70 75=83.90 90=101.44 95=138.88 99=493.31 99.9=1573.89 99.99=7081.98]
2025-04-21 20:54:57 46 sec: 670987 operations; [READ: Count=334963 Max=4268.03 Min=2.19 Avg=52.85 10=6.82 25=13.96 50=21.39 75=76.29 90=91.78 95=121.66 99=456.19 99.9=1168.38 99.99=1939.45] [UPDATE: Count=336024 Max=20447.23 Min=7.05 Avg=64.51 10=14.41 25=20.86 50=30.48 75=83.84 90=100.99 95=137.47 99=488.45 99.9=1555.45 99.99=7028.73]
2025-04-21 20:54:58 47 sec: 690743 operations; [READ: Count=344722 Max=4268.03 Min=2.19 Avg=52.61 10=6.74 25=13.89 50=21.15 75=76.29 90=91.52 95=120.83 99=452.10 99.9=1159.17 99.99=1936.38] [UPDATE: Count=346021 Max=20447.23 Min=7.05 Avg=64.24 10=14.27 25=20.77 50=30.27 75=83.84 90=100.67 95=136.70 99=483.84 99.9=1534.97 99.99=6987.77]
2025-04-21 20:54:59 48 sec: 713643 operations; [READ: Count=356091 Max=4268.03 Min=2.19 Avg=52.16 10=6.64 25=13.80 50=20.88 75=76.22 90=91.01 95=119.04 99=445.18 99.9=1150.97 99.99=1912.83] [UPDATE: Count=357552 Max=20447.23 Min=7.05 Avg=63.68 10=14.11 25=20.66 50=30.00 75=83.78 90=100.09 95=134.14 99=474.37 99.9=1509.38 99.99=6680.57]
2025-04-21 20:55:00 49 sec: 734622 operations; [READ: Count=366623 Max=4268.03 Min=2.19 Avg=51.89 10=6.58 25=13.74 50=20.66 75=76.22 90=90.75 95=118.27 99=439.81 99.9=1143.81 99.99=1909.76] [UPDATE: Count=367999 Max=20447.23 Min=7.05 Avg=63.32 10=14.04 25=20.57 50=29.77 75=83.78 90=99.78 95=133.12 99=467.71 99.9=1483.78 99.99=6414.34]
2025-04-21 20:55:01 50 sec: 754879 operations; [READ: Count=376732 Max=4268.03 Min=2.19 Avg=51.69 10=6.52 25=13.68 50=20.43 75=76.22 90=90.69 95=118.02 99=432.38 99.9=1134.59 99.99=1887.23] [UPDATE: Count=378147 Max=20447.23 Min=7.05 Avg=63.04 10=13.95 25=20.50 50=29.55 75=83.78 90=99.65 95=132.86 99=461.57 99.9=1470.46 99.99=6381.57]
2025-04-21 20:55:02 51 sec: 774278 operations; [READ: Count=386392 Max=4268.03 Min=2.19 Avg=51.55 10=6.46 25=13.60 50=20.22 75=76.16 90=90.56 95=117.95 99=431.10 99.9=1129.47 99.99=1883.13] [UPDATE: Count=387886 Max=20447.23 Min=7.05 Avg=62.85 10=13.86 25=20.40 50=29.34 75=83.71 90=99.52 95=132.86 99=459.77 99.9=1457.15 99.99=6332.41]
2025-04-21 20:55:03 52 sec: 793970 operations; [READ: Count=396190 Max=4268.03 Min=2.19 Avg=51.39 10=6.45 25=13.56 50=20.09 75=76.16 90=90.43 95=117.63 99=428.80 99.9=1124.35 99.99=1883.13] [UPDATE: Count=397780 Max=20447.23 Min=7.05 Avg=62.64 10=13.83 25=20.35 50=29.20 75=83.78 90=99.39 95=132.35 99=456.70 99.9=1433.60 99.99=6299.65]
2025-04-21 20:55:04 53 sec: 815036 operations; [READ: Count=406758 Max=4268.03 Min=2.19 Avg=51.16 10=6.46 25=13.52 50=20.02 75=76.22 90=90.24 95=116.86 99=423.42 99.9=1116.16 99.99=1873.92] [UPDATE: Count=408278 Max=20447.23 Min=7.05 Avg=62.34 10=13.83 25=20.32 50=29.07 75=83.78 90=99.20 95=131.46 99=451.33 99.9=1419.26 99.99=6205.44]
2025-04-21 20:55:05 54 sec: 833097 operations; [READ: Count=415729 Max=4268.03 Min=2.19 Avg=51.10 10=6.49 25=13.49 50=19.98 75=76.29 90=90.30 95=117.06 99=420.61 99.9=1111.04 99.99=1861.63] [UPDATE: Count=417368 Max=20447.23 Min=7.05 Avg=62.30 10=13.86 25=20.30 50=29.02 75=83.90 90=99.33 95=132.09 99=449.02 99.9=1408.00 99.99=6090.75]
2025-04-21 20:55:06 55 sec: 850473 operations; [READ: Count=424428 Max=4268.03 Min=2.19 Avg=51.09 10=6.50 25=13.46 50=19.93 75=76.29 90=90.43 95=117.69 99=418.56 99.9=1102.85 99.99=1861.63] [UPDATE: Count=426045 Max=20447.23 Min=7.05 Avg=62.30 10=13.87 25=20.29 50=28.94 75=83.97 90=99.52 95=133.12 99=448.00 99.9=1408.00 99.99=6012.93]
2025-04-21 20:55:07 56 sec: 865519 operations; [READ: Count=431941 Max=4268.03 Min=2.19 Avg=51.26 10=6.52 25=13.42 50=19.92 75=76.35 90=90.62 95=118.72 99=423.17 99.9=1097.73 99.99=1857.54] [UPDATE: Count=433578 Max=20447.23 Min=7.05 Avg=62.45 10=13.89 25=20.27 50=28.93 75=84.03 90=99.84 95=134.40 99=450.81 99.9=1400.83 99.99=6012.93]
2025-04-21 20:55:08 57 sec: 882292 operations; [READ: Count=440346 Max=4268.03 Min=2.19 Avg=51.30 10=6.54 25=13.39 50=19.89 75=76.42 90=90.69 95=119.04 99=425.47 99.9=1095.68 99.99=1855.49] [UPDATE: Count=441946 Max=20447.23 Min=7.05 Avg=62.48 10=13.92 25=20.25 50=28.88 75=84.09 90=99.90 95=134.78 99=453.12 99.9=1396.73 99.99=6012.93]
2025-04-21 20:55:09 58 sec: 901695 operations; [READ: Count=450077 Max=4268.03 Min=2.19 Avg=51.19 10=6.55 25=13.35 50=19.82 75=76.42 90=90.69 95=119.04 99=422.65 99.9=1089.54 99.99=1846.27] [UPDATE: Count=451618 Max=20447.23 Min=7.05 Avg=62.32 10=13.94 25=20.24 50=28.80 75=84.09 90=99.90 95=134.66 99=449.28 99.9=1381.38 99.99=5918.72]
2025-04-21 20:55:10 59 sec: 916573 operations; [READ: Count=457441 Max=4268.03 Min=2.14 Avg=51.38 10=6.58 25=13.32 50=19.87 75=76.61 90=91.01 95=120.00 99=421.89 99.9=1085.44 99.99=1843.20] [UPDATE: Count=459132 Max=20447.23 Min=6.90 Avg=62.44 10=13.95 25=20.22 50=28.83 75=84.35 90=100.29 95=135.55 99=447.74 99.9=1370.11 99.99=5799.94]
2025-04-21 20:55:11 60 sec: 929870 operations; [READ: Count=464027 Max=4268.03 Min=2.14 Avg=51.64 10=6.62 25=13.36 50=19.97 75=76.86 90=91.71 95=120.96 99=421.12 99.9=1081.34 99.99=1843.20] [UPDATE: Count=465843 Max=20447.23 Min=6.90 Avg=62.67 10=14.02 25=20.27 50=28.94 75=84.54 90=100.99 95=136.70 99=446.72 99.9=1355.78 99.99=5783.55]
2025-04-21 20:55:12 61 sec: 944118 operations; [READ: Count=471248 Max=4268.03 Min=2.14 Avg=51.85 10=6.66 25=13.40 50=20.08 75=77.06 90=92.22 95=121.66 99=421.12 99.9=1077.25 99.99=1841.15] [UPDATE: Count=472870 Max=20447.23 Min=6.90 Avg=62.82 10=14.07 25=20.30 50=29.04 75=84.80 90=101.50 95=137.22 99=447.23 99.9=1352.70 99.99=5783.55]
2025-04-21 20:55:13 62 sec: 959640 operations; [READ: Count=478982 Max=4268.03 Min=2.14 Avg=51.98 10=6.70 25=13.44 50=20.18 75=77.18 90=92.54 95=122.11 99=420.10 99.9=1073.15 99.99=1840.13] [UPDATE: Count=480658 Max=20447.23 Min=6.90 Avg=62.90 10=14.13 25=20.35 50=29.10 75=84.93 90=101.82 95=137.85 99=445.69 99.9=1345.54 99.99=5726.21]
2025-04-21 20:55:14 63 sec: 973125 operations; [READ: Count=485598 Max=4268.03 Min=2.14 Avg=52.21 10=6.74 25=13.48 50=20.29 75=77.38 90=92.99 95=123.20 99=420.10 99.9=1065.98 99.99=1840.13] [UPDATE: Count=487527 Max=20447.23 Min=6.90 Avg=63.10 10=14.18 25=20.40 50=29.20 75=85.12 90=102.21 95=139.13 99=445.95 99.9=1338.37 99.99=5627.90]
2025-04-21 20:55:15 64 sec: 982710 operations; [READ: Count=490344 Max=4837.38 Min=2.14 Avg=52.66 10=6.75 25=13.51 50=20.41 75=77.57 90=93.50 95=125.82 99=425.73 99.9=1069.06 99.99=1843.20] [UPDATE: Count=492366 Max=20447.23 Min=6.90 Avg=63.54 10=14.22 25=20.43 50=29.33 75=85.31 90=102.78 95=143.10 99=450.30 99.9=1344.51 99.99=5627.90]
2025-04-21 20:55:16 65 sec: 991453 operations; [READ: Count=494700 Max=4837.38 Min=2.14 Avg=53.11 10=6.77 25=13.54 50=20.56 75=77.76 90=94.02 95=129.79 99=430.59 99.9=1074.17 99.99=1846.27] [UPDATE: Count=496753 Max=20447.23 Min=6.90 Avg=64.06 10=14.25 25=20.46 50=29.45 75=85.50 90=103.36 95=148.74 99=456.19 99.9=1352.70 99.99=5627.90]
2025-04-21 20:55:17 66 sec: 1000000 operations; [READ: Count=498894 Max=4837.38 Min=2.14 Avg=53.55 10=6.79 25=13.57 50=20.70 75=77.95 90=94.59 95=135.94 99=433.92 99.9=1071.10 99.99=1843.20] [UPDATE: Count=501106 Max=20447.23 Min=6.90 Avg=64.53 10=14.28 25=20.50 50=29.61 75=85.76 90=104.00 95=155.90 99=459.01 99.9=1353.73 99.99=5627.90]
2025-04-21 20:55:17 66 sec: 1000000 operations; [READ: Count=498894 Max=4837.38 Min=2.14 Avg=53.55 10=6.79 25=13.57 50=20.70 75=77.95 90=94.59 95=135.94 99=433.92 99.9=1071.10 99.99=1843.20] [UPDATE: Count=501106 Max=20447.23 Min=6.90 Avg=64.53 10=14.28 25=20.50 50=29.61 75=85.76 90=104.00 95=155.90 99=459.01 99.9=1353.73 99.99=5627.90]
Run runtime(sec): 66.0928
Run operations(ops): 1000000
Run throughput(ops/sec): 15130.2
