Running scope as unit: run-r8a65064267e447a0b87b18094679d76f.scope
load file:/home/user/DataFiles/silesia_data/silesia.tar
2025-04-22 06:30:24 0 sec: 0 operations;
2025-04-22 06:30:25 1 sec: 0 operations;
2025-04-22 06:30:26 2 sec: 0 operations;
2025-04-22 06:30:27 3 sec: 0 operations;
2025-04-22 06:30:28 4 sec: 0 operations;
2025-04-22 06:30:29 5 sec: 0 operations;
2025-04-22 06:30:30 6 sec: 0 operations;
2025-04-22 06:30:31 7 sec: 2682 operations; [READ: Count=1336 Max=1471.49 Min=9.62 Avg=84.09 10=22.32 25=29.82 50=40.83 75=126.46 90=153.09 95=210.56 99=487.94 99.9=956.41 99.99=1471.49] [UPDATE: Count=1346 Max=4820.99 Min=18.13 Avg=112.89 10=39.77 25=49.31 50=67.14 75=147.97 90=190.85 95=265.98 99=555.52 99.9=2061.31 99.99=4820.99]
2025-04-22 06:30:32 8 sec: 7492 operations; [READ: Count=3722 Max=2426.88 Min=4.54 Avg=139.29 10=25.01 25=32.93 50=46.59 75=136.19 90=279.30 95=565.76 99=1606.65 99.9=2265.09 99.99=2426.88] [UPDATE: Count=3770 Max=15589.38 Min=18.13 Avg=196.07 10=40.83 25=52.00 50=72.70 75=162.30 90=343.30 95=698.88 99=1858.56 99.9=9019.39 99.99=15589.38]
2025-04-22 06:30:33 9 sec: 13896 operations; [READ: Count=6893 Max=2426.88 Min=3.48 Avg=135.75 10=24.43 25=32.64 50=45.85 75=136.70 90=280.32 95=585.22 99=1345.54 99.9=2088.96 99.99=2424.83] [UPDATE: Count=7003 Max=15589.38 Min=16.10 Avg=187.36 10=41.34 25=52.54 50=73.66 75=161.53 90=303.62 95=607.74 99=1707.01 99.9=9723.90 99.99=12763.14]
2025-04-22 06:30:34 10 sec: 19320 operations; [READ: Count=9630 Max=2426.88 Min=3.22 Avg=143.71 10=22.34 25=31.07 50=44.51 75=136.70 90=370.18 95=709.12 99=1328.13 99.9=2088.96 99.99=2424.83] [UPDATE: Count=9690 Max=15589.38 Min=11.32 Avg=191.92 10=37.05 25=48.99 50=70.14 75=160.90 90=376.32 95=760.32 99=1634.30 99.9=9019.39 99.99=12763.14]
2025-04-22 06:30:35 11 sec: 24999 operations; [READ: Count=12417 Max=2764.80 Min=3.18 Avg=146.44 10=20.27 25=27.95 50=41.25 75=132.22 90=400.89 95=752.13 99=1371.13 99.9=2144.26 99.99=2426.88] [UPDATE: Count=12582 Max=20578.30 Min=11.32 Avg=192.28 10=31.61 25=42.85 50=64.89 75=155.52 90=418.30 95=788.99 99=1681.41 99.9=7991.30 99.99=15589.38]
2025-04-22 06:30:36 12 sec: 35674 operations; [READ: Count=17758 Max=2764.80 Min=2.98 Avg=129.06 10=18.54 25=24.32 50=37.95 75=120.32 90=317.95 95=638.98 99=1273.86 99.9=2013.18 99.99=2424.83] [UPDATE: Count=17916 Max=20578.30 Min=9.27 Avg=163.84 10=27.36 25=36.19 50=58.11 75=138.88 90=328.45 95=665.60 99=1489.92 99.9=7118.85 99.99=12763.14]
2025-04-22 06:30:37 13 sec: 47075 operations; [READ: Count=23366 Max=2764.80 Min=2.55 Avg=117.41 10=17.60 25=23.14 50=36.32 75=115.33 90=250.62 95=540.16 99=1164.29 99.9=1982.46 99.99=2424.83] [UPDATE: Count=23709 Max=20578.30 Min=8.57 Avg=146.50 10=26.06 25=33.50 50=54.14 75=129.22 90=273.15 95=560.64 99=1294.34 99.9=6201.34 99.99=12763.14]
2025-04-22 06:30:38 14 sec: 59309 operations; [READ: Count=29431 Max=2764.80 Min=2.55 Avg=107.45 10=17.58 25=22.61 50=34.98 75=114.05 90=209.41 95=457.47 99=1078.27 99.9=1929.21 99.99=2406.40] [UPDATE: Count=29878 Max=20578.30 Min=8.57 Avg=135.20 10=26.43 25=33.60 50=51.87 75=128.38 90=235.01 95=487.42 99=1199.10 99.9=5328.90 99.99=12730.37]
2025-04-22 06:30:39 15 sec: 68478 operations; [READ: Count=34013 Max=2764.80 Min=2.55 Avg=105.68 10=17.71 25=22.57 50=34.21 75=113.41 90=215.04 95=450.05 99=1039.36 99.9=1888.26 99.99=2406.40] [UPDATE: Count=34465 Max=20578.30 Min=8.57 Avg=133.34 10=26.72 25=33.95 50=51.07 75=128.38 90=240.38 95=489.73 99=1168.38 99.9=4820.99 99.99=12730.37]
2025-04-22 06:30:40 16 sec: 77957 operations; [READ: Count=38733 Max=2764.80 Min=2.55 Avg=103.53 10=17.68 25=22.40 50=33.41 75=112.00 90=208.90 95=442.62 99=1039.36 99.9=1869.82 99.99=2375.68] [UPDATE: Count=39224 Max=20578.30 Min=8.57 Avg=131.80 10=26.73 25=33.89 50=49.79 75=126.53 90=234.50 95=482.05 99=1169.41 99.9=5013.50 99.99=12435.45]
2025-04-22 06:30:41 17 sec: 87672 operations; [READ: Count=43520 Max=2764.80 Min=2.55 Avg=100.98 10=17.70 25=22.27 50=32.80 75=109.95 90=198.40 95=427.52 99=1040.38 99.9=1911.81 99.99=2545.66] [UPDATE: Count=44152 Max=22495.23 Min=8.57 Avg=130.76 10=26.88 25=34.02 50=49.31 75=123.84 90=225.92 95=466.43 99=1185.79 99.9=5308.41 99.99=15843.33]
2025-04-22 06:30:42 18 sec: 100515 operations; [READ: Count=49882 Max=2764.80 Min=2.55 Avg=96.28 10=17.65 25=22.16 50=32.09 75=106.43 90=189.18 95=405.50 99=1000.96 99.9=1876.99 99.99=2435.07] [UPDATE: Count=50633 Max=22495.23 Min=8.57 Avg=125.41 10=26.93 25=33.98 50=48.58 75=120.13 90=214.78 95=441.34 99=1147.90 99.9=4419.58 99.99=15589.38]
2025-04-22 06:30:43 19 sec: 115369 operations; [READ: Count=57319 Max=2764.80 Min=2.55 Avg=91.02 10=17.50 25=21.93 50=31.41 75=101.31 90=177.02 95=381.69 99=954.88 99.9=1808.38 99.99=2426.88] [UPDATE: Count=58050 Max=22495.23 Min=8.30 Avg=119.19 10=26.80 25=33.73 50=47.45 75=114.88 90=203.26 95=416.25 99=1098.75 99.9=3930.11 99.99=13664.25]
2025-04-22 06:30:44 20 sec: 128108 operations; [READ: Count=63712 Max=2764.80 Min=2.55 Avg=88.63 10=17.45 25=21.93 50=31.33 75=99.26 90=172.03 95=371.20 99=923.65 99.9=1715.20 99.99=2426.88] [UPDATE: Count=64396 Max=22495.23 Min=8.30 Avg=116.08 10=26.77 25=33.66 50=47.17 75=113.60 90=198.40 95=400.89 99=1067.01 99.9=3477.50 99.99=13664.25]
2025-04-22 06:30:45 21 sec: 137481 operations; [READ: Count=68439 Max=2764.80 Min=2.55 Avg=89.34 10=17.42 25=21.95 50=31.47 75=101.18 90=175.49 95=374.53 99=915.97 99.9=1710.08 99.99=2426.88] [UPDATE: Count=69042 Max=22495.23 Min=8.30 Avg=115.82 10=26.73 25=33.66 50=47.13 75=114.94 90=200.06 95=401.66 99=1055.74 99.9=3418.11 99.99=12763.14]
2025-04-22 06:30:46 22 sec: 145023 operations; [READ: Count=72228 Max=3330.05 Min=2.55 Avg=90.94 10=17.47 25=22.08 50=31.81 75=103.74 90=178.18 95=378.62 99=930.82 99.9=1717.25 99.99=2435.07] [UPDATE: Count=72795 Max=22495.23 Min=8.30 Avg=117.23 10=26.82 25=33.82 50=47.42 75=117.18 90=202.75 95=408.06 99=1065.98 99.9=3338.24 99.99=12763.14]
2025-04-22 06:30:47 23 sec: 155514 operations; [READ: Count=77450 Max=3330.05 Min=2.55 Avg=90.79 10=17.39 25=22.06 50=32.03 75=105.53 90=180.61 95=372.22 99=910.85 99.9=1708.03 99.99=2426.88] [UPDATE: Count=78064 Max=22495.23 Min=8.30 Avg=116.05 10=26.62 25=33.70 50=47.42 75=118.85 90=203.26 95=397.82 99=1040.38 99.9=3311.61 99.99=12738.56]
2025-04-22 06:30:48 24 sec: 164655 operations; [READ: Count=82025 Max=3330.05 Min=2.55 Avg=91.46 10=17.34 25=22.13 50=32.40 75=107.33 90=186.24 95=370.43 99=896.00 99.9=1695.74 99.99=2426.88] [UPDATE: Count=82630 Max=22495.23 Min=8.30 Avg=115.93 10=26.54 25=33.70 50=47.71 75=120.64 90=206.59 95=393.98 99=1024.51 99.9=3254.27 99.99=12738.56]
2025-04-22 06:30:49 25 sec: 173282 operations; [READ: Count=86285 Max=3330.05 Min=2.55 Avg=92.19 10=17.31 25=22.19 50=32.86 75=108.86 90=190.34 95=367.36 99=884.74 99.9=1681.41 99.99=2424.83] [UPDATE: Count=86997 Max=22495.23 Min=8.30 Avg=116.30 10=26.53 25=33.79 50=48.26 75=122.24 90=209.92 95=391.94 99=998.40 99.9=3172.35 99.99=12730.37]
2025-04-22 06:30:50 26 sec: 180381 operations; [READ: Count=89857 Max=3330.05 Min=2.55 Avg=93.75 10=17.31 25=22.27 50=33.34 75=110.59 90=195.46 95=370.69 99=882.17 99.9=1681.41 99.99=2424.83] [UPDATE: Count=90524 Max=22495.23 Min=8.30 Avg=117.54 10=26.48 25=33.85 50=48.73 75=123.84 90=214.27 95=395.26 99=997.89 99.9=3135.49 99.99=12730.37]
2025-04-22 06:30:51 27 sec: 186561 operations; [READ: Count=92948 Max=3330.05 Min=2.55 Avg=95.69 10=17.25 25=22.30 50=33.66 75=111.61 90=199.17 95=375.55 99=898.56 99.9=1715.20 99.99=2633.73] [UPDATE: Count=93613 Max=22495.23 Min=8.30 Avg=119.23 10=26.41 25=33.85 50=49.02 75=124.86 90=217.60 95=401.41 99=1019.39 99.9=3135.49 99.99=12738.56]
2025-04-22 06:30:52 28 sec: 195311 operations; [READ: Count=97308 Max=3330.05 Min=2.55 Avg=95.98 10=17.18 25=22.34 50=33.98 75=112.38 90=200.06 95=373.50 99=888.83 99.9=1708.03 99.99=2611.20] [UPDATE: Count=98003 Max=22495.23 Min=8.30 Avg=119.48 10=26.34 25=33.85 50=49.34 75=125.89 90=219.26 95=399.62 99=1004.54 99.9=3135.49 99.99=12730.37]
2025-04-22 06:30:53 29 sec: 204599 operations; [READ: Count=101908 Max=3330.05 Min=2.55 Avg=96.19 10=17.10 25=22.37 50=34.21 75=112.89 90=201.60 95=371.71 99=877.05 99.9=1696.77 99.99=2611.20] [UPDATE: Count=102691 Max=22495.23 Min=7.83 Avg=119.16 10=26.19 25=33.82 50=49.50 75=126.33 90=220.03 95=396.54 99=989.18 99.9=3051.52 99.99=12730.37]
2025-04-22 06:30:54 30 sec: 213780 operations; [READ: Count=106494 Max=3330.05 Min=2.55 Avg=96.33 10=17.02 25=22.35 50=34.34 75=113.34 90=203.13 95=371.20 99=865.79 99.9=1689.60 99.99=2609.15] [UPDATE: Count=107286 Max=22495.23 Min=7.83 Avg=119.04 10=26.08 25=33.76 50=49.57 75=126.78 90=220.93 95=395.26 99=974.85 99.9=3031.04 99.99=12435.45]
2025-04-22 06:30:55 31 sec: 223283 operations; [READ: Count=111251 Max=3330.05 Min=2.55 Avg=96.47 10=16.88 25=22.25 50=34.27 75=113.60 90=204.41 95=371.45 99=859.13 99.9=1681.41 99.99=2609.15] [UPDATE: Count=112032 Max=22495.23 Min=7.83 Avg=118.60 10=25.86 25=33.50 50=49.34 75=126.85 90=221.44 95=394.24 99=962.56 99.9=3022.85 99.99=12435.45]
2025-04-22 06:30:56 32 sec: 234086 operations; [READ: Count=116663 Max=3330.05 Min=2.55 Avg=95.85 10=16.40 25=22.00 50=33.95 75=113.22 90=204.16 95=368.89 99=848.38 99.9=1681.41 99.99=2545.66] [UPDATE: Count=117423 Max=22495.23 Min=7.82 Avg=117.76 10=25.31 25=33.02 50=48.93 75=126.33 90=220.93 95=391.42 99=956.41 99.9=2953.22 99.99=12435.45]
2025-04-22 06:30:57 33 sec: 245676 operations; [READ: Count=122482 Max=3330.05 Min=2.55 Avg=95.02 10=15.81 25=21.63 50=33.73 75=112.25 90=201.60 95=365.06 99=843.26 99.9=1678.34 99.99=2545.66] [UPDATE: Count=123194 Max=22495.23 Min=7.54 Avg=116.58 10=24.53 25=32.40 50=48.58 75=124.86 90=217.98 95=387.33 99=949.76 99.9=2920.45 99.99=12730.37]
2025-04-22 06:30:58 34 sec: 263186 operations; [READ: Count=131088 Max=3330.05 Min=2.55 Avg=92.18 10=14.94 25=20.98 50=33.47 75=109.44 90=193.15 95=350.46 99=821.25 99.9=1650.69 99.99=2488.32] [UPDATE: Count=132098 Max=22495.23 Min=7.54 Avg=112.80 10=23.26 25=31.36 50=48.26 75=121.47 90=209.66 95=370.94 99=921.09 99.9=2852.86 99.99=12435.45]
2025-04-22 06:30:59 35 sec: 282894 operations; [READ: Count=140850 Max=3330.05 Min=2.25 Avg=88.98 10=14.19 25=20.16 50=32.99 75=106.24 90=184.57 95=332.80 99=797.18 99.9=1631.23 99.99=2484.22] [UPDATE: Count=142044 Max=22495.23 Min=7.34 Avg=108.66 10=22.13 25=30.08 50=47.58 75=117.57 90=201.09 95=353.28 99=892.41 99.9=2691.07 99.99=12361.73]
2025-04-22 06:31:00 36 sec: 302427 operations; [READ: Count=150749 Max=3330.05 Min=2.25 Avg=86.20 10=13.65 25=19.26 50=32.32 75=103.61 90=177.66 95=317.44 99=772.10 99.9=1611.78 99.99=2441.22] [UPDATE: Count=151678 Max=22495.23 Min=7.34 Avg=105.20 10=21.28 25=28.78 50=46.69 75=114.50 90=194.05 95=338.43 99=867.33 99.9=2545.66 99.99=11362.30]
2025-04-22 06:31:01 37 sec: 321073 operations; [READ: Count=160102 Max=3330.05 Min=2.25 Avg=84.04 10=13.27 25=18.40 50=31.60 75=101.50 90=171.78 95=306.69 99=756.22 99.9=1590.27 99.99=2435.07] [UPDATE: Count=160971 Max=22495.23 Min=7.34 Avg=102.39 10=20.72 25=27.63 50=45.66 75=111.94 90=188.54 95=326.40 99=850.94 99.9=2420.74 99.99=11026.43]
2025-04-22 06:31:02 38 sec: 338429 operations; [READ: Count=168779 Max=3330.05 Min=2.25 Avg=82.45 10=12.94 25=17.66 50=30.78 75=99.65 90=167.29 95=300.29 99=748.03 99.9=1575.93 99.99=2426.88] [UPDATE: Count=169650 Max=22495.23 Min=7.34 Avg=100.24 10=20.29 25=26.67 50=44.61 75=109.89 90=184.45 95=319.49 99=836.61 99.9=2338.82 99.99=10788.86]
2025-04-22 06:31:03 39 sec: 361186 operations; [READ: Count=180186 Max=3330.05 Min=2.12 Avg=79.71 10=12.56 25=16.88 50=29.60 75=97.41 90=159.62 95=282.37 99=728.06 99.9=1557.50 99.99=2424.83] [UPDATE: Count=181000 Max=22495.23 Min=7.34 Avg=96.90 10=19.81 25=25.54 50=43.13 75=107.33 90=177.28 95=302.85 99=812.54 99.9=2246.66 99.99=10158.08]
2025-04-22 06:31:04 40 sec: 384248 operations; [READ: Count=191599 Max=3330.05 Min=2.12 Avg=77.23 10=12.15 25=16.30 50=28.27 75=95.68 90=153.22 95=269.57 99=708.10 99.9=1540.10 99.99=2416.64] [UPDATE: Count=192649 Max=22495.23 Min=7.34 Avg=93.87 10=19.42 25=24.70 50=41.60 75=105.34 90=171.26 95=289.02 99=786.94 99.9=2179.07 99.99=10133.50]
2025-04-22 06:31:05 41 sec: 406196 operations; [READ: Count=202482 Max=3330.05 Min=2.12 Avg=75.22 10=11.72 25=15.90 50=27.04 75=94.33 90=149.38 95=260.35 99=692.74 99.9=1519.62 99.99=2406.40] [UPDATE: Count=203714 Max=22495.23 Min=7.34 Avg=91.47 10=19.05 25=24.03 50=40.09 75=103.81 90=167.04 95=279.30 99=768.00 99.9=2152.45 99.99=9838.59]
2025-04-22 06:31:06 42 sec: 428161 operations; [READ: Count=213495 Max=3330.05 Min=2.12 Avg=73.36 10=11.13 25=15.57 50=25.81 75=93.06 90=146.18 95=253.06 99=675.84 99.9=1506.30 99.99=2375.68] [UPDATE: Count=214666 Max=22495.23 Min=7.34 Avg=89.37 10=18.69 25=23.50 50=38.53 75=102.53 90=163.71 95=272.89 99=751.10 99.9=2129.92 99.99=9822.21]
2025-04-22 06:31:07 43 sec: 453724 operations; [READ: Count=226163 Max=3330.05 Min=2.12 Avg=71.19 10=10.33 25=15.26 50=24.50 75=91.52 90=142.08 95=242.56 99=654.34 99.9=1491.97 99.99=2351.10] [UPDATE: Count=227561 Max=22495.23 Min=7.34 Avg=86.68 10=18.27 25=22.99 50=36.70 75=100.80 90=159.10 95=262.40 99=728.06 99.9=2085.89 99.99=9150.46]
2025-04-22 06:31:08 44 sec: 481247 operations; [READ: Count=239957 Max=3330.05 Min=2.12 Avg=68.92 10=9.41 25=15.02 50=23.17 75=90.05 90=138.11 95=233.09 99=638.98 99.9=1471.49 99.99=2336.77] [UPDATE: Count=241290 Max=22495.23 Min=7.28 Avg=83.98 10=17.86 25=22.61 50=34.72 75=99.14 90=154.75 95=252.67 99=708.61 99.9=2044.93 99.99=8445.95]
2025-04-22 06:31:09 45 sec: 511838 operations; [READ: Count=255333 Max=3330.05 Min=2.12 Avg=66.43 10=8.62 25=14.75 50=21.81 75=88.32 90=134.40 95=222.85 99=621.57 99.9=1434.62 99.99=2318.34] [UPDATE: Count=256505 Max=22495.23 Min=7.13 Avg=81.15 10=17.36 25=22.19 50=32.66 75=97.41 90=150.66 95=242.30 99=685.05 99.9=1946.62 99.99=8368.13]
2025-04-22 06:31:10 46 sec: 543537 operations; [READ: Count=271014 Max=3330.05 Min=2.12 Avg=64.11 10=8.02 25=14.49 50=20.56 75=86.53 90=131.07 95=214.66 99=606.21 99.9=1399.81 99.99=2293.76] [UPDATE: Count=272523 Max=22495.23 Min=7.13 Avg=78.44 10=16.77 25=21.81 50=30.78 75=95.61 90=146.81 95=232.70 99=665.60 99.9=1907.71 99.99=8003.58]
2025-04-22 06:31:11 47 sec: 576366 operations; [READ: Count=287526 Max=3330.05 Min=2.12 Avg=61.86 10=7.52 25=14.24 50=19.45 75=84.67 90=127.87 95=206.97 99=592.89 99.9=1380.35 99.99=2256.89] [UPDATE: Count=288840 Max=22495.23 Min=7.13 Avg=75.95 10=16.16 25=21.44 50=29.23 75=93.63 90=143.23 95=226.18 99=649.22 99.9=1864.70 99.99=7495.68]
2025-04-22 06:31:12 48 sec: 612954 operations; [READ: Count=305942 Max=3330.05 Min=2.12 Avg=59.49 10=7.11 25=13.99 50=18.53 75=82.37 90=124.86 95=199.68 99=576.51 99.9=1361.92 99.99=2220.03] [UPDATE: Count=307012 Max=22495.23 Min=7.13 Avg=73.27 10=15.57 25=21.10 50=27.95 75=91.39 90=139.52 95=218.50 99=630.78 99.9=1810.43 99.99=7241.73]
2025-04-22 06:31:13 49 sec: 645168 operations; [READ: Count=321935 Max=3330.05 Min=2.12 Avg=57.83 10=6.87 25=13.81 50=17.97 75=80.38 90=122.75 95=194.94 99=566.27 99.9=1349.63 99.99=2205.70] [UPDATE: Count=323233 Max=22495.23 Min=7.13 Avg=71.31 10=15.17 25=20.86 50=27.15 75=89.47 90=136.96 95=213.89 99=614.40 99.9=1763.33 99.99=7233.53]
2025-04-22 06:31:14 50 sec: 680297 operations; [READ: Count=339424 Max=3330.05 Min=2.12 Avg=56.06 10=6.66 25=13.65 50=17.52 75=77.31 90=120.38 95=189.06 99=551.42 99.9=1331.20 99.99=2162.69] [UPDATE: Count=340873 Max=22495.23 Min=7.13 Avg=69.28 10=14.78 25=20.64 50=26.48 75=87.23 90=134.14 95=207.87 99=595.97 99.9=1724.41 99.99=7118.85]
2025-04-22 06:31:15 51 sec: 713049 operations; [READ: Count=355866 Max=3330.05 Min=2.12 Avg=54.62 10=6.50 25=13.52 50=17.21 75=71.87 90=118.46 95=184.57 99=538.11 99.9=1317.89 99.99=2148.35] [UPDATE: Count=357183 Max=22495.23 Min=7.13 Avg=67.69 10=14.50 25=20.48 50=26.05 75=84.73 90=132.09 95=203.52 99=580.10 99.9=1701.89 99.99=6660.10]
2025-04-22 06:31:16 52 sec: 741014 operations; [READ: Count=369721 Max=3330.05 Min=2.12 Avg=53.66 10=6.40 25=13.41 50=17.02 75=53.18 90=117.25 95=181.76 99=531.97 99.9=1297.41 99.99=2144.26] [UPDATE: Count=371293 Max=22495.23 Min=7.13 Avg=66.67 10=14.30 25=20.35 50=25.73 75=81.73 90=130.62 95=201.34 99=571.90 99.9=1682.43 99.99=7106.56]
2025-04-22 06:31:17 53 sec: 772785 operations; [READ: Count=385575 Max=3330.05 Min=2.12 Avg=52.52 10=6.29 25=13.29 50=16.82 75=47.26 90=115.71 95=178.18 99=520.70 99.9=1285.12 99.99=2134.01] [UPDATE: Count=387210 Max=22495.23 Min=7.13 Avg=65.38 10=14.07 25=20.19 50=25.39 75=75.71 90=128.83 95=197.76 99=560.64 99.9=1651.71 99.99=6402.05]
2025-04-22 06:31:18 54 sec: 803682 operations; [READ: Count=400872 Max=3330.05 Min=2.12 Avg=51.56 10=6.19 25=13.16 50=16.64 75=44.22 90=114.30 95=175.36 99=511.74 99.9=1269.76 99.99=2088.96] [UPDATE: Count=402810 Max=22495.23 Min=7.13 Avg=64.23 10=13.86 25=20.03 50=25.10 75=67.90 90=127.17 95=194.30 99=549.38 99.9=1633.28 99.99=6402.05]
2025-04-22 06:31:19 55 sec: 836332 operations; [READ: Count=417130 Max=3330.05 Min=2.12 Avg=50.55 10=6.10 25=13.03 50=16.46 75=41.92 90=112.83 95=171.39 99=500.99 99.9=1252.35 99.99=2077.70] [UPDATE: Count=419202 Max=22495.23 Min=7.13 Avg=63.05 10=13.67 25=19.87 50=24.85 75=63.10 90=125.44 95=190.46 99=538.62 99.9=1592.32 99.99=6328.32]
2025-04-22 06:31:20 56 sec: 869232 operations; [READ: Count=433617 Max=3330.05 Min=2.12 Avg=49.60 10=6.01 25=12.89 50=16.31 75=40.06 90=111.49 95=167.68 99=490.50 99.9=1234.94 99.99=2077.70] [UPDATE: Count=435615 Max=22495.23 Min=7.13 Avg=61.94 10=13.49 25=19.70 50=24.61 75=59.55 90=123.71 95=187.13 99=527.36 99.9=1556.48 99.99=6201.34]
2025-04-22 06:31:21 57 sec: 897229 operations; [READ: Count=447573 Max=3330.05 Min=2.12 Avg=48.99 10=5.94 25=12.78 50=16.20 75=38.78 90=110.59 95=165.25 99=485.89 99.9=1221.63 99.99=2063.36] [UPDATE: Count=449656 Max=22495.23 Min=7.13 Avg=61.25 10=13.38 25=19.58 50=24.43 75=57.47 90=122.69 95=185.22 99=521.22 99.9=1543.17 99.99=6184.96]
2025-04-22 06:31:22 58 sec: 926209 operations; [READ: Count=462147 Max=3330.05 Min=2.12 Avg=48.39 10=5.94 25=12.69 50=16.14 75=38.14 90=109.44 95=162.05 99=477.18 99.9=1210.37 99.99=2053.12] [UPDATE: Count=464062 Max=22495.23 Min=6.84 Avg=60.52 10=13.30 25=19.47 50=24.30 75=56.48 90=121.41 95=182.01 99=512.25 99.9=1522.69 99.99=6057.98]
2025-04-22 06:31:23 59 sec: 943935 operations; [READ: Count=470995 Max=3330.05 Min=2.12 Avg=48.46 10=5.97 25=12.66 50=16.17 75=38.75 90=109.38 95=162.18 99=475.65 99.9=1206.27 99.99=2051.07] [UPDATE: Count=472940 Max=22495.23 Min=6.84 Avg=60.49 10=13.35 25=19.47 50=24.34 75=57.38 90=121.28 95=181.76 99=509.69 99.9=1514.49 99.99=6033.41]
2025-04-22 06:31:24 60 sec: 955946 operations; [READ: Count=476907 Max=3330.05 Min=2.12 Avg=48.83 10=5.99 25=12.68 50=16.21 75=40.09 90=110.02 95=164.35 99=474.88 99.9=1203.20 99.99=2048.00] [UPDATE: Count=479039 Max=22495.23 Min=6.84 Avg=60.82 10=13.40 25=19.49 50=24.40 75=60.06 90=121.98 95=182.91 99=508.42 99.9=1509.38 99.99=6012.93]
2025-04-22 06:31:25 61 sec: 966283 operations; [READ: Count=482095 Max=3330.05 Min=2.12 Avg=49.30 10=6.01 25=12.71 50=16.27 75=42.40 90=110.85 95=166.78 99=474.37 99.9=1200.13 99.99=2048.00] [UPDATE: Count=484188 Max=22495.23 Min=6.84 Avg=61.22 10=13.43 25=19.52 50=24.46 75=64.58 90=122.94 95=184.19 99=507.13 99.9=1505.28 99.99=6012.93]
2025-04-22 06:31:26 62 sec: 975788 operations; [READ: Count=486871 Max=3330.05 Min=2.12 Avg=49.81 10=6.03 25=12.73 50=16.32 75=45.44 90=111.68 95=168.70 99=475.13 99.9=1197.06 99.99=2028.54] [UPDATE: Count=488917 Max=22495.23 Min=6.84 Avg=61.68 10=13.46 25=19.55 50=24.54 75=71.81 90=123.97 95=185.47 99=507.90 99.9=1494.02 99.99=5898.24]
2025-04-22 06:31:27 63 sec: 986175 operations; [READ: Count=492010 Max=3330.05 Min=2.12 Avg=50.24 10=6.05 25=12.77 50=16.38 75=50.62 90=112.51 95=170.11 99=473.86 99.9=1193.98 99.99=2028.54] [UPDATE: Count=494165 Max=22495.23 Min=6.84 Avg=62.08 10=13.49 25=19.58 50=24.62 75=79.94 90=124.93 95=186.37 99=505.86 99.9=1489.92 99.99=5898.24]
2025-04-22 06:31:28 64 sec: 996169 operations; [READ: Count=496916 Max=3330.05 Min=2.12 Avg=50.69 10=6.06 25=12.79 50=16.43 75=68.16 90=113.28 95=171.52 99=474.11 99.9=1193.98 99.99=2018.30] [UPDATE: Count=499253 Max=22495.23 Min=6.84 Avg=62.49 10=13.51 25=19.61 50=24.70 75=82.75 90=125.89 95=187.39 99=505.60 99.9=1485.82 99.99=5775.36]
2025-04-22 06:31:29 64 sec: 1000000 operations; [READ: Count=498817 Max=3330.05 Min=2.12 Avg=50.81 10=6.06 25=12.80 50=16.46 75=71.94 90=113.47 95=171.65 99=473.60 99.9=1192.96 99.99=2018.30] [UPDATE: Count=501183 Max=22495.23 Min=6.84 Avg=62.59 10=13.53 25=19.61 50=24.72 75=83.45 90=126.14 95=187.52 99=504.06 99.9=1484.80 99.99=5775.36]
Run runtime(sec): 64.4148
Run operations(ops): 1000000
Run throughput(ops/sec): 15524.4
