Running scope as unit: run-rc0ca9fadc4c141c8836e24ee09b50636.scope
load file:/home/user/DataFiles/silesia_data/silesia.tar
2025-04-23 02:34:38 0 sec: 0 operations;
2025-04-23 02:34:39 1 sec: 0 operations;
2025-04-23 02:34:40 2 sec: 0 operations;
2025-04-23 02:34:41 3 sec: 0 operations;
2025-04-23 02:34:42 4 sec: 0 operations;
2025-04-23 02:34:43 5 sec: 0 operations;
2025-04-23 02:34:44 6 sec: 0 operations;
2025-04-23 02:34:45 7 sec: 0 operations;
2025-04-23 02:34:46 8 sec: 0 operations;
2025-04-23 02:34:47 9 sec: 0 operations;
2025-04-23 02:34:48 10 sec: 0 operations;
2025-04-23 02:34:49 11 sec: 0 operations;
2025-04-23 02:34:50 12 sec: 0 operations;
2025-04-23 02:34:51 13 sec: 0 operations;
2025-04-23 02:34:52 14 sec: 2212 operations; [READ: Count=1115 Max=1082.37 Min=7.17 Avg=125.43 10=51.30 25=64.25 50=97.28 75=170.88 90=205.31 95=241.28 99=503.81 99.9=855.55 99.99=1082.37] [UPDATE: Count=1097 Max=2693.12 Min=12.19 Avg=145.58 10=59.01 25=72.38 50=107.65 75=179.20 90=216.83 95=271.36 99=902.14 99.9=2209.79 99.99=2693.12]
2025-04-23 02:34:53 15 sec: 9299 operations; [READ: Count=4698 Max=1082.37 Min=3.42 Avg=133.11 10=50.85 25=76.48 50=113.60 75=189.82 90=222.59 95=243.97 99=364.54 99.9=741.38 99.99=1082.37] [UPDATE: Count=4601 Max=2693.12 Min=9.18 Avg=144.84 10=59.84 25=86.91 50=122.37 75=199.68 90=232.57 95=255.49 99=404.99 99.9=1221.63 99.99=2693.12]
2025-04-23 02:34:54 16 sec: 16348 operations; [READ: Count=8182 Max=1445.89 Min=3.05 Avg=133.24 10=49.85 25=78.85 50=114.17 75=189.82 90=222.59 95=241.15 99=337.41 99.9=849.92 99.99=1331.20] [UPDATE: Count=8166 Max=5869.57 Min=6.64 Avg=146.27 10=59.45 25=88.25 50=122.24 75=199.68 90=232.45 95=254.08 99=404.99 99.9=1328.13 99.99=4040.70]
2025-04-23 02:34:55 17 sec: 22176 operations; [READ: Count=11083 Max=5812.22 Min=3.05 Avg=142.29 10=49.89 25=79.36 50=114.17 75=190.08 90=225.28 95=248.06 99=651.77 99.9=1902.59 99.99=3700.74] [UPDATE: Count=11093 Max=6225.92 Min=6.64 Avg=153.39 10=58.59 25=88.25 50=121.92 75=199.55 90=234.50 95=259.97 99=688.64 99.9=2260.99 99.99=5869.57]
2025-04-23 02:34:56 18 sec: 29568 operations; [READ: Count=14782 Max=5812.22 Min=2.97 Avg=139.14 10=49.82 25=80.25 50=114.62 75=189.57 90=224.64 95=244.99 99=552.45 99.9=1810.43 99.99=3700.74] [UPDATE: Count=14786 Max=6225.92 Min=6.64 Avg=149.67 10=58.46 25=88.51 50=122.37 75=198.27 90=232.96 95=256.13 99=590.85 99.9=2022.40 99.99=5869.57]
2025-04-23 02:34:57 19 sec: 36994 operations; [READ: Count=18430 Max=5812.22 Min=2.97 Avg=137.05 10=49.50 25=80.38 50=114.37 75=188.41 90=224.25 95=244.48 99=463.62 99.9=1766.40 99.99=2732.03] [UPDATE: Count=18564 Max=6225.92 Min=6.64 Avg=147.35 10=58.46 25=88.64 50=122.62 75=197.12 90=232.45 95=253.95 99=475.13 99.9=1827.84 99.99=4040.70]
2025-04-23 02:34:58 20 sec: 44056 operations; [READ: Count=21991 Max=5812.22 Min=2.97 Avg=136.68 10=49.31 25=80.13 50=114.30 75=187.13 90=224.90 95=245.89 99=464.38 99.9=1672.19 99.99=2732.03] [UPDATE: Count=22065 Max=6225.92 Min=6.64 Avg=147.18 10=57.89 25=88.64 50=122.62 75=197.12 90=233.34 95=256.64 99=487.17 99.9=1781.76 99.99=4040.70]
2025-04-23 02:34:59 21 sec: 51568 operations; [READ: Count=25814 Max=5812.22 Min=2.93 Avg=135.53 10=49.05 25=79.61 50=113.73 75=185.22 90=223.74 95=244.99 99=460.80 99.9=1516.54 99.99=2537.47] [UPDATE: Count=25754 Max=6225.92 Min=6.64 Avg=145.49 10=57.57 25=88.19 50=121.79 75=195.20 90=232.32 95=254.59 99=470.01 99.9=1569.79 99.99=3594.24]
2025-04-23 02:35:00 22 sec: 57849 operations; [READ: Count=29004 Max=5812.22 Min=2.30 Avg=137.44 10=48.58 25=79.10 50=113.09 75=183.94 90=223.62 95=246.01 99=614.40 99.9=1672.19 99.99=2631.68] [UPDATE: Count=28845 Max=17596.42 Min=6.64 Avg=147.47 10=57.12 25=87.74 50=121.28 75=193.66 90=231.94 95=255.74 99=622.59 99.9=1712.13 99.99=4040.70]
2025-04-23 02:35:01 23 sec: 65771 operations; [READ: Count=32940 Max=5812.22 Min=2.30 Avg=135.56 10=48.26 25=78.85 50=112.96 75=182.14 90=222.34 95=244.48 99=564.22 99.9=1548.29 99.99=2631.68] [UPDATE: Count=32831 Max=17596.42 Min=6.64 Avg=145.20 10=56.61 25=87.36 50=120.89 75=191.49 90=230.78 95=253.44 99=541.18 99.9=1582.08 99.99=4040.70]
2025-04-23 02:35:02 24 sec: 73600 operations; [READ: Count=36852 Max=5812.22 Min=2.30 Avg=134.25 10=48.13 25=78.72 50=112.70 75=180.48 90=221.69 95=243.33 99=500.74 99.9=1516.54 99.99=2537.47] [UPDATE: Count=36748 Max=17596.42 Min=6.64 Avg=143.60 10=56.13 25=86.97 50=120.58 75=189.82 90=229.89 95=252.54 99=496.38 99.9=1546.24 99.99=3594.24]
2025-04-23 02:35:03 25 sec: 81329 operations; [READ: Count=40725 Max=5812.22 Min=2.30 Avg=133.34 10=47.84 25=78.59 50=112.64 75=179.33 90=221.18 95=243.20 99=475.90 99.9=1345.54 99.99=2537.47] [UPDATE: Count=40604 Max=17596.42 Min=6.64 Avg=142.50 10=55.90 25=86.85 50=120.45 75=188.41 90=229.50 95=251.90 99=470.27 99.9=1513.47 99.99=3594.24]
2025-04-23 02:35:04 26 sec: 88587 operations; [READ: Count=44380 Max=5812.22 Min=2.30 Avg=133.39 10=47.58 25=78.53 50=112.58 75=178.43 90=221.18 95=243.84 99=495.36 99.9=1368.06 99.99=2537.47] [UPDATE: Count=44207 Max=17596.42 Min=6.64 Avg=142.25 10=55.65 25=86.78 50=120.32 75=186.88 90=229.25 95=252.29 99=479.23 99.9=1518.59 99.99=3594.24]
2025-04-23 02:35:05 27 sec: 96244 operations; [READ: Count=48209 Max=5812.22 Min=2.30 Avg=132.57 10=47.13 25=77.50 50=112.06 75=176.77 90=220.80 95=243.84 99=491.77 99.9=1345.54 99.99=2525.18] [UPDATE: Count=48035 Max=17596.42 Min=6.64 Avg=141.49 10=55.13 25=85.69 50=119.68 75=185.09 90=228.74 95=251.90 99=490.50 99.9=1507.33 99.99=3280.89]
2025-04-23 02:35:06 28 sec: 105376 operations; [READ: Count=52779 Max=5812.22 Min=2.30 Avg=129.81 10=45.47 25=72.13 50=108.67 75=171.78 90=218.37 95=241.79 99=495.36 99.9=1645.57 99.99=2639.87] [UPDATE: Count=52597 Max=17596.42 Min=6.64 Avg=139.52 10=53.18 25=80.70 50=116.61 75=180.22 90=226.30 95=249.98 99=497.15 99.9=1719.30 99.99=6225.92]
2025-04-23 02:35:07 29 sec: 116973 operations; [READ: Count=58452 Max=5812.22 Min=2.30 Avg=124.95 10=43.10 25=66.50 50=104.89 75=165.12 90=215.17 95=238.59 99=459.77 99.9=1592.32 99.99=2615.30] [UPDATE: Count=58521 Max=17596.42 Min=6.64 Avg=134.53 10=51.17 25=74.56 50=112.64 75=173.82 90=223.36 95=246.78 99=470.01 99.9=1697.79 99.99=5869.57]
2025-04-23 02:35:08 30 sec: 129907 operations; [READ: Count=64920 Max=5812.22 Min=2.30 Avg=119.76 10=40.67 25=61.98 50=100.86 75=158.46 90=211.71 95=235.13 99=431.87 99.9=1516.54 99.99=2631.68] [UPDATE: Count=64987 Max=17596.42 Min=6.64 Avg=129.10 10=48.61 25=69.63 50=108.61 75=166.78 90=219.90 95=243.46 99=445.44 99.9=1573.89 99.99=5869.57]
2025-04-23 02:35:09 31 sec: 142808 operations; [READ: Count=71396 Max=5812.22 Min=2.30 Avg=115.45 10=39.45 25=58.21 50=97.09 75=152.19 90=208.25 95=232.32 99=404.74 99.9=1396.73 99.99=2615.30] [UPDATE: Count=71412 Max=17596.42 Min=6.64 Avg=124.74 10=47.26 25=66.30 50=104.96 75=160.64 90=216.57 95=240.64 99=425.47 99.9=1546.24 99.99=4833.28]
2025-04-23 02:35:10 32 sec: 153225 operations; [READ: Count=76564 Max=5812.22 Min=1.98 Avg=113.41 10=38.14 25=55.13 50=94.27 75=147.71 90=206.21 95=230.78 99=419.84 99.9=1628.16 99.99=2537.47] [UPDATE: Count=76661 Max=25083.90 Min=6.64 Avg=123.37 10=45.82 25=63.62 50=101.95 75=156.16 90=214.53 95=239.23 99=441.34 99.9=1697.79 99.99=6225.92]
2025-04-23 02:35:11 33 sec: 166229 operations; [READ: Count=83013 Max=5812.22 Min=1.98 Avg=110.14 10=37.28 25=52.83 50=91.52 75=142.21 90=203.01 95=228.09 99=399.62 99.9=1688.58 99.99=2570.24] [UPDATE: Count=83216 Max=25083.90 Min=6.49 Avg=120.01 10=44.64 25=61.05 50=98.88 75=150.66 90=211.20 95=236.67 99=429.31 99.9=1700.86 99.99=7159.81]
2025-04-23 02:35:12 34 sec: 179782 operations; [READ: Count=89741 Max=5812.22 Min=1.98 Avg=106.96 10=36.83 25=51.58 50=88.83 75=136.96 90=199.29 95=225.92 99=372.48 99.9=1628.16 99.99=2541.57] [UPDATE: Count=90041 Max=25083.90 Min=6.49 Avg=116.80 10=44.19 25=59.68 50=96.45 75=145.28 90=207.62 95=233.98 99=405.76 99.9=1648.64 99.99=6225.92]
2025-04-23 02:35:13 35 sec: 193532 operations; [READ: Count=96578 Max=5812.22 Min=1.98 Avg=104.11 10=36.32 25=50.66 50=86.33 75=132.22 90=195.84 95=223.36 99=348.67 99.9=1530.88 99.99=2537.47] [UPDATE: Count=96954 Max=25083.90 Min=6.49 Avg=113.92 10=43.74 25=58.66 50=94.27 75=140.54 90=204.29 95=231.68 99=377.60 99.9=1611.78 99.99=5869.57]
2025-04-23 02:35:14 36 sec: 207406 operations; [READ: Count=103568 Max=5812.22 Min=1.98 Avg=101.58 10=36.03 25=50.05 50=84.03 75=127.42 90=192.51 95=221.06 99=323.07 99.9=1502.21 99.99=2537.47] [UPDATE: Count=103838 Max=25083.90 Min=6.49 Avg=111.36 10=43.36 25=57.98 50=92.22 75=136.06 90=200.96 95=229.38 99=354.30 99.9=1569.79 99.99=5869.57]
2025-04-23 02:35:15 37 sec: 219492 operations; [READ: Count=109659 Max=5812.22 Min=1.98 Avg=100.09 10=35.42 25=49.28 50=81.86 75=123.65 90=189.82 95=219.39 99=324.61 99.9=1645.57 99.99=2570.24] [UPDATE: Count=109833 Max=25083.90 Min=6.49 Avg=110.14 10=42.59 25=57.05 50=90.05 75=132.35 90=198.14 95=227.71 99=353.54 99.9=1635.33 99.99=7839.74]
2025-04-23 02:35:16 38 sec: 233965 operations; [READ: Count=116912 Max=5812.22 Min=1.98 Avg=97.80 10=34.81 25=48.48 50=79.74 75=120.00 90=186.24 95=217.22 99=313.09 99.9=1645.57 99.99=2570.24] [UPDATE: Count=117053 Max=25083.90 Min=6.49 Avg=107.87 10=41.76 25=56.06 50=87.87 75=128.38 90=194.56 95=225.53 99=337.41 99.9=1635.33 99.99=7839.74]
2025-04-23 02:35:17 39 sec: 248582 operations; [READ: Count=124361 Max=5812.22 Min=1.98 Avg=95.73 10=34.30 25=47.84 50=77.89 75=116.80 90=182.53 95=215.04 99=302.08 99.9=1643.52 99.99=2570.24] [UPDATE: Count=124221 Max=25083.90 Min=6.49 Avg=105.80 10=41.02 25=55.30 50=85.95 75=125.18 90=190.97 95=223.62 99=324.35 99.9=1635.33 99.99=8114.18]
2025-04-23 02:35:18 40 sec: 263825 operations; [READ: Count=131912 Max=5812.22 Min=1.98 Avg=93.71 10=33.89 25=47.36 50=76.42 75=113.92 90=178.56 95=212.99 99=294.91 99.9=1584.13 99.99=2562.05] [UPDATE: Count=131913 Max=25083.90 Min=6.49 Avg=103.63 10=40.45 25=54.72 50=84.09 75=122.24 90=187.52 95=221.69 99=313.60 99.9=1599.49 99.99=7839.74]
2025-04-23 02:35:19 41 sec: 278931 operations; [READ: Count=139470 Max=5812.22 Min=1.98 Avg=91.93 10=33.50 25=46.98 50=74.94 75=111.55 90=174.85 95=210.94 99=286.98 99.9=1526.78 99.99=2557.95] [UPDATE: Count=139461 Max=25083.90 Min=6.49 Avg=101.79 10=40.00 25=54.34 50=82.81 75=119.74 90=183.94 95=219.65 99=305.41 99.9=1564.67 99.99=7159.81]
2025-04-23 02:35:20 42 sec: 294089 operations; [READ: Count=147157 Max=5812.22 Min=1.98 Avg=90.27 10=33.05 25=46.59 50=73.53 75=109.44 90=171.39 95=208.77 99=282.11 99.9=1474.56 99.99=2541.57] [UPDATE: Count=146932 Max=25083.90 Min=6.49 Avg=100.16 10=39.58 25=53.98 50=81.60 75=117.76 90=180.48 95=217.85 99=300.80 99.9=1526.78 99.99=6225.92]
2025-04-23 02:35:21 43 sec: 309321 operations; [READ: Count=154795 Max=5812.22 Min=1.98 Avg=88.81 10=32.54 25=46.30 50=72.25 75=107.78 90=168.19 95=206.85 99=278.01 99.9=1424.38 99.99=2541.57] [UPDATE: Count=154526 Max=25083.90 Min=6.49 Avg=98.60 10=38.98 25=53.63 50=80.32 75=116.09 90=177.15 95=215.94 99=294.65 99.9=1511.42 99.99=6225.92]
2025-04-23 02:35:22 44 sec: 324601 operations; [READ: Count=162408 Max=5812.22 Min=1.98 Avg=87.46 10=31.81 25=45.95 50=70.97 75=106.43 90=164.99 95=204.93 99=273.92 99.9=1396.73 99.99=2537.47] [UPDATE: Count=162193 Max=25083.90 Min=6.49 Avg=97.19 10=38.17 25=53.31 50=79.10 75=114.56 90=174.08 95=214.01 99=290.56 99.9=1507.33 99.99=5869.57]
2025-04-23 02:35:23 45 sec: 338993 operations; [READ: Count=169637 Max=5812.22 Min=1.98 Avg=86.41 10=30.34 25=45.63 50=69.82 75=105.22 90=162.43 95=203.26 99=271.87 99.9=1434.62 99.99=2537.47] [UPDATE: Count=169356 Max=25083.90 Min=6.49 Avg=96.22 10=36.70 25=52.93 50=77.95 75=113.28 90=171.39 95=212.22 99=288.25 99.9=1510.40 99.99=7159.81]
2025-04-23 02:35:24 46 sec: 354556 operations; [READ: Count=177408 Max=5812.22 Min=1.98 Avg=85.19 10=14.31 25=45.31 50=68.80 75=104.19 90=159.74 95=201.09 99=268.54 99.9=1396.73 99.99=2531.33] [UPDATE: Count=177148 Max=25083.90 Min=6.49 Avg=94.97 10=25.04 25=52.67 50=76.93 75=112.13 90=168.70 95=210.18 99=284.16 99.9=1483.78 99.99=6225.92]
2025-04-23 02:35:25 47 sec: 370032 operations; [READ: Count=185150 Max=5812.22 Min=1.98 Avg=84.08 10=12.25 25=45.02 50=67.90 75=103.17 90=157.18 95=198.91 99=266.24 99.9=1368.06 99.99=2525.18] [UPDATE: Count=184882 Max=25083.90 Min=6.49 Avg=93.84 10=21.92 25=52.45 50=76.16 75=111.17 90=166.14 95=208.13 99=280.32 99.9=1446.91 99.99=6225.92]
2025-04-23 02:35:26 48 sec: 385531 operations; [READ: Count=192914 Max=5812.22 Min=1.98 Avg=83.03 10=11.05 25=44.73 50=67.20 75=102.21 90=154.75 95=196.99 99=263.94 99.9=1355.78 99.99=2525.18] [UPDATE: Count=192617 Max=25083.90 Min=6.49 Avg=92.83 10=20.46 25=52.22 50=75.52 75=110.40 90=163.71 95=206.21 99=277.50 99.9=1425.41 99.99=5869.57]
2025-04-23 02:35:27 49 sec: 401251 operations; [READ: Count=200849 Max=5812.22 Min=1.98 Avg=82.05 10=10.27 25=44.45 50=66.56 75=101.38 90=152.06 95=194.94 99=261.76 99.9=1331.20 99.99=2506.75] [UPDATE: Count=200402 Max=25083.90 Min=6.49 Avg=91.83 10=19.52 25=52.03 50=74.81 75=109.63 90=161.15 95=204.41 99=274.94 99.9=1389.57 99.99=4833.28]
2025-04-23 02:35:28 50 sec: 417147 operations; [READ: Count=208817 Max=5812.22 Min=1.98 Avg=81.11 10=9.72 25=44.13 50=65.98 75=100.54 90=149.76 95=193.02 99=259.71 99.9=1290.24 99.99=2498.56] [UPDATE: Count=208330 Max=25083.90 Min=6.49 Avg=90.85 10=18.91 25=51.77 50=74.24 75=108.80 90=158.72 95=202.50 99=272.38 99.9=1355.78 99.99=4796.41]
2025-04-23 02:35:29 51 sec: 432829 operations; [READ: Count=216550 Max=5812.22 Min=1.98 Avg=80.14 10=9.13 25=43.68 50=65.38 75=99.58 90=147.46 95=191.23 99=257.28 99.9=1276.93 99.99=2478.08] [UPDATE: Count=216279 Max=25083.90 Min=6.49 Avg=90.14 10=18.21 25=51.36 50=73.53 75=107.90 90=156.54 95=200.70 99=270.85 99.9=1355.78 99.99=6352.90]
2025-04-23 02:35:30 52 sec: 449696 operations; [READ: Count=224991 Max=5812.22 Min=1.98 Avg=79.18 10=8.72 25=43.26 50=64.83 75=98.75 90=145.15 95=189.18 99=255.10 99.9=1258.49 99.99=2478.08] [UPDATE: Count=224705 Max=25083.90 Min=6.49 Avg=89.10 10=17.61 25=50.88 50=72.83 75=107.01 90=154.37 95=198.78 99=269.31 99.9=1328.13 99.99=6381.57]
2025-04-23 02:35:31 53 sec: 467214 operations; [READ: Count=233743 Max=5812.22 Min=1.98 Avg=78.14 10=8.34 25=42.69 50=64.22 75=97.79 90=142.72 95=186.88 99=253.06 99.9=1230.85 99.99=2457.60] [UPDATE: Count=233471 Max=25083.90 Min=6.49 Avg=88.03 10=17.14 25=50.40 50=72.13 75=106.11 90=152.32 95=196.74 99=268.03 99.9=1308.67 99.99=6352.90]
2025-04-23 02:35:32 54 sec: 488964 operations; [READ: Count=244723 Max=5812.22 Min=1.98 Avg=76.43 10=7.97 25=40.93 50=62.78 75=96.13 90=139.65 95=184.19 99=250.50 99.9=1199.10 99.99=2457.60] [UPDATE: Count=244241 Max=25083.90 Min=6.49 Avg=86.37 10=16.66 25=48.99 50=70.53 75=104.45 90=149.25 95=194.18 99=266.50 99.9=1288.19 99.99=6352.90]
2025-04-23 02:35:33 55 sec: 516117 operations; [READ: Count=258295 Max=5812.22 Min=1.98 Avg=74.10 10=7.59 25=38.05 50=60.58 75=94.33 90=136.19 95=180.86 99=248.57 99.9=1146.88 99.99=2390.01] [UPDATE: Count=257822 Max=25083.90 Min=6.49 Avg=83.92 10=16.09 25=46.11 50=68.22 75=102.66 90=145.92 95=190.97 99=264.19 99.9=1249.28 99.99=5869.57]
2025-04-23 02:35:34 56 sec: 544083 operations; [READ: Count=272355 Max=5812.22 Min=1.98 Avg=71.89 10=7.22 25=35.97 50=57.28 75=92.80 90=132.86 95=177.66 99=246.66 99.9=1108.99 99.99=2367.49] [UPDATE: Count=271728 Max=25083.90 Min=6.49 Avg=81.61 10=15.50 25=43.55 50=65.44 75=100.93 90=142.72 95=188.16 99=262.14 99.9=1221.63 99.99=4833.28]
2025-04-23 02:35:35 57 sec: 571954 operations; [READ: Count=286361 Max=5812.22 Min=1.98 Avg=69.90 10=6.96 25=34.66 50=53.85 75=91.39 90=129.53 95=174.46 99=244.99 99.9=1084.41 99.99=2320.38] [UPDATE: Count=285593 Max=25083.90 Min=6.49 Avg=79.54 10=14.99 25=41.85 50=62.59 75=99.45 90=139.52 95=185.22 99=259.97 99.9=1170.43 99.99=4040.70]
2025-04-23 02:35:36 58 sec: 598697 operations; [READ: Count=299591 Max=5812.22 Min=1.98 Avg=68.25 10=6.77 25=33.92 50=51.94 75=90.24 90=126.59 95=171.65 99=243.46 99.9=1060.86 99.99=2320.38] [UPDATE: Count=299106 Max=25083.90 Min=6.49 Avg=77.78 10=14.58 25=40.83 50=60.38 75=98.17 90=136.83 95=182.53 99=258.69 99.9=1142.78 99.99=3569.66]
2025-04-23 02:35:37 59 sec: 623187 operations; [READ: Count=311841 Max=5812.22 Min=1.98 Avg=66.96 10=6.64 25=33.57 50=50.62 75=89.22 90=124.29 95=169.34 99=242.81 99.9=1034.75 99.99=2310.14] [UPDATE: Count=311346 Max=25083.90 Min=6.49 Avg=76.48 10=14.35 25=40.32 50=58.81 75=97.22 90=134.40 95=180.35 99=258.18 99.9=1134.59 99.99=3569.66]
2025-04-23 02:35:38 60 sec: 643083 operations; [READ: Count=321917 Max=5812.22 Min=1.98 Avg=66.21 10=6.57 25=33.34 50=49.73 75=88.51 90=122.88 95=168.06 99=243.84 99.9=1035.26 99.99=2308.09] [UPDATE: Count=321166 Max=25083.90 Min=6.49 Avg=75.84 10=14.21 25=40.03 50=57.70 75=96.45 90=133.12 95=179.46 99=261.50 99.9=1125.38 99.99=3569.66]
2025-04-23 02:35:39 61 sec: 667228 operations; [READ: Count=334006 Max=5812.22 Min=1.98 Avg=65.10 10=6.52 25=33.22 50=48.67 75=87.74 90=121.02 95=165.63 99=242.69 99.9=1017.34 99.99=2306.05] [UPDATE: Count=333222 Max=25083.90 Min=6.49 Avg=74.74 10=14.11 25=39.84 50=56.48 75=95.68 90=131.20 95=177.28 99=260.10 99.9=1106.94 99.99=3280.89]
2025-04-23 02:35:40 62 sec: 691694 operations; [READ: Count=346107 Max=5812.22 Min=1.98 Avg=64.07 10=6.46 25=33.02 50=47.65 75=86.97 90=119.42 95=163.58 99=241.66 99.9=998.40 99.99=2301.95] [UPDATE: Count=345587 Max=25083.90 Min=6.49 Avg=73.66 10=14.00 25=39.62 50=55.33 75=94.91 90=129.28 95=175.23 99=258.81 99.9=1093.63 99.99=3176.45]
2025-04-23 02:35:41 63 sec: 715519 operations; [READ: Count=357852 Max=5812.22 Min=1.98 Avg=63.15 10=6.43 25=32.90 50=46.59 75=86.21 90=117.89 95=161.66 99=240.51 99.9=974.85 99.99=2269.18] [UPDATE: Count=357667 Max=25083.90 Min=6.49 Avg=72.72 10=13.90 25=39.42 50=54.21 75=94.27 90=127.61 95=173.31 99=258.18 99.9=1079.30 99.99=3074.05]
2025-04-23 02:35:42 64 sec: 739668 operations; [READ: Count=369883 Max=5812.22 Min=1.98 Avg=62.27 10=6.38 25=32.73 50=45.44 75=85.63 90=116.42 95=159.87 99=239.74 99.9=960.51 99.99=2267.14] [UPDATE: Count=369785 Max=25083.90 Min=6.49 Avg=71.80 10=13.81 25=39.20 50=53.12 75=93.63 90=126.14 95=171.39 99=257.15 99.9=1059.84 99.99=2803.71]
2025-04-23 02:35:43 65 sec: 755792 operations; [READ: Count=377988 Max=5812.22 Min=1.98 Avg=62.14 10=6.36 25=32.64 50=44.58 75=85.18 90=115.90 95=159.74 99=243.20 99.9=968.19 99.99=2267.14] [UPDATE: Count=377804 Max=25083.90 Min=6.49 Avg=71.69 10=13.74 25=39.07 50=52.38 75=93.25 90=125.63 95=171.39 99=262.14 99.9=1074.17 99.99=3074.05]
2025-04-23 02:35:44 66 sec: 779331 operations; [READ: Count=389797 Max=5812.22 Min=1.98 Avg=61.38 10=6.35 25=32.53 50=43.30 75=84.54 90=114.50 95=157.95 99=242.30 99.9=956.93 99.99=2236.41] [UPDATE: Count=389534 Max=25083.90 Min=6.49 Avg=70.91 10=13.71 25=38.91 50=51.42 75=92.67 90=124.22 95=169.60 99=260.74 99.9=1052.67 99.99=2803.71]
2025-04-23 02:35:45 67 sec: 801173 operations; [READ: Count=400639 Max=5812.22 Min=1.98 Avg=60.83 10=6.30 25=32.40 50=42.11 75=83.97 90=113.47 95=156.67 99=242.43 99.9=976.89 99.99=2234.37] [UPDATE: Count=400534 Max=25083.90 Min=6.49 Avg=70.30 10=13.62 25=38.75 50=50.46 75=92.09 90=123.07 95=168.32 99=260.99 99.9=1060.86 99.99=3063.81]
2025-04-23 02:35:46 68 sec: 825014 operations; [READ: Count=412547 Max=5812.22 Min=1.98 Avg=60.15 10=6.26 25=32.27 50=40.93 75=83.20 90=112.32 95=155.01 99=241.66 99.9=984.58 99.99=2217.98] [UPDATE: Count=412467 Max=25083.90 Min=6.49 Avg=69.57 10=13.52 25=38.56 50=49.50 75=91.39 90=121.86 95=166.66 99=260.10 99.9=1071.10 99.99=3063.81]
2025-04-23 02:35:47 69 sec: 851052 operations; [READ: Count=425468 Max=5812.22 Min=1.98 Avg=59.33 10=6.23 25=32.13 50=39.94 75=82.30 90=111.04 95=152.96 99=240.38 99.9=969.73 99.99=2213.89] [UPDATE: Count=425584 Max=25083.90 Min=6.49 Avg=68.72 10=13.42 25=38.37 50=48.54 75=90.56 90=120.64 95=164.99 99=258.81 99.9=1044.99 99.99=2772.99]
2025-04-23 02:35:48 70 sec: 877224 operations; [READ: Count=438535 Max=5812.22 Min=1.98 Avg=58.54 10=6.20 25=31.98 50=39.20 75=81.28 90=109.95 95=150.91 99=239.23 99.9=957.95 99.99=2213.89] [UPDATE: Count=438689 Max=25083.90 Min=6.49 Avg=67.92 10=13.37 25=38.17 50=47.77 75=89.73 90=119.49 95=163.20 99=257.79 99.9=1032.19 99.99=2721.79]
2025-04-23 02:35:49 71 sec: 902163 operations; [READ: Count=450909 Max=5812.22 Min=1.98 Avg=57.87 10=6.17 25=31.82 50=38.66 75=80.38 90=109.18 95=149.63 99=239.10 99.9=946.69 99.99=2209.79] [UPDATE: Count=451254 Max=25083.90 Min=6.49 Avg=67.26 10=13.31 25=37.98 50=47.17 75=88.77 90=118.72 95=162.05 99=258.05 99.9=1018.88 99.99=2693.12]
2025-04-23 02:35:50 72 sec: 923190 operations; [READ: Count=461373 Max=5812.22 Min=1.98 Avg=57.49 10=6.21 25=31.73 50=38.66 75=79.55 90=108.67 95=148.74 99=239.36 99.9=944.13 99.99=2207.74] [UPDATE: Count=461817 Max=25083.90 Min=6.24 Avg=66.92 10=13.36 25=37.85 50=47.10 75=87.94 90=118.21 95=161.28 99=259.33 99.9=1012.22 99.99=2693.12]
2025-04-23 02:35:51 73 sec: 940972 operations; [READ: Count=470266 Max=5812.22 Min=1.98 Avg=57.32 10=6.25 25=31.63 50=38.75 75=78.78 90=108.35 95=147.97 99=240.64 99.9=950.78 99.99=2207.74] [UPDATE: Count=470706 Max=25083.90 Min=6.24 Avg=66.83 10=13.42 25=37.76 50=47.13 75=87.23 90=117.89 95=160.77 99=262.40 99.9=1017.34 99.99=2803.71]
2025-04-23 02:35:52 74 sec: 965384 operations; [READ: Count=482465 Max=5812.22 Min=1.98 Avg=56.76 10=6.29 25=31.47 50=38.72 75=77.69 90=107.65 95=146.30 99=239.62 99.9=939.52 99.99=2205.70] [UPDATE: Count=482919 Max=25083.90 Min=6.24 Avg=66.28 10=13.47 25=37.57 50=47.01 75=86.14 90=117.18 95=159.49 99=261.25 99.9=1008.64 99.99=2772.99]
2025-04-23 02:35:53 75 sec: 990769 operations; [READ: Count=495311 Max=5812.22 Min=1.98 Avg=56.17 10=6.33 25=31.30 50=38.62 75=76.48 90=107.01 95=144.90 99=238.97 99.9=929.79 99.99=2197.50] [UPDATE: Count=495458 Max=25083.90 Min=6.24 Avg=65.69 10=13.49 25=37.38 50=46.81 75=84.86 90=116.48 95=157.95 99=260.48 99.9=1003.01 99.99=2693.12]
2025-04-23 02:35:54 76 sec: 1000000 operations; [READ: Count=499942 Max=5812.22 Min=1.98 Avg=55.96 10=6.33 25=31.21 50=38.59 75=75.97 90=106.81 95=144.25 99=238.72 99.9=928.25 99.99=2197.50] [UPDATE: Count=500058 Max=25083.90 Min=6.24 Avg=65.49 10=13.51 25=37.28 50=46.75 75=84.42 90=116.22 95=157.44 99=260.35 99.9=996.86 99.99=2693.12]
2025-04-23 02:35:55 77 sec: 1000000 operations; [READ: Count=499942 Max=5812.22 Min=1.98 Avg=55.96 10=6.33 25=31.21 50=38.59 75=75.97 90=106.81 95=144.25 99=238.72 99.9=928.25 99.99=2197.50] [UPDATE: Count=500058 Max=25083.90 Min=6.24 Avg=65.49 10=13.51 25=37.28 50=46.75 75=84.42 90=116.22 95=157.44 99=260.35 99.9=996.86 99.99=2693.12]
2025-04-23 02:35:56 78 sec: 1000000 operations; [READ: Count=499942 Max=5812.22 Min=1.98 Avg=55.96 10=6.33 25=31.21 50=38.59 75=75.97 90=106.81 95=144.25 99=238.72 99.9=928.25 99.99=2197.50] [UPDATE: Count=500058 Max=25083.90 Min=6.24 Avg=65.49 10=13.51 25=37.28 50=46.75 75=84.42 90=116.22 95=157.44 99=260.35 99.9=996.86 99.99=2693.12]
2025-04-23 02:35:56 78 sec: 1000000 operations; [READ: Count=499942 Max=5812.22 Min=1.98 Avg=55.96 10=6.33 25=31.21 50=38.59 75=75.97 90=106.81 95=144.25 99=238.72 99.9=928.25 99.99=2197.50] [UPDATE: Count=500058 Max=25083.90 Min=6.24 Avg=65.49 10=13.51 25=37.28 50=46.75 75=84.42 90=116.22 95=157.44 99=260.35 99.9=996.86 99.99=2693.12]
Run runtime(sec): 78.0555
Run operations(ops): 1000000
Run throughput(ops/sec): 12811.4
