Running scope as unit: run-red3d144ad5564a64bad15688352ddb84.scope
load file:/home/user/DataFiles/silesia_data/silesia.tar
2025-04-22 06:24:49 0 sec: 0 operations;
2025-04-22 06:24:50 1 sec: 44246 operations; [INSERT: Count=44246 Max=2164.74 Min=4.31 Avg=18.38 10=5.78 25=6.56 50=9.34 75=25.45 90=43.84 95=55.68 99=78.40 99.9=122.75 99.99=296.70]
2025-04-22 06:24:51 2 sec: 69535 operations; [INSERT: Count=69535 Max=2164.74 Min=4.31 Avg=24.89 10=6.02 25=8.15 50=19.84 75=36.03 90=52.67 95=63.10 99=83.90 99.9=123.84 99.99=279.81]
2025-04-22 06:24:52 3 sec: 95987 operations; [INSERT: Count=95987 Max=2164.74 Min=4.31 Avg=27.55 10=6.33 25=9.87 50=24.05 75=38.72 90=54.37 95=64.29 99=84.73 99.9=123.20 99.99=278.53]
2025-04-22 06:24:53 4 sec: 122812 operations; [INSERT: Count=122812 Max=2164.74 Min=4.31 Avg=28.96 10=6.82 25=13.22 50=25.79 75=39.77 90=54.91 95=64.51 99=84.22 99.9=124.93 99.99=282.37]
2025-04-22 06:24:54 5 sec: 150233 operations; [INSERT: Count=150233 Max=2164.74 Min=4.31 Avg=29.73 10=7.60 25=15.49 50=26.67 75=40.22 90=54.98 95=64.35 99=83.78 99.9=126.91 99.99=281.86]
2025-04-22 06:24:55 6 sec: 179845 operations; [INSERT: Count=179845 Max=6676.48 Min=4.31 Avg=29.85 10=8.26 25=16.50 50=26.77 75=39.81 90=54.08 95=63.33 99=82.30 99.9=123.45 99.99=288.51]
2025-04-22 06:24:56 7 sec: 209269 operations; [INSERT: Count=209269 Max=6676.48 Min=4.31 Avg=29.97 10=8.91 25=17.12 50=26.88 75=39.62 90=53.57 95=62.75 99=81.41 99.9=119.23 99.99=286.72]
2025-04-22 06:24:57 8 sec: 238459 operations; [INSERT: Count=238459 Max=6676.48 Min=4.31 Avg=30.09 10=9.56 25=17.55 50=27.01 75=39.52 90=53.25 95=62.27 99=80.64 99.9=117.12 99.99=282.62]
2025-04-22 06:24:58 9 sec: 267721 operations; [INSERT: Count=267721 Max=6676.48 Min=4.31 Avg=30.18 10=10.35 25=17.86 50=27.09 75=39.42 90=52.96 95=61.85 99=80.06 99.9=117.12 99.99=281.86]
2025-04-22 06:24:59 10 sec: 297090 operations; [INSERT: Count=297090 Max=6676.48 Min=4.31 Avg=30.24 10=11.02 25=18.08 50=27.15 75=39.33 90=52.70 95=61.50 99=79.55 99.9=115.14 99.99=281.86]
2025-04-22 06:25:00 11 sec: 325815 operations; [INSERT: Count=325815 Max=6676.48 Min=4.31 Avg=30.35 10=11.57 25=18.29 50=27.25 75=39.33 90=52.61 95=61.34 99=79.30 99.9=115.14 99.99=282.88]
2025-04-22 06:25:01 12 sec: 352784 operations; [INSERT: Count=352784 Max=6676.48 Min=4.31 Avg=30.61 10=12.02 25=18.56 50=27.50 75=39.62 90=52.90 95=61.66 99=79.55 99.9=113.53 99.99=282.88]
2025-04-22 06:25:02 13 sec: 377717 operations; [INSERT: Count=377717 Max=6676.48 Min=4.31 Avg=31.02 10=12.42 25=18.86 50=27.87 75=40.06 90=53.53 95=62.46 99=80.58 99.9=113.73 99.99=283.39]
2025-04-22 06:25:03 14 sec: 401754 operations; [INSERT: Count=401754 Max=6676.48 Min=4.31 Avg=31.46 10=12.76 25=19.14 50=28.25 75=40.61 90=54.24 95=63.26 99=81.86 99.9=115.26 99.99=289.54]
2025-04-22 06:25:04 15 sec: 424217 operations; [INSERT: Count=424217 Max=6676.48 Min=4.31 Avg=31.98 10=13.04 25=19.41 50=28.64 75=41.15 90=55.07 95=64.35 99=83.97 99.9=123.65 99.99=321.02]
2025-04-22 06:25:05 16 sec: 444974 operations; [INSERT: Count=444974 Max=6676.48 Min=4.31 Avg=32.58 10=13.29 25=19.68 50=29.07 75=41.82 90=56.09 95=65.79 99=86.46 99.9=131.84 99.99=350.21]
2025-04-22 06:25:06 17 sec: 464820 operations; [INSERT: Count=464820 Max=9953.28 Min=4.31 Avg=33.20 10=13.47 25=19.90 50=29.41 75=42.43 90=57.15 95=67.26 99=89.86 99.9=150.53 99.99=477.44]
2025-04-22 06:25:07 18 sec: 484003 operations; [INSERT: Count=484003 Max=9953.28 Min=4.31 Avg=33.82 10=13.67 25=20.16 50=29.86 75=43.17 90=58.40 95=69.06 99=93.31 99.9=153.98 99.99=491.52]
2025-04-22 06:25:08 19 sec: 502307 operations; [INSERT: Count=502307 Max=9953.28 Min=4.31 Avg=34.46 10=13.86 25=20.41 50=30.32 75=43.94 90=59.68 95=70.91 99=96.70 99.9=154.37 99.99=491.52]
2025-04-22 06:25:09 20 sec: 520369 operations; [INSERT: Count=520369 Max=9953.28 Min=4.31 Avg=35.07 10=14.05 25=20.66 50=30.73 75=44.64 90=60.93 95=72.64 99=99.78 99.9=159.62 99.99=596.48]
2025-04-22 06:25:10 21 sec: 538867 operations; [INSERT: Count=538867 Max=9953.28 Min=4.31 Avg=35.60 10=14.22 25=20.89 50=31.14 75=45.25 90=61.98 95=74.11 99=101.95 99.9=163.58 99.99=722.94]
2025-04-22 06:25:11 22 sec: 557758 operations; [INSERT: Count=557758 Max=9953.28 Min=4.31 Avg=36.08 10=14.39 25=21.10 50=31.49 75=45.82 90=62.94 95=75.39 99=103.61 99.9=169.09 99.99=722.94]
2025-04-22 06:25:12 23 sec: 577436 operations; [INSERT: Count=577436 Max=9953.28 Min=4.31 Avg=36.47 10=14.54 25=21.30 50=31.77 75=46.30 90=63.68 95=76.35 99=104.83 99.9=175.23 99.99=776.70]
2025-04-22 06:25:13 24 sec: 599890 operations; [INSERT: Count=599890 Max=9953.28 Min=4.31 Avg=36.65 10=14.67 25=21.41 50=31.93 75=46.53 90=63.97 95=76.61 99=104.96 99.9=178.05 99.99=785.92]
2025-04-22 06:25:14 25 sec: 627335 operations; [INSERT: Count=627335 Max=9953.28 Min=4.31 Avg=36.50 10=14.69 25=21.34 50=31.79 75=46.27 90=63.58 95=76.16 99=104.45 99.9=182.14 99.99=798.72]
2025-04-22 06:25:15 26 sec: 655340 operations; [INSERT: Count=655340 Max=9953.28 Min=4.31 Avg=36.33 10=14.72 25=21.30 50=31.65 75=46.05 90=63.20 95=75.58 99=103.81 99.9=179.58 99.99=776.70]
2025-04-22 06:25:16 27 sec: 681190 operations; [INSERT: Count=681190 Max=9953.28 Min=4.31 Avg=36.29 10=14.79 25=21.33 50=31.65 75=45.98 90=63.04 95=75.33 99=103.30 99.9=177.66 99.99=770.05]
2025-04-22 06:25:17 28 sec: 706152 operations; [INSERT: Count=706152 Max=9953.28 Min=4.31 Avg=36.31 10=14.88 25=21.38 50=31.68 75=46.02 90=63.01 95=75.20 99=102.91 99.9=175.87 99.99=747.01]
2025-04-22 06:25:18 29 sec: 730649 operations; [INSERT: Count=730649 Max=9953.28 Min=4.31 Avg=36.35 10=14.94 25=21.41 50=31.73 75=46.05 90=63.01 95=75.14 99=102.72 99.9=176.38 99.99=782.85]
2025-04-22 06:25:19 30 sec: 789142 operations; [INSERT: Count=789142 Max=9953.28 Min=4.31 Avg=34.68 10=12.41 25=19.42 50=30.09 75=44.64 90=61.70 95=73.86 99=101.57 99.9=170.88 99.99=798.72]
2025-04-22 06:25:20 31 sec: 855763 operations; [INSERT: Count=855763 Max=9953.28 Min=4.31 Avg=32.90 10=10.38 25=17.09 50=28.19 75=43.07 90=60.26 95=72.45 99=100.29 99.9=164.09 99.99=770.05]
2025-04-22 06:25:21 32 sec: 924012 operations; [INSERT: Count=924012 Max=9953.28 Min=4.16 Avg=31.31 10=9.35 25=15.05 50=26.35 75=41.53 90=58.88 95=71.17 99=99.20 99.9=160.25 99.99=767.49]
2025-04-22 06:25:22 33 sec: 971109 operations; [INSERT: Count=971109 Max=9953.28 Min=4.16 Avg=30.66 10=9.27 25=14.57 50=25.49 75=40.67 90=58.02 95=70.33 99=98.56 99.9=160.25 99.99=747.01]
2025-04-22 06:25:23 34 sec: 1000000 operations; [INSERT: Count=1000000 Max=9953.28 Min=4.16 Avg=30.37 10=9.30 25=14.42 50=25.09 75=40.19 90=57.53 95=69.89 99=98.24 99.9=161.53 99.99=770.05]
2025-04-22 06:25:23 34 sec: 1000000 operations; [INSERT: Count=1000000 Max=9953.28 Min=4.16 Avg=30.37 10=9.30 25=14.42 50=25.09 75=40.19 90=57.53 95=69.89 99=98.24 99.9=161.53 99.99=770.05]
Load runtime(sec): 34.1508
Load operations(ops): 1000000
Load throughput(ops/sec): 29281.9
