Running scope as unit: run-rd0a0b7857cc74a19a4b2d138fdf838d1.scope
load file:/home/user/DataFiles/silesia_data/silesia.tar
2025-04-22 06:24:49 0 sec: 0 operations;
2025-04-22 06:24:50 1 sec: 46418 operations; [INSERT: Count=46418 Max=2183.17 Min=4.22 Avg=17.52 10=5.36 25=6.25 50=8.86 75=23.95 90=42.17 95=53.79 99=76.09 99.9=137.09 99.99=294.91]
2025-04-22 06:24:51 2 sec: 72465 operations; [INSERT: Count=72465 Max=2183.17 Min=4.22 Avg=23.85 10=5.71 25=7.60 50=18.62 75=34.62 90=51.07 95=61.25 99=81.22 99.9=127.68 99.99=287.74]
2025-04-22 06:24:52 3 sec: 99730 operations; [INSERT: Count=99730 Max=2183.17 Min=4.22 Avg=26.46 10=6.03 25=9.32 50=22.93 75=37.41 90=52.58 95=62.27 99=81.47 99.9=118.08 99.99=284.93]
2025-04-22 06:24:53 4 sec: 127393 operations; [INSERT: Count=127393 Max=2183.17 Min=4.22 Avg=27.85 10=6.42 25=12.57 50=24.73 75=38.49 90=53.09 95=62.49 99=81.22 99.9=119.17 99.99=280.57]
2025-04-22 06:24:54 5 sec: 155938 operations; [INSERT: Count=155938 Max=2183.17 Min=4.22 Avg=28.57 10=7.01 25=14.77 50=25.54 75=38.88 90=53.09 95=62.27 99=80.64 99.9=117.25 99.99=280.57]
2025-04-22 06:24:55 6 sec: 186533 operations; [INSERT: Count=186533 Max=6619.14 Min=4.22 Avg=28.70 10=7.70 25=15.76 50=25.65 75=38.43 90=52.19 95=61.22 99=79.42 99.9=114.88 99.99=281.34]
2025-04-22 06:24:56 7 sec: 217277 operations; [INSERT: Count=217277 Max=6619.14 Min=4.22 Avg=28.78 10=8.39 25=16.34 50=25.73 75=38.14 90=51.62 95=60.48 99=78.40 99.9=113.34 99.99=281.09]
2025-04-22 06:24:57 8 sec: 247690 operations; [INSERT: Count=247690 Max=6619.14 Min=4.22 Avg=28.88 10=9.10 25=16.73 50=25.86 75=38.05 90=51.23 95=59.94 99=77.82 99.9=111.61 99.99=278.78]
2025-04-22 06:24:58 9 sec: 278316 operations; [INSERT: Count=278316 Max=6619.14 Min=4.22 Avg=28.93 10=9.85 25=17.01 50=25.90 75=37.89 90=50.91 95=59.49 99=77.06 99.9=111.04 99.99=278.78]
2025-04-22 06:24:59 10 sec: 308865 operations; [INSERT: Count=308865 Max=6619.14 Min=4.22 Avg=28.99 10=10.60 25=17.23 50=25.95 75=37.79 90=50.69 95=59.17 99=76.54 99.9=110.46 99.99=278.01]
2025-04-22 06:25:00 11 sec: 338766 operations; [INSERT: Count=338766 Max=6619.14 Min=4.22 Avg=29.09 10=11.13 25=17.42 50=26.03 75=37.79 90=50.59 95=59.01 99=76.29 99.9=110.27 99.99=278.78]
2025-04-22 06:25:01 12 sec: 366525 operations; [INSERT: Count=366525 Max=6619.14 Min=4.22 Avg=29.36 10=11.57 25=17.66 50=26.29 75=38.08 90=50.91 95=59.30 99=76.54 99.9=109.57 99.99=281.34]
2025-04-22 06:25:02 13 sec: 392455 operations; [INSERT: Count=392455 Max=6619.14 Min=4.22 Avg=29.75 10=11.94 25=17.93 50=26.64 75=38.53 90=51.49 95=60.03 99=77.50 99.9=110.46 99.99=294.91]
2025-04-22 06:25:03 14 sec: 417333 operations; [INSERT: Count=417333 Max=6619.14 Min=4.22 Avg=30.18 10=12.26 25=18.22 50=27.02 75=39.07 90=52.19 95=60.90 99=78.66 99.9=110.85 99.99=295.42]
2025-04-22 06:25:04 15 sec: 440499 operations; [INSERT: Count=440499 Max=6619.14 Min=4.22 Avg=30.69 10=12.54 25=18.48 50=27.39 75=39.62 90=53.02 95=61.92 99=80.64 99.9=118.53 99.99=338.18]
2025-04-22 06:25:05 16 sec: 462278 operations; [INSERT: Count=462278 Max=8790.01 Min=4.22 Avg=31.25 10=12.75 25=18.70 50=27.76 75=40.22 90=53.92 95=63.20 99=83.07 99.9=127.87 99.99=361.98]
2025-04-22 06:25:06 17 sec: 482995 operations; [INSERT: Count=482995 Max=8790.01 Min=4.22 Avg=31.84 10=12.93 25=18.89 50=28.11 75=40.80 90=54.91 95=64.64 99=86.59 99.9=148.74 99.99=450.81]
2025-04-22 06:25:07 18 sec: 502299 operations; [INSERT: Count=502299 Max=8790.01 Min=4.22 Avg=32.48 10=13.11 25=19.14 50=28.56 75=41.53 90=56.22 95=66.50 99=90.43 99.9=153.85 99.99=496.89]
2025-04-22 06:25:08 19 sec: 522197 operations; [INSERT: Count=522197 Max=8790.01 Min=4.22 Avg=33.01 10=13.29 25=19.38 50=28.96 75=42.17 90=57.28 95=67.97 99=93.44 99.9=153.85 99.99=496.89]
2025-04-22 06:25:09 20 sec: 553829 operations; [INSERT: Count=553829 Max=8790.01 Min=4.22 Avg=32.74 10=13.34 25=19.26 50=28.69 75=41.73 90=56.67 95=67.33 99=92.67 99.9=152.32 99.99=504.83]
2025-04-22 06:25:10 21 sec: 585061 operations; [INSERT: Count=585061 Max=8790.01 Min=4.22 Avg=32.53 10=13.41 25=19.18 50=28.46 75=41.38 90=56.19 95=66.75 99=91.90 99.9=151.29 99.99=505.09]
2025-04-22 06:25:11 22 sec: 622308 operations; [INSERT: Count=622308 Max=8790.01 Min=4.22 Avg=31.99 10=13.25 25=18.78 50=27.82 75=40.61 90=55.36 95=65.98 99=91.26 99.9=165.89 99.99=545.28]
2025-04-22 06:25:12 23 sec: 661213 operations; [INSERT: Count=661213 Max=8790.01 Min=4.22 Avg=31.43 10=13.04 25=18.34 50=27.18 75=39.77 90=54.53 95=65.15 99=90.50 99.9=173.44 99.99=601.60]
2025-04-22 06:25:13 24 sec: 699855 operations; [INSERT: Count=699855 Max=8790.01 Min=4.22 Avg=30.94 10=12.93 25=18.02 50=26.64 75=39.04 90=53.76 95=64.38 99=89.79 99.9=174.46 99.99=609.28]
2025-04-22 06:25:14 25 sec: 733020 operations; [INSERT: Count=733020 Max=8790.01 Min=4.22 Avg=30.75 10=12.97 25=17.97 50=26.46 75=38.72 90=53.31 95=63.90 99=89.28 99.9=177.41 99.99=639.49]
2025-04-22 06:25:15 26 sec: 760068 operations; [INSERT: Count=760068 Max=8790.01 Min=4.22 Avg=30.85 10=13.09 25=18.09 50=26.62 75=38.85 90=53.38 95=63.84 99=88.83 99.9=174.34 99.99=624.13]
2025-04-22 06:25:16 27 sec: 786300 operations; [INSERT: Count=786300 Max=8790.01 Min=4.22 Avg=30.98 10=13.20 25=18.24 50=26.78 75=39.01 90=53.50 95=63.90 99=88.64 99.9=171.65 99.99=601.60]
2025-04-22 06:25:17 28 sec: 813795 operations; [INSERT: Count=813795 Max=8790.01 Min=4.22 Avg=31.05 10=13.30 25=18.35 50=26.89 75=39.10 90=53.50 95=63.81 99=88.32 99.9=167.55 99.99=570.37]
2025-04-22 06:25:18 29 sec: 855948 operations; [INSERT: Count=855948 Max=8790.01 Min=4.22 Avg=30.53 10=12.98 25=17.90 50=26.27 75=38.43 90=52.86 95=63.17 99=87.55 99.9=168.19 99.99=609.28]
2025-04-22 06:25:19 30 sec: 928363 operations; [INSERT: Count=928363 Max=8790.01 Min=4.22 Avg=28.97 10=10.73 25=16.14 50=24.73 75=37.12 90=51.65 95=62.02 99=86.40 99.9=163.07 99.99=638.46]
2025-04-22 06:25:20 31 sec: 1000000 operations; [INSERT: Count=1000000 Max=8790.01 Min=4.22 Avg=27.57 10=8.75 25=14.34 50=23.28 75=35.90 90=50.56 95=61.02 99=85.50 99.9=170.24 99.99=588.80]
2025-04-22 06:25:20 31 sec: 1000000 operations; [INSERT: Count=1000000 Max=8790.01 Min=4.22 Avg=27.57 10=8.75 25=14.34 50=23.28 75=35.90 90=50.56 95=61.02 99=85.50 99.9=170.24 99.99=588.80]
Load runtime(sec): 31.4217
Load operations(ops): 1000000
Load throughput(ops/sec): 31825.1
