Running scope as unit: run-r9e4c246bed474f96b6534a1861c87530.scope
load file:/home/user/DataFiles/silesia_data/silesia.tar
2025-04-19 13:32:09 0 sec: 0 operations;
2025-04-19 13:32:10 1 sec: 0 operations;
2025-04-19 13:32:11 2 sec: 0 operations;
2025-04-19 13:32:12 3 sec: 0 operations;
2025-04-19 13:32:13 4 sec: 0 operations;
2025-04-19 13:32:14 5 sec: 0 operations;
2025-04-19 13:32:15 6 sec: 0 operations;
2025-04-19 13:32:16 7 sec: 0 operations;
2025-04-19 13:32:17 8 sec: 0 operations;
2025-04-19 13:32:18 9 sec: 0 operations;
2025-04-19 13:32:19 10 sec: 0 operations;
2025-04-19 13:32:20 11 sec: 0 operations;
2025-04-19 13:32:21 12 sec: 0 operations;
2025-04-19 13:32:22 13 sec: 0 operations;
2025-04-19 13:32:23 14 sec: 0 operations;
2025-04-19 13:32:24 15 sec: 0 operations;
2025-04-19 13:32:25 16 sec: 0 operations;
2025-04-19 13:32:26 17 sec: 0 operations;
2025-04-19 13:32:27 18 sec: 0 operations;
2025-04-19 13:32:28 19 sec: 0 operations;
2025-04-19 13:32:29 20 sec: 0 operations;
2025-04-19 13:32:30 21 sec: 0 operations;
2025-04-19 13:32:31 22 sec: 0 operations;
2025-04-19 13:32:32 23 sec: 0 operations;
2025-04-19 13:32:33 24 sec: 0 operations;
2025-04-19 13:32:34 25 sec: 0 operations;
2025-04-19 13:32:35 26 sec: 0 operations;
2025-04-19 13:32:36 27 sec: 0 operations;
2025-04-19 13:32:37 28 sec: 0 operations;
2025-04-19 13:32:38 29 sec: 0 operations;
2025-04-19 13:32:39 30 sec: 0 operations;
2025-04-19 13:32:40 31 sec: 0 operations;
2025-04-19 13:32:41 32 sec: 0 operations;
2025-04-19 13:32:42 33 sec: 0 operations;
2025-04-19 13:32:43 34 sec: 0 operations;
2025-04-19 13:32:44 35 sec: 0 operations;
2025-04-19 13:32:45 36 sec: 0 operations;
2025-04-19 13:32:46 37 sec: 0 operations;
2025-04-19 13:32:47 38 sec: 0 operations;
2025-04-19 13:32:48 39 sec: 0 operations;
2025-04-19 13:32:49 40 sec: 0 operations;
2025-04-19 13:32:50 41 sec: 0 operations;
2025-04-19 13:32:51 42 sec: 0 operations;
2025-04-19 13:32:52 43 sec: 0 operations;
2025-04-19 13:32:53 44 sec: 0 operations;
2025-04-19 13:32:54 45 sec: 0 operations;
2025-04-19 13:32:55 46 sec: 0 operations;
2025-04-19 13:32:56 47 sec: 0 operations;
2025-04-19 13:32:57 48 sec: 0 operations;
2025-04-19 13:32:58 49 sec: 0 operations;
2025-04-19 13:32:59 50 sec: 0 operations;
2025-04-19 13:33:00 51 sec: 0 operations;
2025-04-19 13:33:01 52 sec: 0 operations;
2025-04-19 13:33:02 53 sec: 0 operations;
2025-04-19 13:33:03 54 sec: 0 operations;
2025-04-19 13:33:04 55 sec: 0 operations;
2025-04-19 13:33:05 56 sec: 0 operations;
2025-04-19 13:33:06 57 sec: 0 operations;
2025-04-19 13:33:07 58 sec: 0 operations;
2025-04-19 13:33:08 59 sec: 0 operations;
2025-04-19 13:33:09 60 sec: 0 operations;
2025-04-19 13:33:10 61 sec: 0 operations;
2025-04-19 13:33:11 62 sec: 0 operations;
2025-04-19 13:33:12 63 sec: 0 operations;
2025-04-19 13:33:13 64 sec: 439 operations; [READ: Count=290 Max=463.87 Min=9.54 Avg=43.23 10=11.73 25=19.23 50=23.52 75=39.01 90=99.33 95=104.96 99=149.38 99.9=463.87 99.99=463.87] [UPDATE: Count=149 Max=1272.83 Min=8.39 Avg=26.55 10=10.49 25=11.57 50=13.20 75=16.64 90=19.97 95=22.77 99=609.79 99.9=1272.83 99.99=1272.83]
2025-04-19 13:33:14 65 sec: 26164 operations; [READ: Count=17446 Max=4857.85 Min=2.97 Avg=48.45 10=16.57 25=22.69 50=29.34 75=43.65 90=102.59 95=111.74 99=277.76 99.9=1101.82 99.99=1595.39] [UPDATE: Count=8718 Max=1855.49 Min=7.30 Avg=17.12 10=11.21 25=12.38 50=14.11 75=16.98 90=19.89 95=22.30 99=34.72 99.9=633.86 99.99=1669.12]
2025-04-19 13:33:15 66 sec: 45525 operations; [READ: Count=30321 Max=4857.85 Min=2.97 Avg=53.13 10=17.50 25=23.92 50=30.93 75=45.02 90=104.58 95=114.37 99=302.85 99.9=2094.08 99.99=3362.82] [UPDATE: Count=15204 Max=16621.57 Min=7.30 Avg=24.07 10=11.47 25=12.86 50=15.05 75=18.11 90=21.41 95=24.19 99=43.17 99.9=1342.46 99.99=15278.08]
2025-04-19 13:33:16 67 sec: 73266 operations; [READ: Count=48852 Max=4857.85 Min=2.42 Avg=49.74 10=17.50 25=24.29 50=31.18 75=44.45 90=104.19 95=112.70 99=190.72 99.9=1607.68 99.99=3289.09] [UPDATE: Count=24414 Max=16621.57 Min=7.30 Avg=21.37 10=11.61 25=13.08 50=15.35 75=18.32 90=21.52 95=24.00 99=36.45 99.9=688.64 99.99=15278.08]
2025-04-19 13:33:17 68 sec: 99610 operations; [READ: Count=66453 Max=4857.85 Min=2.42 Avg=49.02 10=17.49 25=24.51 50=31.34 75=44.03 90=103.87 95=112.45 99=208.00 99.9=1400.83 99.99=2922.49] [UPDATE: Count=33157 Max=16621.57 Min=7.30 Avg=20.22 10=11.70 25=13.24 50=15.56 75=18.48 90=21.74 95=24.19 99=34.46 99.9=553.98 99.99=11427.84]
2025-04-19 13:33:18 69 sec: 126511 operations; [READ: Count=84384 Max=4857.85 Min=2.42 Avg=48.44 10=17.20 25=24.50 50=31.26 75=43.49 90=103.42 95=112.13 99=237.57 99.9=1256.45 99.99=2891.78] [UPDATE: Count=42127 Max=16621.57 Min=7.17 Avg=19.41 10=11.63 25=13.15 50=15.43 75=18.35 90=21.60 95=24.02 99=33.50 99.9=494.85 99.99=7196.67]
2025-04-19 13:33:19 70 sec: 155133 operations; [READ: Count=103463 Max=4857.85 Min=2.42 Avg=47.34 10=17.14 25=24.61 50=31.45 75=43.23 90=102.85 95=111.55 99=208.38 99.9=1098.75 99.99=2750.46] [UPDATE: Count=51670 Max=16621.57 Min=7.17 Avg=18.99 10=11.70 25=13.24 50=15.56 75=18.46 90=21.73 95=24.08 99=33.05 99.9=472.57 99.99=6496.26]
2025-04-19 13:33:20 71 sec: 180312 operations; [READ: Count=120175 Max=4857.85 Min=2.42 Avg=47.65 10=16.99 25=24.59 50=31.42 75=42.81 90=102.21 95=111.30 99=279.55 99.9=1046.02 99.99=2562.05] [UPDATE: Count=60137 Max=16621.57 Min=7.06 Avg=18.80 10=11.67 25=13.21 50=15.54 75=18.41 90=21.68 95=24.00 99=32.62 99.9=448.51 99.99=6496.26]
2025-04-19 13:33:21 72 sec: 211608 operations; [READ: Count=141075 Max=4857.85 Min=2.42 Avg=46.32 10=16.67 25=24.46 50=31.25 75=42.34 90=101.25 95=110.27 99=236.80 99.9=979.46 99.99=2471.93] [UPDATE: Count=70533 Max=16621.57 Min=6.74 Avg=18.38 10=11.59 25=13.10 50=15.38 75=18.27 90=21.47 95=23.77 99=32.16 99.9=420.61 99.99=5509.12]
2025-04-19 13:33:22 73 sec: 240908 operations; [READ: Count=160631 Max=4857.85 Min=2.42 Avg=45.81 10=16.31 25=24.25 50=31.05 75=41.95 90=100.73 95=109.76 99=223.62 99.9=959.49 99.99=2396.16] [UPDATE: Count=80277 Max=16621.57 Min=6.74 Avg=18.06 10=11.51 25=12.97 50=15.18 75=18.09 90=21.23 95=23.55 99=31.70 99.9=398.59 99.99=4145.15]
2025-04-19 13:33:23 74 sec: 267792 operations; [READ: Count=178568 Max=4857.85 Min=2.42 Avg=45.94 10=16.05 25=24.09 50=30.85 75=41.76 90=100.35 95=109.44 99=244.74 99.9=991.74 99.99=2328.57] [UPDATE: Count=89224 Max=16621.57 Min=6.74 Avg=17.75 10=11.45 25=12.87 50=15.02 75=17.93 90=21.02 95=23.36 99=31.36 99.9=387.84 99.99=3469.31]
2025-04-19 13:33:24 75 sec: 295102 operations; [READ: Count=196778 Max=4857.85 Min=2.34 Avg=45.87 10=15.87 25=24.06 50=30.86 75=41.92 90=100.73 95=109.69 99=237.82 99.9=959.49 99.99=2299.90] [UPDATE: Count=98324 Max=16621.57 Min=6.67 Avg=17.66 10=11.46 25=12.91 50=15.07 75=17.97 90=21.05 95=23.36 99=31.18 99.9=381.18 99.99=2408.45]
2025-04-19 13:33:25 76 sec: 316245 operations; [READ: Count=210887 Max=4857.85 Min=2.30 Avg=46.89 10=15.72 25=24.06 50=30.93 75=42.17 90=101.25 95=110.27 99=272.64 99.9=1046.02 99.99=2312.19] [UPDATE: Count=105358 Max=16621.57 Min=6.67 Avg=17.61 10=11.47 25=12.93 50=15.09 75=17.98 90=21.07 95=23.36 99=31.18 99.9=381.18 99.99=2398.21]
2025-04-19 13:33:26 77 sec: 337348 operations; [READ: Count=224990 Max=4857.85 Min=2.30 Avg=47.80 10=15.55 25=24.06 50=31.05 75=42.62 90=101.76 95=110.78 99=278.27 99.9=1122.30 99.99=2545.66] [UPDATE: Count=112358 Max=16621.57 Min=6.67 Avg=17.55 10=11.46 25=12.93 50=15.09 75=17.98 90=21.05 95=23.36 99=31.23 99.9=371.71 99.99=2398.21]
2025-04-19 13:33:27 78 sec: 357788 operations; [READ: Count=238632 Max=4857.85 Min=2.30 Avg=48.67 10=15.44 25=24.11 50=31.31 75=43.39 90=102.46 95=111.94 99=283.13 99.9=1119.23 99.99=2471.93] [UPDATE: Count=119156 Max=16621.57 Min=6.67 Avg=17.57 10=11.49 25=12.97 50=15.18 75=18.09 90=21.20 95=23.49 99=31.21 99.9=365.57 99.99=2029.57]
2025-04-19 13:33:28 79 sec: 373681 operations; [READ: Count=249236 Max=4857.85 Min=2.30 Avg=50.18 10=15.35 25=24.14 50=31.52 75=44.03 90=103.10 95=113.28 99=319.74 99.9=1231.87 99.99=2441.22] [UPDATE: Count=124445 Max=16621.57 Min=6.67 Avg=17.58 10=11.49 25=12.99 50=15.20 75=18.13 90=21.25 95=23.54 99=31.34 99.9=368.89 99.99=2029.57]
2025-04-19 13:33:29 80 sec: 392667 operations; [READ: Count=261811 Max=4857.85 Min=2.30 Avg=51.02 10=15.27 25=24.21 50=31.82 75=44.90 90=103.81 95=114.75 99=329.47 99.9=1212.41 99.99=2420.74] [UPDATE: Count=130856 Max=16621.57 Min=6.67 Avg=17.71 10=11.52 25=13.04 50=15.29 75=18.24 90=21.41 95=23.73 99=31.55 99.9=371.71 99.99=2398.21]
2025-04-19 13:33:30 81 sec: 412816 operations; [READ: Count=275311 Max=5144.57 Min=2.30 Avg=51.62 10=15.14 25=24.25 50=32.11 75=45.63 90=104.38 95=115.90 99=333.82 99.9=1200.13 99.99=2420.74] [UPDATE: Count=137505 Max=16621.57 Min=6.67 Avg=17.77 10=11.54 25=13.09 50=15.38 75=18.32 90=21.55 95=23.87 99=31.92 99.9=371.71 99.99=2134.01]
2025-04-19 13:33:31 82 sec: 429359 operations; [READ: Count=286358 Max=5144.57 Min=2.30 Avg=52.68 10=15.03 25=24.29 50=32.29 75=46.11 90=104.83 95=117.18 99=354.81 99.9=1280.00 99.99=2562.05] [UPDATE: Count=143001 Max=16621.57 Min=6.67 Avg=17.85 10=11.55 25=13.11 50=15.43 75=18.38 90=21.65 95=24.00 99=32.17 99.9=383.49 99.99=2398.21]
2025-04-19 13:33:32 83 sec: 452190 operations; [READ: Count=301599 Max=5144.57 Min=2.30 Avg=52.80 10=14.87 25=24.32 50=32.53 75=46.66 90=105.22 95=118.14 99=352.00 99.9=1258.49 99.99=2551.81] [UPDATE: Count=150591 Max=16621.57 Min=6.67 Avg=17.88 10=11.57 25=13.15 50=15.49 75=18.46 90=21.74 95=24.16 99=32.46 99.9=381.18 99.99=2258.94]
2025-04-19 13:33:33 84 sec: 473871 operations; [READ: Count=316079 Max=5144.57 Min=2.30 Avg=53.08 10=14.62 25=24.25 50=32.54 75=46.66 90=105.22 95=118.78 99=361.73 99.9=1270.78 99.99=2529.28] [UPDATE: Count=157792 Max=16621.57 Min=6.67 Avg=17.88 10=11.55 25=13.13 50=15.49 75=18.45 90=21.73 95=24.14 99=32.59 99.9=382.21 99.99=2398.21]
2025-04-19 13:33:34 85 sec: 500225 operations; [READ: Count=333679 Max=5144.57 Min=2.30 Avg=52.76 10=14.36 25=24.21 50=32.59 75=46.69 90=105.09 95=118.78 99=356.35 99.9=1252.35 99.99=2471.93] [UPDATE: Count=166546 Max=16621.57 Min=6.67 Avg=17.84 10=11.54 25=13.13 50=15.48 75=18.45 90=21.71 95=24.13 99=32.66 99.9=377.60 99.99=2258.94]
2025-04-19 13:33:35 86 sec: 524126 operations; [READ: Count=349633 Max=5144.57 Min=2.30 Avg=52.73 10=14.19 25=24.25 50=32.90 75=47.20 90=105.22 95=119.10 99=353.54 99.9=1234.94 99.99=2420.74] [UPDATE: Count=174493 Max=16621.57 Min=6.62 Avg=17.88 10=11.55 25=13.18 50=15.55 75=18.53 90=21.82 95=24.22 99=32.83 99.9=377.60 99.99=2258.94]
2025-04-19 13:33:36 87 sec: 543807 operations; [READ: Count=362773 Max=5144.57 Min=2.30 Avg=53.12 10=14.05 25=24.27 50=33.09 75=47.49 90=105.22 95=119.55 99=361.73 99.9=1275.90 99.99=2471.93] [UPDATE: Count=181034 Max=16621.57 Min=6.62 Avg=18.06 10=11.57 25=13.21 50=15.62 75=18.59 90=21.90 95=24.32 99=33.12 99.9=368.89 99.99=2408.45]
2025-04-19 13:33:37 88 sec: 572387 operations; [READ: Count=381768 Max=5144.57 Min=2.30 Avg=52.61 10=13.70 25=24.22 50=33.09 75=47.23 90=104.89 95=118.97 99=355.84 99.9=1262.59 99.99=2441.22] [UPDATE: Count=190619 Max=16621.57 Min=6.62 Avg=18.01 10=11.54 25=13.21 50=15.62 75=18.57 90=21.87 95=24.29 99=33.09 99.9=365.31 99.99=2398.21]
2025-04-19 13:33:38 89 sec: 598540 operations; [READ: Count=399227 Max=5144.57 Min=2.30 Avg=52.37 10=13.36 25=24.19 50=33.12 75=47.01 90=104.64 95=118.72 99=357.89 99.9=1252.35 99.99=2420.74] [UPDATE: Count=199313 Max=16621.57 Min=6.62 Avg=18.00 10=11.54 25=13.23 50=15.65 75=18.59 90=21.89 95=24.27 99=33.05 99.9=355.58 99.99=2258.94]
2025-04-19 13:33:39 90 sec: 631098 operations; [READ: Count=420934 Max=5144.57 Min=2.30 Avg=51.59 10=12.86 25=24.06 50=32.99 75=46.46 90=104.06 95=117.76 99=348.42 99.9=1224.70 99.99=2420.74] [UPDATE: Count=210164 Max=16621.57 Min=6.62 Avg=17.89 10=11.48 25=13.17 50=15.56 75=18.51 90=21.79 95=24.19 99=32.96 99.9=340.74 99.99=2134.01]
2025-04-19 13:33:40 91 sec: 662441 operations; [READ: Count=441762 Max=5144.57 Min=2.30 Avg=50.96 10=12.38 25=23.97 50=32.93 75=46.08 90=103.61 95=117.06 99=342.27 99.9=1200.13 99.99=2396.16] [UPDATE: Count=220679 Max=16621.57 Min=6.62 Avg=17.84 10=11.46 25=13.17 50=15.57 75=18.51 90=21.76 95=24.16 99=32.83 99.9=324.86 99.99=2029.57]
2025-04-19 13:33:41 92 sec: 697100 operations; [READ: Count=464908 Max=5144.57 Min=2.30 Avg=50.14 10=11.82 25=23.76 50=32.69 75=45.50 90=103.04 95=116.22 99=334.85 99.9=1181.69 99.99=2328.57] [UPDATE: Count=232192 Max=16621.57 Min=6.62 Avg=17.72 10=11.38 25=13.10 50=15.47 75=18.41 90=21.66 95=24.06 99=32.70 99.9=308.48 99.99=1895.42]
2025-04-19 13:33:42 93 sec: 733139 operations; [READ: Count=488881 Max=5144.57 Min=2.30 Avg=49.30 10=11.20 25=23.50 50=32.37 75=44.83 90=102.33 95=115.39 99=330.24 99.9=1153.02 99.99=2299.90] [UPDATE: Count=244258 Max=16621.57 Min=6.54 Avg=17.61 10=11.29 25=12.99 50=15.34 75=18.30 90=21.55 95=23.95 99=32.64 99.9=300.29 99.99=2029.57]
2025-04-19 13:33:43 94 sec: 770374 operations; [READ: Count=513713 Max=5144.57 Min=2.30 Avg=48.45 10=10.65 25=23.25 50=32.09 75=44.22 90=101.63 95=114.69 99=324.35 99.9=1137.66 99.99=2299.90] [UPDATE: Count=256661 Max=16621.57 Min=6.51 Avg=17.49 10=11.20 25=12.91 50=15.23 75=18.19 90=21.44 95=23.84 99=32.51 99.9=300.29 99.99=1855.49]
2025-04-19 13:33:44 95 sec: 810870 operations; [READ: Count=540637 Max=5144.57 Min=2.30 Avg=47.47 10=10.17 25=22.93 50=31.79 75=43.58 90=100.80 95=113.73 99=314.37 99.9=1114.11 99.99=2258.94] [UPDATE: Count=270233 Max=16621.57 Min=6.42 Avg=17.35 10=11.10 25=12.83 50=15.13 75=18.09 90=21.33 95=23.73 99=32.29 99.9=294.14 99.99=1669.12]
2025-04-19 13:33:45 96 sec: 852425 operations; [READ: Count=568357 Max=5144.57 Min=2.30 Avg=46.51 10=9.71 25=22.59 50=31.47 75=42.91 90=99.97 95=112.83 99=304.38 99.9=1097.73 99.99=2238.46] [UPDATE: Count=284068 Max=16621.57 Min=6.42 Avg=17.22 10=10.99 25=12.75 50=15.03 75=17.98 90=21.23 95=23.65 99=32.13 99.9=290.56 99.99=1669.12]
2025-04-19 13:33:46 97 sec: 872881 operations; [READ: Count=582010 Max=5144.57 Min=2.30 Avg=46.98 10=9.50 25=22.57 50=31.65 75=43.71 90=99.71 95=112.64 99=303.36 99.9=1089.54 99.99=2236.41] [UPDATE: Count=290871 Max=16621.57 Min=6.35 Avg=17.09 10=10.80 25=12.63 50=14.92 75=17.90 90=21.15 95=23.57 99=32.02 99.9=288.00 99.99=1624.06]
2025-04-19 13:33:47 98 sec: 893828 operations; [READ: Count=596071 Max=5144.57 Min=2.30 Avg=47.39 10=9.29 25=22.53 50=31.82 75=44.54 90=99.45 95=112.38 99=301.82 99.9=1083.39 99.99=2211.84] [UPDATE: Count=297757 Max=16621.57 Min=6.31 Avg=16.97 10=10.61 25=12.50 50=14.81 75=17.82 90=21.09 95=23.50 99=31.92 99.9=287.23 99.99=1624.06]
2025-04-19 13:33:48 99 sec: 916790 operations; [READ: Count=611308 Max=5144.57 Min=2.30 Avg=47.68 10=9.07 25=22.46 50=31.97 75=45.41 90=99.01 95=112.06 99=297.98 99.9=1075.20 99.99=2209.79] [UPDATE: Count=305482 Max=16621.57 Min=6.30 Avg=16.83 10=10.41 25=12.36 50=14.69 75=17.73 90=20.99 95=23.44 99=31.76 99.9=282.88 99.99=1595.39]
2025-04-19 13:33:49 100 sec: 941193 operations; [READ: Count=627565 Max=5144.57 Min=2.22 Avg=47.87 10=8.85 25=22.35 50=32.05 75=46.30 90=98.62 95=111.68 99=293.89 99.9=1061.89 99.99=2197.50] [UPDATE: Count=313628 Max=16621.57 Min=6.30 Avg=16.69 10=10.26 25=12.21 50=14.56 75=17.63 90=20.91 95=23.36 99=31.61 99.9=277.25 99.99=1595.39]
2025-04-19 13:33:50 101 sec: 966834 operations; [READ: Count=644690 Max=5144.57 Min=2.14 Avg=47.97 10=8.62 25=22.19 50=32.08 75=47.20 90=98.17 95=111.36 99=290.30 99.9=1051.65 99.99=2197.50] [UPDATE: Count=322144 Max=16621.57 Min=6.30 Avg=16.54 10=10.10 25=12.05 50=14.43 75=17.54 90=20.82 95=23.26 99=31.49 99.9=275.71 99.99=1572.86]
2025-04-19 13:33:51 102 sec: 994827 operations; [READ: Count=663367 Max=5144.57 Min=2.14 Avg=47.95 10=8.41 25=22.00 50=32.05 75=48.19 90=97.66 95=110.91 99=283.39 99.9=1040.38 99.99=2191.36] [UPDATE: Count=331460 Max=16621.57 Min=6.22 Avg=16.39 10=9.98 25=11.89 50=14.29 75=17.44 90=20.73 95=23.17 99=31.33 99.9=272.89 99.99=1443.84]
2025-04-19 13:33:52 103 sec: 1023212 operations; [READ: Count=682240 Max=5144.57 Min=2.14 Avg=47.91 10=8.21 25=21.77 50=31.98 75=49.25 90=97.22 95=110.46 99=278.53 99.9=1026.05 99.99=2187.26] [UPDATE: Count=340972 Max=16621.57 Min=6.17 Avg=16.25 10=9.89 25=11.73 50=14.17 75=17.33 90=20.64 95=23.09 99=31.20 99.9=270.59 99.99=1342.46]
2025-04-19 13:33:53 104 sec: 1052831 operations; [READ: Count=701938 Max=5144.57 Min=2.14 Avg=47.79 10=8.02 25=21.49 50=31.89 75=50.30 90=96.64 95=110.02 99=273.41 99.9=1015.29 99.99=2179.07] [UPDATE: Count=350893 Max=16621.57 Min=6.17 Avg=16.12 10=9.79 25=11.57 50=14.03 75=17.23 90=20.54 95=22.99 99=31.05 99.9=269.57 99.99=1342.46]
2025-04-19 13:33:54 105 sec: 1083134 operations; [READ: Count=722173 Max=5144.57 Min=2.14 Avg=47.66 10=7.84 25=21.15 50=31.74 75=51.36 90=96.06 95=109.63 99=270.59 99.9=1006.08 99.99=2136.06] [UPDATE: Count=360961 Max=16621.57 Min=6.17 Avg=15.99 10=9.72 25=11.41 50=13.91 75=17.12 90=20.45 95=22.91 99=30.88 99.9=269.57 99.99=1332.22]
2025-04-19 13:33:55 106 sec: 1114398 operations; [READ: Count=743072 Max=5144.57 Min=2.14 Avg=47.48 10=7.68 25=20.73 50=31.58 75=52.45 90=95.61 95=109.25 99=266.50 99.9=995.33 99.99=2111.49] [UPDATE: Count=371326 Max=16621.57 Min=6.17 Avg=15.86 10=9.65 25=11.26 50=13.78 75=17.01 90=20.35 95=22.82 99=30.72 99.9=267.01 99.99=1309.69]
2025-04-19 13:33:56 107 sec: 1146281 operations; [READ: Count=764363 Max=5144.57 Min=2.14 Avg=47.28 10=7.54 25=20.34 50=31.42 75=53.98 90=95.10 95=108.86 99=259.84 99.9=985.09 99.99=2094.08] [UPDATE: Count=381918 Max=16621.57 Min=6.17 Avg=15.74 10=9.59 25=11.13 50=13.67 75=16.89 90=20.25 95=22.72 99=30.67 99.9=261.89 99.99=1272.83]
2025-04-19 13:33:57 108 sec: 1177760 operations; [READ: Count=785336 Max=5144.57 Min=2.14 Avg=47.12 10=7.42 25=19.90 50=31.26 75=55.90 90=94.66 95=108.54 99=256.25 99.9=975.87 99.99=2084.86] [UPDATE: Count=392424 Max=16621.57 Min=6.17 Avg=15.62 10=9.54 25=11.01 50=13.57 75=16.80 90=20.18 95=22.64 99=30.61 99.9=260.10 99.99=1251.33]
2025-04-19 13:33:58 109 sec: 1209552 operations; [READ: Count=806499 Max=5144.57 Min=2.14 Avg=46.95 10=7.30 25=19.45 50=31.10 75=58.91 90=94.27 95=108.22 99=251.78 99.9=961.53 99.99=2067.45] [UPDATE: Count=403053 Max=16621.57 Min=6.17 Avg=15.50 10=9.48 25=10.91 50=13.46 75=16.69 90=20.08 95=22.56 99=30.53 99.9=258.05 99.99=1188.86]
2025-04-19 13:33:59 110 sec: 1241906 operations; [READ: Count=828013 Max=5144.57 Min=2.14 Avg=46.77 10=7.19 25=19.02 50=30.94 75=64.83 90=93.82 95=107.84 99=246.66 99.9=952.83 99.99=2039.81] [UPDATE: Count=413893 Max=16621.57 Min=6.17 Avg=15.39 10=9.42 25=10.82 50=13.37 75=16.57 90=20.00 95=22.48 99=30.43 99.9=254.46 99.99=1159.17]
2025-04-19 13:34:00 111 sec: 1273032 operations; [READ: Count=848771 Max=5144.57 Min=2.14 Avg=46.64 10=7.10 25=18.59 50=30.80 75=67.84 90=93.50 95=107.58 99=244.48 99.9=945.66 99.99=2013.18] [UPDATE: Count=424261 Max=16621.57 Min=6.17 Avg=15.29 10=9.38 25=10.75 50=13.27 75=16.48 90=19.92 95=22.40 99=30.35 99.9=251.90 99.99=1156.10]
2025-04-19 13:34:01 112 sec: 1305465 operations; [READ: Count=870420 Max=5144.57 Min=2.14 Avg=46.47 10=7.01 25=18.16 50=30.64 75=68.99 90=93.12 95=107.20 99=240.77 99.9=936.45 99.99=1999.87] [UPDATE: Count=435045 Max=16621.57 Min=6.17 Avg=15.20 10=9.33 25=10.70 50=13.18 75=16.38 90=19.84 95=22.34 99=30.34 99.9=247.55 99.99=1129.47]
2025-04-19 13:34:02 113 sec: 1336831 operations; [READ: Count=891286 Max=5144.57 Min=2.14 Avg=46.34 10=6.93 25=17.76 50=30.50 75=69.82 90=92.80 95=107.01 99=239.23 99.9=925.18 99.99=1991.68] [UPDATE: Count=445545 Max=16621.57 Min=6.17 Avg=15.12 10=9.29 25=10.65 50=13.11 75=16.29 90=19.76 95=22.27 99=30.34 99.9=245.25 99.99=1093.63]
2025-04-19 13:34:03 114 sec: 1367261 operations; [READ: Count=911473 Max=5144.57 Min=2.08 Avg=46.25 10=6.88 25=17.41 50=30.37 75=70.53 90=92.61 95=106.81 99=238.85 99.9=911.36 99.99=1977.34] [UPDATE: Count=455788 Max=16621.57 Min=6.17 Avg=15.05 10=9.26 25=10.61 50=13.05 75=16.20 90=19.70 95=22.21 99=30.37 99.9=243.71 99.99=1022.46]
2025-04-19 13:34:04 115 sec: 1396078 operations; [READ: Count=930612 Max=5144.57 Min=1.92 Avg=46.23 10=6.86 25=17.12 50=30.32 75=71.42 90=92.48 95=106.62 99=236.80 99.9=905.73 99.99=1927.17] [UPDATE: Count=465466 Max=16621.57 Min=6.17 Avg=14.99 10=9.21 25=10.56 50=12.98 75=16.12 90=19.63 95=22.16 99=30.40 99.9=242.18 99.99=1001.98]
2025-04-19 13:34:05 116 sec: 1420729 operations; [READ: Count=947018 Max=5144.57 Min=1.92 Avg=46.36 10=6.87 25=16.99 50=30.34 75=72.32 90=92.61 95=106.62 99=238.08 99.9=901.63 99.99=1953.79] [UPDATE: Count=473711 Max=16621.57 Min=5.95 Avg=14.96 10=9.20 25=10.54 50=12.93 75=16.05 90=19.58 95=22.11 99=30.45 99.9=242.94 99.99=1022.46]
2025-04-19 13:34:06 117 sec: 1443392 operations; [READ: Count=962137 Max=5144.57 Min=1.92 Avg=46.56 10=6.90 25=17.30 50=30.41 75=72.96 90=93.25 95=106.75 99=236.93 99.9=897.53 99.99=1939.45] [UPDATE: Count=481255 Max=16621.57 Min=5.95 Avg=14.92 10=9.20 25=10.54 50=12.89 75=16.00 90=19.52 95=22.06 99=30.34 99.9=239.74 99.99=1001.98]
2025-04-19 13:34:07 118 sec: 1467671 operations; [READ: Count=978335 Max=5144.57 Min=1.92 Avg=46.70 10=6.93 25=17.61 50=30.48 75=73.47 90=93.69 95=106.75 99=234.62 99.9=887.29 99.99=1922.05] [UPDATE: Count=489336 Max=16621.57 Min=5.95 Avg=14.86 10=9.20 25=10.53 50=12.85 75=15.94 90=19.47 95=22.00 99=30.19 99.9=237.69 99.99=995.84]
2025-04-19 13:34:08 119 sec: 1492930 operations; [READ: Count=995155 Max=5144.57 Min=1.92 Avg=46.80 10=6.96 25=17.92 50=30.54 75=73.86 90=94.02 95=106.75 99=232.57 99.9=882.17 99.99=1911.81] [UPDATE: Count=497775 Max=16621.57 Min=5.95 Avg=14.80 10=9.20 25=10.52 50=12.80 75=15.86 90=19.41 95=21.95 99=30.06 99.9=235.13 99.99=968.19]
2025-04-19 13:34:08 119 sec: 1500228 operations; [READ: Count=1000000 Max=5144.57 Min=1.92 Avg=46.82 10=6.97 25=18.02 50=30.56 75=73.92 90=94.08 95=106.69 99=231.68 99.9=881.66 99.99=1911.81] [UPDATE: Count=500228 Max=16621.57 Min=5.95 Avg=14.79 10=9.20 25=10.52 50=12.78 75=15.84 90=19.39 95=21.93 99=30.02 99.9=234.88 99.99=968.19]
Run runtime(sec): 119.33
Run operations(ops): 1000000
Run throughput(ops/sec): 8380.1
