Running scope as unit: run-re010842374474b91a34f91ffdaefc4a3.scope
load file:/home/user/DataFiles/silesia_data/silesia.tar
2025-04-19 12:42:12 0 sec: 0 operations;
2025-04-19 12:42:13 1 sec: 0 operations;
2025-04-19 12:42:14 2 sec: 0 operations;
2025-04-19 12:42:15 3 sec: 0 operations;
2025-04-19 12:42:16 4 sec: 0 operations;
2025-04-19 12:42:17 5 sec: 0 operations;
2025-04-19 12:42:18 6 sec: 5848 operations; [READ: Count=2943 Max=350.46 Min=2.82 Avg=59.62 10=23.73 25=38.05 50=43.45 75=69.44 90=119.30 95=126.40 99=140.16 99.9=154.37 99.99=350.46] [UPDATE: Count=2905 Max=683.01 Min=8.12 Avg=67.42 10=30.67 25=44.29 50=51.74 75=78.78 90=127.74 95=133.76 99=146.94 99.9=222.59 99.99=683.01]
2025-04-19 12:42:19 7 sec: 21536 operations; [READ: Count=10737 Max=350.46 Min=2.38 Avg=59.31 10=23.61 25=38.59 50=44.48 75=67.20 90=120.19 95=126.78 99=141.06 99.9=156.41 99.99=181.38] [UPDATE: Count=10799 Max=683.01 Min=7.02 Avg=66.81 10=30.30 25=44.80 50=52.13 75=77.82 90=127.87 95=134.14 99=147.71 99.9=165.50 99.99=266.50]
2025-04-19 12:42:20 8 sec: 36698 operations; [READ: Count=18369 Max=1081.34 Min=2.38 Avg=60.18 10=23.73 25=38.59 50=44.77 75=66.43 90=120.32 95=127.74 99=147.71 99.9=462.08 99.99=944.64] [UPDATE: Count=18329 Max=1700.86 Min=7.02 Avg=67.66 10=30.37 25=44.90 50=52.29 75=75.39 90=127.94 95=135.04 99=156.80 99.9=437.25 99.99=973.31]
2025-04-19 12:42:21 9 sec: 53051 operations; [READ: Count=26605 Max=1081.34 Min=2.38 Avg=59.16 10=23.74 25=38.66 50=44.99 75=65.66 90=119.74 95=126.91 99=145.02 99.9=393.98 99.99=908.80] [UPDATE: Count=26446 Max=1700.86 Min=7.02 Avg=66.47 10=30.43 25=44.90 50=52.38 75=73.60 90=126.97 95=134.40 99=154.11 99.9=402.94 99.99=918.01]
2025-04-19 12:42:22 10 sec: 68914 operations; [READ: Count=34616 Max=1081.34 Min=2.38 Avg=59.10 10=23.61 25=38.66 50=45.15 75=65.15 90=119.17 95=126.85 99=147.84 99.9=534.01 99.99=923.13] [UPDATE: Count=34298 Max=1700.86 Min=7.02 Avg=66.28 10=30.22 25=44.83 50=52.48 75=72.77 90=126.40 95=134.27 99=157.57 99.9=547.33 99.99=973.31]
2025-04-19 12:42:23 11 sec: 85625 operations; [READ: Count=42946 Max=1154.05 Min=2.38 Avg=58.38 10=23.58 25=38.62 50=45.25 75=64.73 90=118.46 95=126.40 99=147.20 99.9=490.75 99.99=923.13] [UPDATE: Count=42679 Max=1700.86 Min=7.02 Avg=65.57 10=30.18 25=44.83 50=52.67 75=72.19 90=125.69 95=133.76 99=157.06 99.9=547.33 99.99=1062.91]
2025-04-19 12:42:24 12 sec: 108915 operations; [READ: Count=54544 Max=1196.03 Min=2.34 Avg=54.16 10=22.00 25=28.34 50=43.23 75=62.56 90=115.01 95=124.22 99=144.51 99.9=479.74 99.99=944.64] [UPDATE: Count=54371 Max=2150.40 Min=7.02 Avg=61.29 10=28.37 25=35.68 50=50.27 75=69.63 90=122.24 95=131.58 99=153.22 99.9=540.16 99.99=1183.74]
2025-04-19 12:42:25 13 sec: 134564 operations; [READ: Count=67475 Max=1196.03 Min=2.34 Avg=50.41 10=21.38 25=25.41 50=41.85 75=60.00 90=110.02 95=122.11 99=141.44 99.9=449.02 99.99=914.43] [UPDATE: Count=67089 Max=2150.40 Min=6.97 Avg=57.60 10=27.65 25=32.59 50=48.67 75=67.01 90=117.25 95=129.41 99=150.14 99.9=472.06 99.99=1062.91]
2025-04-19 12:42:26 14 sec: 161392 operations; [READ: Count=80838 Max=1196.03 Min=2.34 Avg=47.54 10=20.94 25=24.38 50=40.73 75=56.77 90=102.72 95=119.94 99=139.65 99.9=421.12 99.99=923.13] [UPDATE: Count=80554 Max=2150.40 Min=6.97 Avg=54.63 10=27.10 25=31.38 50=47.39 75=63.62 90=110.02 95=127.36 99=147.97 99.9=450.81 99.99=1046.02]
2025-04-19 12:42:27 15 sec: 188542 operations; [READ: Count=94252 Max=2103.30 Min=2.34 Avg=45.44 10=20.46 25=23.65 50=39.58 75=49.63 90=96.96 95=118.08 99=138.24 99.9=489.98 99.99=1351.68] [UPDATE: Count=94290 Max=2150.40 Min=6.97 Avg=52.38 10=26.54 25=30.46 50=46.08 75=57.82 90=103.94 95=125.38 99=146.18 99.9=486.14 99.99=1272.83]
2025-04-19 12:42:28 16 sec: 218254 operations; [READ: Count=109055 Max=2103.30 Min=2.31 Avg=43.26 10=20.11 25=23.17 50=38.56 75=46.37 90=82.11 95=115.71 99=136.06 99.9=462.08 99.99=1304.58] [UPDATE: Count=109199 Max=2150.40 Min=6.97 Avg=50.19 10=26.06 25=29.89 50=44.83 75=54.05 90=89.98 95=123.14 99=144.38 99.9=472.06 99.99=1226.75]
2025-04-19 12:42:29 17 sec: 248973 operations; [READ: Count=124311 Max=2103.30 Min=2.31 Avg=41.41 10=19.77 25=22.85 50=37.60 75=44.83 90=69.82 95=113.34 99=134.27 99.9=412.93 99.99=1282.05] [UPDATE: Count=124662 Max=2150.40 Min=6.97 Avg=48.33 10=25.65 25=29.44 50=43.77 75=52.29 90=78.27 95=120.58 99=142.21 99.9=447.74 99.99=1224.70]
2025-04-19 12:42:30 18 sec: 280305 operations; [READ: Count=140033 Max=2103.30 Min=2.31 Avg=39.88 10=19.41 25=22.62 50=36.67 75=43.94 90=65.06 95=110.02 99=132.74 99.9=390.14 99.99=1196.03] [UPDATE: Count=140272 Max=2150.40 Min=6.97 Avg=46.79 10=25.23 25=29.14 50=42.69 75=51.23 90=72.77 95=117.31 99=140.41 99.9=421.89 99.99=1196.03]
2025-04-19 12:42:31 19 sec: 311927 operations; [READ: Count=155872 Max=2103.30 Min=2.31 Avg=38.61 10=18.91 25=22.45 50=35.33 75=43.30 90=62.94 95=105.73 99=131.33 99.9=371.97 99.99=1175.55] [UPDATE: Count=156055 Max=2150.40 Min=6.97 Avg=45.53 10=24.67 25=28.93 50=41.34 75=50.49 90=70.33 95=113.09 99=139.01 99.9=395.26 99.99=1179.65]
2025-04-19 12:42:32 20 sec: 343629 operations; [READ: Count=171668 Max=2103.30 Min=2.31 Avg=37.56 10=14.30 25=22.32 50=30.41 75=42.85 90=61.38 95=101.89 99=130.05 99.9=362.24 99.99=1170.43] [UPDATE: Count=171961 Max=2150.40 Min=6.97 Avg=44.48 10=23.25 25=28.75 50=38.56 75=49.95 90=68.54 95=109.44 99=137.85 99.9=380.42 99.99=1179.65]
2025-04-19 12:42:33 21 sec: 375596 operations; [READ: Count=187562 Max=2103.30 Min=2.18 Avg=36.66 10=9.39 25=22.21 50=28.45 75=42.49 90=59.97 95=98.56 99=128.96 99.9=351.74 99.99=1148.93] [UPDATE: Count=188034 Max=2150.40 Min=6.97 Avg=43.59 10=17.54 25=28.61 50=36.48 75=49.57 90=67.07 95=105.79 99=136.70 99.9=367.10 99.99=1128.45]
2025-04-19 12:42:34 22 sec: 415637 operations; [READ: Count=207761 Max=2103.30 Min=2.18 Avg=35.14 10=7.82 25=21.86 50=26.13 75=41.85 90=58.21 95=93.12 99=127.74 99.9=334.08 99.99=1113.09] [UPDATE: Count=207876 Max=2150.40 Min=6.97 Avg=42.05 10=15.42 25=28.13 50=33.66 75=48.83 90=65.28 95=100.99 99=135.42 99.9=333.31 99.99=1062.91]
2025-04-19 12:42:35 23 sec: 459364 operations; [READ: Count=229575 Max=2103.30 Min=2.18 Avg=33.60 10=6.89 25=21.50 50=24.96 75=41.18 90=56.06 95=78.53 99=126.59 99.9=308.22 99.99=1087.49] [UPDATE: Count=229789 Max=2150.40 Min=6.81 Avg=40.46 10=14.29 25=27.68 50=32.13 75=48.00 90=63.07 95=87.30 99=134.40 99.9=315.90 99.99=1046.02]
2025-04-19 12:42:36 24 sec: 503507 operations; [READ: Count=251700 Max=2103.30 Min=2.18 Avg=32.28 10=6.32 25=21.25 50=24.30 75=40.51 90=53.28 95=69.18 99=125.50 99.9=276.48 99.99=1052.67] [UPDATE: Count=251807 Max=2150.40 Min=6.81 Avg=39.12 10=13.52 25=27.34 50=31.28 75=47.23 90=60.58 95=79.04 99=133.25 99.9=286.46 99.99=1023.49]
2025-04-19 12:42:37 25 sec: 548000 operations; [READ: Count=273750 Max=2103.30 Min=2.03 Avg=31.17 10=5.96 25=21.05 50=23.90 75=39.87 90=49.41 95=65.66 99=124.67 99.9=256.77 99.99=999.93] [UPDATE: Count=274250 Max=2150.40 Min=6.37 Avg=37.96 10=12.98 25=27.07 50=30.73 75=46.46 90=57.66 95=74.05 99=132.35 99.9=267.26 99.99=1006.59]
2025-04-19 12:42:38 26 sec: 593304 operations; [READ: Count=296407 Max=2103.30 Min=2.03 Avg=30.16 10=5.68 25=20.86 50=23.60 75=39.17 90=47.20 95=63.94 99=123.90 99.9=230.14 99.99=962.05] [UPDATE: Count=296897 Max=2150.40 Min=6.37 Avg=36.94 10=12.57 25=26.83 50=30.32 75=45.63 90=55.33 95=71.81 99=131.46 99.9=250.75 99.99=973.31]
2025-04-19 12:42:39 27 sec: 639197 operations; [READ: Count=319568 Max=2103.30 Min=2.03 Avg=29.27 10=5.49 25=20.70 50=23.36 75=38.34 90=45.98 95=62.62 99=123.14 99.9=205.95 99.99=914.43] [UPDATE: Count=319629 Max=2150.40 Min=6.37 Avg=36.04 10=12.26 25=26.62 50=30.02 75=44.73 90=53.89 95=70.27 99=130.62 99.9=229.25 99.99=941.57]
2025-04-19 12:42:40 28 sec: 685640 operations; [READ: Count=342824 Max=2103.30 Min=2.03 Avg=28.47 10=5.33 25=20.53 50=23.18 75=37.31 90=45.12 95=61.47 99=122.24 99.9=183.42 99.99=908.80] [UPDATE: Count=342816 Max=2150.40 Min=6.37 Avg=35.23 10=12.01 25=26.41 50=29.76 75=43.62 90=52.90 95=68.99 99=129.79 99.9=214.53 99.99=926.21]
2025-04-19 12:42:41 29 sec: 732588 operations; [READ: Count=366152 Max=2103.30 Min=2.03 Avg=27.76 10=5.23 25=20.38 50=23.02 75=35.20 90=44.51 95=60.38 99=121.53 99.9=171.01 99.99=848.89] [UPDATE: Count=366436 Max=2150.40 Min=6.37 Avg=34.49 10=11.81 25=26.21 50=29.55 75=41.66 90=52.06 95=67.84 99=129.02 99.9=189.06 99.99=918.01]
2025-04-19 12:42:42 30 sec: 780000 operations; [READ: Count=389728 Max=2103.30 Min=2.03 Avg=27.11 10=5.14 25=20.22 50=22.88 75=28.40 90=43.97 95=59.36 99=120.70 99.9=162.81 99.99=836.10] [UPDATE: Count=390272 Max=2150.40 Min=6.37 Avg=33.83 10=11.64 25=26.02 50=29.36 75=36.73 90=51.42 95=66.81 99=128.25 99.9=178.94 99.99=896.51]
2025-04-19 12:42:43 31 sec: 827855 operations; [READ: Count=413741 Max=2103.30 Min=2.03 Avg=26.51 10=5.07 25=20.06 50=22.75 75=27.10 90=43.49 95=58.27 99=119.94 99.9=157.57 99.99=824.32] [UPDATE: Count=414114 Max=2150.40 Min=6.37 Avg=33.23 10=11.49 25=25.84 50=29.21 75=35.01 90=50.88 95=65.73 99=127.42 99.9=172.29 99.99=881.66]
2025-04-19 12:42:44 32 sec: 876387 operations; [READ: Count=438078 Max=2103.30 Min=2.03 Avg=25.96 10=5.01 25=19.89 50=22.66 75=26.43 90=43.07 95=57.12 99=119.17 99.9=154.11 99.99=806.91] [UPDATE: Count=438309 Max=2150.40 Min=6.37 Avg=32.68 10=11.40 25=25.63 50=29.09 75=34.14 90=50.37 95=64.54 99=126.66 99.9=168.57 99.99=852.99]
2025-04-19 12:42:45 33 sec: 922868 operations; [READ: Count=461133 Max=2103.30 Min=2.03 Avg=25.52 10=5.01 25=19.74 50=22.62 75=26.14 90=42.72 95=56.00 99=118.40 99.9=152.57 99.99=801.79] [UPDATE: Count=461735 Max=2150.40 Min=6.37 Avg=32.25 10=11.37 25=25.44 50=29.04 75=33.73 90=49.92 95=63.39 99=126.02 99.9=166.01 99.99=841.22]
2025-04-19 12:42:46 34 sec: 965997 operations; [READ: Count=482707 Max=2103.30 Min=1.92 Avg=25.22 10=5.05 25=19.58 50=22.64 75=26.09 90=42.43 95=54.94 99=117.82 99.9=152.19 99.99=764.93] [UPDATE: Count=483290 Max=2150.40 Min=6.37 Avg=31.98 10=11.40 25=25.25 50=29.05 75=33.60 90=49.60 95=62.49 99=125.57 99.9=168.96 99.99=828.93]
2025-04-19 12:42:47 34 sec: 1000000 operations; [READ: Count=499714 Max=2103.30 Min=1.92 Avg=25.17 10=5.08 25=19.44 50=22.66 75=26.18 90=42.34 95=55.01 99=117.76 99.9=158.85 99.99=794.11] [UPDATE: Count=500286 Max=2150.40 Min=6.37 Avg=31.95 10=11.43 25=25.09 50=29.07 75=33.66 90=49.50 95=62.66 99=125.69 99.9=183.81 99.99=841.22]
Run runtime(sec): 34.9851
Run operations(ops): 1000000
Run throughput(ops/sec): 28583.6
