Running scope as unit: run-r0d85eec6636c4437b6fa8d422ea1279e.scope
load file:/home/user/DataFiles/silesia_data/silesia.tar
2025-04-21 14:39:50 0 sec: 0 operations;
2025-04-21 14:39:51 1 sec: 49455 operations; [INSERT: Count=49455 Max=3735.55 Min=3.91 Avg=16.62 10=4.86 25=6.69 50=10.47 75=20.99 90=37.09 95=47.10 99=69.57 99.9=120.13 99.99=311.55]
2025-04-21 14:39:52 2 sec: 80635 operations; [INSERT: Count=80635 Max=3735.55 Min=3.91 Avg=21.34 10=5.65 25=8.60 50=16.48 75=29.44 90=43.65 95=52.73 99=72.77 99.9=112.58 99.99=302.85]
2025-04-21 14:39:53 3 sec: 111990 operations; [INSERT: Count=111990 Max=3735.55 Min=3.91 Avg=23.39 10=6.42 25=10.81 50=19.31 75=31.81 90=45.22 95=54.40 99=73.86 99.9=112.58 99.99=302.85]
2025-04-21 14:39:54 4 sec: 143214 operations; [INSERT: Count=143214 Max=3735.55 Min=3.91 Avg=24.56 10=7.06 25=12.41 50=20.82 75=33.02 90=46.14 95=55.13 99=74.17 99.9=110.78 99.99=314.62]
2025-04-21 14:39:55 5 sec: 174726 operations; [INSERT: Count=174726 Max=3735.55 Min=3.91 Avg=25.27 10=7.80 25=13.42 50=21.71 75=33.63 90=46.59 95=55.36 99=74.11 99.9=110.72 99.99=313.60]
2025-04-21 14:39:56 6 sec: 207609 operations; [INSERT: Count=207609 Max=28393.47 Min=3.91 Avg=25.55 10=8.49 25=13.93 50=21.87 75=33.47 90=46.24 95=54.98 99=73.92 99.9=115.65 99.99=314.88]
2025-04-21 14:39:57 7 sec: 246414 operations; [INSERT: Count=246414 Max=28393.47 Min=3.91 Avg=25.06 10=9.14 25=14.05 50=21.42 75=32.45 90=44.80 95=53.41 99=72.13 99.9=111.55 99.99=317.18]
2025-04-21 14:39:58 8 sec: 284388 operations; [INSERT: Count=284388 Max=28393.47 Min=3.91 Avg=24.80 10=9.62 25=14.18 50=21.25 75=31.86 90=43.94 95=52.32 99=70.91 99.9=110.08 99.99=314.11]
2025-04-21 14:39:59 9 sec: 322221 operations; [INSERT: Count=322221 Max=28393.47 Min=3.91 Avg=24.60 10=9.98 25=14.29 50=21.14 75=31.44 90=43.23 95=51.45 99=69.76 99.9=108.22 99.99=310.53]
2025-04-21 14:40:00 10 sec: 359900 operations; [INSERT: Count=359900 Max=28393.47 Min=3.91 Avg=24.46 10=10.26 25=14.38 50=21.05 75=31.14 90=42.69 95=50.75 99=68.93 99.9=107.26 99.99=309.25]
2025-04-21 14:40:01 11 sec: 398700 operations; [INSERT: Count=398700 Max=28393.47 Min=3.91 Avg=24.27 10=10.40 25=14.37 50=20.88 75=30.73 90=42.17 95=50.21 99=68.42 99.9=108.54 99.99=313.34]
2025-04-21 14:40:02 12 sec: 437557 operations; [INSERT: Count=437557 Max=28393.47 Min=3.91 Avg=24.07 10=10.52 25=14.35 50=20.73 75=30.37 90=41.57 95=49.50 99=67.52 99.9=106.94 99.99=321.79]
2025-04-21 14:40:03 13 sec: 470458 operations; [INSERT: Count=470458 Max=28393.47 Min=3.91 Avg=24.19 10=10.65 25=14.51 50=20.94 75=30.48 90=41.53 95=49.34 99=67.14 99.9=105.66 99.99=339.45]
2025-04-21 14:40:04 14 sec: 501348 operations; [INSERT: Count=501348 Max=28393.47 Min=3.91 Avg=24.40 10=10.79 25=14.69 50=21.21 75=30.75 90=41.79 95=49.53 99=67.14 99.9=105.15 99.99=351.49]
2025-04-21 14:40:05 15 sec: 533625 operations; [INSERT: Count=533625 Max=28393.47 Min=3.91 Avg=24.52 10=10.91 25=14.83 50=21.39 75=30.88 90=41.79 95=49.50 99=66.88 99.9=104.13 99.99=366.59]
2025-04-21 14:40:06 16 sec: 565722 operations; [INSERT: Count=565722 Max=28393.47 Min=3.91 Avg=24.64 10=11.01 25=14.94 50=21.54 75=30.98 90=41.85 95=49.53 99=67.20 99.9=108.80 99.99=397.06]
2025-04-21 14:40:07 17 sec: 597217 operations; [INSERT: Count=597217 Max=28393.47 Min=3.91 Avg=24.77 10=11.12 25=15.08 50=21.73 75=31.12 90=41.92 95=49.53 99=66.94 99.9=108.22 99.99=440.32]
2025-04-21 14:40:08 18 sec: 628860 operations; [INSERT: Count=628860 Max=28393.47 Min=3.91 Avg=24.88 10=11.22 25=15.21 50=21.89 75=31.25 90=41.98 95=49.53 99=66.75 99.9=107.01 99.99=444.16]
2025-04-21 14:40:09 19 sec: 660792 operations; [INSERT: Count=660792 Max=28393.47 Min=3.91 Avg=24.96 10=11.29 25=15.27 50=21.97 75=31.31 90=42.05 95=49.60 99=66.75 99.9=107.45 99.99=466.18]
2025-04-21 14:40:10 20 sec: 699812 operations; [INSERT: Count=699812 Max=28393.47 Min=3.91 Avg=24.73 10=11.28 25=15.15 50=21.73 75=30.98 90=41.63 95=49.15 99=66.24 99.9=106.11 99.99=466.18]
2025-04-21 14:40:11 21 sec: 739970 operations; [INSERT: Count=739970 Max=28393.47 Min=3.91 Avg=24.50 10=11.20 25=14.96 50=21.39 75=30.59 90=41.22 95=48.77 99=66.05 99.9=108.09 99.99=476.42]
2025-04-21 14:40:12 22 sec: 765343 operations; [INSERT: Count=765343 Max=28393.47 Min=3.91 Avg=24.84 10=11.26 25=15.05 50=21.55 75=30.86 90=41.76 95=49.60 99=68.35 99.9=120.96 99.99=518.91]
2025-04-21 14:40:13 23 sec: 789967 operations; [INSERT: Count=789967 Max=28393.47 Min=3.91 Avg=25.18 10=11.34 25=15.18 50=21.77 75=31.21 90=42.40 95=50.53 99=70.72 99.9=132.09 99.99=539.65]
2025-04-21 14:40:14 24 sec: 815218 operations; [INSERT: Count=815218 Max=28393.47 Min=3.91 Avg=25.47 10=11.42 25=15.30 50=21.97 75=31.54 90=42.91 95=51.30 99=72.64 99.9=139.13 99.99=548.35]
2025-04-21 14:40:15 25 sec: 838947 operations; [INSERT: Count=838947 Max=28393.47 Min=3.91 Avg=25.80 10=11.50 25=15.41 50=22.13 75=31.81 90=43.39 95=52.03 99=75.07 99.9=164.48 99.99=565.76]
2025-04-21 14:40:16 26 sec: 867255 operations; [INSERT: Count=867255 Max=28393.47 Min=3.91 Avg=25.94 10=11.57 25=15.46 50=22.13 75=31.79 90=43.42 95=52.13 99=76.09 99.9=173.18 99.99=616.45]
2025-04-21 14:40:17 27 sec: 899492 operations; [INSERT: Count=899492 Max=28393.47 Min=3.91 Avg=25.95 10=11.54 25=15.34 50=21.92 75=31.58 90=43.39 95=52.32 99=77.95 99.9=182.01 99.99=630.78]
2025-04-21 14:40:18 28 sec: 929672 operations; [INSERT: Count=929672 Max=57475.07 Min=3.91 Avg=26.04 10=11.29 25=15.10 50=21.66 75=31.39 90=43.30 95=52.35 99=78.91 99.9=191.36 99.99=687.62]
2025-04-21 14:40:19 29 sec: 969965 operations; [INSERT: Count=969965 Max=57475.07 Min=3.91 Avg=25.81 10=11.08 25=14.84 50=21.36 75=31.14 90=43.13 95=52.32 99=79.49 99.9=195.20 99.99=690.17]
2025-04-21 14:40:20 30 sec: 1000000 operations; [INSERT: Count=1000000 Max=57475.07 Min=3.91 Avg=25.76 10=10.90 25=14.63 50=21.10 75=30.89 90=42.91 95=52.22 99=79.87 99.9=200.45 99.99=717.31]
2025-04-21 14:40:21 31 sec: 1000000 operations; [INSERT: Count=1000000 Max=57475.07 Min=3.91 Avg=25.76 10=10.90 25=14.63 50=21.10 75=30.89 90=42.91 95=52.22 99=79.87 99.9=200.45 99.99=717.31]
2025-04-21 14:40:22 32 sec: 1000000 operations; [INSERT: Count=1000000 Max=57475.07 Min=3.91 Avg=25.76 10=10.90 25=14.63 50=21.10 75=30.89 90=42.91 95=52.22 99=79.87 99.9=200.45 99.99=717.31]
2025-04-21 14:40:23 33 sec: 1000000 operations; [INSERT: Count=1000000 Max=57475.07 Min=3.91 Avg=25.76 10=10.90 25=14.63 50=21.10 75=30.89 90=42.91 95=52.22 99=79.87 99.9=200.45 99.99=717.31]
2025-04-21 14:40:24 34 sec: 1000000 operations; [INSERT: Count=1000000 Max=57475.07 Min=3.91 Avg=25.76 10=10.90 25=14.63 50=21.10 75=30.89 90=42.91 95=52.22 99=79.87 99.9=200.45 99.99=717.31]
2025-04-21 14:40:25 35 sec: 1000000 operations; [INSERT: Count=1000000 Max=57475.07 Min=3.91 Avg=25.76 10=10.90 25=14.63 50=21.10 75=30.89 90=42.91 95=52.22 99=79.87 99.9=200.45 99.99=717.31]
2025-04-21 14:40:26 36 sec: 1000000 operations; [INSERT: Count=1000000 Max=57475.07 Min=3.91 Avg=25.76 10=10.90 25=14.63 50=21.10 75=30.89 90=42.91 95=52.22 99=79.87 99.9=200.45 99.99=717.31]
2025-04-21 14:40:26 36 sec: 1000000 operations; [INSERT: Count=1000000 Max=57475.07 Min=3.91 Avg=25.76 10=10.90 25=14.63 50=21.10 75=30.89 90=42.91 95=52.22 99=79.87 99.9=200.45 99.99=717.31]
Load runtime(sec): 36.2372
Load operations(ops): 1000000
Load throughput(ops/sec): 27596
