Running scope as unit: run-r03156b488f1d447a9ef29608de9f721d.scope
load file:/home/user/DataFiles/silesia_data/silesia.tar
2025-04-21 14:39:50 0 sec: 0 operations;
2025-04-21 14:39:51 1 sec: 47550 operations; [INSERT: Count=47550 Max=6479.87 Min=4.26 Avg=17.10 10=7.73 25=9.85 50=13.98 75=21.28 90=29.49 95=34.94 99=49.34 99.9=121.98 99.99=331.01]
2025-04-21 14:39:52 2 sec: 93057 operations; [INSERT: Count=93057 Max=6479.87 Min=4.26 Avg=17.86 10=8.54 25=11.08 50=15.35 75=22.30 90=29.70 95=34.56 99=46.88 99.9=94.27 99.99=292.10]
2025-04-21 14:39:53 3 sec: 140538 operations; [INSERT: Count=140538 Max=6479.87 Min=4.26 Avg=17.82 10=8.89 25=11.38 50=15.54 75=22.09 90=29.04 95=33.70 99=44.90 99.9=88.32 99.99=290.30]
2025-04-21 14:39:54 4 sec: 188142 operations; [INSERT: Count=188142 Max=6479.87 Min=4.26 Avg=17.78 10=9.10 25=11.54 50=15.61 75=21.92 90=28.70 95=33.18 99=43.97 99.9=84.22 99.99=285.18]
2025-04-21 14:39:55 5 sec: 235843 operations; [INSERT: Count=235843 Max=6479.87 Min=4.26 Avg=17.75 10=9.25 25=11.65 50=15.65 75=21.82 90=28.46 95=32.86 99=43.23 99.9=78.91 99.99=283.90]
2025-04-21 14:39:56 6 sec: 281288 operations; [INSERT: Count=281288 Max=28409.85 Min=4.26 Avg=17.89 10=9.37 25=11.73 50=15.70 75=21.79 90=28.38 95=32.75 99=43.33 99.9=91.01 99.99=290.30]
2025-04-21 14:39:57 7 sec: 328218 operations; [INSERT: Count=328218 Max=28409.85 Min=4.26 Avg=17.90 10=9.47 25=11.82 50=15.75 75=21.79 90=28.32 95=32.64 99=42.88 99.9=85.82 99.99=292.10]
2025-04-21 14:39:58 8 sec: 373732 operations; [INSERT: Count=373732 Max=28409.85 Min=4.26 Avg=17.99 10=9.57 25=11.93 50=15.86 75=21.89 90=28.38 95=32.67 99=42.81 99.9=89.34 99.99=292.10]
2025-04-21 14:39:59 9 sec: 419904 operations; [INSERT: Count=419904 Max=28409.85 Min=4.26 Avg=18.02 10=9.65 25=12.01 50=15.93 75=21.93 90=28.38 95=32.66 99=42.69 99.9=83.78 99.99=290.05]
2025-04-21 14:40:00 10 sec: 467246 operations; [INSERT: Count=467246 Max=28409.85 Min=4.26 Avg=18.00 10=9.65 25=12.01 50=15.93 75=21.90 90=28.34 95=32.59 99=42.53 99.9=81.73 99.99=289.54]
2025-04-21 14:40:01 11 sec: 504602 operations; [INSERT: Count=504602 Max=28409.85 Min=4.26 Avg=18.40 10=9.69 25=12.09 50=16.11 75=22.30 90=29.09 95=33.89 99=46.69 99.9=101.95 99.99=295.42]
2025-04-21 14:40:02 12 sec: 534507 operations; [INSERT: Count=534507 Max=28409.85 Min=4.26 Avg=19.05 10=9.78 25=12.25 50=16.46 75=22.99 90=30.46 95=36.22 99=53.38 99.9=103.61 99.99=303.87]
2025-04-21 14:40:03 13 sec: 562314 operations; [INSERT: Count=562314 Max=28409.85 Min=4.26 Avg=19.69 10=9.86 25=12.41 50=16.80 75=23.66 90=31.84 95=38.56 99=58.85 99.9=109.38 99.99=317.44]
2025-04-21 14:40:04 14 sec: 588560 operations; [INSERT: Count=588560 Max=28409.85 Min=4.26 Avg=20.29 10=9.94 25=12.55 50=17.12 75=24.30 90=33.18 95=40.96 99=63.58 99.9=114.30 99.99=327.94]
2025-04-21 14:40:05 15 sec: 615249 operations; [INSERT: Count=615249 Max=28409.85 Min=4.26 Avg=20.82 10=10.03 25=12.70 50=17.42 75=24.88 90=34.43 95=42.94 99=66.69 99.9=120.96 99.99=372.48]
2025-04-21 14:40:06 16 sec: 641144 operations; [INSERT: Count=641144 Max=28409.85 Min=4.26 Avg=21.34 10=10.10 25=12.83 50=17.71 75=25.44 90=35.71 95=44.86 99=69.89 99.9=131.20 99.99=399.87]
2025-04-21 14:40:07 17 sec: 666014 operations; [INSERT: Count=666014 Max=28409.85 Min=4.26 Avg=21.87 10=10.18 25=12.97 50=18.05 75=26.08 90=37.05 95=46.88 99=72.38 99.9=131.33 99.99=406.01]
2025-04-21 14:40:08 18 sec: 690873 operations; [INSERT: Count=690873 Max=28409.85 Min=4.26 Avg=22.35 10=10.26 25=13.12 50=18.35 75=26.67 90=38.34 95=48.64 99=74.56 99.9=134.27 99.99=412.67]
2025-04-21 14:40:09 19 sec: 716356 operations; [INSERT: Count=716356 Max=28409.85 Min=4.26 Avg=22.78 10=10.34 25=13.26 50=18.64 75=27.23 90=39.42 95=50.02 99=75.97 99.9=135.81 99.99=423.17]
2025-04-21 14:40:10 20 sec: 741465 operations; [INSERT: Count=741465 Max=28409.85 Min=4.26 Avg=23.19 10=10.41 25=13.40 50=18.93 75=27.74 90=40.35 95=51.07 99=77.57 99.9=140.41 99.99=494.85]
2025-04-21 14:40:11 21 sec: 764377 operations; [INSERT: Count=764377 Max=34570.24 Min=4.26 Avg=23.65 10=10.47 25=13.51 50=19.15 75=28.18 90=41.18 95=52.16 99=79.42 99.9=155.26 99.99=532.99]
2025-04-21 14:40:12 22 sec: 789320 operations; [INSERT: Count=789320 Max=34570.24 Min=4.26 Avg=24.02 10=10.54 25=13.63 50=19.38 75=28.61 90=41.95 95=52.99 99=80.77 99.9=158.34 99.99=557.57]
2025-04-21 14:40:13 23 sec: 814692 operations; [INSERT: Count=814692 Max=34570.24 Min=4.26 Avg=24.34 10=10.60 25=13.74 50=19.58 75=28.96 90=42.56 95=53.70 99=81.92 99.9=161.15 99.99=574.98]
2025-04-21 14:40:14 24 sec: 840300 operations; [INSERT: Count=840300 Max=34570.24 Min=4.26 Avg=24.63 10=10.66 25=13.86 50=19.81 75=29.33 90=43.13 95=54.37 99=83.14 99.9=166.66 99.99=619.52]
2025-04-21 14:40:15 25 sec: 880913 operations; [INSERT: Count=880913 Max=34570.24 Min=4.26 Avg=24.47 10=10.67 25=13.81 50=19.60 75=28.98 90=42.75 95=54.08 99=83.45 99.9=173.57 99.99=625.66]
2025-04-21 14:40:16 26 sec: 916115 operations; [INSERT: Count=916115 Max=34570.24 Min=4.26 Avg=24.46 10=10.66 25=13.81 50=19.58 75=28.89 90=42.59 95=53.95 99=83.90 99.9=178.94 99.99=632.83]
2025-04-21 14:40:17 27 sec: 941367 operations; [INSERT: Count=941367 Max=34570.24 Min=4.26 Avg=24.76 10=10.68 25=13.84 50=19.68 75=29.14 90=43.13 95=54.78 99=85.76 99.9=185.60 99.99=656.89]
2025-04-21 14:40:18 28 sec: 965091 operations; [INSERT: Count=965091 Max=34570.24 Min=4.26 Avg=25.07 10=10.65 25=13.81 50=19.66 75=29.20 90=43.33 95=55.17 99=87.30 99.9=206.97 99.99=702.46]
2025-04-21 14:40:19 29 sec: 1000000 operations; [INSERT: Count=1000000 Max=34570.24 Min=4.26 Avg=24.93 10=10.58 25=13.70 50=19.50 75=29.01 90=43.20 95=55.13 99=87.55 99.9=207.36 99.99=696.83]
2025-04-21 14:40:20 30 sec: 1000000 operations; [INSERT: Count=1000000 Max=34570.24 Min=4.26 Avg=24.93 10=10.58 25=13.70 50=19.50 75=29.01 90=43.20 95=55.13 99=87.55 99.9=207.36 99.99=696.83]
2025-04-21 14:40:21 31 sec: 1000000 operations; [INSERT: Count=1000000 Max=34570.24 Min=4.26 Avg=24.93 10=10.58 25=13.70 50=19.50 75=29.01 90=43.20 95=55.13 99=87.55 99.9=207.36 99.99=696.83]
2025-04-21 14:40:22 32 sec: 1000000 operations; [INSERT: Count=1000000 Max=34570.24 Min=4.26 Avg=24.93 10=10.58 25=13.70 50=19.50 75=29.01 90=43.20 95=55.13 99=87.55 99.9=207.36 99.99=696.83]
2025-04-21 14:40:23 33 sec: 1000000 operations; [INSERT: Count=1000000 Max=34570.24 Min=4.26 Avg=24.93 10=10.58 25=13.70 50=19.50 75=29.01 90=43.20 95=55.13 99=87.55 99.9=207.36 99.99=696.83]
2025-04-21 14:40:24 34 sec: 1000000 operations; [INSERT: Count=1000000 Max=34570.24 Min=4.26 Avg=24.93 10=10.58 25=13.70 50=19.50 75=29.01 90=43.20 95=55.13 99=87.55 99.9=207.36 99.99=696.83]
2025-04-21 14:40:25 34 sec: 1000000 operations; [INSERT: Count=1000000 Max=34570.24 Min=4.26 Avg=24.93 10=10.58 25=13.70 50=19.50 75=29.01 90=43.20 95=55.13 99=87.55 99.9=207.36 99.99=696.83]
Load runtime(sec): 34.9396
Load operations(ops): 1000000
Load throughput(ops/sec): 28620.8
