Running scope as unit: run-r43bf3352c6164e5daefef1107db2acb5.scope
load file:/home/user/DataFiles/silesia_data/silesia.tar
2025-04-21 14:39:50 0 sec: 0 operations;
2025-04-21 14:39:51 1 sec: 48814 operations; [INSERT: Count=48814 Max=3184.64 Min=3.94 Avg=16.81 10=4.86 25=6.70 50=10.64 75=21.17 90=37.12 95=47.26 99=71.74 99.9=135.42 99.99=344.32]
2025-04-21 14:39:52 2 sec: 80597 operations; [INSERT: Count=80597 Max=3184.64 Min=3.94 Avg=21.30 10=5.73 25=8.73 50=16.45 75=29.20 90=43.07 95=52.48 99=72.96 99.9=125.18 99.99=338.43]
2025-04-21 14:39:53 3 sec: 112460 operations; [INSERT: Count=112460 Max=3184.64 Min=3.94 Avg=23.23 10=6.48 25=10.94 50=19.12 75=31.38 90=44.73 95=53.92 99=73.41 99.9=119.04 99.99=327.68]
2025-04-21 14:39:54 4 sec: 144337 operations; [INSERT: Count=144337 Max=3184.64 Min=3.94 Avg=24.30 10=7.15 25=12.45 50=20.50 75=32.49 90=45.50 95=54.53 99=73.73 99.9=115.26 99.99=320.00]
2025-04-21 14:39:55 5 sec: 176428 operations; [INSERT: Count=176428 Max=3184.64 Min=3.94 Avg=24.94 10=7.90 25=13.38 50=21.28 75=33.02 90=45.85 95=54.81 99=73.73 99.9=112.83 99.99=314.88]
2025-04-21 14:39:56 6 sec: 209775 operations; [INSERT: Count=209775 Max=28393.47 Min=3.94 Avg=25.21 10=8.61 25=13.81 50=21.44 75=32.83 90=45.44 95=54.37 99=73.79 99.9=119.04 99.99=327.94]
2025-04-21 14:39:57 7 sec: 249068 operations; [INSERT: Count=249068 Max=28393.47 Min=3.94 Avg=24.72 10=9.18 25=13.87 50=20.96 75=31.73 90=43.97 95=52.67 99=71.81 99.9=114.37 99.99=322.81]
2025-04-21 14:39:58 8 sec: 288223 operations; [INSERT: Count=288223 Max=28393.47 Min=3.94 Avg=24.38 10=9.59 25=13.95 50=20.70 75=31.07 90=42.98 95=51.49 99=70.33 99.9=111.36 99.99=320.00]
2025-04-21 14:39:59 9 sec: 327288 operations; [INSERT: Count=327288 Max=28393.47 Min=3.94 Avg=24.13 10=9.90 25=14.02 50=20.54 75=30.61 90=42.17 95=50.46 99=69.18 99.9=109.69 99.99=317.44]
2025-04-21 14:40:00 10 sec: 366118 operations; [INSERT: Count=366118 Max=28393.47 Min=3.94 Avg=23.95 10=10.14 25=14.10 50=20.45 75=30.27 90=41.53 95=49.63 99=68.09 99.9=108.03 99.99=315.65]
2025-04-21 14:40:01 11 sec: 404901 operations; [INSERT: Count=404901 Max=28393.47 Min=3.94 Avg=23.81 10=10.30 25=14.12 50=20.34 75=29.97 90=41.09 95=49.12 99=67.71 99.9=113.09 99.99=320.51]
2025-04-21 14:40:02 12 sec: 439900 operations; [INSERT: Count=439900 Max=28393.47 Min=3.94 Avg=23.82 10=10.51 25=14.28 50=20.41 75=29.86 90=40.77 95=48.67 99=67.07 99.9=111.17 99.99=329.47]
2025-04-21 14:40:03 13 sec: 478868 operations; [INSERT: Count=478868 Max=28393.47 Min=3.94 Avg=23.58 10=10.54 25=14.20 50=20.22 75=29.47 90=40.22 95=48.03 99=66.30 99.9=109.31 99.99=349.18]
2025-04-21 14:40:04 14 sec: 516242 operations; [INSERT: Count=516242 Max=28393.47 Min=3.94 Avg=23.47 10=10.60 25=14.19 50=20.14 75=29.30 90=39.94 95=47.62 99=65.79 99.9=106.75 99.99=366.33]
2025-04-21 14:40:05 15 sec: 554203 operations; [INSERT: Count=554203 Max=28393.47 Min=3.94 Avg=23.35 10=10.66 25=14.18 50=20.06 75=29.07 90=39.55 95=47.10 99=65.15 99.9=105.79 99.99=404.22]
2025-04-21 14:40:06 16 sec: 592138 operations; [INSERT: Count=592138 Max=28393.47 Min=3.94 Avg=23.24 10=10.70 25=14.15 50=19.95 75=28.83 90=39.26 95=46.78 99=65.06 99.9=109.89 99.99=416.51]
2025-04-21 14:40:07 17 sec: 631365 operations; [INSERT: Count=631365 Max=28393.47 Min=3.94 Avg=23.08 10=10.73 25=14.11 50=19.82 75=28.59 90=38.88 95=46.34 99=64.42 99.9=108.54 99.99=431.62]
2025-04-21 14:40:08 18 sec: 670309 operations; [INSERT: Count=670309 Max=28393.47 Min=3.94 Avg=22.95 10=10.78 25=14.09 50=19.73 75=28.37 90=38.53 95=45.95 99=63.94 99.9=107.14 99.99=439.81]
2025-04-21 14:40:09 19 sec: 707847 operations; [INSERT: Count=707847 Max=28393.47 Min=3.94 Avg=22.90 10=10.82 25=14.10 50=19.70 75=28.27 90=38.34 95=45.70 99=63.52 99.9=106.05 99.99=441.60]
2025-04-21 14:40:10 20 sec: 746267 operations; [INSERT: Count=746267 Max=28393.47 Min=3.94 Avg=22.81 10=10.86 25=14.10 50=19.65 75=28.13 90=38.11 95=45.38 99=63.10 99.9=104.51 99.99=441.34]
2025-04-21 14:40:11 21 sec: 782972 operations; [INSERT: Count=782972 Max=28393.47 Min=3.94 Avg=22.80 10=10.88 25=14.07 50=19.54 75=27.95 90=37.92 95=45.25 99=63.71 99.9=110.91 99.99=506.88]
2025-04-21 14:40:12 22 sec: 824258 operations; [INSERT: Count=824258 Max=28393.47 Min=3.94 Avg=22.63 10=10.86 25=13.97 50=19.31 75=27.60 90=37.53 95=44.93 99=64.16 99.9=113.28 99.99=542.72]
2025-04-21 14:40:13 23 sec: 860818 operations; [INSERT: Count=860818 Max=28393.47 Min=3.94 Avg=22.64 10=10.92 25=14.01 50=19.31 75=27.50 90=37.38 95=44.77 99=64.70 99.9=116.22 99.99=565.25]
2025-04-21 14:40:14 24 sec: 892503 operations; [INSERT: Count=892503 Max=28393.47 Min=3.94 Avg=22.79 10=10.97 25=14.09 50=19.42 75=27.60 90=37.44 95=44.83 99=65.38 99.9=119.55 99.99=601.09]
2025-04-21 14:40:15 25 sec: 924904 operations; [INSERT: Count=924904 Max=34045.95 Min=3.94 Avg=22.91 10=10.96 25=14.07 50=19.42 75=27.58 90=37.47 95=44.96 99=66.75 99.9=134.53 99.99=624.13]
2025-04-21 14:40:16 26 sec: 953387 operations; [INSERT: Count=953387 Max=34045.95 Min=3.94 Avg=23.14 10=11.00 25=14.13 50=19.55 75=27.82 90=37.89 95=45.60 99=68.80 99.9=144.25 99.99=633.34]
2025-04-21 14:40:17 27 sec: 995403 operations; [INSERT: Count=995403 Max=34045.95 Min=3.94 Avg=23.02 10=10.77 25=13.90 50=19.26 75=27.57 90=37.82 95=45.73 99=70.02 99.9=152.19 99.99=638.46]
2025-04-21 14:40:18 28 sec: 1000000 operations; [INSERT: Count=1000000 Max=34045.95 Min=3.94 Avg=23.03 10=10.76 25=13.89 50=19.26 75=27.57 90=37.85 95=45.79 99=70.33 99.9=154.62 99.99=638.46]
2025-04-21 14:40:19 29 sec: 1000000 operations; [INSERT: Count=1000000 Max=34045.95 Min=3.94 Avg=23.03 10=10.76 25=13.89 50=19.26 75=27.57 90=37.85 95=45.79 99=70.33 99.9=154.62 99.99=638.46]
2025-04-21 14:40:20 30 sec: 1000000 operations; [INSERT: Count=1000000 Max=34045.95 Min=3.94 Avg=23.03 10=10.76 25=13.89 50=19.26 75=27.57 90=37.85 95=45.79 99=70.33 99.9=154.62 99.99=638.46]
2025-04-21 14:40:21 31 sec: 1000000 operations; [INSERT: Count=1000000 Max=34045.95 Min=3.94 Avg=23.03 10=10.76 25=13.89 50=19.26 75=27.57 90=37.85 95=45.79 99=70.33 99.9=154.62 99.99=638.46]
2025-04-21 14:40:22 32 sec: 1000000 operations; [INSERT: Count=1000000 Max=34045.95 Min=3.94 Avg=23.03 10=10.76 25=13.89 50=19.26 75=27.57 90=37.85 95=45.79 99=70.33 99.9=154.62 99.99=638.46]
2025-04-21 14:40:23 33 sec: 1000000 operations; [INSERT: Count=1000000 Max=34045.95 Min=3.94 Avg=23.03 10=10.76 25=13.89 50=19.26 75=27.57 90=37.85 95=45.79 99=70.33 99.9=154.62 99.99=638.46]
2025-04-21 14:40:24 33 sec: 1000000 operations; [INSERT: Count=1000000 Max=34045.95 Min=3.94 Avg=23.03 10=10.76 25=13.89 50=19.26 75=27.57 90=37.85 95=45.79 99=70.33 99.9=154.62 99.99=638.46]
Load runtime(sec): 33.4225
Load operations(ops): 1000000
Load throughput(ops/sec): 29920
