Running scope as unit: run-r5ddd33dc37874f8d8b2d50fa4e9a5189.scope
load file:/home/user/DataFiles/silesia_data/silesia.tar
2025-04-21 14:39:51 0 sec: 0 operations;
2025-04-21 14:39:52 1 sec: 39818 operations; [INSERT: Count=39818 Max=3090.43 Min=4.57 Avg=18.32 10=9.38 25=11.86 50=16.15 75=22.73 90=29.79 95=34.46 99=44.70 99.9=61.73 99.99=261.89]
2025-04-21 14:39:53 2 sec: 86374 operations; [INSERT: Count=86374 Max=3090.43 Min=4.57 Avg=18.25 10=9.56 25=11.99 50=16.19 75=22.59 90=29.36 95=33.85 99=43.65 99.9=60.61 99.99=261.89]
2025-04-21 14:39:54 3 sec: 134127 operations; [INSERT: Count=134127 Max=3090.43 Min=4.57 Avg=18.03 10=9.57 25=11.94 50=16.03 75=22.19 90=28.80 95=33.12 99=42.81 99.9=61.92 99.99=271.36]
2025-04-21 14:39:55 4 sec: 181925 operations; [INSERT: Count=181925 Max=3090.43 Min=4.57 Avg=17.92 10=9.62 25=11.94 50=15.96 75=22.00 90=28.48 95=32.72 99=42.24 99.9=60.80 99.99=270.33]
2025-04-21 14:39:56 5 sec: 229723 operations; [INSERT: Count=229723 Max=3090.43 Min=4.57 Avg=17.84 10=9.65 25=11.95 50=15.90 75=21.84 90=28.24 95=32.43 99=41.82 99.9=60.64 99.99=277.25]
2025-04-21 14:39:57 6 sec: 274589 operations; [INSERT: Count=274589 Max=28295.17 Min=4.57 Avg=18.02 10=9.70 25=12.01 50=15.94 75=21.89 90=28.27 95=32.51 99=42.24 99.9=74.43 99.99=283.13]
2025-04-21 14:39:58 7 sec: 320414 operations; [INSERT: Count=320414 Max=28295.17 Min=4.57 Avg=18.08 10=9.77 25=12.07 50=15.99 75=21.92 90=28.27 95=32.51 99=42.11 99.9=70.78 99.99=282.37]
2025-04-21 14:39:59 8 sec: 366235 operations; [INSERT: Count=366235 Max=28295.17 Min=4.57 Avg=18.13 10=9.83 25=12.14 50=16.06 75=21.98 90=28.35 95=32.61 99=42.14 99.9=68.22 99.99=281.09]
2025-04-21 14:40:00 9 sec: 412181 operations; [INSERT: Count=412181 Max=28295.17 Min=4.57 Avg=18.16 10=9.89 25=12.19 50=16.11 75=22.03 90=28.38 95=32.61 99=42.11 99.9=66.81 99.99=280.32]
2025-04-21 14:40:01 10 sec: 456728 operations; [INSERT: Count=456728 Max=28295.17 Min=4.57 Avg=18.25 10=9.94 25=12.26 50=16.19 75=22.16 90=28.54 95=32.80 99=42.37 99.9=65.73 99.99=281.86]
2025-04-21 14:40:02 11 sec: 482595 operations; [INSERT: Count=482595 Max=28295.17 Min=4.57 Avg=19.08 10=10.02 25=12.40 50=16.51 75=22.83 90=29.97 95=35.33 99=53.25 99.9=117.82 99.99=292.10]
2025-04-21 14:40:03 12 sec: 506477 operations; [INSERT: Count=506477 Max=28295.17 Min=4.57 Avg=19.93 10=10.10 25=12.56 50=16.88 75=23.61 90=31.66 95=38.66 99=64.09 99.9=125.95 99.99=305.15]
2025-04-21 14:40:04 13 sec: 534152 operations; [INSERT: Count=534152 Max=28295.17 Min=4.57 Avg=20.51 10=10.18 25=12.73 50=17.25 75=24.32 90=33.05 95=40.93 99=66.50 99.9=126.14 99.99=347.90]
2025-04-21 14:40:05 14 sec: 563473 operations; [INSERT: Count=563473 Max=28295.17 Min=4.57 Avg=20.96 10=10.27 25=12.89 50=17.61 75=24.98 90=34.21 95=42.40 99=66.88 99.9=125.38 99.99=377.09]
2025-04-21 14:40:06 15 sec: 590283 operations; [INSERT: Count=590283 Max=28295.17 Min=4.57 Avg=21.48 10=10.35 25=13.04 50=17.95 75=25.57 90=35.33 95=44.16 99=70.02 99.9=130.50 99.99=432.38]
2025-04-21 14:40:07 16 sec: 609691 operations; [INSERT: Count=609691 Max=28295.17 Min=4.57 Avg=22.27 10=10.41 25=13.17 50=18.27 75=26.34 90=37.38 95=47.84 99=76.99 99.9=140.29 99.99=443.90]
2025-04-21 14:40:08 17 sec: 628944 operations; [INSERT: Count=628944 Max=28295.17 Min=4.57 Avg=23.02 10=10.47 25=13.30 50=18.62 75=27.14 90=39.52 95=51.26 99=81.73 99.9=142.34 99.99=468.48]
2025-04-21 14:40:09 18 sec: 648744 operations; [INSERT: Count=648744 Max=28295.17 Min=4.57 Avg=23.69 10=10.54 25=13.44 50=18.98 75=27.97 90=41.53 95=54.11 99=84.86 99.9=144.90 99.99=495.36]
2025-04-21 14:40:10 19 sec: 669086 operations; [INSERT: Count=669086 Max=28295.17 Min=4.57 Avg=24.31 10=10.60 25=13.57 50=19.33 75=28.78 90=43.39 95=56.41 99=86.91 99.9=146.69 99.99=512.77]
2025-04-21 14:40:11 20 sec: 690177 operations; [INSERT: Count=690177 Max=28295.17 Min=4.57 Avg=24.86 10=10.66 25=13.71 50=19.70 75=29.58 90=44.99 95=58.17 99=88.51 99.9=146.81 99.99=512.77]
2025-04-21 14:40:12 21 sec: 708863 operations; [INSERT: Count=708863 Max=28295.17 Min=4.57 Avg=25.48 10=10.73 25=13.84 50=20.02 75=30.35 90=46.62 95=60.16 99=91.20 99.9=151.55 99.99=513.79]
2025-04-21 14:40:13 22 sec: 726051 operations; [INSERT: Count=726051 Max=28295.17 Min=4.57 Avg=26.13 10=10.78 25=13.95 50=20.34 75=31.17 90=48.45 95=62.40 99=94.14 99.9=158.97 99.99=517.63]
2025-04-21 14:40:14 23 sec: 750303 operations; [INSERT: Count=750303 Max=64421.89 Min=4.57 Avg=26.46 10=10.84 25=14.05 50=20.48 75=31.38 90=48.73 95=62.85 99=95.30 99.9=166.40 99.99=587.26]
2025-04-21 14:40:15 24 sec: 782713 operations; [INSERT: Count=782713 Max=64421.89 Min=4.57 Avg=26.45 10=10.91 25=14.16 50=20.59 75=31.28 90=48.26 95=62.37 99=95.49 99.9=169.85 99.99=599.04]
2025-04-21 14:40:16 25 sec: 811641 operations; [INSERT: Count=811641 Max=64421.89 Min=4.57 Avg=26.57 10=10.97 25=14.25 50=20.69 75=31.34 90=48.26 95=62.53 99=96.77 99.9=182.53 99.99=616.96]
2025-04-21 14:40:17 26 sec: 838138 operations; [INSERT: Count=838138 Max=64421.89 Min=4.57 Avg=26.77 10=11.02 25=14.32 50=20.77 75=31.44 90=48.32 95=62.56 99=97.47 99.9=193.92 99.99=708.61]
2025-04-21 14:40:18 27 sec: 866884 operations; [INSERT: Count=866884 Max=64421.89 Min=4.57 Avg=26.87 10=11.06 25=14.38 50=20.78 75=31.39 90=48.41 95=62.94 99=99.07 99.9=206.08 99.99=713.22]
2025-04-21 14:40:19 28 sec: 894275 operations; [INSERT: Count=894275 Max=64421.89 Min=4.57 Avg=27.04 10=11.05 25=14.33 50=20.67 75=31.31 90=48.41 95=63.04 99=99.71 99.9=215.55 99.99=756.22]
2025-04-21 14:40:20 29 sec: 942034 operations; [INSERT: Count=942034 Max=64421.89 Min=4.57 Avg=26.54 10=10.79 25=14.02 50=20.21 75=30.69 90=47.55 95=62.11 99=98.56 99.9=209.66 99.99=756.22]
2025-04-21 14:40:21 30 sec: 995337 operations; [INSERT: Count=995337 Max=64421.89 Min=4.57 Avg=25.96 10=10.22 25=13.43 50=19.54 75=29.97 90=46.56 95=61.12 99=97.66 99.9=206.08 99.99=786.43]
2025-04-21 14:40:22 31 sec: 1000000 operations; [INSERT: Count=1000000 Max=64421.89 Min=4.57 Avg=25.89 10=10.17 25=13.38 50=19.45 75=29.89 90=46.49 95=61.05 99=97.53 99.9=205.95 99.99=786.43]
2025-04-21 14:40:23 32 sec: 1000000 operations; [INSERT: Count=1000000 Max=64421.89 Min=4.57 Avg=25.89 10=10.17 25=13.38 50=19.45 75=29.89 90=46.49 95=61.05 99=97.53 99.9=205.95 99.99=786.43]
2025-04-21 14:40:24 33 sec: 1000000 operations; [INSERT: Count=1000000 Max=64421.89 Min=4.57 Avg=25.89 10=10.17 25=13.38 50=19.45 75=29.89 90=46.49 95=61.05 99=97.53 99.9=205.95 99.99=786.43]
2025-04-21 14:40:25 34 sec: 1000000 operations; [INSERT: Count=1000000 Max=64421.89 Min=4.57 Avg=25.89 10=10.17 25=13.38 50=19.45 75=29.89 90=46.49 95=61.05 99=97.53 99.9=205.95 99.99=786.43]
2025-04-21 14:40:26 35 sec: 1000000 operations; [INSERT: Count=1000000 Max=64421.89 Min=4.57 Avg=25.89 10=10.17 25=13.38 50=19.45 75=29.89 90=46.49 95=61.05 99=97.53 99.9=205.95 99.99=786.43]
2025-04-21 14:40:27 36 sec: 1000000 operations; [INSERT: Count=1000000 Max=64421.89 Min=4.57 Avg=25.89 10=10.17 25=13.38 50=19.45 75=29.89 90=46.49 95=61.05 99=97.53 99.9=205.95 99.99=786.43]
2025-04-21 14:40:28 37 sec: 1000000 operations; [INSERT: Count=1000000 Max=64421.89 Min=4.57 Avg=25.89 10=10.17 25=13.38 50=19.45 75=29.89 90=46.49 95=61.05 99=97.53 99.9=205.95 99.99=786.43]
2025-04-21 14:40:29 38 sec: 1000000 operations; [INSERT: Count=1000000 Max=64421.89 Min=4.57 Avg=25.89 10=10.17 25=13.38 50=19.45 75=29.89 90=46.49 95=61.05 99=97.53 99.9=205.95 99.99=786.43]
2025-04-21 14:40:30 39 sec: 1000000 operations; [INSERT: Count=1000000 Max=64421.89 Min=4.57 Avg=25.89 10=10.17 25=13.38 50=19.45 75=29.89 90=46.49 95=61.05 99=97.53 99.9=205.95 99.99=786.43]
2025-04-21 14:40:31 40 sec: 1000000 operations; [INSERT: Count=1000000 Max=64421.89 Min=4.57 Avg=25.89 10=10.17 25=13.38 50=19.45 75=29.89 90=46.49 95=61.05 99=97.53 99.9=205.95 99.99=786.43]
2025-04-21 14:40:32 41 sec: 1000000 operations; [INSERT: Count=1000000 Max=64421.89 Min=4.57 Avg=25.89 10=10.17 25=13.38 50=19.45 75=29.89 90=46.49 95=61.05 99=97.53 99.9=205.95 99.99=786.43]
2025-04-21 14:40:32 41 sec: 1000000 operations; [INSERT: Count=1000000 Max=64421.89 Min=4.57 Avg=25.89 10=10.17 25=13.38 50=19.45 75=29.89 90=46.49 95=61.05 99=97.53 99.9=205.95 99.99=786.43]
Load runtime(sec): 41.1033
Load operations(ops): 1000000
Load throughput(ops/sec): 24329
