Running scope as unit: run-rdee6caa953d3476d8de3d04725e80250.scope
load file:/home/user/DataFiles/silesia_data/silesia.tar
2025-04-21 14:39:50 0 sec: 0 operations;
2025-04-21 14:39:51 1 sec: 48123 operations; [INSERT: Count=48123 Max=3753.98 Min=3.95 Avg=17.07 10=4.90 25=6.71 50=10.57 75=21.33 90=38.40 95=48.99 99=73.02 99.9=130.75 99.99=370.18]
2025-04-21 14:39:52 2 sec: 78730 operations; [INSERT: Count=78730 Max=3753.98 Min=3.95 Avg=21.85 10=5.71 25=8.68 50=16.69 75=30.35 90=44.58 95=54.21 99=75.26 99.9=120.32 99.99=360.96]
2025-04-21 14:39:53 3 sec: 109364 operations; [INSERT: Count=109364 Max=3753.98 Min=3.95 Avg=23.94 10=6.46 25=10.94 50=19.71 75=32.69 90=46.40 95=55.77 99=75.90 99.9=115.78 99.99=337.92]
2025-04-21 14:39:54 4 sec: 140130 operations; [INSERT: Count=140130 Max=3753.98 Min=3.95 Avg=25.09 10=7.13 25=12.57 50=21.30 75=33.76 90=47.17 95=56.32 99=76.09 99.9=113.47 99.99=320.25]
2025-04-21 14:39:55 5 sec: 170998 operations; [INSERT: Count=170998 Max=3753.98 Min=3.95 Avg=25.81 10=7.88 25=13.61 50=22.19 75=34.40 90=47.65 95=56.64 99=76.09 99.9=111.36 99.99=326.65]
2025-04-21 14:39:56 6 sec: 203583 operations; [INSERT: Count=203583 Max=28426.24 Min=3.95 Avg=26.05 10=8.60 25=14.10 50=22.35 75=34.17 90=47.17 95=56.09 99=75.78 99.9=115.26 99.99=324.86]
2025-04-21 14:39:57 7 sec: 240450 operations; [INSERT: Count=240450 Max=41222.14 Min=3.95 Avg=25.70 10=9.24 25=14.22 50=21.87 75=33.12 90=45.76 95=54.49 99=73.98 99.9=113.60 99.99=324.86]
2025-04-21 14:39:58 8 sec: 278028 operations; [INSERT: Count=278028 Max=41222.14 Min=3.95 Avg=25.37 10=9.72 25=14.34 50=21.63 75=32.46 90=44.67 95=53.28 99=72.77 99.9=112.58 99.99=320.25]
2025-04-21 14:39:59 9 sec: 315576 operations; [INSERT: Count=315576 Max=41222.14 Min=3.95 Avg=25.12 10=10.08 25=14.45 50=21.45 75=31.97 90=43.90 95=52.35 99=71.61 99.9=110.85 99.99=316.67]
2025-04-21 14:40:00 10 sec: 353167 operations; [INSERT: Count=353167 Max=41222.14 Min=3.95 Avg=24.92 10=10.34 25=14.51 50=21.34 75=31.58 90=43.30 95=51.52 99=70.46 99.9=109.12 99.99=315.65]
2025-04-21 14:40:01 11 sec: 391321 operations; [INSERT: Count=391321 Max=41222.14 Min=3.95 Avg=24.72 10=10.49 25=14.49 50=21.14 75=31.18 90=42.72 95=50.98 99=70.21 99.9=113.98 99.99=325.63]
2025-04-21 14:40:02 12 sec: 435831 operations; [INSERT: Count=435831 Max=41222.14 Min=3.95 Avg=24.14 10=10.53 25=14.29 50=20.57 75=30.25 90=41.57 95=49.76 99=68.73 99.9=110.59 99.99=328.45]
2025-04-21 14:40:03 13 sec: 483909 operations; [INSERT: Count=483909 Max=41222.14 Min=3.95 Avg=23.48 10=10.29 25=13.90 50=19.93 75=29.30 90=40.48 95=48.61 99=67.58 99.9=108.48 99.99=335.36]
2025-04-21 14:40:04 14 sec: 529934 operations; [INSERT: Count=529934 Max=41222.14 Min=3.95 Avg=23.04 10=10.19 25=13.68 50=19.55 75=28.67 90=39.62 95=47.71 99=66.62 99.9=106.62 99.99=344.06]
2025-04-21 14:40:05 15 sec: 576624 operations; [INSERT: Count=576624 Max=41222.14 Min=3.95 Avg=22.64 10=10.13 25=13.49 50=19.18 75=28.08 90=38.81 95=46.81 99=65.66 99.9=104.51 99.99=353.54]
2025-04-21 14:40:06 16 sec: 623301 operations; [INSERT: Count=623301 Max=41222.14 Min=3.95 Avg=22.29 10=10.05 25=13.30 50=18.86 75=27.57 90=38.21 95=46.17 99=65.06 99.9=104.64 99.99=363.26]
2025-04-21 14:40:07 17 sec: 671186 operations; [INSERT: Count=671186 Max=41222.14 Min=3.95 Avg=21.95 10=10.00 25=13.15 50=18.56 75=27.07 90=37.53 95=45.41 99=64.25 99.9=103.61 99.99=374.01]
2025-04-21 14:40:08 18 sec: 718932 operations; [INSERT: Count=718932 Max=41222.14 Min=3.95 Avg=21.66 10=9.96 25=13.03 50=18.32 75=26.64 90=36.93 95=44.70 99=63.45 99.9=102.66 99.99=379.13]
2025-04-21 14:40:09 19 sec: 763122 operations; [INSERT: Count=763122 Max=41222.14 Min=3.95 Avg=21.53 10=9.97 25=12.98 50=18.18 75=26.38 90=36.51 95=44.29 99=62.98 99.9=104.45 99.99=410.62]
2025-04-21 14:40:10 20 sec: 805295 operations; [INSERT: Count=805295 Max=41222.14 Min=3.95 Avg=21.46 10=9.98 25=12.95 50=18.08 75=26.16 90=36.19 95=43.97 99=62.98 99.9=113.15 99.99=475.39]
2025-04-21 14:40:11 21 sec: 849181 operations; [INSERT: Count=849181 Max=41222.14 Min=3.95 Avg=21.36 10=9.98 25=12.89 50=17.92 75=25.89 90=35.87 95=43.71 99=63.20 99.9=117.57 99.99=492.80]
2025-04-21 14:40:12 22 sec: 897859 operations; [INSERT: Count=897859 Max=41222.14 Min=3.95 Avg=21.13 10=9.94 25=12.76 50=17.65 75=25.45 90=35.39 95=43.33 99=63.13 99.9=118.53 99.99=506.88]
2025-04-21 14:40:13 23 sec: 952528 operations; [INSERT: Count=952528 Max=41222.14 Min=3.95 Avg=20.77 10=9.70 25=12.49 50=17.28 75=24.98 90=34.88 95=42.88 99=62.91 99.9=117.44 99.99=524.03]
2025-04-21 14:40:14 24 sec: 972798 operations; [INSERT: Count=972798 Max=41222.14 Min=3.95 Avg=21.26 10=9.74 25=12.56 50=17.45 75=25.39 90=35.90 95=44.58 99=67.01 99.9=154.24 99.99=546.30]
2025-04-21 14:40:15 25 sec: 993798 operations; [INSERT: Count=993798 Max=41222.14 Min=3.95 Avg=21.71 10=9.78 25=12.63 50=17.61 75=25.79 90=36.83 95=46.08 99=70.97 99.9=211.07 99.99=572.93]
2025-04-21 14:40:16 26 sec: 1000000 operations; [INSERT: Count=1000000 Max=41222.14 Min=3.95 Avg=21.74 10=9.79 25=12.65 50=17.65 75=25.84 90=36.86 95=46.11 99=71.10 99.9=212.09 99.99=581.12]
2025-04-21 14:40:17 27 sec: 1000000 operations; [INSERT: Count=1000000 Max=41222.14 Min=3.95 Avg=21.74 10=9.79 25=12.65 50=17.65 75=25.84 90=36.86 95=46.11 99=71.10 99.9=212.09 99.99=581.12]
2025-04-21 14:40:18 28 sec: 1000000 operations; [INSERT: Count=1000000 Max=41222.14 Min=3.95 Avg=21.74 10=9.79 25=12.65 50=17.65 75=25.84 90=36.86 95=46.11 99=71.10 99.9=212.09 99.99=581.12]
2025-04-21 14:40:19 29 sec: 1000000 operations; [INSERT: Count=1000000 Max=41222.14 Min=3.95 Avg=21.74 10=9.79 25=12.65 50=17.65 75=25.84 90=36.86 95=46.11 99=71.10 99.9=212.09 99.99=581.12]
2025-04-21 14:40:20 30 sec: 1000000 operations; [INSERT: Count=1000000 Max=41222.14 Min=3.95 Avg=21.74 10=9.79 25=12.65 50=17.65 75=25.84 90=36.86 95=46.11 99=71.10 99.9=212.09 99.99=581.12]
2025-04-21 14:40:21 30 sec: 1000000 operations; [INSERT: Count=1000000 Max=41222.14 Min=3.95 Avg=21.74 10=9.79 25=12.65 50=17.65 75=25.84 90=36.86 95=46.11 99=71.10 99.9=212.09 99.99=581.12]
Load runtime(sec): 30.4892
Load operations(ops): 1000000
Load throughput(ops/sec): 32798.5
