Running scope as unit: run-rd9a9940a42e741379d063bc288bfa522.scope
load file:/home/user/DataFiles/silesia_data/silesia.tar
2025-04-19 13:37:03 0 sec: 0 operations;
2025-04-19 13:37:04 1 sec: 0 operations;
2025-04-19 13:37:05 2 sec: 0 operations;
2025-04-19 13:37:06 3 sec: 0 operations;
2025-04-19 13:37:07 4 sec: 0 operations;
2025-04-19 13:37:08 5 sec: 0 operations;
2025-04-19 13:37:09 6 sec: 0 operations;
2025-04-19 13:37:10 7 sec: 0 operations;
2025-04-19 13:37:11 8 sec: 0 operations;
2025-04-19 13:37:12 9 sec: 0 operations;
2025-04-19 13:37:13 10 sec: 0 operations;
2025-04-19 13:37:14 11 sec: 0 operations;
2025-04-19 13:37:15 12 sec: 0 operations;
2025-04-19 13:37:16 13 sec: 0 operations;
2025-04-19 13:37:17 14 sec: 0 operations;
2025-04-19 13:37:18 15 sec: 0 operations;
2025-04-19 13:37:19 16 sec: 0 operations;
2025-04-19 13:37:20 17 sec: 0 operations;
2025-04-19 13:37:21 18 sec: 0 operations;
2025-04-19 13:37:22 19 sec: 0 operations;
2025-04-19 13:37:23 20 sec: 0 operations;
2025-04-19 13:37:24 21 sec: 0 operations;
2025-04-19 13:37:25 22 sec: 5037 operations; [READ: Count=2558 Max=2273.28 Min=6.15 Avg=148.56 10=53.57 25=79.55 50=120.77 75=188.67 90=260.99 95=322.81 99=562.69 99.9=1205.25 99.99=2273.28] [UPDATE: Count=2479 Max=9895.93 Min=14.06 Avg=185.16 10=62.88 25=89.92 50=136.70 75=207.10 90=284.93 95=363.52 99=1124.35 99.9=4012.03 99.99=9895.93]
2025-04-19 13:37:26 23 sec: 11664 operations; [READ: Count=5868 Max=2273.28 Min=4.07 Avg=146.53 10=54.85 25=83.26 50=126.40 75=191.87 90=254.34 95=300.54 99=410.11 99.9=1195.01 99.99=1463.30] [UPDATE: Count=5796 Max=9895.93 Min=11.39 Avg=167.62 10=64.03 25=94.08 50=140.41 75=204.03 90=269.57 95=315.90 99=534.01 99.9=2832.38 99.99=8163.33]
2025-04-19 13:37:27 24 sec: 18191 operations; [READ: Count=9068 Max=2273.28 Min=4.07 Avg=146.86 10=54.88 25=84.86 50=128.96 75=194.18 90=256.25 95=297.21 99=393.47 99.9=1043.45 99.99=1463.30] [UPDATE: Count=9123 Max=9895.93 Min=11.38 Avg=163.46 10=64.58 25=96.00 50=141.06 75=203.78 90=266.75 95=309.76 99=457.98 99.9=2033.66 99.99=8163.33]
2025-04-19 13:37:28 25 sec: 24661 operations; [READ: Count=12330 Max=2273.28 Min=4.07 Avg=146.76 10=55.62 25=86.40 50=129.98 75=194.05 90=255.23 95=293.89 99=383.49 99.9=986.11 99.99=1463.30] [UPDATE: Count=12331 Max=9895.93 Min=10.81 Avg=162.65 10=66.11 25=98.24 50=142.72 75=204.29 90=267.01 95=308.74 99=432.64 99.9=1612.80 99.99=8163.33]
2025-04-19 13:37:29 26 sec: 31115 operations; [READ: Count=15564 Max=2273.28 Min=4.07 Avg=146.94 10=55.62 25=87.10 50=130.43 75=193.53 90=254.08 95=293.89 99=400.13 99.9=793.60 99.99=1355.78] [UPDATE: Count=15551 Max=9895.93 Min=10.02 Avg=162.05 10=66.17 25=98.56 50=142.85 75=204.03 90=267.52 95=310.53 99=439.30 99.9=1354.75 99.99=4012.03]
2025-04-19 13:37:30 27 sec: 36740 operations; [READ: Count=18391 Max=2273.28 Min=4.07 Avg=148.38 10=54.88 25=85.76 50=128.25 75=191.36 90=257.02 95=303.62 99=503.04 99.9=986.11 99.99=1355.78] [UPDATE: Count=18349 Max=17465.34 Min=10.02 Avg=167.38 10=65.73 25=97.47 50=141.18 75=202.75 90=271.36 95=324.10 99=574.46 99.9=1612.80 99.99=13238.27]
2025-04-19 13:37:31 28 sec: 43337 operations; [READ: Count=21684 Max=2273.28 Min=3.91 Avg=147.40 10=53.95 25=84.99 50=127.36 75=190.08 90=255.23 95=301.82 99=503.81 99.9=986.11 99.99=1543.17] [UPDATE: Count=21653 Max=18448.38 Min=10.02 Avg=166.03 10=64.58 25=96.19 50=139.90 75=201.09 90=269.06 95=322.05 99=572.41 99.9=1559.55 99.99=13729.79]
2025-04-19 13:37:32 29 sec: 50599 operations; [READ: Count=25244 Max=2273.28 Min=3.30 Avg=144.95 10=52.90 25=83.97 50=126.08 75=187.78 90=250.62 95=295.68 99=477.44 99.9=961.53 99.99=1463.30] [UPDATE: Count=25355 Max=18448.38 Min=8.31 Avg=162.62 10=63.36 25=94.97 50=138.75 75=199.04 90=264.45 95=313.34 99=544.77 99.9=1383.42 99.99=13238.27]
2025-04-19 13:37:33 30 sec: 57537 operations; [READ: Count=28684 Max=2273.28 Min=3.30 Avg=144.01 10=52.32 25=83.78 50=125.95 75=187.39 90=249.09 95=293.12 99=456.96 99.9=888.32 99.99=1463.30] [UPDATE: Count=28853 Max=18448.38 Min=8.31 Avg=160.90 10=62.94 25=94.59 50=138.24 75=198.01 90=262.65 95=310.78 99=521.22 99.9=1281.02 99.99=13238.27]
2025-04-19 13:37:34 31 sec: 64574 operations; [READ: Count=32128 Max=2273.28 Min=3.30 Avg=142.86 10=51.58 25=83.39 50=125.57 75=186.11 90=247.55 95=291.07 99=450.05 99.9=865.28 99.99=1463.30] [UPDATE: Count=32446 Max=18448.38 Min=8.31 Avg=159.48 10=62.21 25=94.14 50=137.98 75=197.12 90=261.25 95=308.48 99=508.67 99.9=1216.51 99.99=13238.27]
2025-04-19 13:37:35 32 sec: 70776 operations; [READ: Count=35204 Max=2273.28 Min=3.18 Avg=143.00 10=50.46 25=82.56 50=124.80 75=185.22 90=247.42 95=292.61 99=489.73 99.9=958.98 99.99=1355.78] [UPDATE: Count=35572 Max=18448.38 Min=8.31 Avg=160.86 10=61.15 25=93.31 50=136.83 75=195.97 90=260.99 95=311.04 99=554.50 99.9=1344.51 99.99=13238.27]
2025-04-19 13:37:36 33 sec: 76764 operations; [READ: Count=38230 Max=2273.28 Min=3.05 Avg=143.19 10=49.85 25=81.92 50=124.09 75=184.32 90=247.17 95=294.14 99=529.92 99.9=1015.81 99.99=1463.30] [UPDATE: Count=38534 Max=18448.38 Min=8.31 Avg=162.83 10=60.67 25=92.93 50=136.32 75=195.46 90=261.25 95=313.34 99=597.50 99.9=1543.17 99.99=14032.90]
2025-04-19 13:37:37 34 sec: 83700 operations; [READ: Count=41657 Max=2273.28 Min=3.05 Avg=142.51 10=49.38 25=81.60 50=123.97 75=184.19 90=246.53 95=292.86 99=511.74 99.9=995.84 99.99=1463.30] [UPDATE: Count=42043 Max=18448.38 Min=8.31 Avg=161.80 10=60.06 25=92.48 50=136.06 75=195.20 90=260.61 95=311.30 99=582.65 99.9=1612.80 99.99=14032.90]
2025-04-19 13:37:38 35 sec: 95206 operations; [READ: Count=47337 Max=2273.28 Min=2.59 Avg=134.88 10=43.04 25=73.98 50=116.48 75=175.74 90=238.72 95=284.93 99=486.14 99.9=961.53 99.99=1362.94] [UPDATE: Count=47869 Max=18448.38 Min=8.31 Avg=153.34 10=53.73 25=85.06 50=128.00 75=187.01 90=252.54 95=302.59 99=554.50 99.9=1475.58 99.99=13729.79]
2025-04-19 13:37:39 36 sec: 106377 operations; [READ: Count=52808 Max=2273.28 Min=2.59 Avg=128.84 10=40.09 25=67.84 50=109.38 75=168.57 90=232.96 95=279.55 99=469.25 99.9=958.98 99.99=1362.94] [UPDATE: Count=53569 Max=18448.38 Min=8.31 Avg=147.60 10=50.14 25=78.72 50=120.64 75=180.09 90=246.91 95=297.98 99=553.98 99.9=1795.07 99.99=13729.79]
2025-04-19 13:37:40 37 sec: 117548 operations; [READ: Count=58319 Max=2273.28 Min=2.59 Avg=124.36 10=39.23 25=63.17 50=103.87 75=162.18 90=227.20 95=274.43 99=463.10 99.9=993.28 99.99=1517.57] [UPDATE: Count=59229 Max=18448.38 Min=7.87 Avg=142.59 10=48.93 25=74.11 50=115.07 75=174.34 90=241.41 95=291.84 99=549.38 99.9=1685.50 99.99=13238.27]
2025-04-19 13:37:41 38 sec: 128908 operations; [READ: Count=64000 Max=2273.28 Min=2.59 Avg=120.30 10=38.46 25=59.17 50=98.81 75=156.16 90=221.82 95=269.31 99=460.80 99.9=1027.07 99.99=1655.81] [UPDATE: Count=64908 Max=18448.38 Min=7.87 Avg=138.46 10=47.94 25=70.40 50=110.53 75=168.45 90=236.03 95=286.98 99=549.38 99.9=1696.77 99.99=13238.27]
2025-04-19 13:37:42 39 sec: 140650 operations; [READ: Count=69840 Max=2273.28 Min=2.59 Avg=116.66 10=37.95 25=56.48 50=94.97 75=150.66 90=216.83 95=264.19 99=451.58 99.9=1031.68 99.99=1679.36] [UPDATE: Count=70810 Max=18448.38 Min=7.87 Avg=134.50 10=47.39 25=67.84 50=106.30 75=163.33 90=230.66 95=281.60 99=538.62 99.9=1685.50 99.99=12820.48]
2025-04-19 13:37:43 40 sec: 152586 operations; [READ: Count=75851 Max=2273.28 Min=2.59 Avg=113.48 10=37.79 25=54.78 50=92.22 75=145.92 90=212.22 95=258.30 99=433.92 99.9=1016.83 99.99=1655.81] [UPDATE: Count=76735 Max=18448.38 Min=7.87 Avg=130.97 10=47.13 25=66.11 50=103.55 75=158.59 90=225.28 95=276.22 99=520.96 99.9=1642.49 99.99=12509.18]
2025-04-19 13:37:44 41 sec: 164555 operations; [READ: Count=81868 Max=2273.28 Min=2.59 Avg=110.70 10=37.57 25=53.57 50=89.86 75=141.82 90=207.36 95=253.69 99=419.33 99.9=1016.32 99.99=1679.36] [UPDATE: Count=82687 Max=18448.38 Min=7.87 Avg=127.97 10=46.88 25=64.73 50=101.25 75=154.50 90=220.67 95=270.85 99=507.13 99.9=1632.26 99.99=12509.18]
2025-04-19 13:37:45 42 sec: 176587 operations; [READ: Count=87835 Max=2273.28 Min=2.59 Avg=108.37 10=37.44 25=52.54 50=87.94 75=137.98 90=203.39 95=249.09 99=409.86 99.9=1016.32 99.99=1655.81] [UPDATE: Count=88752 Max=18448.38 Min=7.87 Avg=125.20 10=46.59 25=63.68 50=99.20 75=150.40 90=216.45 95=266.24 99=494.59 99.9=1563.65 99.99=10969.09]
2025-04-19 13:37:46 43 sec: 187949 operations; [READ: Count=93506 Max=2273.28 Min=2.59 Avg=106.45 10=37.25 25=51.62 50=86.27 75=134.53 90=199.68 95=245.50 99=403.97 99.9=1046.02 99.99=1915.90] [UPDATE: Count=94443 Max=18448.38 Min=7.87 Avg=123.48 10=46.40 25=62.88 50=97.53 75=146.94 90=212.86 95=262.65 99=487.42 99.9=1649.66 99.99=12509.18]
2025-04-19 13:37:47 44 sec: 200017 operations; [READ: Count=99598 Max=2273.28 Min=2.59 Avg=104.47 10=37.09 25=51.07 50=84.93 75=131.20 90=195.71 95=241.28 99=391.17 99.9=1037.31 99.99=1905.66] [UPDATE: Count=100419 Max=18448.38 Min=7.87 Avg=121.46 10=46.14 25=62.40 50=96.25 75=143.87 90=208.90 95=258.05 99=474.88 99.9=1649.66 99.99=12017.66]
2025-04-19 13:37:48 45 sec: 213057 operations; [READ: Count=106229 Max=2273.28 Min=2.59 Avg=102.23 10=36.64 25=50.21 50=83.26 75=127.81 90=191.62 95=237.57 99=381.44 99.9=1024.51 99.99=1819.65] [UPDATE: Count=106828 Max=18448.38 Min=7.87 Avg=119.11 10=45.66 25=61.60 50=94.78 75=140.67 90=204.93 95=253.95 99=463.62 99.9=1619.97 99.99=10969.09]
2025-04-19 13:37:49 46 sec: 226852 operations; [READ: Count=113142 Max=2273.28 Min=2.59 Avg=99.94 10=35.90 25=49.12 50=81.66 75=124.73 90=187.78 95=233.73 99=372.99 99.9=1015.81 99.99=1819.65] [UPDATE: Count=113710 Max=18448.38 Min=7.87 Avg=116.58 10=44.99 25=60.41 50=92.93 75=137.34 90=200.96 95=249.73 99=449.02 99.9=1559.55 99.99=10969.09]
2025-04-19 13:37:50 47 sec: 241047 operations; [READ: Count=120317 Max=2273.28 Min=2.59 Avg=97.71 10=34.98 25=48.06 50=79.94 75=121.60 90=184.19 95=229.89 99=366.08 99.9=1001.47 99.99=1811.45] [UPDATE: Count=120730 Max=18448.38 Min=7.87 Avg=114.23 10=44.06 25=59.33 50=91.14 75=134.27 90=197.12 95=246.14 99=440.32 99.9=1536.00 99.99=10723.33]
2025-04-19 13:37:51 48 sec: 253522 operations; [READ: Count=126596 Max=2273.28 Min=2.59 Avg=96.37 10=34.69 25=47.77 50=79.04 75=119.61 90=180.99 95=226.43 99=359.17 99.9=1001.98 99.99=1793.02] [UPDATE: Count=126926 Max=18448.38 Min=7.87 Avg=112.91 10=43.65 25=59.01 50=90.30 75=132.35 90=194.30 95=242.81 99=434.94 99.9=1539.07 99.99=10059.77]
2025-04-19 13:37:52 49 sec: 267121 operations; [READ: Count=133297 Max=2273.28 Min=2.59 Avg=94.82 10=34.08 25=47.13 50=77.95 75=117.63 90=177.79 95=222.97 99=352.51 99.9=1001.98 99.99=1855.49] [UPDATE: Count=133824 Max=18448.38 Min=7.87 Avg=111.15 10=42.94 25=58.37 50=89.22 75=130.11 90=190.97 95=239.36 99=423.42 99.9=1500.16 99.99=10723.33]
2025-04-19 13:37:53 50 sec: 281428 operations; [READ: Count=140474 Max=2273.28 Min=2.59 Avg=93.19 10=33.41 25=46.53 50=76.73 75=115.58 90=174.59 95=219.78 99=345.86 99.9=988.67 99.99=1819.65] [UPDATE: Count=140954 Max=18448.38 Min=7.87 Avg=109.30 10=42.05 25=57.63 50=88.00 75=128.13 90=187.65 95=235.90 99=413.18 99.9=1479.68 99.99=10059.77]
2025-04-19 13:37:54 51 sec: 295787 operations; [READ: Count=147652 Max=2273.28 Min=2.59 Avg=91.74 10=32.62 25=45.95 50=75.71 75=113.79 90=171.39 95=216.96 99=340.48 99.9=973.31 99.99=1811.45] [UPDATE: Count=148135 Max=18448.38 Min=7.87 Avg=107.57 10=41.15 25=56.90 50=86.85 75=126.02 90=184.57 95=232.45 99=405.50 99.9=1455.10 99.99=9895.93]
2025-04-19 13:37:55 52 sec: 310705 operations; [READ: Count=155085 Max=2273.28 Min=2.59 Avg=90.19 10=31.60 25=45.28 50=74.56 75=112.00 90=168.57 95=214.14 99=335.62 99.9=948.22 99.99=1793.02] [UPDATE: Count=155620 Max=18448.38 Min=7.87 Avg=105.88 10=39.94 25=56.22 50=85.69 75=124.29 90=181.63 95=229.25 99=396.29 99.9=1401.86 99.99=9674.75]
2025-04-19 13:37:56 53 sec: 324710 operations; [READ: Count=162104 Max=2273.28 Min=2.59 Avg=88.95 10=30.64 25=44.83 50=73.66 75=110.53 90=166.01 95=211.58 99=331.01 99.9=933.89 99.99=1793.02] [UPDATE: Count=162606 Max=18448.38 Min=7.87 Avg=104.73 10=38.88 25=55.68 50=84.86 75=122.69 90=179.07 95=226.43 99=387.84 99.9=1391.62 99.99=10289.15]
2025-04-19 13:37:57 54 sec: 338954 operations; [READ: Count=169207 Max=2273.28 Min=2.59 Avg=87.89 10=29.57 25=44.64 50=73.09 75=109.18 90=163.46 95=208.77 99=326.14 99.9=923.65 99.99=1777.66] [UPDATE: Count=169747 Max=18448.38 Min=7.87 Avg=103.47 10=37.82 25=55.39 50=84.22 75=121.28 90=176.64 95=223.49 99=381.18 99.9=1374.21 99.99=9895.93]
2025-04-19 13:37:58 55 sec: 352979 operations; [READ: Count=176228 Max=2273.28 Min=2.59 Avg=86.93 10=27.36 25=44.54 50=72.51 75=107.97 90=161.02 95=206.34 99=322.30 99.9=915.46 99.99=1775.62] [UPDATE: Count=176751 Max=18448.38 Min=7.87 Avg=102.39 10=36.73 25=55.26 50=83.71 75=120.06 90=174.34 95=220.80 99=373.76 99.9=1344.51 99.99=9895.93]
2025-04-19 13:37:59 56 sec: 367312 operations; [READ: Count=183448 Max=2273.28 Min=2.59 Avg=85.98 10=22.64 25=44.38 50=72.00 75=106.75 90=158.59 95=203.65 99=318.72 99.9=902.14 99.99=1775.62] [UPDATE: Count=183864 Max=18448.38 Min=7.87 Avg=101.31 10=35.17 25=55.13 50=83.14 75=118.91 90=172.03 95=218.24 99=368.64 99.9=1314.82 99.99=9895.93]
2025-04-19 13:38:00 57 sec: 382542 operations; [READ: Count=190999 Max=2273.28 Min=2.59 Avg=84.85 10=19.71 25=44.09 50=71.17 75=105.28 90=156.29 95=201.34 99=314.88 99.9=891.39 99.99=1739.78] [UPDATE: Count=191543 Max=18448.38 Min=7.87 Avg=100.11 10=33.15 25=54.85 50=82.24 75=117.38 90=169.60 95=215.55 99=363.52 99.9=1308.67 99.99=9674.75]
2025-04-19 13:38:01 58 sec: 399748 operations; [READ: Count=199625 Max=2273.28 Min=2.59 Avg=83.39 10=17.77 25=43.58 50=69.95 75=103.30 90=153.60 95=198.14 99=311.04 99.9=875.52 99.99=1731.58] [UPDATE: Count=200123 Max=18448.38 Min=7.87 Avg=98.52 10=31.20 25=54.24 50=81.09 75=115.45 90=166.91 95=212.74 99=356.61 99.9=1283.07 99.99=9363.45]
2025-04-19 13:38:02 59 sec: 417110 operations; [READ: Count=208290 Max=2273.28 Min=2.59 Avg=81.99 10=16.50 25=43.07 50=68.80 75=101.38 90=150.78 95=195.33 99=307.97 99.9=863.23 99.99=1689.60] [UPDATE: Count=208820 Max=18448.38 Min=7.87 Avg=97.05 10=29.61 25=53.70 50=79.94 75=113.60 90=164.48 95=209.92 99=350.21 99.9=1253.38 99.99=9134.08]
2025-04-19 13:38:03 60 sec: 434530 operations; [READ: Count=217104 Max=2273.28 Min=2.59 Avg=80.72 10=15.57 25=42.69 50=67.84 75=99.71 90=148.22 95=192.64 99=304.38 99.9=851.97 99.99=1679.36] [UPDATE: Count=217426 Max=18448.38 Min=7.87 Avg=95.67 10=28.54 25=53.28 50=78.97 75=111.94 90=162.05 95=207.23 99=344.83 99.9=1216.51 99.99=8937.47]
2025-04-19 13:38:04 61 sec: 452315 operations; [READ: Count=225968 Max=2273.28 Min=2.59 Avg=79.47 10=14.89 25=42.27 50=66.81 75=98.05 90=145.92 95=189.95 99=301.06 99.9=840.19 99.99=1655.81] [UPDATE: Count=226347 Max=18448.38 Min=7.87 Avg=94.31 10=27.60 25=52.83 50=78.02 75=110.33 90=159.49 95=204.54 99=340.22 99.9=1200.13 99.99=8839.17]
2025-04-19 13:38:05 62 sec: 470270 operations; [READ: Count=234981 Max=2273.28 Min=2.59 Avg=78.31 10=14.41 25=41.95 50=65.86 75=96.45 90=143.74 95=187.65 99=297.98 99.9=822.27 99.99=1655.81] [UPDATE: Count=235289 Max=18448.38 Min=7.87 Avg=93.01 10=26.89 25=52.38 50=76.99 75=108.80 90=157.18 95=201.98 99=335.36 99.9=1181.69 99.99=8617.98]
2025-04-19 13:38:06 63 sec: 488297 operations; [READ: Count=244156 Max=2273.28 Min=2.59 Avg=77.19 10=13.96 25=41.63 50=64.89 75=95.04 90=141.44 95=185.22 99=295.17 99.9=805.89 99.99=1641.47] [UPDATE: Count=244141 Max=18448.38 Min=7.87 Avg=91.82 10=26.30 25=52.03 50=76.09 75=107.33 90=154.88 95=199.55 99=331.26 99.9=1158.14 99.99=8617.98]
2025-04-19 13:38:07 64 sec: 506024 operations; [READ: Count=252934 Max=2273.28 Min=2.59 Avg=76.20 10=13.60 25=41.38 50=64.06 75=93.76 90=139.26 95=183.04 99=292.35 99.9=792.58 99.99=1634.30] [UPDATE: Count=253090 Max=18448.38 Min=7.87 Avg=90.76 10=25.82 25=51.71 50=75.33 75=105.98 90=152.70 95=196.99 99=327.68 99.9=1145.86 99.99=8617.98]
2025-04-19 13:38:08 65 sec: 524018 operations; [READ: Count=261911 Max=2273.28 Min=2.59 Avg=75.23 10=13.29 25=41.09 50=63.10 75=92.48 90=137.22 95=180.74 99=289.79 99.9=780.80 99.99=1572.86] [UPDATE: Count=262107 Max=18448.38 Min=7.87 Avg=89.74 10=25.42 25=51.42 50=74.50 75=104.83 90=150.66 95=194.81 99=323.84 99.9=1129.47 99.99=8318.98]
2025-04-19 13:38:09 66 sec: 546748 operations; [READ: Count=273199 Max=2273.28 Min=2.59 Avg=73.61 10=12.84 25=40.32 50=60.16 75=90.75 90=134.66 95=177.79 99=286.46 99.9=769.02 99.99=1565.69] [UPDATE: Count=273549 Max=18448.38 Min=7.87 Avg=88.06 10=24.82 25=50.53 50=72.06 75=103.10 90=148.22 95=192.38 99=321.02 99.9=1094.65 99.99=8163.33]
2025-04-19 13:38:10 67 sec: 573760 operations; [READ: Count=286550 Max=2273.28 Min=2.14 Avg=71.59 10=12.22 25=39.01 50=56.48 75=88.77 90=132.09 95=174.85 99=282.88 99.9=751.62 99.99=1552.38] [UPDATE: Count=287210 Max=18448.38 Min=7.87 Avg=85.87 10=23.89 25=48.83 50=68.61 75=101.12 90=145.41 95=189.31 99=317.95 99.9=1083.39 99.99=7286.78]
2025-04-19 13:38:11 68 sec: 602822 operations; [READ: Count=301016 Max=2273.28 Min=2.14 Avg=69.56 10=11.62 25=37.50 50=53.25 75=86.91 90=129.41 95=171.52 99=279.81 99.9=748.03 99.99=1552.38] [UPDATE: Count=301806 Max=18448.38 Min=6.55 Avg=83.55 10=22.85 25=46.88 50=65.41 75=99.07 90=142.59 95=186.11 99=312.83 99.9=1069.06 99.99=7131.14]
2025-04-19 13:38:12 69 sec: 631129 operations; [READ: Count=315212 Max=2273.28 Min=2.14 Avg=67.76 10=11.11 25=36.16 50=50.81 75=85.25 90=126.91 95=168.70 99=276.99 99.9=742.40 99.99=1552.38] [UPDATE: Count=315917 Max=18448.38 Min=6.55 Avg=81.58 10=21.98 25=45.12 50=62.88 75=97.34 90=140.16 95=183.29 99=309.50 99.9=1069.06 99.99=6459.39]
2025-04-19 13:38:13 70 sec: 657342 operations; [READ: Count=328329 Max=2273.28 Min=2.14 Avg=66.34 10=10.70 25=35.10 50=49.02 75=83.84 90=124.93 95=166.40 99=275.20 99.9=751.10 99.99=1655.81] [UPDATE: Count=329013 Max=18448.38 Min=6.55 Avg=80.02 10=21.28 25=43.71 50=60.93 75=95.87 90=138.11 95=181.12 99=307.71 99.9=1083.39 99.99=6434.81]
2025-04-19 13:38:14 71 sec: 685868 operations; [READ: Count=342662 Max=2273.28 Min=2.14 Avg=64.82 10=10.34 25=34.21 50=47.45 75=82.50 90=122.69 95=163.71 99=272.38 99.9=739.33 99.99=1650.69] [UPDATE: Count=343206 Max=18448.38 Min=6.55 Avg=78.31 10=20.61 25=42.53 50=59.13 75=94.46 90=135.94 95=178.43 99=304.13 99.9=1068.03 99.99=6324.22]
2025-04-19 13:38:15 72 sec: 713859 operations; [READ: Count=356522 Max=2273.28 Min=2.14 Avg=63.49 10=10.02 25=33.44 50=46.17 75=81.34 90=120.58 95=161.28 99=270.33 99.9=723.46 99.99=1634.30] [UPDATE: Count=357337 Max=18448.38 Min=6.55 Avg=76.76 10=20.02 25=41.53 50=57.60 75=93.25 90=133.89 95=176.00 99=301.06 99.9=1028.10 99.99=5545.98]
2025-04-19 13:38:16 73 sec: 739103 operations; [READ: Count=369083 Max=2273.28 Min=2.14 Avg=62.50 10=9.77 25=32.73 50=45.15 75=80.45 90=118.97 95=159.49 99=270.08 99.9=738.82 99.99=1565.69] [UPDATE: Count=370020 Max=18448.38 Min=6.55 Avg=75.61 10=19.60 25=40.67 50=56.38 75=92.29 90=132.22 95=174.46 99=300.80 99.9=1018.88 99.99=5230.59]
2025-04-19 13:38:17 74 sec: 765848 operations; [READ: Count=382575 Max=2273.28 Min=2.14 Avg=61.43 10=9.54 25=32.14 50=44.13 75=79.55 90=117.31 95=157.44 99=268.03 99.9=737.79 99.99=1565.69] [UPDATE: Count=383273 Max=18448.38 Min=6.55 Avg=74.41 10=19.17 25=39.97 50=55.20 75=91.33 90=130.50 95=172.29 99=298.75 99.9=1007.62 99.99=4595.71]
2025-04-19 13:38:18 75 sec: 786104 operations; [READ: Count=392693 Max=2807.81 Min=2.14 Avg=60.95 10=9.39 25=31.74 50=43.45 75=78.91 90=116.22 95=156.29 99=269.31 99.9=783.87 99.99=1763.33] [UPDATE: Count=393411 Max=18448.38 Min=6.55 Avg=73.89 10=18.89 25=39.49 50=54.40 75=90.62 90=129.34 95=171.26 99=300.29 99.9=1062.91 99.99=4595.71]
2025-04-19 13:38:19 76 sec: 813746 operations; [READ: Count=406570 Max=2807.81 Min=2.14 Avg=59.92 10=9.20 25=31.21 50=42.62 75=78.08 90=114.50 95=154.11 99=266.75 99.9=776.70 99.99=1735.68] [UPDATE: Count=407176 Max=18448.38 Min=6.55 Avg=72.74 10=18.57 25=38.88 50=53.31 75=89.79 90=127.68 95=169.22 99=297.21 99.9=1032.19 99.99=4296.70]
2025-04-19 13:38:20 77 sec: 838306 operations; [READ: Count=418852 Max=2807.81 Min=2.14 Avg=59.19 10=9.12 25=30.88 50=41.95 75=77.44 90=113.22 95=152.57 99=265.73 99.9=772.61 99.99=1731.58] [UPDATE: Count=419454 Max=18448.38 Min=6.55 Avg=71.93 10=18.38 25=38.49 50=52.54 75=89.09 90=126.27 95=167.68 99=296.19 99.9=1022.46 99.99=4222.98]
2025-04-19 13:38:21 78 sec: 859850 operations; [READ: Count=429610 Max=2807.81 Min=2.14 Avg=58.75 10=9.08 25=30.62 50=41.44 75=76.86 90=112.25 95=151.55 99=266.75 99.9=802.82 99.99=1712.13] [UPDATE: Count=430240 Max=18448.38 Min=6.55 Avg=71.36 10=18.29 25=38.21 50=51.94 75=88.51 90=125.38 95=166.66 99=296.96 99.9=1021.44 99.99=4020.22]
2025-04-19 13:38:22 79 sec: 882983 operations; [READ: Count=441035 Max=2807.81 Min=2.14 Avg=58.17 10=9.02 25=30.37 50=40.93 75=76.29 90=111.30 95=150.14 99=266.24 99.9=808.45 99.99=1710.08] [UPDATE: Count=441948 Max=18448.38 Min=6.55 Avg=70.74 10=18.21 25=37.92 50=51.33 75=87.94 90=124.35 95=165.38 99=296.45 99.9=1020.93 99.99=4012.03]
2025-04-19 13:38:23 80 sec: 901013 operations; [READ: Count=450062 Max=2807.81 Min=2.14 Avg=57.99 10=9.00 25=30.14 50=40.58 75=75.84 90=110.59 95=149.38 99=267.26 99.9=875.52 99.99=1793.02] [UPDATE: Count=450951 Max=18448.38 Min=6.55 Avg=70.53 10=18.16 25=37.70 50=50.94 75=87.55 90=123.65 95=164.74 99=297.73 99.9=1082.37 99.99=4020.22]
2025-04-19 13:38:24 81 sec: 921909 operations; [READ: Count=460414 Max=2807.81 Min=2.14 Avg=57.59 10=9.04 25=29.95 50=40.32 75=75.45 90=109.82 95=148.09 99=266.50 99.9=875.52 99.99=1777.66] [UPDATE: Count=461495 Max=18448.38 Min=6.55 Avg=70.14 10=18.16 25=37.50 50=50.62 75=87.10 90=122.81 95=163.58 99=296.96 99.9=1089.54 99.99=4020.22]
2025-04-19 13:38:25 82 sec: 942233 operations; [READ: Count=470595 Max=2807.81 Min=2.14 Avg=57.27 10=9.07 25=29.74 50=40.13 75=75.14 90=109.25 95=147.07 99=265.73 99.9=876.54 99.99=1775.62] [UPDATE: Count=471638 Max=18448.38 Min=6.55 Avg=69.78 10=18.16 25=37.28 50=50.34 75=86.78 90=122.17 95=162.69 99=296.70 99.9=1086.46 99.99=4012.03]
2025-04-19 13:38:26 83 sec: 961635 operations; [READ: Count=480301 Max=2809.86 Min=2.14 Avg=57.05 10=9.10 25=29.55 50=39.94 75=74.88 90=108.80 95=146.30 99=266.24 99.9=886.78 99.99=1775.62] [UPDATE: Count=481334 Max=18448.38 Min=6.55 Avg=69.49 10=18.14 25=37.05 50=50.08 75=86.59 90=121.73 95=161.92 99=296.70 99.9=1083.39 99.99=3971.07]
2025-04-19 13:38:27 84 sec: 981094 operations; [READ: Count=489956 Max=2809.86 Min=2.14 Avg=56.84 10=9.09 25=29.28 50=39.65 75=74.69 90=108.29 95=145.66 99=267.26 99.9=899.58 99.99=1764.35] [UPDATE: Count=491138 Max=18448.38 Min=6.55 Avg=69.18 10=18.05 25=36.73 50=49.76 75=86.40 90=121.22 95=161.15 99=297.47 99.9=1093.63 99.99=3803.14]
2025-04-19 13:38:28 85 sec: 1000000 operations; [READ: Count=499450 Max=2809.86 Min=2.14 Avg=56.53 10=9.08 25=29.01 50=39.42 75=74.50 90=107.78 95=144.90 99=267.52 99.9=893.95 99.99=1763.33] [UPDATE: Count=500550 Max=18448.38 Min=6.55 Avg=68.81 10=17.97 25=36.41 50=49.44 75=86.14 90=120.70 95=160.51 99=296.96 99.9=1083.39 99.99=3778.56]
2025-04-19 13:38:29 86 sec: 1000000 operations; [READ: Count=499450 Max=2809.86 Min=2.14 Avg=56.53 10=9.08 25=29.01 50=39.42 75=74.50 90=107.78 95=144.90 99=267.52 99.9=893.95 99.99=1763.33] [UPDATE: Count=500550 Max=18448.38 Min=6.55 Avg=68.81 10=17.97 25=36.41 50=49.44 75=86.14 90=120.70 95=160.51 99=296.96 99.9=1083.39 99.99=3778.56]
2025-04-19 13:38:30 87 sec: 1000000 operations; [READ: Count=499450 Max=2809.86 Min=2.14 Avg=56.53 10=9.08 25=29.01 50=39.42 75=74.50 90=107.78 95=144.90 99=267.52 99.9=893.95 99.99=1763.33] [UPDATE: Count=500550 Max=18448.38 Min=6.55 Avg=68.81 10=17.97 25=36.41 50=49.44 75=86.14 90=120.70 95=160.51 99=296.96 99.9=1083.39 99.99=3778.56]
2025-04-19 13:38:31 88 sec: 1000000 operations; [READ: Count=499450 Max=2809.86 Min=2.14 Avg=56.53 10=9.08 25=29.01 50=39.42 75=74.50 90=107.78 95=144.90 99=267.52 99.9=893.95 99.99=1763.33] [UPDATE: Count=500550 Max=18448.38 Min=6.55 Avg=68.81 10=17.97 25=36.41 50=49.44 75=86.14 90=120.70 95=160.51 99=296.96 99.9=1083.39 99.99=3778.56]
2025-04-19 13:38:32 89 sec: 1000000 operations; [READ: Count=499450 Max=2809.86 Min=2.14 Avg=56.53 10=9.08 25=29.01 50=39.42 75=74.50 90=107.78 95=144.90 99=267.52 99.9=893.95 99.99=1763.33] [UPDATE: Count=500550 Max=18448.38 Min=6.55 Avg=68.81 10=17.97 25=36.41 50=49.44 75=86.14 90=120.70 95=160.51 99=296.96 99.9=1083.39 99.99=3778.56]
2025-04-19 13:38:33 89 sec: 1000000 operations; [READ: Count=499450 Max=2809.86 Min=2.14 Avg=56.53 10=9.08 25=29.01 50=39.42 75=74.50 90=107.78 95=144.90 99=267.52 99.9=893.95 99.99=1763.33] [UPDATE: Count=500550 Max=18448.38 Min=6.55 Avg=68.81 10=17.97 25=36.41 50=49.44 75=86.14 90=120.70 95=160.51 99=296.96 99.9=1083.39 99.99=3778.56]
Run runtime(sec): 89.8324
Run operations(ops): 1000000
Run throughput(ops/sec): 11131.8
