Running scope as unit: run-rd21397d845054a609173eee472fd3812.scope
load file:/home/user/DataFiles/silesia_data/silesia.tar
2025-04-19 13:37:03 0 sec: 0 operations;
2025-04-19 13:37:04 1 sec: 0 operations;
2025-04-19 13:37:05 2 sec: 0 operations;
2025-04-19 13:37:06 3 sec: 0 operations;
2025-04-19 13:37:07 4 sec: 0 operations;
2025-04-19 13:37:08 5 sec: 0 operations;
2025-04-19 13:37:09 6 sec: 0 operations;
2025-04-19 13:37:10 7 sec: 0 operations;
2025-04-19 13:37:11 8 sec: 0 operations;
2025-04-19 13:37:12 9 sec: 0 operations;
2025-04-19 13:37:13 10 sec: 0 operations;
2025-04-19 13:37:14 11 sec: 0 operations;
2025-04-19 13:37:15 12 sec: 0 operations;
2025-04-19 13:37:16 13 sec: 0 operations;
2025-04-19 13:37:17 14 sec: 0 operations;
2025-04-19 13:37:18 15 sec: 0 operations;
2025-04-19 13:37:19 16 sec: 0 operations;
2025-04-19 13:37:20 17 sec: 0 operations;
2025-04-19 13:37:21 18 sec: 0 operations;
2025-04-19 13:37:22 19 sec: 0 operations;
2025-04-19 13:37:23 20 sec: 0 operations;
2025-04-19 13:37:24 21 sec: 266 operations; [READ: Count=133 Max=2467.84 Min=19.65 Avg=258.48 10=24.88 25=39.26 50=52.80 75=91.71 90=841.73 95=1222.65 99=1800.19 99.9=2467.84 99.99=2467.84] [UPDATE: Count=133 Max=4923.39 Min=22.72 Avg=301.67 10=33.25 25=46.05 50=57.89 75=96.77 90=986.62 95=1342.46 99=1800.19 99.9=4923.39 99.99=4923.39]
2025-04-19 13:37:25 22 sec: 8753 operations; [READ: Count=4330 Max=2467.84 Min=3.62 Avg=109.47 10=35.42 25=47.04 50=71.30 75=129.34 90=191.49 95=261.76 99=833.02 99.9=1787.90 99.99=2467.84] [UPDATE: Count=4423 Max=10469.38 Min=10.49 Avg=133.32 10=43.42 25=57.76 50=83.01 75=141.18 90=210.81 95=274.94 99=1032.70 99.9=4784.13 99.99=10469.38]
2025-04-19 13:37:26 23 sec: 15157 operations; [READ: Count=7531 Max=2467.84 Min=3.62 Avg=125.93 10=39.71 25=56.32 50=99.20 75=160.64 90=235.52 95=284.16 99=486.91 99.9=1438.72 99.99=1922.05] [UPDATE: Count=7626 Max=10469.38 Min=10.20 Avg=144.99 10=48.09 25=67.78 50=110.40 75=173.31 90=246.53 95=296.96 99=688.13 99.9=2750.46 99.99=9428.99]
2025-04-19 13:37:27 24 sec: 21692 operations; [READ: Count=10838 Max=2467.84 Min=3.62 Avg=131.94 10=41.73 25=63.36 50=110.85 75=172.16 90=241.15 95=285.44 99=433.41 99.9=1397.76 99.99=1922.05] [UPDATE: Count=10854 Max=10469.38 Min=10.20 Avg=148.74 10=50.56 25=74.24 50=121.73 75=185.22 90=251.39 95=299.26 99=516.10 99.9=2490.37 99.99=9428.99]
2025-04-19 13:37:28 25 sec: 28109 operations; [READ: Count=14101 Max=2467.84 Min=3.62 Avg=135.80 10=43.55 25=69.69 50=117.25 75=178.94 90=244.74 95=286.72 99=402.18 99.9=1299.45 99.99=1922.05] [UPDATE: Count=14008 Max=10469.38 Min=9.68 Avg=151.29 10=52.70 25=79.55 50=128.00 75=192.00 90=256.00 95=300.80 99=468.48 99.9=1788.93 99.99=9428.99]
2025-04-19 13:37:29 26 sec: 34459 operations; [READ: Count=17294 Max=2467.84 Min=3.62 Avg=138.15 10=44.77 25=73.22 50=120.58 75=182.66 90=246.66 95=289.28 99=404.99 99.9=1241.09 99.99=1921.02] [UPDATE: Count=17165 Max=10469.38 Min=9.68 Avg=153.52 10=54.53 25=83.52 50=131.33 75=195.71 90=258.81 95=303.10 99=482.81 99.9=1626.11 99.99=5283.84]
2025-04-19 13:37:30 27 sec: 39941 operations; [READ: Count=20063 Max=2467.84 Min=3.62 Avg=141.21 10=45.34 25=74.24 50=120.32 75=182.40 90=250.88 95=303.10 99=531.97 99.9=1136.64 99.99=1921.02] [UPDATE: Count=19878 Max=17661.95 Min=9.68 Avg=160.13 10=55.17 25=84.93 50=131.07 75=195.84 90=263.42 95=319.74 99=621.57 99.9=1788.93 99.99=13189.12]
2025-04-19 13:37:31 28 sec: 46368 operations; [READ: Count=23326 Max=2467.84 Min=3.62 Avg=141.62 10=45.60 25=75.52 50=121.15 75=182.91 90=250.37 95=302.59 99=531.46 99.9=1136.64 99.99=1922.05] [UPDATE: Count=23042 Max=18268.16 Min=9.68 Avg=160.80 10=55.55 25=86.14 50=132.22 75=196.99 90=264.45 95=319.74 99=617.47 99.9=1780.73 99.99=13279.23]
2025-04-19 13:37:32 29 sec: 53574 operations; [READ: Count=26959 Max=2467.84 Min=3.08 Avg=140.43 10=45.95 25=76.35 50=121.09 75=181.76 90=247.68 95=295.68 99=495.62 99.9=1082.37 99.99=1921.02] [UPDATE: Count=26615 Max=18268.16 Min=9.68 Avg=158.28 10=55.81 25=86.46 50=131.97 75=195.46 90=261.38 95=312.57 99=583.68 99.9=1523.71 99.99=13189.12]
2025-04-19 13:37:33 30 sec: 60836 operations; [READ: Count=30627 Max=2467.84 Min=3.08 Avg=139.05 10=45.66 25=76.48 50=120.58 75=180.35 90=244.99 95=291.33 99=476.93 99.9=997.38 99.99=1921.02] [UPDATE: Count=30209 Max=18268.16 Min=8.74 Avg=156.53 10=55.62 25=86.72 50=131.97 75=194.30 90=259.71 95=308.48 99=555.01 99.9=1405.95 99.99=13189.12]
2025-04-19 13:37:34 31 sec: 68146 operations; [READ: Count=34281 Max=2467.84 Min=3.08 Avg=137.93 10=45.60 25=76.48 50=120.13 75=179.07 90=243.07 95=287.49 99=464.64 99.9=990.21 99.99=1921.02] [UPDATE: Count=33865 Max=18268.16 Min=8.74 Avg=154.98 10=55.30 25=86.91 50=131.58 75=193.15 90=257.41 95=304.64 99=543.23 99.9=1340.41 99.99=13189.12]
2025-04-19 13:37:35 32 sec: 74735 operations; [READ: Count=37530 Max=2467.84 Min=2.85 Avg=138.05 10=45.22 25=76.03 50=119.10 75=177.92 90=242.94 95=290.30 99=500.22 99.9=1031.68 99.99=1800.19] [UPDATE: Count=37205 Max=18268.16 Min=8.74 Avg=155.53 10=54.98 25=86.21 50=129.92 75=190.97 90=256.51 95=305.92 99=579.07 99.9=1405.95 99.99=13189.12]
2025-04-19 13:37:36 33 sec: 80919 operations; [READ: Count=40620 Max=2467.84 Min=2.85 Avg=138.27 10=44.93 25=75.58 50=118.21 75=176.90 90=242.56 95=291.58 99=541.18 99.9=1069.06 99.99=1800.19] [UPDATE: Count=40299 Max=18268.16 Min=8.74 Avg=157.36 10=54.81 25=85.82 50=129.02 75=189.57 90=255.74 95=306.69 99=628.22 99.9=1727.49 99.99=14647.30]
2025-04-19 13:37:37 34 sec: 88343 operations; [READ: Count=44316 Max=2467.84 Min=2.85 Avg=137.11 10=44.83 25=75.58 50=117.76 75=175.87 90=240.13 95=287.49 99=525.31 99.9=1050.62 99.99=1800.19] [UPDATE: Count=44027 Max=18268.16 Min=8.74 Avg=156.05 10=54.66 25=85.95 50=128.83 75=188.67 90=253.95 95=303.36 99=611.84 99.9=1727.49 99.99=14647.30]
2025-04-19 13:37:38 35 sec: 96103 operations; [READ: Count=48231 Max=2467.84 Min=2.85 Avg=135.61 10=44.58 25=75.39 50=116.93 75=174.46 90=237.31 95=283.39 99=502.53 99.9=1012.22 99.99=1787.90] [UPDATE: Count=47872 Max=18268.16 Min=8.74 Avg=154.46 10=54.49 25=85.82 50=128.13 75=187.13 90=251.78 95=300.29 99=598.01 99.9=1626.11 99.99=13279.23]
2025-04-19 13:37:39 36 sec: 104674 operations; [READ: Count=52508 Max=2467.84 Min=2.85 Avg=133.01 10=43.33 25=73.34 50=114.37 75=170.75 90=233.73 95=279.81 99=491.52 99.9=997.38 99.99=1787.90] [UPDATE: Count=52166 Max=18268.16 Min=8.74 Avg=152.18 10=52.86 25=83.58 50=125.31 75=183.55 90=248.83 95=297.73 99=605.70 99.9=1949.69 99.99=13279.23]
2025-04-19 13:37:40 37 sec: 116129 operations; [READ: Count=58211 Max=2467.84 Min=2.85 Avg=127.85 10=39.81 25=67.33 50=108.16 75=164.35 90=228.09 95=274.69 99=494.08 99.9=1082.37 99.99=1787.90] [UPDATE: Count=57918 Max=18268.16 Min=8.74 Avg=146.16 10=49.28 25=77.57 50=118.97 75=176.51 90=243.33 95=292.35 99=606.72 99.9=1800.19 99.99=13189.12]
2025-04-19 13:37:41 38 sec: 127021 operations; [READ: Count=63603 Max=3485.70 Min=2.85 Avg=124.08 10=38.81 25=63.07 50=103.55 75=159.10 90=224.00 95=270.59 99=494.85 99.9=1132.54 99.99=1921.02] [UPDATE: Count=63418 Max=18268.16 Min=8.65 Avg=141.96 10=48.22 25=73.73 50=114.37 75=171.39 90=238.72 95=287.74 99=609.79 99.9=1788.93 99.99=13189.12]
2025-04-19 13:37:42 39 sec: 138271 operations; [READ: Count=69198 Max=3485.70 Min=2.85 Avg=120.49 10=38.27 25=59.71 50=99.52 75=154.24 90=219.13 95=265.21 99=484.35 99.9=1174.53 99.99=1945.60] [UPDATE: Count=69073 Max=18268.16 Min=8.65 Avg=138.17 10=47.68 25=70.59 50=110.21 75=166.40 90=233.60 95=283.39 99=594.43 99.9=1799.17 99.99=12017.66]
2025-04-19 13:37:43 40 sec: 149897 operations; [READ: Count=75054 Max=3485.70 Min=2.85 Avg=117.18 10=38.08 25=57.31 50=96.13 75=149.89 90=214.40 95=259.71 99=470.53 99.9=1128.45 99.99=1922.05] [UPDATE: Count=74843 Max=18268.16 Min=8.65 Avg=134.58 10=47.45 25=68.54 50=107.20 75=161.92 90=228.86 95=278.01 99=566.27 99.9=1751.04 99.99=12017.66]
2025-04-19 13:37:44 41 sec: 161526 operations; [READ: Count=80782 Max=3485.70 Min=2.85 Avg=114.37 10=37.79 25=55.84 50=93.57 75=146.05 90=210.30 95=254.97 99=454.65 99.9=1113.09 99.99=1922.05] [UPDATE: Count=80744 Max=18268.16 Min=8.65 Avg=131.45 10=47.10 25=66.94 50=104.64 75=158.08 90=224.38 95=272.89 99=546.82 99.9=1694.72 99.99=11829.25]
2025-04-19 13:37:45 42 sec: 172849 operations; [READ: Count=86356 Max=3485.70 Min=2.85 Avg=112.23 10=37.66 25=54.69 50=91.58 75=142.72 90=206.46 95=251.90 99=445.44 99.9=1125.38 99.99=1921.02] [UPDATE: Count=86493 Max=18268.16 Min=8.65 Avg=128.89 10=46.94 25=65.79 50=102.46 75=154.75 90=220.80 95=268.80 99=534.53 99.9=1660.93 99.99=11264.00]
2025-04-19 13:37:46 43 sec: 183821 operations; [READ: Count=91844 Max=3485.70 Min=2.85 Avg=110.19 10=37.34 25=53.38 50=89.53 75=139.39 90=202.88 95=248.83 99=440.32 99.9=1202.17 99.99=1922.05] [UPDATE: Count=91977 Max=18268.16 Min=8.65 Avg=127.28 10=46.72 25=64.67 50=100.54 75=151.42 90=217.47 95=265.21 99=535.04 99.9=1782.78 99.99=11829.25]
2025-04-19 13:37:47 44 sec: 195160 operations; [READ: Count=97517 Max=3485.70 Min=2.85 Avg=108.40 10=37.22 25=52.77 50=88.06 75=136.45 90=199.68 95=245.12 99=432.89 99.9=1230.85 99.99=1960.96] [UPDATE: Count=97643 Max=18268.16 Min=8.65 Avg=125.37 10=46.53 25=64.00 50=99.07 75=148.61 90=214.01 95=261.76 99=527.36 99.9=1782.78 99.99=11264.00]
2025-04-19 13:37:48 45 sec: 207140 operations; [READ: Count=103452 Max=3485.70 Min=2.85 Avg=106.50 10=36.99 25=52.06 50=86.66 75=133.63 90=196.22 95=241.79 99=423.68 99.9=1207.30 99.99=1960.96] [UPDATE: Count=103688 Max=18268.16 Min=8.65 Avg=123.23 10=46.21 25=63.33 50=97.66 75=145.79 90=210.81 95=257.92 99=511.74 99.9=1735.68 99.99=11264.00]
2025-04-19 13:37:49 46 sec: 220004 operations; [READ: Count=109956 Max=3485.70 Min=2.85 Avg=104.34 10=36.48 25=51.04 50=84.93 75=130.62 90=192.77 95=237.95 99=411.39 99.9=1174.53 99.99=1957.89] [UPDATE: Count=110048 Max=18268.16 Min=8.65 Avg=120.89 10=45.70 25=62.34 50=96.06 75=142.72 90=206.97 95=254.08 99=498.94 99.9=1694.72 99.99=10600.45]
2025-04-19 13:37:50 47 sec: 233251 operations; [READ: Count=116567 Max=3485.70 Min=2.54 Avg=102.24 10=35.55 25=50.14 50=83.26 75=127.81 90=189.44 95=234.37 99=401.66 99.9=1152.00 99.99=1945.60] [UPDATE: Count=116684 Max=18268.16 Min=8.23 Avg=118.64 10=44.80 25=61.34 50=94.33 75=139.78 90=203.52 95=250.37 99=485.89 99.9=1673.21 99.99=10469.38]
2025-04-19 13:37:51 48 sec: 245696 operations; [READ: Count=122771 Max=3485.70 Min=2.54 Avg=100.65 10=35.10 25=49.57 50=82.11 75=125.50 90=186.62 95=231.29 99=392.96 99.9=1167.36 99.99=1960.96] [UPDATE: Count=122925 Max=18268.16 Min=8.23 Avg=117.03 10=44.41 25=60.83 50=93.31 75=137.47 90=200.45 95=247.17 99=476.42 99.9=1660.93 99.99=10469.38]
2025-04-19 13:37:52 49 sec: 258576 operations; [READ: Count=129178 Max=3485.70 Min=2.54 Avg=99.10 10=34.56 25=48.96 50=80.96 75=123.39 90=183.55 95=228.35 99=385.79 99.9=1164.29 99.99=2011.13] [UPDATE: Count=129398 Max=18268.16 Min=8.23 Avg=115.34 10=43.81 25=60.22 50=92.16 75=135.29 90=197.38 95=244.22 99=467.20 99.9=1648.64 99.99=9920.51]
2025-04-19 13:37:53 50 sec: 271999 operations; [READ: Count=135834 Max=3485.70 Min=2.54 Avg=97.56 10=33.92 25=48.35 50=79.94 75=121.47 90=180.48 95=225.53 99=377.09 99.9=1132.54 99.99=1969.15] [UPDATE: Count=136165 Max=18268.16 Min=8.23 Avg=113.53 10=43.07 25=59.55 50=91.20 75=133.12 90=194.30 95=241.15 99=450.56 99.9=1606.65 99.99=9912.32]
2025-04-19 13:37:54 51 sec: 285714 operations; [READ: Count=142746 Max=3485.70 Min=2.54 Avg=96.02 10=33.02 25=47.74 50=78.91 75=119.55 90=177.53 95=222.85 99=369.92 99.9=1119.23 99.99=1969.15] [UPDATE: Count=142968 Max=18268.16 Min=8.23 Avg=111.83 10=42.30 25=58.88 50=90.05 75=131.33 90=191.36 95=238.08 99=437.25 99.9=1555.45 99.99=9912.32]
2025-04-19 13:37:55 52 sec: 299278 operations; [READ: Count=149473 Max=3485.70 Min=2.54 Avg=94.67 10=32.17 25=47.26 50=78.02 75=117.82 90=175.10 95=219.78 99=362.24 99.9=1085.44 99.99=1960.96] [UPDATE: Count=149805 Max=18268.16 Min=8.14 Avg=110.32 10=41.53 25=58.40 50=89.22 75=129.66 90=188.54 95=235.01 99=427.77 99.9=1477.63 99.99=9535.49]
2025-04-19 13:37:56 53 sec: 312513 operations; [READ: Count=156092 Max=3485.70 Min=2.54 Avg=93.40 10=31.38 25=46.78 50=77.12 75=116.16 90=172.67 95=217.34 99=356.61 99.9=1078.27 99.99=1957.89] [UPDATE: Count=156421 Max=18268.16 Min=8.14 Avg=109.20 10=40.67 25=57.92 50=88.38 75=128.06 90=186.11 95=232.45 99=418.56 99.9=1477.63 99.99=9920.51]
2025-04-19 13:37:57 54 sec: 328470 operations; [READ: Count=164042 Max=3485.70 Min=2.54 Avg=91.58 10=29.71 25=45.98 50=75.65 75=113.86 90=169.47 95=214.01 99=348.42 99.9=1052.67 99.99=1957.89] [UPDATE: Count=164428 Max=18268.16 Min=8.14 Avg=107.15 10=39.23 25=57.02 50=86.78 75=125.76 90=182.78 95=229.12 99=405.50 99.9=1453.06 99.99=9920.51]
2025-04-19 13:37:58 55 sec: 344387 operations; [READ: Count=171958 Max=3485.70 Min=2.54 Avg=89.93 10=26.88 25=45.31 50=74.37 75=111.55 90=166.27 95=211.20 99=343.04 99.9=1044.99 99.99=1945.60] [UPDATE: Count=172429 Max=18268.16 Min=8.14 Avg=105.31 10=37.60 25=56.29 50=85.50 75=123.52 90=179.71 95=225.92 99=393.73 99.9=1428.48 99.99=9912.32]
2025-04-19 13:37:59 56 sec: 360553 operations; [READ: Count=180018 Max=3485.70 Min=2.54 Avg=88.37 10=22.70 25=44.67 50=73.15 75=109.50 90=163.71 95=208.13 99=336.13 99.9=1026.56 99.99=1936.38] [UPDATE: Count=180535 Max=18268.16 Min=8.14 Avg=103.54 10=35.10 25=55.58 50=84.29 75=121.41 90=176.64 95=223.10 99=381.69 99.9=1386.49 99.99=9535.49]
2025-04-19 13:38:00 57 sec: 377527 operations; [READ: Count=188573 Max=3485.70 Min=2.54 Avg=86.67 10=18.94 25=43.94 50=71.81 75=107.26 90=160.77 95=205.06 99=330.75 99.9=1010.69 99.99=1922.05] [UPDATE: Count=188954 Max=18268.16 Min=8.14 Avg=101.81 10=32.64 25=54.81 50=82.81 75=119.23 90=173.95 95=220.16 99=372.74 99.9=1378.30 99.99=9527.30]
2025-04-19 13:38:01 58 sec: 395806 operations; [READ: Count=197751 Max=3485.70 Min=2.54 Avg=84.84 10=16.61 25=43.04 50=70.02 75=104.89 90=157.69 95=201.98 99=325.38 99.9=988.67 99.99=1921.02] [UPDATE: Count=198055 Max=18268.16 Min=8.14 Avg=99.87 10=30.41 25=53.89 50=81.15 75=116.93 90=171.13 95=217.22 99=365.57 99.9=1357.82 99.99=9019.39]
2025-04-19 13:38:02 59 sec: 414327 operations; [READ: Count=206904 Max=3485.70 Min=2.54 Avg=83.16 10=15.17 25=42.27 50=68.61 75=102.78 90=154.88 95=199.17 99=320.00 99.9=978.94 99.99=1895.42] [UPDATE: Count=207423 Max=18268.16 Min=8.14 Avg=98.01 10=28.54 25=53.02 50=79.61 75=114.69 90=168.19 95=214.01 99=358.40 99.9=1340.41 99.99=9019.39]
2025-04-19 13:38:03 60 sec: 433022 operations; [READ: Count=216285 Max=3485.70 Min=2.54 Avg=81.56 10=14.05 25=41.60 50=67.39 75=100.80 90=152.06 95=196.35 99=315.65 99.9=953.86 99.99=1886.21] [UPDATE: Count=216737 Max=18268.16 Min=8.14 Avg=96.30 10=27.28 25=52.29 50=78.40 75=112.58 90=165.25 95=211.33 99=352.25 99.9=1298.43 99.99=8904.70]
2025-04-19 13:38:04 61 sec: 452228 operations; [READ: Count=225998 Max=3485.70 Min=2.54 Avg=79.99 10=13.18 25=40.90 50=66.17 75=98.75 90=149.38 95=193.41 99=311.55 99.9=929.28 99.99=1865.73] [UPDATE: Count=226230 Max=18268.16 Min=8.14 Avg=94.64 10=26.14 25=51.58 50=77.18 75=110.53 90=162.56 95=208.51 99=346.11 99.9=1273.86 99.99=8245.25]
2025-04-19 13:38:05 62 sec: 471626 operations; [READ: Count=235706 Max=3485.70 Min=2.54 Avg=78.55 10=12.54 25=40.32 50=65.06 75=96.89 90=146.94 95=190.85 99=306.69 99.9=910.34 99.99=1846.27] [UPDATE: Count=235920 Max=18268.16 Min=8.14 Avg=93.04 10=25.26 25=50.88 50=76.03 75=108.67 90=160.00 95=205.82 99=339.97 99.9=1256.45 99.99=8155.14]
2025-04-19 13:38:06 63 sec: 491099 operations; [READ: Count=245429 Max=3485.70 Min=2.54 Avg=77.19 10=12.02 25=39.81 50=64.06 75=95.04 90=144.51 95=188.41 99=302.08 99.9=891.90 99.99=1830.91] [UPDATE: Count=245670 Max=18268.16 Min=8.14 Avg=91.58 10=24.51 25=50.34 50=74.94 75=106.88 90=157.44 95=203.01 99=334.85 99.9=1239.04 99.99=8118.27]
2025-04-19 13:38:07 64 sec: 510740 operations; [READ: Count=255293 Max=3485.70 Min=2.54 Avg=75.89 10=11.55 25=39.30 50=63.04 75=93.38 90=141.95 95=185.85 99=297.47 99.9=882.69 99.99=1812.48] [UPDATE: Count=255447 Max=18268.16 Min=8.14 Avg=90.21 10=23.84 25=49.73 50=73.98 75=105.28 90=155.13 95=200.45 99=329.47 99.9=1224.70 99.99=8118.27]
2025-04-19 13:38:08 65 sec: 531631 operations; [READ: Count=265770 Max=3485.70 Min=2.54 Avg=74.52 10=11.15 25=38.72 50=61.82 75=91.71 90=139.52 95=183.29 99=293.89 99.9=867.84 99.99=1810.43] [UPDATE: Count=265861 Max=18268.16 Min=8.14 Avg=88.72 10=23.17 25=49.12 50=72.70 75=103.49 90=152.70 95=197.89 99=325.12 99.9=1209.34 99.99=7598.08]
2025-04-19 13:38:09 66 sec: 553589 operations; [READ: Count=276668 Max=3485.70 Min=2.54 Avg=73.09 10=10.70 25=38.05 50=60.26 75=89.92 90=137.09 95=180.61 99=290.56 99.9=848.38 99.99=1800.19] [UPDATE: Count=276921 Max=18268.16 Min=8.14 Avg=87.21 10=22.46 25=48.32 50=71.23 75=101.69 90=150.27 95=195.46 99=321.54 99.9=1198.08 99.99=7569.41]
2025-04-19 13:38:10 67 sec: 582740 operations; [READ: Count=291224 Max=3485.70 Min=2.30 Avg=70.86 10=10.10 25=36.38 50=56.77 75=87.74 90=134.27 95=177.41 99=286.21 99.9=840.19 99.99=1800.19] [UPDATE: Count=291516 Max=18268.16 Min=7.36 Avg=84.76 10=21.50 25=46.17 50=68.16 75=99.52 90=147.20 95=192.13 99=317.44 99.9=1182.72 99.99=7376.90]
2025-04-19 13:38:11 68 sec: 613022 operations; [READ: Count=306454 Max=3485.70 Min=2.23 Avg=68.74 10=9.54 25=34.62 50=53.15 75=85.69 90=131.46 95=174.34 99=282.88 99.9=840.19 99.99=1800.19] [UPDATE: Count=306568 Max=18268.16 Min=7.36 Avg=82.38 10=20.53 25=43.84 50=64.86 75=97.41 90=144.51 95=188.93 99=313.60 99.9=1165.31 99.99=6971.39]
2025-04-19 13:38:12 69 sec: 643562 operations; [READ: Count=321639 Max=3485.70 Min=2.23 Avg=66.79 10=9.04 25=32.99 50=50.17 75=83.71 90=128.64 95=171.26 99=279.04 99.9=839.68 99.99=1810.43] [UPDATE: Count=321923 Max=18268.16 Min=7.36 Avg=80.19 10=19.63 25=41.66 50=61.85 75=95.42 90=141.57 95=186.11 99=309.50 99.9=1152.00 99.99=6541.31]
2025-04-19 13:38:13 70 sec: 671016 operations; [READ: Count=335481 Max=3485.70 Min=2.23 Avg=65.33 10=8.66 25=31.79 50=47.90 75=82.24 90=126.59 95=168.96 99=278.27 99.9=857.09 99.99=1810.43] [UPDATE: Count=335535 Max=18268.16 Min=7.19 Avg=78.54 10=18.94 25=40.00 50=59.62 75=93.89 90=139.39 95=183.81 99=307.71 99.9=1180.67 99.99=6152.19]
2025-04-19 13:38:14 71 sec: 702412 operations; [READ: Count=351166 Max=3485.70 Min=2.23 Avg=63.61 10=8.30 25=30.73 50=45.76 75=80.70 90=124.03 95=165.89 99=274.94 99.9=840.70 99.99=1810.43] [UPDATE: Count=351246 Max=18268.16 Min=7.19 Avg=76.61 10=18.24 25=38.59 50=57.38 75=92.29 90=136.70 95=180.86 99=303.10 99.9=1142.78 99.99=5283.84]
2025-04-19 13:38:15 72 sec: 732972 operations; [READ: Count=366609 Max=3485.70 Min=2.23 Avg=62.09 10=7.99 25=29.89 50=44.03 75=79.36 90=121.60 95=163.58 99=272.64 99.9=827.90 99.99=1799.17] [UPDATE: Count=366363 Max=18268.16 Min=7.19 Avg=74.94 10=17.65 25=37.57 50=55.55 75=90.94 90=134.40 95=178.30 99=299.52 99.9=1115.13 99.99=5132.29]
2025-04-19 13:38:16 73 sec: 760501 operations; [READ: Count=380322 Max=3485.70 Min=2.23 Avg=60.98 10=7.77 25=29.21 50=42.72 75=78.33 90=119.74 95=161.66 99=272.38 99.9=823.81 99.99=1788.93] [UPDATE: Count=380179 Max=18268.16 Min=7.19 Avg=73.66 10=17.15 25=36.73 50=54.05 75=89.86 90=132.48 95=176.25 99=299.01 99.9=1093.63 99.99=4923.39]
2025-04-19 13:38:17 74 sec: 790221 operations; [READ: Count=395315 Max=3485.70 Min=2.23 Avg=59.76 10=7.55 25=28.57 50=41.47 75=77.25 90=117.69 95=159.36 99=270.59 99.9=816.13 99.99=1784.83] [UPDATE: Count=394906 Max=18268.16 Min=7.19 Avg=72.29 10=16.70 25=36.00 50=52.61 75=88.77 90=130.50 95=174.21 99=296.45 99.9=1073.15 99.99=4784.13]
2025-04-19 13:38:18 75 sec: 813320 operations; [READ: Count=406710 Max=3485.70 Min=2.23 Avg=59.12 10=7.41 25=28.09 50=40.58 75=76.42 90=116.35 95=158.08 99=271.62 99.9=866.30 99.99=1846.27] [UPDATE: Count=406610 Max=18268.16 Min=7.19 Avg=71.58 10=16.38 25=35.42 50=51.49 75=87.94 90=129.22 95=172.93 99=297.73 99.9=1134.59 99.99=4784.13]
2025-04-19 13:38:19 76 sec: 845085 operations; [READ: Count=422592 Max=3485.70 Min=2.23 Avg=57.89 10=7.26 25=27.60 50=39.39 75=75.26 90=114.37 95=155.65 99=268.29 99.9=848.38 99.99=1845.25] [UPDATE: Count=422493 Max=18268.16 Min=7.19 Avg=70.19 10=16.06 25=34.88 50=50.02 75=86.85 90=127.17 95=170.50 99=294.40 99.9=1103.87 99.99=4366.34]
2025-04-19 13:38:20 77 sec: 872700 operations; [READ: Count=436355 Max=3485.70 Min=2.23 Avg=57.01 10=7.24 25=27.36 50=38.53 75=74.24 90=112.70 95=153.73 99=266.75 99.9=844.80 99.99=1839.10] [UPDATE: Count=436345 Max=18268.16 Min=7.19 Avg=69.25 10=16.02 25=34.59 50=48.99 75=85.89 90=125.57 95=168.70 99=292.86 99.9=1084.41 99.99=4239.36]
2025-04-19 13:38:21 78 sec: 898281 operations; [READ: Count=449242 Max=3485.70 Min=2.23 Avg=56.31 10=7.20 25=27.07 50=37.73 75=73.34 90=111.36 95=152.19 99=266.75 99.9=864.77 99.99=1831.93] [UPDATE: Count=449039 Max=18268.16 Min=7.19 Avg=68.52 10=15.96 25=34.34 50=48.13 75=84.99 90=124.42 95=167.42 99=293.12 99.9=1078.27 99.99=4005.89]
2025-04-19 13:38:22 79 sec: 925768 operations; [READ: Count=463096 Max=3485.70 Min=2.10 Avg=55.52 10=7.21 25=26.80 50=37.02 75=72.45 90=109.95 95=150.53 99=264.96 99.9=862.21 99.99=1824.77] [UPDATE: Count=462672 Max=18268.16 Min=7.19 Avg=67.71 10=15.91 25=34.02 50=47.30 75=84.03 90=123.01 95=165.76 99=292.10 99.9=1073.15 99.99=3831.81]
2025-04-19 13:38:23 80 sec: 946415 operations; [READ: Count=473398 Max=3485.70 Min=2.10 Avg=55.20 10=7.25 25=26.62 50=36.67 75=71.81 90=108.99 95=149.50 99=265.47 99.9=920.06 99.99=1846.27] [UPDATE: Count=473017 Max=18268.16 Min=7.19 Avg=67.41 10=15.94 25=33.82 50=46.81 75=83.39 90=122.05 95=164.74 99=292.86 99.9=1139.71 99.99=4079.61]
2025-04-19 13:38:24 81 sec: 971105 operations; [READ: Count=485856 Max=3485.70 Min=1.94 Avg=54.66 10=7.28 25=26.35 50=36.26 75=71.17 90=107.90 95=148.09 99=264.19 99.9=922.62 99.99=1846.27] [UPDATE: Count=485249 Max=18268.16 Min=6.93 Avg=66.84 10=15.94 25=33.53 50=46.30 75=82.75 90=120.96 95=163.46 99=292.10 99.9=1138.69 99.99=4005.89]
2025-04-19 13:38:25 82 sec: 996583 operations; [READ: Count=498630 Max=3485.70 Min=1.94 Avg=54.11 10=7.29 25=26.02 50=35.87 75=70.59 90=106.81 95=146.69 99=262.91 99.9=919.04 99.99=1846.27] [UPDATE: Count=497953 Max=18268.16 Min=6.93 Avg=66.25 10=15.88 25=33.18 50=45.76 75=82.17 90=119.87 95=162.18 99=291.33 99.9=1126.40 99.99=3831.81]
2025-04-19 13:38:26 83 sec: 1000000 operations; [READ: Count=500255 Max=3485.70 Min=1.94 Avg=54.05 10=7.29 25=25.97 50=35.81 75=70.53 90=106.69 95=146.56 99=262.65 99.9=919.04 99.99=1846.27] [UPDATE: Count=499745 Max=18268.16 Min=6.93 Avg=66.16 10=15.88 25=33.12 50=45.70 75=82.11 90=119.68 95=161.92 99=291.07 99.9=1126.40 99.99=3831.81]
2025-04-19 13:38:27 84 sec: 1000000 operations; [READ: Count=500255 Max=3485.70 Min=1.94 Avg=54.05 10=7.29 25=25.97 50=35.81 75=70.53 90=106.69 95=146.56 99=262.65 99.9=919.04 99.99=1846.27] [UPDATE: Count=499745 Max=18268.16 Min=6.93 Avg=66.16 10=15.88 25=33.12 50=45.70 75=82.11 90=119.68 95=161.92 99=291.07 99.9=1126.40 99.99=3831.81]
2025-04-19 13:38:28 85 sec: 1000000 operations; [READ: Count=500255 Max=3485.70 Min=1.94 Avg=54.05 10=7.29 25=25.97 50=35.81 75=70.53 90=106.69 95=146.56 99=262.65 99.9=919.04 99.99=1846.27] [UPDATE: Count=499745 Max=18268.16 Min=6.93 Avg=66.16 10=15.88 25=33.12 50=45.70 75=82.11 90=119.68 95=161.92 99=291.07 99.9=1126.40 99.99=3831.81]
2025-04-19 13:38:29 86 sec: 1000000 operations; [READ: Count=500255 Max=3485.70 Min=1.94 Avg=54.05 10=7.29 25=25.97 50=35.81 75=70.53 90=106.69 95=146.56 99=262.65 99.9=919.04 99.99=1846.27] [UPDATE: Count=499745 Max=18268.16 Min=6.93 Avg=66.16 10=15.88 25=33.12 50=45.70 75=82.11 90=119.68 95=161.92 99=291.07 99.9=1126.40 99.99=3831.81]
2025-04-19 13:38:30 87 sec: 1000000 operations; [READ: Count=500255 Max=3485.70 Min=1.94 Avg=54.05 10=7.29 25=25.97 50=35.81 75=70.53 90=106.69 95=146.56 99=262.65 99.9=919.04 99.99=1846.27] [UPDATE: Count=499745 Max=18268.16 Min=6.93 Avg=66.16 10=15.88 25=33.12 50=45.70 75=82.11 90=119.68 95=161.92 99=291.07 99.9=1126.40 99.99=3831.81]
2025-04-19 13:38:31 88 sec: 1000000 operations; [READ: Count=500255 Max=3485.70 Min=1.94 Avg=54.05 10=7.29 25=25.97 50=35.81 75=70.53 90=106.69 95=146.56 99=262.65 99.9=919.04 99.99=1846.27] [UPDATE: Count=499745 Max=18268.16 Min=6.93 Avg=66.16 10=15.88 25=33.12 50=45.70 75=82.11 90=119.68 95=161.92 99=291.07 99.9=1126.40 99.99=3831.81]
2025-04-19 13:38:32 88 sec: 1000000 operations; [READ: Count=500255 Max=3485.70 Min=1.94 Avg=54.05 10=7.29 25=25.97 50=35.81 75=70.53 90=106.69 95=146.56 99=262.65 99.9=919.04 99.99=1846.27] [UPDATE: Count=499745 Max=18268.16 Min=6.93 Avg=66.16 10=15.88 25=33.12 50=45.70 75=82.11 90=119.68 95=161.92 99=291.07 99.9=1126.40 99.99=3831.81]
Run runtime(sec): 88.6053
Run operations(ops): 1000000
Run throughput(ops/sec): 11286
