Running scope as unit: run-r7929e048c8d74d6197a8841f620f8e70.scope
load file:/home/user/DataFiles/silesia_data/silesia.tar
2025-04-22 06:19:41 0 sec: 0 operations;
2025-04-22 06:19:42 1 sec: 0 operations;
2025-04-22 06:19:43 2 sec: 0 operations;
2025-04-22 06:19:44 3 sec: 0 operations;
2025-04-22 06:19:45 4 sec: 0 operations;
2025-04-22 06:19:46 5 sec: 2071 operations; [READ: Count=1395 Max=190.34 Min=4.74 Avg=47.41 10=13.75 25=16.93 50=20.35 75=95.30 90=104.89 95=110.21 99=131.84 99.9=179.71 99.99=190.34] [UPDATE: Count=676 Max=1417.21 Min=9.62 Avg=21.58 10=12.19 25=14.38 50=17.23 75=23.01 90=28.99 95=33.57 99=43.58 99.9=114.69 99.99=1417.21]
2025-04-22 06:19:47 6 sec: 13797 operations; [READ: Count=9219 Max=2168.83 Min=3.05 Avg=91.70 10=15.52 25=18.80 50=29.60 75=108.29 90=171.01 95=370.18 99=876.54 99.9=1526.78 99.99=2070.53] [UPDATE: Count=4578 Max=9543.68 Min=7.82 Avg=49.25 10=13.62 25=16.32 50=21.34 75=29.17 90=41.38 95=54.46 99=120.19 99.9=6475.77 99.99=9543.68]
2025-04-22 06:19:48 7 sec: 22618 operations; [READ: Count=15084 Max=2727.93 Min=3.05 Avg=110.75 10=16.37 25=20.96 50=32.62 75=116.29 90=261.12 95=521.98 99=1000.96 99.9=1521.66 99.99=2070.53] [UPDATE: Count=7534 Max=9666.56 Min=7.82 Avg=51.95 10=14.45 25=17.61 50=23.21 75=32.26 90=46.81 95=59.62 99=142.46 99.9=6725.63 99.99=9543.68]
2025-04-22 06:19:49 8 sec: 30011 operations; [READ: Count=20030 Max=2727.93 Min=3.05 Avg=127.57 10=16.61 25=21.86 50=32.35 75=118.40 90=383.74 95=677.89 99=1083.39 99.9=1526.78 99.99=2070.53] [UPDATE: Count=9981 Max=9789.44 Min=7.82 Avg=50.03 10=14.31 25=17.38 50=22.69 75=31.04 90=44.19 95=57.18 99=243.07 99.9=6725.63 99.99=9666.56]
2025-04-22 06:19:50 9 sec: 41643 operations; [READ: Count=27764 Max=2727.93 Min=2.70 Avg=124.08 10=16.36 25=21.34 50=31.30 75=115.14 90=358.65 95=656.89 99=1076.22 99.9=1581.06 99.99=2070.53] [UPDATE: Count=13879 Max=9789.44 Min=7.14 Avg=43.28 10=12.73 25=15.41 50=20.18 75=28.05 90=40.29 95=52.35 99=263.42 99.9=5705.73 99.99=9666.56]
2025-04-22 06:19:51 10 sec: 59355 operations; [READ: Count=39556 Max=2727.93 Min=2.70 Avg=108.05 10=14.05 25=18.37 50=28.27 75=108.03 90=258.30 95=562.69 99=1017.86 99.9=1524.73 99.99=2064.38] [UPDATE: Count=19799 Max=9789.44 Min=7.14 Avg=38.23 10=11.85 25=14.19 50=18.18 75=25.02 90=36.13 95=47.65 99=189.69 99.9=4898.81 99.99=9543.68]
2025-04-22 06:19:52 11 sec: 78022 operations; [READ: Count=52051 Max=2727.93 Min=2.70 Avg=98.69 10=13.18 25=16.64 50=25.84 75=104.25 90=211.97 95=496.13 99=983.04 99.9=1447.93 99.99=1960.96] [UPDATE: Count=25971 Max=9789.44 Min=6.87 Avg=33.86 10=11.29 25=13.43 50=16.98 75=22.94 90=32.77 95=43.55 99=120.19 99.9=4329.47 99.99=9297.92]
2025-04-22 06:19:53 12 sec: 99893 operations; [READ: Count=66652 Max=2727.93 Min=2.51 Avg=89.85 10=12.67 25=15.55 50=23.77 75=100.54 90=187.52 95=429.57 99=932.35 99.9=1419.26 99.99=1960.96] [UPDATE: Count=33241 Max=9789.44 Min=6.43 Avg=30.42 10=10.87 25=12.74 50=15.93 75=21.25 90=30.45 95=40.22 99=100.09 99.9=2701.31 99.99=9297.92]
2025-04-22 06:19:54 13 sec: 125788 operations; [READ: Count=83901 Max=2727.93 Min=2.51 Avg=81.32 10=12.39 25=14.95 50=22.13 75=95.42 90=164.61 95=386.56 99=880.64 99.9=1387.52 99.99=1952.77] [UPDATE: Count=41887 Max=9789.44 Min=6.43 Avg=27.67 10=10.62 25=12.29 50=15.18 75=19.97 90=28.35 95=37.28 99=86.72 99.9=2330.62 99.99=9289.73]
2025-04-22 06:19:55 14 sec: 149934 operations; [READ: Count=100000 Max=2727.93 Min=2.51 Avg=76.65 10=12.29 25=14.77 50=21.52 75=91.97 90=153.98 95=359.42 99=847.87 99.9=1358.85 99.99=1908.73] [UPDATE: Count=49934 Max=9789.44 Min=6.43 Avg=26.03 10=10.52 25=12.10 50=14.81 75=19.21 90=26.88 95=35.04 99=79.81 99.9=2136.06 99.99=9068.54]
2025-04-22 06:19:56 15 sec: 164932 operations; [READ: Count=109967 Max=2727.93 Min=2.51 Avg=77.74 10=12.27 25=14.78 50=21.65 75=93.25 90=159.23 95=361.98 99=845.31 99.9=1369.09 99.99=1952.77] [UPDATE: Count=54965 Max=9789.44 Min=6.43 Avg=25.54 10=10.50 25=12.03 50=14.63 75=18.85 90=26.14 95=34.08 99=79.49 99.9=2136.06 99.99=9068.54]
2025-04-22 06:19:57 16 sec: 180641 operations; [READ: Count=120453 Max=2727.93 Min=2.37 Avg=78.38 10=12.23 25=14.79 50=21.90 75=95.04 90=164.48 95=356.86 99=828.41 99.9=1360.89 99.99=1952.77] [UPDATE: Count=60188 Max=9789.44 Min=6.43 Avg=24.94 10=10.46 25=11.93 50=14.42 75=18.48 90=25.41 95=33.09 99=77.38 99.9=2136.06 99.99=8478.72]
2025-04-22 06:19:58 17 sec: 196180 operations; [READ: Count=130898 Max=2727.93 Min=2.34 Avg=79.06 10=12.21 25=14.82 50=22.25 75=96.25 90=169.98 95=350.21 99=808.96 99.9=1348.61 99.99=1942.53] [UPDATE: Count=65282 Max=9789.44 Min=6.43 Avg=24.22 10=10.43 25=11.83 50=14.21 75=18.11 90=24.75 95=32.14 99=76.09 99.9=1983.49 99.99=8155.14]
2025-04-22 06:19:59 18 sec: 210477 operations; [READ: Count=140393 Max=2727.93 Min=2.34 Avg=80.25 10=12.19 25=14.89 50=22.72 75=97.79 90=174.46 95=346.11 99=796.16 99.9=1333.25 99.99=1942.53] [UPDATE: Count=70084 Max=9789.44 Min=6.43 Avg=23.62 10=10.40 25=11.78 50=14.06 75=17.81 90=24.16 95=31.47 99=73.98 99.9=1857.54 99.99=8155.14]
2025-04-22 06:20:00 19 sec: 225263 operations; [READ: Count=150286 Max=2727.93 Min=2.34 Avg=81.05 10=12.17 25=14.94 50=23.05 75=98.75 90=177.66 95=342.78 99=782.34 99.9=1320.96 99.99=1908.73] [UPDATE: Count=74977 Max=9789.44 Min=6.30 Avg=23.06 10=10.38 25=11.73 50=13.92 75=17.55 90=23.68 95=30.80 99=72.45 99.9=1784.83 99.99=8155.14]
2025-04-22 06:20:01 20 sec: 239963 operations; [READ: Count=160096 Max=2727.93 Min=2.34 Avg=81.77 10=12.13 25=14.95 50=23.25 75=99.20 90=179.46 95=341.25 99=780.29 99.9=1331.20 99.99=1960.96] [UPDATE: Count=79867 Max=9789.44 Min=6.30 Avg=22.64 10=10.35 25=11.66 50=13.80 75=17.36 90=23.18 95=30.22 99=70.78 99.9=1647.62 99.99=7532.54]
2025-04-22 06:20:02 21 sec: 255365 operations; [READ: Count=170387 Max=3248.13 Min=2.34 Avg=82.13 10=12.08 25=14.92 50=23.28 75=99.26 90=179.97 95=338.69 99=780.80 99.9=1360.89 99.99=2032.64] [UPDATE: Count=84978 Max=9789.44 Min=6.30 Avg=22.30 10=10.32 25=11.61 50=13.69 75=17.15 90=22.73 95=29.63 99=69.63 99.9=1647.62 99.99=7532.54]
2025-04-22 06:20:03 22 sec: 274895 operations; [READ: Count=183404 Max=3248.13 Min=2.34 Avg=81.13 10=12.00 25=14.86 50=23.15 75=99.07 90=178.94 95=330.50 99=764.41 99.9=1349.63 99.99=2032.64] [UPDATE: Count=91491 Max=9789.44 Min=6.30 Avg=21.81 10=10.29 25=11.57 50=13.61 75=16.98 90=22.25 95=28.94 99=68.61 99.9=1627.13 99.99=7356.41]
2025-04-22 06:20:04 23 sec: 295561 operations; [READ: Count=197125 Max=3248.13 Min=2.34 Avg=79.92 10=11.89 25=14.73 50=22.88 75=98.62 90=177.66 95=323.84 99=750.08 99.9=1324.03 99.99=2003.97] [UPDATE: Count=98436 Max=9789.44 Min=6.30 Avg=21.41 10=10.23 25=11.49 50=13.47 75=16.75 90=21.79 95=28.30 99=67.45 99.9=1623.04 99.99=6758.40]
2025-04-22 06:20:05 24 sec: 316391 operations; [READ: Count=211053 Max=3248.13 Min=2.17 Avg=78.81 10=11.78 25=14.64 50=22.64 75=98.17 90=176.38 95=317.18 99=733.18 99.9=1309.69 99.99=1998.85] [UPDATE: Count=105338 Max=9789.44 Min=6.30 Avg=21.02 10=10.20 25=11.43 50=13.37 75=16.57 90=21.39 95=27.66 99=66.30 99.9=1602.56 99.99=6725.63]
2025-04-22 06:20:06 25 sec: 333678 operations; [READ: Count=222578 Max=3248.13 Min=2.17 Avg=78.70 10=11.73 25=14.59 50=22.59 75=98.11 90=176.00 95=314.88 99=727.04 99.9=1305.60 99.99=1998.85] [UPDATE: Count=111100 Max=9789.44 Min=6.30 Avg=20.86 10=10.15 25=11.36 50=13.27 75=16.41 90=21.09 95=27.25 99=66.05 99.9=1612.80 99.99=6725.63]
2025-04-22 06:20:07 26 sec: 351951 operations; [READ: Count=234768 Max=3248.13 Min=2.17 Avg=78.48 10=11.65 25=14.49 50=22.66 75=97.73 90=174.34 95=310.78 99=718.85 99.9=1292.29 99.99=1972.22] [UPDATE: Count=117183 Max=9789.44 Min=6.30 Avg=20.47 10=10.04 25=11.21 50=13.12 75=16.21 90=20.77 95=26.75 99=65.02 99.9=1573.89 99.99=6475.77]
2025-04-22 06:20:08 27 sec: 374449 operations; [READ: Count=249690 Max=3248.13 Min=2.17 Avg=77.36 10=11.54 25=14.38 50=22.77 75=96.64 90=169.73 95=298.24 99=704.00 99.9=1281.02 99.99=1960.96] [UPDATE: Count=124759 Max=9789.44 Min=6.30 Avg=19.99 10=9.96 25=11.03 50=12.94 75=15.95 90=20.43 95=26.19 99=63.10 99.9=1499.13 99.99=6475.77]
2025-04-22 06:20:09 28 sec: 399038 operations; [READ: Count=266119 Max=3248.13 Min=2.17 Avg=75.92 10=11.41 25=14.23 50=22.88 75=95.36 90=163.71 95=282.88 99=688.13 99.9=1265.66 99.99=1949.69] [UPDATE: Count=132919 Max=9789.44 Min=6.30 Avg=19.49 10=9.89 25=10.88 50=12.79 75=15.71 90=20.06 95=25.61 99=60.70 99.9=1418.24 99.99=6324.22]
2025-04-22 06:20:10 29 sec: 424428 operations; [READ: Count=283048 Max=3248.13 Min=2.17 Avg=74.51 10=11.26 25=14.10 50=22.94 75=94.21 90=156.93 95=268.29 99=672.25 99.9=1248.26 99.99=1942.53] [UPDATE: Count=141380 Max=9789.44 Min=6.30 Avg=19.02 10=9.83 25=10.75 50=12.65 75=15.49 90=19.73 95=25.05 99=58.72 99.9=1314.82 99.99=6246.40]
2025-04-22 06:20:11 30 sec: 448905 operations; [READ: Count=299372 Max=3248.13 Min=2.17 Avg=73.41 10=11.11 25=13.98 50=22.98 75=93.31 90=151.04 95=257.15 99=657.41 99.9=1238.02 99.99=1908.73] [UPDATE: Count=149533 Max=9789.44 Min=6.30 Avg=18.64 10=9.79 25=10.65 50=12.53 75=15.29 90=19.44 95=24.61 99=57.31 99.9=1236.99 99.99=6107.14]
2025-04-22 06:20:12 31 sec: 471806 operations; [READ: Count=314613 Max=3248.13 Min=2.17 Avg=72.70 10=10.97 25=13.89 50=23.01 75=92.73 90=146.30 95=250.11 99=647.17 99.9=1226.75 99.99=1906.69] [UPDATE: Count=157193 Max=9789.44 Min=6.30 Avg=18.30 10=9.75 25=10.58 50=12.41 75=15.10 90=19.20 95=24.18 99=55.81 99.9=1158.14 99.99=5705.73]
2025-04-22 06:20:13 32 sec: 496803 operations; [READ: Count=331373 Max=3248.13 Min=2.17 Avg=71.71 10=10.79 25=13.79 50=23.04 75=92.03 90=140.03 95=239.23 99=632.32 99.9=1214.46 99.99=1900.54] [UPDATE: Count=165430 Max=9789.44 Min=6.30 Avg=17.97 10=9.71 25=10.52 50=12.31 75=14.94 90=18.93 95=23.79 99=53.98 99.9=1102.85 99.99=5513.22]
2025-04-22 06:20:14 33 sec: 522162 operations; [READ: Count=348246 Max=3248.13 Min=2.17 Avg=70.77 10=10.59 25=13.72 50=23.04 75=91.45 90=135.42 95=230.14 99=619.01 99.9=1203.20 99.99=1891.33] [UPDATE: Count=173916 Max=9789.44 Min=6.30 Avg=17.67 10=9.69 25=10.47 50=12.21 75=14.78 90=18.70 95=23.39 99=52.77 99.9=1037.31 99.99=5513.22]
2025-04-22 06:20:15 34 sec: 548781 operations; [READ: Count=365957 Max=3248.13 Min=2.17 Avg=69.75 10=10.29 25=13.63 50=23.01 75=90.88 90=131.01 95=220.54 99=606.72 99.9=1193.98 99.99=1848.32] [UPDATE: Count=182824 Max=9789.44 Min=6.30 Avg=17.37 10=9.65 25=10.42 50=12.10 75=14.63 90=18.48 95=22.99 99=51.49 99.9=1000.96 99.99=5042.18]
2025-04-22 06:20:16 35 sec: 570217 operations; [READ: Count=380249 Max=3248.13 Min=2.17 Avg=69.48 10=10.02 25=13.59 50=22.98 75=90.75 90=129.79 95=218.75 99=600.06 99.9=1181.69 99.99=1844.22] [UPDATE: Count=189968 Max=9789.44 Min=6.30 Avg=17.20 10=9.64 25=10.40 50=12.04 75=14.54 90=18.32 95=22.70 99=50.14 99.9=966.65 99.99=5033.98]
2025-04-22 06:20:17 36 sec: 588364 operations; [READ: Count=392407 Max=3248.13 Min=2.17 Avg=69.64 10=9.73 25=13.56 50=22.96 75=90.75 90=129.98 95=219.52 99=602.11 99.9=1197.06 99.99=1848.32] [UPDATE: Count=195957 Max=9789.44 Min=6.30 Avg=17.09 10=9.62 25=10.38 50=11.98 75=14.48 90=18.19 95=22.48 99=49.73 99.9=942.59 99.99=4898.81]
2025-04-22 06:20:18 37 sec: 611958 operations; [READ: Count=408120 Max=3248.13 Min=2.17 Avg=69.14 10=9.31 25=13.52 50=22.91 75=90.56 90=128.13 95=215.42 99=592.89 99.9=1181.69 99.99=1835.01] [UPDATE: Count=203838 Max=9789.44 Min=6.30 Avg=16.90 10=9.60 25=10.37 50=11.91 75=14.40 90=18.02 95=22.22 99=48.99 99.9=909.31 99.99=4898.81]
2025-04-22 06:20:19 38 sec: 633651 operations; [READ: Count=422579 Max=3248.13 Min=2.17 Avg=68.88 10=8.94 25=13.49 50=22.88 75=90.56 90=127.68 95=214.01 99=583.17 99.9=1172.48 99.99=1813.50] [UPDATE: Count=211072 Max=9789.44 Min=6.30 Avg=16.77 10=9.59 25=10.35 50=11.86 75=14.34 90=17.89 95=22.00 99=48.48 99.9=891.90 99.99=4657.15]
2025-04-22 06:20:20 39 sec: 654894 operations; [READ: Count=436783 Max=3248.13 Min=2.17 Avg=68.69 10=8.65 25=13.47 50=22.86 75=90.62 90=127.36 95=212.74 99=574.98 99.9=1166.34 99.99=1795.07] [UPDATE: Count=218111 Max=9789.44 Min=6.30 Avg=16.64 10=9.57 25=10.34 50=11.81 75=14.28 90=17.76 95=21.79 99=48.03 99.9=880.64 99.99=4653.06]
2025-04-22 06:20:21 40 sec: 677573 operations; [READ: Count=451859 Max=3248.13 Min=2.17 Avg=68.38 10=8.31 25=13.44 50=22.82 75=90.56 90=126.40 95=210.69 99=567.29 99.9=1159.17 99.99=1780.73] [UPDATE: Count=225714 Max=9789.44 Min=6.30 Avg=16.48 10=9.56 25=10.32 50=11.76 75=14.21 90=17.63 95=21.57 99=47.52 99.9=832.00 99.99=4636.67]
2025-04-22 06:20:22 41 sec: 698273 operations; [READ: Count=465708 Max=3248.13 Min=2.17 Avg=68.25 10=8.07 25=13.41 50=22.78 75=90.50 90=125.82 95=210.05 99=562.69 99.9=1155.07 99.99=1770.49] [UPDATE: Count=232565 Max=9789.44 Min=6.20 Avg=16.43 10=9.54 25=10.31 50=11.72 75=14.17 90=17.52 95=21.39 99=47.30 99.9=832.00 99.99=4636.67]
2025-04-22 06:20:23 42 sec: 720758 operations; [READ: Count=480658 Max=3248.13 Min=2.17 Avg=67.98 10=7.86 25=13.38 50=22.75 75=90.50 90=125.06 95=208.38 99=555.01 99.9=1146.88 99.99=1768.45] [UPDATE: Count=240100 Max=9789.44 Min=6.20 Avg=16.32 10=9.53 25=10.29 50=11.68 75=14.12 90=17.42 95=21.20 99=46.66 99.9=817.66 99.99=4476.93]
2025-04-22 06:20:24 43 sec: 745086 operations; [READ: Count=496807 Max=3248.13 Min=2.17 Avg=67.54 10=7.62 25=13.35 50=22.69 75=90.30 90=123.84 95=205.69 99=546.30 99.9=1138.69 99.99=1743.87] [UPDATE: Count=248279 Max=9789.44 Min=6.20 Avg=16.19 10=9.51 25=10.29 50=11.64 75=14.07 90=17.31 95=21.01 99=46.14 99.9=785.41 99.99=4440.06]
2025-04-22 06:20:25 44 sec: 769470 operations; [READ: Count=512978 Max=3248.13 Min=2.17 Avg=67.13 10=7.43 25=13.31 50=22.61 75=90.17 90=122.75 95=203.13 99=537.60 99.9=1130.49 99.99=1743.87] [UPDATE: Count=256492 Max=9789.44 Min=6.20 Avg=16.08 10=9.50 25=10.28 50=11.62 75=14.05 90=17.21 95=20.83 99=45.50 99.9=770.05 99.99=4349.95]
2025-04-22 06:20:26 45 sec: 793776 operations; [READ: Count=529217 Max=3248.13 Min=2.03 Avg=66.74 10=7.25 25=13.27 50=22.53 75=90.05 90=121.73 95=200.83 99=530.94 99.9=1123.33 99.99=1717.25] [UPDATE: Count=264559 Max=9789.44 Min=6.20 Avg=15.97 10=9.49 25=10.26 50=11.58 75=14.00 90=17.12 95=20.69 99=45.15 99.9=741.89 99.99=4349.95]
2025-04-22 06:20:27 46 sec: 817372 operations; [READ: Count=544916 Max=3248.13 Min=2.03 Avg=66.45 10=7.09 25=13.22 50=22.43 75=89.86 90=120.89 95=199.42 99=527.36 99.9=1118.21 99.99=1716.22] [UPDATE: Count=272456 Max=9789.44 Min=6.20 Avg=15.86 10=9.46 25=10.25 50=11.54 75=13.94 90=17.02 95=20.51 99=44.45 99.9=732.67 99.99=4349.95]
2025-04-22 06:20:28 47 sec: 845958 operations; [READ: Count=563919 Max=3248.13 Min=2.03 Avg=65.76 10=6.90 25=13.16 50=22.30 75=89.47 90=118.97 95=195.58 99=517.38 99.9=1108.99 99.99=1698.82] [UPDATE: Count=282039 Max=9789.44 Min=6.20 Avg=15.71 10=9.42 25=10.22 50=11.49 75=13.88 90=16.89 95=20.34 99=43.81 99.9=687.62 99.99=4337.66]
2025-04-22 06:20:29 48 sec: 873673 operations; [READ: Count=582418 Max=3248.13 Min=2.03 Avg=65.18 10=6.74 25=13.10 50=22.16 75=89.22 90=117.63 95=192.00 99=507.39 99.9=1098.75 99.99=1689.60] [UPDATE: Count=291255 Max=9789.44 Min=6.20 Avg=15.58 10=9.40 25=10.21 50=11.44 75=13.81 90=16.78 95=20.16 99=43.36 99.9=654.34 99.99=4329.47]
2025-04-22 06:20:30 49 sec: 902538 operations; [READ: Count=601694 Max=3248.13 Min=2.03 Avg=64.54 10=6.62 25=13.03 50=22.00 75=88.89 90=116.09 95=188.03 99=498.18 99.9=1093.63 99.99=1675.26] [UPDATE: Count=300844 Max=9789.44 Min=6.20 Avg=15.45 10=9.37 25=10.18 50=11.40 75=13.77 90=16.67 95=19.98 99=42.75 99.9=618.50 99.99=4280.32]
2025-04-22 06:20:31 50 sec: 929184 operations; [READ: Count=619484 Max=3248.13 Min=2.03 Avg=64.11 10=6.51 25=12.98 50=21.82 75=88.70 90=115.26 95=185.85 99=490.50 99.9=1084.41 99.99=1673.21] [UPDATE: Count=309700 Max=9789.44 Min=6.20 Avg=15.33 10=9.34 25=10.17 50=11.36 75=13.72 90=16.57 95=19.86 99=42.27 99.9=582.14 99.99=4122.62]
2025-04-22 06:20:32 51 sec: 954570 operations; [READ: Count=636461 Max=3248.13 Min=2.03 Avg=63.79 10=6.43 25=12.93 50=21.66 75=88.51 90=114.56 95=184.70 99=486.14 99.9=1080.32 99.99=1670.14] [UPDATE: Count=318109 Max=9789.44 Min=6.20 Avg=15.24 10=9.32 25=10.16 50=11.33 75=13.68 90=16.50 95=19.71 99=41.76 99.9=565.76 99.99=4081.66]
2025-04-22 06:20:33 52 sec: 983656 operations; [READ: Count=655869 Max=3248.13 Min=2.03 Avg=63.23 10=6.33 25=12.87 50=21.45 75=88.25 90=113.34 95=181.76 99=478.72 99.9=1070.08 99.99=1665.02] [UPDATE: Count=327787 Max=9789.44 Min=6.20 Avg=15.13 10=9.29 25=10.14 50=11.29 75=13.63 90=16.38 95=19.55 99=41.22 99.9=521.73 99.99=3837.95]
2025-04-22 06:20:34 53 sec: 1013574 operations; [READ: Count=675798 Max=3248.13 Min=2.03 Avg=62.65 10=6.25 25=12.81 50=21.20 75=88.00 90=112.19 95=178.94 99=471.30 99.9=1062.91 99.99=1658.88] [UPDATE: Count=337776 Max=9789.44 Min=6.20 Avg=15.02 10=9.26 25=10.13 50=11.26 75=13.58 90=16.29 95=19.41 99=40.80 99.9=487.68 99.99=3794.94]
2025-04-22 06:20:35 54 sec: 1044755 operations; [READ: Count=696577 Max=3248.13 Min=2.03 Avg=62.02 10=6.16 25=12.74 50=20.91 75=87.68 90=110.97 95=176.00 99=464.13 99.9=1055.74 99.99=1652.73] [UPDATE: Count=348178 Max=9789.44 Min=6.20 Avg=14.92 10=9.23 25=10.12 50=11.23 75=13.54 90=16.20 95=19.28 99=40.29 99.9=471.04 99.99=3743.74]
2025-04-22 06:20:36 55 sec: 1074338 operations; [READ: Count=716247 Max=3248.13 Min=2.03 Avg=61.53 10=6.09 25=12.68 50=20.62 75=87.49 90=110.21 95=173.82 99=457.73 99.9=1048.58 99.99=1646.59] [UPDATE: Count=358091 Max=9789.44 Min=6.20 Avg=14.82 10=9.20 25=10.10 50=11.21 75=13.50 90=16.11 95=19.15 99=39.77 99.9=451.84 99.99=3655.68]
2025-04-22 06:20:37 56 sec: 1101695 operations; [READ: Count=734506 Max=3248.13 Min=2.03 Avg=61.18 10=6.04 25=12.63 50=20.38 75=87.36 90=109.69 95=172.54 99=453.63 99.9=1045.50 99.99=1638.40] [UPDATE: Count=367189 Max=9789.44 Min=6.20 Avg=14.76 10=9.18 25=10.10 50=11.20 75=13.49 90=16.08 95=19.05 99=39.52 99.9=417.54 99.99=3579.90]
2025-04-22 06:20:38 57 sec: 1127502 operations; [READ: Count=751752 Max=3248.13 Min=2.03 Avg=60.94 10=6.00 25=12.58 50=20.08 75=87.23 90=109.31 95=171.65 99=452.61 99.9=1047.04 99.99=1638.40] [UPDATE: Count=375750 Max=9789.44 Min=6.20 Avg=14.72 10=9.17 25=10.10 50=11.19 75=13.48 90=16.02 95=18.96 99=39.20 99.9=403.45 99.99=3530.75]
2025-04-22 06:20:39 58 sec: 1154866 operations; [READ: Count=770005 Max=3248.13 Min=2.03 Avg=60.63 10=5.96 25=12.53 50=19.81 75=87.10 90=109.12 95=170.75 99=447.74 99.9=1041.92 99.99=1626.11] [UPDATE: Count=384861 Max=9789.44 Min=6.20 Avg=14.65 10=9.14 25=10.10 50=11.18 75=13.46 90=15.97 95=18.86 99=38.81 99.9=387.58 99.99=3530.75]
2025-04-22 06:20:40 59 sec: 1182519 operations; [READ: Count=788455 Max=3248.13 Min=2.03 Avg=60.32 10=5.92 25=12.48 50=19.50 75=87.04 90=108.80 95=169.85 99=443.65 99.9=1036.80 99.99=1620.99] [UPDATE: Count=394064 Max=9789.44 Min=6.20 Avg=14.59 10=9.11 25=10.09 50=11.17 75=13.44 90=15.92 95=18.75 99=38.53 99.9=371.45 99.99=3508.22]
2025-04-22 06:20:41 60 sec: 1208879 operations; [READ: Count=806068 Max=3248.13 Min=2.03 Avg=60.10 10=5.89 25=12.43 50=19.23 75=86.97 90=108.73 95=169.47 99=439.81 99.9=1030.14 99.99=1615.87] [UPDATE: Count=402811 Max=9789.44 Min=6.20 Avg=14.53 10=9.10 25=10.08 50=11.15 75=13.42 90=15.87 95=18.69 99=38.21 99.9=353.02 99.99=3334.14]
2025-04-22 06:20:42 61 sec: 1233796 operations; [READ: Count=822672 Max=3248.13 Min=2.03 Avg=59.94 10=5.88 25=12.39 50=19.05 75=86.97 90=108.67 95=169.22 99=437.25 99.9=1023.49 99.99=1613.82] [UPDATE: Count=411124 Max=9789.44 Min=6.20 Avg=14.51 10=9.08 25=10.08 50=11.16 75=13.43 90=15.86 95=18.64 99=38.08 99.9=350.98 99.99=3334.14]
2025-04-22 06:20:43 62 sec: 1261231 operations; [READ: Count=841049 Max=3248.13 Min=2.03 Avg=59.67 10=5.86 25=12.34 50=18.80 75=86.85 90=108.48 95=168.45 99=434.69 99.9=1017.86 99.99=1603.58] [UPDATE: Count=420182 Max=9789.44 Min=6.20 Avg=14.46 10=9.05 25=10.07 50=11.15 75=13.41 90=15.83 95=18.56 99=37.82 99.9=337.66 99.99=3303.42]
2025-04-22 06:20:44 63 sec: 1289861 operations; [READ: Count=860124 Max=3248.13 Min=2.03 Avg=59.36 10=5.83 25=12.28 50=18.54 75=86.78 90=108.22 95=167.55 99=430.85 99.9=1011.71 99.99=1592.32] [UPDATE: Count=429737 Max=9789.44 Min=6.20 Avg=14.40 10=9.02 25=10.06 50=11.13 75=13.39 90=15.78 95=18.48 99=37.60 99.9=324.10 99.99=3268.61]
2025-04-22 06:20:45 64 sec: 1316974 operations; [READ: Count=878284 Max=3248.13 Min=2.03 Avg=59.12 10=5.81 25=12.21 50=18.30 75=86.72 90=108.16 95=167.17 99=428.29 99.9=1006.59 99.99=1590.27] [UPDATE: Count=438690 Max=9789.44 Min=6.20 Avg=14.37 10=9.02 25=10.06 50=11.13 75=13.38 90=15.77 95=18.41 99=37.44 99.9=318.21 99.99=3063.81]
2025-04-22 06:20:46 65 sec: 1340175 operations; [READ: Count=893773 Max=3248.13 Min=2.03 Avg=59.06 10=5.79 25=12.18 50=18.16 75=86.78 90=108.42 95=167.81 99=427.01 99.9=1001.98 99.99=1588.22] [UPDATE: Count=446402 Max=14352.38 Min=6.15 Avg=14.40 10=9.01 25=10.06 50=11.14 75=13.40 90=15.78 95=18.40 99=37.38 99.9=318.46 99.99=3063.81]
2025-04-22 06:20:47 66 sec: 1363030 operations; [READ: Count=908977 Max=3248.13 Min=2.03 Avg=59.04 10=5.81 25=12.13 50=18.11 75=86.78 90=108.54 95=167.94 99=425.98 99.9=1001.98 99.99=1582.08] [UPDATE: Count=454053 Max=14352.38 Min=6.15 Avg=14.39 10=9.00 25=10.06 50=11.14 75=13.40 90=15.78 95=18.37 99=37.22 99.9=318.21 99.99=3063.81]
2025-04-22 06:20:48 67 sec: 1381335 operations; [READ: Count=921272 Max=3248.13 Min=2.03 Avg=59.22 10=5.82 25=12.11 50=18.16 75=86.91 90=108.93 95=168.70 99=426.24 99.9=1000.96 99.99=1581.06] [UPDATE: Count=460063 Max=14352.38 Min=6.15 Avg=14.40 10=9.00 25=10.06 50=11.15 75=13.41 90=15.78 95=18.34 99=37.12 99.9=318.72 99.99=3000.32]
2025-04-22 06:20:49 68 sec: 1400310 operations; [READ: Count=933867 Max=3248.13 Min=2.03 Avg=59.39 10=5.85 25=12.09 50=18.24 75=87.10 90=109.25 95=169.09 99=425.21 99.9=999.93 99.99=1579.01] [UPDATE: Count=466443 Max=14352.38 Min=6.15 Avg=14.40 10=9.02 25=10.07 50=11.17 75=13.41 90=15.78 95=18.30 99=36.80 99.9=319.49 99.99=2996.22]
2025-04-22 06:20:50 69 sec: 1421008 operations; [READ: Count=947688 Max=3248.13 Min=2.03 Avg=59.47 10=5.87 25=12.08 50=18.32 75=87.23 90=109.44 95=169.22 99=423.68 99.9=996.86 99.99=1572.86] [UPDATE: Count=473320 Max=14352.38 Min=6.15 Avg=14.38 10=9.03 25=10.07 50=11.18 75=13.41 90=15.78 95=18.27 99=36.54 99.9=318.72 99.99=2996.22]
2025-04-22 06:20:51 70 sec: 1443517 operations; [READ: Count=962680 Max=3248.13 Min=2.03 Avg=59.46 10=5.89 25=12.06 50=18.35 75=87.30 90=109.63 95=169.09 99=421.89 99.9=991.74 99.99=1569.79] [UPDATE: Count=480837 Max=14352.38 Min=6.15 Avg=14.36 10=9.04 25=10.08 50=11.19 75=13.41 90=15.77 95=18.24 99=36.22 99.9=318.21 99.99=2973.70]
2025-04-22 06:20:52 71 sec: 1467737 operations; [READ: Count=978777 Max=3248.13 Min=2.03 Avg=59.38 10=5.92 25=12.05 50=18.38 75=87.36 90=109.57 95=168.57 99=419.84 99.9=987.65 99.99=1563.65] [UPDATE: Count=488960 Max=14352.38 Min=6.15 Avg=14.33 10=9.06 25=10.08 50=11.20 75=13.41 90=15.75 95=18.19 99=36.06 99.9=313.34 99.99=2932.74]
2025-04-22 06:20:53 72 sec: 1487390 operations; [READ: Count=991899 Max=3248.13 Min=2.03 Avg=59.51 10=5.94 25=12.06 50=18.48 75=87.49 90=109.82 95=168.96 99=418.81 99.9=986.11 99.99=1551.36] [UPDATE: Count=495491 Max=14352.38 Min=6.15 Avg=14.31 10=9.07 25=10.09 50=11.21 75=13.41 90=15.74 95=18.14 99=35.87 99.9=308.74 99.99=2885.63]
2025-04-22 06:20:54 72 sec: 1499532 operations; [READ: Count=1000000 Max=3248.13 Min=2.03 Avg=59.71 10=5.95 25=12.08 50=18.61 75=87.55 90=110.40 95=169.73 99=418.30 99.9=983.55 99.99=1544.19] [UPDATE: Count=499532 Max=14352.38 Min=6.15 Avg=14.30 10=9.08 25=10.09 50=11.21 75=13.41 90=15.73 95=18.11 99=35.71 99.9=302.85 99.99=2885.63]
Run runtime(sec): 72.854
Run operations(ops): 1000000
Run throughput(ops/sec): 13726.1
