Running scope as unit: run-r202819c2966444bd8e17d9b5a564ffdd.scope
load file:/home/user/DataFiles/silesia_data/silesia.tar
2025-04-22 06:19:41 0 sec: 0 operations;
2025-04-22 06:19:42 1 sec: 0 operations;
2025-04-22 06:19:43 2 sec: 0 operations;
2025-04-22 06:19:44 3 sec: 0 operations;
2025-04-22 06:19:45 4 sec: 0 operations;
2025-04-22 06:19:46 5 sec: 0 operations;
2025-04-22 06:19:47 6 sec: 8944 operations; [READ: Count=5931 Max=2111.49 Min=3.86 Avg=106.91 10=16.93 25=21.79 50=29.50 75=110.59 90=237.44 95=516.61 99=1011.20 99.9=1549.31 99.99=1944.58] [UPDATE: Count=3013 Max=9773.06 Min=8.27 Avg=53.84 10=13.18 25=15.17 50=18.69 75=24.09 90=31.47 95=39.20 99=174.08 99.9=7385.09 99.99=9773.06]
2025-04-22 06:19:48 7 sec: 20091 operations; [READ: Count=13418 Max=2111.49 Min=3.34 Avg=109.83 10=18.03 25=23.66 50=33.09 75=115.58 90=249.09 95=516.61 99=1006.59 99.9=1475.58 99.99=1944.58] [UPDATE: Count=6673 Max=9773.06 Min=8.27 Avg=46.92 10=13.76 25=16.00 50=19.89 75=25.47 90=33.02 95=40.45 99=111.04 99.9=6787.07 99.99=9158.66]
2025-04-22 06:19:49 8 sec: 28369 operations; [READ: Count=18945 Max=2226.18 Min=3.25 Avg=124.38 10=18.09 25=23.97 50=33.18 75=118.14 90=361.47 95=648.70 99=1069.06 99.9=1484.80 99.99=1944.58] [UPDATE: Count=9424 Max=10838.01 Min=7.75 Avg=44.90 10=13.57 25=15.75 50=19.54 75=24.93 90=31.97 95=39.23 99=129.41 99.9=6787.07 99.99=9789.44]
2025-04-22 06:19:50 9 sec: 38759 operations; [READ: Count=25877 Max=2226.18 Min=3.23 Avg=126.46 10=18.03 25=24.06 50=32.80 75=117.31 90=376.83 95=661.50 99=1073.15 99.9=1559.55 99.99=1996.80] [UPDATE: Count=12882 Max=10838.01 Min=6.38 Avg=38.70 10=12.60 25=14.62 50=18.11 75=23.28 90=30.25 95=37.05 99=118.72 99.9=5480.45 99.99=9789.44]
2025-04-22 06:19:51 10 sec: 57286 operations; [READ: Count=38138 Max=2226.18 Min=2.56 Avg=107.84 10=15.38 25=20.89 50=30.03 75=111.94 90=255.10 95=544.77 99=1010.17 99.9=1513.47 99.99=1949.69] [UPDATE: Count=19148 Max=10838.01 Min=6.38 Avg=33.59 10=11.56 25=13.46 50=16.70 75=21.65 90=28.34 95=34.75 99=111.36 99.9=4616.19 99.99=9773.06]
2025-04-22 06:19:52 11 sec: 73243 operations; [READ: Count=48740 Max=2281.47 Min=2.56 Avg=102.32 10=15.00 25=19.21 50=28.50 75=109.63 90=225.41 95=503.55 99=1004.54 99.9=1517.57 99.99=1974.27] [UPDATE: Count=24503 Max=10838.01 Min=6.38 Avg=30.85 10=11.21 25=12.97 50=16.02 75=20.69 90=26.99 95=32.86 99=91.14 99.9=3909.63 99.99=9773.06]
2025-04-22 06:19:53 12 sec: 91572 operations; [READ: Count=60947 Max=2281.47 Min=2.27 Avg=95.84 10=14.88 25=18.53 50=27.45 75=107.20 90=202.88 95=456.96 99=961.53 99.9=1485.82 99.99=1949.69] [UPDATE: Count=30625 Max=10838.01 Min=6.38 Avg=28.94 10=11.00 25=12.73 50=15.66 75=20.19 90=26.19 95=31.77 99=83.84 99.9=2504.70 99.99=9199.61]
2025-04-22 06:19:54 13 sec: 114657 operations; [READ: Count=76338 Max=2281.47 Min=2.27 Avg=87.48 10=14.70 25=18.05 50=26.40 75=102.85 90=176.25 95=408.32 99=911.87 99.9=1428.48 99.99=1944.58] [UPDATE: Count=38319 Max=10838.01 Min=6.38 Avg=26.90 10=10.85 25=12.48 50=15.23 75=19.50 90=25.23 95=30.43 99=68.54 99.9=2365.44 99.99=9158.66]
2025-04-22 06:19:55 14 sec: 139103 operations; [READ: Count=92696 Max=2281.47 Min=2.27 Avg=81.11 10=14.62 25=17.82 50=25.66 75=96.45 90=159.23 95=374.78 99=869.38 99.9=1377.28 99.99=1924.10] [UPDATE: Count=46407 Max=10838.01 Min=6.38 Avg=25.23 10=10.75 25=12.32 50=14.96 75=19.04 90=24.48 95=29.47 99=60.86 99.9=2117.63 99.99=8081.41]
2025-04-22 06:19:56 15 sec: 157560 operations; [READ: Count=104948 Max=2447.36 Min=2.27 Avg=79.79 10=14.67 25=17.92 50=25.74 75=95.36 90=158.34 95=363.01 99=845.31 99.9=1366.02 99.99=1944.58] [UPDATE: Count=52612 Max=10838.01 Min=6.38 Avg=24.73 10=10.75 25=12.30 50=14.93 75=18.94 90=24.25 95=29.18 99=59.84 99.9=2006.02 99.99=8081.41]
2025-04-22 06:19:57 16 sec: 171516 operations; [READ: Count=114264 Max=2971.65 Min=2.27 Avg=81.01 10=14.73 25=18.06 50=26.09 75=98.88 90=161.66 95=362.50 99=846.85 99.9=1397.76 99.99=2041.86] [UPDATE: Count=57252 Max=10838.01 Min=6.38 Avg=24.55 10=10.79 25=12.34 50=14.95 75=18.89 90=24.09 95=28.89 99=59.07 99.9=2013.18 99.99=8048.64]
2025-04-22 06:19:58 17 sec: 185770 operations; [READ: Count=123780 Max=2971.65 Min=2.27 Avg=81.98 10=14.78 25=18.22 50=26.54 75=101.44 90=168.45 95=359.42 99=833.53 99.9=1387.52 99.99=2041.86] [UPDATE: Count=61990 Max=10838.01 Min=6.38 Avg=24.23 10=10.81 25=12.39 50=14.97 75=18.82 90=23.86 95=28.50 99=58.56 99.9=1916.93 99.99=8048.64]
2025-04-22 06:19:59 18 sec: 200277 operations; [READ: Count=133452 Max=2971.65 Min=2.27 Avg=82.84 10=14.78 25=18.30 50=26.91 75=103.04 90=174.97 95=356.10 99=813.05 99.9=1377.28 99.99=2041.86] [UPDATE: Count=66825 Max=10838.01 Min=6.38 Avg=23.70 10=10.78 25=12.32 50=14.83 75=18.59 90=23.54 95=28.06 99=57.25 99.9=1870.85 99.99=7581.69]
2025-04-22 06:20:00 19 sec: 213976 operations; [READ: Count=142563 Max=2971.65 Min=2.27 Avg=83.96 10=14.78 25=18.40 50=27.39 75=104.45 90=180.74 95=352.51 99=800.25 99.9=1367.04 99.99=2003.97] [UPDATE: Count=71413 Max=10838.01 Min=6.38 Avg=23.20 10=10.77 25=12.26 50=14.72 75=18.41 90=23.26 95=27.70 99=55.77 99.9=1776.64 99.99=7581.69]
2025-04-22 06:20:01 20 sec: 226532 operations; [READ: Count=150902 Max=2971.65 Min=2.27 Avg=85.41 10=14.78 25=18.50 50=27.89 75=105.86 90=185.47 95=352.00 99=789.50 99.9=1355.78 99.99=1996.80] [UPDATE: Count=75630 Max=10838.01 Min=6.38 Avg=22.85 10=10.73 25=12.21 50=14.62 75=18.22 90=23.02 95=27.38 99=53.79 99.9=1709.06 99.99=7385.09]
2025-04-22 06:20:02 21 sec: 237762 operations; [READ: Count=158357 Max=3143.68 Min=2.27 Avg=87.18 10=14.78 25=18.61 50=28.37 75=106.94 90=188.41 95=354.56 99=794.62 99.9=1392.64 99.99=2199.55] [UPDATE: Count=79405 Max=10838.01 Min=6.38 Avg=22.70 10=10.74 25=12.21 50=14.62 75=18.19 90=22.89 95=27.15 99=53.66 99.9=1707.01 99.99=7385.09]
2025-04-22 06:20:03 22 sec: 249820 operations; [READ: Count=166373 Max=3143.68 Min=2.27 Avg=88.46 10=14.80 25=18.72 50=28.82 75=107.97 90=191.62 95=356.35 99=790.01 99.9=1387.52 99.99=2131.97] [UPDATE: Count=83447 Max=10838.01 Min=6.38 Avg=22.54 10=10.76 25=12.23 50=14.64 75=18.18 90=22.80 95=26.99 99=53.57 99.9=1688.58 99.99=7385.09]
2025-04-22 06:20:04 23 sec: 263590 operations; [READ: Count=175585 Max=3143.68 Min=2.27 Avg=88.98 10=14.78 25=18.80 50=29.23 75=108.61 90=192.77 95=353.28 99=772.10 99.9=1374.21 99.99=2111.49] [UPDATE: Count=88005 Max=10838.01 Min=6.38 Avg=22.30 10=10.73 25=12.20 50=14.56 75=18.03 90=22.61 95=26.73 99=52.58 99.9=1682.43 99.99=7368.70]
2025-04-22 06:20:05 24 sec: 277326 operations; [READ: Count=184728 Max=3143.68 Min=2.27 Avg=89.43 10=14.78 25=18.89 50=29.60 75=109.18 90=194.05 95=351.74 99=760.83 99.9=1364.99 99.99=2111.49] [UPDATE: Count=92598 Max=10838.01 Min=6.38 Avg=22.18 10=10.75 25=12.22 50=14.59 75=18.02 90=22.50 95=26.56 99=52.32 99.9=1677.31 99.99=7368.70]
2025-04-22 06:20:06 25 sec: 291209 operations; [READ: Count=193936 Max=3143.68 Min=2.27 Avg=89.78 10=14.74 25=18.94 50=29.82 75=109.50 90=195.07 95=350.72 99=755.71 99.9=1361.92 99.99=2111.49] [UPDATE: Count=97273 Max=10838.01 Min=6.38 Avg=22.11 10=10.75 25=12.22 50=14.57 75=17.98 90=22.40 95=26.40 99=52.32 99.9=1707.01 99.99=6787.07]
2025-04-22 06:20:07 26 sec: 306185 operations; [READ: Count=203838 Max=3143.68 Min=2.27 Avg=89.83 10=14.69 25=18.94 50=29.92 75=109.50 90=195.20 95=348.93 99=751.62 99.9=1352.70 99.99=2101.25] [UPDATE: Count=102347 Max=10838.01 Min=6.38 Avg=21.88 10=10.74 25=12.21 50=14.56 75=17.93 90=22.30 95=26.24 99=51.87 99.9=1667.07 99.99=6787.07]
2025-04-22 06:20:08 27 sec: 326761 operations; [READ: Count=217538 Max=3143.68 Min=2.27 Avg=88.26 10=14.50 25=18.64 50=29.70 75=108.16 90=191.23 95=339.97 99=738.82 99.9=1340.41 99.99=2091.01] [UPDATE: Count=109223 Max=10838.01 Min=6.38 Avg=21.39 10=10.55 25=12.02 50=14.33 75=17.70 90=22.02 95=25.90 99=50.40 99.9=1587.20 99.99=6610.94]
2025-04-22 06:20:09 28 sec: 352285 operations; [READ: Count=234622 Max=3143.68 Min=2.27 Avg=85.55 10=14.34 25=18.34 50=29.34 75=105.79 90=184.32 95=323.33 99=717.82 99.9=1313.79 99.99=2070.53] [UPDATE: Count=117663 Max=10838.01 Min=6.38 Avg=20.78 10=10.39 25=11.80 50=14.09 75=17.41 90=21.70 95=25.54 99=48.93 99.9=1500.16 99.99=6508.54]
2025-04-22 06:20:10 29 sec: 377859 operations; [READ: Count=251682 Max=3143.68 Min=2.27 Avg=83.21 10=14.21 25=18.13 50=29.05 75=103.68 90=177.66 95=306.43 99=699.90 99.9=1301.50 99.99=2041.86] [UPDATE: Count=126177 Max=10838.01 Min=6.38 Avg=20.26 10=10.32 25=11.66 50=13.90 75=17.15 90=21.36 95=25.17 99=46.56 99.9=1412.10 99.99=6430.72]
2025-04-22 06:20:11 30 sec: 403309 operations; [READ: Count=268628 Max=3143.68 Min=2.27 Avg=81.23 10=14.04 25=17.90 50=28.80 75=101.89 90=171.26 95=291.33 99=684.54 99.9=1291.26 99.99=1996.80] [UPDATE: Count=134681 Max=10838.01 Min=6.38 Avg=19.76 10=10.22 25=11.49 50=13.70 75=16.89 90=21.05 95=24.80 99=44.99 99.9=1296.38 99.99=6430.72]
2025-04-22 06:20:12 31 sec: 427271 operations; [READ: Count=284562 Max=3143.68 Min=2.27 Avg=79.79 10=13.87 25=17.73 50=28.50 75=100.61 90=166.27 95=281.86 99=671.74 99.9=1269.76 99.99=1974.27] [UPDATE: Count=142709 Max=10838.01 Min=6.38 Avg=19.34 10=10.17 25=11.34 50=13.54 75=16.69 90=20.80 95=24.48 99=43.26 99.9=1224.70 99.99=6234.11]
2025-04-22 06:20:13 32 sec: 452403 operations; [READ: Count=301274 Max=3143.68 Min=2.27 Avg=78.29 10=13.67 25=17.54 50=28.18 75=99.33 90=158.97 95=271.10 99=657.92 99.9=1260.54 99.99=1958.91] [UPDATE: Count=151129 Max=10838.01 Min=6.38 Avg=18.94 10=10.10 25=11.20 50=13.38 75=16.45 90=20.56 95=24.21 99=42.11 99.9=1128.45 99.99=5484.54]
2025-04-22 06:20:14 33 sec: 479179 operations; [READ: Count=319111 Max=3143.68 Min=2.27 Avg=76.65 10=13.44 25=17.36 50=27.84 75=98.05 90=151.17 95=259.33 99=642.05 99.9=1243.13 99.99=1944.58] [UPDATE: Count=160068 Max=10838.01 Min=6.38 Avg=18.56 10=10.03 25=11.07 50=13.23 75=16.21 90=20.30 95=23.90 99=41.25 99.9=1049.60 99.99=5480.45]
2025-04-22 06:20:15 34 sec: 505793 operations; [READ: Count=336850 Max=3143.68 Min=2.27 Avg=75.20 10=13.21 25=17.21 50=27.52 75=97.02 90=144.90 95=247.55 99=625.15 99.9=1229.82 99.99=1924.10] [UPDATE: Count=168943 Max=10838.01 Min=6.38 Avg=18.23 10=9.98 25=10.97 50=13.10 75=16.02 90=20.06 95=23.65 99=40.45 99.9=1025.02 99.99=5423.10]
2025-04-22 06:20:16 35 sec: 529482 operations; [READ: Count=352685 Max=3143.68 Min=2.27 Avg=74.32 10=12.99 25=17.12 50=27.21 75=96.38 90=141.31 95=240.77 99=616.45 99.9=1219.58 99.99=1924.10] [UPDATE: Count=176797 Max=10838.01 Min=6.38 Avg=18.01 10=9.97 25=10.93 50=13.02 75=15.88 90=19.89 95=23.42 99=39.84 99.9=999.93 99.99=5337.09]
2025-04-22 06:20:17 36 sec: 548211 operations; [READ: Count=365207 Max=3143.68 Min=2.27 Avg=74.22 10=12.81 25=17.07 50=26.98 75=96.25 90=141.06 95=240.90 99=616.45 99.9=1226.75 99.99=1923.07] [UPDATE: Count=183004 Max=10838.01 Min=6.38 Avg=17.92 10=9.95 25=10.89 50=12.96 75=15.78 90=19.74 95=23.26 99=39.45 99.9=962.56 99.99=5423.10]
2025-04-22 06:20:18 37 sec: 572053 operations; [READ: Count=381081 Max=3143.68 Min=2.27 Avg=73.43 10=12.52 25=16.99 50=26.66 75=95.87 90=138.50 95=234.50 99=607.23 99.9=1217.54 99.99=1911.81] [UPDATE: Count=190972 Max=10838.01 Min=6.38 Avg=17.72 10=9.91 25=10.84 50=12.86 75=15.64 90=19.57 95=23.05 99=38.98 99.9=925.70 99.99=5337.09]
2025-04-22 06:20:19 38 sec: 595343 operations; [READ: Count=396712 Max=3143.68 Min=2.27 Avg=72.76 10=12.17 25=16.94 50=26.38 75=95.68 90=136.57 95=229.38 99=596.99 99.9=1209.34 99.99=1893.38] [UPDATE: Count=198631 Max=10838.01 Min=6.38 Avg=17.56 10=9.89 25=10.81 50=12.80 75=15.55 90=19.41 95=22.89 99=38.59 99.9=912.38 99.99=5054.46]
2025-04-22 06:20:20 39 sec: 617926 operations; [READ: Count=411753 Max=3143.68 Min=2.27 Avg=72.24 10=11.84 25=16.89 50=26.06 75=95.55 90=135.68 95=226.56 99=587.26 99.9=1202.17 99.99=1864.70] [UPDATE: Count=206173 Max=10838.01 Min=6.38 Avg=17.41 10=9.88 25=10.79 50=12.72 75=15.45 90=19.26 95=22.73 99=38.21 99.9=908.29 99.99=4648.96]
2025-04-22 06:20:21 40 sec: 640965 operations; [READ: Count=427042 Max=3143.68 Min=2.27 Avg=71.71 10=11.49 25=16.86 50=25.77 75=95.42 90=134.40 95=223.23 99=579.58 99.9=1195.01 99.99=1855.49] [UPDATE: Count=213923 Max=10838.01 Min=6.38 Avg=17.27 10=9.87 25=10.79 50=12.70 75=15.40 90=19.15 95=22.57 99=37.82 99.9=876.54 99.99=4648.96]
2025-04-22 06:20:22 41 sec: 664817 operations; [READ: Count=442886 Max=3143.68 Min=2.27 Avg=71.11 10=11.13 25=16.80 50=25.44 75=95.17 90=132.86 95=219.90 99=571.90 99.9=1185.79 99.99=1841.15] [UPDATE: Count=221931 Max=10838.01 Min=6.38 Avg=17.15 10=9.85 25=10.76 50=12.64 75=15.30 90=19.02 95=22.41 99=37.47 99.9=866.30 99.99=4616.19]
2025-04-22 06:20:23 42 sec: 688209 operations; [READ: Count=458487 Max=3143.68 Min=2.27 Avg=70.62 10=10.78 25=16.73 50=25.15 75=94.97 90=131.84 95=217.22 99=565.76 99.9=1177.60 99.99=1802.24] [UPDATE: Count=229722 Max=10838.01 Min=6.38 Avg=17.02 10=9.82 25=10.72 50=12.56 75=15.21 90=18.89 95=22.25 99=37.31 99.9=849.92 99.99=4538.37]
2025-04-22 06:20:24 43 sec: 714311 operations; [READ: Count=475791 Max=3143.68 Min=2.27 Avg=69.88 10=10.45 25=16.67 50=24.83 75=94.59 90=129.98 95=212.61 99=557.57 99.9=1167.36 99.99=1801.21] [UPDATE: Count=238520 Max=10838.01 Min=6.38 Avg=16.85 10=9.79 25=10.68 50=12.48 75=15.10 90=18.75 95=22.09 99=37.02 99.9=792.58 99.99=4419.58]
2025-04-22 06:20:25 44 sec: 740326 operations; [READ: Count=493061 Max=3143.68 Min=2.27 Avg=69.20 10=10.14 25=16.61 50=24.53 75=94.27 90=128.57 95=209.15 99=549.38 99.9=1158.14 99.99=1788.93] [UPDATE: Count=247265 Max=10838.01 Min=6.38 Avg=16.70 10=9.77 25=10.66 50=12.43 75=15.03 90=18.62 95=21.93 99=36.67 99.9=765.44 99.99=4399.10]
2025-04-22 06:20:26 45 sec: 767835 operations; [READ: Count=511335 Max=3143.68 Min=2.27 Avg=68.43 10=9.81 25=16.53 50=24.19 75=93.95 90=127.04 95=205.18 99=539.65 99.9=1146.88 99.99=1783.81] [UPDATE: Count=256500 Max=10838.01 Min=6.14 Avg=16.52 10=9.73 25=10.62 50=12.34 75=14.94 90=18.50 95=21.77 99=36.22 99.9=719.36 99.99=4382.72]
2025-04-22 06:20:27 46 sec: 793450 operations; [READ: Count=528399 Max=3143.68 Min=2.27 Avg=67.88 10=9.57 25=16.45 50=23.90 75=93.63 90=126.08 95=202.88 99=531.97 99.9=1136.64 99.99=1764.35] [UPDATE: Count=265051 Max=10838.01 Min=6.14 Avg=16.40 10=9.70 25=10.60 50=12.28 75=14.86 90=18.37 95=21.65 99=35.90 99.9=706.05 99.99=4134.91]
2025-04-22 06:20:28 47 sec: 821397 operations; [READ: Count=547042 Max=3143.68 Min=2.27 Avg=67.16 10=9.30 25=16.35 50=23.60 75=93.18 90=124.48 95=199.42 99=525.82 99.9=1130.49 99.99=1763.33] [UPDATE: Count=274355 Max=10838.01 Min=6.14 Avg=16.25 10=9.67 25=10.57 50=12.20 75=14.77 90=18.24 95=21.49 99=35.55 99.9=673.79 99.99=4134.91]
2025-04-22 06:20:29 48 sec: 851912 operations; [READ: Count=567446 Max=3143.68 Min=2.27 Avg=66.26 10=9.02 25=16.24 50=23.26 75=92.61 90=122.75 95=195.46 99=516.35 99.9=1122.30 99.99=1743.87] [UPDATE: Count=284466 Max=10838.01 Min=6.14 Avg=16.08 10=9.63 25=10.54 50=12.13 75=14.68 90=18.11 95=21.33 99=35.07 99.9=626.69 99.99=4026.37]
2025-04-22 06:20:30 49 sec: 882075 operations; [READ: Count=587569 Max=3143.68 Min=2.27 Avg=65.46 10=8.82 25=16.14 50=22.96 75=92.16 90=121.28 95=192.13 99=506.37 99.9=1110.02 99.99=1726.46] [UPDATE: Count=294506 Max=10838.01 Min=6.14 Avg=15.94 10=9.60 25=10.49 50=12.05 75=14.59 90=17.97 95=21.18 99=34.72 99.9=600.06 99.99=3979.26]
2025-04-22 06:20:31 50 sec: 911483 operations; [READ: Count=607143 Max=3143.68 Min=2.27 Avg=64.77 10=8.64 25=16.04 50=22.69 75=91.84 90=120.06 95=189.31 99=498.43 99.9=1103.87 99.99=1726.46] [UPDATE: Count=304340 Max=10838.01 Min=6.14 Avg=15.81 10=9.57 25=10.47 50=11.99 75=14.52 90=17.86 95=21.04 99=34.49 99.9=550.91 99.99=3917.82]
2025-04-22 06:20:32 51 sec: 940119 operations; [READ: Count=626281 Max=3143.68 Min=2.27 Avg=64.18 10=8.49 25=15.95 50=22.41 75=91.52 90=119.17 95=187.26 99=492.29 99.9=1096.70 99.99=1724.41] [UPDATE: Count=313838 Max=10838.01 Min=6.14 Avg=15.69 10=9.54 25=10.45 50=11.94 75=14.45 90=17.74 95=20.93 99=34.40 99.9=532.99 99.99=3909.63]
2025-04-22 06:20:33 52 sec: 968811 operations; [READ: Count=645424 Max=3143.68 Min=2.27 Avg=63.62 10=8.35 25=15.87 50=22.19 75=91.20 90=118.27 95=185.22 99=487.68 99.9=1091.58 99.99=1695.74] [UPDATE: Count=323387 Max=10838.01 Min=6.14 Avg=15.58 10=9.50 25=10.43 50=11.88 75=14.39 90=17.63 95=20.80 99=34.27 99.9=501.25 99.99=3817.47]
2025-04-22 06:20:34 53 sec: 1000922 operations; [READ: Count=666830 Max=3143.68 Min=2.27 Avg=62.86 10=8.21 25=15.77 50=21.93 75=90.81 90=117.06 95=181.76 99=480.25 99.9=1078.27 99.99=1693.69] [UPDATE: Count=334092 Max=10838.01 Min=6.14 Avg=15.46 10=9.47 25=10.41 50=11.82 75=14.32 90=17.52 95=20.67 99=34.02 99.9=475.65 99.99=3717.12]
2025-04-22 06:20:35 54 sec: 1033003 operations; [READ: Count=688183 Max=3143.68 Min=2.27 Avg=62.15 10=8.09 25=15.67 50=21.71 75=90.50 90=115.97 95=178.94 99=472.57 99.9=1071.10 99.99=1683.45] [UPDATE: Count=344820 Max=10838.01 Min=6.14 Avg=15.35 10=9.45 25=10.39 50=11.78 75=14.26 90=17.41 95=20.54 99=33.89 99.9=450.05 99.99=3502.08]
2025-04-22 06:20:36 55 sec: 1064752 operations; [READ: Count=709414 Max=3143.68 Min=2.27 Avg=61.49 10=7.99 25=15.57 50=21.50 75=90.11 90=115.01 95=176.38 99=464.89 99.9=1061.89 99.99=1676.29] [UPDATE: Count=355338 Max=10838.01 Min=6.14 Avg=15.24 10=9.41 25=10.38 50=11.73 75=14.21 90=17.31 95=20.40 99=33.70 99.9=433.15 99.99=2930.69]
2025-04-22 06:20:37 56 sec: 1093947 operations; [READ: Count=728860 Max=3143.68 Min=2.27 Avg=61.03 10=7.92 25=15.50 50=21.34 75=89.92 90=114.43 95=174.97 99=460.29 99.9=1056.77 99.99=1668.10] [UPDATE: Count=365087 Max=10838.01 Min=6.14 Avg=15.17 10=9.40 25=10.37 50=11.72 75=14.18 90=17.25 95=20.32 99=33.57 99.9=415.23 99.99=2902.01]
2025-04-22 06:20:38 57 sec: 1121004 operations; [READ: Count=746856 Max=3143.68 Min=2.27 Avg=60.72 10=7.87 25=15.44 50=21.20 75=89.73 90=113.92 95=173.95 99=459.77 99.9=1057.79 99.99=1667.07] [UPDATE: Count=374148 Max=10838.01 Min=6.14 Avg=15.10 10=9.38 25=10.36 50=11.70 75=14.15 90=17.17 95=20.22 99=33.44 99.9=403.71 99.99=2902.01]
2025-04-22 06:20:39 58 sec: 1150226 operations; [READ: Count=766297 Max=3143.68 Min=2.27 Avg=60.30 10=7.81 25=15.38 50=21.07 75=89.53 90=113.53 95=172.54 99=454.14 99.9=1051.65 99.99=1654.78] [UPDATE: Count=383929 Max=10838.01 Min=6.14 Avg=15.04 10=9.36 25=10.34 50=11.66 75=14.11 90=17.09 95=20.13 99=33.38 99.9=385.79 99.99=2893.82]
2025-04-22 06:20:40 59 sec: 1179362 operations; [READ: Count=785627 Max=3143.68 Min=2.27 Avg=59.91 10=7.75 25=15.30 50=20.93 75=89.41 90=113.15 95=171.52 99=449.28 99.9=1047.04 99.99=1652.73] [UPDATE: Count=393735 Max=10838.01 Min=6.14 Avg=14.98 10=9.33 25=10.34 50=11.64 75=14.08 90=17.02 95=20.03 99=33.28 99.9=375.04 99.99=2883.58]
2025-04-22 06:20:41 60 sec: 1208086 operations; [READ: Count=804785 Max=3143.68 Min=2.27 Avg=59.56 10=7.70 25=15.24 50=20.82 75=89.22 90=112.89 95=170.75 99=444.67 99.9=1039.87 99.99=1651.71] [UPDATE: Count=403301 Max=10838.01 Min=6.14 Avg=14.91 10=9.31 25=10.33 50=11.62 75=14.05 90=16.96 95=19.93 99=33.15 99.9=364.03 99.99=2826.24]
2025-04-22 06:20:42 61 sec: 1235163 operations; [READ: Count=822793 Max=3143.68 Min=2.27 Avg=59.30 10=7.66 25=15.18 50=20.72 75=89.15 90=112.77 95=170.50 99=441.34 99.9=1035.26 99.99=1645.57] [UPDATE: Count=412370 Max=10838.01 Min=6.14 Avg=14.87 10=9.29 25=10.32 50=11.61 75=14.03 90=16.89 95=19.86 99=33.09 99.9=360.45 99.99=2826.24]
2025-04-22 06:20:43 62 sec: 1264196 operations; [READ: Count=842166 Max=3143.68 Min=2.27 Avg=58.96 10=7.62 25=15.10 50=20.61 75=89.02 90=112.45 95=169.73 99=438.53 99.9=1028.10 99.99=1639.42] [UPDATE: Count=422030 Max=10838.01 Min=6.14 Avg=14.81 10=9.26 25=10.30 50=11.58 75=14.00 90=16.85 95=19.76 99=32.99 99.9=346.11 99.99=2813.95]
2025-04-22 06:20:44 63 sec: 1293993 operations; [READ: Count=861936 Max=3143.68 Min=2.27 Avg=58.61 10=7.58 25=15.02 50=20.50 75=88.89 90=112.19 95=168.96 99=434.69 99.9=1021.95 99.99=1636.35] [UPDATE: Count=432057 Max=10838.01 Min=6.14 Avg=14.74 10=9.23 25=10.29 50=11.56 75=13.97 90=16.78 95=19.66 99=32.80 99.9=342.27 99.99=2775.04]
2025-04-22 06:20:45 64 sec: 1324611 operations; [READ: Count=882306 Max=3143.68 Min=2.27 Avg=58.21 10=7.54 25=14.94 50=20.38 75=88.77 90=111.81 95=167.68 99=430.85 99.9=1017.34 99.99=1628.16] [UPDATE: Count=442305 Max=10838.01 Min=6.14 Avg=14.71 10=9.21 25=10.29 50=11.55 75=13.95 90=16.73 95=19.60 99=32.86 99.9=333.31 99.99=2691.07]
2025-04-22 06:20:46 65 sec: 1351259 operations; [READ: Count=900036 Max=3143.68 Min=2.27 Avg=58.02 10=7.52 25=14.87 50=20.32 75=88.64 90=111.81 95=167.81 99=429.31 99.9=1013.76 99.99=1620.99] [UPDATE: Count=451223 Max=10838.01 Min=6.14 Avg=14.68 10=9.20 25=10.28 50=11.55 75=13.94 90=16.70 95=19.55 99=33.02 99.9=332.54 99.99=2660.35]
2025-04-22 06:20:47 66 sec: 1374235 operations; [READ: Count=915315 Max=3442.69 Min=2.10 Avg=58.00 10=7.53 25=14.82 50=20.32 75=88.70 90=112.00 95=167.94 99=427.77 99.9=1011.20 99.99=1620.99] [UPDATE: Count=458920 Max=10838.01 Min=6.14 Avg=14.70 10=9.18 25=10.28 50=11.55 75=13.94 90=16.70 95=19.52 99=33.25 99.9=332.54 99.99=2691.07]
2025-04-22 06:20:48 67 sec: 1392631 operations; [READ: Count=927565 Max=3442.69 Min=2.10 Avg=58.20 10=7.56 25=14.81 50=20.37 75=88.83 90=112.38 95=168.83 99=429.06 99.9=1013.25 99.99=1616.89] [UPDATE: Count=465066 Max=10838.01 Min=6.14 Avg=14.70 10=9.19 25=10.29 50=11.57 75=13.96 90=16.72 95=19.54 99=33.15 99.9=332.54 99.99=2660.35]
2025-04-22 06:20:49 68 sec: 1414024 operations; [READ: Count=941822 Max=3442.69 Min=2.10 Avg=58.24 10=7.60 25=14.81 50=20.41 75=88.96 90=112.58 95=168.83 99=428.03 99.9=1011.20 99.99=1615.87] [UPDATE: Count=472202 Max=10838.01 Min=6.14 Avg=14.73 10=9.21 25=10.29 50=11.58 75=13.97 90=16.75 95=19.55 99=33.05 99.9=335.10 99.99=2691.07]
2025-04-22 06:20:50 69 sec: 1433130 operations; [READ: Count=954515 Max=3442.69 Min=2.10 Avg=58.40 10=7.63 25=14.82 50=20.48 75=89.15 90=112.89 95=169.34 99=427.26 99.9=1008.64 99.99=1604.61] [UPDATE: Count=478615 Max=10838.01 Min=6.14 Avg=14.72 10=9.22 25=10.30 50=11.60 75=13.99 90=16.75 95=19.55 99=32.99 99.9=332.54 99.99=2660.35]
2025-04-22 06:20:51 70 sec: 1448726 operations; [READ: Count=964817 Max=3442.69 Min=2.10 Avg=58.72 10=7.66 25=14.85 50=20.56 75=89.41 90=113.47 95=171.01 99=427.77 99.9=1006.59 99.99=1600.51] [UPDATE: Count=483909 Max=10838.01 Min=6.14 Avg=14.72 10=9.24 25=10.30 50=11.62 75=13.99 90=16.75 95=19.54 99=32.86 99.9=332.54 99.99=2660.35]
2025-04-22 06:20:52 71 sec: 1462765 operations; [READ: Count=974161 Max=3442.69 Min=2.10 Avg=59.10 10=7.68 25=14.87 50=20.66 75=89.60 90=114.11 95=172.80 99=428.29 99.9=1005.05 99.99=1597.44] [UPDATE: Count=488604 Max=10838.01 Min=6.14 Avg=14.73 10=9.25 25=10.31 50=11.62 75=14.00 90=16.75 95=19.52 99=32.83 99.9=333.31 99.99=2660.35]
2025-04-22 06:20:53 72 sec: 1476091 operations; [READ: Count=983039 Max=3442.69 Min=2.10 Avg=59.51 10=7.70 25=14.90 50=20.77 75=89.86 90=115.07 95=174.72 99=429.06 99.9=1004.54 99.99=1596.41] [UPDATE: Count=493052 Max=10838.01 Min=6.14 Avg=14.72 10=9.26 25=10.32 50=11.64 75=14.01 90=16.75 95=19.50 99=32.72 99.9=332.29 99.99=2660.35]
2025-04-22 06:20:54 73 sec: 1490954 operations; [READ: Count=992982 Max=3442.69 Min=2.10 Avg=59.84 10=7.72 25=14.93 50=20.86 75=89.98 90=115.97 95=176.00 99=429.06 99.9=1001.98 99.99=1594.37] [UPDATE: Count=497972 Max=10838.01 Min=6.14 Avg=14.71 10=9.26 25=10.32 50=11.65 75=14.02 90=16.75 95=19.50 99=32.64 99.9=323.84 99.99=2656.26]
2025-04-22 06:20:55 73 sec: 1501505 operations; [READ: Count=1000000 Max=3442.69 Min=2.10 Avg=60.01 10=7.73 25=14.94 50=20.93 75=90.11 90=116.42 95=176.25 99=428.54 99.9=1000.96 99.99=1594.37] [UPDATE: Count=501505 Max=10838.01 Min=6.14 Avg=14.70 10=9.27 25=10.33 50=11.65 75=14.02 90=16.75 95=19.49 99=32.59 99.9=322.30 99.99=2656.26]
Run runtime(sec): 73.7587
Run operations(ops): 1000000
Run throughput(ops/sec): 13557.7
