Running scope as unit: run-r532b167dae404359aded09806baac69f.scope
load file:/home/user/DataFiles/silesia_data/silesia.tar
2025-04-19 12:15:47 0 sec: 0 operations;
2025-04-19 12:15:48 1 sec: 0 operations;
2025-04-19 12:15:49 2 sec: 0 operations;
2025-04-19 12:15:50 3 sec: 0 operations;
2025-04-19 12:15:51 4 sec: 0 operations;
2025-04-19 12:15:52 5 sec: 0 operations;
2025-04-19 12:15:53 6 sec: 0 operations;
2025-04-19 12:15:54 7 sec: 0 operations;
2025-04-19 12:15:55 8 sec: 0 operations;
2025-04-19 12:15:56 9 sec: 0 operations;
2025-04-19 12:15:57 10 sec: 0 operations;
2025-04-19 12:15:58 11 sec: 0 operations;
2025-04-19 12:15:59 12 sec: 0 operations;
2025-04-19 12:16:00 13 sec: 0 operations;
2025-04-19 12:16:01 14 sec: 0 operations;
2025-04-19 12:16:02 15 sec: 0 operations;
2025-04-19 12:16:03 16 sec: 0 operations;
2025-04-19 12:16:04 17 sec: 0 operations;
2025-04-19 12:16:05 18 sec: 3450 operations; [READ: Count=1713 Max=301.57 Min=4.72 Avg=136.47 10=52.54 25=88.96 50=101.44 75=203.52 90=219.65 95=234.88 99=260.99 99.9=291.33 99.99=301.57] [UPDATE: Count=1737 Max=982.01 Min=13.74 Avg=149.69 10=61.09 25=97.98 50=117.69 75=214.01 90=231.81 95=249.09 99=274.18 99.9=300.29 99.99=982.01]
2025-04-19 12:16:06 19 sec: 10432 operations; [READ: Count=5236 Max=447.49 Min=4.23 Avg=137.44 10=51.55 25=89.60 50=104.96 75=205.06 90=222.72 95=240.38 99=268.54 99.9=309.50 99.99=338.94] [UPDATE: Count=5196 Max=982.01 Min=10.41 Avg=147.52 10=62.08 25=98.37 50=117.31 75=214.40 90=233.73 95=249.85 99=277.50 99.9=339.20 99.99=815.62]
2025-04-19 12:16:07 20 sec: 18229 operations; [READ: Count=9184 Max=447.49 Min=3.18 Avg=130.89 10=49.18 25=83.90 50=102.53 75=197.50 90=217.47 95=232.19 99=262.91 99.9=308.99 99.99=418.30] [UPDATE: Count=9045 Max=982.01 Min=9.11 Avg=141.12 10=58.24 25=92.73 50=114.75 75=207.49 90=228.74 95=244.99 99=274.18 99.9=344.32 99.99=815.62]
2025-04-19 12:16:08 21 sec: 25097 operations; [READ: Count=12614 Max=753.15 Min=3.18 Avg=132.95 10=49.79 25=84.80 50=102.40 75=198.14 90=219.90 95=239.23 99=307.97 99.9=562.17 99.99=710.65] [UPDATE: Count=12483 Max=1126.40 Min=9.11 Avg=143.71 10=58.85 25=93.50 50=114.62 75=208.25 90=231.29 95=251.52 99=367.87 99.9=608.77 99.99=982.01]
2025-04-19 12:16:09 22 sec: 30837 operations; [READ: Count=15582 Max=1667.07 Min=3.18 Avg=138.80 10=50.49 25=85.95 50=103.42 75=199.29 90=222.72 95=248.32 99=522.75 99.9=975.87 99.99=1395.71] [UPDATE: Count=15255 Max=25018.37 Min=9.11 Avg=150.86 10=59.42 25=94.21 50=114.75 75=209.15 90=234.11 95=260.86 99=550.40 99.9=867.33 99.99=3239.93]
2025-04-19 12:16:10 23 sec: 38477 operations; [READ: Count=19399 Max=1667.07 Min=3.16 Avg=136.24 10=50.17 25=84.86 50=103.49 75=197.25 90=221.31 95=244.09 99=481.02 99.9=918.01 99.99=1395.71] [UPDATE: Count=19078 Max=25018.37 Min=9.11 Avg=147.46 10=58.94 25=92.93 50=114.56 75=206.85 90=232.32 95=256.38 99=508.93 99.9=839.17 99.99=3239.93]
2025-04-19 12:16:11 24 sec: 46348 operations; [READ: Count=23323 Max=1667.07 Min=3.06 Avg=133.78 10=49.73 25=83.52 50=103.17 75=194.43 90=219.90 95=241.15 99=450.81 99.9=815.62 99.99=1395.71] [UPDATE: Count=23025 Max=25018.37 Min=9.06 Avg=144.53 10=58.30 25=91.14 50=114.11 75=204.03 90=230.78 95=253.31 99=481.28 99.9=820.74 99.99=3239.93]
2025-04-19 12:16:12 25 sec: 54060 operations; [READ: Count=27132 Max=1667.07 Min=2.93 Avg=132.23 10=49.57 25=82.88 50=103.10 75=192.64 90=219.13 95=239.49 99=420.35 99.9=786.94 99.99=1383.42] [UPDATE: Count=26928 Max=25018.37 Min=9.06 Avg=143.07 10=58.34 25=90.75 50=113.98 75=202.24 90=230.14 95=251.90 99=463.10 99.9=809.98 99.99=1895.42]
2025-04-19 12:16:13 26 sec: 60811 operations; [READ: Count=30488 Max=1667.07 Min=2.93 Avg=133.21 10=49.73 25=83.26 50=103.61 75=192.38 90=220.16 95=242.69 99=454.40 99.9=817.66 99.99=1383.42] [UPDATE: Count=30323 Max=25018.37 Min=9.06 Avg=144.16 10=58.56 25=91.20 50=114.37 75=201.85 90=231.29 95=255.10 99=484.61 99.9=867.33 99.99=3055.61]
2025-04-19 12:16:14 27 sec: 67366 operations; [READ: Count=33750 Max=1667.07 Min=2.93 Avg=133.62 10=49.57 25=83.39 50=103.36 75=191.62 90=220.29 95=244.61 99=489.21 99.9=854.01 99.99=1383.42] [UPDATE: Count=33616 Max=25018.37 Min=9.06 Avg=146.22 10=58.53 25=91.39 50=113.92 75=200.96 90=231.29 95=256.64 99=511.49 99.9=952.83 99.99=14311.42]
2025-04-19 12:16:15 28 sec: 74921 operations; [READ: Count=37578 Max=1667.07 Min=2.93 Avg=132.59 10=49.70 25=83.84 50=103.55 75=190.08 90=219.39 95=242.94 99=477.18 99.9=854.01 99.99=1347.58] [UPDATE: Count=37343 Max=25018.37 Min=9.02 Avg=145.52 10=58.66 25=91.52 50=114.24 75=199.68 90=231.04 95=255.74 99=506.11 99.9=960.51 99.99=7102.46]
2025-04-19 12:16:16 29 sec: 82781 operations; [READ: Count=41460 Max=1667.07 Min=2.93 Avg=131.43 10=49.70 25=83.90 50=103.61 75=188.16 90=218.50 95=240.51 99=456.19 99.9=840.70 99.99=1347.58] [UPDATE: Count=41321 Max=25018.37 Min=9.02 Avg=144.22 10=58.78 25=91.90 50=114.30 75=198.14 90=230.14 95=253.57 99=487.94 99.9=944.64 99.99=7102.46]
2025-04-19 12:16:17 30 sec: 90805 operations; [READ: Count=45529 Max=1667.07 Min=2.93 Avg=130.32 10=49.70 25=84.16 50=103.61 75=186.24 90=217.73 95=238.21 99=440.83 99.9=817.66 99.99=1216.51] [UPDATE: Count=45276 Max=25018.37 Min=9.02 Avg=142.82 10=58.78 25=92.03 50=114.17 75=196.09 90=229.25 95=251.52 99=472.06 99.9=923.65 99.99=3334.14]
2025-04-19 12:16:18 31 sec: 98850 operations; [READ: Count=49563 Max=1667.07 Min=2.93 Avg=129.37 10=49.60 25=84.16 50=103.55 75=184.19 90=217.09 95=237.18 99=425.73 99.9=804.35 99.99=1216.51] [UPDATE: Count=49287 Max=25018.37 Min=9.02 Avg=141.60 10=58.75 25=92.03 50=114.05 75=193.66 90=228.35 95=249.73 99=461.06 99.9=897.02 99.99=3334.14]
2025-04-19 12:16:19 32 sec: 105963 operations; [READ: Count=53121 Max=1667.07 Min=2.93 Avg=129.61 10=49.57 25=84.22 50=103.68 75=182.27 90=217.09 95=237.82 99=449.79 99.9=893.44 99.99=1347.58] [UPDATE: Count=52842 Max=25018.37 Min=9.02 Avg=141.85 10=58.81 25=92.29 50=114.30 75=192.25 90=228.22 95=250.37 99=478.21 99.9=947.20 99.99=3334.14]
2025-04-19 12:16:20 33 sec: 112738 operations; [READ: Count=56497 Max=3266.56 Min=2.93 Avg=130.19 10=49.57 25=84.16 50=103.68 75=180.61 90=216.83 95=237.95 99=479.23 99.9=1000.96 99.99=1383.42] [UPDATE: Count=56241 Max=25018.37 Min=9.02 Avg=142.61 10=58.78 25=92.29 50=114.43 75=190.21 90=228.09 95=250.88 99=507.39 99.9=1022.98 99.99=7835.65]
2025-04-19 12:16:21 34 sec: 121083 operations; [READ: Count=60666 Max=3266.56 Min=2.93 Avg=128.98 10=49.34 25=84.09 50=103.55 75=177.53 90=216.06 95=236.29 99=461.82 99.9=987.65 99.99=1383.42] [UPDATE: Count=60417 Max=25018.37 Min=9.02 Avg=141.39 10=58.69 25=92.22 50=114.30 75=187.52 90=227.20 95=249.09 99=497.66 99.9=1008.13 99.99=7835.65]
2025-04-19 12:16:22 35 sec: 129273 operations; [READ: Count=64678 Max=3266.56 Min=2.93 Avg=128.15 10=49.31 25=84.09 50=103.55 75=174.97 90=215.55 95=235.39 99=451.84 99.9=965.63 99.99=1383.42] [UPDATE: Count=64595 Max=25018.37 Min=9.02 Avg=140.41 10=58.49 25=91.97 50=114.30 75=184.96 90=226.56 95=247.81 99=484.35 99.9=1005.05 99.99=7835.65]
2025-04-19 12:16:23 36 sec: 137433 operations; [READ: Count=68687 Max=3266.56 Min=2.93 Avg=127.33 10=49.15 25=83.90 50=103.49 75=172.16 90=215.04 95=234.11 99=443.90 99.9=946.69 99.99=1380.35] [UPDATE: Count=68746 Max=25018.37 Min=9.02 Avg=139.68 10=58.43 25=91.71 50=114.24 75=182.14 90=226.05 95=247.29 99=477.44 99.9=1009.15 99.99=7102.46]
2025-04-19 12:16:24 37 sec: 144966 operations; [READ: Count=72497 Max=3266.56 Min=2.93 Avg=127.16 10=48.99 25=83.78 50=103.42 75=169.34 90=214.66 95=233.85 99=452.10 99.9=1013.76 99.99=1395.71] [UPDATE: Count=72469 Max=25018.37 Min=9.02 Avg=139.66 10=58.21 25=91.65 50=114.17 75=179.97 90=225.66 95=247.04 99=488.45 99.9=1080.32 99.99=7102.46]
2025-04-19 12:16:25 38 sec: 152850 operations; [READ: Count=76392 Max=3266.56 Min=2.93 Avg=126.71 10=48.83 25=83.52 50=103.42 75=166.66 90=214.01 95=232.96 99=452.86 99.9=1020.93 99.99=1420.29] [UPDATE: Count=76458 Max=25018.37 Min=9.02 Avg=139.32 10=57.98 25=91.52 50=114.24 75=177.28 90=225.15 95=246.40 99=489.47 99.9=1162.24 99.99=4542.46]
2025-04-19 12:16:26 39 sec: 161357 operations; [READ: Count=80559 Max=3266.56 Min=2.93 Avg=125.85 10=48.67 25=83.33 50=103.36 75=163.84 90=213.25 95=231.68 99=441.86 99.9=1015.81 99.99=1420.29] [UPDATE: Count=80798 Max=25018.37 Min=9.02 Avg=138.42 10=57.79 25=91.33 50=114.11 75=175.23 90=224.38 95=245.25 99=477.44 99.9=1138.69 99.99=4542.46]
2025-04-19 12:16:27 40 sec: 169555 operations; [READ: Count=84608 Max=3266.56 Min=2.93 Avg=125.11 10=48.48 25=83.14 50=103.36 75=161.79 90=212.74 95=230.78 99=428.54 99.9=1013.25 99.99=1420.29] [UPDATE: Count=84947 Max=25018.37 Min=9.02 Avg=138.06 10=57.63 25=91.26 50=114.17 75=173.57 90=224.13 95=244.86 99=475.65 99.9=1166.34 99.99=4542.46]
2025-04-19 12:16:28 41 sec: 181886 operations; [READ: Count=90882 Max=3266.56 Min=2.93 Avg=121.59 10=46.81 25=72.32 50=101.69 75=157.06 90=211.20 95=228.61 99=411.39 99.9=999.42 99.99=1406.97] [UPDATE: Count=91004 Max=25018.37 Min=8.05 Avg=134.62 10=55.77 25=81.79 50=112.45 75=168.45 90=222.59 95=242.56 99=467.71 99.9=1153.02 99.99=4489.22]
2025-04-19 12:16:29 42 sec: 193150 operations; [READ: Count=96529 Max=3684.35 Min=2.93 Avg=119.38 10=46.53 25=63.10 50=100.73 75=154.11 90=209.92 95=227.33 99=413.95 99.9=1013.25 99.99=1477.63] [UPDATE: Count=96621 Max=25018.37 Min=8.05 Avg=132.12 10=55.23 25=74.62 50=111.23 75=165.25 90=221.18 95=240.64 99=462.59 99.9=1187.84 99.99=3684.35]
2025-04-19 12:16:30 43 sec: 204219 operations; [READ: Count=102031 Max=3684.35 Min=2.93 Avg=117.34 10=46.17 25=60.19 50=99.90 75=151.55 90=208.64 95=226.05 99=411.90 99.9=1032.70 99.99=1667.07] [UPDATE: Count=102188 Max=25018.37 Min=8.05 Avg=130.21 10=54.85 25=71.30 50=110.27 75=162.69 90=219.90 95=239.36 99=463.10 99.9=1249.28 99.99=4542.46]
2025-04-19 12:16:31 44 sec: 217691 operations; [READ: Count=108709 Max=3684.35 Min=2.86 Avg=114.31 10=44.83 25=58.05 50=98.62 75=148.74 90=206.97 95=224.25 99=395.77 99.9=1024.51 99.99=1570.82] [UPDATE: Count=108982 Max=25018.37 Min=8.05 Avg=126.99 10=53.25 25=68.80 50=108.86 75=159.49 90=218.24 95=237.18 99=447.23 99.9=1205.25 99.99=4489.22]
2025-04-19 12:16:32 45 sec: 230645 operations; [READ: Count=115199 Max=3684.35 Min=2.86 Avg=111.84 10=44.22 25=56.70 50=97.73 75=146.30 90=205.57 95=222.72 99=373.50 99.9=1015.81 99.99=1567.74] [UPDATE: Count=115446 Max=25018.37 Min=8.05 Avg=124.47 10=52.45 25=67.20 50=107.84 75=156.93 90=216.70 95=235.52 99=435.45 99.9=1195.01 99.99=3684.35]
2025-04-19 12:16:33 46 sec: 243333 operations; [READ: Count=121484 Max=3684.35 Min=2.86 Avg=109.79 10=43.87 25=55.90 50=97.02 75=144.25 90=204.03 95=221.44 99=359.94 99.9=1012.22 99.99=1567.74] [UPDATE: Count=121849 Max=25018.37 Min=8.05 Avg=122.31 10=52.16 25=66.17 50=107.07 75=154.50 90=215.17 95=233.85 99=423.17 99.9=1153.02 99.99=3684.35]
2025-04-19 12:16:34 47 sec: 255969 operations; [READ: Count=127765 Max=3684.35 Min=2.86 Avg=107.98 10=43.55 25=55.23 50=96.38 75=142.21 90=202.62 95=220.29 99=347.65 99.9=1011.20 99.99=1567.74] [UPDATE: Count=128204 Max=25018.37 Min=8.05 Avg=120.37 10=51.68 25=65.34 50=106.24 75=152.32 90=213.50 95=232.57 99=416.25 99.9=1153.02 99.99=3452.93]
2025-04-19 12:16:35 48 sec: 267275 operations; [READ: Count=133509 Max=3684.35 Min=2.86 Avg=106.81 10=43.23 25=54.91 50=95.94 75=140.16 90=201.22 95=219.39 99=345.34 99.9=1039.36 99.99=1758.21] [UPDATE: Count=133766 Max=25018.37 Min=8.05 Avg=119.29 10=51.30 25=64.99 50=105.73 75=150.27 90=212.22 95=231.68 99=414.72 99.9=1240.06 99.99=4296.70]
2025-04-19 12:16:36 49 sec: 279406 operations; [READ: Count=139474 Max=3684.35 Min=2.86 Avg=105.44 10=42.85 25=54.72 50=95.42 75=137.85 90=199.68 95=218.37 99=332.80 99.9=1050.62 99.99=1738.75] [UPDATE: Count=139932 Max=25018.37 Min=8.05 Avg=117.90 10=50.91 25=64.70 50=105.22 75=147.97 90=210.56 95=230.78 99=404.48 99.9=1244.16 99.99=4296.70]
2025-04-19 12:16:37 50 sec: 292047 operations; [READ: Count=145742 Max=3684.35 Min=2.86 Avg=103.98 10=42.30 25=54.49 50=94.97 75=135.04 90=197.89 95=217.47 99=316.93 99.9=1039.36 99.99=1737.73] [UPDATE: Count=146305 Max=25018.37 Min=8.05 Avg=116.45 10=50.43 25=64.48 50=104.70 75=145.15 90=208.90 95=229.76 99=393.47 99.9=1229.82 99.99=4032.51]
2025-04-19 12:16:38 51 sec: 304995 operations; [READ: Count=152312 Max=3684.35 Min=2.86 Avg=102.54 10=41.47 25=54.27 50=94.46 75=131.20 90=195.84 95=216.45 99=306.43 99.9=1032.70 99.99=1737.73] [UPDATE: Count=152683 Max=25018.37 Min=8.05 Avg=115.01 10=49.63 25=64.22 50=104.13 75=141.82 90=207.10 95=228.61 99=382.21 99.9=1205.25 99.99=4032.51]
2025-04-19 12:16:39 52 sec: 317740 operations; [READ: Count=158665 Max=3684.35 Min=2.86 Avg=101.29 10=40.58 25=54.11 50=93.95 75=126.21 90=193.79 95=215.55 99=297.73 99.9=1032.19 99.99=1732.61] [UPDATE: Count=159075 Max=25018.37 Min=8.05 Avg=113.74 10=48.54 25=64.00 50=103.55 75=137.85 90=205.06 95=227.58 99=367.87 99.9=1205.25 99.99=3684.35]
2025-04-19 12:16:40 53 sec: 329993 operations; [READ: Count=164821 Max=3684.35 Min=2.86 Avg=100.21 10=38.98 25=53.89 50=93.38 75=121.02 90=191.62 95=214.78 99=292.86 99.9=1044.48 99.99=1765.38] [UPDATE: Count=165172 Max=25018.37 Min=8.05 Avg=112.83 10=47.26 25=63.77 50=102.97 75=134.01 90=203.01 95=226.69 99=363.01 99.9=1253.38 99.99=3684.35]
2025-04-19 12:16:41 54 sec: 343028 operations; [READ: Count=171382 Max=3684.35 Min=2.86 Avg=99.04 10=32.53 25=53.73 50=92.86 75=117.82 90=189.06 95=213.89 99=285.69 99.9=1037.31 99.99=1765.38] [UPDATE: Count=171646 Max=25018.37 Min=8.05 Avg=111.66 10=44.48 25=63.62 50=102.40 75=131.01 90=200.83 95=225.79 99=351.49 99.9=1241.09 99.99=4032.51]
2025-04-19 12:16:42 55 sec: 356097 operations; [READ: Count=177882 Max=3684.35 Min=2.86 Avg=97.94 10=19.98 25=53.60 50=92.29 75=115.90 90=186.37 95=212.86 99=280.32 99.9=1031.68 99.99=1758.21] [UPDATE: Count=178215 Max=25018.37 Min=8.05 Avg=110.56 10=37.34 25=63.49 50=101.82 75=128.83 90=198.27 95=224.90 99=337.15 99.9=1220.61 99.99=3684.35]
2025-04-19 12:16:43 56 sec: 369618 operations; [READ: Count=184655 Max=3684.35 Min=2.86 Avg=96.82 10=17.26 25=53.44 50=91.71 75=114.30 90=183.55 95=211.97 99=276.48 99.9=1020.93 99.99=1758.21] [UPDATE: Count=184963 Max=25018.37 Min=8.05 Avg=109.39 10=31.98 25=63.30 50=101.12 75=127.04 90=195.71 95=224.00 99=328.45 99.9=1200.13 99.99=3684.35]
2025-04-19 12:16:44 57 sec: 382921 operations; [READ: Count=191284 Max=3684.35 Min=2.86 Avg=95.83 10=15.78 25=53.28 50=91.07 75=113.28 90=180.86 95=211.20 99=273.41 99.9=1019.90 99.99=1756.16] [UPDATE: Count=191637 Max=25018.37 Min=8.05 Avg=108.37 10=29.74 25=63.17 50=100.48 75=125.82 90=193.15 95=223.10 99=318.72 99.9=1191.93 99.99=3452.93]
2025-04-19 12:16:45 58 sec: 396188 operations; [READ: Count=197987 Max=3684.35 Min=2.86 Avg=94.90 10=14.78 25=53.15 50=90.43 75=112.45 90=178.18 95=210.30 99=271.10 99.9=1019.90 99.99=1756.16] [UPDATE: Count=198201 Max=25018.37 Min=8.05 Avg=107.44 10=28.14 25=63.01 50=99.78 75=124.80 90=190.59 95=222.21 99=312.32 99.9=1195.01 99.99=3373.05]
2025-04-19 12:16:46 59 sec: 409842 operations; [READ: Count=204816 Max=3684.35 Min=2.86 Avg=93.96 10=13.97 25=53.02 50=89.66 75=111.61 90=175.49 95=209.41 99=269.06 99.9=1015.81 99.99=1756.16] [UPDATE: Count=205026 Max=25018.37 Min=8.05 Avg=106.46 10=26.73 25=62.78 50=99.07 75=123.78 90=187.90 95=221.44 99=305.66 99.9=1186.82 99.99=3373.05]
2025-04-19 12:16:47 60 sec: 423975 operations; [READ: Count=211917 Max=3684.35 Min=2.86 Avg=92.95 10=13.24 25=52.83 50=88.77 75=110.85 90=172.93 95=208.64 99=266.50 99.9=1011.20 99.99=1738.75] [UPDATE: Count=212058 Max=25018.37 Min=8.05 Avg=105.44 10=25.82 25=62.56 50=98.17 75=122.94 90=185.22 95=220.41 99=299.77 99.9=1159.17 99.99=3373.05]
2025-04-19 12:16:48 61 sec: 437976 operations; [READ: Count=218930 Max=3684.35 Min=2.86 Avg=92.06 10=12.71 25=52.67 50=87.87 75=110.27 90=170.24 95=207.74 99=264.70 99.9=1004.54 99.99=1737.73] [UPDATE: Count=219046 Max=25018.37 Min=8.05 Avg=104.49 10=25.05 25=62.40 50=97.15 75=122.24 90=182.66 95=219.52 99=295.17 99.9=1135.62 99.99=3239.93]
2025-04-19 12:16:49 62 sec: 452310 operations; [READ: Count=226152 Max=3684.35 Min=2.86 Avg=91.14 10=12.22 25=52.48 50=86.72 75=109.69 90=167.55 95=206.85 99=262.91 99.9=992.25 99.99=1732.61] [UPDATE: Count=226158 Max=25018.37 Min=8.05 Avg=103.54 10=24.40 25=62.17 50=96.00 75=121.53 90=180.22 95=218.62 99=291.07 99.9=1126.40 99.99=3239.93]
2025-04-19 12:16:50 63 sec: 466479 operations; [READ: Count=233274 Max=3684.35 Min=2.86 Avg=90.30 10=11.89 25=52.35 50=85.44 75=109.18 90=165.12 95=205.95 99=261.38 99.9=983.55 99.99=1732.61] [UPDATE: Count=233205 Max=25018.37 Min=8.05 Avg=102.70 10=23.89 25=62.02 50=94.66 75=120.96 90=177.79 95=217.85 99=288.00 99.9=1120.26 99.99=3239.93]
2025-04-19 12:16:51 64 sec: 480621 operations; [READ: Count=240229 Max=3684.35 Min=2.86 Avg=89.53 10=11.60 25=52.19 50=83.71 75=108.73 90=162.94 95=205.18 99=260.22 99.9=975.87 99.99=1737.73] [UPDATE: Count=240392 Max=25018.37 Min=8.05 Avg=101.88 10=23.49 25=61.85 50=93.12 75=120.38 90=175.62 95=216.96 99=285.44 99.9=1117.18 99.99=3055.61]
2025-04-19 12:16:52 65 sec: 495750 operations; [READ: Count=247846 Max=3684.35 Min=2.86 Avg=88.61 10=11.29 25=51.94 50=81.22 75=108.22 90=160.64 95=204.41 99=258.81 99.9=960.51 99.99=1732.61] [UPDATE: Count=247904 Max=25018.37 Min=8.05 Avg=100.94 10=23.07 25=61.57 50=90.81 75=119.81 90=173.44 95=216.06 99=283.13 99.9=1099.78 99.99=3055.61]
2025-04-19 12:16:53 66 sec: 512685 operations; [READ: Count=256343 Max=3684.35 Min=2.35 Avg=87.45 10=10.94 25=51.42 50=77.12 75=107.52 90=158.46 95=203.26 99=257.15 99.9=944.13 99.99=1728.51] [UPDATE: Count=256342 Max=25018.37 Min=7.55 Avg=99.69 10=22.50 25=60.96 50=87.68 75=119.04 90=171.01 95=215.04 99=280.83 99.9=1078.27 99.99=3035.14]
2025-04-19 12:16:54 67 sec: 529803 operations; [READ: Count=264945 Max=3684.35 Min=2.35 Avg=86.34 10=10.64 25=50.88 50=72.58 75=106.88 90=156.54 95=202.24 99=255.49 99.9=940.03 99.99=1728.51] [UPDATE: Count=264858 Max=25018.37 Min=7.55 Avg=98.48 10=21.97 25=60.35 50=84.80 75=118.21 90=168.83 95=213.89 99=278.53 99.9=1061.89 99.99=3035.14]
2025-04-19 12:16:56 68 sec: 546616 operations; [READ: Count=273232 Max=3684.35 Min=2.35 Avg=85.34 10=10.38 25=50.40 50=69.31 75=106.30 90=154.75 95=201.09 99=254.34 99.9=927.74 99.99=1719.30] [UPDATE: Count=273384 Max=25018.37 Min=7.55 Avg=97.40 10=21.47 25=59.81 50=82.56 75=117.50 90=166.91 95=212.86 99=276.22 99.9=1060.86 99.99=3035.14]
2025-04-19 12:16:57 69 sec: 561810 operations; [READ: Count=280846 Max=3684.35 Min=2.35 Avg=84.59 10=10.24 25=50.08 50=67.52 75=105.92 90=153.47 95=199.94 99=253.06 99.9=924.67 99.99=1728.51] [UPDATE: Count=280964 Max=25018.37 Min=7.55 Avg=96.73 10=21.21 25=59.45 50=81.15 75=117.06 90=165.38 95=211.84 99=274.94 99.9=1060.86 99.99=3239.93]
2025-04-19 12:16:58 70 sec: 575729 operations; [READ: Count=287804 Max=3684.35 Min=2.35 Avg=84.08 10=10.22 25=50.02 50=66.56 75=105.79 90=152.45 95=199.04 99=252.03 99.9=918.01 99.99=1719.30] [UPDATE: Count=287925 Max=25018.37 Min=7.55 Avg=96.27 10=21.17 25=59.39 50=80.32 75=116.93 90=164.35 95=210.94 99=274.18 99.9=1052.67 99.99=3104.77]
2025-04-19 12:16:59 71 sec: 590052 operations; [READ: Count=294951 Max=3684.35 Min=2.35 Avg=83.56 10=10.18 25=49.95 50=65.86 75=105.60 90=151.29 95=198.01 99=250.75 99.9=910.34 99.99=1719.30] [UPDATE: Count=295101 Max=25018.37 Min=7.55 Avg=95.76 10=21.05 25=59.33 50=79.49 75=116.80 90=163.20 95=210.05 99=273.15 99.9=1046.02 99.99=3055.61]
2025-04-19 12:17:00 72 sec: 604539 operations; [READ: Count=302190 Max=3684.35 Min=2.35 Avg=83.04 10=10.17 25=49.85 50=65.28 75=105.41 90=150.40 95=196.86 99=249.98 99.9=901.12 99.99=1717.25] [UPDATE: Count=302349 Max=25018.37 Min=7.55 Avg=95.24 10=20.99 25=59.20 50=78.72 75=116.54 90=162.18 95=209.15 99=272.13 99.9=1030.65 99.99=3055.61]
2025-04-19 12:17:01 73 sec: 621033 operations; [READ: Count=310326 Max=3684.35 Min=2.35 Avg=82.29 10=10.05 25=49.50 50=64.51 75=104.96 90=149.38 95=195.58 99=249.09 99.9=898.05 99.99=1714.17] [UPDATE: Count=310707 Max=25018.37 Min=7.55 Avg=94.43 10=20.72 25=58.78 50=77.69 75=116.03 90=161.02 95=208.13 99=271.10 99.9=1027.58 99.99=3035.14]
2025-04-19 12:17:02 74 sec: 636491 operations; [READ: Count=318151 Max=3684.35 Min=2.35 Avg=81.66 10=10.00 25=49.25 50=63.94 75=104.64 90=148.22 95=194.43 99=247.94 99.9=896.51 99.99=1714.17] [UPDATE: Count=318340 Max=25018.37 Min=7.55 Avg=93.87 10=20.59 25=58.53 50=76.99 75=115.65 90=159.87 95=207.10 99=270.08 99.9=1027.58 99.99=3104.77]
2025-04-19 12:17:03 75 sec: 651837 operations; [READ: Count=325826 Max=3684.35 Min=2.35 Avg=81.03 10=9.93 25=49.02 50=63.36 75=104.19 90=147.20 95=193.15 99=246.78 99.9=892.41 99.99=1701.89] [UPDATE: Count=326011 Max=26116.10 Min=7.55 Avg=93.40 10=20.45 25=58.24 50=76.35 75=115.20 90=158.85 95=205.95 99=269.06 99.9=1029.12 99.99=3239.93]
2025-04-19 12:17:04 76 sec: 669048 operations; [READ: Count=334444 Max=3684.35 Min=2.35 Avg=80.28 10=9.81 25=48.67 50=62.78 75=103.74 90=146.18 95=191.62 99=245.89 99.9=885.25 99.99=1701.89] [UPDATE: Count=334604 Max=26116.10 Min=7.55 Avg=92.61 10=20.24 25=57.82 50=75.58 75=114.69 90=157.69 95=204.54 99=268.03 99.9=1022.46 99.99=3239.93]
2025-04-19 12:17:05 77 sec: 686288 operations; [READ: Count=343128 Max=3684.35 Min=2.35 Avg=79.54 10=9.72 25=48.29 50=62.27 75=103.30 90=145.02 95=189.95 99=244.86 99.9=880.13 99.99=1698.82] [UPDATE: Count=343160 Max=26116.10 Min=7.55 Avg=91.88 10=20.03 25=57.41 50=74.94 75=114.24 90=156.67 95=203.13 99=267.01 99.9=1021.44 99.99=3184.64]
2025-04-19 12:17:06 78 sec: 703777 operations; [READ: Count=351806 Max=3684.35 Min=2.35 Avg=78.84 10=9.62 25=47.94 50=61.79 75=102.85 90=144.00 95=188.16 99=243.84 99.9=870.91 99.99=1696.77] [UPDATE: Count=351971 Max=26116.10 Min=7.55 Avg=91.13 10=19.82 25=56.99 50=74.24 75=113.73 90=155.52 95=201.85 99=266.24 99.9=1008.13 99.99=3104.77]
2025-04-19 12:17:07 79 sec: 721400 operations; [READ: Count=360751 Max=3684.35 Min=2.35 Avg=78.15 10=9.53 25=47.65 50=61.34 75=102.40 90=142.85 95=186.37 99=242.69 99.9=864.25 99.99=1690.62] [UPDATE: Count=360649 Max=26116.10 Min=7.55 Avg=90.40 10=19.61 25=56.61 50=73.60 75=113.22 90=154.37 95=200.32 99=265.21 99.9=990.72 99.99=3055.61]
2025-04-19 12:17:08 80 sec: 738992 operations; [READ: Count=369488 Max=3684.35 Min=2.35 Avg=77.48 10=9.42 25=47.30 50=60.93 75=101.95 90=141.82 95=184.57 99=241.53 99.9=857.60 99.99=1679.36] [UPDATE: Count=369504 Max=26116.10 Min=7.55 Avg=89.73 10=19.38 25=56.16 50=73.02 75=112.70 90=153.22 95=198.66 99=264.45 99.9=982.53 99.99=3184.64]
2025-04-19 12:17:09 81 sec: 757644 operations; [READ: Count=378835 Max=3684.35 Min=2.35 Avg=76.75 10=9.29 25=46.85 50=60.41 75=101.63 90=140.54 95=182.78 99=240.64 99.9=850.94 99.99=1668.10] [UPDATE: Count=378809 Max=26116.10 Min=7.55 Avg=88.94 10=19.12 25=55.62 50=72.38 75=112.25 90=152.19 95=196.99 99=263.42 99.9=972.80 99.99=3104.77]
2025-04-19 12:17:10 82 sec: 774064 operations; [READ: Count=386991 Max=3684.35 Min=2.35 Avg=76.29 10=9.21 25=46.69 50=60.09 75=101.50 90=139.52 95=181.25 99=240.51 99.9=840.70 99.99=1667.07] [UPDATE: Count=387073 Max=26116.10 Min=7.55 Avg=88.43 10=18.98 25=55.39 50=71.87 75=112.19 90=151.29 95=195.71 99=263.17 99.9=960.51 99.99=3055.61]
2025-04-19 12:17:11 83 sec: 790628 operations; [READ: Count=395286 Max=3684.35 Min=2.35 Avg=75.83 10=9.12 25=46.30 50=59.65 75=101.38 90=138.62 95=180.22 99=240.64 99.9=855.55 99.99=1661.95] [UPDATE: Count=395342 Max=26116.10 Min=7.55 Avg=87.94 10=18.77 25=54.94 50=71.30 75=112.00 90=150.40 95=194.56 99=263.94 99.9=974.85 99.99=3035.14]
2025-04-19 12:17:12 84 sec: 808549 operations; [READ: Count=404264 Max=3684.35 Min=2.35 Avg=75.26 10=9.01 25=45.89 50=59.20 75=101.25 90=137.34 95=178.69 99=240.38 99.9=854.01 99.99=1661.95] [UPDATE: Count=404285 Max=26116.10 Min=7.55 Avg=87.33 10=18.56 25=54.43 50=70.72 75=111.81 90=149.38 95=193.28 99=263.94 99.9=966.65 99.99=3035.14]
2025-04-19 12:17:13 85 sec: 823017 operations; [READ: Count=411528 Max=3684.35 Min=2.35 Avg=75.08 10=8.89 25=45.53 50=58.88 75=101.12 90=136.70 95=178.05 99=241.92 99.9=884.74 99.99=1667.07] [UPDATE: Count=411489 Max=26116.10 Min=7.55 Avg=87.05 10=18.34 25=54.02 50=70.27 75=111.61 90=148.61 95=192.77 99=265.73 99.9=990.72 99.99=3035.14]
2025-04-19 12:17:14 86 sec: 842692 operations; [READ: Count=421498 Max=3684.35 Min=2.35 Avg=74.39 10=8.70 25=44.99 50=58.43 75=100.93 90=135.17 95=176.25 99=240.90 99.9=880.13 99.99=1661.95] [UPDATE: Count=421194 Max=26116.10 Min=7.55 Avg=86.30 10=18.02 25=53.34 50=69.69 75=111.36 90=147.20 95=190.97 99=264.70 99.9=982.01 99.99=2988.03]
2025-04-19 12:17:15 87 sec: 860461 operations; [READ: Count=430531 Max=3684.35 Min=2.35 Avg=73.90 10=8.65 25=44.73 50=58.17 75=100.80 90=133.76 95=174.59 99=240.25 99.9=870.91 99.99=1660.93] [UPDATE: Count=429930 Max=26116.10 Min=7.55 Avg=85.76 10=17.92 25=53.05 50=69.38 75=111.17 90=146.05 95=189.31 99=263.94 99.9=972.80 99.99=2957.31]
2025-04-19 12:17:16 88 sec: 877412 operations; [READ: Count=439062 Max=3684.35 Min=2.35 Avg=73.51 10=8.60 25=44.48 50=57.85 75=100.67 90=132.61 95=173.44 99=240.51 99.9=872.96 99.99=1637.38] [UPDATE: Count=438350 Max=26116.10 Min=7.55 Avg=85.32 10=17.81 25=52.70 50=68.93 75=111.04 90=145.02 95=188.29 99=264.45 99.9=972.80 99.99=2920.45]
2025-04-19 12:17:17 89 sec: 894606 operations; [READ: Count=447697 Max=3684.35 Min=2.35 Avg=73.08 10=8.53 25=44.22 50=57.63 75=100.54 90=131.33 95=172.29 99=240.38 99.9=869.89 99.99=1635.33] [UPDATE: Count=446909 Max=26116.10 Min=7.55 Avg=84.89 10=17.74 25=52.48 50=68.67 75=110.91 90=144.00 95=187.01 99=264.19 99.9=964.10 99.99=2818.05]
2025-04-19 12:17:18 90 sec: 912719 operations; [READ: Count=456879 Max=3684.35 Min=2.35 Avg=72.60 10=8.49 25=43.97 50=57.41 75=100.35 90=129.92 95=170.50 99=239.23 99.9=864.25 99.99=1630.21] [UPDATE: Count=455840 Max=26116.10 Min=7.55 Avg=84.40 10=17.66 25=52.19 50=68.35 75=110.72 90=142.85 95=185.47 99=263.42 99.9=956.93 99.99=2789.38]
2025-04-19 12:17:19 91 sec: 921554 operations; [READ: Count=461287 Max=3684.35 Min=2.35 Avg=72.91 10=8.50 25=43.84 50=57.34 75=100.35 90=129.85 95=170.62 99=241.92 99.9=945.66 99.99=1738.75] [UPDATE: Count=460267 Max=26558.46 Min=7.55 Avg=84.74 10=17.66 25=52.03 50=68.29 75=110.66 90=142.85 95=185.73 99=267.01 99.9=1059.84 99.99=2920.45]
2025-04-19 12:17:20 92 sec: 938476 operations; [READ: Count=469745 Max=3684.35 Min=2.35 Avg=72.56 10=8.52 25=43.58 50=57.22 75=100.29 90=128.90 95=169.34 99=241.41 99.9=942.08 99.99=1737.73] [UPDATE: Count=468731 Max=26558.46 Min=7.55 Avg=84.35 10=17.63 25=51.74 50=68.03 75=110.59 90=141.95 95=184.45 99=266.75 99.9=1051.65 99.99=2818.05]
2025-04-19 12:17:21 93 sec: 954484 operations; [READ: Count=477686 Max=3684.35 Min=2.08 Avg=72.29 10=8.49 25=43.26 50=56.99 75=100.16 90=128.00 95=168.45 99=242.18 99.9=952.83 99.99=1734.65] [UPDATE: Count=476798 Max=26558.46 Min=7.45 Avg=84.05 10=17.49 25=51.33 50=67.78 75=110.46 90=141.06 95=183.68 99=267.77 99.9=1061.89 99.99=2803.71]
2025-04-19 12:17:22 94 sec: 971982 operations; [READ: Count=486353 Max=3684.35 Min=2.08 Avg=71.94 10=8.46 25=42.91 50=56.77 75=100.09 90=127.04 95=167.29 99=241.92 99.9=952.83 99.99=1734.65] [UPDATE: Count=485629 Max=26558.46 Min=7.45 Avg=83.61 10=17.38 25=50.88 50=67.45 75=110.33 90=140.16 95=182.53 99=267.26 99.9=1058.82 99.99=2789.38]
2025-04-19 12:17:23 95 sec: 990877 operations; [READ: Count=495826 Max=3684.35 Min=2.08 Avg=71.48 10=8.40 25=42.43 50=56.54 75=100.03 90=125.95 95=165.89 99=241.28 99.9=947.71 99.99=1732.61] [UPDATE: Count=495051 Max=26558.46 Min=6.66 Avg=83.10 10=17.20 25=50.34 50=67.14 75=110.14 90=139.13 95=181.25 99=266.75 99.9=1051.65 99.99=2742.27]
2025-04-19 12:17:24 96 sec: 1000000 operations; [READ: Count=500382 Max=3684.35 Min=2.08 Avg=71.38 10=8.37 25=42.17 50=56.41 75=99.97 90=125.57 95=165.50 99=241.92 99.9=958.46 99.99=1734.65] [UPDATE: Count=499618 Max=26558.46 Min=6.66 Avg=82.98 10=17.12 25=50.05 50=67.01 75=110.14 90=138.75 95=180.86 99=267.77 99.9=1058.82 99.99=2803.71]
2025-04-19 12:17:25 97 sec: 1000000 operations; [READ: Count=500382 Max=3684.35 Min=2.08 Avg=71.38 10=8.37 25=42.17 50=56.41 75=99.97 90=125.57 95=165.50 99=241.92 99.9=958.46 99.99=1734.65] [UPDATE: Count=499618 Max=26558.46 Min=6.66 Avg=82.98 10=17.12 25=50.05 50=67.01 75=110.14 90=138.75 95=180.86 99=267.77 99.9=1058.82 99.99=2803.71]
2025-04-19 12:17:26 98 sec: 1000000 operations; [READ: Count=500382 Max=3684.35 Min=2.08 Avg=71.38 10=8.37 25=42.17 50=56.41 75=99.97 90=125.57 95=165.50 99=241.92 99.9=958.46 99.99=1734.65] [UPDATE: Count=499618 Max=26558.46 Min=6.66 Avg=82.98 10=17.12 25=50.05 50=67.01 75=110.14 90=138.75 95=180.86 99=267.77 99.9=1058.82 99.99=2803.71]
2025-04-19 12:17:27 99 sec: 1000000 operations; [READ: Count=500382 Max=3684.35 Min=2.08 Avg=71.38 10=8.37 25=42.17 50=56.41 75=99.97 90=125.57 95=165.50 99=241.92 99.9=958.46 99.99=1734.65] [UPDATE: Count=499618 Max=26558.46 Min=6.66 Avg=82.98 10=17.12 25=50.05 50=67.01 75=110.14 90=138.75 95=180.86 99=267.77 99.9=1058.82 99.99=2803.71]
2025-04-19 12:17:28 100 sec: 1000000 operations; [READ: Count=500382 Max=3684.35 Min=2.08 Avg=71.38 10=8.37 25=42.17 50=56.41 75=99.97 90=125.57 95=165.50 99=241.92 99.9=958.46 99.99=1734.65] [UPDATE: Count=499618 Max=26558.46 Min=6.66 Avg=82.98 10=17.12 25=50.05 50=67.01 75=110.14 90=138.75 95=180.86 99=267.77 99.9=1058.82 99.99=2803.71]
Run runtime(sec): 100.056
Run operations(ops): 1000000
Run throughput(ops/sec): 9994.43
