Running scope as unit: run-rfe5c8a7781374d258d0e7c96fd1a4efb.scope
load file:/home/user/DataFiles/silesia_data/silesia.tar
2025-04-19 12:15:47 0 sec: 0 operations;
2025-04-19 12:15:48 1 sec: 0 operations;
2025-04-19 12:15:49 2 sec: 0 operations;
2025-04-19 12:15:50 3 sec: 0 operations;
2025-04-19 12:15:51 4 sec: 0 operations;
2025-04-19 12:15:52 5 sec: 0 operations;
2025-04-19 12:15:53 6 sec: 0 operations;
2025-04-19 12:15:54 7 sec: 0 operations;
2025-04-19 12:15:55 8 sec: 0 operations;
2025-04-19 12:15:56 9 sec: 0 operations;
2025-04-19 12:15:57 10 sec: 0 operations;
2025-04-19 12:15:58 11 sec: 0 operations;
2025-04-19 12:15:59 12 sec: 0 operations;
2025-04-19 12:16:00 13 sec: 0 operations;
2025-04-19 12:16:01 14 sec: 0 operations;
2025-04-19 12:16:02 15 sec: 0 operations;
2025-04-19 12:16:03 16 sec: 0 operations;
2025-04-19 12:16:04 17 sec: 0 operations;
2025-04-19 12:16:05 18 sec: 5383 operations; [READ: Count=2705 Max=591.36 Min=3.78 Avg=126.47 10=52.00 25=81.09 50=104.00 75=178.69 90=212.35 95=225.79 99=284.16 99.9=507.13 99.99=591.36] [UPDATE: Count=2678 Max=3414.01 Min=9.22 Avg=144.06 10=62.24 25=92.09 50=113.98 75=187.26 90=223.49 95=242.30 99=441.86 99.9=2277.38 99.99=3414.01]
2025-04-19 12:16:06 19 sec: 13037 operations; [READ: Count=6545 Max=591.36 Min=3.78 Avg=125.35 10=51.07 25=81.79 50=105.47 75=175.49 90=213.63 95=226.30 99=268.54 99.9=445.95 99.99=554.50] [UPDATE: Count=6492 Max=3414.01 Min=9.06 Avg=138.39 10=61.34 25=90.75 50=115.26 75=184.06 90=225.66 95=241.66 99=294.40 99.9=1743.87 99.99=2832.38]
2025-04-19 12:16:07 20 sec: 21175 operations; [READ: Count=10621 Max=591.36 Min=2.61 Avg=122.10 10=49.73 25=80.70 50=103.61 75=170.37 90=210.30 95=223.87 99=261.89 99.9=431.10 99.99=554.50] [UPDATE: Count=10554 Max=3414.01 Min=8.89 Avg=134.00 10=59.58 25=89.15 50=113.47 75=179.97 90=221.44 95=236.67 99=279.04 99.9=857.09 99.99=2832.38]
2025-04-19 12:16:08 21 sec: 28318 operations; [READ: Count=14259 Max=1140.73 Min=2.61 Avg=125.13 10=50.66 25=82.11 50=104.45 75=171.78 90=212.86 95=229.25 99=285.69 99.9=619.01 99.99=880.13] [UPDATE: Count=14059 Max=3414.01 Min=8.89 Avg=136.43 10=60.48 25=90.75 50=114.43 75=179.58 90=223.87 95=242.05 99=336.38 99.9=775.17 99.99=2832.38]
2025-04-19 12:16:09 22 sec: 34771 operations; [READ: Count=17512 Max=2768.89 Min=2.61 Avg=129.58 10=50.88 25=82.81 50=104.89 75=171.39 90=214.91 95=235.78 99=489.98 99.9=865.28 99.99=1477.63] [UPDATE: Count=17259 Max=6213.63 Min=8.89 Avg=140.54 10=60.48 25=90.94 50=114.69 75=179.07 90=225.79 95=249.60 99=512.00 99.9=949.25 99.99=3090.43]
2025-04-19 12:16:10 23 sec: 42378 operations; [READ: Count=21358 Max=2768.89 Min=2.61 Avg=128.68 10=51.36 25=83.78 50=105.34 75=169.09 90=214.14 95=233.34 99=446.72 99.9=858.62 99.99=1537.02] [UPDATE: Count=21020 Max=6213.63 Min=8.89 Avg=139.78 10=60.93 25=92.16 50=115.45 75=177.66 90=224.77 95=247.04 99=488.45 99.9=949.25 99.99=3090.43]
2025-04-19 12:16:11 24 sec: 50185 operations; [READ: Count=25233 Max=2768.89 Min=2.61 Avg=127.68 10=51.55 25=84.61 50=105.22 75=166.78 90=213.25 95=231.04 99=410.11 99.9=831.49 99.99=1477.63] [UPDATE: Count=24952 Max=6213.63 Min=8.89 Avg=138.48 10=60.93 25=92.93 50=115.58 75=175.62 90=224.00 95=244.35 99=452.61 99.9=938.50 99.99=3090.43]
2025-04-19 12:16:12 25 sec: 58121 operations; [READ: Count=29124 Max=2768.89 Min=2.61 Avg=126.64 10=51.30 25=84.29 50=105.22 75=164.35 90=212.74 95=230.40 99=397.31 99.9=805.89 99.99=1477.63] [UPDATE: Count=28997 Max=6213.63 Min=8.89 Avg=137.25 10=60.61 25=92.35 50=115.71 75=173.31 90=223.23 95=243.20 99=433.92 99.9=883.20 99.99=2832.38]
2025-04-19 12:16:13 26 sec: 65375 operations; [READ: Count=32808 Max=2768.89 Min=2.61 Avg=126.92 10=51.39 25=84.48 50=105.47 75=162.81 90=212.74 95=231.04 99=413.18 99.9=808.45 99.99=1477.63] [UPDATE: Count=32567 Max=6213.63 Min=8.89 Avg=138.05 10=60.64 25=92.80 50=116.09 75=172.93 90=223.49 95=244.61 99=456.45 99.9=909.82 99.99=3088.38]
2025-04-19 12:16:14 27 sec: 72697 operations; [READ: Count=36593 Max=2768.89 Min=2.61 Avg=126.47 10=50.81 25=83.45 50=105.15 75=160.51 90=212.09 95=231.17 99=445.95 99.9=835.07 99.99=1381.38] [UPDATE: Count=36104 Max=21331.97 Min=8.89 Avg=139.15 10=60.13 25=91.65 50=115.71 75=170.88 90=223.23 95=245.63 99=492.80 99.9=1007.62 99.99=3229.70]
2025-04-19 12:16:15 28 sec: 81528 operations; [READ: Count=41014 Max=2768.89 Min=2.61 Avg=124.21 10=50.11 25=82.05 50=104.13 75=157.06 90=209.79 95=228.09 99=426.24 99.9=832.51 99.99=1381.38] [UPDATE: Count=40514 Max=21331.97 Min=8.21 Avg=136.98 10=59.20 25=90.11 50=115.07 75=167.68 90=221.06 95=242.30 99=480.00 99.9=998.91 99.99=3414.01]
2025-04-19 12:16:16 29 sec: 89737 operations; [READ: Count=45146 Max=2768.89 Min=2.61 Avg=123.32 10=49.98 25=82.17 50=104.13 75=155.90 90=208.90 95=226.56 99=405.25 99.9=821.25 99.99=1291.26] [UPDATE: Count=44591 Max=21331.97 Min=8.21 Avg=136.07 10=59.26 25=90.69 50=115.01 75=166.40 90=220.29 95=240.38 99=456.96 99.9=989.70 99.99=3414.01]
2025-04-19 12:16:17 30 sec: 97848 operations; [READ: Count=49264 Max=2768.89 Min=2.61 Avg=122.71 10=49.95 25=82.30 50=104.32 75=155.13 90=208.38 95=225.66 99=388.61 99.9=815.10 99.99=1291.26] [UPDATE: Count=48584 Max=21331.97 Min=8.21 Avg=135.43 10=59.30 25=90.81 50=115.26 75=166.14 90=219.78 95=239.36 99=442.62 99.9=973.82 99.99=3229.70]
2025-04-19 12:16:18 31 sec: 105882 operations; [READ: Count=53330 Max=2768.89 Min=2.61 Avg=122.33 10=49.95 25=82.37 50=104.58 75=154.88 90=207.87 95=225.02 99=369.92 99.9=808.45 99.99=1291.26] [UPDATE: Count=52552 Max=21331.97 Min=8.21 Avg=134.95 10=59.36 25=91.07 50=115.58 75=165.63 90=219.13 95=238.46 99=429.06 99.9=939.52 99.99=3229.70]
2025-04-19 12:16:19 32 sec: 113427 operations; [READ: Count=57015 Max=2768.89 Min=2.61 Avg=122.54 10=49.92 25=82.43 50=104.77 75=154.50 90=207.62 95=225.15 99=392.45 99.9=835.07 99.99=1276.93] [UPDATE: Count=56412 Max=21331.97 Min=8.21 Avg=135.00 10=59.30 25=91.33 50=115.78 75=165.25 90=218.75 95=238.59 99=437.25 99.9=997.89 99.99=3090.43]
2025-04-19 12:16:20 33 sec: 120836 operations; [READ: Count=60754 Max=2768.89 Min=2.61 Avg=122.66 10=49.79 25=82.30 50=104.70 75=153.85 90=207.10 95=224.90 99=407.81 99.9=899.07 99.99=1288.19] [UPDATE: Count=60082 Max=21331.97 Min=8.21 Avg=135.60 10=59.17 25=91.26 50=115.78 75=164.48 90=218.37 95=238.59 99=456.96 99.9=1063.93 99.99=6213.63]
2025-04-19 12:16:21 34 sec: 129229 operations; [READ: Count=64981 Max=2768.89 Min=2.61 Avg=122.04 10=49.73 25=82.24 50=104.77 75=153.34 90=206.59 95=224.13 99=396.03 99.9=880.13 99.99=1288.19] [UPDATE: Count=64248 Max=21331.97 Min=8.21 Avg=134.78 10=59.04 25=91.14 50=115.84 75=163.84 90=217.73 95=237.57 99=443.90 99.9=1031.17 99.99=6213.63]
2025-04-19 12:16:22 35 sec: 137671 operations; [READ: Count=69164 Max=2768.89 Min=2.61 Avg=121.41 10=49.57 25=81.98 50=104.77 75=152.70 90=205.95 95=223.49 99=378.62 99.9=868.86 99.99=1276.93] [UPDATE: Count=68507 Max=21331.97 Min=8.21 Avg=134.05 10=58.85 25=91.07 50=115.78 75=163.20 90=216.83 95=236.67 99=431.36 99.9=1008.13 99.99=3414.01]
2025-04-19 12:16:23 36 sec: 145868 operations; [READ: Count=73324 Max=2768.89 Min=2.61 Avg=120.99 10=49.44 25=81.98 50=104.89 75=152.45 90=205.57 95=223.23 99=368.89 99.9=865.79 99.99=1276.93] [UPDATE: Count=72544 Max=21331.97 Min=8.21 Avg=133.70 10=58.75 25=91.01 50=115.84 75=162.94 90=216.45 95=236.41 99=426.50 99.9=1019.90 99.99=3414.01]
2025-04-19 12:16:24 37 sec: 153637 operations; [READ: Count=77188 Max=2768.89 Min=2.61 Avg=120.91 10=49.28 25=81.86 50=104.89 75=152.06 90=205.06 95=222.97 99=375.04 99.9=916.99 99.99=1381.38] [UPDATE: Count=76449 Max=21331.97 Min=8.21 Avg=133.81 10=58.66 25=91.01 50=115.90 75=162.56 90=215.94 95=236.16 99=434.18 99.9=1103.87 99.99=3229.70]
2025-04-19 12:16:25 38 sec: 161502 operations; [READ: Count=81085 Max=2768.89 Min=2.61 Avg=120.69 10=49.15 25=81.53 50=105.09 75=151.94 90=204.41 95=222.59 99=372.99 99.9=924.16 99.99=1381.38] [UPDATE: Count=80417 Max=21331.97 Min=8.21 Avg=133.89 10=58.59 25=90.88 50=116.16 75=162.69 90=215.55 95=236.03 99=438.27 99.9=1166.34 99.99=3229.70]
2025-04-19 12:16:26 39 sec: 172295 operations; [READ: Count=86472 Max=2768.89 Min=2.61 Avg=118.47 10=48.96 25=75.01 50=104.13 75=150.53 90=202.75 95=221.18 99=348.16 99.9=916.99 99.99=1300.48] [UPDATE: Count=85823 Max=21331.97 Min=8.21 Avg=131.63 10=58.37 25=85.31 50=115.14 75=161.15 90=213.76 95=234.37 99=422.40 99.9=1132.54 99.99=3090.43]
2025-04-19 12:16:27 40 sec: 183673 operations; [READ: Count=92113 Max=2768.89 Min=2.61 Avg=116.02 10=48.67 25=66.81 50=103.10 75=148.74 90=200.70 95=219.78 99=328.70 99.9=903.17 99.99=1300.48] [UPDATE: Count=91560 Max=21331.97 Min=8.21 Avg=129.34 10=58.05 25=79.04 50=113.86 75=159.36 90=211.84 95=232.83 99=414.21 99.9=1139.71 99.99=3229.70]
2025-04-19 12:16:28 41 sec: 195250 operations; [READ: Count=97856 Max=2768.89 Min=2.61 Avg=113.80 10=48.41 25=63.58 50=102.27 75=146.94 90=198.40 95=218.37 99=311.04 99.9=886.27 99.99=1291.26] [UPDATE: Count=97394 Max=21331.97 Min=8.21 Avg=127.12 10=57.66 25=75.39 50=112.83 75=157.44 90=209.66 95=231.42 99=404.48 99.9=1125.38 99.99=3229.70]
2025-04-19 12:16:29 42 sec: 206579 operations; [READ: Count=103526 Max=2768.89 Min=2.61 Avg=112.08 10=48.03 25=61.85 50=101.44 75=145.15 90=196.35 95=217.22 99=310.01 99.9=916.99 99.99=1554.43] [UPDATE: Count=103053 Max=21331.97 Min=8.21 Avg=125.18 10=57.22 25=73.22 50=111.87 75=155.65 90=207.62 95=230.01 99=399.10 99.9=1139.71 99.99=3229.70]
2025-04-19 12:16:30 43 sec: 218398 operations; [READ: Count=109455 Max=2768.89 Min=2.61 Avg=110.25 10=47.33 25=60.26 50=100.42 75=143.49 90=193.92 95=215.94 99=303.62 99.9=962.56 99.99=1684.48] [UPDATE: Count=108943 Max=21331.97 Min=8.21 Avg=123.22 10=56.51 25=71.23 50=110.78 75=153.60 90=205.06 95=228.86 99=391.42 99.9=1176.58 99.99=3414.01]
2025-04-19 12:16:31 44 sec: 230981 operations; [READ: Count=115586 Max=2768.89 Min=2.61 Avg=108.27 10=46.91 25=59.10 50=99.65 75=141.31 90=191.23 95=214.78 99=293.63 99.9=944.13 99.99=1683.45] [UPDATE: Count=115395 Max=21331.97 Min=8.21 Avg=121.01 10=55.90 25=69.76 50=109.82 75=151.29 90=202.11 95=227.33 99=371.45 99.9=1132.54 99.99=3229.70]
2025-04-19 12:16:32 45 sec: 243434 operations; [READ: Count=121821 Max=2768.89 Min=2.61 Avg=106.48 10=46.49 25=58.30 50=98.94 75=139.01 90=188.29 95=213.50 99=286.46 99.9=921.09 99.99=1683.45] [UPDATE: Count=121613 Max=21331.97 Min=8.21 Avg=119.18 10=55.42 25=68.86 50=109.06 75=148.99 90=199.42 95=225.92 99=357.38 99.9=1116.16 99.99=3229.70]
2025-04-19 12:16:33 46 sec: 257336 operations; [READ: Count=128752 Max=2768.89 Min=2.61 Avg=104.32 10=45.15 25=57.28 50=97.73 75=135.81 90=184.70 95=212.22 99=280.06 99.9=913.92 99.99=1612.80] [UPDATE: Count=128584 Max=21331.97 Min=8.21 Avg=116.82 10=53.70 25=67.58 50=107.71 75=145.66 90=195.97 95=224.25 99=342.78 99.9=1112.06 99.99=3229.70]
2025-04-19 12:16:34 47 sec: 269926 operations; [READ: Count=135028 Max=2768.89 Min=2.61 Avg=102.87 10=44.64 25=56.77 50=97.02 75=132.35 90=181.89 95=210.94 99=276.22 99.9=919.04 99.99=1684.48] [UPDATE: Count=134898 Max=21331.97 Min=8.21 Avg=115.25 10=53.05 25=67.01 50=107.01 75=142.59 90=192.90 95=222.97 99=332.29 99.9=1103.87 99.99=3229.70]
2025-04-19 12:16:35 48 sec: 283177 operations; [READ: Count=141679 Max=2768.89 Min=2.61 Avg=101.28 10=43.36 25=56.03 50=95.94 75=127.49 90=178.69 95=209.79 99=273.41 99.9=962.05 99.99=1703.93] [UPDATE: Count=141498 Max=21331.97 Min=8.21 Avg=113.62 10=51.58 25=66.11 50=105.79 75=138.37 90=189.95 95=221.69 99=325.38 99.9=1121.28 99.99=3229.70]
2025-04-19 12:16:36 49 sec: 297109 operations; [READ: Count=148611 Max=2768.89 Min=2.61 Avg=99.60 10=42.02 25=55.39 50=94.85 75=122.62 90=175.36 95=208.51 99=270.33 99.9=957.95 99.99=1701.89] [UPDATE: Count=148498 Max=21331.97 Min=8.21 Avg=111.86 10=50.08 25=65.38 50=104.58 75=134.40 90=186.88 95=220.41 99=315.13 99.9=1116.16 99.99=3229.70]
2025-04-19 12:16:37 50 sec: 311462 operations; [READ: Count=155787 Max=2768.89 Min=2.61 Avg=97.90 10=40.45 25=54.69 50=93.50 75=118.97 90=172.29 95=207.23 99=267.77 99.9=923.65 99.99=1692.67] [UPDATE: Count=155675 Max=21331.97 Min=8.21 Avg=110.16 10=48.58 25=64.67 50=103.23 75=131.07 90=183.81 95=219.01 99=307.45 99.9=1103.87 99.99=3090.43]
2025-04-19 12:16:38 51 sec: 327357 operations; [READ: Count=163717 Max=2768.89 Min=2.61 Avg=95.95 10=38.37 25=53.76 50=91.58 75=115.90 90=168.96 95=205.95 99=264.96 99.9=916.99 99.99=1692.67] [UPDATE: Count=163640 Max=21331.97 Min=8.21 Avg=108.03 10=46.14 25=63.55 50=101.06 75=128.19 90=180.48 95=217.47 99=298.75 99.9=1077.25 99.99=3090.43]
2025-04-19 12:16:39 52 sec: 340670 operations; [READ: Count=170401 Max=2768.89 Min=2.61 Avg=94.87 10=34.81 25=53.53 50=90.88 75=114.43 90=166.66 95=204.80 99=263.17 99.9=912.89 99.99=1684.48] [UPDATE: Count=170269 Max=21331.97 Min=8.21 Avg=106.93 10=43.87 25=63.26 50=100.22 75=126.66 90=178.30 95=216.32 99=294.14 99.9=1074.17 99.99=3088.38]
2025-04-19 12:16:40 53 sec: 354146 operations; [READ: Count=177136 Max=3508.22 Min=2.61 Avg=93.81 10=22.67 25=53.18 50=89.79 75=113.15 90=164.35 95=203.52 99=261.25 99.9=916.99 99.99=1703.93] [UPDATE: Count=177010 Max=21331.97 Min=8.21 Avg=105.89 10=37.95 25=62.91 50=99.07 75=125.31 90=176.38 95=215.04 99=289.79 99.9=1082.37 99.99=3090.43]
2025-04-19 12:16:41 54 sec: 369996 operations; [READ: Count=185078 Max=3508.22 Min=2.61 Avg=92.24 10=18.77 25=52.41 50=87.94 75=111.68 90=161.92 95=202.11 99=258.94 99.9=903.17 99.99=1701.89] [UPDATE: Count=184918 Max=21331.97 Min=8.21 Avg=104.25 10=32.09 25=62.05 50=97.02 75=123.65 90=173.82 95=213.50 99=285.95 99.9=1071.10 99.99=3229.70]
2025-04-19 12:16:42 55 sec: 383898 operations; [READ: Count=192155 Max=3508.22 Min=2.61 Avg=91.26 10=17.30 25=52.19 50=87.10 75=110.85 90=160.13 95=200.70 99=257.15 99.9=889.34 99.99=1701.89] [UPDATE: Count=191743 Max=21331.97 Min=8.21 Avg=103.25 10=29.81 25=61.79 50=96.00 75=122.62 90=172.03 95=212.22 99=283.13 99.9=1058.82 99.99=3090.43]
2025-04-19 12:16:43 56 sec: 397493 operations; [READ: Count=198943 Max=3508.22 Min=2.61 Avg=90.44 10=16.14 25=52.09 50=86.27 75=110.27 90=158.46 95=199.42 99=255.74 99.9=880.64 99.99=1701.89] [UPDATE: Count=198550 Max=21331.97 Min=8.21 Avg=102.37 10=28.51 25=61.66 50=95.17 75=121.86 90=170.24 95=210.81 99=279.30 99.9=1038.34 99.99=3088.38]
2025-04-19 12:16:44 57 sec: 411067 operations; [READ: Count=205769 Max=3508.22 Min=2.61 Avg=89.66 10=15.21 25=52.00 50=85.44 75=109.76 90=157.18 95=197.89 99=254.34 99.9=871.42 99.99=1692.67] [UPDATE: Count=205298 Max=21331.97 Min=8.21 Avg=101.58 10=27.44 25=61.53 50=94.27 75=121.41 90=168.83 95=209.41 99=277.25 99.9=1025.02 99.99=3043.33]
2025-04-19 12:16:45 58 sec: 424698 operations; [READ: Count=212569 Max=3508.22 Min=2.61 Avg=88.93 10=14.57 25=51.90 50=84.54 75=109.25 90=155.90 95=196.48 99=252.93 99.9=866.30 99.99=1701.89] [UPDATE: Count=212129 Max=21331.97 Min=8.21 Avg=100.81 10=26.62 25=61.44 50=93.25 75=120.83 90=167.42 95=208.13 99=275.45 99.9=1014.27 99.99=3043.33]
2025-04-19 12:16:46 59 sec: 438397 operations; [READ: Count=219486 Max=3508.22 Min=2.61 Avg=88.21 10=14.04 25=51.81 50=83.58 75=108.86 90=154.88 95=194.81 99=251.39 99.9=864.25 99.99=1692.67] [UPDATE: Count=218911 Max=21331.97 Min=8.21 Avg=100.10 10=25.92 25=61.31 50=92.29 75=120.38 90=166.27 95=206.72 99=273.66 99.9=1001.98 99.99=2914.30]
2025-04-19 12:16:47 60 sec: 452288 operations; [READ: Count=226530 Max=3508.22 Min=2.61 Avg=87.49 10=13.57 25=51.71 50=82.30 75=108.48 90=153.73 95=193.53 99=249.85 99.9=851.46 99.99=1684.48] [UPDATE: Count=225758 Max=21331.97 Min=8.21 Avg=99.40 10=25.45 25=61.18 50=91.26 75=120.00 90=165.12 95=205.18 99=272.13 99.9=992.77 99.99=2832.38]
2025-04-19 12:16:48 61 sec: 466232 operations; [READ: Count=233624 Max=3508.22 Min=2.61 Avg=86.83 10=13.25 25=51.65 50=80.96 75=108.16 90=152.70 95=191.87 99=248.19 99.9=840.19 99.99=1684.48] [UPDATE: Count=232608 Max=21331.97 Min=8.21 Avg=98.71 10=24.94 25=61.05 50=89.98 75=119.61 90=163.97 95=203.65 99=270.59 99.9=976.89 99.99=2832.38]
2025-04-19 12:16:49 62 sec: 480421 operations; [READ: Count=240714 Max=3508.22 Min=2.61 Avg=86.14 10=12.91 25=51.52 50=79.17 75=107.78 90=151.81 95=190.08 99=247.04 99.9=832.51 99.99=1683.45] [UPDATE: Count=239707 Max=21331.97 Min=8.21 Avg=98.02 10=24.53 25=60.96 50=88.64 75=119.23 90=162.94 95=201.98 99=268.80 99.9=963.07 99.99=2803.71]
2025-04-19 12:16:50 63 sec: 494520 operations; [READ: Count=247815 Max=3508.22 Min=2.61 Avg=85.50 10=12.66 25=51.42 50=76.93 75=107.52 90=150.91 95=188.29 99=245.63 99.9=828.93 99.99=1653.76] [UPDATE: Count=246705 Max=21331.97 Min=8.21 Avg=97.39 10=24.19 25=60.83 50=87.23 75=118.91 90=162.05 95=200.32 99=267.52 99.9=955.39 99.99=2754.56]
2025-04-19 12:16:51 64 sec: 508683 operations; [READ: Count=254877 Max=3508.22 Min=2.61 Avg=84.89 10=12.44 25=51.33 50=74.50 75=107.26 90=150.14 95=186.50 99=244.48 99.9=817.15 99.99=1653.76] [UPDATE: Count=253806 Max=21331.97 Min=8.21 Avg=96.77 10=23.87 25=60.73 50=85.89 75=118.59 90=161.02 95=198.66 99=265.73 99.9=944.13 99.99=2754.56]
2025-04-19 12:16:53 65 sec: 522800 operations; [READ: Count=261856 Max=3508.22 Min=2.61 Avg=84.34 10=12.29 25=51.23 50=72.19 75=107.07 90=149.38 95=184.70 99=243.20 99.9=812.03 99.99=1630.21] [UPDATE: Count=260944 Max=21331.97 Min=8.21 Avg=96.18 10=23.61 25=60.61 50=84.54 75=118.33 90=160.25 95=197.12 99=264.19 99.9=937.98 99.99=2742.27]
2025-04-19 12:16:54 66 sec: 537363 operations; [READ: Count=269092 Max=3508.22 Min=2.61 Avg=83.74 10=12.14 25=51.10 50=70.21 75=106.75 90=148.48 95=182.91 99=242.05 99.9=806.40 99.99=1612.80] [UPDATE: Count=268271 Max=21331.97 Min=8.21 Avg=95.56 10=23.34 25=60.45 50=83.14 75=117.95 90=159.36 95=195.33 99=262.65 99.9=932.35 99.99=2734.08]
2025-04-19 12:16:55 67 sec: 551843 operations; [READ: Count=276285 Max=3508.22 Min=2.61 Avg=83.18 10=11.98 25=50.98 50=68.86 75=106.56 90=147.58 95=181.38 99=240.64 99.9=796.16 99.99=1609.73] [UPDATE: Count=275558 Max=21331.97 Min=8.21 Avg=94.98 10=23.09 25=60.29 50=81.98 75=117.63 90=158.46 95=193.41 99=261.38 99.9=917.50 99.99=2719.74]
2025-04-19 12:16:56 68 sec: 566173 operations; [READ: Count=283410 Max=3508.22 Min=2.61 Avg=82.65 10=11.82 25=50.85 50=67.84 75=106.37 90=146.81 95=179.58 99=239.23 99.9=789.50 99.99=1609.73] [UPDATE: Count=282763 Max=21331.97 Min=8.21 Avg=94.48 10=22.86 25=60.16 50=80.89 75=117.44 90=157.69 95=191.87 99=260.35 99.9=915.46 99.99=2742.27]
2025-04-19 12:16:57 69 sec: 580332 operations; [READ: Count=290450 Max=3508.22 Min=2.61 Avg=82.16 10=11.65 25=50.78 50=67.01 75=106.17 90=146.18 95=177.92 99=238.08 99.9=784.89 99.99=1606.65] [UPDATE: Count=289882 Max=21331.97 Min=8.21 Avg=94.04 10=22.62 25=60.03 50=80.13 75=117.25 90=156.93 95=190.59 99=258.94 99.9=909.82 99.99=2754.56]
2025-04-19 12:16:58 70 sec: 594770 operations; [READ: Count=297658 Max=3508.22 Min=2.61 Avg=81.68 10=11.46 25=50.66 50=66.37 75=106.05 90=145.41 95=176.25 99=237.06 99.9=775.68 99.99=1585.15] [UPDATE: Count=297112 Max=21331.97 Min=8.21 Avg=93.55 10=22.35 25=59.90 50=79.36 75=117.06 90=156.29 95=188.93 99=257.66 99.9=907.26 99.99=2754.56]
2025-04-19 12:16:59 71 sec: 609574 operations; [READ: Count=305069 Max=3508.22 Min=2.61 Avg=81.17 10=11.24 25=50.56 50=65.73 75=105.86 90=144.77 95=174.72 99=235.78 99.9=769.02 99.99=1576.96] [UPDATE: Count=304505 Max=21331.97 Min=8.21 Avg=93.04 10=22.08 25=59.77 50=78.59 75=116.80 90=155.52 95=187.39 99=256.89 99.9=894.46 99.99=2754.56]
2025-04-19 12:17:00 72 sec: 624135 operations; [READ: Count=312317 Max=3508.22 Min=2.61 Avg=80.71 10=11.06 25=50.43 50=65.28 75=105.73 90=144.13 95=173.18 99=234.62 99.9=760.32 99.99=1576.96] [UPDATE: Count=311818 Max=21331.97 Min=8.21 Avg=92.59 10=21.84 25=59.68 50=78.02 75=116.67 90=154.88 95=186.11 99=256.13 99.9=888.83 99.99=2746.37]
2025-04-19 12:17:01 73 sec: 639049 operations; [READ: Count=319770 Max=3508.22 Min=2.61 Avg=80.22 10=10.87 25=50.30 50=64.77 75=105.53 90=143.36 95=171.78 99=233.60 99.9=749.05 99.99=1573.89] [UPDATE: Count=319279 Max=21331.97 Min=8.21 Avg=92.11 10=21.58 25=59.52 50=77.44 75=116.42 90=154.11 95=184.70 99=255.36 99.9=886.27 99.99=2742.27]
2025-04-19 12:17:02 74 sec: 653292 operations; [READ: Count=326879 Max=3508.22 Min=2.61 Avg=79.79 10=10.71 25=50.21 50=64.38 75=105.41 90=142.72 95=170.37 99=232.70 99.9=747.01 99.99=1564.67] [UPDATE: Count=326413 Max=21331.97 Min=8.21 Avg=91.79 10=21.38 25=59.39 50=76.99 75=116.29 90=153.47 95=183.42 99=254.59 99.9=892.41 99.99=2754.56]
2025-04-19 12:17:03 75 sec: 667583 operations; [READ: Count=334108 Max=3508.22 Min=2.61 Avg=79.35 10=10.55 25=50.05 50=64.03 75=105.28 90=142.08 95=169.09 99=231.94 99.9=745.47 99.99=1573.89] [UPDATE: Count=333475 Max=26279.94 Min=8.21 Avg=91.52 10=21.15 25=59.23 50=76.54 75=116.16 90=152.83 95=182.27 99=253.69 99.9=893.44 99.99=2803.71]
2025-04-19 12:17:04 76 sec: 682747 operations; [READ: Count=341654 Max=3508.22 Min=2.61 Avg=78.90 10=10.39 25=49.92 50=63.68 75=105.15 90=141.31 95=167.94 99=231.04 99.9=740.35 99.99=1564.67] [UPDATE: Count=341093 Max=26279.94 Min=8.21 Avg=91.06 10=20.96 25=59.10 50=76.09 75=115.97 90=152.06 95=181.12 99=252.93 99.9=886.27 99.99=2803.71]
2025-04-19 12:17:05 77 sec: 698117 operations; [READ: Count=349285 Max=3508.22 Min=2.61 Avg=78.43 10=10.23 25=49.76 50=63.33 75=104.96 90=140.54 95=166.78 99=230.27 99.9=736.25 99.99=1562.62] [UPDATE: Count=348832 Max=26279.94 Min=8.21 Avg=90.60 10=20.73 25=58.91 50=75.65 75=115.78 90=151.29 95=179.97 99=252.29 99.9=886.27 99.99=2754.56]
2025-04-19 12:17:06 78 sec: 714668 operations; [READ: Count=357557 Max=3508.22 Min=2.61 Avg=77.85 10=10.07 25=49.47 50=62.88 75=104.70 90=139.65 95=165.50 99=229.38 99.9=728.06 99.99=1555.45] [UPDATE: Count=357111 Max=26279.94 Min=8.21 Avg=90.02 10=20.45 25=58.59 50=75.07 75=115.52 90=150.53 95=178.81 99=251.65 99.9=878.59 99.99=2754.56]
2025-04-19 12:17:07 79 sec: 734274 operations; [READ: Count=367278 Max=3508.22 Min=2.61 Avg=76.98 10=9.87 25=48.96 50=61.98 75=104.32 90=138.37 95=164.09 99=228.74 99.9=728.06 99.99=1555.45] [UPDATE: Count=366996 Max=26279.94 Min=7.91 Avg=89.08 10=20.13 25=57.98 50=73.92 75=115.07 90=149.38 95=177.53 99=251.26 99.9=874.50 99.99=2746.37]
2025-04-19 12:17:08 80 sec: 749449 operations; [READ: Count=374842 Max=3508.22 Min=2.61 Avg=76.62 10=9.72 25=48.73 50=61.44 75=104.06 90=137.47 95=163.46 99=229.25 99.9=793.09 99.99=1606.65] [UPDATE: Count=374607 Max=26279.94 Min=7.91 Avg=88.71 10=19.89 25=57.70 50=73.15 75=114.75 90=148.61 95=177.02 99=252.03 99.9=939.52 99.99=2832.38]
2025-04-19 12:17:09 81 sec: 769782 operations; [READ: Count=384957 Max=3508.22 Min=2.61 Avg=75.75 10=9.54 25=48.26 50=60.73 75=103.68 90=136.06 95=162.30 99=228.48 99.9=785.41 99.99=1585.15] [UPDATE: Count=384825 Max=26279.94 Min=7.91 Avg=87.76 10=19.55 25=57.05 50=72.25 75=114.30 90=147.33 95=175.62 99=251.39 99.9=933.38 99.99=2803.71]
2025-04-19 12:17:10 82 sec: 790796 operations; [READ: Count=395531 Max=3508.22 Min=2.42 Avg=74.85 10=9.29 25=47.58 50=60.09 75=103.30 90=134.27 95=161.28 99=227.71 99.9=774.14 99.99=1573.89] [UPDATE: Count=395265 Max=26279.94 Min=7.49 Avg=86.81 10=19.20 25=56.26 50=71.42 75=113.86 90=145.92 95=174.59 99=250.50 99.9=916.48 99.99=2746.37]
2025-04-19 12:17:11 83 sec: 809767 operations; [READ: Count=405067 Max=3508.22 Min=2.42 Avg=74.19 10=9.12 25=47.20 50=59.58 75=102.97 90=132.86 95=160.38 99=227.71 99.9=784.89 99.99=1564.67] [UPDATE: Count=404700 Max=26279.94 Min=7.49 Avg=86.11 10=18.89 25=55.77 50=70.72 75=113.53 90=144.77 95=173.69 99=251.01 99.9=913.41 99.99=2746.37]
2025-04-19 12:17:12 84 sec: 832251 operations; [READ: Count=416251 Max=3508.22 Min=2.37 Avg=73.26 10=8.88 25=46.21 50=58.94 75=102.59 90=130.81 95=159.23 99=227.07 99.9=779.26 99.99=1562.62] [UPDATE: Count=416000 Max=26279.94 Min=7.48 Avg=85.07 10=18.48 25=54.49 50=69.95 75=113.02 90=143.23 95=172.54 99=250.11 99.9=909.31 99.99=2734.08]
2025-04-19 12:17:13 85 sec: 851476 operations; [READ: Count=425974 Max=3508.22 Min=2.37 Avg=72.69 10=8.67 25=45.41 50=58.46 75=102.21 90=129.34 95=158.72 99=227.97 99.9=805.89 99.99=1565.69] [UPDATE: Count=425502 Max=26279.94 Min=7.48 Avg=84.39 10=18.13 25=53.50 50=69.31 75=112.64 90=142.08 95=171.78 99=251.39 99.9=931.33 99.99=2719.74]
2025-04-19 12:17:14 86 sec: 874062 operations; [READ: Count=437220 Max=3508.22 Min=2.37 Avg=71.83 10=8.46 25=44.64 50=57.98 75=101.82 90=127.36 95=157.69 99=227.07 99.9=795.13 99.99=1564.67] [UPDATE: Count=436842 Max=26279.94 Min=7.48 Avg=83.44 10=17.79 25=52.58 50=68.67 75=112.13 90=140.41 95=170.62 99=250.11 99.9=915.46 99.99=2635.78]
2025-04-19 12:17:15 87 sec: 894966 operations; [READ: Count=447549 Max=3508.22 Min=2.37 Avg=71.13 10=8.33 25=44.19 50=57.60 75=101.50 90=125.89 95=156.80 99=226.30 99.9=788.48 99.99=1562.62] [UPDATE: Count=447417 Max=26279.94 Min=7.48 Avg=82.70 10=17.57 25=52.03 50=68.16 75=111.81 90=139.01 95=169.60 99=249.22 99.9=907.77 99.99=2629.63]
2025-04-19 12:17:16 88 sec: 913307 operations; [READ: Count=456833 Max=3508.22 Min=2.17 Avg=70.68 10=8.27 25=43.90 50=57.31 75=101.31 90=124.86 95=156.29 99=226.30 99.9=787.46 99.99=1562.62] [UPDATE: Count=456474 Max=26279.94 Min=6.91 Avg=82.23 10=17.44 25=51.65 50=67.84 75=111.49 90=138.11 95=169.09 99=249.60 99.9=907.26 99.99=2617.34]
2025-04-19 12:17:17 89 sec: 930814 operations; [READ: Count=465602 Max=3508.22 Min=2.17 Avg=70.30 10=8.29 25=43.62 50=57.18 75=101.12 90=124.22 95=155.78 99=226.05 99.9=784.89 99.99=1562.62] [UPDATE: Count=465212 Max=26279.94 Min=6.91 Avg=81.84 10=17.42 25=51.33 50=67.65 75=111.30 90=137.60 95=168.45 99=249.60 99.9=904.19 99.99=2611.20]
2025-04-19 12:17:18 90 sec: 948697 operations; [READ: Count=474467 Max=3508.22 Min=2.17 Avg=69.92 10=8.31 25=43.33 50=57.09 75=100.93 90=123.71 95=155.13 99=225.41 99.9=779.26 99.99=1562.62] [UPDATE: Count=474230 Max=26279.94 Min=6.91 Avg=81.43 10=17.39 25=50.91 50=67.45 75=111.10 90=136.96 95=167.81 99=249.22 99.9=898.56 99.99=2611.20]
2025-04-19 12:17:19 91 sec: 957765 operations; [READ: Count=478948 Max=3508.22 Min=2.17 Avg=70.19 10=8.33 25=43.17 50=57.09 75=100.86 90=123.84 95=155.26 99=227.07 99.9=851.46 99.99=1710.08] [UPDATE: Count=478817 Max=26279.94 Min=6.91 Avg=81.79 10=17.41 25=50.75 50=67.45 75=111.04 90=136.96 95=168.06 99=252.54 99.9=997.89 99.99=2629.63]
2025-04-19 12:17:20 92 sec: 974980 operations; [READ: Count=487576 Max=3508.22 Min=2.17 Avg=69.87 10=8.34 25=42.85 50=56.96 75=100.73 90=123.45 95=154.62 99=226.81 99.9=845.82 99.99=1703.93] [UPDATE: Count=487404 Max=26279.94 Min=6.91 Avg=81.45 10=17.38 25=50.40 50=67.33 75=110.97 90=136.45 95=167.42 99=252.16 99.9=989.70 99.99=2617.34]
2025-04-19 12:17:21 93 sec: 991094 operations; [READ: Count=495752 Max=3508.22 Min=2.17 Avg=69.66 10=8.32 25=42.49 50=56.80 75=100.67 90=123.01 95=154.37 99=227.33 99.9=867.84 99.99=1701.89] [UPDATE: Count=495342 Max=26279.94 Min=6.91 Avg=81.19 10=17.28 25=50.02 50=67.07 75=110.85 90=136.06 95=167.04 99=253.06 99.9=1006.59 99.99=2611.20]
2025-04-19 12:17:22 94 sec: 1000000 operations; [READ: Count=500197 Max=3508.22 Min=2.17 Avg=69.54 10=8.33 25=42.30 50=56.73 75=100.61 90=122.88 95=154.11 99=227.46 99.9=871.42 99.99=1701.89] [UPDATE: Count=499803 Max=26279.94 Min=6.91 Avg=81.08 10=17.25 25=49.79 50=67.01 75=110.78 90=135.81 95=166.91 99=253.44 99.9=1012.22 99.99=2611.20]
2025-04-19 12:17:23 95 sec: 1000000 operations; [READ: Count=500197 Max=3508.22 Min=2.17 Avg=69.54 10=8.33 25=42.30 50=56.73 75=100.61 90=122.88 95=154.11 99=227.46 99.9=871.42 99.99=1701.89] [UPDATE: Count=499803 Max=26279.94 Min=6.91 Avg=81.08 10=17.25 25=49.79 50=67.01 75=110.78 90=135.81 95=166.91 99=253.44 99.9=1012.22 99.99=2611.20]
2025-04-19 12:17:24 96 sec: 1000000 operations; [READ: Count=500197 Max=3508.22 Min=2.17 Avg=69.54 10=8.33 25=42.30 50=56.73 75=100.61 90=122.88 95=154.11 99=227.46 99.9=871.42 99.99=1701.89] [UPDATE: Count=499803 Max=26279.94 Min=6.91 Avg=81.08 10=17.25 25=49.79 50=67.01 75=110.78 90=135.81 95=166.91 99=253.44 99.9=1012.22 99.99=2611.20]
2025-04-19 12:17:25 97 sec: 1000000 operations; [READ: Count=500197 Max=3508.22 Min=2.17 Avg=69.54 10=8.33 25=42.30 50=56.73 75=100.61 90=122.88 95=154.11 99=227.46 99.9=871.42 99.99=1701.89] [UPDATE: Count=499803 Max=26279.94 Min=6.91 Avg=81.08 10=17.25 25=49.79 50=67.01 75=110.78 90=135.81 95=166.91 99=253.44 99.9=1012.22 99.99=2611.20]
2025-04-19 12:17:25 97 sec: 1000000 operations; [READ: Count=500197 Max=3508.22 Min=2.17 Avg=69.54 10=8.33 25=42.30 50=56.73 75=100.61 90=122.88 95=154.11 99=227.46 99.9=871.42 99.99=1701.89] [UPDATE: Count=499803 Max=26279.94 Min=6.91 Avg=81.08 10=17.25 25=49.79 50=67.01 75=110.78 90=135.81 95=166.91 99=253.44 99.9=1012.22 99.99=2611.20]
Run runtime(sec): 97.6459
Run operations(ops): 1000000
Run throughput(ops/sec): 10241.1
