Running scope as unit: run-r2f4e41cbfc6743cf9d0214d90d392f90.scope
load file:/home/user/DataFiles/silesia_data/silesia.tar
2025-04-19 12:15:47 0 sec: 0 operations;
2025-04-19 12:15:48 1 sec: 0 operations;
2025-04-19 12:15:49 2 sec: 0 operations;
2025-04-19 12:15:50 3 sec: 0 operations;
2025-04-19 12:15:51 4 sec: 0 operations;
2025-04-19 12:15:52 5 sec: 0 operations;
2025-04-19 12:15:53 6 sec: 0 operations;
2025-04-19 12:15:54 7 sec: 0 operations;
2025-04-19 12:15:55 8 sec: 0 operations;
2025-04-19 12:15:56 9 sec: 0 operations;
2025-04-19 12:15:57 10 sec: 0 operations;
2025-04-19 12:15:58 11 sec: 0 operations;
2025-04-19 12:15:59 12 sec: 0 operations;
2025-04-19 12:16:00 13 sec: 0 operations;
2025-04-19 12:16:01 14 sec: 0 operations;
2025-04-19 12:16:02 15 sec: 0 operations;
2025-04-19 12:16:03 16 sec: 0 operations;
2025-04-19 12:16:04 17 sec: 0 operations;
2025-04-19 12:16:05 18 sec: 3941 operations; [READ: Count=1999 Max=2330.62 Min=6.18 Avg=125.53 10=47.94 25=77.69 50=95.74 75=174.72 90=204.54 95=228.74 99=403.20 99.9=648.70 99.99=2330.62] [UPDATE: Count=1942 Max=3041.28 Min=11.98 Avg=143.01 10=54.24 25=84.80 50=102.59 75=185.09 90=215.81 95=252.93 99=581.63 99.9=2234.37 99.99=3041.28]
2025-04-19 12:16:06 19 sec: 11466 operations; [READ: Count=5735 Max=2330.62 Min=3.35 Avg=125.78 10=49.60 25=81.15 50=102.02 75=179.46 90=211.71 95=227.33 99=278.27 99.9=504.83 99.99=695.29] [UPDATE: Count=5731 Max=3041.28 Min=10.84 Avg=139.30 10=58.81 25=89.41 50=112.83 75=191.49 90=222.34 95=239.74 99=350.21 99.9=1391.62 99.99=2234.37]
2025-04-19 12:16:07 20 sec: 19212 operations; [READ: Count=9637 Max=2330.62 Min=3.35 Avg=124.34 10=49.76 25=81.86 50=101.89 75=178.94 90=210.94 95=226.05 99=263.68 99.9=463.10 99.99=695.29] [UPDATE: Count=9575 Max=3041.28 Min=10.45 Avg=137.03 10=58.98 25=90.94 50=112.83 75=191.23 90=222.08 95=237.69 99=292.61 99.9=1041.41 99.99=2568.19]
2025-04-19 12:16:08 21 sec: 26694 operations; [READ: Count=13344 Max=2330.62 Min=3.35 Avg=125.00 10=49.85 25=82.43 50=101.82 75=178.69 90=211.71 95=228.35 99=278.78 99.9=600.06 99.99=928.77] [UPDATE: Count=13350 Max=8044.54 Min=8.98 Avg=137.36 10=59.36 25=91.65 50=112.83 75=189.69 90=222.59 95=239.74 99=310.01 99.9=951.81 99.99=3041.28]
2025-04-19 12:16:09 22 sec: 33742 operations; [READ: Count=16894 Max=2330.62 Min=3.35 Avg=126.92 10=50.11 25=83.01 50=102.14 75=178.05 90=213.12 95=232.70 99=376.57 99.9=733.70 99.99=943.62] [UPDATE: Count=16848 Max=8044.54 Min=8.98 Avg=139.44 10=59.45 25=92.29 50=113.66 75=189.44 90=224.00 95=244.99 99=438.53 99.9=951.81 99.99=2568.19]
2025-04-19 12:16:10 23 sec: 40570 operations; [READ: Count=20352 Max=3995.65 Min=3.35 Avg=129.00 10=50.17 25=83.26 50=102.27 75=177.28 90=213.89 95=235.78 99=473.34 99.9=840.70 99.99=2002.94] [UPDATE: Count=20218 Max=8044.54 Min=8.98 Avg=141.47 10=59.62 25=93.06 50=113.66 75=188.67 90=224.90 95=248.70 99=520.19 99.9=1027.07 99.99=3041.28]
2025-04-19 12:16:11 24 sec: 48393 operations; [READ: Count=24195 Max=3995.65 Min=3.35 Avg=127.88 10=50.40 25=83.78 50=102.72 75=175.23 90=213.38 95=233.85 99=437.50 99.9=813.05 99.99=2002.94] [UPDATE: Count=24198 Max=8044.54 Min=8.98 Avg=139.76 10=59.90 25=93.50 50=113.79 75=185.73 90=224.00 95=245.25 99=487.42 99.9=990.21 99.99=3041.28]
2025-04-19 12:16:12 25 sec: 56148 operations; [READ: Count=28070 Max=3995.65 Min=3.35 Avg=127.02 10=50.56 25=84.16 50=102.85 75=172.80 90=213.12 95=232.57 99=410.88 99.9=779.77 99.99=1324.03] [UPDATE: Count=28078 Max=8044.54 Min=8.98 Avg=138.98 10=59.97 25=93.95 50=113.98 75=183.55 90=223.87 95=244.35 99=457.21 99.9=951.81 99.99=2560.00]
2025-04-19 12:16:13 26 sec: 63889 operations; [READ: Count=31891 Max=3995.65 Min=3.35 Avg=126.43 10=50.49 25=84.42 50=102.97 75=170.62 90=212.86 95=232.19 99=400.13 99.9=761.34 99.99=1324.03] [UPDATE: Count=31998 Max=8044.54 Min=8.98 Avg=138.34 10=60.06 25=94.14 50=114.24 75=181.63 90=223.74 95=243.58 99=441.86 99.9=887.81 99.99=2568.19]
2025-04-19 12:16:14 27 sec: 70926 operations; [READ: Count=35364 Max=3995.65 Min=3.35 Avg=126.90 10=50.27 25=84.16 50=102.91 75=168.45 90=212.86 95=233.85 99=443.90 99.9=822.27 99.99=1324.03] [UPDATE: Count=35562 Max=8511.49 Min=8.98 Avg=139.53 10=59.94 25=94.02 50=114.30 75=179.20 90=224.00 95=246.27 99=490.50 99.9=978.94 99.99=3041.28]
2025-04-19 12:16:15 28 sec: 78261 operations; [READ: Count=39046 Max=3995.65 Min=3.35 Avg=126.63 10=50.05 25=84.03 50=102.85 75=166.40 90=212.48 95=233.22 99=459.77 99.9=838.65 99.99=1324.03] [UPDATE: Count=39215 Max=16957.44 Min=8.98 Avg=140.18 10=59.65 25=93.63 50=114.11 75=177.15 90=223.36 95=246.40 99=504.83 99.9=1027.07 99.99=5758.98]
2025-04-19 12:16:16 29 sec: 86492 operations; [READ: Count=43100 Max=3995.65 Min=3.35 Avg=125.62 10=49.95 25=84.03 50=102.85 75=164.09 90=211.71 95=230.78 99=440.57 99.9=828.41 99.99=1324.03] [UPDATE: Count=43392 Max=16957.44 Min=8.98 Avg=138.68 10=59.39 25=93.63 50=113.98 75=174.59 90=222.46 95=243.58 99=481.02 99.9=996.35 99.99=5758.98]
2025-04-19 12:16:17 30 sec: 94752 operations; [READ: Count=47243 Max=3995.65 Min=3.35 Avg=124.71 10=49.92 25=84.03 50=102.91 75=161.53 90=210.81 95=229.12 99=413.95 99.9=813.05 99.99=1105.92] [UPDATE: Count=47509 Max=16957.44 Min=8.98 Avg=137.45 10=59.30 25=93.63 50=113.98 75=171.65 90=221.57 95=241.41 99=461.31 99.9=951.81 99.99=3356.67]
2025-04-19 12:16:18 31 sec: 103192 operations; [READ: Count=51404 Max=3995.65 Min=3.35 Avg=123.73 10=49.82 25=83.90 50=102.78 75=158.97 90=210.05 95=227.58 99=397.06 99.9=803.84 99.99=1105.92] [UPDATE: Count=51788 Max=16957.44 Min=8.98 Avg=136.18 10=59.10 25=93.50 50=113.73 75=169.60 90=220.54 95=239.74 99=447.74 99.9=918.01 99.99=3356.67]
2025-04-19 12:16:19 32 sec: 110618 operations; [READ: Count=55092 Max=3995.65 Min=3.35 Avg=123.86 10=49.70 25=83.84 50=102.85 75=157.31 90=209.79 95=227.97 99=419.33 99.9=840.70 99.99=1123.33] [UPDATE: Count=55526 Max=16957.44 Min=8.98 Avg=136.51 10=59.01 25=93.50 50=113.86 75=168.45 90=220.41 95=240.25 99=461.31 99.9=975.87 99.99=3356.67]
2025-04-19 12:16:20 33 sec: 117779 operations; [READ: Count=58651 Max=3995.65 Min=3.35 Avg=124.33 10=49.57 25=83.45 50=102.97 75=156.29 90=209.53 95=228.09 99=454.14 99.9=913.92 99.99=1324.03] [UPDATE: Count=59128 Max=16957.44 Min=8.98 Avg=137.06 10=58.91 25=93.06 50=114.05 75=167.55 90=220.16 95=240.25 99=491.26 99.9=1059.84 99.99=8044.54]
2025-04-19 12:16:21 34 sec: 125994 operations; [READ: Count=62865 Max=3995.65 Min=3.35 Avg=123.73 10=49.57 25=83.26 50=103.30 75=155.65 90=209.15 95=227.20 99=435.97 99.9=910.34 99.99=1324.03] [UPDATE: Count=63129 Max=16957.44 Min=8.98 Avg=136.36 10=58.88 25=93.06 50=114.37 75=166.66 90=219.65 95=238.97 99=475.65 99.9=1041.41 99.99=8044.54]
2025-04-19 12:16:22 35 sec: 134139 operations; [READ: Count=66973 Max=3995.65 Min=3.35 Avg=123.31 10=49.53 25=83.20 50=103.68 75=155.39 90=208.77 95=226.69 99=414.46 99.9=898.56 99.99=1281.02] [UPDATE: Count=67166 Max=16957.44 Min=8.98 Avg=135.78 10=58.88 25=92.93 50=114.69 75=166.27 90=219.26 95=238.08 99=459.77 99.9=1030.14 99.99=5758.98]
2025-04-19 12:16:23 36 sec: 142177 operations; [READ: Count=71046 Max=3995.65 Min=3.35 Avg=122.81 10=49.41 25=83.07 50=103.94 75=154.75 90=208.38 95=226.05 99=406.27 99.9=888.32 99.99=1281.02] [UPDATE: Count=71131 Max=16957.44 Min=8.98 Avg=135.57 10=58.81 25=92.99 50=114.94 75=165.89 90=219.01 95=237.95 99=455.68 99.9=1048.58 99.99=5758.98]
2025-04-19 12:16:24 37 sec: 150019 operations; [READ: Count=75021 Max=3995.65 Min=2.90 Avg=122.49 10=49.18 25=82.75 50=104.06 75=154.24 90=208.00 95=225.66 99=406.27 99.9=910.85 99.99=1281.02] [UPDATE: Count=74998 Max=16957.44 Min=8.98 Avg=135.63 10=58.72 25=92.73 50=115.14 75=165.63 90=218.75 95=237.82 99=458.75 99.9=1120.26 99.99=3356.67]
2025-04-19 12:16:25 38 sec: 158129 operations; [READ: Count=79150 Max=3995.65 Min=2.90 Avg=122.15 10=49.02 25=82.30 50=104.25 75=153.73 90=207.49 95=224.90 99=405.50 99.9=928.77 99.99=1419.26] [UPDATE: Count=78979 Max=16957.44 Min=8.98 Avg=135.28 10=58.49 25=92.35 50=115.33 75=164.99 90=218.24 95=237.18 99=456.70 99.9=1159.17 99.99=3356.67]
2025-04-19 12:16:26 39 sec: 166568 operations; [READ: Count=83338 Max=3995.65 Min=2.90 Avg=121.63 10=48.77 25=81.79 50=104.13 75=152.96 90=206.72 95=224.13 99=402.18 99.9=948.22 99.99=1532.93] [UPDATE: Count=83230 Max=16957.44 Min=8.98 Avg=134.66 10=58.17 25=91.84 50=115.14 75=164.22 90=217.47 95=236.54 99=455.94 99.9=1207.30 99.99=3356.67]
2025-04-19 12:16:27 40 sec: 174879 operations; [READ: Count=87580 Max=3995.65 Min=2.90 Avg=121.12 10=48.58 25=81.53 50=104.32 75=152.83 90=206.21 95=223.49 99=385.79 99.9=931.84 99.99=1445.89] [UPDATE: Count=87299 Max=16957.44 Min=8.98 Avg=134.34 10=58.11 25=91.71 50=115.39 75=164.09 90=217.09 95=236.03 99=449.54 99.9=1207.30 99.99=3235.84]
2025-04-19 12:16:28 41 sec: 185776 operations; [READ: Count=92980 Max=3995.65 Min=2.90 Avg=118.83 10=48.35 25=72.89 50=103.36 75=150.91 90=204.54 95=222.21 99=370.69 99.9=928.77 99.99=1431.55] [UPDATE: Count=92796 Max=16957.44 Min=8.98 Avg=132.28 10=57.73 25=85.25 50=114.24 75=162.18 90=215.68 95=234.37 99=441.09 99.9=1220.61 99.99=4141.06]
2025-04-19 12:16:29 42 sec: 197051 operations; [READ: Count=98508 Max=4993.02 Min=2.90 Avg=116.74 10=48.09 25=65.98 50=102.53 75=149.12 90=203.01 95=220.80 99=361.73 99.9=926.21 99.99=1445.89] [UPDATE: Count=98543 Max=16957.44 Min=8.98 Avg=130.02 10=57.47 25=78.59 50=113.22 75=160.25 90=214.01 95=232.83 99=432.38 99.9=1181.69 99.99=3446.78]
2025-04-19 12:16:30 43 sec: 208479 operations; [READ: Count=104275 Max=4993.02 Min=2.90 Avg=114.86 10=47.68 25=63.01 50=101.63 75=147.33 90=201.34 95=219.65 99=357.63 99.9=943.62 99.99=1579.01] [UPDATE: Count=104204 Max=16957.44 Min=8.98 Avg=127.87 10=56.96 25=74.81 50=112.19 75=158.21 90=212.35 95=231.55 99=429.31 99.9=1207.30 99.99=3446.78]
2025-04-19 12:16:31 44 sec: 221443 operations; [READ: Count=110690 Max=4993.02 Min=2.83 Avg=112.35 10=46.21 25=60.64 50=100.16 75=145.15 90=199.29 95=218.24 99=346.11 99.9=951.29 99.99=1756.16] [UPDATE: Count=110753 Max=16957.44 Min=8.30 Avg=125.10 10=55.01 25=71.68 50=110.40 75=155.78 90=210.30 95=230.01 99=420.35 99.9=1207.30 99.99=4141.06]
2025-04-19 12:16:32 45 sec: 235205 operations; [READ: Count=117640 Max=4993.02 Min=2.83 Avg=109.64 10=45.05 25=58.75 50=98.69 75=142.85 90=196.99 95=216.83 99=319.23 99.9=943.62 99.99=1630.21] [UPDATE: Count=117565 Max=16957.44 Min=8.30 Avg=122.33 10=53.50 25=69.50 50=108.80 75=153.34 90=208.13 95=228.48 99=406.53 99.9=1163.26 99.99=3446.78]
2025-04-19 12:16:33 46 sec: 248661 operations; [READ: Count=124228 Max=4993.02 Min=2.63 Avg=107.45 10=44.22 25=57.50 50=97.47 75=140.54 90=194.69 95=215.55 99=303.10 99.9=931.33 99.99=1630.21] [UPDATE: Count=124433 Max=16957.44 Min=8.30 Avg=119.90 10=52.48 25=67.90 50=107.39 75=150.78 90=205.69 95=227.20 99=392.70 99.9=1127.42 99.99=3446.78]
2025-04-19 12:16:34 47 sec: 262372 operations; [READ: Count=131059 Max=4993.02 Min=2.56 Avg=105.33 10=43.52 25=56.32 50=96.25 75=137.98 90=192.13 95=214.27 99=294.40 99.9=928.77 99.99=1584.13] [UPDATE: Count=131313 Max=16957.44 Min=7.92 Avg=117.68 10=51.52 25=66.50 50=105.98 75=148.09 90=203.13 95=225.92 99=374.78 99.9=1123.33 99.99=3434.49]
2025-04-19 12:16:35 48 sec: 274291 operations; [READ: Count=137034 Max=4993.02 Min=2.56 Avg=104.04 10=43.13 25=56.00 50=95.74 75=135.68 90=189.69 95=213.38 99=287.74 99.9=936.96 99.99=1712.13] [UPDATE: Count=137257 Max=16957.44 Min=7.92 Avg=116.49 10=51.13 25=66.17 50=105.47 75=145.79 90=200.96 95=224.90 99=363.01 99.9=1161.21 99.99=3434.49]
2025-04-19 12:16:36 49 sec: 286218 operations; [READ: Count=143030 Max=4993.02 Min=2.56 Avg=102.86 10=42.69 25=55.77 50=95.17 75=132.86 90=187.26 95=212.48 99=283.65 99.9=956.93 99.99=1712.13] [UPDATE: Count=143188 Max=16957.44 Min=7.92 Avg=115.39 10=50.72 25=65.86 50=104.89 75=143.49 90=198.78 95=224.00 99=355.58 99.9=1211.39 99.99=4141.06]
2025-04-19 12:16:37 50 sec: 298881 operations; [READ: Count=149376 Max=4993.02 Min=2.56 Avg=101.54 10=42.14 25=55.55 50=94.66 75=129.53 90=184.06 95=211.46 99=278.27 99.9=948.22 99.99=1655.81] [UPDATE: Count=149505 Max=16957.44 Min=7.92 Avg=114.07 10=50.08 25=65.53 50=104.38 75=140.54 90=195.97 95=222.97 99=343.55 99.9=1190.91 99.99=3446.78]
2025-04-19 12:16:38 51 sec: 311664 operations; [READ: Count=155725 Max=4993.02 Min=2.56 Avg=100.29 10=41.15 25=55.36 50=94.08 75=125.89 90=181.12 95=210.43 99=272.89 99.9=933.89 99.99=1630.21] [UPDATE: Count=155939 Max=16957.44 Min=7.92 Avg=112.81 10=49.38 25=65.34 50=103.87 75=137.47 90=193.02 95=221.95 99=326.91 99.9=1161.21 99.99=3434.49]
2025-04-19 12:16:39 52 sec: 324498 operations; [READ: Count=162132 Max=4993.02 Min=2.56 Avg=99.16 10=39.90 25=55.20 50=93.57 75=122.62 90=178.30 95=209.41 99=270.33 99.9=929.79 99.99=1630.21] [UPDATE: Count=162366 Max=16957.44 Min=7.92 Avg=111.60 10=48.13 25=65.09 50=103.23 75=134.53 90=190.08 95=220.80 99=315.90 99.9=1144.83 99.99=3434.49]
2025-04-19 12:16:40 53 sec: 337085 operations; [READ: Count=168485 Max=4993.02 Min=2.56 Avg=98.15 10=37.66 25=55.07 50=93.12 75=120.13 90=175.62 95=208.38 99=267.77 99.9=929.79 99.99=1655.81] [UPDATE: Count=168600 Max=16957.44 Min=7.92 Avg=110.60 10=46.40 25=64.93 50=102.72 75=132.35 90=187.52 95=219.90 99=308.74 99.9=1138.69 99.99=3434.49]
2025-04-19 12:16:41 54 sec: 349579 operations; [READ: Count=174743 Max=4993.02 Min=2.56 Avg=97.17 10=25.57 25=54.94 50=92.54 75=118.08 90=173.06 95=207.49 99=265.73 99.9=929.79 99.99=1708.03] [UPDATE: Count=174836 Max=16957.44 Min=7.92 Avg=109.77 10=43.10 25=64.77 50=102.14 75=130.37 90=184.96 95=219.01 99=302.85 99.9=1181.69 99.99=3563.52]
2025-04-19 12:16:42 55 sec: 362699 operations; [READ: Count=181261 Max=4993.02 Min=2.56 Avg=96.17 10=20.96 25=54.81 50=91.90 75=116.48 90=170.62 95=206.59 99=263.42 99.9=926.21 99.99=1655.81] [UPDATE: Count=181438 Max=16957.44 Min=7.92 Avg=108.72 10=36.58 25=64.61 50=101.50 75=128.83 90=182.53 95=217.98 99=297.73 99.9=1159.17 99.99=3446.78]
2025-04-19 12:16:43 56 sec: 375707 operations; [READ: Count=187761 Max=4993.02 Min=2.56 Avg=95.27 10=18.67 25=54.72 50=91.39 75=115.33 90=168.32 95=205.57 99=261.76 99.9=914.94 99.99=1630.21] [UPDATE: Count=187946 Max=16957.44 Min=7.92 Avg=107.78 10=33.38 25=64.51 50=100.86 75=127.68 90=180.35 95=216.96 99=291.33 99.9=1123.33 99.99=3434.49]
2025-04-19 12:16:44 57 sec: 388843 operations; [READ: Count=194258 Max=4993.02 Min=2.56 Avg=94.40 10=17.28 25=54.62 50=90.75 75=114.43 90=166.27 95=204.41 99=260.10 99.9=912.38 99.99=1630.21] [UPDATE: Count=194585 Max=16957.44 Min=7.92 Avg=106.86 10=31.01 25=64.35 50=100.22 75=126.66 90=178.18 95=215.94 99=287.74 99.9=1096.70 99.99=3434.49]
2025-04-19 12:16:45 58 sec: 402835 operations; [READ: Count=201280 Max=4993.02 Min=2.56 Avg=93.37 10=16.22 25=54.30 50=89.79 75=113.47 90=164.09 95=203.26 99=258.81 99.9=909.31 99.99=1616.89] [UPDATE: Count=201555 Max=16957.44 Min=7.92 Avg=105.80 10=29.49 25=64.03 50=99.20 75=125.63 90=176.13 95=214.91 99=283.65 99.9=1085.44 99.99=3356.67]
2025-04-19 12:16:46 59 sec: 417058 operations; [READ: Count=208254 Max=4993.02 Min=2.56 Avg=92.37 10=15.49 25=53.98 50=88.64 75=112.58 90=162.18 95=202.37 99=256.77 99.9=904.70 99.99=1630.21] [UPDATE: Count=208804 Max=16957.44 Min=7.92 Avg=104.74 10=28.19 25=63.62 50=97.98 75=124.48 90=174.21 95=213.76 99=281.34 99.9=1093.63 99.99=3328.00]
2025-04-19 12:16:47 60 sec: 432386 operations; [READ: Count=215894 Max=4993.02 Min=2.56 Avg=91.20 10=14.70 25=53.44 50=87.23 75=111.61 90=160.13 95=201.09 99=255.36 99.9=892.41 99.99=1616.89] [UPDATE: Count=216492 Max=16957.44 Min=7.92 Avg=103.49 10=27.09 25=63.01 50=96.45 75=123.45 90=172.16 95=212.61 99=278.01 99.9=1079.30 99.99=3252.22]
2025-04-19 12:16:48 61 sec: 446732 operations; [READ: Count=222975 Max=4993.02 Min=2.56 Avg=90.31 10=14.22 25=53.18 50=86.08 75=111.04 90=158.46 95=199.94 99=253.95 99.9=882.69 99.99=1616.89] [UPDATE: Count=223757 Max=16957.44 Min=7.92 Avg=102.54 10=26.41 25=62.72 50=95.36 75=122.69 90=170.50 95=211.46 99=275.45 99.9=1062.91 99.99=3252.22]
2025-04-19 12:16:49 62 sec: 462699 operations; [READ: Count=230971 Max=4993.02 Min=2.54 Avg=89.14 10=13.62 25=52.58 50=84.35 75=110.14 90=156.93 95=198.53 99=252.54 99.9=873.98 99.99=1590.27] [UPDATE: Count=231728 Max=16957.44 Min=7.92 Avg=101.33 10=25.57 25=62.11 50=93.82 75=121.66 90=168.70 95=210.30 99=273.41 99.9=1048.58 99.99=3235.84]
2025-04-19 12:16:50 63 sec: 477118 operations; [READ: Count=238184 Max=4993.02 Min=2.54 Avg=88.33 10=13.27 25=52.35 50=83.01 75=109.63 90=155.52 95=197.50 99=251.13 99.9=862.21 99.99=1584.13] [UPDATE: Count=238934 Max=16957.44 Min=7.92 Avg=100.52 10=25.10 25=61.79 50=92.61 75=121.09 90=167.29 95=209.02 99=271.87 99.9=1044.99 99.99=3043.33]
2025-04-19 12:16:51 64 sec: 490813 operations; [READ: Count=245029 Max=4993.02 Min=2.54 Avg=87.70 10=13.02 25=52.29 50=81.60 75=109.31 90=154.37 95=196.22 99=250.11 99.9=856.58 99.99=1579.01] [UPDATE: Count=245784 Max=16957.44 Min=7.92 Avg=99.90 10=24.73 25=61.73 50=91.52 75=120.77 90=166.14 95=208.00 99=270.59 99.9=1043.97 99.99=3041.28]
2025-04-19 12:16:52 65 sec: 504571 operations; [READ: Count=251911 Max=4993.02 Min=2.54 Avg=87.10 10=12.79 25=52.22 50=79.94 75=109.06 90=153.47 95=195.07 99=248.83 99.9=842.75 99.99=1579.01] [UPDATE: Count=252660 Max=16957.44 Min=7.92 Avg=99.29 10=24.38 25=61.63 50=90.43 75=120.45 90=165.12 95=206.85 99=269.31 99.9=1027.07 99.99=3041.28]
2025-04-19 12:16:53 66 sec: 518263 operations; [READ: Count=258624 Max=4993.02 Min=2.54 Avg=86.55 10=12.62 25=52.16 50=77.82 75=108.80 90=152.57 95=193.92 99=247.94 99.9=838.14 99.99=1556.48] [UPDATE: Count=259639 Max=16957.44 Min=7.92 Avg=98.72 10=24.09 25=61.57 50=89.28 75=120.19 90=164.09 95=205.69 99=268.03 99.9=1016.32 99.99=3022.85]
2025-04-19 12:16:54 67 sec: 532312 operations; [READ: Count=265613 Max=4993.02 Min=2.54 Avg=85.97 10=12.41 25=52.06 50=75.39 75=108.61 90=151.68 95=192.51 99=246.66 99.9=834.56 99.99=1553.41] [UPDATE: Count=266699 Max=16957.44 Min=7.92 Avg=98.10 10=23.81 25=61.44 50=87.87 75=119.87 90=163.20 95=204.29 99=266.75 99.9=1001.47 99.99=3010.56]
2025-04-19 12:16:55 68 sec: 545819 operations; [READ: Count=272400 Max=4993.02 Min=2.54 Avg=85.48 10=12.27 25=52.00 50=73.34 75=108.48 90=150.91 95=191.23 99=245.50 99.9=832.51 99.99=1553.41] [UPDATE: Count=273419 Max=16957.44 Min=7.92 Avg=97.65 10=23.58 25=61.38 50=86.78 75=119.74 90=162.43 95=203.13 99=265.73 99.9=1000.45 99.99=3022.85]
2025-04-19 12:16:56 69 sec: 559481 operations; [READ: Count=279267 Max=4993.02 Min=2.54 Avg=85.00 10=12.13 25=51.97 50=71.87 75=108.35 90=150.14 95=189.82 99=244.35 99.9=823.29 99.99=1532.93] [UPDATE: Count=280214 Max=16957.44 Min=7.92 Avg=97.19 10=23.34 25=61.28 50=85.63 75=119.55 90=161.66 95=201.98 99=264.45 99.9=996.35 99.99=3010.56]
2025-04-19 12:16:57 70 sec: 575158 operations; [READ: Count=287116 Max=4993.02 Min=2.51 Avg=84.24 10=11.91 25=51.58 50=70.40 75=107.84 90=149.12 95=188.16 99=243.20 99.9=817.15 99.99=1511.42] [UPDATE: Count=288042 Max=16957.44 Min=7.92 Avg=96.42 10=22.99 25=60.83 50=84.22 75=119.04 90=160.64 95=200.45 99=263.42 99.9=991.23 99.99=3041.28]
2025-04-19 12:16:58 71 sec: 591661 operations; [READ: Count=295281 Max=4993.02 Min=2.51 Avg=83.44 10=11.70 25=51.17 50=69.06 75=107.26 90=148.09 95=186.24 99=241.79 99.9=809.98 99.99=1509.38] [UPDATE: Count=296380 Max=16957.44 Min=7.92 Avg=95.52 10=22.59 25=60.32 50=82.75 75=118.40 90=159.49 95=198.91 99=261.89 99.9=972.80 99.99=3022.85]
2025-04-19 12:16:59 72 sec: 607802 operations; [READ: Count=303420 Max=4993.02 Min=2.51 Avg=82.69 10=11.50 25=50.81 50=68.03 75=106.81 90=147.07 95=184.32 99=240.64 99.9=804.35 99.99=1509.38] [UPDATE: Count=304382 Max=16957.44 Min=7.92 Avg=94.76 10=22.30 25=59.94 50=81.66 75=117.82 90=158.46 95=197.25 99=260.86 99.9=961.02 99.99=3022.85]
2025-04-19 12:17:00 73 sec: 621550 operations; [READ: Count=310310 Max=4993.02 Min=2.51 Avg=82.30 10=11.43 25=50.72 50=67.58 75=106.75 90=146.43 95=182.66 99=239.62 99.9=798.72 99.99=1496.06] [UPDATE: Count=311240 Max=16957.44 Min=7.92 Avg=94.41 10=22.21 25=59.84 50=81.09 75=117.76 90=157.82 95=195.84 99=260.22 99.9=945.66 99.99=3010.56]
2025-04-19 12:17:01 74 sec: 636236 operations; [READ: Count=317632 Max=4993.02 Min=2.51 Avg=81.81 10=11.32 25=50.56 50=67.07 75=106.50 90=145.66 95=181.12 99=238.59 99.9=792.58 99.99=1490.94] [UPDATE: Count=318604 Max=16957.44 Min=7.92 Avg=93.92 10=22.03 25=59.58 50=80.32 75=117.57 90=157.06 95=194.30 99=259.07 99.9=942.08 99.99=3022.85]
2025-04-19 12:17:02 75 sec: 648770 operations; [READ: Count=323987 Max=4993.02 Min=2.51 Avg=81.50 10=11.26 25=50.49 50=66.81 75=106.50 90=145.15 95=179.71 99=237.69 99.9=785.41 99.99=1490.94] [UPDATE: Count=324783 Max=26099.71 Min=7.92 Avg=93.88 10=21.93 25=59.49 50=79.94 75=117.50 90=156.54 95=193.15 99=258.81 99.9=951.29 99.99=3252.22]
2025-04-19 12:17:03 76 sec: 663082 operations; [READ: Count=331089 Max=4993.02 Min=2.51 Avg=81.09 10=11.20 25=50.37 50=66.43 75=106.43 90=144.38 95=178.18 99=236.67 99.9=781.31 99.99=1487.87] [UPDATE: Count=331993 Max=26099.71 Min=7.92 Avg=93.47 10=21.82 25=59.39 50=79.42 75=117.38 90=155.90 95=191.74 99=258.18 99.9=937.47 99.99=3235.84]
2025-04-19 12:17:04 77 sec: 677047 operations; [READ: Count=338050 Max=4993.02 Min=2.51 Avg=80.73 10=11.13 25=50.27 50=66.17 75=106.37 90=143.74 95=176.77 99=235.90 99.9=775.68 99.99=1486.85] [UPDATE: Count=338997 Max=26099.71 Min=7.92 Avg=93.14 10=21.74 25=59.26 50=79.04 75=117.31 90=155.39 95=190.34 99=257.54 99.9=937.47 99.99=3043.33]
2025-04-19 12:17:05 78 sec: 691525 operations; [READ: Count=345323 Max=4993.02 Min=2.51 Avg=80.33 10=11.07 25=50.14 50=65.86 75=106.24 90=143.10 95=175.36 99=235.01 99.9=770.05 99.99=1463.30] [UPDATE: Count=346202 Max=26099.71 Min=7.92 Avg=92.75 10=21.63 25=59.10 50=78.53 75=117.18 90=154.62 95=189.06 99=257.02 99.9=934.40 99.99=3041.28]
2025-04-19 12:17:06 79 sec: 708468 operations; [READ: Count=353741 Max=4993.02 Min=2.09 Avg=79.68 10=10.92 25=49.76 50=65.31 75=105.79 90=142.34 95=173.69 99=234.11 99.9=761.86 99.99=1463.30] [UPDATE: Count=354727 Max=26099.71 Min=7.92 Avg=92.05 10=21.38 25=58.66 50=77.82 75=116.73 90=153.73 95=187.52 99=256.25 99.9=927.23 99.99=3041.28]
2025-04-19 12:17:07 80 sec: 725263 operations; [READ: Count=362072 Max=4993.02 Min=2.09 Avg=79.07 10=10.77 25=49.41 50=64.80 75=105.41 90=141.31 95=172.29 99=233.34 99.9=761.34 99.99=1486.85] [UPDATE: Count=363191 Max=26099.71 Min=7.92 Avg=91.40 10=21.10 25=58.21 50=77.25 75=116.29 90=152.83 95=185.85 99=255.49 99.9=922.11 99.99=3041.28]
2025-04-19 12:17:08 81 sec: 741750 operations; [READ: Count=370320 Max=4993.02 Min=2.09 Avg=78.51 10=10.63 25=49.09 50=64.38 75=105.09 90=140.41 95=170.75 99=232.32 99.9=756.74 99.99=1486.85] [UPDATE: Count=371430 Max=26099.71 Min=7.92 Avg=90.83 10=20.86 25=57.82 50=76.73 75=115.97 90=152.06 95=184.57 99=254.85 99.9=914.94 99.99=3043.33]
2025-04-19 12:17:09 82 sec: 760295 operations; [READ: Count=379686 Max=4993.02 Min=2.09 Avg=77.78 10=10.44 25=48.58 50=63.90 75=104.64 90=139.26 95=169.22 99=231.29 99.9=745.98 99.99=1471.49] [UPDATE: Count=380609 Max=26099.71 Min=7.92 Avg=90.03 10=20.53 25=57.18 50=76.09 75=115.39 90=150.91 95=183.04 99=254.08 99.9=904.19 99.99=3041.28]
2025-04-19 12:17:10 83 sec: 778810 operations; [READ: Count=388988 Max=4993.02 Min=2.09 Avg=77.08 10=10.26 25=48.06 50=63.33 75=104.19 90=138.11 95=167.81 99=230.66 99.9=741.38 99.99=1463.30] [UPDATE: Count=389822 Max=26099.71 Min=7.92 Avg=89.28 10=20.21 25=56.61 50=75.39 75=114.88 90=149.89 95=181.76 99=253.44 99.9=896.51 99.99=3010.56]
2025-04-19 12:17:11 84 sec: 798663 operations; [READ: Count=398793 Max=4993.02 Min=2.09 Avg=76.29 10=10.07 25=47.39 50=62.49 75=103.74 90=136.96 95=166.66 99=230.53 99.9=748.03 99.99=1455.10] [UPDATE: Count=399870 Max=26099.71 Min=7.77 Avg=88.39 10=19.84 25=55.71 50=74.24 75=114.43 90=148.86 95=180.48 99=253.18 99.9=896.51 99.99=3010.56]
2025-04-19 12:17:12 85 sec: 819835 operations; [READ: Count=409301 Max=4993.02 Min=2.09 Avg=75.41 10=9.87 25=46.72 50=61.70 75=103.36 90=135.42 95=165.25 99=229.50 99.9=736.25 99.99=1445.89] [UPDATE: Count=410534 Max=26099.71 Min=7.62 Avg=87.42 10=19.47 25=54.88 50=73.28 75=113.92 90=147.58 95=178.94 99=252.16 99.9=886.78 99.99=2998.27]
2025-04-19 12:17:13 86 sec: 835334 operations; [READ: Count=417012 Max=4993.02 Min=2.09 Avg=75.09 10=9.77 25=46.43 50=61.28 75=103.17 90=134.53 95=164.61 99=230.40 99.9=774.65 99.99=1486.85] [UPDATE: Count=418322 Max=26099.71 Min=7.48 Avg=87.08 10=19.30 25=54.53 50=72.64 75=113.66 90=146.81 95=178.43 99=253.69 99.9=919.04 99.99=2998.27]
2025-04-19 12:17:14 87 sec: 855661 operations; [READ: Count=427182 Max=4993.02 Min=2.09 Avg=74.36 10=9.62 25=45.95 50=60.67 75=102.78 90=133.12 95=163.33 99=229.63 99.9=766.98 99.99=1472.51] [UPDATE: Count=428479 Max=26099.71 Min=7.48 Avg=86.27 10=19.04 25=53.92 50=71.94 75=113.28 90=145.66 95=177.15 99=252.54 99.9=906.75 99.99=2918.40]
2025-04-19 12:17:15 88 sec: 872230 operations; [READ: Count=435500 Max=4993.02 Min=2.09 Avg=73.98 10=9.59 25=45.76 50=60.41 75=102.66 90=132.22 95=162.56 99=229.50 99.9=768.51 99.99=1471.49] [UPDATE: Count=436730 Max=26099.71 Min=7.48 Avg=85.86 10=19.01 25=53.70 50=71.55 75=113.02 90=144.90 95=176.25 99=252.54 99.9=900.10 99.99=2877.44]
2025-04-19 12:17:16 89 sec: 887960 operations; [READ: Count=443348 Max=4993.02 Min=2.09 Avg=73.69 10=9.57 25=45.57 50=60.22 75=102.46 90=131.46 95=161.92 99=229.63 99.9=777.73 99.99=1479.68] [UPDATE: Count=444612 Max=26099.71 Min=7.48 Avg=85.54 10=18.98 25=53.47 50=71.30 75=112.89 90=144.25 95=175.74 99=253.06 99.9=905.73 99.99=2877.44]
2025-04-19 12:17:17 90 sec: 904366 operations; [READ: Count=451557 Max=4993.02 Min=2.09 Avg=73.32 10=9.55 25=45.34 50=60.06 75=102.33 90=130.75 95=161.02 99=229.12 99.9=770.05 99.99=1472.51] [UPDATE: Count=452809 Max=26099.71 Min=7.48 Avg=85.20 10=18.96 25=53.28 50=71.10 75=112.70 90=143.62 95=174.85 99=252.54 99.9=899.58 99.99=2838.53]
2025-04-19 12:17:18 91 sec: 914540 operations; [READ: Count=456589 Max=4993.02 Min=2.09 Avg=73.51 10=9.57 25=45.18 50=60.00 75=102.27 90=130.56 95=161.02 99=230.66 99.9=834.56 99.99=1584.13] [UPDATE: Count=457951 Max=26673.15 Min=7.48 Avg=85.41 10=18.93 25=53.09 50=70.97 75=112.64 90=143.49 95=174.97 99=255.10 99.9=982.01 99.99=2918.40]
2025-04-19 12:17:19 92 sec: 928531 operations; [READ: Count=463627 Max=4993.02 Min=2.09 Avg=73.39 10=9.58 25=44.99 50=59.97 75=102.27 90=130.24 95=160.38 99=230.66 99.9=859.13 99.99=1694.72] [UPDATE: Count=464904 Max=26673.15 Min=7.48 Avg=85.26 10=18.93 25=52.83 50=70.91 75=112.64 90=143.10 95=174.34 99=255.36 99.9=1003.52 99.99=2918.40]
2025-04-19 12:17:20 93 sec: 943559 operations; [READ: Count=471186 Max=4993.02 Min=2.09 Avg=73.18 10=9.59 25=44.77 50=59.87 75=102.27 90=129.79 95=159.74 99=230.53 99.9=851.46 99.99=1689.60] [UPDATE: Count=472373 Max=26673.15 Min=7.48 Avg=85.04 10=18.88 25=52.58 50=70.72 75=112.64 90=142.72 95=173.82 99=255.62 99.9=1000.45 99.99=2877.44]
2025-04-19 12:17:21 94 sec: 956941 operations; [READ: Count=477846 Max=4993.02 Min=2.09 Avg=73.10 10=9.57 25=44.51 50=59.74 75=102.33 90=129.47 95=159.36 99=231.29 99.9=878.59 99.99=1689.60] [UPDATE: Count=479095 Max=26673.15 Min=7.32 Avg=84.97 10=18.80 25=52.29 50=70.59 75=112.64 90=142.34 95=173.57 99=256.89 99.9=1027.07 99.99=2838.53]
2025-04-19 12:17:22 95 sec: 973919 operations; [READ: Count=486291 Max=4993.02 Min=2.09 Avg=72.76 10=9.53 25=44.13 50=59.55 75=102.33 90=128.77 95=158.72 99=230.66 99.9=870.40 99.99=1683.45] [UPDATE: Count=487628 Max=26673.15 Min=7.32 Avg=84.58 10=18.64 25=51.87 50=70.33 75=112.58 90=141.57 95=172.80 99=256.13 99.9=1017.34 99.99=2676.74]
2025-04-19 12:17:23 96 sec: 989072 operations; [READ: Count=493973 Max=4993.02 Min=2.09 Avg=72.56 10=9.47 25=43.74 50=59.39 75=102.27 90=128.19 95=158.34 99=231.04 99.9=885.25 99.99=1694.72] [UPDATE: Count=495099 Max=26673.15 Min=7.21 Avg=84.38 10=18.48 25=51.49 50=70.14 75=112.51 90=141.06 95=172.41 99=256.64 99.9=1033.73 99.99=2703.36]
2025-04-19 12:17:24 97 sec: 1000000 operations; [READ: Count=499399 Max=4993.02 Min=1.93 Avg=72.65 10=9.42 25=43.45 50=59.30 75=102.27 90=127.94 95=158.21 99=232.19 99.9=944.64 99.99=1787.90] [UPDATE: Count=500601 Max=26673.15 Min=6.66 Avg=84.52 10=18.37 25=51.20 50=70.02 75=112.45 90=140.80 95=172.29 99=258.30 99.9=1095.68 99.99=3010.56]
2025-04-19 12:17:25 98 sec: 1000000 operations; [READ: Count=499399 Max=4993.02 Min=1.93 Avg=72.65 10=9.42 25=43.45 50=59.30 75=102.27 90=127.94 95=158.21 99=232.19 99.9=944.64 99.99=1787.90] [UPDATE: Count=500601 Max=26673.15 Min=6.66 Avg=84.52 10=18.37 25=51.20 50=70.02 75=112.45 90=140.80 95=172.29 99=258.30 99.9=1095.68 99.99=3010.56]
2025-04-19 12:17:26 99 sec: 1000000 operations; [READ: Count=499399 Max=4993.02 Min=1.93 Avg=72.65 10=9.42 25=43.45 50=59.30 75=102.27 90=127.94 95=158.21 99=232.19 99.9=944.64 99.99=1787.90] [UPDATE: Count=500601 Max=26673.15 Min=6.66 Avg=84.52 10=18.37 25=51.20 50=70.02 75=112.45 90=140.80 95=172.29 99=258.30 99.9=1095.68 99.99=3010.56]
2025-04-19 12:17:27 100 sec: 1000000 operations; [READ: Count=499399 Max=4993.02 Min=1.93 Avg=72.65 10=9.42 25=43.45 50=59.30 75=102.27 90=127.94 95=158.21 99=232.19 99.9=944.64 99.99=1787.90] [UPDATE: Count=500601 Max=26673.15 Min=6.66 Avg=84.52 10=18.37 25=51.20 50=70.02 75=112.45 90=140.80 95=172.29 99=258.30 99.9=1095.68 99.99=3010.56]
Run runtime(sec): 100.019
Run operations(ops): 1000000
Run throughput(ops/sec): 9998.11
