Running scope as unit: run-rfb7d5123a8dc457ca13cf1dcf468c9c8.scope
load file:/home/user/DataFiles/silesia_data/silesia.tar
2025-04-21 21:11:37 0 sec: 0 operations;
2025-04-21 21:11:38 1 sec: 0 operations;
2025-04-21 21:11:39 2 sec: 0 operations;
2025-04-21 21:11:40 3 sec: 0 operations;
2025-04-21 21:11:41 4 sec: 0 operations;
2025-04-21 21:11:42 5 sec: 0 operations;
2025-04-21 21:11:43 6 sec: 0 operations;
2025-04-21 21:11:44 7 sec: 0 operations;
2025-04-21 21:11:45 8 sec: 1956 operations; [READ: Count=1315 Max=1946.62 Min=7.57 Avg=60.07 10=20.82 25=26.48 50=36.64 75=68.16 90=122.05 95=138.37 99=338.43 99.9=802.82 99.99=1946.62] [UPDATE: Count=641 Max=1478.65 Min=9.98 Avg=42.51 10=17.73 25=22.22 50=28.77 75=41.25 90=69.44 95=96.89 99=185.73 99.9=868.86 99.99=1478.65]
2025-04-21 21:11:46 9 sec: 13653 operations; [READ: Count=9170 Max=8536.06 Min=3.91 Avg=95.95 10=22.00 25=28.77 50=40.06 75=91.84 90=132.48 95=180.61 99=952.32 99.9=4448.26 99.99=8265.73] [UPDATE: Count=4483 Max=9789.44 Min=9.98 Avg=47.46 10=20.03 25=25.25 50=34.34 75=49.31 90=68.54 95=85.31 99=129.92 99.9=1478.65 99.99=9789.44]
2025-04-21 21:11:47 10 sec: 21302 operations; [READ: Count=14278 Max=8536.06 Min=2.98 Avg=105.99 10=21.65 25=28.67 50=39.62 75=83.58 90=135.68 95=219.65 99=1736.70 99.9=4390.91 99.99=8265.73] [UPDATE: Count=7024 Max=32210.94 Min=9.52 Avg=81.77 10=18.66 25=24.08 50=33.31 75=48.03 90=68.35 95=85.50 99=148.86 99.9=16891.90 99.99=31571.97]
2025-04-21 21:11:48 11 sec: 27294 operations; [READ: Count=18264 Max=8536.06 Min=2.98 Avg=121.21 10=21.41 25=28.35 50=38.94 75=79.30 90=144.64 95=405.50 99=1799.17 99.9=4284.41 99.99=7925.76] [UPDATE: Count=9030 Max=32555.01 Min=8.27 Avg=96.10 10=17.70 25=23.04 50=32.22 75=46.27 90=66.11 95=83.33 99=150.27 99.9=20987.90 99.99=32210.94]
2025-04-21 21:11:49 12 sec: 36075 operations; [READ: Count=24138 Max=8536.06 Min=2.98 Avg=118.37 10=22.40 25=29.77 50=42.05 75=83.58 90=148.48 95=372.22 99=1736.70 99.9=4177.92 99.99=7925.76] [UPDATE: Count=11937 Max=39714.82 Min=8.27 Avg=101.79 10=18.46 25=24.03 50=33.38 75=47.55 90=67.84 95=84.29 99=152.83 99.9=21692.42 99.99=32555.01]
2025-04-21 21:11:50 13 sec: 40095 operations; [READ: Count=26803 Max=8536.06 Min=2.98 Avg=128.42 10=22.69 25=30.19 50=42.49 75=83.58 90=150.27 95=411.65 99=2049.02 99.9=4390.91 99.99=7925.76] [UPDATE: Count=13292 Max=41123.84 Min=8.27 Avg=122.37 10=18.29 25=23.73 50=33.05 75=47.17 90=67.71 95=84.54 99=161.79 99.9=26148.86 99.99=39714.82]
2025-04-21 21:11:51 14 sec: 46178 operations; [READ: Count=30877 Max=8536.06 Min=2.98 Avg=131.57 10=23.14 25=30.80 50=43.62 75=84.93 90=153.98 95=461.82 99=2051.07 99.9=4345.85 99.99=7925.76] [UPDATE: Count=15301 Max=41123.84 Min=8.27 Avg=130.67 10=18.27 25=23.76 50=32.99 75=46.85 90=67.58 95=84.67 99=170.37 99.9=25772.03 99.99=34930.69]
2025-04-21 21:11:52 15 sec: 61886 operations; [READ: Count=41385 Max=8536.06 Min=2.98 Avg=116.43 10=20.53 25=28.19 50=40.67 75=78.02 90=148.22 95=374.27 99=1737.73 99.9=4177.92 99.99=6848.51] [UPDATE: Count=20501 Max=41123.84 Min=8.17 Avg=108.60 10=15.23 25=20.21 50=29.02 75=42.98 90=62.75 95=79.81 99=165.12 99.9=21692.42 99.99=34930.69]
2025-04-21 21:11:53 16 sec: 79976 operations; [READ: Count=53450 Max=8536.06 Min=2.77 Avg=105.43 10=17.42 25=24.94 50=37.05 75=68.73 90=145.41 95=353.28 99=1483.78 99.9=4022.27 99.99=6389.76] [UPDATE: Count=26526 Max=41123.84 Min=6.78 Avg=90.23 10=12.79 25=16.77 50=24.85 75=38.56 90=57.63 95=74.56 99=157.95 99.9=19939.33 99.99=32555.01]
2025-04-21 21:11:54 17 sec: 96604 operations; [READ: Count=64448 Max=8536.06 Min=2.61 Avg=100.33 10=16.27 25=23.12 50=34.69 75=62.08 90=141.31 95=342.78 99=1432.58 99.9=3844.09 99.99=5730.30] [UPDATE: Count=32156 Max=41123.84 Min=6.78 Avg=79.25 10=11.96 25=15.24 50=22.35 75=35.20 90=54.02 95=70.66 99=145.66 99.9=18857.98 99.99=32555.01]
2025-04-21 21:11:55 18 sec: 119036 operations; [READ: Count=79358 Max=8536.06 Min=2.61 Avg=91.77 10=15.48 25=21.54 50=32.06 75=55.65 90=134.66 95=323.07 99=1256.45 99.9=3682.30 99.99=5337.09] [UPDATE: Count=39678 Max=41123.84 Min=6.73 Avg=68.35 10=11.49 25=14.25 50=20.27 75=32.13 90=50.46 95=66.56 99=131.46 99.9=16285.69 99.99=32210.94]
2025-04-21 21:11:56 19 sec: 141502 operations; [READ: Count=94339 Max=8536.06 Min=2.61 Avg=85.67 10=15.27 25=20.88 50=30.72 75=51.30 90=129.85 95=297.73 99=1139.71 99.9=3518.46 99.99=5144.57] [UPDATE: Count=47163 Max=41123.84 Min=6.70 Avg=61.34 10=11.38 25=13.99 50=19.42 75=30.08 90=47.58 95=63.42 99=125.38 99.9=14655.49 99.99=32014.33]
2025-04-21 21:11:57 20 sec: 167469 operations; [READ: Count=111578 Max=8536.06 Min=2.48 Avg=79.53 10=14.92 25=20.11 50=29.41 75=47.62 90=124.22 95=262.14 99=1047.04 99.9=3325.95 99.99=5033.98] [UPDATE: Count=55891 Max=41123.84 Min=6.70 Avg=55.10 10=11.16 25=13.58 50=18.53 75=28.37 90=45.38 95=60.83 99=120.45 99.9=11878.40 99.99=31981.57]
2025-04-21 21:11:58 21 sec: 189644 operations; [READ: Count=126381 Max=8536.06 Min=2.48 Avg=76.51 10=14.87 25=19.97 50=29.04 75=46.02 90=121.79 95=251.13 99=987.13 99.9=3164.16 99.99=4825.09] [UPDATE: Count=63263 Max=41123.84 Min=6.70 Avg=51.58 10=11.13 25=13.50 50=18.19 75=27.42 90=43.94 95=59.17 99=117.12 99.9=10616.83 99.99=31981.57]
2025-04-21 21:11:59 22 sec: 201260 operations; [READ: Count=134104 Max=8536.06 Min=2.48 Avg=78.20 10=14.89 25=20.02 50=29.17 75=46.43 90=123.07 95=273.92 99=1016.83 99.9=3078.14 99.99=4870.14] [UPDATE: Count=67156 Max=41123.84 Min=6.62 Avg=51.15 10=11.14 25=13.50 50=18.16 75=27.09 90=43.20 95=58.27 99=117.57 99.9=10616.83 99.99=31883.26]
2025-04-21 21:12:00 23 sec: 215072 operations; [READ: Count=143346 Max=8536.06 Min=2.48 Avg=79.00 10=14.92 25=20.14 50=29.49 75=47.74 90=125.38 95=285.95 99=1001.98 99.9=3037.18 99.99=4825.09] [UPDATE: Count=71726 Max=41123.84 Min=6.62 Avg=49.94 10=11.17 25=13.52 50=18.05 75=26.62 90=42.24 95=57.28 99=117.38 99.9=9428.99 99.99=31883.26]
2025-04-21 21:12:01 24 sec: 227352 operations; [READ: Count=151530 Max=8536.06 Min=2.48 Avg=80.35 10=14.94 25=20.25 50=29.74 75=49.15 90=128.77 95=304.89 99=994.82 99.9=2994.18 99.99=4730.88] [UPDATE: Count=75822 Max=41123.84 Min=6.52 Avg=49.08 10=11.18 25=13.50 50=17.92 75=26.18 90=41.50 95=56.45 99=118.66 99.9=8912.90 99.99=31571.97]
2025-04-21 21:12:02 25 sec: 239171 operations; [READ: Count=159383 Max=8536.06 Min=2.48 Avg=81.93 10=14.97 25=20.40 50=30.13 75=51.17 90=132.86 95=320.77 99=986.62 99.9=2895.87 99.99=4689.92] [UPDATE: Count=79788 Max=41123.84 Min=6.50 Avg=47.97 10=11.18 25=13.46 50=17.73 75=25.68 90=40.64 95=55.42 99=118.53 99.9=6782.98 99.99=31571.97]
2025-04-21 21:12:03 26 sec: 250983 operations; [READ: Count=167279 Max=8536.06 Min=2.48 Avg=83.34 10=15.01 25=20.57 50=30.59 75=53.73 90=136.96 95=328.96 99=976.38 99.9=2846.72 99.99=4665.34] [UPDATE: Count=83704 Max=41123.84 Min=6.50 Avg=46.98 10=11.18 25=13.42 50=17.58 75=25.26 90=39.90 95=54.66 99=118.53 99.9=6184.96 99.99=31571.97]
2025-04-21 21:12:04 27 sec: 261634 operations; [READ: Count=174376 Max=8536.06 Min=2.48 Avg=85.10 10=15.03 25=20.70 50=30.89 75=56.67 90=142.08 95=340.48 99=972.29 99.9=2785.28 99.99=4665.34] [UPDATE: Count=87258 Max=41123.84 Min=6.50 Avg=46.13 10=11.18 25=13.38 50=17.44 75=24.89 90=39.23 95=53.89 99=118.53 99.9=5853.18 99.99=30523.39]
2025-04-21 21:12:05 28 sec: 272760 operations; [READ: Count=181776 Max=8536.06 Min=2.48 Avg=86.40 10=15.04 25=20.82 50=31.18 75=60.00 90=145.28 95=344.57 99=977.92 99.9=2740.22 99.99=4628.48] [UPDATE: Count=90984 Max=41123.84 Min=6.50 Avg=45.58 10=11.19 25=13.38 50=17.34 75=24.54 90=38.66 95=53.15 99=117.12 99.9=5713.92 99.99=30523.39]
2025-04-21 21:12:06 29 sec: 285739 operations; [READ: Count=190376 Max=8536.06 Min=2.48 Avg=87.04 10=15.05 25=20.93 50=31.45 75=64.77 90=148.48 95=346.62 99=964.10 99.9=2703.36 99.99=4567.04] [UPDATE: Count=95363 Max=41123.84 Min=6.50 Avg=44.79 10=11.21 25=13.38 50=17.25 75=24.21 90=37.92 95=52.32 99=117.12 99.9=5632.00 99.99=29278.21]
2025-04-21 21:12:07 30 sec: 298351 operations; [READ: Count=198757 Max=8536.06 Min=2.48 Avg=87.83 10=15.07 25=21.02 50=31.68 75=71.55 90=152.83 95=351.23 99=954.88 99.9=2639.87 99.99=4558.85] [UPDATE: Count=99594 Max=41123.84 Min=6.50 Avg=43.90 10=11.23 25=13.40 50=17.20 75=23.92 90=37.25 95=51.62 99=116.73 99.9=5160.96 99.99=29278.21]
2025-04-21 21:12:08 31 sec: 312863 operations; [READ: Count=208407 Max=8536.06 Min=2.48 Avg=87.96 10=15.06 25=21.04 50=31.74 75=79.42 90=156.29 95=352.25 99=942.59 99.9=2598.91 99.99=4558.85] [UPDATE: Count=104456 Max=41123.84 Min=6.50 Avg=42.93 10=11.19 25=13.32 50=17.02 75=23.54 90=36.48 95=50.69 99=115.26 99.9=4972.54 99.99=29278.21]
2025-04-21 21:12:09 32 sec: 326438 operations; [READ: Count=217426 Max=8536.06 Min=2.45 Avg=88.24 10=15.02 25=20.96 50=31.65 75=83.01 90=160.38 95=355.33 99=938.50 99.9=2574.34 99.99=4542.46] [UPDATE: Count=109012 Max=41123.84 Min=6.50 Avg=42.37 10=11.15 25=13.21 50=16.82 75=23.18 90=35.87 95=49.98 99=115.71 99.9=4968.45 99.99=29016.06]
2025-04-21 21:12:10 33 sec: 340732 operations; [READ: Count=226960 Max=8536.06 Min=2.45 Avg=88.09 10=14.96 25=20.88 50=31.49 75=83.97 90=161.92 95=356.61 99=934.91 99.9=2543.61 99.99=4493.31] [UPDATE: Count=113772 Max=41123.84 Min=6.50 Avg=42.18 10=11.11 25=13.10 50=16.66 75=22.85 90=35.23 95=49.28 99=116.73 99.9=4923.39 99.99=29278.21]
2025-04-21 21:12:11 34 sec: 358066 operations; [READ: Count=238510 Max=8536.06 Min=2.45 Avg=87.52 10=14.89 25=20.67 50=31.39 75=87.55 90=161.41 95=352.25 99=920.06 99.9=2465.79 99.99=4489.22] [UPDATE: Count=119556 Max=41123.84 Min=6.50 Avg=41.02 10=10.94 25=12.87 50=16.34 75=22.38 90=34.49 95=48.38 99=114.56 99.9=4603.90 99.99=29016.06]
2025-04-21 21:12:12 35 sec: 376901 operations; [READ: Count=251059 Max=8536.06 Min=2.40 Avg=86.66 10=14.73 25=20.30 50=31.26 75=88.45 90=159.36 95=347.13 99=898.05 99.9=2408.45 99.99=4485.12] [UPDATE: Count=125842 Max=41123.84 Min=6.34 Avg=39.80 10=10.73 25=12.59 50=15.99 75=21.92 90=33.73 95=47.26 99=111.87 99.9=4268.03 99.99=28672.00]
2025-04-21 21:12:13 36 sec: 403093 operations; [READ: Count=268501 Max=8536.06 Min=2.40 Avg=84.27 10=14.41 25=19.66 50=30.94 75=86.97 90=149.89 95=334.33 99=874.50 99.9=2359.30 99.99=4448.26] [UPDATE: Count=134592 Max=41123.84 Min=6.34 Avg=38.05 10=10.46 25=12.21 50=15.50 75=21.30 90=32.66 95=45.89 99=107.14 99.9=3536.89 99.99=28672.00]
2025-04-21 21:12:14 37 sec: 431369 operations; [READ: Count=287299 Max=8536.06 Min=2.40 Avg=81.78 10=14.06 25=18.96 50=30.50 75=85.44 90=141.69 95=322.30 99=846.34 99.9=2301.95 99.99=4444.16] [UPDATE: Count=144070 Max=41123.84 Min=6.34 Avg=36.31 10=10.26 25=11.84 50=15.02 75=20.67 90=31.57 95=44.58 99=102.66 99.9=3297.28 99.99=26148.86]
2025-04-21 21:12:15 38 sec: 458307 operations; [READ: Count=305233 Max=8536.06 Min=2.40 Avg=79.85 10=13.78 25=18.37 50=29.93 75=84.22 90=136.70 95=313.34 99=821.25 99.9=2238.46 99.99=4423.68] [UPDATE: Count=153074 Max=41123.84 Min=6.34 Avg=34.86 10=10.13 25=11.54 50=14.63 75=20.16 90=30.61 95=43.33 99=98.43 99.9=3102.72 99.99=25919.49]
2025-04-21 21:12:16 39 sec: 489123 operations; [READ: Count=325785 Max=8536.06 Min=2.40 Avg=77.40 10=13.57 25=18.03 50=29.25 75=83.39 90=131.20 95=296.45 99=797.18 99.9=2179.07 99.99=4390.91] [UPDATE: Count=163338 Max=41123.84 Min=6.34 Avg=33.50 10=10.11 25=11.46 50=14.38 75=19.63 90=29.74 95=42.02 99=94.46 99.9=2879.49 99.99=25772.03]
2025-04-21 21:12:17 40 sec: 523406 operations; [READ: Count=348674 Max=8536.06 Min=2.25 Avg=74.69 10=13.31 25=17.70 50=28.35 75=82.24 90=126.27 95=276.22 99=770.05 99.9=2131.97 99.99=4308.99] [UPDATE: Count=174732 Max=41123.84 Min=6.34 Avg=32.16 10=10.07 25=11.36 50=14.13 75=19.10 90=28.80 95=40.67 99=91.33 99.9=2723.84 99.99=24313.85]
2025-04-21 21:12:18 41 sec: 561437 operations; [READ: Count=374142 Max=8536.06 Min=2.20 Avg=71.81 10=12.90 25=17.20 50=27.23 75=80.89 90=122.11 95=253.95 99=742.91 99.9=2066.43 99.99=4284.41] [UPDATE: Count=187295 Max=41123.84 Min=6.34 Avg=30.79 10=9.97 25=11.13 50=13.82 75=18.56 90=27.86 95=39.33 99=88.00 99.9=2570.24 99.99=23052.29]
2025-04-21 21:12:19 42 sec: 598113 operations; [READ: Count=398658 Max=8536.06 Min=2.20 Avg=69.49 10=12.50 25=16.83 50=26.09 75=79.68 90=119.23 95=236.54 99=719.36 99.9=2028.54 99.99=4206.59] [UPDATE: Count=199455 Max=41123.84 Min=6.33 Avg=29.62 10=9.90 25=10.97 50=13.57 75=18.08 90=27.07 95=38.17 99=85.12 99.9=2412.54 99.99=23003.13]
2025-04-21 21:12:20 43 sec: 636417 operations; [READ: Count=424221 Max=8536.06 Min=2.20 Avg=67.22 10=12.04 25=16.61 50=24.98 75=78.59 90=116.42 95=218.37 99=696.32 99.9=1953.79 99.99=4202.49] [UPDATE: Count=212196 Max=41123.84 Min=6.33 Avg=28.58 10=9.87 25=10.91 50=13.42 75=17.66 90=26.35 95=36.99 99=82.75 99.9=2250.75 99.99=22298.62]
2025-04-21 21:12:21 44 sec: 672677 operations; [READ: Count=448454 Max=8536.06 Min=2.20 Avg=65.46 10=11.52 25=16.33 50=23.86 75=77.38 90=114.24 95=207.36 99=684.03 99.9=1927.17 99.99=4177.92] [UPDATE: Count=224223 Max=41123.84 Min=6.33 Avg=27.68 10=9.81 25=10.80 50=13.23 75=17.31 90=25.70 95=36.00 99=80.38 99.9=2044.93 99.99=22216.70]
2025-04-21 21:12:22 45 sec: 717582 operations; [READ: Count=478422 Max=8536.06 Min=2.20 Avg=63.02 10=10.86 25=16.06 50=22.66 75=75.71 90=111.42 95=191.49 99=659.46 99.9=1868.80 99.99=4159.49] [UPDATE: Count=239160 Max=41123.84 Min=6.33 Avg=26.68 10=9.74 25=10.70 50=13.02 75=16.88 90=24.98 95=34.91 99=78.08 99.9=1844.22 99.99=21069.82]
2025-04-21 21:12:23 46 sec: 765432 operations; [READ: Count=510222 Max=8536.06 Min=2.20 Avg=60.62 10=10.21 25=15.83 50=21.61 75=73.60 90=108.61 95=177.66 99=634.88 99.9=1832.96 99.99=4122.62] [UPDATE: Count=255210 Max=41123.84 Min=6.33 Avg=25.73 10=9.69 25=10.62 50=12.82 75=16.48 90=24.29 95=33.82 99=75.84 99.9=1736.70 99.99=20742.14]
2025-04-21 21:12:24 47 sec: 814865 operations; [READ: Count=543221 Max=8536.06 Min=2.08 Avg=58.36 10=9.64 25=15.62 50=20.78 75=70.21 90=105.79 95=165.89 99=615.93 99.9=1788.93 99.99=4093.95] [UPDATE: Count=271644 Max=41123.84 Min=6.33 Avg=24.89 10=9.62 25=10.54 50=12.63 75=16.13 90=23.63 95=32.86 99=73.86 99.9=1636.35 99.99=20709.38]
2025-04-21 21:12:25 48 sec: 864848 operations; [READ: Count=576549 Max=8536.06 Min=2.08 Avg=56.33 10=9.20 25=15.43 50=20.14 75=57.34 90=103.23 95=155.90 99=599.04 99.9=1753.09 99.99=4022.27] [UPDATE: Count=288299 Max=41123.84 Min=6.26 Avg=24.12 10=9.56 25=10.47 50=12.46 75=15.81 90=23.02 95=31.92 99=72.13 99.9=1530.88 99.99=19939.33]
2025-04-21 21:12:26 49 sec: 909220 operations; [READ: Count=606105 Max=8536.06 Min=2.08 Avg=54.90 10=8.88 25=15.27 50=19.71 75=51.07 90=101.25 95=149.76 99=588.29 99.9=1713.15 99.99=3975.17] [UPDATE: Count=303115 Max=41123.84 Min=6.26 Avg=23.52 10=9.51 25=10.42 50=12.31 75=15.57 90=22.57 95=31.12 99=70.78 99.9=1433.60 99.99=19922.94]
2025-04-21 21:12:27 50 sec: 959553 operations; [READ: Count=639773 Max=8536.06 Min=2.08 Avg=53.20 10=8.62 25=15.14 50=19.38 75=46.69 90=99.01 95=142.72 99=572.41 99.9=1662.97 99.99=3952.64] [UPDATE: Count=319780 Max=41123.84 Min=6.26 Avg=22.93 10=9.46 25=10.38 50=12.17 75=15.35 90=22.06 95=30.38 99=69.63 99.9=1351.68 99.99=19496.96]
2025-04-21 21:12:28 51 sec: 1009604 operations; [READ: Count=673120 Max=8536.06 Min=2.08 Avg=51.70 10=8.41 25=15.03 50=19.10 75=43.77 90=97.02 95=137.22 99=557.05 99.9=1628.16 99.99=3897.34] [UPDATE: Count=336484 Max=41123.84 Min=6.26 Avg=22.39 10=9.41 25=10.34 50=12.05 75=15.16 90=21.60 95=29.74 99=68.16 99.9=1283.07 99.99=18857.98]
2025-04-21 21:12:29 52 sec: 1055174 operations; [READ: Count=703514 Max=8536.06 Min=2.08 Avg=50.58 10=8.26 25=14.94 50=18.93 75=41.70 90=95.55 95=134.01 99=545.79 99.9=1584.13 99.99=3844.09] [UPDATE: Count=351660 Max=41123.84 Min=6.26 Avg=21.95 10=9.38 25=10.32 50=11.97 75=15.02 90=21.23 95=29.17 99=67.20 99.9=1164.29 99.99=18661.38]
2025-04-21 21:12:30 53 sec: 1096325 operations; [READ: Count=730920 Max=8536.06 Min=2.08 Avg=49.79 10=8.15 25=14.85 50=18.80 75=40.22 90=94.46 95=131.84 99=538.62 99.9=1558.53 99.99=3807.23] [UPDATE: Count=365405 Max=41123.84 Min=6.26 Avg=21.59 10=9.35 25=10.30 50=11.89 75=14.91 90=20.93 95=28.67 99=66.43 99.9=1119.23 99.99=16891.90]
2025-04-21 21:12:31 54 sec: 1141057 operations; [READ: Count=760753 Max=8536.06 Min=2.08 Avg=48.86 10=8.04 25=14.76 50=18.67 75=38.94 90=93.38 95=129.22 99=527.87 99.9=1533.95 99.99=3760.13] [UPDATE: Count=380304 Max=41123.84 Min=6.26 Avg=21.24 10=9.31 25=10.29 50=11.83 75=14.80 90=20.59 95=28.18 99=65.86 99.9=1079.30 99.99=16891.90]
2025-04-21 21:12:32 55 sec: 1177502 operations; [READ: Count=784985 Max=8536.06 Min=2.08 Avg=48.39 10=7.97 25=14.69 50=18.57 75=38.02 90=92.61 95=127.74 99=522.50 99.9=1550.34 99.99=3751.93] [UPDATE: Count=392517 Max=41123.84 Min=6.26 Avg=20.99 10=9.29 25=10.27 50=11.78 75=14.73 90=20.35 95=27.81 99=65.38 99.9=1038.34 99.99=16842.75]
2025-04-21 21:12:33 56 sec: 1222695 operations; [READ: Count=815007 Max=8536.06 Min=1.97 Avg=47.58 10=7.89 25=14.61 50=18.50 75=36.96 90=91.71 95=125.76 99=510.46 99.9=1528.83 99.99=3723.26] [UPDATE: Count=407688 Max=41123.84 Min=6.26 Avg=20.66 10=9.26 25=10.26 50=11.73 75=14.64 90=20.08 95=27.38 99=64.58 99.9=991.23 99.99=16498.69]
2025-04-21 21:12:34 57 sec: 1268601 operations; [READ: Count=845620 Max=8536.06 Min=1.97 Avg=46.78 10=7.82 25=14.51 50=18.40 75=35.87 90=90.94 95=123.90 99=498.94 99.9=1500.16 99.99=3678.21] [UPDATE: Count=422981 Max=41123.84 Min=6.26 Avg=20.35 10=9.22 25=10.25 50=11.69 75=14.56 90=19.79 95=26.96 99=64.06 99.9=942.08 99.99=16285.69]
2025-04-21 21:12:35 58 sec: 1309965 operations; [READ: Count=873265 Max=8536.06 Min=1.97 Avg=46.22 10=7.75 25=14.41 50=18.32 75=34.94 90=90.37 95=122.81 99=492.29 99.9=1480.70 99.99=3627.01] [UPDATE: Count=436700 Max=41123.84 Min=6.26 Avg=20.10 10=9.20 25=10.23 50=11.65 75=14.49 90=19.57 95=26.66 99=63.81 99.9=901.63 99.99=15532.03]
2025-04-21 21:12:36 59 sec: 1354258 operations; [READ: Count=902706 Max=8536.06 Min=1.97 Avg=45.58 10=7.70 25=14.32 50=18.25 75=34.02 90=89.73 95=121.47 99=482.30 99.9=1459.20 99.99=3590.14] [UPDATE: Count=451552 Max=41123.84 Min=6.26 Avg=19.87 10=9.18 25=10.22 50=11.65 75=14.45 90=19.36 95=26.35 99=63.90 99.9=857.09 99.99=15532.03]
2025-04-21 21:12:37 60 sec: 1384709 operations; [READ: Count=922948 Max=8536.06 Min=1.88 Avg=45.49 10=7.70 25=14.27 50=18.25 75=33.66 90=89.66 95=121.41 99=483.33 99.9=1442.82 99.99=3584.00] [UPDATE: Count=461761 Max=41123.84 Min=6.26 Avg=19.72 10=9.15 25=10.21 50=11.63 75=14.42 90=19.21 95=26.14 99=64.03 99.9=835.58 99.99=15400.96]
2025-04-21 21:12:38 61 sec: 1414474 operations; [READ: Count=942680 Max=8536.06 Min=1.88 Avg=45.43 10=7.75 25=14.26 50=18.29 75=33.92 90=89.79 95=120.96 99=477.44 99.9=1429.50 99.99=3565.57] [UPDATE: Count=471794 Max=41123.84 Min=6.26 Avg=19.60 10=9.18 25=10.22 50=11.65 75=14.42 90=19.10 95=25.92 99=63.65 99.9=778.75 99.99=15310.85]
2025-04-21 21:12:39 62 sec: 1436469 operations; [READ: Count=957296 Max=8536.06 Min=1.88 Avg=45.65 10=7.79 25=14.29 50=18.34 75=34.53 90=90.30 95=121.53 99=475.39 99.9=1421.31 99.99=3563.52] [UPDATE: Count=479173 Max=41123.84 Min=6.26 Avg=19.51 10=9.19 25=10.24 50=11.67 75=14.42 90=19.02 95=25.76 99=63.33 99.9=769.02 99.99=15278.08]
2025-04-21 21:12:40 63 sec: 1451844 operations; [READ: Count=967577 Max=8536.06 Min=1.88 Avg=46.11 10=7.82 25=14.33 50=18.38 75=35.23 90=90.94 95=123.07 99=479.49 99.9=1416.19 99.99=3559.42] [UPDATE: Count=484267 Max=41123.84 Min=6.26 Avg=19.47 10=9.20 25=10.25 50=11.70 75=14.44 90=19.01 95=25.66 99=63.10 99.9=759.29 99.99=15278.08]
2025-04-21 21:12:41 64 sec: 1468218 operations; [READ: Count=978469 Max=8536.06 Min=1.88 Avg=46.52 10=7.84 25=14.36 50=18.43 75=36.22 90=91.58 95=125.38 99=479.49 99.9=1412.10 99.99=3528.70] [UPDATE: Count=489749 Max=41123.84 Min=6.26 Avg=19.42 10=9.21 25=10.26 50=11.71 75=14.46 90=18.98 95=25.57 99=62.85 99.9=750.08 99.99=14950.40]
2025-04-21 21:12:42 65 sec: 1478674 operations; [READ: Count=985411 Max=8536.06 Min=1.88 Avg=47.14 10=7.86 25=14.38 50=18.48 75=36.99 90=92.16 95=128.00 99=485.63 99.9=1440.77 99.99=3678.21] [UPDATE: Count=493263 Max=41123.84 Min=6.26 Avg=19.39 10=9.22 25=10.26 50=11.73 75=14.46 90=18.94 95=25.50 99=62.78 99.9=744.96 99.99=14950.40]
2025-04-21 21:12:43 66 sec: 1492114 operations; [READ: Count=994379 Max=8536.06 Min=1.88 Avg=47.64 10=7.87 25=14.41 50=18.53 75=38.17 90=92.99 95=131.84 99=486.91 99.9=1435.65 99.99=3678.21] [UPDATE: Count=497735 Max=41123.84 Min=6.26 Avg=19.35 10=9.23 25=10.27 50=11.74 75=14.47 90=18.91 95=25.42 99=62.75 99.9=733.18 99.99=14696.45]
2025-04-21 21:12:44 66 sec: 1500558 operations; [READ: Count=1000000 Max=8536.06 Min=1.88 Avg=48.02 10=7.89 25=14.43 50=18.56 75=38.88 90=93.57 95=134.78 99=490.24 99.9=1432.58 99.99=3678.21] [UPDATE: Count=500558 Max=41123.84 Min=6.26 Avg=19.35 10=9.24 25=10.27 50=11.76 75=14.49 90=18.93 95=25.38 99=62.75 99.9=731.65 99.99=14696.45]
Run runtime(sec): 66.8291
Run operations(ops): 1000000
Run throughput(ops/sec): 14963.5
