Running scope as unit: run-r434f8e0aa4cc417cb803d6ea79d557e5.scope
load file:/home/user/DataFiles/silesia_data/silesia.tar
2025-04-19 12:28:46 0 sec: 0 operations;
2025-04-19 12:28:47 1 sec: 0 operations;
2025-04-19 12:28:48 2 sec: 0 operations;
2025-04-19 12:28:49 3 sec: 0 operations;
2025-04-19 12:28:50 4 sec: 0 operations;
2025-04-19 12:28:51 5 sec: 0 operations;
2025-04-19 12:28:52 6 sec: 0 operations;
2025-04-19 12:28:53 7 sec: 0 operations;
2025-04-19 12:28:54 8 sec: 0 operations;
2025-04-19 12:28:55 9 sec: 0 operations;
2025-04-19 12:28:56 10 sec: 0 operations;
2025-04-19 12:28:57 11 sec: 0 operations;
2025-04-19 12:28:58 12 sec: 0 operations;
2025-04-19 12:28:59 13 sec: 0 operations;
2025-04-19 12:29:00 14 sec: 0 operations;
2025-04-19 12:29:01 15 sec: 0 operations;
2025-04-19 12:29:02 16 sec: 0 operations;
2025-04-19 12:29:03 17 sec: 0 operations;
2025-04-19 12:29:04 18 sec: 6733 operations; [READ: Count=4447 Max=1471.49 Min=4.27 Avg=123.56 10=54.98 25=91.65 50=107.33 75=146.69 90=184.45 95=213.50 99=292.10 99.9=966.14 99.99=1318.91] [UPDATE: Count=2286 Max=714.75 Min=10.18 Avg=19.62 10=14.19 25=15.70 50=17.90 75=21.07 90=24.88 95=28.06 99=40.16 99.9=105.60 99.99=714.75]
2025-04-19 12:29:05 19 sec: 18278 operations; [READ: Count=12160 Max=1810.43 Min=3.62 Avg=120.27 10=53.38 25=91.78 50=105.53 75=146.43 90=180.09 95=209.53 99=261.50 99.9=876.03 99.99=1471.49] [UPDATE: Count=6118 Max=757.25 Min=8.87 Avg=19.78 10=14.32 25=15.80 50=18.00 75=21.41 90=25.41 95=28.06 99=39.26 99.9=113.66 99.99=714.75]
2025-04-19 12:29:06 20 sec: 29597 operations; [READ: Count=19691 Max=1810.43 Min=3.62 Avg=120.64 10=53.31 25=91.84 50=105.60 75=146.69 90=180.74 95=210.18 99=288.77 99.9=881.15 99.99=1318.91] [UPDATE: Count=9906 Max=757.25 Min=8.87 Avg=19.90 10=14.41 25=15.93 50=18.16 75=21.61 90=25.63 95=28.32 99=39.58 99.9=108.80 99.99=714.75]
2025-04-19 12:29:07 21 sec: 40698 operations; [READ: Count=27065 Max=1810.43 Min=3.62 Avg=121.39 10=53.60 25=92.09 50=106.11 75=147.07 90=180.86 95=210.43 99=335.62 99.9=883.20 99.99=1371.13] [UPDATE: Count=13633 Max=757.25 Min=8.87 Avg=20.28 10=14.53 25=16.13 50=18.43 75=21.90 90=26.11 95=29.21 99=42.40 99.9=220.16 99.99=714.75]
2025-04-19 12:29:08 22 sec: 51085 operations; [READ: Count=33941 Max=11878.40 Min=3.62 Avg=123.79 10=53.57 25=92.16 50=106.75 75=147.71 90=182.01 95=212.48 99=460.03 99.9=988.16 99.99=3035.14] [UPDATE: Count=17144 Max=757.25 Min=8.87 Avg=20.37 10=14.53 25=16.14 50=18.46 75=21.95 90=26.30 95=29.49 99=43.33 99.9=338.69 99.99=695.81]
2025-04-19 12:29:09 23 sec: 62142 operations; [READ: Count=41297 Max=11878.40 Min=3.62 Avg=123.54 10=53.50 25=92.22 50=106.88 75=147.97 90=181.76 95=211.71 99=452.61 99.9=989.18 99.99=2042.88] [UPDATE: Count=20845 Max=11157.50 Min=8.87 Avg=21.02 10=14.58 25=16.22 50=18.54 75=22.06 90=26.41 95=29.60 99=43.55 99.9=338.69 99.99=757.25]
2025-04-19 12:29:10 24 sec: 73688 operations; [READ: Count=49020 Max=11878.40 Min=3.62 Avg=122.66 10=53.31 25=92.22 50=106.81 75=147.97 90=179.97 95=210.05 99=429.57 99.9=986.11 99.99=2042.88] [UPDATE: Count=24668 Max=11157.50 Min=8.75 Avg=20.95 10=14.62 25=16.29 50=18.61 75=22.13 90=26.43 95=29.66 99=42.88 99.9=320.77 99.99=757.25]
2025-04-19 12:29:11 25 sec: 85173 operations; [READ: Count=56677 Max=11878.40 Min=3.62 Avg=122.14 10=53.05 25=92.03 50=106.75 75=147.84 90=179.33 95=209.15 99=413.69 99.9=981.50 99.99=1887.23] [UPDATE: Count=28496 Max=11157.50 Min=8.75 Avg=20.92 10=14.56 25=16.22 50=18.56 75=22.06 90=26.35 95=29.61 99=42.85 99.9=344.57 99.99=757.25]
2025-04-19 12:29:12 26 sec: 96858 operations; [READ: Count=64438 Max=11878.40 Min=3.37 Avg=121.59 10=52.90 25=91.71 50=106.88 75=147.84 90=178.30 95=208.13 99=390.91 99.9=988.16 99.99=2164.74] [UPDATE: Count=32420 Max=11157.50 Min=7.92 Avg=20.75 10=14.43 25=16.14 50=18.46 75=21.97 90=26.19 95=29.44 99=42.40 99.9=344.57 99.99=757.25]
2025-04-19 12:29:13 27 sec: 108051 operations; [READ: Count=71908 Max=11878.40 Min=3.37 Avg=121.40 10=52.77 25=91.65 50=106.94 75=147.97 90=177.92 95=207.49 99=400.64 99.9=980.99 99.99=2042.88] [UPDATE: Count=36143 Max=11157.50 Min=7.50 Avg=21.25 10=14.41 25=16.14 50=18.50 75=22.03 90=26.25 95=29.55 99=43.20 99.9=377.60 99.99=1748.99]
2025-04-19 12:29:14 28 sec: 119239 operations; [READ: Count=79393 Max=11878.40 Min=3.30 Avg=121.00 10=52.67 25=91.45 50=107.07 75=147.84 90=176.90 95=206.46 99=391.94 99.9=969.73 99.99=1887.23] [UPDATE: Count=39846 Max=14540.80 Min=7.47 Avg=22.11 10=14.38 25=16.12 50=18.46 75=21.98 90=26.21 95=29.49 99=43.33 99.9=411.39 99.99=6381.57]
2025-04-19 12:29:15 29 sec: 130935 operations; [READ: Count=87147 Max=11878.40 Min=3.30 Avg=120.66 10=52.51 25=91.52 50=107.14 75=147.97 90=176.13 95=205.44 99=370.18 99.9=969.73 99.99=1887.23] [UPDATE: Count=43788 Max=14540.80 Min=7.47 Avg=21.96 10=14.41 25=16.18 50=18.51 75=22.02 90=26.25 95=29.47 99=43.17 99.9=407.30 99.99=6381.57]
2025-04-19 12:29:16 30 sec: 141830 operations; [READ: Count=94400 Max=11878.40 Min=3.30 Avg=120.98 10=52.38 25=91.45 50=107.20 75=148.09 90=175.62 95=204.80 99=376.06 99.9=1056.77 99.99=2930.69] [UPDATE: Count=47430 Max=14540.80 Min=7.47 Avg=22.02 10=14.45 25=16.21 50=18.54 75=22.08 90=26.37 95=29.55 99=43.33 99.9=427.01 99.99=4052.99]
2025-04-19 12:29:17 31 sec: 153564 operations; [READ: Count=102236 Max=11878.40 Min=3.30 Avg=120.60 10=52.26 25=91.45 50=107.14 75=147.97 90=174.85 95=203.90 99=356.10 99.9=1064.96 99.99=2813.95] [UPDATE: Count=51328 Max=14540.80 Min=7.47 Avg=21.90 10=14.48 25=16.24 50=18.57 75=22.09 90=26.35 95=29.50 99=43.04 99.9=416.51 99.99=4052.99]
2025-04-19 12:29:18 32 sec: 165047 operations; [READ: Count=109887 Max=11878.40 Min=3.30 Avg=120.49 10=52.16 25=91.45 50=107.20 75=148.09 90=174.59 95=203.65 99=356.61 99.9=1055.74 99.99=2813.95] [UPDATE: Count=55160 Max=14540.80 Min=7.47 Avg=21.81 10=14.49 25=16.26 50=18.61 75=22.13 90=26.37 95=29.52 99=43.04 99.9=410.62 99.99=2478.08]
2025-04-19 12:29:19 33 sec: 176256 operations; [READ: Count=117404 Max=11878.40 Min=3.30 Avg=120.42 10=52.09 25=91.45 50=107.52 75=148.35 90=174.34 95=203.26 99=348.16 99.9=1047.04 99.99=2695.17] [UPDATE: Count=58852 Max=14540.80 Min=7.47 Avg=21.99 10=14.49 25=16.29 50=18.64 75=22.19 90=26.48 95=29.68 99=43.30 99.9=402.94 99.99=4052.99]
2025-04-19 12:29:20 34 sec: 188108 operations; [READ: Count=125250 Max=11878.40 Min=3.30 Avg=120.12 10=52.00 25=91.52 50=107.71 75=148.61 90=174.08 95=202.62 99=322.30 99.9=1029.63 99.99=2695.17] [UPDATE: Count=62858 Max=14540.80 Min=7.47 Avg=21.90 10=14.50 25=16.28 50=18.66 75=22.19 90=26.46 95=29.68 99=43.07 99.9=395.26 99.99=4052.99]
2025-04-19 12:29:21 35 sec: 199931 operations; [READ: Count=133173 Max=11878.40 Min=3.26 Avg=119.78 10=51.87 25=91.45 50=107.78 75=148.61 90=173.57 95=202.11 99=305.66 99.9=1019.39 99.99=2695.17] [UPDATE: Count=66758 Max=14540.80 Min=7.47 Avg=21.84 10=14.51 25=16.30 50=18.69 75=22.24 90=26.48 95=29.70 99=43.01 99.9=377.60 99.99=2478.08]
2025-04-19 12:29:22 36 sec: 211430 operations; [READ: Count=140850 Max=12812.29 Min=3.26 Avg=119.66 10=51.68 25=91.39 50=107.84 75=148.74 90=173.18 95=201.73 99=296.70 99.9=1019.39 99.99=2813.95] [UPDATE: Count=70580 Max=14540.80 Min=7.47 Avg=21.88 10=14.51 25=16.32 50=18.70 75=22.27 90=26.53 95=29.77 99=43.07 99.9=383.23 99.99=3471.36]
2025-04-19 12:29:23 37 sec: 223022 operations; [READ: Count=148558 Max=12812.29 Min=3.26 Avg=119.20 10=51.36 25=90.75 50=107.71 75=148.48 90=172.16 95=201.09 99=294.14 99.9=1042.94 99.99=2875.39] [UPDATE: Count=74464 Max=17268.74 Min=7.30 Avg=22.58 10=14.36 25=16.21 50=18.64 75=22.21 90=26.51 95=29.77 99=43.84 99.9=432.64 99.99=8593.41]
2025-04-19 12:29:24 38 sec: 234700 operations; [READ: Count=156344 Max=12812.29 Min=3.26 Avg=118.89 10=51.13 25=90.56 50=107.71 75=148.35 90=171.78 95=200.45 99=288.77 99.9=1035.78 99.99=2813.95] [UPDATE: Count=78356 Max=17268.74 Min=7.30 Avg=22.85 10=14.34 25=16.21 50=18.64 75=22.21 90=26.51 95=29.77 99=44.54 99.9=484.10 99.99=8593.41]
2025-04-19 12:29:25 39 sec: 246867 operations; [READ: Count=164461 Max=12812.29 Min=3.26 Avg=118.49 10=50.94 25=90.50 50=107.71 75=148.35 90=171.13 95=199.94 99=280.32 99.9=1016.83 99.99=2875.39] [UPDATE: Count=82406 Max=17268.74 Min=7.30 Avg=22.82 10=14.34 25=16.22 50=18.64 75=22.21 90=26.50 95=29.76 99=45.09 99.9=485.63 99.99=8593.41]
2025-04-19 12:29:26 40 sec: 258951 operations; [READ: Count=172467 Max=12812.29 Min=3.26 Avg=118.15 10=50.72 25=90.50 50=107.71 75=148.48 90=170.75 95=199.42 99=276.74 99.9=1006.08 99.99=2813.95] [UPDATE: Count=86484 Max=17268.74 Min=7.30 Avg=22.88 10=14.36 25=16.25 50=18.69 75=22.25 90=26.53 95=29.84 99=45.41 99.9=517.89 99.99=6381.57]
2025-04-19 12:29:27 41 sec: 270820 operations; [READ: Count=180389 Max=12812.29 Min=3.26 Avg=117.82 10=50.49 25=90.43 50=107.71 75=148.48 90=170.37 95=198.91 99=272.89 99.9=999.42 99.99=2695.17] [UPDATE: Count=90431 Max=17268.74 Min=7.30 Avg=23.13 10=14.36 25=16.27 50=18.70 75=22.30 90=26.57 95=29.92 99=46.14 99.9=578.56 99.99=6381.57]
2025-04-19 12:29:28 42 sec: 284337 operations; [READ: Count=189358 Max=12812.29 Min=3.03 Avg=116.60 10=49.66 25=88.77 50=106.81 75=147.97 90=169.34 95=197.76 99=270.85 99.9=1012.22 99.99=2813.95] [UPDATE: Count=94979 Max=17268.74 Min=7.30 Avg=23.74 10=14.18 25=16.15 50=18.64 75=22.22 90=26.56 95=29.97 99=48.06 99.9=775.68 99.99=7213.06]
2025-04-19 12:29:29 43 sec: 304016 operations; [READ: Count=202420 Max=12812.29 Min=2.78 Avg=113.44 10=47.52 25=82.37 50=104.77 75=146.43 90=166.91 95=195.97 99=266.50 99.9=1012.22 99.99=2787.33] [UPDATE: Count=101596 Max=17268.74 Min=6.77 Avg=23.20 10=13.62 25=15.83 50=18.40 75=21.98 90=26.32 95=29.70 99=46.69 99.9=714.75 99.99=6381.57]
2025-04-19 12:29:30 44 sec: 320946 operations; [READ: Count=213733 Max=12812.29 Min=2.78 Avg=111.50 10=47.20 25=69.63 50=104.00 75=145.15 90=165.50 95=194.43 99=262.65 99.9=1005.05 99.99=2787.33] [UPDATE: Count=107213 Max=17268.74 Min=6.77 Avg=23.08 10=13.56 25=15.74 50=18.32 75=21.90 90=26.24 95=29.60 99=46.30 99.9=710.65 99.99=6381.57]
2025-04-19 12:29:31 45 sec: 338684 operations; [READ: Count=225539 Max=12812.29 Min=2.78 Avg=109.54 10=46.91 25=64.51 50=103.23 75=143.87 90=163.97 95=192.77 99=258.94 99.9=995.33 99.99=2678.78] [UPDATE: Count=113145 Max=17268.74 Min=6.77 Avg=22.83 10=13.49 25=15.65 50=18.24 75=21.81 90=26.11 95=29.44 99=45.85 99.9=670.72 99.99=6381.57]
2025-04-19 12:29:32 46 sec: 356648 operations; [READ: Count=237514 Max=12812.29 Min=2.78 Avg=107.70 10=46.62 25=62.14 50=102.46 75=142.46 90=162.69 95=190.97 99=255.23 99.9=980.99 99.99=2613.25] [UPDATE: Count=119134 Max=17268.74 Min=6.77 Avg=22.61 10=13.46 25=15.58 50=18.16 75=21.73 90=26.00 95=29.30 99=45.28 99.9=648.70 99.99=5812.22]
2025-04-19 12:29:33 47 sec: 374732 operations; [READ: Count=249523 Max=12812.29 Min=2.78 Avg=105.99 10=46.24 25=60.70 50=101.76 75=140.93 90=161.66 95=189.31 99=251.39 99.9=969.22 99.99=2607.10] [UPDATE: Count=125209 Max=17268.74 Min=6.77 Avg=22.45 10=13.43 25=15.52 50=18.09 75=21.66 90=25.92 95=29.20 99=44.86 99.9=633.34 99.99=5517.31]
2025-04-19 12:29:34 48 sec: 392577 operations; [READ: Count=261444 Max=12812.29 Min=2.78 Avg=104.51 10=45.85 25=59.84 50=101.12 75=139.39 90=160.64 95=187.78 99=248.32 99.9=966.14 99.99=2607.10] [UPDATE: Count=131133 Max=17268.74 Min=6.77 Avg=22.25 10=13.38 25=15.45 50=18.03 75=21.57 90=25.81 95=29.05 99=44.22 99.9=625.15 99.99=5517.31]
2025-04-19 12:29:35 49 sec: 412069 operations; [READ: Count=274435 Max=12812.29 Min=2.64 Avg=102.74 10=44.96 25=58.75 50=100.22 75=137.34 90=159.62 95=185.85 99=245.38 99.9=955.39 99.99=2590.72] [UPDATE: Count=137634 Max=17268.74 Min=6.77 Avg=22.02 10=13.22 25=15.32 50=17.92 75=21.44 90=25.68 95=28.89 99=43.74 99.9=616.45 99.99=4493.31]
2025-04-19 12:29:36 50 sec: 430835 operations; [READ: Count=286950 Max=12812.29 Min=2.64 Avg=101.30 10=44.35 25=58.05 50=99.58 75=135.04 90=158.85 95=183.94 99=242.94 99.9=940.03 99.99=2562.05] [UPDATE: Count=143885 Max=17268.74 Min=6.77 Avg=21.83 10=13.20 25=15.26 50=17.86 75=21.36 90=25.58 95=28.80 99=43.26 99.9=596.48 99.99=4493.31]
2025-04-19 12:29:37 51 sec: 449529 operations; [READ: Count=299386 Max=12812.29 Min=2.64 Avg=99.99 10=43.68 25=57.53 50=99.07 75=132.35 90=158.08 95=182.01 99=240.38 99.9=923.65 99.99=2514.94] [UPDATE: Count=150143 Max=17268.74 Min=6.77 Avg=21.70 10=13.18 25=15.21 50=17.81 75=21.30 90=25.50 95=28.69 99=42.98 99.9=592.38 99.99=4304.90]
2025-04-19 12:29:38 52 sec: 469986 operations; [READ: Count=313055 Max=12812.29 Min=2.64 Avg=98.42 10=42.30 25=56.77 50=98.05 75=128.45 90=157.18 95=179.84 99=238.21 99.9=904.70 99.99=2465.79] [UPDATE: Count=156931 Max=17268.74 Min=6.77 Avg=21.47 10=12.96 25=15.05 50=17.68 75=21.17 90=25.38 95=28.54 99=42.59 99.9=581.12 99.99=4247.55]
2025-04-19 12:29:39 53 sec: 491028 operations; [READ: Count=327110 Max=12812.29 Min=2.64 Avg=96.85 10=40.41 25=55.97 50=96.89 75=124.16 90=156.29 95=177.53 99=236.03 99.9=889.34 99.99=2357.25] [UPDATE: Count=163918 Max=17268.74 Min=6.77 Avg=21.26 10=12.72 25=14.86 50=17.54 75=21.01 90=25.23 95=28.37 99=41.92 99.9=566.27 99.99=4304.90]
2025-04-19 12:29:40 54 sec: 510328 operations; [READ: Count=339923 Max=12812.29 Min=2.64 Avg=95.74 10=36.93 25=55.62 50=96.19 75=121.09 90=155.65 95=175.62 99=234.62 99.9=879.62 99.99=2281.47] [UPDATE: Count=170405 Max=17268.74 Min=6.77 Avg=21.15 10=12.66 25=14.80 50=17.47 75=20.94 90=25.15 95=28.27 99=41.63 99.9=568.32 99.99=4247.55]
2025-04-19 12:29:41 55 sec: 529569 operations; [READ: Count=352727 Max=12812.29 Min=2.64 Avg=94.73 10=24.24 25=55.36 50=95.74 75=118.72 90=155.01 95=173.82 99=233.34 99.9=870.40 99.99=2234.37] [UPDATE: Count=176842 Max=17268.74 Min=6.77 Avg=21.03 10=12.66 25=14.78 50=17.42 75=20.89 90=25.07 95=28.19 99=41.41 99.9=558.59 99.99=4052.99]
2025-04-19 12:29:42 56 sec: 547273 operations; [READ: Count=364571 Max=16211.97 Min=2.64 Avg=94.03 10=20.73 25=55.13 50=95.23 75=117.18 90=154.37 95=172.41 99=232.19 99.9=869.89 99.99=2562.05] [UPDATE: Count=182702 Max=17268.74 Min=6.77 Avg=21.01 10=12.66 25=14.75 50=17.38 75=20.85 90=24.99 95=28.11 99=41.22 99.9=559.62 99.99=4247.55]
2025-04-19 12:29:43 57 sec: 566356 operations; [READ: Count=377290 Max=16211.97 Min=2.64 Avg=93.14 10=18.53 25=54.94 50=94.72 75=115.84 90=153.85 95=170.88 99=230.78 99.9=859.13 99.99=2465.79] [UPDATE: Count=189066 Max=17268.74 Min=6.77 Avg=20.95 10=12.65 25=14.72 50=17.34 75=20.80 90=24.93 95=28.02 99=41.02 99.9=563.71 99.99=4247.55]
2025-04-19 12:29:44 58 sec: 584572 operations; [READ: Count=389479 Max=16211.97 Min=2.64 Avg=92.43 10=17.12 25=54.81 50=94.33 75=115.07 90=153.34 95=169.60 99=229.50 99.9=851.97 99.99=2430.97] [UPDATE: Count=195093 Max=17268.74 Min=6.77 Avg=20.94 10=12.65 25=14.72 50=17.33 75=20.78 90=24.89 95=27.98 99=40.93 99.9=561.15 99.99=4247.55]
2025-04-19 12:29:45 59 sec: 603069 operations; [READ: Count=401868 Max=16211.97 Min=2.64 Avg=91.74 10=16.09 25=54.75 50=93.82 75=114.50 90=152.83 95=168.57 99=228.35 99.9=839.17 99.99=2416.64] [UPDATE: Count=201201 Max=17268.74 Min=6.77 Avg=20.89 10=12.66 25=14.73 50=17.33 75=20.78 90=24.89 95=27.97 99=40.80 99.9=556.54 99.99=4247.55]
2025-04-19 12:29:46 60 sec: 622126 operations; [READ: Count=414570 Max=16211.97 Min=2.64 Avg=91.02 10=15.23 25=54.66 50=93.31 75=113.92 90=152.32 95=167.55 99=227.33 99.9=833.53 99.99=2357.25] [UPDATE: Count=207556 Max=17268.74 Min=6.77 Avg=20.81 10=12.66 25=14.72 50=17.33 75=20.77 90=24.88 95=27.92 99=40.67 99.9=545.79 99.99=4052.99]
2025-04-19 12:29:47 61 sec: 641285 operations; [READ: Count=427346 Max=16211.97 Min=2.64 Avg=90.33 10=14.45 25=54.53 50=92.80 75=113.41 90=151.81 95=166.66 99=226.18 99.9=831.49 99.99=2238.46] [UPDATE: Count=213939 Max=17268.74 Min=6.77 Avg=20.72 10=12.66 25=14.70 50=17.30 75=20.75 90=24.85 95=27.89 99=40.45 99.9=536.58 99.99=4052.99]
2025-04-19 12:29:48 62 sec: 660245 operations; [READ: Count=440020 Max=16211.97 Min=2.64 Avg=89.69 10=13.89 25=54.43 50=92.22 75=113.02 90=151.42 95=165.89 99=225.02 99.9=821.76 99.99=2234.37] [UPDATE: Count=220225 Max=17268.74 Min=6.77 Avg=20.67 10=12.66 25=14.70 50=17.30 75=20.73 90=24.83 95=27.87 99=40.29 99.9=521.98 99.99=3694.59]
2025-04-19 12:29:49 63 sec: 679132 operations; [READ: Count=452617 Max=16211.97 Min=2.64 Avg=89.10 10=13.43 25=54.37 50=91.65 75=112.70 90=151.04 95=165.12 99=224.00 99.9=815.10 99.99=2209.79] [UPDATE: Count=226515 Max=17268.74 Min=6.77 Avg=20.63 10=12.66 25=14.70 50=17.30 75=20.73 90=24.80 95=27.84 99=40.29 99.9=526.34 99.99=3565.57]
2025-04-19 12:29:50 64 sec: 698286 operations; [READ: Count=465384 Max=16211.97 Min=2.64 Avg=88.52 10=13.04 25=54.27 50=91.01 75=112.38 90=150.53 95=164.48 99=222.97 99.9=809.47 99.99=2082.82] [UPDATE: Count=232902 Max=17268.74 Min=6.77 Avg=20.57 10=12.66 25=14.70 50=17.28 75=20.72 90=24.78 95=27.81 99=40.06 99.9=521.22 99.99=3565.57]
2025-04-19 12:29:51 65 sec: 717906 operations; [READ: Count=478502 Max=16211.97 Min=2.64 Avg=87.90 10=12.65 25=54.17 50=90.30 75=112.06 90=150.01 95=163.84 99=221.95 99.9=798.21 99.99=2066.43] [UPDATE: Count=239404 Max=17268.74 Min=6.77 Avg=20.50 10=12.65 25=14.69 50=17.26 75=20.69 90=24.75 95=27.76 99=39.90 99.9=510.46 99.99=3485.70]
2025-04-19 12:29:52 66 sec: 737346 operations; [READ: Count=491415 Max=16211.97 Min=2.64 Avg=87.34 10=12.31 25=54.05 50=89.47 75=111.68 90=149.63 95=163.20 99=221.06 99.9=796.67 99.99=2234.37] [UPDATE: Count=245931 Max=17268.74 Min=6.77 Avg=20.47 10=12.65 25=14.67 50=17.25 75=20.66 90=24.70 95=27.71 99=39.81 99.9=510.46 99.99=3471.36]
2025-04-19 12:29:53 67 sec: 755142 operations; [READ: Count=503335 Max=20135.94 Min=2.56 Avg=86.94 10=12.13 25=53.76 50=88.38 75=111.23 90=149.12 95=162.69 99=220.41 99.9=798.21 99.99=2514.94] [UPDATE: Count=251807 Max=17268.74 Min=6.77 Avg=20.51 10=12.55 25=14.59 50=17.18 75=20.59 90=24.64 95=27.65 99=39.74 99.9=521.22 99.99=4052.99]
2025-04-19 12:29:54 68 sec: 774640 operations; [READ: Count=516345 Max=20135.94 Min=2.56 Avg=86.42 10=11.96 25=53.53 50=87.30 75=110.91 90=148.74 95=162.18 99=219.65 99.9=797.70 99.99=2613.25] [UPDATE: Count=258295 Max=17268.74 Min=6.77 Avg=20.49 10=12.49 25=14.54 50=17.14 75=20.54 90=24.59 95=27.60 99=39.71 99.9=521.47 99.99=4057.09]
2025-04-19 12:29:55 69 sec: 794227 operations; [READ: Count=529401 Max=20135.94 Min=2.56 Avg=85.90 10=11.74 25=53.44 50=86.08 75=110.72 90=148.22 95=161.66 99=218.75 99.9=794.11 99.99=2607.10] [UPDATE: Count=264826 Max=17268.74 Min=6.77 Avg=20.46 10=12.49 25=14.54 50=17.14 75=20.54 90=24.57 95=27.58 99=39.65 99.9=513.53 99.99=4057.09]
2025-04-19 12:29:56 70 sec: 813813 operations; [READ: Count=542455 Max=20135.94 Min=2.56 Avg=85.42 10=11.55 25=53.34 50=84.86 75=110.59 90=147.84 95=161.28 99=217.73 99.9=787.46 99.99=2607.10] [UPDATE: Count=271358 Max=17268.74 Min=6.77 Avg=20.41 10=12.49 25=14.54 50=17.14 75=20.54 90=24.57 95=27.57 99=39.58 99.9=508.67 99.99=3913.73]
2025-04-19 12:29:57 71 sec: 833125 operations; [READ: Count=555375 Max=20135.94 Min=2.56 Avg=84.98 10=11.37 25=53.25 50=83.20 75=110.40 90=147.46 95=160.90 99=216.96 99.9=783.36 99.99=2607.10] [UPDATE: Count=277750 Max=17268.74 Min=6.77 Avg=20.39 10=12.49 25=14.53 50=17.12 75=20.53 90=24.57 95=27.57 99=39.55 99.9=501.76 99.99=3913.73]
2025-04-19 12:29:58 72 sec: 853462 operations; [READ: Count=568887 Max=20135.94 Min=2.56 Avg=84.48 10=11.20 25=53.12 50=80.83 75=110.14 90=147.07 95=160.51 99=216.19 99.9=772.10 99.99=2607.10] [UPDATE: Count=284575 Max=17268.74 Min=6.77 Avg=20.33 10=12.48 25=14.52 50=17.10 75=20.51 90=24.54 95=27.54 99=39.45 99.9=496.13 99.99=3913.73]
2025-04-19 12:29:59 73 sec: 872764 operations; [READ: Count=581717 Max=20135.94 Min=2.56 Avg=84.08 10=11.07 25=53.02 50=77.82 75=110.02 90=146.56 95=160.13 99=215.42 99.9=768.51 99.99=2613.25] [UPDATE: Count=291047 Max=17268.74 Min=6.77 Avg=20.33 10=12.47 25=14.52 50=17.10 75=20.51 90=24.53 95=27.50 99=39.42 99.9=501.76 99.99=3913.73]
2025-04-19 12:30:00 74 sec: 892747 operations; [READ: Count=595022 Max=20135.94 Min=2.56 Avg=83.63 10=10.94 25=52.93 50=74.81 75=109.82 90=146.18 95=159.74 99=214.66 99.9=764.93 99.99=2607.10] [UPDATE: Count=297725 Max=17268.74 Min=6.77 Avg=20.32 10=12.47 25=14.51 50=17.09 75=20.50 90=24.53 95=27.49 99=39.36 99.9=499.45 99.99=3913.73]
2025-04-19 12:30:01 75 sec: 912866 operations; [READ: Count=608509 Max=20135.94 Min=2.56 Avg=83.19 10=10.82 25=52.80 50=72.64 75=109.63 90=145.79 95=159.36 99=213.76 99.9=759.81 99.99=2607.10] [UPDATE: Count=304357 Max=17268.74 Min=6.77 Avg=20.28 10=12.47 25=14.51 50=17.09 75=20.51 90=24.53 95=27.49 99=39.33 99.9=493.57 99.99=3913.73]
2025-04-19 12:30:02 76 sec: 931878 operations; [READ: Count=621174 Max=20135.94 Min=2.56 Avg=82.87 10=10.69 25=52.64 50=71.10 75=109.44 90=145.28 95=159.10 99=212.99 99.9=757.76 99.99=2695.17] [UPDATE: Count=310704 Max=17268.74 Min=6.77 Avg=20.22 10=12.46 25=14.49 50=17.07 75=20.48 90=24.50 95=27.44 99=39.23 99.9=487.68 99.99=3694.59]
2025-04-19 12:30:03 77 sec: 951869 operations; [READ: Count=634515 Max=20135.94 Min=2.56 Avg=82.45 10=10.57 25=52.51 50=70.02 75=109.18 90=144.90 95=158.72 99=212.48 99.9=755.71 99.99=2764.80] [UPDATE: Count=317354 Max=17268.74 Min=6.77 Avg=20.26 10=12.45 25=14.48 50=17.05 75=20.45 90=24.46 95=27.39 99=39.17 99.9=489.98 99.99=4052.99]
2025-04-19 12:30:04 78 sec: 971959 operations; [READ: Count=647981 Max=20135.94 Min=2.56 Avg=82.05 10=10.48 25=52.38 50=69.18 75=108.99 90=144.38 95=158.34 99=211.71 99.9=751.62 99.99=2711.55] [UPDATE: Count=323978 Max=17268.74 Min=6.77 Avg=20.24 10=12.44 25=14.47 50=17.04 75=20.43 90=24.45 95=27.38 99=39.10 99.9=489.98 99.99=4057.09]
2025-04-19 12:30:05 79 sec: 991811 operations; [READ: Count=661178 Max=20135.94 Min=2.56 Avg=81.67 10=10.40 25=52.26 50=68.48 75=108.86 90=144.00 95=158.08 99=210.94 99.9=746.50 99.99=2787.33] [UPDATE: Count=330633 Max=17268.74 Min=6.77 Avg=20.29 10=12.44 25=14.47 50=17.04 75=20.41 90=24.43 95=27.34 99=39.10 99.9=490.50 99.99=4247.55]
2025-04-19 12:30:06 80 sec: 1012725 operations; [READ: Count=675152 Max=20135.94 Min=2.56 Avg=81.25 10=10.29 25=52.13 50=67.78 75=108.67 90=143.49 95=157.82 99=210.30 99.9=745.47 99.99=2764.80] [UPDATE: Count=337573 Max=17268.74 Min=6.77 Avg=20.24 10=12.43 25=14.46 50=17.02 75=20.40 90=24.40 95=27.31 99=38.98 99.9=488.19 99.99=4136.96]
2025-04-19 12:30:07 81 sec: 1033295 operations; [READ: Count=688750 Max=20135.94 Min=2.56 Avg=80.88 10=10.21 25=52.00 50=67.26 75=108.48 90=143.10 95=157.44 99=209.66 99.9=744.45 99.99=2846.72] [UPDATE: Count=344545 Max=17268.74 Min=6.77 Avg=20.22 10=12.41 25=14.45 50=17.01 75=20.38 90=24.38 95=27.30 99=38.94 99.9=489.98 99.99=4136.96]
2025-04-19 12:30:08 82 sec: 1054446 operations; [READ: Count=702881 Max=20135.94 Min=2.56 Avg=80.44 10=10.13 25=51.81 50=66.69 75=108.29 90=142.59 95=157.06 99=209.02 99.9=738.82 99.99=2846.72] [UPDATE: Count=351565 Max=17268.74 Min=6.77 Avg=20.24 10=12.41 25=14.44 50=16.99 75=20.37 90=24.37 95=27.28 99=39.07 99.9=493.57 99.99=4081.66]
2025-04-19 12:30:09 83 sec: 1075881 operations; [READ: Count=717243 Max=20135.94 Min=2.56 Avg=79.98 10=10.04 25=51.62 50=66.24 75=108.09 90=142.08 95=156.80 99=208.25 99.9=735.74 99.99=2787.33] [UPDATE: Count=358638 Max=17268.74 Min=6.77 Avg=20.27 10=12.39 25=14.42 50=16.98 75=20.35 90=24.35 95=27.25 99=39.07 99.9=497.66 99.99=4136.96]
2025-04-19 12:30:10 84 sec: 1097393 operations; [READ: Count=731580 Max=20135.94 Min=2.56 Avg=79.55 10=9.94 25=51.42 50=65.86 75=107.90 90=141.57 95=156.41 99=207.62 99.9=732.16 99.99=2764.80] [UPDATE: Count=365813 Max=17268.74 Min=6.77 Avg=20.29 10=12.37 25=14.40 50=16.96 75=20.32 90=24.30 95=27.21 99=39.07 99.9=501.76 99.99=4247.55]
2025-04-19 12:30:11 85 sec: 1131870 operations; [READ: Count=754557 Max=20135.94 Min=2.23 Avg=78.21 10=9.69 25=50.17 50=64.29 75=107.26 90=140.41 95=155.90 99=206.59 99.9=723.97 99.99=2711.55] [UPDATE: Count=377313 Max=17268.74 Min=6.64 Avg=20.10 10=12.08 25=14.22 50=16.83 75=20.19 90=24.19 95=27.10 99=38.88 99.9=497.66 99.99=4136.96]
2025-04-19 12:30:12 86 sec: 1168074 operations; [READ: Count=778667 Max=20135.94 Min=2.23 Avg=76.83 10=9.42 25=48.70 50=62.98 75=106.69 90=139.26 95=155.39 99=205.57 99.9=713.73 99.99=2678.78] [UPDATE: Count=389407 Max=17268.74 Min=6.59 Avg=19.90 10=11.75 25=14.02 50=16.67 75=20.05 90=24.08 95=26.99 99=38.69 99.9=493.82 99.99=4081.66]
2025-04-19 12:30:13 87 sec: 1205948 operations; [READ: Count=803946 Max=20135.94 Min=2.23 Avg=75.45 10=9.13 25=47.13 50=61.85 75=105.98 90=137.85 95=154.75 99=204.54 99.9=695.29 99.99=2639.87] [UPDATE: Count=402002 Max=17268.74 Min=6.59 Avg=19.66 10=11.43 25=13.80 50=16.51 75=19.92 90=23.97 95=26.86 99=38.43 99.9=481.79 99.99=4057.09]
2025-04-19 12:30:14 88 sec: 1243827 operations; [READ: Count=829140 Max=20135.94 Min=2.20 Avg=74.15 10=8.87 25=45.79 50=60.86 75=105.41 90=136.45 95=154.24 99=203.52 99.9=684.54 99.99=2607.10] [UPDATE: Count=414687 Max=17268.74 Min=6.59 Avg=19.43 10=11.14 25=13.57 50=16.36 75=19.76 90=23.84 95=26.73 99=38.14 99.9=473.34 99.99=4052.99]
2025-04-19 12:30:15 89 sec: 1281000 operations; [READ: Count=853992 Max=20135.94 Min=2.05 Avg=72.97 10=8.61 25=44.64 50=60.00 75=104.77 90=134.78 95=153.73 99=202.75 99.9=690.69 99.99=2590.72] [UPDATE: Count=427008 Max=17268.74 Min=6.59 Avg=19.21 10=10.93 25=13.35 50=16.21 75=19.63 90=23.73 95=26.62 99=37.82 99.9=459.52 99.99=3694.59]
2025-04-19 12:30:16 90 sec: 1317472 operations; [READ: Count=878271 Max=20135.94 Min=2.05 Avg=71.90 10=8.38 25=43.71 50=59.20 75=104.19 90=133.12 95=153.22 99=202.24 99.9=694.27 99.99=2537.47] [UPDATE: Count=439201 Max=17268.74 Min=6.59 Avg=19.01 10=10.76 25=13.14 50=16.06 75=19.50 90=23.61 95=26.51 99=37.60 99.9=452.61 99.99=3581.95]
2025-04-19 12:30:17 91 sec: 1353892 operations; [READ: Count=902576 Max=20135.94 Min=2.05 Avg=70.88 10=8.18 25=43.01 50=58.49 75=103.68 90=131.20 95=152.83 99=201.34 99.9=681.47 99.99=2465.79] [UPDATE: Count=451316 Max=17268.74 Min=6.59 Avg=18.85 10=10.65 25=12.97 50=15.94 75=19.39 90=23.52 95=26.41 99=37.44 99.9=445.95 99.99=3565.57]
2025-04-19 12:30:18 92 sec: 1388525 operations; [READ: Count=925706 Max=20135.94 Min=1.88 Avg=70.01 10=8.09 25=42.49 50=57.89 75=103.17 90=129.28 95=152.32 99=200.70 99.9=670.72 99.99=2416.64] [UPDATE: Count=462819 Max=17268.74 Min=6.59 Avg=18.69 10=10.54 25=12.79 50=15.82 75=19.28 90=23.42 95=26.32 99=37.25 99.9=436.99 99.99=3485.70]
2025-04-19 12:30:19 93 sec: 1418250 operations; [READ: Count=945480 Max=20135.94 Min=1.88 Avg=69.44 10=8.08 25=42.14 50=57.50 75=102.85 90=127.94 95=151.94 99=200.45 99.9=663.55 99.99=2375.68] [UPDATE: Count=472770 Max=17268.74 Min=6.51 Avg=18.59 10=10.49 25=12.71 50=15.75 75=19.20 90=23.34 95=26.24 99=37.09 99.9=431.10 99.99=3471.36]
2025-04-19 12:30:20 94 sec: 1439881 operations; [READ: Count=959901 Max=20135.94 Min=1.88 Avg=69.30 10=8.10 25=41.92 50=57.38 75=102.66 90=127.36 95=151.81 99=201.22 99.9=717.82 99.99=2357.25] [UPDATE: Count=479980 Max=17268.74 Min=6.51 Avg=18.55 10=10.49 25=12.70 50=15.72 75=19.17 90=23.30 95=26.19 99=36.99 99.9=424.45 99.99=3397.63]
2025-04-19 12:30:21 95 sec: 1460998 operations; [READ: Count=973955 Max=20135.94 Min=1.88 Avg=69.19 10=8.13 25=41.70 50=57.31 75=102.59 90=126.97 95=151.68 99=201.47 99.9=744.45 99.99=2342.91] [UPDATE: Count=487043 Max=17268.74 Min=6.51 Avg=18.53 10=10.50 25=12.71 50=15.71 75=19.14 90=23.26 95=26.16 99=36.93 99.9=420.35 99.99=3393.53]
2025-04-19 12:30:22 96 sec: 1485200 operations; [READ: Count=990092 Max=20135.94 Min=1.88 Avg=68.92 10=8.15 25=41.38 50=57.25 75=102.46 90=126.53 95=151.42 99=200.96 99.9=738.30 99.99=2304.00] [UPDATE: Count=495108 Max=17268.74 Min=6.51 Avg=18.49 10=10.50 25=12.70 50=15.70 75=19.12 90=23.23 95=26.11 99=36.90 99.9=417.02 99.99=3352.57]
2025-04-19 12:30:23 97 sec: 1500075 operations; [READ: Count=1000000 Max=20135.94 Min=1.88 Avg=68.75 10=8.16 25=41.15 50=57.18 75=102.40 90=126.27 95=151.29 99=200.70 99.9=735.74 99.99=2299.90] [UPDATE: Count=500075 Max=17268.74 Min=6.51 Avg=18.46 10=10.49 25=12.68 50=15.68 75=19.10 90=23.21 95=26.09 99=36.83 99.9=412.93 99.99=3352.57]
2025-04-19 12:30:24 98 sec: 1500075 operations; [READ: Count=1000000 Max=20135.94 Min=1.88 Avg=68.75 10=8.16 25=41.15 50=57.18 75=102.40 90=126.27 95=151.29 99=200.70 99.9=735.74 99.99=2299.90] [UPDATE: Count=500075 Max=17268.74 Min=6.51 Avg=18.46 10=10.49 25=12.68 50=15.68 75=19.10 90=23.21 95=26.09 99=36.83 99.9=412.93 99.99=3352.57]
2025-04-19 12:30:25 99 sec: 1500075 operations; [READ: Count=1000000 Max=20135.94 Min=1.88 Avg=68.75 10=8.16 25=41.15 50=57.18 75=102.40 90=126.27 95=151.29 99=200.70 99.9=735.74 99.99=2299.90] [UPDATE: Count=500075 Max=17268.74 Min=6.51 Avg=18.46 10=10.49 25=12.68 50=15.68 75=19.10 90=23.21 95=26.09 99=36.83 99.9=412.93 99.99=3352.57]
2025-04-19 12:30:26 100 sec: 1500075 operations; [READ: Count=1000000 Max=20135.94 Min=1.88 Avg=68.75 10=8.16 25=41.15 50=57.18 75=102.40 90=126.27 95=151.29 99=200.70 99.9=735.74 99.99=2299.90] [UPDATE: Count=500075 Max=17268.74 Min=6.51 Avg=18.46 10=10.49 25=12.68 50=15.68 75=19.10 90=23.21 95=26.09 99=36.83 99.9=412.93 99.99=3352.57]
2025-04-19 12:30:27 101 sec: 1500075 operations; [READ: Count=1000000 Max=20135.94 Min=1.88 Avg=68.75 10=8.16 25=41.15 50=57.18 75=102.40 90=126.27 95=151.29 99=200.70 99.9=735.74 99.99=2299.90] [UPDATE: Count=500075 Max=17268.74 Min=6.51 Avg=18.46 10=10.49 25=12.68 50=15.68 75=19.10 90=23.21 95=26.09 99=36.83 99.9=412.93 99.99=3352.57]
2025-04-19 12:30:27 101 sec: 1500075 operations; [READ: Count=1000000 Max=20135.94 Min=1.88 Avg=68.75 10=8.16 25=41.15 50=57.18 75=102.40 90=126.27 95=151.29 99=200.70 99.9=735.74 99.99=2299.90] [UPDATE: Count=500075 Max=17268.74 Min=6.51 Avg=18.46 10=10.49 25=12.68 50=15.68 75=19.10 90=23.21 95=26.09 99=36.83 99.9=412.93 99.99=3352.57]
Run runtime(sec): 101.317
Run operations(ops): 1000000
Run throughput(ops/sec): 9870.04
