Running scope as unit: run-rdc4bd374d7b04f5583b010259159c42a.scope
load file:/home/user/DataFiles/silesia_data/silesia.tar
2025-04-19 12:28:46 0 sec: 0 operations;
2025-04-19 12:28:47 1 sec: 0 operations;
2025-04-19 12:28:48 2 sec: 0 operations;
2025-04-19 12:28:49 3 sec: 0 operations;
2025-04-19 12:28:50 4 sec: 0 operations;
2025-04-19 12:28:51 5 sec: 0 operations;
2025-04-19 12:28:52 6 sec: 0 operations;
2025-04-19 12:28:53 7 sec: 0 operations;
2025-04-19 12:28:54 8 sec: 0 operations;
2025-04-19 12:28:55 9 sec: 0 operations;
2025-04-19 12:28:56 10 sec: 0 operations;
2025-04-19 12:28:57 11 sec: 0 operations;
2025-04-19 12:28:58 12 sec: 0 operations;
2025-04-19 12:28:59 13 sec: 0 operations;
2025-04-19 12:29:00 14 sec: 0 operations;
2025-04-19 12:29:01 15 sec: 0 operations;
2025-04-19 12:29:02 16 sec: 0 operations;
2025-04-19 12:29:03 17 sec: 1811 operations; [READ: Count=1217 Max=622.08 Min=6.88 Avg=126.71 10=51.17 25=84.29 50=97.79 75=175.62 90=209.66 95=234.11 99=421.12 99.9=518.14 99.99=622.08] [UPDATE: Count=594 Max=2281.47 Min=8.86 Avg=27.98 10=11.93 25=13.75 50=16.30 75=19.39 90=22.69 95=25.15 99=181.89 99.9=1872.89 99.99=2281.47]
2025-04-19 12:29:04 18 sec: 11137 operations; [READ: Count=7440 Max=1452.03 Min=4.76 Avg=140.64 10=52.93 25=89.66 50=107.01 75=193.28 90=227.07 95=255.62 99=561.66 99.9=1135.62 99.99=1370.11] [UPDATE: Count=3697 Max=2750.46 Min=8.84 Avg=30.92 10=13.84 25=15.74 50=18.59 75=22.61 90=28.46 95=36.35 99=303.10 99.9=2275.33 99.99=2750.46]
2025-04-19 12:29:05 19 sec: 19510 operations; [READ: Count=13008 Max=2297.86 Min=4.76 Avg=151.60 10=55.90 25=92.61 50=114.24 75=197.12 90=235.26 95=280.83 99=762.37 99.9=1244.16 99.99=1782.78] [UPDATE: Count=6502 Max=2750.46 Min=8.84 Avg=27.59 10=14.45 25=16.53 50=19.44 75=23.61 90=29.77 95=36.93 99=141.57 99.9=1546.24 99.99=2482.18]
2025-04-19 12:29:06 20 sec: 28207 operations; [READ: Count=18819 Max=4280.32 Min=4.50 Avg=154.04 10=56.54 25=93.95 50=115.39 75=196.99 90=235.52 95=283.39 99=791.04 99.9=1346.56 99.99=2607.10] [UPDATE: Count=9388 Max=2750.46 Min=8.84 Avg=25.95 10=14.71 25=16.72 50=19.57 75=23.63 90=29.66 95=36.70 99=92.93 99.9=1231.87 99.99=2482.18]
2025-04-19 12:29:07 21 sec: 37125 operations; [READ: Count=24762 Max=4280.32 Min=3.38 Avg=154.31 10=56.22 25=93.57 50=114.62 75=194.05 90=236.16 95=298.50 99=796.67 99.9=1355.78 99.99=2607.10] [UPDATE: Count=12363 Max=2750.46 Min=8.15 Avg=25.18 10=14.68 25=16.70 50=19.60 75=23.73 90=29.86 95=36.54 99=88.19 99.9=829.95 99.99=2482.18]
2025-04-19 12:29:08 22 sec: 45162 operations; [READ: Count=30117 Max=4280.32 Min=3.38 Avg=157.37 10=56.41 25=93.89 50=115.58 75=194.43 90=239.74 95=347.13 99=806.40 99.9=1449.98 99.99=2449.41] [UPDATE: Count=15045 Max=9453.57 Min=8.15 Avg=25.50 10=14.73 25=16.75 50=19.65 75=23.82 90=30.30 95=37.41 99=87.49 99.9=721.41 99.99=2482.18]
2025-04-19 12:29:09 23 sec: 54806 operations; [READ: Count=36514 Max=4280.32 Min=2.87 Avg=154.99 10=55.55 25=92.99 50=114.43 75=190.34 90=236.80 95=333.57 99=796.67 99.9=1370.11 99.99=2435.07] [UPDATE: Count=18292 Max=9453.57 Min=7.70 Avg=24.74 10=14.59 25=16.62 50=19.52 75=23.70 90=29.92 95=36.67 99=80.00 99.9=673.28 99.99=2482.18]
2025-04-19 12:29:10 24 sec: 64419 operations; [READ: Count=42941 Max=4280.32 Min=2.87 Avg=153.31 10=54.49 25=91.58 50=113.41 75=185.60 90=234.62 95=328.45 99=803.84 99.9=1411.07 99.99=2435.07] [UPDATE: Count=21478 Max=9453.57 Min=7.70 Avg=24.17 10=14.34 25=16.40 50=19.31 75=23.50 90=29.57 95=36.13 99=76.35 99.9=556.54 99.99=2482.18]
2025-04-19 12:29:11 25 sec: 73417 operations; [READ: Count=48972 Max=4280.32 Min=2.87 Avg=153.14 10=54.49 25=91.71 50=113.60 75=183.81 90=234.37 95=325.12 99=806.40 99.9=1418.24 99.99=2426.88] [UPDATE: Count=24445 Max=9453.57 Min=7.70 Avg=24.26 10=14.40 25=16.48 50=19.39 75=23.60 90=29.73 95=36.38 99=74.94 99.9=637.95 99.99=2750.46]
2025-04-19 12:29:12 26 sec: 82446 operations; [READ: Count=54986 Max=4280.32 Min=2.87 Avg=153.15 10=54.37 25=91.14 50=113.66 75=180.74 90=234.37 95=332.54 99=813.57 99.9=1449.98 99.99=2449.41] [UPDATE: Count=27460 Max=9453.57 Min=7.70 Avg=24.10 10=14.30 25=16.40 50=19.33 75=23.55 90=29.73 95=36.38 99=74.62 99.9=656.89 99.99=2482.18]
2025-04-19 12:29:13 27 sec: 91087 operations; [READ: Count=60780 Max=4280.32 Min=2.87 Avg=153.58 10=54.08 25=90.81 50=113.79 75=179.07 90=235.13 95=354.30 99=818.17 99.9=1452.03 99.99=2449.41] [UPDATE: Count=30307 Max=9453.57 Min=6.89 Avg=24.37 10=14.26 25=16.38 50=19.33 75=23.60 90=29.90 95=36.93 99=76.73 99.9=673.28 99.99=2750.46]
2025-04-19 12:29:14 28 sec: 99680 operations; [READ: Count=66511 Max=4280.32 Min=2.87 Avg=153.88 10=54.17 25=91.07 50=114.24 75=177.66 90=235.65 95=360.19 99=820.22 99.9=1452.03 99.99=2435.07] [UPDATE: Count=33169 Max=11476.99 Min=6.89 Avg=24.98 10=14.30 25=16.45 50=19.42 75=23.71 90=30.11 95=37.15 99=77.25 99.9=679.42 99.99=3553.28]
2025-04-19 12:29:15 29 sec: 108521 operations; [READ: Count=72391 Max=4997.12 Min=2.87 Avg=154.10 10=54.40 25=91.52 50=114.88 75=176.64 90=235.01 95=345.86 99=825.34 99.9=1532.93 99.99=2607.10] [UPDATE: Count=36130 Max=11476.99 Min=6.89 Avg=24.83 10=14.38 25=16.53 50=19.50 75=23.81 90=30.16 95=37.15 99=76.61 99.9=656.89 99.99=3387.39]
2025-04-19 12:29:16 30 sec: 116844 operations; [READ: Count=77906 Max=4997.12 Min=2.87 Avg=155.05 10=54.17 25=91.14 50=115.01 75=175.10 90=234.75 95=356.61 99=847.87 99.9=1647.62 99.99=3256.32] [UPDATE: Count=38938 Max=11476.99 Min=6.89 Avg=24.78 10=14.30 25=16.50 50=19.52 75=23.86 90=30.25 95=37.22 99=76.29 99.9=656.89 99.99=3387.39]
2025-04-19 12:29:17 31 sec: 127512 operations; [READ: Count=85017 Max=4997.12 Min=2.87 Avg=152.88 10=53.44 25=90.11 50=114.11 75=172.29 90=232.19 95=334.85 99=845.31 99.9=1636.35 99.99=3250.18] [UPDATE: Count=42495 Max=11476.99 Min=6.89 Avg=24.38 10=14.18 25=16.34 50=19.34 75=23.65 90=29.89 95=36.67 99=74.24 99.9=649.73 99.99=3387.39]
2025-04-19 12:29:18 32 sec: 137613 operations; [READ: Count=91804 Max=4997.12 Min=2.87 Avg=151.61 10=53.09 25=89.92 50=113.86 75=170.50 90=231.04 95=327.17 99=839.17 99.9=1636.35 99.99=3250.18] [UPDATE: Count=45809 Max=11476.99 Min=6.89 Avg=24.12 10=14.15 25=16.29 50=19.28 75=23.55 90=29.70 95=36.29 99=73.02 99.9=603.65 99.99=3346.43]
2025-04-19 12:29:19 33 sec: 146159 operations; [READ: Count=97483 Max=6561.79 Min=2.87 Avg=152.25 10=52.96 25=89.98 50=114.05 75=169.85 90=230.40 95=327.42 99=854.53 99.9=1732.61 99.99=3440.64] [UPDATE: Count=48676 Max=11476.99 Min=6.89 Avg=24.09 10=14.18 25=16.34 50=19.33 75=23.65 90=29.84 95=36.51 99=73.41 99.9=578.05 99.99=3346.43]
2025-04-19 12:29:20 34 sec: 155880 operations; [READ: Count=104040 Max=6561.79 Min=2.87 Avg=151.46 10=53.12 25=90.24 50=114.56 75=169.47 90=229.50 95=305.15 99=848.89 99.9=1729.54 99.99=3440.64] [UPDATE: Count=51840 Max=11476.99 Min=6.89 Avg=24.02 10=14.24 25=16.41 50=19.41 75=23.71 90=29.82 95=36.29 99=72.38 99.9=575.49 99.99=3346.43]
2025-04-19 12:29:21 35 sec: 164300 operations; [READ: Count=109638 Max=6561.79 Min=2.87 Avg=152.07 10=53.15 25=90.56 50=115.20 75=169.47 90=229.38 95=304.64 99=860.16 99.9=1774.59 99.99=3348.48] [UPDATE: Count=54662 Max=11476.99 Min=6.89 Avg=24.15 10=14.30 25=16.50 50=19.52 75=23.84 90=30.08 95=36.67 99=72.06 99.9=613.38 99.99=3346.43]
2025-04-19 12:29:22 36 sec: 173757 operations; [READ: Count=115956 Max=6561.79 Min=2.87 Avg=151.67 10=52.96 25=90.17 50=115.14 75=168.57 90=228.48 95=298.50 99=862.21 99.9=1846.27 99.99=3594.24] [UPDATE: Count=57801 Max=11476.99 Min=6.89 Avg=24.15 10=14.25 25=16.45 50=19.50 75=23.82 90=30.05 95=36.64 99=73.02 99.9=613.38 99.99=3346.43]
2025-04-19 12:29:23 37 sec: 183440 operations; [READ: Count=122442 Max=6561.79 Min=2.87 Avg=150.89 10=52.70 25=89.92 50=115.01 75=167.42 90=227.58 95=293.63 99=865.79 99.9=1835.01 99.99=3594.24] [UPDATE: Count=60998 Max=11476.99 Min=6.89 Avg=24.50 10=14.21 25=16.41 50=19.45 75=23.79 90=29.97 95=36.54 99=73.60 99.9=667.13 99.99=3553.28]
2025-04-19 12:29:24 38 sec: 192599 operations; [READ: Count=128600 Max=6561.79 Min=2.87 Avg=150.48 10=52.48 25=89.53 50=114.69 75=166.53 90=226.94 95=291.84 99=870.91 99.9=1836.03 99.99=3610.62] [UPDATE: Count=63999 Max=18186.24 Min=6.89 Avg=25.18 10=14.15 25=16.38 50=19.42 75=23.77 90=29.93 95=36.58 99=74.62 99.9=717.31 99.99=5529.60]
2025-04-19 12:29:25 39 sec: 202822 operations; [READ: Count=135403 Max=7618.56 Min=2.87 Avg=149.62 10=52.22 25=89.28 50=114.43 75=165.63 90=225.92 95=286.21 99=870.40 99.9=1835.01 99.99=3651.58] [UPDATE: Count=67419 Max=18186.24 Min=6.89 Avg=25.11 10=14.13 25=16.35 50=19.41 75=23.74 90=29.86 95=36.51 99=75.39 99.9=734.21 99.99=5263.36]
2025-04-19 12:29:26 40 sec: 212034 operations; [READ: Count=141567 Max=7618.56 Min=2.87 Avg=149.44 10=51.97 25=88.96 50=114.37 75=164.99 90=225.28 95=283.65 99=874.50 99.9=1891.33 99.99=3952.64] [UPDATE: Count=70467 Max=18186.24 Min=6.89 Avg=25.37 10=14.10 25=16.34 50=19.41 75=23.76 90=29.89 95=36.67 99=77.76 99.9=818.69 99.99=5263.36]
2025-04-19 12:29:27 41 sec: 223756 operations; [READ: Count=149354 Max=7618.56 Min=2.87 Avg=147.49 10=51.36 25=87.30 50=113.34 75=163.58 90=223.74 95=278.27 99=869.89 99.9=1928.19 99.99=3952.64] [UPDATE: Count=74402 Max=18186.24 Min=6.89 Avg=25.58 10=14.00 25=16.24 50=19.31 75=23.66 90=29.81 95=36.67 99=79.68 99.9=887.81 99.99=5263.36]
2025-04-19 12:29:28 42 sec: 236661 operations; [READ: Count=157907 Max=7618.56 Min=2.87 Avg=144.66 10=50.85 25=83.58 50=111.49 75=161.28 90=221.82 95=273.92 99=864.25 99.9=1886.21 99.99=3883.01] [UPDATE: Count=78754 Max=18186.24 Min=6.89 Avg=26.35 10=13.93 25=16.14 50=19.21 75=23.57 90=29.70 95=36.64 99=82.05 99.9=1351.68 99.99=5263.36]
2025-04-19 12:29:29 43 sec: 249948 operations; [READ: Count=166739 Max=7618.56 Min=2.87 Avg=142.36 10=50.37 25=78.78 50=110.08 75=159.10 90=220.03 95=269.31 99=863.23 99.9=1966.08 99.99=3991.55] [UPDATE: Count=83209 Max=18186.24 Min=6.89 Avg=26.07 10=13.86 25=16.07 50=19.14 75=23.47 90=29.55 95=36.35 99=80.70 99.9=1231.87 99.99=5263.36]
2025-04-19 12:29:30 44 sec: 265909 operations; [READ: Count=177391 Max=7618.56 Min=2.68 Avg=138.77 10=48.48 25=71.36 50=108.03 75=156.41 90=217.73 95=263.94 99=856.58 99.9=1886.21 99.99=3983.36] [UPDATE: Count=88518 Max=18186.24 Min=6.89 Avg=25.72 10=13.54 25=15.84 50=18.93 75=23.25 90=29.23 95=35.87 99=79.17 99.9=1169.41 99.99=5263.36]
2025-04-19 12:29:31 45 sec: 282476 operations; [READ: Count=188481 Max=7618.56 Min=2.68 Avg=135.29 10=47.90 25=65.98 50=106.24 75=153.73 90=215.17 95=258.56 99=845.31 99.9=1860.61 99.99=3983.36] [UPDATE: Count=93995 Max=18186.24 Min=6.89 Avg=25.30 10=13.45 25=15.69 50=18.78 75=23.07 90=28.94 95=35.39 99=77.50 99.9=1087.49 99.99=5263.36]
2025-04-19 12:29:32 46 sec: 299405 operations; [READ: Count=199773 Max=7618.56 Min=2.68 Avg=132.06 10=46.75 25=63.07 50=104.64 75=151.04 90=212.61 95=253.82 99=835.07 99.9=1836.03 99.99=3983.36] [UPDATE: Count=99632 Max=18186.24 Min=6.89 Avg=24.90 10=13.26 25=15.52 50=18.64 75=22.89 90=28.69 95=34.98 99=75.71 99.9=1000.45 99.99=5115.90]
2025-04-19 12:29:33 47 sec: 314044 operations; [READ: Count=209608 Max=7618.56 Min=2.68 Avg=130.08 10=46.34 25=61.98 50=103.68 75=148.86 90=210.56 95=250.50 99=830.98 99.9=1847.30 99.99=4098.05] [UPDATE: Count=104436 Max=18186.24 Min=6.89 Avg=24.73 10=13.21 25=15.46 50=18.57 75=22.80 90=28.57 95=34.78 99=75.26 99.9=1000.45 99.99=5115.90]
2025-04-19 12:29:34 48 sec: 328613 operations; [READ: Count=219361 Max=11386.88 Min=2.68 Avg=128.35 10=46.08 25=61.09 50=102.85 75=146.69 90=208.51 95=247.29 99=828.93 99.9=1885.18 99.99=4243.45] [UPDATE: Count=109252 Max=18186.24 Min=6.89 Avg=24.54 10=13.19 25=15.41 50=18.50 75=22.72 90=28.43 95=34.56 99=74.81 99.9=952.32 99.99=4595.71]
2025-04-19 12:29:35 49 sec: 343320 operations; [READ: Count=229182 Max=11386.88 Min=2.68 Avg=126.69 10=45.79 25=60.35 50=102.02 75=144.38 90=206.46 95=244.48 99=825.86 99.9=1955.84 99.99=4247.55] [UPDATE: Count=114138 Max=18186.24 Min=6.89 Avg=24.42 10=13.16 25=15.35 50=18.43 75=22.64 90=28.30 95=34.37 99=74.24 99.9=952.32 99.99=4595.71]
2025-04-19 12:29:36 50 sec: 358910 operations; [READ: Count=239539 Max=11386.88 Min=2.68 Avg=124.89 10=45.57 25=59.87 50=101.31 75=141.95 90=204.03 95=241.66 99=819.71 99.9=1935.36 99.99=4251.65] [UPDATE: Count=119371 Max=18186.24 Min=6.89 Avg=24.23 10=13.18 25=15.35 50=18.38 75=22.56 90=28.18 95=34.11 99=73.02 99.9=937.98 99.99=4460.54]
2025-04-19 12:29:37 51 sec: 374805 operations; [READ: Count=250153 Max=11386.88 Min=2.68 Avg=123.10 10=45.28 25=59.36 50=100.54 75=139.13 90=201.47 95=238.72 99=813.57 99.9=1949.69 99.99=4292.61] [UPDATE: Count=124652 Max=18186.24 Min=6.89 Avg=24.06 10=13.18 25=15.32 50=18.34 75=22.50 90=28.05 95=33.85 99=71.68 99.9=919.55 99.99=4460.54]
2025-04-19 12:29:38 52 sec: 390658 operations; [READ: Count=260766 Max=11870.21 Min=2.68 Avg=121.44 10=44.70 25=58.75 50=99.52 75=136.19 90=198.66 95=236.54 99=807.93 99.9=1966.08 99.99=4395.01] [UPDATE: Count=129892 Max=18186.24 Min=6.89 Avg=23.97 10=13.09 25=15.24 50=18.24 75=22.40 90=27.93 95=33.63 99=71.42 99.9=912.38 99.99=4460.54]
2025-04-19 12:29:39 53 sec: 405598 operations; [READ: Count=270734 Max=11870.21 Min=2.59 Avg=120.17 10=44.26 25=58.40 50=98.81 75=133.50 90=196.09 95=234.37 99=804.86 99.9=1986.56 99.99=4907.01] [UPDATE: Count=134864 Max=18186.24 Min=6.89 Avg=23.96 10=13.05 25=15.20 50=18.19 75=22.32 90=27.81 95=33.50 99=71.04 99.9=912.38 99.99=5115.90]
2025-04-19 12:29:40 54 sec: 420294 operations; [READ: Count=280531 Max=11870.21 Min=2.59 Avg=119.09 10=43.84 25=58.30 50=98.30 75=131.07 90=193.53 95=232.70 99=801.28 99.9=1994.75 99.99=5009.41] [UPDATE: Count=139763 Max=18186.24 Min=6.89 Avg=23.92 10=13.07 25=15.21 50=18.19 75=22.32 90=27.77 95=33.38 99=70.78 99.9=882.69 99.99=5115.90]
2025-04-19 12:29:41 55 sec: 436020 operations; [READ: Count=290941 Max=12763.14 Min=2.59 Avg=117.83 10=43.39 25=58.14 50=97.73 75=128.70 90=190.46 95=230.78 99=795.13 99.9=2002.94 99.99=5226.49] [UPDATE: Count=145079 Max=18186.24 Min=6.89 Avg=23.83 10=13.10 25=15.21 50=18.16 75=22.25 90=27.63 95=33.15 99=70.08 99.9=879.62 99.99=4595.71]
2025-04-19 12:29:42 56 sec: 452076 operations; [READ: Count=301712 Max=12763.14 Min=2.59 Avg=116.53 10=42.66 25=57.76 50=96.96 75=126.66 90=187.65 95=228.86 99=786.94 99.9=2006.02 99.99=6311.94] [UPDATE: Count=150364 Max=18186.24 Min=6.60 Avg=23.71 10=13.05 25=15.16 50=18.09 75=22.19 90=27.52 95=32.99 99=69.38 99.9=856.58 99.99=5115.90]
2025-04-19 12:29:43 57 sec: 469663 operations; [READ: Count=313476 Max=12763.14 Min=2.59 Avg=114.95 10=41.44 25=57.28 50=95.74 75=124.67 90=184.57 95=227.20 99=780.29 99.9=2004.99 99.99=6311.94] [UPDATE: Count=156187 Max=18186.24 Min=6.60 Avg=23.53 10=12.95 25=15.08 50=18.02 75=22.09 90=27.38 95=32.75 99=68.67 99.9=855.04 99.99=4595.71]
2025-04-19 12:29:44 58 sec: 487167 operations; [READ: Count=325179 Max=12763.14 Min=2.59 Avg=113.51 10=40.16 25=56.96 50=94.97 75=123.14 90=181.76 95=225.41 99=771.58 99.9=1996.80 99.99=5914.62] [UPDATE: Count=161988 Max=18186.24 Min=6.60 Avg=23.36 10=12.92 25=15.03 50=17.97 75=22.02 90=27.25 95=32.56 99=67.78 99.9=839.68 99.99=4595.71]
2025-04-19 12:29:45 59 sec: 503080 operations; [READ: Count=335769 Max=14729.22 Min=2.59 Avg=112.50 10=38.21 25=56.77 50=94.21 75=122.05 90=179.46 95=224.00 99=766.46 99.9=2004.99 99.99=6311.94] [UPDATE: Count=167311 Max=18186.24 Min=6.60 Avg=23.35 10=12.89 25=15.01 50=17.93 75=21.97 90=27.17 95=32.38 99=67.14 99.9=839.68 99.99=4595.71]
2025-04-19 12:29:46 60 sec: 521795 operations; [READ: Count=348166 Max=14934.01 Min=2.59 Avg=111.00 10=30.56 25=56.45 50=93.44 75=120.77 90=176.64 95=222.08 99=757.76 99.9=1990.65 99.99=6393.85] [UPDATE: Count=173629 Max=18186.24 Min=6.60 Avg=23.14 10=12.86 25=14.96 50=17.86 75=21.89 90=27.02 95=32.14 99=66.05 99.9=803.84 99.99=4595.71]
2025-04-19 12:29:47 61 sec: 540710 operations; [READ: Count=360839 Max=14934.01 Min=2.59 Avg=109.50 10=24.02 25=56.13 50=92.61 75=119.61 90=174.34 95=220.41 99=749.05 99.9=1972.22 99.99=6311.94] [UPDATE: Count=179871 Max=18186.24 Min=6.60 Avg=22.98 10=12.85 25=14.93 50=17.81 75=21.82 90=26.93 95=31.93 99=65.06 99.9=779.77 99.99=4460.54]
2025-04-19 12:29:48 62 sec: 557367 operations; [READ: Count=371988 Max=14999.55 Min=2.59 Avg=108.58 10=21.49 25=56.00 50=91.84 75=118.78 90=172.41 95=219.01 99=741.38 99.9=1972.22 99.99=6737.92] [UPDATE: Count=185379 Max=18186.24 Min=6.60 Avg=22.88 10=12.86 25=14.92 50=17.79 75=21.77 90=26.85 95=31.77 99=64.42 99.9=767.49 99.99=4440.06]
2025-04-19 12:29:49 63 sec: 573375 operations; [READ: Count=382676 Max=14999.55 Min=2.59 Avg=107.79 10=19.97 25=55.94 50=91.14 75=118.21 90=170.75 95=217.73 99=735.74 99.9=1973.25 99.99=7077.89] [UPDATE: Count=190699 Max=18186.24 Min=6.60 Avg=22.91 10=12.86 25=14.92 50=17.77 75=21.74 90=26.77 95=31.65 99=64.13 99.9=781.82 99.99=4460.54]
2025-04-19 12:29:50 64 sec: 590559 operations; [READ: Count=394214 Max=14999.55 Min=2.59 Avg=106.83 10=18.62 25=55.81 50=90.30 75=117.57 90=169.22 95=216.45 99=728.06 99.9=1972.22 99.99=7077.89] [UPDATE: Count=196345 Max=18186.24 Min=6.60 Avg=22.87 10=12.85 25=14.90 50=17.74 75=21.71 90=26.69 95=31.50 99=63.68 99.9=781.82 99.99=4460.54]
2025-04-19 12:29:51 65 sec: 609419 operations; [READ: Count=406861 Max=16187.39 Min=2.59 Avg=105.59 10=17.25 25=55.26 50=88.58 75=116.67 90=167.42 95=214.91 99=718.34 99.9=1968.13 99.99=7405.57] [UPDATE: Count=202558 Max=18186.24 Min=6.60 Avg=22.84 10=12.72 25=14.79 50=17.65 75=21.60 90=26.56 95=31.30 99=62.69 99.9=779.77 99.99=5263.36]
2025-04-19 12:29:52 66 sec: 630792 operations; [READ: Count=421135 Max=16187.39 Min=2.49 Avg=104.07 10=16.06 25=54.59 50=86.66 75=115.78 90=165.63 95=213.25 99=706.56 99.9=1968.13 99.99=7254.02] [UPDATE: Count=209657 Max=18186.24 Min=6.60 Avg=22.64 10=12.54 25=14.63 50=17.50 75=21.45 90=26.41 95=31.05 99=61.76 99.9=772.61 99.99=5263.36]
2025-04-19 12:29:53 67 sec: 649935 operations; [READ: Count=433866 Max=16441.34 Min=2.49 Avg=103.02 10=15.27 25=54.11 50=85.18 75=115.07 90=164.22 95=211.71 99=693.25 99.9=1966.08 99.99=8003.58] [UPDATE: Count=216069 Max=18186.24 Min=6.60 Avg=22.52 10=12.41 25=14.53 50=17.42 75=21.38 90=26.30 95=30.89 99=61.15 99.9=767.49 99.99=5263.36]
2025-04-19 12:29:54 68 sec: 668296 operations; [READ: Count=446132 Max=16441.34 Min=2.49 Avg=102.10 10=14.76 25=54.05 50=84.16 75=114.69 90=162.81 95=210.30 99=680.45 99.9=1920.00 99.99=7888.90] [UPDATE: Count=222164 Max=18186.24 Min=6.60 Avg=22.47 10=12.42 25=14.53 50=17.42 75=21.36 90=26.25 95=30.82 99=60.58 99.9=755.71 99.99=5529.60]
2025-04-19 12:29:55 69 sec: 688724 operations; [READ: Count=459752 Max=16441.34 Min=2.49 Avg=100.96 10=14.17 25=53.76 50=82.81 75=114.05 90=161.41 95=208.64 99=664.06 99.9=1876.99 99.99=7667.71] [UPDATE: Count=228972 Max=18186.24 Min=6.60 Avg=22.32 10=12.38 25=14.49 50=17.36 75=21.30 90=26.16 95=30.67 99=59.81 99.9=742.91 99.99=5263.36]
2025-04-19 12:29:56 70 sec: 704350 operations; [READ: Count=470182 Max=16441.34 Min=2.49 Avg=100.54 10=13.81 25=53.66 50=81.79 75=113.66 90=160.38 95=207.49 99=651.26 99.9=1887.23 99.99=9019.39] [UPDATE: Count=234168 Max=18186.24 Min=6.60 Avg=22.38 10=12.38 25=14.48 50=17.34 75=21.26 90=26.11 95=30.61 99=59.36 99.9=742.91 99.99=6107.14]
2025-04-19 12:29:57 71 sec: 723490 operations; [READ: Count=482936 Max=16441.34 Min=2.49 Avg=99.65 10=13.34 25=53.50 50=80.38 75=113.22 90=159.10 95=205.95 99=637.44 99.9=1874.94 99.99=9019.39] [UPDATE: Count=240554 Max=18186.24 Min=6.60 Avg=22.33 10=12.38 25=14.46 50=17.31 75=21.23 90=26.05 95=30.50 99=58.94 99.9=741.38 99.99=6107.14]
2025-04-19 12:29:58 72 sec: 743649 operations; [READ: Count=496349 Max=16441.34 Min=2.49 Avg=98.70 10=12.91 25=53.38 50=78.78 75=112.77 90=157.95 95=204.16 99=622.59 99.9=1843.20 99.99=8757.25] [UPDATE: Count=247300 Max=18186.24 Min=6.60 Avg=22.20 10=12.37 25=14.45 50=17.28 75=21.18 90=25.98 95=30.38 99=58.30 99.9=729.60 99.99=5656.57]
2025-04-19 12:29:59 73 sec: 763636 operations; [READ: Count=509645 Max=16441.34 Min=2.49 Avg=97.81 10=12.53 25=53.22 50=77.12 75=112.38 90=156.80 95=202.37 99=606.21 99.9=1801.21 99.99=8454.14] [UPDATE: Count=253991 Max=18186.24 Min=6.60 Avg=22.10 10=12.36 25=14.43 50=17.25 75=21.15 90=25.93 95=30.27 99=57.82 99.9=717.82 99.99=5656.57]
2025-04-19 12:30:00 74 sec: 784871 operations; [READ: Count=523739 Max=16441.34 Min=2.49 Avg=96.82 10=12.17 25=52.93 50=75.33 75=111.87 90=155.65 95=200.57 99=587.77 99.9=1782.78 99.99=8396.80] [UPDATE: Count=261132 Max=18186.24 Min=6.60 Avg=21.97 10=12.30 25=14.38 50=17.20 75=21.09 90=25.86 95=30.16 99=57.22 99.9=696.83 99.99=5529.60]
2025-04-19 12:30:01 75 sec: 805150 operations; [READ: Count=537272 Max=16441.34 Min=2.49 Avg=95.98 10=11.86 25=52.80 50=73.86 75=111.55 90=154.50 95=198.66 99=571.39 99.9=1761.28 99.99=8163.33] [UPDATE: Count=267878 Max=18186.24 Min=6.60 Avg=21.87 10=12.30 25=14.37 50=17.17 75=21.05 90=25.81 95=30.06 99=56.64 99.9=685.05 99.99=5263.36]
2025-04-19 12:30:02 76 sec: 825302 operations; [READ: Count=550716 Max=16441.34 Min=2.49 Avg=95.20 10=11.60 25=52.67 50=72.58 75=111.23 90=153.47 95=196.74 99=552.96 99.9=1739.78 99.99=8003.58] [UPDATE: Count=274586 Max=18186.24 Min=6.60 Avg=21.78 10=12.30 25=14.37 50=17.17 75=21.04 90=25.76 95=30.00 99=56.00 99.9=675.84 99.99=5263.36]
2025-04-19 12:30:03 77 sec: 846036 operations; [READ: Count=564519 Max=16441.34 Min=2.49 Avg=94.40 10=11.33 25=52.51 50=71.42 75=110.91 90=152.57 95=194.81 99=538.11 99.9=1718.27 99.99=7991.30] [UPDATE: Count=281517 Max=18186.24 Min=6.60 Avg=21.68 10=12.28 25=14.34 50=17.14 75=20.99 90=25.70 95=29.89 99=55.45 99.9=671.23 99.99=5115.90]
2025-04-19 12:30:04 78 sec: 866569 operations; [READ: Count=578163 Max=16441.34 Min=2.49 Avg=93.62 10=11.11 25=52.35 50=70.46 75=110.59 90=151.55 95=192.77 99=525.31 99.9=1699.84 99.99=7667.71] [UPDATE: Count=288406 Max=18186.24 Min=6.60 Avg=21.65 10=12.27 25=14.32 50=17.10 75=20.96 90=25.65 95=29.79 99=55.01 99.9=671.23 99.99=5115.90]
2025-04-19 12:30:05 79 sec: 885959 operations; [READ: Count=591080 Max=16441.34 Min=2.49 Avg=92.99 10=11.01 25=52.13 50=69.82 75=110.33 90=150.66 95=190.97 99=514.30 99.9=1696.77 99.99=7888.90] [UPDATE: Count=294879 Max=18186.24 Min=6.60 Avg=21.68 10=12.23 25=14.29 50=17.07 75=20.91 90=25.60 95=29.73 99=54.88 99.9=673.79 99.99=5656.57]
2025-04-19 12:30:06 80 sec: 902480 operations; [READ: Count=602071 Max=16441.34 Min=2.49 Avg=92.72 10=10.99 25=52.03 50=69.31 75=110.21 90=150.01 95=189.44 99=507.90 99.9=1699.84 99.99=8757.25] [UPDATE: Count=300409 Max=18186.24 Min=6.60 Avg=21.70 10=12.23 25=14.29 50=17.07 75=20.91 90=25.58 95=29.70 99=54.85 99.9=672.25 99.99=5656.57]
2025-04-19 12:30:07 81 sec: 923668 operations; [READ: Count=616114 Max=16441.34 Min=2.49 Avg=91.98 10=10.83 25=51.71 50=68.67 75=109.82 90=148.99 95=187.65 99=497.41 99.9=1697.79 99.99=8454.14] [UPDATE: Count=307554 Max=18186.24 Min=6.60 Avg=21.65 10=12.18 25=14.24 50=17.02 75=20.86 90=25.54 95=29.63 99=54.56 99.9=673.28 99.99=5529.60]
2025-04-19 12:30:08 82 sec: 943570 operations; [READ: Count=629368 Max=16441.34 Min=2.49 Avg=91.38 10=10.78 25=51.52 50=68.29 75=109.63 90=148.22 95=185.98 99=486.40 99.9=1684.48 99.99=8396.80] [UPDATE: Count=314202 Max=18186.24 Min=6.60 Avg=21.64 10=12.16 25=14.22 50=17.02 75=20.85 90=25.50 95=29.58 99=54.56 99.9=675.33 99.99=5529.60]
2025-04-19 12:30:09 83 sec: 962333 operations; [READ: Count=641895 Max=16441.34 Min=2.49 Avg=90.89 10=10.77 25=51.45 50=67.97 75=109.57 90=147.46 95=184.45 99=475.90 99.9=1670.14 99.99=8269.82] [UPDATE: Count=320438 Max=18186.24 Min=6.60 Avg=21.70 10=12.17 25=14.24 50=17.04 75=20.86 90=25.49 95=29.55 99=54.46 99.9=681.98 99.99=5529.60]
2025-04-19 12:30:10 84 sec: 981898 operations; [READ: Count=654877 Max=16441.34 Min=2.49 Avg=90.38 10=10.77 25=51.36 50=67.65 75=109.44 90=146.69 95=183.04 99=467.20 99.9=1649.66 99.99=8163.33] [UPDATE: Count=327021 Max=18186.24 Min=6.60 Avg=21.69 10=12.18 25=14.25 50=17.04 75=20.86 90=25.49 95=29.52 99=54.17 99.9=679.93 99.99=5263.36]
2025-04-19 12:30:11 85 sec: 1002542 operations; [READ: Count=668674 Max=16441.34 Min=2.49 Avg=89.78 10=10.72 25=51.20 50=67.26 75=109.18 90=145.66 95=181.38 99=456.96 99.9=1633.28 99.99=7991.30] [UPDATE: Count=333868 Max=18186.24 Min=6.60 Avg=21.65 10=12.17 25=14.24 50=17.04 75=20.85 90=25.44 95=29.45 99=53.89 99.9=673.79 99.99=5529.60]
2025-04-19 12:30:12 86 sec: 1028275 operations; [READ: Count=685829 Max=16441.34 Min=2.49 Avg=88.78 10=10.54 25=50.62 50=66.50 75=108.67 90=144.51 95=179.58 99=443.90 99.9=1611.78 99.99=7667.71] [UPDATE: Count=342446 Max=18186.24 Min=6.60 Avg=21.50 10=12.04 25=14.13 50=16.93 75=20.72 90=25.33 95=29.33 99=53.50 99.9=671.23 99.99=5263.36]
2025-04-19 12:30:13 87 sec: 1058886 operations; [READ: Count=706255 Max=16441.34 Min=2.49 Avg=87.41 10=10.27 25=49.63 50=65.12 75=108.09 90=142.85 95=177.53 99=429.31 99.9=1593.34 99.99=7618.56] [UPDATE: Count=352631 Max=18186.24 Min=6.60 Avg=21.26 10=11.78 25=13.94 50=16.78 75=20.57 90=25.18 95=29.15 99=52.80 99.9=665.09 99.99=5206.02]
2025-04-19 12:30:14 88 sec: 1088549 operations; [READ: Count=726107 Max=16441.34 Min=2.37 Avg=86.21 10=10.04 25=48.73 50=64.00 75=107.58 90=141.31 95=175.74 99=417.54 99.9=1571.84 99.99=7405.57] [UPDATE: Count=362442 Max=18186.24 Min=6.60 Avg=21.02 10=11.57 25=13.77 50=16.64 75=20.43 90=25.05 95=28.98 99=52.13 99.9=653.31 99.99=5115.90]
2025-04-19 12:30:15 89 sec: 1114733 operations; [READ: Count=743596 Max=16441.34 Min=2.37 Avg=85.35 10=9.86 25=48.06 50=63.17 75=107.14 90=140.03 95=174.72 99=419.33 99.9=1551.36 99.99=7331.84] [UPDATE: Count=371137 Max=18186.24 Min=6.60 Avg=20.85 10=11.40 25=13.62 50=16.51 75=20.32 90=24.94 95=28.83 99=51.68 99.9=642.05 99.99=5115.90]
2025-04-19 12:30:16 90 sec: 1143046 operations; [READ: Count=762447 Max=16441.34 Min=2.36 Avg=84.37 10=9.66 25=47.39 50=62.37 75=106.69 90=138.50 95=173.44 99=414.46 99.9=1539.07 99.99=7237.63] [UPDATE: Count=380599 Max=18186.24 Min=6.60 Avg=20.64 10=11.25 25=13.46 50=16.37 75=20.19 90=24.83 95=28.70 99=51.20 99.9=625.15 99.99=4595.71]
2025-04-19 12:30:17 91 sec: 1173874 operations; [READ: Count=782975 Max=16441.34 Min=2.36 Avg=83.25 10=9.49 25=46.75 50=61.60 75=106.24 90=136.70 95=171.78 99=400.13 99.9=1519.62 99.99=7077.89] [UPDATE: Count=390899 Max=18186.24 Min=6.60 Avg=20.44 10=11.11 25=13.29 50=16.23 75=20.05 90=24.70 95=28.56 99=50.62 99.9=613.38 99.99=4460.54]
2025-04-19 12:30:18 92 sec: 1204434 operations; [READ: Count=803329 Max=16441.34 Min=2.36 Avg=82.20 10=9.34 25=46.21 50=60.90 75=105.79 90=134.91 95=170.37 99=384.00 99.9=1504.26 99.99=6901.76] [UPDATE: Count=401105 Max=18186.24 Min=6.60 Avg=20.24 10=11.01 25=13.12 50=16.10 75=19.92 90=24.59 95=28.41 99=50.11 99.9=584.70 99.99=4440.06]
2025-04-19 12:30:19 93 sec: 1234205 operations; [READ: Count=823191 Max=16441.34 Min=2.36 Avg=81.26 10=9.23 25=45.79 50=60.26 75=105.34 90=133.25 95=169.09 99=367.36 99.9=1485.82 99.99=6803.45] [UPDATE: Count=411014 Max=18186.24 Min=6.60 Avg=20.07 10=10.92 25=12.98 50=15.99 75=19.81 90=24.46 95=28.27 99=49.70 99.9=572.41 99.99=4341.76]
2025-04-19 12:30:20 94 sec: 1256659 operations; [READ: Count=838077 Max=16441.34 Min=2.36 Avg=80.85 10=9.20 25=45.57 50=59.94 75=105.09 90=132.48 95=168.70 99=377.34 99.9=1476.61 99.99=6643.71] [UPDATE: Count=418582 Max=18186.24 Min=6.60 Avg=19.98 10=10.89 25=12.94 50=15.94 75=19.73 90=24.38 95=28.18 99=49.41 99.9=566.78 99.99=4313.09]
2025-04-19 12:30:21 95 sec: 1279185 operations; [READ: Count=853175 Max=16441.34 Min=2.36 Avg=80.44 10=9.18 25=45.38 50=59.68 75=104.83 90=131.71 95=168.06 99=382.46 99.9=1468.41 99.99=6561.79] [UPDATE: Count=426010 Max=18186.24 Min=6.60 Avg=19.90 10=10.89 25=12.90 50=15.89 75=19.66 90=24.32 95=28.09 99=49.05 99.9=558.59 99.99=4210.69]
2025-04-19 12:30:22 96 sec: 1305364 operations; [READ: Count=870643 Max=16441.34 Min=2.36 Avg=79.79 10=9.17 25=45.15 50=59.39 75=104.58 90=130.62 95=167.04 99=369.15 99.9=1449.98 99.99=6393.85] [UPDATE: Count=434721 Max=18186.24 Min=6.60 Avg=19.82 10=10.88 25=12.89 50=15.86 75=19.61 90=24.24 95=28.00 99=48.70 99.9=545.79 99.99=4210.69]
2025-04-19 12:30:23 97 sec: 1330553 operations; [READ: Count=887474 Max=16441.34 Min=2.36 Avg=79.23 10=9.16 25=44.93 50=59.23 75=104.32 90=129.85 95=166.14 99=359.17 99.9=1437.69 99.99=6311.94] [UPDATE: Count=443079 Max=18186.24 Min=6.60 Avg=19.76 10=10.88 25=12.88 50=15.84 75=19.58 90=24.19 95=27.92 99=48.48 99.9=538.11 99.99=4171.77]
2025-04-19 12:30:24 98 sec: 1355419 operations; [READ: Count=904059 Max=16441.34 Min=2.36 Avg=78.70 10=9.17 25=44.70 50=59.10 75=104.06 90=129.28 95=165.25 99=348.93 99.9=1419.26 99.99=6062.08] [UPDATE: Count=451360 Max=18186.24 Min=6.60 Avg=19.72 10=10.89 25=12.89 50=15.83 75=19.57 90=24.14 95=27.87 99=48.16 99.9=530.43 99.99=3899.39]
2025-04-19 12:30:25 99 sec: 1373696 operations; [READ: Count=916258 Max=16441.34 Min=2.36 Avg=78.63 10=9.18 25=44.54 50=58.98 75=103.87 90=129.09 95=165.38 99=364.29 99.9=1430.53 99.99=5722.11] [UPDATE: Count=457438 Max=18186.24 Min=6.60 Avg=19.67 10=10.86 25=12.86 50=15.80 75=19.52 90=24.09 95=27.82 99=48.00 99.9=527.36 99.99=3885.05]
2025-04-19 12:30:26 100 sec: 1392606 operations; [READ: Count=928879 Max=16441.34 Min=2.10 Avg=78.52 10=9.18 25=44.32 50=58.85 75=103.74 90=128.77 95=165.12 99=376.06 99.9=1444.86 99.99=5709.82] [UPDATE: Count=463727 Max=18186.24 Min=6.60 Avg=19.61 10=10.83 25=12.81 50=15.76 75=19.47 90=24.06 95=27.76 99=47.90 99.9=520.19 99.99=3885.05]
2025-04-19 12:30:27 101 sec: 1419359 operations; [READ: Count=946618 Max=16441.34 Min=2.10 Avg=77.94 10=9.15 25=44.00 50=58.59 75=103.49 90=128.06 95=164.22 99=365.57 99.9=1433.60 99.99=5521.41] [UPDATE: Count=472741 Max=18186.24 Min=6.60 Avg=19.52 10=10.79 25=12.77 50=15.71 75=19.41 90=23.98 95=27.68 99=47.77 99.9=514.56 99.99=3801.09]
2025-04-19 12:30:28 102 sec: 1445008 operations; [READ: Count=963696 Max=16441.34 Min=2.10 Avg=77.44 10=9.13 25=43.68 50=58.40 75=103.30 90=127.49 95=163.46 99=357.38 99.9=1420.29 99.99=5451.77] [UPDATE: Count=481312 Max=18186.24 Min=6.60 Avg=19.45 10=10.78 25=12.74 50=15.67 75=19.36 90=23.92 95=27.60 99=47.55 99.9=510.98 99.99=3704.83]
2025-04-19 12:30:29 103 sec: 1470391 operations; [READ: Count=980578 Max=16441.34 Min=2.10 Avg=76.98 10=9.10 25=43.33 50=58.17 75=103.17 90=127.04 95=162.69 99=350.72 99.9=1408.00 99.99=5365.76] [UPDATE: Count=489813 Max=18186.24 Min=6.60 Avg=19.36 10=10.73 25=12.69 50=15.61 75=19.28 90=23.86 95=27.52 99=47.42 99.9=506.37 99.99=3690.49]
2025-04-19 12:30:30 104 sec: 1489876 operations; [READ: Count=993539 Max=16441.34 Min=2.10 Avg=76.86 10=9.10 25=43.07 50=58.08 75=103.10 90=126.91 95=162.56 99=356.61 99.9=1411.07 99.99=5332.99] [UPDATE: Count=496337 Max=18186.24 Min=6.58 Avg=19.32 10=10.70 25=12.65 50=15.57 75=19.23 90=23.79 95=27.45 99=47.33 99.9=504.57 99.99=3690.49]
2025-04-19 12:30:31 105 sec: 1499586 operations; [READ: Count=1000000 Max=16441.34 Min=2.09 Avg=76.87 10=9.10 25=42.88 50=58.02 75=103.10 90=126.78 95=162.56 99=363.52 99.9=1421.31 99.99=5320.70] [UPDATE: Count=499586 Max=18186.24 Min=6.53 Avg=19.30 10=10.67 25=12.62 50=15.54 75=19.20 90=23.77 95=27.42 99=47.26 99.9=506.37 99.99=3704.83]
2025-04-19 12:30:32 106 sec: 1499586 operations; [READ: Count=1000000 Max=16441.34 Min=2.09 Avg=76.87 10=9.10 25=42.88 50=58.02 75=103.10 90=126.78 95=162.56 99=363.52 99.9=1421.31 99.99=5320.70] [UPDATE: Count=499586 Max=18186.24 Min=6.53 Avg=19.30 10=10.67 25=12.62 50=15.54 75=19.20 90=23.77 95=27.42 99=47.26 99.9=506.37 99.99=3704.83]
2025-04-19 12:30:33 107 sec: 1499586 operations; [READ: Count=1000000 Max=16441.34 Min=2.09 Avg=76.87 10=9.10 25=42.88 50=58.02 75=103.10 90=126.78 95=162.56 99=363.52 99.9=1421.31 99.99=5320.70] [UPDATE: Count=499586 Max=18186.24 Min=6.53 Avg=19.30 10=10.67 25=12.62 50=15.54 75=19.20 90=23.77 95=27.42 99=47.26 99.9=506.37 99.99=3704.83]
2025-04-19 12:30:34 108 sec: 1499586 operations; [READ: Count=1000000 Max=16441.34 Min=2.09 Avg=76.87 10=9.10 25=42.88 50=58.02 75=103.10 90=126.78 95=162.56 99=363.52 99.9=1421.31 99.99=5320.70] [UPDATE: Count=499586 Max=18186.24 Min=6.53 Avg=19.30 10=10.67 25=12.62 50=15.54 75=19.20 90=23.77 95=27.42 99=47.26 99.9=506.37 99.99=3704.83]
Run runtime(sec): 108.051
Run operations(ops): 1000000
Run throughput(ops/sec): 9254.9
