Running scope as unit: run-rec873e4e234b4a92b72dacf5b4654a29.scope
load file:/home/user/DataFiles/silesia_data/silesia.tar
2025-04-21 14:35:02 0 sec: 0 operations;
2025-04-21 14:35:03 1 sec: 52034 operations; [INSERT: Count=52034 Max=3268.61 Min=4.32 Avg=15.19 10=6.24 25=7.92 50=11.37 75=19.02 90=28.91 95=34.91 99=50.49 99.9=106.56 99.99=307.45]
2025-04-21 14:35:04 2 sec: 95383 operations; [INSERT: Count=95383 Max=3268.61 Min=4.32 Avg=17.27 10=7.10 25=9.71 50=14.45 75=22.18 90=30.54 95=35.90 99=48.58 99.9=94.14 99.99=299.52]
2025-04-21 14:35:05 3 sec: 138566 operations; [INSERT: Count=138566 Max=3268.61 Min=4.32 Avg=18.07 10=7.82 25=10.78 50=15.60 75=22.96 90=30.91 95=36.16 99=47.94 99.9=90.81 99.99=295.68]
2025-04-21 14:35:06 4 sec: 181402 operations; [INSERT: Count=181402 Max=3268.61 Min=4.32 Avg=18.52 10=8.38 25=11.40 50=16.19 75=23.41 90=31.14 95=36.26 99=47.68 99.9=87.04 99.99=292.86]
2025-04-21 14:35:07 5 sec: 223660 operations; [INSERT: Count=223660 Max=3268.61 Min=4.32 Avg=18.86 10=8.79 25=11.79 50=16.56 75=23.71 90=31.42 95=36.48 99=47.71 99.9=82.69 99.99=293.12]
2025-04-21 14:35:08 6 sec: 267691 operations; [INSERT: Count=267691 Max=6508.54 Min=4.32 Avg=18.95 10=9.05 25=11.95 50=16.59 75=23.61 90=31.21 95=36.32 99=48.06 99.9=107.52 99.99=295.42]
2025-04-21 14:35:09 7 sec: 314967 operations; [INSERT: Count=314967 Max=6508.54 Min=4.32 Avg=18.78 10=9.23 25=12.02 50=16.50 75=23.28 90=30.66 95=35.65 99=47.07 99.9=103.36 99.99=295.68]
2025-04-21 14:35:10 8 sec: 362343 operations; [INSERT: Count=362343 Max=6508.54 Min=4.32 Avg=18.64 10=9.38 25=12.09 50=16.41 75=23.02 90=30.19 95=35.10 99=46.34 99.9=100.16 99.99=293.12]
2025-04-21 14:35:11 9 sec: 409212 operations; [INSERT: Count=409212 Max=6508.54 Min=4.32 Avg=18.56 10=9.50 25=12.13 50=16.40 75=22.85 90=29.89 95=34.69 99=45.76 99.9=96.96 99.99=291.84]
2025-04-21 14:35:12 10 sec: 453834 operations; [INSERT: Count=453834 Max=6508.54 Min=4.32 Avg=18.60 10=9.61 25=12.23 50=16.46 75=22.88 90=29.82 95=34.56 99=45.38 99.9=94.21 99.99=292.61]
2025-04-21 14:35:13 11 sec: 497686 operations; [INSERT: Count=497686 Max=6508.54 Min=4.32 Avg=18.69 10=9.63 25=12.25 50=16.51 75=22.94 90=29.93 95=34.72 99=45.76 99.9=116.73 99.99=295.68]
2025-04-21 14:35:14 12 sec: 540556 operations; [INSERT: Count=540556 Max=6508.54 Min=4.32 Avg=18.79 10=9.70 25=12.31 50=16.59 75=23.05 90=30.09 95=34.88 99=45.79 99.9=114.37 99.99=304.38]
2025-04-21 14:35:15 13 sec: 584122 operations; [INSERT: Count=584122 Max=6508.54 Min=4.32 Avg=18.85 10=9.76 25=12.38 50=16.67 75=23.15 90=30.16 95=34.91 99=45.79 99.9=111.55 99.99=311.81]
2025-04-21 14:35:16 14 sec: 630773 operations; [INSERT: Count=630773 Max=6508.54 Min=4.32 Avg=18.80 10=9.78 25=12.38 50=16.64 75=23.05 90=30.02 95=34.72 99=45.47 99.9=107.20 99.99=320.51]
2025-04-21 14:35:17 15 sec: 677420 operations; [INSERT: Count=677420 Max=6508.54 Min=4.32 Avg=18.74 10=9.81 25=12.37 50=16.59 75=22.96 90=29.87 95=34.56 99=45.18 99.9=102.85 99.99=332.80]
2025-04-21 14:35:18 16 sec: 719988 operations; [INSERT: Count=719988 Max=6508.54 Min=4.32 Avg=18.82 10=9.86 25=12.41 50=16.64 75=22.99 90=29.95 95=34.72 99=45.76 99.9=120.51 99.99=337.15]
2025-04-21 14:35:19 17 sec: 753252 operations; [INSERT: Count=753252 Max=38240.25 Min=4.32 Avg=19.14 10=9.91 25=12.49 50=16.78 75=23.21 90=30.32 95=35.20 99=47.07 99.9=136.57 99.99=454.65]
2025-04-21 14:35:20 18 sec: 779465 operations; [INSERT: Count=779465 Max=38240.25 Min=4.32 Avg=19.62 10=9.97 25=12.60 50=17.02 75=23.68 90=31.10 95=36.41 99=50.75 99.9=155.39 99.99=574.46]
2025-04-21 14:35:21 19 sec: 804042 operations; [INSERT: Count=804042 Max=38240.25 Min=4.32 Avg=20.12 10=10.04 25=12.72 50=17.28 75=24.21 90=32.05 95=37.92 99=55.04 99.9=168.70 99.99=609.79]
2025-04-21 14:35:22 20 sec: 831527 operations; [INSERT: Count=831527 Max=38240.25 Min=4.32 Avg=20.49 10=10.11 25=12.83 50=17.50 75=24.59 90=32.70 95=38.94 99=57.82 99.9=182.66 99.99=645.12]
2025-04-21 14:35:23 21 sec: 861288 operations; [INSERT: Count=861288 Max=38240.25 Min=4.32 Avg=20.77 10=10.18 25=12.93 50=17.63 75=24.77 90=32.99 95=39.33 99=59.10 99.9=201.09 99.99=687.10]
2025-04-21 14:35:24 22 sec: 885567 operations; [INSERT: Count=885567 Max=38240.25 Min=4.32 Avg=21.20 10=10.23 25=13.02 50=17.84 75=25.12 90=33.66 95=40.48 99=63.17 99.9=220.29 99.99=719.36]
2025-04-21 14:35:25 23 sec: 909152 operations; [INSERT: Count=909152 Max=38240.25 Min=4.32 Avg=21.62 10=10.27 25=13.10 50=18.02 75=25.47 90=34.43 95=41.76 99=68.35 99.9=225.79 99.99=735.74]
2025-04-21 14:35:26 24 sec: 933984 operations; [INSERT: Count=933984 Max=38240.25 Min=4.32 Avg=21.98 10=10.29 25=13.15 50=18.14 75=25.71 90=34.98 95=42.81 99=72.83 99.9=231.42 99.99=755.20]
2025-04-21 14:35:27 25 sec: 961618 operations; [INSERT: Count=961618 Max=38240.25 Min=4.32 Avg=22.25 10=10.29 25=13.16 50=18.18 75=25.79 90=35.23 95=43.39 99=75.84 99.9=237.06 99.99=772.61]
2025-04-21 14:35:28 26 sec: 997226 operations; [INSERT: Count=997226 Max=38240.25 Min=4.32 Avg=22.29 10=10.32 25=13.15 50=18.14 75=25.76 90=35.20 95=43.42 99=76.67 99.9=236.67 99.99=772.61]
2025-04-21 14:35:29 27 sec: 1000000 operations; [INSERT: Count=1000000 Max=38240.25 Min=4.32 Avg=22.34 10=10.32 25=13.15 50=18.14 75=25.76 90=35.23 95=43.52 99=77.44 99.9=237.31 99.99=773.63]
2025-04-21 14:35:30 28 sec: 1000000 operations; [INSERT: Count=1000000 Max=38240.25 Min=4.32 Avg=22.34 10=10.32 25=13.15 50=18.14 75=25.76 90=35.23 95=43.52 99=77.44 99.9=237.31 99.99=773.63]
2025-04-21 14:35:31 29 sec: 1000000 operations; [INSERT: Count=1000000 Max=38240.25 Min=4.32 Avg=22.34 10=10.32 25=13.15 50=18.14 75=25.76 90=35.23 95=43.52 99=77.44 99.9=237.31 99.99=773.63]
2025-04-21 14:35:32 30 sec: 1000000 operations; [INSERT: Count=1000000 Max=38240.25 Min=4.32 Avg=22.34 10=10.32 25=13.15 50=18.14 75=25.76 90=35.23 95=43.52 99=77.44 99.9=237.31 99.99=773.63]
2025-04-21 14:35:33 31 sec: 1000000 operations; [INSERT: Count=1000000 Max=38240.25 Min=4.32 Avg=22.34 10=10.32 25=13.15 50=18.14 75=25.76 90=35.23 95=43.52 99=77.44 99.9=237.31 99.99=773.63]
2025-04-21 14:35:34 32 sec: 1000000 operations; [INSERT: Count=1000000 Max=38240.25 Min=4.32 Avg=22.34 10=10.32 25=13.15 50=18.14 75=25.76 90=35.23 95=43.52 99=77.44 99.9=237.31 99.99=773.63]
2025-04-21 14:35:35 33 sec: 1000000 operations; [INSERT: Count=1000000 Max=38240.25 Min=4.32 Avg=22.34 10=10.32 25=13.15 50=18.14 75=25.76 90=35.23 95=43.52 99=77.44 99.9=237.31 99.99=773.63]
2025-04-21 14:35:36 34 sec: 1000000 operations; [INSERT: Count=1000000 Max=38240.25 Min=4.32 Avg=22.34 10=10.32 25=13.15 50=18.14 75=25.76 90=35.23 95=43.52 99=77.44 99.9=237.31 99.99=773.63]
2025-04-21 14:35:37 34 sec: 1000000 operations; [INSERT: Count=1000000 Max=38240.25 Min=4.32 Avg=22.34 10=10.32 25=13.15 50=18.14 75=25.76 90=35.23 95=43.52 99=77.44 99.9=237.31 99.99=773.63]
Load runtime(sec): 34.3603
Load operations(ops): 1000000
Load throughput(ops/sec): 29103.4
