Running scope as unit: run-r5f9069f455b846879ca2708a038f3aee.scope
load file:/home/user/DataFiles/silesia_data/silesia.tar
2025-04-21 14:35:02 0 sec: 0 operations;
2025-04-21 14:35:03 1 sec: 70791 operations; [INSERT: Count=70791 Max=3317.76 Min=3.86 Avg=10.38 10=4.70 25=5.66 50=7.22 75=10.26 90=18.53 95=28.13 99=49.63 99.9=124.03 99.99=389.38]
2025-04-21 14:35:04 2 sec: 112155 operations; [INSERT: Count=112155 Max=3317.76 Min=3.86 Avg=14.28 10=4.93 25=6.61 50=10.22 75=18.56 90=28.51 95=34.78 99=49.57 99.9=115.58 99.99=377.86]
2025-04-21 14:35:05 3 sec: 153712 operations; [INSERT: Count=153712 Max=3317.76 Min=3.86 Avg=16.05 10=5.32 25=7.49 50=13.03 75=21.30 90=30.35 95=36.06 99=49.38 99.9=112.77 99.99=364.54]
2025-04-21 14:35:06 4 sec: 195013 operations; [INSERT: Count=195013 Max=3317.76 Min=3.86 Avg=17.09 10=5.86 25=8.65 50=14.57 75=22.54 90=31.18 95=36.70 99=49.28 99.9=103.49 99.99=338.69]
2025-04-21 14:35:07 5 sec: 236076 operations; [INSERT: Count=236076 Max=3317.76 Min=3.86 Avg=17.79 10=6.25 25=9.70 50=15.49 75=23.28 90=31.73 95=37.15 99=49.38 99.9=98.81 99.99=327.17]
2025-04-21 14:35:08 6 sec: 276229 operations; [INSERT: Count=276229 Max=6496.26 Min=3.86 Avg=18.35 10=6.57 25=10.46 50=16.03 75=23.71 90=32.05 95=37.53 99=50.37 99.9=130.30 99.99=321.79]
2025-04-21 14:35:09 7 sec: 322628 operations; [INSERT: Count=322628 Max=6496.26 Min=3.86 Avg=18.34 10=6.89 25=10.91 50=16.10 75=23.44 90=31.49 95=36.83 99=49.34 99.9=125.38 99.99=318.98]
2025-04-21 14:35:10 8 sec: 369019 operations; [INSERT: Count=369019 Max=6496.26 Min=3.86 Avg=18.33 10=7.25 25=11.21 50=16.16 75=23.25 90=31.04 95=36.26 99=48.45 99.9=124.16 99.99=309.25]
2025-04-21 14:35:11 9 sec: 415326 operations; [INSERT: Count=415326 Max=6496.26 Min=3.86 Avg=18.33 10=7.63 25=11.44 50=16.20 75=23.10 90=30.72 95=35.84 99=47.74 99.9=120.70 99.99=303.36]
2025-04-21 14:35:12 10 sec: 461077 operations; [INSERT: Count=461077 Max=6496.26 Min=3.86 Avg=18.35 10=7.96 25=11.59 50=16.25 75=23.04 90=30.53 95=35.58 99=47.30 99.9=118.53 99.99=302.33]
2025-04-21 14:35:13 11 sec: 504732 operations; [INSERT: Count=504732 Max=6496.26 Min=3.86 Avg=18.46 10=8.18 25=11.67 50=16.30 75=23.09 90=30.57 95=35.65 99=47.62 99.9=141.44 99.99=309.25]
2025-04-21 14:35:14 12 sec: 550917 operations; [INSERT: Count=550917 Max=6496.26 Min=3.86 Avg=18.45 10=8.38 25=11.73 50=16.30 75=23.02 90=30.45 95=35.45 99=47.30 99.9=137.73 99.99=318.21]
2025-04-21 14:35:15 13 sec: 597598 operations; [INSERT: Count=597598 Max=6496.26 Min=3.86 Avg=18.42 10=8.53 25=11.77 50=16.28 75=22.94 90=30.29 95=35.26 99=46.94 99.9=133.25 99.99=326.65]
2025-04-21 14:35:16 14 sec: 637396 operations; [INSERT: Count=637396 Max=6496.26 Min=3.86 Avg=18.59 10=8.68 25=11.89 50=16.45 75=23.15 90=30.51 95=35.52 99=47.26 99.9=130.88 99.99=338.69]
2025-04-21 14:35:17 15 sec: 673851 operations; [INSERT: Count=673851 Max=6496.26 Min=3.86 Avg=18.82 10=8.84 25=12.05 50=16.69 75=23.45 90=30.83 95=35.84 99=47.55 99.9=127.55 99.99=349.95]
2025-04-21 14:35:18 16 sec: 706906 operations; [INSERT: Count=706906 Max=6496.26 Min=3.86 Avg=19.14 10=8.97 25=12.20 50=16.91 75=23.74 90=31.21 95=36.32 99=48.83 99.9=178.30 99.99=367.36]
2025-04-21 14:35:19 17 sec: 731861 operations; [INSERT: Count=731861 Max=36831.23 Min=3.86 Avg=19.70 10=9.07 25=12.33 50=17.17 75=24.21 90=32.02 95=37.57 99=52.22 99.9=185.73 99.99=412.42]
2025-04-21 14:35:20 18 sec: 758413 operations; [INSERT: Count=758413 Max=36831.23 Min=3.86 Avg=20.16 10=9.18 25=12.47 50=17.44 75=24.69 90=32.80 95=38.78 99=55.65 99.9=196.86 99.99=487.17]
2025-04-21 14:35:21 19 sec: 785245 operations; [INSERT: Count=785245 Max=36831.23 Min=3.86 Avg=20.58 10=9.28 25=12.62 50=17.71 75=25.12 90=33.57 95=39.90 99=58.46 99.9=206.59 99.99=559.10]
2025-04-21 14:35:22 20 sec: 812618 operations; [INSERT: Count=812618 Max=36831.23 Min=3.86 Avg=20.95 10=9.38 25=12.76 50=17.97 75=25.54 90=34.17 95=40.73 99=60.61 99.9=221.18 99.99=617.98]
2025-04-21 14:35:23 21 sec: 840872 operations; [INSERT: Count=840872 Max=36831.23 Min=3.86 Avg=21.28 10=9.47 25=12.89 50=18.19 75=25.82 90=34.59 95=41.31 99=62.56 99.9=229.38 99.99=655.36]
2025-04-21 14:35:24 22 sec: 867244 operations; [INSERT: Count=867244 Max=36831.23 Min=3.86 Avg=21.65 10=9.56 25=13.01 50=18.41 75=26.16 90=35.13 95=42.05 99=64.70 99.9=235.01 99.99=706.56]
2025-04-21 14:35:25 23 sec: 897615 operations; [INSERT: Count=897615 Max=36831.23 Min=3.86 Avg=21.88 10=9.65 25=13.10 50=18.53 75=26.30 90=35.36 95=42.46 99=67.84 99.9=239.74 99.99=717.82]
2025-04-21 14:35:26 24 sec: 929808 operations; [INSERT: Count=929808 Max=36831.23 Min=3.86 Avg=22.04 10=9.69 25=13.11 50=18.56 75=26.38 90=35.62 95=43.01 99=71.74 99.9=241.41 99.99=714.75]
2025-04-21 14:35:27 25 sec: 956472 operations; [INSERT: Count=956472 Max=39223.29 Min=3.86 Avg=22.34 10=9.70 25=13.09 50=18.53 75=26.38 90=35.74 95=43.42 99=74.56 99.9=250.62 99.99=742.40]
2025-04-21 14:35:28 26 sec: 989668 operations; [INSERT: Count=989668 Max=39223.29 Min=3.86 Avg=22.45 10=9.76 25=13.11 50=18.56 75=26.46 90=35.94 95=43.81 99=77.12 99.9=249.98 99.99=742.91]
2025-04-21 14:35:29 27 sec: 1000000 operations; [INSERT: Count=1000000 Max=39223.29 Min=3.86 Avg=22.46 10=9.76 25=13.10 50=18.54 75=26.43 90=35.94 95=43.77 99=77.12 99.9=248.70 99.99=742.91]
2025-04-21 14:35:30 28 sec: 1000000 operations; [INSERT: Count=1000000 Max=39223.29 Min=3.86 Avg=22.46 10=9.76 25=13.10 50=18.54 75=26.43 90=35.94 95=43.77 99=77.12 99.9=248.70 99.99=742.91]
2025-04-21 14:35:31 29 sec: 1000000 operations; [INSERT: Count=1000000 Max=39223.29 Min=3.86 Avg=22.46 10=9.76 25=13.10 50=18.54 75=26.43 90=35.94 95=43.77 99=77.12 99.9=248.70 99.99=742.91]
2025-04-21 14:35:32 30 sec: 1000000 operations; [INSERT: Count=1000000 Max=39223.29 Min=3.86 Avg=22.46 10=9.76 25=13.10 50=18.54 75=26.43 90=35.94 95=43.77 99=77.12 99.9=248.70 99.99=742.91]
2025-04-21 14:35:33 31 sec: 1000000 operations; [INSERT: Count=1000000 Max=39223.29 Min=3.86 Avg=22.46 10=9.76 25=13.10 50=18.54 75=26.43 90=35.94 95=43.77 99=77.12 99.9=248.70 99.99=742.91]
2025-04-21 14:35:34 32 sec: 1000000 operations; [INSERT: Count=1000000 Max=39223.29 Min=3.86 Avg=22.46 10=9.76 25=13.10 50=18.54 75=26.43 90=35.94 95=43.77 99=77.12 99.9=248.70 99.99=742.91]
2025-04-21 14:35:35 33 sec: 1000000 operations; [INSERT: Count=1000000 Max=39223.29 Min=3.86 Avg=22.46 10=9.76 25=13.10 50=18.54 75=26.43 90=35.94 95=43.77 99=77.12 99.9=248.70 99.99=742.91]
2025-04-21 14:35:36 34 sec: 1000000 operations; [INSERT: Count=1000000 Max=39223.29 Min=3.86 Avg=22.46 10=9.76 25=13.10 50=18.54 75=26.43 90=35.94 95=43.77 99=77.12 99.9=248.70 99.99=742.91]
2025-04-21 14:35:37 34 sec: 1000000 operations; [INSERT: Count=1000000 Max=39223.29 Min=3.86 Avg=22.46 10=9.76 25=13.10 50=18.54 75=26.43 90=35.94 95=43.77 99=77.12 99.9=248.70 99.99=742.91]
Load runtime(sec): 34.6821
Load operations(ops): 1000000
Load throughput(ops/sec): 28833.4
