Running scope as unit: run-r8a9cc683edfc44a69ab8070e3ad6e269.scope
load file:/home/user/DataFiles/silesia_data/silesia.tar
2025-04-21 14:35:02 0 sec: 0 operations;
2025-04-21 14:35:03 1 sec: 66749 operations; [INSERT: Count=66749 Max=2754.56 Min=4.02 Avg=10.89 10=4.75 25=5.65 50=7.20 75=9.95 90=20.50 95=32.90 99=58.40 99.9=148.35 99.99=395.52]
2025-04-21 14:35:04 2 sec: 95895 operations; [INSERT: Count=95895 Max=2754.56 Min=4.02 Avg=16.57 10=4.95 25=6.41 50=9.33 75=23.39 90=36.86 95=45.79 99=64.93 99.9=136.57 99.99=373.50]
2025-04-21 14:35:05 3 sec: 125270 operations; [INSERT: Count=125270 Max=2754.56 Min=4.02 Avg=19.55 10=5.19 25=7.01 50=14.54 75=28.08 90=40.29 95=48.41 99=65.60 99.9=126.91 99.99=366.33]
2025-04-21 14:35:06 4 sec: 154440 operations; [INSERT: Count=154440 Max=2754.56 Min=4.02 Avg=21.44 10=5.50 25=7.80 50=18.54 75=30.24 90=41.95 95=49.82 99=66.37 99.9=123.33 99.99=369.92]
2025-04-21 14:35:07 5 sec: 183357 operations; [INSERT: Count=183357 Max=2754.56 Min=4.02 Avg=22.77 10=5.85 25=8.83 50=20.50 75=31.57 90=43.04 95=50.78 99=66.81 99.9=119.17 99.99=374.78]
2025-04-21 14:35:08 6 sec: 212272 operations; [INSERT: Count=212272 Max=6311.94 Min=4.02 Avg=23.74 10=6.15 25=10.29 50=21.57 75=32.29 90=43.62 95=51.33 99=68.16 99.9=150.14 99.99=377.34]
2025-04-21 14:35:09 7 sec: 246223 operations; [INSERT: Count=246223 Max=6311.94 Min=4.02 Avg=23.89 10=6.46 25=11.90 50=21.84 75=31.97 90=42.88 95=50.40 99=66.81 99.9=140.54 99.99=373.50]
2025-04-21 14:35:10 8 sec: 280366 operations; [INSERT: Count=280366 Max=6311.94 Min=4.02 Avg=23.98 10=6.74 25=13.02 50=22.00 75=31.68 90=42.24 95=49.60 99=65.73 99.9=138.50 99.99=370.43]
2025-04-21 14:35:11 9 sec: 314675 operations; [INSERT: Count=314675 Max=6311.94 Min=4.02 Avg=24.04 10=7.01 25=13.73 50=22.09 75=31.45 90=41.73 95=48.93 99=64.83 99.9=134.78 99.99=366.33]
2025-04-21 14:35:12 10 sec: 347850 operations; [INSERT: Count=347850 Max=6311.94 Min=4.02 Avg=24.18 10=7.33 25=14.29 50=22.27 75=31.42 90=41.50 95=48.54 99=64.16 99.9=132.22 99.99=364.54]
2025-04-21 14:35:13 11 sec: 376767 operations; [INSERT: Count=376767 Max=6311.94 Min=4.02 Avg=24.62 10=7.66 25=14.77 50=22.62 75=31.77 90=41.92 95=49.02 99=65.15 99.9=167.04 99.99=371.71]
2025-04-21 14:35:14 12 sec: 407557 operations; [INSERT: Count=407557 Max=6311.94 Min=4.02 Avg=24.86 10=8.03 25=15.19 50=22.86 75=31.97 90=42.02 95=49.09 99=64.93 99.9=161.66 99.99=376.83]
2025-04-21 14:35:15 13 sec: 438808 operations; [INSERT: Count=438808 Max=6311.94 Min=4.02 Avg=25.04 10=8.41 25=15.53 50=23.07 75=32.08 90=42.05 95=48.99 99=64.73 99.9=158.97 99.99=380.16]
2025-04-21 14:35:16 14 sec: 473628 operations; [INSERT: Count=473628 Max=6311.94 Min=4.02 Avg=24.96 10=8.81 25=15.59 50=22.96 75=31.87 90=41.73 95=48.58 99=64.16 99.9=153.34 99.99=390.14]
2025-04-21 14:35:17 15 sec: 510881 operations; [INSERT: Count=510881 Max=6311.94 Min=4.02 Avg=24.75 10=9.20 25=15.52 50=22.70 75=31.49 90=41.25 95=48.03 99=63.55 99.9=150.14 99.99=410.88]
2025-04-21 14:35:18 16 sec: 544581 operations; [INSERT: Count=544581 Max=6311.94 Min=4.02 Avg=24.77 10=9.52 25=15.54 50=22.57 75=31.30 90=41.09 95=47.94 99=64.09 99.9=183.29 99.99=422.14]
2025-04-21 14:35:19 17 sec: 573560 operations; [INSERT: Count=573560 Max=6311.94 Min=4.02 Avg=25.02 10=9.79 25=15.70 50=22.77 75=31.58 90=41.50 95=48.54 99=65.25 99.9=178.05 99.99=423.94]
2025-04-21 14:35:20 18 sec: 604055 operations; [INSERT: Count=604055 Max=43319.29 Min=4.02 Avg=25.20 10=10.01 25=15.73 50=22.78 75=31.63 90=41.63 95=48.73 99=65.60 99.9=172.93 99.99=427.26]
2025-04-21 14:35:21 19 sec: 636484 operations; [INSERT: Count=636484 Max=43319.29 Min=4.02 Avg=25.26 10=10.23 25=15.80 50=22.82 75=31.68 90=41.73 95=48.86 99=65.73 99.9=168.45 99.99=424.45]
2025-04-21 14:35:22 20 sec: 667690 operations; [INSERT: Count=667690 Max=43319.29 Min=4.02 Avg=25.36 10=10.46 25=15.93 50=22.93 75=31.79 90=41.82 95=48.96 99=65.79 99.9=162.81 99.99=423.42]
2025-04-21 14:35:23 21 sec: 696398 operations; [INSERT: Count=696398 Max=43319.29 Min=4.02 Avg=25.55 10=10.64 25=15.99 50=22.94 75=31.77 90=41.82 95=48.96 99=66.05 99.9=172.80 99.99=473.34]
2025-04-21 14:35:24 22 sec: 724746 operations; [INSERT: Count=724746 Max=43319.29 Min=4.02 Avg=25.74 10=10.82 25=16.11 50=23.07 75=31.93 90=42.05 95=49.28 99=66.56 99.9=172.80 99.99=529.92]
2025-04-21 14:35:25 23 sec: 755817 operations; [INSERT: Count=755817 Max=43319.29 Min=4.02 Avg=25.82 10=10.94 25=16.09 50=22.99 75=31.86 90=42.05 95=49.47 99=68.61 99.9=189.44 99.99=553.47]
2025-04-21 14:35:26 24 sec: 781319 operations; [INSERT: Count=781319 Max=43319.29 Min=4.02 Avg=26.11 10=11.05 25=16.16 50=23.09 75=32.05 90=42.46 95=50.17 99=72.19 99.9=203.26 99.99=596.48]
2025-04-21 14:35:27 25 sec: 802775 operations; [INSERT: Count=802775 Max=43319.29 Min=4.02 Avg=26.54 10=11.11 25=16.13 50=23.02 75=32.03 90=42.59 95=50.53 99=75.01 99.9=217.22 99.99=662.53]
2025-04-21 14:35:28 26 sec: 831694 operations; [INSERT: Count=831694 Max=43319.29 Min=4.02 Avg=26.65 10=11.21 25=16.15 50=23.02 75=32.08 90=42.78 95=50.94 99=78.02 99.9=220.03 99.99=669.70]
2025-04-21 14:35:29 27 sec: 868199 operations; [INSERT: Count=868199 Max=43319.29 Min=4.02 Avg=26.49 10=11.14 25=15.86 50=22.67 75=31.76 90=42.56 95=50.85 99=78.46 99.9=224.00 99.99=694.27]
2025-04-21 14:35:30 28 sec: 910817 operations; [INSERT: Count=910817 Max=43319.29 Min=4.02 Avg=26.14 10=10.97 25=15.52 50=22.25 75=31.34 90=42.21 95=50.62 99=78.40 99.9=224.00 99.99=710.65]
2025-04-21 14:35:31 29 sec: 951133 operations; [INSERT: Count=951133 Max=43319.29 Min=4.02 Avg=25.90 10=10.56 25=15.09 50=21.84 75=30.99 90=41.98 95=50.49 99=78.78 99.9=227.84 99.99=735.23]
2025-04-21 14:35:32 30 sec: 979796 operations; [INSERT: Count=979796 Max=43319.29 Min=4.02 Avg=26.04 10=10.57 25=15.05 50=21.79 75=31.01 90=42.21 95=51.04 99=81.98 99.9=234.88 99.99=744.45]
2025-04-21 14:35:33 31 sec: 1000000 operations; [INSERT: Count=1000000 Max=43319.29 Min=4.02 Avg=26.15 10=10.58 25=15.03 50=21.76 75=31.04 90=42.40 95=51.52 99=84.54 99.9=245.76 99.99=813.05]
2025-04-21 14:35:34 32 sec: 1000000 operations; [INSERT: Count=1000000 Max=43319.29 Min=4.02 Avg=26.15 10=10.58 25=15.03 50=21.76 75=31.04 90=42.40 95=51.52 99=84.54 99.9=245.76 99.99=813.05]
2025-04-21 14:35:35 33 sec: 1000000 operations; [INSERT: Count=1000000 Max=43319.29 Min=4.02 Avg=26.15 10=10.58 25=15.03 50=21.76 75=31.04 90=42.40 95=51.52 99=84.54 99.9=245.76 99.99=813.05]
2025-04-21 14:35:36 34 sec: 1000000 operations; [INSERT: Count=1000000 Max=43319.29 Min=4.02 Avg=26.15 10=10.58 25=15.03 50=21.76 75=31.04 90=42.40 95=51.52 99=84.54 99.9=245.76 99.99=813.05]
2025-04-21 14:35:37 35 sec: 1000000 operations; [INSERT: Count=1000000 Max=43319.29 Min=4.02 Avg=26.15 10=10.58 25=15.03 50=21.76 75=31.04 90=42.40 95=51.52 99=84.54 99.9=245.76 99.99=813.05]
2025-04-21 14:35:38 36 sec: 1000000 operations; [INSERT: Count=1000000 Max=43319.29 Min=4.02 Avg=26.15 10=10.58 25=15.03 50=21.76 75=31.04 90=42.40 95=51.52 99=84.54 99.9=245.76 99.99=813.05]
2025-04-21 14:35:39 37 sec: 1000000 operations; [INSERT: Count=1000000 Max=43319.29 Min=4.02 Avg=26.15 10=10.58 25=15.03 50=21.76 75=31.04 90=42.40 95=51.52 99=84.54 99.9=245.76 99.99=813.05]
2025-04-21 14:35:40 38 sec: 1000000 operations; [INSERT: Count=1000000 Max=43319.29 Min=4.02 Avg=26.15 10=10.58 25=15.03 50=21.76 75=31.04 90=42.40 95=51.52 99=84.54 99.9=245.76 99.99=813.05]
2025-04-21 14:35:41 39 sec: 1000000 operations; [INSERT: Count=1000000 Max=43319.29 Min=4.02 Avg=26.15 10=10.58 25=15.03 50=21.76 75=31.04 90=42.40 95=51.52 99=84.54 99.9=245.76 99.99=813.05]
2025-04-21 14:35:42 40 sec: 1000000 operations; [INSERT: Count=1000000 Max=43319.29 Min=4.02 Avg=26.15 10=10.58 25=15.03 50=21.76 75=31.04 90=42.40 95=51.52 99=84.54 99.9=245.76 99.99=813.05]
2025-04-21 14:35:43 41 sec: 1000000 operations; [INSERT: Count=1000000 Max=43319.29 Min=4.02 Avg=26.15 10=10.58 25=15.03 50=21.76 75=31.04 90=42.40 95=51.52 99=84.54 99.9=245.76 99.99=813.05]
2025-04-21 14:35:43 41 sec: 1000000 operations; [INSERT: Count=1000000 Max=43319.29 Min=4.02 Avg=26.15 10=10.58 25=15.03 50=21.76 75=31.04 90=42.40 95=51.52 99=84.54 99.9=245.76 99.99=813.05]
Load runtime(sec): 41.348
Load operations(ops): 1000000
Load throughput(ops/sec): 24184.9
