Running scope as unit: run-r49499095ca954bfeb9e85b3d38e2e5c4.scope
load file:/home/user/DataFiles/silesia_data/silesia.tar
2025-04-19 13:27:27 0 sec: 0 operations;
2025-04-19 13:27:28 1 sec: 0 operations;
2025-04-19 13:27:29 2 sec: 0 operations;
2025-04-19 13:27:30 3 sec: 0 operations;
2025-04-19 13:27:31 4 sec: 0 operations;
2025-04-19 13:27:32 5 sec: 0 operations;
2025-04-19 13:27:33 6 sec: 0 operations;
2025-04-19 13:27:34 7 sec: 0 operations;
2025-04-19 13:27:35 8 sec: 0 operations;
2025-04-19 13:27:36 9 sec: 0 operations;
2025-04-19 13:27:37 10 sec: 0 operations;
2025-04-19 13:27:38 11 sec: 0 operations;
2025-04-19 13:27:39 12 sec: 0 operations;
2025-04-19 13:27:40 13 sec: 0 operations;
2025-04-19 13:27:41 14 sec: 0 operations;
2025-04-19 13:27:42 15 sec: 0 operations;
2025-04-19 13:27:43 16 sec: 0 operations;
2025-04-19 13:27:44 17 sec: 0 operations;
2025-04-19 13:27:45 18 sec: 0 operations;
2025-04-19 13:27:46 19 sec: 0 operations;
2025-04-19 13:27:47 20 sec: 0 operations;
2025-04-19 13:27:48 21 sec: 0 operations;
2025-04-19 13:27:49 22 sec: 2415 operations; [READ: Count=1203 Max=4440.06 Min=5.18 Avg=196.39 10=56.58 25=84.61 50=127.87 75=209.02 90=298.50 95=494.08 99=1470.46 99.9=2652.16 99.99=4440.06] [UPDATE: Count=1212 Max=2629.63 Min=11.18 Avg=194.12 10=66.50 25=91.84 50=140.16 75=213.12 90=293.89 95=402.43 99=1467.39 99.9=2287.61 99.99=2629.63]
2025-04-19 13:27:50 23 sec: 9006 operations; [READ: Count=4492 Max=4440.06 Min=4.30 Avg=158.08 10=54.43 25=84.42 50=129.09 75=200.06 90=260.74 95=303.87 99=708.61 99.9=1930.24 99.99=4440.06] [UPDATE: Count=4514 Max=2629.63 Min=10.37 Avg=166.91 10=64.86 25=94.46 50=144.00 75=212.48 90=271.87 95=306.94 99=523.26 99.9=1969.15 99.99=2629.63]
2025-04-19 13:27:51 24 sec: 15666 operations; [READ: Count=7839 Max=4440.06 Min=4.30 Avg=152.02 10=53.22 25=83.58 50=128.70 75=197.50 90=256.89 95=296.96 99=467.20 99.9=1677.31 99.99=2652.16] [UPDATE: Count=7827 Max=3260.41 Min=10.37 Avg=161.48 10=62.14 25=92.80 50=141.44 75=210.18 90=269.06 95=303.62 99=442.11 99.9=1787.90 99.99=2629.63]
2025-04-19 13:27:52 25 sec: 22596 operations; [READ: Count=11206 Max=4440.06 Min=3.75 Avg=147.32 10=51.04 25=81.53 50=126.02 75=194.69 90=251.65 95=292.61 99=430.59 99.9=1473.54 99.99=2652.16] [UPDATE: Count=11390 Max=3260.41 Min=10.27 Avg=157.72 10=60.61 25=91.33 50=138.88 75=206.21 90=266.50 95=302.85 99=420.86 99.9=1602.56 99.99=2629.63]
2025-04-19 13:27:53 26 sec: 28945 operations; [READ: Count=14349 Max=4440.06 Min=3.75 Avg=148.05 10=51.30 25=81.22 50=125.38 75=194.56 90=254.46 95=296.96 99=489.98 99.9=1392.64 99.99=2652.16] [UPDATE: Count=14596 Max=3260.41 Min=7.96 Avg=158.59 10=59.87 25=90.75 50=137.60 75=206.34 90=268.29 95=308.48 99=505.34 99.9=1412.10 99.99=2629.63]
2025-04-19 13:27:54 27 sec: 34528 operations; [READ: Count=17124 Max=4440.06 Min=3.75 Avg=150.27 10=50.59 25=80.77 50=125.25 75=194.69 90=258.05 95=307.71 99=583.17 99.9=1300.48 99.99=2332.67] [UPDATE: Count=17404 Max=13729.79 Min=7.96 Avg=164.25 10=59.26 25=90.30 50=137.09 75=207.10 90=272.13 95=320.51 99=617.47 99.9=1852.41 99.99=8667.14]
2025-04-19 13:27:55 28 sec: 39971 operations; [READ: Count=19852 Max=4440.06 Min=3.75 Avg=151.77 10=50.14 25=80.58 50=124.67 75=194.69 90=260.86 95=317.44 99=657.41 99.9=1291.26 99.99=2332.67] [UPDATE: Count=20119 Max=26296.32 Min=7.96 Avg=169.60 10=59.65 25=90.24 50=136.70 75=207.23 90=275.45 95=331.01 99=680.45 99.9=2013.18 99.99=13729.79]
2025-04-19 13:27:56 29 sec: 46340 operations; [READ: Count=23041 Max=4440.06 Min=3.75 Avg=151.41 10=50.40 25=81.66 50=126.02 75=195.58 90=259.84 95=312.57 99=628.22 99.9=1243.13 99.99=2332.67] [UPDATE: Count=23299 Max=26296.32 Min=7.96 Avg=168.57 10=60.67 25=91.58 50=138.37 75=208.13 90=274.18 95=327.68 99=645.63 99.9=1852.41 99.99=13729.79]
2025-04-19 13:27:57 30 sec: 52707 operations; [READ: Count=26229 Max=4440.06 Min=3.75 Avg=150.96 10=50.85 25=82.75 50=127.04 75=195.20 90=259.33 95=309.25 99=592.89 99.9=1172.48 99.99=2297.86] [UPDATE: Count=26478 Max=26296.32 Min=7.96 Avg=167.96 10=61.44 25=92.86 50=139.52 75=209.02 90=273.66 95=325.63 99=627.71 99.9=1603.58 99.99=13123.58]
2025-04-19 13:27:58 31 sec: 59269 operations; [READ: Count=29524 Max=4440.06 Min=3.75 Avg=150.31 10=51.10 25=83.01 50=126.97 75=194.81 90=258.56 95=307.71 99=574.46 99.9=1139.71 99.99=2297.86] [UPDATE: Count=29745 Max=26296.32 Min=7.96 Avg=166.78 10=61.47 25=93.18 50=139.39 75=208.51 90=272.89 95=323.07 99=611.33 99.9=1467.39 99.99=13123.58]
2025-04-19 13:27:59 32 sec: 64810 operations; [READ: Count=32285 Max=4935.68 Min=3.75 Avg=151.49 10=50.94 25=82.94 50=126.21 75=193.92 90=258.30 95=308.74 99=632.32 99.9=1410.05 99.99=2332.67] [UPDATE: Count=32525 Max=26296.32 Min=7.96 Avg=169.08 10=61.31 25=93.25 50=139.13 75=207.87 90=273.66 95=326.40 99=677.89 99.9=2037.76 99.99=13123.58]
2025-04-19 13:28:00 33 sec: 70384 operations; [READ: Count=35041 Max=4935.68 Min=3.63 Avg=151.83 10=50.17 25=81.86 50=124.61 75=191.87 90=257.28 95=309.76 99=699.90 99.9=1566.72 99.99=2332.67] [UPDATE: Count=35343 Max=26296.32 Min=7.96 Avg=171.53 10=60.77 25=92.48 50=137.47 75=205.82 90=273.41 95=328.70 99=769.02 99.9=2287.61 99.99=13729.79]
2025-04-19 13:28:01 34 sec: 77638 operations; [READ: Count=38652 Max=4935.68 Min=3.63 Avg=149.67 10=49.50 25=81.34 50=123.84 75=190.08 90=254.08 95=305.15 99=662.01 99.9=1481.73 99.99=2332.67] [UPDATE: Count=38986 Max=26296.32 Min=7.96 Avg=169.03 10=60.51 25=92.29 50=136.57 75=204.29 90=270.85 95=323.84 99=729.60 99.9=2228.22 99.99=13729.79]
2025-04-19 13:28:02 35 sec: 85108 operations; [READ: Count=42492 Max=4935.68 Min=3.63 Avg=147.50 10=48.86 25=80.77 50=122.81 75=187.90 90=251.52 95=300.54 99=636.41 99.9=1470.46 99.99=2332.67] [UPDATE: Count=42616 Max=26296.32 Min=7.96 Avg=166.57 10=59.68 25=91.71 50=135.17 75=202.11 90=267.77 95=319.23 99=712.19 99.9=2091.01 99.99=13123.58]
2025-04-19 13:28:03 36 sec: 93078 operations; [READ: Count=46547 Max=4935.68 Min=3.63 Avg=144.42 10=47.39 25=79.10 50=120.25 75=184.19 90=247.94 95=295.94 99=614.40 99.9=1437.69 99.99=2297.86] [UPDATE: Count=46531 Max=26296.32 Min=7.96 Avg=164.06 10=58.34 25=90.11 50=132.61 75=199.17 90=265.47 95=317.18 99=705.53 99.9=2185.22 99.99=13123.58]
2025-04-19 13:28:04 37 sec: 103175 operations; [READ: Count=51632 Max=4935.68 Min=3.38 Avg=139.29 10=42.59 25=73.15 50=114.43 75=177.79 90=242.81 95=291.84 99=629.25 99.9=1472.51 99.99=2500.61] [UPDATE: Count=51543 Max=26296.32 Min=7.96 Avg=158.17 10=53.18 25=84.16 50=126.72 75=192.13 90=259.71 95=311.04 99=712.70 99.9=2091.01 99.99=13123.58]
2025-04-19 13:28:05 38 sec: 112954 operations; [READ: Count=56520 Max=4935.68 Min=3.20 Avg=135.40 10=40.51 25=68.48 50=109.38 75=172.29 90=238.46 95=288.25 99=648.19 99.9=1485.82 99.99=2414.59] [UPDATE: Count=56434 Max=26296.32 Min=7.96 Avg=153.81 10=50.72 25=79.30 50=121.60 75=186.62 90=255.23 95=306.94 99=734.72 99.9=2071.55 99.99=13058.05]
2025-04-19 13:28:06 39 sec: 124003 operations; [READ: Count=62040 Max=4935.68 Min=3.18 Avg=130.71 10=39.33 25=64.38 50=104.70 75=166.53 90=233.22 95=282.88 99=626.69 99.9=1472.51 99.99=2414.59] [UPDATE: Count=61963 Max=26296.32 Min=7.96 Avg=148.65 10=49.22 25=75.26 50=116.80 75=180.48 90=249.73 95=301.06 99=712.70 99.9=2034.69 99.99=13058.05]
2025-04-19 13:28:07 40 sec: 135611 operations; [READ: Count=67899 Max=4935.68 Min=3.18 Avg=126.22 10=38.59 25=60.80 50=100.67 75=160.64 90=227.71 95=276.74 99=589.82 99.9=1445.89 99.99=2332.67] [UPDATE: Count=67712 Max=26296.32 Min=7.96 Avg=143.78 10=48.35 25=71.81 50=112.51 75=174.85 90=243.97 95=294.91 99=677.89 99.9=1954.82 99.99=12181.50]
2025-04-19 13:28:08 41 sec: 147229 operations; [READ: Count=73814 Max=4935.68 Min=3.18 Avg=122.43 10=38.02 25=57.92 50=97.28 75=155.52 90=223.10 95=271.36 99=562.17 99.9=1431.55 99.99=2332.67] [UPDATE: Count=73415 Max=26296.32 Min=7.96 Avg=139.68 10=47.71 25=69.18 50=109.12 75=169.85 90=238.85 95=289.28 99=646.65 99.9=1873.92 99.99=12181.50]
2025-04-19 13:28:09 42 sec: 158460 operations; [READ: Count=79411 Max=4935.68 Min=3.15 Avg=119.57 10=37.50 25=55.58 50=94.21 75=151.17 90=219.01 95=267.26 99=551.93 99.9=1438.72 99.99=2297.86] [UPDATE: Count=79049 Max=26296.32 Min=7.96 Avg=136.41 10=47.10 25=67.07 50=106.11 75=165.38 90=234.37 95=285.18 99=640.00 99.9=1847.30 99.99=9568.25]
2025-04-19 13:28:10 43 sec: 168681 operations; [READ: Count=84443 Max=4935.68 Min=3.15 Avg=117.53 10=37.18 25=54.05 50=92.09 75=147.58 90=215.81 95=263.68 99=554.50 99.9=1455.10 99.99=2332.67] [UPDATE: Count=84238 Max=26296.32 Min=7.96 Avg=134.63 10=46.75 25=65.47 50=103.81 75=161.53 90=231.17 95=282.11 99=655.87 99.9=1874.94 99.99=9568.25]
2025-04-19 13:28:11 44 sec: 179691 operations; [READ: Count=89866 Max=4935.68 Min=2.74 Avg=115.53 10=36.96 25=53.05 50=90.37 75=144.38 90=212.22 95=259.97 99=547.33 99.9=1469.44 99.99=2414.59] [UPDATE: Count=89825 Max=26296.32 Min=7.96 Avg=132.15 10=46.40 25=64.48 50=101.82 75=158.08 90=227.71 95=277.76 99=641.53 99.9=1873.92 99.99=8667.14]
2025-04-19 13:28:12 45 sec: 191537 operations; [READ: Count=95701 Max=4935.68 Min=2.74 Avg=113.25 10=36.70 25=52.16 50=88.83 75=141.44 90=208.64 95=255.87 99=521.73 99.9=1448.96 99.99=2332.67] [UPDATE: Count=95836 Max=26296.32 Min=7.96 Avg=129.40 10=46.02 25=63.52 50=100.16 75=154.62 90=223.62 95=273.66 99=610.82 99.9=1847.30 99.99=8495.10]
2025-04-19 13:28:13 46 sec: 202927 operations; [READ: Count=101342 Max=4935.68 Min=2.74 Avg=111.36 10=36.54 25=51.65 50=87.68 75=138.75 90=205.44 95=251.90 99=497.41 99.9=1438.72 99.99=2332.67] [UPDATE: Count=101585 Max=26296.32 Min=7.96 Avg=127.37 10=45.82 25=63.07 50=99.01 75=151.94 90=220.54 95=270.33 99=587.26 99.9=1806.34 99.99=8495.10]
2025-04-19 13:28:14 47 sec: 214291 operations; [READ: Count=107039 Max=4935.68 Min=2.74 Avg=109.64 10=36.38 25=51.30 50=86.72 75=136.45 90=202.11 95=248.45 99=480.25 99.9=1426.43 99.99=2297.86] [UPDATE: Count=107252 Max=26296.32 Min=7.96 Avg=125.62 10=45.60 25=62.62 50=98.05 75=149.50 90=217.34 95=267.26 99=573.44 99.9=1782.78 99.99=7962.62]
2025-04-19 13:28:15 48 sec: 225388 operations; [READ: Count=112614 Max=4935.68 Min=2.74 Avg=108.28 10=36.13 25=50.94 50=85.76 75=134.40 90=199.29 95=245.38 99=470.01 99.9=1433.60 99.99=2297.86] [UPDATE: Count=112774 Max=26296.32 Min=7.96 Avg=124.16 10=45.25 25=62.24 50=97.02 75=147.33 90=214.40 95=264.19 99=564.74 99.9=1777.66 99.99=7962.62]
2025-04-19 13:28:16 49 sec: 236848 operations; [READ: Count=118324 Max=4935.68 Min=2.74 Avg=106.87 10=35.84 25=50.53 50=84.80 75=132.22 90=196.61 95=242.56 99=461.82 99.9=1443.84 99.99=2279.42] [UPDATE: Count=118524 Max=26296.32 Min=7.96 Avg=122.65 10=44.96 25=61.89 50=96.13 75=145.15 90=211.84 95=260.74 99=553.47 99.9=1772.54 99.99=6705.15]
2025-04-19 13:28:17 50 sec: 248955 operations; [READ: Count=124315 Max=4935.68 Min=2.74 Avg=105.34 10=35.49 25=50.17 50=83.90 75=130.11 90=194.05 95=239.49 99=448.25 99.9=1426.43 99.99=2279.42] [UPDATE: Count=124640 Max=26296.32 Min=7.96 Avg=120.91 10=44.58 25=61.47 50=95.23 75=142.97 90=208.90 95=257.15 99=531.97 99.9=1744.89 99.99=6705.15]
2025-04-19 13:28:18 51 sec: 261318 operations; [READ: Count=130534 Max=4935.68 Min=2.68 Avg=103.86 10=35.13 25=49.79 50=83.07 75=128.25 90=191.23 95=236.54 99=435.97 99.9=1396.73 99.99=2226.18] [UPDATE: Count=130784 Max=26296.32 Min=7.96 Avg=119.25 10=44.09 25=60.96 50=94.27 75=140.80 90=205.95 95=254.21 99=512.00 99.9=1726.46 99.99=6586.37]
2025-04-19 13:28:19 52 sec: 273371 operations; [READ: Count=136647 Max=4935.68 Min=2.68 Avg=102.58 10=34.75 25=49.53 50=82.43 75=126.53 90=188.67 95=233.60 99=423.94 99.9=1370.11 99.99=2183.17] [UPDATE: Count=136724 Max=26296.32 Min=7.96 Avg=117.90 10=43.68 25=60.73 50=93.69 75=139.39 90=203.26 95=251.13 99=497.66 99.9=1696.77 99.99=6557.69]
2025-04-19 13:28:20 53 sec: 285423 operations; [READ: Count=142732 Max=15917.06 Min=2.30 Avg=101.49 10=34.24 25=49.22 50=81.66 75=125.06 90=186.24 95=230.78 99=411.65 99.9=1362.94 99.99=2226.18] [UPDATE: Count=142691 Max=26296.32 Min=7.96 Avg=116.60 10=43.17 25=60.35 50=92.99 75=137.73 90=200.83 95=248.32 99=486.14 99.9=1685.50 99.99=6557.69]
2025-04-19 13:28:21 54 sec: 298120 operations; [READ: Count=149097 Max=15917.06 Min=2.30 Avg=100.26 10=33.66 25=48.86 50=80.89 75=123.58 90=183.81 95=228.09 99=401.66 99.9=1361.92 99.99=2183.17] [UPDATE: Count=149023 Max=26296.32 Min=7.96 Avg=115.14 10=42.56 25=59.94 50=92.16 75=136.06 90=198.40 95=245.38 99=472.57 99.9=1672.19 99.99=6356.99]
2025-04-19 13:28:22 55 sec: 311693 operations; [READ: Count=155898 Max=15917.06 Min=2.30 Avg=98.81 10=32.86 25=48.35 50=79.94 75=121.79 90=180.99 95=225.66 99=392.45 99.9=1353.73 99.99=2056.19] [UPDATE: Count=155795 Max=26296.32 Min=7.96 Avg=113.54 10=41.82 25=59.39 50=91.14 75=134.14 90=195.58 95=242.30 99=456.45 99.9=1635.33 99.99=6066.18]
2025-04-19 13:28:23 56 sec: 326353 operations; [READ: Count=163290 Max=15917.06 Min=2.30 Avg=97.12 10=31.79 25=47.77 50=78.78 75=119.61 90=178.05 95=222.72 99=381.69 99.9=1333.25 99.99=2085.89] [UPDATE: Count=163063 Max=26296.32 Min=7.96 Avg=111.73 10=40.67 25=58.66 50=89.86 75=131.84 90=192.38 95=239.10 99=443.39 99.9=1611.78 99.99=6066.18]
2025-04-19 13:28:24 57 sec: 342354 operations; [READ: Count=171239 Max=15917.06 Min=2.30 Avg=95.21 10=29.47 25=46.98 50=77.31 75=117.06 90=174.97 95=219.65 99=371.97 99.9=1303.55 99.99=2056.19] [UPDATE: Count=171115 Max=26296.32 Min=7.96 Avg=109.62 10=39.36 25=57.70 50=88.19 75=129.22 90=189.31 95=235.65 99=429.57 99.9=1596.41 99.99=5406.72]
2025-04-19 13:28:25 58 sec: 359880 operations; [READ: Count=179923 Max=15917.06 Min=2.30 Avg=93.06 10=24.77 25=45.95 50=75.33 75=114.24 90=171.78 95=216.57 99=362.24 99.9=1293.31 99.99=2038.78] [UPDATE: Count=179957 Max=26296.32 Min=7.96 Avg=107.24 10=37.31 25=56.61 50=86.08 75=126.27 90=186.11 95=232.45 99=417.54 99.9=1580.03 99.99=5324.80]
2025-04-19 13:28:26 59 sec: 378902 operations; [READ: Count=189354 Max=15917.06 Min=2.30 Avg=90.77 10=21.26 25=44.77 50=72.96 75=111.30 90=168.45 95=213.12 99=353.02 99.9=1285.12 99.99=2037.76] [UPDATE: Count=189548 Max=26296.32 Min=7.96 Avg=104.65 10=34.14 25=55.20 50=83.45 75=123.39 90=182.53 95=229.25 99=404.48 99.9=1550.34 99.99=5210.11]
2025-04-19 13:28:27 60 sec: 398044 operations; [READ: Count=199001 Max=15917.06 Min=2.30 Avg=88.60 10=18.91 25=43.71 50=70.85 75=108.48 90=165.25 95=210.05 99=345.09 99.9=1267.71 99.99=2022.40] [UPDATE: Count=199043 Max=26296.32 Min=7.96 Avg=102.35 10=31.41 25=53.98 50=81.34 75=120.58 90=179.33 95=226.18 99=391.68 99.9=1524.73 99.99=4857.85]
2025-04-19 13:28:28 61 sec: 416972 operations; [READ: Count=208587 Max=15917.06 Min=2.30 Avg=86.67 10=17.47 25=42.88 50=69.25 75=105.86 90=161.92 95=207.10 99=338.18 99.9=1260.54 99.99=1980.41] [UPDATE: Count=208385 Max=26296.32 Min=7.96 Avg=100.32 10=29.63 25=53.05 50=79.74 75=118.02 90=176.13 95=222.97 99=379.39 99.9=1502.21 99.99=4759.55]
2025-04-19 13:28:29 62 sec: 435359 operations; [READ: Count=217752 Max=15917.06 Min=2.30 Avg=85.01 10=16.45 25=42.27 50=68.03 75=103.55 90=159.10 95=204.16 99=331.26 99.9=1243.13 99.99=1975.30] [UPDATE: Count=217607 Max=26296.32 Min=7.96 Avg=98.58 10=28.54 25=52.45 50=78.46 75=115.65 90=173.18 95=220.16 99=372.22 99.9=1467.39 99.99=4743.17]
2025-04-19 13:28:30 63 sec: 453505 operations; [READ: Count=226831 Max=15917.06 Min=2.30 Avg=83.52 10=15.81 25=41.79 50=66.94 75=101.50 90=156.29 95=201.47 99=325.89 99.9=1212.41 99.99=1960.96] [UPDATE: Count=226674 Max=26296.32 Min=7.96 Avg=97.04 10=27.81 25=51.94 50=77.44 75=113.41 90=170.37 95=217.47 99=365.57 99.9=1441.79 99.99=4345.85]
2025-04-19 13:28:31 64 sec: 471542 operations; [READ: Count=235936 Max=15917.06 Min=2.30 Avg=82.03 10=15.27 25=41.22 50=65.73 75=99.45 90=153.73 95=199.17 99=321.79 99.9=1193.98 99.99=1954.82] [UPDATE: Count=235606 Max=26296.32 Min=7.96 Avg=95.79 10=27.07 25=51.26 50=76.22 75=111.30 90=167.81 95=215.04 99=360.96 99.9=1436.67 99.99=5210.11]
2025-04-19 13:28:32 65 sec: 491642 operations; [READ: Count=246010 Max=15917.06 Min=2.30 Avg=80.37 10=14.66 25=40.41 50=64.22 75=97.34 90=151.04 95=196.61 99=317.69 99.9=1174.53 99.99=1930.24] [UPDATE: Count=245632 Max=26296.32 Min=7.96 Avg=94.17 10=26.29 25=50.30 50=74.75 75=109.18 90=165.38 95=212.86 99=357.12 99.9=1448.96 99.99=4857.85]
2025-04-19 13:28:33 66 sec: 517650 operations; [READ: Count=258987 Max=15917.06 Min=2.30 Avg=77.95 10=13.95 25=38.78 50=61.28 75=94.85 90=147.71 95=193.53 99=312.06 99.9=1154.05 99.99=1922.05] [UPDATE: Count=258663 Max=26296.32 Min=7.96 Avg=91.58 10=25.25 25=48.38 50=72.00 75=106.62 90=161.92 95=209.53 99=350.72 99.9=1419.26 99.99=4759.55]
2025-04-19 13:28:34 67 sec: 542645 operations; [READ: Count=271604 Max=15917.06 Min=2.30 Avg=75.90 10=13.39 25=37.63 50=58.17 75=92.73 90=145.02 95=190.59 99=306.94 99.9=1139.71 99.99=1907.71] [UPDATE: Count=271041 Max=26296.32 Min=7.96 Avg=89.43 10=24.50 25=47.04 50=69.31 75=104.45 90=158.97 95=206.59 99=344.32 99.9=1400.83 99.99=4743.17]
2025-04-19 13:28:35 68 sec: 566592 operations; [READ: Count=283455 Max=15917.06 Min=2.30 Avg=74.19 10=12.97 25=36.77 50=55.23 75=90.94 90=142.46 95=188.03 99=304.64 99.9=1113.09 99.99=1904.64] [UPDATE: Count=283137 Max=26296.32 Min=7.96 Avg=87.59 10=23.90 25=46.02 50=66.75 75=102.59 90=156.41 95=204.03 99=340.99 99.9=1378.30 99.99=4345.85]
2025-04-19 13:28:36 69 sec: 589363 operations; [READ: Count=294893 Max=15917.06 Min=2.30 Avg=72.78 10=12.58 25=35.90 50=52.80 75=89.41 90=140.29 95=186.24 99=304.89 99.9=1097.73 99.99=1904.64] [UPDATE: Count=294470 Max=26296.32 Min=7.96 Avg=86.07 10=23.26 25=44.96 50=64.48 75=100.93 90=154.24 95=202.11 99=342.01 99.9=1347.58 99.99=4321.28]
2025-04-19 13:28:37 70 sec: 612619 operations; [READ: Count=306429 Max=15917.06 Min=2.30 Avg=71.41 10=12.25 25=35.13 50=50.66 75=87.94 90=138.11 95=184.06 99=304.13 99.9=1076.22 99.99=1901.57] [UPDATE: Count=306190 Max=26296.32 Min=7.96 Avg=84.60 10=22.69 25=43.97 50=62.37 75=99.39 90=151.94 95=200.06 99=340.99 99.9=1333.25 99.99=4321.28]
2025-04-19 13:28:38 71 sec: 637792 operations; [READ: Count=319087 Max=15917.06 Min=2.30 Avg=69.91 10=11.94 25=34.46 50=48.80 75=86.53 90=135.81 95=181.25 99=300.03 99.9=1062.91 99.99=1901.57] [UPDATE: Count=318705 Max=26296.32 Min=7.96 Avg=83.01 10=22.24 25=43.23 50=60.38 75=97.98 90=149.50 95=197.63 99=336.13 99.9=1311.74 99.99=4272.13]
2025-04-19 13:28:39 72 sec: 661784 operations; [READ: Count=330924 Max=15917.06 Min=2.30 Avg=68.70 10=11.70 25=33.89 50=47.33 75=85.25 90=133.63 95=179.07 99=297.47 99.9=1058.82 99.99=1887.23] [UPDATE: Count=330860 Max=26296.32 Min=7.96 Avg=81.62 10=21.86 25=42.53 50=58.72 75=96.70 90=147.20 95=195.20 99=333.06 99.9=1292.29 99.99=4210.69]
2025-04-19 13:28:40 73 sec: 681712 operations; [READ: Count=340836 Max=15917.06 Min=2.30 Avg=67.94 10=11.57 25=33.60 50=46.30 75=84.35 90=132.09 95=177.66 99=297.47 99.9=1063.93 99.99=1884.16] [UPDATE: Count=340876 Max=26296.32 Min=7.96 Avg=80.86 10=21.70 25=42.17 50=57.63 75=95.81 90=145.66 95=193.79 99=334.85 99.9=1296.38 99.99=4194.30]
2025-04-19 13:28:41 74 sec: 702888 operations; [READ: Count=351420 Max=15917.06 Min=2.30 Avg=67.13 10=11.46 25=33.28 50=45.41 75=83.39 90=130.43 95=176.00 99=296.96 99.9=1060.86 99.99=1881.09] [UPDATE: Count=351468 Max=26296.32 Min=7.96 Avg=79.97 10=21.55 25=41.85 50=56.67 75=94.85 90=143.87 95=192.00 99=333.57 99.9=1276.93 99.99=4104.19]
2025-04-19 13:28:42 75 sec: 718611 operations; [READ: Count=359317 Max=15917.06 Min=2.30 Avg=66.85 10=11.34 25=32.99 50=44.80 75=82.75 90=129.41 95=175.23 99=300.54 99.9=1135.62 99.99=1901.57] [UPDATE: Count=359294 Max=26296.32 Min=7.96 Avg=79.78 10=21.38 25=41.53 50=56.00 75=94.27 90=142.85 95=191.23 99=336.38 99.9=1327.10 99.99=4321.28]
2025-04-19 13:28:43 76 sec: 741594 operations; [READ: Count=370739 Max=15917.06 Min=2.30 Avg=65.93 10=11.26 25=32.69 50=44.06 75=81.86 90=127.55 95=173.31 99=296.96 99.9=1106.94 99.99=1898.49] [UPDATE: Count=370855 Max=26296.32 Min=7.96 Avg=78.78 10=21.20 25=41.15 50=55.17 75=93.38 90=140.93 95=189.44 99=333.31 99.9=1311.74 99.99=4272.13]
2025-04-19 13:28:44 77 sec: 762188 operations; [READ: Count=381097 Max=15917.06 Min=2.30 Avg=65.28 10=11.21 25=32.48 50=43.55 75=81.15 90=126.14 95=172.03 99=296.19 99.9=1093.63 99.99=1887.23] [UPDATE: Count=381091 Max=26296.32 Min=7.96 Avg=78.09 10=21.14 25=40.93 50=54.59 75=92.73 90=139.65 95=188.16 99=332.54 99.9=1299.45 99.99=4210.69]
2025-04-19 13:28:45 78 sec: 781977 operations; [READ: Count=391069 Max=15917.06 Min=2.30 Avg=64.72 10=11.18 25=32.27 50=43.13 75=80.51 90=125.06 95=170.88 99=296.70 99.9=1083.39 99.99=1884.16] [UPDATE: Count=390908 Max=26296.32 Min=7.96 Avg=77.53 10=21.05 25=40.67 50=54.08 75=92.09 90=138.62 95=187.13 99=333.06 99.9=1292.29 99.99=4194.30]
2025-04-19 13:28:46 79 sec: 800964 operations; [READ: Count=400492 Max=15917.06 Min=2.30 Avg=64.27 10=11.16 25=32.09 50=42.81 75=79.87 90=124.03 95=169.85 99=297.98 99.9=1073.15 99.99=1881.09] [UPDATE: Count=400472 Max=26296.32 Min=7.96 Avg=77.04 10=21.04 25=40.51 50=53.73 75=91.45 90=137.60 95=186.24 99=334.08 99.9=1278.97 99.99=4104.19]
2025-04-19 13:28:47 80 sec: 815549 operations; [READ: Count=407821 Max=15917.06 Min=2.30 Avg=64.21 10=11.15 25=31.97 50=42.59 75=79.36 90=123.58 95=169.73 99=303.87 99.9=1097.73 99.99=1878.02] [UPDATE: Count=407728 Max=26296.32 Min=7.96 Avg=76.99 10=21.01 25=40.32 50=53.44 75=91.01 90=137.09 95=185.98 99=339.71 99.9=1283.07 99.99=4272.13]
2025-04-19 13:28:48 81 sec: 836329 operations; [READ: Count=418178 Max=15917.06 Min=2.30 Avg=63.65 10=11.13 25=31.77 50=42.27 75=78.72 90=122.37 95=168.45 99=302.08 99.9=1084.41 99.99=1873.92] [UPDATE: Count=418151 Max=26296.32 Min=7.82 Avg=76.38 10=20.93 25=40.09 50=53.09 75=90.37 90=135.81 95=184.70 99=337.66 99.9=1272.83 99.99=4210.69]
2025-04-19 13:28:49 82 sec: 857222 operations; [READ: Count=428545 Max=15917.06 Min=2.30 Avg=63.09 10=11.09 25=31.54 50=41.95 75=78.14 90=121.34 95=167.17 99=300.80 99.9=1073.15 99.99=1863.68] [UPDATE: Count=428677 Max=26296.32 Min=7.82 Avg=75.80 10=20.88 25=39.84 50=52.73 75=89.66 90=134.66 95=183.42 99=336.13 99.9=1260.54 99.99=4194.30]
2025-04-19 13:28:50 83 sec: 878195 operations; [READ: Count=438958 Max=15917.06 Min=2.30 Avg=62.56 10=11.04 25=31.30 50=41.63 75=77.57 90=120.25 95=165.76 99=299.77 99.9=1072.13 99.99=1863.68] [UPDATE: Count=439237 Max=26296.32 Min=7.82 Avg=75.24 10=20.82 25=39.58 50=52.35 75=89.09 90=133.50 95=182.14 99=335.10 99.9=1256.45 99.99=4104.19]
2025-04-19 13:28:51 84 sec: 899495 operations; [READ: Count=449537 Max=15917.06 Min=2.30 Avg=62.03 10=10.95 25=31.01 50=41.28 75=76.99 90=119.23 95=164.74 99=299.77 99.9=1062.91 99.99=1837.06] [UPDATE: Count=449958 Max=26296.32 Min=7.82 Avg=74.67 10=20.69 25=39.26 50=51.97 75=88.51 90=132.48 95=180.99 99=334.85 99.9=1246.21 99.99=4061.18]
2025-04-19 13:28:52 85 sec: 921442 operations; [READ: Count=460431 Max=15917.06 Min=2.17 Avg=61.49 10=10.88 25=30.66 50=40.93 75=76.42 90=118.14 95=163.33 99=298.50 99.9=1060.86 99.99=1821.69] [UPDATE: Count=461011 Max=26296.32 Min=7.30 Avg=74.08 10=20.50 25=38.81 50=51.52 75=88.00 90=131.46 95=179.84 99=334.08 99.9=1239.04 99.99=3993.60]
2025-04-19 13:28:53 86 sec: 936859 operations; [READ: Count=468055 Max=15917.06 Min=2.17 Avg=61.38 10=10.86 25=30.41 50=40.73 75=76.09 90=117.50 95=162.81 99=302.08 99.9=1080.32 99.99=1876.99] [UPDATE: Count=468804 Max=26296.32 Min=7.30 Avg=74.05 10=20.38 25=38.56 50=51.26 75=87.68 90=130.88 95=179.46 99=338.69 99.9=1258.49 99.99=4210.69]
2025-04-19 13:28:54 87 sec: 960808 operations; [READ: Count=479960 Max=15917.06 Min=2.17 Avg=60.76 10=10.78 25=29.97 50=40.38 75=75.65 90=116.29 95=161.15 99=300.03 99.9=1070.08 99.99=1873.92] [UPDATE: Count=480848 Max=26296.32 Min=7.30 Avg=73.33 10=20.16 25=38.02 50=50.81 75=87.23 90=129.73 95=177.79 99=335.87 99.9=1242.11 99.99=4104.19]
2025-04-19 13:28:55 88 sec: 985526 operations; [READ: Count=492304 Max=15917.06 Min=2.08 Avg=60.12 10=10.65 25=29.38 50=40.00 75=75.07 90=115.20 95=159.87 99=297.73 99.9=1061.89 99.99=1863.68] [UPDATE: Count=493222 Max=26296.32 Min=6.98 Avg=72.60 10=19.89 25=37.31 50=50.34 75=86.66 90=128.64 95=176.38 99=334.08 99.9=1235.97 99.99=4104.19]
2025-04-19 13:28:56 89 sec: 1000000 operations; [READ: Count=499493 Max=15917.06 Min=2.08 Avg=59.78 10=10.61 25=29.04 50=39.77 75=74.75 90=114.62 95=159.10 99=297.73 99.9=1060.86 99.99=1837.06] [UPDATE: Count=500507 Max=26296.32 Min=6.98 Avg=72.19 10=19.76 25=36.93 50=50.05 75=86.21 90=128.00 95=175.62 99=333.06 99.9=1229.82 99.99=4061.18]
2025-04-19 13:28:57 90 sec: 1000000 operations; [READ: Count=499493 Max=15917.06 Min=2.08 Avg=59.78 10=10.61 25=29.04 50=39.77 75=74.75 90=114.62 95=159.10 99=297.73 99.9=1060.86 99.99=1837.06] [UPDATE: Count=500507 Max=26296.32 Min=6.98 Avg=72.19 10=19.76 25=36.93 50=50.05 75=86.21 90=128.00 95=175.62 99=333.06 99.9=1229.82 99.99=4061.18]
2025-04-19 13:28:58 91 sec: 1000000 operations; [READ: Count=499493 Max=15917.06 Min=2.08 Avg=59.78 10=10.61 25=29.04 50=39.77 75=74.75 90=114.62 95=159.10 99=297.73 99.9=1060.86 99.99=1837.06] [UPDATE: Count=500507 Max=26296.32 Min=6.98 Avg=72.19 10=19.76 25=36.93 50=50.05 75=86.21 90=128.00 95=175.62 99=333.06 99.9=1229.82 99.99=4061.18]
2025-04-19 13:28:58 91 sec: 1000000 operations; [READ: Count=499493 Max=15917.06 Min=2.08 Avg=59.78 10=10.61 25=29.04 50=39.77 75=74.75 90=114.62 95=159.10 99=297.73 99.9=1060.86 99.99=1837.06] [UPDATE: Count=500507 Max=26296.32 Min=6.98 Avg=72.19 10=19.76 25=36.93 50=50.05 75=86.21 90=128.00 95=175.62 99=333.06 99.9=1229.82 99.99=4061.18]
Run runtime(sec): 91.2096
Run operations(ops): 1000000
Run throughput(ops/sec): 10963.8
