	Command being timed: "samtools index -@ 8 /home/user/mount_point/merged_input.bam"
	User time (seconds): 54.29
	System time (seconds): 2.95
	Percent of CPU this job got: 933%
	Elapsed (wall clock) time (h:mm:ss or m:ss): 0:06.13
	Average shared text size (kbytes): 0
	Average unshared data size (kbytes): 0
	Average stack size (kbytes): 0
	Average total size (kbytes): 0
	Maximum resident set size (kbytes): 2816
	Average resident set size (kbytes): 0
	Major (requiring I/O) page faults: 0
	Minor (reclaiming a frame) page faults: 1473
	Voluntary context switches: 325699
	Involuntary context switches: 23
	Swaps: 0
	File system inputs: 0
	File system outputs: 896
	Socket messages sent: 0
	Socket messages received: 0
	Signals delivered: 0
	Page size (bytes): 4096
	Exit status: 0
