Running scope as unit: run-r5c728324a46b449e8adc3e93242e8f6e.scope
load file:/home/user/DataFiles/silesia_data/silesia.tar
2025-04-19 12:11:35 0 sec: 0 operations;
2025-04-19 12:11:36 1 sec: 0 operations;
2025-04-19 12:11:37 2 sec: 0 operations;
2025-04-19 12:11:38 3 sec: 0 operations;
2025-04-19 12:11:39 4 sec: 0 operations;
2025-04-19 12:11:40 5 sec: 0 operations;
2025-04-19 12:11:41 6 sec: 0 operations;
2025-04-19 12:11:42 7 sec: 0 operations;
2025-04-19 12:11:43 8 sec: 0 operations;
2025-04-19 12:11:44 9 sec: 0 operations;
2025-04-19 12:11:45 10 sec: 0 operations;
2025-04-19 12:11:46 11 sec: 0 operations;
2025-04-19 12:11:47 12 sec: 0 operations;
2025-04-19 12:11:48 13 sec: 0 operations;
2025-04-19 12:11:49 14 sec: 0 operations;
2025-04-19 12:11:50 15 sec: 0 operations;
2025-04-19 12:11:51 16 sec: 0 operations;
2025-04-19 12:11:52 17 sec: 2724 operations; [READ: Count=1829 Max=363.26 Min=5.47 Avg=117.77 10=51.58 25=86.02 50=96.64 75=141.69 90=198.40 95=211.71 99=249.85 99.9=290.05 99.99=363.26] [UPDATE: Count=895 Max=550.40 Min=9.61 Avg=17.04 10=12.72 25=13.88 50=15.61 75=18.14 90=20.45 95=22.18 99=27.95 99.9=198.78 99.99=550.40]
2025-04-19 12:11:53 18 sec: 15786 operations; [READ: Count=10582 Max=626.69 Min=2.96 Avg=107.60 10=45.63 25=75.97 50=94.33 75=135.94 90=185.47 95=202.62 99=235.01 99.9=267.77 99.99=363.26] [UPDATE: Count=5204 Max=550.40 Min=7.99 Avg=15.82 10=11.57 25=12.96 50=14.88 75=17.50 90=20.35 95=22.45 99=27.04 99.9=79.87 99.99=269.31]
2025-04-19 12:11:54 19 sec: 28078 operations; [READ: Count=18702 Max=626.69 Min=2.96 Avg=109.88 10=46.85 25=79.10 50=95.36 75=137.85 90=190.97 95=204.67 99=237.44 99.9=268.80 99.99=336.38] [UPDATE: Count=9376 Max=550.40 Min=7.99 Avg=16.59 10=12.18 25=13.72 50=15.73 75=18.24 90=21.26 95=23.15 99=28.75 99.9=172.80 99.99=269.31]
2025-04-19 12:11:55 20 sec: 40299 operations; [READ: Count=26844 Max=648.70 Min=2.96 Avg=110.77 10=47.49 25=81.41 50=95.81 75=138.24 90=191.74 95=205.06 99=239.87 99.9=284.16 99.99=532.48] [UPDATE: Count=13455 Max=550.40 Min=7.99 Avg=16.84 10=12.54 25=14.02 50=16.02 75=18.50 90=21.52 95=23.33 99=28.86 99.9=163.97 99.99=269.31]
2025-04-19 12:11:56 21 sec: 51686 operations; [READ: Count=34385 Max=1958.91 Min=2.96 Avg=113.32 10=47.68 25=82.43 50=96.38 75=138.75 90=192.51 95=206.46 99=247.81 99.9=796.67 99.99=1569.79] [UPDATE: Count=17301 Max=550.40 Min=7.99 Avg=16.99 10=12.74 25=14.22 50=16.19 75=18.69 90=21.71 95=23.50 99=28.80 99.9=142.34 99.99=269.31]
2025-04-19 12:11:57 22 sec: 61596 operations; [READ: Count=40986 Max=2236.41 Min=2.96 Avg=117.36 10=47.87 25=83.20 50=97.09 75=139.52 90=193.79 95=208.77 99=485.63 99.9=964.10 99.99=1811.45] [UPDATE: Count=20610 Max=8626.17 Min=7.99 Avg=18.04 10=12.88 25=14.32 50=16.28 75=18.82 90=21.86 95=23.70 99=29.15 99.9=162.56 99.99=550.40]
2025-04-19 12:11:58 23 sec: 74735 operations; [READ: Count=49747 Max=2236.41 Min=2.84 Avg=115.15 10=47.49 25=81.86 50=96.77 75=138.88 90=191.74 95=207.23 99=278.78 99.9=936.45 99.99=1569.79] [UPDATE: Count=24988 Max=8626.17 Min=7.17 Avg=17.74 10=12.66 25=14.13 50=16.14 75=18.66 90=21.70 95=23.57 99=28.86 99.9=163.97 99.99=1902.59]
2025-04-19 12:11:59 24 sec: 88267 operations; [READ: Count=58789 Max=2236.41 Min=2.58 Avg=113.05 10=46.91 25=80.00 50=96.51 75=137.98 90=189.18 95=205.82 99=258.69 99.9=921.60 99.99=1355.78] [UPDATE: Count=29478 Max=8626.17 Min=7.17 Avg=17.47 10=12.41 25=13.95 50=15.99 75=18.50 90=21.57 95=23.52 99=28.83 99.9=165.12 99.99=550.40]
2025-04-19 12:12:00 25 sec: 102525 operations; [READ: Count=68291 Max=2236.41 Min=2.58 Avg=110.70 10=45.76 25=77.57 50=95.55 75=136.32 90=185.73 95=204.54 99=260.10 99.9=905.22 99.99=1326.08] [UPDATE: Count=34234 Max=8626.17 Min=7.17 Avg=17.32 10=11.99 25=13.58 50=15.63 75=18.18 90=21.25 95=23.26 99=28.82 99.9=179.71 99.99=1902.59]
2025-04-19 12:12:01 26 sec: 115439 operations; [READ: Count=76864 Max=2236.41 Min=2.58 Avg=110.33 10=45.44 25=77.25 50=95.42 75=135.81 90=184.06 95=203.90 99=262.14 99.9=931.84 99.99=1378.30] [UPDATE: Count=38575 Max=8626.17 Min=6.73 Avg=17.19 10=11.94 25=13.54 50=15.59 75=18.13 90=21.20 95=23.21 99=28.75 99.9=177.79 99.99=1851.39]
2025-04-19 12:12:02 27 sec: 126287 operations; [READ: Count=84081 Max=2883.58 Min=2.58 Avg=111.86 10=45.47 25=77.44 50=95.68 75=136.19 90=183.94 95=204.16 99=284.16 99.9=1263.62 99.99=2166.78] [UPDATE: Count=42206 Max=8626.17 Min=6.73 Avg=17.26 10=11.99 25=13.61 50=15.70 75=18.25 90=21.33 95=23.36 99=28.82 99.9=179.71 99.99=1851.39]
2025-04-19 12:12:03 28 sec: 141136 operations; [READ: Count=93968 Max=2883.58 Min=2.50 Avg=109.83 10=44.70 25=76.54 50=94.97 75=134.53 90=180.99 95=202.50 99=263.68 99.9=1195.01 99.99=2083.84] [UPDATE: Count=47168 Max=8626.17 Min=6.73 Avg=17.04 10=11.83 25=13.41 50=15.47 75=18.03 90=21.07 95=23.14 99=28.62 99.9=184.32 99.99=1851.39]
2025-04-19 12:12:04 29 sec: 154176 operations; [READ: Count=102687 Max=2883.58 Min=2.50 Avg=109.41 10=44.73 25=76.73 50=95.23 75=134.78 90=180.35 95=202.11 99=257.28 99.9=1138.69 99.99=2083.84] [UPDATE: Count=51489 Max=8626.17 Min=6.73 Avg=17.07 10=11.88 25=13.48 50=15.57 75=18.14 90=21.20 95=23.23 99=28.75 99.9=184.19 99.99=1851.39]
2025-04-19 12:12:05 30 sec: 166969 operations; [READ: Count=111245 Max=2883.58 Min=2.50 Avg=109.20 10=44.73 25=76.99 50=95.61 75=135.17 90=179.84 95=201.85 99=253.57 99.9=1093.63 99.99=2058.24] [UPDATE: Count=55724 Max=8626.17 Min=6.73 Avg=17.13 10=11.94 25=13.57 50=15.70 75=18.27 90=21.34 95=23.41 99=29.01 99.9=179.46 99.99=1579.01]
2025-04-19 12:12:06 31 sec: 179147 operations; [READ: Count=119430 Max=2883.58 Min=2.50 Avg=109.28 10=44.73 25=77.12 50=95.81 75=135.42 90=179.33 95=201.60 99=254.46 99.9=1138.69 99.99=2054.14] [UPDATE: Count=59717 Max=8626.17 Min=6.73 Avg=17.43 10=11.99 25=13.65 50=15.81 75=18.38 90=21.52 95=23.60 99=29.63 99.9=198.78 99.99=1902.59]
2025-04-19 12:12:07 32 sec: 193330 operations; [READ: Count=128883 Max=2883.58 Min=2.50 Avg=108.34 10=44.35 25=76.73 50=95.61 75=134.91 90=177.79 95=200.70 99=251.90 99.9=1098.75 99.99=2041.86] [UPDATE: Count=64447 Max=8626.17 Min=6.73 Avg=17.36 10=11.92 25=13.57 50=15.74 75=18.34 90=21.50 95=23.61 99=29.66 99.9=197.63 99.99=1941.50]
2025-04-19 12:12:08 33 sec: 204919 operations; [READ: Count=136601 Max=3041.28 Min=2.50 Avg=108.69 10=44.29 25=76.80 50=95.94 75=135.29 90=177.28 95=200.45 99=253.18 99.9=1191.93 99.99=2263.04] [UPDATE: Count=68318 Max=13459.45 Min=6.73 Avg=17.94 10=11.95 25=13.63 50=15.83 75=18.45 90=21.65 95=23.79 99=29.97 99.9=226.94 99.99=3246.08]
2025-04-19 12:12:09 34 sec: 217636 operations; [READ: Count=145088 Max=3041.28 Min=2.50 Avg=108.60 10=44.29 25=76.86 50=96.38 75=135.81 90=176.90 95=200.45 99=251.26 99.9=1155.07 99.99=2246.66] [UPDATE: Count=72548 Max=13459.45 Min=6.73 Avg=17.98 10=12.01 25=13.72 50=15.94 75=18.56 90=21.79 95=23.97 99=30.19 99.9=226.94 99.99=3246.08]
2025-04-19 12:12:10 35 sec: 230529 operations; [READ: Count=153682 Max=3041.28 Min=2.50 Avg=108.45 10=44.22 25=76.99 50=96.70 75=136.06 90=176.51 95=200.19 99=250.24 99.9=1108.99 99.99=2246.66] [UPDATE: Count=76847 Max=13459.45 Min=6.73 Avg=18.01 10=12.05 25=13.79 50=16.02 75=18.66 90=21.92 95=24.09 99=30.34 99.9=226.94 99.99=3055.61]
2025-04-19 12:12:11 36 sec: 243352 operations; [READ: Count=162280 Max=3041.28 Min=2.50 Avg=108.10 10=44.03 25=76.93 50=96.64 75=135.94 90=175.49 95=199.55 99=249.85 99.9=1080.32 99.99=2240.51] [UPDATE: Count=81072 Max=13459.45 Min=6.73 Avg=18.47 10=12.06 25=13.81 50=16.04 75=18.67 90=21.98 95=24.16 99=30.94 99.9=309.25 99.99=3246.08]
2025-04-19 12:12:12 37 sec: 258632 operations; [READ: Count=172447 Max=3041.28 Min=2.50 Avg=106.82 10=43.87 25=75.65 50=96.19 75=135.42 90=173.95 95=198.66 99=248.45 99.9=1042.43 99.99=2236.41] [UPDATE: Count=86185 Max=13459.45 Min=6.73 Avg=18.64 10=12.08 25=13.82 50=16.04 75=18.70 90=22.02 95=24.22 99=31.28 99.9=335.62 99.99=3055.61]
2025-04-19 12:12:13 38 sec: 276944 operations; [READ: Count=184605 Max=3041.28 Min=2.50 Avg=104.54 10=43.58 25=71.04 50=95.17 75=133.76 90=170.88 95=197.12 99=246.91 99.9=1020.93 99.99=2224.13] [UPDATE: Count=92339 Max=13459.45 Min=6.73 Avg=18.56 10=12.09 25=13.78 50=15.98 75=18.66 90=21.98 95=24.19 99=31.20 99.9=335.62 99.99=3246.08]
2025-04-19 12:12:14 39 sec: 295673 operations; [READ: Count=197129 Max=3041.28 Min=2.50 Avg=102.36 10=43.36 25=60.26 50=94.27 75=132.09 90=167.68 95=195.33 99=244.35 99.9=998.91 99.99=2096.13] [UPDATE: Count=98544 Max=13459.45 Min=6.73 Avg=18.45 10=12.10 25=13.76 50=15.95 75=18.64 90=21.95 95=24.13 99=31.10 99.9=331.77 99.99=3055.61]
2025-04-19 12:12:15 40 sec: 314719 operations; [READ: Count=209828 Max=3041.28 Min=2.50 Avg=100.36 10=43.07 25=57.05 50=93.57 75=130.05 90=163.97 95=193.66 99=242.18 99.9=978.94 99.99=2083.84] [UPDATE: Count=104891 Max=13459.45 Min=6.73 Avg=18.34 10=12.10 25=13.73 50=15.90 75=18.61 90=21.92 95=24.09 99=30.99 99.9=329.21 99.99=3055.61]
2025-04-19 12:12:16 41 sec: 333703 operations; [READ: Count=222517 Max=3041.28 Min=2.50 Avg=98.59 10=42.72 25=55.49 50=92.80 75=127.74 90=160.38 95=191.87 99=240.64 99.9=964.10 99.99=2083.84] [UPDATE: Count=111186 Max=13459.45 Min=6.73 Avg=18.24 10=12.09 25=13.70 50=15.86 75=18.57 90=21.87 95=24.05 99=30.99 99.9=318.21 99.99=2709.50]
2025-04-19 12:12:17 42 sec: 355365 operations; [READ: Count=236975 Max=3041.28 Min=2.50 Avg=96.27 10=41.47 25=53.92 50=91.33 75=124.42 90=156.80 95=189.82 99=238.59 99.9=946.69 99.99=2058.24] [UPDATE: Count=118390 Max=13459.45 Min=6.73 Avg=18.05 10=11.93 25=13.55 50=15.73 75=18.46 90=21.74 95=23.93 99=30.77 99.9=318.21 99.99=2674.69]
2025-04-19 12:12:18 43 sec: 377424 operations; [READ: Count=251695 Max=3041.28 Min=2.50 Avg=94.11 10=40.29 25=52.51 50=89.66 75=120.89 90=153.60 95=187.90 99=236.93 99.9=934.91 99.99=2054.14] [UPDATE: Count=125729 Max=13459.45 Min=6.73 Avg=17.89 10=11.71 25=13.37 50=15.57 75=18.32 90=21.61 95=23.81 99=30.54 99.9=314.88 99.99=2674.69]
2025-04-19 12:12:19 44 sec: 401021 operations; [READ: Count=267346 Max=3041.28 Min=2.26 Avg=91.88 10=39.17 25=51.13 50=87.81 75=117.31 90=151.17 95=185.60 99=234.37 99.9=916.48 99.99=2036.73] [UPDATE: Count=133675 Max=13459.45 Min=6.73 Avg=17.64 10=11.49 25=13.16 50=15.40 75=18.18 90=21.45 95=23.66 99=30.22 99.9=305.41 99.99=2674.69]
2025-04-19 12:12:20 45 sec: 424691 operations; [READ: Count=283107 Max=3041.28 Min=2.26 Avg=89.85 10=38.14 25=49.95 50=86.08 75=113.98 90=148.99 95=183.55 99=232.06 99.9=897.53 99.99=1975.30] [UPDATE: Count=141584 Max=13459.45 Min=6.73 Avg=17.46 10=11.31 25=12.97 50=15.25 75=18.03 90=21.31 95=23.54 99=30.08 99.9=304.89 99.99=2674.69]
2025-04-19 12:12:21 46 sec: 446309 operations; [READ: Count=297532 Max=3041.28 Min=2.26 Avg=88.42 10=37.34 25=49.41 50=85.06 75=111.36 90=147.46 95=181.76 99=229.89 99.9=884.22 99.99=1950.72] [UPDATE: Count=148777 Max=13459.45 Min=6.73 Avg=17.38 10=11.25 25=12.91 50=15.18 75=17.97 90=21.23 95=23.45 99=29.95 99.9=295.17 99.99=2709.50]
2025-04-19 12:12:22 47 sec: 466173 operations; [READ: Count=310840 Max=3041.28 Min=2.26 Avg=87.44 10=36.51 25=49.34 50=84.54 75=109.38 90=146.30 95=179.97 99=227.97 99.9=878.08 99.99=1947.65] [UPDATE: Count=155333 Max=13459.45 Min=6.73 Avg=17.37 10=11.28 25=12.94 50=15.20 75=17.98 90=21.26 95=23.47 99=29.93 99.9=295.17 99.99=2674.69]
2025-04-19 12:12:23 48 sec: 486380 operations; [READ: Count=324336 Max=3041.28 Min=2.26 Avg=86.48 10=35.26 25=49.31 50=84.03 75=107.65 90=145.28 95=178.43 99=225.79 99.9=866.82 99.99=1934.34] [UPDATE: Count=162044 Max=13459.45 Min=6.73 Avg=17.35 10=11.30 25=12.97 50=15.21 75=18.00 90=21.26 95=23.47 99=29.95 99.9=285.95 99.99=2674.69]
2025-04-19 12:12:24 49 sec: 506670 operations; [READ: Count=337840 Max=3041.28 Min=2.26 Avg=85.60 10=31.84 25=49.25 50=83.45 75=106.30 90=144.38 95=176.77 99=224.00 99.9=859.65 99.99=1934.34] [UPDATE: Count=168830 Max=13459.45 Min=6.73 Avg=17.32 10=11.33 25=12.99 50=15.21 75=18.00 90=21.26 95=23.45 99=29.97 99.9=286.21 99.99=2588.67]
2025-04-19 12:12:25 50 sec: 527082 operations; [READ: Count=351407 Max=3041.28 Min=2.26 Avg=84.77 10=17.20 25=49.18 50=82.88 75=105.34 90=143.49 95=175.10 99=222.59 99.9=845.82 99.99=1925.12] [UPDATE: Count=175675 Max=13459.45 Min=6.73 Avg=17.30 10=11.34 25=13.01 50=15.22 75=18.00 90=21.28 95=23.47 99=29.98 99.9=284.67 99.99=2463.74]
2025-04-19 12:12:26 51 sec: 547347 operations; [READ: Count=364890 Max=3041.28 Min=2.26 Avg=84.02 10=14.88 25=49.18 50=82.30 75=104.70 90=142.59 95=173.44 99=221.31 99.9=833.02 99.99=1925.12] [UPDATE: Count=182457 Max=13459.45 Min=6.73 Avg=17.28 10=11.37 25=13.03 50=15.25 75=18.03 90=21.31 95=23.50 99=30.03 99.9=280.57 99.99=2463.74]
2025-04-19 12:12:27 52 sec: 567947 operations; [READ: Count=378690 Max=3041.28 Min=2.26 Avg=83.25 10=13.43 25=49.09 50=81.73 75=104.00 90=141.82 95=171.65 99=220.03 99.9=817.66 99.99=1870.85] [UPDATE: Count=189257 Max=13459.45 Min=6.73 Avg=17.27 10=11.38 25=13.05 50=15.26 75=18.03 90=21.31 95=23.49 99=30.02 99.9=279.81 99.99=2463.74]
2025-04-19 12:12:28 53 sec: 588488 operations; [READ: Count=392348 Max=3041.28 Min=2.26 Avg=82.56 10=12.51 25=49.05 50=81.09 75=103.55 90=141.18 95=169.98 99=218.75 99.9=807.93 99.99=1866.75] [UPDATE: Count=196140 Max=13459.45 Min=6.73 Avg=17.26 10=11.40 25=13.07 50=15.26 75=18.03 90=21.31 95=23.49 99=30.03 99.9=278.27 99.99=2424.83]
2025-04-19 12:12:29 54 sec: 609120 operations; [READ: Count=406100 Max=3041.28 Min=2.26 Avg=81.89 10=11.86 25=48.99 50=80.45 75=103.10 90=140.41 95=168.06 99=217.85 99.9=799.23 99.99=1851.39] [UPDATE: Count=203020 Max=13459.45 Min=6.73 Avg=17.28 10=11.41 25=13.08 50=15.27 75=18.05 90=21.33 95=23.49 99=30.05 99.9=273.92 99.99=2463.74]
2025-04-19 12:12:30 55 sec: 629917 operations; [READ: Count=420035 Max=3041.28 Min=2.26 Avg=81.23 10=11.32 25=48.93 50=79.74 75=102.72 90=139.78 95=166.14 99=216.83 99.9=793.60 99.99=1843.20] [UPDATE: Count=209882 Max=13459.45 Min=6.73 Avg=17.27 10=11.43 25=13.10 50=15.28 75=18.06 90=21.33 95=23.50 99=30.08 99.9=273.66 99.99=2424.83]
2025-04-19 12:12:31 56 sec: 650740 operations; [READ: Count=433883 Max=3041.28 Min=2.26 Avg=80.63 10=10.95 25=48.90 50=79.04 75=102.40 90=139.13 95=163.97 99=215.81 99.9=782.85 99.99=1839.10] [UPDATE: Count=216857 Max=13459.45 Min=6.73 Avg=17.27 10=11.45 25=13.12 50=15.29 75=18.06 90=21.34 95=23.52 99=30.11 99.9=271.10 99.99=2424.83]
2025-04-19 12:12:32 57 sec: 671626 operations; [READ: Count=447783 Max=3041.28 Min=2.26 Avg=80.05 10=10.61 25=48.83 50=78.27 75=102.14 90=138.50 95=161.92 99=215.04 99.9=769.53 99.99=1818.62] [UPDATE: Count=223843 Max=13459.45 Min=6.73 Avg=17.26 10=11.46 25=13.13 50=15.31 75=18.08 90=21.36 95=23.52 99=30.06 99.9=271.10 99.99=2424.83]
2025-04-19 12:12:33 58 sec: 692592 operations; [READ: Count=461784 Max=3041.28 Min=2.26 Avg=79.50 10=10.35 25=48.80 50=77.44 75=101.89 90=137.85 95=160.00 99=214.14 99.9=754.69 99.99=1811.45] [UPDATE: Count=230808 Max=13459.45 Min=6.73 Avg=17.25 10=11.47 25=13.15 50=15.33 75=18.09 90=21.38 95=23.55 99=30.08 99.9=269.06 99.99=2396.16]
2025-04-19 12:12:34 59 sec: 713674 operations; [READ: Count=475873 Max=3041.28 Min=2.26 Avg=78.96 10=10.14 25=48.73 50=76.42 75=101.69 90=137.34 95=158.34 99=213.50 99.9=746.50 99.99=1794.05] [UPDATE: Count=237801 Max=13459.45 Min=6.73 Avg=17.24 10=11.49 25=13.17 50=15.34 75=18.11 90=21.39 95=23.57 99=30.11 99.9=266.24 99.99=2297.86]
2025-04-19 12:12:35 60 sec: 735032 operations; [READ: Count=490151 Max=3041.28 Min=2.26 Avg=78.42 10=9.93 25=48.67 50=75.26 75=101.44 90=136.70 95=156.80 99=212.86 99.9=736.25 99.99=1788.93] [UPDATE: Count=244881 Max=13459.45 Min=6.73 Avg=17.24 10=11.49 25=13.18 50=15.34 75=18.11 90=21.39 95=23.58 99=30.11 99.9=271.10 99.99=2297.86]
2025-04-19 12:12:36 61 sec: 756621 operations; [READ: Count=504495 Max=3041.28 Min=2.26 Avg=77.90 10=9.73 25=48.58 50=73.98 75=101.18 90=136.06 95=155.52 99=212.22 99.9=727.04 99.99=1779.71] [UPDATE: Count=252126 Max=13459.45 Min=6.73 Avg=17.22 10=11.50 25=13.18 50=15.35 75=18.11 90=21.39 95=23.58 99=30.13 99.9=268.80 99.99=2240.51]
2025-04-19 12:12:37 62 sec: 778122 operations; [READ: Count=518742 Max=3041.28 Min=2.26 Avg=77.43 10=9.61 25=48.51 50=72.45 75=101.06 90=135.55 95=154.24 99=211.46 99.9=721.41 99.99=1758.21] [UPDATE: Count=259380 Max=13459.45 Min=6.73 Avg=17.20 10=11.50 25=13.19 50=15.36 75=18.13 90=21.39 95=23.58 99=30.09 99.9=264.70 99.99=2226.18]
2025-04-19 12:12:38 63 sec: 799914 operations; [READ: Count=533238 Max=3041.28 Min=2.26 Avg=76.94 10=9.47 25=48.45 50=70.21 75=100.86 90=134.91 95=153.22 99=210.81 99.9=709.63 99.99=1754.11] [UPDATE: Count=266676 Max=13459.45 Min=6.73 Avg=17.19 10=11.51 25=13.20 50=15.36 75=18.13 90=21.39 95=23.58 99=30.14 99.9=264.70 99.99=2197.50]
2025-04-19 12:12:39 64 sec: 821519 operations; [READ: Count=547569 Max=3041.28 Min=2.26 Avg=76.49 10=9.35 25=48.35 50=67.58 75=100.67 90=134.40 95=152.32 99=210.18 99.9=697.86 99.99=1732.61] [UPDATE: Count=273950 Max=13459.45 Min=6.73 Avg=17.19 10=11.51 25=13.21 50=15.37 75=18.13 90=21.41 95=23.58 99=30.16 99.9=265.98 99.99=2226.18]
2025-04-19 12:12:40 65 sec: 843305 operations; [READ: Count=562071 Max=3041.28 Min=2.26 Avg=76.04 10=9.25 25=48.29 50=65.41 75=100.54 90=133.76 95=151.55 99=209.53 99.9=689.15 99.99=1712.13] [UPDATE: Count=281234 Max=13459.45 Min=6.73 Avg=17.18 10=11.52 25=13.21 50=15.38 75=18.13 90=21.41 95=23.60 99=30.16 99.9=266.24 99.99=2197.50]
2025-04-19 12:12:41 66 sec: 865218 operations; [READ: Count=576746 Max=3041.28 Min=2.26 Avg=75.60 10=9.14 25=48.19 50=63.94 75=100.35 90=133.12 95=150.78 99=209.02 99.9=682.50 99.99=1694.72] [UPDATE: Count=288472 Max=13459.45 Min=6.73 Avg=17.17 10=11.52 25=13.21 50=15.38 75=18.14 90=21.41 95=23.60 99=30.16 99.9=266.24 99.99=2156.54]
2025-04-19 12:12:42 67 sec: 887564 operations; [READ: Count=591670 Max=3041.28 Min=2.26 Avg=75.14 10=9.03 25=48.06 50=62.85 75=100.22 90=132.48 95=150.01 99=208.51 99.9=674.30 99.99=1683.45] [UPDATE: Count=295894 Max=13459.45 Min=6.73 Avg=17.17 10=11.52 25=13.21 50=15.38 75=18.13 90=21.41 95=23.58 99=30.14 99.9=266.24 99.99=2156.54]
2025-04-19 12:12:43 68 sec: 910323 operations; [READ: Count=606877 Max=3041.28 Min=2.26 Avg=74.68 10=8.93 25=47.94 50=62.02 75=100.03 90=131.84 95=149.38 99=207.87 99.9=665.60 99.99=1644.54] [UPDATE: Count=303446 Max=13459.45 Min=6.73 Avg=17.14 10=11.51 25=13.21 50=15.37 75=18.11 90=21.39 95=23.55 99=30.11 99.9=264.70 99.99=2156.54]
2025-04-19 12:12:44 69 sec: 933106 operations; [READ: Count=622056 Max=3041.28 Min=2.26 Avg=74.22 10=8.82 25=47.81 50=61.38 75=99.84 90=131.01 95=148.74 99=207.23 99.9=657.41 99.99=1640.45] [UPDATE: Count=311050 Max=13459.45 Min=6.73 Avg=17.15 10=11.49 25=13.20 50=15.36 75=18.11 90=21.38 95=23.55 99=30.13 99.9=267.52 99.99=2156.54]
2025-04-19 12:12:45 70 sec: 960091 operations; [READ: Count=640034 Max=3041.28 Min=2.19 Avg=73.47 10=8.63 25=47.26 50=60.64 75=99.39 90=129.85 95=147.97 99=206.59 99.9=649.22 99.99=1638.40] [UPDATE: Count=320057 Max=13459.45 Min=6.72 Avg=17.06 10=11.38 25=13.10 50=15.29 75=18.03 90=21.30 95=23.49 99=30.03 99.9=268.80 99.99=2197.50]
2025-04-19 12:12:46 71 sec: 987700 operations; [READ: Count=658515 Max=3041.28 Min=2.19 Avg=72.72 10=8.46 25=46.69 50=60.00 75=98.94 90=128.51 95=147.20 99=205.95 99.9=640.51 99.99=1634.30] [UPDATE: Count=329185 Max=13459.45 Min=6.42 Avg=16.95 10=11.26 25=13.00 50=15.20 75=17.95 90=21.21 95=23.41 99=29.97 99.9=266.24 99.99=2156.54]
2025-04-19 12:12:47 72 sec: 1013752 operations; [READ: Count=675945 Max=3041.28 Min=2.19 Avg=72.11 10=8.32 25=46.27 50=59.49 75=98.56 90=127.36 95=146.56 99=205.44 99.9=630.78 99.99=1626.11] [UPDATE: Count=337807 Max=13459.45 Min=6.42 Avg=16.90 10=11.18 25=12.94 50=15.15 75=17.89 90=21.17 95=23.36 99=29.97 99.9=267.01 99.99=2129.92]
2025-04-19 12:12:48 73 sec: 1041715 operations; [READ: Count=694589 Max=3041.28 Min=2.19 Avg=71.40 10=8.16 25=45.73 50=58.98 75=98.11 90=125.95 95=145.92 99=204.80 99.9=622.08 99.99=1626.11] [UPDATE: Count=347126 Max=13459.45 Min=6.42 Avg=16.82 10=11.08 25=12.83 50=15.07 75=17.81 90=21.09 95=23.30 99=29.93 99.9=266.24 99.99=2117.63]
2025-04-19 12:12:49 74 sec: 1069947 operations; [READ: Count=713382 Max=3041.28 Min=2.19 Avg=70.72 10=8.00 25=45.22 50=58.53 75=97.66 90=124.48 95=145.41 99=204.16 99.9=614.91 99.99=1600.51] [UPDATE: Count=356565 Max=13459.45 Min=6.42 Avg=16.74 10=10.97 25=12.74 50=14.99 75=17.73 90=21.02 95=23.23 99=29.89 99.9=266.24 99.99=1960.96]
2025-04-19 12:12:50 75 sec: 1098135 operations; [READ: Count=732204 Max=3041.28 Min=2.19 Avg=70.07 10=7.86 25=44.73 50=58.11 75=97.22 90=123.14 95=144.77 99=203.65 99.9=605.18 99.99=1585.15] [UPDATE: Count=365931 Max=13459.45 Min=6.42 Avg=16.66 10=10.87 25=12.65 50=14.91 75=17.65 90=20.93 95=23.17 99=29.81 99.9=264.45 99.99=1960.96]
2025-04-19 12:12:51 76 sec: 1131307 operations; [READ: Count=754386 Max=3041.28 Min=2.19 Avg=69.13 10=7.69 25=44.00 50=57.28 75=96.70 90=121.53 95=144.13 99=203.01 99.9=591.36 99.99=1577.98] [UPDATE: Count=376921 Max=13459.45 Min=6.42 Avg=16.54 10=10.70 25=12.52 50=14.80 75=17.55 90=20.85 95=23.09 99=29.74 99.9=260.10 99.99=1941.50]
2025-04-19 12:12:52 77 sec: 1166702 operations; [READ: Count=777964 Max=3041.28 Min=2.19 Avg=68.12 10=7.50 25=43.17 50=56.32 75=96.13 90=120.00 95=143.49 99=202.62 99.9=599.04 99.99=1569.79] [UPDATE: Count=388738 Max=13459.45 Min=6.42 Avg=16.39 10=10.51 25=12.35 50=14.67 75=17.44 90=20.75 95=23.01 99=29.65 99.9=256.77 99.99=1941.50]
2025-04-19 12:12:53 78 sec: 1203544 operations; [READ: Count=802439 Max=3041.28 Min=2.19 Avg=67.09 10=7.33 25=42.43 50=55.49 75=95.55 90=118.53 95=142.72 99=201.98 99.9=590.85 99.99=1507.33] [UPDATE: Count=401105 Max=13459.45 Min=6.42 Avg=16.24 10=10.34 25=12.18 50=14.54 75=17.33 90=20.66 95=22.91 99=29.55 99.9=252.29 99.99=1902.59]
2025-04-19 12:12:54 79 sec: 1239296 operations; [READ: Count=826214 Max=3041.28 Min=2.19 Avg=66.18 10=7.16 25=41.79 50=54.75 75=95.04 90=117.25 95=142.21 99=201.47 99.9=593.92 99.99=1455.10] [UPDATE: Count=413082 Max=13459.45 Min=6.42 Avg=16.11 10=10.21 25=12.02 50=14.42 75=17.23 90=20.57 95=22.83 99=29.44 99.9=249.98 99.99=1872.89]
2025-04-19 12:12:55 80 sec: 1273742 operations; [READ: Count=849162 Max=3135.49 Min=2.19 Avg=65.39 10=7.01 25=41.28 50=54.11 75=94.59 90=116.09 95=141.57 99=201.22 99.9=614.91 99.99=1449.98] [UPDATE: Count=424580 Max=13459.45 Min=6.42 Avg=15.98 10=10.10 25=11.86 50=14.31 75=17.14 90=20.48 95=22.75 99=29.33 99.9=246.78 99.99=1851.39]
2025-04-19 12:12:56 81 sec: 1310706 operations; [READ: Count=873779 Max=3135.49 Min=2.19 Avg=64.51 10=6.88 25=40.73 50=53.44 75=94.02 90=114.88 95=140.93 99=200.57 99.9=604.67 99.99=1447.93] [UPDATE: Count=436927 Max=13459.45 Min=6.42 Avg=15.86 10=10.01 25=11.70 50=14.20 75=17.02 90=20.38 95=22.67 99=29.23 99.9=243.46 99.99=1721.34]
2025-04-19 12:12:57 82 sec: 1343762 operations; [READ: Count=895779 Max=3233.79 Min=2.19 Avg=63.87 10=6.77 25=40.29 50=52.90 75=93.57 90=113.98 95=140.54 99=200.32 99.9=627.20 99.99=1434.62] [UPDATE: Count=447983 Max=13459.45 Min=6.42 Avg=15.76 10=9.94 25=11.59 50=14.11 75=16.94 90=20.30 95=22.61 99=29.20 99.9=241.53 99.99=1668.10]
2025-04-19 12:12:58 83 sec: 1377576 operations; [READ: Count=918283 Max=3233.79 Min=2.08 Avg=63.22 10=6.72 25=39.94 50=52.35 75=93.18 90=113.22 95=140.03 99=199.81 99.9=619.52 99.99=1429.50] [UPDATE: Count=459293 Max=13459.45 Min=6.42 Avg=15.68 10=9.88 25=11.49 50=14.02 75=16.86 90=20.22 95=22.54 99=29.17 99.9=239.74 99.99=1644.54]
2025-04-19 12:12:59 84 sec: 1407657 operations; [READ: Count=938399 Max=3233.79 Min=2.08 Avg=62.78 10=6.72 25=39.62 50=52.00 75=92.86 90=112.70 95=139.52 99=199.68 99.9=627.20 99.99=1427.45] [UPDATE: Count=469258 Max=13459.45 Min=6.42 Avg=15.62 10=9.85 25=11.43 50=13.96 75=16.82 90=20.16 95=22.50 99=29.14 99.9=239.49 99.99=1596.41]
2025-04-19 12:13:00 85 sec: 1434843 operations; [READ: Count=956523 Max=3233.79 Min=2.08 Avg=62.50 10=6.72 25=39.33 50=51.71 75=92.67 90=112.38 95=139.26 99=199.81 99.9=669.18 99.99=1433.60] [UPDATE: Count=478320 Max=13459.45 Min=6.42 Avg=15.56 10=9.81 25=11.37 50=13.90 75=16.75 90=20.11 95=22.45 99=29.10 99.9=238.21 99.99=1585.15]
2025-04-19 12:13:01 86 sec: 1463152 operations; [READ: Count=975403 Max=3233.79 Min=2.08 Avg=62.16 10=6.74 25=39.01 50=51.55 75=92.48 90=112.25 95=138.88 99=199.29 99.9=661.50 99.99=1427.45] [UPDATE: Count=487749 Max=13459.45 Min=6.42 Avg=15.53 10=9.81 25=11.34 50=13.87 75=16.72 90=20.06 95=22.41 99=29.09 99.9=238.08 99.99=1583.10]
2025-04-19 12:13:02 87 sec: 1487958 operations; [READ: Count=991960 Max=3233.79 Min=2.08 Avg=62.00 10=6.75 25=38.72 50=51.42 75=92.35 90=112.19 95=138.50 99=199.29 99.9=684.54 99.99=1500.16] [UPDATE: Count=495998 Max=13459.45 Min=6.42 Avg=15.49 10=9.79 25=11.31 50=13.85 75=16.69 90=20.03 95=22.38 99=29.07 99.9=236.80 99.99=1579.01]
2025-04-19 12:13:03 88 sec: 1499996 operations; [READ: Count=1000000 Max=3233.79 Min=2.08 Avg=61.95 10=6.76 25=38.56 50=51.39 75=92.35 90=112.25 95=138.37 99=199.29 99.9=694.27 99.99=1506.30] [UPDATE: Count=499996 Max=13459.45 Min=6.42 Avg=15.49 10=9.79 25=11.31 50=13.84 75=16.67 90=20.02 95=22.37 99=29.07 99.9=237.06 99.99=1579.01]
2025-04-19 12:13:04 89 sec: 1499996 operations; [READ: Count=1000000 Max=3233.79 Min=2.08 Avg=61.95 10=6.76 25=38.56 50=51.39 75=92.35 90=112.25 95=138.37 99=199.29 99.9=694.27 99.99=1506.30] [UPDATE: Count=499996 Max=13459.45 Min=6.42 Avg=15.49 10=9.79 25=11.31 50=13.84 75=16.67 90=20.02 95=22.37 99=29.07 99.9=237.06 99.99=1579.01]
2025-04-19 12:13:05 90 sec: 1499996 operations; [READ: Count=1000000 Max=3233.79 Min=2.08 Avg=61.95 10=6.76 25=38.56 50=51.39 75=92.35 90=112.25 95=138.37 99=199.29 99.9=694.27 99.99=1506.30] [UPDATE: Count=499996 Max=13459.45 Min=6.42 Avg=15.49 10=9.79 25=11.31 50=13.84 75=16.67 90=20.02 95=22.37 99=29.07 99.9=237.06 99.99=1579.01]
2025-04-19 12:13:06 91 sec: 1499996 operations; [READ: Count=1000000 Max=3233.79 Min=2.08 Avg=61.95 10=6.76 25=38.56 50=51.39 75=92.35 90=112.25 95=138.37 99=199.29 99.9=694.27 99.99=1506.30] [UPDATE: Count=499996 Max=13459.45 Min=6.42 Avg=15.49 10=9.79 25=11.31 50=13.84 75=16.67 90=20.02 95=22.37 99=29.07 99.9=237.06 99.99=1579.01]
2025-04-19 12:13:07 92 sec: 1499996 operations; [READ: Count=1000000 Max=3233.79 Min=2.08 Avg=61.95 10=6.76 25=38.56 50=51.39 75=92.35 90=112.25 95=138.37 99=199.29 99.9=694.27 99.99=1506.30] [UPDATE: Count=499996 Max=13459.45 Min=6.42 Avg=15.49 10=9.79 25=11.31 50=13.84 75=16.67 90=20.02 95=22.37 99=29.07 99.9=237.06 99.99=1579.01]
2025-04-19 12:13:08 92 sec: 1499996 operations; [READ: Count=1000000 Max=3233.79 Min=2.08 Avg=61.95 10=6.76 25=38.56 50=51.39 75=92.35 90=112.25 95=138.37 99=199.29 99.9=694.27 99.99=1506.30] [UPDATE: Count=499996 Max=13459.45 Min=6.42 Avg=15.49 10=9.79 25=11.31 50=13.84 75=16.67 90=20.02 95=22.37 99=29.07 99.9=237.06 99.99=1579.01]
Run runtime(sec): 92.2945
Run operations(ops): 1000000
Run throughput(ops/sec): 10834.9
