Running scope as unit: run-r88aaacb7a8b649ca93fd4200b973340f.scope
load file:/home/user/DataFiles/silesia_data/silesia.tar
2025-04-22 06:10:00 0 sec: 0 operations;
2025-04-22 06:10:01 1 sec: 0 operations;
2025-04-22 06:10:02 2 sec: 0 operations;
2025-04-22 06:10:03 3 sec: 0 operations;
2025-04-22 06:10:04 4 sec: 0 operations;
2025-04-22 06:10:05 5 sec: 0 operations;
2025-04-22 06:10:06 6 sec: 9382 operations; [READ: Count=4732 Max=2031.62 Min=3.08 Avg=78.42 10=14.36 25=18.66 50=25.25 75=34.49 90=114.24 95=387.33 99=1170.43 99.9=1614.85 99.99=2031.62] [UPDATE: Count=4650 Max=10149.89 Min=11.39 Avg=119.39 10=24.57 25=30.05 50=38.40 75=53.41 90=135.29 95=497.66 99=1340.41 99.9=7098.37 99.99=10149.89]
2025-04-22 06:10:07 7 sec: 22321 operations; [READ: Count=11144 Max=2240.51 Min=2.82 Avg=69.43 10=14.05 25=18.78 50=24.67 75=33.47 90=109.95 95=269.82 99=1038.34 99.9=1604.61 99.99=2177.02] [UPDATE: Count=11177 Max=10600.45 Min=9.53 Avg=101.92 10=24.66 25=29.98 50=37.98 75=50.43 90=128.25 95=376.57 99=1099.78 99.9=7098.37 99.99=10420.22]
2025-04-22 06:10:08 8 sec: 35374 operations; [READ: Count=17776 Max=2240.51 Min=2.48 Avg=69.79 10=13.92 25=18.54 50=24.09 75=32.34 90=110.27 95=336.13 99=985.09 99.9=1584.13 99.99=2052.09] [UPDATE: Count=17598 Max=10600.45 Min=7.52 Avg=94.30 10=23.34 25=28.18 50=35.55 75=47.04 90=126.14 95=384.51 99=1039.36 99.9=5062.65 99.99=10379.26]
2025-04-22 06:10:09 9 sec: 57147 operations; [READ: Count=28649 Max=2240.51 Min=2.22 Avg=58.10 10=12.52 25=16.66 50=22.32 75=30.75 90=105.73 95=188.54 99=834.56 99.9=1467.39 99.99=2033.66] [UPDATE: Count=28498 Max=10600.45 Min=7.25 Avg=77.71 10=20.08 25=25.25 50=32.48 75=43.52 90=118.78 95=224.90 99=919.55 99.9=2805.76 99.99=10149.89]
2025-04-22 06:10:10 10 sec: 81611 operations; [READ: Count=40926 Max=2240.51 Min=2.22 Avg=51.12 10=12.18 25=15.08 50=21.20 75=29.02 90=100.80 95=150.66 99=754.69 99.9=1420.29 99.99=2031.62] [UPDATE: Count=40685 Max=10600.45 Min=7.25 Avg=67.92 10=19.10 25=23.54 50=30.46 75=40.48 90=112.32 95=174.85 99=837.63 99.9=2379.78 99.99=10141.69]
2025-04-22 06:10:11 11 sec: 109325 operations; [READ: Count=54967 Max=2240.51 Min=2.22 Avg=45.69 10=12.07 25=14.60 50=20.57 75=27.71 90=92.16 95=129.09 99=687.10 99.9=1339.39 99.99=1986.56] [UPDATE: Count=54358 Max=10600.45 Min=7.25 Avg=61.03 10=18.77 25=22.75 50=29.42 75=38.56 90=104.64 95=148.86 99=753.15 99.9=1977.34 99.99=9707.52]
2025-04-22 06:10:12 12 sec: 142385 operations; [READ: Count=71371 Max=2240.51 Min=2.22 Avg=40.87 10=11.93 25=14.30 50=20.08 75=26.73 90=39.33 95=114.94 99=607.23 99.9=1266.69 99.99=1954.82] [UPDATE: Count=71014 Max=10600.45 Min=7.25 Avg=54.65 10=18.53 25=22.25 50=28.67 75=36.99 90=58.53 95=129.02 99=668.67 99.9=1767.42 99.99=8261.63]
2025-04-22 06:10:13 13 sec: 174532 operations; [READ: Count=87358 Max=2240.51 Min=2.22 Avg=37.88 10=11.84 25=14.23 50=19.89 75=26.30 90=36.54 95=109.06 99=528.89 99.9=1230.85 99.99=1929.21] [UPDATE: Count=87174 Max=10600.45 Min=7.25 Avg=51.14 10=18.45 25=22.16 50=28.50 75=36.41 90=52.22 95=122.43 99=591.36 99.9=1719.30 99.99=7634.94]
2025-04-22 06:10:14 14 sec: 189747 operations; [READ: Count=94936 Max=2240.51 Min=2.22 Avg=39.54 10=11.82 25=14.28 50=20.02 75=26.62 90=40.80 95=115.90 99=526.85 99.9=1222.65 99.99=1929.21] [UPDATE: Count=94811 Max=10600.45 Min=7.25 Avg=52.72 10=18.43 25=22.18 50=28.57 75=36.77 90=61.41 95=130.88 99=586.24 99.9=1731.58 99.99=7634.94]
2025-04-22 06:10:15 15 sec: 203278 operations; [READ: Count=101728 Max=2744.32 Min=2.22 Avg=41.44 10=11.78 25=14.29 50=20.11 75=26.93 90=85.50 95=122.30 99=550.91 99.9=1239.04 99.99=1947.65] [UPDATE: Count=101550 Max=10600.45 Min=7.15 Avg=54.38 10=18.38 25=22.16 50=28.66 75=37.12 90=97.66 95=138.50 99=607.74 99.9=1724.41 99.99=7254.02]
2025-04-22 06:10:16 16 sec: 217896 operations; [READ: Count=109057 Max=2744.32 Min=2.19 Avg=42.87 10=11.74 25=14.31 50=20.24 75=27.30 90=94.27 95=132.09 99=539.13 99.9=1221.63 99.99=1929.21] [UPDATE: Count=108839 Max=10600.45 Min=7.15 Avg=55.58 10=18.34 25=22.16 50=28.75 75=37.57 90=104.38 95=148.74 99=591.87 99.9=1692.67 99.99=7098.37]
2025-04-22 06:10:17 17 sec: 232912 operations; [READ: Count=116528 Max=2744.32 Min=2.19 Avg=43.99 10=11.70 25=14.34 50=20.40 75=27.71 90=97.92 95=138.50 99=526.85 99.9=1202.17 99.99=1820.67] [UPDATE: Count=116384 Max=10600.45 Min=7.15 Avg=56.58 10=18.29 25=22.18 50=28.86 75=38.08 90=107.78 95=157.06 99=578.56 99.9=1679.36 99.99=6897.66]
2025-04-22 06:10:18 18 sec: 248816 operations; [READ: Count=124556 Max=2744.32 Min=2.19 Avg=44.78 10=11.64 25=14.34 50=20.45 75=27.97 90=99.97 95=146.05 99=513.53 99.9=1188.86 99.99=1820.67] [UPDATE: Count=124260 Max=10600.45 Min=7.15 Avg=57.27 10=18.22 25=22.13 50=28.86 75=38.34 90=109.89 95=165.38 99=568.83 99.9=1601.54 99.99=6897.66]
2025-04-22 06:10:19 19 sec: 264623 operations; [READ: Count=132466 Max=2744.32 Min=2.19 Avg=45.44 10=11.57 25=14.32 50=20.46 75=28.09 90=101.31 95=152.19 99=511.74 99.9=1188.86 99.99=1820.67] [UPDATE: Count=132157 Max=10600.45 Min=7.15 Avg=57.96 10=18.14 25=22.06 50=28.83 75=38.53 90=111.49 95=172.29 99=565.25 99.9=1627.13 99.99=6684.67]
2025-04-22 06:10:20 20 sec: 278966 operations; [READ: Count=139651 Max=2744.32 Min=2.19 Avg=46.37 10=11.48 25=14.29 50=20.38 75=28.38 90=102.27 95=155.65 99=517.12 99.9=1215.49 99.99=1855.49] [UPDATE: Count=139315 Max=10600.45 Min=7.15 Avg=58.79 10=18.06 25=21.97 50=28.75 75=38.91 90=112.45 95=174.85 99=572.93 99.9=1634.30 99.99=6303.74]
2025-04-22 06:10:21 21 sec: 295236 operations; [READ: Count=147875 Max=2744.32 Min=2.19 Avg=46.86 10=11.38 25=14.23 50=20.18 75=28.82 90=103.30 95=156.67 99=498.69 99.9=1201.15 99.99=1820.67] [UPDATE: Count=147361 Max=10600.45 Min=7.15 Avg=59.19 10=17.95 25=21.79 50=28.61 75=39.55 90=113.34 95=175.87 99=554.50 99.9=1601.54 99.99=5509.12]
2025-04-22 06:10:22 22 sec: 312089 operations; [READ: Count=156383 Max=2744.32 Min=2.19 Avg=47.30 10=11.27 25=14.18 50=20.00 75=29.28 90=104.06 95=157.57 99=489.73 99.9=1189.89 99.99=1800.19] [UPDATE: Count=155706 Max=10600.45 Min=7.15 Avg=59.33 10=17.82 25=21.61 50=28.41 75=40.16 90=113.66 95=175.49 99=539.13 99.9=1553.41 99.99=5435.39]
2025-04-22 06:10:23 23 sec: 331072 operations; [READ: Count=165771 Max=2744.32 Min=2.19 Avg=47.30 10=11.10 25=14.05 50=19.68 75=29.61 90=103.94 95=156.16 99=478.72 99.9=1174.53 99.99=1796.10] [UPDATE: Count=165301 Max=10600.45 Min=7.15 Avg=59.15 10=17.63 25=21.36 50=28.14 75=40.73 90=113.53 95=173.31 99=520.70 99.9=1526.78 99.99=5320.70]
2025-04-22 06:10:24 24 sec: 354116 operations; [READ: Count=177322 Max=2744.32 Min=2.19 Avg=46.74 10=10.81 25=13.88 50=19.23 75=29.93 90=102.85 95=150.40 99=462.85 99.9=1163.26 99.99=1754.11] [UPDATE: Count=176794 Max=10600.45 Min=7.15 Avg=58.32 10=17.36 25=20.99 50=27.76 75=41.28 90=112.25 95=168.06 99=497.92 99.9=1486.85 99.99=5218.30]
2025-04-22 06:10:25 25 sec: 377802 operations; [READ: Count=189014 Max=2744.32 Min=2.19 Avg=46.18 10=10.44 25=13.71 50=18.72 75=30.09 90=101.69 95=146.18 99=451.58 99.9=1146.88 99.99=1710.08] [UPDATE: Count=188788 Max=10600.45 Min=7.14 Avg=57.47 10=17.09 25=20.69 50=27.28 75=41.50 90=110.85 95=163.07 99=482.81 99.9=1464.32 99.99=5062.65]
2025-04-22 06:10:26 26 sec: 405546 operations; [READ: Count=202806 Max=2744.32 Min=2.04 Avg=45.20 10=9.74 25=13.50 50=18.06 75=30.08 90=99.97 95=139.52 99=434.94 99.9=1125.38 99.99=1698.82] [UPDATE: Count=202740 Max=10600.45 Min=7.08 Avg=56.17 10=16.70 25=20.32 50=26.67 75=41.47 90=108.99 95=155.13 99=464.89 99.9=1428.48 99.99=5013.50]
2025-04-22 06:10:27 27 sec: 437462 operations; [READ: Count=218671 Max=2744.32 Min=2.04 Avg=43.89 10=8.54 25=13.30 50=17.31 75=29.74 90=98.05 95=132.48 99=419.33 99.9=1112.06 99.99=1681.41] [UPDATE: Count=218791 Max=10600.45 Min=6.99 Avg=54.54 10=16.22 25=19.97 50=25.93 75=40.99 90=106.81 95=146.05 99=447.23 99.9=1389.57 99.99=4812.80]
2025-04-22 06:10:28 28 sec: 472543 operations; [READ: Count=236100 Max=2744.32 Min=2.04 Avg=42.43 10=7.46 25=13.11 50=16.62 75=29.12 90=96.19 95=126.21 99=404.99 99.9=1090.56 99.99=1680.38] [UPDATE: Count=236443 Max=10600.45 Min=6.99 Avg=52.79 10=15.62 25=19.63 50=25.10 75=40.06 90=104.77 95=139.01 99=429.82 99.9=1333.25 99.99=4431.87]
2025-04-22 06:10:29 29 sec: 511081 operations; [READ: Count=255403 Max=2744.32 Min=2.04 Avg=40.85 10=6.71 25=12.92 50=16.03 75=28.21 90=94.46 95=120.96 99=389.63 99.9=1064.96 99.99=1669.12] [UPDATE: Count=255678 Max=10600.45 Min=6.78 Avg=50.99 10=14.86 25=19.33 50=24.29 75=38.85 90=102.85 95=132.86 99=413.95 99.9=1280.00 99.99=4284.41]
2025-04-22 06:10:30 30 sec: 549631 operations; [READ: Count=274850 Max=2744.32 Min=2.04 Avg=39.48 10=6.27 25=12.76 50=15.58 75=27.30 90=92.99 95=117.57 99=380.93 99.9=1040.38 99.99=1665.02] [UPDATE: Count=274781 Max=10600.45 Min=6.78 Avg=49.44 10=14.11 25=19.07 50=23.58 75=37.53 90=101.31 95=129.02 99=402.94 99.9=1250.30 99.99=4276.22]
2025-04-22 06:10:31 31 sec: 592561 operations; [READ: Count=296431 Max=2744.32 Min=2.04 Avg=37.98 10=5.94 25=12.62 50=15.21 75=26.24 90=91.45 95=114.11 99=369.66 99.9=1021.95 99.99=1614.85] [UPDATE: Count=296130 Max=10600.45 Min=6.78 Avg=47.76 10=13.48 25=18.83 50=22.96 75=36.22 90=99.58 95=124.99 99=391.94 99.9=1210.37 99.99=3766.27]
2025-04-22 06:10:32 32 sec: 637403 operations; [READ: Count=319128 Max=2744.32 Min=2.04 Avg=36.54 10=5.71 25=12.48 50=14.94 75=25.28 90=89.98 95=110.85 99=355.84 99.9=1000.96 99.99=1600.51] [UPDATE: Count=318275 Max=10600.45 Min=6.78 Avg=46.20 10=13.07 25=18.64 50=22.50 75=35.01 90=98.17 95=121.66 99=379.90 99.9=1179.65 99.99=3403.78]
2025-04-22 06:10:33 33 sec: 680202 operations; [READ: Count=340601 Max=2744.32 Min=2.04 Avg=35.43 10=5.55 25=12.38 50=14.75 75=24.56 90=88.83 95=108.48 99=345.09 99.9=971.26 99.99=1584.13] [UPDATE: Count=339601 Max=10600.45 Min=6.78 Avg=44.94 10=12.74 25=18.48 50=22.16 75=34.08 90=96.89 95=118.97 99=369.15 99.9=1146.88 99.99=3180.54]
2025-04-22 06:10:34 34 sec: 721006 operations; [READ: Count=361058 Max=2744.32 Min=2.04 Avg=34.56 10=5.43 25=12.28 50=14.63 75=24.00 90=87.94 95=106.50 99=335.36 99.9=959.49 99.99=1580.03] [UPDATE: Count=359948 Max=10600.45 Min=6.78 Avg=43.95 10=12.50 25=18.35 50=21.93 75=33.38 90=95.94 95=116.99 99=359.68 99.9=1120.26 99.99=3127.30]
2025-04-22 06:10:35 35 sec: 755550 operations; [READ: Count=378337 Max=2744.32 Min=2.04 Avg=34.08 10=5.37 25=12.21 50=14.56 75=23.61 90=87.55 95=105.73 99=329.47 99.9=943.10 99.99=1579.01] [UPDATE: Count=377213 Max=10600.45 Min=6.78 Avg=43.41 10=12.36 25=18.25 50=21.79 75=32.90 90=95.55 95=116.03 99=354.56 99.9=1091.58 99.99=3004.41]
2025-04-22 06:10:36 36 sec: 787927 operations; [READ: Count=394469 Max=2744.32 Min=2.04 Avg=33.76 10=5.31 25=12.14 50=14.50 75=23.31 90=87.30 95=105.09 99=326.14 99.9=928.77 99.99=1570.82] [UPDATE: Count=393458 Max=10600.45 Min=6.78 Avg=43.01 10=12.25 25=18.18 50=21.70 75=32.49 90=95.17 95=115.39 99=350.72 99.9=1079.30 99.99=2973.70]
2025-04-22 06:10:37 37 sec: 822298 operations; [READ: Count=411521 Max=2744.32 Min=2.04 Avg=33.38 10=5.27 25=12.07 50=14.46 75=23.05 90=86.97 95=104.13 99=317.44 99.9=916.48 99.99=1560.58] [UPDATE: Count=410777 Max=10600.45 Min=6.78 Avg=42.55 10=12.14 25=18.09 50=21.60 75=32.17 90=94.78 95=114.30 99=342.53 99.9=1063.93 99.99=2928.64]
2025-04-22 06:10:38 38 sec: 855310 operations; [READ: Count=427969 Max=10469.38 Min=2.04 Avg=33.10 10=5.27 25=12.01 50=14.45 75=22.86 90=86.72 95=103.17 99=310.53 99.9=906.75 99.99=1548.29] [UPDATE: Count=427341 Max=10600.45 Min=6.78 Avg=42.17 10=12.10 25=18.03 50=21.57 75=31.90 90=94.53 95=113.28 99=335.36 99.9=1052.67 99.99=2824.19]
2025-04-22 06:10:39 39 sec: 888373 operations; [READ: Count=444519 Max=10469.38 Min=2.04 Avg=32.82 10=5.25 25=11.94 50=14.42 75=22.59 90=86.53 95=102.66 99=304.89 99.9=894.46 99.99=1532.93] [UPDATE: Count=443854 Max=10600.45 Min=6.78 Avg=41.84 10=12.05 25=17.97 50=21.52 75=31.60 90=94.33 95=112.70 99=329.47 99.9=1038.34 99.99=2820.09]
2025-04-22 06:10:40 40 sec: 916702 operations; [READ: Count=458605 Max=10469.38 Min=2.04 Avg=32.73 10=5.26 25=11.86 50=14.42 75=22.40 90=86.46 95=102.46 99=305.66 99.9=885.76 99.99=1514.49] [UPDATE: Count=458097 Max=10600.45 Min=6.66 Avg=41.74 10=12.04 25=17.90 50=21.50 75=31.39 90=94.27 95=112.51 99=329.73 99.9=1031.17 99.99=2805.76]
2025-04-22 06:10:41 41 sec: 936205 operations; [READ: Count=468328 Max=10469.38 Min=2.04 Avg=32.99 10=5.29 25=11.85 50=14.45 75=22.54 90=86.91 95=103.10 99=308.74 99.9=879.62 99.99=1511.42] [UPDATE: Count=467877 Max=10600.45 Min=6.66 Avg=42.03 10=12.08 25=17.90 50=21.55 75=31.57 90=94.78 95=113.28 99=332.54 99.9=1027.07 99.99=2807.81]
2025-04-22 06:10:42 42 sec: 955214 operations; [READ: Count=477893 Max=10469.38 Min=2.04 Avg=33.27 10=5.32 25=11.87 50=14.49 75=22.85 90=87.55 95=103.74 99=307.97 99.9=876.03 99.99=1511.42] [UPDATE: Count=477321 Max=10600.45 Min=6.66 Avg=42.32 10=12.14 25=17.95 50=21.61 75=31.90 90=95.49 95=113.98 99=332.03 99.9=1019.90 99.99=2805.76]
2025-04-22 06:10:43 43 sec: 969682 operations; [READ: Count=485076 Max=10469.38 Min=2.04 Avg=33.71 10=5.34 25=11.89 50=14.53 75=23.23 90=88.45 95=104.64 99=307.71 99.9=873.47 99.99=1504.26] [UPDATE: Count=484606 Max=10600.45 Min=6.66 Avg=42.78 10=12.19 25=17.98 50=21.70 75=32.41 90=96.45 95=114.94 99=331.52 99.9=1012.74 99.99=2805.76]
2025-04-22 06:10:44 44 sec: 981573 operations; [READ: Count=490961 Max=10469.38 Min=2.04 Avg=34.25 10=5.36 25=11.93 50=14.57 75=23.61 90=89.28 95=105.86 99=309.76 99.9=867.84 99.99=1504.26] [UPDATE: Count=490612 Max=10600.45 Min=6.66 Avg=43.33 10=12.22 25=18.02 50=21.76 75=32.93 90=97.41 95=116.48 99=332.54 99.9=1007.62 99.99=2803.71]
2025-04-22 06:10:45 45 sec: 991020 operations; [READ: Count=495714 Max=10469.38 Min=2.04 Avg=34.86 10=5.38 25=11.95 50=14.61 75=23.95 90=89.98 95=107.65 99=314.88 99.9=872.45 99.99=1494.02] [UPDATE: Count=495306 Max=10600.45 Min=6.66 Avg=43.98 10=12.25 25=18.05 50=21.82 75=33.38 90=98.17 95=118.53 99=339.20 99.9=1012.74 99.99=2764.80]
2025-04-22 06:10:46 46 sec: 1000000 operations; [READ: Count=500198 Max=10469.38 Min=2.04 Avg=35.41 10=5.39 25=11.97 50=14.64 75=24.24 90=90.50 95=109.25 99=319.74 99.9=876.03 99.99=1504.26] [UPDATE: Count=499802 Max=10600.45 Min=6.66 Avg=44.52 10=12.27 25=18.08 50=21.87 75=33.73 90=98.81 95=120.38 99=343.55 99.9=1017.34 99.99=2781.18]
Run runtime(sec): 46.0028
Run operations(ops): 1000000
Run throughput(ops/sec): 21737.8
