Running scope as unit: run-r837ef99c46804aa4a526660709a81776.scope
load file:/home/user/DataFiles/silesia_data/silesia.tar
2025-04-19 12:07:31 0 sec: 0 operations;
2025-04-19 12:07:32 1 sec: 0 operations;
2025-04-19 12:07:33 2 sec: 0 operations;
2025-04-19 12:07:34 3 sec: 0 operations;
2025-04-19 12:07:35 4 sec: 0 operations;
2025-04-19 12:07:36 5 sec: 0 operations;
2025-04-19 12:07:37 6 sec: 0 operations;
2025-04-19 12:07:38 7 sec: 0 operations;
2025-04-19 12:07:39 8 sec: 0 operations;
2025-04-19 12:07:40 9 sec: 0 operations;
2025-04-19 12:07:41 10 sec: 0 operations;
2025-04-19 12:07:42 11 sec: 0 operations;
2025-04-19 12:07:43 12 sec: 0 operations;
2025-04-19 12:07:44 13 sec: 0 operations;
2025-04-19 12:07:45 14 sec: 0 operations;
2025-04-19 12:07:46 15 sec: 0 operations;
2025-04-19 12:07:47 16 sec: 0 operations;
2025-04-19 12:07:48 17 sec: 0 operations;
2025-04-19 12:07:49 18 sec: 0 operations;
2025-04-19 12:07:50 19 sec: 0 operations;
2025-04-19 12:07:51 20 sec: 0 operations;
2025-04-19 12:07:52 21 sec: 0 operations;
2025-04-19 12:07:53 22 sec: 0 operations;
2025-04-19 12:07:54 23 sec: 0 operations;
2025-04-19 12:07:55 24 sec: 0 operations;
2025-04-19 12:07:56 25 sec: 0 operations;
2025-04-19 12:07:57 26 sec: 0 operations;
2025-04-19 12:07:58 27 sec: 0 operations;
2025-04-19 12:07:59 28 sec: 0 operations;
2025-04-19 12:08:00 29 sec: 0 operations;
2025-04-19 12:08:01 30 sec: 0 operations;
2025-04-19 12:08:02 31 sec: 0 operations;
2025-04-19 12:08:03 32 sec: 1903 operations; [READ: Count=972 Max=1770.49 Min=6.90 Avg=103.46 10=49.50 25=75.45 50=85.82 75=119.17 90=149.50 95=173.69 99=212.61 99.9=1225.73 99.99=1770.49] [UPDATE: Count=931 Max=1635.33 Min=10.48 Avg=106.64 10=53.63 25=81.47 50=93.44 75=126.21 90=145.15 95=171.39 99=234.50 99.9=929.28 99.99=1635.33]
2025-04-19 12:08:04 33 sec: 11279 operations; [READ: Count=5661 Max=2131.97 Min=3.11 Avg=101.47 10=43.33 25=74.24 50=84.80 75=117.95 90=137.98 95=162.94 99=354.56 99.9=1676.29 99.99=2093.05] [UPDATE: Count=5618 Max=3143.68 Min=8.98 Avg=110.02 10=50.30 25=81.28 50=93.95 75=126.21 90=146.18 95=168.83 99=331.26 99.9=2115.58 99.99=2998.27]
2025-04-19 12:08:05 34 sec: 21018 operations; [READ: Count=10573 Max=2131.97 Min=2.75 Avg=99.56 10=43.94 25=74.50 50=88.32 75=119.61 90=144.90 95=163.58 99=215.29 99.9=1250.30 99.99=2093.05] [UPDATE: Count=10445 Max=3143.68 Min=8.05 Avg=108.26 10=51.10 25=81.53 50=98.11 75=127.68 90=153.34 95=174.21 99=237.57 99.9=1648.64 99.99=2998.27]
2025-04-19 12:08:06 35 sec: 30708 operations; [READ: Count=15489 Max=2131.97 Min=2.75 Avg=98.70 10=44.54 25=74.81 50=89.86 75=120.58 90=144.90 95=162.18 99=207.10 99.9=1034.24 99.99=2044.93] [UPDATE: Count=15219 Max=3143.68 Min=8.05 Avg=108.12 10=51.90 25=81.53 50=99.07 75=128.51 90=153.34 95=172.93 99=233.73 99.9=1648.64 99.99=2603.01]
2025-04-19 12:08:07 36 sec: 40190 operations; [READ: Count=20259 Max=2131.97 Min=2.66 Avg=98.83 10=45.12 25=75.07 50=91.84 75=121.73 90=145.79 95=161.66 99=205.18 99.9=893.95 99.99=2044.93] [UPDATE: Count=19931 Max=3143.68 Min=7.97 Avg=108.52 10=52.45 25=81.66 50=100.93 75=129.53 90=154.24 95=172.93 99=233.09 99.9=1571.84 99.99=2603.01]
2025-04-19 12:08:08 37 sec: 49641 operations; [READ: Count=24987 Max=2131.97 Min=2.66 Avg=98.72 10=45.18 25=75.14 50=92.99 75=122.62 90=146.43 95=161.53 99=202.50 99.9=796.16 99.99=2044.93] [UPDATE: Count=24654 Max=3143.68 Min=7.97 Avg=109.06 10=52.80 25=82.05 50=102.27 75=130.75 90=155.78 95=174.21 99=232.19 99.9=1427.45 99.99=2603.01]
2025-04-19 12:08:09 38 sec: 58571 operations; [READ: Count=29395 Max=2131.97 Min=2.66 Avg=99.68 10=45.85 25=75.45 50=95.23 75=124.67 90=147.97 95=162.69 99=201.09 99.9=762.88 99.99=1825.79] [UPDATE: Count=29176 Max=4321.28 Min=7.97 Avg=110.25 10=53.66 25=82.62 50=104.83 75=133.12 90=158.08 95=176.13 99=228.35 99.9=1156.10 99.99=2603.01]
2025-04-19 12:08:10 39 sec: 68469 operations; [READ: Count=34355 Max=2131.97 Min=2.66 Avg=99.10 10=45.73 25=75.33 50=94.97 75=124.80 90=147.46 95=161.92 99=198.78 99.9=709.63 99.99=1825.79] [UPDATE: Count=34114 Max=4321.28 Min=7.97 Avg=109.42 10=53.44 25=82.56 50=104.51 75=133.25 90=157.57 95=174.21 99=222.21 99.9=924.67 99.99=2603.01]
2025-04-19 12:08:11 40 sec: 78715 operations; [READ: Count=39532 Max=2131.97 Min=2.66 Avg=98.15 10=45.34 25=75.01 50=94.21 75=124.16 90=146.69 95=160.51 99=196.22 99.9=653.31 99.99=1770.49] [UPDATE: Count=39183 Max=4321.28 Min=7.97 Avg=108.42 10=53.18 25=82.43 50=103.74 75=132.61 90=156.80 95=172.29 99=219.65 99.9=887.29 99.99=2254.85]
2025-04-19 12:08:12 41 sec: 88304 operations; [READ: Count=44368 Max=2131.97 Min=2.66 Avg=98.12 10=45.22 25=74.88 50=94.72 75=124.54 90=147.20 95=160.64 99=195.46 99.9=617.47 99.99=1770.49] [UPDATE: Count=43936 Max=4321.28 Min=7.97 Avg=108.46 10=53.15 25=82.50 50=104.32 75=133.12 90=157.44 95=172.67 99=217.47 99.9=844.29 99.99=2254.85]
2025-04-19 12:08:13 42 sec: 98630 operations; [READ: Count=49544 Max=2131.97 Min=2.66 Avg=97.34 10=44.83 25=74.69 50=93.89 75=123.97 90=146.56 95=159.74 99=194.05 99.9=516.61 99.99=1737.73] [UPDATE: Count=49086 Max=5939.20 Min=7.97 Avg=107.71 10=52.67 25=82.24 50=103.55 75=132.48 90=156.54 95=171.39 99=214.53 99.9=801.79 99.99=2254.85]
2025-04-19 12:08:14 43 sec: 109252 operations; [READ: Count=54911 Max=2131.97 Min=2.66 Avg=96.46 10=44.45 25=74.30 50=93.12 75=123.33 90=145.53 95=158.72 99=192.51 99.9=488.96 99.99=1737.73] [UPDATE: Count=54341 Max=5939.20 Min=7.97 Avg=106.80 10=52.29 25=81.98 50=102.66 75=131.97 90=155.78 95=170.11 99=212.09 99.9=749.05 99.99=2254.85]
2025-04-19 12:08:15 44 sec: 119857 operations; [READ: Count=60264 Max=2131.97 Min=2.66 Avg=95.82 10=44.13 25=74.05 50=92.48 75=123.01 90=144.77 95=158.08 99=191.23 99.9=437.50 99.99=1719.30] [UPDATE: Count=59593 Max=5939.20 Min=7.97 Avg=106.00 10=51.87 25=81.66 50=102.02 75=131.58 90=155.01 95=169.09 99=210.30 99.9=710.14 99.99=2240.51]
2025-04-19 12:08:16 45 sec: 130427 operations; [READ: Count=65603 Max=2131.97 Min=2.66 Avg=95.28 10=43.84 25=73.79 50=92.03 75=122.75 90=143.87 95=157.69 99=190.34 99.9=371.20 99.99=1676.29] [UPDATE: Count=64824 Max=5939.20 Min=7.97 Avg=105.38 10=51.52 25=81.34 50=101.50 75=131.33 90=154.24 95=168.19 99=208.77 99.9=698.88 99.99=2240.51]
2025-04-19 12:08:17 46 sec: 141136 operations; [READ: Count=70932 Max=2131.97 Min=2.59 Avg=94.74 10=43.45 25=73.53 50=91.65 75=122.56 90=143.10 95=157.06 99=189.31 99.9=326.40 99.99=1676.29] [UPDATE: Count=70204 Max=5939.20 Min=7.97 Avg=104.73 10=51.13 25=81.02 50=100.86 75=131.01 90=153.60 95=167.55 99=206.97 99.9=642.05 99.99=2213.89]
2025-04-19 12:08:18 47 sec: 151754 operations; [READ: Count=76195 Max=2131.97 Min=2.59 Avg=94.32 10=43.13 25=73.22 50=91.33 75=122.37 90=142.59 95=156.54 99=188.67 99.9=270.59 99.99=1642.49] [UPDATE: Count=75559 Max=5939.20 Min=7.97 Avg=104.25 10=50.81 25=80.83 50=100.54 75=130.88 90=152.96 95=167.04 99=205.44 99.9=595.46 99.99=2156.54]
2025-04-19 12:08:19 48 sec: 162257 operations; [READ: Count=81372 Max=2131.97 Min=2.59 Avg=94.00 10=42.88 25=72.96 50=91.07 75=122.30 90=142.21 95=156.16 99=188.03 99.9=256.89 99.99=1642.49] [UPDATE: Count=80885 Max=5939.20 Min=7.97 Avg=103.92 10=50.49 25=80.51 50=100.35 75=130.75 90=152.45 95=166.66 99=204.54 99.9=570.37 99.99=2240.51]
2025-04-19 12:08:20 49 sec: 172971 operations; [READ: Count=86738 Max=2131.97 Min=2.59 Avg=93.62 10=42.62 25=72.70 50=90.81 75=122.11 90=141.69 95=155.90 99=187.26 99.9=250.62 99.99=1357.82] [UPDATE: Count=86233 Max=5939.20 Min=7.97 Avg=103.49 10=50.17 25=80.19 50=100.03 75=130.62 90=151.81 95=166.14 99=203.65 99.9=550.91 99.99=2254.85]
2025-04-19 12:08:21 50 sec: 183839 operations; [READ: Count=92116 Max=2131.97 Min=2.59 Avg=93.20 10=42.30 25=72.32 50=90.50 75=121.98 90=141.18 95=155.39 99=186.88 99.9=244.86 99.99=1357.82] [UPDATE: Count=91723 Max=5939.20 Min=7.97 Avg=103.03 10=49.76 25=79.81 50=99.71 75=130.43 90=151.42 95=165.76 99=202.88 99.9=518.91 99.99=2254.85]
2025-04-19 12:08:22 51 sec: 194603 operations; [READ: Count=97509 Max=2131.97 Min=2.59 Avg=92.84 10=41.89 25=71.81 50=90.30 75=121.92 90=140.80 95=155.13 99=186.11 99.9=240.64 99.99=1281.02] [UPDATE: Count=97094 Max=5939.20 Min=7.97 Avg=102.72 10=49.50 25=79.55 50=99.52 75=130.37 90=151.17 95=165.50 99=201.98 99.9=505.60 99.99=2240.51]
2025-04-19 12:08:23 52 sec: 205272 operations; [READ: Count=102821 Max=2131.97 Min=2.59 Avg=92.58 10=41.60 25=71.36 50=90.24 75=121.86 90=140.54 95=154.88 99=185.60 99.9=239.23 99.99=1281.02] [UPDATE: Count=102451 Max=5939.20 Min=7.97 Avg=102.46 10=49.25 25=79.30 50=99.39 75=130.37 90=150.91 95=165.38 99=201.47 99.9=500.74 99.99=2240.51]
2025-04-19 12:08:24 53 sec: 216126 operations; [READ: Count=108202 Max=2131.97 Min=2.59 Avg=92.29 10=41.31 25=70.91 50=90.05 75=121.79 90=140.16 95=154.62 99=184.96 99.9=235.26 99.99=1250.30] [UPDATE: Count=107924 Max=5939.20 Min=7.97 Avg=102.12 10=48.90 25=78.78 50=99.20 75=130.30 90=150.53 95=164.99 99=200.83 99.9=498.69 99.99=2213.89]
2025-04-19 12:08:25 54 sec: 226920 operations; [READ: Count=113647 Max=2131.97 Min=2.59 Avg=92.05 10=40.90 25=70.33 50=89.98 75=121.79 90=139.90 95=154.50 99=184.45 99.9=233.22 99.99=1250.30] [UPDATE: Count=113273 Max=5939.20 Min=7.97 Avg=101.85 10=48.54 25=78.40 50=99.07 75=130.24 90=150.27 95=164.86 99=200.57 99.9=493.82 99.99=2213.89]
2025-04-19 12:08:26 55 sec: 237818 operations; [READ: Count=119121 Max=2131.97 Min=2.59 Avg=91.79 10=40.45 25=69.50 50=89.92 75=121.79 90=139.65 95=154.37 99=183.94 99.9=231.94 99.99=1225.73] [UPDATE: Count=118697 Max=5939.20 Min=7.97 Avg=101.55 10=48.09 25=77.82 50=98.94 75=130.18 90=150.14 95=164.74 99=200.06 99.9=482.81 99.99=2156.54]
2025-04-19 12:08:27 56 sec: 248740 operations; [READ: Count=124535 Max=2131.97 Min=2.59 Avg=91.51 10=40.03 25=68.67 50=89.79 75=121.73 90=139.39 95=154.24 99=183.55 99.9=229.76 99.99=1225.73] [UPDATE: Count=124205 Max=5939.20 Min=7.97 Avg=101.31 10=47.71 25=77.25 50=98.81 75=130.11 90=149.89 95=164.61 99=199.42 99.9=480.25 99.99=2156.54]
2025-04-19 12:08:28 57 sec: 259696 operations; [READ: Count=130053 Max=2131.97 Min=2.59 Avg=91.28 10=39.65 25=67.52 50=89.73 75=121.66 90=139.26 95=154.11 99=183.04 99.9=228.74 99.99=1216.51] [UPDATE: Count=129643 Max=5939.20 Min=7.97 Avg=101.03 10=47.26 25=76.54 50=98.69 75=130.05 90=149.63 95=164.48 99=198.91 99.9=470.53 99.99=2129.92]
2025-04-19 12:08:29 58 sec: 270596 operations; [READ: Count=135523 Max=2131.97 Min=2.59 Avg=91.06 10=39.17 25=66.43 50=89.66 75=121.66 90=139.01 95=153.98 99=182.66 99.9=228.35 99.99=1064.96] [UPDATE: Count=135073 Max=5939.20 Min=7.97 Avg=100.82 10=46.81 25=75.97 50=98.62 75=130.05 90=149.50 95=164.35 99=198.27 99.9=456.19 99.99=2115.58]
2025-04-19 12:08:30 59 sec: 281543 operations; [READ: Count=141031 Max=2131.97 Min=2.59 Avg=90.83 10=38.56 25=65.06 50=89.53 75=121.66 90=138.88 95=153.73 99=182.14 99.9=227.58 99.99=1064.96] [UPDATE: Count=140512 Max=5939.20 Min=7.97 Avg=100.63 10=46.24 25=75.26 50=98.56 75=130.05 90=149.38 95=164.22 99=197.89 99.9=446.46 99.99=2129.92]
2025-04-19 12:08:31 60 sec: 292533 operations; [READ: Count=146413 Max=2131.97 Min=2.59 Avg=90.62 10=37.98 25=63.87 50=89.47 75=121.60 90=138.75 95=153.60 99=181.89 99.9=226.56 99.99=1034.24] [UPDATE: Count=146120 Max=5939.20 Min=7.97 Avg=100.41 10=45.47 25=74.37 50=98.56 75=130.05 90=149.25 95=164.09 99=197.63 99.9=445.44 99.99=2115.58]
2025-04-19 12:08:32 61 sec: 303607 operations; [READ: Count=151899 Max=2131.97 Min=2.59 Avg=90.41 10=37.02 25=62.75 50=89.47 75=121.60 90=138.62 95=153.60 99=181.63 99.9=225.66 99.99=1034.24] [UPDATE: Count=151708 Max=5939.20 Min=7.97 Avg=100.18 10=44.38 25=73.34 50=98.50 75=130.05 90=149.12 95=164.09 99=197.50 99.9=444.16 99.99=2115.58]
2025-04-19 12:08:33 62 sec: 314749 operations; [READ: Count=157531 Max=2131.97 Min=2.59 Avg=90.17 10=35.74 25=61.70 50=89.34 75=121.53 90=138.50 95=153.47 99=181.25 99.9=224.64 99.99=1021.44] [UPDATE: Count=157218 Max=5939.20 Min=7.97 Avg=99.97 10=43.17 25=72.38 50=98.43 75=129.98 90=149.12 95=163.97 99=196.99 99.9=444.16 99.99=2080.77]
2025-04-19 12:08:34 63 sec: 325838 operations; [READ: Count=163096 Max=2131.97 Min=2.59 Avg=89.96 10=33.25 25=60.83 50=89.28 75=121.53 90=138.37 95=153.34 99=180.99 99.9=224.25 99.99=1021.44] [UPDATE: Count=162742 Max=5939.20 Min=7.93 Avg=99.78 10=41.31 25=71.61 50=98.37 75=129.98 90=148.99 95=163.84 99=196.74 99.9=443.65 99.99=2115.58]
2025-04-19 12:08:35 64 sec: 336859 operations; [READ: Count=168650 Max=2131.97 Min=2.59 Avg=89.76 10=23.77 25=60.13 50=89.28 75=121.47 90=138.24 95=153.22 99=180.86 99.9=223.74 99.99=983.55] [UPDATE: Count=168209 Max=5939.20 Min=7.93 Avg=99.66 10=38.30 25=70.85 50=98.30 75=129.98 90=148.99 95=163.84 99=196.48 99.9=444.93 99.99=2115.58]
2025-04-19 12:08:36 65 sec: 348153 operations; [READ: Count=174275 Max=2131.97 Min=2.59 Avg=89.52 10=19.81 25=59.33 50=89.15 75=121.47 90=138.24 95=153.22 99=180.74 99.9=223.49 99.99=983.55] [UPDATE: Count=173878 Max=5939.20 Min=7.93 Avg=99.45 10=32.61 25=70.08 50=98.24 75=129.98 90=148.86 95=163.71 99=196.35 99.9=445.18 99.99=2115.58]
2025-04-19 12:08:37 66 sec: 359315 operations; [READ: Count=179946 Max=2131.97 Min=2.54 Avg=89.34 10=17.79 25=58.88 50=89.09 75=121.47 90=138.11 95=153.22 99=180.99 99.9=223.87 99.99=912.89] [UPDATE: Count=179369 Max=5939.20 Min=7.93 Avg=99.27 10=30.21 25=69.44 50=98.17 75=129.92 90=148.74 95=163.71 99=196.61 99.9=445.44 99.99=2080.77]
2025-04-19 12:08:38 67 sec: 370500 operations; [READ: Count=185431 Max=2131.97 Min=2.54 Avg=89.14 10=16.56 25=58.34 50=89.02 75=121.41 90=137.98 95=153.22 99=181.50 99.9=225.28 99.99=901.63] [UPDATE: Count=185069 Max=5939.20 Min=7.93 Avg=99.11 10=28.13 25=68.67 50=98.05 75=129.85 90=148.74 95=163.84 99=197.38 99.9=456.96 99.99=2021.38]
2025-04-19 12:08:39 68 sec: 379590 operations; [READ: Count=189918 Max=2131.97 Min=2.54 Avg=89.44 10=15.91 25=58.27 50=89.22 75=121.53 90=138.88 95=153.98 99=183.29 99.9=231.68 99.99=1225.73] [UPDATE: Count=189672 Max=5939.20 Min=7.93 Avg=99.52 10=27.17 25=68.54 50=98.30 75=130.11 90=149.63 95=164.74 99=199.55 99.9=493.82 99.99=2226.18]
2025-04-19 12:08:40 69 sec: 389200 operations; [READ: Count=194629 Max=2414.59 Min=2.54 Avg=89.63 10=15.24 25=58.11 50=89.41 75=121.66 90=139.78 95=154.50 99=185.09 99.9=236.54 99.99=1445.89] [UPDATE: Count=194571 Max=5939.20 Min=7.93 Avg=99.74 10=26.40 25=68.29 50=98.56 75=130.37 90=150.66 95=165.50 99=200.83 99.9=497.15 99.99=2236.41]
2025-04-19 12:08:41 70 sec: 407625 operations; [READ: Count=203796 Max=2414.59 Min=2.30 Avg=87.79 10=14.12 25=53.73 50=88.13 75=120.70 90=138.75 95=153.73 99=184.45 99.9=240.64 99.99=1436.67] [UPDATE: Count=203829 Max=5939.20 Min=7.93 Avg=97.85 10=24.73 25=63.04 50=97.09 75=129.28 90=149.63 95=164.74 99=200.70 99.9=500.74 99.99=2226.18]
2025-04-19 12:08:42 71 sec: 426191 operations; [READ: Count=213008 Max=2414.59 Min=2.30 Avg=86.10 10=13.19 25=51.71 50=86.91 75=119.68 90=137.85 95=152.96 99=183.68 99.9=244.99 99.99=1357.82] [UPDATE: Count=213183 Max=5939.20 Min=7.93 Avg=96.08 10=23.50 25=60.54 50=95.74 75=128.25 90=148.61 95=163.84 99=200.19 99.9=493.82 99.99=2213.89]
2025-04-19 12:08:43 72 sec: 445096 operations; [READ: Count=222440 Max=2414.59 Min=2.30 Avg=84.46 10=12.49 25=50.05 50=85.76 75=118.66 90=136.96 95=152.19 99=183.17 99.9=265.98 99.99=1287.17] [UPDATE: Count=222656 Max=5939.20 Min=7.86 Avg=94.41 10=22.53 25=58.46 50=94.40 75=127.17 90=147.71 95=163.20 99=199.94 99.9=487.17 99.99=2189.31]
2025-04-19 12:08:44 73 sec: 460502 operations; [READ: Count=230042 Max=2414.59 Min=2.30 Avg=83.59 10=12.02 25=49.44 50=84.86 75=117.89 90=136.45 95=151.81 99=183.81 99.9=371.20 99.99=1436.67] [UPDATE: Count=230460 Max=5939.20 Min=7.86 Avg=93.57 10=21.90 25=57.82 50=93.38 75=126.46 90=147.07 95=162.81 99=200.83 99.9=597.50 99.99=2213.89]
2025-04-19 12:08:45 74 sec: 477830 operations; [READ: Count=238735 Max=2414.59 Min=2.30 Avg=82.42 10=11.52 25=48.45 50=83.84 75=116.93 90=135.68 95=151.17 99=184.06 99.9=414.21 99.99=1445.89] [UPDATE: Count=239095 Max=5939.20 Min=7.86 Avg=92.46 10=21.26 25=56.67 50=92.29 75=125.50 90=146.43 95=162.30 99=201.60 99.9=698.88 99.99=2189.31]
2025-04-19 12:08:46 75 sec: 496931 operations; [READ: Count=248208 Max=2414.59 Min=2.30 Avg=81.07 10=11.04 25=47.62 50=82.75 75=115.71 90=135.04 95=150.53 99=183.42 99.9=416.00 99.99=1445.89] [UPDATE: Count=248723 Max=5939.20 Min=7.86 Avg=91.05 10=20.56 25=55.65 50=91.07 75=124.35 90=145.53 95=161.66 99=201.34 99.9=699.39 99.99=2156.54]
2025-04-19 12:08:47 76 sec: 513844 operations; [READ: Count=256730 Max=2414.59 Min=2.30 Avg=80.14 10=10.73 25=47.49 50=81.73 75=114.88 90=134.40 95=149.89 99=183.04 99.9=411.65 99.99=1438.72] [UPDATE: Count=257114 Max=5939.20 Min=7.76 Avg=90.15 10=20.16 25=55.49 50=90.05 75=123.58 90=144.90 95=161.02 99=201.09 99.9=690.17 99.99=2129.92]
2025-04-19 12:08:48 77 sec: 531539 operations; [READ: Count=265532 Max=2414.59 Min=2.30 Avg=79.17 10=10.40 25=47.17 50=80.70 75=113.92 90=133.76 95=149.25 99=182.66 99.9=403.71 99.99=1436.67] [UPDATE: Count=266007 Max=5939.20 Min=7.76 Avg=89.15 10=19.76 25=55.13 50=88.83 75=122.62 90=144.13 95=160.51 99=200.96 99.9=682.50 99.99=2129.92]
2025-04-19 12:08:49 78 sec: 549906 operations; [READ: Count=274787 Max=2414.59 Min=2.30 Avg=78.17 10=10.07 25=46.49 50=79.42 75=112.70 90=133.12 95=148.74 99=182.78 99.9=482.56 99.99=1438.72] [UPDATE: Count=275119 Max=5939.20 Min=7.35 Avg=88.11 10=19.23 25=54.30 50=87.55 75=121.53 90=143.62 95=160.00 99=201.34 99.9=723.46 99.99=2115.58]
2025-04-19 12:08:50 79 sec: 568685 operations; [READ: Count=284272 Max=2414.59 Min=2.30 Avg=77.19 10=9.74 25=45.92 50=78.02 75=111.36 90=132.61 95=148.09 99=182.78 99.9=543.74 99.99=1438.72] [UPDATE: Count=284413 Max=6492.16 Min=7.35 Avg=87.08 10=18.75 25=53.63 50=86.08 75=120.32 90=142.85 95=159.49 99=201.47 99.9=742.40 99.99=2129.92]
2025-04-19 12:08:51 80 sec: 588026 operations; [READ: Count=293972 Max=2414.59 Min=2.30 Avg=76.19 10=9.46 25=45.47 50=76.22 75=109.89 90=131.97 95=147.46 99=182.40 99.9=592.38 99.99=1445.89] [UPDATE: Count=294054 Max=6492.16 Min=7.35 Avg=86.02 10=18.30 25=53.02 50=84.29 75=119.04 90=142.21 95=158.85 99=201.34 99.9=756.22 99.99=2115.58]
2025-04-19 12:08:52 81 sec: 608063 operations; [READ: Count=303950 Max=2414.59 Min=2.30 Avg=75.17 10=9.26 25=45.09 50=73.53 75=108.48 90=131.33 95=146.69 99=181.76 99.9=571.39 99.99=1438.72] [UPDATE: Count=304113 Max=6492.16 Min=7.35 Avg=84.94 10=17.97 25=52.58 50=81.86 75=117.76 90=141.44 95=158.21 99=200.70 99.9=751.10 99.99=2080.77]
2025-04-19 12:08:53 82 sec: 628677 operations; [READ: Count=314186 Max=2414.59 Min=2.30 Avg=74.14 10=9.04 25=44.73 50=67.52 75=107.01 90=130.69 95=145.92 99=180.99 99.9=553.98 99.99=1436.67] [UPDATE: Count=314491 Max=6492.16 Min=7.35 Avg=83.85 10=17.65 25=52.13 50=77.95 75=116.48 90=140.80 95=157.44 99=200.06 99.9=739.33 99.99=2035.71]
2025-04-19 12:08:54 83 sec: 648035 operations; [READ: Count=323881 Max=2414.59 Min=2.30 Avg=73.31 10=8.86 25=44.45 50=61.70 75=105.86 90=130.24 95=145.41 99=181.25 99.9=553.98 99.99=1402.88] [UPDATE: Count=324154 Max=6492.16 Min=7.35 Avg=83.00 10=17.38 25=51.77 50=72.83 75=115.33 90=140.29 95=157.06 99=200.70 99.9=727.04 99.99=2023.42]
2025-04-19 12:08:55 84 sec: 666500 operations; [READ: Count=333024 Max=2414.59 Min=2.30 Avg=72.64 10=8.73 25=44.19 50=59.17 75=104.96 90=129.79 95=145.02 99=181.63 99.9=589.82 99.99=1370.11] [UPDATE: Count=333476 Max=6492.16 Min=7.35 Avg=82.30 10=17.14 25=51.49 50=69.69 75=114.37 90=139.78 95=156.67 99=201.60 99.9=739.84 99.99=2021.38]
2025-04-19 12:08:56 85 sec: 684985 operations; [READ: Count=342361 Max=2414.59 Min=2.30 Avg=72.02 10=8.60 25=43.97 50=57.53 75=104.00 90=129.34 95=144.38 99=181.76 99.9=653.31 99.99=1438.72] [UPDATE: Count=342624 Max=6492.16 Min=7.35 Avg=81.62 10=16.93 25=51.20 50=67.65 75=113.41 90=139.26 95=156.16 99=201.85 99.9=780.29 99.99=2010.11]
2025-04-19 12:08:57 86 sec: 706061 operations; [READ: Count=352815 Max=2414.59 Min=2.30 Avg=71.14 10=8.46 25=43.68 50=56.09 75=102.97 90=128.83 95=143.74 99=180.99 99.9=642.05 99.99=1436.67] [UPDATE: Count=353246 Max=6492.16 Min=7.35 Avg=80.70 10=16.70 25=50.91 50=65.92 75=112.45 90=138.62 95=155.52 99=201.09 99.9=757.76 99.99=1986.56]
2025-04-19 12:08:58 87 sec: 727254 operations; [READ: Count=363262 Max=2414.59 Min=2.30 Avg=70.32 10=8.34 25=43.42 50=55.01 75=102.14 90=128.32 95=142.97 99=180.22 99.9=627.71 99.99=1402.88] [UPDATE: Count=363992 Max=6492.16 Min=7.35 Avg=79.80 10=16.50 25=50.59 50=64.54 75=111.49 90=138.11 95=154.88 99=200.45 99.9=752.13 99.99=1953.79]
2025-04-19 12:08:59 88 sec: 745821 operations; [READ: Count=372622 Max=2414.59 Min=2.30 Avg=69.79 10=8.27 25=43.26 50=54.49 75=101.50 90=127.94 95=142.59 99=180.22 99.9=652.29 99.99=1370.11] [UPDATE: Count=373199 Max=6492.16 Min=7.35 Avg=79.23 10=16.38 25=50.40 50=63.84 75=110.78 90=137.60 95=154.37 99=200.70 99.9=754.69 99.99=1897.47]
2025-04-19 12:09:00 89 sec: 763524 operations; [READ: Count=381409 Max=2414.59 Min=2.30 Avg=69.37 10=8.16 25=43.01 50=53.85 75=100.73 90=127.55 95=142.21 99=180.74 99.9=718.85 99.99=1438.72] [UPDATE: Count=382115 Max=6492.16 Min=7.35 Avg=78.79 10=16.21 25=50.11 50=63.04 75=110.02 90=137.22 95=154.11 99=201.47 99.9=836.10 99.99=1897.47]
2025-04-19 12:09:01 90 sec: 781972 operations; [READ: Count=390645 Max=4710.40 Min=2.26 Avg=68.91 10=8.05 25=42.72 50=53.25 75=100.03 90=127.17 95=141.82 99=180.99 99.9=772.10 99.99=1491.97] [UPDATE: Count=391327 Max=6492.16 Min=7.35 Avg=78.28 10=16.03 25=49.82 50=62.30 75=109.25 90=136.83 95=153.73 99=201.73 99.9=867.84 99.99=1986.56]
2025-04-19 12:09:02 91 sec: 804768 operations; [READ: Count=402092 Max=4710.40 Min=2.26 Avg=68.07 10=7.88 25=42.34 50=52.58 75=99.14 90=126.66 95=141.18 99=180.35 99.9=760.83 99.99=1491.97] [UPDATE: Count=402676 Max=6492.16 Min=7.35 Avg=77.39 10=15.78 25=49.41 50=61.47 75=108.29 90=136.32 95=153.09 99=201.09 99.9=857.09 99.99=1953.79]
2025-04-19 12:09:03 92 sec: 827377 operations; [READ: Count=413426 Max=4710.40 Min=2.26 Avg=67.29 10=7.73 25=41.98 50=52.00 75=98.30 90=126.14 95=140.67 99=179.84 99.9=750.59 99.99=1491.97] [UPDATE: Count=413951 Max=6492.16 Min=7.35 Avg=76.58 10=15.54 25=48.99 50=60.77 75=107.45 90=135.81 95=152.45 99=200.70 99.9=849.41 99.99=1899.52]
2025-04-19 12:09:04 93 sec: 849407 operations; [READ: Count=424606 Max=4710.40 Min=2.26 Avg=66.60 10=7.58 25=41.60 50=51.49 75=97.53 90=125.76 95=140.16 99=179.84 99.9=745.98 99.99=1490.94] [UPDATE: Count=424801 Max=6492.16 Min=6.64 Avg=75.86 10=15.33 25=48.58 50=60.13 75=106.75 90=135.29 95=151.94 99=200.83 99.9=842.75 99.99=1897.47]
2025-04-19 12:09:05 94 sec: 871652 operations; [READ: Count=435802 Max=4710.40 Min=2.26 Avg=65.91 10=7.45 25=41.18 50=51.01 75=96.77 90=125.31 95=139.65 99=179.84 99.9=738.30 99.99=1470.46] [UPDATE: Count=435850 Max=6492.16 Min=6.64 Avg=75.17 10=15.10 25=48.16 50=59.55 75=105.98 90=134.78 95=151.55 99=201.09 99.9=836.10 99.99=1873.92]
2025-04-19 12:09:06 95 sec: 895187 operations; [READ: Count=447607 Max=4710.40 Min=2.26 Avg=65.16 10=7.32 25=40.77 50=50.56 75=95.94 90=124.86 95=139.13 99=179.33 99.9=729.60 99.99=1457.15] [UPDATE: Count=447580 Max=6492.16 Min=6.64 Avg=74.41 10=14.91 25=47.71 50=59.01 75=105.22 90=134.27 95=150.91 99=200.57 99.9=826.88 99.99=1864.70]
2025-04-19 12:09:07 96 sec: 919413 operations; [READ: Count=459549 Max=4710.40 Min=2.02 Avg=64.41 10=7.22 25=40.38 50=50.17 75=95.17 90=124.35 95=138.50 99=178.43 99.9=716.29 99.99=1453.06] [UPDATE: Count=459864 Max=6492.16 Min=6.64 Avg=73.62 10=14.74 25=47.30 50=58.46 75=104.45 90=133.76 95=150.27 99=199.42 99.9=816.64 99.99=1856.51]
2025-04-19 12:09:08 97 sec: 943524 operations; [READ: Count=471537 Max=4710.40 Min=2.02 Avg=63.72 10=7.17 25=39.97 50=49.82 75=94.33 90=123.84 95=137.85 99=177.66 99.9=705.53 99.99=1445.89] [UPDATE: Count=471987 Max=6492.16 Min=6.64 Avg=72.87 10=14.61 25=46.85 50=58.02 75=103.61 90=133.25 95=149.63 99=198.40 99.9=806.91 99.99=1843.20]
2025-04-19 12:09:09 98 sec: 968423 operations; [READ: Count=483964 Max=4710.40 Min=2.02 Avg=63.00 10=7.09 25=39.49 50=49.47 75=93.57 90=123.39 95=137.34 99=177.02 99.9=697.86 99.99=1445.89] [UPDATE: Count=484459 Max=6492.16 Min=6.64 Avg=72.11 10=14.44 25=46.34 50=57.57 75=102.85 90=132.74 95=148.99 99=197.63 99.9=794.11 99.99=1823.74]
2025-04-19 12:09:10 99 sec: 989759 operations; [READ: Count=494559 Max=4710.40 Min=2.02 Avg=62.54 10=7.03 25=39.07 50=49.22 75=92.93 90=123.01 95=136.96 99=177.28 99.9=699.90 99.99=1445.89] [UPDATE: Count=495200 Max=6492.16 Min=6.64 Avg=71.64 10=14.32 25=45.89 50=57.22 75=102.27 90=132.35 95=148.74 99=198.14 99.9=794.62 99.99=1856.51]
2025-04-19 12:09:11 100 sec: 1000000 operations; [READ: Count=499729 Max=4710.40 Min=2.02 Avg=62.28 10=7.00 25=38.85 50=49.09 75=92.67 90=122.81 95=136.83 99=177.15 99.9=697.34 99.99=1440.77] [UPDATE: Count=500271 Max=6492.16 Min=6.64 Avg=71.37 10=14.26 25=45.63 50=57.05 75=102.02 90=132.09 95=148.48 99=197.89 99.9=791.55 99.99=1856.51]
2025-04-19 12:09:12 101 sec: 1000000 operations; [READ: Count=499729 Max=4710.40 Min=2.02 Avg=62.28 10=7.00 25=38.85 50=49.09 75=92.67 90=122.81 95=136.83 99=177.15 99.9=697.34 99.99=1440.77] [UPDATE: Count=500271 Max=6492.16 Min=6.64 Avg=71.37 10=14.26 25=45.63 50=57.05 75=102.02 90=132.09 95=148.48 99=197.89 99.9=791.55 99.99=1856.51]
2025-04-19 12:09:13 102 sec: 1000000 operations; [READ: Count=499729 Max=4710.40 Min=2.02 Avg=62.28 10=7.00 25=38.85 50=49.09 75=92.67 90=122.81 95=136.83 99=177.15 99.9=697.34 99.99=1440.77] [UPDATE: Count=500271 Max=6492.16 Min=6.64 Avg=71.37 10=14.26 25=45.63 50=57.05 75=102.02 90=132.09 95=148.48 99=197.89 99.9=791.55 99.99=1856.51]
2025-04-19 12:09:14 103 sec: 1000000 operations; [READ: Count=499729 Max=4710.40 Min=2.02 Avg=62.28 10=7.00 25=38.85 50=49.09 75=92.67 90=122.81 95=136.83 99=177.15 99.9=697.34 99.99=1440.77] [UPDATE: Count=500271 Max=6492.16 Min=6.64 Avg=71.37 10=14.26 25=45.63 50=57.05 75=102.02 90=132.09 95=148.48 99=197.89 99.9=791.55 99.99=1856.51]
2025-04-19 12:09:15 104 sec: 1000000 operations; [READ: Count=499729 Max=4710.40 Min=2.02 Avg=62.28 10=7.00 25=38.85 50=49.09 75=92.67 90=122.81 95=136.83 99=177.15 99.9=697.34 99.99=1440.77] [UPDATE: Count=500271 Max=6492.16 Min=6.64 Avg=71.37 10=14.26 25=45.63 50=57.05 75=102.02 90=132.09 95=148.48 99=197.89 99.9=791.55 99.99=1856.51]
2025-04-19 12:09:16 105 sec: 1000000 operations; [READ: Count=499729 Max=4710.40 Min=2.02 Avg=62.28 10=7.00 25=38.85 50=49.09 75=92.67 90=122.81 95=136.83 99=177.15 99.9=697.34 99.99=1440.77] [UPDATE: Count=500271 Max=6492.16 Min=6.64 Avg=71.37 10=14.26 25=45.63 50=57.05 75=102.02 90=132.09 95=148.48 99=197.89 99.9=791.55 99.99=1856.51]
2025-04-19 12:09:16 105 sec: 1000000 operations; [READ: Count=499729 Max=4710.40 Min=2.02 Avg=62.28 10=7.00 25=38.85 50=49.09 75=92.67 90=122.81 95=136.83 99=177.15 99.9=697.34 99.99=1440.77] [UPDATE: Count=500271 Max=6492.16 Min=6.64 Avg=71.37 10=14.26 25=45.63 50=57.05 75=102.02 90=132.09 95=148.48 99=197.89 99.9=791.55 99.99=1856.51]
Run runtime(sec): 105.309
Run operations(ops): 1000000
Run throughput(ops/sec): 9495.89
