Running scope as unit: run-r06c0f65e866a40f18d3f89e4eddf2a92.scope
load file:/home/user/DataFiles/silesia_data/silesia.tar
2025-04-19 12:11:35 0 sec: 0 operations;
2025-04-19 12:11:36 1 sec: 0 operations;
2025-04-19 12:11:37 2 sec: 0 operations;
2025-04-19 12:11:38 3 sec: 0 operations;
2025-04-19 12:11:39 4 sec: 0 operations;
2025-04-19 12:11:40 5 sec: 0 operations;
2025-04-19 12:11:41 6 sec: 0 operations;
2025-04-19 12:11:42 7 sec: 0 operations;
2025-04-19 12:11:43 8 sec: 0 operations;
2025-04-19 12:11:44 9 sec: 0 operations;
2025-04-19 12:11:45 10 sec: 0 operations;
2025-04-19 12:11:46 11 sec: 0 operations;
2025-04-19 12:11:47 12 sec: 0 operations;
2025-04-19 12:11:48 13 sec: 0 operations;
2025-04-19 12:11:49 14 sec: 0 operations;
2025-04-19 12:11:50 15 sec: 0 operations;
2025-04-19 12:11:51 16 sec: 0 operations;
2025-04-19 12:11:52 17 sec: 5770 operations; [READ: Count=3856 Max=562.69 Min=5.35 Avg=104.03 10=42.37 25=72.25 50=82.56 75=131.07 90=179.33 95=188.80 99=220.54 99.9=392.45 99.99=562.69] [UPDATE: Count=1914 Max=640.51 Min=8.58 Avg=15.14 10=10.66 25=11.64 50=13.05 75=15.21 90=17.31 95=18.88 99=30.72 99.9=497.66 99.99=640.51]
2025-04-19 12:11:53 18 sec: 17994 operations; [READ: Count=12017 Max=562.69 Min=2.90 Avg=110.13 10=45.70 25=74.69 50=96.45 75=144.77 90=189.95 95=206.72 99=241.28 99.9=296.19 99.99=443.65] [UPDATE: Count=5977 Max=640.51 Min=7.79 Avg=16.29 10=11.25 25=12.70 50=14.94 75=17.81 90=20.91 95=22.98 99=29.44 99.9=217.09 99.99=516.61]
2025-04-19 12:11:54 19 sec: 30378 operations; [READ: Count=20219 Max=562.69 Min=2.90 Avg=110.97 10=46.24 25=75.71 50=97.22 75=144.77 90=193.02 95=208.64 99=241.66 99.9=280.32 99.99=433.15] [UPDATE: Count=10159 Max=640.51 Min=7.02 Avg=16.49 10=11.56 25=13.11 50=15.41 75=18.24 90=21.26 95=23.41 99=30.00 99.9=182.53 99.99=516.61]
2025-04-19 12:11:55 20 sec: 44025 operations; [READ: Count=29249 Max=722.94 Min=2.78 Avg=108.26 10=44.73 25=75.01 50=94.59 75=141.18 90=187.39 95=205.31 99=236.03 99.9=290.56 99.99=562.69] [UPDATE: Count=14776 Max=640.51 Min=7.02 Avg=16.00 10=11.42 25=12.82 50=14.90 75=17.70 90=20.64 95=22.75 99=28.67 99.9=177.41 99.99=516.61]
2025-04-19 12:11:56 21 sec: 56562 operations; [READ: Count=37623 Max=1601.54 Min=2.50 Avg=108.84 10=44.13 25=74.88 50=92.99 75=138.75 90=186.11 95=204.41 99=244.99 99.9=739.33 99.99=1055.74] [UPDATE: Count=18939 Max=640.51 Min=7.02 Avg=15.85 10=11.43 25=12.80 50=14.80 75=17.52 90=20.41 95=22.50 99=28.30 99.9=177.41 99.99=497.66]
2025-04-19 12:11:57 22 sec: 67271 operations; [READ: Count=44792 Max=2840.57 Min=2.50 Avg=111.84 10=43.87 25=74.94 50=92.29 75=136.83 90=186.24 95=205.95 99=475.65 99.9=910.34 99.99=1354.75] [UPDATE: Count=22479 Max=10665.98 Min=7.02 Avg=16.83 10=11.47 25=12.84 50=14.82 75=17.52 90=20.41 95=22.41 99=28.24 99.9=182.53 99.99=3049.47]
2025-04-19 12:11:58 23 sec: 80852 operations; [READ: Count=53811 Max=2840.57 Min=2.50 Avg=110.18 10=43.65 25=74.94 50=91.78 75=134.78 90=185.22 95=204.03 99=304.64 99.9=884.74 99.99=1346.56] [UPDATE: Count=27041 Max=10665.98 Min=7.02 Avg=16.67 10=11.50 25=12.86 50=14.84 75=17.50 90=20.38 95=22.38 99=28.06 99.9=180.22 99.99=640.51]
2025-04-19 12:11:59 24 sec: 94516 operations; [READ: Count=62899 Max=2840.57 Min=2.50 Avg=108.86 10=43.45 25=74.94 50=91.33 75=132.35 90=184.19 95=202.37 99=257.92 99.9=857.09 99.99=1330.17] [UPDATE: Count=31617 Max=10665.98 Min=7.02 Avg=16.55 10=11.52 25=12.87 50=14.86 75=17.50 90=20.40 95=22.38 99=28.35 99.9=168.32 99.99=640.51]
2025-04-19 12:12:00 25 sec: 106176 operations; [READ: Count=70666 Max=2840.57 Min=2.50 Avg=109.73 10=43.81 25=75.33 50=93.57 75=136.06 90=185.09 95=204.41 99=273.41 99.9=847.87 99.99=1303.55] [UPDATE: Count=35510 Max=10665.98 Min=7.02 Avg=17.08 10=11.62 25=13.07 50=15.16 75=17.92 90=20.91 95=23.10 99=29.15 99.9=212.35 99.99=1634.30]
2025-04-19 12:12:01 26 sec: 117818 operations; [READ: Count=78481 Max=2840.57 Min=2.50 Avg=110.56 10=44.06 25=75.58 50=94.78 75=137.09 90=185.47 95=205.44 99=288.51 99.9=896.00 99.99=1452.03] [UPDATE: Count=39337 Max=10665.98 Min=7.02 Avg=17.15 10=11.69 25=13.19 50=15.32 75=18.13 90=21.18 95=23.36 99=29.44 99.9=212.35 99.99=1634.30]
2025-04-19 12:12:02 27 sec: 129615 operations; [READ: Count=86337 Max=3219.45 Min=2.50 Avg=111.28 10=43.71 25=75.52 50=94.14 75=135.55 90=184.70 95=204.80 99=347.65 99.9=1280.00 99.99=2179.07] [UPDATE: Count=43278 Max=10665.98 Min=6.90 Avg=17.02 10=11.66 25=13.14 50=15.26 75=18.05 90=21.09 95=23.28 99=29.42 99.9=198.27 99.99=1634.30]
2025-04-19 12:12:03 28 sec: 143514 operations; [READ: Count=95607 Max=3219.45 Min=2.50 Avg=110.06 10=43.49 25=75.45 50=93.57 75=133.63 90=183.55 95=203.26 99=292.35 99.9=1221.63 99.99=2150.40] [UPDATE: Count=47907 Max=10665.98 Min=6.90 Avg=16.96 10=11.62 25=13.10 50=15.19 75=17.97 90=20.99 95=23.18 99=29.44 99.9=199.55 99.99=1634.30]
2025-04-19 12:12:04 29 sec: 158147 operations; [READ: Count=105373 Max=3219.45 Min=2.50 Avg=108.56 10=43.04 25=75.14 50=92.73 75=131.33 90=182.27 95=201.47 99=265.47 99.9=1173.50 99.99=2123.78] [UPDATE: Count=52774 Max=10665.98 Min=6.90 Avg=16.79 10=11.58 25=13.05 50=15.10 75=17.84 90=20.85 95=23.02 99=29.15 99.9=195.84 99.99=1634.30]
2025-04-19 12:12:05 30 sec: 172732 operations; [READ: Count=115078 Max=3219.45 Min=2.50 Avg=107.37 10=42.62 25=75.01 50=92.16 75=129.73 90=180.86 95=199.81 99=256.25 99.9=1132.54 99.99=2046.97] [UPDATE: Count=57654 Max=10665.98 Min=6.90 Avg=16.66 10=11.56 25=13.01 50=15.04 75=17.77 90=20.77 95=22.91 99=28.98 99.9=193.28 99.99=1566.72]
2025-04-19 12:12:06 31 sec: 184757 operations; [READ: Count=123055 Max=3219.45 Min=2.27 Avg=107.73 10=42.69 25=75.14 50=93.06 75=130.62 90=180.74 95=200.19 99=259.07 99.9=1175.55 99.99=2119.68] [UPDATE: Count=61702 Max=10665.98 Min=6.90 Avg=17.02 10=11.60 25=13.08 50=15.16 75=17.95 90=21.02 95=23.28 99=30.14 99.9=217.47 99.99=2055.17]
2025-04-19 12:12:07 32 sec: 199275 operations; [READ: Count=132753 Max=3219.45 Min=2.27 Avg=106.73 10=42.34 25=74.94 50=92.42 75=129.47 90=179.71 95=198.91 99=254.21 99.9=1144.83 99.99=2046.97] [UPDATE: Count=66522 Max=10665.98 Min=6.86 Avg=16.96 10=11.59 25=13.06 50=15.12 75=17.90 90=20.96 95=23.21 99=29.98 99.9=212.35 99.99=2055.17]
2025-04-19 12:12:08 33 sec: 210304 operations; [READ: Count=140048 Max=3219.45 Min=2.27 Avg=107.47 10=42.37 25=75.01 50=93.44 75=130.69 90=179.71 95=199.17 99=258.18 99.9=1221.63 99.99=2224.13] [UPDATE: Count=70256 Max=13213.69 Min=6.86 Avg=17.62 10=11.64 25=13.14 50=15.26 75=18.13 90=21.26 95=23.57 99=30.66 99.9=225.53 99.99=3385.34]
2025-04-19 12:12:09 34 sec: 222591 operations; [READ: Count=148279 Max=3219.45 Min=2.27 Avg=107.64 10=42.40 25=75.14 50=94.66 75=132.35 90=179.71 95=199.68 99=255.87 99.9=1198.08 99.99=2189.31] [UPDATE: Count=74312 Max=13213.69 Min=6.86 Avg=17.72 10=11.69 25=13.24 50=15.42 75=18.35 90=21.58 95=23.95 99=30.93 99.9=223.23 99.99=3385.34]
2025-04-19 12:12:10 35 sec: 234953 operations; [READ: Count=156552 Max=3219.45 Min=2.27 Avg=107.75 10=42.40 25=75.26 50=95.61 75=133.76 90=179.58 95=199.81 99=255.23 99.9=1165.31 99.99=2185.22] [UPDATE: Count=78401 Max=13213.69 Min=6.86 Avg=17.84 10=11.73 25=13.33 50=15.57 75=18.53 90=21.82 95=24.21 99=31.34 99.9=233.60 99.99=3049.47]
2025-04-19 12:12:11 36 sec: 246688 operations; [READ: Count=164389 Max=3219.45 Min=2.27 Avg=107.97 10=42.37 25=75.26 50=96.25 75=135.04 90=179.46 95=200.06 99=255.87 99.9=1138.69 99.99=2185.22] [UPDATE: Count=82299 Max=13213.69 Min=6.86 Avg=18.32 10=11.78 25=13.41 50=15.69 75=18.67 90=22.03 95=24.46 99=31.89 99.9=283.90 99.99=3280.89]
2025-04-19 12:12:12 37 sec: 264638 operations; [READ: Count=176339 Max=3219.45 Min=2.27 Avg=105.58 10=42.11 25=72.70 50=94.59 75=132.22 90=177.41 95=198.27 99=252.54 99.9=1080.32 99.99=2150.40] [UPDATE: Count=88299 Max=13213.69 Min=6.86 Avg=18.41 10=11.73 25=13.35 50=15.63 75=18.62 90=22.00 95=24.46 99=32.17 99.9=327.17 99.99=3049.47]
2025-04-19 12:12:13 38 sec: 281903 operations; [READ: Count=187849 Max=3219.45 Min=2.27 Avg=103.80 10=41.98 25=66.81 50=93.50 75=129.66 90=175.49 95=196.74 99=251.52 99.9=1037.31 99.99=2140.16] [UPDATE: Count=94054 Max=13213.69 Min=6.86 Avg=18.41 10=11.77 25=13.39 50=15.66 75=18.66 90=22.05 95=24.50 99=32.29 99.9=322.56 99.99=3280.89]
2025-04-19 12:12:14 39 sec: 300477 operations; [READ: Count=200236 Max=3219.45 Min=2.27 Avg=101.78 10=41.79 25=59.77 50=92.35 75=127.23 90=173.06 95=194.81 99=248.45 99.9=1009.15 99.99=2123.78] [UPDATE: Count=100241 Max=13213.69 Min=6.86 Avg=18.31 10=11.77 25=13.39 50=15.66 75=18.66 90=22.03 95=24.50 99=32.22 99.9=315.39 99.99=3049.47]
2025-04-19 12:12:15 40 sec: 318725 operations; [READ: Count=212353 Max=3219.45 Min=2.27 Avg=100.11 10=41.60 25=57.79 50=91.52 75=125.06 90=170.50 95=193.28 99=244.99 99.9=988.67 99.99=2119.68] [UPDATE: Count=106372 Max=13213.69 Min=6.86 Avg=18.27 10=11.81 25=13.44 50=15.70 75=18.69 90=22.09 95=24.59 99=32.30 99.9=304.38 99.99=2904.06]
2025-04-19 12:12:16 41 sec: 336885 operations; [READ: Count=224430 Max=3219.45 Min=2.27 Avg=98.63 10=41.31 25=56.58 50=90.69 75=123.20 90=167.68 95=192.00 99=243.07 99.9=974.85 99.99=2119.68] [UPDATE: Count=112455 Max=13213.69 Min=6.86 Avg=18.24 10=11.82 25=13.46 50=15.72 75=18.70 90=22.13 95=24.66 99=32.45 99.9=292.61 99.99=2904.06]
2025-04-19 12:12:17 42 sec: 357975 operations; [READ: Count=238466 Max=3219.45 Min=2.27 Avg=96.53 10=40.58 25=54.94 50=88.83 75=121.02 90=164.22 95=190.21 99=240.51 99.9=960.00 99.99=2011.13] [UPDATE: Count=119509 Max=13213.69 Min=6.86 Avg=18.04 10=11.66 25=13.31 50=15.59 75=18.59 90=22.02 95=24.51 99=32.22 99.9=283.13 99.99=2818.05]
2025-04-19 12:12:18 43 sec: 378643 operations; [READ: Count=252245 Max=3219.45 Min=2.27 Avg=94.68 10=39.94 25=53.53 50=87.30 75=119.10 90=161.02 95=188.80 99=238.72 99.9=945.66 99.99=2000.89] [UPDATE: Count=126398 Max=14573.57 Min=6.70 Avg=18.03 10=11.52 25=13.17 50=15.46 75=18.46 90=21.87 95=24.38 99=31.98 99.9=281.60 99.99=2904.06]
2025-04-19 12:12:19 44 sec: 400831 operations; [READ: Count=267059 Max=3219.45 Min=2.27 Avg=92.73 10=39.23 25=52.19 50=85.89 75=117.06 90=158.08 95=187.13 99=235.78 99.9=926.72 99.99=1938.43] [UPDATE: Count=133772 Max=14573.57 Min=6.70 Avg=17.83 10=11.39 25=13.03 50=15.34 75=18.34 90=21.73 95=24.24 99=31.73 99.9=278.78 99.99=2904.06]
2025-04-19 12:12:20 45 sec: 423044 operations; [READ: Count=281922 Max=3219.45 Min=2.25 Avg=90.95 10=38.49 25=51.13 50=84.67 75=115.01 90=155.39 95=185.60 99=233.47 99.9=906.75 99.99=1917.95] [UPDATE: Count=141122 Max=14573.57 Min=6.70 Avg=17.68 10=11.27 25=12.91 50=15.21 75=18.21 90=21.61 95=24.11 99=31.54 99.9=279.30 99.99=2904.06]
2025-04-19 12:12:21 46 sec: 445041 operations; [READ: Count=296574 Max=3219.45 Min=2.25 Avg=89.40 10=37.66 25=50.34 50=83.78 75=113.02 90=153.34 95=184.19 99=231.29 99.9=895.49 99.99=1896.45] [UPDATE: Count=148467 Max=14573.57 Min=6.70 Avg=17.56 10=11.18 25=12.81 50=15.11 75=18.09 90=21.50 95=23.98 99=31.33 99.9=278.78 99.99=3049.47]
2025-04-19 12:12:22 47 sec: 467231 operations; [READ: Count=311334 Max=3219.45 Min=2.25 Avg=87.98 10=36.54 25=49.73 50=83.01 75=110.97 90=151.55 95=182.91 99=229.25 99.9=887.81 99.99=1893.38] [UPDATE: Count=155897 Max=14573.57 Min=6.70 Avg=17.42 10=11.10 25=12.74 50=15.02 75=18.02 90=21.39 95=23.90 99=31.15 99.9=273.15 99.99=2904.06]
2025-04-19 12:12:23 48 sec: 489651 operations; [READ: Count=326321 Max=3219.45 Min=2.25 Avg=86.64 10=34.72 25=49.15 50=82.24 75=108.99 90=149.76 95=181.50 99=227.71 99.9=879.10 99.99=1847.30] [UPDATE: Count=163330 Max=14573.57 Min=6.70 Avg=17.29 10=11.03 25=12.66 50=14.94 75=17.92 90=21.30 95=23.82 99=31.05 99.9=271.10 99.99=2904.06]
2025-04-19 12:12:24 49 sec: 511864 operations; [READ: Count=341086 Max=3219.45 Min=2.25 Avg=85.46 10=23.63 25=48.73 50=81.60 75=107.14 90=148.09 95=180.22 99=226.30 99.9=869.38 99.99=1893.38] [UPDATE: Count=170778 Max=14573.57 Min=6.70 Avg=17.17 10=10.98 25=12.60 50=14.86 75=17.84 90=21.20 95=23.73 99=30.96 99.9=271.10 99.99=2818.05]
2025-04-19 12:12:25 50 sec: 534829 operations; [READ: Count=356449 Max=3219.45 Min=2.25 Avg=84.24 10=17.31 25=48.29 50=80.83 75=105.47 90=146.56 95=178.81 99=224.90 99.9=860.16 99.99=1847.30] [UPDATE: Count=178380 Max=14573.57 Min=6.70 Avg=17.05 10=10.92 25=12.53 50=14.78 75=17.77 90=21.12 95=23.65 99=30.88 99.9=269.06 99.99=2742.27]
2025-04-19 12:12:26 51 sec: 557653 operations; [READ: Count=371695 Max=3219.45 Min=2.25 Avg=83.14 10=15.02 25=47.97 50=80.19 75=104.00 90=145.02 95=177.41 99=223.62 99.9=847.87 99.99=1835.01] [UPDATE: Count=185958 Max=14573.57 Min=6.70 Avg=16.94 10=10.87 25=12.47 50=14.72 75=17.70 90=21.04 95=23.58 99=30.85 99.9=261.63 99.99=2736.13]
2025-04-19 12:12:27 52 sec: 580753 operations; [READ: Count=387119 Max=3219.45 Min=2.25 Avg=82.08 10=13.50 25=47.62 50=79.55 75=102.66 90=143.49 95=175.87 99=222.46 99.9=830.98 99.99=1817.60] [UPDATE: Count=193634 Max=14573.57 Min=6.69 Avg=16.85 10=10.82 25=12.42 50=14.65 75=17.63 90=20.96 95=23.49 99=30.75 99.9=261.63 99.99=2742.27]
2025-04-19 12:12:28 53 sec: 603744 operations; [READ: Count=402489 Max=3219.45 Min=2.25 Avg=81.12 10=12.43 25=47.36 50=78.85 75=101.57 90=141.95 95=174.34 99=221.44 99.9=823.29 99.99=1813.50] [UPDATE: Count=201255 Max=14573.57 Min=6.69 Avg=16.76 10=10.79 25=12.38 50=14.60 75=17.57 90=20.89 95=23.41 99=30.61 99.9=261.63 99.99=2736.13]
2025-04-19 12:12:29 54 sec: 626491 operations; [READ: Count=417636 Max=3821.57 Min=2.25 Avg=80.26 10=11.68 25=47.13 50=78.21 75=100.61 90=140.54 95=172.93 99=220.54 99.9=813.57 99.99=1813.50] [UPDATE: Count=208855 Max=14573.57 Min=6.69 Avg=16.71 10=10.76 25=12.34 50=14.55 75=17.52 90=20.85 95=23.36 99=30.50 99.9=257.92 99.99=2736.13]
2025-04-19 12:12:30 55 sec: 650176 operations; [READ: Count=433399 Max=3821.57 Min=2.07 Avg=79.36 10=11.02 25=46.88 50=77.44 75=99.65 90=139.01 95=171.01 99=219.39 99.9=803.33 99.99=1798.14] [UPDATE: Count=216777 Max=14573.57 Min=6.69 Avg=16.62 10=10.72 25=12.29 50=14.49 75=17.45 90=20.78 95=23.30 99=30.43 99.9=258.05 99.99=2721.79]
2025-04-19 12:12:31 56 sec: 674114 operations; [READ: Count=449401 Max=3821.57 Min=2.07 Avg=78.47 10=10.49 25=46.62 50=76.61 75=98.81 90=137.34 95=168.96 99=218.37 99.9=794.11 99.99=1793.02] [UPDATE: Count=224713 Max=14573.57 Min=6.69 Avg=16.54 10=10.68 25=12.25 50=14.42 75=17.39 90=20.70 95=23.20 99=30.34 99.9=256.89 99.99=2736.13]
2025-04-19 12:12:32 57 sec: 698479 operations; [READ: Count=465617 Max=3821.57 Min=2.07 Avg=77.61 10=10.06 25=46.37 50=75.65 75=97.98 90=135.81 95=166.91 99=217.47 99.9=782.85 99.99=1784.83] [UPDATE: Count=232862 Max=14573.57 Min=6.69 Avg=16.44 10=10.62 25=12.19 50=14.36 75=17.31 90=20.62 95=23.12 99=30.22 99.9=255.10 99.99=2721.79]
2025-04-19 12:12:33 58 sec: 722669 operations; [READ: Count=481785 Max=3821.57 Min=2.07 Avg=76.82 10=9.71 25=46.17 50=74.56 75=97.28 90=134.27 95=164.74 99=216.70 99.9=772.10 99.99=1784.83] [UPDATE: Count=240884 Max=14573.57 Min=6.57 Avg=16.36 10=10.57 25=12.14 50=14.30 75=17.26 90=20.57 95=23.05 99=30.18 99.9=253.57 99.99=2541.57]
2025-04-19 12:12:34 59 sec: 746420 operations; [READ: Count=497645 Max=3821.57 Min=2.07 Avg=76.13 10=9.46 25=46.02 50=73.28 75=96.77 90=132.86 95=162.81 99=215.81 99.9=765.44 99.99=1758.21] [UPDATE: Count=248775 Max=14573.57 Min=6.57 Avg=16.29 10=10.54 25=12.11 50=14.26 75=17.21 90=20.54 95=23.02 99=30.14 99.9=253.31 99.99=2461.70]
2025-04-19 12:12:35 60 sec: 770961 operations; [READ: Count=513959 Max=3821.57 Min=2.07 Avg=75.41 10=9.16 25=45.79 50=71.61 75=96.19 90=131.46 95=161.02 99=214.91 99.9=757.76 99.99=1757.18] [UPDATE: Count=257002 Max=14573.57 Min=6.57 Avg=16.22 10=10.49 25=12.07 50=14.21 75=17.15 90=20.48 95=22.94 99=30.08 99.9=253.31 99.99=2228.22]
2025-04-19 12:12:36 61 sec: 795704 operations; [READ: Count=530447 Max=3821.57 Min=2.07 Avg=74.70 10=8.93 25=45.60 50=68.99 75=95.61 90=130.05 95=159.23 99=214.14 99.9=749.05 99.99=1739.78] [UPDATE: Count=265257 Max=14573.57 Min=6.57 Avg=16.14 10=10.46 25=12.03 50=14.17 75=17.10 90=20.41 95=22.88 99=29.98 99.9=252.80 99.99=2134.01]
2025-04-19 12:12:37 62 sec: 820516 operations; [READ: Count=547030 Max=3821.57 Min=2.07 Avg=74.03 10=8.73 25=45.44 50=65.66 75=95.10 90=128.90 95=157.69 99=213.38 99.9=740.35 99.99=1723.39] [UPDATE: Count=273486 Max=14573.57 Min=6.57 Avg=16.07 10=10.44 25=12.00 50=14.12 75=17.05 90=20.35 95=22.82 99=29.92 99.9=250.11 99.99=2134.01]
2025-04-19 12:12:38 63 sec: 845528 operations; [READ: Count=563683 Max=3821.57 Min=2.07 Avg=73.39 10=8.55 25=45.25 50=63.13 75=94.66 90=127.74 95=156.16 99=212.48 99.9=732.16 99.99=1721.34] [UPDATE: Count=281845 Max=14573.57 Min=6.57 Avg=16.01 10=10.40 25=11.97 50=14.08 75=17.01 90=20.30 95=22.75 99=29.87 99.9=249.85 99.99=2087.93]
2025-04-19 12:12:39 64 sec: 870499 operations; [READ: Count=580267 Max=3821.57 Min=2.07 Avg=72.78 10=8.41 25=45.09 50=61.50 75=94.27 90=126.78 95=154.75 99=211.71 99.9=723.46 99.99=1702.91] [UPDATE: Count=290232 Max=14573.57 Min=6.57 Avg=15.95 10=10.37 25=11.94 50=14.05 75=16.96 90=20.25 95=22.70 99=29.79 99.9=248.06 99.99=2055.17]
2025-04-19 12:12:40 65 sec: 894796 operations; [READ: Count=596481 Max=3821.57 Min=2.07 Avg=72.26 10=8.29 25=44.96 50=60.41 75=93.95 90=125.95 95=153.60 99=211.07 99.9=716.80 99.99=1689.60] [UPDATE: Count=298315 Max=14573.57 Min=6.57 Avg=15.92 10=10.35 25=11.93 50=14.02 75=16.94 90=20.22 95=22.67 99=29.77 99.9=248.32 99.99=2055.17]
2025-04-19 12:12:41 66 sec: 920078 operations; [READ: Count=613320 Max=3821.57 Min=2.07 Avg=71.69 10=8.18 25=44.80 50=59.49 75=93.63 90=125.12 95=152.57 99=210.30 99.9=705.53 99.99=1688.58] [UPDATE: Count=306758 Max=14573.57 Min=6.57 Avg=15.87 10=10.32 25=11.89 50=13.99 75=16.91 90=20.18 95=22.62 99=29.73 99.9=245.89 99.99=2045.95]
2025-04-19 12:12:42 67 sec: 945508 operations; [READ: Count=630237 Max=3821.57 Min=2.07 Avg=71.13 10=8.06 25=44.61 50=58.69 75=93.25 90=124.29 95=151.55 99=209.53 99.9=699.39 99.99=1674.24] [UPDATE: Count=315271 Max=14573.57 Min=6.57 Avg=15.83 10=10.29 25=11.87 50=13.95 75=16.86 90=20.13 95=22.57 99=29.68 99.9=243.46 99.99=2045.95]
2025-04-19 12:12:43 68 sec: 971299 operations; [READ: Count=647553 Max=3821.57 Min=2.07 Avg=70.57 10=7.96 25=44.45 50=57.98 75=92.93 90=123.45 95=150.53 99=208.90 99.9=688.64 99.99=1660.93] [UPDATE: Count=323746 Max=14573.57 Min=6.57 Avg=15.77 10=10.26 25=11.84 50=13.91 75=16.82 90=20.06 95=22.51 99=29.61 99.9=242.81 99.99=2045.95]
2025-04-19 12:12:44 69 sec: 995132 operations; [READ: Count=663408 Max=3821.57 Min=2.07 Avg=70.16 10=7.88 25=44.32 50=57.57 75=92.80 90=122.81 95=149.63 99=208.25 99.9=683.01 99.99=1660.93] [UPDATE: Count=331724 Max=14573.57 Min=6.57 Avg=15.80 10=10.25 25=11.83 50=13.90 75=16.80 90=20.05 95=22.50 99=29.63 99.9=251.26 99.99=2045.95]
2025-04-19 12:12:45 70 sec: 1017340 operations; [READ: Count=678124 Max=3821.57 Min=2.07 Avg=69.90 10=7.83 25=44.26 50=57.38 75=92.86 90=122.30 95=148.99 99=207.62 99.9=677.89 99.99=1660.93] [UPDATE: Count=339216 Max=14573.57 Min=6.57 Avg=15.83 10=10.26 25=11.85 50=13.93 75=16.82 90=20.06 95=22.50 99=29.68 99.9=253.31 99.99=2055.17]
2025-04-19 12:12:46 71 sec: 1040017 operations; [READ: Count=693260 Max=3821.57 Min=2.07 Avg=69.61 10=7.79 25=44.19 50=57.18 75=92.93 90=121.86 95=148.35 99=206.97 99.9=668.16 99.99=1641.47] [UPDATE: Count=346757 Max=14573.57 Min=6.57 Avg=15.85 10=10.28 25=11.86 50=13.96 75=16.85 90=20.08 95=22.50 99=29.68 99.9=254.97 99.99=2045.95]
2025-04-19 12:12:47 72 sec: 1062391 operations; [READ: Count=708191 Max=3821.57 Min=2.07 Avg=69.35 10=7.77 25=44.13 50=57.09 75=92.99 90=121.34 95=147.71 99=206.34 99.9=660.99 99.99=1633.28] [UPDATE: Count=354200 Max=14573.57 Min=6.57 Avg=15.88 10=10.29 25=11.89 50=13.99 75=16.88 90=20.11 95=22.51 99=29.73 99.9=257.92 99.99=2045.95]
2025-04-19 12:12:48 73 sec: 1086408 operations; [READ: Count=724215 Max=3821.57 Min=2.06 Avg=69.00 10=7.72 25=44.00 50=56.83 75=92.86 90=120.83 95=147.07 99=205.69 99.9=657.41 99.99=1632.26] [UPDATE: Count=362193 Max=14573.57 Min=6.57 Avg=15.88 10=10.29 25=11.89 50=14.00 75=16.88 90=20.11 95=22.51 99=29.74 99.9=258.94 99.99=2031.62]
2025-04-19 12:12:49 74 sec: 1113579 operations; [READ: Count=742326 Max=3821.57 Min=2.06 Avg=68.47 10=7.60 25=43.77 50=56.41 75=92.54 90=120.13 95=146.30 99=205.06 99.9=647.17 99.99=1624.06] [UPDATE: Count=371253 Max=14573.57 Min=6.57 Avg=15.84 10=10.25 25=11.85 50=13.95 75=16.83 90=20.06 95=22.45 99=29.71 99.9=258.94 99.99=1876.99]
2025-04-19 12:12:50 75 sec: 1141130 operations; [READ: Count=760679 Max=3821.57 Min=2.06 Avg=67.94 10=7.50 25=43.55 50=55.97 75=92.16 90=119.42 95=145.41 99=204.29 99.9=635.39 99.99=1597.44] [UPDATE: Count=380451 Max=14573.57 Min=6.57 Avg=15.80 10=10.21 25=11.81 50=13.90 75=16.77 90=20.00 95=22.40 99=29.66 99.9=258.43 99.99=1876.99]
2025-04-19 12:12:51 76 sec: 1171612 operations; [READ: Count=781007 Max=3821.57 Min=2.04 Avg=67.27 10=7.36 25=43.20 50=55.26 75=91.78 90=118.66 95=144.64 99=203.78 99.9=628.22 99.99=1582.08] [UPDATE: Count=390605 Max=14573.57 Min=6.44 Avg=15.72 10=10.13 25=11.72 50=13.82 75=16.69 90=19.92 95=22.32 99=29.60 99.9=256.89 99.99=1765.38]
2025-04-19 12:12:52 77 sec: 1202420 operations; [READ: Count=801548 Max=3821.57 Min=2.04 Avg=66.62 10=7.22 25=42.81 50=54.46 75=91.45 90=117.82 95=143.87 99=203.78 99.9=642.05 99.99=1561.60] [UPDATE: Count=400872 Max=14573.57 Min=6.44 Avg=15.62 10=10.03 25=11.61 50=13.74 75=16.59 90=19.82 95=22.24 99=29.52 99.9=253.31 99.99=1740.80]
2025-04-19 12:12:53 78 sec: 1235752 operations; [READ: Count=823794 Max=3821.57 Min=2.04 Avg=65.86 10=7.08 25=42.37 50=53.73 75=91.14 90=116.93 95=142.97 99=203.26 99.9=633.34 99.99=1552.38] [UPDATE: Count=411958 Max=14573.57 Min=6.44 Avg=15.51 10=9.94 25=11.49 50=13.65 75=16.50 90=19.74 95=22.16 99=29.42 99.9=250.88 99.99=1740.80]
2025-04-19 12:12:54 79 sec: 1268363 operations; [READ: Count=845537 Max=3821.57 Min=2.04 Avg=65.18 10=6.95 25=41.98 50=53.05 75=90.81 90=116.09 95=142.21 99=202.88 99.9=634.88 99.99=1542.14] [UPDATE: Count=422826 Max=14573.57 Min=6.44 Avg=15.41 10=9.86 25=11.40 50=13.57 75=16.41 90=19.66 95=22.08 99=29.34 99.9=249.85 99.99=1734.65]
2025-04-19 12:12:55 80 sec: 1299553 operations; [READ: Count=866333 Max=3821.57 Min=2.04 Avg=64.60 10=6.85 25=41.63 50=52.48 75=90.50 90=115.33 95=141.31 99=202.62 99.9=659.97 99.99=1543.17] [UPDATE: Count=433220 Max=14573.57 Min=6.44 Avg=15.33 10=9.79 25=11.31 50=13.50 75=16.33 90=19.58 95=22.00 99=29.25 99.9=248.32 99.99=1731.58]
2025-04-19 12:12:56 81 sec: 1333819 operations; [READ: Count=889213 Max=3821.57 Min=2.04 Avg=63.89 10=6.74 25=41.22 50=51.90 75=90.11 90=114.43 95=140.41 99=201.85 99.9=651.26 99.99=1537.02] [UPDATE: Count=444606 Max=14573.57 Min=6.44 Avg=15.26 10=9.73 25=11.25 50=13.43 75=16.25 90=19.50 95=21.92 99=29.18 99.9=246.27 99.99=1716.22]
2025-04-19 12:12:57 82 sec: 1365235 operations; [READ: Count=910112 Max=3821.57 Min=1.98 Avg=63.36 10=6.67 25=40.86 50=51.45 75=89.79 90=113.79 95=139.65 99=201.73 99.9=666.62 99.99=1528.83] [UPDATE: Count=455123 Max=14573.57 Min=6.22 Avg=15.18 10=9.67 25=11.18 50=13.37 75=16.18 90=19.44 95=21.84 99=29.09 99.9=244.86 99.99=1645.57]
2025-04-19 12:12:58 83 sec: 1397928 operations; [READ: Count=931853 Max=3821.57 Min=1.98 Avg=62.79 10=6.66 25=40.54 50=51.07 75=89.53 90=113.09 95=138.75 99=201.09 99.9=658.94 99.99=1520.64] [UPDATE: Count=466075 Max=14573.57 Min=6.18 Avg=15.11 10=9.62 25=11.11 50=13.31 75=16.10 90=19.36 95=21.77 99=29.02 99.9=243.46 99.99=1634.30]
2025-04-19 12:12:59 84 sec: 1427816 operations; [READ: Count=951740 Max=3821.57 Min=1.98 Avg=62.38 10=6.67 25=40.22 50=50.81 75=89.28 90=112.70 95=138.11 99=200.96 99.9=663.55 99.99=1513.47] [UPDATE: Count=476076 Max=14573.57 Min=6.18 Avg=15.06 10=9.59 25=11.07 50=13.27 75=16.05 90=19.31 95=21.71 99=28.99 99.9=243.07 99.99=1625.09]
2025-04-19 12:13:00 85 sec: 1453978 operations; [READ: Count=969202 Max=3821.57 Min=1.98 Avg=62.15 10=6.69 25=39.97 50=50.72 75=89.09 90=112.45 95=137.60 99=200.96 99.9=693.76 99.99=1503.23] [UPDATE: Count=484776 Max=14573.57 Min=6.18 Avg=15.04 10=9.57 25=11.06 50=13.26 75=16.03 90=19.28 95=21.68 99=28.96 99.9=243.07 99.99=1625.09]
2025-04-19 12:13:01 86 sec: 1484999 operations; [READ: Count=989814 Max=3821.57 Min=1.98 Avg=61.71 10=6.70 25=39.58 50=50.53 75=88.83 90=112.06 95=136.70 99=200.45 99.9=688.64 99.99=1497.09] [UPDATE: Count=495185 Max=14573.57 Min=6.18 Avg=14.99 10=9.54 25=11.02 50=13.21 75=15.97 90=19.21 95=21.61 99=28.91 99.9=242.56 99.99=1566.72]
2025-04-19 12:13:02 87 sec: 1500206 operations; [READ: Count=1000000 Max=3821.57 Min=1.98 Avg=61.51 10=6.70 25=39.39 50=50.43 75=88.77 90=111.87 95=136.32 99=200.06 99.9=685.05 99.99=1496.06] [UPDATE: Count=500206 Max=14573.57 Min=6.18 Avg=14.97 10=9.53 25=11.01 50=13.20 75=15.95 90=19.20 95=21.60 99=28.88 99.9=242.56 99.99=1566.72]
2025-04-19 12:13:03 88 sec: 1500206 operations; [READ: Count=1000000 Max=3821.57 Min=1.98 Avg=61.51 10=6.70 25=39.39 50=50.43 75=88.77 90=111.87 95=136.32 99=200.06 99.9=685.05 99.99=1496.06] [UPDATE: Count=500206 Max=14573.57 Min=6.18 Avg=14.97 10=9.53 25=11.01 50=13.20 75=15.95 90=19.20 95=21.60 99=28.88 99.9=242.56 99.99=1566.72]
2025-04-19 12:13:04 89 sec: 1500206 operations; [READ: Count=1000000 Max=3821.57 Min=1.98 Avg=61.51 10=6.70 25=39.39 50=50.43 75=88.77 90=111.87 95=136.32 99=200.06 99.9=685.05 99.99=1496.06] [UPDATE: Count=500206 Max=14573.57 Min=6.18 Avg=14.97 10=9.53 25=11.01 50=13.20 75=15.95 90=19.20 95=21.60 99=28.88 99.9=242.56 99.99=1566.72]
2025-04-19 12:13:05 90 sec: 1500206 operations; [READ: Count=1000000 Max=3821.57 Min=1.98 Avg=61.51 10=6.70 25=39.39 50=50.43 75=88.77 90=111.87 95=136.32 99=200.06 99.9=685.05 99.99=1496.06] [UPDATE: Count=500206 Max=14573.57 Min=6.18 Avg=14.97 10=9.53 25=11.01 50=13.20 75=15.95 90=19.20 95=21.60 99=28.88 99.9=242.56 99.99=1566.72]
2025-04-19 12:13:06 91 sec: 1500206 operations; [READ: Count=1000000 Max=3821.57 Min=1.98 Avg=61.51 10=6.70 25=39.39 50=50.43 75=88.77 90=111.87 95=136.32 99=200.06 99.9=685.05 99.99=1496.06] [UPDATE: Count=500206 Max=14573.57 Min=6.18 Avg=14.97 10=9.53 25=11.01 50=13.20 75=15.95 90=19.20 95=21.60 99=28.88 99.9=242.56 99.99=1566.72]
2025-04-19 12:13:07 91 sec: 1500206 operations; [READ: Count=1000000 Max=3821.57 Min=1.98 Avg=61.51 10=6.70 25=39.39 50=50.43 75=88.77 90=111.87 95=136.32 99=200.06 99.9=685.05 99.99=1496.06] [UPDATE: Count=500206 Max=14573.57 Min=6.18 Avg=14.97 10=9.53 25=11.01 50=13.20 75=15.95 90=19.20 95=21.60 99=28.88 99.9=242.56 99.99=1566.72]
Run runtime(sec): 91.5153
Run operations(ops): 1000000
Run throughput(ops/sec): 10927.1
