Running scope as unit: run-r30c318657006422cb46be45c9aca0cc9.scope
load file:/home/user/DataFiles/silesia_data/silesia.tar
2025-04-19 12:11:35 0 sec: 0 operations;
2025-04-19 12:11:36 1 sec: 0 operations;
2025-04-19 12:11:37 2 sec: 0 operations;
2025-04-19 12:11:38 3 sec: 0 operations;
2025-04-19 12:11:39 4 sec: 0 operations;
2025-04-19 12:11:40 5 sec: 0 operations;
2025-04-19 12:11:41 6 sec: 0 operations;
2025-04-19 12:11:42 7 sec: 0 operations;
2025-04-19 12:11:43 8 sec: 0 operations;
2025-04-19 12:11:44 9 sec: 0 operations;
2025-04-19 12:11:45 10 sec: 0 operations;
2025-04-19 12:11:46 11 sec: 0 operations;
2025-04-19 12:11:47 12 sec: 0 operations;
2025-04-19 12:11:48 13 sec: 0 operations;
2025-04-19 12:11:49 14 sec: 0 operations;
2025-04-19 12:11:50 15 sec: 0 operations;
2025-04-19 12:11:51 16 sec: 0 operations;
2025-04-19 12:11:52 17 sec: 0 operations;
2025-04-19 12:11:53 18 sec: 0 operations;
2025-04-19 12:11:54 19 sec: 0 operations;
2025-04-19 12:11:55 20 sec: 0 operations;
2025-04-19 12:11:56 21 sec: 0 operations;
2025-04-19 12:11:57 22 sec: 0 operations;
2025-04-19 12:11:58 23 sec: 0 operations;
2025-04-19 12:11:59 24 sec: 0 operations;
2025-04-19 12:12:00 25 sec: 0 operations;
2025-04-19 12:12:01 26 sec: 0 operations;
2025-04-19 12:12:02 27 sec: 0 operations;
2025-04-19 12:12:03 28 sec: 0 operations;
2025-04-19 12:12:04 29 sec: 0 operations;
2025-04-19 12:12:05 30 sec: 0 operations;
2025-04-19 12:12:06 31 sec: 11609 operations; [READ: Count=7731 Max=856.06 Min=3.32 Avg=89.77 10=42.11 25=72.51 50=83.01 75=114.30 90=124.73 95=142.08 99=160.51 99.9=193.02 99.99=591.87] [UPDATE: Count=3878 Max=3676.16 Min=8.15 Avg=17.65 10=10.80 25=11.73 50=13.13 75=15.52 90=18.53 95=20.51 99=30.21 99.9=551.42 99.99=3676.16]
2025-04-19 12:12:07 32 sec: 27080 operations; [READ: Count=17997 Max=856.06 Min=2.56 Avg=89.17 10=41.76 25=72.51 50=82.94 75=114.75 90=124.42 95=142.97 99=160.77 99.9=190.72 99.99=318.46] [UPDATE: Count=9083 Max=3819.52 Min=6.98 Avg=16.26 10=10.88 25=11.86 50=13.25 75=15.69 90=18.50 95=20.34 99=27.38 99.9=256.64 99.99=3676.16]
2025-04-19 12:12:08 33 sec: 41820 operations; [READ: Count=27833 Max=856.06 Min=2.56 Avg=89.21 10=41.85 25=72.77 50=83.20 75=115.14 90=124.93 95=143.49 99=162.30 99.9=191.36 99.99=293.63] [UPDATE: Count=13987 Max=13352.96 Min=6.98 Avg=18.61 10=10.93 25=11.90 50=13.31 75=15.77 90=18.66 95=20.67 99=28.29 99.9=328.45 99.99=9461.76]
2025-04-19 12:12:09 34 sec: 56975 operations; [READ: Count=37989 Max=856.06 Min=2.56 Avg=89.43 10=41.85 25=72.96 50=83.65 75=115.65 90=125.95 95=143.87 99=162.81 99.9=191.23 99.99=279.30] [UPDATE: Count=18986 Max=13352.96 Min=6.98 Avg=17.69 10=10.98 25=12.01 50=13.42 75=15.90 90=18.80 95=20.83 99=27.92 99.9=323.84 99.99=7507.97]
2025-04-19 12:12:10 35 sec: 72488 operations; [READ: Count=48280 Max=856.06 Min=2.41 Avg=89.25 10=41.66 25=72.96 50=83.65 75=115.71 90=126.02 95=144.25 99=163.20 99.9=192.13 99.99=216.19] [UPDATE: Count=24208 Max=13352.96 Min=6.84 Avg=17.10 10=10.99 25=12.02 50=13.45 75=15.90 90=18.83 95=20.85 99=27.73 99.9=319.49 99.99=7507.97]
2025-04-19 12:12:11 36 sec: 87378 operations; [READ: Count=58160 Max=856.06 Min=2.41 Avg=89.19 10=41.57 25=72.96 50=83.78 75=115.84 90=126.27 95=144.51 99=163.20 99.9=192.25 99.99=215.42] [UPDATE: Count=29218 Max=13352.96 Min=6.84 Avg=18.02 10=11.01 25=12.04 50=13.48 75=15.96 90=18.89 95=20.91 99=29.09 99.9=857.60 99.99=7364.61]
2025-04-19 12:12:12 37 sec: 100086 operations; [READ: Count=66650 Max=856.06 Min=2.41 Avg=91.20 10=42.14 25=73.41 50=86.33 75=116.99 90=133.50 95=148.48 99=173.69 99.9=201.98 99.99=247.94] [UPDATE: Count=33436 Max=13352.96 Min=6.84 Avg=18.68 10=11.11 25=12.22 50=13.85 75=16.61 90=19.70 95=22.08 99=31.87 99.9=997.38 99.99=7364.61]
2025-04-19 12:12:13 38 sec: 113315 operations; [READ: Count=75473 Max=856.06 Min=2.41 Avg=92.39 10=42.43 25=73.66 50=88.70 75=117.95 90=137.98 95=150.27 99=179.84 99.9=207.74 99.99=247.94] [UPDATE: Count=37842 Max=15015.93 Min=6.84 Avg=18.99 10=11.19 25=12.37 50=14.13 75=16.96 90=20.22 95=22.72 99=32.22 99.9=783.87 99.99=7364.61]
2025-04-19 12:12:14 39 sec: 128766 operations; [READ: Count=85766 Max=856.06 Min=2.41 Avg=91.94 10=42.11 25=73.60 50=88.06 75=117.82 90=137.09 95=149.89 99=178.05 99.9=206.34 99.99=247.17] [UPDATE: Count=43000 Max=15015.93 Min=6.84 Avg=18.52 10=11.18 25=12.35 50=14.08 75=16.89 90=20.13 95=22.64 99=31.66 99.9=563.71 99.99=7364.61]
2025-04-19 12:12:15 40 sec: 144199 operations; [READ: Count=96053 Max=856.06 Min=2.41 Avg=91.58 10=41.85 25=73.53 50=87.61 75=117.76 90=136.06 95=149.63 99=176.77 99.9=204.67 99.99=242.05] [UPDATE: Count=48146 Max=15015.93 Min=6.84 Avg=18.18 10=11.18 25=12.35 50=14.06 75=16.86 90=20.08 95=22.59 99=31.05 99.9=502.27 99.99=3819.52]
2025-04-19 12:12:16 41 sec: 159586 operations; [READ: Count=106269 Max=856.06 Min=2.41 Avg=91.32 10=41.66 25=73.47 50=87.42 75=117.89 90=135.29 95=149.50 99=175.36 99.9=203.52 99.99=237.44] [UPDATE: Count=53317 Max=15015.93 Min=6.84 Avg=17.95 10=11.18 25=12.37 50=14.08 75=16.85 90=20.06 95=22.54 99=30.77 99.9=461.57 99.99=3819.52]
2025-04-19 12:12:17 42 sec: 175179 operations; [READ: Count=116644 Max=856.06 Min=2.41 Avg=90.99 10=41.41 25=73.41 50=87.17 75=117.76 90=134.66 95=149.25 99=174.46 99.9=202.62 99.99=237.44] [UPDATE: Count=58535 Max=15015.93 Min=6.84 Avg=17.72 10=11.18 25=12.38 50=14.06 75=16.82 90=20.02 95=22.43 99=30.37 99.9=422.14 99.99=3676.16]
2025-04-19 12:12:18 43 sec: 190468 operations; [READ: Count=126841 Max=856.06 Min=2.28 Avg=90.71 10=41.25 25=73.34 50=86.85 75=117.76 90=134.01 95=148.99 99=173.31 99.9=201.85 99.99=237.18] [UPDATE: Count=63627 Max=15015.93 Min=6.84 Avg=17.83 10=11.18 25=12.37 50=14.04 75=16.80 90=19.95 95=22.35 99=30.14 99.9=409.60 99.99=7364.61]
2025-04-19 12:12:19 44 sec: 206413 operations; [READ: Count=137480 Max=856.06 Min=2.28 Avg=90.31 10=40.99 25=73.15 50=86.59 75=117.63 90=133.25 95=148.86 99=172.67 99.9=201.22 99.99=235.26] [UPDATE: Count=68933 Max=15015.93 Min=6.83 Avg=17.60 10=11.16 25=12.35 50=14.01 75=16.75 90=19.87 95=22.22 99=29.79 99.9=371.97 99.99=3819.52]
2025-04-19 12:12:20 45 sec: 222377 operations; [READ: Count=148080 Max=856.06 Min=2.28 Avg=89.97 10=40.70 25=73.02 50=86.27 75=117.50 90=132.61 95=148.48 99=171.39 99.9=200.45 99.99=235.01] [UPDATE: Count=74297 Max=15015.93 Min=6.82 Avg=17.46 10=11.14 25=12.34 50=13.97 75=16.69 90=19.79 95=22.14 99=29.60 99.9=357.12 99.99=3819.52]
2025-04-19 12:12:21 46 sec: 236929 operations; [READ: Count=157789 Max=856.06 Min=2.28 Avg=90.15 10=40.58 25=73.02 50=86.66 75=117.69 90=134.01 95=148.99 99=173.18 99.9=201.22 99.99=235.01] [UPDATE: Count=79140 Max=15015.93 Min=6.82 Avg=17.50 10=11.16 25=12.37 50=14.03 75=16.78 90=19.90 95=22.25 99=29.52 99.9=360.45 99.99=3819.52]
2025-04-19 12:12:22 47 sec: 250109 operations; [READ: Count=166582 Max=856.06 Min=2.28 Avg=90.82 10=40.58 25=73.09 50=87.81 75=118.21 90=136.96 95=150.27 99=177.53 99.9=205.95 99.99=237.18] [UPDATE: Count=83527 Max=15015.93 Min=6.82 Avg=17.58 10=11.20 25=12.45 50=14.21 75=17.04 90=20.19 95=22.59 99=29.87 99.9=357.12 99.99=3819.52]
2025-04-19 12:12:23 48 sec: 263503 operations; [READ: Count=175483 Max=856.06 Min=2.28 Avg=91.36 10=40.58 25=73.15 50=89.02 75=118.72 90=139.13 95=150.91 99=179.71 99.9=207.49 99.99=242.05] [UPDATE: Count=88020 Max=15015.93 Min=6.82 Avg=17.64 10=11.24 25=12.52 50=14.37 75=17.23 90=20.46 95=22.83 99=29.97 99.9=352.77 99.99=3676.16]
2025-04-19 12:12:24 49 sec: 276969 operations; [READ: Count=184452 Max=856.06 Min=2.28 Avg=91.82 10=40.54 25=73.22 50=90.11 75=119.17 90=140.54 95=151.55 99=181.38 99.9=209.79 99.99=242.05] [UPDATE: Count=92517 Max=15015.93 Min=6.82 Avg=17.69 10=11.28 25=12.58 50=14.52 75=17.41 90=20.67 95=23.05 99=30.03 99.9=352.77 99.99=3676.16]
2025-04-19 12:12:25 50 sec: 290382 operations; [READ: Count=193402 Max=856.06 Min=2.28 Avg=92.25 10=40.45 25=73.22 50=91.14 75=119.68 90=141.69 95=152.32 99=182.53 99.9=211.84 99.99=244.09] [UPDATE: Count=96980 Max=15015.93 Min=6.82 Avg=17.74 10=11.32 25=12.65 50=14.66 75=17.57 90=20.88 95=23.30 99=30.37 99.9=339.97 99.99=3323.90]
2025-04-19 12:12:26 51 sec: 303656 operations; [READ: Count=202292 Max=856.06 Min=2.28 Avg=92.67 10=40.35 25=73.28 50=92.09 75=120.19 90=142.59 95=152.83 99=183.81 99.9=213.89 99.99=245.12] [UPDATE: Count=101364 Max=15015.93 Min=6.82 Avg=17.79 10=11.35 25=12.71 50=14.80 75=17.70 90=21.07 95=23.52 99=30.53 99.9=352.77 99.99=3323.90]
2025-04-19 12:12:27 52 sec: 317171 operations; [READ: Count=211355 Max=856.06 Min=2.28 Avg=92.98 10=40.26 25=73.28 50=92.80 75=120.70 90=143.23 95=153.22 99=184.70 99.9=215.04 99.99=245.12] [UPDATE: Count=105816 Max=15015.93 Min=6.82 Avg=17.84 10=11.38 25=12.77 50=14.92 75=17.81 90=21.18 95=23.60 99=30.54 99.9=338.43 99.99=3323.90]
2025-04-19 12:12:28 53 sec: 330647 operations; [READ: Count=220390 Max=4214.78 Min=2.28 Avg=93.27 10=40.13 25=73.28 50=93.38 75=121.22 90=143.74 95=153.60 99=185.34 99.9=216.06 99.99=245.25] [UPDATE: Count=110257 Max=15015.93 Min=6.82 Avg=17.86 10=11.41 25=12.82 50=15.04 75=17.90 90=21.31 95=23.73 99=30.67 99.9=338.43 99.99=3323.90]
2025-04-19 12:12:29 54 sec: 344318 operations; [READ: Count=229569 Max=4214.78 Min=2.28 Avg=93.46 10=39.90 25=73.22 50=93.76 75=121.73 90=144.13 95=153.98 99=185.73 99.9=216.83 99.99=246.01] [UPDATE: Count=114749 Max=15015.93 Min=6.82 Avg=17.94 10=11.44 25=12.87 50=15.13 75=17.98 90=21.39 95=23.81 99=30.70 99.9=336.64 99.99=3659.78]
2025-04-19 12:12:30 55 sec: 357825 operations; [READ: Count=238585 Max=4214.78 Min=2.28 Avg=93.72 10=39.71 25=73.15 50=94.21 75=122.24 90=144.77 95=154.50 99=186.37 99.9=217.73 99.99=246.01] [UPDATE: Count=119240 Max=15015.93 Min=6.82 Avg=17.97 10=11.46 25=12.93 50=15.21 75=18.06 90=21.54 95=23.93 99=31.05 99.9=336.38 99.99=3323.90]
2025-04-19 12:12:31 56 sec: 371201 operations; [READ: Count=247475 Max=4214.78 Min=2.28 Avg=93.99 10=39.52 25=73.15 50=94.66 75=122.75 90=145.28 95=155.01 99=187.13 99.9=218.62 99.99=245.25] [UPDATE: Count=123726 Max=15015.93 Min=6.82 Avg=18.03 10=11.49 25=12.97 50=15.32 75=18.18 90=21.65 95=24.06 99=31.23 99.9=335.87 99.99=3323.90]
2025-04-19 12:12:32 57 sec: 384741 operations; [READ: Count=256480 Max=4214.78 Min=2.28 Avg=94.20 10=39.30 25=73.09 50=95.10 75=123.33 90=145.66 95=155.65 99=187.65 99.9=220.03 99.99=247.17] [UPDATE: Count=128261 Max=15015.93 Min=6.82 Avg=18.08 10=11.51 25=13.02 50=15.41 75=18.29 90=21.76 95=24.19 99=31.44 99.9=335.87 99.99=3284.99]
2025-04-19 12:12:33 58 sec: 398071 operations; [READ: Count=265377 Max=4214.78 Min=2.28 Avg=94.45 10=39.04 25=73.02 50=95.49 75=123.90 90=146.18 95=156.29 99=188.29 99.9=220.67 99.99=247.17] [UPDATE: Count=132694 Max=15015.93 Min=6.82 Avg=18.12 10=11.54 25=13.08 50=15.50 75=18.38 90=21.90 95=24.35 99=31.65 99.9=329.73 99.99=3284.99]
2025-04-19 12:12:34 59 sec: 411369 operations; [READ: Count=274218 Max=4214.78 Min=2.28 Avg=94.69 10=38.69 25=72.96 50=95.87 75=124.48 90=146.69 95=156.93 99=189.06 99.9=221.82 99.99=247.94] [UPDATE: Count=137151 Max=15015.93 Min=6.82 Avg=18.17 10=11.56 25=13.13 50=15.59 75=18.50 90=22.06 95=24.50 99=31.90 99.9=329.73 99.99=3223.55]
2025-04-19 12:12:35 60 sec: 425314 operations; [READ: Count=283543 Max=4214.78 Min=2.28 Avg=94.75 10=38.21 25=72.83 50=96.06 75=124.86 90=147.07 95=157.31 99=189.44 99.9=222.08 99.99=247.94] [UPDATE: Count=141771 Max=15015.93 Min=6.82 Avg=18.19 10=11.57 25=13.16 50=15.65 75=18.56 90=22.14 95=24.59 99=32.09 99.9=331.01 99.99=3223.55]
2025-04-19 12:12:36 61 sec: 441309 operations; [READ: Count=294178 Max=4214.78 Min=2.28 Avg=94.40 10=37.60 25=72.58 50=95.68 75=124.54 90=146.81 95=157.06 99=189.18 99.9=221.69 99.99=247.94] [UPDATE: Count=147131 Max=15015.93 Min=6.82 Avg=18.11 10=11.55 25=13.14 50=15.61 75=18.53 90=22.08 95=24.53 99=31.98 99.9=332.80 99.99=3080.19]
2025-04-19 12:12:37 62 sec: 457424 operations; [READ: Count=304949 Max=4214.78 Min=2.28 Avg=94.04 10=36.80 25=72.32 50=95.36 75=124.22 90=146.56 95=156.93 99=188.80 99.9=221.31 99.99=247.94] [UPDATE: Count=152475 Max=15015.93 Min=6.82 Avg=18.02 10=11.54 25=13.13 50=15.57 75=18.50 90=22.03 95=24.48 99=31.87 99.9=329.73 99.99=3080.19]
2025-04-19 12:12:38 63 sec: 473718 operations; [READ: Count=315798 Max=4214.78 Min=2.28 Avg=93.67 10=35.87 25=72.00 50=95.04 75=123.97 90=146.30 95=156.67 99=188.54 99.9=220.54 99.99=247.17] [UPDATE: Count=157920 Max=15015.93 Min=6.82 Avg=17.94 10=11.51 25=13.11 50=15.52 75=18.45 90=21.97 95=24.41 99=31.77 99.9=328.45 99.99=2988.03]
2025-04-19 12:12:39 64 sec: 490020 operations; [READ: Count=326685 Max=4214.78 Min=2.28 Avg=93.30 10=34.46 25=71.68 50=94.66 75=123.65 90=146.05 95=156.41 99=188.16 99.9=220.29 99.99=247.17] [UPDATE: Count=163335 Max=15015.93 Min=6.82 Avg=17.89 10=11.49 25=13.10 50=15.49 75=18.41 90=21.92 95=24.38 99=31.77 99.9=331.01 99.99=2988.03]
2025-04-19 12:12:40 65 sec: 505706 operations; [READ: Count=337150 Max=4214.78 Min=2.28 Avg=93.08 10=31.90 25=71.42 50=94.40 75=123.58 90=145.92 95=156.41 99=188.29 99.9=221.57 99.99=252.41] [UPDATE: Count=168556 Max=15015.93 Min=6.82 Avg=17.87 10=11.48 25=13.09 50=15.46 75=18.40 90=21.90 95=24.35 99=31.81 99.9=335.87 99.99=2893.82]
2025-04-19 12:12:41 66 sec: 521623 operations; [READ: Count=347772 Max=4214.78 Min=2.28 Avg=92.81 10=21.05 25=71.04 50=94.08 75=123.39 90=145.79 95=156.41 99=188.41 99.9=222.97 99.99=287.74] [UPDATE: Count=173851 Max=15015.93 Min=6.82 Avg=17.85 10=11.46 25=13.07 50=15.44 75=18.37 90=21.87 95=24.32 99=31.84 99.9=339.97 99.99=2893.82]
2025-04-19 12:12:42 67 sec: 537520 operations; [READ: Count=358344 Max=4214.78 Min=2.28 Avg=92.58 10=17.89 25=70.66 50=93.69 75=123.20 90=145.53 95=156.41 99=188.54 99.9=225.28 99.99=591.87] [UPDATE: Count=179176 Max=15015.93 Min=6.82 Avg=17.83 10=11.44 25=13.05 50=15.39 75=18.32 90=21.81 95=24.27 99=31.84 99.9=339.97 99.99=2711.55]
2025-04-19 12:12:43 68 sec: 559751 operations; [READ: Count=373155 Max=4214.78 Min=2.28 Avg=91.25 10=15.65 25=60.93 50=92.35 75=122.30 90=145.02 95=155.90 99=188.41 99.9=226.81 99.99=1067.01] [UPDATE: Count=186596 Max=15015.93 Min=6.82 Avg=17.71 10=11.37 25=12.97 50=15.29 75=18.24 90=21.70 95=24.18 99=31.77 99.9=336.13 99.99=2711.55]
2025-04-19 12:12:44 69 sec: 584535 operations; [READ: Count=389682 Max=4214.78 Min=2.28 Avg=89.58 10=13.81 25=54.91 50=90.56 75=121.28 90=144.38 95=155.26 99=188.41 99.9=234.75 99.99=1130.49] [UPDATE: Count=194853 Max=15015.93 Min=6.82 Avg=17.62 10=11.26 25=12.86 50=15.18 75=18.13 90=21.58 95=24.05 99=31.70 99.9=337.66 99.99=2711.55]
2025-04-19 12:12:45 70 sec: 607788 operations; [READ: Count=405158 Max=4214.78 Min=2.28 Avg=88.28 10=12.55 25=53.05 50=88.89 75=120.32 90=143.87 95=154.75 99=188.29 99.9=247.17 99.99=1375.23] [UPDATE: Count=202630 Max=15015.93 Min=6.82 Avg=17.54 10=11.22 25=12.82 50=15.10 75=18.06 90=21.49 95=23.95 99=31.63 99.9=335.36 99.99=2711.55]
2025-04-19 12:12:46 71 sec: 636426 operations; [READ: Count=424229 Max=4214.78 Min=2.28 Avg=86.35 10=11.41 25=50.53 50=87.10 75=119.17 90=143.10 95=153.98 99=187.90 99.9=253.57 99.99=1368.06] [UPDATE: Count=212197 Max=15015.93 Min=6.82 Avg=17.31 10=10.95 25=12.64 50=14.92 75=17.90 90=21.33 95=23.82 99=31.41 99.9=329.73 99.99=2707.45]
2025-04-19 12:12:47 72 sec: 662412 operations; [READ: Count=441580 Max=4214.78 Min=2.19 Avg=84.94 10=10.70 25=48.73 50=85.57 75=118.08 90=142.46 95=153.60 99=188.03 99.9=327.94 99.99=1439.74] [UPDATE: Count=220832 Max=15015.93 Min=6.82 Avg=17.14 10=10.75 25=12.48 50=14.78 75=17.76 90=21.20 95=23.70 99=31.25 99.9=322.81 99.99=2666.49]
2025-04-19 12:12:48 73 sec: 688072 operations; [READ: Count=458655 Max=4214.78 Min=2.19 Avg=83.66 10=10.18 25=47.77 50=84.16 75=117.18 90=141.82 95=153.09 99=187.90 99.9=349.44 99.99=1439.74] [UPDATE: Count=229417 Max=15015.93 Min=6.82 Avg=17.03 10=10.65 25=12.38 50=14.67 75=17.66 90=21.09 95=23.58 99=31.18 99.9=326.14 99.99=2543.61]
2025-04-19 12:12:49 74 sec: 715154 operations; [READ: Count=476668 Max=4214.78 Min=2.19 Avg=82.32 10=9.69 25=46.69 50=82.81 75=116.16 90=141.18 95=152.57 99=187.90 99.9=365.31 99.99=1435.65] [UPDATE: Count=238486 Max=15015.93 Min=6.74 Avg=16.86 10=10.50 25=12.21 50=14.53 75=17.54 90=20.96 95=23.47 99=31.01 99.9=319.23 99.99=2455.55]
2025-04-19 12:12:50 75 sec: 741232 operations; [READ: Count=494100 Max=4214.78 Min=2.19 Avg=81.17 10=9.27 25=45.89 50=81.60 75=115.20 90=140.54 95=152.19 99=187.90 99.9=409.09 99.99=1439.74] [UPDATE: Count=247132 Max=15015.93 Min=6.61 Avg=16.76 10=10.39 25=12.05 50=14.41 75=17.42 90=20.85 95=23.36 99=30.89 99.9=317.95 99.99=2455.55]
2025-04-19 12:12:51 76 sec: 769512 operations; [READ: Count=512970 Max=4214.78 Min=2.19 Avg=79.88 10=8.87 25=45.09 50=80.38 75=114.11 90=139.78 95=151.68 99=187.65 99.9=393.98 99.99=1432.58] [UPDATE: Count=256542 Max=15015.93 Min=6.52 Avg=16.59 10=10.27 25=11.87 50=14.27 75=17.30 90=20.72 95=23.25 99=30.78 99.9=314.62 99.99=2424.83]
2025-04-19 12:12:52 77 sec: 795924 operations; [READ: Count=530473 Max=4214.78 Min=2.19 Avg=78.90 10=8.56 25=44.48 50=79.23 75=113.02 90=139.26 95=151.17 99=187.78 99.9=475.65 99.99=1432.58] [UPDATE: Count=265451 Max=15015.93 Min=6.52 Avg=16.44 10=10.17 25=11.70 50=14.13 75=17.17 90=20.61 95=23.14 99=30.62 99.9=311.55 99.99=2424.83]
2025-04-19 12:12:53 78 sec: 824082 operations; [READ: Count=549230 Max=4214.78 Min=2.04 Avg=77.79 10=8.26 25=43.97 50=77.95 75=111.94 90=138.50 95=150.66 99=187.39 99.9=468.99 99.99=1426.43] [UPDATE: Count=274852 Max=15015.93 Min=6.52 Avg=16.29 10=10.10 25=11.56 50=14.01 75=17.05 90=20.48 95=23.04 99=30.51 99.9=304.38 99.99=2424.83]
2025-04-19 12:12:54 79 sec: 851761 operations; [READ: Count=567639 Max=4214.78 Min=2.04 Avg=76.81 10=8.00 25=43.49 50=76.67 75=110.91 90=137.85 95=150.27 99=187.26 99.9=489.98 99.99=1419.26] [UPDATE: Count=284122 Max=15015.93 Min=6.52 Avg=16.15 10=10.02 25=11.41 50=13.89 75=16.93 90=20.37 95=22.93 99=30.37 99.9=300.54 99.99=2418.69]
2025-04-19 12:12:55 80 sec: 877512 operations; [READ: Count=584809 Max=4214.78 Min=2.04 Avg=76.05 10=7.78 25=43.13 50=75.33 75=109.89 90=137.22 95=149.89 99=187.26 99.9=562.17 99.99=1419.26] [UPDATE: Count=292703 Max=15015.93 Min=6.52 Avg=16.05 10=9.97 25=11.30 50=13.79 75=16.83 90=20.25 95=22.83 99=30.27 99.9=293.12 99.99=2418.69]
2025-04-19 12:12:56 81 sec: 905250 operations; [READ: Count=603269 Max=4214.78 Min=2.04 Avg=75.16 10=7.58 25=42.81 50=73.73 75=108.93 90=136.45 95=149.50 99=186.75 99.9=546.82 99.99=1404.93] [UPDATE: Count=301981 Max=15015.93 Min=6.52 Avg=15.94 10=9.92 25=11.21 50=13.70 75=16.72 90=20.16 95=22.73 99=30.13 99.9=289.02 99.99=2410.49]
2025-04-19 12:12:57 82 sec: 931057 operations; [READ: Count=620410 Max=4214.78 Min=2.04 Avg=74.51 10=7.42 25=42.53 50=71.61 75=108.09 90=135.81 95=149.12 99=186.88 99.9=594.94 99.99=1391.62] [UPDATE: Count=310647 Max=15015.93 Min=6.52 Avg=15.82 10=9.87 25=11.12 50=13.61 75=16.62 90=20.05 95=22.66 99=30.02 99.9=283.39 99.99=2289.66]
2025-04-19 12:12:58 83 sec: 959166 operations; [READ: Count=639196 Max=4214.78 Min=2.02 Avg=73.69 10=7.26 25=42.24 50=67.20 75=107.26 90=135.04 95=148.74 99=186.50 99.9=590.34 99.99=1380.35] [UPDATE: Count=319970 Max=15015.93 Min=6.52 Avg=15.70 10=9.81 25=11.03 50=13.51 75=16.51 90=19.95 95=22.54 99=29.87 99.9=279.30 99.99=2263.04]
2025-04-19 12:12:59 84 sec: 986053 operations; [READ: Count=657119 Max=4214.78 Min=2.02 Avg=73.02 10=7.12 25=42.02 50=61.22 75=106.56 90=134.27 95=148.35 99=186.50 99.9=603.13 99.99=1375.23] [UPDATE: Count=328934 Max=15015.93 Min=6.52 Avg=15.59 10=9.78 25=10.97 50=13.43 75=16.41 90=19.84 95=22.46 99=29.76 99.9=276.22 99.99=2250.75]
2025-04-19 12:13:00 85 sec: 1008989 operations; [READ: Count=672405 Max=4214.78 Min=2.02 Avg=72.67 10=7.05 25=41.85 50=58.85 75=106.17 90=133.76 95=148.09 99=186.75 99.9=670.21 99.99=1387.52] [UPDATE: Count=336584 Max=15015.93 Min=6.52 Avg=15.55 10=9.77 25=10.95 50=13.40 75=16.36 90=19.76 95=22.38 99=29.66 99.9=274.43 99.99=2250.75]
2025-04-19 12:13:01 86 sec: 1037143 operations; [READ: Count=691133 Max=4214.78 Min=2.02 Avg=71.96 10=6.96 25=41.66 50=56.99 75=105.53 90=132.99 95=147.71 99=186.37 99.9=663.55 99.99=1380.35] [UPDATE: Count=346010 Max=15015.93 Min=6.52 Avg=15.46 10=9.73 25=10.90 50=13.34 75=16.28 90=19.66 95=22.29 99=29.58 99.9=273.15 99.99=2187.26]
2025-04-19 12:13:02 87 sec: 1062370 operations; [READ: Count=707981 Max=4214.78 Min=2.02 Avg=71.49 10=6.88 25=41.50 50=55.77 75=105.09 90=132.22 95=147.33 99=186.37 99.9=691.20 99.99=1462.27] [UPDATE: Count=354389 Max=15015.93 Min=6.52 Avg=15.38 10=9.70 25=10.87 50=13.28 75=16.21 90=19.60 95=22.22 99=29.50 99.9=268.54 99.99=2187.26]
2025-04-19 12:13:03 88 sec: 1089705 operations; [READ: Count=726201 Max=4214.78 Min=2.02 Avg=70.90 10=6.81 25=41.28 50=54.69 75=104.58 90=131.58 95=146.94 99=186.11 99.9=699.90 99.99=1488.89] [UPDATE: Count=363504 Max=15015.93 Min=6.52 Avg=15.31 10=9.67 25=10.84 50=13.22 75=16.13 90=19.52 95=22.14 99=29.39 99.9=264.96 99.99=2160.64]
2025-04-19 12:13:04 89 sec: 1117250 operations; [READ: Count=744490 Max=4214.78 Min=2.02 Avg=70.33 10=6.74 25=41.09 50=53.70 75=104.00 90=130.81 95=146.69 99=186.11 99.9=712.70 99.99=1488.89] [UPDATE: Count=372760 Max=15015.93 Min=6.44 Avg=15.23 10=9.64 25=10.80 50=13.15 75=16.05 90=19.44 95=22.06 99=29.31 99.9=263.17 99.99=2095.10]
2025-04-19 12:13:05 90 sec: 1142333 operations; [READ: Count=761205 Max=4214.78 Min=2.02 Avg=69.94 10=6.66 25=40.90 50=52.83 75=103.55 90=130.24 95=146.43 99=186.50 99.9=761.86 99.99=1528.83] [UPDATE: Count=381128 Max=15015.93 Min=6.44 Avg=15.18 10=9.60 25=10.76 50=13.10 75=15.97 90=19.36 95=22.00 99=29.26 99.9=260.74 99.99=1953.79]
2025-04-19 12:13:06 91 sec: 1174382 operations; [READ: Count=782483 Max=4214.78 Min=2.00 Avg=69.13 10=6.56 25=40.61 50=51.84 75=102.91 90=129.41 95=145.92 99=186.11 99.9=756.74 99.99=1520.64] [UPDATE: Count=391899 Max=15015.93 Min=6.44 Avg=15.08 10=9.55 25=10.71 50=13.01 75=15.87 90=19.28 95=21.90 99=29.17 99.9=259.20 99.99=1953.79]
2025-04-19 12:13:07 92 sec: 1205700 operations; [READ: Count=803305 Max=4214.78 Min=2.00 Avg=68.41 10=6.46 25=40.32 50=51.01 75=102.27 90=128.64 95=145.53 99=185.98 99.9=764.41 99.99=1520.64] [UPDATE: Count=402395 Max=15015.93 Min=6.44 Avg=14.99 10=9.49 25=10.65 50=12.92 75=15.78 90=19.18 95=21.82 99=29.10 99.9=257.15 99.99=1925.12]
2025-04-19 12:13:08 93 sec: 1238553 operations; [READ: Count=825190 Max=4214.78 Min=2.00 Avg=67.63 10=6.37 25=40.03 50=50.24 75=101.57 90=127.87 95=145.15 99=185.73 99.9=765.44 99.99=1517.57] [UPDATE: Count=413363 Max=15015.93 Min=6.44 Avg=14.90 10=9.43 25=10.61 50=12.84 75=15.69 90=19.10 95=21.74 99=29.05 99.9=255.62 99.99=1923.07]
2025-04-19 12:13:09 94 sec: 1271922 operations; [READ: Count=847450 Max=4214.78 Min=2.00 Avg=66.87 10=6.28 25=39.68 50=49.57 75=100.93 90=127.17 95=144.77 99=185.73 99.9=760.83 99.99=1513.47] [UPDATE: Count=424472 Max=15015.93 Min=6.44 Avg=14.81 10=9.38 25=10.57 50=12.75 75=15.59 90=19.01 95=21.66 99=29.02 99.9=253.57 99.99=1734.65]
2025-04-19 12:13:10 95 sec: 1307198 operations; [READ: Count=871020 Max=4214.78 Min=2.00 Avg=66.03 10=6.18 25=39.33 50=48.96 75=100.22 90=126.40 95=144.38 99=185.47 99.9=755.71 99.99=1509.38] [UPDATE: Count=436178 Max=15015.93 Min=6.40 Avg=14.73 10=9.32 25=10.52 50=12.66 75=15.49 90=18.93 95=21.57 99=28.98 99.9=251.52 99.99=1704.96]
2025-04-19 12:13:11 96 sec: 1343247 operations; [READ: Count=895034 Max=4214.78 Min=2.00 Avg=65.19 10=6.09 25=38.94 50=48.41 75=99.45 90=125.63 95=143.87 99=185.09 99.9=752.64 99.99=1498.11] [UPDATE: Count=448213 Max=15015.93 Min=6.37 Avg=14.67 10=9.27 25=10.49 50=12.59 75=15.41 90=18.85 95=21.50 99=29.02 99.9=249.34 99.99=1695.74]
2025-04-19 12:13:12 97 sec: 1379992 operations; [READ: Count=919474 Max=4214.78 Min=2.00 Avg=64.36 10=6.05 25=38.56 50=47.97 75=98.75 90=124.86 95=143.49 99=184.45 99.9=743.93 99.99=1495.04] [UPDATE: Count=460518 Max=15015.93 Min=6.27 Avg=14.60 10=9.22 25=10.46 50=12.52 75=15.33 90=18.75 95=21.44 99=29.07 99.9=247.17 99.99=1691.65]
2025-04-19 12:13:13 98 sec: 1414873 operations; [READ: Count=942721 Max=4214.78 Min=1.86 Avg=63.66 10=6.03 25=38.21 50=47.65 75=98.11 90=124.22 95=142.97 99=184.19 99.9=738.82 99.99=1496.06] [UPDATE: Count=472152 Max=15015.93 Min=6.27 Avg=14.54 10=9.18 25=10.42 50=12.45 75=15.26 90=18.69 95=21.36 99=29.05 99.9=245.50 99.99=1667.07]
2025-04-19 12:13:14 99 sec: 1448969 operations; [READ: Count=965419 Max=4214.78 Min=1.86 Avg=63.04 10=6.03 25=37.82 50=47.39 75=97.53 90=123.65 95=142.59 99=183.81 99.9=731.65 99.99=1491.97] [UPDATE: Count=483550 Max=15015.93 Min=6.20 Avg=14.48 10=9.14 25=10.40 50=12.39 75=15.18 90=18.61 95=21.28 99=29.02 99.9=243.20 99.99=1601.54]
2025-04-19 12:13:15 100 sec: 1482646 operations; [READ: Count=987847 Max=4214.78 Min=1.86 Avg=62.46 10=6.03 25=37.44 50=47.17 75=96.96 90=123.07 95=142.21 99=183.55 99.9=720.38 99.99=1490.94] [UPDATE: Count=494799 Max=15015.93 Min=6.20 Avg=14.43 10=9.10 25=10.38 50=12.34 75=15.12 90=18.54 95=21.21 99=28.99 99.9=242.18 99.99=1561.60]
2025-04-19 12:13:16 101 sec: 1500842 operations; [READ: Count=1000000 Max=4214.78 Min=1.86 Avg=62.15 10=6.02 25=37.22 50=47.04 75=96.64 90=122.75 95=141.95 99=183.29 99.9=717.31 99.99=1488.89] [UPDATE: Count=500842 Max=15015.93 Min=6.15 Avg=14.40 10=9.08 25=10.37 50=12.30 75=15.08 90=18.51 95=21.18 99=28.99 99.9=242.43 99.99=1508.35]
2025-04-19 12:13:17 102 sec: 1500842 operations; [READ: Count=1000000 Max=4214.78 Min=1.86 Avg=62.15 10=6.02 25=37.22 50=47.04 75=96.64 90=122.75 95=141.95 99=183.29 99.9=717.31 99.99=1488.89] [UPDATE: Count=500842 Max=15015.93 Min=6.15 Avg=14.40 10=9.08 25=10.37 50=12.30 75=15.08 90=18.51 95=21.18 99=28.99 99.9=242.43 99.99=1508.35]
2025-04-19 12:13:18 103 sec: 1500842 operations; [READ: Count=1000000 Max=4214.78 Min=1.86 Avg=62.15 10=6.02 25=37.22 50=47.04 75=96.64 90=122.75 95=141.95 99=183.29 99.9=717.31 99.99=1488.89] [UPDATE: Count=500842 Max=15015.93 Min=6.15 Avg=14.40 10=9.08 25=10.37 50=12.30 75=15.08 90=18.51 95=21.18 99=28.99 99.9=242.43 99.99=1508.35]
2025-04-19 12:13:19 104 sec: 1500842 operations; [READ: Count=1000000 Max=4214.78 Min=1.86 Avg=62.15 10=6.02 25=37.22 50=47.04 75=96.64 90=122.75 95=141.95 99=183.29 99.9=717.31 99.99=1488.89] [UPDATE: Count=500842 Max=15015.93 Min=6.15 Avg=14.40 10=9.08 25=10.37 50=12.30 75=15.08 90=18.51 95=21.18 99=28.99 99.9=242.43 99.99=1508.35]
2025-04-19 12:13:20 105 sec: 1500842 operations; [READ: Count=1000000 Max=4214.78 Min=1.86 Avg=62.15 10=6.02 25=37.22 50=47.04 75=96.64 90=122.75 95=141.95 99=183.29 99.9=717.31 99.99=1488.89] [UPDATE: Count=500842 Max=15015.93 Min=6.15 Avg=14.40 10=9.08 25=10.37 50=12.30 75=15.08 90=18.51 95=21.18 99=28.99 99.9=242.43 99.99=1508.35]
2025-04-19 12:13:21 106 sec: 1500842 operations; [READ: Count=1000000 Max=4214.78 Min=1.86 Avg=62.15 10=6.02 25=37.22 50=47.04 75=96.64 90=122.75 95=141.95 99=183.29 99.9=717.31 99.99=1488.89] [UPDATE: Count=500842 Max=15015.93 Min=6.15 Avg=14.40 10=9.08 25=10.37 50=12.30 75=15.08 90=18.51 95=21.18 99=28.99 99.9=242.43 99.99=1508.35]
2025-04-19 12:13:21 106 sec: 1500842 operations; [READ: Count=1000000 Max=4214.78 Min=1.86 Avg=62.15 10=6.02 25=37.22 50=47.04 75=96.64 90=122.75 95=141.95 99=183.29 99.9=717.31 99.99=1488.89] [UPDATE: Count=500842 Max=15015.93 Min=6.15 Avg=14.40 10=9.08 25=10.37 50=12.30 75=15.08 90=18.51 95=21.18 99=28.99 99.9=242.43 99.99=1508.35]
Run runtime(sec): 106.07
Run operations(ops): 1000000
Run throughput(ops/sec): 9427.74
