Running scope as unit: run-r1e2fde2a6b66402a8c94d05ebfaaf253.scope
load file:/home/user/DataFiles/silesia_data/silesia.tar
2025-04-22 06:44:20 0 sec: 0 operations;
2025-04-22 06:44:21 1 sec: 23820 operations; [INSERT: Count=23820 Max=2596.86 Min=4.85 Avg=37.25 10=13.17 25=19.95 50=31.45 75=48.26 90=68.61 95=82.30 99=110.59 99.9=174.34 99.99=621.57]
2025-04-22 06:44:22 2 sec: 42736 operations; [INSERT: Count=42736 Max=2596.86 Min=4.85 Avg=42.71 10=15.85 25=24.25 50=37.09 75=55.52 90=76.99 95=90.43 99=118.33 99.9=165.63 99.99=556.03]
2025-04-22 06:44:23 3 sec: 61032 operations; [INSERT: Count=61032 Max=2596.86 Min=4.85 Avg=45.31 10=17.66 25=26.48 50=39.84 75=58.69 90=80.06 95=93.50 99=120.77 99.9=165.50 99.99=623.62]
2025-04-22 06:44:24 4 sec: 78974 operations; [INSERT: Count=78974 Max=2596.86 Min=4.85 Avg=46.93 10=18.89 25=27.95 50=41.50 75=60.73 90=82.17 95=95.55 99=122.17 99.9=164.35 99.99=621.57]
2025-04-22 06:44:25 5 sec: 96801 operations; [INSERT: Count=96801 Max=2596.86 Min=4.85 Avg=48.00 10=19.79 25=28.83 50=42.56 75=61.98 90=83.52 95=96.89 99=123.39 99.9=164.61 99.99=669.70]
2025-04-22 06:44:26 6 sec: 115277 operations; [INSERT: Count=115277 Max=30244.86 Min=4.85 Avg=48.43 10=20.06 25=28.94 50=42.46 75=61.76 90=83.01 95=96.32 99=122.75 99.9=166.78 99.99=669.70]
2025-04-22 06:44:27 7 sec: 133829 operations; [INSERT: Count=133829 Max=30244.86 Min=4.85 Avg=48.73 10=20.53 25=29.34 50=42.88 75=62.14 90=83.33 95=96.64 99=122.88 99.9=164.74 99.99=666.11]
2025-04-22 06:44:28 8 sec: 152129 operations; [INSERT: Count=152129 Max=30244.86 Min=4.85 Avg=49.04 10=20.91 25=29.74 50=43.30 75=62.49 90=83.65 95=96.96 99=123.01 99.9=164.35 99.99=659.97]
2025-04-22 06:44:29 9 sec: 170491 operations; [INSERT: Count=170491 Max=30244.86 Min=4.85 Avg=49.26 10=21.20 25=30.02 50=43.55 75=62.78 90=83.84 95=97.09 99=122.88 99.9=163.97 99.99=669.70]
2025-04-22 06:44:30 10 sec: 188566 operations; [INSERT: Count=188566 Max=30244.86 Min=4.85 Avg=49.52 10=21.49 25=30.29 50=43.84 75=63.10 90=84.16 95=97.34 99=123.26 99.9=163.20 99.99=681.98]
2025-04-22 06:44:31 11 sec: 206811 operations; [INSERT: Count=206811 Max=30244.86 Min=4.85 Avg=49.68 10=21.68 25=30.46 50=44.03 75=63.23 90=84.22 95=97.47 99=123.39 99.9=164.61 99.99=684.03]
2025-04-22 06:44:32 12 sec: 225674 operations; [INSERT: Count=225674 Max=30244.86 Min=4.85 Avg=49.68 10=21.81 25=30.56 50=44.09 75=63.20 90=84.09 95=97.28 99=123.20 99.9=164.48 99.99=684.03]
2025-04-22 06:44:33 13 sec: 244131 operations; [INSERT: Count=244131 Max=30244.86 Min=4.85 Avg=49.77 10=21.95 25=30.69 50=44.19 75=63.30 90=84.16 95=97.34 99=123.33 99.9=164.61 99.99=684.03]
2025-04-22 06:44:34 14 sec: 262134 operations; [INSERT: Count=262134 Max=30244.86 Min=4.85 Avg=49.94 10=22.09 25=30.85 50=44.38 75=63.49 90=84.35 95=97.53 99=123.45 99.9=164.48 99.99=681.98]
2025-04-22 06:44:35 15 sec: 280019 operations; [INSERT: Count=280019 Max=30244.86 Min=4.85 Avg=50.10 10=22.25 25=31.01 50=44.54 75=63.68 90=84.54 95=97.73 99=123.58 99.9=164.74 99.99=682.50]
2025-04-22 06:44:36 16 sec: 297451 operations; [INSERT: Count=297451 Max=30244.86 Min=4.85 Avg=50.33 10=22.41 25=31.18 50=44.80 75=63.97 90=84.86 95=98.11 99=124.16 99.9=164.86 99.99=685.57]
2025-04-22 06:44:37 17 sec: 314544 operations; [INSERT: Count=314544 Max=30244.86 Min=4.85 Avg=50.59 10=22.57 25=31.38 50=45.05 75=64.29 90=85.25 95=98.50 99=124.61 99.9=166.27 99.99=699.90]
2025-04-22 06:44:38 18 sec: 331186 operations; [INSERT: Count=331186 Max=30244.86 Min=4.85 Avg=50.90 10=22.75 25=31.61 50=45.34 75=64.67 90=85.82 95=99.14 99=125.31 99.9=165.89 99.99=699.90]
2025-04-22 06:44:39 19 sec: 348051 operations; [INSERT: Count=348051 Max=30244.86 Min=4.85 Avg=51.15 10=22.94 25=31.82 50=45.60 75=64.99 90=86.21 95=99.52 99=125.69 99.9=166.40 99.99=698.88]
2025-04-22 06:44:40 20 sec: 365542 operations; [INSERT: Count=365542 Max=30244.86 Min=4.85 Avg=51.27 10=23.07 25=31.97 50=45.76 75=65.15 90=86.40 95=99.65 99=125.89 99.9=165.25 99.99=698.37]
2025-04-22 06:44:41 21 sec: 383446 operations; [INSERT: Count=383446 Max=30244.86 Min=4.85 Avg=51.33 10=23.17 25=32.06 50=45.82 75=65.22 90=86.46 95=99.71 99=125.82 99.9=164.61 99.99=697.86]
2025-04-22 06:44:42 22 sec: 401315 operations; [INSERT: Count=401315 Max=30244.86 Min=4.85 Avg=51.39 10=23.25 25=32.14 50=45.92 75=65.28 90=86.46 95=99.71 99=125.89 99.9=163.97 99.99=695.81]
2025-04-22 06:44:43 23 sec: 418234 operations; [INSERT: Count=418234 Max=30244.86 Min=4.85 Avg=51.56 10=23.38 25=32.32 50=46.08 75=65.50 90=86.72 95=99.97 99=126.21 99.9=164.35 99.99=690.17]
2025-04-22 06:44:44 24 sec: 434541 operations; [INSERT: Count=434541 Max=30244.86 Min=4.85 Avg=51.80 10=23.38 25=32.37 50=46.21 75=65.73 90=87.10 95=100.73 99=128.19 99.9=180.61 99.99=711.68]
2025-04-22 06:44:45 25 sec: 449957 operations; [INSERT: Count=449957 Max=30244.86 Min=4.85 Avg=52.14 10=23.31 25=32.37 50=46.30 75=65.98 90=87.81 95=101.82 99=132.09 99.9=203.78 99.99=755.71]
2025-04-22 06:44:46 26 sec: 466982 operations; [INSERT: Count=466982 Max=30244.86 Min=4.85 Avg=52.26 10=23.26 25=32.34 50=46.34 75=66.05 90=88.06 95=102.27 99=133.38 99.9=213.12 99.99=778.24]
2025-04-22 06:44:47 27 sec: 484117 operations; [INSERT: Count=484117 Max=30244.86 Min=4.85 Avg=52.36 10=23.28 25=32.38 50=46.40 75=66.17 90=88.19 95=102.46 99=133.76 99.9=216.19 99.99=819.71]
2025-04-22 06:44:48 28 sec: 501154 operations; [INSERT: Count=501154 Max=30244.86 Min=4.85 Avg=52.46 10=23.28 25=32.38 50=46.40 75=66.24 90=88.32 95=102.66 99=134.27 99.9=217.85 99.99=835.07]
2025-04-22 06:44:49 29 sec: 518690 operations; [INSERT: Count=518690 Max=30244.86 Min=4.85 Avg=52.50 10=23.30 25=32.41 50=46.46 75=66.30 90=88.45 95=102.78 99=134.78 99.9=218.11 99.99=831.49]
2025-04-22 06:44:50 30 sec: 528518 operations; [INSERT: Count=528518 Max=207618.05 Min=4.85 Avg=53.31 10=23.36 25=32.54 50=46.69 75=66.81 90=89.22 95=103.94 99=137.60 99.9=223.74 99.99=921.60]
2025-04-22 06:44:51 31 sec: 541389 operations; [INSERT: Count=541389 Max=207618.05 Min=4.85 Avg=53.74 10=23.45 25=32.70 50=46.98 75=67.33 90=90.05 95=105.22 99=140.54 99.9=227.71 99.99=930.30]
2025-04-22 06:44:52 32 sec: 557539 operations; [INSERT: Count=557539 Max=207618.05 Min=4.85 Avg=53.87 10=23.45 25=32.72 50=47.04 75=67.45 90=90.30 95=105.60 99=142.08 99.9=234.11 99.99=948.74]
2025-04-22 06:44:53 33 sec: 573298 operations; [INSERT: Count=573298 Max=207618.05 Min=4.85 Avg=54.03 10=23.49 25=32.77 50=47.10 75=67.58 90=90.50 95=105.92 99=143.49 99.9=238.46 99.99=987.13]
2025-04-22 06:44:54 34 sec: 589340 operations; [INSERT: Count=589340 Max=207618.05 Min=4.85 Avg=54.14 10=23.50 25=32.80 50=47.17 75=67.71 90=90.75 95=106.37 99=144.38 99.9=242.81 99.99=1016.83]
2025-04-22 06:44:55 35 sec: 606355 operations; [INSERT: Count=606355 Max=207618.05 Min=4.85 Avg=54.16 10=23.47 25=32.77 50=47.17 75=67.71 90=90.81 95=106.56 99=144.77 99.9=246.14 99.99=1012.74]
2025-04-22 06:44:56 36 sec: 625024 operations; [INSERT: Count=625024 Max=207618.05 Min=4.85 Avg=54.03 10=23.41 25=32.69 50=47.04 75=67.58 90=90.69 95=106.37 99=144.51 99.9=244.61 99.99=1003.52]
2025-04-22 06:44:57 37 sec: 644674 operations; [INSERT: Count=644674 Max=207618.05 Min=4.85 Avg=53.83 10=23.30 25=32.56 50=46.88 75=67.33 90=90.37 95=106.05 99=143.87 99.9=244.09 99.99=1036.80]
2025-04-22 06:44:58 38 sec: 663800 operations; [INSERT: Count=663800 Max=207618.05 Min=4.85 Avg=53.69 10=23.26 25=32.49 50=46.78 75=67.20 90=90.17 95=105.73 99=143.36 99.9=242.30 99.99=1030.14]
2025-04-22 06:44:59 39 sec: 682557 operations; [INSERT: Count=682557 Max=207618.05 Min=4.85 Avg=53.58 10=23.25 25=32.48 50=46.72 75=67.14 90=89.98 95=105.47 99=142.85 99.9=240.38 99.99=1016.83]
2025-04-22 06:45:00 40 sec: 700960 operations; [INSERT: Count=700960 Max=207618.05 Min=4.85 Avg=53.52 10=23.25 25=32.46 50=46.69 75=67.07 90=89.92 95=105.28 99=142.34 99.9=238.85 99.99=1016.83]
2025-04-22 06:45:01 41 sec: 719303 operations; [INSERT: Count=719303 Max=207618.05 Min=4.85 Avg=53.46 10=23.25 25=32.46 50=46.66 75=67.01 90=89.79 95=105.15 99=141.82 99.9=236.29 99.99=1003.52]
2025-04-22 06:45:02 42 sec: 737812 operations; [INSERT: Count=737812 Max=207618.05 Min=4.85 Avg=53.38 10=23.25 25=32.43 50=46.62 75=66.94 90=89.73 95=105.02 99=141.31 99.9=235.01 99.99=994.82]
2025-04-22 06:45:03 43 sec: 756425 operations; [INSERT: Count=756425 Max=207618.05 Min=4.85 Avg=53.31 10=23.23 25=32.38 50=46.59 75=66.81 90=89.60 95=104.83 99=141.06 99.9=235.13 99.99=994.82]
2025-04-22 06:45:04 44 sec: 775556 operations; [INSERT: Count=775556 Max=207618.05 Min=4.85 Avg=53.20 10=23.18 25=32.32 50=46.49 75=66.75 90=89.41 95=104.64 99=140.67 99.9=234.24 99.99=994.82]
2025-04-22 06:45:05 45 sec: 794632 operations; [INSERT: Count=794632 Max=207618.05 Min=4.85 Avg=53.10 10=23.15 25=32.27 50=46.40 75=66.62 90=89.28 95=104.45 99=140.29 99.9=233.73 99.99=994.82]
2025-04-22 06:45:06 46 sec: 810123 operations; [INSERT: Count=810123 Max=207618.05 Min=4.85 Avg=53.23 10=23.18 25=32.32 50=46.49 75=66.75 90=89.53 95=104.83 99=141.31 99.9=234.24 99.99=1003.52]
2025-04-22 06:45:07 47 sec: 825582 operations; [INSERT: Count=825582 Max=207618.05 Min=4.85 Avg=53.33 10=23.21 25=32.37 50=46.59 75=66.94 90=89.73 95=105.09 99=141.57 99.9=234.62 99.99=1003.52]
2025-04-22 06:45:08 48 sec: 848648 operations; [INSERT: Count=848648 Max=207618.05 Min=4.85 Avg=52.91 10=22.91 25=32.00 50=46.17 75=66.43 90=89.28 95=104.64 99=140.93 99.9=234.62 99.99=1003.52]
2025-04-22 06:45:09 49 sec: 893488 operations; [INSERT: Count=893488 Max=207618.05 Min=4.85 Avg=51.18 10=20.40 25=30.06 50=44.64 75=64.99 90=88.06 95=103.55 99=139.65 99.9=231.17 99.99=994.82]
2025-04-22 06:45:10 50 sec: 942622 operations; [INSERT: Count=942622 Max=207618.05 Min=4.85 Avg=49.40 10=17.86 25=27.93 50=42.94 75=63.49 90=86.85 95=102.40 99=138.50 99.9=228.22 99.99=987.13]
2025-04-22 06:45:11 51 sec: 974022 operations; [INSERT: Count=974022 Max=207618.05 Min=4.85 Avg=48.70 10=17.30 25=27.15 50=42.11 75=62.69 90=86.14 95=101.76 99=137.98 99.9=228.74 99.99=989.70]
2025-04-22 06:45:12 52 sec: 1000000 operations; [INSERT: Count=1000000 Max=207618.05 Min=4.68 Avg=47.87 10=16.16 25=26.08 50=41.28 75=61.95 90=85.57 95=101.25 99=137.47 99.9=227.84 99.99=987.13]
2025-04-22 06:45:12 52 sec: 1000000 operations; [INSERT: Count=1000000 Max=207618.05 Min=4.68 Avg=47.87 10=16.16 25=26.08 50=41.28 75=61.95 90=85.57 95=101.25 99=137.47 99.9=227.84 99.99=987.13]
Load runtime(sec): 52.221
Load operations(ops): 1000000
Load throughput(ops/sec): 19149.4
