Running scope as unit: run-rfdfc3ed59a8646aa8bd0b6759cc9c4b3.scope
load file:/home/user/DataFiles/silesia_data/silesia.tar
2025-04-21 21:15:29 0 sec: 0 operations;
2025-04-21 21:15:30 1 sec: 0 operations;
2025-04-21 21:15:31 2 sec: 0 operations;
2025-04-21 21:15:32 3 sec: 0 operations;
2025-04-21 21:15:33 4 sec: 0 operations;
2025-04-21 21:15:34 5 sec: 0 operations;
2025-04-21 21:15:35 6 sec: 0 operations;
2025-04-21 21:15:36 7 sec: 0 operations;
2025-04-21 21:15:37 8 sec: 0 operations;
2025-04-21 21:15:38 9 sec: 0 operations;
2025-04-21 21:15:39 10 sec: 3388 operations; [READ: Count=1680 Max=5533.69 Min=7.66 Avg=169.46 10=19.66 25=25.31 50=37.60 75=136.19 90=605.18 95=811.52 99=1179.65 99.9=1742.85 99.99=5533.69] [UPDATE: Count=1708 Max=11665.41 Min=19.47 Avg=253.00 10=38.27 25=49.09 50=71.49 75=181.25 90=689.66 95=920.58 99=1830.91 99.9=9740.29 99.99=11665.41]
2025-04-21 21:15:40 11 sec: 5384 operations; [READ: Count=2655 Max=10797.06 Min=4.74 Avg=240.04 10=19.41 25=24.80 50=36.41 75=137.98 90=758.78 95=1038.34 99=2697.22 99.9=5533.69 99.99=10797.06] [UPDATE: Count=2729 Max=24002.56 Min=9.58 Avg=394.70 10=35.71 25=45.98 50=66.94 75=194.69 90=884.74 95=1343.49 99=4980.73 99.9=19709.95 99.99=24002.56]
2025-04-21 21:15:41 12 sec: 8702 operations; [READ: Count=4295 Max=10797.06 Min=3.65 Avg=235.26 10=18.78 25=24.11 50=35.45 75=132.09 90=793.60 95=1185.79 99=2426.88 99.9=4595.71 99.99=10797.06] [UPDATE: Count=4407 Max=27115.52 Min=9.58 Avg=384.49 10=33.57 25=43.58 50=63.81 75=189.82 90=937.98 95=1406.97 99=4902.91 99.9=19709.95 99.99=27115.52]
2025-04-21 21:15:42 13 sec: 12457 operations; [READ: Count=6166 Max=10797.06 Min=3.19 Avg=231.19 10=18.83 25=24.67 50=35.39 75=129.02 90=778.24 95=1118.21 99=2439.17 99.9=4341.76 99.99=10051.58] [UPDATE: Count=6291 Max=27115.52 Min=8.38 Avg=362.56 10=31.70 25=40.61 50=58.78 75=165.63 90=880.64 95=1301.50 99=4378.62 99.9=18563.07 99.99=24002.56]
2025-04-21 21:15:43 14 sec: 20697 operations; [READ: Count=10299 Max=10797.06 Min=3.19 Avg=182.17 10=19.34 25=25.89 50=37.05 75=119.36 90=605.70 95=931.84 99=2021.38 99.9=3428.35 99.99=10051.58] [UPDATE: Count=10398 Max=27115.52 Min=8.38 Avg=271.21 10=30.94 25=39.39 50=55.39 75=136.57 90=686.59 95=1032.70 99=2719.74 99.9=16687.10 99.99=24002.56]
2025-04-21 21:15:44 15 sec: 29676 operations; [READ: Count=14834 Max=10797.06 Min=3.19 Avg=155.98 10=20.38 25=27.77 50=40.38 75=121.22 90=417.79 95=780.80 99=1660.93 99.9=3209.22 99.99=10051.58] [UPDATE: Count=14842 Max=27115.52 Min=8.38 Avg=227.08 10=31.92 25=41.25 50=58.66 75=138.88 90=498.43 95=906.75 99=2269.18 99.9=15269.89 99.99=24002.56]
2025-04-21 21:15:45 16 sec: 38605 operations; [READ: Count=19256 Max=10797.06 Min=3.19 Avg=142.32 10=19.65 25=26.64 50=39.42 75=120.06 90=365.06 95=698.88 99=1495.04 99.9=3082.24 99.99=5799.94] [UPDATE: Count=19349 Max=27115.52 Min=8.38 Avg=203.14 10=31.12 25=40.32 50=57.79 75=137.47 90=414.98 95=808.45 99=1971.20 99.9=13082.62 99.99=20561.92]
2025-04-21 21:15:46 17 sec: 46826 operations; [READ: Count=23438 Max=10797.06 Min=3.19 Avg=135.26 10=18.88 25=25.74 50=38.21 75=118.46 90=345.34 95=650.75 99=1414.14 99.9=2918.40 99.99=5799.94] [UPDATE: Count=23388 Max=27115.52 Min=8.38 Avg=191.94 10=30.09 25=39.33 50=56.51 75=136.19 90=394.24 95=768.51 99=1872.89 99.9=11919.36 99.99=20561.92]
2025-04-21 21:15:47 18 sec: 55470 operations; [READ: Count=27764 Max=10797.06 Min=3.19 Avg=129.51 10=18.24 25=24.89 50=37.12 75=114.43 90=318.46 95=625.15 99=1361.92 99.9=2852.86 99.99=5533.69] [UPDATE: Count=27706 Max=27115.52 Min=8.38 Avg=182.31 10=29.30 25=38.56 50=55.55 75=132.74 90=371.45 95=731.65 99=1710.08 99.9=11608.06 99.99=19955.71]
2025-04-21 21:15:48 19 sec: 66296 operations; [READ: Count=33218 Max=10797.06 Min=2.97 Avg=121.27 10=17.81 25=24.30 50=36.06 75=108.22 90=281.09 95=589.31 99=1249.28 99.9=2813.95 99.99=5533.69] [UPDATE: Count=33078 Max=27115.52 Min=8.38 Avg=169.38 10=28.54 25=37.73 50=54.46 75=127.87 90=338.43 95=678.91 99=1544.19 99.9=10133.50 99.99=19955.71]
2025-04-21 21:15:49 20 sec: 77635 operations; [READ: Count=38862 Max=10797.06 Min=2.97 Avg=114.87 10=17.18 25=23.39 50=34.66 75=96.70 90=257.02 95=560.64 99=1188.86 99.9=2723.84 99.99=5226.49] [UPDATE: Count=38773 Max=27115.52 Min=8.38 Avg=158.64 10=27.47 25=36.51 50=52.77 75=121.09 90=310.27 95=640.00 99=1433.60 99.9=8380.42 99.99=19922.94]
2025-04-21 21:15:50 21 sec: 89140 operations; [READ: Count=44693 Max=10797.06 Min=2.87 Avg=109.38 10=16.89 25=22.80 50=33.73 75=70.85 90=234.24 95=537.09 99=1147.90 99.9=2635.78 99.99=5226.49] [UPDATE: Count=44447 Max=27115.52 Min=8.38 Avg=150.99 10=27.02 25=35.90 50=51.62 75=113.15 90=278.53 95=608.25 99=1375.23 99.9=7942.14 99.99=19922.94]
2025-04-21 21:15:51 22 sec: 101589 operations; [READ: Count=50928 Max=10797.06 Min=2.73 Avg=104.09 10=16.75 25=22.53 50=33.05 75=62.43 90=205.82 95=509.18 99=1103.87 99.9=2613.25 99.99=5218.30] [UPDATE: Count=50661 Max=27115.52 Min=7.39 Avg=143.73 10=26.61 25=35.30 50=50.53 75=100.22 90=253.57 95=575.49 99=1316.86 99.9=7151.61 99.99=19709.95]
2025-04-21 21:15:52 23 sec: 113246 operations; [READ: Count=56731 Max=10797.06 Min=2.48 Avg=100.30 10=16.56 25=22.24 50=32.48 75=58.40 90=186.50 95=485.38 99=1083.39 99.9=2535.42 99.99=5136.38] [UPDATE: Count=56515 Max=27115.52 Min=7.39 Avg=139.38 10=26.09 25=34.66 50=49.47 75=90.88 90=236.67 95=553.47 99=1301.50 99.9=6778.88 99.99=18563.07]
2025-04-21 21:15:53 24 sec: 123561 operations; [READ: Count=61984 Max=10797.06 Min=2.48 Avg=98.86 10=16.53 25=22.19 50=32.51 75=58.66 90=186.88 95=466.69 99=1052.67 99.9=2473.98 99.99=5136.38] [UPDATE: Count=61577 Max=27115.52 Min=7.39 Avg=136.81 10=25.97 25=34.49 50=49.28 75=90.94 90=236.41 95=531.97 99=1268.73 99.9=6348.80 99.99=18563.07]
2025-04-21 21:15:54 25 sec: 132775 operations; [READ: Count=66618 Max=10797.06 Min=2.48 Avg=98.45 10=16.40 25=22.09 50=32.49 75=60.32 90=192.90 95=459.26 99=1037.31 99.9=2449.41 99.99=4595.71] [UPDATE: Count=66157 Max=27115.52 Min=7.39 Avg=135.75 10=25.71 25=34.24 50=49.09 75=94.02 90=239.10 95=523.52 99=1261.57 99.9=6295.55 99.99=17858.56]
2025-04-21 21:15:55 26 sec: 141603 operations; [READ: Count=71008 Max=10797.06 Min=2.48 Avg=98.51 10=16.38 25=22.13 50=32.62 75=62.75 90=202.37 95=452.10 99=1024.00 99.9=2439.17 99.99=4595.71] [UPDATE: Count=70595 Max=27115.52 Min=7.39 Avg=135.05 10=25.68 25=34.17 50=49.12 75=98.81 90=244.74 95=514.05 99=1239.04 99.9=6086.65 99.99=17858.56]
2025-04-21 21:15:56 27 sec: 150132 operations; [READ: Count=75229 Max=10797.06 Min=2.48 Avg=98.98 10=16.40 25=22.24 50=32.90 75=66.05 90=210.30 95=449.54 99=1013.76 99.9=2412.54 99.99=4341.76] [UPDATE: Count=74903 Max=27115.52 Min=7.39 Avg=134.46 10=25.71 25=34.27 50=49.25 75=103.42 90=248.96 95=510.46 99=1219.58 99.9=6004.73 99.99=17858.56]
2025-04-21 21:15:57 28 sec: 156816 operations; [READ: Count=78567 Max=10797.06 Min=2.48 Avg=100.17 10=16.41 25=22.34 50=33.12 75=70.78 90=218.37 95=453.38 99=1021.44 99.9=2390.01 99.99=4341.76] [UPDATE: Count=78249 Max=27115.52 Min=7.39 Avg=135.95 10=25.74 25=34.34 50=49.41 75=107.33 90=256.25 95=517.12 99=1236.99 99.9=6021.12 99.99=17858.56]
2025-04-21 21:15:58 29 sec: 165368 operations; [READ: Count=82801 Max=10797.06 Min=2.48 Avg=100.46 10=16.43 25=22.46 50=33.50 75=86.66 90=220.93 95=448.25 99=1009.15 99.9=2367.49 99.99=4595.71] [UPDATE: Count=82567 Max=27115.52 Min=7.39 Avg=135.41 10=25.76 25=34.46 50=49.76 75=111.81 90=259.07 95=508.67 99=1214.46 99.9=5836.80 99.99=17858.56]
2025-04-21 21:15:59 30 sec: 173224 operations; [READ: Count=86729 Max=10797.06 Min=2.48 Avg=101.06 10=16.40 25=22.51 50=33.76 75=94.78 90=226.18 95=446.46 99=1005.05 99.9=2312.19 99.99=4530.18] [UPDATE: Count=86495 Max=27115.52 Min=7.39 Avg=135.54 10=25.71 25=34.49 50=50.02 75=114.56 90=264.19 95=507.39 99=1208.32 99.9=5742.59 99.99=17383.42]
2025-04-21 21:16:00 31 sec: 181406 operations; [READ: Count=90792 Max=10797.06 Min=2.48 Avg=101.36 10=16.36 25=22.54 50=33.95 75=97.86 90=230.53 95=443.65 99=996.86 99.9=2291.71 99.99=4530.18] [UPDATE: Count=90614 Max=27115.52 Min=7.39 Avg=135.47 10=25.58 25=34.40 50=50.17 75=116.48 90=269.31 95=504.83 99=1198.08 99.9=5484.54 99.99=17383.42]
2025-04-21 21:16:01 32 sec: 189034 operations; [READ: Count=94615 Max=10797.06 Min=2.48 Avg=102.04 10=16.34 25=22.56 50=34.08 75=100.03 90=236.54 95=444.67 99=994.82 99.9=2287.61 99.99=4530.18] [UPDATE: Count=94419 Max=27115.52 Min=7.39 Avg=135.70 10=25.47 25=34.30 50=50.21 75=117.63 90=273.41 95=502.27 99=1197.06 99.9=5427.20 99.99=17383.42]
2025-04-21 21:16:02 33 sec: 197730 operations; [READ: Count=98961 Max=10797.06 Min=2.48 Avg=102.03 10=16.25 25=22.50 50=34.08 75=100.67 90=236.80 95=443.39 99=994.82 99.9=2250.75 99.99=4341.76] [UPDATE: Count=98769 Max=27115.52 Min=7.39 Avg=135.26 10=25.28 25=34.11 50=50.05 75=117.76 90=273.66 95=500.22 99=1193.98 99.9=5193.73 99.99=17104.90]
2025-04-21 21:16:03 34 sec: 208788 operations; [READ: Count=104479 Max=10797.06 Min=2.48 Avg=100.95 10=16.12 25=22.38 50=33.95 75=100.54 90=232.06 95=434.43 99=980.48 99.9=2185.22 99.99=4341.76] [UPDATE: Count=104309 Max=27115.52 Min=7.39 Avg=133.22 10=25.09 25=33.85 50=49.70 75=117.25 90=269.57 95=488.45 99=1170.43 99.9=5046.27 99.99=17104.90]
2025-04-21 21:16:04 35 sec: 219116 operations; [READ: Count=109639 Max=10797.06 Min=2.48 Avg=100.03 10=16.02 25=22.24 50=33.79 75=100.22 90=230.14 95=428.29 99=966.65 99.9=2162.69 99.99=4206.59] [UPDATE: Count=109477 Max=27115.52 Min=7.39 Avg=132.11 10=24.91 25=33.63 50=49.38 75=117.06 90=269.31 95=484.35 99=1161.21 99.9=4947.97 99.99=16687.10]
2025-04-21 21:16:05 36 sec: 230831 operations; [READ: Count=115457 Max=10797.06 Min=2.48 Avg=98.92 10=15.75 25=21.92 50=33.38 75=99.20 90=227.97 95=422.65 99=957.44 99.9=2148.35 99.99=4206.59] [UPDATE: Count=115374 Max=27115.52 Min=7.39 Avg=129.99 10=24.48 25=33.09 50=48.61 75=115.65 90=265.47 95=474.37 99=1142.78 99.9=4820.99 99.99=16424.96]
2025-04-21 21:16:06 37 sec: 241876 operations; [READ: Count=120990 Max=10797.06 Min=2.48 Avg=97.91 10=15.54 25=21.60 50=33.05 75=98.50 90=226.30 95=416.51 99=945.15 99.9=2127.87 99.99=4206.59] [UPDATE: Count=120886 Max=27115.52 Min=7.39 Avg=128.72 10=24.13 25=32.59 50=48.06 75=114.88 90=264.96 95=468.99 99=1129.47 99.9=4608.00 99.99=16424.96]
2025-04-21 21:16:07 38 sec: 253831 operations; [READ: Count=126838 Max=10797.06 Min=2.48 Avg=96.89 10=15.29 25=21.21 50=33.09 75=97.34 90=221.44 95=408.06 99=925.18 99.9=2077.70 99.99=3729.41] [UPDATE: Count=126993 Max=27115.52 Min=7.39 Avg=126.82 10=23.54 25=32.03 50=48.16 75=113.15 90=260.22 95=455.17 99=1107.97 99.9=4513.79 99.99=15941.63]
2025-04-21 21:16:08 39 sec: 269675 operations; [READ: Count=134739 Max=10797.06 Min=2.48 Avg=94.59 10=14.87 25=20.67 50=33.12 75=94.02 90=206.72 95=395.52 99=905.73 99.9=2038.78 99.99=3729.41] [UPDATE: Count=134936 Max=27115.52 Min=7.39 Avg=123.28 10=22.78 25=31.21 50=48.16 75=108.99 90=244.74 95=438.01 99=1084.41 99.9=4296.70 99.99=15941.63]
2025-04-21 21:16:09 40 sec: 286950 operations; [READ: Count=143352 Max=10797.06 Min=2.48 Avg=92.06 10=14.52 25=20.08 50=33.05 75=91.20 90=193.41 95=381.69 99=886.27 99.9=1974.27 99.99=3680.26] [UPDATE: Count=143598 Max=27115.52 Min=7.39 Avg=119.54 10=22.14 25=30.35 50=48.13 75=104.70 90=229.25 95=421.12 99=1059.84 99.9=4124.67 99.99=15908.86]
2025-04-21 21:16:10 41 sec: 304927 operations; [READ: Count=152256 Max=10797.06 Min=2.48 Avg=89.64 10=14.19 25=19.54 50=33.02 75=89.09 90=180.22 95=369.15 99=869.38 99.9=1939.45 99.99=3667.97] [UPDATE: Count=152671 Max=27115.52 Min=7.39 Avg=115.92 10=21.61 25=29.42 50=48.00 75=101.31 90=214.91 95=403.45 99=1030.14 99.9=3856.38 99.99=15777.79]
2025-04-21 21:16:11 42 sec: 321787 operations; [READ: Count=160592 Max=10797.06 Min=2.48 Avg=87.78 10=13.94 25=19.09 50=32.96 75=87.87 90=170.37 95=358.65 99=853.50 99.9=1898.49 99.99=3502.08] [UPDATE: Count=161195 Max=27115.52 Min=7.39 Avg=113.12 10=21.26 25=28.72 50=47.97 75=99.20 90=204.54 95=390.91 99=1012.22 99.9=3710.97 99.99=15269.89]
2025-04-21 21:16:12 43 sec: 336882 operations; [READ: Count=168120 Max=10797.06 Min=2.48 Avg=86.57 10=13.71 25=18.77 50=32.93 75=87.23 90=164.09 95=352.51 99=836.61 99.9=1874.94 99.99=3428.35] [UPDATE: Count=168762 Max=27115.52 Min=7.39 Avg=111.17 10=20.99 25=28.21 50=47.97 75=98.17 90=198.53 95=384.25 99=990.21 99.9=3545.09 99.99=14680.06]
2025-04-21 21:16:13 44 sec: 353611 operations; [READ: Count=176467 Max=10797.06 Min=2.48 Avg=85.05 10=13.46 25=18.43 50=32.90 75=86.59 90=157.06 95=345.34 99=821.25 99.9=1843.20 99.99=3416.06] [UPDATE: Count=177144 Max=27115.52 Min=7.39 Avg=108.90 10=20.66 25=27.65 50=47.90 75=96.96 90=190.85 95=375.04 99=972.80 99.9=3391.49 99.99=14163.97]
2025-04-21 21:16:14 45 sec: 371090 operations; [READ: Count=185207 Max=10797.06 Min=2.48 Avg=83.48 10=13.17 25=18.14 50=32.86 75=85.95 90=149.89 95=335.36 99=806.40 99.9=1787.90 99.99=3284.99] [UPDATE: Count=185883 Max=27115.52 Min=7.39 Avg=106.64 10=20.34 25=27.15 50=47.94 75=95.94 90=182.66 95=366.08 99=951.29 99.9=3295.23 99.99=13877.25]
2025-04-21 21:16:15 46 sec: 387489 operations; [READ: Count=193476 Max=10797.06 Min=2.48 Avg=82.29 10=12.89 25=17.97 50=32.83 75=85.76 90=145.28 95=326.14 99=793.60 99.9=1758.21 99.99=3284.99] [UPDATE: Count=194013 Max=27115.52 Min=7.39 Avg=104.87 10=20.13 25=26.85 50=47.94 75=95.55 90=176.13 95=357.12 99=934.91 99.9=3164.16 99.99=13877.25]
2025-04-21 21:16:16 47 sec: 403955 operations; [READ: Count=201713 Max=10797.06 Min=2.48 Avg=81.21 10=12.57 25=17.82 50=32.86 75=85.57 90=141.06 95=318.21 99=780.80 99.9=1742.85 99.99=3284.99] [UPDATE: Count=202242 Max=27115.52 Min=7.39 Avg=103.20 10=19.89 25=26.56 50=47.90 75=95.17 90=170.37 95=348.93 99=919.55 99.9=3082.24 99.99=13344.77]
2025-04-21 21:16:17 48 sec: 418708 operations; [READ: Count=209041 Max=10797.06 Min=2.48 Avg=80.58 10=12.17 25=17.65 50=32.86 75=85.38 90=139.26 95=314.88 99=770.05 99.9=1717.25 99.99=3260.41] [UPDATE: Count=209667 Max=27115.52 Min=7.39 Avg=102.04 10=19.65 25=26.25 50=47.87 75=94.85 90=167.42 95=345.09 99=903.17 99.9=3004.41 99.99=13172.74]
2025-04-21 21:16:18 49 sec: 432639 operations; [READ: Count=215969 Max=10797.06 Min=2.48 Avg=80.06 10=11.73 25=17.50 50=32.80 75=85.25 90=137.98 95=311.55 99=763.90 99.9=1696.77 99.99=3209.22] [UPDATE: Count=216670 Max=27115.52 Min=7.08 Avg=101.24 10=19.42 25=25.98 50=47.90 75=94.66 90=165.50 95=342.01 99=890.88 99.9=2949.12 99.99=13082.62]
2025-04-21 21:16:19 50 sec: 447723 operations; [READ: Count=223487 Max=10797.06 Min=2.24 Avg=79.45 10=11.21 25=17.38 50=32.83 75=85.18 90=136.45 95=307.20 99=754.17 99.9=1684.48 99.99=3209.22] [UPDATE: Count=224236 Max=27115.52 Min=7.08 Avg=100.14 10=19.18 25=25.76 50=47.90 75=94.40 90=162.94 95=336.64 99=880.64 99.9=2889.73 99.99=13082.62]
2025-04-21 21:16:20 51 sec: 463097 operations; [READ: Count=231178 Max=10797.06 Min=2.24 Avg=78.83 10=10.67 25=17.25 50=32.83 75=85.12 90=135.17 95=303.10 99=743.42 99.9=1659.90 99.99=3194.88] [UPDATE: Count=231919 Max=27115.52 Min=7.08 Avg=99.06 10=18.93 25=25.52 50=47.90 75=94.27 90=160.13 95=331.52 99=867.33 99.9=2803.71 99.99=12779.52]
2025-04-21 21:16:21 52 sec: 477494 operations; [READ: Count=238389 Max=10797.06 Min=2.24 Avg=78.39 10=10.16 25=17.14 50=32.80 75=85.18 90=134.40 95=300.29 99=734.72 99.9=1654.78 99.99=3194.88] [UPDATE: Count=239105 Max=27115.52 Min=7.08 Avg=98.27 10=18.66 25=25.33 50=47.87 75=94.21 90=158.72 95=328.19 99=857.09 99.9=2729.98 99.99=12337.15]
2025-04-21 21:16:22 53 sec: 491732 operations; [READ: Count=245551 Max=10797.06 Min=2.24 Avg=78.02 10=9.72 25=17.02 50=32.80 75=85.12 90=133.50 95=298.50 99=725.50 99.9=1631.23 99.99=3194.88] [UPDATE: Count=246181 Max=27115.52 Min=7.08 Avg=97.55 10=18.40 25=25.14 50=47.84 75=94.08 90=157.06 95=325.89 99=845.31 99.9=2693.12 99.99=12206.08]
2025-04-21 21:16:23 54 sec: 505561 operations; [READ: Count=252439 Max=10797.06 Min=2.24 Avg=77.70 10=9.37 25=16.94 50=32.77 75=85.12 90=132.74 95=296.96 99=720.89 99.9=1620.99 99.99=3194.88] [UPDATE: Count=253122 Max=27115.52 Min=7.08 Avg=96.97 10=18.09 25=24.98 50=47.81 75=94.02 90=155.78 95=324.10 99=837.63 99.9=2670.59 99.99=12206.08]
2025-04-21 21:16:24 55 sec: 520895 operations; [READ: Count=260132 Max=10797.06 Min=2.24 Avg=77.17 10=9.01 25=16.83 50=32.72 75=84.99 90=131.58 95=293.63 99=711.17 99.9=1598.46 99.99=3176.45] [UPDATE: Count=260763 Max=27115.52 Min=7.08 Avg=96.14 10=17.76 25=24.80 50=47.74 75=93.89 90=153.98 95=321.02 99=827.90 99.9=2633.73 99.99=11919.36]
2025-04-21 21:16:25 56 sec: 537749 operations; [READ: Count=268651 Max=10797.06 Min=2.24 Avg=76.43 10=8.72 25=16.75 50=32.64 75=84.93 90=129.79 95=287.49 99=700.41 99.9=1575.93 99.99=3137.53] [UPDATE: Count=269098 Max=27115.52 Min=7.08 Avg=95.11 10=17.49 25=24.67 50=47.65 75=93.82 90=151.42 95=316.16 99=814.59 99.9=2613.25 99.99=11862.01]
2025-04-21 21:16:26 57 sec: 555053 operations; [READ: Count=277326 Max=10797.06 Min=2.24 Avg=75.72 10=8.46 25=16.66 50=32.58 75=84.80 90=128.19 95=281.60 99=690.69 99.9=1556.48 99.99=3084.29] [UPDATE: Count=277727 Max=27115.52 Min=7.08 Avg=94.02 10=17.17 25=24.50 50=47.45 75=93.57 90=148.61 95=310.53 99=804.86 99.9=2568.19 99.99=11665.41]
2025-04-21 21:16:27 58 sec: 571047 operations; [READ: Count=285348 Max=10797.06 Min=2.24 Avg=75.19 10=8.26 25=16.56 50=32.48 75=84.67 90=127.10 95=277.25 99=680.96 99.9=1543.17 99.99=3082.24] [UPDATE: Count=285699 Max=27115.52 Min=7.08 Avg=93.25 10=16.93 25=24.35 50=47.39 75=93.44 90=147.07 95=306.69 99=793.09 99.9=2510.85 99.99=11608.06]
2025-04-21 21:16:28 59 sec: 584572 operations; [READ: Count=292114 Max=10797.06 Min=2.24 Avg=75.06 10=8.10 25=16.50 50=32.41 75=84.61 90=126.91 95=277.25 99=676.86 99.9=1531.90 99.99=3082.24] [UPDATE: Count=292458 Max=27115.52 Min=7.08 Avg=92.86 10=16.66 25=24.21 50=47.23 75=93.38 90=146.69 95=306.18 99=786.94 99.9=2476.03 99.99=11608.06]
2025-04-21 21:16:29 60 sec: 602634 operations; [READ: Count=301301 Max=10797.06 Min=2.24 Avg=74.32 10=7.91 25=16.38 50=32.30 75=84.48 90=125.31 95=270.08 99=667.65 99.9=1518.59 99.99=3074.05] [UPDATE: Count=301333 Max=27115.52 Min=7.08 Avg=91.84 10=16.38 25=24.03 50=47.01 75=93.18 90=144.00 95=300.03 99=774.65 99.9=2428.93 99.99=11288.58]
2025-04-21 21:16:30 61 sec: 621760 operations; [READ: Count=310771 Max=10797.06 Min=2.24 Avg=73.48 10=7.76 25=16.28 50=32.08 75=84.29 90=123.65 95=262.01 99=657.92 99.9=1501.18 99.99=3033.09] [UPDATE: Count=310989 Max=27115.52 Min=7.08 Avg=90.72 10=16.14 25=23.89 50=46.72 75=92.93 90=141.57 95=293.63 99=763.90 99.9=2379.78 99.99=10625.02]
2025-04-21 21:16:31 62 sec: 640486 operations; [READ: Count=320142 Max=10797.06 Min=2.24 Avg=72.73 10=7.62 25=16.18 50=31.86 75=84.09 90=122.11 95=255.62 99=649.73 99.9=1481.73 99.99=3024.89] [UPDATE: Count=320344 Max=27115.52 Min=7.08 Avg=89.74 10=15.94 25=23.71 50=46.43 75=92.73 90=139.52 95=287.49 99=752.13 99.9=2332.67 99.99=10526.72]
2025-04-21 21:16:32 63 sec: 655838 operations; [READ: Count=327787 Max=10797.06 Min=2.24 Avg=72.39 10=7.57 25=16.14 50=31.71 75=84.09 90=121.60 95=253.44 99=644.61 99.9=1473.54 99.99=3008.51] [UPDATE: Count=328051 Max=27115.52 Min=7.08 Avg=89.27 10=15.86 25=23.66 50=46.21 75=92.73 90=138.88 95=285.18 99=742.40 99.9=2291.71 99.99=10526.72]
2025-04-21 21:16:33 64 sec: 665907 operations; [READ: Count=332829 Max=10797.06 Min=2.24 Avg=72.70 10=7.54 25=16.11 50=31.61 75=84.16 90=122.05 95=256.77 99=650.75 99.9=1470.46 99.99=3008.51] [UPDATE: Count=333078 Max=27115.52 Min=7.08 Avg=89.49 10=15.85 25=23.63 50=46.08 75=92.86 90=139.39 95=288.25 99=747.52 99.9=2285.57 99.99=10526.72]
2025-04-21 21:16:34 65 sec: 682863 operations; [READ: Count=341418 Max=10797.06 Min=2.24 Avg=72.19 10=7.46 25=16.03 50=31.39 75=84.09 90=121.22 95=253.18 99=644.61 99.9=1460.22 99.99=2973.70] [UPDATE: Count=341445 Max=27115.52 Min=7.08 Avg=88.86 10=15.70 25=23.52 50=45.82 75=92.80 90=138.24 95=284.42 99=739.33 99.9=2254.85 99.99=10223.61]
2025-04-21 21:16:35 66 sec: 701202 operations; [READ: Count=350577 Max=10797.06 Min=2.24 Avg=71.58 10=7.36 25=15.93 50=31.10 75=83.97 90=120.19 95=248.57 99=636.93 99.9=1438.72 99.99=2953.22] [UPDATE: Count=350625 Max=27115.52 Min=7.08 Avg=88.07 10=15.54 25=23.38 50=45.47 75=92.67 90=136.83 95=279.30 99=729.60 99.9=2234.37 99.99=10133.50]
2025-04-21 21:16:36 67 sec: 718660 operations; [READ: Count=359271 Max=10797.06 Min=2.24 Avg=71.11 10=7.28 25=15.83 50=30.86 75=83.90 90=119.55 95=245.38 99=629.76 99.9=1429.50 99.99=2918.40] [UPDATE: Count=359389 Max=27115.52 Min=7.08 Avg=87.39 10=15.38 25=23.25 50=45.09 75=92.54 90=135.81 95=275.97 99=720.38 99.9=2201.60 99.99=10035.20]
2025-04-21 21:16:37 68 sec: 735690 operations; [READ: Count=367752 Max=10797.06 Min=2.24 Avg=70.70 10=7.21 25=15.75 50=30.59 75=83.84 90=118.91 95=242.43 99=624.64 99.9=1421.31 99.99=2918.40] [UPDATE: Count=367938 Max=27115.52 Min=7.08 Avg=86.80 10=15.27 25=23.14 50=44.80 75=92.48 90=134.78 95=272.38 99=713.22 99.9=2154.49 99.99=10010.62]
2025-04-21 21:16:38 69 sec: 748926 operations; [READ: Count=374334 Max=10797.06 Min=2.24 Avg=70.69 10=7.17 25=15.69 50=30.38 75=83.90 90=119.04 95=244.35 99=624.13 99.9=1414.14 99.99=2918.40] [UPDATE: Count=374592 Max=27115.52 Min=7.08 Avg=86.67 10=15.18 25=23.04 50=44.41 75=92.48 90=134.91 95=273.41 99=709.12 99.9=2150.40 99.99=10010.62]
2025-04-21 21:16:39 70 sec: 765955 operations; [READ: Count=382810 Max=10797.06 Min=2.24 Avg=70.29 10=7.12 25=15.62 50=30.13 75=83.84 90=118.40 95=241.41 99=618.50 99.9=1396.73 99.99=2908.16] [UPDATE: Count=383145 Max=27115.52 Min=7.08 Avg=86.14 10=15.11 25=22.96 50=44.09 75=92.48 90=134.01 95=270.85 99=699.90 99.9=2115.58 99.99=9936.90]
2025-04-21 21:16:40 71 sec: 780703 operations; [READ: Count=390150 Max=10797.06 Min=2.24 Avg=70.12 10=7.09 25=15.56 50=29.86 75=83.84 90=118.33 95=241.79 99=615.93 99.9=1390.59 99.99=2906.11] [UPDATE: Count=390553 Max=27115.52 Min=7.08 Avg=85.87 10=15.05 25=22.88 50=43.74 75=92.48 90=133.89 95=271.10 99=694.78 99.9=2105.34 99.99=9740.29]
2025-04-21 21:16:41 72 sec: 796067 operations; [READ: Count=397841 Max=10797.06 Min=2.24 Avg=69.92 10=7.11 25=15.52 50=29.63 75=83.90 90=118.14 95=241.28 99=611.84 99.9=1382.40 99.99=2891.78] [UPDATE: Count=398226 Max=27115.52 Min=7.08 Avg=85.54 10=15.05 25=22.85 50=43.39 75=92.54 90=133.50 95=269.82 99=689.66 99.9=2095.10 99.99=9633.79]
2025-04-21 21:16:42 73 sec: 811520 operations; [READ: Count=405576 Max=10797.06 Min=2.24 Avg=69.71 10=7.13 25=15.47 50=29.36 75=83.90 90=117.82 95=240.51 99=607.74 99.9=1364.99 99.99=2861.05] [UPDATE: Count=405944 Max=27115.52 Min=7.08 Avg=85.22 10=15.05 25=22.80 50=43.07 75=92.54 90=133.25 95=268.80 99=683.01 99.9=2061.31 99.99=9117.69]
2025-04-21 21:16:43 74 sec: 824827 operations; [READ: Count=412249 Max=10797.06 Min=2.24 Avg=69.70 10=7.15 25=15.43 50=29.14 75=83.97 90=118.02 95=241.53 99=606.72 99.9=1356.80 99.99=2861.05] [UPDATE: Count=412578 Max=27115.52 Min=7.08 Avg=85.13 10=15.09 25=22.78 50=42.75 75=92.67 90=133.25 95=269.31 99=680.45 99.9=2048.00 99.99=9117.69]
2025-04-21 21:16:44 75 sec: 839061 operations; [READ: Count=419401 Max=10797.06 Min=2.24 Avg=69.60 10=7.17 25=15.40 50=28.91 75=84.03 90=117.95 95=241.79 99=604.16 99.9=1351.68 99.99=2861.05] [UPDATE: Count=419660 Max=27115.52 Min=7.08 Avg=84.96 10=15.10 25=22.75 50=42.43 75=92.73 90=133.25 95=269.57 99=677.38 99.9=2032.64 99.99=8978.43]
2025-04-21 21:16:45 76 sec: 854118 operations; [READ: Count=426921 Max=10797.06 Min=2.24 Avg=69.43 10=7.18 25=15.34 50=28.64 75=84.03 90=117.82 95=241.79 99=601.09 99.9=1341.44 99.99=2852.86] [UPDATE: Count=427197 Max=27115.52 Min=7.08 Avg=84.71 10=15.10 25=22.70 50=42.08 75=92.73 90=132.99 95=269.31 99=673.79 99.9=2019.33 99.99=8970.24]
2025-04-21 21:16:46 77 sec: 868047 operations; [READ: Count=433873 Max=10797.06 Min=2.24 Avg=69.37 10=7.20 25=15.30 50=28.41 75=84.09 90=117.76 95=242.18 99=599.55 99.9=1328.13 99.99=2852.86] [UPDATE: Count=434174 Max=27115.52 Min=7.08 Avg=84.58 10=15.11 25=22.67 50=41.73 75=92.80 90=132.99 95=269.82 99=672.25 99.9=2011.13 99.99=8970.24]
2025-04-21 21:16:47 78 sec: 879625 operations; [READ: Count=439682 Max=10797.06 Min=2.24 Avg=69.52 10=7.21 25=15.28 50=28.27 75=84.16 90=118.08 95=244.35 99=603.13 99.9=1323.01 99.99=2852.86] [UPDATE: Count=439943 Max=27115.52 Min=7.08 Avg=84.65 10=15.14 25=22.67 50=41.47 75=92.86 90=133.25 95=271.36 99=673.79 99.9=2006.02 99.99=8880.13]
2025-04-21 21:16:48 79 sec: 891157 operations; [READ: Count=445452 Max=10797.06 Min=2.24 Avg=69.66 10=7.24 25=15.25 50=28.13 75=84.22 90=118.33 95=246.14 99=606.72 99.9=1321.98 99.99=2852.86] [UPDATE: Count=445705 Max=27115.52 Min=7.08 Avg=84.73 10=15.16 25=22.66 50=41.28 75=92.93 90=133.38 95=272.64 99=675.84 99.9=2003.97 99.99=8822.78]
2025-04-21 21:16:49 80 sec: 903398 operations; [READ: Count=451582 Max=10797.06 Min=2.24 Avg=69.71 10=7.25 25=15.21 50=27.97 75=84.29 90=118.66 95=247.94 99=605.70 99.9=1316.86 99.99=2852.86] [UPDATE: Count=451816 Max=27115.52 Min=7.08 Avg=84.78 10=15.19 25=22.64 50=41.02 75=93.06 90=133.63 95=274.43 99=674.82 99.9=2003.97 99.99=8880.13]
2025-04-21 21:16:50 81 sec: 915280 operations; [READ: Count=457550 Max=10797.06 Min=2.24 Avg=69.84 10=7.29 25=15.18 50=27.93 75=84.42 90=118.97 95=249.60 99=605.18 99.9=1309.69 99.99=2852.86] [UPDATE: Count=457730 Max=27115.52 Min=7.08 Avg=84.81 10=15.21 25=22.62 50=40.93 75=93.18 90=134.01 95=275.45 99=673.79 99.9=1980.41 99.99=8822.78]
2025-04-21 21:16:51 82 sec: 925938 operations; [READ: Count=462962 Max=10797.06 Min=2.24 Avg=70.03 10=7.32 25=15.21 50=27.98 75=84.61 90=119.42 95=251.52 99=605.18 99.9=1306.62 99.99=2852.86] [UPDATE: Count=462976 Max=27115.52 Min=7.08 Avg=84.98 10=15.26 25=22.66 50=40.93 75=93.38 90=134.53 95=277.25 99=673.79 99.9=1967.10 99.99=8822.78]
2025-04-21 21:16:52 83 sec: 935972 operations; [READ: Count=468010 Max=10797.06 Min=2.24 Avg=70.26 10=7.35 25=15.22 50=27.97 75=84.73 90=120.00 95=254.08 99=605.70 99.9=1302.53 99.99=2830.34] [UPDATE: Count=467962 Max=27115.52 Min=7.08 Avg=85.20 10=15.31 25=22.69 50=40.86 75=93.50 90=135.42 95=279.81 99=673.79 99.9=1952.77 99.99=8749.06]
2025-04-21 21:16:53 84 sec: 947838 operations; [READ: Count=473856 Max=10797.06 Min=2.24 Avg=70.33 10=7.39 25=15.24 50=27.92 75=84.86 90=120.19 95=254.97 99=605.18 99.9=1297.41 99.99=2830.34] [UPDATE: Count=473982 Max=27115.52 Min=7.08 Avg=85.27 10=15.38 25=22.70 50=40.70 75=93.63 90=135.68 95=280.83 99=674.30 99.9=1952.77 99.99=8749.06]
2025-04-21 21:16:54 85 sec: 962184 operations; [READ: Count=481000 Max=10797.06 Min=2.24 Avg=70.22 10=7.43 25=15.24 50=27.76 75=84.93 90=120.13 95=254.85 99=602.62 99.9=1289.21 99.99=2816.00] [UPDATE: Count=481184 Max=27115.52 Min=7.08 Avg=85.11 10=15.43 25=22.70 50=40.35 75=93.69 90=135.55 95=280.57 99=672.25 99.9=1943.55 99.99=8667.14]
2025-04-21 21:16:55 86 sec: 976549 operations; [READ: Count=488155 Max=10797.06 Min=2.24 Avg=70.11 10=7.47 25=15.24 50=27.60 75=85.06 90=120.06 95=254.59 99=599.55 99.9=1283.07 99.99=2816.00] [UPDATE: Count=488394 Max=27115.52 Min=7.08 Avg=84.95 10=15.49 25=22.70 50=40.06 75=93.82 90=135.55 95=280.32 99=668.67 99.9=1941.50 99.99=8667.14]
2025-04-21 21:16:56 87 sec: 991295 operations; [READ: Count=495481 Max=10797.06 Min=2.24 Avg=70.01 10=7.50 25=15.22 50=27.47 75=85.12 90=119.94 95=254.34 99=597.50 99.9=1274.88 99.99=2813.95] [UPDATE: Count=495814 Max=27115.52 Min=7.08 Avg=84.74 10=15.54 25=22.69 50=39.74 75=93.89 90=135.17 95=279.55 99=664.58 99.9=1925.12 99.99=8380.42]
2025-04-21 21:16:57 87 sec: 1000000 operations; [READ: Count=499893 Max=10797.06 Min=2.24 Avg=69.97 10=7.53 25=15.23 50=27.45 75=85.18 90=119.94 95=253.95 99=595.97 99.9=1273.86 99.99=2813.95] [UPDATE: Count=500107 Max=27115.52 Min=7.08 Avg=84.65 10=15.56 25=22.70 50=39.68 75=93.95 90=135.17 95=278.78 99=663.04 99.9=1921.02 99.99=8380.42]
Run runtime(sec): 87.7353
Run operations(ops): 1000000
Run throughput(ops/sec): 11397.9
