Running scope as unit: run-r29c7af979fc84f669ffd4db992b8df68.scope
load file:/home/user/DataFiles/silesia_data/silesia.tar
2025-04-21 20:37:57 0 sec: 0 operations;
2025-04-21 20:37:58 1 sec: 88338 operations; [INSERT: Count=88338 Max=3704.83 Min=4.15 Avg=7.90 10=5.36 25=6.03 50=7.32 75=9.19 90=10.99 95=12.04 99=14.57 99.9=22.99 99.99=88.89]
2025-04-21 20:37:59 2 sec: 172910 operations; [INSERT: Count=172910 Max=3704.83 Min=4.15 Avg=8.24 10=5.58 25=6.31 50=7.66 75=9.56 90=11.40 95=12.53 99=15.23 99.9=30.40 99.99=102.85]
2025-04-21 20:38:00 3 sec: 253955 operations; [INSERT: Count=253955 Max=14163.97 Min=4.15 Avg=8.51 10=5.71 25=6.50 50=7.89 75=9.81 90=11.68 95=12.86 99=15.63 99.9=30.93 99.99=106.94]
2025-04-21 20:38:01 4 sec: 335369 operations; [INSERT: Count=335369 Max=14163.97 Min=4.15 Avg=8.64 10=5.82 25=6.64 50=8.04 75=9.97 90=11.85 95=13.03 99=15.84 99.9=31.82 99.99=106.11]
2025-04-21 20:38:02 5 sec: 415450 operations; [INSERT: Count=415450 Max=14163.97 Min=4.15 Avg=8.76 10=5.90 25=6.76 50=8.18 75=10.10 90=12.00 95=13.18 99=16.01 99.9=34.17 99.99=107.14]
2025-04-21 20:38:03 6 sec: 483529 operations; [INSERT: Count=483529 Max=14163.97 Min=4.15 Avg=9.13 10=5.99 25=6.89 50=8.41 75=10.47 90=12.63 95=14.29 99=19.81 99.9=38.14 99.99=114.17]
2025-04-21 20:38:04 7 sec: 542472 operations; [INSERT: Count=542472 Max=14163.97 Min=4.15 Avg=9.63 10=6.07 25=7.05 50=8.68 75=10.92 90=13.60 95=16.19 99=22.83 99.9=42.72 99.99=149.50]
2025-04-21 20:38:05 8 sec: 621444 operations; [INSERT: Count=621444 Max=14163.97 Min=4.15 Avg=9.60 10=6.04 25=6.97 50=8.59 75=10.82 90=13.48 95=16.04 99=22.82 99.9=64.61 99.99=212.99]
2025-04-21 20:38:06 9 sec: 707025 operations; [INSERT: Count=707025 Max=14163.97 Min=4.15 Avg=9.46 10=6.03 25=6.90 50=8.48 75=10.69 90=13.22 95=15.63 99=22.38 99.9=63.42 99.99=168.83]
2025-04-21 20:38:07 10 sec: 791247 operations; [INSERT: Count=791247 Max=14163.97 Min=4.15 Avg=9.37 10=6.04 25=6.89 50=8.41 75=10.61 90=13.04 95=15.31 99=21.98 99.9=58.94 99.99=162.94]
2025-04-21 20:38:08 11 sec: 873541 operations; [INSERT: Count=873541 Max=14163.97 Min=4.15 Avg=9.33 10=6.06 25=6.89 50=8.38 75=10.56 90=12.93 95=15.08 99=21.71 99.9=64.77 99.99=159.87]
2025-04-21 20:38:09 12 sec: 941685 operations; [INSERT: Count=941685 Max=14163.97 Min=4.15 Avg=9.48 10=6.10 25=6.96 50=8.48 75=10.71 90=13.27 95=15.73 99=22.34 99.9=73.92 99.99=175.36]
2025-04-21 20:38:10 13 sec: 1000000 operations; [INSERT: Count=1000000 Max=14163.97 Min=4.15 Avg=9.64 10=6.13 25=7.01 50=8.57 75=10.84 90=13.61 95=16.32 99=22.89 99.9=80.89 99.99=205.18]
2025-04-21 20:38:10 13 sec: 1000000 operations; [INSERT: Count=1000000 Max=14163.97 Min=4.15 Avg=9.64 10=6.13 25=7.01 50=8.57 75=10.84 90=13.61 95=16.32 99=22.89 99.9=80.89 99.99=205.18]
Load runtime(sec): 13.2797
Load operations(ops): 1000000
Load throughput(ops/sec): 75302.9
