Running scope as unit: run-rc6ae6816c4b440afb4cbc00627b774ae.scope
load file:/home/user/DataFiles/silesia_data/silesia.tar
2025-04-21 20:46:20 0 sec: 0 operations;
2025-04-21 20:46:21 1 sec: 57555 operations; [INSERT: Count=57555 Max=4145.15 Min=4.87 Avg=13.80 10=8.15 25=9.67 50=12.32 75=16.66 90=20.89 95=23.44 99=29.25 99.9=51.71 99.99=174.21]
2025-04-21 20:46:22 2 sec: 108275 operations; [INSERT: Count=108275 Max=4145.15 Min=4.87 Avg=14.88 10=8.53 25=10.23 50=13.33 75=18.06 90=22.88 95=26.05 99=33.34 99.9=61.34 99.99=183.42]
2025-04-21 20:46:23 3 sec: 161281 operations; [INSERT: Count=161281 Max=4145.15 Min=4.87 Avg=15.11 10=8.66 25=10.41 50=13.57 75=18.35 90=23.23 95=26.35 99=33.41 99.9=63.68 99.99=184.45]
2025-04-21 20:46:24 4 sec: 214002 operations; [INSERT: Count=214002 Max=4145.15 Min=4.84 Avg=15.25 10=8.75 25=10.52 50=13.70 75=18.51 90=23.45 95=26.59 99=33.50 99.9=64.99 99.99=188.03]
2025-04-21 20:46:25 5 sec: 267399 operations; [INSERT: Count=267399 Max=4145.15 Min=4.84 Avg=15.28 10=8.81 25=10.59 50=13.74 75=18.53 90=23.49 95=26.61 99=33.34 99.9=60.06 99.99=187.52]
2025-04-21 20:46:26 6 sec: 319437 operations; [INSERT: Count=319437 Max=4145.15 Min=4.84 Avg=15.38 10=8.87 25=10.67 50=13.86 75=18.67 90=23.65 95=26.77 99=33.53 99.9=57.44 99.99=185.98]
2025-04-21 20:46:27 7 sec: 371214 operations; [INSERT: Count=371214 Max=4145.15 Min=4.84 Avg=15.47 10=8.94 25=10.76 50=13.94 75=18.75 90=23.74 95=26.86 99=33.60 99.9=59.65 99.99=185.34]
2025-04-21 20:46:28 8 sec: 415225 operations; [INSERT: Count=415225 Max=4145.15 Min=4.84 Avg=15.88 10=9.04 25=10.91 50=14.23 75=19.23 90=24.50 95=27.97 99=36.45 99.9=67.45 99.99=187.01]
2025-04-21 20:46:29 9 sec: 449641 operations; [INSERT: Count=449641 Max=4145.15 Min=4.84 Avg=16.63 10=9.15 25=11.13 50=14.70 75=20.03 90=25.97 95=30.35 99=43.17 99.9=76.35 99.99=198.66]
2025-04-21 20:46:30 10 sec: 479207 operations; [INSERT: Count=479207 Max=6811.65 Min=4.84 Avg=17.49 10=9.25 25=11.31 50=15.13 75=20.88 90=27.74 95=33.70 99=51.30 99.9=89.15 99.99=209.28]
2025-04-21 20:46:31 11 sec: 506160 operations; [INSERT: Count=506160 Max=10633.22 Min=4.84 Avg=18.35 10=9.32 25=11.46 50=15.49 75=21.58 90=29.34 95=36.61 99=56.16 99.9=119.30 99.99=267.52]
2025-04-21 20:46:32 12 sec: 540114 operations; [INSERT: Count=540114 Max=10633.22 Min=4.84 Avg=18.84 10=9.40 25=11.62 50=15.79 75=22.14 90=30.46 95=38.14 99=57.31 99.9=138.88 99.99=551.93]
2025-04-21 20:46:33 13 sec: 585683 operations; [INSERT: Count=585683 Max=10633.22 Min=4.84 Avg=18.82 10=9.42 25=11.65 50=15.83 75=22.19 90=30.34 95=37.63 99=56.67 99.9=140.41 99.99=568.32]
2025-04-21 20:46:34 14 sec: 634477 operations; [INSERT: Count=634477 Max=10633.22 Min=4.84 Avg=18.69 10=9.43 25=11.65 50=15.80 75=22.11 90=29.98 95=36.93 99=55.77 99.9=138.88 99.99=545.28]
2025-04-21 20:46:35 15 sec: 683796 operations; [INSERT: Count=683796 Max=10633.22 Min=4.84 Avg=18.57 10=9.44 25=11.63 50=15.75 75=22.02 90=29.68 95=36.32 99=55.04 99.9=135.04 99.99=502.01]
2025-04-21 20:46:36 16 sec: 734021 operations; [INSERT: Count=734021 Max=10633.22 Min=4.84 Avg=18.43 10=9.43 25=11.62 50=15.70 75=21.87 90=29.36 95=35.71 99=54.30 99.9=134.40 99.99=386.30]
2025-04-21 20:46:37 17 sec: 769021 operations; [INSERT: Count=769021 Max=10633.22 Min=4.84 Avg=18.72 10=9.49 25=11.70 50=15.87 75=22.22 90=30.00 95=36.77 99=55.94 99.9=132.61 99.99=334.59]
2025-04-21 20:46:38 18 sec: 803057 operations; [INSERT: Count=803057 Max=10633.22 Min=4.84 Avg=19.02 10=9.55 25=11.83 50=16.11 75=22.64 90=30.78 95=37.82 99=56.67 99.9=128.96 99.99=332.03]
2025-04-21 20:46:39 19 sec: 842123 operations; [INSERT: Count=842123 Max=12541.95 Min=4.84 Avg=19.17 10=9.49 25=11.80 50=16.12 75=22.73 90=31.02 95=38.14 99=56.77 99.9=128.57 99.99=450.05]
2025-04-21 20:46:40 20 sec: 911791 operations; [INSERT: Count=911791 Max=12541.95 Min=4.30 Avg=18.55 10=9.02 25=11.29 50=15.49 75=22.08 90=30.30 95=37.31 99=55.94 99.9=117.25 99.99=450.05]
2025-04-21 20:46:41 21 sec: 977195 operations; [INSERT: Count=977195 Max=12541.95 Min=4.30 Avg=18.11 10=8.66 25=10.94 50=15.05 75=21.60 90=29.76 95=36.67 99=55.36 99.9=134.14 99.99=476.16]
2025-04-21 20:46:42 21 sec: 1000000 operations; [INSERT: Count=1000000 Max=12541.95 Min=4.16 Avg=17.90 10=8.39 25=10.71 50=14.83 75=21.39 90=29.57 95=36.45 99=55.23 99.9=137.09 99.99=551.93]
Load runtime(sec): 21.4373
Load operations(ops): 1000000
Load throughput(ops/sec): 46647.6
