Running scope as unit: run-r201bc1dd76444be1865be64b15efcd9d.scope
load file:/home/user/DataFiles/silesia_data/silesia.tar
2025-04-21 20:46:20 0 sec: 0 operations;
2025-04-21 20:46:21 1 sec: 63405 operations; [INSERT: Count=63405 Max=736.77 Min=4.08 Avg=12.34 10=5.24 25=7.87 50=10.88 75=15.67 90=20.70 95=23.81 99=30.21 99.9=46.81 99.99=178.81]
2025-04-21 20:46:22 2 sec: 114859 operations; [INSERT: Count=114859 Max=736.77 Min=4.08 Avg=13.93 10=6.86 25=9.16 50=12.46 75=17.50 90=22.69 95=26.05 99=32.99 99.9=50.49 99.99=189.95]
2025-04-21 20:46:23 3 sec: 165187 operations; [INSERT: Count=165187 Max=736.77 Min=4.08 Avg=14.68 10=7.54 25=9.74 50=13.20 75=18.29 90=23.61 95=27.07 99=34.34 99.9=55.52 99.99=189.95]
2025-04-21 20:46:24 4 sec: 218589 operations; [INSERT: Count=218589 Max=736.77 Min=4.08 Avg=14.87 10=7.93 25=10.01 50=13.40 75=18.41 90=23.68 95=27.05 99=34.11 99.9=54.59 99.99=188.29]
2025-04-21 20:46:25 5 sec: 272627 operations; [INSERT: Count=272627 Max=5750.78 Min=4.08 Avg=14.95 10=8.13 25=10.13 50=13.46 75=18.38 90=23.60 95=26.89 99=33.82 99.9=54.59 99.99=194.81]
2025-04-21 20:46:26 6 sec: 325342 operations; [INSERT: Count=325342 Max=5750.78 Min=4.08 Avg=15.08 10=8.30 25=10.26 50=13.57 75=18.51 90=23.68 95=26.98 99=33.89 99.9=55.94 99.99=191.74]
2025-04-21 20:46:27 7 sec: 377924 operations; [INSERT: Count=377924 Max=5750.78 Min=4.08 Avg=15.17 10=8.44 25=10.38 50=13.68 75=18.59 90=23.74 95=27.01 99=33.82 99.9=55.17 99.99=189.18]
2025-04-21 20:46:28 8 sec: 424561 operations; [INSERT: Count=424561 Max=5750.78 Min=4.08 Avg=15.50 10=8.55 25=10.54 50=13.93 75=18.96 90=24.29 95=27.77 99=35.84 99.9=63.23 99.99=193.41]
2025-04-21 20:46:29 9 sec: 456823 operations; [INSERT: Count=456823 Max=5750.78 Min=4.08 Avg=16.33 10=8.66 25=10.73 50=14.37 75=19.77 90=25.82 95=30.30 99=44.61 99.9=84.86 99.99=203.39]
2025-04-21 20:46:30 10 sec: 486864 operations; [INSERT: Count=486864 Max=5750.78 Min=4.08 Avg=17.17 10=8.77 25=10.93 50=14.80 75=20.64 90=27.63 95=33.66 99=52.35 99.9=90.94 99.99=221.31]
2025-04-21 20:46:31 11 sec: 514081 operations; [INSERT: Count=514081 Max=10395.65 Min=4.08 Avg=18.04 10=8.86 25=11.10 50=15.18 75=21.41 90=29.34 95=36.86 99=57.60 99.9=101.06 99.99=266.75]
2025-04-21 20:46:32 12 sec: 546369 operations; [INSERT: Count=546369 Max=10395.65 Min=4.08 Avg=18.61 10=8.95 25=11.26 50=15.49 75=21.97 90=30.56 95=38.62 99=59.30 99.9=149.50 99.99=537.60]
2025-04-21 20:46:33 13 sec: 590547 operations; [INSERT: Count=590547 Max=10395.65 Min=4.08 Avg=18.67 10=9.02 25=11.33 50=15.59 75=22.09 90=30.57 95=38.27 99=58.78 99.9=149.50 99.99=585.22]
2025-04-21 20:46:34 14 sec: 640006 operations; [INSERT: Count=640006 Max=10395.65 Min=4.08 Avg=18.54 10=9.04 25=11.34 50=15.56 75=22.02 90=30.19 95=37.50 99=57.79 99.9=146.56 99.99=555.01]
2025-04-21 20:46:35 15 sec: 689536 operations; [INSERT: Count=689536 Max=10395.65 Min=4.08 Avg=18.42 10=9.07 25=11.34 50=15.54 75=21.92 90=29.86 95=36.83 99=56.90 99.9=143.87 99.99=483.33]
2025-04-21 20:46:36 16 sec: 739979 operations; [INSERT: Count=739979 Max=10395.65 Min=4.08 Avg=18.30 10=9.09 25=11.34 50=15.49 75=21.81 90=29.50 95=36.19 99=56.06 99.9=143.23 99.99=418.81]
2025-04-21 20:46:37 17 sec: 781079 operations; [INSERT: Count=781079 Max=10395.65 Min=4.08 Avg=18.45 10=9.13 25=11.41 50=15.63 75=22.03 90=29.86 95=36.61 99=56.09 99.9=142.21 99.99=384.25]
2025-04-21 20:46:38 18 sec: 816835 operations; [INSERT: Count=816835 Max=10395.65 Min=4.08 Avg=18.72 10=9.21 25=11.54 50=15.86 75=22.40 90=30.53 95=37.50 99=56.38 99.9=140.41 99.99=356.86]
2025-04-21 20:46:39 19 sec: 856251 operations; [INSERT: Count=856251 Max=12525.57 Min=4.08 Avg=18.87 10=9.21 25=11.57 50=15.93 75=22.57 90=30.86 95=37.89 99=56.38 99.9=139.01 99.99=392.19]
2025-04-21 20:46:40 20 sec: 929230 operations; [INSERT: Count=929230 Max=12525.57 Min=4.02 Avg=18.21 10=8.56 25=10.94 50=15.19 75=21.86 90=30.11 95=37.02 99=55.58 99.9=133.12 99.99=460.29]
2025-04-21 20:46:41 21 sec: 992382 operations; [INSERT: Count=992382 Max=12525.57 Min=4.02 Avg=17.86 10=8.34 25=10.67 50=14.83 75=21.42 90=29.58 95=36.41 99=55.04 99.9=135.04 99.99=483.33]
2025-04-21 20:46:41 21 sec: 1000000 operations; [INSERT: Count=1000000 Max=12525.57 Min=4.02 Avg=17.79 10=8.27 25=10.62 50=14.76 75=21.36 90=29.52 95=36.35 99=54.98 99.9=134.78 99.99=465.15]
Load runtime(sec): 21.4157
Load operations(ops): 1000000
Load throughput(ops/sec): 46694.6
