Running scope as unit: run-rfbec37cdf35249d491b8522a757b13fc.scope
load file:/home/user/DataFiles/silesia_data/silesia.tar
2025-04-21 21:17:27 0 sec: 0 operations;
2025-04-21 21:17:28 1 sec: 58897 operations; [INSERT: Count=58897 Max=2826.24 Min=4.11 Avg=13.39 10=5.03 25=6.26 50=8.45 75=13.78 90=28.32 95=41.34 99=69.12 99.9=127.61 99.99=376.32]
2025-04-21 21:17:29 2 sec: 83516 operations; [INSERT: Count=83516 Max=2826.24 Min=4.11 Avg=20.46 10=5.28 25=7.15 50=11.83 75=28.13 90=47.10 95=59.74 99=87.17 99.9=137.47 99.99=374.53]
2025-04-21 21:17:30 3 sec: 105094 operations; [INSERT: Count=105094 Max=2826.24 Min=4.11 Avg=25.03 10=5.56 25=7.92 50=17.12 75=35.49 90=55.07 95=68.67 99=100.61 99.9=172.29 99.99=374.53]
2025-04-21 21:17:31 4 sec: 125597 operations; [INSERT: Count=125597 Max=2826.24 Min=4.11 Avg=28.29 10=5.90 25=8.78 50=21.34 75=40.00 90=60.26 95=74.88 99=108.86 99.9=183.42 99.99=375.81]
2025-04-21 21:17:32 5 sec: 147904 operations; [INSERT: Count=147904 Max=2826.24 Min=4.11 Avg=30.29 10=6.27 25=9.98 50=24.45 75=42.49 90=62.43 95=76.73 99=109.69 99.9=181.89 99.99=374.53]
2025-04-21 21:17:33 6 sec: 170926 operations; [INSERT: Count=170926 Max=14204.93 Min=4.11 Avg=31.60 10=6.62 25=11.78 50=26.30 75=43.77 90=63.26 95=77.18 99=108.99 99.9=176.90 99.99=363.26]
2025-04-21 21:17:34 7 sec: 194260 operations; [INSERT: Count=194260 Max=14204.93 Min=4.11 Avg=32.55 10=6.94 25=13.70 50=27.63 75=44.73 90=63.97 95=77.50 99=108.48 99.9=173.82 99.99=363.26]
2025-04-21 21:17:35 8 sec: 216455 operations; [INSERT: Count=216455 Max=14204.93 Min=4.11 Avg=33.50 10=7.25 25=15.10 50=28.73 75=45.76 90=64.93 95=78.40 99=109.18 99.9=172.54 99.99=359.17]
2025-04-21 21:17:36 9 sec: 238170 operations; [INSERT: Count=238170 Max=14204.93 Min=4.11 Avg=34.34 10=7.55 25=16.16 50=29.65 75=46.66 90=65.86 95=79.30 99=110.33 99.9=172.29 99.99=360.96]
2025-04-21 21:17:37 10 sec: 260106 operations; [INSERT: Count=260106 Max=14204.93 Min=4.11 Avg=35.01 10=7.87 25=17.05 50=30.35 75=47.33 90=66.50 95=79.94 99=110.59 99.9=171.65 99.99=376.06]
2025-04-21 21:17:38 11 sec: 281392 operations; [INSERT: Count=281392 Max=14204.93 Min=4.11 Avg=35.66 10=8.20 25=17.82 50=30.99 75=47.97 90=67.20 95=80.64 99=111.10 99.9=168.70 99.99=381.95]
2025-04-21 21:17:39 12 sec: 302885 operations; [INSERT: Count=302885 Max=14204.93 Min=4.11 Avg=36.19 10=8.56 25=18.48 50=31.55 75=48.54 90=67.78 95=81.15 99=111.36 99.9=168.19 99.99=382.98]
2025-04-21 21:17:40 13 sec: 323258 operations; [INSERT: Count=323258 Max=14204.93 Min=4.11 Avg=36.79 10=8.93 25=19.10 50=32.17 75=49.22 90=68.48 95=81.92 99=111.87 99.9=168.45 99.99=388.61]
2025-04-21 21:17:41 14 sec: 341548 operations; [INSERT: Count=341548 Max=14204.93 Min=4.11 Avg=37.57 10=9.26 25=19.70 50=32.93 75=50.11 90=69.76 95=83.39 99=113.86 99.9=168.19 99.99=391.42]
2025-04-21 21:17:42 15 sec: 359465 operations; [INSERT: Count=359465 Max=14204.93 Min=4.11 Avg=38.31 10=9.62 25=20.27 50=33.63 75=51.01 90=70.91 95=84.73 99=115.26 99.9=168.19 99.99=409.60]
2025-04-21 21:17:43 16 sec: 376989 operations; [INSERT: Count=376989 Max=14204.93 Min=4.11 Avg=39.02 10=10.02 25=20.78 50=34.27 75=51.84 90=72.00 95=86.02 99=117.31 99.9=171.52 99.99=417.54]
2025-04-21 21:17:44 17 sec: 388523 operations; [INSERT: Count=388523 Max=14204.93 Min=4.11 Avg=40.25 10=10.29 25=21.20 50=35.04 75=53.31 90=74.62 95=89.98 99=125.50 99.9=190.21 99.99=417.54]
2025-04-21 21:17:45 18 sec: 399648 operations; [INSERT: Count=399648 Max=14204.93 Min=4.11 Avg=41.46 10=10.57 25=21.57 50=35.74 75=54.66 90=77.12 95=93.69 99=134.14 99.9=212.99 99.99=429.31]
2025-04-21 21:17:46 19 sec: 410841 operations; [INSERT: Count=410841 Max=14204.93 Min=4.11 Avg=42.62 10=10.85 25=21.87 50=36.35 75=55.84 90=79.36 95=97.41 99=143.74 99.9=249.60 99.99=630.78]
2025-04-21 21:17:47 20 sec: 426374 operations; [INSERT: Count=426374 Max=14204.93 Min=4.11 Avg=43.27 10=11.23 25=22.21 50=36.77 75=56.48 90=80.45 95=99.07 99=146.56 99.9=260.48 99.99=866.82]
2025-04-21 21:17:48 21 sec: 444583 operations; [INSERT: Count=444583 Max=14204.93 Min=4.11 Avg=43.61 10=11.69 25=22.54 50=37.12 75=56.83 90=80.83 95=99.45 99=146.69 99.9=260.48 99.99=886.27]
2025-04-21 21:17:49 22 sec: 463787 operations; [INSERT: Count=463787 Max=14204.93 Min=4.11 Avg=43.82 10=12.14 25=22.86 50=37.38 75=57.02 90=80.89 95=99.20 99=145.66 99.9=257.92 99.99=886.27]
2025-04-21 21:17:50 23 sec: 482873 operations; [INSERT: Count=482873 Max=14204.93 Min=4.11 Avg=44.03 10=12.57 25=23.17 50=37.63 75=57.25 90=81.09 95=99.14 99=144.90 99.9=256.38 99.99=885.76]
2025-04-21 21:17:51 24 sec: 500899 operations; [INSERT: Count=500899 Max=14204.93 Min=4.11 Avg=44.32 10=12.92 25=23.45 50=37.92 75=57.60 90=81.41 95=99.39 99=144.90 99.9=257.15 99.99=901.12]
2025-04-21 21:17:52 25 sec: 518991 operations; [INSERT: Count=518991 Max=14204.93 Min=4.11 Avg=44.58 10=13.29 25=23.76 50=38.24 75=57.92 90=81.73 95=99.58 99=144.25 99.9=255.87 99.99=901.12]
2025-04-21 21:17:53 26 sec: 536767 operations; [INSERT: Count=536767 Max=14204.93 Min=4.11 Avg=44.86 10=13.60 25=24.03 50=38.49 75=58.27 90=82.05 95=99.84 99=144.13 99.9=255.62 99.99=980.48]
2025-04-21 21:17:54 27 sec: 554560 operations; [INSERT: Count=554560 Max=14204.93 Min=4.11 Avg=45.12 10=13.89 25=24.29 50=38.75 75=58.56 90=82.37 95=100.03 99=144.13 99.9=255.74 99.99=991.74]
2025-04-21 21:17:55 28 sec: 573152 operations; [INSERT: Count=573152 Max=14204.93 Min=4.11 Avg=45.23 10=14.18 25=24.48 50=38.81 75=58.49 90=82.24 95=100.03 99=144.90 99.9=261.25 99.99=1009.15]
2025-04-21 21:17:56 29 sec: 592646 operations; [INSERT: Count=592646 Max=14204.93 Min=4.11 Avg=45.26 10=14.41 25=24.57 50=38.78 75=58.30 90=82.11 95=99.97 99=145.41 99.9=266.50 99.99=1022.98]
2025-04-21 21:17:57 30 sec: 610667 operations; [INSERT: Count=610667 Max=14204.93 Min=4.11 Avg=45.40 10=14.64 25=24.75 50=38.88 75=58.37 90=82.11 95=100.16 99=146.18 99.9=269.82 99.99=1025.02]
2025-04-21 21:17:58 31 sec: 628624 operations; [INSERT: Count=628624 Max=14204.93 Min=4.11 Avg=45.53 10=14.90 25=25.02 50=39.07 75=58.46 90=81.98 95=99.90 99=145.92 99.9=270.08 99.99=1025.02]
2025-04-21 21:17:59 32 sec: 645978 operations; [INSERT: Count=645978 Max=14204.93 Min=4.11 Avg=45.71 10=15.11 25=25.21 50=39.26 75=58.56 90=82.05 95=100.03 99=146.81 99.9=273.41 99.99=1025.02]
2025-04-21 21:18:00 33 sec: 664730 operations; [INSERT: Count=664730 Max=14204.93 Min=4.11 Avg=45.77 10=15.35 25=25.47 50=39.42 75=58.56 90=81.79 95=99.52 99=145.92 99.9=271.36 99.99=1025.02]
2025-04-21 21:18:01 34 sec: 683797 operations; [INSERT: Count=683797 Max=14204.93 Min=4.11 Avg=45.80 10=15.55 25=25.60 50=39.42 75=58.49 90=81.66 95=99.39 99=146.05 99.9=273.41 99.99=1073.15]
2025-04-21 21:18:02 35 sec: 721820 operations; [INSERT: Count=721820 Max=14204.93 Min=4.11 Avg=44.59 10=14.56 25=24.16 50=38.11 75=57.22 90=80.38 95=98.05 99=144.77 99.9=270.59 99.99=1073.15]
2025-04-21 21:18:03 36 sec: 782584 operations; [INSERT: Count=782584 Max=14204.93 Min=4.11 Avg=42.15 10=11.38 25=20.75 50=35.71 75=55.10 90=78.40 95=95.94 99=142.46 99.9=263.68 99.99=1025.02]
2025-04-21 21:18:04 37 sec: 850694 operations; [INSERT: Count=850694 Max=14204.93 Min=4.11 Avg=39.69 10=9.74 25=16.99 50=33.12 75=52.90 90=76.35 95=93.82 99=140.03 99.9=255.62 99.99=1009.15]
2025-04-21 21:18:05 38 sec: 923448 operations; [INSERT: Count=923448 Max=14204.93 Min=4.11 Avg=37.39 10=8.89 25=14.09 50=30.38 75=50.72 90=74.37 95=91.84 99=137.73 99.9=246.78 99.99=988.67]
2025-04-21 21:18:06 39 sec: 997078 operations; [INSERT: Count=997078 Max=14204.93 Min=4.11 Avg=35.39 10=8.29 25=12.29 50=27.65 75=48.70 90=72.45 95=89.98 99=135.81 99.9=241.15 99.99=954.88]
2025-04-21 21:18:07 40 sec: 1000000 operations; [INSERT: Count=1000000 Max=14204.93 Min=4.11 Avg=35.32 10=8.29 25=12.24 50=27.55 75=48.64 90=72.38 95=89.92 99=135.81 99.9=240.77 99.99=954.88]
Load runtime(sec): 40.0148
Load operations(ops): 1000000
Load throughput(ops/sec): 24990.8
