Running scope as unit: run-rb5a2828a949e4e119ec20912df729dfd.scope
load file:/home/user/DataFiles/silesia_data/silesia.tar
2025-04-21 21:17:27 0 sec: 0 operations;
2025-04-21 21:17:28 1 sec: 26806 operations; [INSERT: Count=26806 Max=5488.64 Min=5.39 Avg=30.35 10=14.62 25=19.39 50=26.93 75=37.89 90=49.73 95=57.63 99=74.50 99.9=101.12 99.99=365.82]
2025-04-21 21:17:29 2 sec: 59696 operations; [INSERT: Count=59696 Max=5488.64 Min=5.39 Avg=28.59 10=14.08 25=18.53 50=25.44 75=35.68 90=46.75 95=53.85 99=69.44 99.9=93.63 99.99=351.49]
2025-04-21 21:17:30 3 sec: 93360 operations; [INSERT: Count=93360 Max=5488.64 Min=5.39 Avg=27.81 10=13.86 25=18.08 50=24.80 75=34.69 90=45.34 95=52.26 99=67.07 99.9=91.45 99.99=343.81]
2025-04-21 21:17:31 4 sec: 127470 operations; [INSERT: Count=127470 Max=5488.64 Min=5.39 Avg=27.34 10=13.72 25=17.81 50=24.40 75=33.98 90=44.51 95=51.26 99=65.66 99.9=91.52 99.99=334.33]
2025-04-21 21:17:32 5 sec: 161918 operations; [INSERT: Count=161918 Max=5488.64 Min=5.39 Avg=27.00 10=13.65 25=17.60 50=24.11 75=33.57 90=43.81 95=50.49 99=64.77 99.9=91.45 99.99=326.65]
2025-04-21 21:17:33 6 sec: 197635 operations; [INSERT: Count=197635 Max=5488.64 Min=5.39 Avg=26.58 10=13.51 25=17.34 50=23.73 75=32.99 90=43.04 95=49.63 99=63.68 99.9=91.07 99.99=324.35]
2025-04-21 21:17:34 7 sec: 234685 operations; [INSERT: Count=234685 Max=7786.49 Min=5.39 Avg=26.12 10=13.34 25=17.04 50=23.28 75=32.35 90=42.21 95=48.70 99=62.59 99.9=91.01 99.99=317.69]
2025-04-21 21:17:35 8 sec: 271946 operations; [INSERT: Count=271946 Max=7786.49 Min=5.39 Avg=25.77 10=13.23 25=16.85 50=22.98 75=31.90 90=41.60 95=48.03 99=61.79 99.9=88.51 99.99=316.16]
2025-04-21 21:17:36 9 sec: 309806 operations; [INSERT: Count=309806 Max=7786.49 Min=5.39 Avg=25.45 10=13.15 25=16.67 50=22.67 75=31.47 90=41.02 95=47.36 99=60.96 99.9=88.00 99.99=314.88]
2025-04-21 21:17:37 10 sec: 348418 operations; [INSERT: Count=348418 Max=7786.49 Min=5.39 Avg=25.13 10=13.05 25=16.50 50=22.40 75=31.04 90=40.45 95=46.75 99=60.19 99.9=87.61 99.99=314.37]
2025-04-21 21:17:38 11 sec: 386739 operations; [INSERT: Count=386739 Max=7786.49 Min=5.39 Avg=24.90 10=12.97 25=16.35 50=22.16 75=30.70 90=39.97 95=46.24 99=59.65 99.9=88.19 99.99=313.34]
2025-04-21 21:17:39 12 sec: 426047 operations; [INSERT: Count=426047 Max=7786.49 Min=5.39 Avg=24.64 10=12.89 25=16.21 50=21.93 75=30.35 90=39.52 95=45.66 99=58.94 99.9=87.04 99.99=312.57]
2025-04-21 21:17:40 13 sec: 456399 operations; [INSERT: Count=456399 Max=7786.49 Min=5.39 Avg=24.96 10=12.97 25=16.34 50=22.14 75=30.72 90=40.09 95=46.49 99=60.77 99.9=95.74 99.99=314.62]
2025-04-21 21:17:41 14 sec: 475442 operations; [INSERT: Count=475442 Max=7786.49 Min=5.39 Avg=25.84 10=13.08 25=16.56 50=22.61 75=31.63 90=41.85 95=49.41 99=69.44 99.9=115.01 99.99=314.88]
2025-04-21 21:17:42 15 sec: 493988 operations; [INSERT: Count=493988 Max=7786.49 Min=5.39 Avg=26.68 10=13.18 25=16.75 50=23.07 75=32.54 90=43.71 95=52.41 99=77.12 99.9=121.22 99.99=315.90]
2025-04-21 21:17:43 16 sec: 511919 operations; [INSERT: Count=511919 Max=7786.49 Min=5.39 Avg=27.50 10=13.26 25=16.94 50=23.52 75=33.44 90=45.57 95=55.45 99=83.33 99.9=137.98 99.99=317.18]
2025-04-21 21:17:44 17 sec: 530625 operations; [INSERT: Count=530625 Max=7786.49 Min=5.39 Avg=28.23 10=13.36 25=17.12 50=23.93 75=34.24 90=47.26 95=57.95 99=87.36 99.9=162.81 99.99=340.74]
2025-04-21 21:17:45 18 sec: 556517 operations; [INSERT: Count=556517 Max=7786.49 Min=5.39 Avg=28.55 10=13.42 25=17.25 50=24.16 75=34.59 90=47.84 95=58.75 99=88.96 99.9=179.20 99.99=357.63]
2025-04-21 21:17:46 19 sec: 583608 operations; [INSERT: Count=583608 Max=7786.49 Min=5.39 Avg=28.77 10=13.42 25=17.25 50=24.19 75=34.72 90=48.19 95=59.42 99=91.45 99.9=192.90 99.99=508.42]
2025-04-21 21:17:47 20 sec: 617557 operations; [INSERT: Count=617557 Max=7786.49 Min=5.39 Avg=28.62 10=13.38 25=17.18 50=24.08 75=34.56 90=47.87 95=58.94 99=90.94 99.9=192.51 99.99=508.42]
2025-04-21 21:17:48 21 sec: 653447 operations; [INSERT: Count=653447 Max=7786.49 Min=5.39 Avg=28.40 10=13.30 25=17.09 50=23.92 75=34.30 90=47.42 95=58.34 99=90.30 99.9=190.97 99.99=479.74]
2025-04-21 21:17:49 22 sec: 688401 operations; [INSERT: Count=688401 Max=7786.49 Min=5.39 Avg=28.25 10=13.29 25=17.05 50=23.84 75=34.14 90=47.04 95=57.70 99=89.28 99.9=186.50 99.99=452.61]
2025-04-21 21:17:50 23 sec: 720840 operations; [INSERT: Count=720840 Max=7786.49 Min=5.39 Avg=28.21 10=13.33 25=17.09 50=23.89 75=34.14 90=46.88 95=57.31 99=88.32 99.9=182.78 99.99=443.39]
2025-04-21 21:17:51 24 sec: 750112 operations; [INSERT: Count=750112 Max=7786.49 Min=5.39 Avg=28.32 10=13.38 25=17.18 50=24.00 75=34.30 90=47.07 95=57.38 99=88.32 99.9=181.50 99.99=455.68]
2025-04-21 21:17:52 25 sec: 779245 operations; [INSERT: Count=779245 Max=7786.49 Min=5.39 Avg=28.42 10=13.45 25=17.30 50=24.14 75=34.46 90=47.23 95=57.38 99=87.74 99.9=179.46 99.99=467.71]
2025-04-21 21:17:53 26 sec: 807923 operations; [INSERT: Count=807923 Max=7786.49 Min=5.39 Avg=28.53 10=13.50 25=17.39 50=24.27 75=34.62 90=47.42 95=57.50 99=87.68 99.9=178.30 99.99=464.64]
2025-04-21 21:17:54 27 sec: 836074 operations; [INSERT: Count=836074 Max=7786.49 Min=5.39 Avg=28.65 10=13.54 25=17.45 50=24.37 75=34.78 90=47.62 95=57.76 99=88.25 99.9=179.84 99.99=471.04]
2025-04-21 21:17:55 28 sec: 864661 operations; [INSERT: Count=864661 Max=9551.87 Min=5.39 Avg=28.75 10=13.57 25=17.49 50=24.41 75=34.85 90=47.71 95=57.89 99=88.89 99.9=182.78 99.99=508.42]
2025-04-21 21:17:56 29 sec: 891918 operations; [INSERT: Count=891918 Max=9551.87 Min=5.39 Avg=28.89 10=13.61 25=17.55 50=24.51 75=34.98 90=47.90 95=58.17 99=89.92 99.9=185.73 99.99=582.65]
2025-04-21 21:17:57 30 sec: 920357 operations; [INSERT: Count=920357 Max=9551.87 Min=5.39 Avg=28.98 10=13.65 25=17.61 50=24.59 75=35.10 90=48.09 95=58.30 99=89.86 99.9=186.50 99.99=582.65]
2025-04-21 21:17:58 31 sec: 947766 operations; [INSERT: Count=947766 Max=9551.87 Min=5.39 Avg=29.11 10=13.65 25=17.65 50=24.66 75=35.23 90=48.32 95=58.59 99=90.94 99.9=189.31 99.99=611.84]
2025-04-21 21:17:59 32 sec: 975194 operations; [INSERT: Count=975194 Max=9551.87 Min=5.39 Avg=29.21 10=13.70 25=17.71 50=24.75 75=35.39 90=48.54 95=58.81 99=90.94 99.9=188.54 99.99=591.87]
2025-04-21 21:18:00 33 sec: 1000000 operations; [INSERT: Count=1000000 Max=9551.87 Min=5.39 Avg=29.36 10=13.73 25=17.77 50=24.86 75=35.55 90=48.77 95=59.10 99=91.71 99.9=191.49 99.99=630.27]
2025-04-21 21:18:01 34 sec: 1000000 operations; [INSERT: Count=1000000 Max=9551.87 Min=5.39 Avg=29.36 10=13.73 25=17.77 50=24.86 75=35.55 90=48.77 95=59.10 99=91.71 99.9=191.49 99.99=630.27]
2025-04-21 21:18:02 34 sec: 1000000 operations; [INSERT: Count=1000000 Max=9551.87 Min=5.39 Avg=29.36 10=13.73 25=17.77 50=24.86 75=35.55 90=48.77 95=59.10 99=91.71 99.9=191.49 99.99=630.27]
Load runtime(sec): 34.2693
Load operations(ops): 1000000
Load throughput(ops/sec): 29180.6
