Running scope as unit: run-r632b6aa1f34046c9a118310d6ba4a3f0.scope
load file:/home/user/DataFiles/silesia_data/silesia.tar
2025-04-23 02:47:45 0 sec: 0 operations;
2025-04-23 02:47:46 1 sec: 44285 operations; [INSERT: Count=44285 Max=6737.92 Min=4.41 Avg=18.68 10=9.56 25=12.03 50=16.35 75=23.12 90=30.18 95=34.88 99=45.12 99.9=65.60 99.99=231.68]
2025-04-23 02:47:47 2 sec: 89513 operations; [INSERT: Count=89513 Max=6737.92 Min=4.41 Avg=18.76 10=9.90 25=12.31 50=16.56 75=23.20 90=30.16 95=34.72 99=44.45 99.9=60.19 99.99=231.68]
2025-04-23 02:47:48 3 sec: 135694 operations; [INSERT: Count=135694 Max=6737.92 Min=4.41 Avg=18.62 10=10.00 25=12.36 50=16.48 75=22.98 90=29.71 95=34.21 99=43.77 99.9=60.51 99.99=231.29]
2025-04-23 02:47:49 4 sec: 183081 operations; [INSERT: Count=183081 Max=6737.92 Min=4.41 Avg=18.40 10=10.03 25=12.32 50=16.32 75=22.61 90=29.20 95=33.57 99=42.91 99.9=60.03 99.99=231.81]
2025-04-23 02:47:50 5 sec: 231069 operations; [INSERT: Count=231069 Max=6737.92 Min=4.41 Avg=18.21 10=10.05 25=12.29 50=16.18 75=22.27 90=28.73 95=32.96 99=42.17 99.9=59.68 99.99=236.03]
2025-04-23 02:47:51 6 sec: 280545 operations; [INSERT: Count=280545 Max=8396.80 Min=4.41 Avg=17.98 10=10.00 25=12.18 50=15.94 75=21.87 90=28.18 95=32.38 99=41.85 99.9=65.60 99.99=235.39]
2025-04-23 02:47:52 7 sec: 330996 operations; [INSERT: Count=330996 Max=8396.80 Min=4.41 Avg=17.75 10=9.98 25=12.11 50=15.78 75=21.54 90=27.66 95=31.77 99=41.12 99.9=65.28 99.99=233.09]
2025-04-23 02:47:53 8 sec: 381095 operations; [INSERT: Count=381095 Max=8396.80 Min=4.41 Avg=17.61 10=9.98 25=12.08 50=15.68 75=21.30 90=27.30 95=31.31 99=40.61 99.9=64.58 99.99=232.83]
2025-04-23 02:47:54 9 sec: 430211 operations; [INSERT: Count=430211 Max=8396.80 Min=4.41 Avg=17.54 10=10.02 25=12.10 50=15.65 75=21.20 90=27.10 95=31.07 99=40.19 99.9=63.30 99.99=235.39]
2025-04-23 02:47:55 10 sec: 474551 operations; [INSERT: Count=474551 Max=8396.80 Min=4.41 Avg=17.70 10=10.04 25=12.15 50=15.76 75=21.38 90=27.36 95=31.41 99=40.70 99.9=63.55 99.99=249.47]
2025-04-23 02:47:56 11 sec: 520427 operations; [INSERT: Count=520427 Max=8396.80 Min=4.41 Avg=17.77 10=10.00 25=12.13 50=15.78 75=21.45 90=27.54 95=31.66 99=41.34 99.9=73.41 99.99=278.27]
2025-04-23 02:47:57 12 sec: 568130 operations; [INSERT: Count=568130 Max=8396.80 Min=4.41 Avg=17.76 10=9.95 25=12.10 50=15.78 75=21.47 90=27.57 95=31.71 99=41.44 99.9=71.36 99.99=312.32]
2025-04-23 02:47:58 13 sec: 615067 operations; [INSERT: Count=615067 Max=8396.80 Min=4.41 Avg=17.77 10=9.93 25=12.09 50=15.78 75=21.49 90=27.63 95=31.81 99=41.57 99.9=69.44 99.99=336.89]
2025-04-23 02:47:59 14 sec: 662208 operations; [INSERT: Count=662208 Max=8396.80 Min=4.41 Avg=17.77 10=9.92 25=12.09 50=15.79 75=21.52 90=27.65 95=31.82 99=41.53 99.9=68.29 99.99=350.21]
2025-04-23 02:48:00 15 sec: 708726 operations; [INSERT: Count=708726 Max=8396.80 Min=4.41 Avg=17.80 10=9.93 25=12.10 50=15.81 75=21.55 90=27.70 95=31.89 99=41.60 99.9=66.37 99.99=360.70]
2025-04-23 02:48:01 16 sec: 745158 operations; [INSERT: Count=745158 Max=8396.80 Min=4.41 Avg=18.10 10=9.98 25=12.20 50=16.01 75=21.89 90=28.32 95=32.83 99=43.97 99.9=76.03 99.99=365.57]
2025-04-23 02:48:02 17 sec: 783522 operations; [INSERT: Count=783522 Max=8396.80 Min=4.41 Avg=18.33 10=10.03 25=12.29 50=16.16 75=22.14 90=28.73 95=33.47 99=45.38 99.9=80.25 99.99=380.67]
2025-04-23 02:48:03 18 sec: 819486 operations; [INSERT: Count=819486 Max=34078.72 Min=4.41 Avg=18.59 10=10.05 25=12.31 50=16.21 75=22.24 90=28.99 95=33.98 99=47.62 99.9=98.11 99.99=404.48]
2025-04-23 02:48:04 19 sec: 854370 operations; [INSERT: Count=854370 Max=41713.66 Min=4.41 Avg=18.86 10=10.03 25=12.28 50=16.17 75=22.24 90=29.20 95=34.56 99=51.26 99.9=123.33 99.99=424.70]
2025-04-23 02:48:05 20 sec: 898401 operations; [INSERT: Count=898401 Max=41713.66 Min=4.41 Avg=18.88 10=10.05 25=12.29 50=16.17 75=22.21 90=29.15 95=34.53 99=51.84 99.9=126.78 99.99=436.99]
2025-04-23 02:48:06 21 sec: 949211 operations; [INSERT: Count=949211 Max=41713.66 Min=4.41 Avg=18.74 10=9.94 25=12.18 50=16.03 75=22.05 90=28.98 95=34.34 99=52.13 99.9=127.49 99.99=446.98]
2025-04-23 02:48:07 22 sec: 1000000 operations; [INSERT: Count=1000000 Max=41713.66 Min=4.41 Avg=18.51 10=9.70 25=11.96 50=15.78 75=21.74 90=28.69 95=34.08 99=52.61 99.9=133.38 99.99=453.12]
2025-04-23 02:48:08 23 sec: 1000000 operations; [INSERT: Count=1000000 Max=41713.66 Min=4.41 Avg=18.51 10=9.70 25=11.96 50=15.78 75=21.74 90=28.69 95=34.08 99=52.61 99.9=133.38 99.99=453.12]
2025-04-23 02:48:09 24 sec: 1000000 operations; [INSERT: Count=1000000 Max=41713.66 Min=4.41 Avg=18.51 10=9.70 25=11.96 50=15.78 75=21.74 90=28.69 95=34.08 99=52.61 99.9=133.38 99.99=453.12]
2025-04-23 02:48:10 25 sec: 1000000 operations; [INSERT: Count=1000000 Max=41713.66 Min=4.41 Avg=18.51 10=9.70 25=11.96 50=15.78 75=21.74 90=28.69 95=34.08 99=52.61 99.9=133.38 99.99=453.12]
2025-04-23 02:48:11 26 sec: 1000000 operations; [INSERT: Count=1000000 Max=41713.66 Min=4.41 Avg=18.51 10=9.70 25=11.96 50=15.78 75=21.74 90=28.69 95=34.08 99=52.61 99.9=133.38 99.99=453.12]
2025-04-23 02:48:12 27 sec: 1000000 operations; [INSERT: Count=1000000 Max=41713.66 Min=4.41 Avg=18.51 10=9.70 25=11.96 50=15.78 75=21.74 90=28.69 95=34.08 99=52.61 99.9=133.38 99.99=453.12]
2025-04-23 02:48:13 28 sec: 1000000 operations; [INSERT: Count=1000000 Max=41713.66 Min=4.41 Avg=18.51 10=9.70 25=11.96 50=15.78 75=21.74 90=28.69 95=34.08 99=52.61 99.9=133.38 99.99=453.12]
2025-04-23 02:48:14 29 sec: 1000000 operations; [INSERT: Count=1000000 Max=41713.66 Min=4.41 Avg=18.51 10=9.70 25=11.96 50=15.78 75=21.74 90=28.69 95=34.08 99=52.61 99.9=133.38 99.99=453.12]
2025-04-23 02:48:15 30 sec: 1000000 operations; [INSERT: Count=1000000 Max=41713.66 Min=4.41 Avg=18.51 10=9.70 25=11.96 50=15.78 75=21.74 90=28.69 95=34.08 99=52.61 99.9=133.38 99.99=453.12]
2025-04-23 02:48:16 31 sec: 1000000 operations; [INSERT: Count=1000000 Max=41713.66 Min=4.41 Avg=18.51 10=9.70 25=11.96 50=15.78 75=21.74 90=28.69 95=34.08 99=52.61 99.9=133.38 99.99=453.12]
2025-04-23 02:48:17 32 sec: 1000000 operations; [INSERT: Count=1000000 Max=41713.66 Min=4.41 Avg=18.51 10=9.70 25=11.96 50=15.78 75=21.74 90=28.69 95=34.08 99=52.61 99.9=133.38 99.99=453.12]
2025-04-23 02:48:18 33 sec: 1000000 operations; [INSERT: Count=1000000 Max=41713.66 Min=4.41 Avg=18.51 10=9.70 25=11.96 50=15.78 75=21.74 90=28.69 95=34.08 99=52.61 99.9=133.38 99.99=453.12]
2025-04-23 02:48:18 33 sec: 1000000 operations; [INSERT: Count=1000000 Max=41713.66 Min=4.41 Avg=18.51 10=9.70 25=11.96 50=15.78 75=21.74 90=28.69 95=34.08 99=52.61 99.9=133.38 99.99=453.12]
Load runtime(sec): 33.0233
Load operations(ops): 1000000
Load throughput(ops/sec): 30281.7
