Running scope as unit: run-ra53e07a47ba94f3aa4b973476881f147.scope
load file:/home/user/DataFiles/silesia_data/silesia.tar
2025-04-22 06:26:41 0 sec: 0 operations;
2025-04-22 06:26:42 1 sec: 0 operations;
2025-04-22 06:26:43 2 sec: 0 operations;
2025-04-22 06:26:44 3 sec: 0 operations;
2025-04-22 06:26:45 4 sec: 0 operations;
2025-04-22 06:26:46 5 sec: 0 operations;
2025-04-22 06:26:47 6 sec: 4107 operations; [READ: Count=2728 Max=1927.17 Min=5.48 Avg=79.84 10=15.52 25=19.42 50=25.55 75=106.50 90=161.53 95=316.67 99=677.89 99.9=1041.41 99.99=1927.17] [UPDATE: Count=1379 Max=2195.45 Min=9.94 Avg=31.85 10=13.52 25=15.43 50=18.96 75=25.77 90=39.45 95=51.65 99=135.17 99.9=2019.33 99.99=2195.45]
2025-04-22 06:26:48 7 sec: 13902 operations; [READ: Count=9285 Max=1927.17 Min=3.50 Avg=111.07 10=17.63 25=22.88 50=32.96 75=125.95 90=294.40 95=478.21 99=896.00 99.9=1414.14 99.99=1708.03] [UPDATE: Count=4617 Max=9322.50 Min=8.06 Avg=47.95 10=13.67 25=16.09 50=20.50 75=27.38 90=38.94 95=52.32 99=547.84 99.9=5582.85 99.99=9322.50]
2025-04-22 06:26:49 8 sec: 22055 operations; [READ: Count=14703 Max=2336.77 Min=3.50 Avg=124.25 10=18.50 25=24.86 50=36.93 75=129.66 90=351.74 95=596.99 99=1006.59 99.9=1492.99 99.99=2314.24] [UPDATE: Count=7352 Max=10682.37 Min=8.06 Avg=56.71 10=14.42 25=17.31 50=22.78 75=31.07 90=43.49 95=54.72 99=651.77 99.9=7458.81 99.99=10338.30]
2025-04-22 06:26:50 9 sec: 28000 operations; [READ: Count=18667 Max=2336.77 Min=3.50 Avg=142.83 10=19.09 25=25.89 50=38.34 75=133.25 90=426.50 95=736.77 99=1139.71 99.9=1617.92 99.99=1970.17] [UPDATE: Count=9333 Max=10952.70 Min=8.06 Avg=61.27 10=14.64 25=17.66 50=23.18 75=31.70 90=44.38 95=55.26 99=641.02 99.9=8814.59 99.99=10887.17]
2025-04-22 06:26:51 10 sec: 37428 operations; [READ: Count=24866 Max=2654.21 Min=3.50 Avg=143.60 10=19.42 25=26.56 50=38.94 75=133.25 90=428.54 95=731.65 99=1144.83 99.9=1656.83 99.99=2336.77] [UPDATE: Count=12562 Max=10952.70 Min=8.06 Avg=52.42 10=13.70 25=16.30 50=21.14 75=28.78 90=40.73 95=51.52 99=475.39 99.9=7458.81 99.99=10887.17]
2025-04-22 06:26:52 11 sec: 50319 operations; [READ: Count=33479 Max=4481.02 Min=3.43 Avg=131.97 10=18.21 25=24.98 50=37.50 75=126.33 90=362.24 95=662.01 99=1130.49 99.9=1868.80 99.99=3303.42] [UPDATE: Count=16840 Max=10952.70 Min=6.84 Avg=47.46 10=12.81 25=15.09 50=19.20 75=26.21 90=37.28 95=48.03 99=390.65 99.9=7401.47 99.99=10682.37]
2025-04-22 06:26:53 12 sec: 67700 operations; [READ: Count=45049 Max=4481.02 Min=3.29 Avg=116.60 10=17.66 25=23.28 50=35.13 75=121.41 90=276.48 95=554.50 99=1068.03 99.9=1690.62 99.99=2621.44] [UPDATE: Count=22651 Max=10952.70 Min=6.84 Avg=41.84 10=12.40 25=14.57 50=18.46 75=24.80 90=34.81 95=45.18 99=323.33 99.9=5939.20 99.99=10682.37]
2025-04-22 06:26:54 13 sec: 83961 operations; [READ: Count=55858 Max=4481.02 Min=2.70 Avg=109.26 10=16.98 25=21.93 50=33.05 75=118.08 90=246.27 95=502.27 99=1030.14 99.9=1635.33 99.99=2557.95] [UPDATE: Count=28103 Max=10952.70 Min=6.51 Avg=38.56 10=11.97 25=14.15 50=17.84 75=23.86 90=33.34 95=43.17 99=269.57 99.9=5582.85 99.99=10338.30]
2025-04-22 06:26:55 14 sec: 100936 operations; [READ: Count=67112 Max=4481.02 Min=2.70 Avg=103.30 10=17.01 25=21.81 50=32.32 75=115.01 90=227.84 95=465.66 99=989.18 99.9=1596.41 99.99=2404.35] [UPDATE: Count=33824 Max=10952.70 Min=6.51 Avg=36.57 10=11.99 25=14.19 50=17.84 75=23.60 90=32.40 95=41.70 99=236.80 99.9=4726.78 99.99=10338.30]
2025-04-22 06:26:56 15 sec: 121014 operations; [READ: Count=80418 Max=4481.02 Min=2.59 Avg=96.67 10=16.70 25=21.17 50=31.01 75=109.44 90=208.13 95=432.89 99=948.22 99.9=1547.26 99.99=2404.35] [UPDATE: Count=40596 Max=10952.70 Min=6.49 Avg=33.95 10=11.68 25=13.76 50=17.25 75=22.72 90=31.05 95=39.30 99=152.70 99.9=3088.38 99.99=10207.23]
2025-04-22 06:26:57 16 sec: 136641 operations; [READ: Count=90823 Max=4481.02 Min=2.59 Avg=94.91 10=16.59 25=20.99 50=30.38 75=104.51 90=199.55 95=428.54 99=977.41 99.9=1596.41 99.99=2396.16] [UPDATE: Count=45818 Max=10952.70 Min=6.49 Avg=33.13 10=11.54 25=13.62 50=17.05 75=22.38 90=30.40 95=38.34 99=128.77 99.9=3467.26 99.99=9338.88]
2025-04-22 06:26:58 17 sec: 154408 operations; [READ: Count=102699 Max=4481.02 Min=2.59 Avg=92.05 10=16.67 25=21.15 50=30.53 75=102.14 90=192.90 95=408.83 99=944.13 99.9=1577.98 99.99=2367.49] [UPDATE: Count=51709 Max=10952.70 Min=6.49 Avg=32.24 10=11.51 25=13.58 50=16.96 75=22.19 90=29.92 95=37.60 99=135.04 99.9=2734.08 99.99=9338.88]
2025-04-22 06:26:59 18 sec: 169521 operations; [READ: Count=112810 Max=4481.02 Min=2.59 Avg=91.59 10=16.66 25=21.18 50=30.75 75=105.15 90=193.92 95=399.10 99=917.50 99.9=1543.17 99.99=2336.77] [UPDATE: Count=56711 Max=10952.70 Min=6.49 Avg=31.30 10=11.45 25=13.46 50=16.75 75=21.84 90=29.26 95=36.73 99=111.61 99.9=2684.93 99.99=9322.50]
2025-04-22 06:27:00 19 sec: 183104 operations; [READ: Count=121823 Max=4481.02 Min=2.59 Avg=92.10 10=16.64 25=21.26 50=31.12 75=108.22 90=198.01 95=393.98 99=897.53 99.9=1520.64 99.99=2316.29] [UPDATE: Count=61281 Max=10952.70 Min=6.49 Avg=30.60 10=11.40 25=13.37 50=16.59 75=21.52 90=28.72 95=36.03 99=107.14 99.9=2684.93 99.99=9322.50]
2025-04-22 06:27:01 20 sec: 197087 operations; [READ: Count=131143 Max=4481.02 Min=2.59 Avg=92.49 10=16.61 25=21.28 50=31.45 75=109.82 90=200.19 95=388.10 99=877.05 99.9=1492.99 99.99=2314.24] [UPDATE: Count=65944 Max=10952.70 Min=6.49 Avg=29.62 10=11.29 25=13.19 50=16.31 75=21.12 90=28.14 95=35.26 99=94.66 99.9=2613.25 99.99=8921.09]
2025-04-22 06:27:02 21 sec: 207652 operations; [READ: Count=138181 Max=4481.02 Min=2.59 Avg=94.40 10=16.56 25=21.30 50=31.70 75=110.97 90=205.44 95=392.70 99=894.46 99.9=1570.82 99.99=2316.29] [UPDATE: Count=69471 Max=10952.70 Min=6.49 Avg=29.20 10=11.24 25=13.10 50=16.15 75=20.88 90=27.76 95=34.78 99=91.01 99.9=2613.25 99.99=8921.09]
2025-04-22 06:27:03 22 sec: 219689 operations; [READ: Count=146220 Max=4481.02 Min=2.41 Avg=95.52 10=16.32 25=21.20 50=31.93 75=111.81 90=207.23 95=392.19 99=897.53 99.9=1591.30 99.99=2406.40] [UPDATE: Count=73469 Max=10952.70 Min=6.49 Avg=28.55 10=11.13 25=12.92 50=15.93 75=20.54 90=27.36 95=34.27 99=86.02 99.9=2445.31 99.99=8921.09]
2025-04-22 06:27:04 23 sec: 232654 operations; [READ: Count=154866 Max=4481.02 Min=2.41 Avg=96.09 10=16.10 25=21.15 50=32.30 75=112.45 90=208.00 95=387.84 99=882.17 99.9=1588.22 99.99=2406.40] [UPDATE: Count=77788 Max=10952.70 Min=6.49 Avg=27.95 10=11.02 25=12.75 50=15.68 75=20.22 90=26.98 95=33.76 99=85.82 99.9=2328.57 99.99=8863.74]
2025-04-22 06:27:05 24 sec: 246088 operations; [READ: Count=163815 Max=4481.02 Min=2.41 Avg=96.39 10=15.86 25=21.09 50=32.54 75=112.96 90=208.51 95=384.51 99=868.35 99.9=1577.98 99.99=2404.35] [UPDATE: Count=82273 Max=10952.70 Min=6.49 Avg=27.41 10=10.93 25=12.60 50=15.47 75=19.89 90=26.57 95=33.31 99=84.73 99.9=2277.38 99.99=8863.74]
2025-04-22 06:27:06 25 sec: 259044 operations; [READ: Count=172406 Max=4481.02 Min=2.41 Avg=96.81 10=15.84 25=21.12 50=32.83 75=113.66 90=210.43 95=383.23 99=860.16 99.9=1564.67 99.99=2404.35] [UPDATE: Count=86638 Max=10952.70 Min=6.49 Avg=27.04 10=10.91 25=12.57 50=15.39 75=19.74 90=26.29 95=32.96 99=84.29 99.9=2232.32 99.99=8814.59]
2025-04-22 06:27:07 26 sec: 273057 operations; [READ: Count=181765 Max=4481.02 Min=2.41 Avg=96.78 10=15.79 25=21.09 50=32.90 75=113.79 90=210.43 95=381.44 99=854.53 99.9=1577.98 99.99=2404.35] [UPDATE: Count=91292 Max=10952.70 Min=6.49 Avg=26.64 10=10.90 25=12.55 50=15.32 75=19.55 90=25.98 95=32.56 99=81.92 99.9=2224.13 99.99=8814.59]
2025-04-22 06:27:08 27 sec: 286724 operations; [READ: Count=190899 Max=4481.02 Min=2.41 Avg=96.88 10=15.73 25=21.01 50=32.80 75=113.60 90=210.43 95=381.18 99=857.09 99.9=1612.80 99.99=2543.61] [UPDATE: Count=95825 Max=10952.70 Min=6.49 Avg=26.27 10=10.89 25=12.52 50=15.26 75=19.41 90=25.76 95=32.17 99=81.47 99.9=2164.74 99.99=8486.91]
2025-04-22 06:27:09 28 sec: 303520 operations; [READ: Count=202060 Max=4481.02 Min=2.41 Avg=95.86 10=15.62 25=20.86 50=32.46 75=113.09 90=209.66 95=377.34 99=839.68 99.9=1596.41 99.99=2502.66] [UPDATE: Count=101460 Max=10952.70 Min=6.49 Avg=25.89 10=10.87 25=12.48 50=15.17 75=19.25 90=25.49 95=31.77 99=80.32 99.9=2109.44 99.99=8486.91]
2025-04-22 06:27:10 29 sec: 321982 operations; [READ: Count=214346 Max=4481.02 Min=2.28 Avg=94.42 10=15.47 25=20.66 50=32.14 75=112.13 90=206.34 95=370.18 99=825.34 99.9=1579.01 99.99=2502.66] [UPDATE: Count=107636 Max=10952.70 Min=6.49 Avg=25.48 10=10.81 25=12.41 50=15.05 75=19.07 90=25.20 95=31.39 99=80.70 99.9=2069.50 99.99=8220.67]
2025-04-22 06:27:11 30 sec: 342530 operations; [READ: Count=228058 Max=4481.02 Min=2.28 Avg=92.69 10=15.30 25=20.34 50=32.24 75=110.08 90=200.06 95=357.89 99=806.91 99.9=1559.55 99.99=2406.40] [UPDATE: Count=114472 Max=10952.70 Min=6.49 Avg=24.71 10=10.57 25=12.14 50=14.76 75=18.75 90=24.77 95=30.82 99=77.31 99.9=1983.49 99.99=8204.29]
2025-04-22 06:27:12 31 sec: 363285 operations; [READ: Count=241869 Max=4481.02 Min=2.28 Avg=91.12 10=15.09 25=20.02 50=32.34 75=108.03 90=194.94 95=348.16 99=788.48 99.9=1539.07 99.99=2404.35] [UPDATE: Count=121416 Max=10952.70 Min=6.49 Avg=24.01 10=10.39 25=11.89 50=14.47 75=18.43 90=24.34 95=30.32 99=74.11 99.9=1876.99 99.99=8204.29]
2025-04-22 06:27:13 32 sec: 383288 operations; [READ: Count=255244 Max=4481.02 Min=2.28 Avg=89.89 10=14.89 25=19.74 50=32.43 75=106.30 90=190.97 95=339.97 99=773.12 99.9=1522.69 99.99=2404.35] [UPDATE: Count=128044 Max=10952.70 Min=6.49 Avg=23.40 10=10.28 25=11.66 50=14.23 75=18.14 90=23.97 95=29.84 99=71.74 99.9=1797.12 99.99=8110.08]
2025-04-22 06:27:14 33 sec: 407073 operations; [READ: Count=271053 Max=4481.02 Min=2.12 Avg=87.92 10=14.67 25=19.44 50=32.48 75=104.06 90=184.45 95=325.12 99=756.22 99.9=1492.99 99.99=2396.16] [UPDATE: Count=136020 Max=10952.70 Min=6.49 Avg=22.74 10=10.18 25=11.43 50=13.98 75=17.81 90=23.57 95=29.25 99=68.42 99.9=1720.32 99.99=8019.97]
2025-04-22 06:27:15 34 sec: 431221 operations; [READ: Count=287188 Max=4481.02 Min=2.12 Avg=86.06 10=14.43 25=19.14 50=32.46 75=102.21 90=178.18 95=310.78 99=737.79 99.9=1475.58 99.99=2373.63] [UPDATE: Count=144033 Max=10952.70 Min=6.49 Avg=22.15 10=10.11 25=11.26 50=13.76 75=17.50 90=23.18 95=28.72 99=64.93 99.9=1670.14 99.99=8019.97]
2025-04-22 06:27:16 35 sec: 455134 operations; [READ: Count=303183 Max=4481.02 Min=2.12 Avg=84.45 10=14.21 25=18.89 50=32.48 75=100.67 90=171.90 95=297.21 99=719.36 99.9=1463.30 99.99=2367.49] [UPDATE: Count=151951 Max=10952.70 Min=6.49 Avg=21.63 10=10.06 25=11.13 50=13.57 75=17.23 90=22.83 95=28.27 99=62.56 99.9=1522.69 99.99=7766.02]
2025-04-22 06:27:17 36 sec: 474859 operations; [READ: Count=316281 Max=4481.02 Min=2.12 Avg=83.78 10=14.05 25=18.80 50=32.49 75=100.22 90=168.83 95=292.35 99=709.63 99.9=1438.72 99.99=2324.48] [UPDATE: Count=158578 Max=10952.70 Min=6.49 Avg=21.29 10=10.05 25=11.10 50=13.49 75=17.07 90=22.57 95=27.93 99=60.83 99.9=1475.58 99.99=7458.81]
2025-04-22 06:27:18 37 sec: 497607 operations; [READ: Count=331477 Max=4481.02 Min=2.12 Avg=82.62 10=13.82 25=18.66 50=32.48 75=99.33 90=163.20 95=282.62 99=695.29 99.9=1419.26 99.99=2316.29] [UPDATE: Count=166130 Max=10952.70 Min=6.49 Avg=20.90 10=10.01 25=11.03 50=13.37 75=16.85 90=22.29 95=27.58 99=59.17 99.9=1429.50 99.99=7401.47]
2025-04-22 06:27:19 38 sec: 517673 operations; [READ: Count=344857 Max=4481.02 Min=2.12 Avg=82.02 10=13.62 25=18.56 50=32.48 75=98.81 90=159.62 95=277.76 99=687.62 99.9=1408.00 99.99=2316.29] [UPDATE: Count=172816 Max=10952.70 Min=6.49 Avg=20.60 10=9.98 25=10.99 50=13.29 75=16.69 90=22.05 95=27.30 99=57.57 99.9=1380.35 99.99=7401.47]
2025-04-22 06:27:20 39 sec: 537536 operations; [READ: Count=358142 Max=4481.02 Min=2.12 Avg=81.48 10=13.43 25=18.50 50=32.48 75=98.69 90=157.44 95=272.89 99=675.33 99.9=1394.69 99.99=2314.24] [UPDATE: Count=179394 Max=10952.70 Min=6.49 Avg=20.33 10=9.97 25=10.97 50=13.23 75=16.56 90=21.84 95=27.05 99=56.61 99.9=1343.49 99.99=6492.16]
2025-04-22 06:27:21 40 sec: 557903 operations; [READ: Count=371714 Max=4481.02 Min=2.12 Avg=80.91 10=13.18 25=18.38 50=32.49 75=98.50 90=155.39 95=268.29 99=664.06 99.9=1385.47 99.99=2297.86] [UPDATE: Count=186189 Max=10952.70 Min=6.49 Avg=20.08 10=9.94 25=10.92 50=13.13 75=16.40 90=21.63 95=26.82 99=55.94 99.9=1299.45 99.99=6414.34]
2025-04-22 06:27:22 41 sec: 576184 operations; [READ: Count=383907 Max=4481.02 Min=2.12 Avg=80.65 10=12.98 25=18.38 50=32.48 75=98.50 90=153.85 95=266.24 99=657.92 99.9=1376.26 99.99=2297.86] [UPDATE: Count=192277 Max=10952.70 Min=6.49 Avg=19.95 10=9.95 25=10.94 50=13.15 75=16.34 90=21.47 95=26.57 99=55.42 99.9=1256.45 99.99=6492.16]
2025-04-22 06:27:23 42 sec: 597536 operations; [READ: Count=398184 Max=4481.02 Min=2.12 Avg=80.00 10=12.69 25=18.29 50=32.37 75=98.24 90=151.04 95=261.38 99=648.19 99.9=1359.87 99.99=2289.66] [UPDATE: Count=199352 Max=10952.70 Min=6.49 Avg=19.71 10=9.94 25=10.91 50=13.10 75=16.22 90=21.26 95=26.30 99=54.37 99.9=1198.08 99.99=6414.34]
2025-04-22 06:27:24 43 sec: 619776 operations; [READ: Count=413013 Max=4481.02 Min=2.12 Avg=79.28 10=12.34 25=18.18 50=32.08 75=97.86 90=148.35 95=256.25 99=643.07 99.9=1349.63 99.99=2279.42] [UPDATE: Count=206763 Max=10952.70 Min=6.49 Avg=19.47 10=9.92 25=10.88 50=13.03 75=16.09 90=21.05 95=26.08 99=53.76 99.9=1169.41 99.99=6369.28]
2025-04-22 06:27:25 44 sec: 644061 operations; [READ: Count=429258 Max=4481.02 Min=2.12 Avg=78.32 10=11.98 25=18.06 50=31.63 75=97.41 90=145.66 95=250.50 99=630.78 99.9=1337.34 99.99=2275.33] [UPDATE: Count=214803 Max=10952.70 Min=6.49 Avg=19.22 10=9.89 25=10.86 50=12.97 75=15.99 90=20.86 95=25.81 99=52.80 99.9=1114.11 99.99=6369.28]
2025-04-22 06:27:26 45 sec: 671200 operations; [READ: Count=447314 Max=4481.02 Min=2.12 Avg=77.10 10=11.53 25=17.89 50=30.93 75=96.89 90=142.59 95=243.97 99=620.03 99.9=1320.96 99.99=2271.23] [UPDATE: Count=223886 Max=10952.70 Min=6.36 Avg=18.96 10=9.87 25=10.81 50=12.87 75=15.84 90=20.62 95=25.54 99=51.81 99.9=1078.27 99.99=6254.59]
2025-04-22 06:27:27 46 sec: 695172 operations; [READ: Count=463373 Max=4481.02 Min=2.12 Avg=76.30 10=11.18 25=17.76 50=30.22 75=96.45 90=140.80 95=241.02 99=615.42 99.9=1315.84 99.99=2269.18] [UPDATE: Count=231799 Max=10952.70 Min=6.36 Avg=18.79 10=9.85 25=10.78 50=12.80 75=15.73 90=20.43 95=25.30 99=51.23 99.9=1061.89 99.99=6004.73]
2025-04-22 06:27:28 47 sec: 719697 operations; [READ: Count=479705 Max=4481.02 Min=2.12 Avg=75.51 10=10.89 25=17.68 50=29.47 75=96.13 90=139.52 95=237.95 99=607.74 99.9=1310.72 99.99=2234.37] [UPDATE: Count=239992 Max=10952.70 Min=6.36 Avg=18.65 10=9.83 25=10.76 50=12.74 75=15.64 90=20.25 95=25.09 99=50.66 99.9=1051.65 99.99=5943.30]
2025-04-22 06:27:29 48 sec: 747583 operations; [READ: Count=498255 Max=4481.02 Min=2.12 Avg=74.43 10=10.52 25=17.50 50=28.54 75=95.61 90=137.73 95=234.24 99=599.55 99.9=1299.45 99.99=2226.18] [UPDATE: Count=249328 Max=10952.70 Min=6.36 Avg=18.42 10=9.81 25=10.73 50=12.67 75=15.54 90=20.05 95=24.83 99=49.82 99.9=1017.86 99.99=5939.20]
2025-04-22 06:27:30 49 sec: 777863 operations; [READ: Count=518543 Max=4481.02 Min=2.12 Avg=73.14 10=10.19 25=17.36 50=27.54 75=95.04 90=135.55 95=229.12 99=589.82 99.9=1284.10 99.99=2211.84] [UPDATE: Count=259320 Max=10952.70 Min=6.36 Avg=18.23 10=9.78 25=10.71 50=12.62 75=15.46 90=19.86 95=24.56 99=48.90 99.9=989.70 99.99=5873.66]
2025-04-22 06:27:31 50 sec: 811293 operations; [READ: Count=540900 Max=4481.02 Min=2.12 Avg=71.65 10=9.86 25=17.18 50=26.45 75=94.46 90=133.25 95=222.72 99=578.56 99.9=1269.76 99.99=2201.60] [UPDATE: Count=270393 Max=10952.70 Min=6.36 Avg=18.03 10=9.75 25=10.67 50=12.54 75=15.34 90=19.65 95=24.27 99=48.29 99.9=964.61 99.99=5734.40]
2025-04-22 06:27:32 51 sec: 844116 operations; [READ: Count=562861 Max=4481.02 Min=2.12 Avg=70.35 10=9.55 25=16.98 50=25.44 75=93.89 90=131.46 95=218.37 99=569.34 99.9=1254.40 99.99=2181.12] [UPDATE: Count=281255 Max=10952.70 Min=6.36 Avg=17.83 10=9.71 25=10.62 50=12.45 75=15.22 90=19.45 95=24.02 99=47.71 99.9=924.67 99.99=5709.82]
2025-04-22 06:27:33 52 sec: 880229 operations; [READ: Count=586990 Max=4481.02 Min=2.12 Avg=68.86 10=9.26 25=16.75 50=24.46 75=93.12 90=129.34 95=212.99 99=559.62 99.9=1243.13 99.99=2144.26] [UPDATE: Count=293239 Max=10952.70 Min=6.36 Avg=17.62 10=9.66 25=10.58 50=12.34 75=15.10 90=19.25 95=23.76 99=47.07 99.9=899.58 99.99=5656.57]
2025-04-22 06:27:34 53 sec: 917734 operations; [READ: Count=611953 Max=4481.02 Min=2.12 Avg=67.37 10=8.99 25=16.53 50=23.60 75=92.42 90=127.23 95=208.00 99=550.40 99.9=1229.82 99.99=2140.16] [UPDATE: Count=305781 Max=10952.70 Min=6.36 Avg=17.44 10=9.62 25=10.54 50=12.25 75=14.98 90=19.04 95=23.49 99=46.37 99.9=856.06 99.99=5582.85]
2025-04-22 06:27:35 54 sec: 961483 operations; [READ: Count=641075 Max=4481.02 Min=2.12 Avg=65.56 10=8.70 25=16.27 50=22.77 75=91.45 90=124.73 95=201.09 99=538.11 99.9=1214.46 99.99=2123.78] [UPDATE: Count=320408 Max=10952.70 Min=6.10 Avg=17.19 10=9.57 25=10.49 50=12.14 75=14.86 90=18.83 95=23.20 99=45.63 99.9=820.74 99.99=5509.12]
2025-04-22 06:27:36 55 sec: 1002327 operations; [READ: Count=668387 Max=4481.02 Min=2.12 Avg=64.09 10=8.48 25=16.06 50=22.14 75=90.75 90=122.88 95=196.35 99=527.36 99.9=1206.27 99.99=2101.25] [UPDATE: Count=333940 Max=10952.70 Min=6.10 Avg=16.98 10=9.52 25=10.46 50=12.05 75=14.76 90=18.64 95=22.94 99=45.18 99.9=799.23 99.99=5484.54]
2025-04-22 06:27:37 56 sec: 1043536 operations; [READ: Count=695916 Max=4481.02 Min=2.12 Avg=62.72 10=8.29 25=15.88 50=21.61 75=89.98 90=121.09 95=192.13 99=517.38 99.9=1190.91 99.99=2088.96] [UPDATE: Count=347620 Max=10952.70 Min=6.10 Avg=16.78 10=9.48 25=10.42 50=11.97 75=14.67 90=18.46 95=22.70 99=44.86 99.9=776.19 99.99=5398.53]
2025-04-22 06:27:38 57 sec: 1080249 operations; [READ: Count=720448 Max=4481.02 Min=2.12 Avg=61.73 10=8.14 25=15.73 50=21.25 75=89.41 90=119.94 95=189.57 99=511.74 99.9=1182.72 99.99=2067.45] [UPDATE: Count=359801 Max=10952.70 Min=6.10 Avg=16.63 10=9.44 25=10.40 50=11.91 75=14.62 90=18.32 95=22.51 99=44.48 99.9=759.29 99.99=5398.53]
2025-04-22 06:27:39 58 sec: 1119479 operations; [READ: Count=746640 Max=4481.02 Min=2.12 Avg=60.67 10=8.01 25=15.59 50=20.89 75=88.83 90=118.66 95=186.50 99=503.30 99.9=1169.41 99.99=2030.59] [UPDATE: Count=372839 Max=10952.70 Min=6.10 Avg=16.46 10=9.40 25=10.38 50=11.86 75=14.54 90=18.16 95=22.29 99=44.13 99.9=733.70 99.99=5128.19]
2025-04-22 06:27:40 59 sec: 1161694 operations; [READ: Count=774792 Max=4481.02 Min=2.12 Avg=59.50 10=7.86 25=15.44 50=20.57 75=88.19 90=117.12 95=182.66 99=494.08 99.9=1158.14 99.99=2024.45] [UPDATE: Count=386902 Max=10952.70 Min=6.10 Avg=16.30 10=9.36 25=10.35 50=11.78 75=14.46 90=18.02 95=22.08 99=43.65 99.9=688.13 99.99=4927.49]
2025-04-22 06:27:41 60 sec: 1202123 operations; [READ: Count=801793 Max=4481.02 Min=2.12 Avg=58.51 10=7.77 25=15.30 50=20.30 75=87.61 90=115.84 95=179.46 99=486.14 99.9=1144.83 99.99=1987.58] [UPDATE: Count=400330 Max=10952.70 Min=6.10 Avg=16.16 10=9.32 25=10.33 50=11.73 75=14.41 90=17.87 95=21.90 99=43.23 99.9=656.38 99.99=4919.30]
2025-04-22 06:27:42 61 sec: 1237376 operations; [READ: Count=825316 Max=4481.02 Min=2.12 Avg=57.84 10=7.70 25=15.21 50=20.16 75=87.23 90=115.07 95=177.79 99=480.77 99.9=1136.64 99.99=1974.27] [UPDATE: Count=412060 Max=10952.70 Min=6.10 Avg=16.07 10=9.30 25=10.33 50=11.72 75=14.38 90=17.77 95=21.74 99=42.88 99.9=650.24 99.99=4870.14]
2025-04-22 06:27:43 62 sec: 1274270 operations; [READ: Count=849835 Max=4481.02 Min=2.12 Avg=57.14 10=7.63 25=15.10 50=19.98 75=86.78 90=114.43 95=175.87 99=475.90 99.9=1127.42 99.99=1970.17] [UPDATE: Count=424435 Max=10952.70 Min=6.10 Avg=15.96 10=9.26 25=10.30 50=11.69 75=14.33 90=17.66 95=21.58 99=42.66 99.9=635.39 99.99=4784.13]
2025-04-22 06:27:44 63 sec: 1310819 operations; [READ: Count=874154 Max=4481.02 Min=2.12 Avg=56.49 10=7.58 25=15.01 50=19.84 75=86.33 90=113.73 95=174.46 99=470.53 99.9=1121.28 99.99=1960.96] [UPDATE: Count=436665 Max=10952.70 Min=6.10 Avg=15.87 10=9.24 25=10.29 50=11.66 75=14.29 90=17.57 95=21.44 99=42.46 99.9=626.17 99.99=4636.67]
2025-04-22 06:27:45 64 sec: 1350645 operations; [READ: Count=900756 Max=4481.02 Min=2.12 Avg=55.72 10=7.53 25=14.89 50=19.70 75=85.89 90=112.77 95=171.78 99=463.62 99.9=1114.11 99.99=1930.24] [UPDATE: Count=449889 Max=10952.70 Min=6.10 Avg=15.78 10=9.21 25=10.28 50=11.65 75=14.26 90=17.47 95=21.30 99=42.43 99.9=608.77 99.99=4612.10]
2025-04-22 06:27:46 65 sec: 1384743 operations; [READ: Count=923530 Max=4481.02 Min=1.91 Avg=55.23 10=7.52 25=14.81 50=19.63 75=85.63 90=112.13 95=169.98 99=459.01 99.9=1105.92 99.99=1922.05] [UPDATE: Count=461213 Max=10952.70 Min=6.10 Avg=15.73 10=9.18 25=10.26 50=11.62 75=14.23 90=17.42 95=21.20 99=42.94 99.9=592.89 99.99=4538.37]
2025-04-22 06:27:47 66 sec: 1408723 operations; [READ: Count=939594 Max=4481.02 Min=1.91 Avg=55.20 10=7.55 25=14.81 50=19.68 75=85.76 90=112.19 95=169.73 99=455.94 99.9=1100.80 99.99=1915.90] [UPDATE: Count=469129 Max=10952.70 Min=6.10 Avg=15.72 10=9.19 25=10.27 50=11.65 75=14.25 90=17.44 95=21.20 99=42.85 99.9=585.22 99.99=4452.35]
2025-04-22 06:27:48 67 sec: 1427786 operations; [READ: Count=952301 Max=4481.02 Min=1.91 Avg=55.41 10=7.58 25=14.81 50=19.73 75=85.95 90=112.58 95=170.62 99=455.68 99.9=1099.78 99.99=1914.88] [UPDATE: Count=475485 Max=10952.70 Min=6.10 Avg=15.71 10=9.21 25=10.29 50=11.66 75=14.26 90=17.44 95=21.18 99=42.66 99.9=583.68 99.99=4186.11]
2025-04-22 06:27:49 68 sec: 1444086 operations; [READ: Count=963245 Max=4481.02 Min=1.91 Avg=55.72 10=7.62 25=14.83 50=19.79 75=86.27 90=113.15 95=172.54 99=456.19 99.9=1096.70 99.99=1908.73] [UPDATE: Count=480841 Max=10952.70 Min=6.10 Avg=15.69 10=9.22 25=10.29 50=11.68 75=14.26 90=17.42 95=21.15 99=42.43 99.9=579.07 99.99=4186.11]
2025-04-22 06:27:50 69 sec: 1458516 operations; [READ: Count=972942 Max=4481.02 Min=1.91 Avg=56.11 10=7.64 25=14.86 50=19.86 75=86.59 90=113.92 95=174.46 99=456.70 99.9=1095.68 99.99=1908.73] [UPDATE: Count=485574 Max=10952.70 Min=6.10 Avg=15.69 10=9.23 25=10.29 50=11.70 75=14.27 90=17.42 95=21.12 99=42.34 99.9=575.49 99.99=3858.43]
2025-04-22 06:27:51 70 sec: 1470452 operations; [READ: Count=980840 Max=4481.02 Min=1.91 Avg=56.60 10=7.66 25=14.89 50=19.93 75=86.91 90=114.88 95=177.02 99=459.26 99.9=1094.65 99.99=1907.71] [UPDATE: Count=489612 Max=10952.70 Min=6.10 Avg=15.69 10=9.24 25=10.30 50=11.71 75=14.29 90=17.44 95=21.12 99=42.27 99.9=567.81 99.99=3858.43]
2025-04-22 06:27:52 71 sec: 1482981 operations; [READ: Count=989171 Max=4481.02 Min=1.91 Avg=57.05 10=7.67 25=14.91 50=20.00 75=87.23 90=115.97 95=179.46 99=461.31 99.9=1094.65 99.99=1905.66] [UPDATE: Count=493810 Max=10952.70 Min=6.10 Avg=15.70 10=9.25 25=10.31 50=11.73 75=14.29 90=17.44 95=21.09 99=42.24 99.9=579.07 99.99=3858.43]
2025-04-22 06:27:53 72 sec: 1495243 operations; [READ: Count=997392 Max=4481.02 Min=1.91 Avg=57.52 10=7.69 25=14.94 50=20.05 75=87.42 90=116.99 95=181.50 99=465.15 99.9=1093.63 99.99=1897.47] [UPDATE: Count=497851 Max=10952.70 Min=6.10 Avg=15.69 10=9.26 25=10.31 50=11.73 75=14.29 90=17.44 95=21.07 99=42.05 99.9=572.41 99.99=3747.84]
2025-04-22 06:27:54 72 sec: 1499178 operations; [READ: Count=1000000 Max=4481.02 Min=1.91 Avg=57.65 10=7.70 25=14.95 50=20.08 75=87.55 90=117.31 95=182.14 99=465.66 99.9=1093.63 99.99=1897.47] [UPDATE: Count=499178 Max=10952.70 Min=6.10 Avg=15.70 10=9.26 25=10.32 50=11.74 75=14.31 90=17.45 95=21.09 99=42.02 99.9=575.49 99.99=3747.84]
Run runtime(sec): 72.4224
Run operations(ops): 1000000
Run throughput(ops/sec): 13807.9
