Running scope as unit: run-rd8370b99805645cd951dad8355775200.scope
load file:/home/user/DataFiles/silesia_data/silesia.tar
2025-04-21 20:55:45 0 sec: 0 operations;
2025-04-21 20:55:46 1 sec: 49330 operations; [INSERT: Count=49330 Max=5230.59 Min=4.69 Avg=16.44 10=9.12 25=11.10 50=14.60 75=20.21 90=25.73 95=29.18 99=36.13 99.9=50.75 99.99=184.96]
2025-04-21 20:55:47 2 sec: 101115 operations; [INSERT: Count=101115 Max=5230.59 Min=4.65 Avg=16.27 10=9.23 25=11.15 50=14.52 75=19.95 90=25.34 95=28.64 99=35.33 99.9=50.21 99.99=188.67]
2025-04-21 20:55:48 3 sec: 154654 operations; [INSERT: Count=154654 Max=5230.59 Min=4.65 Avg=15.99 10=9.24 25=11.08 50=14.28 75=19.52 90=24.69 95=27.87 99=34.59 99.9=53.18 99.99=192.77]
2025-04-21 20:55:49 4 sec: 209783 operations; [INSERT: Count=209783 Max=5230.59 Min=4.65 Avg=15.71 10=9.21 25=10.99 50=14.05 75=19.09 90=24.08 95=27.15 99=33.92 99.9=53.92 99.99=191.49]
2025-04-21 20:55:50 5 sec: 263198 operations; [INSERT: Count=263198 Max=16400.38 Min=4.65 Avg=15.66 10=9.18 25=10.91 50=13.89 75=18.77 90=23.60 95=26.62 99=33.38 99.9=53.34 99.99=195.46]
2025-04-21 20:55:51 6 sec: 317715 operations; [INSERT: Count=317715 Max=16400.38 Min=4.65 Avg=15.56 10=9.19 25=10.91 50=13.84 75=18.62 90=23.38 95=26.37 99=33.09 99.9=58.14 99.99=196.61]
2025-04-21 20:55:52 7 sec: 372442 operations; [INSERT: Count=372442 Max=16400.38 Min=4.65 Avg=15.48 10=9.21 25=10.92 50=13.81 75=18.53 90=23.20 95=26.11 99=32.73 99.9=60.73 99.99=196.09]
2025-04-21 20:55:53 8 sec: 425958 operations; [INSERT: Count=425958 Max=16400.38 Min=4.65 Avg=15.46 10=9.25 25=10.95 50=13.83 75=18.50 90=23.14 95=26.02 99=32.46 99.9=59.04 99.99=196.22]
2025-04-21 20:55:54 9 sec: 470377 operations; [INSERT: Count=470377 Max=16400.38 Min=4.43 Avg=15.83 10=9.31 25=11.05 50=14.04 75=18.88 90=23.77 95=27.04 99=36.09 99.9=68.80 99.99=200.57]
2025-04-21 20:55:55 10 sec: 502499 operations; [INSERT: Count=502499 Max=16400.38 Min=4.43 Avg=16.60 10=9.39 25=11.21 50=14.44 75=19.63 90=25.23 95=29.74 99=45.18 99.9=77.31 99.99=202.62]
2025-04-21 20:55:56 11 sec: 535183 operations; [INSERT: Count=535183 Max=16400.38 Min=4.43 Avg=17.25 10=9.48 25=11.37 50=14.81 75=20.32 90=26.66 95=32.48 99=49.22 99.9=83.39 99.99=211.20]
2025-04-21 20:55:57 12 sec: 575249 operations; [INSERT: Count=575249 Max=16400.38 Min=4.43 Avg=17.56 10=9.48 25=11.40 50=14.93 75=20.56 90=27.31 95=33.76 99=51.33 99.9=108.86 99.99=248.19]
2025-04-21 20:55:58 13 sec: 629560 operations; [INSERT: Count=629560 Max=16400.38 Min=4.43 Avg=17.36 10=9.39 25=11.29 50=14.77 75=20.35 90=26.96 95=33.22 99=50.59 99.9=106.81 99.99=246.78]
2025-04-21 20:55:59 14 sec: 672366 operations; [INSERT: Count=672366 Max=16400.38 Min=4.43 Avg=17.53 10=9.46 25=11.40 50=14.97 75=20.62 90=27.42 95=33.60 99=50.21 99.9=102.97 99.99=246.78]
2025-04-21 20:56:00 15 sec: 716665 operations; [INSERT: Count=716665 Max=16400.38 Min=4.43 Avg=17.64 10=9.52 25=11.49 50=15.10 75=20.80 90=27.66 95=33.70 99=49.95 99.9=101.18 99.99=245.63]
2025-04-21 20:56:01 16 sec: 765255 operations; [INSERT: Count=765255 Max=16433.15 Min=4.43 Avg=17.63 10=9.49 25=11.42 50=15.00 75=20.66 90=27.49 95=33.63 99=50.34 99.9=106.75 99.99=263.17]
2025-04-21 20:56:02 17 sec: 821388 operations; [INSERT: Count=821388 Max=16433.15 Min=4.43 Avg=17.42 10=9.41 25=11.30 50=14.80 75=20.38 90=27.12 95=33.25 99=50.02 99.9=109.50 99.99=260.61]
2025-04-21 20:56:03 18 sec: 878089 operations; [INSERT: Count=878089 Max=16433.15 Min=4.43 Avg=17.22 10=9.38 25=11.22 50=14.65 75=20.14 90=26.72 95=32.69 99=49.47 99.9=109.57 99.99=253.57]
2025-04-21 20:56:04 19 sec: 919700 operations; [INSERT: Count=919700 Max=16433.15 Min=4.43 Avg=17.37 10=9.40 25=11.26 50=14.73 75=20.29 90=27.05 95=33.31 99=50.78 99.9=109.57 99.99=254.97]
2025-04-21 20:56:05 20 sec: 954616 operations; [INSERT: Count=954616 Max=16433.15 Min=4.43 Avg=17.66 10=9.45 25=11.35 50=14.94 75=20.66 90=27.84 95=34.49 99=51.84 99.9=119.61 99.99=253.57]
2025-04-21 20:56:06 21 sec: 992585 operations; [INSERT: Count=992585 Max=16433.15 Min=4.43 Avg=17.87 10=9.49 25=11.41 50=15.09 75=20.89 90=28.34 95=35.10 99=52.32 99.9=130.56 99.99=255.74]
2025-04-21 20:56:07 21 sec: 1000000 operations; [INSERT: Count=1000000 Max=16433.15 Min=4.43 Avg=17.85 10=9.48 25=11.41 50=15.06 75=20.88 90=28.29 95=35.07 99=52.29 99.9=132.09 99.99=255.74]
Load runtime(sec): 21.6519
Load operations(ops): 1000000
Load throughput(ops/sec): 46185.3
