Running scope as unit: run-rfc182260abe849ba808f00679d17779d.scope
load file:/home/user/DataFiles/silesia_data/silesia.tar
2025-04-21 20:55:45 0 sec: 0 operations;
2025-04-21 20:55:46 1 sec: 46052 operations; [INSERT: Count=46052 Max=5902.34 Min=5.05 Avg=17.44 10=9.53 25=11.75 50=15.63 75=21.38 90=27.15 95=30.85 99=38.98 99.9=56.09 99.99=233.34]
2025-04-21 20:55:47 2 sec: 99082 operations; [INSERT: Count=99082 Max=5902.34 Min=4.72 Avg=16.47 10=9.29 25=11.26 50=14.74 75=20.09 90=25.57 95=29.04 99=36.61 99.9=53.02 99.99=209.92]
2025-04-21 20:55:48 3 sec: 153508 operations; [INSERT: Count=153508 Max=5902.34 Min=4.72 Avg=15.99 10=9.21 25=11.04 50=14.30 75=19.42 90=24.61 95=27.89 99=35.33 99.9=54.46 99.99=203.01]
2025-04-21 20:55:49 4 sec: 209534 operations; [INSERT: Count=209534 Max=5902.34 Min=4.72 Avg=15.62 10=9.14 25=10.89 50=13.97 75=18.89 90=23.90 95=27.05 99=34.27 99.9=54.53 99.99=200.96]
2025-04-21 20:55:50 5 sec: 262984 operations; [INSERT: Count=262984 Max=17580.03 Min=4.72 Avg=15.59 10=9.08 25=10.78 50=13.74 75=18.51 90=23.34 95=26.46 99=33.57 99.9=53.60 99.99=202.24]
2025-04-21 20:55:51 6 sec: 319026 operations; [INSERT: Count=319026 Max=17580.03 Min=4.72 Avg=15.41 10=9.06 25=10.74 50=13.63 75=18.30 90=23.02 95=26.05 99=33.15 99.9=59.39 99.99=201.34]
2025-04-21 20:55:52 7 sec: 375311 operations; [INSERT: Count=375311 Max=17580.03 Min=4.72 Avg=15.27 10=9.07 25=10.73 50=13.56 75=18.14 90=22.75 95=25.73 99=32.59 99.9=60.13 99.99=199.42]
2025-04-21 20:55:53 8 sec: 431109 operations; [INSERT: Count=431109 Max=17580.03 Min=4.72 Avg=15.19 10=9.09 25=10.73 50=13.53 75=18.05 90=22.57 95=25.50 99=32.24 99.9=60.61 99.99=199.55]
2025-04-21 20:55:54 9 sec: 477670 operations; [INSERT: Count=477670 Max=17580.03 Min=4.72 Avg=15.49 10=9.13 25=10.81 50=13.70 75=18.37 90=23.15 95=26.43 99=35.33 99.9=65.53 99.99=201.34]
2025-04-21 20:55:55 10 sec: 511955 operations; [INSERT: Count=511955 Max=17580.03 Min=4.72 Avg=16.19 10=9.21 25=10.96 50=14.07 75=19.05 90=24.54 95=28.98 99=42.88 99.9=73.22 99.99=204.16]
2025-04-21 20:55:56 11 sec: 546983 operations; [INSERT: Count=546983 Max=17580.03 Min=4.72 Avg=16.77 10=9.29 25=11.11 50=14.41 75=19.70 90=25.84 95=31.31 99=46.69 99.9=79.94 99.99=228.48]
2025-04-21 20:55:57 12 sec: 588500 operations; [INSERT: Count=588500 Max=17580.03 Min=4.72 Avg=17.05 10=9.29 25=11.13 50=14.51 75=19.90 90=26.41 95=32.38 99=48.73 99.9=100.42 99.99=260.99]
2025-04-21 20:55:58 13 sec: 644035 operations; [INSERT: Count=644035 Max=17580.03 Min=4.66 Avg=16.86 10=9.21 25=11.02 50=14.36 75=19.70 90=26.08 95=31.87 99=48.13 99.9=100.35 99.99=256.64]
2025-04-21 20:55:59 14 sec: 688525 operations; [INSERT: Count=688525 Max=17580.03 Min=4.66 Avg=17.01 10=9.27 25=11.12 50=14.53 75=19.93 90=26.48 95=32.19 99=47.77 99.9=97.34 99.99=256.38]
2025-04-21 20:56:00 15 sec: 734693 operations; [INSERT: Count=734693 Max=17580.03 Min=4.66 Avg=17.09 10=9.32 25=11.19 50=14.64 75=20.08 90=26.67 95=32.27 99=47.58 99.9=96.25 99.99=256.38]
2025-04-21 20:56:01 16 sec: 784807 operations; [INSERT: Count=784807 Max=17580.03 Min=4.66 Avg=17.07 10=9.29 25=11.14 50=14.54 75=19.95 90=26.53 95=32.21 99=48.06 99.9=100.54 99.99=270.59]
2025-04-21 20:56:02 17 sec: 841799 operations; [INSERT: Count=841799 Max=17580.03 Min=4.66 Avg=16.88 10=9.23 25=11.03 50=14.37 75=19.70 90=26.18 95=31.90 99=47.87 99.9=104.19 99.99=268.54]
2025-04-21 20:56:03 18 sec: 899100 operations; [INSERT: Count=899100 Max=17580.03 Min=4.66 Avg=16.71 10=9.21 25=10.97 50=14.24 75=19.49 90=25.82 95=31.42 99=47.36 99.9=105.15 99.99=260.99]
2025-04-21 20:56:04 19 sec: 948155 operations; [INSERT: Count=948155 Max=17580.03 Min=4.63 Avg=16.73 10=9.17 25=10.94 50=14.26 75=19.55 90=25.97 95=31.61 99=47.39 99.9=113.15 99.99=259.07]
2025-04-21 20:56:05 20 sec: 984927 operations; [INSERT: Count=984927 Max=17580.03 Min=4.63 Avg=17.00 10=9.21 25=11.02 50=14.44 75=19.89 90=26.66 95=32.66 99=48.41 99.9=128.25 99.99=258.18]
2025-04-21 20:56:06 21 sec: 1000000 operations; [INSERT: Count=1000000 Max=17580.03 Min=4.63 Avg=17.10 10=9.22 25=11.06 50=14.51 75=20.02 90=26.91 95=33.02 99=48.73 99.9=132.22 99.99=256.38]
2025-04-21 20:56:06 21 sec: 1000000 operations; [INSERT: Count=1000000 Max=17580.03 Min=4.63 Avg=17.10 10=9.22 25=11.06 50=14.51 75=20.02 90=26.91 95=33.02 99=48.73 99.9=132.22 99.99=256.38]
Load runtime(sec): 21.2362
Load operations(ops): 1000000
Load throughput(ops/sec): 47089.4
