Running scope as unit: run-r28f3bdc181d04609a5c8d778b1456e13.scope
load file:/home/user/DataFiles/silesia_data/silesia.tar
2025-04-19 13:19:15 0 sec: 0 operations;
2025-04-19 13:19:16 1 sec: 0 operations;
2025-04-19 13:19:17 2 sec: 0 operations;
2025-04-19 13:19:18 3 sec: 0 operations;
2025-04-19 13:19:19 4 sec: 0 operations;
2025-04-19 13:19:20 5 sec: 0 operations;
2025-04-19 13:19:21 6 sec: 0 operations;
2025-04-19 13:19:22 7 sec: 0 operations;
2025-04-19 13:19:23 8 sec: 0 operations;
2025-04-19 13:19:24 9 sec: 0 operations;
2025-04-19 13:19:25 10 sec: 0 operations;
2025-04-19 13:19:26 11 sec: 0 operations;
2025-04-19 13:19:27 12 sec: 0 operations;
2025-04-19 13:19:28 13 sec: 0 operations;
2025-04-19 13:19:29 14 sec: 0 operations;
2025-04-19 13:19:30 15 sec: 0 operations;
2025-04-19 13:19:31 16 sec: 0 operations;
2025-04-19 13:19:32 17 sec: 0 operations;
2025-04-19 13:19:33 18 sec: 0 operations;
2025-04-19 13:19:34 19 sec: 0 operations;
2025-04-19 13:19:35 20 sec: 887 operations; [READ: Count=447 Max=2818.05 Min=5.24 Avg=276.61 10=66.11 25=125.38 50=227.97 75=360.45 90=523.52 95=629.25 99=945.15 99.9=2818.05 99.99=2818.05] [UPDATE: Count=440 Max=2912.26 Min=17.07 Avg=311.69 10=105.34 25=160.51 50=264.45 75=397.57 90=556.54 95=657.92 99=1118.21 99.9=2912.26 99.99=2912.26]
2025-04-19 13:19:36 21 sec: 4783 operations; [READ: Count=2386 Max=2818.05 Min=3.70 Avg=257.03 10=75.01 25=129.41 50=222.85 75=342.53 90=483.33 95=571.90 99=804.35 99.9=1313.79 99.99=2818.05] [UPDATE: Count=2397 Max=3577.86 Min=8.97 Avg=268.83 10=79.10 25=138.88 50=235.39 75=355.33 90=490.50 95=582.14 99=825.86 99.9=2912.26 99.99=3577.86]
2025-04-19 13:19:37 22 sec: 10800 operations; [READ: Count=5428 Max=2818.05 Min=3.70 Avg=194.96 10=43.97 25=66.94 50=142.59 75=256.00 90=406.27 95=523.52 99=899.07 99.9=2009.09 99.99=2164.74] [UPDATE: Count=5372 Max=9437.18 Min=8.97 Avg=222.01 10=50.94 25=74.17 50=150.78 75=269.31 90=419.07 95=540.67 99=1117.18 99.9=7610.37 99.99=9322.50]
2025-04-19 13:19:38 23 sec: 16610 operations; [READ: Count=8341 Max=2818.05 Min=3.70 Avg=183.97 10=47.71 25=78.40 50=144.00 75=237.82 90=356.61 95=458.50 99=753.15 99.9=1672.19 99.99=2164.74] [UPDATE: Count=8269 Max=9437.18 Min=8.97 Avg=206.60 10=55.23 25=85.76 50=154.11 75=252.93 90=373.25 95=484.86 99=877.05 99.9=6795.26 99.99=9322.50]
2025-04-19 13:19:39 24 sec: 22624 operations; [READ: Count=11405 Max=2818.05 Min=3.70 Avg=177.24 10=48.80 25=82.81 50=144.25 75=229.50 90=331.26 95=417.28 99=684.54 99.9=1564.67 99.99=2164.74] [UPDATE: Count=11219 Max=9437.18 Min=8.97 Avg=197.33 10=57.22 25=91.14 50=154.11 75=246.14 90=347.13 95=436.74 99=773.12 99.9=3577.86 99.99=9322.50]
2025-04-19 13:19:40 25 sec: 28649 operations; [READ: Count=14446 Max=2818.05 Min=3.70 Avg=173.74 10=50.02 25=85.12 50=144.51 75=226.81 90=318.21 95=396.29 99=644.61 99.9=1389.57 99.99=2164.74] [UPDATE: Count=14203 Max=9437.18 Min=8.97 Avg=191.28 10=58.53 25=94.14 50=153.34 75=240.51 90=331.52 95=409.86 99=685.05 99.9=2912.26 99.99=9322.50]
2025-04-19 13:19:41 26 sec: 34944 operations; [READ: Count=17552 Max=2818.05 Min=3.62 Avg=169.84 10=50.02 25=84.99 50=142.72 75=222.46 90=306.69 95=381.95 99=614.91 99.9=1345.54 99.99=2134.01] [UPDATE: Count=17392 Max=9437.18 Min=8.95 Avg=186.18 10=58.94 25=94.27 50=152.57 75=234.62 90=320.51 95=393.47 99=655.36 99.9=2404.35 99.99=8331.26]
2025-04-19 13:19:42 27 sec: 40111 operations; [READ: Count=20158 Max=2818.05 Min=3.62 Avg=169.61 10=49.60 25=83.26 50=139.52 75=220.67 90=311.04 95=393.21 99=644.61 99.9=1344.51 99.99=2164.74] [UPDATE: Count=19953 Max=21921.79 Min=8.95 Avg=190.11 10=58.75 25=93.31 50=151.04 75=233.73 90=325.12 95=408.06 99=686.59 99.9=2912.26 99.99=16039.93]
2025-04-19 13:19:43 28 sec: 45842 operations; [READ: Count=22993 Max=2818.05 Min=2.80 Avg=168.20 10=49.22 25=81.98 50=137.09 75=218.50 90=310.01 95=397.82 99=651.26 99.9=1305.60 99.99=2164.74] [UPDATE: Count=22849 Max=21921.79 Min=8.70 Avg=189.89 10=58.46 25=92.61 50=148.86 75=231.04 90=324.10 95=413.18 99=692.74 99.9=3051.52 99.99=16760.83]
2025-04-19 13:19:44 29 sec: 52307 operations; [READ: Count=26247 Max=2818.05 Min=2.80 Avg=165.45 10=49.34 25=82.43 50=136.32 75=215.68 90=301.57 95=384.51 99=630.27 99.9=1290.24 99.99=2134.01] [UPDATE: Count=26060 Max=21921.79 Min=8.70 Avg=186.30 10=58.69 25=93.31 50=148.61 75=228.48 90=316.16 95=399.36 99=676.86 99.9=2803.71 99.99=16039.93]
2025-04-19 13:19:45 30 sec: 58531 operations; [READ: Count=29335 Max=2818.05 Min=2.80 Avg=164.14 10=49.70 25=83.07 50=136.32 75=214.78 90=297.21 95=373.25 99=619.01 99.9=1259.52 99.99=2134.01] [UPDATE: Count=29196 Max=21921.79 Min=8.70 Avg=184.07 10=58.98 25=94.08 50=148.61 75=227.07 90=311.55 95=389.38 99=664.58 99.9=2471.93 99.99=16039.93]
2025-04-19 13:19:46 31 sec: 67180 operations; [READ: Count=33639 Max=2818.05 Min=2.80 Avg=156.86 10=47.01 25=76.93 50=130.05 75=205.95 90=287.74 95=359.68 99=593.92 99.9=1127.42 99.99=2134.01] [UPDATE: Count=33541 Max=21921.79 Min=8.70 Avg=175.93 10=56.51 25=87.36 50=141.82 75=217.85 90=300.29 95=375.55 99=651.26 99.9=2404.35 99.99=16039.93]
2025-04-19 13:19:47 32 sec: 75753 operations; [READ: Count=37895 Max=2818.05 Min=2.80 Avg=151.45 10=44.86 25=71.55 50=123.07 75=198.66 90=281.09 95=355.58 99=598.53 99.9=1108.99 99.99=2092.03] [UPDATE: Count=37858 Max=21921.79 Min=8.70 Avg=169.77 10=54.78 25=82.11 50=135.04 75=211.07 90=293.89 95=368.89 99=647.68 99.9=2344.96 99.99=12730.37]
2025-04-19 13:19:48 33 sec: 82919 operations; [READ: Count=41493 Max=4816.90 Min=2.80 Avg=149.01 10=42.75 25=66.56 50=117.57 75=193.92 90=279.04 95=359.17 99=638.98 99.9=1246.21 99.99=2478.08] [UPDATE: Count=41426 Max=24313.85 Min=8.70 Avg=168.35 10=52.38 25=77.31 50=129.34 75=206.21 90=291.33 95=372.22 99=670.21 99.9=2471.93 99.99=16760.83]
2025-04-19 13:19:49 34 sec: 93711 operations; [READ: Count=46959 Max=4816.90 Min=2.80 Avg=141.47 10=40.22 25=61.34 50=110.27 75=184.70 90=268.03 95=345.60 99=619.01 99.9=1158.14 99.99=2164.74] [UPDATE: Count=46752 Max=24313.85 Min=8.70 Avg=160.44 10=49.95 25=72.25 50=122.05 75=197.89 90=281.34 95=358.40 99=654.85 99.9=2404.35 99.99=16039.93]
2025-04-19 13:19:50 35 sec: 104599 operations; [READ: Count=52378 Max=4816.90 Min=2.80 Avg=135.54 10=38.69 25=57.92 50=104.19 75=177.28 90=259.20 95=333.57 99=599.04 99.9=1128.45 99.99=2164.74] [UPDATE: Count=52221 Max=24313.85 Min=8.08 Avg=153.82 10=48.13 25=68.61 50=115.71 75=189.31 90=272.89 95=346.88 99=644.10 99.9=2344.96 99.99=16039.93]
2025-04-19 13:19:51 36 sec: 116203 operations; [READ: Count=58269 Max=4816.90 Min=2.80 Avg=129.37 10=36.80 25=54.40 50=97.15 75=168.57 90=250.75 95=323.58 99=581.63 99.9=1103.87 99.99=2134.01] [UPDATE: Count=57934 Max=24313.85 Min=8.03 Avg=148.10 10=46.37 25=65.31 50=109.31 75=182.01 90=265.73 95=338.69 99=635.39 99.9=2281.47 99.99=15540.22]
2025-04-19 13:19:52 37 sec: 128127 operations; [READ: Count=64293 Max=4816.90 Min=2.80 Avg=124.09 10=35.65 25=51.74 50=91.78 75=161.53 90=243.46 95=312.57 99=565.25 99.9=1088.51 99.99=2134.01] [UPDATE: Count=63834 Max=24313.85 Min=8.03 Avg=142.97 10=45.09 25=62.66 50=103.87 75=174.46 90=258.69 95=330.50 99=628.22 99.9=2287.61 99.99=15540.22]
2025-04-19 13:19:53 38 sec: 140642 operations; [READ: Count=70605 Max=4816.90 Min=2.80 Avg=119.67 10=34.62 25=49.53 50=87.17 75=154.75 90=236.54 95=304.38 99=560.64 99.9=1088.51 99.99=2092.03] [UPDATE: Count=70037 Max=24313.85 Min=8.03 Avg=137.65 10=43.97 25=60.19 50=99.01 75=167.42 90=251.78 95=322.30 99=613.38 99.9=2156.54 99.99=14393.34]
2025-04-19 13:19:54 39 sec: 152709 operations; [READ: Count=76693 Max=4816.90 Min=2.50 Avg=116.16 10=33.92 25=47.81 50=83.52 75=148.74 90=230.53 95=297.73 99=561.15 99.9=1130.49 99.99=2064.38] [UPDATE: Count=76016 Max=24313.85 Min=8.03 Avg=133.74 10=43.07 25=58.53 50=95.36 75=161.41 90=245.63 95=315.13 99=612.35 99.9=2087.93 99.99=14368.77]
2025-04-19 13:19:55 40 sec: 165671 operations; [READ: Count=83185 Max=4816.90 Min=2.50 Avg=112.50 10=33.47 25=46.53 50=80.96 75=143.49 90=224.00 95=290.30 99=545.79 99.9=1110.02 99.99=2064.38] [UPDATE: Count=82486 Max=24313.85 Min=8.03 Avg=129.75 10=42.66 25=57.38 50=92.35 75=156.03 90=239.10 95=306.43 99=592.89 99.9=2023.42 99.99=14368.77]
2025-04-19 13:19:56 41 sec: 178910 operations; [READ: Count=89796 Max=4816.90 Min=2.50 Avg=109.17 10=33.12 25=45.57 50=78.59 75=138.37 90=217.85 95=282.11 99=532.48 99.9=1090.56 99.99=2009.09] [UPDATE: Count=89114 Max=24313.85 Min=8.03 Avg=126.16 10=42.24 25=56.38 50=90.05 75=151.04 90=232.83 95=298.75 99=574.98 99.9=1903.62 99.99=13590.53]
2025-04-19 13:19:57 42 sec: 192237 operations; [READ: Count=96462 Max=4816.90 Min=2.50 Avg=106.27 10=32.80 25=44.77 50=76.67 75=133.89 90=212.61 95=275.20 99=520.70 99.9=1075.20 99.99=1954.82] [UPDATE: Count=95775 Max=24313.85 Min=8.03 Avg=122.98 10=41.82 25=55.58 50=88.25 75=146.56 90=226.94 95=292.35 99=563.20 99.9=1683.45 99.99=12902.40]
2025-04-19 13:19:58 43 sec: 204835 operations; [READ: Count=102717 Max=4816.90 Min=2.50 Avg=104.14 10=32.48 25=44.13 50=75.26 75=130.30 90=207.49 95=270.08 99=513.79 99.9=1099.78 99.99=2009.09] [UPDATE: Count=102118 Max=24313.85 Min=8.03 Avg=120.63 10=41.41 25=54.94 50=86.59 75=142.59 90=221.69 95=287.23 99=558.59 99.9=1703.93 99.99=12902.40]
2025-04-19 13:19:59 44 sec: 218281 operations; [READ: Count=109403 Max=4816.90 Min=2.50 Avg=101.86 10=32.17 25=43.45 50=73.79 75=126.14 90=202.24 95=264.19 99=507.90 99.9=1110.02 99.99=2056.19] [UPDATE: Count=108878 Max=24313.85 Min=8.03 Avg=118.08 10=40.93 25=54.14 50=84.93 75=138.50 90=216.83 95=281.60 99=551.93 99.9=1683.45 99.99=12730.37]
2025-04-19 13:20:00 45 sec: 232030 operations; [READ: Count=116309 Max=4816.90 Min=2.50 Avg=99.69 10=31.86 25=43.01 50=72.70 75=122.81 90=197.63 95=258.69 99=492.03 99.9=1098.75 99.99=2031.62] [UPDATE: Count=115721 Max=24313.85 Min=8.03 Avg=115.69 10=40.64 25=53.76 50=83.84 75=134.91 90=212.09 95=275.71 99=538.11 99.9=1639.42 99.99=10469.38]
2025-04-19 13:20:01 46 sec: 245852 operations; [READ: Count=123247 Max=4816.90 Min=2.50 Avg=97.70 10=31.57 25=42.66 50=71.68 75=119.55 90=193.28 95=253.44 99=481.79 99.9=1075.20 99.99=2031.62] [UPDATE: Count=122605 Max=24313.85 Min=8.03 Avg=113.59 10=40.29 25=53.28 50=82.88 75=131.97 90=207.74 95=270.59 99=528.38 99.9=1629.18 99.99=10469.38]
2025-04-19 13:20:02 47 sec: 259565 operations; [READ: Count=130128 Max=4816.90 Min=2.50 Avg=95.93 10=31.18 25=42.34 50=70.85 75=116.73 90=189.06 95=248.45 99=472.06 99.9=1059.84 99.99=2009.09] [UPDATE: Count=129437 Max=24313.85 Min=8.03 Avg=111.79 10=39.87 25=52.93 50=81.98 75=129.28 90=203.65 95=265.73 99=519.42 99.9=1629.18 99.99=9437.18]
2025-04-19 13:20:03 48 sec: 273283 operations; [READ: Count=136935 Max=4816.90 Min=2.50 Avg=94.36 10=30.75 25=42.02 50=70.14 75=114.37 90=185.22 95=244.35 99=462.85 99.9=1059.84 99.99=1954.82] [UPDATE: Count=136348 Max=24313.85 Min=8.03 Avg=110.13 10=39.42 25=52.64 50=81.28 75=126.66 90=199.94 95=261.63 99=510.72 99.9=1623.04 99.99=9322.50]
2025-04-19 13:20:04 49 sec: 287712 operations; [READ: Count=144141 Max=4816.90 Min=2.50 Avg=92.71 10=30.22 25=41.60 50=69.25 75=112.00 90=181.63 95=239.87 99=453.63 99.9=1052.67 99.99=1954.82] [UPDATE: Count=143571 Max=24313.85 Min=7.96 Avg=108.37 10=38.59 25=52.09 50=80.25 75=124.29 90=196.22 95=257.02 99=503.30 99.9=1565.69 99.99=9322.50]
2025-04-19 13:20:05 50 sec: 302128 operations; [READ: Count=151342 Max=4816.90 Min=2.50 Avg=91.24 10=29.68 25=41.28 50=68.61 75=110.02 90=178.18 95=235.39 99=444.93 99.9=1039.87 99.99=1913.86] [UPDATE: Count=150786 Max=24313.85 Min=7.96 Avg=106.75 10=38.02 25=51.81 50=79.55 75=122.30 90=192.25 95=252.80 99=493.06 99.9=1548.29 99.99=9060.35]
2025-04-19 13:20:06 51 sec: 316734 operations; [READ: Count=158616 Max=4816.90 Min=2.50 Avg=89.87 10=28.89 25=40.99 50=67.97 75=108.16 90=174.72 95=231.55 99=435.45 99.9=1027.58 99.99=1905.66] [UPDATE: Count=158118 Max=24313.85 Min=7.96 Avg=105.21 10=37.31 25=51.52 50=78.91 75=120.45 90=188.54 95=248.45 99=482.81 99.9=1541.12 99.99=8454.14]
2025-04-19 13:20:07 52 sec: 331436 operations; [READ: Count=166003 Max=4816.90 Min=2.50 Avg=88.58 10=27.81 25=40.77 50=67.39 75=106.56 90=171.39 95=228.09 99=426.24 99.9=1020.41 99.99=1896.45] [UPDATE: Count=165433 Max=24313.85 Min=7.96 Avg=103.77 10=36.35 25=51.23 50=78.21 75=118.85 90=185.47 95=244.48 99=475.90 99.9=1511.42 99.99=8331.26]
2025-04-19 13:20:08 53 sec: 345938 operations; [READ: Count=173256 Max=4816.90 Min=2.50 Avg=87.41 10=25.18 25=40.51 50=66.88 75=105.22 90=168.57 95=224.51 99=419.58 99.9=998.91 99.99=1896.45] [UPDATE: Count=172682 Max=24313.85 Min=7.96 Avg=102.57 10=35.10 25=51.01 50=77.69 75=117.38 90=182.40 95=241.02 99=466.69 99.9=1500.16 99.99=8331.26]
2025-04-19 13:20:09 54 sec: 361237 operations; [READ: Count=181000 Max=4816.90 Min=2.50 Avg=86.12 10=18.54 25=40.19 50=66.24 75=103.61 90=165.63 95=220.67 99=412.16 99.9=980.48 99.99=1820.67] [UPDATE: Count=180237 Max=24313.85 Min=7.96 Avg=101.26 10=33.12 25=50.69 50=76.99 75=115.84 90=179.33 95=237.31 99=457.98 99.9=1500.16 99.99=8134.65]
2025-04-19 13:20:10 55 sec: 376775 operations; [READ: Count=188633 Max=4816.90 Min=2.50 Avg=84.94 10=16.07 25=39.97 50=65.66 75=102.14 90=162.81 95=217.47 99=406.53 99.9=966.14 99.99=1795.07] [UPDATE: Count=188142 Max=24313.85 Min=7.96 Avg=99.93 10=30.40 25=50.43 50=76.42 75=114.37 90=176.13 95=233.60 99=448.25 99.9=1439.74 99.99=7798.78]
2025-04-19 13:20:11 56 sec: 392983 operations; [READ: Count=196794 Max=4816.90 Min=2.50 Avg=83.68 10=14.57 25=39.68 50=64.99 75=100.54 90=159.87 95=214.14 99=398.59 99.9=951.29 99.99=1787.90] [UPDATE: Count=196189 Max=24313.85 Min=7.96 Avg=98.56 10=28.16 25=50.11 50=75.71 75=112.77 90=173.06 95=230.01 99=439.81 99.9=1386.49 99.99=7626.75]
2025-04-19 13:20:12 57 sec: 411557 operations; [READ: Count=206086 Max=4816.90 Min=2.50 Avg=82.02 10=13.31 25=39.13 50=63.84 75=98.43 90=156.67 95=209.92 99=391.42 99.9=928.25 99.99=1782.78] [UPDATE: Count=205471 Max=24313.85 Min=7.96 Avg=96.76 10=26.41 25=49.44 50=74.50 75=110.59 90=169.85 95=226.05 99=431.36 99.9=1357.82 99.99=7610.37]
2025-04-19 13:20:13 58 sec: 432585 operations; [READ: Count=216746 Max=4816.90 Min=2.22 Avg=79.98 10=12.28 25=38.24 50=61.89 75=95.94 90=152.96 95=205.69 99=383.49 99.9=906.24 99.99=1700.86] [UPDATE: Count=215839 Max=24313.85 Min=7.94 Avg=94.66 10=24.99 25=48.45 50=72.58 75=108.09 90=166.14 95=221.44 99=424.19 99.9=1336.32 99.99=7262.21]
2025-04-19 13:20:14 59 sec: 454810 operations; [READ: Count=227905 Max=4816.90 Min=2.22 Avg=77.94 10=11.47 25=37.22 50=59.84 75=93.44 90=149.38 95=201.60 99=375.81 99.9=899.07 99.99=1672.19] [UPDATE: Count=226905 Max=24313.85 Min=7.94 Avg=92.47 10=23.65 25=47.26 50=70.40 75=105.53 90=162.69 95=217.73 99=416.77 99.9=1308.67 99.99=7020.54]
2025-04-19 13:20:15 60 sec: 476729 operations; [READ: Count=238784 Max=4816.90 Min=2.22 Avg=76.12 10=10.82 25=36.32 50=58.11 75=91.20 90=146.18 95=198.01 99=368.38 99.9=897.02 99.99=1672.19] [UPDATE: Count=237945 Max=24313.85 Min=7.94 Avg=90.57 10=22.61 25=46.14 50=68.61 75=103.23 90=159.36 95=213.89 99=410.11 99.9=1308.67 99.99=7610.37]
2025-04-19 13:20:16 61 sec: 499434 operations; [READ: Count=250085 Max=4816.90 Min=2.22 Avg=74.41 10=10.32 25=35.55 50=56.83 75=88.96 90=143.23 95=194.56 99=361.98 99.9=875.52 99.99=1668.10] [UPDATE: Count=249349 Max=24313.85 Min=7.57 Avg=88.61 10=21.71 25=45.18 50=67.14 75=100.99 90=156.41 95=210.43 99=403.20 99.9=1278.97 99.99=7262.21]
2025-04-19 13:20:17 62 sec: 523474 operations; [READ: Count=262166 Max=4816.90 Min=2.22 Avg=72.61 10=9.90 25=34.69 50=55.07 75=87.17 90=140.16 95=190.85 99=356.35 99.9=859.65 99.99=1637.38] [UPDATE: Count=261308 Max=24313.85 Min=7.57 Avg=86.66 10=21.02 25=44.09 50=65.41 75=99.20 90=153.60 95=206.97 99=395.77 99.9=1249.28 99.99=7020.54]
2025-04-19 13:20:18 63 sec: 545216 operations; [READ: Count=273086 Max=4816.90 Min=2.22 Avg=71.29 10=9.60 25=34.02 50=53.15 75=85.89 90=137.73 95=188.16 99=353.79 99.9=900.61 99.99=1782.78] [UPDATE: Count=272130 Max=24313.85 Min=7.57 Avg=85.22 10=20.46 25=43.23 50=63.77 75=97.86 90=151.17 95=204.54 99=392.70 99.9=1275.90 99.99=7004.16]
2025-04-19 13:20:19 64 sec: 566363 operations; [READ: Count=283644 Max=4816.90 Min=2.22 Avg=70.14 10=9.37 25=33.50 50=51.30 75=84.73 90=135.68 95=185.85 99=351.74 99.9=925.70 99.99=1790.97] [UPDATE: Count=282719 Max=24313.85 Min=7.46 Avg=83.99 10=20.03 25=42.59 50=62.21 75=96.64 90=149.25 95=202.62 99=390.65 99.9=1277.95 99.99=6807.55]
2025-04-19 13:20:20 65 sec: 586778 operations; [READ: Count=293835 Max=4816.90 Min=2.22 Avg=69.18 10=9.14 25=33.09 50=49.60 75=83.90 90=133.76 95=183.94 99=350.72 99.9=963.58 99.99=1878.02] [UPDATE: Count=292943 Max=24313.85 Min=7.46 Avg=82.92 10=19.70 25=42.08 50=60.70 75=95.68 90=147.33 95=200.83 99=389.12 99.9=1288.19 99.99=6795.26]
2025-04-19 13:20:21 66 sec: 610368 operations; [READ: Count=305612 Max=4816.90 Min=2.22 Avg=67.89 10=8.93 25=32.56 50=47.68 75=82.88 90=131.58 95=181.50 99=346.11 99.9=948.22 99.99=1798.14] [UPDATE: Count=304756 Max=24313.85 Min=7.46 Avg=81.52 10=19.30 25=41.47 50=58.98 75=94.59 90=145.02 95=198.27 99=383.23 99.9=1262.59 99.99=6701.06]
2025-04-19 13:20:22 67 sec: 637074 operations; [READ: Count=319200 Max=4816.90 Min=2.22 Avg=66.37 10=8.62 25=31.81 50=45.76 75=81.79 90=128.77 95=178.30 99=340.48 99.9=926.72 99.99=1795.07] [UPDATE: Count=317874 Max=24313.85 Min=7.46 Avg=79.85 10=18.73 25=40.51 50=57.18 75=93.31 90=142.34 95=195.07 99=377.34 99.9=1233.92 99.99=6049.79]
2025-04-19 13:20:23 68 sec: 660849 operations; [READ: Count=331205 Max=4816.90 Min=2.22 Avg=65.29 10=8.38 25=31.25 50=44.29 75=80.89 90=126.59 95=175.87 99=338.94 99.9=937.98 99.99=1798.14] [UPDATE: Count=329644 Max=24313.85 Min=7.46 Avg=78.64 10=18.32 25=39.81 50=55.71 75=92.42 90=140.16 95=192.64 99=374.78 99.9=1218.56 99.99=5857.28]
2025-04-19 13:20:24 69 sec: 685145 operations; [READ: Count=343304 Max=4816.90 Min=2.22 Avg=64.23 10=8.16 25=30.61 50=42.98 75=80.06 90=124.67 95=173.69 99=337.41 99.9=928.25 99.99=1795.07] [UPDATE: Count=341841 Max=24313.85 Min=7.46 Avg=77.45 10=17.89 25=38.94 50=54.27 75=91.45 90=138.11 95=190.34 99=373.25 99.9=1214.46 99.99=5808.13]
2025-04-19 13:20:25 70 sec: 710623 operations; [READ: Count=356030 Max=4816.90 Min=2.18 Avg=63.16 10=7.94 25=29.92 50=41.79 75=79.23 90=122.69 95=171.52 99=335.87 99.9=912.89 99.99=1790.97] [UPDATE: Count=354593 Max=24313.85 Min=7.26 Avg=76.19 10=17.44 25=38.08 50=52.96 75=90.43 90=136.06 95=188.03 99=371.20 99.9=1192.96 99.99=5443.58]
2025-04-19 13:20:26 71 sec: 738406 operations; [READ: Count=369810 Max=4816.90 Min=2.18 Avg=61.96 10=7.73 25=29.17 50=40.67 75=78.40 90=120.38 95=168.83 99=331.01 99.9=899.07 99.99=1787.90] [UPDATE: Count=368596 Max=24313.85 Min=7.26 Avg=74.79 10=17.04 25=37.15 50=51.68 75=89.47 90=133.76 95=185.22 99=365.06 99.9=1167.36 99.99=5214.21]
2025-04-19 13:20:27 72 sec: 764104 operations; [READ: Count=382584 Max=4816.90 Min=2.18 Avg=61.00 10=7.62 25=28.73 50=39.74 75=77.76 90=118.40 95=166.66 99=327.68 99.9=879.62 99.99=1782.78] [UPDATE: Count=381520 Max=24313.85 Min=7.26 Avg=73.70 10=16.82 25=36.64 50=50.62 75=88.77 90=131.84 95=182.66 99=360.70 99.9=1141.76 99.99=5132.29]
2025-04-19 13:20:28 73 sec: 790185 operations; [READ: Count=395698 Max=4816.90 Min=2.18 Avg=60.07 10=7.51 25=28.27 50=38.91 75=76.99 90=116.42 95=164.35 99=324.10 99.9=869.89 99.99=1700.86] [UPDATE: Count=394487 Max=24313.85 Min=7.26 Avg=72.65 10=16.57 25=36.06 50=49.66 75=88.06 90=129.92 95=180.22 99=356.10 99.9=1129.47 99.99=4943.87]
2025-04-19 13:20:29 74 sec: 812617 operations; [READ: Count=406799 Max=4816.90 Min=2.18 Avg=59.51 10=7.41 25=27.79 50=38.24 75=76.42 90=115.14 95=163.07 99=325.89 99.9=896.51 99.99=1700.86] [UPDATE: Count=405818 Max=24313.85 Min=7.26 Avg=71.96 10=16.33 25=35.49 50=48.86 75=87.42 90=128.51 95=178.94 99=357.89 99.9=1130.49 99.99=4628.48]
2025-04-19 13:20:30 75 sec: 836320 operations; [READ: Count=418624 Max=4816.90 Min=2.18 Avg=58.88 10=7.29 25=27.30 50=37.63 75=75.84 90=113.79 95=161.53 99=325.38 99.9=914.94 99.99=1738.75] [UPDATE: Count=417696 Max=24313.85 Min=7.26 Avg=71.21 10=16.09 25=34.88 50=48.09 75=86.85 90=126.97 95=177.02 99=357.63 99.9=1137.66 99.99=4407.30]
2025-04-19 13:20:31 76 sec: 861726 operations; [READ: Count=431217 Max=4816.90 Min=2.18 Avg=58.16 10=7.21 25=26.85 50=36.99 75=75.20 90=112.25 95=159.87 99=323.84 99.9=911.36 99.99=1735.68] [UPDATE: Count=430509 Max=24313.85 Min=7.26 Avg=70.36 10=15.88 25=34.30 50=47.30 75=86.21 90=125.57 95=175.36 99=355.07 99.9=1128.45 99.99=4407.30]
2025-04-19 13:20:32 77 sec: 887428 operations; [READ: Count=444098 Max=4816.90 Min=2.18 Avg=57.44 10=7.13 25=26.48 50=36.41 75=74.56 90=110.78 95=158.08 99=321.54 99.9=911.36 99.99=1700.86] [UPDATE: Count=443330 Max=24313.85 Min=7.26 Avg=69.56 10=15.75 25=33.85 50=46.62 75=85.57 90=124.09 95=173.57 99=352.25 99.9=1118.21 99.99=4378.62]
2025-04-19 13:20:33 78 sec: 912285 operations; [READ: Count=456412 Max=4816.90 Min=2.18 Avg=56.82 10=7.08 25=26.14 50=35.90 75=73.86 90=109.69 95=156.67 99=320.00 99.9=901.63 99.99=1677.31] [UPDATE: Count=455873 Max=24313.85 Min=7.26 Avg=68.86 10=15.63 25=33.47 50=45.98 75=85.06 90=123.01 95=172.16 99=350.46 99.9=1104.89 99.99=4227.07]
2025-04-19 13:20:34 79 sec: 932465 operations; [READ: Count=466580 Max=4816.90 Min=2.18 Avg=56.53 10=7.10 25=25.95 50=35.62 75=73.47 90=108.93 95=155.90 99=322.05 99.9=906.24 99.99=1672.19] [UPDATE: Count=465885 Max=24313.85 Min=7.18 Avg=68.54 10=15.62 25=33.25 50=45.63 75=84.67 90=122.30 95=171.52 99=351.49 99.9=1111.04 99.99=4020.22]
2025-04-19 13:20:35 80 sec: 953014 operations; [READ: Count=476738 Max=4816.90 Min=2.18 Avg=56.24 10=7.14 25=25.77 50=35.39 75=73.09 90=108.16 95=154.88 99=322.81 99.9=911.36 99.99=1672.19] [UPDATE: Count=476276 Max=24313.85 Min=7.18 Avg=68.19 10=15.64 25=33.02 50=45.34 75=84.29 90=121.47 95=170.50 99=352.00 99.9=1103.87 99.99=3995.65]
2025-04-19 13:20:36 81 sec: 977050 operations; [READ: Count=488666 Max=4816.90 Min=2.06 Avg=55.75 10=7.16 25=25.52 50=35.07 75=72.58 90=107.01 95=153.22 99=321.02 99.9=903.17 99.99=1668.10] [UPDATE: Count=488384 Max=24313.85 Min=7.18 Avg=67.62 10=15.59 25=32.67 50=44.90 75=83.78 90=120.25 95=169.22 99=350.21 99.9=1094.65 99.99=3885.05]
2025-04-19 13:20:37 82 sec: 1000000 operations; [READ: Count=500215 Max=4816.90 Min=2.06 Avg=55.26 10=7.18 25=25.25 50=34.78 75=72.13 90=106.05 95=151.55 99=317.44 99.9=897.02 99.99=1644.54] [UPDATE: Count=499785 Max=24313.85 Min=7.18 Avg=67.10 10=15.61 25=32.38 50=44.54 75=83.39 90=119.17 95=167.55 99=347.13 99.9=1077.25 99.99=3868.67]
2025-04-19 13:20:38 83 sec: 1000000 operations; [READ: Count=500215 Max=4816.90 Min=2.06 Avg=55.26 10=7.18 25=25.25 50=34.78 75=72.13 90=106.05 95=151.55 99=317.44 99.9=897.02 99.99=1644.54] [UPDATE: Count=499785 Max=24313.85 Min=7.18 Avg=67.10 10=15.61 25=32.38 50=44.54 75=83.39 90=119.17 95=167.55 99=347.13 99.9=1077.25 99.99=3868.67]
2025-04-19 13:20:39 84 sec: 1000000 operations; [READ: Count=500215 Max=4816.90 Min=2.06 Avg=55.26 10=7.18 25=25.25 50=34.78 75=72.13 90=106.05 95=151.55 99=317.44 99.9=897.02 99.99=1644.54] [UPDATE: Count=499785 Max=24313.85 Min=7.18 Avg=67.10 10=15.61 25=32.38 50=44.54 75=83.39 90=119.17 95=167.55 99=347.13 99.9=1077.25 99.99=3868.67]
2025-04-19 13:20:40 85 sec: 1000000 operations; [READ: Count=500215 Max=4816.90 Min=2.06 Avg=55.26 10=7.18 25=25.25 50=34.78 75=72.13 90=106.05 95=151.55 99=317.44 99.9=897.02 99.99=1644.54] [UPDATE: Count=499785 Max=24313.85 Min=7.18 Avg=67.10 10=15.61 25=32.38 50=44.54 75=83.39 90=119.17 95=167.55 99=347.13 99.9=1077.25 99.99=3868.67]
2025-04-19 13:20:41 86 sec: 1000000 operations; [READ: Count=500215 Max=4816.90 Min=2.06 Avg=55.26 10=7.18 25=25.25 50=34.78 75=72.13 90=106.05 95=151.55 99=317.44 99.9=897.02 99.99=1644.54] [UPDATE: Count=499785 Max=24313.85 Min=7.18 Avg=67.10 10=15.61 25=32.38 50=44.54 75=83.39 90=119.17 95=167.55 99=347.13 99.9=1077.25 99.99=3868.67]
2025-04-19 13:20:41 86 sec: 1000000 operations; [READ: Count=500215 Max=4816.90 Min=2.06 Avg=55.26 10=7.18 25=25.25 50=34.78 75=72.13 90=106.05 95=151.55 99=317.44 99.9=897.02 99.99=1644.54] [UPDATE: Count=499785 Max=24313.85 Min=7.18 Avg=67.10 10=15.61 25=32.38 50=44.54 75=83.39 90=119.17 95=167.55 99=347.13 99.9=1077.25 99.99=3868.67]
Run runtime(sec): 86.0824
Run operations(ops): 1000000
Run throughput(ops/sec): 11616.8
