Running scope as unit: run-r2799cf42218e46e6a5481e402415988e.scope
load file:/home/user/DataFiles/silesia_data/silesia.tar
2025-04-19 12:17:48 0 sec: 0 operations;
2025-04-19 12:17:49 1 sec: 36183 operations; [INSERT: Count=36183 Max=4612.10 Min=5.21 Avg=22.86 10=11.25 25=14.34 50=19.86 75=28.29 90=37.18 95=43.23 99=60.70 99.9=143.49 99.99=270.59]
2025-04-19 12:17:50 2 sec: 73700 operations; [INSERT: Count=73700 Max=4612.10 Min=5.21 Avg=23.07 10=11.58 25=14.79 50=20.40 75=28.70 90=37.41 95=43.17 99=56.96 99.9=113.41 99.99=276.99]
2025-04-19 12:17:51 3 sec: 110878 operations; [INSERT: Count=110878 Max=4612.10 Min=5.21 Avg=23.22 10=11.78 25=15.02 50=20.61 75=28.89 90=37.50 95=43.07 99=55.90 99.9=109.57 99.99=272.38]
2025-04-19 12:17:52 4 sec: 147421 operations; [INSERT: Count=147421 Max=4612.10 Min=5.21 Avg=23.40 10=11.96 25=15.20 50=20.82 75=29.10 90=37.76 95=43.39 99=55.94 99.9=106.50 99.99=278.27]
2025-04-19 12:17:53 5 sec: 183752 operations; [INSERT: Count=183752 Max=4612.10 Min=5.21 Avg=23.54 10=12.08 25=15.33 50=20.96 75=29.28 90=37.95 95=43.55 99=55.90 99.9=103.10 99.99=277.76]
2025-04-19 12:17:54 6 sec: 218096 operations; [INSERT: Count=218096 Max=37814.27 Min=5.21 Avg=23.86 10=12.19 25=15.46 50=21.10 75=29.45 90=38.14 95=43.84 99=56.19 99.9=100.54 99.99=281.60]
2025-04-19 12:17:55 7 sec: 253521 operations; [INSERT: Count=253521 Max=37814.27 Min=5.21 Avg=23.98 10=12.30 25=15.58 50=21.23 75=29.63 90=38.34 95=43.97 99=56.38 99.9=98.88 99.99=287.74]
2025-04-19 12:17:56 8 sec: 288629 operations; [INSERT: Count=288629 Max=37814.27 Min=5.21 Avg=24.11 10=12.41 25=15.72 50=21.38 75=29.81 90=38.56 95=44.22 99=56.58 99.9=94.97 99.99=286.72]
2025-04-19 12:17:57 9 sec: 322533 operations; [INSERT: Count=322533 Max=37814.27 Min=5.21 Avg=24.31 10=12.54 25=15.86 50=21.57 75=30.06 90=38.91 95=44.64 99=57.09 99.9=93.31 99.99=286.72]
2025-04-19 12:17:58 10 sec: 355305 operations; [INSERT: Count=355305 Max=37814.27 Min=5.21 Avg=24.56 10=12.66 25=16.03 50=21.82 75=30.40 90=39.36 95=45.18 99=57.92 99.9=91.90 99.99=284.16]
2025-04-19 12:17:59 11 sec: 386176 operations; [INSERT: Count=386176 Max=37814.27 Min=5.21 Avg=24.91 10=12.78 25=16.21 50=22.13 75=30.83 90=40.00 95=46.02 99=59.17 99.9=93.31 99.99=287.74]
2025-04-19 12:18:00 12 sec: 416534 operations; [INSERT: Count=416534 Max=37814.27 Min=5.21 Avg=25.23 10=12.90 25=16.40 50=22.40 75=31.23 90=40.61 95=46.85 99=60.38 99.9=94.02 99.99=289.79]
2025-04-19 12:18:01 13 sec: 446908 operations; [INSERT: Count=446908 Max=37814.27 Min=5.21 Avg=25.52 10=13.01 25=16.56 50=22.64 75=31.58 90=41.15 95=47.55 99=61.41 99.9=93.31 99.99=291.84]
2025-04-19 12:18:02 14 sec: 477034 operations; [INSERT: Count=477034 Max=37814.27 Min=5.12 Avg=25.79 10=13.06 25=16.66 50=22.85 75=31.93 90=41.70 95=48.29 99=62.62 99.9=95.10 99.99=292.10]
2025-04-19 12:18:03 15 sec: 505474 operations; [INSERT: Count=505474 Max=37814.27 Min=5.12 Avg=26.10 10=13.13 25=16.78 50=23.07 75=32.29 90=42.30 95=49.05 99=63.90 99.9=98.17 99.99=295.17]
2025-04-19 12:18:04 16 sec: 534185 operations; [INSERT: Count=534185 Max=37814.27 Min=5.12 Avg=26.30 10=13.19 25=16.86 50=23.23 75=32.53 90=42.69 95=49.57 99=64.86 99.9=102.78 99.99=297.73]
2025-04-19 12:18:05 17 sec: 564398 operations; [INSERT: Count=564398 Max=37814.27 Min=5.12 Avg=26.40 10=13.23 25=16.91 50=23.31 75=32.66 90=42.85 95=49.76 99=65.25 99.9=102.72 99.99=305.41]
2025-04-19 12:18:06 18 sec: 593407 operations; [INSERT: Count=593407 Max=37814.27 Min=5.12 Avg=26.55 10=13.29 25=16.99 50=23.44 75=32.86 90=43.10 95=50.14 99=65.92 99.9=103.68 99.99=314.11]
2025-04-19 12:18:07 19 sec: 623399 operations; [INSERT: Count=623399 Max=37814.27 Min=5.12 Avg=26.65 10=13.34 25=17.05 50=23.52 75=32.96 90=43.26 95=50.37 99=66.30 99.9=104.00 99.99=321.79]
2025-04-19 12:18:08 20 sec: 653368 operations; [INSERT: Count=653368 Max=37814.27 Min=5.12 Avg=26.73 10=13.38 25=17.12 50=23.60 75=33.09 90=43.42 95=50.53 99=66.56 99.9=104.32 99.99=333.06]
2025-04-19 12:18:09 21 sec: 682824 operations; [INSERT: Count=682824 Max=37814.27 Min=5.12 Avg=26.83 10=13.44 25=17.17 50=23.66 75=33.18 90=43.58 95=50.78 99=67.14 99.9=106.75 99.99=342.53]
2025-04-19 12:18:10 22 sec: 713030 operations; [INSERT: Count=713030 Max=37814.27 Min=5.12 Avg=26.89 10=13.48 25=17.21 50=23.71 75=33.25 90=43.68 95=50.91 99=67.33 99.9=107.20 99.99=353.02]
2025-04-19 12:18:11 23 sec: 743299 operations; [INSERT: Count=743299 Max=37814.27 Min=5.12 Avg=26.94 10=13.52 25=17.25 50=23.74 75=33.28 90=43.71 95=50.94 99=67.45 99.9=111.49 99.99=361.98]
2025-04-19 12:18:12 24 sec: 774627 operations; [INSERT: Count=774627 Max=37814.27 Min=5.12 Avg=26.95 10=13.54 25=17.26 50=23.73 75=33.25 90=43.65 95=50.88 99=67.39 99.9=124.67 99.99=370.69]
2025-04-19 12:18:13 25 sec: 805585 operations; [INSERT: Count=805585 Max=37814.27 Min=5.12 Avg=26.96 10=13.57 25=17.28 50=23.74 75=33.25 90=43.62 95=50.85 99=67.39 99.9=201.47 99.99=373.50]
2025-04-19 12:18:14 26 sec: 827926 operations; [INSERT: Count=827926 Max=37814.27 Min=5.12 Avg=27.31 10=13.62 25=17.36 50=23.89 75=33.47 90=44.06 95=51.58 99=69.57 99.9=223.36 99.99=416.25]
2025-04-19 12:18:15 27 sec: 849604 operations; [INSERT: Count=849604 Max=37814.27 Min=5.12 Avg=27.66 10=13.69 25=17.49 50=24.13 75=33.89 90=44.77 95=52.58 99=71.87 99.9=230.14 99.99=431.87]
2025-04-19 12:18:16 28 sec: 871579 operations; [INSERT: Count=871579 Max=37814.27 Min=5.12 Avg=27.99 10=13.75 25=17.60 50=24.34 75=34.24 90=45.41 95=53.44 99=73.92 99.9=233.85 99.99=439.30]
2025-04-19 12:18:17 29 sec: 894225 operations; [INSERT: Count=894225 Max=37814.27 Min=5.12 Avg=28.27 10=13.81 25=17.71 50=24.53 75=34.56 90=45.92 95=54.21 99=75.65 99.9=239.87 99.99=456.19]
2025-04-19 12:18:18 30 sec: 918345 operations; [INSERT: Count=918345 Max=37814.27 Min=5.12 Avg=28.49 10=13.84 25=17.76 50=24.64 75=34.75 90=46.30 95=54.78 99=77.06 99.9=243.97 99.99=493.06]
2025-04-19 12:18:19 31 sec: 948685 operations; [INSERT: Count=948685 Max=37814.27 Min=5.12 Avg=28.50 10=13.80 25=17.73 50=24.62 75=34.75 90=46.37 95=54.88 99=77.31 99.9=246.01 99.99=514.56]
2025-04-19 12:18:20 32 sec: 978564 operations; [INSERT: Count=978564 Max=37814.27 Min=5.12 Avg=28.51 10=13.80 25=17.73 50=24.62 75=34.75 90=46.37 95=54.91 99=77.38 99.9=246.27 99.99=553.47]
2025-04-19 12:18:21 33 sec: 1000000 operations; [INSERT: Count=1000000 Max=37814.27 Min=5.12 Avg=28.35 10=13.70 25=17.60 50=24.45 75=34.56 90=46.17 95=54.69 99=77.12 99.9=245.89 99.99=555.52]
2025-04-19 12:18:22 34 sec: 1000000 operations; [INSERT: Count=1000000 Max=37814.27 Min=5.12 Avg=28.35 10=13.70 25=17.60 50=24.45 75=34.56 90=46.17 95=54.69 99=77.12 99.9=245.89 99.99=555.52]
2025-04-19 12:18:23 35 sec: 1000000 operations; [INSERT: Count=1000000 Max=37814.27 Min=5.12 Avg=28.35 10=13.70 25=17.60 50=24.45 75=34.56 90=46.17 95=54.69 99=77.12 99.9=245.89 99.99=555.52]
2025-04-19 12:18:24 36 sec: 1000000 operations; [INSERT: Count=1000000 Max=37814.27 Min=5.12 Avg=28.35 10=13.70 25=17.60 50=24.45 75=34.56 90=46.17 95=54.69 99=77.12 99.9=245.89 99.99=555.52]
2025-04-19 12:18:25 37 sec: 1000000 operations; [INSERT: Count=1000000 Max=37814.27 Min=5.12 Avg=28.35 10=13.70 25=17.60 50=24.45 75=34.56 90=46.17 95=54.69 99=77.12 99.9=245.89 99.99=555.52]
2025-04-19 12:18:26 38 sec: 1000000 operations; [INSERT: Count=1000000 Max=37814.27 Min=5.12 Avg=28.35 10=13.70 25=17.60 50=24.45 75=34.56 90=46.17 95=54.69 99=77.12 99.9=245.89 99.99=555.52]
2025-04-19 12:18:27 39 sec: 1000000 operations; [INSERT: Count=1000000 Max=37814.27 Min=5.12 Avg=28.35 10=13.70 25=17.60 50=24.45 75=34.56 90=46.17 95=54.69 99=77.12 99.9=245.89 99.99=555.52]
2025-04-19 12:18:28 40 sec: 1000000 operations; [INSERT: Count=1000000 Max=37814.27 Min=5.12 Avg=28.35 10=13.70 25=17.60 50=24.45 75=34.56 90=46.17 95=54.69 99=77.12 99.9=245.89 99.99=555.52]
2025-04-19 12:18:29 41 sec: 1000000 operations; [INSERT: Count=1000000 Max=37814.27 Min=5.12 Avg=28.35 10=13.70 25=17.60 50=24.45 75=34.56 90=46.17 95=54.69 99=77.12 99.9=245.89 99.99=555.52]
2025-04-19 12:18:30 41 sec: 1000000 operations; [INSERT: Count=1000000 Max=37814.27 Min=5.12 Avg=28.35 10=13.70 25=17.60 50=24.45 75=34.56 90=46.17 95=54.69 99=77.12 99.9=245.89 99.99=555.52]
Load runtime(sec): 41.7541
Load operations(ops): 1000000
Load throughput(ops/sec): 23949.7
