Running scope as unit: run-r2acab1028a714263a37fb694503db5e3.scope
load file:/home/user/DataFiles/silesia_data/silesia.tar
2025-04-22 06:50:52 0 sec: 0 operations;
2025-04-22 06:50:53 1 sec: 0 operations;
2025-04-22 06:50:54 2 sec: 0 operations;
2025-04-22 06:50:55 3 sec: 0 operations;
2025-04-22 06:50:56 4 sec: 0 operations;
2025-04-22 06:50:57 5 sec: 0 operations;
2025-04-22 06:50:58 6 sec: 0 operations;
2025-04-22 06:50:59 7 sec: 0 operations;
2025-04-22 06:51:00 8 sec: 0 operations;
2025-04-22 06:51:01 9 sec: 0 operations;
2025-04-22 06:51:02 10 sec: 11163 operations; [READ: Count=7449 Max=1426.43 Min=3.51 Avg=98.91 10=20.51 25=27.41 50=42.17 75=126.08 90=201.60 95=375.55 99=703.49 99.9=1134.59 99.99=1373.18] [UPDATE: Count=3714 Max=1355.78 Min=9.29 Avg=42.54 10=16.61 25=20.40 50=28.09 75=41.50 90=63.10 95=81.98 99=390.91 99.9=1197.06 99.99=1355.78]
2025-04-22 06:51:03 11 sec: 17881 operations; [READ: Count=11942 Max=12582.91 Min=3.51 Avg=126.72 10=21.89 25=29.65 50=45.60 75=135.94 90=321.28 95=529.41 99=972.80 99.9=1619.97 99.99=6852.61] [UPDATE: Count=5939 Max=9535.49 Min=9.29 Avg=60.96 10=17.89 25=23.20 50=33.73 75=52.90 90=79.04 95=100.42 99=605.70 99.9=3913.73 99.99=9297.92]
2025-04-22 06:51:04 12 sec: 23239 operations; [READ: Count=15500 Max=12582.91 Min=3.47 Avg=146.79 10=21.82 25=29.17 50=44.67 75=140.93 90=430.33 95=685.05 99=1091.58 99.9=1584.13 99.99=5668.86] [UPDATE: Count=7739 Max=11706.37 Min=9.29 Avg=78.14 10=17.63 25=22.59 50=32.77 75=50.37 90=75.65 95=98.94 99=898.56 99.9=8880.13 99.99=10567.68]
2025-04-22 06:51:05 13 sec: 27676 operations; [READ: Count=18462 Max=12582.91 Min=3.41 Avg=166.28 10=21.68 25=28.86 50=44.22 75=145.66 90=536.06 95=808.96 99=1262.59 99.9=1940.48 99.99=6156.29] [UPDATE: Count=9214 Max=11706.37 Min=9.29 Avg=87.44 10=17.60 25=22.50 50=32.11 75=48.96 90=74.05 95=97.15 99=1124.35 99.9=8880.13 99.99=10567.68]
2025-04-22 06:51:06 14 sec: 34481 operations; [READ: Count=23006 Max=12582.91 Min=3.41 Avg=169.76 10=21.01 25=28.19 50=42.85 75=145.53 90=561.15 95=838.65 99=1308.67 99.9=1953.79 99.99=6156.29] [UPDATE: Count=11475 Max=11706.37 Min=8.90 Avg=83.91 10=16.83 25=21.34 50=30.08 75=46.17 90=70.33 95=93.12 99=1057.79 99.9=8970.24 99.99=10567.68]
2025-04-22 06:51:07 15 sec: 44934 operations; [READ: Count=29985 Max=12582.91 Min=3.22 Avg=159.53 10=20.35 25=27.05 50=40.51 75=136.45 90=515.84 95=803.84 99=1261.57 99.9=1899.52 99.99=5668.86] [UPDATE: Count=14949 Max=11706.37 Min=6.94 Avg=71.95 10=15.05 25=18.67 50=25.79 75=40.41 90=64.09 95=85.06 99=828.41 99.9=8110.08 99.99=10567.68]
2025-04-22 06:51:08 16 sec: 55443 operations; [READ: Count=37016 Max=12582.91 Min=3.22 Avg=152.94 10=19.79 25=26.43 50=39.42 75=132.09 90=477.18 95=776.70 99=1251.33 99.9=1872.89 99.99=4202.49] [UPDATE: Count=18427 Max=11706.37 Min=6.94 Avg=64.47 10=14.21 25=17.33 50=23.23 75=36.22 90=59.17 95=80.00 99=675.84 99.9=7991.30 99.99=10567.68]
2025-04-22 06:51:09 17 sec: 69267 operations; [READ: Count=46213 Max=12582.91 Min=3.14 Avg=141.29 10=19.65 25=26.54 50=39.62 75=128.51 90=404.74 95=706.56 99=1200.13 99.9=1798.14 99.99=3508.22] [UPDATE: Count=23054 Max=11706.37 Min=6.94 Avg=56.70 10=13.71 25=16.43 50=21.31 75=32.17 90=53.98 95=74.50 99=500.74 99.9=7213.06 99.99=10567.68]
2025-04-22 06:51:10 18 sec: 82540 operations; [READ: Count=55049 Max=12582.91 Min=3.14 Avg=133.20 10=19.38 25=26.21 50=39.17 75=127.68 90=358.65 95=652.29 99=1161.21 99.9=1767.42 99.99=3493.89] [UPDATE: Count=27491 Max=11706.37 Min=6.88 Avg=54.15 10=13.60 25=16.29 50=21.12 75=31.66 90=53.05 95=72.45 99=448.25 99.9=6823.94 99.99=10567.68]
2025-04-22 06:51:11 19 sec: 93611 operations; [READ: Count=62436 Max=12582.91 Min=3.14 Avg=130.23 10=19.21 25=26.05 50=38.91 75=128.13 90=343.30 95=625.66 99=1139.71 99.9=1745.92 99.99=3493.89] [UPDATE: Count=31175 Max=11771.90 Min=6.88 Avg=53.78 10=13.55 25=16.31 50=21.26 75=32.03 90=53.15 95=71.61 99=422.91 99.9=6758.40 99.99=10633.22]
2025-04-22 06:51:12 20 sec: 105216 operations; [READ: Count=70193 Max=12582.91 Min=3.14 Avg=127.73 10=19.30 25=26.13 50=38.98 75=128.13 90=330.75 95=602.11 99=1126.40 99.9=1738.75 99.99=3088.38] [UPDATE: Count=35023 Max=11771.90 Min=6.88 Avg=52.12 10=13.52 25=16.38 50=21.47 75=32.59 90=53.73 95=71.87 99=402.43 99.9=6496.26 99.99=10567.68]
2025-04-22 06:51:13 21 sec: 116392 operations; [READ: Count=77629 Max=12582.91 Min=3.14 Avg=126.23 10=19.20 25=26.00 50=38.69 75=127.42 90=326.14 95=594.43 99=1114.11 99.9=1738.75 99.99=3088.38] [UPDATE: Count=38763 Max=11771.90 Min=6.88 Avg=51.03 10=13.46 25=16.37 50=21.58 75=32.99 90=54.34 95=71.94 99=395.26 99.9=6103.04 99.99=10567.68]
2025-04-22 06:51:14 22 sec: 127459 operations; [READ: Count=84997 Max=12582.91 Min=3.14 Avg=124.98 10=19.18 25=25.93 50=38.46 75=126.08 90=321.79 95=587.77 99=1113.09 99.9=1763.33 99.99=3493.89] [UPDATE: Count=42462 Max=11771.90 Min=6.88 Avg=50.42 10=13.43 25=16.40 50=21.70 75=33.15 90=54.30 95=71.87 99=395.52 99.9=5914.62 99.99=10567.68]
2025-04-22 06:51:15 23 sec: 141006 operations; [READ: Count=94044 Max=12582.91 Min=3.14 Avg=121.51 10=19.07 25=25.71 50=37.89 75=123.07 90=305.92 95=570.88 99=1105.92 99.9=1763.33 99.99=3088.38] [UPDATE: Count=46962 Max=11771.90 Min=6.88 Avg=49.41 10=13.37 25=16.38 50=21.76 75=33.28 90=54.46 95=72.19 99=382.46 99.9=5357.57 99.99=9986.05]
2025-04-22 06:51:16 24 sec: 155630 operations; [READ: Count=103802 Max=12582.91 Min=3.14 Avg=117.85 10=18.78 25=25.36 50=37.12 75=119.30 90=285.95 95=552.45 99=1110.02 99.9=1811.45 99.99=2799.61] [UPDATE: Count=51828 Max=11771.90 Min=6.88 Avg=48.20 10=13.30 25=16.34 50=21.77 75=33.34 90=54.40 95=72.00 99=328.96 99.9=5300.22 99.99=9986.05]
2025-04-22 06:51:17 25 sec: 172626 operations; [READ: Count=115162 Max=12582.91 Min=3.14 Avg=113.16 10=18.61 25=25.12 50=36.64 75=115.01 90=264.45 95=524.29 99=1087.49 99.9=1780.73 99.99=2775.04] [UPDATE: Count=57464 Max=11771.90 Min=6.88 Avg=46.64 10=13.22 25=16.25 50=21.68 75=33.02 90=53.98 95=71.61 99=294.40 99.9=4882.43 99.99=9854.98]
2025-04-22 06:51:18 26 sec: 186156 operations; [READ: Count=124253 Max=12582.91 Min=3.14 Avg=111.47 10=18.62 25=25.17 50=36.67 75=113.53 90=258.56 95=510.72 99=1073.15 99.9=1763.33 99.99=2775.04] [UPDATE: Count=61903 Max=11771.90 Min=6.88 Avg=45.98 10=13.18 25=16.21 50=21.55 75=32.53 90=53.12 95=70.72 99=301.57 99.9=4407.30 99.99=9854.98]
2025-04-22 06:51:19 27 sec: 198588 operations; [READ: Count=132515 Max=12582.91 Min=2.90 Avg=110.88 10=18.57 25=25.18 50=36.77 75=113.47 90=259.07 95=504.06 99=1056.77 99.9=1745.92 99.99=2631.68] [UPDATE: Count=66073 Max=11771.90 Min=6.88 Avg=45.25 10=13.13 25=16.14 50=21.39 75=31.98 90=52.00 95=69.44 99=296.45 99.9=4321.28 99.99=9830.40]
2025-04-22 06:51:20 28 sec: 210565 operations; [READ: Count=140500 Max=12582.91 Min=2.90 Avg=110.65 10=18.50 25=25.15 50=36.80 75=114.43 90=261.50 95=496.89 99=1044.48 99.9=1736.70 99.99=2560.00] [UPDATE: Count=70065 Max=11771.90 Min=6.88 Avg=44.57 10=13.02 25=15.99 50=21.17 75=31.45 90=51.01 95=68.48 99=294.65 99.9=4218.88 99.99=9830.40]
2025-04-22 06:51:21 29 sec: 221426 operations; [READ: Count=147749 Max=12582.91 Min=2.90 Avg=111.22 10=18.45 25=25.17 50=36.90 75=115.71 90=262.91 95=497.41 99=1049.60 99.9=1754.11 99.99=2689.02] [UPDATE: Count=73677 Max=11771.90 Min=6.88 Avg=43.77 10=12.94 25=15.86 50=20.91 75=30.89 90=49.98 95=67.58 99=284.42 99.9=4016.13 99.99=9830.40]
2025-04-22 06:51:22 30 sec: 233341 operations; [READ: Count=155639 Max=12582.91 Min=2.90 Avg=111.20 10=18.45 25=25.23 50=37.15 75=117.63 90=262.40 95=490.50 99=1037.82 99.9=1748.99 99.99=2668.54] [UPDATE: Count=77702 Max=11771.90 Min=6.88 Avg=42.96 10=12.88 25=15.75 50=20.70 75=30.35 90=49.18 95=66.62 99=277.76 99.9=3926.01 99.99=9764.86]
2025-04-22 06:51:23 31 sec: 243844 operations; [READ: Count=162646 Max=12582.91 Min=2.90 Avg=111.84 10=18.32 25=25.18 50=37.34 75=119.55 90=267.01 95=488.19 99=1027.07 99.9=1741.82 99.99=2689.02] [UPDATE: Count=81198 Max=11771.90 Min=6.88 Avg=42.39 10=12.77 25=15.60 50=20.51 75=30.02 90=48.51 95=65.79 99=272.64 99.9=3852.29 99.99=9764.86]
2025-04-22 06:51:24 32 sec: 252735 operations; [READ: Count=168606 Max=12582.91 Min=2.90 Avg=113.21 10=18.29 25=25.25 50=37.66 75=121.79 90=272.64 95=491.52 99=1025.02 99.9=1747.97 99.99=2668.54] [UPDATE: Count=84129 Max=11771.90 Min=6.88 Avg=42.03 10=12.75 25=15.54 50=20.41 75=29.81 90=48.06 95=65.12 99=272.38 99.9=3678.21 99.99=9764.86]
2025-04-22 06:51:25 33 sec: 262424 operations; [READ: Count=175022 Max=12582.91 Min=2.90 Avg=114.17 10=18.32 25=25.38 50=38.08 75=123.65 90=275.71 95=490.75 99=1022.98 99.9=1748.99 99.99=2631.68] [UPDATE: Count=87402 Max=11771.90 Min=6.88 Avg=41.54 10=12.73 25=15.52 50=20.32 75=29.45 90=47.49 95=64.45 99=261.12 99.9=3575.81 99.99=9535.49]
2025-04-22 06:51:26 34 sec: 270159 operations; [READ: Count=180193 Max=12582.91 Min=2.90 Avg=115.76 10=18.34 25=25.45 50=38.34 75=124.86 90=279.55 95=496.13 99=1037.82 99.9=1821.69 99.99=2797.57] [UPDATE: Count=89966 Max=11771.90 Min=6.86 Avg=41.62 10=12.72 25=15.49 50=20.27 75=29.26 90=47.07 95=63.97 99=262.01 99.9=3715.07 99.99=9535.49]
2025-04-22 06:51:27 35 sec: 281752 operations; [READ: Count=187951 Max=12582.91 Min=2.90 Avg=115.63 10=18.37 25=25.55 50=38.66 75=125.82 90=278.01 95=490.24 99=1027.07 99.9=1795.07 99.99=2775.04] [UPDATE: Count=93801 Max=11771.90 Min=6.86 Avg=41.14 10=12.71 25=15.48 50=20.19 75=29.01 90=46.46 95=63.26 99=256.89 99.9=3612.67 99.99=9535.49]
2025-04-22 06:51:28 36 sec: 293016 operations; [READ: Count=195469 Max=12582.91 Min=2.90 Avg=115.63 10=18.27 25=25.50 50=38.72 75=126.33 90=278.01 95=488.19 99=1024.00 99.9=1804.29 99.99=2689.02] [UPDATE: Count=97547 Max=11771.90 Min=6.86 Avg=40.76 10=12.65 25=15.40 50=20.08 75=28.77 90=45.98 95=62.72 99=248.96 99.9=3575.81 99.99=9469.95]
2025-04-22 06:51:29 37 sec: 304478 operations; [READ: Count=203088 Max=12582.91 Min=2.90 Avg=115.56 10=18.05 25=25.31 50=38.53 75=126.53 90=279.30 95=487.68 99=1018.88 99.9=1811.45 99.99=2689.02] [UPDATE: Count=101390 Max=11771.90 Min=6.73 Avg=40.43 10=12.57 25=15.29 50=19.92 75=28.46 90=45.44 95=61.98 99=248.70 99.9=3586.05 99.99=9469.95]
2025-04-22 06:51:30 38 sec: 316709 operations; [READ: Count=211204 Max=12582.91 Min=2.90 Avg=115.11 10=17.79 25=25.10 50=38.34 75=126.46 90=279.30 95=484.10 99=1013.76 99.9=1793.02 99.99=2672.64] [UPDATE: Count=105505 Max=11771.90 Min=6.73 Avg=40.21 10=12.49 25=15.17 50=19.74 75=28.19 90=44.96 95=61.47 99=255.49 99.9=3510.27 99.99=9420.80]
2025-04-22 06:51:31 39 sec: 328629 operations; [READ: Count=219118 Max=12582.91 Min=2.42 Avg=114.89 10=17.52 25=24.86 50=38.02 75=126.27 90=280.06 95=483.58 99=1013.25 99.9=1795.07 99.99=2668.54] [UPDATE: Count=109511 Max=11771.90 Min=6.73 Avg=39.89 10=12.40 25=15.03 50=19.57 75=27.86 90=44.29 95=60.80 99=255.10 99.9=3506.18 99.99=9420.80]
2025-04-22 06:51:32 40 sec: 343732 operations; [READ: Count=229195 Max=12582.91 Min=2.42 Avg=113.62 10=17.17 25=24.51 50=37.60 75=125.31 90=276.48 95=478.21 99=1000.96 99.9=1784.83 99.99=2631.68] [UPDATE: Count=114537 Max=11771.90 Min=6.67 Avg=39.21 10=12.27 25=14.84 50=19.28 75=27.38 90=43.52 95=59.90 99=246.40 99.9=3411.97 99.99=9420.80]
2025-04-22 06:51:33 41 sec: 358007 operations; [READ: Count=238710 Max=12582.91 Min=2.42 Avg=112.69 10=16.88 25=24.19 50=37.22 75=124.86 90=274.69 95=472.57 99=993.28 99.9=1769.47 99.99=2621.44] [UPDATE: Count=119297 Max=11771.90 Min=6.67 Avg=38.71 10=12.20 25=14.73 50=19.09 75=26.98 90=42.88 95=59.23 99=244.09 99.9=3381.25 99.99=9297.92]
2025-04-22 06:51:34 42 sec: 375264 operations; [READ: Count=250190 Max=12582.91 Min=2.42 Avg=111.01 10=16.45 25=23.77 50=36.73 75=123.78 90=269.06 95=463.36 99=980.48 99.9=1754.11 99.99=2596.86] [UPDATE: Count=125074 Max=11771.90 Min=6.67 Avg=37.83 10=12.10 25=14.54 50=18.77 75=26.43 90=41.95 95=58.21 99=224.90 99.9=3299.33 99.99=9052.16]
2025-04-22 06:51:35 43 sec: 393759 operations; [READ: Count=262531 Max=12582.91 Min=2.42 Avg=109.19 10=16.09 25=23.34 50=36.73 75=121.47 90=259.58 95=452.86 99=967.17 99.9=1730.56 99.99=2586.62] [UPDATE: Count=131228 Max=11771.90 Min=6.67 Avg=36.77 10=11.85 25=14.21 50=18.35 75=25.87 90=41.05 95=57.12 99=209.15 99.9=3223.55 99.99=9052.16]
2025-04-22 06:51:36 44 sec: 413414 operations; [READ: Count=275634 Max=12582.91 Min=2.34 Avg=107.26 10=15.66 25=22.86 50=36.86 75=118.66 90=250.75 95=442.37 99=953.34 99.9=1720.32 99.99=2560.00] [UPDATE: Count=137780 Max=11771.90 Min=6.67 Avg=35.66 10=11.49 25=13.82 50=17.92 75=25.30 90=40.13 95=56.03 99=186.37 99.9=3164.16 99.99=9003.01]
2025-04-22 06:51:37 45 sec: 434503 operations; [READ: Count=289658 Max=12582.91 Min=2.34 Avg=105.13 10=15.31 25=22.34 50=36.93 75=115.58 90=240.64 95=430.59 99=939.01 99.9=1699.84 99.99=2551.81] [UPDATE: Count=144845 Max=11771.90 Min=6.67 Avg=34.58 10=11.28 25=13.52 50=17.50 75=24.70 90=39.17 95=54.88 99=171.39 99.9=3137.53 99.99=9003.01]
2025-04-22 06:51:38 46 sec: 457215 operations; [READ: Count=304805 Max=12582.91 Min=2.34 Avg=102.82 10=14.86 25=21.77 50=36.99 75=112.38 90=230.40 95=417.79 99=923.65 99.9=1674.24 99.99=2508.80] [UPDATE: Count=152410 Max=11771.90 Min=6.67 Avg=33.49 10=10.95 25=13.16 50=17.04 75=24.11 90=38.24 95=53.63 99=159.23 99.9=3039.23 99.99=8970.24]
2025-04-22 06:51:39 47 sec: 479525 operations; [READ: Count=319685 Max=12582.91 Min=2.34 Avg=100.83 10=14.49 25=21.23 50=37.02 75=109.76 90=221.95 95=406.53 99=908.80 99.9=1653.76 99.99=2492.41] [UPDATE: Count=159840 Max=11771.90 Min=6.62 Avg=32.50 10=10.71 25=12.82 50=16.62 75=23.57 90=37.31 95=52.51 99=149.50 99.9=2932.74 99.99=8970.24]
2025-04-22 06:51:40 48 sec: 501672 operations; [READ: Count=334465 Max=12582.91 Min=2.34 Avg=99.05 10=14.13 25=20.70 50=37.05 75=107.58 90=214.91 95=396.54 99=892.93 99.9=1639.42 99.99=2490.37] [UPDATE: Count=167207 Max=11771.90 Min=6.62 Avg=31.61 10=10.53 25=12.51 50=16.22 75=23.07 90=36.45 95=51.42 99=142.34 99.9=2869.25 99.99=8880.13]
2025-04-22 06:51:41 49 sec: 521944 operations; [READ: Count=347971 Max=12582.91 Min=2.34 Avg=97.77 10=13.88 25=20.25 50=36.99 75=106.11 90=210.18 95=389.38 99=880.13 99.9=1626.11 99.99=2459.65] [UPDATE: Count=173973 Max=11771.90 Min=6.62 Avg=30.92 10=10.46 25=12.33 50=15.94 75=22.64 90=35.77 95=50.46 99=134.53 99.9=2830.34 99.99=8880.13]
2025-04-22 06:51:42 50 sec: 543704 operations; [READ: Count=362515 Max=12582.91 Min=2.34 Avg=96.30 10=13.60 25=19.81 50=36.83 75=104.70 90=205.06 95=380.67 99=865.79 99.9=1608.70 99.99=2453.50] [UPDATE: Count=181189 Max=11771.90 Min=6.62 Avg=30.20 10=10.40 25=12.15 50=15.65 75=22.21 90=35.04 95=49.53 99=128.90 99.9=2768.89 99.99=8691.71]
2025-04-22 06:51:43 51 sec: 567303 operations; [READ: Count=378302 Max=12582.91 Min=2.34 Avg=94.60 10=13.34 25=19.41 50=36.70 75=103.30 90=198.40 95=369.41 99=852.48 99.9=1597.44 99.99=2412.54] [UPDATE: Count=189001 Max=11771.90 Min=6.62 Avg=29.53 10=10.38 25=12.05 50=15.41 75=21.77 90=34.30 95=48.70 99=124.99 99.9=2662.40 99.99=8343.55]
2025-04-22 06:51:44 52 sec: 588623 operations; [READ: Count=392508 Max=12582.91 Min=2.34 Avg=93.43 10=13.05 25=19.12 50=36.54 75=102.59 90=193.92 95=361.47 99=839.17 99.9=1584.13 99.99=2406.40] [UPDATE: Count=196115 Max=11771.90 Min=6.62 Avg=28.96 10=10.36 25=11.97 50=15.23 75=21.42 90=33.66 95=47.90 99=120.51 99.9=2613.25 99.99=8110.08]
2025-04-22 06:51:45 53 sec: 610704 operations; [READ: Count=407179 Max=12582.91 Min=2.34 Avg=92.24 10=12.70 25=18.80 50=36.38 75=101.82 90=189.44 95=354.30 99=828.41 99.9=1571.84 99.99=2402.30] [UPDATE: Count=203525 Max=11771.90 Min=6.54 Avg=28.38 10=10.29 25=11.83 50=15.02 75=21.05 90=33.05 95=47.10 99=117.89 99.9=2549.76 99.99=8110.08]
2025-04-22 06:51:46 54 sec: 629988 operations; [READ: Count=420062 Max=12582.91 Min=2.34 Avg=91.57 10=12.45 25=18.67 50=36.29 75=101.50 90=187.13 95=349.95 99=819.71 99.9=1565.69 99.99=2400.26] [UPDATE: Count=209926 Max=11771.90 Min=6.54 Avg=27.91 10=10.26 25=11.73 50=14.85 75=20.77 90=32.53 95=46.46 99=114.50 99.9=2502.66 99.99=8065.02]
2025-04-22 06:51:47 55 sec: 650300 operations; [READ: Count=433615 Max=12582.91 Min=2.34 Avg=90.77 10=12.15 25=18.57 50=36.13 75=101.12 90=183.94 95=344.83 99=811.01 99.9=1551.36 99.99=2398.21] [UPDATE: Count=216685 Max=11771.90 Min=6.54 Avg=27.44 10=10.22 25=11.62 50=14.69 75=20.45 90=32.03 95=45.79 99=111.61 99.9=2447.36 99.99=7991.30]
2025-04-22 06:51:48 56 sec: 669993 operations; [READ: Count=446738 Max=12582.91 Min=2.34 Avg=90.09 10=11.96 25=18.56 50=36.00 75=101.12 90=180.99 95=339.97 99=802.82 99.9=1536.00 99.99=2383.87] [UPDATE: Count=223255 Max=11771.90 Min=6.54 Avg=27.07 10=10.22 25=11.63 50=14.64 75=20.21 90=31.57 95=45.18 99=109.12 99.9=2373.63 99.99=7991.30]
2025-04-22 06:51:49 57 sec: 690452 operations; [READ: Count=460417 Max=12582.91 Min=2.34 Avg=89.34 10=11.72 25=18.51 50=35.87 75=100.93 90=177.92 95=334.59 99=792.06 99.9=1522.69 99.99=2361.34] [UPDATE: Count=230035 Max=11771.90 Min=6.54 Avg=26.69 10=10.21 25=11.58 50=14.54 75=19.95 90=31.10 95=44.54 99=107.01 99.9=2332.67 99.99=7970.81]
2025-04-22 06:51:50 58 sec: 709327 operations; [READ: Count=472982 Max=12582.91 Min=2.34 Avg=88.86 10=11.55 25=18.50 50=35.74 75=100.99 90=175.49 95=330.75 99=785.92 99.9=1514.49 99.99=2355.20] [UPDATE: Count=236345 Max=11771.90 Min=6.54 Avg=26.37 10=10.21 25=11.57 50=14.48 75=19.74 90=30.72 95=44.03 99=104.58 99.9=2301.95 99.99=7901.18]
2025-04-22 06:51:51 59 sec: 728578 operations; [READ: Count=485761 Max=12582.91 Min=2.34 Avg=88.37 10=11.34 25=18.41 50=35.65 75=100.80 90=173.31 95=327.42 99=779.77 99.9=1506.30 99.99=2351.10] [UPDATE: Count=242817 Max=11771.90 Min=6.54 Avg=26.02 10=10.19 25=11.51 50=14.37 75=19.52 90=30.30 95=43.49 99=102.46 99.9=2238.46 99.99=7901.18]
2025-04-22 06:51:52 60 sec: 747215 operations; [READ: Count=498144 Max=12582.91 Min=2.34 Avg=87.96 10=11.12 25=18.37 50=35.45 75=100.80 90=172.03 95=324.86 99=773.12 99.9=1492.99 99.99=2336.77] [UPDATE: Count=249071 Max=11771.90 Min=6.54 Avg=25.75 10=10.18 25=11.49 50=14.31 75=19.34 90=29.95 95=43.04 99=101.06 99.9=2209.79 99.99=7798.78]
2025-04-22 06:51:53 61 sec: 766162 operations; [READ: Count=510749 Max=12582.91 Min=2.34 Avg=87.53 10=10.97 25=18.34 50=35.33 75=100.80 90=170.62 95=321.79 99=765.44 99.9=1485.82 99.99=2336.77] [UPDATE: Count=255413 Max=11771.90 Min=6.54 Avg=25.49 10=10.18 25=11.49 50=14.26 75=19.17 90=29.60 95=42.53 99=100.29 99.9=2166.78 99.99=7782.40]
2025-04-22 06:51:54 62 sec: 785747 operations; [READ: Count=523807 Max=12582.91 Min=2.34 Avg=87.04 10=10.80 25=18.29 50=35.17 75=100.73 90=168.96 95=318.98 99=756.74 99.9=1474.56 99.99=2334.72] [UPDATE: Count=261940 Max=11771.90 Min=6.54 Avg=25.22 10=10.17 25=11.46 50=14.20 75=18.99 90=29.26 95=42.05 99=99.26 99.9=2125.82 99.99=7782.40]
2025-04-22 06:51:55 63 sec: 806211 operations; [READ: Count=537425 Max=12582.91 Min=2.11 Avg=86.49 10=10.62 25=18.22 50=34.98 75=100.67 90=167.17 95=315.13 99=749.57 99.9=1464.32 99.99=2314.24] [UPDATE: Count=268786 Max=11771.90 Min=6.54 Avg=24.93 10=10.15 25=11.44 50=14.13 75=18.82 90=28.89 95=41.57 99=97.53 99.9=2075.65 99.99=7335.94]
2025-04-22 06:51:56 64 sec: 826996 operations; [READ: Count=551277 Max=12582.91 Min=2.11 Avg=85.94 10=10.43 25=18.14 50=34.81 75=100.54 90=165.25 95=311.30 99=741.89 99.9=1453.06 99.99=2312.19] [UPDATE: Count=275719 Max=11771.90 Min=6.34 Avg=24.64 10=10.13 25=11.38 50=14.04 75=18.62 90=28.56 95=41.05 99=96.19 99.9=2048.00 99.99=7270.40]
2025-04-22 06:51:57 65 sec: 846526 operations; [READ: Count=564325 Max=12582.91 Min=2.11 Avg=85.54 10=10.28 25=18.05 50=34.66 75=100.35 90=163.84 95=308.99 99=737.28 99.9=1448.96 99.99=2287.61] [UPDATE: Count=282201 Max=11771.90 Min=6.34 Avg=24.38 10=10.10 25=11.34 50=13.97 75=18.46 90=28.27 95=40.64 99=95.10 99.9=1994.75 99.99=7270.40]
2025-04-22 06:51:58 66 sec: 868800 operations; [READ: Count=579180 Max=12582.91 Min=2.11 Avg=84.87 10=10.11 25=17.97 50=34.46 75=100.16 90=161.66 95=304.38 99=729.60 99.9=1440.77 99.99=2273.28] [UPDATE: Count=289620 Max=11771.90 Min=6.34 Avg=24.10 10=10.09 25=11.32 50=13.90 75=18.29 90=27.95 95=40.16 99=93.95 99.9=1855.49 99.99=7213.06]
2025-04-22 06:51:59 67 sec: 891263 operations; [READ: Count=594242 Max=12582.91 Min=2.11 Avg=84.21 10=9.94 25=17.87 50=34.24 75=99.90 90=159.49 95=299.77 99=722.94 99.9=1433.60 99.99=2269.18] [UPDATE: Count=297021 Max=11771.90 Min=6.34 Avg=23.83 10=10.07 25=11.28 50=13.82 75=18.13 90=27.63 95=39.68 99=93.12 99.9=1806.34 99.99=7131.14]
2025-04-22 06:52:00 68 sec: 913765 operations; [READ: Count=609289 Max=12582.91 Min=2.11 Avg=83.57 10=9.70 25=17.74 50=34.02 75=99.65 90=157.57 95=295.94 99=715.26 99.9=1425.41 99.99=2244.61] [UPDATE: Count=304476 Max=11771.90 Min=6.34 Avg=23.59 10=10.05 25=11.26 50=13.78 75=18.00 90=27.33 95=39.20 99=91.90 99.9=1779.71 99.99=7131.14]
2025-04-22 06:52:01 69 sec: 935675 operations; [READ: Count=623882 Max=12582.91 Min=2.11 Avg=83.03 10=9.49 25=17.61 50=33.79 75=99.39 90=156.16 95=292.61 99=710.65 99.9=1418.24 99.99=2244.61] [UPDATE: Count=311793 Max=11771.90 Min=6.34 Avg=23.37 10=10.05 25=11.25 50=13.73 75=17.87 90=27.05 95=38.81 99=90.94 99.9=1752.06 99.99=7053.31]
2025-04-22 06:52:02 70 sec: 956001 operations; [READ: Count=637397 Max=12582.91 Min=2.11 Avg=82.67 10=9.30 25=17.49 50=33.53 75=99.20 90=155.26 95=291.07 99=707.58 99.9=1412.10 99.99=2236.41] [UPDATE: Count=318604 Max=11771.90 Min=6.34 Avg=23.16 10=10.02 25=11.22 50=13.69 75=17.74 90=26.78 95=38.40 99=89.98 99.9=1703.93 99.99=6823.94]
2025-04-22 06:52:03 71 sec: 979783 operations; [READ: Count=653253 Max=12582.91 Min=2.11 Avg=82.02 10=9.09 25=17.31 50=33.28 75=98.88 90=153.73 95=286.98 99=700.41 99.9=1403.90 99.99=2234.37] [UPDATE: Count=326530 Max=11771.90 Min=6.30 Avg=22.91 10=9.99 25=11.18 50=13.61 75=17.60 90=26.50 95=37.95 99=88.89 99.9=1671.17 99.99=6758.40]
2025-04-22 06:52:04 72 sec: 1004174 operations; [READ: Count=669507 Max=12582.91 Min=2.11 Avg=81.34 10=8.88 25=17.14 50=32.99 75=98.56 90=152.06 95=282.37 99=694.27 99.9=1393.66 99.99=2232.32] [UPDATE: Count=334667 Max=11771.90 Min=6.30 Avg=22.67 10=9.96 25=11.12 50=13.53 75=17.45 90=26.19 95=37.47 99=87.49 99.9=1636.35 99.99=6758.40]
2025-04-22 06:52:05 73 sec: 1029627 operations; [READ: Count=686538 Max=12582.91 Min=2.11 Avg=80.60 10=8.66 25=16.96 50=32.69 75=98.24 90=150.27 95=277.76 99=687.10 99.9=1384.45 99.99=2230.27] [UPDATE: Count=343089 Max=11771.90 Min=6.30 Avg=22.41 10=9.92 25=11.07 50=13.45 75=17.30 90=25.92 95=36.99 99=86.33 99.9=1576.96 99.99=6684.67]
2025-04-22 06:52:06 74 sec: 1053453 operations; [READ: Count=702342 Max=12582.91 Min=2.11 Avg=80.05 10=8.49 25=16.80 50=32.43 75=97.92 90=149.12 95=274.94 99=681.98 99.9=1379.33 99.99=2228.22] [UPDATE: Count=351111 Max=11771.90 Min=6.30 Avg=22.19 10=9.89 25=11.03 50=13.37 75=17.17 90=25.63 95=36.58 99=85.44 99.9=1559.55 99.99=6672.38]
2025-04-22 06:52:07 75 sec: 1072520 operations; [READ: Count=715020 Max=12582.91 Min=2.11 Avg=79.88 10=8.35 25=16.67 50=32.21 75=97.73 90=148.35 95=274.18 99=684.03 99.9=1387.52 99.99=2224.13] [UPDATE: Count=357500 Max=11771.90 Min=6.30 Avg=22.05 10=9.86 25=11.00 50=13.31 75=17.05 90=25.44 95=36.26 99=84.86 99.9=1516.54 99.99=6623.23]
2025-04-22 06:52:08 76 sec: 1097916 operations; [READ: Count=731985 Max=12582.91 Min=2.07 Avg=79.22 10=8.28 25=16.57 50=31.87 75=97.47 90=146.69 95=269.82 99=677.89 99.9=1380.35 99.99=2222.08] [UPDATE: Count=365931 Max=11771.90 Min=6.30 Avg=21.84 10=9.84 25=10.97 50=13.26 75=16.94 90=25.17 95=35.87 99=83.97 99.9=1453.06 99.99=6623.23]
2025-04-22 06:52:09 77 sec: 1123378 operations; [READ: Count=748934 Max=12582.91 Min=2.07 Avg=78.60 10=8.22 25=16.50 50=31.49 75=97.28 90=145.28 95=265.98 99=671.23 99.9=1371.13 99.99=2211.84] [UPDATE: Count=374444 Max=11771.90 Min=6.30 Avg=21.63 10=9.81 25=10.94 50=13.18 75=16.82 90=24.91 95=35.45 99=83.01 99.9=1418.24 99.99=6623.23]
2025-04-22 06:52:10 78 sec: 1147465 operations; [READ: Count=765006 Max=12582.91 Min=2.07 Avg=78.10 10=8.19 25=16.41 50=31.18 75=97.15 90=144.25 95=262.40 99=665.09 99.9=1364.99 99.99=2201.60] [UPDATE: Count=382459 Max=11771.90 Min=6.30 Avg=21.44 10=9.80 25=10.93 50=13.13 75=16.72 90=24.67 95=35.10 99=82.30 99.9=1394.69 99.99=6496.26]
2025-04-22 06:52:11 79 sec: 1170213 operations; [READ: Count=780202 Max=12582.91 Min=2.07 Avg=77.71 10=8.17 25=16.34 50=30.89 75=97.02 90=143.49 95=260.10 99=659.46 99.9=1358.85 99.99=2201.60] [UPDATE: Count=390011 Max=11771.90 Min=6.30 Avg=21.28 10=9.78 25=10.91 50=13.09 75=16.62 90=24.48 95=34.75 99=81.53 99.9=1362.94 99.99=6414.34]
2025-04-22 06:52:12 80 sec: 1187252 operations; [READ: Count=791558 Max=12582.91 Min=2.07 Avg=77.73 10=8.16 25=16.30 50=30.67 75=96.96 90=143.62 95=261.50 99=661.50 99.9=1356.80 99.99=2201.60] [UPDATE: Count=395694 Max=11771.90 Min=6.30 Avg=21.19 10=9.78 25=10.91 50=13.08 75=16.57 90=24.32 95=34.49 99=81.09 99.9=1352.70 99.99=6365.18]
2025-04-22 06:52:13 81 sec: 1210387 operations; [READ: Count=806856 Max=12582.91 Min=2.07 Avg=77.35 10=8.14 25=16.23 50=30.37 75=96.89 90=142.97 95=258.94 99=656.38 99.9=1351.68 99.99=2193.41] [UPDATE: Count=403531 Max=11771.90 Min=6.30 Avg=21.03 10=9.77 25=10.90 50=13.04 75=16.50 90=24.11 95=34.21 99=80.70 99.9=1323.01 99.99=6365.18]
2025-04-22 06:52:14 82 sec: 1233500 operations; [READ: Count=822224 Max=12582.91 Min=2.07 Avg=76.98 10=8.11 25=16.16 50=30.05 75=96.83 90=142.46 95=256.64 99=651.26 99.9=1347.58 99.99=2191.36] [UPDATE: Count=411276 Max=11771.90 Min=6.30 Avg=20.88 10=9.74 25=10.89 50=13.00 75=16.41 90=23.90 95=33.89 99=80.25 99.9=1298.43 99.99=6139.90]
2025-04-22 06:52:15 83 sec: 1255261 operations; [READ: Count=836650 Max=12582.91 Min=2.07 Avg=76.70 10=8.10 25=16.10 50=29.77 75=96.77 90=142.21 95=255.49 99=646.65 99.9=1339.39 99.99=2181.12] [UPDATE: Count=418611 Max=11771.90 Min=6.30 Avg=20.77 10=9.74 25=10.88 50=12.98 75=16.38 90=23.71 95=33.63 99=80.00 99.9=1262.59 99.99=6103.04]
2025-04-22 06:52:16 84 sec: 1275528 operations; [READ: Count=850185 Max=12582.91 Min=2.07 Avg=76.52 10=8.10 25=16.05 50=29.50 75=96.77 90=142.21 95=255.10 99=643.58 99.9=1335.30 99.99=2179.07] [UPDATE: Count=425343 Max=11771.90 Min=6.30 Avg=20.67 10=9.73 25=10.88 50=12.97 75=16.34 90=23.57 95=33.38 99=79.74 99.9=1248.26 99.99=6017.02]
2025-04-22 06:52:17 85 sec: 1293986 operations; [READ: Count=862507 Max=12582.91 Min=2.07 Avg=76.45 10=8.09 25=16.00 50=29.26 75=96.77 90=142.21 95=255.36 99=644.61 99.9=1334.27 99.99=2179.07] [UPDATE: Count=431479 Max=11771.90 Min=6.30 Avg=20.61 10=9.72 25=10.87 50=12.94 75=16.30 90=23.42 95=33.15 99=79.42 99.9=1248.26 99.99=6090.75]
2025-04-22 06:52:18 86 sec: 1312160 operations; [READ: Count=874670 Max=12582.91 Min=2.07 Avg=76.41 10=8.09 25=15.95 50=29.04 75=96.83 90=142.46 95=256.25 99=642.56 99.9=1328.13 99.99=2164.74] [UPDATE: Count=437490 Max=11771.90 Min=6.30 Avg=20.55 10=9.72 25=10.86 50=12.94 75=16.27 90=23.30 95=32.96 99=79.42 99.9=1238.02 99.99=6017.02]
2025-04-22 06:52:19 87 sec: 1330050 operations; [READ: Count=886637 Max=12582.91 Min=2.07 Avg=76.35 10=8.11 25=15.92 50=28.88 75=96.89 90=142.72 95=256.51 99=641.02 99.9=1323.01 99.99=2152.45] [UPDATE: Count=443413 Max=11771.90 Min=6.30 Avg=20.56 10=9.72 25=10.87 50=12.95 75=16.28 90=23.21 95=32.83 99=79.94 99.9=1248.26 99.99=6017.02]
2025-04-22 06:52:20 88 sec: 1349502 operations; [READ: Count=899593 Max=12582.91 Min=2.07 Avg=76.22 10=8.11 25=15.87 50=28.67 75=96.89 90=142.85 95=256.38 99=637.95 99.9=1319.93 99.99=2146.30] [UPDATE: Count=449909 Max=11771.90 Min=6.30 Avg=20.51 10=9.72 25=10.88 50=12.95 75=16.26 90=23.09 95=32.62 99=80.00 99.9=1246.21 99.99=6004.73]
2025-04-22 06:52:21 89 sec: 1365398 operations; [READ: Count=910166 Max=12582.91 Min=2.07 Avg=76.30 10=8.13 25=15.86 50=28.66 75=97.02 90=143.23 95=257.41 99=637.44 99.9=1316.86 99.99=2121.73] [UPDATE: Count=455232 Max=11771.90 Min=6.30 Avg=20.50 10=9.71 25=10.88 50=12.95 75=16.26 90=23.04 95=32.51 99=80.70 99.9=1246.21 99.99=5996.54]
2025-04-22 06:52:22 90 sec: 1376199 operations; [READ: Count=917375 Max=12582.91 Min=2.07 Avg=76.70 10=8.16 25=15.88 50=28.73 75=97.28 90=144.38 95=260.86 99=639.49 99.9=1316.86 99.99=2115.58] [UPDATE: Count=458824 Max=11771.90 Min=6.30 Avg=20.51 10=9.72 25=10.88 50=12.96 75=16.27 90=22.99 95=32.43 99=80.70 99.9=1246.21 99.99=5996.54]
2025-04-22 06:52:23 91 sec: 1388521 operations; [READ: Count=925603 Max=12582.91 Min=2.07 Avg=77.00 10=8.19 25=15.91 50=28.83 75=97.53 90=145.15 95=263.17 99=641.02 99.9=1313.79 99.99=2113.53] [UPDATE: Count=462918 Max=11771.90 Min=6.30 Avg=20.50 10=9.73 25=10.89 50=12.97 75=16.29 90=22.96 95=32.34 99=80.58 99.9=1238.02 99.99=5996.54]
2025-04-22 06:52:24 92 sec: 1400565 operations; [READ: Count=933570 Max=12582.91 Min=2.07 Avg=77.30 10=8.22 25=15.95 50=28.93 75=97.73 90=145.92 95=265.21 99=643.07 99.9=1313.79 99.99=2113.53] [UPDATE: Count=466995 Max=11771.90 Min=6.30 Avg=20.53 10=9.73 25=10.89 50=12.99 75=16.31 90=22.94 95=32.24 99=80.58 99.9=1238.02 99.99=5996.54]
2025-04-22 06:52:25 93 sec: 1415058 operations; [READ: Count=943234 Max=12582.91 Min=2.07 Avg=77.46 10=8.26 25=15.97 50=28.96 75=97.92 90=146.56 95=266.75 99=642.56 99.9=1310.72 99.99=2111.49] [UPDATE: Count=471824 Max=11771.90 Min=6.30 Avg=20.51 10=9.73 25=10.90 50=12.99 75=16.30 90=22.88 95=32.11 99=80.38 99.9=1238.02 99.99=6004.73]
2025-04-22 06:52:26 94 sec: 1431929 operations; [READ: Count=954458 Max=12582.91 Min=2.07 Avg=77.48 10=8.29 25=16.01 50=28.98 75=98.11 90=146.81 95=266.75 99=639.49 99.9=1309.69 99.99=2107.39] [UPDATE: Count=477471 Max=11771.90 Min=6.30 Avg=20.47 10=9.74 25=10.91 50=13.02 75=16.31 90=22.80 95=31.93 99=80.00 99.9=1233.92 99.99=5996.54]
2025-04-22 06:52:27 95 sec: 1449094 operations; [READ: Count=965862 Max=12582.91 Min=2.07 Avg=77.48 10=8.33 25=16.05 50=28.99 75=98.30 90=146.94 95=266.50 99=637.44 99.9=1305.60 99.99=2107.39] [UPDATE: Count=483232 Max=11771.90 Min=6.30 Avg=20.43 10=9.76 25=10.93 50=13.04 75=16.33 90=22.73 95=31.76 99=79.49 99.9=1224.70 99.99=5996.54]
2025-04-22 06:52:28 96 sec: 1464917 operations; [READ: Count=976376 Max=12582.91 Min=2.07 Avg=77.58 10=8.36 25=16.05 50=29.05 75=98.50 90=147.46 95=266.75 99=634.88 99.9=1302.53 99.99=2105.34] [UPDATE: Count=488541 Max=11771.90 Min=6.30 Avg=20.37 10=9.76 25=10.93 50=13.03 75=16.31 90=22.64 95=31.60 99=79.23 99.9=1215.49 99.99=5992.45]
2025-04-22 06:52:29 97 sec: 1478185 operations; [READ: Count=985205 Max=12582.91 Min=2.07 Avg=77.82 10=8.38 25=16.08 50=29.17 75=98.69 90=148.35 95=267.52 99=634.88 99.9=1302.53 99.99=2107.39] [UPDATE: Count=492980 Max=11771.90 Min=6.30 Avg=20.33 10=9.77 25=10.94 50=13.03 75=16.30 90=22.57 95=31.47 99=79.04 99.9=1209.34 99.99=5992.45]
2025-04-22 06:52:30 98 sec: 1491244 operations; [READ: Count=993902 Max=12582.91 Min=2.07 Avg=78.07 10=8.41 25=16.10 50=29.33 75=98.81 90=149.76 95=268.03 99=633.86 99.9=1301.50 99.99=2107.39] [UPDATE: Count=497342 Max=11771.90 Min=6.30 Avg=20.28 10=9.77 25=10.94 50=13.02 75=16.28 90=22.50 95=31.33 99=78.72 99.9=1203.20 99.99=5988.35]
2025-04-22 06:52:31 98 sec: 1500399 operations; [READ: Count=1000000 Max=12582.91 Min=2.07 Avg=78.24 10=8.41 25=16.13 50=29.45 75=98.94 90=150.91 95=268.03 99=632.83 99.9=1299.45 99.99=2105.34] [UPDATE: Count=500399 Max=11771.90 Min=6.30 Avg=20.25 10=9.78 25=10.94 50=13.02 75=16.26 90=22.45 95=31.25 99=78.59 99.9=1200.13 99.99=5988.35]
Run runtime(sec): 98.8533
Run operations(ops): 1000000
Run throughput(ops/sec): 10116
