Running scope as unit: run-r9e959476158a4c7da66a9990a360e547.scope
load file:/home/user/DataFiles/silesia_data/silesia.tar
2025-04-22 06:50:52 0 sec: 0 operations;
2025-04-22 06:50:53 1 sec: 0 operations;
2025-04-22 06:50:54 2 sec: 0 operations;
2025-04-22 06:50:55 3 sec: 0 operations;
2025-04-22 06:50:56 4 sec: 0 operations;
2025-04-22 06:50:57 5 sec: 0 operations;
2025-04-22 06:50:58 6 sec: 0 operations;
2025-04-22 06:50:59 7 sec: 0 operations;
2025-04-22 06:51:00 8 sec: 0 operations;
2025-04-22 06:51:01 9 sec: 0 operations;
2025-04-22 06:51:02 10 sec: 5927 operations; [READ: Count=3934 Max=11722.75 Min=5.22 Avg=127.47 10=21.68 25=28.27 50=46.98 75=157.57 90=317.69 95=473.86 99=809.47 99.9=1088.51 99.99=11722.75] [UPDATE: Count=1993 Max=3864.57 Min=11.04 Avg=64.08 10=23.81 25=31.60 50=44.93 75=66.56 90=94.91 95=119.74 99=356.35 99.9=1375.23 99.99=3864.57]
2025-04-22 06:51:03 11 sec: 10840 operations; [READ: Count=7198 Max=11722.75 Min=5.01 Avg=175.81 10=21.87 25=28.72 50=48.48 75=193.53 90=531.46 95=745.47 99=1119.23 99.9=1675.26 99.99=6049.79] [UPDATE: Count=3642 Max=11624.45 Min=10.14 Avg=98.26 10=21.82 25=29.26 50=43.04 75=63.62 90=92.67 95=119.74 99=1158.14 99.9=8511.49 99.99=11624.45]
2025-04-22 06:51:04 12 sec: 15586 operations; [READ: Count=10381 Max=11722.75 Min=4.45 Avg=197.31 10=21.17 25=27.54 50=45.73 75=207.49 90=644.10 95=848.38 99=1264.64 99.9=1701.89 99.99=7348.22] [UPDATE: Count=5205 Max=11624.45 Min=9.97 Avg=109.34 10=19.55 25=25.73 50=38.17 75=57.25 90=86.85 95=112.83 99=1775.62 99.9=8904.70 99.99=10928.13]
2025-04-22 06:51:05 13 sec: 21151 operations; [READ: Count=14109 Max=11722.75 Min=3.73 Avg=202.29 10=20.29 25=26.64 50=43.94 75=195.84 90=670.21 95=910.85 99=1359.87 99.9=2006.02 99.99=7348.22] [UPDATE: Count=7042 Max=11624.45 Min=7.90 Avg=107.34 10=17.74 25=23.55 50=34.46 75=52.70 90=80.45 95=105.79 99=2293.76 99.9=8585.22 99.99=10928.13]
2025-04-22 06:51:06 14 sec: 27053 operations; [READ: Count=18018 Max=11722.75 Min=3.44 Avg=206.09 10=19.01 25=25.36 50=40.99 75=198.27 90=696.83 95=928.77 99=1376.26 99.9=1927.17 99.99=6049.79] [UPDATE: Count=9035 Max=11624.45 Min=7.90 Avg=98.74 10=15.09 25=19.81 50=29.70 75=47.62 90=73.60 95=98.62 99=1943.55 99.9=8904.70 99.99=10928.13]
2025-04-22 06:51:07 15 sec: 37728 operations; [READ: Count=25108 Max=11722.75 Min=3.14 Avg=183.47 10=18.93 25=25.25 50=38.72 75=160.77 90=626.17 95=869.89 99=1327.10 99.9=1847.30 99.99=4020.22] [UPDATE: Count=12620 Max=11624.45 Min=6.95 Avg=78.18 10=13.38 25=16.67 50=23.81 75=39.71 90=64.83 95=88.96 99=1119.23 99.9=8511.49 99.99=10928.13]
2025-04-22 06:51:08 16 sec: 48421 operations; [READ: Count=32304 Max=11722.75 Min=3.14 Avg=170.00 10=18.88 25=25.26 50=38.24 75=148.61 90=561.66 95=825.34 99=1283.07 99.9=1822.72 99.99=4020.22] [UPDATE: Count=16117 Max=11624.45 Min=6.95 Avg=67.61 10=13.17 25=16.00 50=21.28 75=34.02 90=58.11 95=81.41 99=732.67 99.9=8380.42 99.99=10895.36]
2025-04-22 06:51:09 17 sec: 60081 operations; [READ: Count=40081 Max=11722.75 Min=3.02 Avg=158.58 10=19.23 25=25.92 50=40.70 75=144.90 90=481.28 95=762.88 99=1245.18 99.9=1764.35 99.99=2822.14] [UPDATE: Count=20000 Max=11624.45 Min=6.95 Avg=60.74 10=12.88 25=15.40 50=19.92 75=30.24 90=53.60 95=77.44 99=638.46 99.9=7925.76 99.99=10895.36]
2025-04-22 06:51:10 18 sec: 70997 operations; [READ: Count=47331 Max=11722.75 Min=3.02 Avg=150.99 10=19.58 25=26.16 50=40.77 75=144.90 90=435.71 95=720.38 99=1198.08 99.9=1726.46 99.99=2711.55] [UPDATE: Count=23666 Max=11624.45 Min=6.95 Avg=59.53 10=12.97 25=15.64 50=20.41 75=31.09 90=53.89 95=75.84 99=586.75 99.9=7507.97 99.99=10895.36]
2025-04-22 06:51:11 19 sec: 82856 operations; [READ: Count=55177 Max=11722.75 Min=3.02 Avg=143.90 10=19.41 25=25.93 50=39.90 75=143.62 90=403.71 95=679.93 99=1162.24 99.9=1699.84 99.99=2598.91] [UPDATE: Count=27679 Max=12312.58 Min=6.95 Avg=57.74 10=13.01 25=15.77 50=20.73 75=31.95 90=54.11 95=74.81 99=571.90 99.9=7307.26 99.99=10895.36]
2025-04-22 06:51:12 20 sec: 94518 operations; [READ: Count=62910 Max=11722.75 Min=3.02 Avg=139.42 10=19.17 25=25.63 50=39.07 75=142.21 90=389.12 95=656.38 99=1142.78 99.9=1682.43 99.99=2711.55] [UPDATE: Count=31608 Max=12312.58 Min=6.95 Avg=55.36 10=12.99 25=15.87 50=21.05 75=32.93 90=55.10 95=75.58 99=510.46 99.9=7024.64 99.99=10895.36]
2025-04-22 06:51:13 21 sec: 106219 operations; [READ: Count=70712 Max=11722.75 Min=3.02 Avg=135.84 10=19.05 25=25.45 50=38.46 75=140.03 90=377.60 95=640.51 99=1122.30 99.9=1671.17 99.99=2711.55] [UPDATE: Count=35507 Max=12312.58 Min=6.95 Avg=53.48 10=12.98 25=15.93 50=21.28 75=33.25 90=55.33 95=75.07 99=462.85 99.9=6721.53 99.99=10575.87]
2025-04-22 06:51:14 22 sec: 117968 operations; [READ: Count=78576 Max=11722.75 Min=3.02 Avg=132.59 10=18.80 25=25.12 50=37.79 75=137.47 90=366.59 95=627.20 99=1112.06 99.9=1657.86 99.99=2598.91] [UPDATE: Count=39392 Max=12312.58 Min=6.95 Avg=52.56 10=12.94 25=15.94 50=21.39 75=33.47 90=55.55 95=75.14 99=468.22 99.9=6139.90 99.99=10575.87]
2025-04-22 06:51:15 23 sec: 131345 operations; [READ: Count=87455 Max=11722.75 Min=2.94 Avg=128.37 10=18.34 25=24.62 50=36.73 75=133.63 90=348.93 95=608.25 99=1111.04 99.9=1674.24 99.99=2598.91] [UPDATE: Count=43890 Max=12312.58 Min=6.95 Avg=51.16 10=12.87 25=15.89 50=21.44 75=33.73 90=56.03 95=75.84 99=425.73 99.9=5955.58 99.99=10575.87]
2025-04-22 06:51:16 24 sec: 144797 operations; [READ: Count=96383 Max=11722.75 Min=2.94 Avg=124.76 10=18.50 25=24.82 50=36.93 75=129.85 90=326.91 95=587.26 99=1104.89 99.9=1692.67 99.99=3190.78] [UPDATE: Count=48414 Max=12312.58 Min=6.95 Avg=50.22 10=12.94 25=16.09 50=21.79 75=34.08 90=56.09 95=75.78 99=404.22 99.9=5775.36 99.99=10436.61]
2025-04-22 06:51:17 25 sec: 156827 operations; [READ: Count=104367 Max=11722.75 Min=2.94 Avg=123.09 10=18.62 25=25.09 50=37.38 75=128.57 90=316.42 95=575.49 99=1096.70 99.9=1686.53 99.99=3190.78] [UPDATE: Count=52460 Max=12312.58 Min=6.95 Avg=49.44 10=13.00 25=16.18 50=21.92 75=33.95 90=55.55 95=74.94 99=375.55 99.9=5320.70 99.99=10436.61]
2025-04-22 06:51:18 26 sec: 166993 operations; [READ: Count=111156 Max=11722.75 Min=2.94 Avg=123.22 10=18.73 25=25.31 50=37.89 75=130.69 90=317.44 95=566.27 99=1084.41 99.9=1677.31 99.99=2930.69] [UPDATE: Count=55837 Max=12312.58 Min=6.95 Avg=48.92 10=13.05 25=16.24 50=21.97 75=33.82 90=55.10 95=74.24 99=382.21 99.9=4935.68 99.99=10166.27]
2025-04-22 06:51:19 27 sec: 176148 operations; [READ: Count=117271 Max=11722.75 Min=2.94 Avg=124.18 10=18.64 25=25.30 50=38.21 75=133.38 90=324.86 95=560.64 99=1078.27 99.9=1672.19 99.99=2893.82] [UPDATE: Count=58877 Max=12312.58 Min=6.95 Avg=48.46 10=13.02 25=16.18 50=21.84 75=33.60 90=54.46 95=73.60 99=374.53 99.9=4755.45 99.99=10166.27]
2025-04-22 06:51:20 28 sec: 184318 operations; [READ: Count=122714 Max=11722.75 Min=2.94 Avg=125.94 10=18.66 25=25.39 50=38.66 75=135.68 90=332.54 95=564.74 99=1080.32 99.9=1675.26 99.99=2893.82] [UPDATE: Count=61604 Max=12312.58 Min=6.95 Avg=47.89 10=12.99 25=16.13 50=21.71 75=33.28 90=53.76 95=72.83 99=373.76 99.9=4661.25 99.99=10166.27]
2025-04-22 06:51:21 29 sec: 193556 operations; [READ: Count=128888 Max=11722.75 Min=2.94 Avg=126.75 10=18.61 25=25.41 50=39.07 75=136.96 90=331.52 95=560.64 99=1080.32 99.9=1695.74 99.99=2930.69] [UPDATE: Count=64668 Max=12312.58 Min=6.73 Avg=47.29 10=12.94 25=16.03 50=21.50 75=32.75 90=52.93 95=71.81 99=365.82 99.9=4575.23 99.99=10166.27]
2025-04-22 06:51:22 30 sec: 202798 operations; [READ: Count=135021 Max=11722.75 Min=2.94 Avg=127.60 10=18.57 25=25.47 50=39.58 75=138.88 90=333.57 95=555.52 99=1071.10 99.9=1695.74 99.99=2893.82] [UPDATE: Count=67777 Max=12312.58 Min=6.73 Avg=46.54 10=12.91 25=15.94 50=21.36 75=32.34 90=52.13 95=70.78 99=350.21 99.9=4456.45 99.99=9715.71]
2025-04-22 06:51:23 31 sec: 211226 operations; [READ: Count=140667 Max=11722.75 Min=2.94 Avg=128.86 10=18.61 25=25.65 50=40.35 75=140.93 90=335.87 95=553.47 99=1062.91 99.9=1686.53 99.99=2893.82] [UPDATE: Count=70559 Max=12312.58 Min=6.73 Avg=46.00 10=12.90 25=15.89 50=21.21 75=32.03 90=51.52 95=70.08 99=338.18 99.9=4268.03 99.99=9715.71]
2025-04-22 06:51:24 32 sec: 218549 operations; [READ: Count=145559 Max=11722.75 Min=2.94 Avg=130.76 10=18.62 25=25.76 50=40.96 75=142.97 90=342.53 95=556.54 99=1064.96 99.9=1696.77 99.99=2822.14] [UPDATE: Count=72990 Max=12312.58 Min=6.73 Avg=45.61 10=12.89 25=15.87 50=21.15 75=31.82 90=51.10 95=69.44 99=337.15 99.9=4206.59 99.99=9715.71]
2025-04-22 06:51:25 33 sec: 226947 operations; [READ: Count=151111 Max=11722.75 Min=2.94 Avg=131.89 10=18.64 25=25.89 50=41.60 75=144.38 90=344.57 95=556.54 99=1068.03 99.9=1723.39 99.99=2893.82] [UPDATE: Count=75836 Max=12312.58 Min=6.73 Avg=45.13 10=12.89 25=15.85 50=21.07 75=31.55 90=50.56 95=68.67 99=328.70 99.9=4173.82 99.99=9248.77]
2025-04-22 06:51:26 34 sec: 235121 operations; [READ: Count=156551 Max=11722.75 Min=2.94 Avg=132.94 10=18.62 25=25.92 50=41.95 75=145.28 90=345.34 95=557.05 99=1078.27 99.9=1804.29 99.99=2955.26] [UPDATE: Count=78570 Max=12312.58 Min=6.73 Avg=44.95 10=12.86 25=15.79 50=20.98 75=31.36 90=50.14 95=68.16 99=326.40 99.9=4173.82 99.99=9248.77]
2025-04-22 06:51:27 35 sec: 244653 operations; [READ: Count=162890 Max=11722.75 Min=2.94 Avg=133.18 10=18.56 25=25.95 50=42.24 75=146.05 90=345.86 95=553.98 99=1070.08 99.9=1804.29 99.99=2955.26] [UPDATE: Count=81763 Max=12312.58 Min=6.73 Avg=44.50 10=12.85 25=15.75 50=20.88 75=31.09 90=49.66 95=67.45 99=321.54 99.9=4112.38 99.99=9248.77]
2025-04-22 06:51:28 36 sec: 254408 operations; [READ: Count=169372 Max=11722.75 Min=2.94 Avg=133.22 10=18.53 25=25.97 50=42.46 75=146.43 90=344.83 95=551.42 99=1067.01 99.9=1807.36 99.99=2930.69] [UPDATE: Count=85036 Max=12312.58 Min=6.73 Avg=44.18 10=12.85 25=15.74 50=20.82 75=30.83 90=49.28 95=66.75 99=309.76 99.9=4104.19 99.99=9068.54]
2025-04-22 06:51:29 37 sec: 263260 operations; [READ: Count=175253 Max=11722.75 Min=2.94 Avg=133.67 10=18.43 25=25.90 50=42.49 75=147.20 90=347.13 95=550.91 99=1064.96 99.9=1809.41 99.99=2893.82] [UPDATE: Count=88007 Max=12312.58 Min=6.73 Avg=44.12 10=12.80 25=15.67 50=20.70 75=30.59 90=48.93 95=66.37 99=314.88 99.9=4104.19 99.99=9068.54]
2025-04-22 06:51:30 38 sec: 272814 operations; [READ: Count=181567 Max=11722.75 Min=2.94 Avg=133.71 10=18.29 25=25.79 50=42.53 75=147.58 90=347.13 95=549.38 99=1061.89 99.9=1807.36 99.99=2893.82] [UPDATE: Count=91247 Max=12312.58 Min=6.73 Avg=44.07 10=12.76 25=15.58 50=20.57 75=30.30 90=48.51 95=65.86 99=323.33 99.9=4108.29 99.99=9068.54]
2025-04-22 06:51:31 39 sec: 282542 operations; [READ: Count=188043 Max=11722.75 Min=2.94 Avg=133.79 10=18.11 25=25.65 50=42.46 75=147.71 90=347.13 95=548.35 99=1061.89 99.9=1817.60 99.99=2861.05] [UPDATE: Count=94499 Max=12312.58 Min=6.73 Avg=43.70 10=12.71 25=15.49 50=20.38 75=29.86 90=47.94 95=65.06 99=321.54 99.9=4108.29 99.99=9068.54]
2025-04-22 06:51:32 40 sec: 293973 operations; [READ: Count=195689 Max=11722.75 Min=2.94 Avg=133.00 10=17.92 25=25.45 50=42.37 75=147.58 90=344.57 95=541.70 99=1051.65 99.9=1799.17 99.99=2848.77] [UPDATE: Count=98284 Max=12312.58 Min=6.73 Avg=43.23 10=12.67 25=15.40 50=20.18 75=29.41 90=47.30 95=64.35 99=315.65 99.9=4100.10 99.99=9060.35]
2025-04-22 06:51:33 41 sec: 306068 operations; [READ: Count=203755 Max=11722.75 Min=2.94 Avg=132.05 10=17.57 25=25.15 50=42.08 75=147.33 90=341.50 95=535.55 99=1038.85 99.9=1788.93 99.99=2848.77] [UPDATE: Count=102313 Max=12312.58 Min=6.54 Avg=42.62 10=12.55 25=15.20 50=19.87 75=28.85 90=46.66 95=63.62 99=314.37 99.9=4042.75 99.99=9060.35]
2025-04-22 06:51:34 42 sec: 321631 operations; [READ: Count=214091 Max=11722.75 Min=2.94 Avg=129.86 10=16.98 25=24.66 50=41.76 75=145.66 90=333.57 95=524.03 99=1025.54 99.9=1753.09 99.99=2822.14] [UPDATE: Count=107540 Max=12312.58 Min=6.54 Avg=41.39 10=12.34 25=14.92 50=19.44 75=28.13 90=45.66 95=62.49 99=283.39 99.9=3874.82 99.99=9035.77]
2025-04-22 06:51:35 43 sec: 341330 operations; [READ: Count=227196 Max=11722.75 Min=2.94 Avg=126.26 10=16.25 25=24.03 50=41.60 75=141.44 90=317.95 95=507.65 99=1008.13 99.9=1729.54 99.99=2809.86] [UPDATE: Count=114134 Max=12312.58 Min=6.54 Avg=39.87 10=11.99 25=14.49 50=18.89 75=27.26 90=44.41 95=60.99 99=254.21 99.9=3682.30 99.99=9035.77]
2025-04-22 06:51:36 44 sec: 360702 operations; [READ: Count=240100 Max=11722.75 Min=2.89 Avg=123.18 10=15.73 25=23.39 50=41.70 75=137.22 90=304.64 95=494.08 99=992.25 99.9=1703.93 99.99=2799.61] [UPDATE: Count=120602 Max=12312.58 Min=6.37 Avg=38.51 10=11.65 25=14.07 50=18.35 75=26.53 90=43.33 95=59.77 99=232.45 99.9=3504.13 99.99=9019.39]
2025-04-22 06:51:37 45 sec: 383002 operations; [READ: Count=254992 Max=11722.75 Min=2.70 Avg=119.45 10=15.28 25=22.67 50=41.79 75=132.22 90=288.00 95=476.42 99=972.80 99.9=1683.45 99.99=2787.33] [UPDATE: Count=128010 Max=12312.58 Min=6.37 Avg=37.06 10=11.37 25=13.70 50=17.81 75=25.70 90=42.08 95=58.34 99=209.53 99.9=3375.10 99.99=8921.09]
2025-04-22 06:51:38 46 sec: 404833 operations; [READ: Count=269576 Max=11722.75 Min=2.58 Avg=116.26 10=14.93 25=21.98 50=41.82 75=128.06 90=273.15 95=460.80 99=956.41 99.9=1670.14 99.99=2766.85] [UPDATE: Count=135257 Max=12312.58 Min=6.37 Avg=35.82 10=11.18 25=13.39 50=17.34 75=24.98 90=40.96 95=57.15 99=191.49 99.9=3289.09 99.99=8904.70]
2025-04-22 06:51:39 47 sec: 426818 operations; [READ: Count=284199 Max=11722.75 Min=2.38 Avg=113.42 10=14.50 25=21.25 50=41.82 75=124.54 90=260.48 95=448.00 99=939.52 99.9=1651.71 99.99=2732.03] [UPDATE: Count=142619 Max=12312.58 Min=6.37 Avg=34.61 10=10.88 25=13.02 50=16.88 75=24.32 90=39.94 95=56.03 99=174.85 99.9=3219.45 99.99=8904.70]
2025-04-22 06:51:40 48 sec: 448742 operations; [READ: Count=298891 Max=11722.75 Min=2.38 Avg=110.84 10=14.18 25=20.57 50=41.85 75=121.28 90=249.22 95=435.97 99=924.67 99.9=1628.16 99.99=2711.55] [UPDATE: Count=149851 Max=12312.58 Min=6.37 Avg=33.54 10=10.67 25=12.68 50=16.43 75=23.73 90=39.01 95=54.85 99=164.61 99.9=3164.16 99.99=8839.17]
2025-04-22 06:51:41 49 sec: 467575 operations; [READ: Count=311418 Max=11722.75 Min=2.38 Avg=109.30 10=13.94 25=20.03 50=41.89 75=119.30 90=243.84 95=429.06 99=913.41 99.9=1614.85 99.99=2682.88] [UPDATE: Count=156157 Max=12312.58 Min=6.37 Avg=32.68 10=10.53 25=12.39 50=16.07 75=23.23 90=38.17 95=53.82 99=153.85 99.9=3088.38 99.99=8585.22]
2025-04-22 06:51:42 50 sec: 488694 operations; [READ: Count=325455 Max=11722.75 Min=2.38 Avg=107.31 10=13.81 25=19.79 50=41.85 75=116.93 90=235.26 95=417.79 99=900.61 99.9=1603.58 99.99=2674.69] [UPDATE: Count=163239 Max=12312.58 Min=6.36 Avg=31.86 10=10.47 25=12.22 50=15.78 75=22.72 90=37.34 95=52.90 99=146.18 99.9=3043.33 99.99=8585.22]
2025-04-22 06:51:43 51 sec: 510074 operations; [READ: Count=339729 Max=11722.75 Min=2.38 Avg=105.43 10=13.67 25=19.52 50=41.70 75=114.75 90=227.20 95=408.32 99=887.29 99.9=1594.37 99.99=2674.69] [UPDATE: Count=170345 Max=12312.58 Min=6.33 Avg=31.09 10=10.41 25=12.05 50=15.50 75=22.27 90=36.54 95=51.97 99=140.80 99.9=2994.18 99.99=8577.02]
2025-04-22 06:51:44 52 sec: 529584 operations; [READ: Count=352740 Max=11722.75 Min=2.38 Avg=104.09 10=13.54 25=19.34 50=41.57 75=113.53 90=222.46 95=400.64 99=876.54 99.9=1583.10 99.99=2654.21] [UPDATE: Count=176844 Max=12312.58 Min=6.33 Avg=30.43 10=10.38 25=11.91 50=15.29 75=21.86 90=35.87 95=51.13 99=137.22 99.9=2856.96 99.99=8511.49]
2025-04-22 06:51:45 53 sec: 551172 operations; [READ: Count=367117 Max=11722.75 Min=2.38 Avg=102.45 10=13.36 25=19.10 50=41.28 75=111.94 90=216.70 95=391.68 99=864.77 99.9=1568.77 99.99=2623.49] [UPDATE: Count=184055 Max=12312.58 Min=6.27 Avg=29.74 10=10.31 25=11.75 50=15.05 75=21.42 90=35.13 95=50.24 99=132.48 99.9=2797.57 99.99=8511.49]
2025-04-22 06:51:46 54 sec: 569601 operations; [READ: Count=379450 Max=11722.75 Min=2.38 Avg=101.49 10=13.21 25=19.01 50=41.05 75=111.04 90=213.89 95=387.33 99=856.06 99.9=1560.58 99.99=2621.44] [UPDATE: Count=190151 Max=12312.58 Min=6.27 Avg=29.24 10=10.29 25=11.68 50=14.90 75=21.07 90=34.56 95=49.53 99=129.22 99.9=2760.70 99.99=8421.38]
2025-04-22 06:51:47 55 sec: 589320 operations; [READ: Count=392535 Max=11722.75 Min=2.38 Avg=100.38 10=13.05 25=18.93 50=40.73 75=110.14 90=209.79 95=381.18 99=846.85 99.9=1551.36 99.99=2605.05] [UPDATE: Count=196785 Max=12312.58 Min=6.27 Avg=28.73 10=10.28 25=11.65 50=14.79 75=20.75 90=33.95 95=48.90 99=126.27 99.9=2676.74 99.99=8380.42]
2025-04-22 06:51:48 56 sec: 610036 operations; [READ: Count=406298 Max=11722.75 Min=2.38 Avg=99.15 10=12.88 25=18.89 50=40.32 75=109.31 90=205.57 95=374.01 99=836.10 99.9=1537.02 99.99=2560.00] [UPDATE: Count=203738 Max=12312.58 Min=6.27 Avg=28.26 10=10.29 25=11.65 50=14.73 75=20.46 90=33.38 95=48.13 99=122.24 99.9=2619.39 99.99=8380.42]
2025-04-22 06:51:49 57 sec: 630964 operations; [READ: Count=420249 Max=11722.75 Min=2.38 Avg=97.96 10=12.69 25=18.78 50=39.81 75=108.54 90=201.98 95=367.62 99=828.93 99.9=1523.71 99.99=2545.66] [UPDATE: Count=210715 Max=12312.58 Min=6.27 Avg=27.80 10=10.26 25=11.59 50=14.61 75=20.14 90=32.80 95=47.42 99=120.00 99.9=2590.72 99.99=8265.73]
2025-04-22 06:51:50 58 sec: 652362 operations; [READ: Count=434550 Max=11722.75 Min=2.38 Avg=96.78 10=12.46 25=18.67 50=39.17 75=107.78 90=198.40 95=362.24 99=819.20 99.9=1511.42 99.99=2535.42] [UPDATE: Count=217812 Max=12312.58 Min=6.27 Avg=27.34 10=10.24 25=11.54 50=14.48 75=19.86 90=32.22 95=46.75 99=117.95 99.9=2545.66 99.99=8163.33]
2025-04-22 06:51:51 59 sec: 672171 operations; [READ: Count=447781 Max=11722.75 Min=2.38 Avg=95.91 10=12.22 25=18.54 50=38.53 75=107.20 90=196.22 95=358.40 99=813.05 99.9=1503.23 99.99=2504.70] [UPDATE: Count=224390 Max=12312.58 Min=6.27 Avg=26.97 10=10.21 25=11.47 50=14.37 75=19.58 90=31.70 95=46.14 99=115.71 99.9=2492.41 99.99=8163.33]
2025-04-22 06:51:52 60 sec: 694040 operations; [READ: Count=462336 Max=11722.75 Min=2.38 Avg=94.81 10=11.96 25=18.43 50=37.82 75=106.56 90=193.41 95=353.79 99=803.84 99.9=1496.06 99.99=2494.46] [UPDATE: Count=231704 Max=12312.58 Min=6.27 Avg=26.54 10=10.18 25=11.42 50=14.26 75=19.31 90=31.15 95=45.47 99=112.70 99.9=2428.93 99.99=8044.54]
2025-04-22 06:51:53 61 sec: 715060 operations; [READ: Count=476322 Max=11722.75 Min=2.38 Avg=93.88 10=11.74 25=18.37 50=37.02 75=106.11 90=191.36 95=349.44 99=796.16 99.9=1485.82 99.99=2482.18] [UPDATE: Count=238738 Max=12312.58 Min=6.27 Avg=26.19 10=10.18 25=11.41 50=14.19 75=19.10 90=30.69 95=44.77 99=110.14 99.9=2340.86 99.99=7979.01]
2025-04-22 06:51:54 62 sec: 740589 operations; [READ: Count=493343 Max=11722.75 Min=2.38 Avg=92.40 10=11.44 25=18.21 50=36.03 75=105.34 90=187.52 95=342.27 99=783.87 99.9=1476.61 99.99=2478.08] [UPDATE: Count=247246 Max=12312.58 Min=6.27 Avg=25.74 10=10.13 25=11.34 50=14.07 75=18.82 90=30.13 95=44.06 99=107.78 99.9=2260.99 99.99=7925.76]
2025-04-22 06:51:55 63 sec: 763972 operations; [READ: Count=508879 Max=11722.75 Min=2.38 Avg=91.30 10=11.19 25=18.14 50=35.07 75=104.83 90=184.96 95=337.41 99=774.14 99.9=1461.25 99.99=2476.03] [UPDATE: Count=255093 Max=12312.58 Min=6.27 Avg=25.38 10=10.12 25=11.31 50=13.99 75=18.61 90=29.65 95=43.45 99=106.11 99.9=2193.41 99.99=7835.65]
2025-04-22 06:51:56 64 sec: 788468 operations; [READ: Count=525209 Max=11722.75 Min=2.38 Avg=90.12 10=10.93 25=18.03 50=34.05 75=104.19 90=182.14 95=332.54 99=766.46 99.9=1452.03 99.99=2445.31] [UPDATE: Count=263259 Max=12312.58 Min=6.27 Avg=25.01 10=10.10 25=11.28 50=13.89 75=18.38 90=29.18 95=42.75 99=104.19 99.9=2136.06 99.99=7835.65]
2025-04-22 06:51:57 65 sec: 815113 operations; [READ: Count=542936 Max=11722.75 Min=2.38 Avg=88.77 10=10.62 25=17.87 50=32.93 75=103.42 90=178.69 95=327.17 99=758.78 99.9=1444.86 99.99=2437.12] [UPDATE: Count=272177 Max=12312.58 Min=6.26 Avg=24.63 10=10.06 25=11.22 50=13.78 75=18.14 90=28.67 95=42.08 99=102.53 99.9=2044.93 99.99=7753.73]
2025-04-22 06:51:58 66 sec: 843474 operations; [READ: Count=561852 Max=11722.75 Min=2.38 Avg=87.30 10=10.37 25=17.74 50=31.71 75=102.66 90=175.10 95=320.25 99=747.52 99.9=1436.67 99.99=2420.74] [UPDATE: Count=281622 Max=12312.58 Min=6.26 Avg=24.24 10=10.03 25=11.18 50=13.67 75=17.92 90=28.16 95=41.38 99=101.18 99.9=1988.61 99.99=7507.97]
2025-04-22 06:51:59 67 sec: 873624 operations; [READ: Count=581909 Max=11722.75 Min=2.38 Avg=85.73 10=10.14 25=17.63 50=30.53 75=101.89 90=171.01 95=312.32 99=738.30 99.9=1428.48 99.99=2379.78] [UPDATE: Count=291715 Max=12312.58 Min=6.26 Avg=23.88 10=10.02 25=11.17 50=13.62 75=17.71 90=27.61 95=40.64 99=99.65 99.9=1933.31 99.99=7352.32]
2025-04-22 06:52:00 68 sec: 904604 operations; [READ: Count=602528 Max=11722.75 Min=2.23 Avg=84.19 10=9.94 25=17.49 50=29.38 75=101.12 90=167.55 95=305.15 99=727.04 99.9=1416.19 99.99=2353.15] [UPDATE: Count=302076 Max=12312.58 Min=6.26 Avg=23.52 10=10.00 25=11.14 50=13.54 75=17.52 90=27.14 95=39.94 99=98.30 99.9=1891.33 99.99=7344.13]
2025-04-22 06:52:01 69 sec: 933735 operations; [READ: Count=621914 Max=11722.75 Min=2.23 Avg=82.94 10=9.75 25=17.34 50=28.37 75=100.48 90=164.86 95=299.77 99=718.85 99.9=1402.88 99.99=2312.19] [UPDATE: Count=311821 Max=12312.58 Min=6.26 Avg=23.19 10=9.96 25=11.10 50=13.45 75=17.34 90=26.72 95=39.33 99=97.02 99.9=1804.29 99.99=7307.26]
2025-04-22 06:52:02 70 sec: 963053 operations; [READ: Count=641536 Max=11722.75 Min=2.23 Avg=81.73 10=9.59 25=17.23 50=27.49 75=99.84 90=162.18 95=294.91 99=711.68 99.9=1392.64 99.99=2285.57] [UPDATE: Count=321517 Max=12312.58 Min=6.26 Avg=22.90 10=9.94 25=11.07 50=13.38 75=17.18 90=26.30 95=38.72 99=96.06 99.9=1751.04 99.99=7237.63]
2025-04-22 06:52:03 71 sec: 996025 operations; [READ: Count=663533 Max=11722.75 Min=2.23 Avg=80.28 10=9.41 25=17.09 50=26.61 75=99.20 90=159.10 95=288.51 99=701.95 99.9=1381.38 99.99=2275.33] [UPDATE: Count=332492 Max=12312.58 Min=6.26 Avg=22.57 10=9.90 25=11.03 50=13.29 75=17.01 90=25.87 95=38.08 99=94.97 99.9=1646.59 99.99=7196.67]
2025-04-22 06:52:04 72 sec: 1031184 operations; [READ: Count=687019 Max=11722.75 Min=2.23 Avg=78.74 10=9.26 25=16.93 50=25.81 75=98.43 90=155.90 95=280.83 99=691.20 99.9=1373.18 99.99=2242.56] [UPDATE: Count=344165 Max=12312.58 Min=6.26 Avg=22.24 10=9.86 25=10.98 50=13.20 75=16.83 90=25.44 95=37.47 99=94.21 99.9=1573.89 99.99=7069.69]
2025-04-22 06:52:05 73 sec: 1065783 operations; [READ: Count=710104 Max=11722.75 Min=2.23 Avg=77.36 10=9.10 25=16.77 50=25.14 75=97.73 90=152.96 95=274.18 99=682.50 99.9=1361.92 99.99=2213.89] [UPDATE: Count=355679 Max=12312.58 Min=6.26 Avg=21.92 10=9.82 25=10.94 50=13.10 75=16.66 90=25.02 95=36.86 99=93.25 99.9=1528.83 99.99=6979.58]
2025-04-22 06:52:06 74 sec: 1097224 operations; [READ: Count=731051 Max=11722.75 Min=2.23 Avg=76.28 10=8.97 25=16.66 50=24.62 75=97.15 90=150.78 95=269.06 99=676.86 99.9=1358.85 99.99=2203.65] [UPDATE: Count=366173 Max=12312.58 Min=6.26 Avg=21.69 10=9.79 25=10.91 50=13.03 75=16.53 90=24.69 95=36.35 99=92.93 99.9=1473.54 99.99=6979.58]
2025-04-22 06:52:07 75 sec: 1126966 operations; [READ: Count=750882 Max=11722.75 Min=2.23 Avg=75.41 10=8.87 25=16.54 50=24.21 75=96.70 90=148.99 95=264.45 99=673.79 99.9=1358.85 99.99=2179.07] [UPDATE: Count=376084 Max=12312.58 Min=6.26 Avg=21.45 10=9.76 25=10.88 50=12.96 75=16.40 90=24.37 95=35.90 99=91.97 99.9=1382.40 99.99=6942.72]
2025-04-22 06:52:08 76 sec: 1162018 operations; [READ: Count=774280 Max=11722.75 Min=2.23 Avg=74.20 10=8.75 25=16.40 50=23.77 75=96.13 90=146.43 95=258.05 99=664.58 99.9=1351.68 99.99=2177.02] [UPDATE: Count=387738 Max=12312.58 Min=6.26 Avg=21.19 10=9.73 25=10.85 50=12.88 75=16.26 90=24.03 95=35.36 99=91.14 99.9=1348.61 99.99=6840.32]
2025-04-22 06:52:09 77 sec: 1197355 operations; [READ: Count=797792 Max=11722.75 Min=2.23 Avg=73.05 10=8.64 25=16.25 50=23.39 75=95.55 90=144.25 95=252.03 99=656.38 99.9=1342.46 99.99=2154.49] [UPDATE: Count=399563 Max=12312.58 Min=6.26 Avg=20.93 10=9.69 25=10.81 50=12.81 75=16.14 90=23.70 95=34.88 99=90.24 99.9=1314.82 99.99=6438.91]
2025-04-22 06:52:10 78 sec: 1232100 operations; [READ: Count=820971 Max=11722.75 Min=2.15 Avg=72.01 10=8.54 25=16.13 50=23.05 75=95.10 90=142.21 95=246.66 99=648.70 99.9=1334.27 99.99=2125.82] [UPDATE: Count=411129 Max=12312.58 Min=6.26 Avg=20.69 10=9.65 25=10.78 50=12.73 75=16.02 90=23.38 95=34.40 99=89.47 99.9=1263.62 99.99=6438.91]
2025-04-22 06:52:11 79 sec: 1263277 operations; [READ: Count=841745 Max=11722.75 Min=2.15 Avg=71.22 10=8.47 25=16.02 50=22.80 75=94.72 90=140.93 95=243.58 99=643.07 99.9=1326.08 99.99=2117.63] [UPDATE: Count=421532 Max=12312.58 Min=6.26 Avg=20.52 10=9.62 25=10.77 50=12.68 75=15.94 90=23.12 95=33.98 99=89.02 99.9=1217.54 99.99=6365.18]
2025-04-22 06:52:12 80 sec: 1291339 operations; [READ: Count=860439 Max=11722.75 Min=2.15 Avg=70.67 10=8.43 25=15.94 50=22.62 75=94.33 90=140.03 95=241.53 99=641.02 99.9=1320.96 99.99=2109.44] [UPDATE: Count=430900 Max=12312.58 Min=6.26 Avg=20.37 10=9.62 25=10.77 50=12.66 75=15.89 90=22.88 95=33.63 99=88.45 99.9=1198.08 99.99=6213.63]
2025-04-22 06:52:13 81 sec: 1324948 operations; [READ: Count=882823 Max=11722.75 Min=2.15 Avg=69.81 10=8.37 25=15.83 50=22.40 75=93.95 90=138.50 95=237.31 99=634.37 99.9=1312.77 99.99=2095.10] [UPDATE: Count=442125 Max=12312.58 Min=6.26 Avg=20.19 10=9.60 25=10.75 50=12.63 75=15.82 90=22.62 95=33.28 99=88.51 99.9=1167.36 99.99=6139.90]
2025-04-22 06:52:14 82 sec: 1358219 operations; [READ: Count=905046 Max=11722.75 Min=2.15 Avg=69.01 10=8.31 25=15.72 50=22.22 75=93.57 90=137.22 95=233.60 99=628.22 99.9=1304.58 99.99=2074.62] [UPDATE: Count=453173 Max=12312.58 Min=6.26 Avg=20.04 10=9.57 25=10.73 50=12.60 75=15.76 90=22.40 95=32.93 99=88.70 99.9=1136.64 99.99=6119.42]
2025-04-22 06:52:15 83 sec: 1381397 operations; [READ: Count=920491 Max=11722.75 Min=2.03 Avg=68.78 10=8.32 25=15.67 50=22.19 75=93.50 90=136.96 95=232.83 99=624.64 99.9=1301.50 99.99=2074.62] [UPDATE: Count=460906 Max=12312.58 Min=6.26 Avg=19.98 10=9.56 25=10.73 50=12.58 75=15.74 90=22.27 95=32.67 99=88.96 99.9=1135.62 99.99=6082.56]
2025-04-22 06:52:16 84 sec: 1402154 operations; [READ: Count=934295 Max=11722.75 Min=2.03 Avg=68.68 10=8.37 25=15.65 50=22.21 75=93.50 90=136.83 95=232.45 99=623.10 99.9=1297.41 99.99=2084.86] [UPDATE: Count=467859 Max=12312.58 Min=6.26 Avg=19.93 10=9.57 25=10.73 50=12.58 75=15.73 90=22.16 95=32.45 99=88.06 99.9=1131.52 99.99=6053.89]
2025-04-22 06:52:17 85 sec: 1420104 operations; [READ: Count=946206 Max=55181.31 Min=2.03 Avg=68.72 10=8.40 25=15.65 50=22.24 75=93.50 90=136.70 95=232.45 99=624.13 99.9=1297.41 99.99=2095.10] [UPDATE: Count=473898 Max=12312.58 Min=6.26 Avg=19.94 10=9.57 25=10.73 50=12.58 75=15.72 90=22.09 95=32.24 99=87.55 99.9=1148.93 99.99=6115.33]
2025-04-22 06:52:18 86 sec: 1439073 operations; [READ: Count=958804 Max=55181.31 Min=2.03 Avg=68.68 10=8.44 25=15.69 50=22.29 75=93.50 90=136.83 95=233.09 99=622.08 99.9=1294.34 99.99=2109.44] [UPDATE: Count=480269 Max=12312.58 Min=6.26 Avg=19.93 10=9.59 25=10.75 50=12.60 75=15.73 90=22.02 95=32.05 99=87.10 99.9=1155.07 99.99=6082.56]
2025-04-22 06:52:19 87 sec: 1457621 operations; [READ: Count=971171 Max=55181.31 Min=2.03 Avg=68.69 10=8.47 25=15.72 50=22.35 75=93.57 90=136.96 95=233.34 99=620.03 99.9=1292.29 99.99=2103.30] [UPDATE: Count=486450 Max=12312.58 Min=6.26 Avg=19.93 10=9.60 25=10.76 50=12.62 75=15.76 90=21.95 95=31.86 99=87.04 99.9=1156.10 99.99=6053.89]
2025-04-22 06:52:20 88 sec: 1476042 operations; [READ: Count=983400 Max=55181.31 Min=2.03 Avg=68.72 10=8.50 25=15.75 50=22.40 75=93.69 90=137.34 95=233.73 99=617.98 99.9=1289.21 99.99=2095.10] [UPDATE: Count=492642 Max=12312.58 Min=6.26 Avg=19.89 10=9.61 25=10.77 50=12.64 75=15.76 90=21.87 95=31.65 99=86.78 99.9=1152.00 99.99=6053.89]
2025-04-22 06:52:21 89 sec: 1489943 operations; [READ: Count=992616 Max=55181.31 Min=2.03 Avg=68.98 10=8.53 25=15.78 50=22.45 75=93.82 90=137.85 95=235.52 99=619.52 99.9=1289.21 99.99=2103.30] [UPDATE: Count=497327 Max=12312.58 Min=6.26 Avg=19.89 10=9.62 25=10.78 50=12.65 75=15.77 90=21.81 95=31.54 99=86.78 99.9=1155.07 99.99=6021.12]
2025-04-22 06:52:22 90 sec: 1500987 operations; [READ: Count=1000000 Max=55181.31 Min=2.03 Avg=69.35 10=8.55 25=15.81 50=22.51 75=94.02 90=138.88 95=238.21 99=622.59 99.9=1291.26 99.99=2109.44] [UPDATE: Count=500987 Max=12312.58 Min=6.26 Avg=19.90 10=9.62 25=10.78 50=12.66 75=15.79 90=21.81 95=31.44 99=86.78 99.9=1152.00 99.99=6021.12]
2025-04-22 06:52:22 90 sec: 1500987 operations; [READ: Count=1000000 Max=55181.31 Min=2.03 Avg=69.35 10=8.55 25=15.81 50=22.51 75=94.02 90=138.88 95=238.21 99=622.59 99.9=1291.26 99.99=2109.44] [UPDATE: Count=500987 Max=12312.58 Min=6.26 Avg=19.90 10=9.62 25=10.78 50=12.66 75=15.79 90=21.81 95=31.44 99=86.78 99.9=1152.00 99.99=6021.12]
Run runtime(sec): 90.1409
Run operations(ops): 1000000
Run throughput(ops/sec): 11093.7
