Running scope as unit: run-r6a87cd8574374d5bb7eb8af783077d8c.scope
load file:/home/user/DataFiles/silesia_data/silesia.tar
2025-04-22 06:50:52 0 sec: 0 operations;
2025-04-22 06:50:53 1 sec: 0 operations;
2025-04-22 06:50:54 2 sec: 0 operations;
2025-04-22 06:50:55 3 sec: 0 operations;
2025-04-22 06:50:56 4 sec: 0 operations;
2025-04-22 06:50:57 5 sec: 0 operations;
2025-04-22 06:50:58 6 sec: 0 operations;
2025-04-22 06:50:59 7 sec: 0 operations;
2025-04-22 06:51:00 8 sec: 0 operations;
2025-04-22 06:51:01 9 sec: 0 operations;
2025-04-22 06:51:02 10 sec: 6321 operations; [READ: Count=4206 Max=1644.54 Min=6.36 Avg=97.71 10=21.86 25=29.33 50=41.25 75=65.60 90=242.69 95=451.84 99=823.29 99.9=1307.65 99.99=1644.54] [UPDATE: Count=2115 Max=9478.14 Min=11.36 Avg=67.03 10=22.56 25=29.42 50=42.05 75=61.76 90=88.64 95=112.77 99=318.98 99.9=3590.14 99.99=9478.14]
2025-04-22 06:51:03 11 sec: 13640 operations; [READ: Count=9106 Max=1874.94 Min=3.28 Avg=123.63 10=22.18 25=29.68 50=42.43 75=68.54 90=384.77 95=662.01 99=1089.54 99.9=1464.32 99.99=1785.86] [UPDATE: Count=4534 Max=12009.47 Min=9.82 Avg=92.27 10=21.04 25=27.70 50=39.39 75=58.91 90=84.42 95=109.69 99=1188.86 99.9=8806.40 99.99=12009.47]
2025-04-22 06:51:04 12 sec: 21517 operations; [READ: Count=14318 Max=2144.26 Min=3.06 Avg=130.10 10=21.45 25=28.51 50=40.51 75=66.37 90=441.34 95=723.97 99=1154.05 99.9=1616.89 99.99=2103.30] [UPDATE: Count=7199 Max=12009.47 Min=9.02 Avg=92.98 10=19.39 25=24.96 50=35.20 75=52.06 90=76.22 95=99.97 99=1249.28 99.9=9109.50 99.99=10469.38]
2025-04-22 06:51:05 13 sec: 30305 operations; [READ: Count=20201 Max=4931.58 Min=3.06 Avg=130.57 10=21.87 25=29.20 50=41.73 75=68.99 90=406.78 95=729.09 99=1224.70 99.9=1863.68 99.99=2600.96] [UPDATE: Count=10104 Max=12009.47 Min=9.02 Avg=88.09 10=18.86 25=24.11 50=33.25 75=48.45 90=71.30 95=92.73 99=1226.75 99.9=8691.71 99.99=10469.38]
2025-04-22 06:51:06 14 sec: 39615 operations; [READ: Count=26382 Max=6402.05 Min=3.06 Avg=131.92 10=21.45 25=28.48 50=40.54 75=66.88 90=426.50 95=747.52 99=1235.97 99.9=1863.68 99.99=2600.96] [UPDATE: Count=13233 Max=12009.47 Min=7.11 Avg=78.52 10=15.02 25=19.95 50=28.70 75=43.07 90=64.67 95=84.67 99=860.67 99.9=8790.01 99.99=10469.38]
2025-04-22 06:51:07 15 sec: 51946 operations; [READ: Count=34629 Max=6402.05 Min=3.06 Avg=125.11 10=21.87 25=29.34 50=42.02 75=69.12 90=361.47 95=700.93 99=1186.82 99.9=1761.28 99.99=2600.96] [UPDATE: Count=17317 Max=12009.47 Min=6.84 Avg=67.78 10=14.71 25=18.82 50=26.24 75=38.91 90=59.26 95=78.53 99=507.90 99.9=8519.68 99.99=10469.38]
2025-04-22 06:51:08 16 sec: 65939 operations; [READ: Count=43988 Max=6402.05 Min=2.70 Avg=118.03 10=21.82 25=29.57 50=42.37 75=70.40 90=286.98 95=640.00 99=1144.83 99.9=1760.26 99.99=2600.96] [UPDATE: Count=21951 Max=12009.47 Min=6.84 Avg=59.25 10=13.50 25=17.20 50=23.68 75=35.23 90=54.21 95=72.64 99=360.45 99.9=7888.90 99.99=10469.38]
2025-04-22 06:51:09 17 sec: 80527 operations; [READ: Count=53682 Max=6402.05 Min=2.70 Avg=112.42 10=21.95 25=30.02 50=43.10 75=74.56 90=230.66 95=569.34 99=1096.70 99.9=1702.91 99.99=2600.96] [UPDATE: Count=26845 Max=12009.47 Min=6.84 Avg=53.77 10=13.37 25=16.59 50=22.11 75=32.51 90=50.91 95=69.31 99=359.68 99.9=6991.87 99.99=10215.42]
2025-04-22 06:51:10 18 sec: 94067 operations; [READ: Count=62706 Max=6402.05 Min=2.70 Avg=108.46 10=21.66 25=29.76 50=42.88 75=73.02 90=216.70 95=531.97 99=1065.98 99.9=1674.24 99.99=2469.89] [UPDATE: Count=31361 Max=12009.47 Min=6.84 Avg=52.96 10=13.32 25=16.54 50=22.06 75=32.35 90=50.14 95=67.52 99=328.70 99.9=6934.53 99.99=10469.38]
2025-04-22 06:51:11 19 sec: 111005 operations; [READ: Count=73981 Max=6402.05 Min=2.70 Avg=102.31 10=21.02 25=29.02 50=41.85 75=69.31 90=201.34 95=482.05 99=1036.29 99.9=1637.38 99.99=2469.89] [UPDATE: Count=37024 Max=12009.47 Min=6.84 Avg=50.59 10=13.18 25=16.41 50=21.92 75=32.13 90=49.92 95=67.14 99=314.37 99.9=6651.90 99.99=10469.38]
2025-04-22 06:51:12 20 sec: 127854 operations; [READ: Count=85293 Max=6402.05 Min=2.42 Avg=98.11 10=20.40 25=28.30 50=40.93 75=66.62 90=190.85 95=457.98 99=1003.52 99.9=1615.87 99.99=2310.14] [UPDATE: Count=42561 Max=12009.47 Min=6.84 Avg=48.27 10=13.04 25=16.27 50=21.82 75=32.03 90=49.60 95=66.43 99=247.55 99.9=6238.21 99.99=10469.38]
2025-04-22 06:51:13 21 sec: 145544 operations; [READ: Count=97060 Max=6402.05 Min=2.42 Avg=94.20 10=20.08 25=27.90 50=40.38 75=64.67 90=180.48 95=431.36 99=978.94 99.9=1576.96 99.99=2228.22] [UPDATE: Count=48484 Max=12009.47 Min=6.84 Avg=46.60 10=12.95 25=16.17 50=21.77 75=32.00 90=49.53 95=66.30 99=230.01 99.9=5632.00 99.99=10215.42]
2025-04-22 06:51:14 22 sec: 166161 operations; [READ: Count=110833 Max=6402.05 Min=2.42 Avg=89.37 10=19.30 25=26.98 50=39.04 75=61.60 90=166.53 95=400.89 99=954.37 99.9=1543.17 99.99=2203.65] [UPDATE: Count=55328 Max=12009.47 Min=6.84 Avg=44.75 10=12.76 25=15.92 50=21.45 75=31.33 90=48.38 95=64.58 99=222.46 99.9=5087.23 99.99=10092.54]
2025-04-22 06:51:15 23 sec: 188670 operations; [READ: Count=125795 Max=6402.05 Min=2.42 Avg=84.77 10=18.46 25=25.84 50=37.53 75=58.34 90=152.96 95=366.85 99=946.17 99.9=1567.74 99.99=2228.22] [UPDATE: Count=62875 Max=12009.47 Min=6.84 Avg=42.87 10=12.54 25=15.67 50=21.14 75=30.82 90=47.42 95=63.58 99=178.69 99.9=4599.81 99.99=10092.54]
2025-04-22 06:51:16 24 sec: 214564 operations; [READ: Count=143041 Max=6402.05 Min=2.42 Avg=79.54 10=18.00 25=25.10 50=36.38 75=55.62 90=139.52 95=318.46 99=911.36 99.9=1544.19 99.99=2203.65] [UPDATE: Count=71523 Max=12009.47 Min=6.49 Avg=41.30 10=12.49 25=15.60 50=21.01 75=30.54 90=47.04 95=63.07 99=161.79 99.9=4313.09 99.99=9920.51]
2025-04-22 06:51:17 25 sec: 237900 operations; [READ: Count=158642 Max=6402.05 Min=2.42 Avg=76.47 10=17.76 25=24.86 50=35.94 75=54.37 90=131.46 95=289.54 99=888.83 99.9=1525.76 99.99=2144.26] [UPDATE: Count=79258 Max=12009.47 Min=6.49 Avg=40.07 10=12.47 25=15.54 50=20.85 75=30.13 90=46.11 95=61.98 99=153.47 99.9=4087.81 99.99=9756.67]
2025-04-22 06:51:18 26 sec: 253161 operations; [READ: Count=168762 Max=6402.05 Min=2.42 Avg=76.68 10=17.81 25=24.94 50=36.09 75=54.85 90=134.78 95=294.40 99=876.54 99.9=1506.30 99.99=2140.16] [UPDATE: Count=84399 Max=12009.47 Min=6.49 Avg=39.69 10=12.49 25=15.54 50=20.78 75=29.89 90=45.70 95=61.31 99=156.54 99.9=3811.33 99.99=9756.67]
2025-04-22 06:51:19 27 sec: 265511 operations; [READ: Count=176933 Max=6402.05 Min=2.42 Avg=77.90 10=17.86 25=25.05 50=36.38 75=55.71 90=142.08 95=307.45 99=870.40 99.9=1498.11 99.99=2136.06] [UPDATE: Count=88578 Max=12009.47 Min=6.49 Avg=39.44 10=12.47 25=15.48 50=20.69 75=29.68 90=45.31 95=60.90 99=158.46 99.9=3700.74 99.99=9682.94]
2025-04-22 06:51:20 28 sec: 275337 operations; [READ: Count=183469 Max=6402.05 Min=2.42 Avg=79.91 10=17.90 25=25.15 50=36.64 75=56.77 90=149.76 95=324.10 99=878.59 99.9=1500.16 99.99=2136.06] [UPDATE: Count=91868 Max=12009.47 Min=6.49 Avg=39.24 10=12.48 25=15.46 50=20.62 75=29.52 90=44.99 95=60.45 99=161.66 99.9=3610.62 99.99=9682.94]
2025-04-22 06:51:21 29 sec: 286322 operations; [READ: Count=190751 Max=6402.05 Min=2.42 Avg=81.44 10=17.95 25=25.31 50=36.99 75=58.05 90=155.13 95=332.29 99=881.15 99.9=1511.42 99.99=2203.65] [UPDATE: Count=95571 Max=12009.47 Min=6.49 Avg=38.91 10=12.47 25=15.42 50=20.51 75=29.31 90=44.58 95=59.84 99=161.66 99.9=3569.66 99.99=9551.87]
2025-04-22 06:51:22 30 sec: 297470 operations; [READ: Count=198198 Max=6402.05 Min=2.42 Avg=82.77 10=17.93 25=25.38 50=37.28 75=59.33 90=161.02 95=340.22 99=876.03 99.9=1511.42 99.99=2203.65] [UPDATE: Count=99272 Max=12009.47 Min=6.49 Avg=38.62 10=12.46 25=15.39 50=20.43 75=29.12 90=44.09 95=59.26 99=161.66 99.9=3528.70 99.99=9551.87]
2025-04-22 06:51:23 31 sec: 308808 operations; [READ: Count=205769 Max=6402.05 Min=2.42 Avg=84.03 10=17.95 25=25.47 50=37.57 75=60.70 90=166.53 95=346.62 99=868.35 99.9=1503.23 99.99=2203.65] [UPDATE: Count=103039 Max=12009.47 Min=6.49 Avg=38.20 10=12.46 25=15.37 50=20.35 75=28.91 90=43.68 95=58.69 99=158.21 99.9=3420.16 99.99=9551.87]
2025-04-22 06:51:24 32 sec: 319359 operations; [READ: Count=212724 Max=6402.05 Min=2.42 Avg=85.41 10=17.97 25=25.55 50=37.79 75=61.98 90=171.52 95=355.58 99=870.40 99.9=1512.45 99.99=2263.04] [UPDATE: Count=106635 Max=12009.47 Min=6.49 Avg=37.95 10=12.45 25=15.33 50=20.25 75=28.73 90=43.36 95=58.24 99=158.08 99.9=3391.49 99.99=9502.72]
2025-04-22 06:51:25 33 sec: 330104 operations; [READ: Count=219894 Max=6402.05 Min=2.42 Avg=86.63 10=17.87 25=25.52 50=37.85 75=62.81 90=175.23 95=362.75 99=878.59 99.9=1542.14 99.99=2285.57] [UPDATE: Count=110210 Max=12009.47 Min=6.49 Avg=37.70 10=12.41 25=15.27 50=20.16 75=28.53 90=42.98 95=57.70 99=154.50 99.9=3391.49 99.99=9502.72]
2025-04-22 06:51:26 34 sec: 343212 operations; [READ: Count=228632 Max=6402.05 Min=2.42 Avg=87.05 10=17.79 25=25.50 50=37.92 75=63.52 90=177.02 95=362.50 99=879.10 99.9=1544.19 99.99=2287.61] [UPDATE: Count=114580 Max=12009.47 Min=6.49 Avg=37.42 10=12.41 25=15.25 50=20.11 75=28.35 90=42.56 95=57.09 99=149.89 99.9=3344.38 99.99=9551.87]
2025-04-22 06:51:27 35 sec: 357454 operations; [READ: Count=238176 Max=6402.05 Min=2.42 Avg=87.15 10=17.65 25=25.36 50=37.79 75=63.81 90=179.07 95=363.52 99=872.96 99.9=1543.17 99.99=2287.61] [UPDATE: Count=119278 Max=12009.47 Min=6.49 Avg=37.05 10=12.37 25=15.18 50=19.98 75=28.11 90=42.05 95=56.51 99=147.33 99.9=3246.08 99.99=9502.72]
2025-04-22 06:51:28 36 sec: 373158 operations; [READ: Count=248628 Max=6402.05 Min=2.42 Avg=86.91 10=17.50 25=25.21 50=37.63 75=63.74 90=179.58 95=361.73 99=866.30 99.9=1542.14 99.99=2310.14] [UPDATE: Count=124530 Max=12009.47 Min=6.49 Avg=36.57 10=12.33 25=15.11 50=19.86 75=27.86 90=41.53 95=55.87 99=143.87 99.9=3203.07 99.99=9502.72]
2025-04-22 06:51:29 37 sec: 388395 operations; [READ: Count=258800 Max=6402.05 Min=2.42 Avg=86.72 10=17.31 25=24.99 50=37.38 75=63.52 90=180.22 95=361.73 99=862.21 99.9=1542.14 99.99=2291.71] [UPDATE: Count=129595 Max=12009.47 Min=6.49 Avg=36.31 10=12.27 25=15.02 50=19.73 75=27.61 90=41.09 95=55.20 99=143.36 99.9=3151.87 99.99=9478.14]
2025-04-22 06:51:30 38 sec: 399293 operations; [READ: Count=266074 Max=6402.05 Min=2.42 Avg=87.57 10=17.26 25=24.98 50=37.44 75=64.89 90=183.55 95=366.59 99=859.65 99.9=1539.07 99.99=2287.61] [UPDATE: Count=133219 Max=12009.47 Min=6.49 Avg=36.30 10=12.23 25=14.96 50=19.60 75=27.41 90=40.80 95=54.85 99=146.69 99.9=3151.87 99.99=9478.14]
2025-04-22 06:51:31 39 sec: 410093 operations; [READ: Count=273349 Max=6402.05 Min=2.42 Avg=88.47 10=17.20 25=24.91 50=37.47 75=66.56 90=186.62 95=371.20 99=860.16 99.9=1533.95 99.99=2287.61] [UPDATE: Count=136744 Max=12009.47 Min=6.49 Avg=36.15 10=12.18 25=14.88 50=19.47 75=27.18 90=40.41 95=54.43 99=148.74 99.9=3143.68 99.99=9445.38]
2025-04-22 06:51:32 40 sec: 423380 operations; [READ: Count=282220 Max=6402.05 Min=2.42 Avg=88.84 10=17.09 25=24.77 50=37.44 75=68.86 90=188.93 95=371.20 99=851.46 99.9=1525.76 99.99=2285.57] [UPDATE: Count=141160 Max=12009.47 Min=6.49 Avg=35.73 10=12.08 25=14.73 50=19.25 75=26.86 90=39.97 95=53.82 99=146.69 99.9=3094.53 99.99=9445.38]
2025-04-22 06:51:33 41 sec: 437344 operations; [READ: Count=291491 Max=6402.05 Min=2.42 Avg=89.04 10=16.82 25=24.45 50=37.38 75=71.68 90=190.97 95=370.18 99=843.26 99.9=1515.52 99.99=2279.42] [UPDATE: Count=145853 Max=12009.47 Min=6.43 Avg=35.32 10=11.81 25=14.46 50=18.96 75=26.51 90=39.49 95=53.34 99=148.09 99.9=3055.61 99.99=9281.53]
2025-04-22 06:51:34 42 sec: 455717 operations; [READ: Count=303767 Max=6402.05 Min=2.42 Avg=88.39 10=16.38 25=23.93 50=37.28 75=76.42 90=188.41 95=363.26 99=829.44 99.9=1498.11 99.99=2277.38] [UPDATE: Count=151950 Max=12009.47 Min=6.43 Avg=34.50 10=11.47 25=14.10 50=18.56 75=26.05 90=38.85 95=52.54 99=144.64 99.9=3022.85 99.99=9281.53]
2025-04-22 06:51:35 43 sec: 477365 operations; [READ: Count=318233 Max=6402.05 Min=2.42 Avg=87.15 10=15.91 25=23.30 50=37.15 75=82.50 90=182.66 95=352.25 99=815.62 99.9=1487.87 99.99=2228.22] [UPDATE: Count=159132 Max=12009.47 Min=6.43 Avg=33.56 10=11.21 25=13.73 50=18.11 75=25.54 90=38.17 95=51.68 99=136.57 99.9=2949.12 99.99=9109.50]
2025-04-22 06:51:36 44 sec: 499405 operations; [READ: Count=332885 Max=6402.05 Min=2.42 Avg=85.97 10=15.54 25=22.66 50=36.96 75=86.59 90=177.66 95=342.78 99=804.86 99.9=1471.49 99.99=2222.08] [UPDATE: Count=166520 Max=12009.47 Min=6.38 Avg=32.68 10=11.06 25=13.43 50=17.70 75=25.02 90=37.47 95=50.78 99=130.50 99.9=2873.34 99.99=9084.93]
2025-04-22 06:51:37 45 sec: 523747 operations; [READ: Count=349252 Max=6402.05 Min=2.42 Avg=84.45 10=15.13 25=21.98 50=36.73 75=88.58 90=171.26 95=329.98 99=789.50 99.9=1461.25 99.99=2203.65] [UPDATE: Count=174495 Max=12009.47 Min=6.35 Avg=31.79 10=10.90 25=13.13 50=17.26 75=24.50 90=36.77 95=49.85 99=123.58 99.9=2813.95 99.99=9084.93]
2025-04-22 06:51:38 46 sec: 547503 operations; [READ: Count=365128 Max=6402.05 Min=2.42 Avg=83.18 10=14.80 25=21.39 50=36.54 75=89.73 90=166.40 95=319.23 99=778.24 99.9=1442.82 99.99=2197.50] [UPDATE: Count=182375 Max=12009.47 Min=6.35 Avg=30.99 10=10.78 25=12.89 50=16.88 75=24.02 90=36.09 95=48.99 99=118.66 99.9=2754.56 99.99=8806.40]
2025-04-22 06:51:39 47 sec: 571004 operations; [READ: Count=380753 Max=6402.05 Min=2.42 Avg=82.09 10=14.42 25=20.83 50=36.35 75=90.24 90=162.30 95=311.30 99=765.44 99.9=1429.50 99.99=2164.74] [UPDATE: Count=190251 Max=12009.47 Min=6.35 Avg=30.24 10=10.65 25=12.65 50=16.51 75=23.58 90=35.45 95=48.19 99=114.05 99.9=2689.02 99.99=8790.01]
2025-04-22 06:51:40 48 sec: 595485 operations; [READ: Count=397091 Max=6402.05 Min=2.42 Avg=80.94 10=14.02 25=20.30 50=36.16 75=90.50 90=158.34 95=301.06 99=752.64 99.9=1418.24 99.99=2144.26] [UPDATE: Count=198394 Max=12009.47 Min=6.35 Avg=29.50 10=10.48 25=12.38 50=16.14 75=23.10 90=34.81 95=47.30 99=111.30 99.9=2619.39 99.99=8691.71]
2025-04-22 06:51:41 49 sec: 616361 operations; [READ: Count=411009 Max=6402.05 Min=2.25 Avg=80.35 10=13.72 25=19.89 50=35.97 75=90.81 90=156.41 95=297.73 99=745.98 99.9=1408.00 99.99=2140.16] [UPDATE: Count=205352 Max=12009.47 Min=6.35 Avg=28.99 10=10.41 25=12.23 50=15.88 75=22.73 90=34.30 95=46.66 99=108.35 99.9=2568.19 99.99=8675.33]
2025-04-22 06:51:42 50 sec: 640561 operations; [READ: Count=427124 Max=6402.05 Min=2.25 Avg=79.36 10=13.41 25=19.54 50=35.74 75=91.14 90=153.09 95=289.54 99=735.23 99.9=1399.81 99.99=2131.97] [UPDATE: Count=213437 Max=12009.47 Min=6.35 Avg=28.40 10=10.38 25=12.12 50=15.63 75=22.35 90=33.73 95=45.95 99=105.60 99.9=2486.27 99.99=8675.33]
2025-04-22 06:51:43 51 sec: 665215 operations; [READ: Count=443523 Max=6402.05 Min=2.25 Avg=78.42 10=12.99 25=19.15 50=35.52 75=91.20 90=150.27 95=281.09 99=724.48 99.9=1386.49 99.99=2127.87] [UPDATE: Count=221692 Max=12009.47 Min=6.35 Avg=27.80 10=10.27 25=11.92 50=15.36 75=21.97 90=33.22 95=45.22 99=103.55 99.9=2379.78 99.99=8519.68]
2025-04-22 06:51:44 52 sec: 687179 operations; [READ: Count=458179 Max=6402.05 Min=2.25 Avg=77.86 10=12.59 25=18.88 50=35.30 75=91.45 90=148.74 95=276.48 99=716.80 99.9=1381.38 99.99=2119.68] [UPDATE: Count=229000 Max=12009.47 Min=6.35 Avg=27.31 10=10.21 25=11.78 50=15.13 75=21.65 90=32.80 95=44.64 99=101.50 99.9=2349.05 99.99=8192.00]
2025-04-22 06:51:45 53 sec: 711080 operations; [READ: Count=474180 Max=6402.05 Min=2.10 Avg=77.09 10=12.13 25=18.62 50=35.07 75=91.52 90=146.43 95=269.82 99=706.05 99.9=1373.18 99.99=2105.34] [UPDATE: Count=236900 Max=12009.47 Min=6.35 Avg=26.83 10=10.15 25=11.66 50=14.94 75=21.30 90=32.32 95=43.97 99=99.33 99.9=2275.33 99.99=8179.71]
2025-04-22 06:51:46 54 sec: 730692 operations; [READ: Count=487235 Max=6402.05 Min=2.10 Avg=76.88 10=11.72 25=18.41 50=34.88 75=91.65 90=146.05 95=270.08 99=700.41 99.9=1364.99 99.99=2083.84] [UPDATE: Count=243457 Max=12009.47 Min=6.35 Avg=26.46 10=10.10 25=11.54 50=14.77 75=21.02 90=31.92 95=43.45 99=97.86 99.9=2170.88 99.99=8179.71]
2025-04-22 06:51:47 55 sec: 754445 operations; [READ: Count=503121 Max=6402.05 Min=2.10 Avg=76.20 10=11.21 25=18.22 50=34.66 75=91.71 90=144.00 95=263.94 99=691.71 99.9=1359.87 99.99=2082.82] [UPDATE: Count=251324 Max=12009.47 Min=6.35 Avg=26.05 10=10.05 25=11.45 50=14.62 75=20.72 90=31.50 95=42.91 99=95.94 99.9=2144.26 99.99=8060.93]
2025-04-22 06:51:48 56 sec: 775835 operations; [READ: Count=517403 Max=6402.05 Min=2.10 Avg=75.81 10=10.78 25=18.09 50=34.43 75=91.90 90=143.10 95=260.86 99=684.03 99.9=1349.63 99.99=2074.62] [UPDATE: Count=258432 Max=12009.47 Min=6.35 Avg=25.71 10=10.04 25=11.41 50=14.53 75=20.45 90=31.14 95=42.43 99=94.53 99.9=2081.79 99.99=8024.06]
2025-04-22 06:51:49 57 sec: 798138 operations; [READ: Count=532290 Max=6402.05 Min=2.10 Avg=75.35 10=10.37 25=17.92 50=34.21 75=92.03 90=141.95 95=257.15 99=677.89 99.9=1342.46 99.99=2065.41] [UPDATE: Count=265848 Max=12009.47 Min=6.35 Avg=25.37 10=10.02 25=11.34 50=14.39 75=20.19 90=30.78 95=41.89 99=93.50 99.9=2027.52 99.99=7950.34]
2025-04-22 06:51:50 58 sec: 820782 operations; [READ: Count=547479 Max=6402.05 Min=2.10 Avg=74.88 10=10.00 25=17.76 50=33.98 75=92.16 90=140.67 95=252.93 99=671.23 99.9=1336.32 99.99=2063.36] [UPDATE: Count=273303 Max=12009.47 Min=6.35 Avg=25.03 10=9.98 25=11.28 50=14.28 75=19.93 90=30.43 95=41.44 99=92.09 99.9=1951.74 99.99=7950.34]
2025-04-22 06:51:51 59 sec: 841275 operations; [READ: Count=561189 Max=6402.05 Min=2.10 Avg=74.65 10=9.70 25=17.61 50=33.76 75=92.22 90=140.16 95=252.16 99=667.65 99.9=1329.15 99.99=2059.26] [UPDATE: Count=280086 Max=12009.47 Min=6.35 Avg=24.75 10=9.95 25=11.21 50=14.17 75=19.73 90=30.11 95=40.99 99=90.88 99.9=1907.71 99.99=7888.90]
2025-04-22 06:51:52 60 sec: 862612 operations; [READ: Count=575496 Max=6402.05 Min=2.10 Avg=74.33 10=9.50 25=17.54 50=33.53 75=92.35 90=139.39 95=249.22 99=662.01 99.9=1323.01 99.99=2051.07] [UPDATE: Count=287116 Max=12009.47 Min=6.35 Avg=24.49 10=9.94 25=11.20 50=14.11 75=19.54 90=29.79 95=40.58 99=89.73 99.9=1857.54 99.99=7651.33]
2025-04-22 06:51:53 61 sec: 883567 operations; [READ: Count=589414 Max=6402.05 Min=2.10 Avg=74.08 10=9.29 25=17.41 50=33.31 75=92.48 90=139.13 95=248.32 99=655.36 99.9=1317.89 99.99=2027.52] [UPDATE: Count=294153 Max=12009.47 Min=6.35 Avg=24.24 10=9.92 25=11.15 50=14.02 75=19.33 90=29.49 95=40.19 99=88.77 99.9=1833.98 99.99=7651.33]
2025-04-22 06:51:54 62 sec: 907052 operations; [READ: Count=605059 Max=6402.05 Min=2.10 Avg=73.62 10=9.09 25=17.30 50=33.09 75=92.54 90=137.98 95=244.35 99=648.70 99.9=1311.74 99.99=2023.42] [UPDATE: Count=301993 Max=12009.47 Min=6.35 Avg=23.95 10=9.89 25=11.11 50=13.93 75=19.10 90=29.18 95=39.74 99=87.68 99.9=1794.05 99.99=7471.10]
2025-04-22 06:51:55 63 sec: 929578 operations; [READ: Count=620066 Max=6402.05 Min=2.10 Avg=73.27 10=8.89 25=17.18 50=32.83 75=92.61 90=137.34 95=241.92 99=642.05 99.9=1306.62 99.99=2020.35] [UPDATE: Count=309512 Max=12009.47 Min=6.35 Avg=23.68 10=9.87 25=11.06 50=13.84 75=18.89 90=28.89 95=39.36 99=86.66 99.9=1742.85 99.99=7467.01]
2025-04-22 06:51:56 64 sec: 950624 operations; [READ: Count=634090 Max=6402.05 Min=2.10 Avg=73.06 10=8.75 25=17.09 50=32.61 75=92.61 90=136.83 95=240.90 99=639.49 99.9=1302.53 99.99=2010.11] [UPDATE: Count=316534 Max=12009.47 Min=6.35 Avg=23.43 10=9.85 25=11.03 50=13.76 75=18.70 90=28.62 95=38.98 99=85.50 99.9=1713.15 99.99=7323.65]
2025-04-22 06:51:57 65 sec: 973335 operations; [READ: Count=649235 Max=6402.05 Min=2.10 Avg=72.71 10=8.63 25=17.01 50=32.35 75=92.67 90=135.94 95=237.57 99=634.88 99.9=1299.45 99.99=1998.85] [UPDATE: Count=324100 Max=12009.47 Min=6.35 Avg=23.23 10=9.84 25=11.02 50=13.72 75=18.54 90=28.37 95=38.66 99=84.80 99.9=1670.14 99.99=7323.65]
2025-04-22 06:51:58 66 sec: 997977 operations; [READ: Count=665671 Max=6402.05 Min=2.10 Avg=72.23 10=8.46 25=16.88 50=32.06 75=92.61 90=135.04 95=234.11 99=627.71 99.9=1290.24 99.99=1985.54] [UPDATE: Count=332306 Max=12009.47 Min=6.35 Avg=22.97 10=9.81 25=10.97 50=13.63 75=18.34 90=28.06 95=38.27 99=83.90 99.9=1582.08 99.99=7290.88]
2025-04-22 06:51:59 67 sec: 1023103 operations; [READ: Count=682432 Max=6402.05 Min=2.10 Avg=71.74 10=8.34 25=16.77 50=31.79 75=92.61 90=133.89 95=230.40 99=620.03 99.9=1283.07 99.99=1982.46] [UPDATE: Count=340671 Max=12009.47 Min=6.35 Avg=22.72 10=9.80 25=10.96 50=13.57 75=18.16 90=27.76 95=37.85 99=82.81 99.9=1539.07 99.99=7274.49]
2025-04-22 06:52:00 68 sec: 1047888 operations; [READ: Count=698929 Max=6402.05 Min=2.10 Avg=71.29 10=8.21 25=16.64 50=31.49 75=92.48 90=132.99 95=227.33 99=614.91 99.9=1274.88 99.99=1978.37] [UPDATE: Count=348959 Max=12009.47 Min=6.35 Avg=22.50 10=9.78 25=10.94 50=13.50 75=18.00 90=27.50 95=37.50 99=82.05 99.9=1505.28 99.99=7102.46]
2025-04-22 06:52:01 69 sec: 1069972 operations; [READ: Count=713658 Max=6402.05 Min=2.10 Avg=71.07 10=8.11 25=16.54 50=31.23 75=92.48 90=132.48 95=226.18 99=612.35 99.9=1270.78 99.99=1975.30] [UPDATE: Count=356314 Max=12009.47 Min=6.35 Avg=22.30 10=9.76 25=10.91 50=13.46 75=17.86 90=27.28 95=37.18 99=81.28 99.9=1456.13 99.99=6991.87]
2025-04-22 06:52:02 70 sec: 1091772 operations; [READ: Count=728258 Max=6402.05 Min=2.10 Avg=70.84 10=8.05 25=16.48 50=30.96 75=92.48 90=132.22 95=225.15 99=607.74 99.9=1264.64 99.99=1959.93] [UPDATE: Count=363514 Max=12009.47 Min=6.35 Avg=22.16 10=9.75 25=10.90 50=13.41 75=17.73 90=27.04 95=36.93 99=80.77 99.9=1419.26 99.99=7102.46]
2025-04-22 06:52:03 71 sec: 1115544 operations; [READ: Count=744124 Max=6402.05 Min=2.10 Avg=70.50 10=7.97 25=16.40 50=30.67 75=92.48 90=131.71 95=222.97 99=602.11 99.9=1259.52 99.99=1955.84] [UPDATE: Count=371420 Max=12009.47 Min=6.35 Avg=21.99 10=9.74 25=10.89 50=13.38 75=17.60 90=26.80 95=36.61 99=80.19 99.9=1389.57 99.99=6991.87]
2025-04-22 06:52:04 72 sec: 1142199 operations; [READ: Count=761840 Max=6402.05 Min=2.10 Avg=70.00 10=7.89 25=16.28 50=30.32 75=92.35 90=130.69 95=219.39 99=595.97 99.9=1253.38 99.99=1951.74] [UPDATE: Count=380359 Max=12009.47 Min=6.35 Avg=21.78 10=9.73 25=10.88 50=13.34 75=17.45 90=26.53 95=36.26 99=79.74 99.9=1354.75 99.99=6934.53]
2025-04-22 06:52:05 73 sec: 1168058 operations; [READ: Count=779086 Max=6402.05 Min=2.10 Avg=69.57 10=7.80 25=16.18 50=29.97 75=92.22 90=129.85 95=216.57 99=590.34 99.9=1248.26 99.99=1948.67] [UPDATE: Count=388972 Max=12009.47 Min=6.35 Avg=21.58 10=9.70 25=10.86 50=13.27 75=17.33 90=26.29 95=35.94 99=79.23 99.9=1323.01 99.99=6885.38]
2025-04-22 06:52:06 74 sec: 1189392 operations; [READ: Count=793322 Max=6402.05 Min=2.10 Avg=69.43 10=7.75 25=16.09 50=29.70 75=92.22 90=129.53 95=215.94 99=591.36 99.9=1251.33 99.99=1948.67] [UPDATE: Count=396070 Max=12009.47 Min=6.35 Avg=21.46 10=9.70 25=10.85 50=13.24 75=17.23 90=26.09 95=35.68 99=78.78 99.9=1292.29 99.99=6885.38]
2025-04-22 06:52:07 75 sec: 1213061 operations; [READ: Count=809012 Max=6402.05 Min=2.10 Avg=69.17 10=7.70 25=16.02 50=29.39 75=92.16 90=128.83 95=213.89 99=588.80 99.9=1255.42 99.99=1940.48] [UPDATE: Count=404049 Max=12009.47 Min=6.35 Avg=21.30 10=9.69 25=10.84 50=13.21 75=17.12 90=25.87 95=35.36 99=78.14 99.9=1272.83 99.99=6885.38]
2025-04-22 06:52:08 76 sec: 1240062 operations; [READ: Count=826961 Max=6402.05 Min=2.10 Avg=68.72 10=7.62 25=15.89 50=29.02 75=92.03 90=128.06 95=210.94 99=583.17 99.9=1250.30 99.99=1936.38] [UPDATE: Count=413101 Max=12009.47 Min=6.35 Avg=21.11 10=9.65 25=10.81 50=13.14 75=17.01 90=25.65 95=35.01 99=77.44 99.9=1250.30 99.99=6803.45]
2025-04-22 06:52:09 77 sec: 1267792 operations; [READ: Count=845465 Max=6402.05 Min=2.10 Avg=68.24 10=7.53 25=15.75 50=28.62 75=91.84 90=127.30 95=208.25 99=577.53 99.9=1243.13 99.99=1930.24] [UPDATE: Count=422327 Max=12009.47 Min=6.35 Avg=20.92 10=9.62 25=10.78 50=13.07 75=16.86 90=25.39 95=34.72 99=76.93 99.9=1240.06 99.99=6770.69]
2025-04-22 06:52:10 78 sec: 1294522 operations; [READ: Count=863263 Max=6402.05 Min=2.10 Avg=67.84 10=7.48 25=15.64 50=28.21 75=91.78 90=126.59 95=206.21 99=571.90 99.9=1240.06 99.99=1926.14] [UPDATE: Count=431259 Max=12009.47 Min=6.35 Avg=20.75 10=9.61 25=10.76 50=13.03 75=16.77 90=25.15 95=34.40 99=76.22 99.9=1216.51 99.99=6664.19]
2025-04-22 06:52:11 79 sec: 1317784 operations; [READ: Count=878686 Max=6402.05 Min=2.10 Avg=67.64 10=7.42 25=15.54 50=27.86 75=91.71 90=126.40 95=205.95 99=570.88 99.9=1236.99 99.99=1922.05] [UPDATE: Count=439098 Max=12009.47 Min=6.35 Avg=20.63 10=9.58 25=10.74 50=12.99 75=16.67 90=24.98 95=34.14 99=75.90 99.9=1188.86 99.99=6651.90]
2025-04-22 06:52:12 80 sec: 1340163 operations; [READ: Count=893530 Max=6402.05 Min=2.10 Avg=67.51 10=7.38 25=15.45 50=27.55 75=91.65 90=126.21 95=205.69 99=570.88 99.9=1233.92 99.99=1917.95] [UPDATE: Count=446633 Max=12009.47 Min=6.34 Avg=20.51 10=9.57 25=10.73 50=12.97 75=16.61 90=24.80 95=33.92 99=75.58 99.9=1167.36 99.99=6631.42]
2025-04-22 06:52:13 81 sec: 1364521 operations; [READ: Count=909787 Max=6402.05 Min=2.10 Avg=67.25 10=7.34 25=15.36 50=27.26 75=91.58 90=125.89 95=204.67 99=567.29 99.9=1228.80 99.99=1893.38] [UPDATE: Count=454734 Max=12009.47 Min=6.34 Avg=20.40 10=9.56 25=10.73 50=12.95 75=16.56 90=24.62 95=33.73 99=75.52 99.9=1150.97 99.99=6631.42]
2025-04-22 06:52:14 82 sec: 1383825 operations; [READ: Count=922653 Max=6402.05 Min=2.10 Avg=67.29 10=7.38 25=15.33 50=27.26 75=91.78 90=125.89 95=204.41 99=564.74 99.9=1222.65 99.99=1893.38] [UPDATE: Count=461172 Max=12009.47 Min=6.34 Avg=20.31 10=9.55 25=10.72 50=12.94 75=16.50 90=24.46 95=33.53 99=75.14 99.9=1141.76 99.99=6590.46]
2025-04-22 06:52:15 83 sec: 1400649 operations; [READ: Count=933873 Max=6402.05 Min=2.10 Avg=67.45 10=7.41 25=15.32 50=27.31 75=92.03 90=126.33 95=205.18 99=562.69 99.9=1219.58 99.99=1889.28] [UPDATE: Count=466776 Max=12009.47 Min=6.34 Avg=20.24 10=9.56 25=10.73 50=12.93 75=16.46 90=24.37 95=33.38 99=74.69 99.9=1123.33 99.99=6520.83]
2025-04-22 06:52:16 84 sec: 1416131 operations; [READ: Count=944157 Max=6402.05 Min=2.10 Avg=67.65 10=7.43 25=15.34 50=27.34 75=92.29 90=126.91 95=206.34 99=563.71 99.9=1216.51 99.99=1888.26] [UPDATE: Count=471974 Max=12009.47 Min=6.34 Avg=20.23 10=9.57 25=10.74 50=12.95 75=16.48 90=24.29 95=33.25 99=74.43 99.9=1123.33 99.99=6520.83]
2025-04-22 06:52:17 85 sec: 1431609 operations; [READ: Count=954484 Max=10665.98 Min=2.10 Avg=67.86 10=7.46 25=15.36 50=27.33 75=92.42 90=127.30 95=207.36 99=565.76 99.9=1220.61 99.99=1888.26] [UPDATE: Count=477125 Max=12009.47 Min=6.34 Avg=20.21 10=9.58 25=10.75 50=12.97 75=16.50 90=24.21 95=33.12 99=74.05 99.9=1122.30 99.99=6500.35]
2025-04-22 06:52:18 86 sec: 1447277 operations; [READ: Count=964872 Max=10665.98 Min=2.10 Avg=68.04 10=7.49 25=15.39 50=27.36 75=92.54 90=128.06 95=209.41 99=565.25 99.9=1216.51 99.99=1887.23] [UPDATE: Count=482405 Max=12009.47 Min=6.34 Avg=20.22 10=9.59 25=10.76 50=12.99 75=16.53 90=24.16 95=32.99 99=73.86 99.9=1122.30 99.99=6500.35]
2025-04-22 06:52:19 87 sec: 1461534 operations; [READ: Count=974370 Max=10665.98 Min=2.10 Avg=68.28 10=7.51 25=15.43 50=27.47 75=92.80 90=128.70 95=210.94 99=565.25 99.9=1214.46 99.99=1886.21] [UPDATE: Count=487164 Max=12009.47 Min=6.34 Avg=20.23 10=9.60 25=10.78 50=13.02 75=16.56 90=24.11 95=32.90 99=73.79 99.9=1130.49 99.99=6434.81]
2025-04-22 06:52:20 88 sec: 1474306 operations; [READ: Count=982853 Max=10665.98 Min=2.10 Avg=68.61 10=7.54 25=15.47 50=27.61 75=93.06 90=129.60 95=213.50 99=565.25 99.9=1213.44 99.99=1882.11] [UPDATE: Count=491453 Max=12009.47 Min=6.34 Avg=20.23 10=9.61 25=10.78 50=13.03 75=16.57 90=24.06 95=32.80 99=73.73 99.9=1141.76 99.99=6434.81]
2025-04-22 06:52:21 89 sec: 1483088 operations; [READ: Count=988703 Max=10665.98 Min=2.10 Avg=69.14 10=7.55 25=15.50 50=27.76 75=93.25 90=130.56 95=217.09 99=571.90 99.9=1224.70 99.99=1889.28] [UPDATE: Count=494385 Max=12009.47 Min=6.34 Avg=20.26 10=9.62 25=10.79 50=13.05 75=16.61 90=24.05 95=32.75 99=73.73 99.9=1144.83 99.99=6434.81]
2025-04-22 06:52:22 90 sec: 1493140 operations; [READ: Count=995348 Max=10665.98 Min=2.10 Avg=69.60 10=7.57 25=15.54 50=27.92 75=93.44 90=131.71 95=220.67 99=576.00 99.9=1230.85 99.99=1889.28] [UPDATE: Count=497792 Max=12009.47 Min=6.34 Avg=20.27 10=9.62 25=10.80 50=13.08 75=16.64 90=24.03 95=32.69 99=73.73 99.9=1142.78 99.99=6361.09]
2025-04-22 06:52:23 91 sec: 1500084 operations; [READ: Count=1000000 Max=10665.98 Min=2.10 Avg=70.09 10=7.58 25=15.57 50=28.06 75=93.63 90=132.61 95=224.38 99=582.65 99.9=1241.09 99.99=1925.12] [UPDATE: Count=500084 Max=12009.47 Min=6.34 Avg=20.29 10=9.63 25=10.81 50=13.10 75=16.66 90=24.03 95=32.66 99=73.79 99.9=1144.83 99.99=6361.09]
Run runtime(sec): 91.0439
Run operations(ops): 1000000
Run throughput(ops/sec): 10983.7
