Running scope as unit: run-r2c68ebadc48b488b94c9bcc35639f5eb.scope
load file:/home/user/DataFiles/silesia_data/silesia.tar
2025-04-21 21:21:27 0 sec: 0 operations;
2025-04-21 21:21:28 1 sec: 38212 operations; [INSERT: Count=38212 Max=5160.96 Min=4.61 Avg=22.32 10=9.19 25=12.41 50=18.75 75=28.34 90=39.84 95=47.10 99=63.42 99.9=121.73 99.99=329.98]
2025-04-21 21:21:29 2 sec: 69787 operations; [INSERT: Count=69787 Max=5160.96 Min=4.61 Avg=25.06 10=10.63 25=15.00 50=21.86 75=31.97 90=43.26 95=50.66 99=65.66 99.9=109.82 99.99=352.00]
2025-04-21 21:21:30 3 sec: 101576 operations; [INSERT: Count=101576 Max=5160.96 Min=4.61 Avg=26.03 10=11.55 25=16.06 50=22.96 75=33.02 90=44.09 95=51.26 99=65.86 99.9=103.87 99.99=368.64]
2025-04-21 21:21:31 4 sec: 133992 operations; [INSERT: Count=133992 Max=5160.96 Min=4.61 Avg=26.40 10=12.15 25=16.61 50=23.45 75=33.28 90=44.19 95=51.23 99=65.47 99.9=102.33 99.99=359.68]
2025-04-21 21:21:32 5 sec: 166457 operations; [INSERT: Count=166457 Max=5160.96 Min=4.61 Avg=26.61 10=12.54 25=16.91 50=23.68 75=33.47 90=44.26 95=51.23 99=65.34 99.9=97.34 99.99=357.63]
2025-04-21 21:21:33 6 sec: 199569 operations; [INSERT: Count=199569 Max=16695.29 Min=4.61 Avg=26.65 10=12.73 25=16.96 50=23.63 75=33.28 90=43.94 95=50.85 99=65.12 99.9=100.73 99.99=372.99]
2025-04-21 21:21:34 7 sec: 234540 operations; [INSERT: Count=234540 Max=16695.29 Min=4.61 Avg=26.43 10=12.83 25=16.91 50=23.47 75=32.96 90=43.39 95=50.21 99=64.32 99.9=99.58 99.99=368.64]
2025-04-21 21:21:35 8 sec: 268595 operations; [INSERT: Count=268595 Max=16695.29 Min=4.61 Avg=26.38 10=12.95 25=16.96 50=23.45 75=32.86 90=43.17 95=49.89 99=63.84 99.9=96.00 99.99=359.42]
2025-04-21 21:21:36 9 sec: 303302 operations; [INSERT: Count=303302 Max=16695.29 Min=4.61 Avg=26.28 10=13.02 25=16.96 50=23.38 75=32.67 90=42.85 95=49.50 99=63.42 99.9=95.42 99.99=356.10]
2025-04-21 21:21:37 10 sec: 337839 operations; [INSERT: Count=337839 Max=16695.29 Min=4.61 Avg=26.21 10=13.10 25=16.98 50=23.34 75=32.54 90=42.62 95=49.22 99=63.04 99.9=94.53 99.99=352.00]
2025-04-21 21:21:38 11 sec: 372680 operations; [INSERT: Count=372680 Max=16695.29 Min=4.61 Avg=26.13 10=13.14 25=16.98 50=23.28 75=32.41 90=42.43 95=48.96 99=62.75 99.9=93.63 99.99=349.95]
2025-04-21 21:21:39 12 sec: 407978 operations; [INSERT: Count=407978 Max=16695.29 Min=4.61 Avg=26.03 10=13.18 25=16.94 50=23.20 75=32.26 90=42.17 95=48.67 99=62.37 99.9=92.54 99.99=350.46]
2025-04-21 21:21:40 13 sec: 443042 operations; [INSERT: Count=443042 Max=16695.29 Min=4.61 Avg=25.96 10=13.22 25=16.96 50=23.15 75=32.16 90=41.98 95=48.41 99=62.05 99.9=91.52 99.99=350.46]
2025-04-21 21:21:41 14 sec: 477213 operations; [INSERT: Count=477213 Max=16695.29 Min=4.61 Avg=25.96 10=13.19 25=16.93 50=23.14 75=32.16 90=41.98 95=48.45 99=62.11 99.9=91.58 99.99=352.00]
2025-04-21 21:21:42 15 sec: 495971 operations; [INSERT: Count=495971 Max=16695.29 Min=4.61 Avg=26.78 10=13.30 25=17.14 50=23.60 75=33.05 90=43.62 95=51.01 99=69.25 99.9=116.73 99.99=353.54]
2025-04-21 21:21:43 16 sec: 514122 operations; [INSERT: Count=514122 Max=16695.29 Min=4.61 Avg=27.58 10=13.41 25=17.33 50=24.03 75=33.92 90=45.22 95=53.60 99=76.73 99.9=138.50 99.99=357.63]
2025-04-21 21:21:44 17 sec: 532869 operations; [INSERT: Count=532869 Max=16695.29 Min=4.61 Avg=28.28 10=13.52 25=17.54 50=24.46 75=34.75 90=46.78 95=56.00 99=81.66 99.9=138.50 99.99=359.68]
2025-04-21 21:21:45 18 sec: 550704 operations; [INSERT: Count=550704 Max=16695.29 Min=4.61 Avg=29.00 10=13.62 25=17.73 50=24.91 75=35.62 90=48.38 95=58.53 99=85.69 99.9=140.54 99.99=366.85]
2025-04-21 21:21:46 19 sec: 566962 operations; [INSERT: Count=566962 Max=16695.29 Min=4.61 Avg=29.77 10=13.70 25=17.89 50=25.31 75=36.35 90=49.89 95=60.90 99=90.37 99.9=176.64 99.99=380.67]
2025-04-21 21:21:47 20 sec: 585883 operations; [INSERT: Count=585883 Max=16695.29 Min=4.61 Avg=30.35 10=13.79 25=18.08 50=25.70 75=37.02 90=51.07 95=62.59 99=93.25 99.9=199.55 99.99=437.50]
2025-04-21 21:21:48 21 sec: 606146 operations; [INSERT: Count=606146 Max=16695.29 Min=4.61 Avg=30.80 10=13.86 25=18.22 50=26.00 75=37.50 90=52.00 95=64.00 99=96.13 99.9=206.46 99.99=550.91]
2025-04-21 21:21:49 22 sec: 625939 operations; [INSERT: Count=625939 Max=16695.29 Min=4.61 Avg=31.25 10=13.95 25=18.40 50=26.35 75=38.08 90=52.99 95=65.28 99=97.53 99.9=207.74 99.99=612.86]
2025-04-21 21:21:50 23 sec: 645620 operations; [INSERT: Count=645620 Max=16695.29 Min=4.61 Avg=31.68 10=14.04 25=18.57 50=26.69 75=38.62 90=53.85 95=66.43 99=99.20 99.9=209.66 99.99=645.63]
2025-04-21 21:21:51 24 sec: 664183 operations; [INSERT: Count=664183 Max=17956.86 Min=4.61 Avg=32.14 10=14.13 25=18.73 50=27.01 75=39.17 90=54.62 95=67.39 99=99.97 99.9=210.30 99.99=709.63]
2025-04-21 21:21:52 25 sec: 683337 operations; [INSERT: Count=683337 Max=17956.86 Min=4.61 Avg=32.55 10=14.22 25=18.93 50=27.39 75=39.74 90=55.55 95=68.42 99=100.22 99.9=208.25 99.99=690.69]
2025-04-21 21:21:53 26 sec: 701384 operations; [INSERT: Count=701384 Max=17956.86 Min=4.61 Avg=32.99 10=14.30 25=19.10 50=27.73 75=40.35 90=56.54 95=69.57 99=101.76 99.9=210.05 99.99=709.63]
2025-04-21 21:21:54 27 sec: 719396 operations; [INSERT: Count=719396 Max=17956.86 Min=4.61 Avg=33.42 10=14.38 25=19.28 50=28.08 75=40.93 90=57.44 95=70.66 99=103.17 99.9=213.63 99.99=772.61]
2025-04-21 21:21:55 28 sec: 737280 operations; [INSERT: Count=737280 Max=17956.86 Min=4.61 Avg=33.83 10=14.47 25=19.44 50=28.41 75=41.44 90=58.30 95=71.68 99=105.09 99.9=219.90 99.99=780.80]
2025-04-21 21:21:56 29 sec: 755091 operations; [INSERT: Count=755091 Max=17956.86 Min=4.61 Avg=34.23 10=14.55 25=19.60 50=28.75 75=41.98 90=59.13 95=72.70 99=106.24 99.9=222.59 99.99=796.67]
2025-04-21 21:21:57 30 sec: 781183 operations; [INSERT: Count=781183 Max=17956.86 Min=4.61 Avg=34.25 10=14.58 25=19.65 50=28.75 75=41.98 90=59.04 95=72.58 99=106.94 99.9=224.51 99.99=804.86]
2025-04-21 21:21:58 31 sec: 807801 operations; [INSERT: Count=807801 Max=17956.86 Min=4.61 Avg=34.25 10=14.65 25=19.71 50=28.78 75=41.98 90=58.91 95=72.32 99=106.69 99.9=223.49 99.99=804.86]
2025-04-21 21:21:59 32 sec: 832464 operations; [INSERT: Count=832464 Max=17956.86 Min=4.61 Avg=34.33 10=14.71 25=19.81 50=28.86 75=42.08 90=58.94 95=72.25 99=107.20 99.9=223.23 99.99=813.57]
2025-04-21 21:22:00 33 sec: 856805 operations; [INSERT: Count=856805 Max=17956.86 Min=4.61 Avg=34.43 10=14.74 25=19.84 50=28.89 75=42.14 90=59.04 95=72.45 99=108.42 99.9=227.71 99.99=851.46]
2025-04-21 21:22:01 34 sec: 882217 operations; [INSERT: Count=882217 Max=17956.86 Min=4.61 Avg=34.48 10=14.78 25=19.90 50=28.93 75=42.17 90=59.04 95=72.45 99=108.99 99.9=230.27 99.99=872.45]
2025-04-21 21:22:02 35 sec: 910764 operations; [INSERT: Count=910764 Max=17956.86 Min=4.61 Avg=34.39 10=14.81 25=19.92 50=28.89 75=42.05 90=58.75 95=72.00 99=108.35 99.9=225.92 99.99=872.45]
2025-04-21 21:22:03 36 sec: 932764 operations; [INSERT: Count=932764 Max=17956.86 Min=4.61 Avg=34.54 10=14.85 25=19.98 50=29.01 75=42.24 90=59.01 95=72.32 99=109.18 99.9=227.97 99.99=881.66]
2025-04-21 21:22:04 37 sec: 954187 operations; [INSERT: Count=954187 Max=17956.86 Min=4.61 Avg=34.69 10=14.91 25=20.09 50=29.15 75=42.43 90=59.23 95=72.58 99=109.57 99.9=230.14 99.99=908.80]
2025-04-21 21:22:05 38 sec: 986760 operations; [INSERT: Count=986760 Max=17956.86 Min=4.61 Avg=34.45 10=14.78 25=19.90 50=28.91 75=42.11 90=58.85 95=72.13 99=108.99 99.9=231.17 99.99=933.89]
2025-04-21 21:22:06 39 sec: 1000000 operations; [INSERT: Count=1000000 Max=17956.86 Min=4.61 Avg=34.25 10=14.60 25=19.71 50=28.69 75=41.92 90=58.66 95=71.94 99=108.73 99.9=231.17 99.99=933.89]
2025-04-21 21:22:07 40 sec: 1000000 operations; [INSERT: Count=1000000 Max=17956.86 Min=4.61 Avg=34.25 10=14.60 25=19.71 50=28.69 75=41.92 90=58.66 95=71.94 99=108.73 99.9=231.17 99.99=933.89]
2025-04-21 21:22:08 40 sec: 1000000 operations; [INSERT: Count=1000000 Max=17956.86 Min=4.61 Avg=34.25 10=14.60 25=19.71 50=28.69 75=41.92 90=58.66 95=71.94 99=108.73 99.9=231.17 99.99=933.89]
Load runtime(sec): 40.9491
Load operations(ops): 1000000
Load throughput(ops/sec): 24420.6
