Running scope as unit: run-rd297c5b995ff4ca4b63d79bb135124a2.scope
load file:/home/user/DataFiles/silesia_data/silesia.tar
2025-04-21 21:21:28 0 sec: 0 operations;
2025-04-21 21:21:29 1 sec: 16697 operations; [INSERT: Count=16697 Max=18890.75 Min=6.38 Avg=50.51 10=21.71 25=30.03 50=43.39 75=62.81 90=84.73 95=99.45 99=129.79 99.9=171.90 99.99=735.23]
2025-04-21 21:21:30 2 sec: 35440 operations; [INSERT: Count=35440 Max=18890.75 Min=6.38 Avg=50.26 10=22.18 25=30.45 50=43.84 75=63.36 90=84.86 95=99.20 99=130.18 99.9=172.67 99.99=732.67]
2025-04-21 21:21:31 3 sec: 54231 operations; [INSERT: Count=54231 Max=18890.75 Min=6.38 Avg=50.14 10=22.38 25=30.66 50=44.00 75=63.36 90=84.86 95=98.75 99=129.09 99.9=171.90 99.99=732.67]
2025-04-21 21:21:32 4 sec: 73055 operations; [INSERT: Count=73055 Max=18890.75 Min=6.38 Avg=50.05 10=22.50 25=30.73 50=44.03 75=63.26 90=84.61 95=98.43 99=128.32 99.9=170.75 99.99=709.63]
2025-04-21 21:21:33 5 sec: 92184 operations; [INSERT: Count=92184 Max=18890.75 Min=6.38 Avg=49.82 10=22.45 25=30.67 50=43.90 75=62.91 90=84.22 95=98.11 99=127.74 99.9=170.11 99.99=693.76]
2025-04-21 21:21:34 6 sec: 112240 operations; [INSERT: Count=112240 Max=18890.75 Min=6.38 Avg=49.23 10=22.11 25=30.25 50=43.33 75=62.05 90=82.94 95=96.83 99=125.95 99.9=168.83 99.99=685.57]
2025-04-21 21:21:35 7 sec: 133029 operations; [INSERT: Count=133029 Max=34766.85 Min=6.38 Avg=48.54 10=21.57 25=29.60 50=42.46 75=60.96 90=81.60 95=95.36 99=124.61 99.9=167.55 99.99=678.91]
2025-04-21 21:21:36 8 sec: 152924 operations; [INSERT: Count=152924 Max=34766.85 Min=6.38 Avg=48.33 10=21.57 25=29.55 50=42.37 75=60.73 90=81.28 95=95.04 99=124.09 99.9=167.55 99.99=583.68]
2025-04-21 21:21:37 9 sec: 172320 operations; [INSERT: Count=172320 Max=34766.85 Min=6.38 Avg=48.32 10=21.65 25=29.61 50=42.40 75=60.80 90=81.28 95=95.10 99=123.71 99.9=166.66 99.99=583.68]
2025-04-21 21:21:38 10 sec: 191906 operations; [INSERT: Count=191906 Max=34766.85 Min=6.38 Avg=48.26 10=21.68 25=29.61 50=42.37 75=60.77 90=81.15 95=95.04 99=123.65 99.9=166.14 99.99=583.17]
2025-04-21 21:21:39 11 sec: 211305 operations; [INSERT: Count=211305 Max=34766.85 Min=6.38 Avg=48.25 10=21.71 25=29.66 50=42.43 75=60.77 90=81.15 95=94.97 99=123.58 99.9=166.78 99.99=600.58]
2025-04-21 21:21:40 12 sec: 231225 operations; [INSERT: Count=231225 Max=34766.85 Min=6.38 Avg=48.13 10=21.65 25=29.58 50=42.37 75=60.67 90=80.96 95=94.85 99=123.26 99.9=166.66 99.99=600.58]
2025-04-21 21:21:41 13 sec: 251907 operations; [INSERT: Count=251907 Max=34766.85 Min=6.38 Avg=47.88 10=21.49 25=29.34 50=41.98 75=60.16 90=80.32 95=94.02 99=122.37 99.9=168.19 99.99=600.58]
2025-04-21 21:21:42 14 sec: 269475 operations; [INSERT: Count=269475 Max=34766.85 Min=6.38 Avg=48.25 10=21.68 25=29.63 50=42.40 75=60.64 90=80.96 95=94.78 99=123.20 99.9=168.45 99.99=608.77]
2025-04-21 21:21:43 15 sec: 286372 operations; [INSERT: Count=286372 Max=34766.85 Min=6.38 Avg=48.69 10=21.89 25=29.95 50=42.81 75=61.22 90=81.79 95=95.68 99=124.22 99.9=168.70 99.99=611.84]
2025-04-21 21:21:44 16 sec: 303162 operations; [INSERT: Count=303162 Max=34766.85 Min=6.38 Avg=49.11 10=22.06 25=30.22 50=43.20 75=61.70 90=82.56 95=96.58 99=125.76 99.9=175.10 99.99=655.36]
2025-04-21 21:21:45 17 sec: 319686 operations; [INSERT: Count=319686 Max=34766.85 Min=6.38 Avg=49.52 10=22.27 25=30.53 50=43.58 75=62.27 90=83.26 95=97.34 99=126.66 99.9=175.62 99.99=639.49]
2025-04-21 21:21:46 18 sec: 336235 operations; [INSERT: Count=336235 Max=34766.85 Min=6.38 Avg=49.89 10=22.41 25=30.72 50=43.84 75=62.66 90=83.84 95=97.92 99=127.68 99.9=178.30 99.99=693.76]
2025-04-21 21:21:47 19 sec: 352428 operations; [INSERT: Count=352428 Max=34766.85 Min=6.38 Avg=50.28 10=22.54 25=30.91 50=44.13 75=63.01 90=84.48 95=98.75 99=129.22 99.9=185.22 99.99=732.67]
2025-04-21 21:21:48 20 sec: 368566 operations; [INSERT: Count=368566 Max=34766.85 Min=6.38 Avg=50.64 10=22.53 25=30.96 50=44.29 75=63.39 90=85.31 95=100.16 99=132.74 99.9=200.96 99.99=766.98]
2025-04-21 21:21:49 21 sec: 385702 operations; [INSERT: Count=385702 Max=34766.85 Min=6.38 Avg=50.84 10=22.57 25=31.07 50=44.45 75=63.62 90=85.69 95=100.73 99=133.63 99.9=204.16 99.99=789.50]
2025-04-21 21:21:50 22 sec: 403265 operations; [INSERT: Count=403265 Max=34766.85 Min=6.35 Avg=50.96 10=22.57 25=31.09 50=44.51 75=63.71 90=86.02 95=101.12 99=134.78 99.9=211.20 99.99=835.07]
2025-04-21 21:21:51 23 sec: 420497 operations; [INSERT: Count=420497 Max=34766.85 Min=6.22 Avg=51.11 10=22.56 25=31.07 50=44.48 75=63.74 90=86.08 95=101.25 99=135.04 99.9=215.55 99.99=879.62]
2025-04-21 21:21:52 24 sec: 437876 operations; [INSERT: Count=437876 Max=34766.85 Min=6.22 Avg=51.23 10=22.62 25=31.17 50=44.61 75=63.87 90=86.21 95=101.38 99=134.91 99.9=214.14 99.99=873.98]
2025-04-21 21:21:53 25 sec: 454283 operations; [INSERT: Count=454283 Max=34766.85 Min=6.22 Avg=51.46 10=22.72 25=31.31 50=44.83 75=64.16 90=86.59 95=101.82 99=135.55 99.9=215.81 99.99=915.46]
2025-04-21 21:21:54 26 sec: 471698 operations; [INSERT: Count=471698 Max=34766.85 Min=5.48 Avg=51.56 10=22.73 25=31.38 50=44.90 75=64.32 90=86.85 95=102.08 99=136.06 99.9=215.55 99.99=924.16]
2025-04-21 21:21:55 27 sec: 488851 operations; [INSERT: Count=488851 Max=34766.85 Min=5.48 Avg=51.67 10=22.73 25=31.38 50=44.96 75=64.38 90=87.04 95=102.46 99=136.96 99.9=222.21 99.99=997.38]
2025-04-21 21:21:56 28 sec: 506190 operations; [INSERT: Count=506190 Max=34766.85 Min=5.48 Avg=51.76 10=22.73 25=31.41 50=45.02 75=64.51 90=87.30 95=102.78 99=137.98 99.9=225.92 99.99=970.75]
2025-04-21 21:21:57 29 sec: 521858 operations; [INSERT: Count=521858 Max=34766.85 Min=5.48 Avg=52.02 10=22.72 25=31.41 50=45.05 75=64.64 90=87.49 95=103.17 99=139.13 99.9=230.91 99.99=1098.75]
2025-04-21 21:21:58 30 sec: 539009 operations; [INSERT: Count=539009 Max=34766.85 Min=5.48 Avg=52.12 10=22.70 25=31.42 50=45.09 75=64.73 90=87.74 95=103.61 99=140.29 99.9=237.06 99.99=1100.80]
2025-04-21 21:21:59 31 sec: 556519 operations; [INSERT: Count=556519 Max=34766.85 Min=5.48 Avg=52.17 10=22.73 25=31.45 50=45.15 75=64.83 90=87.87 95=103.74 99=140.54 99.9=239.49 99.99=1100.80]
2025-04-21 21:22:00 32 sec: 573456 operations; [INSERT: Count=573456 Max=34766.85 Min=5.48 Avg=52.27 10=22.70 25=31.44 50=45.15 75=64.93 90=88.13 95=104.19 99=142.08 99.9=248.06 99.99=1139.71]
2025-04-21 21:22:01 33 sec: 590549 operations; [INSERT: Count=590549 Max=34766.85 Min=5.48 Avg=52.35 10=22.59 25=31.36 50=45.12 75=64.99 90=88.45 95=104.89 99=144.13 99.9=257.79 99.99=1140.73]
2025-04-21 21:22:02 34 sec: 608220 operations; [INSERT: Count=608220 Max=34766.85 Min=5.48 Avg=52.38 10=22.59 25=31.38 50=45.15 75=65.06 90=88.58 95=104.96 99=144.25 99.9=257.66 99.99=1143.81]
2025-04-21 21:22:03 35 sec: 625727 operations; [INSERT: Count=625727 Max=34766.85 Min=5.48 Avg=52.42 10=22.64 25=31.42 50=45.22 75=65.12 90=88.64 95=105.02 99=144.13 99.9=254.97 99.99=1140.73]
2025-04-21 21:22:04 36 sec: 643140 operations; [INSERT: Count=643140 Max=34766.85 Min=5.48 Avg=52.46 10=22.61 25=31.42 50=45.22 75=65.15 90=88.77 95=105.22 99=144.64 99.9=257.66 99.99=1145.86]
2025-04-21 21:22:05 37 sec: 661262 operations; [INSERT: Count=661262 Max=34766.85 Min=5.48 Avg=52.44 10=22.59 25=31.39 50=45.18 75=65.15 90=88.77 95=105.28 99=144.77 99.9=258.05 99.99=1155.07]
2025-04-21 21:22:06 38 sec: 680234 operations; [INSERT: Count=680234 Max=34766.85 Min=5.48 Avg=52.36 10=22.51 25=31.30 50=45.09 75=65.06 90=88.64 95=105.15 99=144.64 99.9=258.05 99.99=1179.65]
2025-04-21 21:22:07 39 sec: 703764 operations; [INSERT: Count=703764 Max=34766.85 Min=5.48 Avg=51.91 10=22.22 25=30.98 50=44.70 75=64.54 90=88.06 95=104.51 99=143.87 99.9=258.05 99.99=1178.62]
2025-04-21 21:22:08 40 sec: 738125 operations; [INSERT: Count=738125 Max=34766.85 Min=5.48 Avg=50.70 10=20.99 25=29.76 50=43.49 75=63.30 90=86.91 95=103.42 99=142.59 99.9=252.67 99.99=1197.06]
2025-04-21 21:22:09 41 sec: 777291 operations; [INSERT: Count=777291 Max=34766.85 Min=5.48 Avg=49.26 10=19.41 25=28.25 50=42.05 75=61.92 90=85.69 95=102.21 99=141.44 99.9=246.53 99.99=1197.06]
2025-04-21 21:22:10 42 sec: 821320 operations; [INSERT: Count=821320 Max=34766.85 Min=5.48 Avg=47.66 10=17.65 25=26.50 50=40.41 75=60.41 90=84.35 95=100.93 99=140.16 99.9=241.15 99.99=1164.29]
2025-04-21 21:22:11 43 sec: 866840 operations; [INSERT: Count=866840 Max=34766.85 Min=5.35 Avg=46.13 10=16.13 25=24.77 50=38.85 75=58.94 90=83.01 95=99.65 99=138.88 99.9=236.16 99.99=1143.81]
2025-04-21 21:22:12 44 sec: 920865 operations; [INSERT: Count=920865 Max=34766.85 Min=4.45 Avg=44.32 10=14.20 25=22.53 50=36.99 75=57.25 90=81.47 95=98.30 99=137.60 99.9=230.91 99.99=1143.81]
2025-04-21 21:22:13 45 sec: 975818 operations; [INSERT: Count=975818 Max=34766.85 Min=4.45 Avg=42.66 10=12.86 25=20.51 50=35.20 75=55.62 90=80.06 95=97.02 99=136.32 99.9=229.25 99.99=1140.73]
2025-04-21 21:22:13 45 sec: 1000000 operations; [INSERT: Count=1000000 Max=34766.85 Min=4.33 Avg=42.01 10=12.33 25=19.66 50=34.40 75=54.94 90=79.49 95=96.45 99=135.81 99.9=229.38 99.99=1155.07]
Load runtime(sec): 45.6157
Load operations(ops): 1000000
Load throughput(ops/sec): 21922.3
