Running scope as unit: run-r168978d6e21d4e5bbcc78fda60299bd9.scope
load file:/home/user/DataFiles/silesia_data/silesia.tar
2025-04-22 06:21:16 0 sec: 0 operations;
2025-04-22 06:21:17 1 sec: 42017 operations; [INSERT: Count=42017 Max=5664.77 Min=4.38 Avg=20.04 10=8.86 25=11.72 50=17.07 75=25.17 90=34.98 95=41.38 99=54.34 99.9=93.12 99.99=243.58]
2025-04-22 06:21:18 2 sec: 78947 operations; [INSERT: Count=78947 Max=5664.77 Min=4.38 Avg=21.79 10=10.02 25=13.54 50=19.10 75=27.52 90=36.73 95=42.69 99=54.78 99.9=80.51 99.99=250.62]
2025-04-22 06:21:19 3 sec: 118273 operations; [INSERT: Count=118273 Max=5664.77 Min=4.38 Avg=21.90 10=10.60 25=13.99 50=19.42 75=27.47 90=36.19 95=41.85 99=53.44 99.9=80.13 99.99=251.26]
2025-04-22 06:21:20 4 sec: 159649 operations; [INSERT: Count=159649 Max=5664.77 Min=4.38 Avg=21.63 10=10.81 25=14.03 50=19.25 75=26.98 90=35.33 95=40.77 99=52.16 99.9=77.44 99.99=253.31]
2025-04-22 06:21:21 5 sec: 201881 operations; [INSERT: Count=201881 Max=5664.77 Min=4.38 Avg=21.37 10=10.93 25=14.01 50=19.04 75=26.54 90=34.59 95=39.87 99=51.07 99.9=76.99 99.99=256.51]
2025-04-22 06:21:22 6 sec: 243497 operations; [INSERT: Count=243497 Max=23478.27 Min=4.38 Avg=21.25 10=10.97 25=13.95 50=18.85 75=26.19 90=34.02 95=39.23 99=50.40 99.9=79.81 99.99=256.51]
2025-04-22 06:21:23 7 sec: 285920 operations; [INSERT: Count=285920 Max=23478.27 Min=4.38 Avg=21.10 10=11.01 25=13.90 50=18.69 75=25.89 90=33.50 95=38.62 99=49.60 99.9=77.31 99.99=253.44]
2025-04-22 06:21:24 8 sec: 330066 operations; [INSERT: Count=330066 Max=23478.27 Min=4.38 Avg=20.86 10=11.01 25=13.82 50=18.50 75=25.55 90=33.02 95=38.02 99=48.93 99.9=76.93 99.99=253.31]
2025-04-22 06:21:25 9 sec: 374982 operations; [INSERT: Count=374982 Max=23478.27 Min=4.38 Avg=20.63 10=10.99 25=13.74 50=18.32 75=25.23 90=32.53 95=37.47 99=48.29 99.9=75.14 99.99=252.03]
2025-04-22 06:21:26 10 sec: 419775 operations; [INSERT: Count=419775 Max=23478.27 Min=4.38 Avg=20.46 10=10.99 25=13.69 50=18.19 75=24.99 90=32.17 95=36.99 99=47.68 99.9=74.17 99.99=250.62]
2025-04-22 06:21:27 11 sec: 454299 operations; [INSERT: Count=454299 Max=23478.27 Min=4.38 Avg=20.83 10=11.06 25=13.78 50=18.37 75=25.26 90=32.69 95=37.82 99=50.34 99.9=99.01 99.99=254.85]
2025-04-22 06:21:28 12 sec: 472085 operations; [INSERT: Count=472085 Max=23478.27 Min=4.38 Avg=21.94 10=11.13 25=13.94 50=18.75 75=26.16 90=34.72 95=41.70 99=68.42 99.9=127.30 99.99=257.54]
2025-04-22 06:21:29 13 sec: 489295 operations; [INSERT: Count=489295 Max=23478.27 Min=4.38 Avg=23.01 10=11.21 25=14.10 50=19.15 75=27.07 90=37.02 95=46.62 99=80.51 99.9=136.45 99.99=263.68]
2025-04-22 06:21:30 14 sec: 506198 operations; [INSERT: Count=506198 Max=23478.27 Min=4.38 Avg=24.01 10=11.29 25=14.25 50=19.55 75=27.98 90=39.58 95=52.00 99=87.94 99.9=145.15 99.99=274.43]
2025-04-22 06:21:31 15 sec: 524046 operations; [INSERT: Count=524046 Max=23478.27 Min=4.38 Avg=24.91 10=11.37 25=14.40 50=19.95 75=28.88 90=42.08 95=56.22 99=92.42 99.9=156.80 99.99=510.21]
2025-04-22 06:21:32 16 sec: 548996 operations; [INSERT: Count=548996 Max=23478.27 Min=4.38 Avg=25.41 10=11.45 25=14.56 50=20.29 75=29.52 90=43.49 95=57.79 99=93.25 99.9=162.05 99.99=609.79]
2025-04-22 06:21:33 17 sec: 581150 operations; [INSERT: Count=581150 Max=23478.27 Min=4.38 Avg=25.54 10=11.49 25=14.62 50=20.38 75=29.61 90=43.39 95=57.25 99=92.73 99.9=165.63 99.99=657.92]
2025-04-22 06:21:34 18 sec: 620290 operations; [INSERT: Count=620290 Max=23478.27 Min=4.38 Avg=25.34 10=11.50 25=14.61 50=20.34 75=29.45 90=42.66 95=56.03 99=91.52 99.9=164.09 99.99=642.05]
2025-04-22 06:21:35 19 sec: 653470 operations; [INSERT: Count=653470 Max=23478.27 Min=4.38 Avg=25.41 10=11.57 25=14.72 50=20.51 75=29.68 90=42.72 95=55.55 99=90.37 99.9=160.77 99.99=629.76]
2025-04-22 06:21:36 20 sec: 683556 operations; [INSERT: Count=683556 Max=23478.27 Min=4.38 Avg=25.60 10=11.65 25=14.86 50=20.77 75=30.06 90=43.23 95=55.62 99=89.47 99.9=156.93 99.99=617.47]
2025-04-22 06:21:37 21 sec: 714461 operations; [INSERT: Count=714461 Max=23478.27 Min=4.38 Avg=25.75 10=11.73 25=14.98 50=20.98 75=30.37 90=43.55 95=55.58 99=88.89 99.9=154.37 99.99=609.79]
2025-04-22 06:21:38 22 sec: 745219 operations; [INSERT: Count=745219 Max=23478.27 Min=4.38 Avg=25.89 10=11.81 25=15.10 50=21.17 75=30.62 90=43.77 95=55.58 99=88.51 99.9=154.37 99.99=609.79]
2025-04-22 06:21:39 23 sec: 781394 operations; [INSERT: Count=781394 Max=23478.27 Min=4.38 Avg=25.82 10=11.81 25=15.09 50=21.12 75=30.53 90=43.52 95=55.23 99=88.38 99.9=156.54 99.99=651.77]
2025-04-22 06:21:40 24 sec: 820906 operations; [INSERT: Count=820906 Max=23478.27 Min=4.38 Avg=25.63 10=11.81 25=15.05 50=21.01 75=30.30 90=42.94 95=54.46 99=87.55 99.9=156.67 99.99=660.99]
2025-04-22 06:21:41 25 sec: 853788 operations; [INSERT: Count=853788 Max=23478.27 Min=4.38 Avg=25.69 10=11.87 25=15.13 50=21.12 75=30.41 90=42.98 95=54.27 99=87.10 99.9=157.18 99.99=680.45]
2025-04-22 06:21:42 26 sec: 881841 operations; [INSERT: Count=881841 Max=23478.27 Min=4.38 Avg=25.90 10=11.94 25=15.26 50=21.34 75=30.77 90=43.52 95=54.69 99=86.66 99.9=155.90 99.99=666.11]
2025-04-22 06:21:43 27 sec: 907176 operations; [INSERT: Count=907176 Max=23478.27 Min=4.38 Avg=26.17 10=12.01 25=15.38 50=21.58 75=31.18 90=44.22 95=55.45 99=86.59 99.9=153.73 99.99=660.99]
2025-04-22 06:21:44 28 sec: 939051 operations; [INSERT: Count=939051 Max=23478.27 Min=4.38 Avg=26.24 10=12.03 25=15.43 50=21.68 75=31.30 90=44.35 95=55.45 99=86.27 99.9=153.09 99.99=666.11]
2025-04-22 06:21:45 29 sec: 983194 operations; [INSERT: Count=983194 Max=23478.27 Min=4.38 Avg=25.92 10=11.84 25=15.21 50=21.38 75=30.94 90=43.84 95=54.85 99=85.57 99.9=161.41 99.99=657.92]
2025-04-22 06:21:46 29 sec: 1000000 operations; [INSERT: Count=1000000 Max=23478.27 Min=4.38 Avg=25.72 10=11.64 25=15.02 50=21.17 75=30.75 90=43.62 95=54.62 99=85.44 99.9=165.76 99.99=680.45]
Load runtime(sec): 29.6918
Load operations(ops): 1000000
Load throughput(ops/sec): 33679.3
