Running scope as unit: run-r5a4645a1d66c40678756f5f1665cd001.scope
load file:/home/user/DataFiles/silesia_data/silesia.tar
2025-04-21 20:49:23 0 sec: 0 operations;
2025-04-21 20:49:24 1 sec: 58755 operations; [INSERT: Count=58755 Max=1593.34 Min=4.11 Avg=13.51 10=5.54 25=8.21 50=11.85 75=17.36 90=23.17 95=26.54 99=34.02 99.9=58.05 99.99=176.00]
2025-04-21 20:49:25 2 sec: 111187 operations; [INSERT: Count=111187 Max=1593.34 Min=4.11 Avg=14.59 10=7.12 25=9.57 50=13.03 75=18.43 90=23.89 95=27.12 99=34.02 99.9=57.15 99.99=174.97]
2025-04-21 20:49:26 3 sec: 163985 operations; [INSERT: Count=163985 Max=1593.34 Min=4.11 Avg=14.93 10=7.78 25=10.04 50=13.41 75=18.62 90=23.93 95=27.14 99=33.82 99.9=58.14 99.99=175.36]
2025-04-21 20:49:27 4 sec: 217210 operations; [INSERT: Count=217210 Max=14557.18 Min=4.11 Avg=15.07 10=8.13 25=10.24 50=13.50 75=18.59 90=23.74 95=26.88 99=33.53 99.9=56.90 99.99=175.49]
2025-04-21 20:49:28 5 sec: 270929 operations; [INSERT: Count=270929 Max=14557.18 Min=4.11 Avg=15.12 10=8.34 25=10.38 50=13.60 75=18.57 90=23.66 95=26.73 99=33.28 99.9=54.56 99.99=174.97]
2025-04-21 20:49:29 6 sec: 324750 operations; [INSERT: Count=324750 Max=14557.18 Min=4.11 Avg=15.15 10=8.49 25=10.48 50=13.65 75=18.54 90=23.57 95=26.61 99=33.12 99.9=54.98 99.99=174.85]
2025-04-21 20:49:30 7 sec: 379059 operations; [INSERT: Count=379059 Max=14557.18 Min=4.11 Avg=15.15 10=8.61 25=10.54 50=13.65 75=18.50 90=23.42 95=26.41 99=32.93 99.9=56.00 99.99=175.36]
2025-04-21 20:49:31 8 sec: 418505 operations; [INSERT: Count=418505 Max=14557.18 Min=4.11 Avg=15.77 10=8.74 25=10.74 50=14.05 75=19.15 90=24.51 95=28.09 99=38.37 99.9=72.58 99.99=179.58]
2025-04-21 20:49:32 9 sec: 454346 operations; [INSERT: Count=454346 Max=14557.18 Min=4.11 Avg=16.44 10=8.87 25=10.94 50=14.43 75=19.82 90=25.70 95=30.14 99=44.77 99.9=88.70 99.99=194.94]
2025-04-21 20:49:33 10 sec: 482260 operations; [INSERT: Count=482260 Max=20791.29 Min=4.11 Avg=17.37 10=8.96 25=11.10 50=14.78 75=20.56 90=27.26 95=33.18 99=52.58 99.9=99.65 99.99=237.57]
2025-04-21 20:49:34 11 sec: 513378 operations; [INSERT: Count=513378 Max=20791.29 Min=4.11 Avg=18.07 10=9.05 25=11.27 50=15.17 75=21.26 90=28.83 95=36.06 99=56.54 99.9=107.65 99.99=259.33]
2025-04-21 20:49:35 12 sec: 546284 operations; [INSERT: Count=546284 Max=20791.29 Min=4.11 Avg=18.61 10=9.16 25=11.45 50=15.54 75=21.95 90=30.30 95=38.14 99=58.17 99.9=108.42 99.99=260.48]
2025-04-21 20:49:36 13 sec: 596060 operations; [INSERT: Count=596060 Max=20791.29 Min=4.11 Avg=18.46 10=9.14 25=11.38 50=15.41 75=21.74 90=29.81 95=37.41 99=57.34 99.9=111.23 99.99=287.74]
2025-04-21 20:49:37 14 sec: 650483 operations; [INSERT: Count=650483 Max=20791.29 Min=4.11 Avg=18.18 10=9.11 25=11.28 50=15.22 75=21.42 90=29.17 95=36.41 99=56.35 99.9=111.55 99.99=271.10]
2025-04-21 20:49:38 15 sec: 705555 operations; [INSERT: Count=705555 Max=20791.29 Min=4.11 Avg=17.92 10=9.10 25=11.19 50=15.05 75=21.12 90=28.56 95=35.58 99=55.36 99.9=109.12 99.99=261.25]
2025-04-21 20:49:39 16 sec: 759525 operations; [INSERT: Count=759525 Max=20791.29 Min=4.11 Avg=17.73 10=9.10 25=11.14 50=14.93 75=20.91 90=28.13 95=34.88 99=54.59 99.9=107.65 99.99=254.97]
2025-04-21 20:49:40 17 sec: 804607 operations; [INSERT: Count=804607 Max=20791.29 Min=4.11 Avg=17.79 10=9.15 25=11.22 50=15.02 75=21.04 90=28.27 95=34.85 99=54.05 99.9=105.22 99.99=248.83]
2025-04-21 20:49:41 18 sec: 847715 operations; [INSERT: Count=847715 Max=20791.29 Min=4.11 Avg=17.90 10=9.21 25=11.31 50=15.15 75=21.21 90=28.51 95=35.01 99=53.76 99.9=102.46 99.99=246.27]
2025-04-21 20:49:42 19 sec: 904718 operations; [INSERT: Count=904718 Max=20791.29 Min=4.06 Avg=17.67 10=8.93 25=11.04 50=14.83 75=20.93 90=28.22 95=34.62 99=53.12 99.9=102.08 99.99=251.65]
2025-04-21 20:49:43 20 sec: 969568 operations; [INSERT: Count=969568 Max=20791.29 Min=4.06 Avg=17.30 10=8.59 25=10.74 50=14.49 75=20.56 90=27.81 95=34.05 99=52.48 99.9=107.39 99.99=253.57]
2025-04-21 20:49:44 20 sec: 1000000 operations; [INSERT: Count=1000000 Max=20791.29 Min=4.06 Avg=17.17 10=8.50 25=10.65 50=14.34 75=20.37 90=27.60 95=33.76 99=52.19 99.9=115.26 99.99=259.33]
Load runtime(sec): 20.9442
Load operations(ops): 1000000
Load throughput(ops/sec): 47745.8
