Running scope as unit: run-r16b2f08e38c042108ea5a250c578e522.scope
load file:/home/user/DataFiles/silesia_data/silesia.tar
2025-04-21 20:49:23 0 sec: 0 operations;
2025-04-21 20:49:24 1 sec: 66154 operations; [INSERT: Count=66154 Max=2875.39 Min=4.63 Avg=11.64 10=7.25 25=8.46 50=10.52 75=13.97 90=17.21 95=19.18 99=23.36 99.9=34.14 99.99=160.77]
2025-04-21 20:49:25 2 sec: 132738 operations; [INSERT: Count=132738 Max=2875.39 Min=4.63 Avg=11.70 10=7.39 25=8.59 50=10.63 75=14.00 90=17.18 95=19.07 99=23.10 99.9=35.23 99.99=161.79]
2025-04-21 20:49:26 3 sec: 198301 operations; [INSERT: Count=198301 Max=2875.39 Min=4.63 Avg=11.79 10=7.50 25=8.70 50=10.73 75=14.05 90=17.20 95=19.07 99=23.09 99.9=36.80 99.99=163.07]
2025-04-21 20:49:27 4 sec: 263051 operations; [INSERT: Count=263051 Max=2875.39 Min=4.63 Avg=11.88 10=7.58 25=8.81 50=10.85 75=14.12 90=17.28 95=19.15 99=23.25 99.9=38.69 99.99=169.09]
2025-04-21 20:49:28 5 sec: 327229 operations; [INSERT: Count=327229 Max=2875.39 Min=4.63 Avg=11.96 10=7.66 25=8.89 50=10.94 75=14.20 90=17.33 95=19.21 99=23.31 99.9=40.22 99.99=168.06]
2025-04-21 20:49:29 6 sec: 391110 operations; [INSERT: Count=391110 Max=2875.39 Min=4.63 Avg=12.03 10=7.74 25=8.97 50=11.01 75=14.26 90=17.39 95=19.26 99=23.34 99.9=41.15 99.99=167.81]
2025-04-21 20:49:30 7 sec: 452146 operations; [INSERT: Count=452146 Max=3018.75 Min=4.63 Avg=12.17 10=7.80 25=9.06 50=11.13 75=14.40 90=17.57 95=19.45 99=23.79 99.9=43.39 99.99=169.09]
2025-04-21 20:49:31 8 sec: 491446 operations; [INSERT: Count=491446 Max=3018.75 Min=4.63 Avg=12.97 10=7.88 25=9.21 50=11.48 75=15.11 90=18.89 95=22.08 99=35.42 99.9=61.60 99.99=171.65]
2025-04-21 20:49:32 9 sec: 529091 operations; [INSERT: Count=529091 Max=10313.73 Min=4.63 Avg=13.70 10=7.96 25=9.35 50=11.84 75=15.79 90=20.43 95=25.61 99=40.22 99.9=64.86 99.99=182.91]
2025-04-21 20:49:33 10 sec: 560919 operations; [INSERT: Count=560919 Max=11206.66 Min=4.63 Avg=14.52 10=8.02 25=9.47 50=12.14 75=16.38 90=22.14 95=29.05 99=45.18 99.9=85.50 99.99=206.34]
2025-04-21 20:49:34 11 sec: 607765 operations; [INSERT: Count=607765 Max=11206.66 Min=4.63 Avg=14.79 10=8.10 25=9.60 50=12.39 75=16.75 90=22.94 95=29.54 99=44.99 99.9=85.95 99.99=220.03]
2025-04-21 20:49:35 12 sec: 656764 operations; [INSERT: Count=656764 Max=11206.66 Min=4.63 Avg=14.96 10=8.15 25=9.69 50=12.53 75=16.94 90=23.31 95=29.60 99=44.70 99.9=89.60 99.99=232.83]
2025-04-21 20:49:36 13 sec: 722647 operations; [INSERT: Count=722647 Max=11206.66 Min=4.63 Avg=14.68 10=8.09 25=9.56 50=12.31 75=16.64 90=22.64 95=28.83 99=43.97 99.9=93.31 99.99=229.25]
2025-04-21 20:49:37 14 sec: 789251 operations; [INSERT: Count=789251 Max=11206.66 Min=4.62 Avg=14.44 10=8.05 25=9.46 50=12.13 75=16.38 90=22.03 95=28.05 99=43.23 99.9=92.99 99.99=225.66]
2025-04-21 20:49:38 15 sec: 854726 operations; [INSERT: Count=854726 Max=11206.66 Min=4.62 Avg=14.25 10=8.04 25=9.42 50=12.02 75=16.18 90=21.55 95=27.34 99=42.53 99.9=90.24 99.99=220.80]
2025-04-21 20:49:39 16 sec: 914686 operations; [INSERT: Count=914686 Max=11206.66 Min=4.62 Avg=14.19 10=8.05 25=9.42 50=12.00 75=16.15 90=21.42 95=27.05 99=42.08 99.9=87.30 99.99=218.24]
2025-04-21 20:49:40 17 sec: 953203 operations; [INSERT: Count=953203 Max=11206.66 Min=4.62 Avg=14.54 10=8.09 25=9.50 50=12.21 75=16.53 90=22.43 95=28.64 99=43.55 99.9=101.06 99.99=218.24]
2025-04-21 20:49:41 18 sec: 993301 operations; [INSERT: Count=993301 Max=11206.66 Min=4.62 Avg=14.83 10=8.13 25=9.58 50=12.41 75=16.86 90=23.31 95=29.70 99=44.35 99.9=127.74 99.99=218.75]
2025-04-21 20:49:42 18 sec: 1000000 operations; [INSERT: Count=1000000 Max=11206.66 Min=4.62 Avg=14.85 10=8.13 25=9.59 50=12.43 75=16.89 90=23.38 95=29.74 99=44.35 99.9=128.38 99.99=218.24]
Load runtime(sec): 18.8798
Load operations(ops): 1000000
Load throughput(ops/sec): 52966.8
