Running scope as unit: run-rad914aef8f974d54a58687cad53d5d74.scope
load file:/home/user/DataFiles/silesia_data/silesia.tar
2025-04-21 20:49:23 0 sec: 0 operations;
2025-04-21 20:49:24 1 sec: 51847 operations; [INSERT: Count=51847 Max=1287.17 Min=4.18 Avg=15.82 10=8.74 25=10.72 50=14.17 75=19.52 90=24.89 95=28.11 99=34.72 99.9=59.55 99.99=171.78]
2025-04-21 20:49:25 2 sec: 103690 operations; [INSERT: Count=103690 Max=1287.17 Min=4.18 Avg=15.91 10=8.94 25=10.87 50=14.29 75=19.60 90=24.86 95=28.06 99=34.62 99.9=59.17 99.99=174.21]
2025-04-21 20:49:26 3 sec: 155704 operations; [INSERT: Count=155704 Max=1287.17 Min=4.18 Avg=15.92 10=9.00 25=10.94 50=14.30 75=19.55 90=24.75 95=27.95 99=34.43 99.9=64.38 99.99=176.90]
2025-04-21 20:49:27 4 sec: 209073 operations; [INSERT: Count=209073 Max=1287.17 Min=4.18 Avg=15.79 10=9.02 25=10.92 50=14.20 75=19.31 90=24.41 95=27.54 99=34.02 99.9=67.39 99.99=178.43]
2025-04-21 20:49:28 5 sec: 261463 operations; [INSERT: Count=261463 Max=1287.17 Min=4.18 Avg=15.78 10=9.07 25=10.97 50=14.22 75=19.28 90=24.34 95=27.41 99=33.82 99.9=60.99 99.99=178.94]
2025-04-21 20:49:29 6 sec: 314991 operations; [INSERT: Count=314991 Max=1287.17 Min=4.18 Avg=15.72 10=9.10 25=10.97 50=14.18 75=19.15 90=24.14 95=27.20 99=33.53 99.9=61.50 99.99=178.18]
2025-04-21 20:49:30 7 sec: 368541 operations; [INSERT: Count=368541 Max=1287.17 Min=4.18 Avg=15.67 10=9.11 25=10.97 50=14.14 75=19.05 90=24.02 95=27.04 99=33.44 99.9=62.43 99.99=177.79]
2025-04-21 20:49:31 8 sec: 408643 operations; [INSERT: Count=408643 Max=1287.17 Min=4.18 Avg=16.25 10=9.24 25=11.19 50=14.54 75=19.71 90=25.07 95=28.62 99=37.73 99.9=65.92 99.99=182.78]
2025-04-21 20:49:32 9 sec: 443765 operations; [INSERT: Count=443765 Max=9789.44 Min=4.18 Avg=16.95 10=9.35 25=11.39 50=14.97 75=20.46 90=26.37 95=30.70 99=43.84 99.9=80.00 99.99=193.41]
2025-04-21 20:49:33 10 sec: 466522 operations; [INSERT: Count=466522 Max=11337.73 Min=4.18 Avg=18.07 10=9.42 25=11.54 50=15.31 75=21.20 90=28.08 95=34.24 99=56.77 99.9=122.56 99.99=234.62]
2025-04-21 20:49:34 11 sec: 497134 operations; [INSERT: Count=497134 Max=11337.73 Min=4.18 Avg=18.77 10=9.51 25=11.70 50=15.71 75=21.97 90=29.71 95=37.31 99=60.16 99.9=124.73 99.99=254.34]
2025-04-21 20:49:35 12 sec: 529157 operations; [INSERT: Count=529157 Max=11337.73 Min=4.18 Avg=19.32 10=9.60 25=11.86 50=16.06 75=22.61 90=31.09 95=39.26 99=61.34 99.9=126.46 99.99=317.95]
2025-04-21 20:49:36 13 sec: 581021 operations; [INSERT: Count=581021 Max=11337.73 Min=4.18 Avg=19.03 10=9.53 25=11.74 50=15.87 75=22.30 90=30.43 95=38.30 99=60.29 99.9=129.47 99.99=294.14]
2025-04-21 20:49:37 14 sec: 635158 operations; [INSERT: Count=635158 Max=11337.73 Min=4.18 Avg=18.70 10=9.44 25=11.61 50=15.65 75=21.95 90=29.73 95=37.28 99=59.07 99.9=129.41 99.99=268.03]
2025-04-21 20:49:38 15 sec: 690387 operations; [INSERT: Count=690387 Max=11337.73 Min=4.18 Avg=18.39 10=9.37 25=11.48 50=15.42 75=21.60 90=29.12 95=36.35 99=58.02 99.9=128.38 99.99=254.59]
2025-04-21 20:49:39 16 sec: 742967 operations; [INSERT: Count=742967 Max=11337.73 Min=4.18 Avg=18.21 10=9.35 25=11.43 50=15.32 75=21.41 90=28.73 95=35.65 99=57.05 99.9=126.02 99.99=246.40]
2025-04-21 20:49:40 17 sec: 787337 operations; [INSERT: Count=787337 Max=11337.73 Min=4.18 Avg=18.26 10=9.40 25=11.50 50=15.41 75=21.54 90=28.86 95=35.65 99=56.41 99.9=124.42 99.99=243.58]
2025-04-21 20:49:41 18 sec: 829581 operations; [INSERT: Count=829581 Max=11337.73 Min=4.18 Avg=18.37 10=9.46 25=11.58 50=15.54 75=21.71 90=29.12 95=35.81 99=56.00 99.9=124.03 99.99=242.43]
2025-04-21 20:49:42 19 sec: 890967 operations; [INSERT: Count=890967 Max=15228.93 Min=4.18 Avg=18.00 10=9.07 25=11.21 50=15.09 75=21.30 90=28.69 95=35.23 99=55.10 99.9=119.30 99.99=244.48]
2025-04-21 20:49:43 20 sec: 948712 operations; [INSERT: Count=948712 Max=15228.93 Min=4.18 Avg=17.76 10=8.91 25=11.02 50=14.84 75=20.99 90=28.34 95=34.72 99=54.43 99.9=122.05 99.99=248.45]
2025-04-21 20:49:44 21 sec: 1000000 operations; [INSERT: Count=1000000 Max=15228.93 Min=4.18 Avg=17.43 10=8.62 25=10.74 50=14.49 75=20.62 90=27.93 95=34.24 99=53.89 99.9=131.20 99.99=260.86]
2025-04-21 20:49:44 21 sec: 1000000 operations; [INSERT: Count=1000000 Max=15228.93 Min=4.18 Avg=17.43 10=8.62 25=10.74 50=14.49 75=20.62 90=27.93 95=34.24 99=53.89 99.9=131.20 99.99=260.86]
Load runtime(sec): 21.018
Load operations(ops): 1000000
Load throughput(ops/sec): 47578.2
