Running scope as unit: run-ra6dd2dc4b8b84208b531330de13c2c27.scope
load file:/home/user/DataFiles/silesia_data/silesia.tar
2025-04-23 02:42:30 0 sec: 0 operations;
2025-04-23 02:42:31 1 sec: 71093 operations; [INSERT: Count=71093 Max=1967.10 Min=3.88 Avg=10.61 10=4.74 25=5.97 50=8.35 75=12.58 90=18.16 95=22.35 99=39.90 99.9=105.53 99.99=249.22]
2025-04-23 02:42:32 2 sec: 131878 operations; [INSERT: Count=131878 Max=1967.10 Min=3.88 Avg=11.82 10=5.26 25=7.44 50=10.33 75=14.43 90=19.01 95=22.08 99=32.80 99.9=104.89 99.99=242.69]
2025-04-23 02:42:33 3 sec: 192428 operations; [INSERT: Count=192428 Max=1967.10 Min=3.88 Avg=12.28 10=6.10 25=8.26 50=10.96 75=14.94 90=19.21 95=21.98 99=30.09 99.9=92.35 99.99=232.06]
2025-04-23 02:42:34 4 sec: 251276 operations; [INSERT: Count=251276 Max=1967.10 Min=3.88 Avg=12.60 10=6.62 25=8.71 50=11.34 75=15.29 90=19.42 95=22.08 99=29.25 99.9=88.89 99.99=232.45]
2025-04-23 02:42:35 5 sec: 309710 operations; [INSERT: Count=309710 Max=1967.10 Min=3.88 Avg=12.83 10=6.98 25=9.00 50=11.59 75=15.51 90=19.60 95=22.21 99=28.89 99.9=78.40 99.99=237.82]
2025-04-23 02:42:36 6 sec: 365226 operations; [INSERT: Count=365226 Max=1967.10 Min=3.88 Avg=13.12 10=7.25 25=9.23 50=11.85 75=15.82 90=20.00 95=22.67 99=29.76 99.9=78.97 99.99=237.31]
2025-04-23 02:42:37 7 sec: 417151 operations; [INSERT: Count=417151 Max=1967.10 Min=3.88 Avg=13.48 10=7.49 25=9.47 50=12.18 75=16.24 90=20.57 95=23.41 99=30.73 99.9=78.02 99.99=236.16]
2025-04-23 02:42:38 8 sec: 470626 operations; [INSERT: Count=470626 Max=1967.10 Min=3.88 Avg=13.71 10=7.64 25=9.61 50=12.38 75=16.53 90=20.96 95=23.90 99=31.28 99.9=72.96 99.99=236.03]
2025-04-23 02:42:39 9 sec: 518061 operations; [INSERT: Count=518061 Max=1967.10 Min=3.88 Avg=14.07 10=7.76 25=9.73 50=12.60 75=16.94 90=21.70 95=25.05 99=34.05 99.9=69.18 99.99=240.38]
2025-04-23 02:42:40 10 sec: 561531 operations; [INSERT: Count=561531 Max=1967.10 Min=3.88 Avg=14.50 10=7.89 25=9.88 50=12.87 75=17.42 90=22.57 95=26.43 99=37.15 99.9=69.06 99.99=247.68]
2025-04-23 02:42:41 11 sec: 605120 operations; [INSERT: Count=605120 Max=1967.10 Min=3.88 Avg=14.87 10=7.99 25=10.02 50=13.10 75=17.81 90=23.30 95=27.54 99=39.26 99.9=78.27 99.99=290.30]
2025-04-23 02:42:42 12 sec: 650922 operations; [INSERT: Count=650922 Max=1967.10 Min=3.88 Avg=15.12 10=8.09 25=10.13 50=13.30 75=18.14 90=23.84 95=28.25 99=39.97 99.9=75.52 99.99=353.02]
2025-04-23 02:42:43 13 sec: 697639 operations; [INSERT: Count=697639 Max=1967.10 Min=3.88 Avg=15.33 10=8.18 25=10.24 50=13.48 75=18.40 90=24.22 95=28.72 99=40.35 99.9=74.05 99.99=373.25]
2025-04-23 02:42:44 14 sec: 742168 operations; [INSERT: Count=742168 Max=1967.10 Min=3.88 Avg=15.55 10=8.26 25=10.34 50=13.64 75=18.64 90=24.57 95=29.15 99=40.99 99.9=78.85 99.99=414.46]
2025-04-23 02:42:45 15 sec: 786968 operations; [INSERT: Count=786968 Max=4673.53 Min=3.88 Avg=15.74 10=8.34 25=10.42 50=13.75 75=18.80 90=24.83 95=29.45 99=41.98 99.9=87.10 99.99=429.82]
2025-04-23 02:42:46 16 sec: 832298 operations; [INSERT: Count=832298 Max=4673.53 Min=3.88 Avg=15.90 10=8.41 25=10.51 50=13.86 75=18.93 90=24.99 95=29.68 99=42.91 99.9=93.31 99.99=463.62]
2025-04-23 02:42:47 17 sec: 870797 operations; [INSERT: Count=870797 Max=4673.53 Min=3.88 Avg=16.15 10=8.48 25=10.62 50=14.05 75=19.20 90=25.41 95=30.18 99=44.09 99.9=101.95 99.99=482.56]
2025-04-23 02:42:48 18 sec: 905274 operations; [INSERT: Count=905274 Max=4673.53 Min=3.88 Avg=16.50 10=8.53 25=10.66 50=14.15 75=19.45 90=26.02 95=31.30 99=49.15 99.9=122.30 99.99=511.23]
2025-04-23 02:42:49 19 sec: 948045 operations; [INSERT: Count=948045 Max=4673.53 Min=3.88 Avg=16.65 10=8.55 25=10.71 50=14.25 75=19.65 90=26.40 95=31.87 99=50.17 99.9=120.77 99.99=519.17]
2025-04-23 02:42:50 20 sec: 993665 operations; [INSERT: Count=993665 Max=11526.14 Min=3.88 Avg=16.74 10=8.58 25=10.74 50=14.29 75=19.76 90=26.56 95=32.08 99=50.46 99.9=117.06 99.99=527.87]
2025-04-23 02:42:51 21 sec: 1000000 operations; [INSERT: Count=1000000 Max=11526.14 Min=3.88 Avg=16.74 10=8.59 25=10.74 50=14.29 75=19.74 90=26.54 95=32.05 99=50.46 99.9=116.86 99.99=530.43]
2025-04-23 02:42:52 22 sec: 1000000 operations; [INSERT: Count=1000000 Max=11526.14 Min=3.88 Avg=16.74 10=8.59 25=10.74 50=14.29 75=19.74 90=26.54 95=32.05 99=50.46 99.9=116.86 99.99=530.43]
2025-04-23 02:42:53 23 sec: 1000000 operations; [INSERT: Count=1000000 Max=11526.14 Min=3.88 Avg=16.74 10=8.59 25=10.74 50=14.29 75=19.74 90=26.54 95=32.05 99=50.46 99.9=116.86 99.99=530.43]
2025-04-23 02:42:54 24 sec: 1000000 operations; [INSERT: Count=1000000 Max=11526.14 Min=3.88 Avg=16.74 10=8.59 25=10.74 50=14.29 75=19.74 90=26.54 95=32.05 99=50.46 99.9=116.86 99.99=530.43]
2025-04-23 02:42:55 25 sec: 1000000 operations; [INSERT: Count=1000000 Max=11526.14 Min=3.88 Avg=16.74 10=8.59 25=10.74 50=14.29 75=19.74 90=26.54 95=32.05 99=50.46 99.9=116.86 99.99=530.43]
2025-04-23 02:42:56 26 sec: 1000000 operations; [INSERT: Count=1000000 Max=11526.14 Min=3.88 Avg=16.74 10=8.59 25=10.74 50=14.29 75=19.74 90=26.54 95=32.05 99=50.46 99.9=116.86 99.99=530.43]
2025-04-23 02:42:57 26 sec: 1000000 operations; [INSERT: Count=1000000 Max=11526.14 Min=3.88 Avg=16.74 10=8.59 25=10.74 50=14.29 75=19.74 90=26.54 95=32.05 99=50.46 99.9=116.86 99.99=530.43]
Load runtime(sec): 26.62
Load operations(ops): 1000000
Load throughput(ops/sec): 37565.7
