Running scope as unit: run-rda9e98d2151441a198aa321106b05f55.scope
load file:/home/user/DataFiles/silesia_data/silesia.tar
2025-04-23 02:42:31 0 sec: 0 operations;
2025-04-23 02:42:32 1 sec: 51459 operations; [INSERT: Count=51459 Max=2365.44 Min=4.71 Avg=14.60 10=8.37 25=10.07 50=13.05 75=17.74 90=22.45 95=25.39 99=32.64 99.9=47.33 99.99=225.28]
2025-04-23 02:42:33 2 sec: 107561 operations; [INSERT: Count=107561 Max=2365.44 Min=4.71 Avg=14.57 10=8.54 25=10.21 50=13.10 75=17.68 90=22.24 95=25.12 99=31.54 99.9=44.67 99.99=221.95]
2025-04-23 02:42:34 3 sec: 162665 operations; [INSERT: Count=162665 Max=2365.44 Min=4.71 Avg=14.66 10=8.67 25=10.34 50=13.21 75=17.73 90=22.24 95=25.09 99=31.33 99.9=46.24 99.99=226.94]
2025-04-23 02:42:35 4 sec: 217989 operations; [INSERT: Count=217989 Max=2365.44 Min=4.71 Avg=14.68 10=8.75 25=10.42 50=13.24 75=17.70 90=22.16 95=24.94 99=31.15 99.9=47.52 99.99=231.17]
2025-04-23 02:42:36 5 sec: 272445 operations; [INSERT: Count=272445 Max=5013.50 Min=4.71 Avg=14.74 10=8.82 25=10.50 50=13.30 75=17.73 90=22.14 95=24.91 99=31.10 99.9=47.68 99.99=233.85]
2025-04-23 02:42:37 6 sec: 329453 operations; [INSERT: Count=329453 Max=5013.50 Min=4.71 Avg=14.66 10=8.83 25=10.49 50=13.25 75=17.57 90=21.93 95=24.69 99=30.96 99.9=50.66 99.99=231.17]
2025-04-23 02:42:38 7 sec: 386656 operations; [INSERT: Count=386656 Max=5013.50 Min=4.71 Avg=14.59 10=8.84 25=10.48 50=13.21 75=17.45 90=21.76 95=24.46 99=30.61 99.9=49.73 99.99=228.99]
2025-04-23 02:42:39 8 sec: 442715 operations; [INSERT: Count=442715 Max=5013.50 Min=4.71 Avg=14.58 10=8.86 25=10.51 50=13.21 75=17.44 90=21.71 95=24.38 99=30.48 99.9=49.02 99.99=231.94]
2025-04-23 02:42:40 9 sec: 495205 operations; [INSERT: Count=495205 Max=9707.52 Min=4.34 Avg=14.70 10=8.81 25=10.49 50=13.26 75=17.57 90=21.95 95=24.78 99=31.25 99.9=49.82 99.99=249.47]
2025-04-23 02:42:41 10 sec: 546099 operations; [INSERT: Count=546099 Max=9707.52 Min=4.34 Avg=14.84 10=8.81 25=10.51 50=13.34 75=17.74 90=22.27 95=25.25 99=32.30 99.9=51.71 99.99=305.66]
2025-04-23 02:42:42 11 sec: 591116 operations; [INSERT: Count=591116 Max=9707.52 Min=4.34 Avg=15.14 10=8.85 25=10.59 50=13.51 75=18.05 90=22.82 95=26.08 99=34.91 99.9=64.61 99.99=321.02]
2025-04-23 02:42:43 12 sec: 636815 operations; [INSERT: Count=636815 Max=9707.52 Min=4.34 Avg=15.37 10=8.89 25=10.67 50=13.66 75=18.34 90=23.28 95=26.82 99=36.45 99.9=65.92 99.99=335.87]
2025-04-23 02:42:44 13 sec: 682167 operations; [INSERT: Count=682167 Max=9707.52 Min=4.34 Avg=15.58 10=8.94 25=10.74 50=13.81 75=18.59 90=23.73 95=27.49 99=37.63 99.9=66.69 99.99=350.72]
2025-04-23 02:42:45 14 sec: 727997 operations; [INSERT: Count=727997 Max=9707.52 Min=4.34 Avg=15.76 10=8.98 25=10.82 50=13.95 75=18.80 90=24.08 95=28.02 99=38.53 99.9=65.92 99.99=352.25]
2025-04-23 02:42:46 15 sec: 778028 operations; [INSERT: Count=778028 Max=9707.52 Min=4.34 Avg=15.81 10=9.01 25=10.86 50=13.99 75=18.85 90=24.14 95=28.06 99=38.66 99.9=68.99 99.99=362.50]
2025-04-23 02:42:47 16 sec: 829915 operations; [INSERT: Count=829915 Max=9707.52 Min=4.34 Avg=15.82 10=9.02 25=10.86 50=13.97 75=18.78 90=24.03 95=27.97 99=39.13 99.9=72.64 99.99=392.96]
2025-04-23 02:42:48 17 sec: 878005 operations; [INSERT: Count=878005 Max=30883.84 Min=4.34 Avg=15.90 10=9.03 25=10.86 50=13.95 75=18.73 90=24.03 95=28.11 99=40.77 99.9=80.38 99.99=398.85]
2025-04-23 02:42:49 18 sec: 915159 operations; [INSERT: Count=915159 Max=30883.84 Min=4.34 Avg=16.18 10=9.05 25=10.89 50=14.02 75=18.88 90=24.41 95=28.94 99=45.53 99.9=98.94 99.99=428.29]
2025-04-23 02:42:50 19 sec: 967390 operations; [INSERT: Count=967390 Max=30883.84 Min=4.34 Avg=16.15 10=9.01 25=10.85 50=13.97 75=18.85 90=24.37 95=28.89 99=45.98 99.9=98.43 99.99=442.88]
2025-04-23 02:42:51 20 sec: 1000000 operations; [INSERT: Count=1000000 Max=30883.84 Min=4.34 Avg=16.06 10=8.94 25=10.78 50=13.89 75=18.73 90=24.24 95=28.75 99=46.34 99.9=98.30 99.99=444.67]
2025-04-23 02:42:52 21 sec: 1000000 operations; [INSERT: Count=1000000 Max=30883.84 Min=4.34 Avg=16.06 10=8.94 25=10.78 50=13.89 75=18.73 90=24.24 95=28.75 99=46.34 99.9=98.30 99.99=444.67]
2025-04-23 02:42:53 22 sec: 1000000 operations; [INSERT: Count=1000000 Max=30883.84 Min=4.34 Avg=16.06 10=8.94 25=10.78 50=13.89 75=18.73 90=24.24 95=28.75 99=46.34 99.9=98.30 99.99=444.67]
2025-04-23 02:42:54 23 sec: 1000000 operations; [INSERT: Count=1000000 Max=30883.84 Min=4.34 Avg=16.06 10=8.94 25=10.78 50=13.89 75=18.73 90=24.24 95=28.75 99=46.34 99.9=98.30 99.99=444.67]
2025-04-23 02:42:55 24 sec: 1000000 operations; [INSERT: Count=1000000 Max=30883.84 Min=4.34 Avg=16.06 10=8.94 25=10.78 50=13.89 75=18.73 90=24.24 95=28.75 99=46.34 99.9=98.30 99.99=444.67]
2025-04-23 02:42:56 25 sec: 1000000 operations; [INSERT: Count=1000000 Max=30883.84 Min=4.34 Avg=16.06 10=8.94 25=10.78 50=13.89 75=18.73 90=24.24 95=28.75 99=46.34 99.9=98.30 99.99=444.67]
2025-04-23 02:42:57 26 sec: 1000000 operations; [INSERT: Count=1000000 Max=30883.84 Min=4.34 Avg=16.06 10=8.94 25=10.78 50=13.89 75=18.73 90=24.24 95=28.75 99=46.34 99.9=98.30 99.99=444.67]
2025-04-23 02:42:58 27 sec: 1000000 operations; [INSERT: Count=1000000 Max=30883.84 Min=4.34 Avg=16.06 10=8.94 25=10.78 50=13.89 75=18.73 90=24.24 95=28.75 99=46.34 99.9=98.30 99.99=444.67]
2025-04-23 02:42:59 28 sec: 1000000 operations; [INSERT: Count=1000000 Max=30883.84 Min=4.34 Avg=16.06 10=8.94 25=10.78 50=13.89 75=18.73 90=24.24 95=28.75 99=46.34 99.9=98.30 99.99=444.67]
2025-04-23 02:43:00 29 sec: 1000000 operations; [INSERT: Count=1000000 Max=30883.84 Min=4.34 Avg=16.06 10=8.94 25=10.78 50=13.89 75=18.73 90=24.24 95=28.75 99=46.34 99.9=98.30 99.99=444.67]
2025-04-23 02:43:01 30 sec: 1000000 operations; [INSERT: Count=1000000 Max=30883.84 Min=4.34 Avg=16.06 10=8.94 25=10.78 50=13.89 75=18.73 90=24.24 95=28.75 99=46.34 99.9=98.30 99.99=444.67]
2025-04-23 02:43:02 31 sec: 1000000 operations; [INSERT: Count=1000000 Max=30883.84 Min=4.34 Avg=16.06 10=8.94 25=10.78 50=13.89 75=18.73 90=24.24 95=28.75 99=46.34 99.9=98.30 99.99=444.67]
2025-04-23 02:43:03 32 sec: 1000000 operations; [INSERT: Count=1000000 Max=30883.84 Min=4.34 Avg=16.06 10=8.94 25=10.78 50=13.89 75=18.73 90=24.24 95=28.75 99=46.34 99.9=98.30 99.99=444.67]
2025-04-23 02:43:03 32 sec: 1000000 operations; [INSERT: Count=1000000 Max=30883.84 Min=4.34 Avg=16.06 10=8.94 25=10.78 50=13.89 75=18.73 90=24.24 95=28.75 99=46.34 99.9=98.30 99.99=444.67]
Load runtime(sec): 32.3029
Load operations(ops): 1000000
Load throughput(ops/sec): 30957
