Running scope as unit: run-rf18a172ec715438b8a153f256705a90c.scope
load file:/home/user/DataFiles/silesia_data/silesia.tar
2025-04-21 14:27:39 0 sec: 0 operations;
2025-04-21 14:27:40 1 sec: 0 operations;
2025-04-21 14:27:41 2 sec: 0 operations;
2025-04-21 14:27:42 3 sec: 0 operations;
2025-04-21 14:27:43 4 sec: 0 operations;
2025-04-21 14:27:44 5 sec: 0 operations;
2025-04-21 14:27:45 6 sec: 0 operations;
2025-04-21 14:27:46 7 sec: 0 operations;
2025-04-21 14:27:47 8 sec: 0 operations;
2025-04-21 14:27:48 9 sec: 0 operations;
2025-04-21 14:27:49 10 sec: 0 operations;
2025-04-21 14:27:50 11 sec: 0 operations;
2025-04-21 14:27:51 12 sec: 0 operations;
2025-04-21 14:27:52 13 sec: 0 operations;
2025-04-21 14:27:53 14 sec: 0 operations;
2025-04-21 14:27:54 15 sec: 0 operations;
2025-04-21 14:27:55 16 sec: 0 operations;
2025-04-21 14:27:56 17 sec: 0 operations;
2025-04-21 14:27:57 18 sec: 0 operations;
2025-04-21 14:27:58 19 sec: 0 operations;
2025-04-21 14:27:59 20 sec: 0 operations;
2025-04-21 14:28:00 21 sec: 0 operations;
2025-04-21 14:28:01 22 sec: 0 operations;
2025-04-21 14:28:02 23 sec: 0 operations;
2025-04-21 14:28:03 24 sec: 0 operations;
2025-04-21 14:28:04 25 sec: 0 operations;
2025-04-21 14:28:05 26 sec: 0 operations;
2025-04-21 14:28:06 27 sec: 0 operations;
2025-04-21 14:28:07 28 sec: 0 operations;
2025-04-21 14:28:08 29 sec: 0 operations;
2025-04-21 14:28:09 30 sec: 0 operations;
2025-04-21 14:28:10 31 sec: 0 operations;
2025-04-21 14:28:11 32 sec: 0 operations;
2025-04-21 14:28:12 33 sec: 0 operations;
2025-04-21 14:28:13 34 sec: 0 operations;
2025-04-21 14:28:14 35 sec: 0 operations;
2025-04-21 14:28:15 36 sec: 0 operations;
2025-04-21 14:28:16 37 sec: 0 operations;
2025-04-21 14:28:17 38 sec: 0 operations;
2025-04-21 14:28:18 39 sec: 0 operations;
2025-04-21 14:28:19 40 sec: 0 operations;
2025-04-21 14:28:20 41 sec: 0 operations;
2025-04-21 14:28:21 42 sec: 2930 operations; [READ: Count=1475 Max=1304.58 Min=5.22 Avg=217.98 10=101.18 25=136.57 50=190.59 75=264.45 90=374.78 95=449.54 99=672.77 99.9=1084.41 99.99=1304.58] [UPDATE: Count=1455 Max=2075.65 Min=12.30 Avg=235.09 10=108.86 25=146.69 50=202.24 75=277.76 90=407.30 95=498.69 99=769.53 99.9=1537.02 99.99=2075.65]
2025-04-21 14:28:22 43 sec: 6210 operations; [READ: Count=3097 Max=1304.58 Min=4.64 Avg=263.20 10=107.39 25=156.67 50=231.29 75=339.71 90=467.20 95=544.25 99=736.77 99.9=1015.81 99.99=1304.58] [UPDATE: Count=3113 Max=2211.84 Min=10.29 Avg=271.18 10=111.94 25=162.18 50=237.18 75=347.13 90=468.22 95=558.08 99=783.87 99.9=1309.69 99.99=2211.84]
2025-04-21 14:28:23 44 sec: 9808 operations; [READ: Count=4893 Max=1304.58 Min=4.64 Avg=265.81 10=107.26 25=164.09 50=242.30 75=341.25 90=458.24 95=534.53 99=704.00 99.9=1010.69 99.99=1304.58] [UPDATE: Count=4915 Max=2211.84 Min=10.29 Avg=275.59 10=113.28 25=171.39 50=249.73 75=353.54 90=465.41 95=546.30 99=749.05 99.9=1108.99 99.99=2211.84]
2025-04-21 14:28:24 45 sec: 13608 operations; [READ: Count=6808 Max=1304.58 Min=4.62 Avg=260.75 10=102.59 25=162.69 50=240.13 75=334.85 90=444.42 95=521.73 99=686.08 99.9=935.93 99.99=1105.92] [UPDATE: Count=6800 Max=5193.73 Min=8.82 Avg=275.89 10=110.59 25=170.75 50=248.45 75=351.74 90=462.33 95=545.28 99=777.22 99.9=1779.71 99.99=2621.44]
2025-04-21 14:28:25 46 sec: 18677 operations; [READ: Count=9468 Max=1304.58 Min=3.09 Avg=241.37 10=92.93 25=148.86 50=220.29 75=310.78 90=413.44 95=492.03 99=647.17 99.9=894.98 99.99=1105.92] [UPDATE: Count=9209 Max=5193.73 Min=8.82 Avg=256.30 10=104.00 25=157.57 50=230.01 75=325.38 90=431.62 95=507.39 99=728.58 99.9=1537.02 99.99=2621.44]
2025-04-21 14:28:26 47 sec: 23221 operations; [READ: Count=11787 Max=1304.58 Min=2.96 Avg=235.28 10=90.24 25=147.71 50=216.70 75=301.31 90=398.33 95=473.34 99=630.27 99.9=846.34 99.99=1105.92] [UPDATE: Count=11434 Max=5193.73 Min=8.82 Avg=250.80 10=103.10 25=157.44 50=226.69 75=316.42 90=420.10 95=492.80 99=704.00 99.9=1516.54 99.99=2621.44]
2025-04-21 14:28:27 48 sec: 27862 operations; [READ: Count=14078 Max=1304.58 Min=2.96 Avg=230.79 10=89.28 25=146.56 50=213.89 75=294.91 90=388.35 95=460.80 99=614.40 99.9=844.29 99.99=1105.92] [UPDATE: Count=13784 Max=5193.73 Min=8.10 Avg=245.70 10=102.33 25=156.29 50=223.23 75=309.76 90=408.06 95=479.49 99=675.84 99.9=1358.85 99.99=2621.44]
2025-04-21 14:28:28 49 sec: 32603 operations; [READ: Count=16440 Max=1304.58 Min=2.77 Avg=226.78 10=87.81 25=144.90 50=211.07 75=288.77 90=380.67 95=451.33 99=598.01 99.9=837.12 99.99=1084.41] [UPDATE: Count=16163 Max=5193.73 Min=8.10 Avg=241.42 10=99.97 25=154.50 50=221.82 75=304.38 90=398.85 95=466.18 99=655.36 99.9=1236.99 99.99=2211.84]
2025-04-21 14:28:29 50 sec: 37326 operations; [READ: Count=18825 Max=1304.58 Min=2.77 Avg=223.47 10=86.78 25=143.74 50=208.38 75=284.93 90=373.50 95=440.32 99=589.31 99.9=818.17 99.99=1084.41] [UPDATE: Count=18501 Max=22003.71 Min=8.10 Avg=238.80 10=97.79 25=153.34 50=219.39 75=300.03 90=390.65 95=456.96 99=640.00 99.9=1165.31 99.99=2621.44]
2025-04-21 14:28:30 51 sec: 42061 operations; [READ: Count=21154 Max=1304.58 Min=2.77 Avg=221.52 10=86.08 25=143.23 50=207.62 75=282.62 90=369.15 95=433.41 99=578.56 99.9=806.91 99.99=1084.41] [UPDATE: Count=20907 Max=22003.71 Min=8.10 Avg=236.03 10=96.45 25=152.45 50=217.98 75=296.19 90=385.02 95=451.07 99=625.66 99.9=1108.99 99.99=2621.44]
2025-04-21 14:28:31 52 sec: 46774 operations; [READ: Count=23494 Max=1304.58 Min=2.77 Avg=220.02 10=85.69 25=142.97 50=206.97 75=280.83 90=365.31 95=427.52 99=569.34 99.9=798.72 99.99=1084.41] [UPDATE: Count=23280 Max=22003.71 Min=8.10 Avg=233.96 10=95.61 25=151.81 50=216.57 75=293.89 90=380.42 95=444.42 99=617.98 99.9=1117.18 99.99=2662.40]
2025-04-21 14:28:32 53 sec: 51510 operations; [READ: Count=25943 Max=1304.58 Min=2.77 Avg=218.71 10=85.31 25=142.59 50=206.08 75=279.55 90=363.01 95=423.17 99=563.71 99.9=788.99 99.99=1015.81] [UPDATE: Count=25567 Max=22003.71 Min=8.10 Avg=232.16 10=94.78 25=151.29 50=215.55 75=292.10 90=377.34 95=440.57 99=607.23 99.9=1051.65 99.99=2621.44]
2025-04-21 14:28:33 54 sec: 56374 operations; [READ: Count=28422 Max=1304.58 Min=2.77 Avg=216.91 10=84.42 25=141.82 50=204.80 75=277.50 90=359.42 95=418.81 99=557.05 99.9=783.36 99.99=1015.81] [UPDATE: Count=27952 Max=22003.71 Min=8.10 Avg=230.38 10=93.89 25=150.53 50=214.14 75=290.30 90=374.01 95=436.48 99=596.99 99.9=1011.20 99.99=2621.44]
2025-04-21 14:28:34 55 sec: 61164 operations; [READ: Count=30846 Max=1304.58 Min=2.77 Avg=215.85 10=84.03 25=141.18 50=204.29 75=276.22 90=357.38 95=414.98 99=553.47 99.9=780.29 99.99=1015.81] [UPDATE: Count=30318 Max=22003.71 Min=8.10 Avg=228.97 10=93.06 25=150.01 50=213.50 75=288.77 90=372.48 95=432.89 99=584.70 99.9=1011.20 99.99=2662.40]
2025-04-21 14:28:35 56 sec: 66207 operations; [READ: Count=33361 Max=1304.58 Min=2.77 Avg=213.78 10=82.50 25=140.03 50=202.62 75=274.18 90=354.05 95=411.39 99=547.33 99.9=771.58 99.99=1015.81] [UPDATE: Count=32846 Max=22003.71 Min=8.10 Avg=227.20 10=92.54 25=148.99 50=212.22 75=286.72 90=368.89 95=429.06 99=581.12 99.9=984.06 99.99=2887.68]
2025-04-21 14:28:36 57 sec: 71108 operations; [READ: Count=35809 Max=1304.58 Min=2.77 Avg=212.70 10=81.86 25=139.65 50=201.98 75=273.15 90=352.00 95=408.57 99=542.72 99.9=756.74 99.99=1014.27] [UPDATE: Count=35299 Max=22003.71 Min=8.10 Avg=225.87 10=91.65 25=148.35 50=211.71 75=285.18 90=366.33 95=426.50 99=578.05 99.9=957.44 99.99=2662.40]
2025-04-21 14:28:37 58 sec: 75968 operations; [READ: Count=38277 Max=1304.58 Min=2.77 Avg=211.86 10=81.34 25=139.52 50=201.60 75=272.38 90=350.21 95=406.01 99=540.16 99.9=755.20 99.99=1014.27] [UPDATE: Count=37691 Max=22003.71 Min=7.80 Avg=224.87 10=91.20 25=148.09 50=211.07 75=283.90 90=364.80 95=424.45 99=574.46 99.9=947.71 99.99=2662.40]
2025-04-21 14:28:38 59 sec: 80800 operations; [READ: Count=40748 Max=1304.58 Min=2.77 Avg=211.21 10=81.09 25=139.39 50=201.22 75=271.87 90=348.67 95=403.71 99=536.06 99.9=740.35 99.99=1014.27] [UPDATE: Count=40052 Max=22003.71 Min=7.80 Avg=224.04 10=90.43 25=147.84 50=210.81 75=283.39 90=363.01 95=422.40 99=569.34 99.9=946.69 99.99=2662.40]
2025-04-21 14:28:39 60 sec: 85566 operations; [READ: Count=43171 Max=1304.58 Min=2.77 Avg=210.78 10=80.58 25=139.13 50=201.09 75=271.62 90=348.16 95=402.69 99=533.50 99.9=736.77 99.99=1014.27] [UPDATE: Count=42395 Max=22003.71 Min=7.80 Avg=223.48 10=90.24 25=147.71 50=210.81 75=282.88 90=362.24 95=420.10 99=565.25 99.9=924.16 99.99=2662.40]
2025-04-21 14:28:40 61 sec: 90485 operations; [READ: Count=45606 Max=1304.58 Min=2.77 Avg=209.80 10=79.94 25=138.37 50=200.45 75=270.85 90=346.62 95=400.64 99=530.43 99.9=727.04 99.99=1010.69] [UPDATE: Count=44879 Max=22839.29 Min=7.80 Avg=222.85 10=89.53 25=147.20 50=210.05 75=281.60 90=359.94 95=417.54 99=562.17 99.9=946.69 99.99=2949.12]
2025-04-21 14:28:41 62 sec: 95291 operations; [READ: Count=48003 Max=1304.58 Min=2.77 Avg=209.57 10=79.81 25=138.37 50=200.45 75=270.59 90=345.86 95=399.62 99=528.38 99.9=722.94 99.99=1010.69] [UPDATE: Count=47288 Max=22839.29 Min=7.80 Avg=222.12 10=89.09 25=147.07 50=209.53 75=281.09 90=358.91 95=415.74 99=560.64 99.9=947.71 99.99=2887.68]
2025-04-21 14:28:42 63 sec: 100254 operations; [READ: Count=50459 Max=1304.58 Min=2.77 Avg=208.84 10=79.42 25=138.11 50=199.94 75=270.08 90=344.57 95=397.82 99=525.82 99.9=722.43 99.99=1010.69] [UPDATE: Count=49795 Max=22839.29 Min=7.80 Avg=221.33 10=88.32 25=146.56 50=209.15 75=280.83 90=358.14 95=414.21 99=557.57 99.9=924.16 99.99=2887.68]
2025-04-21 14:28:43 64 sec: 105057 operations; [READ: Count=52875 Max=1304.58 Min=2.77 Avg=208.53 10=79.10 25=137.98 50=199.81 75=269.57 90=343.81 95=396.80 99=524.29 99.9=719.36 99.99=1010.69] [UPDATE: Count=52182 Max=22839.29 Min=7.80 Avg=220.90 10=88.13 25=146.43 50=209.02 75=280.57 90=357.63 95=413.18 99=552.45 99.9=909.31 99.99=2887.68]
2025-04-21 14:28:44 65 sec: 110010 operations; [READ: Count=55325 Max=1304.58 Min=2.77 Avg=208.00 10=78.72 25=137.60 50=199.55 75=269.31 90=343.04 95=395.52 99=522.24 99.9=717.31 99.99=1008.64] [UPDATE: Count=54685 Max=22839.29 Min=7.80 Avg=220.18 10=87.68 25=146.05 50=208.64 75=280.06 90=356.35 95=411.39 99=550.40 99.9=902.65 99.99=2887.68]
2025-04-21 14:28:45 66 sec: 114848 operations; [READ: Count=57804 Max=1304.58 Min=2.59 Avg=207.37 10=78.21 25=137.34 50=199.17 75=268.80 90=342.27 95=394.24 99=520.19 99.9=716.29 99.99=1008.64] [UPDATE: Count=57044 Max=22839.29 Min=7.80 Avg=220.11 10=87.36 25=145.66 50=208.13 75=279.30 90=355.33 95=410.11 99=548.86 99.9=902.65 99.99=2949.12]
2025-04-21 14:28:46 67 sec: 119791 operations; [READ: Count=60286 Max=1304.58 Min=2.59 Avg=206.89 10=77.82 25=136.96 50=198.66 75=268.29 90=341.76 95=393.47 99=518.91 99.9=712.70 99.99=1008.64] [UPDATE: Count=59505 Max=22839.29 Min=7.80 Avg=219.55 10=87.04 25=145.53 50=207.74 75=279.04 90=354.56 95=408.83 99=547.84 99.9=893.44 99.99=2949.12]
2025-04-21 14:28:47 68 sec: 124633 operations; [READ: Count=62756 Max=1304.58 Min=2.59 Avg=206.59 10=77.63 25=136.83 50=198.53 75=268.03 90=340.99 95=393.21 99=515.84 99.9=704.00 99.99=1008.64] [UPDATE: Count=61877 Max=22839.29 Min=7.80 Avg=219.24 10=86.78 25=145.28 50=207.74 75=279.04 90=354.30 95=408.32 99=546.30 99.9=893.44 99.99=2949.12]
2025-04-21 14:28:48 69 sec: 129587 operations; [READ: Count=65280 Max=1304.58 Min=2.59 Avg=206.05 10=77.12 25=136.45 50=198.14 75=267.77 90=339.97 95=392.19 99=514.30 99.9=702.46 99.99=944.13] [UPDATE: Count=64307 Max=22839.29 Min=7.80 Avg=218.85 10=86.33 25=145.15 50=207.62 75=278.78 90=354.05 95=407.81 99=544.77 99.9=887.29 99.99=2949.12]
2025-04-21 14:28:49 70 sec: 134536 operations; [READ: Count=67735 Max=1304.58 Min=2.59 Avg=205.62 10=76.67 25=136.06 50=197.89 75=267.52 90=339.71 95=391.68 99=513.02 99.9=699.90 99.99=944.13] [UPDATE: Count=66801 Max=22839.29 Min=7.80 Avg=218.41 10=85.76 25=145.02 50=207.36 75=278.53 90=353.79 95=407.55 99=542.21 99.9=879.10 99.99=2887.68]
2025-04-21 14:28:50 71 sec: 139463 operations; [READ: Count=70193 Max=1304.58 Min=2.59 Avg=205.31 10=76.35 25=135.81 50=197.76 75=267.26 90=339.45 95=391.42 99=511.49 99.9=697.34 99.99=944.13] [UPDATE: Count=69270 Max=22839.29 Min=7.80 Avg=218.00 10=85.50 25=144.77 50=207.23 75=278.01 90=353.02 95=407.04 99=540.67 99.9=884.22 99.99=2949.12]
2025-04-21 14:28:51 72 sec: 144369 operations; [READ: Count=72609 Max=1304.58 Min=2.59 Avg=204.80 10=75.84 25=135.42 50=197.38 75=266.75 90=338.94 95=390.91 99=509.95 99.9=694.27 99.99=944.13] [UPDATE: Count=71760 Max=22839.29 Min=7.80 Avg=217.89 10=84.99 25=144.38 50=206.97 75=277.76 90=352.77 95=406.27 99=540.16 99.9=887.29 99.99=3502.08]
2025-04-21 14:28:52 73 sec: 149355 operations; [READ: Count=75078 Max=1304.58 Min=2.59 Avg=204.46 10=75.45 25=135.17 50=197.12 75=266.50 90=338.69 95=390.65 99=509.44 99.9=694.27 99.99=935.93] [UPDATE: Count=74277 Max=22839.29 Min=7.80 Avg=217.42 10=84.42 25=144.00 50=206.72 75=277.50 90=352.25 95=405.76 99=539.13 99.9=879.10 99.99=3502.08]
2025-04-21 14:28:53 74 sec: 154327 operations; [READ: Count=77505 Max=1304.58 Min=2.59 Avg=204.17 10=75.14 25=135.04 50=196.99 75=266.50 90=338.43 95=389.89 99=507.90 99.9=692.22 99.99=935.93] [UPDATE: Count=76822 Max=22839.29 Min=7.80 Avg=216.99 10=84.03 25=143.87 50=206.46 75=277.25 90=352.00 95=405.25 99=537.60 99.9=875.01 99.99=3024.89]
2025-04-21 14:28:54 75 sec: 159357 operations; [READ: Count=80033 Max=1304.58 Min=2.59 Avg=203.74 10=74.69 25=134.78 50=196.74 75=266.24 90=337.92 95=389.12 99=506.88 99.9=689.66 99.99=935.93] [UPDATE: Count=79324 Max=22839.29 Min=7.80 Avg=216.61 10=83.71 25=143.62 50=206.46 75=277.25 90=351.49 95=404.74 99=535.55 99.9=870.91 99.99=3024.89]
2025-04-21 14:28:55 76 sec: 164349 operations; [READ: Count=82525 Max=1304.58 Min=2.59 Avg=203.33 10=74.37 25=134.53 50=196.48 75=265.73 90=337.41 95=388.35 99=505.86 99.9=687.62 99.99=935.93] [UPDATE: Count=81824 Max=22839.29 Min=7.80 Avg=216.35 10=83.33 25=143.49 50=206.21 75=276.99 90=351.23 95=404.22 99=534.01 99.9=868.35 99.99=3502.08]
2025-04-21 14:28:56 77 sec: 169378 operations; [READ: Count=85000 Max=1304.58 Min=2.59 Avg=202.96 10=73.98 25=134.14 50=196.22 75=265.47 90=336.89 95=387.58 99=504.83 99.9=686.08 99.99=924.16] [UPDATE: Count=84378 Max=22839.29 Min=7.80 Avg=215.99 10=82.94 25=143.23 50=205.95 75=276.74 90=350.72 95=403.71 99=532.99 99.9=868.35 99.99=4505.60]
2025-04-21 14:28:57 78 sec: 174506 operations; [READ: Count=87539 Max=1304.58 Min=2.59 Avg=202.54 10=73.47 25=133.89 50=195.97 75=265.21 90=336.64 95=386.81 99=504.06 99.9=685.57 99.99=924.16] [UPDATE: Count=86967 Max=22839.29 Min=7.80 Avg=215.49 10=82.62 25=142.72 50=205.69 75=276.22 90=350.21 95=402.69 99=531.97 99.9=862.21 99.99=3502.08]
2025-04-21 14:28:58 79 sec: 179614 operations; [READ: Count=90081 Max=1304.58 Min=2.59 Avg=202.14 10=73.09 25=133.50 50=195.58 75=264.96 90=336.13 95=386.56 99=503.30 99.9=683.01 99.99=924.16] [UPDATE: Count=89533 Max=22839.29 Min=7.80 Avg=215.05 10=82.24 25=142.46 50=205.44 75=275.97 90=349.69 95=402.43 99=529.92 99.9=852.48 99.99=3502.08]
2025-04-21 14:28:59 80 sec: 184680 operations; [READ: Count=92652 Max=1304.58 Min=2.59 Avg=201.80 10=72.64 25=133.25 50=195.46 75=264.45 90=335.87 95=386.05 99=501.50 99.9=677.89 99.99=924.16] [UPDATE: Count=92028 Max=22839.29 Min=7.80 Avg=214.72 10=81.92 25=142.34 50=205.31 75=275.71 90=349.44 95=402.18 99=529.92 99.9=851.46 99.99=3502.08]
2025-04-21 14:29:00 81 sec: 189695 operations; [READ: Count=95133 Max=1304.58 Min=2.59 Avg=201.45 10=72.19 25=132.86 50=195.20 75=264.45 90=335.62 95=385.79 99=500.74 99.9=677.38 99.99=894.98] [UPDATE: Count=94562 Max=22839.29 Min=7.80 Avg=214.53 10=81.60 25=142.21 50=205.18 75=275.45 90=348.93 95=401.41 99=529.41 99.9=852.48 99.99=4505.60]
2025-04-21 14:29:01 82 sec: 194883 operations; [READ: Count=97702 Max=1304.58 Min=2.59 Avg=201.02 10=71.81 25=132.48 50=194.81 75=263.94 90=335.10 95=385.54 99=499.45 99.9=675.33 99.99=894.98] [UPDATE: Count=97181 Max=22839.29 Min=7.80 Avg=214.09 10=81.09 25=141.82 50=204.80 75=274.94 90=348.42 95=400.64 99=527.87 99.9=862.21 99.99=4505.60]
2025-04-21 14:29:02 83 sec: 200189 operations; [READ: Count=100390 Max=1304.58 Min=2.59 Avg=200.49 10=71.30 25=131.97 50=194.43 75=263.68 90=334.85 95=384.77 99=498.18 99.9=673.79 99.99=894.98] [UPDATE: Count=99799 Max=22839.29 Min=7.80 Avg=213.56 10=80.58 25=141.44 50=204.41 75=274.69 90=347.90 95=399.62 99=526.85 99.9=852.48 99.99=4505.60]
2025-04-21 14:29:03 84 sec: 206525 operations; [READ: Count=103553 Max=1304.58 Min=2.59 Avg=199.02 10=69.89 25=129.85 50=193.02 75=262.40 90=333.57 95=383.49 99=496.89 99.9=672.25 99.99=894.98] [UPDATE: Count=102972 Max=22839.29 Min=7.70 Avg=211.94 10=78.85 25=139.26 50=202.75 75=273.41 90=346.62 95=398.33 99=525.31 99.9=851.46 99.99=4505.60]
2025-04-21 14:29:04 85 sec: 217410 operations; [READ: Count=109029 Max=1304.58 Min=2.23 Avg=193.28 10=66.24 25=119.10 50=186.37 75=258.18 90=329.98 95=380.16 99=493.57 99.9=667.13 99.99=890.88] [UPDATE: Count=108381 Max=22839.29 Min=7.70 Avg=206.21 10=74.88 25=128.83 50=196.48 75=269.06 90=343.04 95=395.26 99=521.47 99.9=849.41 99.99=4073.47]
2025-04-21 14:29:05 86 sec: 228636 operations; [READ: Count=114680 Max=1304.58 Min=2.23 Avg=187.76 10=63.01 25=106.62 50=179.71 75=253.95 90=326.14 95=376.57 99=489.98 99.9=664.06 99.99=890.88] [UPDATE: Count=113956 Max=22839.29 Min=7.50 Avg=200.78 10=71.55 25=117.18 50=189.82 75=264.70 90=339.71 95=391.68 99=517.63 99.9=846.85 99.99=4505.60]
2025-04-21 14:29:06 87 sec: 241025 operations; [READ: Count=120813 Max=6246.40 Min=2.23 Avg=181.99 10=59.65 25=94.66 50=172.54 75=249.47 90=322.56 95=372.99 99=486.14 99.9=663.55 99.99=935.93] [UPDATE: Count=120212 Max=22839.29 Min=7.50 Avg=194.77 10=67.65 25=104.96 50=182.53 75=259.97 90=335.87 95=387.84 99=513.79 99.9=852.48 99.99=4073.47]
2025-04-21 14:29:07 88 sec: 255518 operations; [READ: Count=128104 Max=6246.40 Min=2.23 Avg=175.23 10=55.58 25=84.86 50=164.22 75=244.22 90=317.69 95=368.64 99=481.02 99.9=657.41 99.99=924.16] [UPDATE: Count=127414 Max=22839.29 Min=7.50 Avg=187.88 10=63.45 25=94.53 50=174.21 75=254.72 90=331.52 95=383.49 99=509.18 99.9=847.36 99.99=3502.08]
2025-04-21 14:29:08 89 sec: 272653 operations; [READ: Count=136636 Max=6246.40 Min=2.23 Avg=167.60 10=50.17 25=75.97 50=154.88 75=238.34 90=313.09 95=364.29 99=477.69 99.9=652.29 99.99=924.16] [UPDATE: Count=136017 Max=22839.29 Min=6.79 Avg=179.91 10=57.02 25=84.99 50=164.61 75=248.70 90=326.40 95=378.37 99=504.57 99.9=837.12 99.99=3170.30]
2025-04-21 14:29:09 90 sec: 294090 operations; [READ: Count=147440 Max=6246.40 Min=2.23 Avg=158.32 10=35.45 25=66.69 50=143.23 75=231.29 90=307.45 95=358.91 99=471.30 99.9=646.14 99.99=898.05] [UPDATE: Count=146650 Max=22839.29 Min=6.79 Avg=170.55 10=43.30 25=75.14 50=152.96 75=241.66 90=321.02 95=372.99 99=499.97 99.9=835.58 99.99=3024.89]
2025-04-21 14:29:10 91 sec: 314807 operations; [READ: Count=157808 Max=6246.40 Min=2.23 Avg=150.72 10=32.30 25=57.73 50=131.58 75=224.90 90=302.85 95=354.56 99=469.50 99.9=659.46 99.99=991.74] [UPDATE: Count=156999 Max=22839.29 Min=6.79 Avg=162.74 10=38.98 25=66.17 50=141.69 75=235.52 90=316.16 95=369.15 99=499.20 99.9=840.19 99.99=2949.12]
2025-04-21 14:29:11 92 sec: 335478 operations; [READ: Count=168194 Max=6246.40 Min=2.23 Avg=144.08 10=31.28 25=51.36 50=117.82 75=218.37 90=298.50 95=350.46 99=466.43 99.9=660.99 99.99=975.36] [UPDATE: Count=167284 Max=22839.29 Min=6.79 Avg=155.91 10=37.89 25=59.42 50=128.13 75=229.25 90=311.55 95=364.80 99=495.62 99.9=830.98 99.99=2887.68]
2025-04-21 14:29:12 93 sec: 356578 operations; [READ: Count=178696 Max=6246.40 Min=2.23 Avg=138.07 10=25.73 25=48.70 50=103.87 75=211.97 90=293.63 95=345.86 99=462.59 99.9=657.92 99.99=948.22] [UPDATE: Count=177882 Max=22839.29 Min=6.79 Avg=149.66 10=36.38 25=56.06 50=114.24 75=222.59 90=306.43 95=360.19 99=491.26 99.9=820.74 99.99=2861.05]
2025-04-21 14:29:13 94 sec: 378559 operations; [READ: Count=189524 Max=6246.40 Min=2.23 Avg=132.47 10=17.71 25=46.24 50=93.38 75=205.31 90=288.77 95=341.50 99=458.75 99.9=649.73 99.99=946.69] [UPDATE: Count=189035 Max=22839.29 Min=6.79 Avg=143.72 10=29.60 25=53.31 50=103.36 75=215.68 90=301.57 95=356.10 99=486.65 99.9=802.30 99.99=2662.40]
2025-04-21 14:29:14 95 sec: 400167 operations; [READ: Count=200316 Max=6246.40 Min=2.23 Avg=127.56 10=14.56 25=43.62 50=85.95 75=198.53 90=284.42 95=337.41 99=454.40 99.9=643.58 99.99=944.13] [UPDATE: Count=199851 Max=22839.29 Min=6.79 Avg=138.62 10=25.20 25=51.07 50=95.42 75=209.28 90=296.96 95=351.74 99=481.79 99.9=792.06 99.99=2662.40]
2025-04-21 14:29:15 96 sec: 421025 operations; [READ: Count=210701 Max=6246.40 Min=2.23 Avg=123.38 10=12.52 25=40.93 50=79.68 75=192.51 90=280.57 95=334.08 99=451.58 99.9=643.58 99.99=946.69] [UPDATE: Count=210324 Max=22839.29 Min=6.79 Avg=134.26 10=22.46 25=48.93 50=89.02 75=202.88 90=292.86 95=348.42 99=477.69 99.9=790.01 99.99=2662.40]
2025-04-21 14:29:16 97 sec: 436044 operations; [READ: Count=218245 Max=6246.40 Min=2.23 Avg=121.15 10=11.52 25=39.33 50=75.58 75=188.41 90=278.78 95=333.06 99=455.94 99.9=699.90 99.99=1124.35] [UPDATE: Count=217799 Max=22839.29 Min=6.79 Avg=132.14 10=21.21 25=47.55 50=84.86 75=198.91 90=290.81 95=347.39 99=484.35 99.9=849.92 99.99=2662.40]
2025-04-21 14:29:17 98 sec: 455678 operations; [READ: Count=228065 Max=6246.40 Min=2.23 Avg=117.87 10=10.70 25=38.69 50=71.23 75=182.40 90=275.45 95=329.98 99=452.61 99.9=694.78 99.99=1107.97] [UPDATE: Count=227613 Max=22839.29 Min=6.79 Avg=128.81 10=20.24 25=46.88 50=79.87 75=193.28 90=287.49 95=344.32 99=480.25 99.9=842.24 99.99=2662.40]
2025-04-21 14:29:18 99 sec: 475486 operations; [READ: Count=237850 Max=6246.40 Min=2.23 Avg=114.88 10=10.18 25=38.27 50=67.07 75=176.64 90=271.87 95=326.65 99=449.02 99.9=689.15 99.99=1106.94] [UPDATE: Count=237636 Max=22839.29 Min=6.79 Avg=125.64 10=19.42 25=46.24 50=75.45 75=187.39 90=283.65 95=341.25 99=476.67 99.9=837.12 99.99=2637.82]
2025-04-21 14:29:19 100 sec: 495659 operations; [READ: Count=247927 Max=6246.40 Min=2.23 Avg=112.02 10=9.68 25=37.85 50=63.07 75=170.75 90=268.54 95=323.58 99=445.69 99.9=685.57 99.99=1105.92] [UPDATE: Count=247732 Max=22839.29 Min=6.79 Avg=122.68 10=18.69 25=45.70 50=71.42 75=181.50 90=280.32 95=338.18 99=473.34 99.9=830.98 99.99=2621.44]
2025-04-21 14:29:20 101 sec: 514922 operations; [READ: Count=257582 Max=6246.40 Min=2.23 Avg=109.58 10=9.38 25=37.66 50=59.62 75=165.38 90=265.47 95=320.77 99=443.13 99.9=677.89 99.99=1098.75] [UPDATE: Count=257340 Max=22839.29 Min=6.79 Avg=120.16 10=18.18 25=45.41 50=68.03 75=176.00 90=277.25 95=335.36 99=470.27 99.9=823.81 99.99=2603.01]
2025-04-21 14:29:21 102 sec: 529475 operations; [READ: Count=264734 Max=6246.40 Min=2.23 Avg=108.35 10=9.18 25=37.47 50=57.38 75=162.05 90=263.94 95=320.00 99=446.98 99.9=708.61 99.99=1108.99] [UPDATE: Count=264741 Max=22839.29 Min=6.79 Avg=118.80 10=17.87 25=45.15 50=65.92 75=172.80 90=275.71 95=334.85 99=473.86 99.9=835.07 99.99=2603.01]
2025-04-21 14:29:22 103 sec: 549223 operations; [READ: Count=274748 Max=6246.40 Min=2.07 Avg=106.04 10=8.89 25=37.25 50=55.42 75=156.67 90=260.61 95=316.93 99=443.90 99.9=703.49 99.99=1107.97] [UPDATE: Count=274475 Max=22839.29 Min=6.79 Avg=116.52 10=17.42 25=44.83 50=64.03 75=167.42 90=272.64 95=332.03 99=471.04 99.9=830.98 99.99=2594.82]
2025-04-21 14:29:23 104 sec: 570623 operations; [READ: Count=285403 Max=6246.40 Min=2.07 Avg=103.66 10=8.53 25=36.86 50=53.89 75=150.91 90=257.41 95=314.11 99=440.57 99.9=697.86 99.99=1105.92] [UPDATE: Count=285220 Max=22839.29 Min=6.79 Avg=114.00 10=16.86 25=44.35 50=62.27 75=161.66 90=269.06 95=328.96 99=467.97 99.9=823.81 99.99=2422.78]
2025-04-21 14:29:24 105 sec: 592320 operations; [READ: Count=296356 Max=6246.40 Min=2.07 Avg=101.36 10=8.18 25=36.51 50=52.80 75=145.15 90=254.21 95=311.55 99=437.50 99.9=692.22 99.99=1105.92] [UPDATE: Count=295964 Max=22839.29 Min=6.79 Avg=111.64 10=16.41 25=43.94 50=61.02 75=155.90 90=265.98 95=326.14 99=464.89 99.9=815.10 99.99=2326.53]
2025-04-21 14:29:25 106 sec: 614109 operations; [READ: Count=307298 Max=6246.40 Min=2.07 Avg=99.19 10=7.90 25=36.16 50=51.81 75=139.52 90=251.13 95=308.74 99=435.20 99.9=689.66 99.99=1105.92] [UPDATE: Count=306811 Max=22839.29 Min=6.79 Avg=109.45 10=16.02 25=43.55 50=59.97 75=150.01 90=262.91 95=323.58 99=462.33 99.9=809.98 99.99=2293.76]
2025-04-21 14:29:26 107 sec: 632788 operations; [READ: Count=316606 Max=6246.40 Min=2.07 Avg=97.66 10=7.70 25=35.81 50=51.10 75=134.78 90=249.09 95=307.20 99=436.99 99.9=707.58 99.99=1105.92] [UPDATE: Count=316182 Max=22839.29 Min=6.79 Avg=107.93 10=15.71 25=43.13 50=59.13 75=145.53 90=260.48 95=322.05 99=464.64 99.9=826.37 99.99=2293.76]
2025-04-21 14:29:27 108 sec: 656277 operations; [READ: Count=328433 Max=6246.40 Min=2.07 Avg=95.52 10=7.47 25=35.52 50=50.40 75=128.00 90=245.76 95=304.38 99=433.66 99.9=701.95 99.99=1098.75] [UPDATE: Count=327844 Max=22839.29 Min=6.79 Avg=105.71 10=15.37 25=42.75 50=58.27 75=139.01 90=257.15 95=318.98 99=461.06 99.9=820.22 99.99=2263.04]
2025-04-21 14:29:28 109 sec: 680942 operations; [READ: Count=340716 Max=6246.40 Min=2.07 Avg=93.36 10=7.25 25=35.20 50=49.70 75=121.28 90=242.30 95=301.57 99=430.85 99.9=696.83 99.99=1096.70] [UPDATE: Count=340226 Max=22839.29 Min=6.79 Avg=103.46 10=15.02 25=42.30 50=57.38 75=131.97 90=253.82 95=316.16 99=457.98 99.9=813.05 99.99=2211.84]
2025-04-21 14:29:29 110 sec: 704331 operations; [READ: Count=352366 Max=6246.40 Min=2.07 Avg=91.49 10=7.13 25=34.91 50=49.09 75=116.16 90=239.62 95=299.26 99=428.80 99.9=693.25 99.99=1084.41] [UPDATE: Count=351965 Max=22839.29 Min=6.79 Avg=101.56 10=14.87 25=42.02 50=56.67 75=126.27 90=250.88 95=313.86 99=456.19 99.9=803.84 99.99=2121.73]
2025-04-21 14:29:30 111 sec: 730102 operations; [READ: Count=365262 Max=6246.40 Min=1.93 Avg=89.46 10=6.94 25=34.56 50=48.45 75=111.55 90=236.16 95=296.70 99=426.24 99.9=689.15 99.99=1079.30] [UPDATE: Count=364840 Max=22839.29 Min=6.79 Avg=99.46 10=14.57 25=41.53 50=55.90 75=121.34 90=247.55 95=310.78 99=452.86 99.9=796.67 99.99=2075.65]
2025-04-21 14:29:31 112 sec: 755876 operations; [READ: Count=378175 Max=6246.40 Min=1.93 Avg=87.56 10=6.79 25=34.30 50=47.94 75=107.90 90=232.96 95=293.89 99=423.68 99.9=685.05 99.99=1076.22] [UPDATE: Count=377701 Max=22839.29 Min=6.79 Avg=97.51 10=14.36 25=41.22 50=55.33 75=117.44 90=244.22 95=307.97 99=450.30 99.9=791.04 99.99=2000.89]
2025-04-21 14:29:32 113 sec: 781253 operations; [READ: Count=390819 Max=6246.40 Min=1.93 Avg=85.83 10=6.68 25=34.08 50=47.55 75=105.02 90=229.63 95=291.07 99=420.86 99.9=676.35 99.99=1075.20] [UPDATE: Count=390434 Max=22839.29 Min=6.79 Avg=95.74 10=14.15 25=40.93 50=54.88 75=114.30 90=241.02 95=305.15 99=447.74 99.9=784.38 99.99=1993.73]
2025-04-21 14:29:33 114 sec: 806091 operations; [READ: Count=403074 Max=6246.40 Min=1.93 Avg=84.28 10=6.56 25=33.89 50=47.26 75=102.46 90=226.43 95=288.25 99=418.56 99.9=673.28 99.99=1061.89] [UPDATE: Count=403017 Max=22839.29 Min=6.79 Avg=94.12 10=13.97 25=40.67 50=54.53 75=111.55 90=237.95 95=302.33 99=444.67 99.9=779.26 99.99=1971.20]
2025-04-21 14:29:34 115 sec: 829067 operations; [READ: Count=414511 Max=6246.40 Min=1.93 Avg=83.03 10=6.48 25=33.76 50=47.07 75=100.29 90=223.74 95=286.21 99=417.02 99.9=672.77 99.99=1056.77] [UPDATE: Count=414556 Max=22839.29 Min=6.79 Avg=92.79 10=13.82 25=40.48 50=54.34 75=109.31 90=235.39 95=300.29 99=442.88 99.9=774.14 99.99=1971.20]
2025-04-21 14:29:35 116 sec: 850017 operations; [READ: Count=424999 Max=6246.40 Min=1.93 Avg=82.00 10=6.41 25=33.63 50=47.13 75=98.24 90=221.06 95=284.42 99=414.72 99.9=671.74 99.99=1053.69] [UPDATE: Count=425018 Max=22839.29 Min=6.79 Avg=91.80 10=13.71 25=40.32 50=54.37 75=107.26 90=232.83 95=298.24 99=441.09 99.9=770.56 99.99=1969.15]
2025-04-21 14:29:36 117 sec: 869385 operations; [READ: Count=434660 Max=6246.40 Min=1.93 Avg=81.21 10=6.35 25=33.53 50=47.26 75=96.58 90=218.62 95=282.62 99=412.93 99.9=669.18 99.99=1053.69] [UPDATE: Count=434725 Max=22839.29 Min=6.79 Avg=90.98 10=13.61 25=40.19 50=54.53 75=105.53 90=230.53 95=296.19 99=439.04 99.9=767.49 99.99=1969.15]
2025-04-21 14:29:37 118 sec: 887124 operations; [READ: Count=443499 Max=6246.40 Min=1.93 Avg=80.61 10=6.30 25=33.44 50=47.42 75=95.30 90=216.32 95=280.83 99=411.39 99.9=667.13 99.99=1044.48] [UPDATE: Count=443625 Max=22839.29 Min=6.79 Avg=90.37 10=13.54 25=40.03 50=54.69 75=104.32 90=228.48 95=294.65 99=436.99 99.9=762.88 99.99=1892.35]
2025-04-21 14:29:38 119 sec: 904300 operations; [READ: Count=452084 Max=6246.40 Min=1.93 Avg=80.03 10=6.26 25=33.28 50=47.49 75=94.21 90=214.40 95=279.55 99=410.37 99.9=667.13 99.99=1040.89] [UPDATE: Count=452216 Max=22839.29 Min=6.70 Avg=89.88 10=13.47 25=39.87 50=54.75 75=103.23 90=226.56 95=293.12 99=436.22 99.9=762.37 99.99=1971.20]
2025-04-21 14:29:39 120 sec: 937531 operations; [READ: Count=468789 Max=6246.40 Min=1.73 Avg=78.06 10=6.25 25=32.80 50=46.43 75=91.01 90=210.43 95=276.48 99=406.78 99.9=660.99 99.99=1026.05] [UPDATE: Count=468742 Max=22839.29 Min=6.34 Avg=87.91 10=13.35 25=39.17 50=53.73 75=100.22 90=222.72 95=290.05 99=432.38 99.9=753.15 99.99=1892.35]
2025-04-21 14:29:40 121 sec: 969115 operations; [READ: Count=484474 Max=6246.40 Min=1.73 Avg=76.36 10=6.25 25=32.48 50=45.38 75=87.68 90=206.46 95=273.66 99=404.48 99.9=658.43 99.99=1025.54] [UPDATE: Count=484641 Max=22839.29 Min=6.34 Avg=86.21 10=13.29 25=38.69 50=52.73 75=97.15 90=219.01 95=287.49 99=429.57 99.9=747.52 99.99=1892.35]
2025-04-21 14:29:41 122 sec: 1000000 operations; [READ: Count=499968 Max=6246.40 Min=1.73 Avg=74.76 10=6.25 25=32.14 50=44.19 75=83.90 90=202.75 95=270.85 99=401.92 99.9=653.82 99.99=1017.34] [UPDATE: Count=500032 Max=22839.29 Min=6.34 Avg=84.60 10=13.23 25=38.24 50=51.74 75=94.02 90=215.55 95=284.67 99=427.01 99.9=739.84 99.99=1842.17]
2025-04-21 14:29:42 123 sec: 1000000 operations; [READ: Count=499968 Max=6246.40 Min=1.73 Avg=74.76 10=6.25 25=32.14 50=44.19 75=83.90 90=202.75 95=270.85 99=401.92 99.9=653.82 99.99=1017.34] [UPDATE: Count=500032 Max=22839.29 Min=6.34 Avg=84.60 10=13.23 25=38.24 50=51.74 75=94.02 90=215.55 95=284.67 99=427.01 99.9=739.84 99.99=1842.17]
2025-04-21 14:29:43 124 sec: 1000000 operations; [READ: Count=499968 Max=6246.40 Min=1.73 Avg=74.76 10=6.25 25=32.14 50=44.19 75=83.90 90=202.75 95=270.85 99=401.92 99.9=653.82 99.99=1017.34] [UPDATE: Count=500032 Max=22839.29 Min=6.34 Avg=84.60 10=13.23 25=38.24 50=51.74 75=94.02 90=215.55 95=284.67 99=427.01 99.9=739.84 99.99=1842.17]
2025-04-21 14:29:44 125 sec: 1000000 operations; [READ: Count=499968 Max=6246.40 Min=1.73 Avg=74.76 10=6.25 25=32.14 50=44.19 75=83.90 90=202.75 95=270.85 99=401.92 99.9=653.82 99.99=1017.34] [UPDATE: Count=500032 Max=22839.29 Min=6.34 Avg=84.60 10=13.23 25=38.24 50=51.74 75=94.02 90=215.55 95=284.67 99=427.01 99.9=739.84 99.99=1842.17]
2025-04-21 14:29:45 126 sec: 1000000 operations; [READ: Count=499968 Max=6246.40 Min=1.73 Avg=74.76 10=6.25 25=32.14 50=44.19 75=83.90 90=202.75 95=270.85 99=401.92 99.9=653.82 99.99=1017.34] [UPDATE: Count=500032 Max=22839.29 Min=6.34 Avg=84.60 10=13.23 25=38.24 50=51.74 75=94.02 90=215.55 95=284.67 99=427.01 99.9=739.84 99.99=1842.17]
2025-04-21 14:29:46 127 sec: 1000000 operations; [READ: Count=499968 Max=6246.40 Min=1.73 Avg=74.76 10=6.25 25=32.14 50=44.19 75=83.90 90=202.75 95=270.85 99=401.92 99.9=653.82 99.99=1017.34] [UPDATE: Count=500032 Max=22839.29 Min=6.34 Avg=84.60 10=13.23 25=38.24 50=51.74 75=94.02 90=215.55 95=284.67 99=427.01 99.9=739.84 99.99=1842.17]
2025-04-21 14:29:46 127 sec: 1000000 operations; [READ: Count=499968 Max=6246.40 Min=1.73 Avg=74.76 10=6.25 25=32.14 50=44.19 75=83.90 90=202.75 95=270.85 99=401.92 99.9=653.82 99.99=1017.34] [UPDATE: Count=500032 Max=22839.29 Min=6.34 Avg=84.60 10=13.23 25=38.24 50=51.74 75=94.02 90=215.55 95=284.67 99=427.01 99.9=739.84 99.99=1842.17]
Run runtime(sec): 127.262
Run operations(ops): 1000000
Run throughput(ops/sec): 7857.8
