Running scope as unit: run-r98b39d47fa394b048356648a3378429d.scope
load file:/home/user/DataFiles/silesia_data/silesia.tar
2025-04-21 14:27:39 0 sec: 0 operations;
2025-04-21 14:27:40 1 sec: 0 operations;
2025-04-21 14:27:41 2 sec: 0 operations;
2025-04-21 14:27:42 3 sec: 0 operations;
2025-04-21 14:27:43 4 sec: 0 operations;
2025-04-21 14:27:44 5 sec: 0 operations;
2025-04-21 14:27:45 6 sec: 0 operations;
2025-04-21 14:27:46 7 sec: 0 operations;
2025-04-21 14:27:47 8 sec: 0 operations;
2025-04-21 14:27:48 9 sec: 0 operations;
2025-04-21 14:27:49 10 sec: 0 operations;
2025-04-21 14:27:50 11 sec: 0 operations;
2025-04-21 14:27:51 12 sec: 0 operations;
2025-04-21 14:27:52 13 sec: 0 operations;
2025-04-21 14:27:53 14 sec: 0 operations;
2025-04-21 14:27:54 15 sec: 0 operations;
2025-04-21 14:27:55 16 sec: 0 operations;
2025-04-21 14:27:56 17 sec: 0 operations;
2025-04-21 14:27:57 18 sec: 0 operations;
2025-04-21 14:27:58 19 sec: 0 operations;
2025-04-21 14:27:59 20 sec: 0 operations;
2025-04-21 14:28:00 21 sec: 0 operations;
2025-04-21 14:28:01 22 sec: 0 operations;
2025-04-21 14:28:02 23 sec: 0 operations;
2025-04-21 14:28:03 24 sec: 0 operations;
2025-04-21 14:28:04 25 sec: 0 operations;
2025-04-21 14:28:05 26 sec: 0 operations;
2025-04-21 14:28:06 27 sec: 0 operations;
2025-04-21 14:28:07 28 sec: 0 operations;
2025-04-21 14:28:08 29 sec: 0 operations;
2025-04-21 14:28:09 30 sec: 0 operations;
2025-04-21 14:28:10 31 sec: 0 operations;
2025-04-21 14:28:11 32 sec: 0 operations;
2025-04-21 14:28:12 33 sec: 5737 operations; [READ: Count=2813 Max=830.46 Min=4.07 Avg=39.61 10=14.62 25=19.42 50=24.43 75=34.30 90=95.68 95=102.27 99=130.43 99.9=487.94 99.99=830.46] [UPDATE: Count=2924 Max=832.51 Min=9.74 Avg=47.75 10=21.93 25=26.18 50=31.98 75=41.22 90=103.30 95=111.23 99=263.42 99.9=555.52 99.99=832.51]
2025-04-21 14:28:13 34 sec: 29058 operations; [READ: Count=14383 Max=830.46 Min=3.06 Avg=37.94 10=15.01 25=20.48 50=25.87 75=35.42 90=95.74 95=102.33 99=114.17 99.9=344.06 99.99=601.09] [UPDATE: Count=14675 Max=1100.80 Min=9.25 Avg=46.45 10=22.69 25=27.76 50=34.17 75=44.13 90=104.13 95=111.23 99=126.53 99.9=428.29 99.99=832.51]
2025-04-21 14:28:14 35 sec: 45496 operations; [READ: Count=22581 Max=2990.08 Min=3.06 Avg=44.60 10=15.24 25=20.88 50=26.46 75=36.03 90=96.13 95=103.04 99=118.85 99.9=2226.18 99.99=2809.86] [UPDATE: Count=22915 Max=6004.73 Min=8.90 Avg=52.49 10=22.67 25=28.18 50=34.66 75=44.29 90=104.00 95=111.74 99=131.97 99.9=2097.15 99.99=2938.88]
2025-04-21 14:28:15 36 sec: 69551 operations; [READ: Count=34654 Max=2990.08 Min=2.82 Avg=41.80 10=15.31 25=21.23 50=27.01 75=36.54 90=95.23 95=102.97 99=117.89 99.9=1991.68 99.99=2750.46] [UPDATE: Count=34897 Max=6004.73 Min=8.90 Avg=49.75 10=22.78 25=28.54 50=35.23 75=44.64 90=103.23 95=111.30 99=129.73 99.9=1933.31 99.99=2744.32]
2025-04-21 14:28:16 37 sec: 92160 operations; [READ: Count=45942 Max=2990.08 Min=2.82 Avg=41.02 10=15.53 25=21.66 50=28.03 75=37.66 90=94.78 95=103.30 99=120.32 99.9=1804.29 99.99=2633.73] [UPDATE: Count=46218 Max=6004.73 Min=8.90 Avg=49.24 10=22.98 25=29.05 50=36.16 75=45.92 90=102.46 95=111.87 99=132.61 99.9=1829.89 99.99=2641.92]
2025-04-21 14:28:17 38 sec: 115567 operations; [READ: Count=57592 Max=2990.08 Min=2.60 Avg=40.24 10=15.29 25=21.73 50=28.29 75=37.79 90=94.02 95=103.10 99=121.34 99.9=1609.73 99.99=2627.58] [UPDATE: Count=57975 Max=6004.73 Min=7.66 Avg=48.63 10=22.78 25=29.17 50=36.38 75=46.11 90=101.82 95=111.87 99=135.29 99.9=1669.12 99.99=2586.62]
2025-04-21 14:28:18 39 sec: 132449 operations; [READ: Count=65854 Max=2990.08 Min=2.50 Avg=41.79 10=15.05 25=21.71 50=28.19 75=37.66 90=94.08 95=103.23 99=125.31 99.9=1914.88 99.99=2637.82] [UPDATE: Count=66595 Max=6004.73 Min=7.66 Avg=50.59 10=22.56 25=29.09 50=36.29 75=45.92 90=101.82 95=112.00 99=146.56 99.9=1914.88 99.99=2938.88]
2025-04-21 14:28:19 40 sec: 153625 operations; [READ: Count=76419 Max=2990.08 Min=2.50 Avg=41.70 10=14.76 25=21.68 50=28.09 75=37.63 90=94.21 95=103.17 99=125.76 99.9=1812.48 99.99=2633.73] [UPDATE: Count=77206 Max=6004.73 Min=7.34 Avg=50.69 10=22.21 25=28.94 50=36.13 75=45.95 90=102.21 95=112.00 99=152.96 99.9=1842.17 99.99=2916.35]
2025-04-21 14:28:20 41 sec: 171898 operations; [READ: Count=85564 Max=2990.08 Min=2.50 Avg=42.11 10=14.63 25=21.65 50=28.22 75=38.05 90=94.97 95=104.19 99=129.73 99.9=1751.04 99.99=2627.58] [UPDATE: Count=86334 Max=28917.76 Min=7.34 Avg=51.88 10=22.14 25=28.98 50=36.29 75=46.49 90=103.30 95=113.22 99=184.45 99.9=1818.62 99.99=2938.88]
2025-04-21 14:28:21 42 sec: 192461 operations; [READ: Count=95820 Max=2990.08 Min=2.47 Avg=42.19 10=14.39 25=21.54 50=28.16 75=38.30 90=95.49 95=104.58 99=134.66 99.9=1664.00 99.99=2584.57] [UPDATE: Count=96641 Max=28917.76 Min=7.34 Avg=51.91 10=21.86 25=28.85 50=36.26 75=46.78 90=103.87 95=113.66 99=189.57 99.9=1748.99 99.99=2916.35]
2025-04-21 14:28:22 43 sec: 209787 operations; [READ: Count=104463 Max=2990.08 Min=2.47 Avg=43.04 10=14.18 25=21.49 50=28.30 75=38.94 90=96.32 95=105.73 99=164.22 99.9=1565.69 99.99=2584.57] [UPDATE: Count=105324 Max=28917.76 Min=7.34 Avg=52.66 10=21.57 25=28.75 50=36.35 75=47.55 90=104.64 95=114.94 99=214.53 99.9=1702.91 99.99=2914.30]
2025-04-21 14:28:23 44 sec: 224642 operations; [READ: Count=111829 Max=2990.08 Min=2.47 Avg=44.13 10=14.16 25=21.61 50=28.77 75=40.09 90=97.41 95=107.52 99=182.53 99.9=1490.94 99.99=2576.38] [UPDATE: Count=112813 Max=28917.76 Min=7.34 Avg=53.99 10=21.60 25=28.94 50=36.86 75=48.99 90=105.92 95=117.44 99=245.63 99.9=1672.19 99.99=2914.30]
2025-04-21 14:28:24 45 sec: 236270 operations; [READ: Count=117556 Max=4820.99 Min=2.47 Avg=45.74 10=14.14 25=21.73 50=29.20 75=41.18 90=98.17 95=108.99 99=218.24 99.9=1503.23 99.99=2627.58] [UPDATE: Count=118714 Max=28917.76 Min=7.34 Avg=55.88 10=21.63 25=29.12 50=37.34 75=50.34 90=106.75 95=119.23 99=293.89 99.9=1713.15 99.99=3112.96]
2025-04-21 14:28:25 46 sec: 252042 operations; [READ: Count=125406 Max=4820.99 Min=2.47 Avg=46.34 10=14.13 25=21.90 50=29.71 75=42.69 90=98.81 95=110.33 99=211.58 99.9=1466.37 99.99=2627.58] [UPDATE: Count=126636 Max=28917.76 Min=7.34 Avg=56.69 10=21.71 25=29.34 50=37.92 75=52.38 90=107.65 95=121.22 99=291.58 99.9=1674.24 99.99=3053.57]
2025-04-21 14:28:26 47 sec: 266962 operations; [READ: Count=132965 Max=4820.99 Min=2.47 Avg=47.02 10=14.11 25=22.05 50=30.22 75=44.09 90=99.52 95=111.81 99=215.29 99.9=1441.79 99.99=2627.58] [UPDATE: Count=133997 Max=28917.76 Min=7.34 Avg=57.61 10=21.77 25=29.54 50=38.46 75=54.24 90=108.48 95=123.33 99=296.45 99.9=1678.34 99.99=3112.96]
2025-04-21 14:28:27 48 sec: 282313 operations; [READ: Count=140559 Max=4820.99 Min=2.47 Avg=47.57 10=14.06 25=22.18 50=30.66 75=45.47 90=100.09 95=113.22 99=215.29 99.9=1413.12 99.99=2627.58] [UPDATE: Count=141754 Max=28917.76 Min=7.34 Avg=58.31 10=21.87 25=29.73 50=38.98 75=55.97 90=109.12 95=125.25 99=299.26 99.9=1669.12 99.99=3053.57]
2025-04-21 14:28:28 49 sec: 296869 operations; [READ: Count=147814 Max=4820.99 Min=2.47 Avg=48.25 10=13.97 25=22.25 50=31.04 75=46.43 90=100.54 95=114.37 99=233.98 99.9=1413.12 99.99=2627.58] [UPDATE: Count=149055 Max=28917.76 Min=7.34 Avg=59.06 10=21.89 25=29.89 50=39.42 75=57.22 90=109.76 95=126.91 99=318.98 99.9=1660.93 99.99=2969.60]
2025-04-21 14:28:29 50 sec: 310838 operations; [READ: Count=154811 Max=4820.99 Min=2.47 Avg=48.94 10=13.97 25=22.37 50=31.44 75=47.84 90=101.12 95=115.90 99=247.42 99.9=1377.28 99.99=2627.58] [UPDATE: Count=156027 Max=28917.76 Min=7.34 Avg=59.86 10=21.97 25=30.06 50=39.87 75=58.94 90=110.40 95=128.96 99=328.19 99.9=1632.26 99.99=2945.02]
2025-04-21 14:28:30 51 sec: 326577 operations; [READ: Count=162633 Max=4820.99 Min=2.47 Avg=49.25 10=13.87 25=22.46 50=31.81 75=48.90 90=101.63 95=116.93 99=240.77 99.9=1350.65 99.99=2584.57] [UPDATE: Count=163944 Max=28917.76 Min=7.34 Avg=60.28 10=21.98 25=30.21 50=40.32 75=60.22 90=110.97 95=130.30 99=323.84 99.9=1575.93 99.99=2945.02]
2025-04-21 14:28:31 52 sec: 341405 operations; [READ: Count=170006 Max=4820.99 Min=2.47 Avg=49.65 10=13.79 25=22.56 50=32.17 75=50.05 90=102.08 95=118.08 99=241.28 99.9=1341.44 99.99=2584.57] [UPDATE: Count=171399 Max=28917.76 Min=7.34 Avg=60.78 10=22.03 25=30.35 50=40.77 75=61.47 90=111.55 95=131.97 99=322.56 99.9=1596.41 99.99=2945.02]
2025-04-21 14:28:32 53 sec: 357750 operations; [READ: Count=178116 Max=4820.99 Min=2.47 Avg=49.77 10=13.62 25=22.61 50=32.45 75=50.56 90=102.33 95=118.85 99=239.62 99.9=1320.96 99.99=2584.57] [UPDATE: Count=179634 Max=28917.76 Min=7.34 Avg=61.01 10=21.98 25=30.46 50=41.09 75=62.14 90=112.00 95=132.99 99=320.25 99.9=1559.55 99.99=2938.88]
2025-04-21 14:28:33 54 sec: 372457 operations; [READ: Count=185530 Max=4820.99 Min=2.47 Avg=50.17 10=13.58 25=22.70 50=32.80 75=51.55 90=102.72 95=120.06 99=240.90 99.9=1316.86 99.99=2584.57] [UPDATE: Count=186927 Max=28917.76 Min=7.34 Avg=61.44 10=22.06 25=30.61 50=41.50 75=63.26 90=112.51 95=134.40 99=320.00 99.9=1547.26 99.99=2916.35]
2025-04-21 14:28:35 55 sec: 384545 operations; [READ: Count=191620 Max=4820.99 Min=2.47 Avg=50.90 10=13.54 25=22.75 50=33.05 75=52.16 90=103.10 95=121.28 99=266.75 99.9=1316.86 99.99=2584.57] [UPDATE: Count=192925 Max=28917.76 Min=7.34 Avg=62.26 10=22.08 25=30.69 50=41.79 75=64.06 90=112.96 95=135.81 99=340.48 99.9=1547.26 99.99=2945.02]
2025-04-21 14:28:36 56 sec: 400420 operations; [READ: Count=199606 Max=4820.99 Min=2.47 Avg=51.02 10=13.39 25=22.80 50=33.31 75=52.73 90=103.42 95=121.98 99=260.48 99.9=1308.67 99.99=2576.38] [UPDATE: Count=200814 Max=28917.76 Min=7.34 Avg=62.46 10=22.06 25=30.80 50=42.11 75=64.77 90=113.34 95=136.70 99=336.38 99.9=1531.90 99.99=2938.88]
2025-04-21 14:28:37 57 sec: 414619 operations; [READ: Count=206680 Max=4820.99 Min=2.21 Avg=51.33 10=13.36 25=22.86 50=33.60 75=53.57 90=103.81 95=123.07 99=259.58 99.9=1288.19 99.99=2572.29] [UPDATE: Count=207939 Max=28917.76 Min=7.34 Avg=62.91 10=22.13 25=30.91 50=42.49 75=65.86 90=113.92 95=138.24 99=334.85 99.9=1543.17 99.99=2938.88]
2025-04-21 14:28:38 58 sec: 430117 operations; [READ: Count=214436 Max=4820.99 Min=2.21 Avg=51.50 10=13.25 25=22.91 50=33.85 75=54.11 90=104.19 95=123.84 99=257.28 99.9=1288.19 99.99=2576.38] [UPDATE: Count=215681 Max=28917.76 Min=7.34 Avg=63.11 10=22.13 25=30.99 50=42.85 75=66.43 90=114.30 95=139.13 99=333.31 99.9=1536.00 99.99=2916.35]
2025-04-21 14:28:39 59 sec: 445161 operations; [READ: Count=222024 Max=4820.99 Min=2.21 Avg=51.72 10=13.20 25=22.96 50=34.14 75=54.78 90=104.38 95=124.73 99=254.34 99.9=1258.49 99.99=2576.38] [UPDATE: Count=223137 Max=28917.76 Min=7.34 Avg=63.35 10=22.14 25=31.09 50=43.17 75=67.26 90=114.69 95=139.90 99=329.47 99.9=1510.40 99.99=2916.35]
2025-04-21 14:28:40 60 sec: 456455 operations; [READ: Count=227651 Max=6258.69 Min=2.21 Avg=52.29 10=13.13 25=22.98 50=34.30 75=54.94 90=104.58 95=125.38 99=275.45 99.9=1308.67 99.99=2633.73] [UPDATE: Count=228804 Max=28917.76 Min=7.34 Avg=63.95 10=22.13 25=31.15 50=43.39 75=67.39 90=114.94 95=140.67 99=343.30 99.9=1540.10 99.99=2938.88]
2025-04-21 14:28:41 61 sec: 475221 operations; [READ: Count=237055 Max=6258.69 Min=2.21 Avg=52.03 10=12.91 25=22.93 50=34.34 75=54.75 90=104.45 95=124.99 99=269.06 99.9=1288.19 99.99=2627.58] [UPDATE: Count=238166 Max=28917.76 Min=7.34 Avg=63.64 10=21.93 25=31.10 50=43.42 75=67.07 90=114.69 95=140.16 99=338.94 99.9=1504.26 99.99=2916.35]
2025-04-21 14:28:42 62 sec: 495152 operations; [READ: Count=246948 Max=6258.69 Min=2.21 Avg=51.65 10=12.66 25=22.86 50=34.30 75=54.37 90=104.13 95=124.42 99=260.48 99.9=1256.45 99.99=2584.57] [UPDATE: Count=248204 Max=28917.76 Min=7.34 Avg=63.21 10=21.65 25=31.02 50=43.36 75=66.56 90=114.30 95=139.39 99=334.59 99.9=1480.70 99.99=2914.30]
2025-04-21 14:28:43 63 sec: 515120 operations; [READ: Count=256919 Max=6258.69 Min=2.21 Avg=51.32 10=12.41 25=22.78 50=34.27 75=54.02 90=103.87 95=123.97 99=254.72 99.9=1229.82 99.99=2576.38] [UPDATE: Count=258201 Max=28917.76 Min=7.34 Avg=62.81 10=21.39 25=30.93 50=43.33 75=66.05 90=113.98 95=138.62 99=329.47 99.9=1460.22 99.99=2881.53]
2025-04-21 14:28:44 64 sec: 534687 operations; [READ: Count=266804 Max=6258.69 Min=2.21 Avg=51.01 10=12.18 25=22.70 50=34.27 75=53.73 90=103.61 95=123.65 99=249.22 99.9=1217.54 99.99=2572.29] [UPDATE: Count=267883 Max=28917.76 Min=7.34 Avg=62.52 10=21.20 25=30.86 50=43.33 75=65.73 90=113.73 95=137.98 99=325.38 99.9=1445.89 99.99=2791.42]
2025-04-21 14:28:45 65 sec: 551883 operations; [READ: Count=275415 Max=6258.69 Min=2.21 Avg=50.92 10=11.99 25=22.66 50=34.30 75=53.57 90=103.49 95=123.58 99=250.24 99.9=1216.51 99.99=2564.09] [UPDATE: Count=276468 Max=28917.76 Min=7.34 Avg=62.55 10=21.02 25=30.82 50=43.36 75=65.50 90=113.66 95=137.98 99=329.98 99.9=1449.98 99.99=2916.35]
2025-04-21 14:28:46 66 sec: 568088 operations; [READ: Count=283486 Max=6258.69 Min=2.21 Avg=50.96 10=11.87 25=22.59 50=34.34 75=53.41 90=103.30 95=123.45 99=256.13 99.9=1221.63 99.99=2564.09] [UPDATE: Count=284602 Max=28917.76 Min=7.34 Avg=62.64 10=20.89 25=30.77 50=43.39 75=65.34 90=113.47 95=137.85 99=336.89 99.9=1440.77 99.99=2938.88]
2025-04-21 14:28:47 67 sec: 586735 operations; [READ: Count=292830 Max=53608.45 Min=2.21 Avg=50.86 10=11.67 25=22.50 50=34.30 75=53.22 90=103.10 95=123.07 99=250.75 99.9=1216.51 99.99=2564.09] [UPDATE: Count=293905 Max=28917.76 Min=7.34 Avg=62.36 10=20.70 25=30.70 50=43.36 75=65.06 90=113.22 95=137.47 99=334.33 99.9=1428.48 99.99=2916.35]
2025-04-21 14:28:48 68 sec: 600937 operations; [READ: Count=299899 Max=53608.45 Min=2.21 Avg=51.12 10=11.57 25=22.41 50=34.37 75=54.02 90=102.97 95=122.81 99=254.97 99.9=1214.46 99.99=2543.61] [UPDATE: Count=301038 Max=28917.76 Min=7.34 Avg=62.61 10=20.59 25=30.62 50=43.42 75=66.05 90=113.15 95=137.34 99=336.89 99.9=1416.19 99.99=2914.30]
2025-04-21 14:28:49 69 sec: 614741 operations; [READ: Count=306798 Max=53608.45 Min=2.21 Avg=51.45 10=11.46 25=22.30 50=34.43 75=55.13 90=102.85 95=122.75 99=261.63 99.9=1202.17 99.99=2521.09] [UPDATE: Count=307943 Max=28917.76 Min=7.34 Avg=62.89 10=20.43 25=30.51 50=43.49 75=67.33 90=113.02 95=137.09 99=340.74 99.9=1406.97 99.99=2881.53]
2025-04-21 14:28:50 70 sec: 626881 operations; [READ: Count=312851 Max=53608.45 Min=2.21 Avg=51.91 10=11.36 25=22.21 50=34.49 75=56.19 90=102.78 95=122.81 99=275.45 99.9=1206.27 99.99=2521.09] [UPDATE: Count=314030 Max=28917.76 Min=7.34 Avg=63.31 10=20.32 25=30.43 50=43.58 75=68.67 90=113.02 95=137.34 99=349.18 99.9=1401.86 99.99=2914.30]
2025-04-21 14:28:51 71 sec: 637906 operations; [READ: Count=318347 Max=53608.45 Min=2.21 Avg=52.38 10=11.31 25=22.16 50=34.56 75=57.15 90=102.78 95=122.94 99=290.05 99.9=1215.49 99.99=2512.89] [UPDATE: Count=319559 Max=28917.76 Min=7.34 Avg=63.91 10=20.25 25=30.40 50=43.68 75=69.89 90=113.15 95=137.47 99=359.17 99.9=1403.90 99.99=2938.88]
2025-04-21 14:28:52 72 sec: 653052 operations; [READ: Count=325903 Max=53608.45 Min=2.21 Avg=52.53 10=11.19 25=22.02 50=34.59 75=58.53 90=102.46 95=122.50 99=290.81 99.9=1202.17 99.99=2510.85] [UPDATE: Count=327149 Max=28917.76 Min=7.34 Avg=64.03 10=20.09 25=30.25 50=43.71 75=71.61 90=112.83 95=137.09 99=360.45 99.9=1386.49 99.99=2914.30]
2025-04-21 14:28:53 73 sec: 667942 operations; [READ: Count=333330 Max=53608.45 Min=2.21 Avg=52.69 10=11.07 25=21.90 50=34.62 75=59.97 90=102.27 95=122.17 99=292.61 99.9=1185.79 99.99=2510.85] [UPDATE: Count=334612 Max=28917.76 Min=7.34 Avg=64.18 10=19.97 25=30.14 50=43.77 75=73.53 90=112.64 95=136.83 99=360.96 99.9=1375.23 99.99=2916.35]
2025-04-21 14:28:54 74 sec: 682248 operations; [READ: Count=340540 Max=53608.45 Min=2.21 Avg=52.88 10=11.00 25=21.79 50=34.69 75=61.44 90=102.21 95=122.05 99=295.42 99.9=1172.48 99.99=2508.80] [UPDATE: Count=341708 Max=28917.76 Min=7.34 Avg=64.38 10=19.89 25=30.06 50=43.84 75=75.33 90=112.58 95=136.83 99=361.73 99.9=1361.92 99.99=2914.30]
2025-04-21 14:28:55 75 sec: 696152 operations; [READ: Count=347563 Max=53608.45 Min=2.21 Avg=53.11 10=10.90 25=21.66 50=34.69 75=63.01 90=102.02 95=121.92 99=302.59 99.9=1185.79 99.99=2506.75] [UPDATE: Count=348589 Max=28917.76 Min=7.34 Avg=64.61 10=19.77 25=29.95 50=43.87 75=77.06 90=112.45 95=136.83 99=366.33 99.9=1370.11 99.99=2881.53]
2025-04-21 14:28:56 76 sec: 708401 operations; [READ: Count=353550 Max=53608.45 Min=2.14 Avg=53.41 10=10.84 25=21.57 50=34.69 75=64.38 90=101.95 95=122.05 99=311.04 99.9=1221.63 99.99=2506.75] [UPDATE: Count=354851 Max=28917.76 Min=7.34 Avg=65.01 10=19.70 25=29.84 50=43.87 75=78.66 90=112.51 95=137.09 99=373.25 99.9=1403.90 99.99=2914.30]
2025-04-21 14:28:57 77 sec: 725181 operations; [READ: Count=361798 Max=53608.45 Min=2.14 Avg=53.39 10=10.72 25=21.39 50=34.62 75=66.43 90=101.63 95=121.34 99=309.76 99.9=1216.51 99.99=2502.66] [UPDATE: Count=363383 Max=28917.76 Min=7.34 Avg=64.95 10=19.54 25=29.66 50=43.84 75=80.13 90=112.06 95=136.45 99=372.99 99.9=1386.49 99.99=2881.53]
2025-04-21 14:28:58 78 sec: 741985 operations; [READ: Count=370145 Max=53608.45 Min=2.14 Avg=53.35 10=10.63 25=21.25 50=34.56 75=68.42 90=101.31 95=120.77 99=308.99 99.9=1202.17 99.99=2498.56] [UPDATE: Count=371840 Max=28917.76 Min=7.34 Avg=64.92 10=19.42 25=29.52 50=43.81 75=81.28 90=111.74 95=135.81 99=372.74 99.9=1373.18 99.99=2838.53]
2025-04-21 14:28:59 79 sec: 759393 operations; [READ: Count=378832 Max=53608.45 Min=2.14 Avg=53.30 10=10.53 25=21.04 50=34.49 75=70.27 90=100.93 95=120.19 99=308.74 99.9=1187.84 99.99=2494.46] [UPDATE: Count=380561 Max=28917.76 Min=7.34 Avg=64.80 10=19.26 25=29.34 50=43.71 75=82.11 90=111.36 95=135.17 99=371.71 99.9=1361.92 99.99=2820.09]
2025-04-21 14:29:00 80 sec: 775633 operations; [READ: Count=386859 Max=53608.45 Min=2.14 Avg=53.31 10=10.46 25=20.88 50=34.37 75=71.55 90=100.67 95=119.74 99=308.99 99.9=1188.86 99.99=2494.46] [UPDATE: Count=388774 Max=28917.76 Min=7.34 Avg=64.78 10=19.17 25=29.18 50=43.65 75=82.69 90=111.10 95=134.66 99=371.71 99.9=1361.92 99.99=2820.09]
2025-04-21 14:29:01 81 sec: 790345 operations; [READ: Count=394190 Max=53608.45 Min=2.14 Avg=53.46 10=10.38 25=20.70 50=34.27 75=72.38 90=100.61 95=119.74 99=315.13 99.9=1221.63 99.99=2506.75] [UPDATE: Count=396155 Max=28917.76 Min=7.34 Avg=64.92 10=19.02 25=28.99 50=43.49 75=83.01 90=111.04 95=134.66 99=374.01 99.9=1387.52 99.99=2916.35]
2025-04-21 14:29:02 82 sec: 808758 operations; [READ: Count=403415 Max=53608.45 Min=2.14 Avg=53.33 10=10.29 25=20.50 50=34.08 75=73.15 90=100.22 95=119.30 99=314.37 99.9=1217.54 99.99=2502.66] [UPDATE: Count=405343 Max=28917.76 Min=7.34 Avg=64.74 10=18.89 25=28.78 50=43.33 75=83.26 90=110.66 95=134.27 99=373.50 99.9=1379.33 99.99=2914.30]
2025-04-21 14:29:03 83 sec: 828643 operations; [READ: Count=413247 Max=53608.45 Min=2.14 Avg=53.12 10=10.18 25=20.27 50=33.89 75=73.73 90=99.84 95=118.72 99=311.81 99.9=1208.32 99.99=2498.56] [UPDATE: Count=415396 Max=28917.76 Min=7.34 Avg=64.44 10=18.75 25=28.54 50=43.10 75=83.39 90=110.21 95=133.38 99=371.71 99.9=1364.99 99.99=2881.53]
2025-04-21 14:29:04 84 sec: 848802 operations; [READ: Count=423375 Max=53608.45 Min=2.14 Avg=52.86 10=10.09 25=20.03 50=33.66 75=73.92 90=99.45 95=118.14 99=310.53 99.9=1191.93 99.99=2494.46] [UPDATE: Count=425427 Max=28917.76 Min=7.34 Avg=64.17 10=18.61 25=28.30 50=42.85 75=83.45 90=109.82 95=132.74 99=370.69 99.9=1351.68 99.99=2838.53]
2025-04-21 14:29:05 85 sec: 868214 operations; [READ: Count=432980 Max=53608.45 Min=2.14 Avg=52.67 10=10.03 25=19.86 50=33.44 75=74.05 90=99.20 95=117.76 99=310.01 99.9=1184.77 99.99=2480.13] [UPDATE: Count=435234 Max=28917.76 Min=7.34 Avg=63.95 10=18.54 25=28.14 50=42.59 75=83.52 90=109.63 95=132.35 99=369.92 99.9=1339.39 99.99=2820.09]
2025-04-21 14:29:06 86 sec: 884442 operations; [READ: Count=441012 Max=53608.45 Min=2.14 Avg=52.66 10=10.00 25=19.71 50=33.18 75=74.17 90=99.01 95=117.57 99=313.34 99.9=1215.49 99.99=2480.13] [UPDATE: Count=443430 Max=28917.76 Min=7.34 Avg=64.00 10=18.53 25=28.03 50=42.37 75=83.58 90=109.44 95=132.09 99=372.48 99.9=1364.99 99.99=2820.09]
2025-04-21 14:29:07 87 sec: 904394 operations; [READ: Count=451005 Max=53608.45 Min=2.14 Avg=52.42 10=9.92 25=19.50 50=32.86 75=74.11 90=98.62 95=117.06 99=311.81 99.9=1221.63 99.99=2494.46] [UPDATE: Count=453389 Max=28917.76 Min=7.26 Avg=63.79 10=18.45 25=27.86 50=42.08 75=83.58 90=109.12 95=131.58 99=372.74 99.9=1370.11 99.99=2791.42]
2025-04-21 14:29:08 88 sec: 926741 operations; [READ: Count=462185 Max=53608.45 Min=2.11 Avg=52.07 10=9.89 25=19.30 50=32.51 75=74.11 90=98.24 95=116.48 99=308.48 99.9=1215.49 99.99=2480.13] [UPDATE: Count=464556 Max=28917.76 Min=6.56 Avg=63.40 10=18.32 25=27.61 50=41.73 75=83.45 90=108.73 95=131.01 99=370.43 99.9=1356.80 99.99=2791.42]
2025-04-21 14:29:09 89 sec: 947957 operations; [READ: Count=472870 Max=53608.45 Min=2.11 Avg=51.79 10=9.89 25=19.12 50=32.17 75=74.05 90=97.92 95=116.03 99=307.20 99.9=1195.01 99.99=2465.79] [UPDATE: Count=475087 Max=28917.76 Min=6.56 Avg=63.12 10=18.25 25=27.44 50=41.38 75=83.39 90=108.42 95=130.62 99=369.41 99.9=1346.56 99.99=2756.61]
2025-04-21 14:29:10 90 sec: 971794 operations; [READ: Count=484901 Max=53608.45 Min=2.09 Avg=51.38 10=9.86 25=18.88 50=31.77 75=73.86 90=97.47 95=115.33 99=302.59 99.9=1185.79 99.99=2459.65] [UPDATE: Count=486893 Max=28917.76 Min=6.48 Avg=62.68 10=18.16 25=27.21 50=40.99 75=83.20 90=107.97 95=129.85 99=365.06 99.9=1332.22 99.99=2744.32]
2025-04-21 14:29:11 91 sec: 990621 operations; [READ: Count=494324 Max=53608.45 Min=2.09 Avg=51.29 10=9.82 25=18.70 50=31.45 75=73.60 90=97.22 95=115.26 99=310.78 99.9=1179.65 99.99=2449.41] [UPDATE: Count=496297 Max=28917.76 Min=6.48 Avg=62.55 10=18.06 25=27.01 50=40.64 75=83.01 90=107.78 95=129.79 99=371.71 99.9=1318.91 99.99=2721.79]
2025-04-21 14:29:12 92 sec: 1000000 operations; [READ: Count=499014 Max=53608.45 Min=2.09 Avg=51.13 10=9.81 25=18.61 50=31.30 75=73.47 90=97.09 95=115.01 99=308.74 99.9=1173.50 99.99=2445.31] [UPDATE: Count=500986 Max=28917.76 Min=6.48 Avg=62.37 10=18.02 25=26.91 50=40.48 75=82.94 90=107.58 95=129.47 99=370.43 99.9=1313.79 99.99=2721.79]
2025-04-21 14:29:13 93 sec: 1000000 operations; [READ: Count=499014 Max=53608.45 Min=2.09 Avg=51.13 10=9.81 25=18.61 50=31.30 75=73.47 90=97.09 95=115.01 99=308.74 99.9=1173.50 99.99=2445.31] [UPDATE: Count=500986 Max=28917.76 Min=6.48 Avg=62.37 10=18.02 25=26.91 50=40.48 75=82.94 90=107.58 95=129.47 99=370.43 99.9=1313.79 99.99=2721.79]
2025-04-21 14:29:14 94 sec: 1000000 operations; [READ: Count=499014 Max=53608.45 Min=2.09 Avg=51.13 10=9.81 25=18.61 50=31.30 75=73.47 90=97.09 95=115.01 99=308.74 99.9=1173.50 99.99=2445.31] [UPDATE: Count=500986 Max=28917.76 Min=6.48 Avg=62.37 10=18.02 25=26.91 50=40.48 75=82.94 90=107.58 95=129.47 99=370.43 99.9=1313.79 99.99=2721.79]
2025-04-21 14:29:15 95 sec: 1000000 operations; [READ: Count=499014 Max=53608.45 Min=2.09 Avg=51.13 10=9.81 25=18.61 50=31.30 75=73.47 90=97.09 95=115.01 99=308.74 99.9=1173.50 99.99=2445.31] [UPDATE: Count=500986 Max=28917.76 Min=6.48 Avg=62.37 10=18.02 25=26.91 50=40.48 75=82.94 90=107.58 95=129.47 99=370.43 99.9=1313.79 99.99=2721.79]
2025-04-21 14:29:16 96 sec: 1000000 operations; [READ: Count=499014 Max=53608.45 Min=2.09 Avg=51.13 10=9.81 25=18.61 50=31.30 75=73.47 90=97.09 95=115.01 99=308.74 99.9=1173.50 99.99=2445.31] [UPDATE: Count=500986 Max=28917.76 Min=6.48 Avg=62.37 10=18.02 25=26.91 50=40.48 75=82.94 90=107.58 95=129.47 99=370.43 99.9=1313.79 99.99=2721.79]
2025-04-21 14:29:17 97 sec: 1000000 operations; [READ: Count=499014 Max=53608.45 Min=2.09 Avg=51.13 10=9.81 25=18.61 50=31.30 75=73.47 90=97.09 95=115.01 99=308.74 99.9=1173.50 99.99=2445.31] [UPDATE: Count=500986 Max=28917.76 Min=6.48 Avg=62.37 10=18.02 25=26.91 50=40.48 75=82.94 90=107.58 95=129.47 99=370.43 99.9=1313.79 99.99=2721.79]
2025-04-21 14:29:17 97 sec: 1000000 operations; [READ: Count=499014 Max=53608.45 Min=2.09 Avg=51.13 10=9.81 25=18.61 50=31.30 75=73.47 90=97.09 95=115.01 99=308.74 99.9=1173.50 99.99=2445.31] [UPDATE: Count=500986 Max=28917.76 Min=6.48 Avg=62.37 10=18.02 25=26.91 50=40.48 75=82.94 90=107.58 95=129.47 99=370.43 99.9=1313.79 99.99=2721.79]
Run runtime(sec): 97.1947
Run operations(ops): 1000000
Run throughput(ops/sec): 10288.6
