Running scope as unit: run-r7dcad77ed47d4b8184310736624048b1.scope
load file:/home/user/DataFiles/silesia_data/silesia.tar
2025-04-21 20:52:27 0 sec: 0 operations;
2025-04-21 20:52:28 1 sec: 54932 operations; [INSERT: Count=54932 Max=5832.70 Min=4.84 Avg=14.50 10=8.48 25=10.10 50=12.92 75=17.58 90=22.11 95=24.82 99=30.59 99.9=46.98 99.99=194.18]
2025-04-21 20:52:29 2 sec: 110514 operations; [INSERT: Count=110514 Max=5832.70 Min=4.84 Avg=14.60 10=8.68 25=10.30 50=13.08 75=17.70 90=22.13 95=24.78 99=30.46 99.9=47.84 99.99=193.41]
2025-04-21 20:52:30 3 sec: 167748 operations; [INSERT: Count=167748 Max=5832.70 Min=4.84 Avg=14.46 10=8.73 25=10.30 50=12.99 75=17.49 90=21.79 95=24.38 99=29.86 99.9=46.66 99.99=192.51]
2025-04-21 20:52:31 4 sec: 223095 operations; [INSERT: Count=223095 Max=15450.11 Min=4.84 Avg=14.53 10=8.81 25=10.37 50=13.02 75=17.42 90=21.68 95=24.22 99=29.71 99.9=49.15 99.99=193.66]
2025-04-21 20:52:32 5 sec: 279042 operations; [INSERT: Count=279042 Max=15450.11 Min=4.84 Avg=14.54 10=8.88 25=10.44 50=13.07 75=17.42 90=21.65 95=24.16 99=29.65 99.9=48.09 99.99=194.94]
2025-04-21 20:52:33 6 sec: 334886 operations; [INSERT: Count=334886 Max=15450.11 Min=4.84 Avg=14.55 10=8.89 25=10.43 50=13.04 75=17.33 90=21.54 95=24.08 99=29.98 99.9=62.30 99.99=194.43]
2025-04-21 20:52:34 7 sec: 392444 operations; [INSERT: Count=392444 Max=15450.11 Min=4.84 Avg=14.48 10=8.89 25=10.43 50=13.02 75=17.23 90=21.39 95=23.89 99=29.73 99.9=61.05 99.99=193.66]
2025-04-21 20:52:35 8 sec: 448041 operations; [INSERT: Count=448041 Max=15450.11 Min=4.84 Avg=14.51 10=8.92 25=10.46 50=13.05 75=17.25 90=21.39 95=23.89 99=29.79 99.9=60.45 99.99=193.53]
2025-04-21 20:52:36 9 sec: 481845 operations; [INSERT: Count=481845 Max=15450.11 Min=4.84 Avg=15.33 10=9.00 25=10.62 50=13.43 75=18.02 90=22.78 95=26.50 99=41.70 99.9=73.28 99.99=196.35]
2025-04-21 20:52:37 10 sec: 514923 operations; [INSERT: Count=514923 Max=15450.11 Min=4.84 Avg=16.08 10=9.08 25=10.77 50=13.81 75=18.77 90=24.35 95=29.90 99=47.55 99.9=76.29 99.99=205.44]
2025-04-21 20:52:38 11 sec: 544855 operations; [INSERT: Count=544855 Max=15450.11 Min=4.84 Avg=16.84 10=9.15 25=10.90 50=14.14 75=19.39 90=25.81 95=32.86 99=50.75 99.9=100.73 99.99=227.46]
2025-04-21 20:52:39 12 sec: 588857 operations; [INSERT: Count=588857 Max=18448.38 Min=4.84 Avg=17.04 10=9.16 25=10.91 50=14.16 75=19.45 90=26.00 95=33.31 99=52.26 99.9=116.67 99.99=244.61]
2025-04-21 20:52:40 13 sec: 647588 operations; [INSERT: Count=647588 Max=18448.38 Min=4.84 Avg=16.74 10=9.05 25=10.76 50=13.94 75=19.14 90=25.44 95=32.49 99=51.52 99.9=114.17 99.99=242.43]
2025-04-21 20:52:41 14 sec: 698774 operations; [INSERT: Count=698774 Max=18448.38 Min=4.84 Avg=16.70 10=9.08 25=10.79 50=13.97 75=19.17 90=25.42 95=32.09 99=50.78 99.9=110.97 99.99=241.66]
2025-04-21 20:52:42 15 sec: 739950 operations; [INSERT: Count=739950 Max=18448.38 Min=4.84 Avg=16.94 10=9.14 25=10.91 50=14.21 75=19.52 90=26.13 95=32.83 99=50.59 99.9=107.84 99.99=242.43]
2025-04-21 20:52:43 16 sec: 780695 operations; [INSERT: Count=780695 Max=18448.38 Min=4.84 Avg=17.16 10=9.21 25=11.01 50=14.38 75=19.76 90=26.57 95=33.31 99=51.20 99.9=116.03 99.99=251.13]
2025-04-21 20:52:44 17 sec: 830967 operations; [INSERT: Count=830967 Max=18448.38 Min=4.84 Avg=17.13 10=9.22 25=11.01 50=14.35 75=19.70 90=26.40 95=33.09 99=51.42 99.9=118.66 99.99=269.82]
2025-04-21 20:52:45 18 sec: 881793 operations; [INSERT: Count=881793 Max=18448.38 Min=4.84 Avg=17.08 10=9.23 25=11.00 50=14.29 75=19.60 90=26.19 95=32.83 99=51.49 99.9=122.43 99.99=316.42]
2025-04-21 20:52:46 19 sec: 921046 operations; [INSERT: Count=921046 Max=18448.38 Min=4.84 Avg=17.30 10=9.28 25=11.08 50=14.47 75=19.89 90=26.78 95=33.63 99=51.84 99.9=120.45 99.99=293.38]
2025-04-21 20:52:47 20 sec: 954033 operations; [INSERT: Count=954033 Max=18448.38 Min=4.84 Avg=17.63 10=9.32 25=11.18 50=14.68 75=20.27 90=27.74 95=35.04 99=53.25 99.9=126.85 99.99=284.67]
2025-04-21 20:52:48 21 sec: 986184 operations; [INSERT: Count=986184 Max=18448.38 Min=4.84 Avg=17.96 10=9.37 25=11.26 50=14.89 75=20.66 90=28.64 95=36.26 99=54.53 99.9=144.13 99.99=284.67]
2025-04-21 20:52:49 22 sec: 1000000 operations; [INSERT: Count=1000000 Max=18448.38 Min=4.84 Avg=18.01 10=9.38 25=11.27 50=14.91 75=20.69 90=28.67 95=36.29 99=54.69 99.9=146.69 99.99=316.42]
2025-04-21 20:52:49 22 sec: 1000000 operations; [INSERT: Count=1000000 Max=18448.38 Min=4.84 Avg=18.01 10=9.38 25=11.27 50=14.91 75=20.69 90=28.67 95=36.29 99=54.69 99.9=146.69 99.99=316.42]
Load runtime(sec): 22.05
Load operations(ops): 1000000
Load throughput(ops/sec): 45351.5
