Running scope as unit: run-r14acd1a74ab44a8db8782069fe76b55e.scope
load file:/home/user/DataFiles/silesia_data/silesia.tar
2025-04-22 05:55:49 0 sec: 0 operations;
2025-04-22 05:55:50 1 sec: 0 operations;
2025-04-22 05:55:51 2 sec: 0 operations;
2025-04-22 05:55:52 3 sec: 0 operations;
2025-04-22 05:55:53 4 sec: 11461 operations; [READ: Count=7647 Max=1751.04 Min=2.85 Avg=55.00 10=11.81 25=15.26 50=19.68 75=92.73 90=105.15 95=125.06 99=373.50 99.9=1010.17 99.99=1519.62] [UPDATE: Count=3814 Max=1963.01 Min=6.72 Avg=14.79 10=10.36 25=11.44 50=13.05 75=15.07 90=17.34 95=18.75 99=25.58 99.9=128.96 99.99=1963.01]
2025-04-22 05:55:54 5 sec: 35204 operations; [READ: Count=23531 Max=2355.20 Min=2.70 Avg=54.70 10=11.65 25=15.65 50=19.57 75=92.73 90=108.54 95=139.90 99=368.38 99.9=994.82 99.99=1519.62] [UPDATE: Count=11673 Max=3301.38 Min=6.72 Avg=14.88 10=10.55 25=11.62 50=13.22 75=15.17 90=17.33 95=18.78 99=23.86 99.9=116.93 99.99=1963.01]
2025-04-22 05:55:55 6 sec: 61961 operations; [READ: Count=41356 Max=2482.18 Min=2.18 Avg=51.67 10=10.09 25=12.92 50=18.16 75=90.05 90=105.47 95=134.27 99=365.06 99.9=1010.17 99.99=1519.62] [UPDATE: Count=20605 Max=3301.38 Min=6.56 Avg=14.89 10=9.79 25=10.98 50=12.57 75=14.52 90=16.77 95=18.27 99=23.18 99.9=498.43 99.99=2607.10]
2025-04-22 05:55:56 7 sec: 97890 operations; [READ: Count=65376 Max=2482.18 Min=2.18 Avg=45.44 10=9.80 25=11.26 50=16.89 75=85.63 90=101.18 95=118.46 99=333.06 99.9=873.47 99.99=1455.10] [UPDATE: Count=32514 Max=3301.38 Min=6.40 Avg=13.84 10=9.51 25=10.58 50=12.03 75=14.02 90=16.15 95=17.58 99=21.92 99.9=107.90 99.99=2562.05]
2025-04-22 05:55:57 8 sec: 136057 operations; [READ: Count=90863 Max=2482.18 Min=2.18 Avg=41.71 10=9.73 25=11.06 50=16.21 75=80.77 90=98.43 95=112.00 99=324.10 99.9=871.42 99.99=1447.93] [UPDATE: Count=45194 Max=3301.38 Min=6.40 Avg=13.42 10=9.42 25=10.39 50=11.81 75=13.78 90=15.84 95=17.26 99=21.42 99.9=106.17 99.99=2121.73]
2025-04-22 05:55:58 9 sec: 166968 operations; [READ: Count=111441 Max=2482.18 Min=2.18 Avg=41.66 10=9.73 25=11.10 50=16.25 75=80.45 90=97.60 95=111.87 99=309.76 99.9=819.71 99.99=1425.41] [UPDATE: Count=55527 Max=3301.38 Min=6.40 Avg=13.22 10=9.41 25=10.33 50=11.72 75=13.64 90=15.68 95=17.09 99=21.38 99.9=119.94 99.99=2042.88]
2025-04-22 05:55:59 10 sec: 190248 operations; [READ: Count=126958 Max=2482.18 Min=2.18 Avg=43.58 10=9.74 25=11.18 50=16.57 75=81.98 90=98.43 95=118.72 99=315.39 99.9=781.31 99.99=1412.10] [UPDATE: Count=63290 Max=3301.38 Min=6.40 Avg=13.11 10=9.41 25=10.29 50=11.66 75=13.55 90=15.57 95=16.98 99=21.30 99.9=123.39 99.99=2042.88]
2025-04-22 05:56:00 11 sec: 211066 operations; [READ: Count=140762 Max=2482.18 Min=2.18 Avg=45.71 10=9.75 25=11.26 50=16.96 75=83.20 90=99.39 95=130.88 99=314.88 99.9=762.88 99.99=1425.41] [UPDATE: Count=70304 Max=3301.38 Min=6.40 Avg=13.01 10=9.41 25=10.26 50=11.62 75=13.48 90=15.47 95=16.86 99=21.21 99.9=123.39 99.99=2003.97]
2025-04-22 05:56:01 12 sec: 232657 operations; [READ: Count=155159 Max=2482.18 Min=2.18 Avg=47.27 10=9.74 25=11.32 50=17.23 75=83.78 90=100.42 95=143.62 99=314.88 99.9=750.59 99.99=1406.97] [UPDATE: Count=77498 Max=3301.38 Min=6.40 Avg=12.91 10=9.40 25=10.23 50=11.58 75=13.40 90=15.39 95=16.77 99=21.12 99.9=123.84 99.99=1963.01]
2025-04-22 05:56:02 13 sec: 256004 operations; [READ: Count=170767 Max=2482.18 Min=2.18 Avg=48.13 10=9.74 25=11.37 50=17.39 75=84.03 90=101.25 95=149.12 99=315.90 99.9=736.25 99.99=1395.71] [UPDATE: Count=85237 Max=3301.38 Min=6.21 Avg=12.91 10=9.38 25=10.21 50=11.55 75=13.34 90=15.31 95=16.70 99=21.18 99.9=124.54 99.99=2003.97]
2025-04-22 05:56:03 14 sec: 283103 operations; [READ: Count=188744 Max=2772.99 Min=2.18 Avg=48.18 10=9.71 25=11.39 50=17.41 75=83.78 90=101.12 95=150.14 99=313.09 99.9=750.59 99.99=1425.41] [UPDATE: Count=94359 Max=3301.38 Min=6.21 Avg=12.82 10=9.37 25=10.17 50=11.51 75=13.26 90=15.21 95=16.59 99=21.14 99.9=128.13 99.99=2003.97]
2025-04-22 05:56:04 15 sec: 312550 operations; [READ: Count=208375 Max=2772.99 Min=2.18 Avg=47.78 10=9.66 25=11.38 50=17.36 75=83.39 90=100.93 95=150.66 99=306.43 99.9=734.21 99.99=1406.97] [UPDATE: Count=104175 Max=3301.38 Min=6.14 Avg=12.75 10=9.36 25=10.15 50=11.49 75=13.22 90=15.15 95=16.53 99=21.09 99.9=129.34 99.99=1963.01]
2025-04-22 05:56:05 16 sec: 340346 operations; [READ: Count=226872 Max=2772.99 Min=2.18 Avg=47.74 10=9.62 25=11.38 50=17.36 75=83.20 90=100.42 95=150.01 99=299.77 99.9=699.90 99.99=1388.54] [UPDATE: Count=113474 Max=3301.38 Min=6.14 Avg=12.65 10=9.33 25=10.08 50=11.44 75=13.13 90=15.06 95=16.43 99=21.02 99.9=129.85 99.99=1963.01]
2025-04-22 05:56:06 17 sec: 369283 operations; [READ: Count=246130 Max=2772.99 Min=2.18 Avg=47.59 10=9.57 25=11.34 50=17.36 75=82.81 90=98.69 95=145.66 99=288.51 99.9=676.35 99.99=1363.97] [UPDATE: Count=123153 Max=3301.38 Min=6.14 Avg=12.48 10=9.26 25=9.95 50=11.34 75=12.97 90=14.92 95=16.30 99=20.82 99.9=127.94 99.99=1790.97]
2025-04-22 05:56:07 18 sec: 399858 operations; [READ: Count=266432 Max=2772.99 Min=2.13 Avg=47.24 10=9.48 25=11.30 50=17.28 75=82.37 90=97.22 95=139.52 99=275.71 99.9=653.82 99.99=1344.51] [UPDATE: Count=133426 Max=3301.38 Min=6.14 Avg=12.33 10=9.22 25=9.86 50=11.22 75=12.83 90=14.78 95=16.16 99=20.69 99.9=126.02 99.99=1732.61]
2025-04-22 05:56:08 19 sec: 432217 operations; [READ: Count=288037 Max=2772.99 Min=1.99 Avg=46.72 10=9.36 25=11.24 50=17.07 75=81.79 90=96.13 95=131.58 99=266.75 99.9=636.93 99.99=1326.08] [UPDATE: Count=144180 Max=3301.38 Min=6.14 Avg=12.19 10=9.18 25=9.80 50=11.12 75=12.70 90=14.65 95=16.03 99=20.59 99.9=123.90 99.99=1702.91]
2025-04-22 05:56:09 20 sec: 467958 operations; [READ: Count=311823 Max=2772.99 Min=1.99 Avg=45.89 10=9.19 25=11.17 50=16.77 75=81.02 90=94.91 95=122.43 99=255.74 99.9=617.47 99.99=1301.50] [UPDATE: Count=156135 Max=3301.38 Min=6.12 Avg=12.05 10=9.15 25=9.74 50=11.00 75=12.58 90=14.51 95=15.89 99=20.38 99.9=122.30 99.99=1435.65]
2025-04-22 05:56:10 21 sec: 506454 operations; [READ: Count=337418 Max=2772.99 Min=1.99 Avg=44.91 10=8.95 25=11.10 50=16.25 75=80.25 90=93.82 95=115.52 99=243.84 99.9=603.13 99.99=1283.07] [UPDATE: Count=169036 Max=3301.38 Min=6.12 Avg=11.93 10=9.12 25=9.70 50=10.89 75=12.49 90=14.38 95=15.78 99=20.18 99.9=119.94 99.99=1325.06]
2025-04-22 05:56:11 22 sec: 548457 operations; [READ: Count=365399 Max=2772.99 Min=1.99 Avg=43.74 10=8.46 25=11.03 50=15.40 75=79.23 90=92.73 95=110.53 99=232.70 99.9=587.77 99.99=1248.26] [UPDATE: Count=183058 Max=3301.38 Min=6.11 Avg=11.81 10=9.09 25=9.66 50=10.78 75=12.40 90=14.25 95=15.63 99=19.95 99.9=118.02 99.99=1316.86]
2025-04-22 05:56:12 23 sec: 593637 operations; [READ: Count=395591 Max=2772.99 Min=1.99 Avg=42.47 10=7.61 25=10.96 50=14.29 75=78.33 90=91.71 95=106.94 99=221.69 99.9=567.81 99.99=1225.73] [UPDATE: Count=198046 Max=3301.38 Min=6.11 Avg=11.71 10=9.05 25=9.63 50=10.66 75=12.32 90=14.13 95=15.50 99=19.77 99.9=116.35 99.99=1093.63]
2025-04-22 05:56:13 24 sec: 641624 operations; [READ: Count=427612 Max=2772.99 Min=1.99 Avg=41.17 10=6.82 25=10.88 50=13.54 75=77.44 90=90.81 95=104.58 99=213.89 99.9=551.93 99.99=1197.06] [UPDATE: Count=214012 Max=3301.38 Min=6.11 Avg=11.61 10=9.02 25=9.61 50=10.57 75=12.26 90=14.01 95=15.39 99=19.63 99.9=114.56 99.99=1056.77]
2025-04-22 05:56:14 25 sec: 695787 operations; [READ: Count=463664 Max=2772.99 Min=1.99 Avg=39.65 10=6.19 25=10.80 50=13.06 75=76.48 90=89.73 95=102.08 99=204.03 99.9=532.99 99.99=1174.53] [UPDATE: Count=232123 Max=3301.38 Min=6.11 Avg=11.53 10=8.98 25=9.59 50=10.49 75=12.21 90=13.89 95=15.26 99=19.45 99.9=112.45 99.99=995.33]
2025-04-22 05:56:15 26 sec: 755009 operations; [READ: Count=503188 Max=2772.99 Min=1.99 Avg=38.05 10=5.73 25=10.72 50=12.73 75=75.52 90=88.70 95=100.09 99=194.18 99.9=513.53 99.99=1160.19] [UPDATE: Count=251821 Max=3301.38 Min=5.86 Avg=11.44 10=8.94 25=9.57 50=10.41 75=12.15 90=13.78 95=15.13 99=19.30 99.9=109.38 99.99=959.49]
2025-04-22 05:56:16 27 sec: 819854 operations; [READ: Count=546396 Max=2772.99 Min=1.99 Avg=36.40 10=5.40 25=10.64 50=12.49 75=74.30 90=87.68 95=98.30 99=186.24 99.9=500.22 99.99=1152.00] [UPDATE: Count=273458 Max=3301.38 Min=5.86 Avg=11.34 10=8.87 25=9.53 50=10.34 75=12.09 90=13.65 95=14.98 99=19.17 99.9=105.22 99.99=850.94]
2025-04-22 05:56:17 28 sec: 886912 operations; [READ: Count=591099 Max=2772.99 Min=1.99 Avg=34.88 10=5.18 25=10.57 50=12.31 75=72.77 90=86.72 95=96.83 99=180.35 99.9=483.84 99.99=1130.49] [UPDATE: Count=295813 Max=3301.38 Min=5.86 Avg=11.27 10=8.80 25=9.50 50=10.29 75=12.03 90=13.56 95=14.86 99=19.07 99.9=106.94 99.99=701.44]
2025-04-22 05:56:18 29 sec: 949051 operations; [READ: Count=632531 Max=2772.99 Min=1.99 Avg=33.77 10=5.05 25=10.52 50=12.21 75=70.46 90=86.14 95=95.94 99=177.15 99.9=472.06 99.99=1095.68] [UPDATE: Count=316520 Max=3301.38 Min=5.86 Avg=11.23 10=8.73 25=9.48 50=10.25 75=11.98 90=13.49 95=14.78 99=19.12 99.9=112.25 99.99=524.80]
2025-04-22 05:56:19 30 sec: 1012006 operations; [READ: Count=674453 Max=2772.99 Min=1.99 Avg=32.77 10=4.93 25=10.46 50=12.12 75=67.97 90=85.57 95=94.97 99=173.82 99.9=457.21 99.99=1076.22] [UPDATE: Count=337553 Max=3301.38 Min=5.86 Avg=11.18 10=8.65 25=9.46 50=10.21 75=11.94 90=13.41 95=14.68 99=19.02 99.9=114.88 99.99=498.43]
2025-04-22 05:56:20 31 sec: 1073558 operations; [READ: Count=715568 Max=2772.99 Min=1.99 Avg=31.94 10=4.84 25=10.39 50=12.05 75=65.60 90=85.06 95=94.14 99=171.01 99.9=447.74 99.99=1056.77] [UPDATE: Count=357990 Max=3301.38 Min=5.86 Avg=11.15 10=8.56 25=9.45 50=10.19 75=11.91 90=13.35 95=14.60 99=18.96 99.9=116.48 99.99=265.73]
2025-04-22 05:56:21 32 sec: 1132693 operations; [READ: Count=754953 Max=2772.99 Min=1.99 Avg=31.27 10=4.77 25=10.34 50=12.00 75=25.14 90=84.61 95=93.44 99=168.70 99.9=439.04 99.99=1047.55] [UPDATE: Count=377740 Max=3301.38 Min=5.86 Avg=11.12 10=8.48 25=9.43 50=10.18 75=11.88 90=13.30 95=14.52 99=18.94 99.9=116.67 99.99=218.37]
2025-04-22 05:56:22 33 sec: 1190279 operations; [READ: Count=793414 Max=2772.99 Min=1.99 Avg=30.72 10=4.71 25=10.28 50=11.96 75=22.32 90=84.29 95=92.86 99=167.04 99.9=431.62 99.99=1028.10] [UPDATE: Count=396865 Max=3301.38 Min=5.86 Avg=11.10 10=8.41 25=9.42 50=10.15 75=11.85 90=13.26 95=14.46 99=18.89 99.9=116.99 99.99=191.74]
2025-04-22 05:56:23 34 sec: 1244845 operations; [READ: Count=829774 Max=2772.99 Min=1.99 Avg=30.30 10=4.67 25=10.22 50=11.93 75=20.96 90=84.03 95=92.48 99=166.40 99.9=426.75 99.99=1021.95] [UPDATE: Count=415071 Max=3301.38 Min=5.86 Avg=11.09 10=8.35 25=9.41 50=10.14 75=11.82 90=13.24 95=14.41 99=18.96 99.9=117.44 99.99=191.74]
2025-04-22 05:56:24 35 sec: 1303522 operations; [READ: Count=868918 Max=2772.99 Min=1.99 Avg=29.81 10=4.63 25=10.15 50=11.90 75=20.00 90=83.65 95=91.90 99=164.74 99.9=420.10 99.99=1006.08] [UPDATE: Count=434604 Max=3301.38 Min=5.86 Avg=11.07 10=8.29 25=9.41 50=10.13 75=11.80 90=13.21 95=14.36 99=18.98 99.9=116.09 99.99=188.16]
2025-04-22 05:56:25 36 sec: 1359036 operations; [READ: Count=905826 Max=2772.99 Min=1.99 Avg=29.43 10=4.62 25=10.08 50=11.89 75=19.34 90=83.39 95=91.52 99=163.71 99.9=413.69 99.99=992.25] [UPDATE: Count=453210 Max=3301.38 Min=5.86 Avg=11.09 10=8.26 25=9.40 50=10.13 75=11.80 90=13.21 95=14.36 99=19.17 99.9=115.58 99.99=188.16]
2025-04-22 05:56:26 37 sec: 1400151 operations; [READ: Count=933222 Max=2772.99 Min=1.95 Avg=29.44 10=4.65 25=10.05 50=11.92 75=19.26 90=83.45 95=91.65 99=164.09 99.9=411.65 99.99=980.48] [UPDATE: Count=466929 Max=3301.38 Min=5.86 Avg=11.10 10=8.25 25=9.40 50=10.13 75=11.81 90=13.22 95=14.38 99=19.25 99.9=119.17 99.99=218.37]
2025-04-22 05:56:27 38 sec: 1423156 operations; [READ: Count=948513 Max=2772.99 Min=1.95 Avg=29.90 10=4.67 25=10.08 50=11.95 75=19.84 90=83.90 95=92.42 99=166.53 99.9=413.95 99.99=973.31] [UPDATE: Count=474643 Max=3301.38 Min=5.86 Avg=11.12 10=8.27 25=9.41 50=10.15 75=11.82 90=13.25 95=14.41 99=19.25 99.9=119.61 99.99=218.37]
2025-04-22 05:56:28 39 sec: 1438983 operations; [READ: Count=959086 Max=2772.99 Min=1.95 Avg=30.54 10=4.68 25=10.10 50=11.97 75=20.80 90=84.35 95=93.31 99=170.37 99.9=424.96 99.99=994.82] [UPDATE: Count=479897 Max=3301.38 Min=5.86 Avg=11.13 10=8.29 25=9.41 50=10.17 75=11.84 90=13.26 95=14.42 99=19.26 99.9=120.38 99.99=199.68]
2025-04-22 05:56:29 40 sec: 1454829 operations; [READ: Count=969679 Max=2772.99 Min=1.95 Avg=31.16 10=4.70 25=10.13 50=12.01 75=22.66 90=84.80 95=94.21 99=173.31 99.9=427.01 99.99=992.25] [UPDATE: Count=485150 Max=3301.38 Min=5.86 Avg=11.15 10=8.30 25=9.42 50=10.18 75=11.85 90=13.29 95=14.45 99=19.30 99.9=121.73 99.99=191.74]
2025-04-22 05:56:30 41 sec: 1470976 operations; [READ: Count=980451 Max=2772.99 Min=1.95 Avg=31.76 10=4.70 25=10.16 50=12.04 75=28.29 90=85.25 95=95.17 99=176.00 99.9=430.59 99.99=984.06] [UPDATE: Count=490525 Max=3301.38 Min=5.86 Avg=11.16 10=8.32 25=9.42 50=10.19 75=11.86 90=13.30 95=14.46 99=19.30 99.9=122.30 99.99=191.74]
2025-04-22 05:56:31 42 sec: 1487590 operations; [READ: Count=991545 Max=2772.99 Min=1.95 Avg=32.33 10=4.72 25=10.18 50=12.07 75=66.43 90=85.69 95=96.06 99=178.56 99.9=433.92 99.99=980.48] [UPDATE: Count=496045 Max=3301.38 Min=5.86 Avg=11.17 10=8.33 25=9.43 50=10.21 75=11.88 90=13.33 95=14.49 99=19.31 99.9=122.62 99.99=199.68]
2025-04-22 05:56:31 42 sec: 1500325 operations; [READ: Count=1000000 Max=2772.99 Min=1.95 Avg=32.78 10=4.73 25=10.20 50=12.10 75=67.65 90=86.08 95=96.83 99=182.01 99.9=436.99 99.99=974.85] [UPDATE: Count=500325 Max=3301.38 Min=5.86 Avg=11.19 10=8.34 25=9.44 50=10.21 75=11.89 90=13.34 95=14.51 99=19.33 99.9=123.14 99.99=250.24]
Run runtime(sec): 42.8403
Run operations(ops): 1000000
Run throughput(ops/sec): 23342.5
