Running scope as unit: run-r409e48f762f547d3a7be0162a2783db8.scope
load file:/home/user/DataFiles/silesia_data/silesia.tar
2025-04-22 18:53:25 0 sec: 0 operations;
2025-04-22 18:53:26 1 sec: 49166 operations; [INSERT: Count=49166 Max=1510.40 Min=4.34 Avg=16.84 10=8.95 25=11.13 50=14.99 75=20.78 90=26.85 95=30.75 99=38.75 99.9=73.02 99.99=221.18]
2025-04-22 18:53:27 2 sec: 96183 operations; [INSERT: Count=96183 Max=1510.40 Min=4.34 Avg=17.40 10=9.32 25=11.60 50=15.57 75=21.50 90=27.70 95=31.57 99=39.71 99.9=63.01 99.99=214.01]
2025-04-22 18:53:28 3 sec: 142615 operations; [INSERT: Count=142615 Max=1510.40 Min=4.34 Avg=17.67 10=9.54 25=11.82 50=15.85 75=21.82 90=28.00 95=31.86 99=39.94 99.9=63.45 99.99=213.76]
2025-04-22 18:53:29 4 sec: 189073 operations; [INSERT: Count=189073 Max=1510.40 Min=4.34 Avg=17.82 10=9.70 25=11.97 50=15.98 75=21.97 90=28.11 95=31.97 99=39.97 99.9=65.86 99.99=213.76]
2025-04-22 18:53:30 5 sec: 236236 operations; [INSERT: Count=236236 Max=1510.40 Min=4.34 Avg=17.83 10=9.81 25=12.05 50=16.01 75=21.90 90=28.00 95=31.79 99=39.74 99.9=68.48 99.99=227.71]
2025-04-22 18:53:31 6 sec: 280808 operations; [INSERT: Count=280808 Max=14950.40 Min=4.34 Avg=18.03 10=9.94 25=12.19 50=16.14 75=22.06 90=28.16 95=31.97 99=39.94 99.9=66.56 99.99=227.71]
2025-04-22 18:53:32 7 sec: 325557 operations; [INSERT: Count=325557 Max=14950.40 Min=4.34 Avg=18.17 10=10.05 25=12.32 50=16.29 75=22.24 90=28.37 95=32.16 99=40.06 99.9=66.05 99.99=225.53]
2025-04-22 18:53:33 8 sec: 370211 operations; [INSERT: Count=370211 Max=14950.40 Min=4.34 Avg=18.28 10=10.13 25=12.43 50=16.41 75=22.38 90=28.50 95=32.30 99=40.19 99.9=66.56 99.99=224.77]
2025-04-22 18:53:34 9 sec: 413680 operations; [INSERT: Count=413680 Max=14950.40 Min=4.34 Avg=18.43 10=10.22 25=12.54 50=16.56 75=22.56 90=28.73 95=32.59 99=40.61 99.9=66.05 99.99=229.76]
2025-04-22 18:53:35 10 sec: 452670 operations; [INSERT: Count=452670 Max=14950.40 Min=4.34 Avg=18.76 10=10.33 25=12.70 50=16.82 75=22.94 90=29.31 95=33.38 99=42.11 99.9=69.69 99.99=240.25]
2025-04-22 18:53:36 11 sec: 492024 operations; [INSERT: Count=492024 Max=14950.40 Min=4.34 Avg=19.04 10=10.37 25=12.79 50=17.01 75=23.31 90=29.89 95=34.17 99=43.84 99.9=72.83 99.99=250.88]
2025-04-22 18:53:37 12 sec: 532048 operations; [INSERT: Count=532048 Max=14950.40 Min=4.34 Avg=19.24 10=10.41 25=12.87 50=17.17 75=23.57 90=30.32 95=34.78 99=44.90 99.9=71.49 99.99=255.62]
2025-04-22 18:53:38 13 sec: 571898 operations; [INSERT: Count=571898 Max=14950.40 Min=4.34 Avg=19.42 10=10.46 25=12.94 50=17.30 75=23.79 90=30.67 95=35.23 99=45.66 99.9=72.19 99.99=270.08]
2025-04-22 18:53:39 14 sec: 612668 operations; [INSERT: Count=612668 Max=14950.40 Min=4.34 Avg=19.54 10=10.50 25=13.00 50=17.39 75=23.95 90=30.89 95=35.52 99=46.05 99.9=71.55 99.99=274.18]
2025-04-22 18:53:40 15 sec: 653660 operations; [INSERT: Count=653660 Max=14950.40 Min=4.34 Avg=19.63 10=10.54 25=13.05 50=17.47 75=24.08 90=31.10 95=35.74 99=46.37 99.9=71.74 99.99=276.48]
2025-04-22 18:53:41 16 sec: 694837 operations; [INSERT: Count=694837 Max=14950.40 Min=4.34 Avg=19.71 10=10.58 25=13.10 50=17.54 75=24.18 90=31.23 95=35.94 99=46.62 99.9=72.70 99.99=280.57]
2025-04-22 18:53:42 17 sec: 737563 operations; [INSERT: Count=737563 Max=14950.40 Min=4.34 Avg=19.73 10=10.61 25=13.13 50=17.57 75=24.19 90=31.25 95=35.94 99=46.62 99.9=72.96 99.99=286.46]
2025-04-22 18:53:43 18 sec: 775287 operations; [INSERT: Count=775287 Max=14950.40 Min=4.34 Avg=19.90 10=10.65 25=13.19 50=17.66 75=24.34 90=31.50 95=36.29 99=47.45 99.9=98.43 99.99=298.24]
2025-04-22 18:53:44 19 sec: 812001 operations; [INSERT: Count=812001 Max=14950.40 Min=4.34 Avg=20.08 10=10.71 25=13.26 50=17.76 75=24.48 90=31.73 95=36.61 99=48.41 99.9=180.61 99.99=313.09]
2025-04-22 18:53:45 20 sec: 852141 operations; [INSERT: Count=852141 Max=14950.40 Min=4.34 Avg=20.14 10=10.72 25=13.26 50=17.73 75=24.45 90=31.77 95=36.77 99=49.50 99.9=190.21 99.99=320.51]
2025-04-22 18:53:46 21 sec: 896249 operations; [INSERT: Count=896249 Max=14950.40 Min=4.34 Avg=20.09 10=10.63 25=13.13 50=17.55 75=24.24 90=31.65 95=36.73 99=50.17 99.9=195.58 99.99=387.33]
2025-04-22 18:53:47 22 sec: 956949 operations; [INSERT: Count=956949 Max=14950.40 Min=4.34 Avg=19.62 10=10.07 25=12.66 50=17.04 75=23.76 90=31.26 95=36.38 99=49.98 99.9=196.09 99.99=415.74]
2025-04-22 18:53:48 23 sec: 1000000 operations; [INSERT: Count=1000000 Max=14950.40 Min=4.30 Avg=19.14 10=9.39 25=12.18 50=16.59 75=23.38 90=30.93 95=36.13 99=49.66 99.9=193.92 99.99=415.74]
2025-04-22 18:53:49 24 sec: 1000000 operations; [INSERT: Count=1000000 Max=14950.40 Min=4.30 Avg=19.14 10=9.39 25=12.18 50=16.59 75=23.38 90=30.93 95=36.13 99=49.66 99.9=193.92 99.99=415.74]
2025-04-22 18:53:50 24 sec: 1000000 operations; [INSERT: Count=1000000 Max=14950.40 Min=4.30 Avg=19.14 10=9.39 25=12.18 50=16.59 75=23.38 90=30.93 95=36.13 99=49.66 99.9=193.92 99.99=415.74]
Load runtime(sec): 24.8006
Load operations(ops): 1000000
Load throughput(ops/sec): 40321.6
