Running scope as unit: run-rdc34b47db58c4b2d83f0973cf46ac207.scope
load file:/home/user/DataFiles/silesia_data/silesia.tar
2025-04-21 14:30:22 0 sec: 0 operations;
2025-04-21 14:30:23 1 sec: 48177 operations; [INSERT: Count=48177 Max=1847.30 Min=4.12 Avg=16.75 10=8.60 25=10.87 50=14.69 75=20.35 90=26.78 95=31.14 99=42.72 99.9=118.14 99.99=264.45]
2025-04-21 14:30:24 2 sec: 96770 operations; [INSERT: Count=96770 Max=1847.30 Min=4.12 Avg=17.03 10=9.14 25=11.41 50=15.16 75=20.73 90=26.82 95=30.83 99=40.41 99.9=85.18 99.99=258.18]
2025-04-21 14:30:25 3 sec: 146936 operations; [INSERT: Count=146936 Max=1847.30 Min=4.12 Avg=16.89 10=9.29 25=11.49 50=15.12 75=20.54 90=26.35 95=30.16 99=39.07 99.9=77.76 99.99=252.03]
2025-04-21 14:30:26 4 sec: 197550 operations; [INSERT: Count=197550 Max=1847.30 Min=4.12 Avg=16.78 10=9.38 25=11.53 50=15.06 75=20.35 90=25.98 95=29.71 99=38.34 99.9=72.77 99.99=252.93]
2025-04-21 14:30:27 5 sec: 248728 operations; [INSERT: Count=248728 Max=1847.30 Min=4.12 Avg=16.66 10=9.45 25=11.54 50=15.01 75=20.19 90=25.66 95=29.30 99=37.60 99.9=64.96 99.99=254.21]
2025-04-21 14:30:28 6 sec: 301215 operations; [INSERT: Count=301215 Max=12443.65 Min=4.12 Avg=16.50 10=9.38 25=11.41 50=14.80 75=19.89 90=25.28 95=28.86 99=37.25 99.9=69.95 99.99=257.79]
2025-04-21 14:30:29 7 sec: 354784 operations; [INSERT: Count=354784 Max=12443.65 Min=4.12 Avg=16.33 10=9.34 25=11.34 50=14.65 75=19.65 90=24.93 95=28.46 99=36.70 99.9=71.10 99.99=255.62]
2025-04-21 14:30:30 8 sec: 408050 operations; [INSERT: Count=408050 Max=12443.65 Min=4.12 Avg=16.21 10=9.32 25=11.29 50=14.57 75=19.49 90=24.72 95=28.16 99=36.26 99.9=69.06 99.99=254.21]
2025-04-21 14:30:31 9 sec: 461458 operations; [INSERT: Count=461458 Max=12443.65 Min=4.12 Avg=16.12 10=9.28 25=11.24 50=14.49 75=19.36 90=24.54 95=27.97 99=35.94 99.9=68.03 99.99=257.79]
2025-04-21 14:30:32 10 sec: 511734 operations; [INSERT: Count=511734 Max=12443.65 Min=4.12 Avg=16.16 10=9.24 25=11.21 50=14.49 75=19.44 90=24.70 95=28.19 99=36.41 99.9=65.28 99.99=265.21]
2025-04-21 14:30:33 11 sec: 560644 operations; [INSERT: Count=560644 Max=12443.65 Min=4.12 Avg=16.23 10=9.25 25=11.22 50=14.54 75=19.50 90=24.85 95=28.43 99=36.96 99.9=78.02 99.99=275.97]
2025-04-21 14:30:34 12 sec: 609697 operations; [INSERT: Count=609697 Max=12443.65 Min=4.12 Avg=16.28 10=9.27 25=11.26 50=14.57 75=19.58 90=24.96 95=28.54 99=37.12 99.9=75.14 99.99=298.50]
2025-04-21 14:30:35 13 sec: 658732 operations; [INSERT: Count=658732 Max=12443.65 Min=4.12 Avg=16.33 10=9.30 25=11.29 50=14.62 75=19.63 90=25.04 95=28.66 99=37.28 99.9=73.02 99.99=301.82]
2025-04-21 14:30:36 14 sec: 707225 operations; [INSERT: Count=707225 Max=12443.65 Min=4.12 Avg=16.39 10=9.34 25=11.34 50=14.67 75=19.70 90=25.14 95=28.77 99=37.44 99.9=71.17 99.99=315.65]
2025-04-21 14:30:37 15 sec: 754148 operations; [INSERT: Count=754148 Max=12443.65 Min=4.12 Avg=16.48 10=9.37 25=11.38 50=14.73 75=19.76 90=25.21 95=28.91 99=37.76 99.9=77.76 99.99=364.29]
2025-04-21 14:30:38 16 sec: 779917 operations; [INSERT: Count=779917 Max=12443.65 Min=4.12 Avg=17.10 10=9.41 25=11.46 50=14.91 75=20.18 90=26.09 95=30.56 99=46.62 99.9=122.88 99.99=431.87]
2025-04-21 14:30:39 17 sec: 805368 operations; [INSERT: Count=805368 Max=12443.65 Min=4.12 Avg=17.69 10=9.46 25=11.55 50=15.13 75=20.66 90=27.18 95=32.72 99=56.35 99.9=130.18 99.99=444.16]
2025-04-21 14:30:40 18 sec: 828260 operations; [INSERT: Count=828260 Max=12443.65 Min=4.12 Avg=18.29 10=9.51 25=11.64 50=15.33 75=21.09 90=28.27 95=35.23 99=64.29 99.9=151.68 99.99=487.94]
2025-04-21 14:30:41 19 sec: 848654 operations; [INSERT: Count=848654 Max=12443.65 Min=4.12 Avg=18.90 10=9.55 25=11.71 50=15.49 75=21.47 90=29.34 95=38.05 99=73.09 99.9=173.82 99.99=523.52]
2025-04-21 14:30:42 20 sec: 883551 operations; [INSERT: Count=883551 Max=36405.25 Min=4.12 Avg=19.09 10=9.61 25=11.80 50=15.62 75=21.60 90=29.42 95=37.98 99=73.73 99.9=183.94 99.99=552.45]
2025-04-21 14:30:43 21 sec: 916351 operations; [INSERT: Count=916351 Max=36405.25 Min=4.12 Avg=19.32 10=9.64 25=11.87 50=15.77 75=21.84 90=29.92 95=38.78 99=75.07 99.9=187.26 99.99=568.83]
2025-04-21 14:30:44 22 sec: 940954 operations; [INSERT: Count=940954 Max=39092.22 Min=4.12 Avg=19.76 10=9.66 25=11.92 50=15.89 75=22.13 90=30.73 95=40.45 99=77.57 99.9=192.51 99.99=615.42]
2025-04-21 14:30:45 23 sec: 966935 operations; [INSERT: Count=966935 Max=42139.65 Min=4.12 Avg=20.10 10=9.69 25=11.97 50=15.98 75=22.32 90=31.20 95=41.25 99=79.36 99.9=196.74 99.99=642.56]
2025-04-21 14:30:46 24 sec: 992051 operations; [INSERT: Count=992051 Max=42139.65 Min=4.12 Avg=20.46 10=9.69 25=11.97 50=15.98 75=22.32 90=31.18 95=41.22 99=79.68 99.9=199.55 99.99=707.07]
2025-04-21 14:30:47 25 sec: 1000000 operations; [INSERT: Count=1000000 Max=42139.65 Min=4.12 Avg=20.61 10=9.69 25=11.96 50=15.97 75=22.30 90=31.18 95=41.31 99=80.06 99.9=203.13 99.99=760.32]
2025-04-21 14:30:48 26 sec: 1000000 operations; [INSERT: Count=1000000 Max=42139.65 Min=4.12 Avg=20.61 10=9.69 25=11.96 50=15.97 75=22.30 90=31.18 95=41.31 99=80.06 99.9=203.13 99.99=760.32]
2025-04-21 14:30:49 27 sec: 1000000 operations; [INSERT: Count=1000000 Max=42139.65 Min=4.12 Avg=20.61 10=9.69 25=11.96 50=15.97 75=22.30 90=31.18 95=41.31 99=80.06 99.9=203.13 99.99=760.32]
2025-04-21 14:30:50 28 sec: 1000000 operations; [INSERT: Count=1000000 Max=42139.65 Min=4.12 Avg=20.61 10=9.69 25=11.96 50=15.97 75=22.30 90=31.18 95=41.31 99=80.06 99.9=203.13 99.99=760.32]
2025-04-21 14:30:51 29 sec: 1000000 operations; [INSERT: Count=1000000 Max=42139.65 Min=4.12 Avg=20.61 10=9.69 25=11.96 50=15.97 75=22.30 90=31.18 95=41.31 99=80.06 99.9=203.13 99.99=760.32]
2025-04-21 14:30:52 30 sec: 1000000 operations; [INSERT: Count=1000000 Max=42139.65 Min=4.12 Avg=20.61 10=9.69 25=11.96 50=15.97 75=22.30 90=31.18 95=41.31 99=80.06 99.9=203.13 99.99=760.32]
2025-04-21 14:30:52 30 sec: 1000000 operations; [INSERT: Count=1000000 Max=42139.65 Min=4.12 Avg=20.61 10=9.69 25=11.96 50=15.97 75=22.30 90=31.18 95=41.31 99=80.06 99.9=203.13 99.99=760.32]
Load runtime(sec): 30.8926
Load operations(ops): 1000000
Load throughput(ops/sec): 32370.2
