Running scope as unit: run-r4416525a12ae4fdb8c6c2274d496ff07.scope
load file:/home/user/DataFiles/silesia_data/silesia.tar
2025-04-22 06:48:40 0 sec: 0 operations;
2025-04-22 06:48:41 1 sec: 19505 operations; [INSERT: Count=19505 Max=4612.10 Min=4.18 Avg=46.35 10=8.56 25=18.24 50=40.67 75=64.80 90=92.61 95=108.16 99=140.41 99.9=192.64 99.99=630.27]
2025-04-22 06:48:42 2 sec: 34783 operations; [INSERT: Count=34783 Max=4612.10 Min=4.18 Avg=53.30 10=12.38 25=29.68 50=48.35 75=72.06 90=97.79 95=113.15 99=142.59 99.9=187.26 99.99=583.68]
2025-04-22 06:48:43 3 sec: 50074 operations; [INSERT: Count=50074 Max=4612.10 Min=4.18 Avg=55.99 10=17.58 25=33.53 50=50.88 75=74.30 90=99.65 95=114.62 99=143.23 99.9=186.24 99.99=627.20]
2025-04-22 06:48:44 4 sec: 65100 operations; [INSERT: Count=65100 Max=4612.10 Min=4.18 Avg=57.67 10=21.31 25=35.39 50=52.35 75=75.84 90=101.06 95=116.09 99=144.38 99.9=187.26 99.99=627.20]
2025-04-22 06:48:45 5 sec: 80509 operations; [INSERT: Count=80509 Max=4612.10 Min=4.18 Avg=58.42 10=23.57 25=36.38 50=52.90 75=76.22 90=101.18 95=116.03 99=144.51 99.9=188.67 99.99=630.27]
2025-04-22 06:48:46 6 sec: 96332 operations; [INSERT: Count=96332 Max=13131.77 Min=4.18 Avg=58.66 10=24.72 25=36.73 50=52.93 75=75.97 90=100.67 95=115.33 99=143.87 99.9=186.37 99.99=640.00]
2025-04-22 06:48:47 7 sec: 111195 operations; [INSERT: Count=111195 Max=13131.77 Min=4.18 Avg=59.37 10=25.61 25=37.38 50=53.53 75=76.67 90=101.50 95=116.03 99=144.64 99.9=187.78 99.99=654.85]
2025-04-22 06:48:48 8 sec: 125824 operations; [INSERT: Count=125824 Max=13131.77 Min=4.18 Avg=60.04 10=26.40 25=37.98 50=54.11 75=77.38 90=102.33 95=116.93 99=145.41 99.9=188.67 99.99=665.09]
2025-04-22 06:48:49 9 sec: 140804 operations; [INSERT: Count=140804 Max=13131.77 Min=4.18 Avg=60.40 10=26.94 25=38.34 50=54.40 75=77.69 90=102.59 95=117.12 99=145.79 99.9=188.67 99.99=706.56]
2025-04-22 06:48:50 10 sec: 155899 operations; [INSERT: Count=155899 Max=13131.77 Min=4.18 Avg=60.64 10=27.33 25=38.62 50=54.62 75=77.89 90=102.66 95=117.25 99=146.05 99.9=188.03 99.99=706.56]
2025-04-22 06:48:51 11 sec: 171043 operations; [INSERT: Count=171043 Max=13131.77 Min=4.18 Avg=60.82 10=27.65 25=38.81 50=54.75 75=78.02 90=102.66 95=117.25 99=145.92 99.9=188.41 99.99=722.43]
2025-04-22 06:48:52 12 sec: 186616 operations; [INSERT: Count=186616 Max=13131.77 Min=4.18 Avg=60.83 10=27.84 25=38.88 50=54.75 75=77.95 90=102.46 95=117.06 99=145.79 99.9=187.65 99.99=706.56]
2025-04-22 06:48:53 13 sec: 201522 operations; [INSERT: Count=201522 Max=13131.77 Min=4.18 Avg=61.05 10=28.06 25=39.10 50=54.98 75=78.14 90=102.66 95=117.25 99=145.92 99.9=187.52 99.99=728.06]
2025-04-22 06:48:54 14 sec: 216471 operations; [INSERT: Count=216471 Max=13131.77 Min=4.18 Avg=61.22 10=28.32 25=39.26 50=55.13 75=78.33 90=102.78 95=117.31 99=145.92 99.9=187.52 99.99=729.09]
2025-04-22 06:48:55 15 sec: 231425 operations; [INSERT: Count=231425 Max=13131.77 Min=4.18 Avg=61.37 10=28.50 25=39.39 50=55.30 75=78.46 90=102.85 95=117.38 99=146.05 99.9=187.26 99.99=732.67]
2025-04-22 06:48:56 16 sec: 246250 operations; [INSERT: Count=246250 Max=13131.77 Min=4.18 Avg=61.53 10=28.66 25=39.49 50=55.36 75=78.59 90=102.97 95=117.50 99=146.18 99.9=187.26 99.99=740.86]
2025-04-22 06:48:57 17 sec: 263278 operations; [INSERT: Count=263278 Max=13131.77 Min=4.18 Avg=61.13 10=28.46 25=39.23 50=54.98 75=78.02 90=102.40 95=116.86 99=145.53 99.9=186.11 99.99=748.54]
2025-04-22 06:48:58 18 sec: 279804 operations; [INSERT: Count=279804 Max=13131.77 Min=4.18 Avg=60.90 10=28.38 25=39.10 50=54.75 75=77.69 90=102.02 95=116.42 99=144.90 99.9=185.34 99.99=744.96]
2025-04-22 06:48:59 19 sec: 295872 operations; [INSERT: Count=295872 Max=13131.77 Min=4.18 Avg=60.79 10=28.37 25=39.04 50=54.69 75=77.57 90=101.69 95=116.16 99=144.64 99.9=184.70 99.99=740.86]
2025-04-22 06:49:00 20 sec: 312126 operations; [INSERT: Count=312126 Max=13131.77 Min=4.18 Avg=60.66 10=28.35 25=38.98 50=54.56 75=77.38 90=101.50 95=115.90 99=144.38 99.9=183.42 99.99=735.23]
2025-04-22 06:49:01 21 sec: 327949 operations; [INSERT: Count=327949 Max=13131.77 Min=4.18 Avg=60.62 10=28.34 25=38.94 50=54.49 75=77.25 90=101.44 95=115.90 99=144.51 99.9=185.73 99.99=735.23]
2025-04-22 06:49:02 22 sec: 344236 operations; [INSERT: Count=344236 Max=13131.77 Min=4.18 Avg=60.49 10=28.29 25=38.85 50=54.37 75=77.06 90=101.18 95=115.71 99=144.51 99.9=187.90 99.99=747.01]
2025-04-22 06:49:03 23 sec: 359659 operations; [INSERT: Count=359659 Max=13836.29 Min=4.18 Avg=60.54 10=28.13 25=38.66 50=54.17 75=76.80 90=100.99 95=115.58 99=145.02 99.9=193.53 99.99=796.67]
2025-04-22 06:49:04 24 sec: 375532 operations; [INSERT: Count=375532 Max=13836.29 Min=4.18 Avg=60.50 10=27.89 25=38.46 50=54.02 75=76.73 90=101.12 95=115.97 99=146.56 99.9=202.11 99.99=890.88]
2025-04-22 06:49:05 25 sec: 392416 operations; [INSERT: Count=392416 Max=13836.29 Min=4.18 Avg=60.30 10=27.68 25=38.24 50=53.79 75=76.48 90=100.93 95=115.97 99=146.94 99.9=208.25 99.99=922.11]
2025-04-22 06:49:06 26 sec: 409665 operations; [INSERT: Count=409665 Max=13836.29 Min=4.18 Avg=60.06 10=27.54 25=38.05 50=53.53 75=76.16 90=100.61 95=115.65 99=146.69 99.9=210.05 99.99=978.43]
2025-04-22 06:49:07 27 sec: 426073 operations; [INSERT: Count=426073 Max=13836.29 Min=4.18 Avg=59.97 10=27.50 25=37.98 50=53.47 75=75.97 90=100.48 95=115.52 99=146.81 99.9=210.30 99.99=978.43]
2025-04-22 06:49:08 28 sec: 442117 operations; [INSERT: Count=442117 Max=13836.29 Min=4.18 Avg=59.93 10=27.49 25=37.92 50=53.38 75=75.84 90=100.29 95=115.39 99=146.69 99.9=211.07 99.99=1018.88]
2025-04-22 06:49:09 29 sec: 458598 operations; [INSERT: Count=458598 Max=13836.29 Min=4.18 Avg=59.84 10=27.42 25=37.82 50=53.25 75=75.65 90=100.09 95=115.20 99=146.69 99.9=210.69 99.99=1018.88]
2025-04-22 06:49:10 30 sec: 476001 operations; [INSERT: Count=476001 Max=13836.29 Min=4.18 Avg=59.63 10=27.30 25=37.70 50=53.05 75=75.45 90=99.84 95=114.88 99=146.18 99.9=208.51 99.99=1045.50]
2025-04-22 06:49:11 31 sec: 492875 operations; [INSERT: Count=492875 Max=13836.29 Min=4.18 Avg=59.51 10=27.20 25=37.53 50=52.93 75=75.26 90=99.71 95=114.81 99=146.30 99.9=209.41 99.99=1069.06]
2025-04-22 06:49:12 32 sec: 509814 operations; [INSERT: Count=509814 Max=13836.29 Min=4.18 Avg=59.38 10=27.10 25=37.41 50=52.77 75=75.07 90=99.52 95=114.69 99=146.43 99.9=211.58 99.99=1079.30]
2025-04-22 06:49:13 33 sec: 526734 operations; [INSERT: Count=526734 Max=13836.29 Min=4.18 Avg=59.26 10=27.02 25=37.31 50=52.67 75=74.94 90=99.39 95=114.56 99=146.56 99.9=212.48 99.99=1079.30]
2025-04-22 06:49:14 34 sec: 542041 operations; [INSERT: Count=542041 Max=13836.29 Min=4.18 Avg=59.33 10=26.94 25=37.22 50=52.61 75=75.01 90=99.58 95=114.88 99=147.84 99.9=224.51 99.99=1111.04]
2025-04-22 06:49:15 35 sec: 559467 operations; [INSERT: Count=559467 Max=13836.29 Min=4.18 Avg=59.17 10=26.80 25=37.05 50=52.45 75=74.75 90=99.39 95=114.75 99=148.09 99.9=227.84 99.99=1107.97]
2025-04-22 06:49:16 36 sec: 577298 operations; [INSERT: Count=577298 Max=13836.29 Min=4.18 Avg=58.97 10=26.59 25=36.83 50=52.22 75=74.50 90=99.20 95=114.69 99=148.48 99.9=231.94 99.99=1082.37]
2025-04-22 06:49:17 37 sec: 595155 operations; [INSERT: Count=595155 Max=13836.29 Min=4.18 Avg=58.78 10=26.41 25=36.64 50=52.00 75=74.24 90=98.94 95=114.50 99=148.22 99.9=235.13 99.99=1114.11]
2025-04-22 06:49:18 38 sec: 613196 operations; [INSERT: Count=613196 Max=13836.29 Min=4.18 Avg=58.58 10=26.30 25=36.48 50=51.84 75=73.98 90=98.62 95=114.17 99=147.97 99.9=234.88 99.99=1115.13]
2025-04-22 06:49:19 39 sec: 631007 operations; [INSERT: Count=631007 Max=13836.29 Min=4.18 Avg=58.42 10=26.19 25=36.35 50=51.65 75=73.73 90=98.37 95=113.92 99=147.71 99.9=234.88 99.99=1137.66]
2025-04-22 06:49:20 40 sec: 649156 operations; [INSERT: Count=649156 Max=13836.29 Min=4.18 Avg=58.23 10=26.11 25=36.22 50=51.49 75=73.53 90=98.11 95=113.60 99=147.33 99.9=233.60 99.99=1175.55]
2025-04-22 06:49:21 41 sec: 666722 operations; [INSERT: Count=666722 Max=13836.29 Min=4.18 Avg=58.11 10=26.08 25=36.16 50=51.39 75=73.34 90=97.86 95=113.28 99=146.94 99.9=231.81 99.99=1137.66]
2025-04-22 06:49:22 42 sec: 684005 operations; [INSERT: Count=684005 Max=13836.29 Min=4.18 Avg=58.02 10=26.06 25=36.13 50=51.33 75=73.22 90=97.73 95=113.09 99=146.69 99.9=231.04 99.99=1137.66]
2025-04-22 06:49:23 43 sec: 701285 operations; [INSERT: Count=701285 Max=13836.29 Min=4.18 Avg=57.93 10=26.03 25=36.06 50=51.26 75=73.15 90=97.53 95=112.89 99=146.43 99.9=230.91 99.99=1132.54]
2025-04-22 06:49:24 44 sec: 718601 operations; [INSERT: Count=718601 Max=13836.29 Min=4.18 Avg=57.85 10=25.98 25=36.03 50=51.17 75=73.02 90=97.41 95=112.77 99=146.30 99.9=231.42 99.99=1157.12]
2025-04-22 06:49:25 45 sec: 736643 operations; [INSERT: Count=736643 Max=13836.29 Min=4.18 Avg=57.71 10=25.90 25=35.90 50=51.04 75=72.83 90=97.15 95=112.51 99=146.05 99.9=231.94 99.99=1175.55]
2025-04-22 06:49:26 46 sec: 756527 operations; [INSERT: Count=756527 Max=13836.29 Min=4.18 Avg=57.43 10=25.73 25=35.68 50=50.75 75=72.45 90=96.77 95=112.13 99=145.66 99.9=232.57 99.99=1176.58]
2025-04-22 06:49:27 47 sec: 777633 operations; [INSERT: Count=777633 Max=13836.29 Min=4.18 Avg=57.06 10=25.50 25=35.39 50=50.40 75=72.00 90=96.25 95=111.68 99=145.15 99.9=232.57 99.99=1175.55]
2025-04-22 06:49:28 48 sec: 802355 operations; [INSERT: Count=802355 Max=13836.29 Min=4.18 Avg=56.45 10=24.99 25=34.85 50=49.79 75=71.23 90=95.55 95=111.04 99=144.51 99.9=231.81 99.99=1189.89]
2025-04-22 06:49:29 49 sec: 841097 operations; [INSERT: Count=841097 Max=13836.29 Min=4.18 Avg=54.88 10=22.80 25=33.12 50=48.29 75=69.89 90=94.40 95=110.08 99=143.62 99.9=229.12 99.99=1170.43]
2025-04-22 06:49:30 50 sec: 890125 operations; [INSERT: Count=890125 Max=13836.29 Min=4.18 Avg=52.80 10=19.33 25=30.59 50=46.43 75=68.29 90=93.06 95=108.86 99=142.34 99.9=225.41 99.99=1156.10]
2025-04-22 06:49:31 51 sec: 942191 operations; [INSERT: Count=942191 Max=13836.29 Min=4.18 Avg=50.76 10=16.21 25=27.89 50=44.51 75=66.56 90=91.71 95=107.65 99=141.31 99.9=221.18 99.99=1149.95]
2025-04-22 06:49:32 52 sec: 1000000 operations; [INSERT: Count=1000000 Max=13836.29 Min=4.18 Avg=48.58 10=13.23 25=24.75 50=42.46 75=64.73 90=90.24 95=106.43 99=140.03 99.9=216.83 99.99=1137.66]
2025-04-22 06:49:33 52 sec: 1000000 operations; [INSERT: Count=1000000 Max=13836.29 Min=4.18 Avg=48.58 10=13.23 25=24.75 50=42.46 75=64.73 90=90.24 95=106.43 99=140.03 99.9=216.83 99.99=1137.66]
Load runtime(sec): 52.4456
Load operations(ops): 1000000
Load throughput(ops/sec): 19067.4
