Running scope as unit: run-re7aa66b8e727458193c86340af8ee543.scope
load file:/home/user/DataFiles/silesia_data/silesia.tar
2025-04-22 06:48:41 0 sec: 0 operations;
2025-04-22 06:48:42 1 sec: 25567 operations; [INSERT: Count=25567 Max=6324.22 Min=5.90 Avg=32.13 10=15.18 25=20.22 50=28.24 75=40.16 90=53.31 95=61.47 99=76.99 99.9=102.85 99.99=460.54]
2025-04-22 06:48:43 2 sec: 52868 operations; [INSERT: Count=52868 Max=6324.22 Min=5.90 Avg=32.76 10=15.65 25=20.88 50=29.05 75=41.02 90=54.21 95=62.53 99=78.40 99.9=106.43 99.99=460.54]
2025-04-22 06:48:44 3 sec: 80326 operations; [INSERT: Count=80326 Max=6324.22 Min=5.90 Avg=32.90 10=15.86 25=21.09 50=29.28 75=41.31 90=54.34 95=62.53 99=78.27 99.9=103.61 99.99=448.77]
2025-04-22 06:48:45 4 sec: 108044 operations; [INSERT: Count=108044 Max=6324.22 Min=5.90 Avg=32.87 10=15.96 25=21.14 50=29.30 75=41.28 90=54.14 95=62.27 99=78.14 99.9=104.13 99.99=448.77]
2025-04-22 06:48:46 5 sec: 135874 operations; [INSERT: Count=135874 Max=6324.22 Min=5.90 Avg=32.83 10=16.02 25=21.18 50=29.33 75=41.18 90=53.98 95=62.08 99=77.89 99.9=103.17 99.99=439.81]
2025-04-22 06:48:47 6 sec: 164246 operations; [INSERT: Count=164246 Max=13131.77 Min=5.90 Avg=32.66 10=15.94 25=21.02 50=29.12 75=40.86 90=53.53 95=61.60 99=77.57 99.9=104.96 99.99=439.81]
2025-04-22 06:48:48 7 sec: 193093 operations; [INSERT: Count=193093 Max=13131.77 Min=5.63 Avg=32.47 10=15.90 25=20.96 50=28.98 75=40.61 90=53.18 95=61.15 99=77.12 99.9=104.13 99.99=426.75]
2025-04-22 06:48:49 8 sec: 221757 operations; [INSERT: Count=221757 Max=13131.77 Min=5.63 Avg=32.35 10=15.89 25=20.91 50=28.89 75=40.48 90=52.93 95=60.86 99=76.80 99.9=103.04 99.99=422.65]
2025-04-22 06:48:50 9 sec: 250683 operations; [INSERT: Count=250683 Max=13131.77 Min=5.63 Avg=32.23 10=15.89 25=20.86 50=28.80 75=40.29 90=52.70 95=60.54 99=76.48 99.9=103.23 99.99=420.10]
2025-04-22 06:48:51 10 sec: 279668 operations; [INSERT: Count=279668 Max=13131.77 Min=5.63 Avg=32.12 10=15.88 25=20.82 50=28.72 75=40.13 90=52.48 95=60.35 99=76.16 99.9=102.91 99.99=413.69]
2025-04-22 06:48:52 11 sec: 308742 operations; [INSERT: Count=308742 Max=13131.77 Min=5.63 Avg=32.02 10=15.86 25=20.77 50=28.62 75=40.00 90=52.26 95=60.13 99=75.90 99.9=102.85 99.99=409.34]
2025-04-22 06:48:53 12 sec: 338009 operations; [INSERT: Count=338009 Max=13131.77 Min=5.63 Avg=31.92 10=15.84 25=20.70 50=28.53 75=39.84 90=52.06 95=59.87 99=75.58 99.9=102.85 99.99=408.83]
2025-04-22 06:48:54 13 sec: 367435 operations; [INSERT: Count=367435 Max=13131.77 Min=5.63 Avg=31.82 10=15.83 25=20.67 50=28.48 75=39.71 90=51.84 95=59.68 99=75.26 99.9=101.82 99.99=405.25]
2025-04-22 06:48:55 14 sec: 396651 operations; [INSERT: Count=396651 Max=13131.77 Min=5.63 Avg=31.75 10=15.84 25=20.67 50=28.43 75=39.62 90=51.71 95=59.49 99=75.07 99.9=101.18 99.99=402.43]
2025-04-22 06:48:56 15 sec: 425603 operations; [INSERT: Count=425603 Max=13131.77 Min=5.63 Avg=31.71 10=15.86 25=20.67 50=28.41 75=39.55 90=51.62 95=59.36 99=74.94 99.9=100.67 99.99=400.13]
2025-04-22 06:48:57 16 sec: 451405 operations; [INSERT: Count=451405 Max=13131.77 Min=5.63 Avg=31.93 10=15.94 25=20.80 50=28.59 75=39.81 90=51.97 95=59.77 99=75.45 99.9=101.89 99.99=405.76]
2025-04-22 06:48:58 17 sec: 469902 operations; [INSERT: Count=469902 Max=13131.77 Min=5.63 Avg=32.60 10=16.04 25=20.99 50=28.98 75=40.54 90=53.25 95=61.70 99=80.64 99.9=125.31 99.99=409.34]
2025-04-22 06:48:59 18 sec: 493744 operations; [INSERT: Count=493744 Max=71630.85 Min=5.63 Avg=32.89 10=16.06 25=21.05 50=29.09 75=40.73 90=53.50 95=62.05 99=80.96 99.9=124.09 99.99=412.93]
2025-04-22 06:49:00 19 sec: 516984 operations; [INSERT: Count=516984 Max=74055.68 Min=5.63 Avg=33.20 10=16.12 25=21.14 50=29.25 75=40.99 90=53.85 95=62.49 99=81.41 99.9=122.75 99.99=412.93]
2025-04-22 06:49:01 20 sec: 540376 operations; [INSERT: Count=540376 Max=74055.68 Min=5.63 Avg=33.47 10=16.21 25=21.28 50=29.47 75=41.34 90=54.37 95=63.10 99=82.30 99.9=122.43 99.99=417.28]
2025-04-22 06:49:02 21 sec: 563088 operations; [INSERT: Count=563088 Max=74055.68 Min=5.63 Avg=33.76 10=16.30 25=21.42 50=29.70 75=41.70 90=54.94 95=63.81 99=83.58 99.9=130.43 99.99=423.17]
2025-04-22 06:49:03 22 sec: 583993 operations; [INSERT: Count=583993 Max=74055.68 Min=5.63 Avg=34.14 10=16.40 25=21.57 50=29.93 75=42.05 90=55.55 95=64.61 99=85.06 99.9=136.57 99.99=448.77]
2025-04-22 06:49:04 23 sec: 606096 operations; [INSERT: Count=606096 Max=74055.68 Min=5.63 Avg=34.42 10=16.46 25=21.68 50=30.09 75=42.34 90=55.94 95=65.18 99=86.14 99.9=148.74 99.99=463.36]
2025-04-22 06:49:05 24 sec: 628785 operations; [INSERT: Count=628785 Max=74055.68 Min=5.37 Avg=34.65 10=16.46 25=21.71 50=30.18 75=42.56 90=56.35 95=65.92 99=88.64 99.9=164.74 99.99=622.59]
2025-04-22 06:49:06 25 sec: 654380 operations; [INSERT: Count=654380 Max=74055.68 Min=5.37 Avg=34.69 10=16.48 25=21.73 50=30.21 75=42.62 90=56.48 95=66.05 99=89.02 99.9=166.40 99.99=668.16]
2025-04-22 06:49:07 26 sec: 680674 operations; [INSERT: Count=680674 Max=74055.68 Min=5.37 Avg=34.70 10=16.50 25=21.73 50=30.22 75=42.62 90=56.51 95=66.05 99=89.02 99.9=166.53 99.99=660.48]
2025-04-22 06:49:08 27 sec: 704838 operations; [INSERT: Count=704838 Max=74055.68 Min=5.37 Avg=34.84 10=16.56 25=21.84 50=30.35 75=42.85 90=56.80 95=66.37 99=89.41 99.9=166.66 99.99=680.96]
2025-04-22 06:49:09 28 sec: 727407 operations; [INSERT: Count=727407 Max=74055.68 Min=5.37 Avg=35.03 10=16.62 25=21.92 50=30.48 75=43.01 90=57.09 95=66.75 99=89.92 99.9=167.55 99.99=705.53]
2025-04-22 06:49:10 29 sec: 750270 operations; [INSERT: Count=750270 Max=74055.68 Min=5.37 Avg=35.19 10=16.70 25=22.03 50=30.66 75=43.26 90=57.44 95=67.14 99=90.11 99.9=165.89 99.99=699.39]
2025-04-22 06:49:11 30 sec: 766039 operations; [INSERT: Count=766039 Max=74055.68 Min=5.37 Avg=35.65 10=16.78 25=22.18 50=30.94 75=43.81 90=58.40 95=68.54 99=94.14 99.9=166.91 99.99=693.76]
2025-04-22 06:49:12 31 sec: 788252 operations; [INSERT: Count=788252 Max=74055.68 Min=5.37 Avg=35.82 10=16.83 25=22.27 50=31.07 75=44.00 90=58.72 95=68.93 99=94.91 99.9=171.65 99.99=705.53]
2025-04-22 06:49:13 32 sec: 810351 operations; [INSERT: Count=810351 Max=74055.68 Min=5.37 Avg=35.98 10=16.91 25=22.38 50=31.23 75=44.22 90=59.04 95=69.31 99=95.10 99.9=169.98 99.99=717.82]
2025-04-22 06:49:14 33 sec: 831144 operations; [INSERT: Count=831144 Max=74055.68 Min=5.37 Avg=36.20 10=16.98 25=22.50 50=31.39 75=44.51 90=59.42 95=69.82 99=96.19 99.9=176.00 99.99=749.57]
2025-04-22 06:49:15 34 sec: 852245 operations; [INSERT: Count=852245 Max=74055.68 Min=5.37 Avg=36.39 10=17.04 25=22.57 50=31.54 75=44.70 90=59.77 95=70.27 99=97.41 99.9=182.53 99.99=766.46]
2025-04-22 06:49:16 35 sec: 875042 operations; [INSERT: Count=875042 Max=74055.68 Min=5.37 Avg=36.49 10=17.07 25=22.62 50=31.61 75=44.83 90=59.94 95=70.46 99=98.05 99.9=185.22 99.99=769.02]
2025-04-22 06:49:17 36 sec: 897399 operations; [INSERT: Count=897399 Max=74055.68 Min=5.37 Avg=36.61 10=17.09 25=22.66 50=31.66 75=44.96 90=60.16 95=70.78 99=99.33 99.9=190.46 99.99=829.44]
2025-04-22 06:49:18 37 sec: 922073 operations; [INSERT: Count=922073 Max=74055.68 Min=5.37 Avg=36.62 10=17.10 25=22.67 50=31.70 75=44.99 90=60.19 95=70.78 99=98.94 99.9=189.57 99.99=829.44]
2025-04-22 06:49:19 38 sec: 945880 operations; [INSERT: Count=945880 Max=74055.68 Min=5.37 Avg=36.67 10=17.10 25=22.69 50=31.71 75=45.05 90=60.26 95=70.91 99=99.26 99.9=192.77 99.99=845.82]
2025-04-22 06:49:20 39 sec: 960651 operations; [INSERT: Count=960651 Max=74055.68 Min=5.37 Avg=37.05 10=17.17 25=22.80 50=31.93 75=45.47 90=60.96 95=72.00 99=102.40 99.9=201.60 99.99=899.07]
2025-04-22 06:49:21 40 sec: 975828 operations; [INSERT: Count=975828 Max=74055.68 Min=5.37 Avg=37.40 10=17.23 25=22.91 50=32.17 75=45.89 90=61.73 95=73.02 99=104.77 99.9=206.59 99.99=899.07]
2025-04-22 06:49:22 41 sec: 991226 operations; [INSERT: Count=991226 Max=74055.68 Min=5.37 Avg=37.73 10=17.30 25=23.04 50=32.38 75=46.30 90=62.40 95=73.98 99=106.94 99.9=212.99 99.99=895.49]
2025-04-22 06:49:23 42 sec: 1000000 operations; [INSERT: Count=1000000 Max=74055.68 Min=5.37 Avg=37.90 10=17.33 25=23.10 50=32.51 75=46.53 90=62.72 95=74.50 99=107.78 99.9=215.17 99.99=888.32]
2025-04-22 06:49:23 42 sec: 1000000 operations; [INSERT: Count=1000000 Max=74055.68 Min=5.37 Avg=37.90 10=17.33 25=23.10 50=32.51 75=46.53 90=62.72 95=74.50 99=107.78 99.9=215.17 99.99=888.32]
Load runtime(sec): 42.7391
Load operations(ops): 1000000
Load throughput(ops/sec): 23397.8
