Running scope as unit: run-r22adb115d539475ea479d11f9510e9a1.scope
load file:/home/user/DataFiles/silesia_data/silesia.tar
2025-04-22 06:48:40 0 sec: 0 operations;
2025-04-22 06:48:41 1 sec: 18952 operations; [INSERT: Count=18952 Max=3954.69 Min=5.52 Avg=47.84 10=19.05 25=28.32 50=42.17 75=61.57 90=82.88 95=97.79 99=127.61 99.9=172.41 99.99=581.63]
2025-04-22 06:48:42 2 sec: 37637 operations; [INSERT: Count=37637 Max=3954.69 Min=5.52 Avg=49.03 10=20.78 25=29.76 50=43.42 75=62.78 90=84.16 95=98.11 99=125.69 99.9=172.16 99.99=544.77]
2025-04-22 06:48:43 3 sec: 56359 operations; [INSERT: Count=56359 Max=3954.69 Min=5.52 Avg=49.38 10=21.45 25=30.25 50=43.84 75=63.13 90=84.29 95=97.92 99=124.86 99.9=171.52 99.99=576.00]
2025-04-22 06:48:44 4 sec: 74673 operations; [INSERT: Count=74673 Max=3954.69 Min=5.52 Avg=49.84 10=21.92 25=30.70 50=44.48 75=63.68 90=84.93 95=98.37 99=124.86 99.9=165.76 99.99=582.14]
2025-04-22 06:48:45 5 sec: 93071 operations; [INSERT: Count=93071 Max=3954.69 Min=5.52 Avg=50.07 10=22.19 25=30.94 50=44.67 75=63.87 90=85.06 95=98.30 99=124.80 99.9=165.76 99.99=629.76]
2025-04-22 06:48:46 6 sec: 111565 operations; [INSERT: Count=111565 Max=13099.01 Min=5.52 Avg=50.15 10=22.24 25=30.96 50=44.58 75=63.74 90=84.80 95=98.11 99=124.54 99.9=168.96 99.99=687.10]
2025-04-22 06:48:47 7 sec: 129583 operations; [INSERT: Count=129583 Max=13099.01 Min=5.52 Avg=50.42 10=22.50 25=31.21 50=44.90 75=64.13 90=85.18 95=98.43 99=125.12 99.9=165.89 99.99=687.10]
2025-04-22 06:48:48 8 sec: 147460 operations; [INSERT: Count=147460 Max=13099.01 Min=5.52 Avg=50.68 10=22.72 25=31.49 50=45.18 75=64.48 90=85.44 95=98.81 99=125.44 99.9=165.12 99.99=686.08]
2025-04-22 06:48:49 9 sec: 165510 operations; [INSERT: Count=165510 Max=13099.01 Min=5.52 Avg=50.83 10=22.85 25=31.63 50=45.34 75=64.67 90=85.63 95=98.88 99=125.63 99.9=164.48 99.99=688.64]
2025-04-22 06:48:50 10 sec: 183773 operations; [INSERT: Count=183773 Max=13099.01 Min=5.52 Avg=50.89 10=22.93 25=31.70 50=45.38 75=64.73 90=85.69 95=98.94 99=125.63 99.9=164.86 99.99=704.51]
2025-04-22 06:48:51 11 sec: 202112 operations; [INSERT: Count=202112 Max=13099.01 Min=5.52 Avg=50.90 10=22.99 25=31.74 50=45.41 75=64.70 90=85.57 95=98.81 99=125.38 99.9=166.27 99.99=704.51]
2025-04-22 06:48:52 12 sec: 220249 operations; [INSERT: Count=220249 Max=30605.31 Min=5.52 Avg=50.97 10=23.01 25=31.71 50=45.38 75=64.58 90=85.38 95=98.56 99=125.06 99.9=166.27 99.99=710.65]
2025-04-22 06:48:53 13 sec: 238575 operations; [INSERT: Count=238575 Max=30605.31 Min=5.52 Avg=50.98 10=23.05 25=31.76 50=45.41 75=64.61 90=85.38 95=98.56 99=124.93 99.9=165.89 99.99=704.51]
2025-04-22 06:48:54 14 sec: 256905 operations; [INSERT: Count=256905 Max=30605.31 Min=5.52 Avg=51.00 10=23.09 25=31.81 50=45.47 75=64.64 90=85.38 95=98.56 99=124.86 99.9=165.76 99.99=704.51]
2025-04-22 06:48:55 15 sec: 275151 operations; [INSERT: Count=275151 Max=30605.31 Min=5.52 Avg=51.03 10=23.15 25=31.86 50=45.50 75=64.67 90=85.44 95=98.62 99=124.86 99.9=165.12 99.99=703.49]
2025-04-22 06:48:56 16 sec: 292571 operations; [INSERT: Count=292571 Max=30605.31 Min=5.52 Avg=51.20 10=23.28 25=32.02 50=45.66 75=64.86 90=85.63 95=98.81 99=125.06 99.9=166.27 99.99=723.46]
2025-04-22 06:48:57 17 sec: 308926 operations; [INSERT: Count=308926 Max=30605.31 Min=5.52 Avg=51.53 10=23.44 25=32.24 50=45.95 75=65.22 90=86.21 95=99.45 99=126.27 99.9=169.60 99.99=724.99]
2025-04-22 06:48:58 18 sec: 319029 operations; [INSERT: Count=319029 Max=30605.31 Min=5.52 Avg=52.78 10=23.65 25=32.64 50=46.72 75=66.75 90=88.58 95=102.91 99=135.17 99.9=204.67 99.99=724.99]
2025-04-22 06:48:59 19 sec: 328923 operations; [INSERT: Count=328923 Max=30605.31 Min=5.52 Avg=53.99 10=23.86 25=33.02 50=47.49 75=68.22 90=91.01 95=106.56 99=144.00 99.9=219.26 99.99=724.99]
2025-04-22 06:49:00 20 sec: 338778 operations; [INSERT: Count=338778 Max=30605.31 Min=5.52 Avg=55.14 10=24.06 25=33.41 50=48.26 75=69.63 90=93.38 95=110.08 99=152.19 99.9=228.48 99.99=724.99]
2025-04-22 06:49:01 21 sec: 348476 operations; [INSERT: Count=348476 Max=30605.31 Min=5.52 Avg=56.26 10=24.24 25=33.76 50=48.96 75=70.97 90=95.68 95=113.41 99=160.51 99.9=242.56 99.99=724.99]
2025-04-22 06:49:02 22 sec: 358569 operations; [INSERT: Count=358569 Max=30605.31 Min=5.52 Avg=57.25 10=24.43 25=34.11 50=49.70 75=72.19 90=97.73 95=116.54 99=165.25 99.9=244.86 99.99=726.53]
2025-04-22 06:49:03 23 sec: 369072 operations; [INSERT: Count=369072 Max=30605.31 Min=5.52 Avg=58.15 10=24.57 25=34.40 50=50.17 75=73.02 90=99.14 95=118.59 99=169.22 99.9=254.85 99.99=790.53]
2025-04-22 06:49:04 24 sec: 385017 operations; [INSERT: Count=385017 Max=30605.31 Min=5.52 Avg=58.19 10=24.50 25=34.37 50=50.14 75=73.09 90=99.33 95=119.04 99=169.98 99.9=262.65 99.99=925.70]
2025-04-22 06:49:05 25 sec: 402210 operations; [INSERT: Count=402210 Max=30605.31 Min=5.52 Avg=58.05 10=24.45 25=34.30 50=50.02 75=72.89 90=99.14 95=118.78 99=169.47 99.9=263.42 99.99=935.42]
2025-04-22 06:49:06 26 sec: 417690 operations; [INSERT: Count=417690 Max=30605.31 Min=5.52 Avg=58.13 10=24.50 25=34.37 50=50.08 75=72.96 90=99.26 95=118.91 99=169.85 99.9=264.70 99.99=943.62]
2025-04-22 06:49:07 27 sec: 427804 operations; [INSERT: Count=427804 Max=30605.31 Min=5.52 Avg=58.92 10=24.64 25=34.66 50=50.66 75=73.98 90=100.93 95=121.34 99=173.57 99.9=270.59 99.99=944.13]
2025-04-22 06:49:08 28 sec: 437610 operations; [INSERT: Count=437610 Max=30605.31 Min=5.52 Avg=59.71 10=24.78 25=34.94 50=51.23 75=74.94 90=102.46 95=123.52 99=176.25 99.9=274.69 99.99=1067.01]
2025-04-22 06:49:09 29 sec: 447251 operations; [INSERT: Count=447251 Max=30605.31 Min=5.52 Avg=60.48 10=24.94 25=35.23 50=51.81 75=75.97 90=104.06 95=125.89 99=179.20 99.9=277.25 99.99=1086.46]
2025-04-22 06:49:10 30 sec: 457438 operations; [INSERT: Count=457438 Max=30605.31 Min=5.52 Avg=61.15 10=25.12 25=35.52 50=52.35 75=76.80 90=105.41 95=127.68 99=180.74 99.9=275.97 99.99=1111.04]
2025-04-22 06:49:11 31 sec: 467985 operations; [INSERT: Count=467985 Max=30605.31 Min=5.52 Avg=61.75 10=25.26 25=35.77 50=52.83 75=77.57 90=106.69 95=129.41 99=182.91 99.9=283.39 99.99=1135.62]
2025-04-22 06:49:12 32 sec: 478626 operations; [INSERT: Count=478626 Max=30605.31 Min=5.52 Avg=62.31 10=25.41 25=36.06 50=53.28 75=78.33 90=107.78 95=130.88 99=184.19 99.9=286.46 99.99=1142.78]
2025-04-22 06:49:13 33 sec: 489199 operations; [INSERT: Count=489199 Max=30605.31 Min=5.52 Avg=62.85 10=25.55 25=36.32 50=53.79 75=79.04 90=108.93 95=132.35 99=185.60 99.9=289.54 99.99=1181.69]
2025-04-22 06:49:14 34 sec: 499705 operations; [INSERT: Count=499705 Max=30605.31 Min=5.52 Avg=63.39 10=25.66 25=36.54 50=54.17 75=79.68 90=110.08 95=133.89 99=187.90 99.9=301.06 99.99=1181.69]
2025-04-22 06:49:15 35 sec: 510809 operations; [INSERT: Count=510809 Max=30605.31 Min=5.45 Avg=63.82 10=25.76 25=36.73 50=54.56 75=80.25 90=110.91 95=135.04 99=189.31 99.9=308.48 99.99=1199.10]
2025-04-22 06:49:16 36 sec: 526510 operations; [INSERT: Count=526510 Max=30605.31 Min=4.62 Avg=63.69 10=25.65 25=36.61 50=54.40 75=80.06 90=110.78 95=134.78 99=189.18 99.9=312.32 99.99=1199.10]
2025-04-22 06:49:17 37 sec: 544968 operations; [INSERT: Count=544968 Max=30605.31 Min=4.62 Avg=63.26 10=25.45 25=36.35 50=53.98 75=79.55 90=110.02 95=133.89 99=188.41 99.9=313.09 99.99=1204.22]
2025-04-22 06:49:18 38 sec: 563000 operations; [INSERT: Count=563000 Max=30605.31 Min=4.62 Avg=62.90 10=25.33 25=36.16 50=53.66 75=79.04 90=109.31 95=133.12 99=187.52 99.9=315.13 99.99=1229.82]
2025-04-22 06:49:19 39 sec: 581268 operations; [INSERT: Count=581268 Max=30605.31 Min=4.62 Avg=62.54 10=25.20 25=35.97 50=53.31 75=78.59 90=108.61 95=132.22 99=186.62 99.9=315.13 99.99=1238.02]
2025-04-22 06:49:20 40 sec: 599544 operations; [INSERT: Count=599544 Max=30605.31 Min=4.62 Avg=62.19 10=25.10 25=35.77 50=53.05 75=78.21 90=107.90 95=131.20 99=185.73 99.9=313.09 99.99=1300.48]
2025-04-22 06:49:21 41 sec: 616820 operations; [INSERT: Count=616820 Max=30605.31 Min=4.62 Avg=61.97 10=25.10 25=35.74 50=52.90 75=77.89 90=107.45 95=130.50 99=184.83 99.9=309.25 99.99=1238.02]
2025-04-22 06:49:22 42 sec: 633528 operations; [INSERT: Count=633528 Max=30605.31 Min=4.62 Avg=61.81 10=25.10 25=35.71 50=52.80 75=77.69 90=107.07 95=129.85 99=184.19 99.9=307.20 99.99=1229.82]
2025-04-22 06:49:23 43 sec: 651133 operations; [INSERT: Count=651133 Max=30605.31 Min=4.62 Avg=61.58 10=25.07 25=35.65 50=52.61 75=77.38 90=106.62 95=129.15 99=183.42 99.9=305.15 99.99=1209.34]
2025-04-22 06:49:24 44 sec: 668981 operations; [INSERT: Count=668981 Max=30605.31 Min=4.62 Avg=61.34 10=25.01 25=35.52 50=52.41 75=77.06 90=106.11 95=128.45 99=182.66 99.9=305.15 99.99=1229.82]
2025-04-22 06:49:25 45 sec: 687463 operations; [INSERT: Count=687463 Max=30605.31 Min=4.62 Avg=61.06 10=24.91 25=35.39 50=52.16 75=76.73 90=105.53 95=127.68 99=181.89 99.9=306.94 99.99=1263.62]
2025-04-22 06:49:26 46 sec: 707337 operations; [INSERT: Count=707337 Max=30605.31 Min=4.62 Avg=60.66 10=24.75 25=35.17 50=51.81 75=76.22 90=104.83 95=126.91 99=181.12 99.9=305.92 99.99=1263.62]
2025-04-22 06:49:27 47 sec: 728752 operations; [INSERT: Count=728752 Max=30605.31 Min=4.62 Avg=60.14 10=24.53 25=34.81 50=51.33 75=75.52 90=104.06 95=126.02 99=180.09 99.9=304.38 99.99=1261.57]
2025-04-22 06:49:28 48 sec: 753954 operations; [INSERT: Count=753954 Max=30605.31 Min=4.62 Avg=59.34 10=23.98 25=34.14 50=50.53 75=74.56 90=103.04 95=124.86 99=179.20 99.9=302.08 99.99=1272.83]
2025-04-22 06:49:29 49 sec: 795140 operations; [INSERT: Count=795140 Max=30605.31 Min=4.62 Avg=57.35 10=21.57 25=31.98 50=48.61 75=72.83 90=101.44 95=123.20 99=177.41 99.9=296.19 99.99=1209.34]
2025-04-22 06:49:30 50 sec: 836468 operations; [INSERT: Count=836468 Max=30605.31 Min=4.62 Avg=55.51 10=19.39 25=29.87 50=46.78 75=71.17 90=99.90 95=121.53 99=175.74 99.9=290.81 99.99=1204.22]
2025-04-22 06:49:31 51 sec: 878392 operations; [INSERT: Count=878392 Max=30605.31 Min=4.62 Avg=53.81 10=17.68 25=27.86 50=44.96 75=69.57 90=98.43 95=120.00 99=174.21 99.9=286.46 99.99=1204.22]
2025-04-22 06:49:32 52 sec: 940679 operations; [INSERT: Count=940679 Max=30605.31 Min=4.16 Avg=51.07 10=14.18 25=24.51 50=42.34 75=67.33 90=96.38 95=117.82 99=172.03 99.9=279.55 99.99=1203.20]
2025-04-22 06:49:33 53 sec: 1000000 operations; [INSERT: Count=1000000 Max=30605.31 Min=4.16 Avg=48.57 10=10.86 25=21.30 50=39.97 75=65.22 90=94.53 95=115.90 99=169.98 99.9=274.69 99.99=1203.20]
2025-04-22 06:49:33 53 sec: 1000000 operations; [INSERT: Count=1000000 Max=30605.31 Min=4.16 Avg=48.57 10=10.86 25=21.30 50=39.97 75=65.22 90=94.53 95=115.90 99=169.98 99.9=274.69 99.99=1203.20]
Load runtime(sec): 53.0925
Load operations(ops): 1000000
Load throughput(ops/sec): 18835
