Running scope as unit: run-refb6ce80cd574555bda0adb1e2cdf3dc.scope
load file:/home/user/DataFiles/silesia_data/silesia.tar
2025-04-23 02:44:22 0 sec: 0 operations;
2025-04-23 02:44:23 1 sec: 0 operations;
2025-04-23 02:44:24 2 sec: 0 operations;
2025-04-23 02:44:25 3 sec: 0 operations;
2025-04-23 02:44:26 4 sec: 0 operations;
2025-04-23 02:44:27 5 sec: 0 operations;
2025-04-23 02:44:28 6 sec: 0 operations;
2025-04-23 02:44:29 7 sec: 0 operations;
2025-04-23 02:44:30 8 sec: 0 operations;
2025-04-23 02:44:31 9 sec: 0 operations;
2025-04-23 02:44:32 10 sec: 0 operations;
2025-04-23 02:44:33 11 sec: 0 operations;
2025-04-23 02:44:34 12 sec: 0 operations;
2025-04-23 02:44:35 13 sec: 0 operations;
2025-04-23 02:44:36 14 sec: 1624 operations; [READ: Count=789 Max=1774.59 Min=5.22 Avg=88.54 10=32.51 25=53.63 50=60.96 75=136.06 90=148.61 95=164.35 99=234.75 99.9=533.50 99.99=1774.59] [UPDATE: Count=835 Max=2756.61 Min=11.94 Avg=98.71 10=42.91 25=59.07 50=67.20 75=136.83 90=153.34 95=173.44 99=403.71 99.9=912.89 99.99=2756.61]
2025-04-23 02:44:37 15 sec: 9556 operations; [READ: Count=4759 Max=2185.22 Min=3.21 Avg=116.31 10=48.03 25=61.79 50=99.20 75=153.60 90=201.60 95=225.15 99=308.22 99.9=1125.38 99.99=2185.22] [UPDATE: Count=4797 Max=2820.09 Min=7.57 Avg=123.32 10=50.59 25=66.88 50=103.61 75=158.34 90=209.15 95=231.94 99=400.89 99.9=1190.91 99.99=2820.09]
2025-04-23 02:44:38 16 sec: 17282 operations; [READ: Count=8716 Max=2185.22 Min=2.90 Avg=120.60 10=48.00 25=70.66 50=103.36 75=159.36 90=204.80 95=226.69 99=284.67 99.9=1306.62 99.99=1774.59] [UPDATE: Count=8566 Max=2820.09 Min=7.30 Avg=126.83 10=52.45 25=74.30 50=109.06 75=165.63 90=212.48 95=232.96 99=319.23 99.9=1217.54 99.99=2756.61]
2025-04-23 02:44:39 17 sec: 23895 operations; [READ: Count=12030 Max=2185.22 Min=2.90 Avg=126.27 10=47.55 25=72.96 50=104.64 75=161.15 90=207.62 95=233.22 99=540.16 99.9=1588.22 99.99=1774.59] [UPDATE: Count=11865 Max=5120.00 Min=7.18 Avg=135.86 10=52.96 25=78.08 50=110.78 75=167.68 90=216.32 95=240.90 99=648.70 99.9=1727.49 99.99=4591.61]
2025-04-23 02:44:40 18 sec: 32035 operations; [READ: Count=16154 Max=2185.22 Min=2.90 Avg=124.32 10=47.55 25=74.05 50=105.41 75=160.64 90=206.97 95=229.12 99=429.57 99.9=1391.62 99.99=1769.47] [UPDATE: Count=15881 Max=5120.00 Min=7.18 Avg=133.19 10=53.47 25=79.55 50=111.36 75=168.45 90=214.78 95=237.69 99=538.11 99.9=1590.27 99.99=2820.09]
2025-04-23 02:44:41 19 sec: 40175 operations; [READ: Count=20257 Max=2185.22 Min=2.69 Avg=123.09 10=47.13 25=74.50 50=105.92 75=160.64 90=206.72 95=227.84 99=352.51 99.9=1326.08 99.99=1769.47] [UPDATE: Count=19918 Max=5120.00 Min=7.15 Avg=131.67 10=53.41 25=80.51 50=111.94 75=168.45 90=214.40 95=235.52 99=461.57 99.9=1485.82 99.99=2820.09]
2025-04-23 02:44:42 20 sec: 47831 operations; [READ: Count=24060 Max=4509.69 Min=2.68 Avg=123.44 10=46.78 25=74.50 50=105.98 75=160.00 90=206.97 95=228.74 99=395.52 99.9=1302.53 99.99=1774.59] [UPDATE: Count=23771 Max=8650.75 Min=7.15 Avg=132.04 10=53.05 25=80.45 50=111.81 75=167.68 90=214.78 95=237.06 99=460.54 99.9=1485.82 99.99=4591.61]
2025-04-23 02:44:43 21 sec: 56154 operations; [READ: Count=28228 Max=4509.69 Min=2.68 Avg=122.23 10=46.69 25=74.69 50=105.98 75=158.97 90=205.82 95=227.20 99=344.32 99.9=1228.80 99.99=1769.47] [UPDATE: Count=27926 Max=8650.75 Min=7.15 Avg=130.69 10=52.90 25=80.70 50=112.06 75=166.27 90=213.76 95=235.26 99=416.00 99.9=1410.05 99.99=4501.50]
2025-04-23 02:44:44 22 sec: 63023 operations; [READ: Count=31648 Max=4509.69 Min=2.68 Avg=124.04 10=46.49 25=74.69 50=105.92 75=158.21 90=205.95 95=228.86 99=511.23 99.9=1209.34 99.99=1769.47] [UPDATE: Count=31375 Max=21954.56 Min=7.15 Avg=132.85 10=52.64 25=80.70 50=112.25 75=165.38 90=214.01 95=237.82 99=545.28 99.9=1383.42 99.99=4591.61]
2025-04-23 02:44:45 23 sec: 71544 operations; [READ: Count=35951 Max=4509.69 Min=2.68 Avg=122.70 10=46.27 25=74.56 50=105.73 75=157.57 90=204.80 95=227.20 99=457.47 99.9=1125.38 99.99=1765.38] [UPDATE: Count=35593 Max=21954.56 Min=7.15 Avg=131.32 10=52.26 25=80.70 50=112.32 75=164.22 90=212.86 95=236.29 99=504.06 99.9=1334.27 99.99=4501.50]
2025-04-23 02:44:46 24 sec: 79885 operations; [READ: Count=40114 Max=4509.69 Min=2.58 Avg=121.94 10=46.21 25=74.81 50=105.98 75=157.06 90=204.16 95=226.05 99=414.98 99.9=1092.61 99.99=1765.38] [UPDATE: Count=39771 Max=21954.56 Min=7.15 Avg=130.35 10=52.26 25=80.96 50=112.58 75=163.58 90=212.22 95=234.75 99=464.13 99.9=1296.38 99.99=4501.50]
2025-04-23 02:44:47 25 sec: 88373 operations; [READ: Count=44356 Max=4509.69 Min=2.51 Avg=120.93 10=45.76 25=74.69 50=105.79 75=156.16 90=203.52 95=224.64 99=375.81 99.9=1027.58 99.99=1765.38] [UPDATE: Count=44017 Max=21954.56 Min=7.15 Avg=129.57 10=52.16 25=81.09 50=112.64 75=162.94 90=211.58 95=233.85 99=444.42 99.9=1253.38 99.99=4501.50]
2025-04-23 02:44:48 26 sec: 96558 operations; [READ: Count=48465 Max=4509.69 Min=2.51 Avg=120.55 10=45.44 25=74.56 50=105.66 75=155.13 90=202.88 95=224.13 99=376.32 99.9=1076.22 99.99=1768.45] [UPDATE: Count=48093 Max=21954.56 Min=7.15 Avg=129.29 10=51.90 25=81.02 50=112.58 75=162.18 90=211.33 95=233.85 99=449.79 99.9=1236.99 99.99=3373.05]
2025-04-23 02:44:49 27 sec: 104860 operations; [READ: Count=52630 Max=4509.69 Min=2.38 Avg=120.21 10=45.22 25=74.43 50=105.53 75=153.98 90=202.11 95=223.49 99=380.16 99.9=1092.61 99.99=1769.47] [UPDATE: Count=52230 Max=21954.56 Min=6.97 Avg=128.76 10=51.33 25=80.70 50=112.45 75=161.28 90=210.43 95=232.96 99=452.35 99.9=1244.16 99.99=3373.05]
2025-04-23 02:44:50 28 sec: 113521 operations; [READ: Count=56956 Max=4509.69 Min=2.38 Avg=119.49 10=43.94 25=71.55 50=103.87 75=151.55 90=200.57 95=222.46 99=405.25 99.9=1466.37 99.99=2457.60] [UPDATE: Count=56565 Max=21954.56 Min=6.97 Avg=127.95 10=50.11 25=77.82 50=110.72 75=158.97 90=208.64 95=232.06 99=465.41 99.9=1513.47 99.99=3430.40]
2025-04-23 02:44:51 29 sec: 126411 operations; [READ: Count=63510 Max=4509.69 Min=2.38 Avg=114.57 10=41.31 25=64.70 50=100.03 75=146.69 90=196.35 95=219.39 99=359.94 99.9=1391.62 99.99=2457.60] [UPDATE: Count=62901 Max=21954.56 Min=6.97 Avg=123.25 10=48.45 25=71.68 50=106.94 75=154.11 90=204.80 95=228.74 99=439.04 99.9=1462.27 99.99=3430.40]
2025-04-23 02:44:52 30 sec: 140066 operations; [READ: Count=70327 Max=4509.69 Min=2.38 Avg=110.11 10=39.45 25=59.87 50=96.25 75=141.95 90=192.25 95=216.57 99=308.99 99.9=1326.08 99.99=2426.88] [UPDATE: Count=69739 Max=21954.56 Min=6.97 Avg=118.61 10=46.46 25=66.75 50=103.17 75=149.25 90=200.45 95=225.41 99=403.71 99.9=1383.42 99.99=3373.05]
2025-04-23 02:44:53 31 sec: 153476 operations; [READ: Count=77072 Max=4509.69 Min=2.38 Avg=106.55 10=38.11 25=55.42 50=92.99 75=137.85 90=188.80 95=214.14 99=299.52 99.9=1243.13 99.99=2422.78] [UPDATE: Count=76404 Max=21954.56 Min=6.97 Avg=115.06 10=44.96 25=62.78 50=99.84 75=144.90 90=196.86 95=223.36 99=391.17 99.9=1337.34 99.99=2906.11]
2025-04-23 02:44:54 32 sec: 167126 operations; [READ: Count=83947 Max=4509.69 Min=2.38 Avg=103.48 10=37.28 25=53.02 50=90.37 75=133.50 90=185.09 95=211.46 99=290.05 99.9=1227.78 99.99=2422.78] [UPDATE: Count=83179 Max=21954.56 Min=6.97 Avg=111.85 10=43.97 25=60.22 50=97.02 75=140.41 90=193.28 95=220.67 99=371.97 99.9=1303.55 99.99=2906.11]
2025-04-23 02:44:55 33 sec: 178911 operations; [READ: Count=89818 Max=4509.69 Min=2.38 Avg=101.69 10=36.54 25=51.55 50=87.94 75=129.92 90=182.27 95=209.66 99=288.00 99.9=1445.89 99.99=2715.65] [UPDATE: Count=89093 Max=27181.06 Min=6.97 Avg=110.51 10=43.17 25=58.59 50=94.78 75=136.70 90=190.08 95=218.75 99=372.48 99.9=1516.54 99.99=3373.05]
2025-04-23 02:44:56 34 sec: 193369 operations; [READ: Count=97018 Max=4509.69 Min=2.38 Avg=98.97 10=36.03 25=50.40 50=85.76 75=125.25 90=178.43 95=207.36 99=280.06 99.9=1394.69 99.99=2689.02] [UPDATE: Count=96351 Max=27181.06 Min=6.97 Avg=107.57 10=42.56 25=57.28 50=92.42 75=132.35 90=185.98 95=216.32 99=346.62 99.9=1482.75 99.99=3350.53]
2025-04-23 02:44:57 35 sec: 208079 operations; [READ: Count=104425 Max=4509.69 Min=2.04 Avg=96.43 10=35.55 25=49.57 50=83.52 75=121.22 90=174.59 95=205.06 99=272.89 99.9=1335.30 99.99=2689.02] [UPDATE: Count=103654 Max=27181.06 Min=6.97 Avg=104.99 10=41.95 25=56.26 50=90.37 75=128.38 90=182.40 95=214.01 99=320.00 99.9=1410.05 99.99=3350.53]
2025-04-23 02:44:58 36 sec: 223068 operations; [READ: Count=111838 Max=4509.69 Min=2.04 Avg=94.14 10=35.17 25=48.80 50=81.60 75=117.76 90=170.88 95=202.75 99=268.03 99.9=1254.40 99.99=2680.83] [UPDATE: Count=111230 Max=27181.06 Min=6.97 Avg=102.58 10=41.47 25=55.52 50=88.51 75=124.99 90=178.94 95=211.58 99=302.85 99.9=1368.06 99.99=3092.48]
2025-04-23 02:44:59 37 sec: 237648 operations; [READ: Count=119169 Max=4509.69 Min=2.04 Avg=92.26 10=34.81 25=48.19 50=79.94 75=114.69 90=167.42 95=200.70 99=265.21 99.9=1253.38 99.99=2654.21] [UPDATE: Count=118479 Max=27181.06 Min=6.97 Avg=100.69 10=40.96 25=54.88 50=86.97 75=122.05 90=175.62 95=209.28 99=294.40 99.9=1341.44 99.99=3061.76]
2025-04-23 02:45:00 38 sec: 251218 operations; [READ: Count=125834 Max=6242.30 Min=2.04 Avg=91.03 10=34.53 25=47.77 50=78.66 75=112.19 90=164.86 95=198.78 99=263.42 99.9=1326.08 99.99=2689.02] [UPDATE: Count=125384 Max=27181.06 Min=6.97 Avg=99.35 10=40.61 25=54.37 50=85.44 75=119.74 90=173.06 95=207.49 99=290.56 99.9=1408.00 99.99=3092.48]
2025-04-23 02:45:01 39 sec: 265736 operations; [READ: Count=133129 Max=6242.30 Min=2.04 Avg=89.53 10=34.30 25=47.45 50=77.50 75=110.27 90=161.92 95=196.48 99=258.94 99.9=1281.02 99.99=2689.02] [UPDATE: Count=132607 Max=27181.06 Min=6.97 Avg=97.86 10=40.32 25=54.08 50=84.29 75=117.76 90=169.85 95=205.44 99=282.88 99.9=1368.06 99.99=3092.48]
2025-04-23 02:45:02 40 sec: 280827 operations; [READ: Count=140518 Max=6242.30 Min=2.04 Avg=88.03 10=33.95 25=47.07 50=76.22 75=108.54 90=159.36 95=194.30 99=255.74 99.9=1228.80 99.99=2680.83] [UPDATE: Count=140309 Max=27181.06 Min=6.76 Avg=96.30 10=39.94 25=53.70 50=83.01 75=115.90 90=167.04 95=203.01 99=277.76 99.9=1330.17 99.99=3061.76]
2025-04-23 02:45:03 41 sec: 295810 operations; [READ: Count=148017 Max=6242.30 Min=2.04 Avg=86.68 10=33.53 25=46.75 50=74.94 75=107.14 90=156.80 95=192.25 99=253.06 99.9=1209.34 99.99=2654.21] [UPDATE: Count=147793 Max=27181.06 Min=6.76 Avg=94.99 10=39.52 25=53.44 50=81.86 75=114.50 90=164.35 95=200.83 99=273.15 99.9=1303.55 99.99=3018.75]
2025-04-23 02:45:04 42 sec: 310519 operations; [READ: Count=155359 Max=6242.30 Min=2.04 Avg=85.56 10=33.12 25=46.49 50=73.86 75=105.98 90=154.50 95=190.08 99=250.88 99.9=1179.65 99.99=2580.48] [UPDATE: Count=155160 Max=27181.06 Min=6.76 Avg=93.86 10=38.98 25=53.18 50=80.89 75=113.28 90=162.18 95=198.66 99=269.82 99.9=1285.12 99.99=3018.75]
2025-04-23 02:45:05 43 sec: 325068 operations; [READ: Count=162703 Max=6242.30 Min=2.04 Avg=84.50 10=32.49 25=46.21 50=72.58 75=104.96 90=152.19 95=188.03 99=248.96 99.9=1139.71 99.99=2654.21] [UPDATE: Count=162365 Max=27181.06 Min=6.76 Avg=92.97 10=38.17 25=52.93 50=79.81 75=112.19 90=160.00 95=196.48 99=266.24 99.9=1253.38 99.99=3092.48]
2025-04-23 02:45:06 44 sec: 340471 operations; [READ: Count=170383 Max=6242.30 Min=2.04 Avg=83.39 10=31.12 25=45.89 50=71.36 75=103.87 90=150.01 95=185.98 99=246.78 99.9=1116.16 99.99=2580.48] [UPDATE: Count=170088 Max=27181.06 Min=6.76 Avg=91.84 10=36.64 25=52.64 50=78.72 75=111.17 90=157.82 95=194.43 99=263.42 99.9=1226.75 99.99=3061.76]
2025-04-23 02:45:07 45 sec: 356321 operations; [READ: Count=178221 Max=6242.30 Min=2.04 Avg=82.30 10=18.38 25=45.53 50=70.21 75=102.78 90=147.97 95=183.94 99=244.99 99.9=1099.78 99.99=2578.43] [UPDATE: Count=178100 Max=27181.06 Min=6.76 Avg=90.67 10=26.19 25=52.32 50=77.57 75=110.14 90=155.78 95=192.25 99=260.48 99.9=1201.15 99.99=3018.75]
2025-04-23 02:45:08 46 sec: 372546 operations; [READ: Count=186278 Max=6242.30 Min=2.04 Avg=81.21 10=14.75 25=45.15 50=69.06 75=101.69 90=145.79 95=181.89 99=242.81 99.9=1063.93 99.99=2564.09] [UPDATE: Count=186268 Max=27181.06 Min=6.76 Avg=89.51 10=22.91 25=51.94 50=76.48 75=109.12 90=153.60 95=189.95 99=258.05 99.9=1179.65 99.99=2977.79]
2025-04-23 02:45:09 47 sec: 388800 operations; [READ: Count=194478 Max=6242.30 Min=2.04 Avg=80.18 10=13.11 25=44.77 50=68.09 75=100.80 90=143.87 95=179.58 99=240.77 99.9=1035.78 99.99=2564.09] [UPDATE: Count=194322 Max=27181.06 Min=6.76 Avg=88.49 10=21.21 25=51.58 50=75.58 75=108.16 90=151.68 95=187.90 99=255.62 99.9=1148.93 99.99=2977.79]
2025-04-23 02:45:10 48 sec: 405212 operations; [READ: Count=202731 Max=6242.30 Min=2.04 Avg=79.22 10=12.02 25=44.38 50=67.26 75=99.90 90=141.95 95=177.41 99=239.10 99.9=1013.25 99.99=2541.57] [UPDATE: Count=202481 Max=27181.06 Min=6.76 Avg=87.49 10=19.98 25=51.20 50=74.69 75=107.33 90=149.76 95=185.60 99=253.69 99.9=1136.64 99.99=2906.11]
2025-04-23 02:45:11 49 sec: 421808 operations; [READ: Count=211072 Max=6242.30 Min=2.04 Avg=78.29 10=11.24 25=44.00 50=66.56 75=99.07 90=140.03 95=175.36 99=237.31 99.9=995.84 99.99=2496.51] [UPDATE: Count=210736 Max=27181.06 Min=6.76 Avg=86.53 10=19.14 25=50.85 50=73.86 75=106.50 90=147.97 95=183.55 99=252.03 99.9=1084.41 99.99=2820.09]
2025-04-23 02:45:12 50 sec: 438452 operations; [READ: Count=219340 Max=6242.30 Min=2.04 Avg=77.43 10=10.65 25=43.58 50=65.92 75=98.30 90=138.37 95=173.31 99=235.90 99.9=980.48 99.99=2478.08] [UPDATE: Count=219112 Max=27181.06 Min=6.76 Avg=85.62 10=18.54 25=50.49 50=73.09 75=105.73 90=146.05 95=181.63 99=250.37 99.9=1064.96 99.99=2756.61]
2025-04-23 02:45:13 51 sec: 455252 operations; [READ: Count=227720 Max=6242.30 Min=2.04 Avg=76.62 10=10.18 25=43.26 50=65.31 75=97.66 90=136.70 95=171.13 99=234.50 99.9=943.62 99.99=2461.70] [UPDATE: Count=227532 Max=27181.06 Min=6.76 Avg=84.76 10=18.00 25=50.11 50=72.38 75=105.09 90=144.25 95=179.71 99=248.96 99.9=1025.02 99.99=2748.41]
2025-04-23 02:45:14 52 sec: 472616 operations; [READ: Count=236441 Max=6242.30 Min=2.04 Avg=75.75 10=9.81 25=42.78 50=64.70 75=96.89 90=134.78 95=168.96 99=233.09 99.9=924.67 99.99=2457.60] [UPDATE: Count=236175 Max=27181.06 Min=6.76 Avg=83.87 10=17.63 25=49.70 50=71.61 75=104.32 90=142.34 95=177.79 99=247.17 99.9=1000.96 99.99=2738.18]
2025-04-23 02:45:15 53 sec: 493501 operations; [READ: Count=246798 Max=6242.30 Min=2.04 Avg=74.38 10=9.41 25=41.53 50=63.42 75=95.68 90=132.61 95=166.78 99=231.29 99.9=903.68 99.99=2426.88] [UPDATE: Count=246703 Max=27181.06 Min=6.76 Avg=82.46 10=17.17 25=48.58 50=70.27 75=103.04 90=140.16 95=175.62 99=245.50 99.9=973.31 99.99=2680.83]
2025-04-23 02:45:16 54 sec: 515247 operations; [READ: Count=257660 Max=6242.30 Min=2.04 Avg=72.96 10=9.05 25=40.19 50=62.21 75=94.46 90=130.30 95=164.61 99=229.50 99.9=879.62 99.99=2422.78] [UPDATE: Count=257587 Max=27181.06 Min=6.76 Avg=81.07 10=16.78 25=47.39 50=69.06 75=101.69 90=137.85 95=173.44 99=243.97 99.9=954.88 99.99=2678.78]
2025-04-23 02:45:17 55 sec: 537715 operations; [READ: Count=268948 Max=6242.30 Min=2.04 Avg=71.56 10=8.77 25=38.98 50=61.02 75=93.18 90=127.94 95=162.56 99=228.09 99.9=863.23 99.99=2394.11] [UPDATE: Count=268767 Max=27181.06 Min=6.76 Avg=79.69 10=16.40 25=46.24 50=67.90 75=100.48 90=135.81 95=171.26 99=242.43 99.9=937.47 99.99=2660.35]
2025-04-23 02:45:18 56 sec: 560089 operations; [READ: Count=280092 Max=6242.30 Min=2.04 Avg=70.25 10=8.54 25=37.95 50=59.77 75=92.09 90=125.76 95=160.51 99=226.69 99.9=859.13 99.99=2371.58] [UPDATE: Count=279997 Max=27181.06 Min=6.76 Avg=78.46 10=16.15 25=45.22 50=66.75 75=99.33 90=133.76 95=169.22 99=241.41 99.9=932.86 99.99=2678.78]
2025-04-23 02:45:19 57 sec: 584893 operations; [READ: Count=292530 Max=6242.30 Min=2.04 Avg=68.79 10=8.28 25=36.70 50=57.31 75=91.14 90=123.58 95=158.46 99=225.15 99.9=844.80 99.99=2359.30] [UPDATE: Count=292363 Max=27181.06 Min=6.76 Avg=76.97 10=15.77 25=43.84 50=64.73 75=98.37 90=131.71 95=167.17 99=240.25 99.9=905.22 99.99=2660.35]
2025-04-23 02:45:20 58 sec: 609247 operations; [READ: Count=304736 Max=6242.30 Min=2.04 Avg=67.50 10=8.08 25=35.90 50=55.01 75=90.30 90=121.66 95=156.67 99=224.00 99.9=828.41 99.99=2355.20] [UPDATE: Count=304511 Max=27181.06 Min=6.76 Avg=75.65 10=15.48 25=42.85 50=62.72 75=97.47 90=129.85 95=165.25 99=239.36 99.9=894.46 99.99=2641.92]
2025-04-23 02:45:21 59 sec: 630325 operations; [READ: Count=315405 Max=6242.30 Min=2.04 Avg=66.61 10=7.92 25=35.39 50=53.57 75=89.66 90=120.64 95=155.65 99=224.64 99.9=809.47 99.99=2336.77] [UPDATE: Count=314920 Max=41680.89 Min=6.76 Avg=74.88 10=15.26 25=42.21 50=61.18 75=96.83 90=128.70 95=164.35 99=240.38 99.9=874.50 99.99=2641.92]
2025-04-23 02:45:22 60 sec: 653151 operations; [READ: Count=326732 Max=6242.30 Min=2.04 Avg=65.63 10=7.84 25=35.10 50=52.35 75=89.15 90=119.10 95=153.98 99=223.49 99.9=790.01 99.99=2334.72] [UPDATE: Count=326419 Max=41680.89 Min=6.76 Avg=73.90 10=15.16 25=41.82 50=59.81 75=96.25 90=127.10 95=162.81 99=239.62 99.9=859.13 99.99=2619.39]
2025-04-23 02:45:23 61 sec: 674982 operations; [READ: Count=337492 Max=6242.30 Min=2.04 Avg=64.81 10=7.78 25=34.94 50=51.42 75=88.64 90=117.57 95=152.57 99=222.59 99.9=779.26 99.99=2334.72] [UPDATE: Count=337490 Max=41680.89 Min=6.76 Avg=73.11 10=15.14 25=41.66 50=58.72 75=95.87 90=125.76 95=161.66 99=238.97 99.9=844.80 99.99=2594.82]
2025-04-23 02:45:24 62 sec: 696723 operations; [READ: Count=348301 Max=6242.30 Min=2.04 Avg=64.03 10=7.74 25=34.78 50=50.59 75=88.25 90=116.22 95=151.04 99=221.82 99.9=770.05 99.99=2332.67] [UPDATE: Count=348422 Max=41680.89 Min=6.76 Avg=72.39 10=15.11 25=41.47 50=57.82 75=95.49 90=124.48 95=160.25 99=238.46 99.9=830.98 99.99=2562.05]
2025-04-23 02:45:25 63 sec: 719016 operations; [READ: Count=359461 Max=6242.30 Min=2.04 Avg=63.25 10=7.70 25=34.66 50=49.73 75=87.81 90=114.88 95=149.76 99=221.06 99.9=759.81 99.99=2310.14] [UPDATE: Count=359555 Max=41680.89 Min=6.76 Avg=71.67 10=15.09 25=41.31 50=56.93 75=95.10 90=123.20 95=158.85 99=237.57 99.9=819.71 99.99=2547.71]
2025-04-23 02:45:26 64 sec: 740440 operations; [READ: Count=370309 Max=6242.30 Min=2.04 Avg=62.60 10=7.65 25=34.46 50=48.93 75=87.42 90=113.92 95=148.61 99=221.18 99.9=747.01 99.99=2308.09] [UPDATE: Count=370131 Max=41680.89 Min=6.76 Avg=71.07 10=15.02 25=41.05 50=56.09 75=94.66 90=122.37 95=158.08 99=238.46 99.9=809.98 99.99=2519.04]
2025-04-23 02:45:27 65 sec: 760010 operations; [READ: Count=380063 Max=6242.30 Min=2.04 Avg=62.13 10=7.62 25=34.34 50=48.22 75=87.04 90=113.28 95=148.09 99=222.46 99.9=738.82 99.99=2297.86] [UPDATE: Count=379947 Max=41680.89 Min=6.76 Avg=70.68 10=14.97 25=40.90 50=55.39 75=94.33 90=121.79 95=157.57 99=240.13 99.9=808.96 99.99=2519.04]
2025-04-23 02:45:28 66 sec: 782997 operations; [READ: Count=391482 Max=6242.30 Min=2.04 Avg=61.43 10=7.59 25=34.21 50=47.33 75=86.59 90=112.13 95=146.81 99=221.57 99.9=730.62 99.99=2279.42] [UPDATE: Count=391515 Max=41680.89 Min=6.76 Avg=69.98 10=14.94 25=40.70 50=54.53 75=93.89 90=120.77 95=156.41 99=239.36 99.9=796.67 99.99=2494.46]
2025-04-23 02:45:29 67 sec: 806345 operations; [READ: Count=403019 Max=6242.30 Min=2.04 Avg=60.72 10=7.57 25=34.05 50=46.40 75=86.08 90=111.10 95=145.53 99=220.67 99.9=716.80 99.99=2242.56] [UPDATE: Count=403326 Max=41680.89 Min=6.76 Avg=69.30 10=14.90 25=40.51 50=53.70 75=93.38 90=119.68 95=155.01 99=238.46 99.9=786.94 99.99=2486.27]
2025-04-23 02:45:30 68 sec: 824088 operations; [READ: Count=411877 Max=6242.30 Min=2.04 Avg=60.44 10=7.56 25=33.92 50=45.66 75=85.69 90=110.59 95=145.02 99=221.69 99.9=743.93 99.99=2332.67] [UPDATE: Count=412211 Max=41680.89 Min=6.76 Avg=69.17 10=14.89 25=40.35 50=53.09 75=92.99 90=119.23 95=154.50 99=239.87 99.9=823.81 99.99=2562.05]
2025-04-23 02:45:31 69 sec: 847034 operations; [READ: Count=423388 Max=6242.30 Min=2.04 Avg=59.82 10=7.55 25=33.82 50=44.70 75=85.12 90=109.76 95=143.62 99=220.80 99.9=735.74 99.99=2310.14] [UPDATE: Count=423646 Max=41680.89 Min=6.76 Avg=68.59 10=14.89 25=40.22 50=52.41 75=92.42 90=118.33 95=153.47 99=239.23 99.9=825.34 99.99=2547.71]
2025-04-23 02:45:32 70 sec: 867763 operations; [READ: Count=433742 Max=6242.30 Min=2.04 Avg=59.37 10=7.56 25=33.70 50=43.97 75=84.54 90=109.18 95=142.72 99=220.80 99.9=750.59 99.99=2308.09] [UPDATE: Count=434021 Max=41680.89 Min=6.76 Avg=68.23 10=14.91 25=40.06 50=51.90 75=91.97 90=117.76 95=152.57 99=239.74 99.9=837.63 99.99=2562.05]
2025-04-23 02:45:33 71 sec: 891969 operations; [READ: Count=445728 Max=6242.30 Min=2.04 Avg=58.72 10=7.50 25=33.50 50=43.17 75=83.90 90=108.42 95=141.44 99=219.90 99.9=735.74 99.99=2295.81] [UPDATE: Count=446241 Max=41680.89 Min=6.76 Avg=67.61 10=14.85 25=39.84 50=51.30 75=91.26 90=117.06 95=151.42 99=239.10 99.9=828.41 99.99=2531.33]
2025-04-23 02:45:34 72 sec: 915138 operations; [READ: Count=457288 Max=6242.30 Min=2.04 Avg=58.14 10=7.40 25=33.31 50=42.40 75=83.20 90=107.78 95=140.54 99=219.90 99.9=731.13 99.99=2279.42] [UPDATE: Count=457850 Max=41680.89 Min=6.76 Avg=67.13 10=14.70 25=39.58 50=50.69 75=90.69 90=116.48 95=150.66 99=239.49 99.9=820.22 99.99=2531.33]
2025-04-23 02:45:35 73 sec: 936701 operations; [READ: Count=468079 Max=6242.30 Min=2.04 Avg=57.74 10=7.38 25=33.15 50=41.79 75=82.56 90=107.33 95=139.78 99=220.41 99.9=741.89 99.99=2242.56] [UPDATE: Count=468622 Max=41680.89 Min=6.76 Avg=66.75 10=14.61 25=39.36 50=50.17 75=90.17 90=115.97 95=150.01 99=240.64 99.9=820.74 99.99=2547.71]
2025-04-23 02:45:36 74 sec: 963219 operations; [READ: Count=481292 Max=6242.30 Min=2.04 Avg=57.05 10=7.32 25=32.96 50=41.12 75=81.79 90=106.62 95=138.50 99=219.65 99.9=731.13 99.99=2220.03] [UPDATE: Count=481927 Max=41680.89 Min=6.58 Avg=66.04 10=14.46 25=39.04 50=49.53 75=89.34 90=115.26 95=148.86 99=239.87 99.9=809.47 99.99=2531.33]
2025-04-23 02:45:37 75 sec: 989732 operations; [READ: Count=494676 Max=6242.30 Min=2.04 Avg=56.38 10=7.29 25=32.70 50=40.54 75=80.83 90=105.98 95=137.22 99=219.01 99.9=721.41 99.99=2217.98] [UPDATE: Count=495056 Max=41680.89 Min=6.58 Avg=65.38 10=14.37 25=38.75 50=48.96 75=88.51 90=114.75 95=147.84 99=239.49 99.9=802.30 99.99=2494.46]
2025-04-23 02:45:38 76 sec: 1000000 operations; [READ: Count=499772 Max=6242.30 Min=2.04 Avg=56.13 10=7.27 25=32.61 50=40.35 75=80.45 90=105.73 95=136.83 99=218.75 99.9=717.31 99.99=2217.98] [UPDATE: Count=500228 Max=41680.89 Min=6.58 Avg=65.14 10=14.33 25=38.62 50=48.73 75=88.19 90=114.50 95=147.46 99=239.62 99.9=797.70 99.99=2494.46]
2025-04-23 02:45:39 77 sec: 1000000 operations; [READ: Count=499772 Max=6242.30 Min=2.04 Avg=56.13 10=7.27 25=32.61 50=40.35 75=80.45 90=105.73 95=136.83 99=218.75 99.9=717.31 99.99=2217.98] [UPDATE: Count=500228 Max=41680.89 Min=6.58 Avg=65.14 10=14.33 25=38.62 50=48.73 75=88.19 90=114.50 95=147.46 99=239.62 99.9=797.70 99.99=2494.46]
2025-04-23 02:45:40 78 sec: 1000000 operations; [READ: Count=499772 Max=6242.30 Min=2.04 Avg=56.13 10=7.27 25=32.61 50=40.35 75=80.45 90=105.73 95=136.83 99=218.75 99.9=717.31 99.99=2217.98] [UPDATE: Count=500228 Max=41680.89 Min=6.58 Avg=65.14 10=14.33 25=38.62 50=48.73 75=88.19 90=114.50 95=147.46 99=239.62 99.9=797.70 99.99=2494.46]
2025-04-23 02:45:40 78 sec: 1000000 operations; [READ: Count=499772 Max=6242.30 Min=2.04 Avg=56.13 10=7.27 25=32.61 50=40.35 75=80.45 90=105.73 95=136.83 99=218.75 99.9=717.31 99.99=2217.98] [UPDATE: Count=500228 Max=41680.89 Min=6.58 Avg=65.14 10=14.33 25=38.62 50=48.73 75=88.19 90=114.50 95=147.46 99=239.62 99.9=797.70 99.99=2494.46]
Run runtime(sec): 78.2891
Run operations(ops): 1000000
Run throughput(ops/sec): 12773.2
