Running scope as unit: run-r8f9b102d3ab04423ab90288792b081ff.scope
load file:/home/user/DataFiles/silesia_data/silesia.tar
2025-04-23 02:44:22 0 sec: 0 operations;
2025-04-23 02:44:23 1 sec: 0 operations;
2025-04-23 02:44:24 2 sec: 0 operations;
2025-04-23 02:44:25 3 sec: 0 operations;
2025-04-23 02:44:26 4 sec: 0 operations;
2025-04-23 02:44:27 5 sec: 0 operations;
2025-04-23 02:44:28 6 sec: 0 operations;
2025-04-23 02:44:29 7 sec: 0 operations;
2025-04-23 02:44:30 8 sec: 0 operations;
2025-04-23 02:44:31 9 sec: 0 operations;
2025-04-23 02:44:32 10 sec: 0 operations;
2025-04-23 02:44:33 11 sec: 0 operations;
2025-04-23 02:44:34 12 sec: 0 operations;
2025-04-23 02:44:35 13 sec: 0 operations;
2025-04-23 02:44:36 14 sec: 2789 operations; [READ: Count=1384 Max=3205.12 Min=4.97 Avg=106.79 10=41.79 25=56.51 50=79.81 75=134.53 90=171.52 95=205.18 99=605.70 99.9=1847.30 99.99=3205.12] [UPDATE: Count=1405 Max=4399.10 Min=10.52 Avg=125.45 10=46.59 25=62.17 50=87.74 75=140.29 90=187.01 95=256.51 99=896.00 99.9=2957.31 99.99=4399.10]
2025-04-23 02:44:37 15 sec: 10706 operations; [READ: Count=5380 Max=3205.12 Min=3.58 Avg=118.19 10=49.70 25=70.66 50=103.94 75=154.11 90=201.22 95=221.69 99=290.81 99.9=983.04 99.99=1847.30] [UPDATE: Count=5326 Max=4399.10 Min=8.25 Avg=127.86 10=55.49 25=78.08 50=110.40 75=158.72 90=209.28 95=233.34 99=346.88 99.9=1255.42 99.99=2957.31]
2025-04-23 02:44:38 16 sec: 18126 operations; [READ: Count=9044 Max=3205.12 Min=3.08 Avg=122.46 10=49.82 25=75.97 50=106.94 75=156.67 90=204.41 95=224.13 99=303.87 99.9=1317.89 99.99=1971.20] [UPDATE: Count=9082 Max=4399.10 Min=8.25 Avg=132.35 10=55.84 25=81.86 50=112.77 75=161.66 90=211.46 95=235.65 99=415.74 99.9=1928.19 99.99=3880.96]
2025-04-23 02:44:39 17 sec: 25274 operations; [READ: Count=12573 Max=3205.12 Min=3.08 Avg=126.13 10=49.47 25=77.18 50=107.84 75=157.18 90=205.82 95=228.48 99=477.95 99.9=1511.42 99.99=2539.52] [UPDATE: Count=12701 Max=4399.10 Min=8.25 Avg=135.22 10=56.26 25=83.26 50=113.98 75=162.43 90=213.12 95=238.46 99=557.57 99.9=1830.91 99.99=3880.96]
2025-04-23 02:44:40 18 sec: 33411 operations; [READ: Count=16695 Max=3205.12 Min=2.86 Avg=124.16 10=49.47 25=77.63 50=108.16 75=156.67 90=204.41 95=225.79 99=382.21 99.9=1317.89 99.99=2334.72] [UPDATE: Count=16716 Max=4399.10 Min=7.82 Avg=132.99 10=56.09 25=83.71 50=114.50 75=163.20 90=212.35 95=235.26 99=479.49 99.9=1747.97 99.99=2957.31]
2025-04-23 02:44:41 19 sec: 41511 operations; [READ: Count=20754 Max=3205.12 Min=2.86 Avg=123.17 10=49.44 25=77.89 50=108.35 75=156.67 90=204.03 95=225.15 99=313.60 99.9=1270.78 99.99=2334.72] [UPDATE: Count=20757 Max=4399.10 Min=7.82 Avg=131.64 10=55.71 25=83.71 50=114.69 75=163.71 90=211.71 95=234.37 99=407.81 99.9=1483.78 99.99=2957.31]
2025-04-23 02:44:42 20 sec: 49223 operations; [READ: Count=24639 Max=3205.12 Min=2.86 Avg=122.75 10=48.90 25=77.63 50=108.35 75=155.65 90=203.65 95=225.41 99=348.42 99.9=1180.67 99.99=2334.72] [UPDATE: Count=24584 Max=10313.73 Min=7.52 Avg=132.49 10=55.42 25=84.03 50=114.88 75=163.46 90=211.46 95=234.62 99=430.08 99.9=1511.42 99.99=4661.25]
2025-04-23 02:44:43 21 sec: 57390 operations; [READ: Count=28697 Max=3205.12 Min=2.66 Avg=122.10 10=48.54 25=77.63 50=108.35 75=155.26 90=202.75 95=224.25 99=324.61 99.9=1128.45 99.99=1971.20] [UPDATE: Count=28693 Max=10313.73 Min=7.52 Avg=131.41 10=55.10 25=84.16 50=114.94 75=162.43 90=210.56 95=233.34 99=411.13 99.9=1367.04 99.99=4399.10]
2025-04-23 02:44:44 22 sec: 64716 operations; [READ: Count=32402 Max=3205.12 Min=2.66 Avg=122.97 10=48.32 25=77.38 50=108.22 75=154.88 90=202.37 95=224.90 99=440.32 99.9=1127.42 99.99=1971.20] [UPDATE: Count=32314 Max=10313.73 Min=7.52 Avg=132.54 10=54.75 25=84.09 50=114.94 75=161.66 90=210.43 95=234.24 99=513.79 99.9=1355.78 99.99=4661.25]
2025-04-23 02:44:45 23 sec: 73338 operations; [READ: Count=36675 Max=3205.12 Min=2.66 Avg=121.59 10=47.81 25=77.18 50=107.97 75=153.85 90=200.83 95=223.23 99=401.15 99.9=1080.32 99.99=1910.78] [UPDATE: Count=36663 Max=10313.73 Min=7.52 Avg=130.95 10=54.30 25=83.78 50=114.62 75=160.90 90=209.02 95=232.19 99=455.94 99.9=1269.76 99.99=4399.10]
2025-04-23 02:44:46 24 sec: 81626 operations; [READ: Count=40922 Max=3205.12 Min=2.66 Avg=120.98 10=47.84 25=77.38 50=108.16 75=153.60 90=200.19 95=222.46 99=338.69 99.9=1055.74 99.99=1910.78] [UPDATE: Count=40704 Max=10313.73 Min=7.15 Avg=130.23 10=54.30 25=83.90 50=115.01 75=160.90 90=208.64 95=231.29 99=427.26 99.9=1255.42 99.99=4399.10]
2025-04-23 02:44:47 25 sec: 90067 operations; [READ: Count=45170 Max=3205.12 Min=2.66 Avg=120.25 10=47.45 25=77.18 50=107.97 75=152.96 90=199.55 95=221.95 99=321.28 99.9=1017.86 99.99=1847.30] [UPDATE: Count=44897 Max=10313.73 Min=7.15 Avg=129.45 10=54.02 25=83.97 50=115.07 75=160.38 90=207.36 95=230.66 99=398.08 99.9=1195.01 99.99=4399.10]
2025-04-23 02:44:48 26 sec: 98211 operations; [READ: Count=49176 Max=3205.12 Min=2.66 Avg=120.05 10=47.10 25=77.06 50=107.90 75=152.45 90=199.04 95=221.57 99=332.54 99.9=1044.99 99.99=1847.30] [UPDATE: Count=49035 Max=10313.73 Min=7.15 Avg=129.14 10=53.60 25=83.71 50=115.01 75=159.74 90=206.85 95=230.27 99=400.89 99.9=1246.21 99.99=3880.96]
2025-04-23 02:44:49 27 sec: 105482 operations; [READ: Count=52813 Max=3653.63 Min=2.65 Avg=121.15 10=46.85 25=76.86 50=107.84 75=151.94 90=198.53 95=221.57 99=374.01 99.9=1342.46 99.99=2961.41] [UPDATE: Count=52669 Max=10313.73 Min=7.15 Avg=129.72 10=53.31 25=83.52 50=114.81 75=159.10 90=206.21 95=229.89 99=429.06 99.9=1629.18 99.99=3880.96]
2025-04-23 02:44:50 28 sec: 115955 operations; [READ: Count=57961 Max=3653.63 Min=2.65 Avg=118.41 10=44.93 25=72.89 50=105.73 75=149.38 90=195.97 95=219.65 99=344.83 99.9=1317.89 99.99=2768.89] [UPDATE: Count=57994 Max=10313.73 Min=7.15 Avg=126.85 10=51.81 25=79.74 50=112.45 75=156.41 90=203.65 95=227.71 99=401.92 99.9=1610.75 99.99=3880.96]
2025-04-23 02:44:51 29 sec: 129193 operations; [READ: Count=64641 Max=3653.63 Min=2.65 Avg=113.38 10=42.08 25=65.79 50=101.31 75=144.77 90=191.36 95=216.45 99=303.36 99.9=1250.30 99.99=2768.89] [UPDATE: Count=64552 Max=10313.73 Min=7.15 Avg=122.02 10=49.57 25=73.22 50=108.29 75=152.06 90=199.42 95=224.38 99=359.42 99.9=1376.26 99.99=3880.96]
2025-04-23 02:44:52 30 sec: 143290 operations; [READ: Count=71691 Max=3653.63 Min=2.65 Avg=108.74 10=39.81 25=60.38 50=96.89 75=139.78 90=187.26 95=213.25 99=286.98 99.9=1166.34 99.99=2539.52] [UPDATE: Count=71599 Max=10313.73 Min=7.15 Avg=117.28 10=47.13 25=67.58 50=104.19 75=147.33 90=195.20 95=221.44 99=329.73 99.9=1343.49 99.99=3852.29]
2025-04-23 02:44:53 31 sec: 157002 operations; [READ: Count=78544 Max=3653.63 Min=2.65 Avg=105.15 10=38.24 25=55.84 50=93.57 75=135.81 90=183.42 95=210.69 99=283.65 99.9=1129.47 99.99=2498.56] [UPDATE: Count=78458 Max=10313.73 Min=7.15 Avg=113.72 10=45.63 25=63.49 50=100.86 75=143.10 90=191.23 95=218.75 99=322.56 99.9=1269.76 99.99=3291.14]
2025-04-23 02:44:54 32 sec: 171159 operations; [READ: Count=85579 Max=3653.63 Min=2.65 Avg=101.97 10=37.25 25=53.15 50=90.81 75=131.71 90=178.94 95=208.00 99=277.25 99.9=1129.47 99.99=2441.22] [UPDATE: Count=85580 Max=10313.73 Min=7.15 Avg=110.33 10=44.41 25=60.58 50=97.86 75=138.62 90=187.13 95=215.94 99=307.71 99.9=1246.21 99.99=3012.61]
2025-04-23 02:44:55 33 sec: 183874 operations; [READ: Count=91814 Max=3653.63 Min=2.62 Avg=99.88 10=36.29 25=51.49 50=88.25 75=127.55 90=175.62 95=205.82 99=274.18 99.9=1274.88 99.99=2910.21] [UPDATE: Count=92060 Max=16793.60 Min=7.15 Avg=108.49 10=43.30 25=58.72 50=95.10 75=134.40 90=183.94 95=213.89 99=304.64 99.9=1491.97 99.99=3852.29]
2025-04-23 02:44:56 34 sec: 198548 operations; [READ: Count=99171 Max=3653.63 Min=2.62 Avg=97.16 10=35.81 25=50.37 50=85.63 75=123.45 90=171.90 95=203.39 99=268.29 99.9=1232.89 99.99=2873.34] [UPDATE: Count=99377 Max=16793.60 Min=7.13 Avg=105.75 10=42.69 25=57.44 50=92.67 75=130.43 90=180.09 95=211.58 99=294.91 99.9=1376.26 99.99=3393.53]
2025-04-23 02:44:57 35 sec: 213438 operations; [READ: Count=106595 Max=3653.63 Min=2.62 Avg=94.78 10=35.45 25=49.60 50=83.39 75=119.87 90=168.19 95=200.70 99=263.42 99.9=1161.21 99.99=2772.99] [UPDATE: Count=106843 Max=16793.60 Min=7.13 Avg=103.22 10=42.14 25=56.45 50=90.50 75=126.85 90=176.38 95=208.90 99=286.46 99.9=1343.49 99.99=3350.53]
2025-04-23 02:44:58 36 sec: 228592 operations; [READ: Count=114152 Max=3653.63 Min=2.56 Avg=92.60 10=35.10 25=48.96 50=81.53 75=116.67 90=165.12 95=198.01 99=259.20 99.9=1136.64 99.99=2777.09] [UPDATE: Count=114440 Max=16793.60 Min=7.13 Avg=100.91 10=41.60 25=55.68 50=88.51 75=123.65 90=173.18 95=206.34 99=279.55 99.9=1269.76 99.99=3350.53]
2025-04-23 02:44:59 37 sec: 243425 operations; [READ: Count=121652 Max=3653.63 Min=2.56 Avg=90.73 10=34.78 25=48.41 50=80.00 75=113.66 90=162.05 95=195.58 99=256.25 99.9=1128.45 99.99=2772.99] [UPDATE: Count=121773 Max=16793.60 Min=7.13 Avg=99.10 10=41.15 25=55.10 50=86.91 75=120.96 90=170.50 95=204.03 99=275.45 99.9=1255.42 99.99=3291.14]
2025-04-23 02:45:00 38 sec: 257401 operations; [READ: Count=128660 Max=3653.63 Min=2.56 Avg=89.35 10=34.53 25=48.00 50=78.78 75=111.36 90=159.36 95=193.15 99=254.34 99.9=1141.76 99.99=2777.09] [UPDATE: Count=128741 Max=16793.60 Min=7.13 Avg=97.84 10=40.83 25=54.75 50=85.50 75=118.78 90=168.06 95=201.98 99=271.87 99.9=1284.10 99.99=3291.14]
2025-04-23 02:45:01 39 sec: 271619 operations; [READ: Count=135734 Max=3653.63 Min=2.56 Avg=88.07 10=34.27 25=47.74 50=77.76 75=109.89 90=157.06 95=190.85 99=251.01 99.9=1127.42 99.99=2772.99] [UPDATE: Count=135885 Max=16793.60 Min=7.13 Avg=96.58 10=40.51 25=54.62 50=84.54 75=117.31 90=165.63 95=199.81 99=267.77 99.9=1255.42 99.99=3112.96]
2025-04-23 02:45:02 40 sec: 286806 operations; [READ: Count=143341 Max=3653.63 Min=2.56 Avg=86.62 10=33.82 25=47.36 50=76.48 75=108.35 90=154.75 95=188.80 99=248.70 99.9=1082.37 99.99=2772.99] [UPDATE: Count=143465 Max=16793.60 Min=7.13 Avg=95.13 10=40.13 25=54.30 50=83.33 75=115.71 90=162.81 95=197.50 99=264.45 99.9=1220.61 99.99=3112.96]
2025-04-23 02:45:03 41 sec: 301796 operations; [READ: Count=150821 Max=3653.63 Min=2.56 Avg=85.40 10=33.31 25=47.01 50=75.33 75=107.14 90=152.57 95=186.50 99=245.89 99.9=1058.82 99.99=2768.89] [UPDATE: Count=150975 Max=16793.60 Min=7.13 Avg=93.86 10=39.55 25=54.02 50=82.24 75=114.37 90=160.38 95=195.20 99=261.25 99.9=1171.45 99.99=3065.86]
2025-04-23 02:45:04 42 sec: 316400 operations; [READ: Count=158120 Max=3653.63 Min=2.56 Avg=84.37 10=32.67 25=46.78 50=74.30 75=106.11 90=150.66 95=184.45 99=243.97 99.9=1043.97 99.99=2641.92] [UPDATE: Count=158280 Max=16793.60 Min=7.13 Avg=92.85 10=38.98 25=53.82 50=81.22 75=113.28 90=158.46 95=192.90 99=258.69 99.9=1153.02 99.99=3024.89]
2025-04-23 02:45:05 43 sec: 331190 operations; [READ: Count=165463 Max=3653.63 Min=2.54 Avg=83.36 10=31.50 25=46.53 50=73.09 75=105.09 90=148.74 95=182.14 99=241.92 99.9=1018.88 99.99=2629.63] [UPDATE: Count=165727 Max=16793.60 Min=7.13 Avg=91.89 10=37.89 25=53.60 50=80.25 75=112.38 90=156.41 95=190.72 99=256.25 99.9=1131.52 99.99=3024.89]
2025-04-23 02:45:06 44 sec: 346504 operations; [READ: Count=173075 Max=3653.63 Min=2.54 Avg=82.35 10=19.23 25=46.21 50=71.87 75=104.13 90=146.94 95=179.58 99=240.25 99.9=996.86 99.99=2629.63] [UPDATE: Count=173429 Max=16793.60 Min=7.13 Avg=90.85 10=33.12 25=53.31 50=79.23 75=111.42 90=154.62 95=188.54 99=253.69 99.9=1111.04 99.99=3024.89]
2025-04-23 02:45:07 45 sec: 362571 operations; [READ: Count=181171 Max=3653.63 Min=2.43 Avg=81.25 10=15.44 25=45.85 50=70.66 75=103.04 90=144.90 95=177.15 99=238.59 99.9=980.48 99.99=2555.90] [UPDATE: Count=181400 Max=16793.60 Min=7.13 Avg=89.72 10=24.75 25=52.96 50=78.08 75=110.33 90=152.57 95=186.37 99=251.52 99.9=1084.41 99.99=3012.61]
2025-04-23 02:45:08 46 sec: 378778 operations; [READ: Count=189247 Max=3653.63 Min=2.33 Avg=80.22 10=13.62 25=45.44 50=69.57 75=102.02 90=142.85 95=175.10 99=237.06 99.9=950.27 99.99=2539.52] [UPDATE: Count=189531 Max=16793.60 Min=7.13 Avg=88.65 10=22.43 25=52.58 50=77.06 75=109.31 90=150.66 95=184.19 99=249.47 99.9=1069.06 99.99=3012.61]
2025-04-23 02:45:09 47 sec: 395039 operations; [READ: Count=197286 Max=3653.63 Min=2.30 Avg=79.28 10=12.46 25=45.05 50=68.61 75=101.06 90=141.06 95=173.18 99=235.52 99.9=928.77 99.99=2525.18] [UPDATE: Count=197753 Max=16793.60 Min=7.13 Avg=87.62 10=20.93 25=52.22 50=76.09 75=108.42 90=148.86 95=182.01 99=247.55 99.9=1042.94 99.99=3010.56]
2025-04-23 02:45:10 48 sec: 411375 operations; [READ: Count=205410 Max=3653.63 Min=2.30 Avg=78.37 10=11.57 25=44.67 50=67.71 75=100.22 90=139.26 95=171.01 99=233.98 99.9=914.43 99.99=2498.56] [UPDATE: Count=205965 Max=16793.60 Min=7.13 Avg=86.69 10=19.95 25=51.84 50=75.26 75=107.58 90=147.07 95=179.97 99=246.14 99.9=1023.49 99.99=2957.31]
2025-04-23 02:45:11 49 sec: 427834 operations; [READ: Count=213667 Max=3653.63 Min=2.30 Avg=77.51 10=10.91 25=44.32 50=66.94 75=99.45 90=137.73 95=169.09 99=232.57 99.9=893.44 99.99=2498.56] [UPDATE: Count=214167 Max=16793.60 Min=7.13 Avg=85.81 10=19.20 25=51.49 50=74.43 75=106.81 90=145.41 95=177.92 99=244.35 99.9=995.33 99.99=2957.31]
2025-04-23 02:45:12 50 sec: 444325 operations; [READ: Count=222012 Max=3653.63 Min=2.30 Avg=76.69 10=10.41 25=43.97 50=66.30 75=98.69 90=136.19 95=167.29 99=231.17 99.9=871.93 99.99=2441.22] [UPDATE: Count=222313 Max=16793.60 Min=7.13 Avg=85.01 10=18.61 25=51.17 50=73.79 75=106.17 90=143.74 95=176.25 99=242.81 99.9=970.24 99.99=2889.73]
2025-04-23 02:45:13 51 sec: 460936 operations; [READ: Count=230194 Max=3653.63 Min=2.30 Avg=75.94 10=10.07 25=43.58 50=65.66 75=98.05 90=134.66 95=165.76 99=229.63 99.9=853.50 99.99=2441.22] [UPDATE: Count=230742 Max=16793.60 Min=7.13 Avg=84.21 10=18.13 25=50.81 50=73.09 75=105.47 90=142.21 95=174.46 99=241.28 99.9=955.90 99.99=2861.05]
2025-04-23 02:45:14 52 sec: 478203 operations; [READ: Count=238794 Max=3653.63 Min=2.30 Avg=75.13 10=9.73 25=43.13 50=65.09 75=97.34 90=133.12 95=164.09 99=228.35 99.9=835.58 99.99=2334.72] [UPDATE: Count=239409 Max=16793.60 Min=7.13 Avg=83.35 10=17.73 25=50.37 50=72.38 75=104.70 90=140.54 95=172.80 99=240.00 99.9=949.76 99.99=2850.82]
2025-04-23 02:45:15 53 sec: 499666 operations; [READ: Count=249479 Max=3653.63 Min=2.28 Avg=73.71 10=9.36 25=41.82 50=63.84 75=96.00 90=130.94 95=161.92 99=226.94 99.9=817.66 99.99=2330.62] [UPDATE: Count=250187 Max=16793.60 Min=7.13 Avg=81.90 10=17.25 25=49.09 50=70.97 75=103.36 90=138.37 95=170.88 99=238.46 99.9=927.23 99.99=2832.38]
2025-04-23 02:45:16 54 sec: 521268 operations; [READ: Count=260410 Max=3653.63 Min=2.28 Avg=72.35 10=9.04 25=40.58 50=62.75 75=94.72 90=128.70 95=159.87 99=225.66 99.9=796.67 99.99=2283.52] [UPDATE: Count=260858 Max=16793.60 Min=7.13 Avg=80.58 10=16.88 25=47.90 50=69.89 75=102.14 90=136.45 95=168.96 99=237.06 99.9=894.46 99.99=2816.00]
2025-04-23 02:45:17 55 sec: 544252 operations; [READ: Count=271942 Max=3653.63 Min=2.28 Avg=70.91 10=8.72 25=39.30 50=61.41 75=93.44 90=126.46 95=157.95 99=224.13 99.9=763.39 99.99=2283.52] [UPDATE: Count=272310 Max=16793.60 Min=7.13 Avg=79.17 10=16.48 25=46.62 50=68.61 75=100.86 90=134.40 95=167.17 99=235.78 99.9=874.50 99.99=2732.03]
2025-04-23 02:45:18 56 sec: 570439 operations; [READ: Count=284959 Max=3653.63 Min=2.28 Avg=69.19 10=8.39 25=37.50 50=57.89 75=92.09 90=124.35 95=155.90 99=223.10 99.9=804.86 99.99=2441.22] [UPDATE: Count=285480 Max=16793.60 Min=7.04 Avg=77.43 10=16.03 25=44.61 50=65.73 75=99.45 90=132.35 95=165.12 99=234.88 99.9=931.33 99.99=2832.38]
2025-04-23 02:45:19 57 sec: 599522 operations; [READ: Count=299475 Max=3653.63 Min=2.28 Avg=67.27 10=8.08 25=36.19 50=54.59 75=90.56 90=122.30 95=153.98 99=221.44 99.9=775.17 99.99=2385.92] [UPDATE: Count=300047 Max=16793.60 Min=6.98 Avg=75.50 10=15.62 25=43.10 50=62.59 75=97.98 90=130.11 95=162.81 99=233.60 99.9=887.29 99.99=2816.00]
2025-04-23 02:45:20 58 sec: 628102 operations; [READ: Count=313815 Max=3653.63 Min=2.28 Avg=65.57 10=7.83 25=35.36 50=52.51 75=89.09 90=120.19 95=152.06 99=219.90 99.9=745.47 99.99=2334.72] [UPDATE: Count=314287 Max=16793.60 Min=6.98 Avg=73.81 10=15.27 25=42.11 50=60.29 75=96.64 90=128.19 95=160.77 99=232.32 99.9=863.74 99.99=2805.76]
2025-04-23 02:45:21 59 sec: 654595 operations; [READ: Count=327005 Max=3653.63 Min=2.28 Avg=64.24 10=7.66 25=34.85 50=51.07 75=87.87 90=118.59 95=150.66 99=219.39 99.9=713.73 99.99=2291.71] [UPDATE: Count=327590 Max=16793.60 Min=6.98 Avg=72.49 10=14.99 25=41.50 50=58.59 75=95.42 90=126.72 95=159.36 99=232.32 99.9=851.97 99.99=2752.51]
2025-04-23 02:45:22 60 sec: 682440 operations; [READ: Count=340925 Max=3653.63 Min=2.28 Avg=62.89 10=7.46 25=34.43 50=49.76 75=86.59 90=116.86 95=148.99 99=218.24 99.9=701.95 99.99=2283.52] [UPDATE: Count=341515 Max=16793.60 Min=6.98 Avg=71.13 10=14.73 25=40.99 50=57.05 75=94.21 90=125.12 95=157.69 99=231.42 99.9=836.10 99.99=2732.03]
2025-04-23 02:45:23 61 sec: 710125 operations; [READ: Count=354719 Max=3653.63 Min=2.28 Avg=61.66 10=7.32 25=34.11 50=48.41 75=85.44 90=115.26 95=147.33 99=216.83 99.9=683.01 99.99=2283.52] [UPDATE: Count=355406 Max=16793.60 Min=6.91 Avg=69.89 10=14.51 25=40.58 50=55.65 75=92.99 90=123.58 95=156.16 99=230.53 99.9=804.35 99.99=2680.83]
2025-04-23 02:45:24 62 sec: 737654 operations; [READ: Count=368521 Max=3653.63 Min=2.28 Avg=60.53 10=7.19 25=33.82 50=46.98 75=84.35 90=113.66 95=145.53 99=215.81 99.9=667.65 99.99=2256.89] [UPDATE: Count=369133 Max=16793.60 Min=6.88 Avg=68.76 10=14.34 25=40.22 50=54.27 75=91.90 90=122.11 95=154.75 99=229.63 99.9=792.58 99.99=2650.11]
2025-04-23 02:45:25 63 sec: 765375 operations; [READ: Count=382448 Max=3653.63 Min=2.28 Avg=59.46 10=7.09 25=33.57 50=45.34 75=83.20 90=112.32 95=143.87 99=214.53 99.9=658.43 99.99=2256.89] [UPDATE: Count=382927 Max=16793.60 Min=6.88 Avg=67.70 10=14.16 25=39.90 50=52.80 75=90.88 90=120.77 95=153.22 99=228.48 99.9=773.63 99.99=2637.82]
2025-04-23 02:45:26 64 sec: 789762 operations; [READ: Count=394652 Max=3653.63 Min=2.28 Avg=58.75 10=7.01 25=33.38 50=43.87 75=82.30 90=111.49 95=143.10 99=215.68 99.9=647.68 99.99=2232.32] [UPDATE: Count=395110 Max=16793.60 Min=6.88 Avg=66.97 10=14.02 25=39.65 50=51.52 75=89.98 90=119.94 95=152.57 99=229.89 99.9=765.44 99.99=2574.34]
2025-04-23 02:45:27 65 sec: 816166 operations; [READ: Count=407909 Max=3653.63 Min=2.28 Avg=57.88 10=6.95 25=33.22 50=42.37 75=81.22 90=110.46 95=141.69 99=214.78 99.9=640.00 99.99=2205.70] [UPDATE: Count=408257 Max=23052.29 Min=6.88 Avg=66.18 10=13.92 25=39.42 50=50.21 75=88.96 90=118.78 95=151.29 99=228.99 99.9=759.81 99.99=2574.34]
2025-04-23 02:45:28 66 sec: 844156 operations; [READ: Count=421972 Max=3653.63 Min=2.28 Avg=56.99 10=6.87 25=33.02 50=41.09 75=80.19 90=109.38 95=140.16 99=213.76 99.9=627.20 99.99=2199.55] [UPDATE: Count=422184 Max=23052.29 Min=6.88 Avg=65.27 10=13.79 25=39.20 50=48.99 75=87.87 90=117.69 95=149.89 99=228.22 99.9=738.30 99.99=2572.29]
2025-04-23 02:45:29 67 sec: 872136 operations; [READ: Count=436019 Max=3653.63 Min=2.28 Avg=56.14 10=6.81 25=32.83 50=40.13 75=79.04 90=108.42 95=138.88 99=212.99 99.9=615.42 99.99=2166.78] [UPDATE: Count=436117 Max=23052.29 Min=6.88 Avg=64.44 10=13.69 25=38.94 50=48.00 75=86.85 90=116.73 95=148.61 99=227.58 99.9=723.97 99.99=2566.14]
2025-04-23 02:45:30 68 sec: 893411 operations; [READ: Count=446569 Max=3653.63 Min=2.28 Avg=55.78 10=6.78 25=32.69 50=39.62 75=78.21 90=107.84 95=138.11 99=213.25 99.9=661.50 99.99=2256.89] [UPDATE: Count=446842 Max=23674.88 Min=6.88 Avg=64.13 10=13.65 25=38.78 50=47.49 75=85.95 90=116.09 95=148.09 99=228.35 99.9=765.44 99.99=2588.67]
2025-04-23 02:45:31 69 sec: 919537 operations; [READ: Count=459559 Max=3653.63 Min=2.04 Avg=55.13 10=6.78 25=32.56 50=39.20 75=77.12 90=107.07 95=136.96 99=212.35 99.9=649.73 99.99=2248.70] [UPDATE: Count=459978 Max=23674.88 Min=6.74 Avg=63.50 10=13.62 25=38.62 50=47.04 75=84.99 90=115.26 95=146.94 99=227.71 99.9=758.27 99.99=2574.34]
2025-04-23 02:45:32 70 sec: 941907 operations; [READ: Count=470681 Max=3653.63 Min=2.04 Avg=54.74 10=6.80 25=32.43 50=39.04 75=76.29 90=106.50 95=136.06 99=212.22 99.9=659.46 99.99=2248.70] [UPDATE: Count=471226 Max=23674.88 Min=6.51 Avg=63.15 10=13.63 25=38.46 50=46.78 75=84.16 90=114.75 95=146.18 99=228.09 99.9=766.46 99.99=2588.67]
2025-04-23 02:45:33 71 sec: 967139 operations; [READ: Count=483247 Max=3653.63 Min=2.04 Avg=54.22 10=6.82 25=32.27 50=38.88 75=75.20 90=105.79 95=134.78 99=211.33 99.9=649.73 99.99=2232.32] [UPDATE: Count=483892 Max=23674.88 Min=6.51 Avg=62.63 10=13.63 25=38.30 50=46.59 75=83.20 90=114.05 95=145.02 99=227.46 99.9=759.81 99.99=2586.62]
2025-04-23 02:45:34 72 sec: 987194 operations; [READ: Count=493202 Max=3653.63 Min=2.04 Avg=53.99 10=6.85 25=32.13 50=38.78 75=74.30 90=105.47 95=134.40 99=212.61 99.9=666.11 99.99=2228.22] [UPDATE: Count=493992 Max=23674.88 Min=6.51 Avg=62.47 10=13.65 25=38.14 50=46.46 75=82.43 90=113.73 95=144.77 99=228.99 99.9=761.86 99.99=2613.25]
2025-04-23 02:45:35 73 sec: 1000000 operations; [READ: Count=499635 Max=3653.63 Min=2.04 Avg=53.74 10=6.86 25=32.03 50=38.75 75=73.60 90=105.15 95=133.89 99=212.09 99.9=660.99 99.99=2226.18] [UPDATE: Count=500365 Max=23674.88 Min=6.51 Avg=62.24 10=13.65 25=38.05 50=46.40 75=81.98 90=113.47 95=144.25 99=228.99 99.9=759.81 99.99=2588.67]
2025-04-23 02:45:36 74 sec: 1000000 operations; [READ: Count=499635 Max=3653.63 Min=2.04 Avg=53.74 10=6.86 25=32.03 50=38.75 75=73.60 90=105.15 95=133.89 99=212.09 99.9=660.99 99.99=2226.18] [UPDATE: Count=500365 Max=23674.88 Min=6.51 Avg=62.24 10=13.65 25=38.05 50=46.40 75=81.98 90=113.47 95=144.25 99=228.99 99.9=759.81 99.99=2588.67]
2025-04-23 02:45:37 75 sec: 1000000 operations; [READ: Count=499635 Max=3653.63 Min=2.04 Avg=53.74 10=6.86 25=32.03 50=38.75 75=73.60 90=105.15 95=133.89 99=212.09 99.9=660.99 99.99=2226.18] [UPDATE: Count=500365 Max=23674.88 Min=6.51 Avg=62.24 10=13.65 25=38.05 50=46.40 75=81.98 90=113.47 95=144.25 99=228.99 99.9=759.81 99.99=2588.67]
2025-04-23 02:45:37 75 sec: 1000000 operations; [READ: Count=499635 Max=3653.63 Min=2.04 Avg=53.74 10=6.86 25=32.03 50=38.75 75=73.60 90=105.15 95=133.89 99=212.09 99.9=660.99 99.99=2226.18] [UPDATE: Count=500365 Max=23674.88 Min=6.51 Avg=62.24 10=13.65 25=38.05 50=46.40 75=81.98 90=113.47 95=144.25 99=228.99 99.9=759.81 99.99=2588.67]
Run runtime(sec): 75.2147
Run operations(ops): 1000000
Run throughput(ops/sec): 13295.3
