Running scope as unit: run-rda480a01ac474a2a8d3db2c8c38ff2ce.scope
load file:/home/user/DataFiles/silesia_data/silesia.tar
2025-04-22 06:13:08 0 sec: 0 operations;
2025-04-22 06:13:09 1 sec: 0 operations;
2025-04-22 06:13:10 2 sec: 0 operations;
2025-04-22 06:13:11 3 sec: 0 operations;
2025-04-22 06:13:12 4 sec: 0 operations;
2025-04-22 06:13:13 5 sec: 5857 operations; [READ: Count=3928 Max=1309.69 Min=4.06 Avg=88.30 10=13.55 25=16.85 50=21.54 75=102.21 90=187.65 95=381.95 99=822.78 99.9=1161.21 99.99=1309.69] [UPDATE: Count=1929 Max=2777.09 Min=9.05 Avg=23.46 10=12.38 25=13.93 50=16.25 75=20.70 90=26.57 95=33.09 99=76.73 99.9=1179.65 99.99=2777.09]
2025-04-22 06:13:14 6 sec: 17433 operations; [READ: Count=11611 Max=1605.63 Min=2.73 Avg=101.92 10=14.38 25=17.97 50=25.04 75=108.09 90=231.17 95=496.89 99=967.17 99.9=1323.01 99.99=1586.17] [UPDATE: Count=5822 Max=9281.53 Min=7.86 Avg=34.27 10=12.20 25=13.94 50=16.86 75=21.66 90=28.34 95=34.24 99=84.35 99.9=4845.57 99.99=8204.29]
2025-04-22 06:13:15 7 sec: 25998 operations; [READ: Count=17348 Max=2138.11 Min=2.73 Avg=114.98 10=14.79 25=18.88 50=26.66 75=110.85 90=307.20 95=628.22 99=1090.56 99.9=1528.83 99.99=1801.21] [UPDATE: Count=8650 Max=10125.31 Min=7.86 Avg=44.10 10=12.47 25=14.43 50=17.68 75=22.73 90=29.42 95=35.30 99=190.21 99.9=6397.95 99.99=9576.45]
2025-04-22 06:13:16 8 sec: 36817 operations; [READ: Count=24571 Max=2973.70 Min=2.73 Avg=116.09 10=13.94 25=18.85 50=26.32 75=108.42 90=300.03 95=646.65 99=1132.54 99.9=1729.54 99.99=2615.30] [UPDATE: Count=12246 Max=15220.74 Min=7.10 Avg=42.13 10=11.70 25=13.61 50=16.66 75=21.33 90=27.60 95=33.60 99=190.21 99.9=6397.95 99.99=12091.39]
2025-04-22 06:13:17 9 sec: 58483 operations; [READ: Count=39024 Max=2973.70 Min=2.58 Avg=94.59 10=12.13 25=15.55 50=23.39 75=102.53 90=187.13 95=445.69 99=1008.13 99.9=1603.58 99.99=2445.31] [UPDATE: Count=19459 Max=15220.74 Min=6.74 Avg=33.97 10=10.45 25=12.09 50=14.82 75=18.99 90=24.94 95=30.61 99=155.39 99.9=5779.45 99.99=10723.33]
2025-04-22 06:13:18 10 sec: 81638 operations; [READ: Count=54446 Max=2973.70 Min=2.58 Avg=83.39 10=11.63 25=14.04 50=21.36 75=98.11 90=160.00 95=373.50 99=944.13 99.9=1584.13 99.99=2390.01] [UPDATE: Count=27192 Max=15220.74 Min=6.74 Avg=29.26 10=10.10 25=11.48 50=13.86 75=17.52 90=23.01 95=28.19 99=71.49 99.9=4845.57 99.99=10387.45]
2025-04-22 06:13:19 11 sec: 107125 operations; [READ: Count=71454 Max=2973.70 Min=2.54 Avg=75.54 10=11.46 25=13.62 50=20.16 75=93.82 90=144.38 95=335.36 99=882.69 99.9=1507.33 99.99=2342.91] [UPDATE: Count=35671 Max=15220.74 Min=6.48 Avg=25.79 10=9.97 25=11.21 50=13.31 75=16.78 90=21.57 95=26.22 99=51.39 99.9=2777.09 99.99=10371.07]
2025-04-22 06:13:20 12 sec: 135464 operations; [READ: Count=90346 Max=2973.70 Min=2.19 Avg=69.00 10=11.41 25=13.50 50=19.42 75=87.10 90=132.09 95=298.75 99=823.29 99.9=1439.74 99.99=2193.41] [UPDATE: Count=45118 Max=15220.74 Min=6.48 Avg=23.57 10=9.94 25=11.12 50=13.08 75=16.40 90=20.62 95=24.93 99=45.82 99.9=2281.47 99.99=10125.31]
2025-04-22 06:13:21 13 sec: 157641 operations; [READ: Count=105076 Max=2973.70 Min=2.19 Avg=67.52 10=11.44 25=13.58 50=19.45 75=86.40 90=131.58 95=287.74 99=787.46 99.9=1388.54 99.99=2123.78] [UPDATE: Count=52565 Max=15220.74 Min=6.48 Avg=22.58 10=9.94 25=11.10 50=12.98 75=16.21 90=20.18 95=24.34 99=44.67 99.9=1966.08 99.99=10125.31]
2025-04-22 06:13:22 14 sec: 173675 operations; [READ: Count=115768 Max=2973.70 Min=2.19 Avg=69.00 10=11.46 25=13.65 50=19.76 75=90.43 90=138.50 95=294.14 99=771.58 99.9=1373.18 99.99=2111.49] [UPDATE: Count=57907 Max=15220.74 Min=6.48 Avg=22.14 10=9.94 25=11.07 50=12.90 75=16.05 90=19.86 95=23.93 99=44.61 99.9=1914.88 99.99=9576.45]
2025-04-22 06:13:23 15 sec: 185778 operations; [READ: Count=123883 Max=3432.45 Min=2.19 Avg=71.80 10=11.46 25=13.72 50=20.08 75=92.16 90=144.51 95=302.33 99=802.82 99.9=1550.34 99.99=2443.26] [UPDATE: Count=61895 Max=15220.74 Min=6.48 Avg=22.07 10=9.94 25=11.06 50=12.86 75=15.96 90=19.65 95=23.63 99=44.64 99.9=1963.01 99.99=9576.45]
2025-04-22 06:13:24 16 sec: 200800 operations; [READ: Count=133921 Max=3432.45 Min=2.19 Avg=73.21 10=11.47 25=13.82 50=20.53 75=94.08 90=152.45 95=301.57 99=786.43 99.9=1526.78 99.99=2390.01] [UPDATE: Count=66879 Max=15220.74 Min=6.48 Avg=21.62 10=9.95 25=11.05 50=12.82 75=15.85 90=19.42 95=23.23 99=44.13 99.9=1898.49 99.99=9355.26]
2025-04-22 06:13:25 17 sec: 215021 operations; [READ: Count=143379 Max=3432.45 Min=2.19 Avg=74.76 10=11.47 25=13.89 50=20.98 75=95.68 90=159.74 95=303.62 99=771.07 99.9=1502.21 99.99=2390.01] [UPDATE: Count=71642 Max=15220.74 Min=6.48 Avg=21.22 10=9.94 25=11.03 50=12.75 75=15.71 90=19.18 95=22.86 99=43.52 99.9=1777.66 99.99=9355.26]
2025-04-22 06:13:26 18 sec: 229935 operations; [READ: Count=153253 Max=3432.45 Min=2.19 Avg=75.87 10=11.46 25=13.93 50=21.23 75=96.58 90=165.12 95=304.89 99=760.83 99.9=1489.92 99.99=2390.01] [UPDATE: Count=76682 Max=15220.74 Min=6.48 Avg=20.89 10=9.93 25=11.00 50=12.69 75=15.60 90=18.98 95=22.54 99=42.75 99.9=1777.66 99.99=9281.53]
2025-04-22 06:13:27 19 sec: 245573 operations; [READ: Count=163662 Max=3432.45 Min=2.19 Avg=76.54 10=11.45 25=13.97 50=21.41 75=97.22 90=168.45 95=305.92 99=752.13 99.9=1468.41 99.99=2377.73] [UPDATE: Count=81911 Max=15220.74 Min=6.48 Avg=20.65 10=9.93 25=10.99 50=12.67 75=15.54 90=18.86 95=22.32 99=42.81 99.9=1573.89 99.99=9281.53]
2025-04-22 06:13:28 20 sec: 261448 operations; [READ: Count=174226 Max=3432.45 Min=2.19 Avg=77.08 10=11.41 25=13.97 50=21.45 75=97.47 90=170.50 95=307.71 99=751.10 99.9=1473.54 99.99=2377.73] [UPDATE: Count=87222 Max=15220.74 Min=6.48 Avg=20.38 10=9.92 25=10.98 50=12.64 75=15.47 90=18.72 95=22.06 99=41.76 99.9=1556.48 99.99=8929.28]
2025-04-22 06:13:29 21 sec: 282341 operations; [READ: Count=188182 Max=3432.45 Min=2.19 Avg=76.02 10=11.35 25=13.93 50=21.36 75=97.15 90=169.60 95=300.54 99=732.16 99.9=1454.08 99.99=2342.91] [UPDATE: Count=94159 Max=15220.74 Min=6.48 Avg=20.02 10=9.90 25=10.95 50=12.60 75=15.38 90=18.53 95=21.76 99=41.09 99.9=1481.73 99.99=8929.28]
2025-04-22 06:13:30 22 sec: 303618 operations; [READ: Count=202407 Max=3432.45 Min=2.19 Avg=75.03 10=11.27 25=13.86 50=21.20 75=96.77 90=168.83 95=295.42 99=710.65 99.9=1432.58 99.99=2260.99] [UPDATE: Count=101211 Max=15220.74 Min=6.48 Avg=19.66 10=9.89 25=10.92 50=12.55 75=15.26 90=18.32 95=21.44 99=40.38 99.9=1417.21 99.99=8404.99]
2025-04-22 06:13:31 23 sec: 324172 operations; [READ: Count=216132 Max=3432.45 Min=2.19 Avg=74.29 10=11.20 25=13.79 50=21.07 75=96.45 90=168.06 95=290.30 99=695.81 99.9=1400.83 99.99=2258.94] [UPDATE: Count=108040 Max=15220.74 Min=6.46 Avg=19.49 10=9.86 25=10.88 50=12.49 75=15.17 90=18.16 95=21.20 99=40.32 99.9=1430.53 99.99=8204.29]
2025-04-22 06:13:32 24 sec: 345751 operations; [READ: Count=230506 Max=3432.45 Min=2.19 Avg=73.57 10=11.12 25=13.69 50=21.15 75=95.87 90=164.35 95=279.81 99=675.84 99.9=1376.26 99.99=2256.89] [UPDATE: Count=115245 Max=15220.74 Min=6.46 Avg=19.01 10=9.75 25=10.71 50=12.36 75=14.97 90=17.97 95=20.94 99=40.16 99.9=1383.42 99.99=7143.42]
2025-04-22 06:13:33 25 sec: 367860 operations; [READ: Count=245262 Max=3432.45 Min=2.19 Avg=72.82 10=11.03 25=13.59 50=21.25 75=94.97 90=160.00 95=268.80 99=657.41 99.9=1358.85 99.99=2213.89] [UPDATE: Count=122598 Max=15220.74 Min=6.31 Avg=18.56 10=9.66 25=10.57 50=12.24 75=14.77 90=17.79 95=20.67 99=39.17 99.9=1300.48 99.99=7143.42]
2025-04-22 06:13:34 26 sec: 390623 operations; [READ: Count=260487 Max=3432.45 Min=2.19 Avg=72.01 10=10.94 25=13.50 50=21.34 75=94.08 90=154.50 95=258.56 99=639.49 99.9=1333.25 99.99=2199.55] [UPDATE: Count=130136 Max=15220.74 Min=6.29 Avg=18.16 10=9.59 25=10.43 50=12.12 75=14.57 90=17.61 95=20.41 99=38.24 99.9=1238.02 99.99=6565.89]
2025-04-22 06:13:35 27 sec: 415737 operations; [READ: Count=277266 Max=3432.45 Min=2.19 Avg=70.86 10=10.82 25=13.43 50=21.44 75=93.06 90=146.94 95=244.22 99=617.47 99.9=1316.86 99.99=2154.49] [UPDATE: Count=138471 Max=15220.74 Min=6.25 Avg=17.76 10=9.54 25=10.34 50=12.02 75=14.39 90=17.42 95=20.18 99=37.28 99.9=1121.28 99.99=6397.95]
2025-04-22 06:13:36 28 sec: 441644 operations; [READ: Count=294550 Max=3432.45 Min=2.19 Avg=69.71 10=10.69 25=13.34 50=21.49 75=92.16 90=139.78 95=231.81 99=599.04 99.9=1304.58 99.99=2138.11] [UPDATE: Count=147094 Max=15220.74 Min=6.25 Avg=17.39 10=9.50 25=10.26 50=11.91 75=14.21 90=17.25 95=19.95 99=36.48 99.9=1085.44 99.99=6328.32]
2025-04-22 06:13:37 29 sec: 467278 operations; [READ: Count=311621 Max=3432.45 Min=2.07 Avg=68.73 10=10.54 25=13.26 50=21.55 75=91.45 90=134.14 95=220.67 99=581.12 99.9=1280.00 99.99=2107.39] [UPDATE: Count=155657 Max=15220.74 Min=6.24 Avg=17.06 10=9.47 25=10.21 50=11.81 75=14.05 90=17.09 95=19.71 99=35.87 99.9=1011.20 99.99=6266.88]
2025-04-22 06:13:38 30 sec: 491425 operations; [READ: Count=327679 Max=3432.45 Min=2.07 Avg=68.09 10=10.38 25=13.18 50=21.60 75=90.94 90=130.69 95=214.78 99=568.32 99.9=1264.64 99.99=2101.25] [UPDATE: Count=163746 Max=15220.74 Min=6.24 Avg=16.78 10=9.45 25=10.17 50=11.73 75=13.93 90=16.96 95=19.52 99=35.20 99.9=951.81 99.99=6266.88]
2025-04-22 06:13:39 31 sec: 516074 operations; [READ: Count=344209 Max=3432.45 Min=2.07 Avg=67.41 10=10.18 25=13.13 50=21.61 75=90.43 90=127.55 95=209.15 99=557.57 99.9=1258.49 99.99=2082.82] [UPDATE: Count=171865 Max=15220.74 Min=6.24 Avg=16.52 10=9.42 25=10.12 50=11.64 75=13.80 90=16.82 95=19.33 99=34.53 99.9=895.49 99.99=6111.23]
2025-04-22 06:13:40 32 sec: 542383 operations; [READ: Count=361770 Max=3432.45 Min=2.07 Avg=66.58 10=9.94 25=13.07 50=21.65 75=89.92 90=123.97 95=202.62 99=543.23 99.9=1247.23 99.99=2078.72] [UPDATE: Count=180613 Max=15220.74 Min=6.24 Avg=16.28 10=9.41 25=10.10 50=11.57 75=13.72 90=16.69 95=19.14 99=34.14 99.9=812.03 99.99=6004.73]
2025-04-22 06:13:41 33 sec: 568160 operations; [READ: Count=378952 Max=3432.45 Min=2.07 Avg=65.90 10=9.57 25=13.02 50=21.65 75=89.53 90=121.47 95=198.14 99=531.46 99.9=1233.92 99.99=2050.05] [UPDATE: Count=189208 Max=15220.74 Min=6.24 Avg=16.06 10=9.38 25=10.07 50=11.49 75=13.64 90=16.56 95=18.98 99=33.57 99.9=791.55 99.99=5877.76]
2025-04-22 06:13:42 34 sec: 594674 operations; [READ: Count=396539 Max=3432.45 Min=2.07 Avg=65.20 10=9.14 25=12.97 50=21.66 75=89.15 90=118.97 95=192.90 99=519.42 99.9=1217.54 99.99=2023.42] [UPDATE: Count=198135 Max=15220.74 Min=6.24 Avg=15.85 10=9.37 25=10.05 50=11.41 75=13.56 90=16.43 95=18.82 99=32.96 99.9=737.79 99.99=5861.38]
2025-04-22 06:13:43 35 sec: 620424 operations; [READ: Count=413620 Max=3432.45 Min=2.07 Avg=64.65 10=8.65 25=12.92 50=21.66 75=88.89 90=117.25 95=189.31 99=508.93 99.9=1202.17 99.99=1998.85] [UPDATE: Count=206804 Max=15220.74 Min=6.24 Avg=15.66 10=9.34 25=10.03 50=11.35 75=13.49 90=16.31 95=18.66 99=32.58 99.9=693.76 99.99=5861.38]
2025-04-22 06:13:44 36 sec: 644407 operations; [READ: Count=429542 Max=3432.45 Min=2.07 Avg=64.33 10=8.24 25=12.88 50=21.66 75=88.64 90=116.09 95=187.78 99=501.76 99.9=1189.89 99.99=1953.79] [UPDATE: Count=214865 Max=15220.74 Min=6.24 Avg=15.50 10=9.33 25=10.01 50=11.29 75=13.43 90=16.21 95=18.54 99=32.26 99.9=665.09 99.99=5861.38]
2025-04-22 06:13:45 37 sec: 671457 operations; [READ: Count=447593 Max=3432.45 Min=2.07 Avg=63.70 10=7.81 25=12.84 50=21.66 75=88.38 90=114.24 95=183.94 99=490.50 99.9=1175.55 99.99=1946.62] [UPDATE: Count=223864 Max=15220.74 Min=6.24 Avg=15.33 10=9.30 25=9.99 50=11.23 75=13.38 90=16.09 95=18.40 99=31.89 99.9=629.76 99.99=5857.28]
2025-04-22 06:13:46 38 sec: 698084 operations; [READ: Count=465394 Max=3432.45 Min=2.07 Avg=63.17 10=7.49 25=12.80 50=21.65 75=88.13 90=112.77 95=180.48 99=481.28 99.9=1167.36 99.99=1929.21] [UPDATE: Count=232690 Max=15220.74 Min=6.24 Avg=15.18 10=9.29 25=9.97 50=11.18 75=13.32 90=15.98 95=18.27 99=31.52 99.9=589.82 99.99=5779.45]
2025-04-22 06:13:47 39 sec: 724996 operations; [READ: Count=483404 Max=3432.45 Min=2.07 Avg=62.64 10=7.21 25=12.77 50=21.65 75=87.87 90=111.42 95=177.15 99=472.57 99.9=1152.00 99.99=1925.12] [UPDATE: Count=241592 Max=15220.74 Min=6.24 Avg=15.05 10=9.27 25=9.97 50=11.13 75=13.28 90=15.88 95=18.14 99=31.15 99.9=558.59 99.99=5648.38]
2025-04-22 06:13:48 40 sec: 751129 operations; [READ: Count=500851 Max=3432.45 Min=2.07 Avg=62.22 10=6.97 25=12.73 50=21.61 75=87.68 90=110.40 95=174.85 99=465.92 99.9=1142.78 99.99=1903.62] [UPDATE: Count=250278 Max=15220.74 Min=6.24 Avg=14.92 10=9.26 25=9.96 50=11.09 75=13.23 90=15.78 95=18.03 99=30.80 99.9=535.04 99.99=5447.68]
2025-04-22 06:13:49 41 sec: 775319 operations; [READ: Count=516926 Max=3432.45 Min=2.07 Avg=62.01 10=6.82 25=12.70 50=21.57 75=87.55 90=109.69 95=173.57 99=464.38 99.9=1133.57 99.99=1893.38] [UPDATE: Count=258393 Max=15220.74 Min=6.24 Avg=14.81 10=9.24 25=9.95 50=11.07 75=13.21 90=15.72 95=17.95 99=30.54 99.9=497.92 99.99=5201.92]
2025-04-22 06:13:50 42 sec: 802408 operations; [READ: Count=534986 Max=3432.45 Min=2.07 Avg=61.56 10=6.66 25=12.67 50=21.49 75=87.36 90=108.73 95=171.01 99=455.94 99.9=1121.28 99.99=1890.30] [UPDATE: Count=267422 Max=15220.74 Min=6.24 Avg=14.71 10=9.22 25=9.95 50=11.05 75=13.19 90=15.65 95=17.87 99=30.27 99.9=462.85 99.99=5165.06]
2025-04-22 06:13:51 43 sec: 830247 operations; [READ: Count=553580 Max=3432.45 Min=2.07 Avg=61.07 10=6.52 25=12.63 50=21.42 75=87.17 90=107.78 95=168.06 99=448.25 99.9=1110.02 99.99=1874.94] [UPDATE: Count=276667 Max=15220.74 Min=6.24 Avg=14.59 10=9.20 25=9.94 50=11.02 75=13.15 90=15.57 95=17.77 99=30.03 99.9=437.25 99.99=5013.50]
2025-04-22 06:13:52 44 sec: 857764 operations; [READ: Count=571819 Max=3432.45 Min=2.07 Avg=60.66 10=6.41 25=12.60 50=21.34 75=87.04 90=107.07 95=165.50 99=441.09 99.9=1099.78 99.99=1865.73] [UPDATE: Count=285945 Max=15220.74 Min=6.24 Avg=14.49 10=9.18 25=9.93 50=10.98 75=13.13 90=15.49 95=17.68 99=29.81 99.9=400.64 99.99=4845.57]
2025-04-22 06:13:53 45 sec: 883965 operations; [READ: Count=589251 Max=3432.45 Min=2.07 Avg=60.37 10=6.32 25=12.57 50=21.25 75=86.91 90=106.56 95=163.84 99=435.20 99.9=1090.56 99.99=1848.32] [UPDATE: Count=294714 Max=15220.74 Min=6.24 Avg=14.40 10=9.16 25=9.92 50=10.96 75=13.10 90=15.44 95=17.60 99=29.60 99.9=364.54 99.99=4845.57]
2025-04-22 06:13:54 46 sec: 908094 operations; [READ: Count=605345 Max=3432.45 Min=2.07 Avg=60.23 10=6.25 25=12.54 50=21.17 75=86.85 90=106.17 95=163.20 99=434.18 99.9=1080.32 99.99=1846.27] [UPDATE: Count=302749 Max=15220.74 Min=6.24 Avg=14.33 10=9.14 25=9.91 50=10.94 75=13.07 90=15.39 95=17.54 99=29.42 99.9=351.74 99.99=4833.28]
2025-04-22 06:13:55 47 sec: 936423 operations; [READ: Count=624162 Max=3432.45 Min=2.07 Avg=59.80 10=6.19 25=12.50 50=21.02 75=86.72 90=105.53 95=160.25 99=428.54 99.9=1071.10 99.99=1846.27] [UPDATE: Count=312261 Max=15220.74 Min=6.24 Avg=14.26 10=9.13 25=9.91 50=10.94 75=13.06 90=15.35 95=17.47 99=29.18 99.9=327.42 99.99=4726.78]
2025-04-22 06:13:56 48 sec: 964793 operations; [READ: Count=643050 Max=3432.45 Min=2.07 Avg=59.39 10=6.14 25=12.47 50=20.86 75=86.59 90=104.89 95=157.18 99=422.40 99.9=1062.91 99.99=1840.13] [UPDATE: Count=321743 Max=15220.74 Min=6.24 Avg=14.19 10=9.12 25=9.91 50=10.94 75=13.06 90=15.33 95=17.42 99=28.94 99.9=310.01 99.99=4624.38]
2025-04-22 06:13:57 49 sec: 993720 operations; [READ: Count=662388 Max=3432.45 Min=2.07 Avg=58.98 10=6.07 25=12.42 50=20.69 75=86.46 90=104.32 95=154.11 99=416.51 99.9=1054.72 99.99=1813.50] [UPDATE: Count=331332 Max=15220.74 Min=6.24 Avg=14.11 10=9.09 25=9.90 50=10.93 75=13.04 90=15.27 95=17.34 99=28.73 99.9=291.33 99.99=4612.10]
2025-04-22 06:13:58 50 sec: 1021424 operations; [READ: Count=680925 Max=3432.45 Min=2.07 Avg=58.66 10=6.01 25=12.39 50=20.50 75=86.33 90=103.87 95=152.06 99=412.93 99.9=1049.60 99.99=1793.02] [UPDATE: Count=340499 Max=15220.74 Min=6.24 Avg=14.05 10=9.07 25=9.90 50=10.91 75=13.02 90=15.22 95=17.28 99=28.57 99.9=277.50 99.99=4472.83]
2025-04-22 06:13:59 51 sec: 1047596 operations; [READ: Count=698368 Max=3432.45 Min=2.07 Avg=58.46 10=5.97 25=12.35 50=20.29 75=86.27 90=103.61 95=151.42 99=411.90 99.9=1040.38 99.99=1777.66] [UPDATE: Count=349228 Max=15220.74 Min=6.24 Avg=13.98 10=9.05 25=9.89 50=10.89 75=13.01 90=15.18 95=17.21 99=28.46 99.9=272.89 99.99=4337.66]
2025-04-22 06:14:00 52 sec: 1072395 operations; [READ: Count=714863 Max=3432.45 Min=2.07 Avg=58.33 10=5.94 25=12.32 50=20.11 75=86.27 90=103.68 95=151.42 99=409.09 99.9=1036.29 99.99=1776.64] [UPDATE: Count=357532 Max=15220.74 Min=6.24 Avg=13.96 10=9.03 25=9.89 50=10.90 75=13.01 90=15.18 95=17.20 99=28.29 99.9=270.59 99.99=4022.27]
2025-04-22 06:14:01 53 sec: 1098070 operations; [READ: Count=731890 Max=3432.45 Min=2.07 Avg=58.16 10=5.92 25=12.29 50=19.92 75=86.27 90=103.74 95=150.91 99=406.01 99.9=1026.05 99.99=1767.42] [UPDATE: Count=366180 Max=15220.74 Min=6.24 Avg=13.95 10=9.02 25=9.89 50=10.90 75=13.02 90=15.17 95=17.18 99=28.19 99.9=269.82 99.99=3975.17]
2025-04-22 06:14:02 54 sec: 1125309 operations; [READ: Count=750081 Max=3432.45 Min=2.07 Avg=57.92 10=5.89 25=12.25 50=19.68 75=86.21 90=103.61 95=149.76 99=402.18 99.9=1017.34 99.99=1755.13] [UPDATE: Count=375228 Max=15220.74 Min=6.24 Avg=13.90 10=8.99 25=9.89 50=10.89 75=12.99 90=15.13 95=17.12 99=28.02 99.9=263.17 99.99=3962.88]
2025-04-22 06:14:03 55 sec: 1150655 operations; [READ: Count=767004 Max=3432.45 Min=2.07 Avg=57.79 10=5.88 25=12.21 50=19.50 75=86.21 90=103.61 95=149.50 99=399.87 99.9=1014.27 99.99=1751.04] [UPDATE: Count=383651 Max=15220.74 Min=6.24 Avg=13.86 10=8.97 25=9.89 50=10.89 75=12.98 90=15.10 95=17.07 99=27.86 99.9=257.79 99.99=3962.88]
2025-04-22 06:14:04 56 sec: 1172619 operations; [READ: Count=781660 Max=3432.45 Min=2.07 Avg=57.84 10=5.89 25=12.19 50=19.42 75=86.33 90=103.87 95=150.66 99=400.64 99.9=1008.13 99.99=1744.89] [UPDATE: Count=390959 Max=15220.74 Min=6.24 Avg=13.86 10=8.97 25=9.89 50=10.90 75=13.01 90=15.13 95=17.09 99=27.79 99.9=257.79 99.99=3956.74]
2025-04-22 06:14:05 57 sec: 1199429 operations; [READ: Count=799593 Max=3432.45 Min=2.07 Avg=57.63 10=5.87 25=12.15 50=19.23 75=86.27 90=103.81 95=150.01 99=398.08 99.9=1000.96 99.99=1736.70] [UPDATE: Count=399836 Max=15220.74 Min=6.24 Avg=13.82 10=8.95 25=9.89 50=10.89 75=12.99 90=15.10 95=17.05 99=27.66 99.9=255.49 99.99=3893.25]
2025-04-22 06:14:06 58 sec: 1226853 operations; [READ: Count=817937 Max=3432.45 Min=2.07 Avg=57.41 10=5.86 25=12.11 50=19.04 75=86.27 90=103.68 95=149.12 99=395.01 99.9=993.28 99.99=1729.54] [UPDATE: Count=408916 Max=15220.74 Min=6.24 Avg=13.78 10=8.94 25=9.88 50=10.89 75=12.98 90=15.08 95=17.01 99=27.50 99.9=249.22 99.99=3622.91]
2025-04-22 06:14:07 59 sec: 1250453 operations; [READ: Count=833650 Max=3432.45 Min=2.07 Avg=57.37 10=5.86 25=12.08 50=18.91 75=86.27 90=103.87 95=149.76 99=393.98 99.9=988.67 99.99=1725.44] [UPDATE: Count=416803 Max=15220.74 Min=6.24 Avg=13.79 10=8.93 25=9.88 50=10.90 75=12.99 90=15.10 95=17.01 99=27.45 99.9=249.85 99.99=3584.00]
2025-04-22 06:14:08 60 sec: 1277967 operations; [READ: Count=852005 Max=3432.45 Min=2.07 Avg=57.15 10=5.85 25=12.03 50=18.72 75=86.27 90=103.81 95=148.99 99=391.68 99.9=982.53 99.99=1711.10] [UPDATE: Count=425962 Max=15220.74 Min=6.24 Avg=13.77 10=8.92 25=9.89 50=10.91 75=13.00 90=15.10 95=17.01 99=27.38 99.9=243.58 99.99=3569.66]
2025-04-22 06:14:09 61 sec: 1303725 operations; [READ: Count=869275 Max=3432.45 Min=2.07 Avg=57.03 10=5.82 25=11.98 50=18.53 75=86.21 90=103.68 95=148.86 99=391.68 99.9=981.50 99.99=1709.06] [UPDATE: Count=434450 Max=15220.74 Min=6.24 Avg=13.73 10=8.89 25=9.88 50=10.90 75=12.99 90=15.09 95=16.98 99=27.28 99.9=240.13 99.99=3569.66]
2025-04-22 06:14:10 62 sec: 1329840 operations; [READ: Count=886617 Max=3432.45 Min=2.07 Avg=56.89 10=5.79 25=11.94 50=18.34 75=86.21 90=103.74 95=148.86 99=390.40 99.9=977.41 99.99=1696.77] [UPDATE: Count=443223 Max=15220.74 Min=6.24 Avg=13.72 10=8.89 25=9.88 50=10.91 75=13.01 90=15.10 95=16.98 99=27.30 99.9=240.13 99.99=3506.18]
2025-04-22 06:14:11 63 sec: 1353738 operations; [READ: Count=902493 Max=14983.17 Min=2.07 Avg=56.87 10=5.78 25=11.89 50=18.21 75=86.21 90=103.94 95=149.63 99=390.14 99.9=972.80 99.99=1696.77] [UPDATE: Count=451245 Max=15220.74 Min=6.24 Avg=13.72 10=8.88 25=9.88 50=10.92 75=13.01 90=15.10 95=16.96 99=27.31 99.9=236.67 99.99=3266.56]
2025-04-22 06:14:12 64 sec: 1373454 operations; [READ: Count=915619 Max=14983.17 Min=2.07 Avg=57.03 10=5.81 25=11.87 50=18.25 75=86.33 90=104.32 95=151.04 99=390.14 99.9=970.24 99.99=1694.72] [UPDATE: Count=457835 Max=15220.74 Min=6.24 Avg=13.71 10=8.86 25=9.88 50=10.91 75=13.02 90=15.10 95=16.96 99=27.34 99.9=240.13 99.99=3180.54]
2025-04-22 06:14:13 65 sec: 1391887 operations; [READ: Count=927958 Max=14983.17 Min=2.07 Avg=57.25 10=5.83 25=11.86 50=18.37 75=86.53 90=104.70 95=151.68 99=390.14 99.9=968.70 99.99=1693.69] [UPDATE: Count=463929 Max=15220.74 Min=6.24 Avg=13.71 10=8.88 25=9.88 50=10.93 75=13.02 90=15.11 95=16.96 99=27.31 99.9=238.72 99.99=3180.54]
2025-04-22 06:14:14 66 sec: 1411899 operations; [READ: Count=941302 Max=14983.17 Min=2.07 Avg=57.39 10=5.86 25=11.86 50=18.45 75=86.66 90=105.09 95=152.06 99=389.38 99.9=967.17 99.99=1689.60] [UPDATE: Count=470597 Max=15220.74 Min=6.24 Avg=13.71 10=8.89 25=9.89 50=10.94 75=13.02 90=15.12 95=16.94 99=27.20 99.9=238.85 99.99=3158.01]
2025-04-22 06:14:15 67 sec: 1435031 operations; [READ: Count=956708 Max=14983.17 Min=2.07 Avg=57.39 10=5.89 25=11.86 50=18.51 75=86.78 90=105.15 95=151.81 99=388.35 99.9=960.00 99.99=1665.02] [UPDATE: Count=478323 Max=15220.74 Min=6.24 Avg=13.70 10=8.91 25=9.89 50=10.95 75=13.02 90=15.12 95=16.93 99=27.09 99.9=238.21 99.99=2961.41]
2025-04-22 06:14:16 68 sec: 1460439 operations; [READ: Count=973667 Max=14983.17 Min=2.07 Avg=57.29 10=5.91 25=11.86 50=18.53 75=86.85 90=105.15 95=151.04 99=386.30 99.9=955.90 99.99=1664.00] [UPDATE: Count=486772 Max=15220.74 Min=6.24 Avg=13.68 10=8.93 25=9.89 50=10.97 75=13.02 90=15.12 95=16.91 99=27.05 99.9=234.11 99.99=2957.31]
2025-04-22 06:14:17 69 sec: 1481853 operations; [READ: Count=988004 Max=14983.17 Min=2.07 Avg=57.37 10=5.93 25=11.87 50=18.64 75=86.91 90=105.22 95=151.55 99=385.02 99.9=951.81 99.99=1661.95] [UPDATE: Count=493849 Max=15220.74 Min=6.11 Avg=13.66 10=8.94 25=9.90 50=10.97 75=13.02 90=15.10 95=16.89 99=26.96 99.9=232.06 99.99=2957.31]
2025-04-22 06:14:18 70 sec: 1499352 operations; [READ: Count=999603 Max=14983.17 Min=2.07 Avg=57.62 10=5.95 25=11.89 50=18.82 75=87.04 90=105.73 95=154.24 99=384.00 99.9=948.22 99.99=1661.95] [UPDATE: Count=499749 Max=15220.74 Min=6.11 Avg=13.65 10=8.95 25=9.90 50=10.98 75=13.02 90=15.10 95=16.88 99=26.89 99.9=230.91 99.99=2922.49]
2025-04-22 06:14:18 70 sec: 1499956 operations; [READ: Count=1000000 Max=14983.17 Min=2.07 Avg=57.63 10=5.95 25=11.89 50=18.83 75=87.04 90=105.73 95=154.37 99=384.00 99.9=948.22 99.99=1661.95] [UPDATE: Count=499956 Max=15220.74 Min=6.11 Avg=13.64 10=8.95 25=9.90 50=10.98 75=13.02 90=15.10 95=16.88 99=26.89 99.9=230.91 99.99=2922.49]
Run runtime(sec): 70.1459
Run operations(ops): 1000000
Run throughput(ops/sec): 14256
