Running scope as unit: run-r64f7e19fd77d4060bd86b3e6ea3bf9d7.scope
load file:/home/user/DataFiles/silesia_data/silesia.tar
2025-04-19 13:23:18 0 sec: 0 operations;
2025-04-19 13:23:19 1 sec: 0 operations;
2025-04-19 13:23:20 2 sec: 0 operations;
2025-04-19 13:23:21 3 sec: 0 operations;
2025-04-19 13:23:22 4 sec: 0 operations;
2025-04-19 13:23:23 5 sec: 0 operations;
2025-04-19 13:23:24 6 sec: 0 operations;
2025-04-19 13:23:25 7 sec: 0 operations;
2025-04-19 13:23:26 8 sec: 0 operations;
2025-04-19 13:23:27 9 sec: 0 operations;
2025-04-19 13:23:28 10 sec: 0 operations;
2025-04-19 13:23:29 11 sec: 0 operations;
2025-04-19 13:23:30 12 sec: 0 operations;
2025-04-19 13:23:31 13 sec: 0 operations;
2025-04-19 13:23:32 14 sec: 0 operations;
2025-04-19 13:23:33 15 sec: 826 operations; [READ: Count=546 Max=1486.85 Min=8.22 Avg=70.44 10=12.31 25=15.25 50=18.53 75=82.11 90=90.24 95=99.39 99=1191.93 99.9=1423.36 99.99=1486.85] [UPDATE: Count=280 Max=593.41 Min=8.35 Avg=14.79 10=9.90 25=10.69 50=12.30 75=14.10 90=16.57 95=18.08 99=23.14 99.9=593.41 99.99=593.41]
2025-04-19 13:23:34 16 sec: 25489 operations; [READ: Count=16982 Max=2057.22 Min=2.57 Avg=53.79 10=11.88 25=16.14 50=20.53 75=82.30 90=91.01 95=95.94 99=626.69 99.9=1638.40 99.99=1901.57] [UPDATE: Count=8507 Max=593.41 Min=6.56 Avg=13.17 10=10.13 25=11.00 50=12.46 75=14.16 90=16.25 95=17.68 99=23.65 99.9=81.92 99.99=324.35]
2025-04-19 13:23:35 17 sec: 47018 operations; [READ: Count=31258 Max=4603.90 Min=2.31 Avg=56.60 10=12.20 25=16.73 50=21.04 75=82.50 90=91.71 95=97.02 99=645.12 99.9=2158.59 99.99=2969.60] [UPDATE: Count=15760 Max=12025.85 Min=6.56 Avg=15.31 10=10.21 25=11.05 50=12.51 75=14.15 90=16.27 95=17.68 99=22.80 99.9=192.90 99.99=6819.84]
2025-04-19 13:23:36 18 sec: 77209 operations; [READ: Count=51375 Max=4603.90 Min=2.31 Avg=50.74 10=12.22 25=17.01 50=21.26 75=81.53 90=91.45 95=96.89 99=340.48 99.9=1959.93 99.99=2617.34] [UPDATE: Count=25834 Max=12025.85 Min=6.51 Avg=14.80 10=10.25 25=11.11 50=12.55 75=14.18 90=16.27 95=17.63 99=21.97 99.9=229.63 99.99=3614.72]
2025-04-19 13:23:37 19 sec: 104489 operations; [READ: Count=69565 Max=4603.90 Min=2.31 Avg=49.18 10=12.71 25=17.49 50=22.91 75=81.34 90=92.67 95=98.81 99=306.69 99.9=1809.41 99.99=2549.76] [UPDATE: Count=34924 Max=12025.85 Min=6.51 Avg=15.59 10=10.45 25=11.57 50=13.10 75=15.28 90=17.50 95=19.18 99=24.18 99.9=273.41 99.99=3614.72]
2025-04-19 13:23:38 20 sec: 135823 operations; [READ: Count=90484 Max=4603.90 Min=2.31 Avg=46.93 10=12.62 25=17.61 50=22.93 75=80.06 90=92.42 95=98.69 99=275.20 99.9=1686.53 99.99=2451.45] [UPDATE: Count=45339 Max=12025.85 Min=6.50 Avg=15.34 10=10.48 25=11.63 50=13.16 75=15.33 90=17.57 95=19.26 99=24.27 99.9=254.21 99.99=2934.78]
2025-04-19 13:23:39 21 sec: 162847 operations; [READ: Count=108525 Max=4603.90 Min=2.31 Avg=46.86 10=12.96 25=17.97 50=24.32 75=78.72 90=93.31 95=100.35 99=279.81 99.9=1609.73 99.99=2420.74] [UPDATE: Count=54322 Max=12025.85 Min=6.50 Avg=15.41 10=10.54 25=11.76 50=13.32 75=15.54 90=17.92 95=19.66 99=25.15 99.9=247.29 99.99=3291.14]
2025-04-19 13:23:40 22 sec: 183358 operations; [READ: Count=122181 Max=4603.90 Min=2.31 Avg=48.06 10=13.23 25=18.32 50=25.71 75=76.22 90=94.40 95=103.49 99=291.58 99.9=1586.17 99.99=2420.74] [UPDATE: Count=61177 Max=14647.30 Min=6.50 Avg=16.87 10=10.62 25=11.94 50=13.63 75=16.06 90=18.85 95=21.04 99=29.09 99.9=328.19 99.99=6819.84]
2025-04-19 13:23:41 23 sec: 205501 operations; [READ: Count=136945 Max=4603.90 Min=2.31 Avg=48.94 10=13.54 25=18.72 50=27.25 75=70.66 90=95.74 95=108.03 99=270.85 99.9=1524.73 99.99=2383.87] [UPDATE: Count=68556 Max=14647.30 Min=6.50 Avg=17.21 10=10.73 25=12.13 50=14.00 75=16.72 90=19.97 95=22.70 99=31.90 99.9=325.89 99.99=5877.76]
2025-04-19 13:23:42 24 sec: 225344 operations; [READ: Count=150111 Max=4603.90 Min=2.31 Avg=50.26 10=13.78 25=19.07 50=28.67 75=73.47 90=97.73 95=113.47 99=266.24 99.9=1482.75 99.99=2375.68] [UPDATE: Count=75233 Max=14647.30 Min=6.50 Avg=17.52 10=10.80 25=12.28 50=14.35 75=17.25 90=20.88 95=23.79 99=33.44 99.9=328.19 99.99=3614.72]
2025-04-19 13:23:43 25 sec: 243822 operations; [READ: Count=162392 Max=4603.90 Min=2.31 Avg=51.69 10=13.97 25=19.39 50=29.98 75=76.61 90=100.22 95=118.21 99=280.06 99.9=1464.32 99.99=2375.68] [UPDATE: Count=81430 Max=14647.30 Min=6.50 Avg=17.80 10=10.87 25=12.41 50=14.64 75=17.70 90=21.55 95=24.61 99=34.91 99.9=335.87 99.99=3614.72]
2025-04-19 13:23:44 26 sec: 259742 operations; [READ: Count=172921 Max=4603.90 Min=2.31 Avg=53.53 10=14.13 25=19.68 50=31.14 75=78.78 90=102.91 95=123.01 99=313.86 99.9=1448.96 99.99=2371.58] [UPDATE: Count=86821 Max=14647.30 Min=6.50 Avg=18.09 10=10.94 25=12.51 50=14.88 75=18.02 90=22.02 95=25.18 99=36.03 99.9=335.87 99.99=3614.72]
2025-04-19 13:23:45 27 sec: 272428 operations; [READ: Count=181349 Max=4603.90 Min=2.31 Avg=55.91 10=14.25 25=19.89 50=31.97 75=79.94 90=105.09 95=127.30 99=371.20 99.9=1442.82 99.99=2369.53] [UPDATE: Count=91079 Max=14647.30 Min=6.50 Avg=18.38 10=10.97 25=12.58 50=15.04 75=18.24 90=22.34 95=25.54 99=37.76 99.9=339.97 99.99=4591.61]
2025-04-19 13:23:46 28 sec: 288181 operations; [READ: Count=191862 Max=4603.90 Min=2.31 Avg=57.39 10=14.35 25=20.16 50=32.99 75=81.09 90=107.78 95=131.33 99=385.28 99.9=1423.36 99.99=2363.39] [UPDATE: Count=96319 Max=14647.30 Min=6.50 Avg=18.56 10=11.03 25=12.67 50=15.22 75=18.51 90=22.72 95=26.00 99=39.58 99.9=352.00 99.99=3614.72]
2025-04-19 13:23:47 29 sec: 307695 operations; [READ: Count=204926 Max=4603.90 Min=2.31 Avg=57.83 10=14.38 25=20.40 50=33.66 75=81.86 90=109.50 95=133.25 99=379.39 99.9=1394.69 99.99=2363.39] [UPDATE: Count=102769 Max=14647.30 Min=6.50 Avg=18.74 10=11.10 25=12.78 50=15.42 75=18.82 90=23.17 95=26.61 99=41.47 99.9=364.29 99.99=3614.72]
2025-04-19 13:23:48 30 sec: 327367 operations; [READ: Count=218068 Max=4603.90 Min=2.31 Avg=58.25 10=14.46 25=20.67 50=34.05 75=83.07 90=110.78 95=135.42 99=371.45 99.9=1369.09 99.99=2260.99] [UPDATE: Count=109299 Max=14647.30 Min=6.50 Avg=18.78 10=11.16 25=12.86 50=15.54 75=18.98 90=23.33 95=26.77 99=42.34 99.9=361.47 99.99=3592.19]
2025-04-19 13:23:49 31 sec: 346082 operations; [READ: Count=230550 Max=4603.90 Min=2.31 Avg=58.82 10=14.54 25=20.89 50=34.30 75=83.78 90=111.81 95=137.98 99=372.74 99.9=1360.89 99.99=2279.42] [UPDATE: Count=115532 Max=14647.30 Min=6.50 Avg=18.82 10=11.21 25=12.95 50=15.65 75=19.09 90=23.49 95=26.96 99=43.13 99.9=351.74 99.99=3450.88]
2025-04-19 13:23:50 32 sec: 365295 operations; [READ: Count=243309 Max=4603.90 Min=2.31 Avg=59.25 10=14.46 25=20.86 50=34.11 75=83.78 90=112.06 95=140.67 99=393.98 99.9=1349.63 99.99=2260.99] [UPDATE: Count=121986 Max=14647.30 Min=6.50 Avg=18.86 10=11.24 25=12.98 50=15.68 75=19.14 90=23.58 95=27.17 99=44.77 99.9=372.74 99.99=3450.88]
2025-04-19 13:23:51 33 sec: 381934 operations; [READ: Count=254391 Max=4603.90 Min=2.31 Avg=59.76 10=14.40 25=20.88 50=33.89 75=83.58 90=112.06 95=142.59 99=416.77 99.9=1368.06 99.99=2256.89] [UPDATE: Count=127543 Max=14647.30 Min=6.50 Avg=19.56 10=11.25 25=12.99 50=15.70 75=19.17 90=23.65 95=27.34 99=46.11 99.9=381.69 99.99=7409.66]
2025-04-19 13:23:52 34 sec: 405446 operations; [READ: Count=270037 Max=4603.90 Min=2.31 Avg=59.24 10=14.38 25=21.02 50=33.79 75=83.01 90=111.81 95=141.95 99=406.01 99.9=1338.37 99.99=2238.46] [UPDATE: Count=135409 Max=14647.30 Min=6.50 Avg=19.77 10=11.31 25=13.08 50=15.78 75=19.28 90=23.76 95=27.49 99=46.81 99.9=440.57 99.99=7061.50]
2025-04-19 13:23:53 35 sec: 431824 operations; [READ: Count=287622 Max=4603.90 Min=2.31 Avg=58.43 10=14.34 25=21.14 50=33.63 75=81.86 90=111.17 95=140.16 99=392.19 99.9=1314.82 99.99=2220.03] [UPDATE: Count=144202 Max=14647.30 Min=6.50 Avg=19.72 10=11.38 25=13.15 50=15.85 75=19.34 90=23.79 95=27.45 99=46.72 99.9=424.19 99.99=7061.50]
2025-04-19 13:23:54 36 sec: 451785 operations; [READ: Count=300914 Max=199360.51 Min=2.31 Avg=58.54 10=14.21 25=21.05 50=33.31 75=80.70 90=110.78 95=139.52 99=389.38 99.9=1307.65 99.99=2195.45] [UPDATE: Count=150871 Max=14647.30 Min=6.50 Avg=19.97 10=11.39 25=13.18 50=15.87 75=19.38 90=23.84 95=27.60 99=47.65 99.9=529.41 99.99=6819.84]
2025-04-19 13:23:55 37 sec: 475128 operations; [READ: Count=316526 Max=199360.51 Min=2.31 Avg=58.24 10=14.01 25=20.88 50=32.90 75=79.30 90=110.21 95=139.26 99=395.01 99.9=1318.91 99.99=2279.42] [UPDATE: Count=158602 Max=14647.30 Min=6.50 Avg=20.00 10=11.38 25=13.17 50=15.85 75=19.38 90=23.82 95=27.61 99=48.09 99.9=541.18 99.99=5877.76]
2025-04-19 13:23:56 38 sec: 501374 operations; [READ: Count=334080 Max=199360.51 Min=2.31 Avg=57.63 10=13.78 25=20.77 50=32.64 75=78.27 90=109.57 95=138.11 99=387.58 99.9=1301.50 99.99=2279.42] [UPDATE: Count=167294 Max=14647.30 Min=6.50 Avg=19.89 10=11.38 25=13.16 50=15.83 75=19.36 90=23.82 95=27.63 99=48.09 99.9=529.41 99.99=5652.48]
2025-04-19 13:23:57 39 sec: 520263 operations; [READ: Count=346636 Max=199360.51 Min=2.31 Avg=57.95 10=13.62 25=20.77 50=32.61 75=78.33 90=109.76 95=139.65 99=394.75 99.9=1346.56 99.99=2363.39] [UPDATE: Count=173627 Max=14647.30 Min=6.50 Avg=19.99 10=11.40 25=13.18 50=15.86 75=19.42 90=23.97 95=27.90 99=49.50 99.9=537.60 99.99=5877.76]
2025-04-19 13:23:58 40 sec: 541499 operations; [READ: Count=360822 Max=199360.51 Min=2.31 Avg=57.97 10=13.46 25=20.77 50=32.66 75=78.97 90=110.02 95=141.57 99=391.94 99.9=1331.20 99.99=2363.39] [UPDATE: Count=180677 Max=14647.30 Min=6.50 Avg=20.03 10=11.41 25=13.20 50=15.89 75=19.49 90=24.09 95=28.19 99=50.53 99.9=535.04 99.99=5652.48]
2025-04-19 13:23:59 41 sec: 560494 operations; [READ: Count=373515 Max=199360.51 Min=2.31 Avg=58.28 10=13.26 25=20.77 50=32.73 75=80.00 90=110.46 95=143.62 99=394.50 99.9=1330.17 99.99=2363.39] [UPDATE: Count=186979 Max=14647.30 Min=6.50 Avg=20.04 10=11.42 25=13.21 50=15.91 75=19.52 90=24.19 95=28.35 99=51.07 99.9=530.43 99.99=4591.61]
2025-04-19 13:24:00 42 sec: 576212 operations; [READ: Count=384007 Max=199360.51 Min=2.31 Avg=58.95 10=13.17 25=20.78 50=32.86 75=80.83 90=110.97 95=146.30 99=403.71 99.9=1377.28 99.99=2451.45] [UPDATE: Count=192205 Max=14647.30 Min=6.50 Avg=20.09 10=11.44 25=13.24 50=15.94 75=19.55 90=24.22 95=28.38 99=51.13 99.9=537.60 99.99=5652.48]
2025-04-19 13:24:01 43 sec: 594503 operations; [READ: Count=396154 Max=199360.51 Min=2.31 Avg=59.29 10=13.17 25=20.86 50=33.05 75=81.73 90=111.42 95=148.48 99=405.76 99.9=1368.06 99.99=2420.74] [UPDATE: Count=198349 Max=14647.30 Min=6.50 Avg=20.11 10=11.47 25=13.29 50=15.98 75=19.61 90=24.25 95=28.37 99=51.23 99.9=538.62 99.99=4591.61]
2025-04-19 13:24:02 44 sec: 611072 operations; [READ: Count=407173 Max=199360.51 Min=2.31 Avg=59.81 10=13.05 25=20.86 50=33.15 75=82.17 90=111.74 95=150.53 99=410.37 99.9=1420.29 99.99=2508.80] [UPDATE: Count=203899 Max=14647.30 Min=6.50 Avg=20.15 10=11.48 25=13.29 50=16.00 75=19.65 90=24.30 95=28.46 99=51.87 99.9=531.97 99.99=5652.48]
2025-04-19 13:24:03 45 sec: 631668 operations; [READ: Count=420862 Max=199360.51 Min=2.31 Avg=59.86 10=12.89 25=20.85 50=33.22 75=82.56 90=112.00 95=151.94 99=408.32 99.9=1408.00 99.99=2502.66] [UPDATE: Count=210806 Max=14647.30 Min=6.50 Avg=20.14 10=11.47 25=13.29 50=16.01 75=19.66 90=24.37 95=28.56 99=52.35 99.9=534.01 99.99=4591.61]
2025-04-19 13:24:04 46 sec: 651447 operations; [READ: Count=434112 Max=199360.51 Min=2.31 Avg=59.98 10=12.76 25=20.85 50=33.28 75=82.81 90=112.19 95=153.09 99=408.57 99.9=1403.90 99.99=2541.57] [UPDATE: Count=217335 Max=14647.30 Min=6.50 Avg=20.15 10=11.48 25=13.32 50=16.04 75=19.71 90=24.45 95=28.72 99=52.73 99.9=530.43 99.99=4028.41]
2025-04-19 13:24:05 47 sec: 668723 operations; [READ: Count=445587 Max=199360.51 Min=2.31 Avg=60.35 10=12.63 25=20.85 50=33.31 75=83.01 90=112.45 95=154.50 99=414.72 99.9=1435.65 99.99=2674.69] [UPDATE: Count=223136 Max=14647.30 Min=6.50 Avg=20.20 10=11.49 25=13.34 50=16.06 75=19.76 90=24.53 95=28.89 99=53.15 99.9=534.01 99.99=4028.41]
2025-04-19 13:24:06 48 sec: 690508 operations; [READ: Count=460168 Max=199360.51 Min=2.31 Avg=60.25 10=12.45 25=20.82 50=33.31 75=83.07 90=112.45 95=154.88 99=412.93 99.9=1413.12 99.99=2660.35] [UPDATE: Count=230340 Max=14647.30 Min=6.50 Avg=20.19 10=11.49 25=13.34 50=16.07 75=19.77 90=24.57 95=28.99 99=53.12 99.9=535.04 99.99=3928.06]
2025-04-19 13:24:07 49 sec: 707254 operations; [READ: Count=471281 Max=199360.51 Min=2.31 Avg=60.62 10=12.33 25=20.80 50=33.31 75=83.20 90=112.51 95=155.78 99=418.81 99.9=1472.51 99.99=2803.71] [UPDATE: Count=235973 Max=14647.30 Min=6.50 Avg=20.29 10=11.51 25=13.36 50=16.09 75=19.81 90=24.62 95=29.09 99=53.41 99.9=540.16 99.99=4028.41]
2025-04-19 13:24:08 50 sec: 730141 operations; [READ: Count=486529 Max=199360.51 Min=2.31 Avg=60.42 10=12.13 25=20.75 50=33.28 75=83.14 90=112.45 95=156.03 99=414.98 99.9=1456.13 99.99=2766.85] [UPDATE: Count=243612 Max=14647.30 Min=6.46 Avg=20.26 10=11.50 25=13.35 50=16.09 75=19.82 90=24.66 95=29.15 99=53.50 99.9=541.18 99.99=4028.41]
2025-04-19 13:24:09 51 sec: 752100 operations; [READ: Count=501189 Max=199360.51 Min=2.31 Avg=60.29 10=12.00 25=20.72 50=33.25 75=83.07 90=112.32 95=156.03 99=413.95 99.9=1445.89 99.99=2795.52] [UPDATE: Count=250911 Max=14647.30 Min=6.46 Avg=20.30 10=11.51 25=13.37 50=16.11 75=19.84 90=24.67 95=29.21 99=53.63 99.9=547.33 99.99=3928.06]
2025-04-19 13:24:10 52 sec: 773333 operations; [READ: Count=515330 Max=199360.51 Min=2.31 Avg=60.25 10=11.81 25=20.66 50=33.15 75=82.75 90=112.13 95=155.78 99=414.72 99.9=1465.34 99.99=2983.93] [UPDATE: Count=258003 Max=14647.30 Min=6.46 Avg=20.30 10=11.52 25=13.38 50=16.12 75=19.84 90=24.69 95=29.21 99=53.70 99.9=556.54 99.99=3928.06]
2025-04-19 13:24:11 53 sec: 795806 operations; [READ: Count=530321 Max=199360.51 Min=2.31 Avg=60.08 10=11.66 25=20.62 50=33.09 75=82.50 90=112.00 95=155.65 99=414.72 99.9=1458.17 99.99=2983.93] [UPDATE: Count=265485 Max=14647.30 Min=6.46 Avg=20.34 10=11.54 25=13.40 50=16.15 75=19.90 90=24.78 95=29.36 99=53.95 99.9=568.32 99.99=3823.61]
2025-04-19 13:24:12 54 sec: 821213 operations; [READ: Count=547414 Max=199360.51 Min=2.31 Avg=59.69 10=11.46 25=20.53 50=32.93 75=82.11 90=111.68 95=154.62 99=411.13 99.9=1445.89 99.99=2908.16] [UPDATE: Count=273799 Max=14647.30 Min=6.46 Avg=20.30 10=11.53 25=13.40 50=16.15 75=19.90 90=24.78 95=29.38 99=53.89 99.9=563.20 99.99=3823.61]
2025-04-19 13:24:13 55 sec: 842971 operations; [READ: Count=561929 Max=199360.51 Min=2.31 Avg=59.61 10=11.29 25=20.45 50=32.80 75=81.79 90=111.42 95=153.98 99=410.62 99.9=1468.41 99.99=3053.57] [UPDATE: Count=281042 Max=14647.30 Min=6.46 Avg=20.34 10=11.51 25=13.38 50=16.14 75=19.90 90=24.80 95=29.42 99=54.08 99.9=566.78 99.99=3823.61]
2025-04-19 13:24:14 56 sec: 867256 operations; [READ: Count=578132 Max=199360.51 Min=2.31 Avg=59.33 10=11.12 25=20.37 50=32.67 75=81.47 90=111.23 95=153.60 99=408.32 99.9=1461.25 99.99=3024.89] [UPDATE: Count=289124 Max=14647.30 Min=6.46 Avg=20.36 10=11.50 25=13.38 50=16.14 75=19.92 90=24.83 95=29.49 99=54.43 99.9=566.78 99.99=3614.72]
2025-04-19 13:24:15 57 sec: 891097 operations; [READ: Count=593941 Max=199360.51 Min=2.31 Avg=59.11 10=10.97 25=20.29 50=32.51 75=80.96 90=110.85 95=152.70 99=407.81 99.9=1476.61 99.99=3024.89] [UPDATE: Count=297156 Max=14647.30 Min=6.46 Avg=20.38 10=11.50 25=13.39 50=16.15 75=19.92 90=24.83 95=29.47 99=54.37 99.9=566.78 99.99=3823.61]
2025-04-19 13:24:16 58 sec: 919872 operations; [READ: Count=613070 Max=199360.51 Min=2.31 Avg=58.55 10=10.78 25=20.18 50=32.32 75=80.19 90=110.27 95=151.29 99=403.20 99.9=1461.25 99.99=3022.85] [UPDATE: Count=306802 Max=14647.30 Min=6.46 Avg=20.33 10=11.51 25=13.40 50=16.15 75=19.92 90=24.82 95=29.44 99=54.17 99.9=560.64 99.99=3614.72]
2025-04-19 13:24:17 59 sec: 950014 operations; [READ: Count=633218 Max=199360.51 Min=2.31 Avg=57.93 10=10.62 25=20.05 50=32.05 75=79.04 90=109.69 95=149.76 99=398.33 99.9=1445.89 99.99=2998.27] [UPDATE: Count=316796 Max=14647.30 Min=6.46 Avg=20.28 10=11.49 25=13.38 50=16.13 75=19.89 90=24.75 95=29.36 99=54.24 99.9=558.08 99.99=3600.38]
2025-04-19 13:24:18 60 sec: 975818 operations; [READ: Count=650435 Max=199360.51 Min=2.31 Avg=57.62 10=10.59 25=20.00 50=31.92 75=78.27 90=109.25 95=148.61 99=395.52 99.9=1461.25 99.99=2998.27] [UPDATE: Count=325383 Max=14647.30 Min=6.46 Avg=20.30 10=11.49 25=13.38 50=16.12 75=19.87 90=24.69 95=29.26 99=54.17 99.9=568.32 99.99=3600.38]
2025-04-19 13:24:19 61 sec: 997050 operations; [READ: Count=664568 Max=199360.51 Min=2.31 Avg=57.69 10=10.57 25=19.97 50=31.97 75=79.94 90=108.86 95=147.07 99=391.94 99.9=1448.96 99.99=2983.93] [UPDATE: Count=332482 Max=14647.30 Min=6.46 Avg=20.22 10=11.49 25=13.38 50=16.09 75=19.81 90=24.61 95=29.14 99=53.89 99.9=560.64 99.99=3600.38]
2025-04-19 13:24:20 62 sec: 1016266 operations; [READ: Count=677372 Max=199360.51 Min=2.31 Avg=57.88 10=10.55 25=19.92 50=32.00 75=81.02 90=108.73 95=147.07 99=390.65 99.9=1448.96 99.99=2969.60] [UPDATE: Count=338894 Max=14647.30 Min=6.46 Avg=20.19 10=11.50 25=13.38 50=16.05 75=19.76 90=24.53 95=29.04 99=53.73 99.9=560.64 99.99=3600.38]
2025-04-19 13:24:21 63 sec: 1038605 operations; [READ: Count=692245 Max=199360.51 Min=2.31 Avg=57.87 10=10.47 25=19.86 50=31.97 75=81.53 90=108.35 95=145.79 99=389.12 99.9=1445.89 99.99=2969.60] [UPDATE: Count=346360 Max=14647.30 Min=6.46 Avg=20.12 10=11.43 25=13.30 50=15.98 75=19.68 90=24.43 95=28.91 99=53.44 99.9=557.05 99.99=3614.72]
2025-04-19 13:24:22 64 sec: 1064472 operations; [READ: Count=709469 Max=199360.51 Min=2.31 Avg=57.67 10=10.35 25=19.71 50=31.89 75=81.66 90=107.78 95=143.87 99=385.02 99.9=1429.50 99.99=2908.16] [UPDATE: Count=355003 Max=14647.30 Min=6.46 Avg=19.99 10=11.34 25=13.21 50=15.89 75=19.57 90=24.32 95=28.73 99=53.09 99.9=557.05 99.99=3600.38]
2025-04-19 13:24:23 65 sec: 1090481 operations; [READ: Count=726815 Max=199360.51 Min=2.18 Avg=57.49 10=10.21 25=19.55 50=31.76 75=81.53 90=107.26 95=142.59 99=383.74 99.9=1419.26 99.99=2897.92] [UPDATE: Count=363666 Max=14647.30 Min=6.46 Avg=19.82 10=11.21 25=13.10 50=15.78 75=19.45 90=24.21 95=28.54 99=52.58 99.9=546.30 99.99=3600.38]
2025-04-19 13:24:24 66 sec: 1121757 operations; [READ: Count=747660 Max=199360.51 Min=2.18 Avg=57.03 10=10.05 25=19.33 50=31.55 75=81.22 90=106.43 95=139.65 99=378.62 99.9=1408.00 99.99=2850.82] [UPDATE: Count=374097 Max=14647.30 Min=6.46 Avg=19.61 10=11.07 25=12.95 50=15.65 75=19.33 90=24.06 95=28.35 99=51.90 99.9=539.65 99.99=3592.19]
2025-04-19 13:24:25 67 sec: 1149278 operations; [READ: Count=766094 Max=199360.51 Min=2.18 Avg=56.77 10=9.95 25=19.18 50=31.33 75=81.09 90=105.92 95=137.98 99=376.83 99.9=1400.83 99.99=2818.05] [UPDATE: Count=383184 Max=14647.30 Min=6.46 Avg=19.47 10=11.02 25=12.88 50=15.57 75=19.23 90=23.95 95=28.19 99=51.26 99.9=531.97 99.99=3450.88]
2025-04-19 13:24:26 68 sec: 1178346 operations; [READ: Count=785440 Max=199360.51 Min=2.18 Avg=56.47 10=9.84 25=18.99 50=31.05 75=80.83 90=105.28 95=136.32 99=375.81 99.9=1400.83 99.99=2818.05] [UPDATE: Count=392906 Max=14647.30 Min=6.46 Avg=19.30 10=10.93 25=12.78 50=15.47 75=19.10 90=23.82 95=28.02 99=50.78 99.9=525.82 99.99=3375.10]
2025-04-19 13:24:27 69 sec: 1212558 operations; [READ: Count=808260 Max=199360.51 Min=2.18 Avg=55.90 10=9.69 25=18.75 50=30.67 75=80.45 90=104.58 95=134.27 99=370.18 99.9=1387.52 99.99=2795.52] [UPDATE: Count=404298 Max=14647.30 Min=6.46 Avg=19.11 10=10.83 25=12.64 50=15.34 75=18.98 90=23.68 95=27.84 99=50.24 99.9=515.84 99.99=3315.71]
2025-04-19 13:24:28 70 sec: 1241806 operations; [READ: Count=827755 Max=199360.51 Min=2.18 Avg=55.63 10=9.58 25=18.56 50=30.30 75=80.13 90=104.06 95=132.99 99=370.43 99.9=1389.57 99.99=2785.28] [UPDATE: Count=414051 Max=14647.30 Min=6.46 Avg=18.95 10=10.76 25=12.54 50=15.25 75=18.86 90=23.57 95=27.68 99=49.70 99.9=508.16 99.99=3291.14]
2025-04-19 13:24:29 71 sec: 1279874 operations; [READ: Count=853114 Max=199360.51 Min=2.18 Avg=54.93 10=9.44 25=18.30 50=29.79 75=79.55 90=103.30 95=130.81 99=364.80 99.9=1376.26 99.99=2777.09] [UPDATE: Count=426760 Max=14647.30 Min=6.46 Avg=18.75 10=10.65 25=12.40 50=15.12 75=18.72 90=23.41 95=27.47 99=49.12 99.9=498.18 99.99=3215.36]
2025-04-19 13:24:30 72 sec: 1317232 operations; [READ: Count=877911 Max=199360.51 Min=2.18 Avg=54.31 10=9.30 25=18.05 50=29.25 75=79.04 90=102.53 95=129.22 99=361.21 99.9=1360.89 99.99=2744.32] [UPDATE: Count=439321 Max=14647.30 Min=6.46 Avg=18.58 10=10.57 25=12.28 50=15.01 75=18.59 90=23.28 95=27.30 99=48.64 99.9=489.21 99.99=3147.78]
2025-04-19 13:24:31 73 sec: 1347998 operations; [READ: Count=898354 Max=199360.51 Min=2.18 Avg=54.01 10=9.22 25=17.87 50=28.78 75=78.66 90=102.02 95=128.13 99=361.47 99.9=1384.45 99.99=2680.83] [UPDATE: Count=449644 Max=14647.30 Min=6.46 Avg=18.47 10=10.54 25=12.23 50=14.94 75=18.50 90=23.17 95=27.15 99=48.26 99.9=478.72 99.99=3098.62]
2025-04-19 13:24:32 74 sec: 1388304 operations; [READ: Count=925177 Max=199360.51 Min=2.04 Avg=53.31 10=9.17 25=17.68 50=28.22 75=78.14 90=101.31 95=126.59 99=356.61 99.9=1369.09 99.99=2660.35] [UPDATE: Count=463127 Max=14647.30 Min=6.46 Avg=18.29 10=10.44 25=12.12 50=14.84 75=18.37 90=23.02 95=26.98 99=47.74 99.9=465.15 99.99=3080.19]
2025-04-19 13:24:33 75 sec: 1422435 operations; [READ: Count=947949 Max=199360.51 Min=2.04 Avg=52.89 10=9.18 25=17.55 50=27.84 75=77.82 90=100.86 95=125.57 99=354.05 99.9=1360.89 99.99=2646.01] [UPDATE: Count=474486 Max=14647.30 Min=6.46 Avg=18.20 10=10.40 25=12.07 50=14.78 75=18.29 90=22.93 95=26.86 99=47.49 99.9=450.56 99.99=3067.90]
2025-04-19 13:24:34 76 sec: 1451986 operations; [READ: Count=967663 Max=199360.51 Min=2.04 Avg=52.69 10=9.18 25=17.45 50=27.58 75=77.69 90=100.48 95=124.93 99=354.81 99.9=1349.63 99.99=2625.53] [UPDATE: Count=484323 Max=14647.30 Min=6.29 Avg=18.10 10=10.35 25=12.00 50=14.71 75=18.21 90=22.83 95=26.75 99=47.36 99.9=443.39 99.99=3061.76]
2025-04-19 13:24:35 77 sec: 1481303 operations; [READ: Count=987134 Max=199360.51 Min=2.04 Avg=52.50 10=9.19 25=17.36 50=27.42 75=77.76 90=100.22 95=124.48 99=353.02 99.9=1341.44 99.99=2621.44] [UPDATE: Count=494169 Max=14647.30 Min=6.29 Avg=18.03 10=10.31 25=11.94 50=14.65 75=18.14 90=22.75 95=26.66 99=47.42 99.9=440.06 99.99=2985.98]
2025-04-19 13:24:36 78 sec: 1500636 operations; [READ: Count=1000000 Max=199360.51 Min=2.04 Avg=52.67 10=9.20 25=17.31 50=27.39 75=77.95 90=100.22 95=124.73 99=357.38 99.9=1339.39 99.99=2623.49] [UPDATE: Count=500636 Max=14647.30 Min=6.27 Avg=17.99 10=10.30 25=11.93 50=14.63 75=18.11 90=22.72 95=26.61 99=47.42 99.9=431.62 99.99=2967.55]
2025-04-19 13:24:36 78 sec: 1500636 operations; [READ: Count=1000000 Max=199360.51 Min=2.04 Avg=52.67 10=9.20 25=17.31 50=27.39 75=77.95 90=100.22 95=124.73 99=357.38 99.9=1339.39 99.99=2623.49] [UPDATE: Count=500636 Max=14647.30 Min=6.27 Avg=17.99 10=10.30 25=11.93 50=14.63 75=18.11 90=22.72 95=26.61 99=47.42 99.9=431.62 99.99=2967.55]
Run runtime(sec): 78.7631
Run operations(ops): 1000000
Run throughput(ops/sec): 12696.3
