Running scope as unit: run-r7323cab6c9c0446f960bff8cd1be68c1.scope
load file:/home/user/DataFiles/silesia_data/silesia.tar
2025-04-22 05:59:40 0 sec: 0 operations;
2025-04-22 05:59:41 1 sec: 83160 operations; [INSERT: Count=83160 Max=3602.43 Min=4.22 Avg=8.60 10=5.69 25=6.48 50=7.89 75=10.07 90=12.14 95=13.41 99=16.18 99.9=28.73 99.99=107.52]
2025-04-22 05:59:42 2 sec: 162971 operations; [INSERT: Count=162971 Max=3602.43 Min=4.22 Avg=8.95 10=5.92 25=6.78 50=8.26 75=10.46 90=12.61 95=13.91 99=16.77 99.9=41.73 99.99=108.80]
2025-04-22 05:59:43 3 sec: 239241 operations; [INSERT: Count=239241 Max=12984.32 Min=4.22 Avg=9.25 10=6.05 25=6.96 50=8.47 75=10.69 90=12.86 95=14.18 99=17.23 99.9=53.73 99.99=112.70]
2025-04-22 05:59:44 4 sec: 316468 operations; [INSERT: Count=316468 Max=12984.32 Min=4.22 Avg=9.37 10=6.17 25=7.10 50=8.62 75=10.84 90=13.04 95=14.38 99=17.41 99.9=46.98 99.99=111.42]
2025-04-22 05:59:45 5 sec: 392531 operations; [INSERT: Count=392531 Max=12984.32 Min=4.22 Avg=9.47 10=6.26 25=7.21 50=8.75 75=10.97 90=13.16 95=14.51 99=17.55 99.9=54.53 99.99=112.13]
2025-04-22 05:59:46 6 sec: 464913 operations; [INSERT: Count=464913 Max=12984.32 Min=4.20 Avg=9.65 10=6.33 25=7.30 50=8.89 75=11.14 90=13.44 95=14.92 99=18.57 99.9=53.73 99.99=120.32]
2025-04-22 05:59:47 7 sec: 527219 operations; [INSERT: Count=527219 Max=12984.32 Min=4.20 Avg=10.02 10=6.42 25=7.46 50=9.13 75=11.54 90=14.19 95=16.19 99=21.30 99.9=46.53 99.99=139.13]
2025-04-22 05:59:48 8 sec: 588283 operations; [INSERT: Count=588283 Max=12984.32 Min=4.20 Avg=10.35 10=6.49 25=7.56 50=9.30 75=11.81 90=14.71 95=16.99 99=22.41 99.9=68.93 99.99=166.40]
2025-04-22 05:59:49 9 sec: 669769 operations; [INSERT: Count=669769 Max=12984.32 Min=4.20 Avg=10.19 10=6.44 25=7.45 50=9.17 75=11.65 90=14.46 95=16.69 99=22.13 99.9=77.69 99.99=163.20]
2025-04-22 05:59:50 10 sec: 749636 operations; [INSERT: Count=749636 Max=12984.32 Min=4.20 Avg=10.09 10=6.43 25=7.42 50=9.09 75=11.54 90=14.28 95=16.43 99=21.87 99.9=78.97 99.99=161.28]
2025-04-22 05:59:51 11 sec: 828723 operations; [INSERT: Count=828723 Max=12984.32 Min=4.20 Avg=10.03 10=6.45 25=7.40 50=9.04 75=11.47 90=14.15 95=16.23 99=21.63 99.9=79.04 99.99=158.85]
2025-04-22 05:59:52 12 sec: 905344 operations; [INSERT: Count=905344 Max=12984.32 Min=4.20 Avg=10.01 10=6.46 25=7.41 50=9.02 75=11.46 90=14.10 95=16.15 99=21.49 99.9=80.45 99.99=157.82]
2025-04-22 05:59:53 13 sec: 969120 operations; [INSERT: Count=969120 Max=12984.32 Min=4.20 Avg=10.17 10=6.50 25=7.47 50=9.13 75=11.62 90=14.46 95=16.75 99=22.11 99.9=83.52 99.99=175.23]
2025-04-22 05:59:54 14 sec: 1000000 operations; [INSERT: Count=1000000 Max=12984.32 Min=4.20 Avg=10.27 10=6.53 25=7.51 50=9.19 75=11.71 90=14.67 95=17.07 99=22.48 99.9=85.18 99.99=182.01]
2025-04-22 05:59:54 14 sec: 1000000 operations; [INSERT: Count=1000000 Max=12984.32 Min=4.20 Avg=10.27 10=6.53 25=7.51 50=9.19 75=11.71 90=14.67 95=17.07 99=22.48 99.9=85.18 99.99=182.01]
Load runtime(sec): 14.0382
Load operations(ops): 1000000
Load throughput(ops/sec): 71234.4
