Running scope as unit: run-r8b5985f8346849d58b4aa221c2bee11b.scope
load file:/home/user/DataFiles/silesia_data/silesia.tar
2025-04-19 13:42:08 0 sec: 0 operations;
2025-04-19 13:42:09 1 sec: 0 operations;
2025-04-19 13:42:10 2 sec: 0 operations;
2025-04-19 13:42:11 3 sec: 0 operations;
2025-04-19 13:42:12 4 sec: 0 operations;
2025-04-19 13:42:13 5 sec: 0 operations;
2025-04-19 13:42:14 6 sec: 0 operations;
2025-04-19 13:42:15 7 sec: 0 operations;
2025-04-19 13:42:16 8 sec: 0 operations;
2025-04-19 13:42:17 9 sec: 0 operations;
2025-04-19 13:42:18 10 sec: 0 operations;
2025-04-19 13:42:19 11 sec: 0 operations;
2025-04-19 13:42:20 12 sec: 0 operations;
2025-04-19 13:42:21 13 sec: 0 operations;
2025-04-19 13:42:22 14 sec: 0 operations;
2025-04-19 13:42:23 15 sec: 0 operations;
2025-04-19 13:42:24 16 sec: 0 operations;
2025-04-19 13:42:25 17 sec: 0 operations;
2025-04-19 13:42:26 18 sec: 0 operations;
2025-04-19 13:42:27 19 sec: 0 operations;
2025-04-19 13:42:28 20 sec: 0 operations;
2025-04-19 13:42:29 21 sec: 10774 operations; [READ: Count=7181 Max=1379.33 Min=2.79 Avg=52.51 10=22.11 25=35.71 50=40.86 75=57.76 90=110.85 95=118.72 99=133.76 99.9=244.74 99.99=620.54] [UPDATE: Count=3593 Max=517.38 Min=7.42 Avg=13.47 10=10.52 25=11.27 50=12.65 75=14.22 90=16.53 95=17.92 99=21.73 99.9=195.07 99.99=517.38]
2025-04-19 13:42:30 22 sec: 27619 operations; [READ: Count=18363 Max=4755.45 Min=2.66 Avg=64.90 10=23.25 25=36.80 50=44.67 75=61.18 90=112.38 95=124.29 99=442.88 99.9=1554.43 99.99=4159.49] [UPDATE: Count=9256 Max=11550.72 Min=7.01 Avg=23.93 10=10.66 25=11.58 50=13.02 75=15.26 90=17.92 95=20.09 99=35.10 99.9=3348.48 99.99=11460.61]
2025-04-19 13:42:31 23 sec: 39967 operations; [READ: Count=26592 Max=4755.45 Min=2.66 Avg=78.80 10=25.52 25=38.49 50=55.65 75=90.88 90=140.03 95=183.68 99=382.46 99.9=1510.40 99.99=2648.06] [UPDATE: Count=13375 Max=11550.72 Min=7.01 Avg=22.94 10=10.87 25=12.09 50=13.81 75=16.77 90=20.27 95=23.28 99=40.16 99.9=2455.55 99.99=11460.61]
2025-04-19 13:42:32 24 sec: 50874 operations; [READ: Count=33844 Max=4755.45 Min=2.66 Avg=89.21 10=28.29 25=40.13 50=61.31 75=114.24 90=169.09 95=214.27 99=351.23 99.9=1457.15 99.99=2648.06] [UPDATE: Count=17030 Max=11550.72 Min=7.01 Avg=21.92 10=11.02 25=12.37 50=14.38 75=17.50 90=21.47 95=24.59 99=38.94 99.9=1028.10 99.99=10715.14]
2025-04-19 13:42:33 25 sec: 61689 operations; [READ: Count=41075 Max=4755.45 Min=2.66 Avg=95.94 10=31.55 25=41.98 50=70.02 75=123.58 90=184.19 95=226.69 99=340.99 99.9=1392.64 99.99=2537.47] [UPDATE: Count=20614 Max=11550.72 Min=6.95 Avg=21.40 10=11.18 25=12.67 50=15.01 75=18.16 90=22.35 95=25.49 99=38.75 99.9=727.04 99.99=10715.14]
2025-04-19 13:42:34 26 sec: 72739 operations; [READ: Count=48457 Max=4755.45 Min=2.66 Avg=100.26 10=33.28 25=44.48 50=77.57 75=130.94 90=191.10 95=231.29 99=333.31 99.9=1346.56 99.99=2521.09] [UPDATE: Count=24282 Max=11550.72 Min=6.95 Avg=21.10 10=11.33 25=12.91 50=15.43 75=18.62 90=22.98 95=26.13 99=38.05 99.9=712.19 99.99=10715.14]
2025-04-19 13:42:35 27 sec: 83106 operations; [READ: Count=55358 Max=4755.45 Min=2.66 Avg=104.24 10=34.17 25=47.71 50=82.94 75=134.91 90=195.07 95=237.31 99=379.65 99.9=1267.71 99.99=2340.86] [UPDATE: Count=27748 Max=11550.72 Min=6.95 Avg=21.31 10=11.44 25=13.07 50=15.65 75=18.89 90=23.30 95=26.48 99=41.44 99.9=668.16 99.99=9003.01]
2025-04-19 13:42:36 28 sec: 92675 operations; [READ: Count=61757 Max=4755.45 Min=2.66 Avg=106.71 10=34.62 25=50.30 50=85.95 75=136.96 90=197.38 95=241.53 99=431.36 99.9=1219.58 99.99=2340.86] [UPDATE: Count=30918 Max=27066.37 Min=6.95 Avg=24.66 10=11.52 25=13.22 50=15.85 75=19.18 90=23.77 95=27.17 99=47.55 99.9=807.93 99.99=14852.09]
2025-04-19 13:42:37 29 sec: 103293 operations; [READ: Count=68824 Max=4755.45 Min=2.66 Avg=109.06 10=35.07 25=52.61 50=90.24 75=141.18 90=200.83 95=243.84 99=409.86 99.9=1173.50 99.99=2318.34] [UPDATE: Count=34469 Max=27066.37 Min=6.95 Avg=24.27 10=11.65 25=13.42 50=16.18 75=19.70 90=24.32 95=27.81 99=46.88 99.9=738.82 99.99=14852.09]
2025-04-19 13:42:38 30 sec: 113999 operations; [READ: Count=75928 Max=4755.45 Min=2.66 Avg=110.90 10=35.39 25=54.17 50=93.57 75=144.77 90=203.78 95=245.50 99=396.03 99.9=1124.35 99.99=2105.34] [UPDATE: Count=38071 Max=27066.37 Min=6.82 Avg=23.94 10=11.75 25=13.58 50=16.38 75=20.02 90=24.72 95=28.32 99=46.72 99.9=727.04 99.99=13377.53]
2025-04-19 13:42:39 31 sec: 124654 operations; [READ: Count=83059 Max=4755.45 Min=2.66 Avg=112.43 10=35.68 25=55.42 50=96.32 75=147.07 90=205.95 95=246.78 99=383.49 99.9=1081.34 99.99=2105.34] [UPDATE: Count=41595 Max=27066.37 Min=6.82 Avg=23.65 10=11.86 25=13.75 50=16.59 75=20.27 90=24.98 95=28.56 99=46.30 99.9=664.58 99.99=13377.53]
2025-04-19 13:42:40 32 sec: 135313 operations; [READ: Count=90198 Max=4755.45 Min=2.66 Avg=113.63 10=35.90 25=56.51 50=98.43 75=148.74 90=207.10 95=247.42 99=382.98 99.9=1053.69 99.99=1862.65] [UPDATE: Count=45115 Max=27066.37 Min=6.82 Avg=23.54 10=11.94 25=13.88 50=16.75 75=20.53 90=25.30 95=28.98 99=46.98 99.9=691.20 99.99=11550.72]
2025-04-19 13:42:41 33 sec: 146324 operations; [READ: Count=97546 Max=4755.45 Min=2.66 Avg=114.12 10=36.03 25=57.25 50=98.81 75=148.48 90=206.59 95=247.55 99=404.48 99.9=1022.46 99.99=1718.27] [UPDATE: Count=48778 Max=27066.37 Min=6.82 Avg=23.98 10=11.98 25=13.94 50=16.78 75=20.54 90=25.33 95=29.07 99=48.48 99.9=712.19 99.99=13377.53]
2025-04-19 13:42:42 34 sec: 157339 operations; [READ: Count=104852 Max=4755.45 Min=2.66 Avg=114.42 10=36.13 25=57.92 50=99.20 75=148.22 90=205.82 95=246.78 99=406.27 99.9=1081.34 99.99=2011.13] [UPDATE: Count=52487 Max=27066.37 Min=6.82 Avg=24.65 10=12.05 25=14.04 50=16.91 75=20.73 90=25.57 95=29.45 99=50.34 99.9=738.82 99.99=14852.09]
2025-04-19 13:42:43 35 sec: 168950 operations; [READ: Count=112598 Max=4755.45 Min=2.66 Avg=114.55 10=36.22 25=58.62 50=100.03 75=148.61 90=205.31 95=245.76 99=396.80 99.9=1053.69 99.99=1862.65] [UPDATE: Count=56352 Max=27066.37 Min=6.82 Avg=24.54 10=12.13 25=14.12 50=17.01 75=20.85 90=25.66 95=29.50 99=50.30 99.9=802.30 99.99=13697.02]
2025-04-19 13:42:44 36 sec: 183595 operations; [READ: Count=122304 Max=4755.45 Min=2.61 Avg=112.34 10=35.71 25=57.50 50=97.60 75=145.92 90=201.98 95=242.81 99=384.77 99.9=1011.71 99.99=1718.27] [UPDATE: Count=61291 Max=27066.37 Min=6.82 Avg=24.93 10=12.10 25=14.06 50=16.93 75=20.75 90=25.60 95=29.49 99=52.51 99.9=1046.53 99.99=13697.02]
2025-04-19 13:42:45 37 sec: 203203 operations; [READ: Count=135407 Max=4755.45 Min=2.61 Avg=107.78 10=33.98 25=53.73 50=91.65 75=140.41 90=196.86 95=238.08 99=378.62 99.9=1022.46 99.99=1677.31] [UPDATE: Count=67796 Max=27066.37 Min=6.77 Avg=24.45 10=11.78 25=13.72 50=16.64 75=20.43 90=25.25 95=29.18 99=53.63 99.9=1112.06 99.99=13377.53]
2025-04-19 13:42:46 38 sec: 222954 operations; [READ: Count=148523 Max=4755.45 Min=2.61 Avg=104.06 10=32.53 25=49.70 50=86.46 75=135.68 90=192.13 95=233.34 99=373.50 99.9=1063.93 99.99=1704.96] [UPDATE: Count=74431 Max=27066.37 Min=6.71 Avg=23.92 10=11.71 25=13.60 50=16.45 75=20.19 90=24.96 95=28.83 99=51.42 99.9=1080.32 99.99=13377.53]
2025-04-19 13:42:47 39 sec: 241401 operations; [READ: Count=160792 Max=4755.45 Min=2.61 Avg=101.51 10=32.16 25=47.71 50=83.26 75=131.84 90=188.16 95=229.38 99=368.89 99.9=1108.99 99.99=1905.66] [UPDATE: Count=80609 Max=27066.37 Min=6.71 Avg=23.52 10=11.70 25=13.56 50=16.37 75=20.09 90=24.78 95=28.66 99=50.21 99.9=1024.51 99.99=11550.72]
2025-04-19 13:42:48 40 sec: 259426 operations; [READ: Count=172766 Max=4755.45 Min=2.61 Avg=99.49 10=32.14 25=47.26 50=81.66 75=128.64 90=184.45 95=225.53 99=357.63 99.9=1083.39 99.99=1895.42] [UPDATE: Count=86660 Max=27066.37 Min=6.71 Avg=23.20 10=11.76 25=13.60 50=16.36 75=20.06 90=24.70 95=28.50 99=49.47 99.9=968.70 99.99=11460.61]
2025-04-19 13:42:49 41 sec: 277959 operations; [READ: Count=185088 Max=4755.45 Min=2.61 Avg=97.57 10=32.02 25=46.81 50=80.13 75=125.82 90=180.99 95=221.44 99=347.65 99.9=1053.69 99.99=1777.66] [UPDATE: Count=92871 Max=27066.37 Min=6.71 Avg=22.84 10=11.78 25=13.60 50=16.34 75=20.02 90=24.61 95=28.35 99=48.83 99.9=882.69 99.99=11460.61]
2025-04-19 13:42:50 42 sec: 296546 operations; [READ: Count=197465 Max=4755.45 Min=2.61 Avg=95.84 10=31.86 25=46.30 50=78.85 75=123.20 90=177.66 95=217.85 99=340.22 99.9=1039.87 99.99=1777.66] [UPDATE: Count=99081 Max=27066.37 Min=6.54 Avg=22.58 10=11.77 25=13.57 50=16.27 75=19.92 90=24.48 95=28.19 99=48.22 99.9=882.69 99.99=10715.14]
2025-04-19 13:42:51 43 sec: 314725 operations; [READ: Count=209616 Max=4755.45 Min=2.61 Avg=94.32 10=31.68 25=45.95 50=77.57 75=120.96 90=174.59 95=214.66 99=333.57 99.9=1034.75 99.99=1905.66] [UPDATE: Count=105109 Max=27066.37 Min=6.54 Avg=22.59 10=11.81 25=13.61 50=16.29 75=19.92 90=24.48 95=28.14 99=48.06 99.9=882.69 99.99=10715.14]
2025-04-19 13:42:52 44 sec: 333340 operations; [READ: Count=222047 Max=4755.45 Min=2.61 Avg=92.82 10=31.39 25=45.70 50=76.48 75=118.59 90=171.39 95=211.58 99=327.42 99.9=1030.65 99.99=1993.73] [UPDATE: Count=111293 Max=27066.37 Min=6.14 Avg=22.60 10=11.85 25=13.65 50=16.33 75=19.97 90=24.53 95=28.19 99=48.29 99.9=905.22 99.99=10715.14]
2025-04-19 13:42:53 45 sec: 354627 operations; [READ: Count=236170 Max=4755.45 Min=2.34 Avg=90.95 10=31.02 25=44.99 50=74.94 75=116.03 90=167.81 95=208.13 99=320.51 99.9=994.82 99.99=1895.42] [UPDATE: Count=118457 Max=27066.37 Min=6.14 Avg=22.19 10=11.73 25=13.53 50=16.19 75=19.82 90=24.35 95=28.00 99=47.01 99.9=844.80 99.99=9519.10]
2025-04-19 13:42:54 46 sec: 376048 operations; [READ: Count=250422 Max=4755.45 Min=2.34 Avg=89.26 10=30.51 25=44.38 50=73.73 75=113.79 90=164.61 95=204.80 99=314.37 99.9=971.77 99.99=1885.18] [UPDATE: Count=125626 Max=27066.37 Min=6.14 Avg=21.81 10=11.62 25=13.38 50=16.05 75=19.66 90=24.18 95=27.81 99=46.02 99.9=812.03 99.99=9412.61]
2025-04-19 13:42:55 47 sec: 396819 operations; [READ: Count=264203 Max=4755.45 Min=2.34 Avg=87.86 10=29.97 25=43.94 50=72.83 75=111.94 90=162.05 95=201.60 99=309.50 99.9=950.27 99.99=1883.13] [UPDATE: Count=132616 Max=27066.37 Min=6.14 Avg=21.58 10=11.59 25=13.36 50=16.02 75=19.61 90=24.11 95=27.73 99=45.05 99.9=801.28 99.99=9412.61]
2025-04-19 13:42:56 48 sec: 416601 operations; [READ: Count=277435 Max=4755.45 Min=2.34 Avg=86.77 10=29.26 25=43.68 50=72.25 75=110.53 90=159.74 95=199.04 99=304.89 99.9=922.62 99.99=1862.65] [UPDATE: Count=139166 Max=27066.37 Min=6.14 Avg=21.43 10=11.63 25=13.41 50=16.08 75=19.66 90=24.14 95=27.71 99=44.29 99.9=751.10 99.99=9003.01]
2025-04-19 13:42:57 49 sec: 436273 operations; [READ: Count=290569 Max=4755.45 Min=2.34 Avg=85.79 10=28.41 25=43.45 50=71.68 75=109.31 90=157.69 95=196.61 99=301.06 99.9=904.19 99.99=1850.37] [UPDATE: Count=145704 Max=27066.37 Min=6.14 Avg=21.33 10=11.65 25=13.45 50=16.11 75=19.71 90=24.18 95=27.71 99=43.71 99.9=739.84 99.99=8343.55]
2025-04-19 13:42:58 50 sec: 457441 operations; [READ: Count=304639 Max=4755.45 Min=2.34 Avg=84.67 10=27.05 25=43.04 50=70.85 75=107.90 90=155.65 95=194.05 99=296.19 99.9=893.44 99.99=1777.66] [UPDATE: Count=152802 Max=27066.37 Min=6.14 Avg=21.13 10=11.55 25=13.34 50=16.00 75=19.58 90=24.05 95=27.58 99=43.33 99.9=733.70 99.99=9003.01]
2025-04-19 13:42:59 51 sec: 477810 operations; [READ: Count=318273 Max=4755.45 Min=2.34 Avg=83.75 10=25.34 25=42.78 50=70.27 75=106.81 90=153.73 95=192.00 99=292.86 99.9=872.96 99.99=1704.96] [UPDATE: Count=159537 Max=27066.37 Min=6.14 Avg=20.98 10=11.55 25=13.34 50=16.00 75=19.57 90=24.03 95=27.55 99=43.04 99.9=708.61 99.99=8343.55]
2025-04-19 13:43:00 52 sec: 498328 operations; [READ: Count=331922 Max=4755.45 Min=2.34 Avg=82.89 10=23.25 25=42.56 50=69.76 75=105.79 90=151.94 95=189.95 99=289.79 99.9=851.97 99.99=1698.82] [UPDATE: Count=166406 Max=27066.37 Min=6.14 Avg=20.86 10=11.55 25=13.34 50=15.98 75=19.55 90=24.02 95=27.52 99=42.56 99.9=707.58 99.99=8052.73]
2025-04-19 13:43:01 53 sec: 518921 operations; [READ: Count=345688 Max=4755.45 Min=2.34 Avg=82.07 10=21.49 25=42.37 50=69.25 75=104.83 90=150.27 95=187.90 99=286.21 99.9=839.68 99.99=1686.53] [UPDATE: Count=173233 Max=27066.37 Min=6.14 Avg=20.75 10=11.55 25=13.35 50=15.99 75=19.55 90=24.00 95=27.49 99=42.27 99.9=697.34 99.99=8052.73]
2025-04-19 13:43:02 54 sec: 539830 operations; [READ: Count=359651 Max=4755.45 Min=2.34 Avg=81.24 10=19.68 25=42.11 50=68.73 75=103.81 90=148.61 95=185.85 99=283.13 99.9=827.39 99.99=1683.45] [UPDATE: Count=180179 Max=27066.37 Min=6.14 Avg=20.69 10=11.57 25=13.38 50=16.02 75=19.58 90=24.00 95=27.47 99=42.11 99.9=688.13 99.99=7086.08]
2025-04-19 13:43:03 55 sec: 561678 operations; [READ: Count=374167 Max=4755.45 Min=2.34 Avg=80.38 10=17.82 25=41.85 50=68.09 75=102.72 90=146.94 95=183.94 99=280.32 99.9=813.57 99.99=1677.31] [UPDATE: Count=187511 Max=27066.37 Min=6.14 Avg=20.56 10=11.57 25=13.38 50=16.02 75=19.54 90=23.95 95=27.41 99=41.79 99.9=666.62 99.99=6828.03]
2025-04-19 13:43:04 56 sec: 584475 operations; [READ: Count=389374 Max=4755.45 Min=2.34 Avg=79.47 10=16.16 25=41.50 50=67.45 75=101.69 90=145.41 95=181.89 99=277.25 99.9=798.72 99.99=1669.12] [UPDATE: Count=195101 Max=27066.37 Min=6.14 Avg=20.35 10=11.47 25=13.26 50=15.90 75=19.42 90=23.82 95=27.25 99=41.28 99.9=660.99 99.99=6750.21]
2025-04-19 13:43:05 57 sec: 609122 operations; [READ: Count=405833 Max=4755.45 Min=2.34 Avg=78.34 10=14.73 25=40.99 50=66.43 75=100.35 90=143.49 95=179.84 99=274.43 99.9=782.85 99.99=1661.95] [UPDATE: Count=203289 Max=27066.37 Min=6.14 Avg=20.17 10=11.38 25=13.16 50=15.79 75=19.31 90=23.68 95=27.14 99=40.96 99.9=660.99 99.99=6750.21]
2025-04-19 13:43:06 58 sec: 639659 operations; [READ: Count=426171 Max=4755.45 Min=2.28 Avg=76.53 10=13.31 25=39.94 50=64.25 75=98.11 90=141.06 95=177.28 99=271.10 99.9=767.49 99.99=1645.57] [UPDATE: Count=213488 Max=27066.37 Min=6.14 Avg=19.95 10=11.25 25=13.02 50=15.65 75=19.15 90=23.52 95=26.94 99=40.58 99.9=654.85 99.99=6660.10]
2025-04-19 13:43:07 59 sec: 672986 operations; [READ: Count=448471 Max=4755.45 Min=2.28 Avg=74.56 10=12.22 25=38.72 50=61.76 75=95.81 90=138.50 95=174.59 99=267.26 99.9=748.54 99.99=1625.09] [UPDATE: Count=224515 Max=27066.37 Min=6.14 Avg=19.65 10=11.12 25=12.87 50=15.49 75=18.98 90=23.34 95=26.73 99=40.03 99.9=625.66 99.99=6115.33]
2025-04-19 13:43:08 60 sec: 706566 operations; [READ: Count=470771 Max=4755.45 Min=2.28 Avg=72.77 10=11.44 25=37.57 50=59.71 75=93.57 90=136.19 95=171.78 99=263.94 99.9=728.58 99.99=1608.70] [UPDATE: Count=235795 Max=27066.37 Min=6.14 Avg=19.39 10=11.00 25=12.74 50=15.36 75=18.82 90=23.17 95=26.54 99=39.62 99.9=617.98 99.99=3960.83]
2025-04-19 13:43:09 61 sec: 741045 operations; [READ: Count=493794 Max=4755.45 Min=2.02 Avg=71.03 10=10.79 25=36.45 50=57.95 75=91.45 90=133.89 95=169.09 99=260.86 99.9=717.82 99.99=1595.39] [UPDATE: Count=247251 Max=27066.37 Min=6.14 Avg=19.13 10=10.89 25=12.63 50=15.21 75=18.67 90=23.01 95=26.35 99=39.01 99.9=598.01 99.99=3780.61]
2025-04-19 13:43:10 62 sec: 775654 operations; [READ: Count=516886 Max=4755.45 Min=2.02 Avg=69.45 10=10.26 25=35.42 50=56.61 75=89.41 90=131.71 95=166.66 99=257.92 99.9=700.93 99.99=1570.82] [UPDATE: Count=258768 Max=27066.37 Min=6.14 Avg=18.88 10=10.81 25=12.53 50=15.09 75=18.53 90=22.85 95=26.18 99=38.37 99.9=584.70 99.99=3657.73]
2025-04-19 13:43:11 63 sec: 807874 operations; [READ: Count=538369 Max=4755.45 Min=2.02 Avg=68.16 10=9.91 25=34.72 50=55.68 75=87.61 90=129.66 95=164.48 99=255.36 99.9=687.10 99.99=1553.41] [UPDATE: Count=269505 Max=27066.37 Min=6.14 Avg=18.79 10=10.81 25=12.53 50=15.08 75=18.50 90=22.77 95=26.09 99=38.08 99.9=576.51 99.99=3647.49]
2025-04-19 13:43:12 64 sec: 839734 operations; [READ: Count=559638 Max=4755.45 Min=2.02 Avg=66.98 10=9.63 25=34.17 50=54.88 75=85.89 90=127.81 95=162.43 99=253.31 99.9=672.77 99.99=1542.14] [UPDATE: Count=280096 Max=27066.37 Min=6.14 Avg=18.73 10=10.81 25=12.54 50=15.10 75=18.50 90=22.73 95=26.06 99=37.89 99.9=567.29 99.99=3647.49]
2025-04-19 13:43:13 65 sec: 873693 operations; [READ: Count=582256 Max=4755.45 Min=2.02 Avg=65.71 10=9.30 25=33.44 50=53.92 75=84.22 90=126.02 95=160.51 99=250.88 99.9=657.92 99.99=1526.78] [UPDATE: Count=291437 Max=27066.37 Min=6.14 Avg=18.69 10=10.75 25=12.47 50=15.02 75=18.41 90=22.64 95=25.93 99=37.76 99.9=576.51 99.99=3647.49]
2025-04-19 13:43:14 66 sec: 915896 operations; [READ: Count=610349 Max=4755.45 Min=2.02 Avg=63.92 10=8.92 25=32.13 50=51.87 75=82.24 90=123.78 95=158.08 99=248.19 99.9=649.73 99.99=1526.78] [UPDATE: Count=305547 Max=27066.37 Min=6.14 Avg=18.54 10=10.65 25=12.38 50=14.87 75=18.27 90=22.48 95=25.76 99=37.57 99.9=568.32 99.99=3575.81]
2025-04-19 13:43:15 67 sec: 964500 operations; [READ: Count=642727 Max=4755.45 Min=2.02 Avg=61.90 10=8.46 25=30.57 50=49.18 75=80.13 90=121.47 95=155.52 99=245.25 99.9=634.88 99.99=1517.57] [UPDATE: Count=321773 Max=27066.37 Min=6.14 Avg=18.22 10=10.40 25=12.13 50=14.64 75=18.05 90=22.25 95=25.54 99=37.12 99.9=552.96 99.99=3348.48]
2025-04-19 13:43:16 68 sec: 1010130 operations; [READ: Count=673158 Max=4755.45 Min=2.02 Avg=60.26 10=8.10 25=29.55 50=46.56 75=78.27 90=119.49 95=153.22 99=243.33 99.9=634.88 99.99=1525.76] [UPDATE: Count=336972 Max=27066.37 Min=6.14 Avg=17.97 10=10.25 25=11.94 50=14.46 75=17.86 90=22.06 95=25.34 99=36.77 99.9=532.99 99.99=3342.34]
2025-04-19 13:43:17 69 sec: 1056177 operations; [READ: Count=703893 Max=4755.45 Min=2.02 Avg=58.74 10=7.82 25=28.80 50=44.09 75=76.48 90=117.50 95=151.04 99=241.41 99.9=632.83 99.99=1524.73] [UPDATE: Count=352284 Max=27066.37 Min=6.14 Avg=17.73 10=10.13 25=11.77 50=14.30 75=17.68 90=21.89 95=25.15 99=36.41 99.9=517.38 99.99=3330.05]
2025-04-19 13:43:18 70 sec: 1099746 operations; [READ: Count=733004 Max=4755.45 Min=2.02 Avg=57.48 10=7.59 25=28.22 50=42.05 75=74.88 90=115.78 95=149.12 99=239.87 99.9=648.19 99.99=1546.24] [UPDATE: Count=366742 Max=27066.37 Min=6.14 Avg=17.53 10=10.05 25=11.62 50=14.16 75=17.54 90=21.71 95=24.99 99=36.16 99.9=502.53 99.99=3297.28]
2025-04-19 13:43:19 71 sec: 1145686 operations; [READ: Count=763614 Max=4755.45 Min=2.02 Avg=56.22 10=7.37 25=27.63 50=40.22 75=73.28 90=113.92 95=147.20 99=238.46 99.9=654.34 99.99=1546.24] [UPDATE: Count=382072 Max=27066.37 Min=6.14 Avg=17.30 10=9.94 25=11.45 50=14.01 75=17.38 90=21.54 95=24.82 99=35.81 99.9=483.58 99.99=3235.84]
2025-04-19 13:43:20 72 sec: 1193288 operations; [READ: Count=795393 Max=4755.45 Min=2.02 Avg=54.95 10=7.17 25=27.12 50=38.62 75=71.74 90=112.13 95=145.28 99=236.03 99.9=644.10 99.99=1530.88] [UPDATE: Count=397895 Max=27066.37 Min=6.14 Avg=17.09 10=9.85 25=11.29 50=13.86 75=17.20 90=21.36 95=24.64 99=35.52 99.9=464.13 99.99=3151.87]
2025-04-19 13:43:21 73 sec: 1236456 operations; [READ: Count=824219 Max=4755.45 Min=2.02 Avg=54.00 10=7.02 25=26.67 50=37.38 75=70.40 90=110.59 95=143.62 99=235.26 99.9=668.16 99.99=1537.02] [UPDATE: Count=412237 Max=27066.37 Min=6.14 Avg=16.91 10=9.77 25=11.16 50=13.73 75=17.05 90=21.21 95=24.48 99=35.30 99.9=455.42 99.99=3063.81]
2025-04-19 13:43:22 74 sec: 1281204 operations; [READ: Count=854118 Max=4755.45 Min=2.02 Avg=53.04 10=6.88 25=26.25 50=36.26 75=69.12 90=109.06 95=141.95 99=233.73 99.9=670.21 99.99=1526.78] [UPDATE: Count=427086 Max=27066.37 Min=6.14 Avg=16.74 10=9.70 25=11.05 50=13.61 75=16.91 90=21.07 95=24.34 99=35.07 99.9=447.49 99.99=3002.37]
2025-04-19 13:43:23 75 sec: 1320647 operations; [READ: Count=880425 Max=4755.45 Min=2.02 Avg=52.38 10=6.78 25=25.93 50=35.39 75=68.03 90=107.78 95=140.67 99=233.09 99.9=713.73 99.99=1571.84] [UPDATE: Count=440222 Max=27066.37 Min=6.14 Avg=16.62 10=9.64 25=10.97 50=13.51 75=16.80 90=20.94 95=24.21 99=34.85 99.9=439.55 99.99=3002.37]
2025-04-19 13:43:24 76 sec: 1360615 operations; [READ: Count=907114 Max=4755.45 Min=2.02 Avg=51.72 10=6.71 25=25.65 50=34.69 75=67.01 90=106.50 95=139.39 99=232.32 99.9=742.40 99.99=1570.82] [UPDATE: Count=453501 Max=27066.37 Min=6.14 Avg=16.52 10=9.61 25=10.94 50=13.46 75=16.70 90=20.83 95=24.08 99=34.66 99.9=433.41 99.99=2932.74]
2025-04-19 13:43:25 77 sec: 1397615 operations; [READ: Count=931882 Max=4755.45 Min=2.02 Avg=51.20 10=6.75 25=25.47 50=34.30 75=66.17 90=105.41 95=138.24 99=231.68 99.9=735.23 99.99=1559.55] [UPDATE: Count=465733 Max=27066.37 Min=6.14 Avg=16.48 10=9.61 25=10.94 50=13.43 75=16.67 90=20.75 95=24.00 99=34.56 99.9=430.08 99.99=2873.34]
2025-04-19 13:43:26 78 sec: 1430506 operations; [READ: Count=953837 Max=4755.45 Min=2.02 Avg=50.89 10=6.77 25=25.26 50=33.98 75=65.66 90=104.58 95=137.47 99=232.06 99.9=764.93 99.99=1570.82] [UPDATE: Count=476669 Max=27066.37 Min=6.14 Avg=16.41 10=9.57 25=10.90 50=13.38 75=16.61 90=20.67 95=23.90 99=34.43 99.9=424.96 99.99=2846.72]
2025-04-19 13:43:27 79 sec: 1460601 operations; [READ: Count=973933 Max=4755.45 Min=2.02 Avg=50.70 10=6.79 25=25.12 50=33.85 75=65.28 90=104.06 95=136.96 99=232.57 99.9=772.10 99.99=1570.82] [UPDATE: Count=486668 Max=27066.37 Min=6.14 Avg=16.35 10=9.57 25=10.89 50=13.35 75=16.56 90=20.59 95=23.82 99=34.37 99.9=419.84 99.99=2830.34]
2025-04-19 13:43:28 80 sec: 1482452 operations; [READ: Count=988489 Max=4755.45 Min=2.02 Avg=50.85 10=6.82 25=25.15 50=33.92 75=65.09 90=104.19 95=136.57 99=233.60 99.9=809.47 99.99=1580.03] [UPDATE: Count=493963 Max=27066.37 Min=6.14 Avg=16.32 10=9.57 25=10.89 50=13.34 75=16.53 90=20.56 95=23.77 99=34.24 99.9=418.30 99.99=2830.34]
2025-04-19 13:43:28 80 sec: 1499715 operations; [READ: Count=1000000 Max=4755.45 Min=2.02 Avg=50.97 10=6.85 25=25.21 50=33.98 75=64.93 90=104.32 95=136.32 99=234.62 99.9=823.81 99.99=1580.03] [UPDATE: Count=499715 Max=27066.37 Min=6.14 Avg=16.31 10=9.59 25=10.90 50=13.35 75=16.54 90=20.54 95=23.76 99=34.17 99.9=414.46 99.99=2830.34]
Run runtime(sec): 80.8557
Run operations(ops): 1000000
Run throughput(ops/sec): 12367.7
