Running scope as unit: run-rf2c72071c1974a8ab3b55d031ab677bb.scope
load file:/home/user/DataFiles/silesia_data/silesia.tar
2025-04-19 13:42:08 0 sec: 0 operations;
2025-04-19 13:42:09 1 sec: 0 operations;
2025-04-19 13:42:10 2 sec: 0 operations;
2025-04-19 13:42:11 3 sec: 0 operations;
2025-04-19 13:42:12 4 sec: 0 operations;
2025-04-19 13:42:13 5 sec: 0 operations;
2025-04-19 13:42:14 6 sec: 0 operations;
2025-04-19 13:42:15 7 sec: 0 operations;
2025-04-19 13:42:16 8 sec: 0 operations;
2025-04-19 13:42:17 9 sec: 0 operations;
2025-04-19 13:42:18 10 sec: 0 operations;
2025-04-19 13:42:19 11 sec: 0 operations;
2025-04-19 13:42:20 12 sec: 0 operations;
2025-04-19 13:42:21 13 sec: 0 operations;
2025-04-19 13:42:22 14 sec: 0 operations;
2025-04-19 13:42:23 15 sec: 0 operations;
2025-04-19 13:42:24 16 sec: 0 operations;
2025-04-19 13:42:25 17 sec: 0 operations;
2025-04-19 13:42:26 18 sec: 0 operations;
2025-04-19 13:42:27 19 sec: 0 operations;
2025-04-19 13:42:28 20 sec: 0 operations;
2025-04-19 13:42:29 21 sec: 0 operations;
2025-04-19 13:42:30 22 sec: 6205 operations; [READ: Count=4145 Max=2942.97 Min=3.27 Avg=113.58 10=40.16 25=54.66 50=78.91 75=129.02 90=192.77 95=271.62 99=742.40 99.9=1692.67 99.99=2942.97] [UPDATE: Count=2060 Max=12042.24 Min=8.53 Avg=37.98 10=11.78 25=13.56 50=16.45 75=20.00 90=23.71 95=27.49 99=142.21 99.9=3559.42 99.99=12042.24]
2025-04-19 13:42:31 23 sec: 15912 operations; [READ: Count=10551 Max=2942.97 Min=3.27 Avg=131.67 10=45.92 25=68.80 50=109.50 75=168.70 90=233.47 95=280.06 99=471.81 99.9=1257.47 99.99=2055.17] [UPDATE: Count=5361 Max=12042.24 Min=7.55 Avg=27.43 10=13.05 25=15.36 50=18.29 75=22.05 90=26.72 95=30.57 99=50.94 99.9=1753.09 99.99=11272.19]
2025-04-19 13:42:32 24 sec: 25341 operations; [READ: Count=16872 Max=2942.97 Min=3.27 Avg=136.87 10=48.19 25=76.35 50=119.68 75=178.81 90=239.87 95=280.83 99=410.37 99.9=1112.06 99.99=1886.21] [UPDATE: Count=8469 Max=12042.24 Min=7.55 Avg=25.28 10=13.73 25=15.99 50=18.94 75=22.88 90=27.61 95=31.49 99=47.30 99.9=991.74 99.99=11272.19]
2025-04-19 13:42:33 25 sec: 35205 operations; [READ: Count=23447 Max=2942.97 Min=3.27 Avg=137.77 10=49.25 25=78.91 50=122.75 75=180.74 90=240.00 95=278.53 99=383.49 99.9=952.83 99.99=1886.21] [UPDATE: Count=11758 Max=12042.24 Min=7.55 Avg=23.89 10=13.78 25=15.90 50=18.78 75=22.72 90=27.36 95=31.25 99=45.02 99.9=621.05 99.99=11272.19]
2025-04-19 13:42:34 26 sec: 44843 operations; [READ: Count=29887 Max=2942.97 Min=3.27 Avg=138.94 10=49.98 25=80.64 50=124.48 75=181.63 90=240.51 95=279.30 99=383.23 99.9=923.13 99.99=1758.21] [UPDATE: Count=14956 Max=12042.24 Min=7.09 Avg=23.15 10=13.70 25=15.85 50=18.77 75=22.75 90=27.55 95=31.49 99=46.72 99.9=562.69 99.99=11272.19]
2025-04-19 13:42:35 27 sec: 53757 operations; [READ: Count=35799 Max=2942.97 Min=3.27 Avg=139.99 10=49.89 25=80.45 50=123.26 75=180.09 90=241.66 95=285.95 99=466.94 99.9=880.13 99.99=1692.67] [UPDATE: Count=17958 Max=27017.22 Min=7.09 Avg=26.54 10=13.57 25=15.70 50=18.66 75=22.64 90=27.54 95=31.71 99=51.87 99.9=647.68 99.99=14147.58]
2025-04-19 13:42:36 28 sec: 63445 operations; [READ: Count=42214 Max=2942.97 Min=3.19 Avg=139.23 10=49.31 25=79.61 50=121.22 75=177.66 90=240.64 95=286.98 99=497.66 99.9=904.70 99.99=1692.67] [UPDATE: Count=21231 Max=27574.27 Min=7.09 Avg=28.26 10=13.26 25=15.38 50=18.32 75=22.34 90=27.23 95=31.63 99=56.16 99.9=815.10 99.99=21299.20]
2025-04-19 13:42:37 29 sec: 73682 operations; [READ: Count=49070 Max=2942.97 Min=3.19 Avg=138.52 10=49.28 25=80.06 50=121.53 75=177.41 90=239.10 95=283.39 99=473.09 99.9=872.96 99.99=1657.86] [UPDATE: Count=24612 Max=27574.27 Min=7.09 Avg=27.18 10=13.35 25=15.44 50=18.34 75=22.25 90=27.18 95=31.38 99=53.18 99.9=756.22 99.99=21299.20]
2025-04-19 13:42:38 30 sec: 84222 operations; [READ: Count=56093 Max=2942.97 Min=2.61 Avg=137.67 10=49.22 25=80.32 50=121.73 75=177.02 90=237.57 95=280.06 99=444.42 99.9=850.43 99.99=1540.10] [UPDATE: Count=28129 Max=27574.27 Min=7.09 Avg=26.05 10=13.20 25=15.23 50=18.08 75=21.98 90=26.80 95=30.94 99=51.71 99.9=668.67 99.99=14991.36]
2025-04-19 13:42:39 31 sec: 94724 operations; [READ: Count=63102 Max=2942.97 Min=2.61 Avg=137.01 10=48.93 25=80.45 50=121.66 75=176.38 90=236.03 95=278.01 99=431.62 99.9=840.19 99.99=1540.10] [UPDATE: Count=31622 Max=27574.27 Min=7.09 Avg=25.25 10=13.15 25=15.16 50=17.98 75=21.84 90=26.61 95=30.59 99=49.60 99.9=621.05 99.99=14991.36]
2025-04-19 13:42:40 32 sec: 104455 operations; [READ: Count=69588 Max=2942.97 Min=2.61 Avg=137.37 10=48.77 25=80.58 50=121.73 75=176.38 90=236.16 95=279.30 99=451.33 99.9=844.29 99.99=1540.10] [UPDATE: Count=34867 Max=27574.27 Min=7.09 Avg=25.04 10=13.18 25=15.19 50=18.02 75=21.87 90=26.67 95=30.64 99=50.78 99.9=681.98 99.99=14991.36]
2025-04-19 13:42:41 33 sec: 113371 operations; [READ: Count=75529 Max=2942.97 Min=2.61 Avg=138.09 10=48.70 25=80.64 50=121.73 75=176.13 90=236.03 95=280.57 99=483.84 99.9=924.16 99.99=1559.55] [UPDATE: Count=37842 Max=27574.27 Min=7.09 Avg=26.24 10=13.17 25=15.19 50=18.03 75=21.92 90=26.75 95=30.82 99=52.64 99.9=718.34 99.99=16842.75]
2025-04-19 13:42:42 34 sec: 123028 operations; [READ: Count=81929 Max=2942.97 Min=2.61 Avg=138.35 10=48.83 25=81.15 50=122.37 75=176.90 90=236.80 95=280.83 99=471.30 99.9=920.06 99.99=1559.55] [UPDATE: Count=41099 Max=27574.27 Min=7.09 Avg=26.19 10=13.26 25=15.32 50=18.18 75=22.06 90=26.93 95=30.94 99=53.57 99.9=736.25 99.99=16842.75]
2025-04-19 13:42:43 35 sec: 132781 operations; [READ: Count=88460 Max=2942.97 Min=2.61 Avg=138.28 10=48.64 25=81.47 50=122.75 75=177.28 90=236.67 95=280.06 99=459.26 99.9=906.24 99.99=1550.34] [UPDATE: Count=44321 Max=27574.27 Min=7.09 Avg=26.36 10=13.26 25=15.32 50=18.18 75=22.08 90=26.98 95=30.98 99=54.91 99.9=892.41 99.99=16842.75]
2025-04-19 13:42:44 36 sec: 147352 operations; [READ: Count=98166 Max=2942.97 Min=2.61 Avg=133.11 10=44.70 25=76.22 50=117.25 75=172.16 90=232.06 95=275.20 99=441.34 99.9=894.98 99.99=1540.10] [UPDATE: Count=49186 Max=27574.27 Min=7.06 Avg=26.82 10=13.10 25=15.16 50=18.02 75=21.95 90=26.86 95=30.99 99=60.26 99.9=1242.11 99.99=14991.36]
2025-04-19 13:42:45 37 sec: 165318 operations; [READ: Count=110148 Max=2942.97 Min=2.61 Avg=126.51 10=40.67 25=68.73 50=109.50 75=164.86 90=225.79 95=269.06 99=432.89 99.9=923.65 99.99=1540.10] [UPDATE: Count=55170 Max=27574.27 Min=6.62 Avg=25.97 10=12.95 25=14.96 50=17.77 75=21.68 90=26.53 95=30.61 99=56.86 99.9=1180.67 99.99=14147.58]
2025-04-19 13:42:46 38 sec: 183436 operations; [READ: Count=122245 Max=4007.93 Min=2.61 Avg=121.09 10=38.37 25=62.49 50=102.46 75=158.21 90=219.90 95=263.68 99=428.54 99.9=974.85 99.99=1657.86] [UPDATE: Count=61191 Max=27574.27 Min=6.62 Avg=25.28 10=12.83 25=14.79 50=17.60 75=21.47 90=26.24 95=30.24 99=53.82 99.9=1070.08 99.99=14147.58]
2025-04-19 13:42:47 39 sec: 201969 operations; [READ: Count=134631 Max=4007.93 Min=2.61 Avg=116.38 10=36.67 25=56.96 50=96.51 75=152.06 90=214.14 95=258.81 99=424.19 99.9=1034.24 99.99=1736.70] [UPDATE: Count=67338 Max=27574.27 Min=6.62 Avg=24.70 10=12.52 25=14.50 50=17.33 75=21.18 90=25.92 95=29.84 99=52.13 99.9=1025.54 99.99=13910.01]
2025-04-19 13:42:48 40 sec: 221051 operations; [READ: Count=147352 Max=4007.93 Min=2.61 Avg=112.22 10=36.06 25=53.82 50=92.16 75=146.43 90=208.90 95=253.31 99=410.11 99.9=1008.64 99.99=1693.69] [UPDATE: Count=73699 Max=27574.27 Min=6.62 Avg=24.12 10=12.39 25=14.36 50=17.17 75=21.02 90=25.77 95=29.63 99=51.07 99.9=999.93 99.99=13910.01]
2025-04-19 13:42:49 41 sec: 240971 operations; [READ: Count=160612 Max=4007.93 Min=2.61 Avg=108.42 10=35.42 25=51.39 50=88.38 75=141.18 90=203.39 95=247.94 99=396.03 99.9=977.92 99.99=1693.69] [UPDATE: Count=80359 Max=27574.27 Min=6.62 Avg=23.41 10=12.09 25=14.05 50=16.88 75=20.73 90=25.45 95=29.30 99=49.31 99.9=974.85 99.99=13795.33]
2025-04-19 13:42:50 42 sec: 260615 operations; [READ: Count=173727 Max=4007.93 Min=2.61 Avg=105.25 10=34.85 25=49.50 50=85.31 75=136.19 90=198.91 95=243.46 99=386.56 99.9=980.48 99.99=1693.69] [UPDATE: Count=86888 Max=27574.27 Min=6.54 Avg=22.93 10=11.96 25=13.89 50=16.73 75=20.56 90=25.25 95=29.02 99=48.03 99.9=929.28 99.99=12042.24]
2025-04-19 13:42:51 43 sec: 279758 operations; [READ: Count=186499 Max=4007.93 Min=2.61 Avg=102.52 10=34.46 25=48.09 50=82.69 75=131.71 90=194.69 95=238.85 99=378.11 99.9=994.30 99.99=1818.62] [UPDATE: Count=93259 Max=27574.27 Min=6.54 Avg=22.92 10=11.97 25=13.89 50=16.67 75=20.50 90=25.14 95=28.91 99=47.39 99.9=968.19 99.99=13795.33]
2025-04-19 13:42:52 44 sec: 297442 operations; [READ: Count=198316 Max=4007.93 Min=2.61 Avg=100.67 10=34.37 25=47.97 50=81.41 75=128.32 90=190.97 95=235.13 99=370.94 99.9=994.30 99.99=1912.83] [UPDATE: Count=99126 Max=27574.27 Min=6.54 Avg=22.92 10=12.04 25=13.97 50=16.77 75=20.61 90=25.26 95=28.99 99=47.42 99.9=929.28 99.99=12042.24]
2025-04-19 13:42:53 45 sec: 314840 operations; [READ: Count=209908 Max=4007.93 Min=2.61 Avg=99.22 10=34.27 25=48.13 50=80.77 75=125.63 90=187.52 95=231.81 99=362.24 99.9=975.87 99.99=1886.21] [UPDATE: Count=104932 Max=27574.27 Min=6.54 Avg=22.78 10=12.11 25=14.09 50=16.89 75=20.73 90=25.38 95=29.07 99=46.91 99.9=858.11 99.99=12042.24]
2025-04-19 13:42:54 46 sec: 332495 operations; [READ: Count=221706 Max=4007.93 Min=2.51 Avg=97.81 10=34.14 25=48.13 50=80.13 75=123.26 90=184.19 95=228.61 99=354.81 99.9=962.05 99.99=1857.54] [UPDATE: Count=110789 Max=27574.27 Min=6.54 Avg=22.67 10=12.19 25=14.19 50=17.01 75=20.82 90=25.49 95=29.15 99=45.98 99.9=833.02 99.99=11272.19]
2025-04-19 13:42:55 47 sec: 350881 operations; [READ: Count=233992 Max=4007.93 Min=2.51 Avg=96.34 10=33.95 25=47.90 50=79.36 75=120.89 90=180.74 95=225.15 99=348.42 99.9=939.52 99.99=1818.62] [UPDATE: Count=116889 Max=27574.27 Min=6.54 Avg=22.54 10=12.25 25=14.26 50=17.04 75=20.83 90=25.44 95=29.05 99=45.63 99.9=829.95 99.99=9469.95]
2025-04-19 13:42:56 48 sec: 369662 operations; [READ: Count=246522 Max=4007.93 Min=2.51 Avg=94.95 10=33.73 25=47.62 50=78.46 75=118.97 90=177.66 95=221.95 99=342.27 99.9=923.13 99.99=1779.71] [UPDATE: Count=123140 Max=27574.27 Min=6.54 Avg=22.34 10=12.29 25=14.29 50=17.04 75=20.80 90=25.36 95=28.94 99=45.25 99.9=779.77 99.99=9469.95]
2025-04-19 13:42:57 49 sec: 388402 operations; [READ: Count=259044 Max=4007.93 Min=2.51 Avg=93.66 10=33.44 25=47.33 50=77.69 75=117.25 90=174.97 95=218.75 99=336.13 99.9=916.48 99.99=1777.66] [UPDATE: Count=129358 Max=27574.27 Min=6.54 Avg=22.25 10=12.33 25=14.30 50=17.02 75=20.77 90=25.30 95=28.85 99=44.96 99.9=775.17 99.99=9469.95]
2025-04-19 13:42:58 50 sec: 407033 operations; [READ: Count=271443 Max=4007.93 Min=2.51 Avg=92.56 10=33.09 25=47.13 50=77.12 75=115.78 90=172.29 95=215.94 99=331.26 99.9=904.70 99.99=1774.59] [UPDATE: Count=135590 Max=27574.27 Min=6.54 Avg=22.10 10=12.35 25=14.32 50=17.01 75=20.75 90=25.25 95=28.77 99=44.70 99.9=756.74 99.99=9461.76]
2025-04-19 13:42:59 51 sec: 426130 operations; [READ: Count=284185 Max=4007.93 Min=2.51 Avg=91.45 10=32.61 25=46.88 50=76.48 75=114.37 90=169.73 95=213.12 99=326.65 99.9=889.34 99.99=1758.21] [UPDATE: Count=141945 Max=27574.27 Min=6.54 Avg=21.94 10=12.37 25=14.33 50=16.99 75=20.72 90=25.17 95=28.67 99=44.41 99.9=736.25 99.99=9461.76]
2025-04-19 13:43:00 52 sec: 445009 operations; [READ: Count=296848 Max=4007.93 Min=2.51 Avg=90.45 10=32.11 25=46.66 50=75.90 75=113.09 90=167.17 95=210.56 99=322.05 99.9=872.96 99.99=1727.49] [UPDATE: Count=148161 Max=27574.27 Min=6.54 Avg=21.84 10=12.39 25=14.34 50=16.99 75=20.69 90=25.12 95=28.61 99=44.06 99.9=721.41 99.99=8163.33]
2025-04-19 13:43:01 53 sec: 464383 operations; [READ: Count=309759 Max=4007.93 Min=2.51 Avg=89.46 10=31.44 25=46.46 50=75.26 75=111.87 90=164.86 95=207.87 99=317.44 99.9=856.58 99.99=1726.46] [UPDATE: Count=154624 Max=27574.27 Min=6.54 Avg=21.71 10=12.37 25=14.31 50=16.96 75=20.64 90=25.04 95=28.51 99=43.94 99.9=705.53 99.99=8163.33]
2025-04-19 13:43:02 54 sec: 484718 operations; [READ: Count=323270 Max=4007.93 Min=2.51 Avg=88.39 10=30.50 25=46.11 50=74.56 75=110.53 90=162.69 95=205.31 99=314.62 99.9=844.29 99.99=1725.44] [UPDATE: Count=161448 Max=27574.27 Min=6.54 Avg=21.52 10=12.30 25=14.23 50=16.88 75=20.54 90=24.93 95=28.38 99=43.68 99.9=704.51 99.99=6963.20]
2025-04-19 13:43:03 55 sec: 504901 operations; [READ: Count=336751 Max=4007.93 Min=2.51 Avg=87.41 10=29.07 25=45.85 50=73.86 75=109.38 90=160.38 95=202.88 99=311.04 99.9=834.05 99.99=1713.15] [UPDATE: Count=168150 Max=27574.27 Min=6.54 Avg=21.38 10=12.29 25=14.21 50=16.85 75=20.51 90=24.88 95=28.32 99=43.39 99.9=691.20 99.99=6451.20]
2025-04-19 13:43:04 56 sec: 524863 operations; [READ: Count=350087 Max=4007.93 Min=2.51 Avg=86.52 10=26.78 25=45.60 50=73.34 75=108.35 90=158.46 95=200.83 99=307.97 99.9=824.32 99.99=1693.69] [UPDATE: Count=174776 Max=27574.27 Min=6.54 Avg=21.28 10=12.31 25=14.22 50=16.83 75=20.48 90=24.82 95=28.22 99=43.10 99.9=684.03 99.99=6451.20]
2025-04-19 13:43:05 57 sec: 548057 operations; [READ: Count=365646 Max=4007.93 Min=2.51 Avg=85.14 10=22.80 25=45.02 50=72.13 75=106.50 90=155.78 95=198.01 99=304.13 99.9=799.74 99.99=1692.67] [UPDATE: Count=182411 Max=27574.27 Min=6.54 Avg=21.14 10=12.25 25=14.15 50=16.75 75=20.38 90=24.70 95=28.11 99=42.72 99.9=690.17 99.99=3659.78]
2025-04-19 13:43:06 58 sec: 575530 operations; [READ: Count=383982 Max=4007.93 Min=2.51 Avg=83.24 10=19.73 25=43.90 50=69.95 75=104.19 90=152.96 95=195.20 99=300.54 99.9=787.46 99.99=1657.86] [UPDATE: Count=191548 Max=27574.27 Min=6.54 Avg=20.91 10=12.10 25=14.00 50=16.62 75=20.22 90=24.53 95=27.90 99=42.24 99.9=677.89 99.99=3559.42]
2025-04-19 13:43:07 59 sec: 603833 operations; [READ: Count=402965 Max=4007.93 Min=2.51 Avg=81.39 10=17.84 25=42.88 50=67.84 75=101.95 90=150.14 95=192.13 99=296.45 99.9=776.70 99.99=1605.63] [UPDATE: Count=200868 Max=27574.27 Min=6.54 Avg=20.65 10=11.98 25=13.87 50=16.50 75=20.08 90=24.37 95=27.74 99=41.63 99.9=663.55 99.99=3540.99]
2025-04-19 13:43:08 60 sec: 632969 operations; [READ: Count=422393 Max=4007.93 Min=2.51 Avg=79.62 10=16.40 25=41.82 50=65.92 75=99.71 90=147.33 95=189.31 99=292.86 99.9=762.37 99.99=1556.48] [UPDATE: Count=210576 Max=27574.27 Min=6.54 Avg=20.39 10=11.86 25=13.73 50=16.37 75=19.92 90=24.22 95=27.54 99=41.15 99.9=632.83 99.99=3500.03]
2025-04-19 13:43:09 61 sec: 662481 operations; [READ: Count=442060 Max=4007.93 Min=2.51 Avg=77.95 10=15.38 25=40.86 50=64.29 75=97.66 90=144.90 95=186.50 99=289.54 99.9=749.57 99.99=1550.34] [UPDATE: Count=220421 Max=27574.27 Min=6.54 Avg=20.15 10=11.75 25=13.62 50=16.25 75=19.77 90=24.06 95=27.36 99=40.64 99.9=617.98 99.99=3289.09]
2025-04-19 13:43:10 62 sec: 691829 operations; [READ: Count=461564 Max=4007.93 Min=2.51 Avg=76.44 10=14.60 25=40.06 50=62.98 75=95.74 90=142.34 95=183.81 99=286.21 99.9=741.89 99.99=1544.19] [UPDATE: Count=230265 Max=27574.27 Min=6.54 Avg=19.95 10=11.66 25=13.52 50=16.14 75=19.66 90=23.92 95=27.21 99=40.26 99.9=601.60 99.99=3272.70]
2025-04-19 13:43:11 63 sec: 721852 operations; [READ: Count=481555 Max=4007.93 Min=2.51 Avg=74.99 10=13.96 25=39.26 50=61.79 75=93.89 90=139.90 95=180.86 99=283.39 99.9=726.01 99.99=1540.10] [UPDATE: Count=240297 Max=27574.27 Min=6.54 Avg=19.74 10=11.58 25=13.42 50=16.04 75=19.55 90=23.77 95=27.04 99=39.90 99.9=591.36 99.99=3270.66]
2025-04-19 13:43:12 64 sec: 751651 operations; [READ: Count=501486 Max=4007.93 Min=2.51 Avg=73.63 10=13.39 25=38.59 50=60.70 75=92.16 90=137.73 95=178.56 99=280.83 99.9=714.24 99.99=1527.81] [UPDATE: Count=250165 Max=27574.27 Min=6.31 Avg=19.62 10=11.49 25=13.33 50=15.94 75=19.44 90=23.65 95=26.89 99=39.65 99.9=574.46 99.99=3270.66]
2025-04-19 13:43:13 65 sec: 784053 operations; [READ: Count=523155 Max=4007.93 Min=2.51 Avg=72.10 10=12.82 25=37.66 50=59.30 75=90.30 90=135.29 95=176.13 99=277.76 99.9=704.00 99.99=1501.18] [UPDATE: Count=260898 Max=27574.27 Min=6.31 Avg=19.51 10=11.37 25=13.20 50=15.81 75=19.30 90=23.52 95=26.75 99=39.39 99.9=591.36 99.99=3272.70]
2025-04-19 13:43:14 66 sec: 827965 operations; [READ: Count=552562 Max=4007.93 Min=2.18 Avg=69.67 10=12.02 25=35.68 50=56.35 75=87.94 90=132.48 95=172.93 99=274.18 99.9=687.62 99.99=1465.34] [UPDATE: Count=275403 Max=27574.27 Min=6.31 Avg=19.18 10=11.03 25=12.93 50=15.57 75=19.05 90=23.30 95=26.54 99=38.88 99.9=573.44 99.99=3268.61]
2025-04-19 13:43:15 67 sec: 872731 operations; [READ: Count=582385 Max=4007.93 Min=2.18 Avg=67.45 10=11.34 25=34.08 50=53.12 75=85.69 90=129.60 95=169.60 99=270.33 99.9=673.28 99.99=1455.10] [UPDATE: Count=290346 Max=27574.27 Min=6.31 Avg=18.85 10=10.76 25=12.65 50=15.34 75=18.82 90=23.09 95=26.29 99=38.40 99.9=530.94 99.99=3252.22]
2025-04-19 13:43:16 68 sec: 916884 operations; [READ: Count=611852 Max=4007.93 Min=2.18 Avg=65.49 10=10.81 25=32.90 50=50.02 75=83.52 90=126.97 95=166.66 99=267.26 99.9=663.04 99.99=1441.79] [UPDATE: Count=305032 Max=27574.27 Min=6.31 Avg=18.54 10=10.57 25=12.39 50=15.12 75=18.59 90=22.88 95=26.08 99=37.95 99.9=512.00 99.99=3229.70]
2025-04-19 13:43:17 69 sec: 958553 operations; [READ: Count=639656 Max=4007.93 Min=2.18 Avg=63.89 10=10.40 25=32.03 50=47.55 75=81.66 90=124.67 95=164.09 99=265.21 99.9=675.33 99.99=1441.79] [UPDATE: Count=318897 Max=27574.27 Min=6.31 Avg=18.29 10=10.43 25=12.18 50=14.94 75=18.40 90=22.69 95=25.89 99=37.60 99.9=494.85 99.99=2994.18]
2025-04-19 13:43:18 70 sec: 999634 operations; [READ: Count=667059 Max=4007.93 Min=2.18 Avg=62.46 10=10.03 25=31.38 50=45.47 75=80.00 90=122.62 95=161.92 99=263.17 99.9=680.96 99.99=1432.58] [UPDATE: Count=332575 Max=27574.27 Min=6.31 Avg=18.06 10=10.32 25=11.98 50=14.76 75=18.21 90=22.51 95=25.71 99=37.28 99.9=475.39 99.99=2971.65]
2025-04-19 13:43:19 71 sec: 1041246 operations; [READ: Count=694721 Max=4007.93 Min=2.14 Avg=61.11 10=9.73 25=30.82 50=43.71 75=78.40 90=120.51 95=159.49 99=261.12 99.9=678.40 99.99=1426.43] [UPDATE: Count=346525 Max=27574.27 Min=6.31 Avg=17.86 10=10.23 25=11.81 50=14.60 75=18.05 90=22.34 95=25.54 99=36.96 99.9=464.64 99.99=2969.60]
2025-04-19 13:43:20 72 sec: 1081092 operations; [READ: Count=721279 Max=4007.93 Min=2.14 Avg=59.95 10=9.54 25=30.50 50=42.27 75=76.93 90=118.72 95=157.44 99=259.20 99.9=671.74 99.99=1416.19] [UPDATE: Count=359813 Max=27574.27 Min=6.31 Avg=17.71 10=10.19 25=11.73 50=14.50 75=17.92 90=22.21 95=25.39 99=36.70 99.9=451.07 99.99=2926.59]
2025-04-19 13:43:21 73 sec: 1118643 operations; [READ: Count=746354 Max=4007.93 Min=2.14 Avg=58.99 10=9.29 25=30.16 50=41.05 75=75.65 90=117.12 95=155.52 99=258.18 99.9=689.66 99.99=1420.29] [UPDATE: Count=372289 Max=27574.27 Min=6.31 Avg=17.62 10=10.21 25=11.75 50=14.45 75=17.84 90=22.06 95=25.25 99=36.48 99.9=447.74 99.99=2926.59]
2025-04-19 13:43:22 74 sec: 1154223 operations; [READ: Count=770109 Max=4007.93 Min=2.14 Avg=58.20 10=9.06 25=29.82 50=40.06 75=74.43 90=115.65 95=153.98 99=258.05 99.9=726.01 99.99=1455.10] [UPDATE: Count=384114 Max=27574.27 Min=6.31 Avg=17.53 10=10.21 25=11.75 50=14.40 75=17.76 90=21.95 95=25.14 99=36.19 99.9=446.72 99.99=2879.49]
2025-04-19 13:43:23 75 sec: 1192081 operations; [READ: Count=795494 Max=4007.93 Min=2.14 Avg=57.34 10=8.84 25=29.45 50=39.10 75=73.28 90=114.17 95=152.32 99=257.02 99.9=741.89 99.99=1463.30] [UPDATE: Count=396587 Max=27574.27 Min=6.31 Avg=17.43 10=10.19 25=11.73 50=14.34 75=17.68 90=21.82 95=25.01 99=36.00 99.9=441.86 99.99=2838.53]
2025-04-19 13:43:24 76 sec: 1235003 operations; [READ: Count=824089 Max=4007.93 Min=2.14 Avg=56.31 10=8.57 25=28.88 50=38.17 75=72.06 90=112.51 95=150.40 99=255.23 99.9=745.47 99.99=1458.17] [UPDATE: Count=410914 Max=27574.27 Min=6.31 Avg=17.26 10=10.11 25=11.60 50=14.21 75=17.54 90=21.66 95=24.85 99=35.74 99.9=435.45 99.99=2838.53]
2025-04-19 13:43:25 77 sec: 1275612 operations; [READ: Count=851204 Max=4007.93 Min=2.14 Avg=55.46 10=8.34 25=28.40 50=37.41 75=71.04 90=111.04 95=148.74 99=254.46 99.9=747.01 99.99=1455.10] [UPDATE: Count=424408 Max=27574.27 Min=6.31 Avg=17.12 10=10.04 25=11.49 50=14.10 75=17.41 90=21.54 95=24.72 99=35.52 99.9=429.31 99.99=2729.98]
2025-04-19 13:43:26 78 sec: 1315302 operations; [READ: Count=877637 Max=4007.93 Min=2.14 Avg=54.70 10=8.14 25=27.98 50=36.73 75=70.08 90=109.82 95=147.20 99=253.69 99.9=751.10 99.99=1449.98] [UPDATE: Count=437665 Max=27574.27 Min=6.31 Avg=17.00 10=9.98 25=11.41 50=14.01 75=17.30 90=21.41 95=24.61 99=35.30 99.9=426.50 99.99=2652.16]
2025-04-19 13:43:27 79 sec: 1351979 operations; [READ: Count=902036 Max=4007.93 Min=2.14 Avg=54.10 10=8.00 25=27.68 50=36.26 75=69.18 90=108.73 95=146.05 99=253.82 99.9=762.37 99.99=1449.98] [UPDATE: Count=449943 Max=27574.27 Min=6.31 Avg=16.94 10=9.97 25=11.38 50=13.97 75=17.23 90=21.33 95=24.51 99=35.20 99.9=425.47 99.99=2609.15]
2025-04-19 13:43:28 80 sec: 1385751 operations; [READ: Count=924534 Max=4007.93 Min=2.04 Avg=53.66 10=7.97 25=27.47 50=35.90 75=68.48 90=107.71 95=145.02 99=253.69 99.9=780.80 99.99=1481.73] [UPDATE: Count=461217 Max=27574.27 Min=6.31 Avg=16.88 10=9.94 25=11.35 50=13.93 75=17.17 90=21.25 95=24.43 99=35.17 99.9=424.70 99.99=2566.14]
2025-04-19 13:43:29 81 sec: 1415695 operations; [READ: Count=944575 Max=4007.93 Min=2.04 Avg=53.38 10=7.98 25=27.30 50=35.74 75=68.09 90=106.94 95=144.13 99=254.34 99.9=794.62 99.99=1481.73] [UPDATE: Count=471120 Max=27574.27 Min=6.25 Avg=16.86 10=9.94 25=11.34 50=13.91 75=17.15 90=21.20 95=24.38 99=35.17 99.9=422.14 99.99=2566.14]
2025-04-19 13:43:30 82 sec: 1449708 operations; [READ: Count=967285 Max=4007.93 Min=2.04 Avg=52.97 10=7.97 25=27.05 50=35.52 75=67.58 90=106.17 95=142.97 99=253.57 99.9=787.46 99.99=1463.30] [UPDATE: Count=482423 Max=27574.27 Min=6.25 Avg=16.80 10=9.91 25=11.31 50=13.88 75=17.10 90=21.14 95=24.32 99=35.10 99.9=417.02 99.99=2549.76]
2025-04-19 13:43:31 83 sec: 1480600 operations; [READ: Count=987989 Max=4007.93 Min=2.04 Avg=52.69 10=7.98 25=26.85 50=35.33 75=67.20 90=105.66 95=142.34 99=254.46 99.9=792.58 99.99=1465.34] [UPDATE: Count=492611 Max=27574.27 Min=6.25 Avg=16.76 10=9.90 25=11.29 50=13.85 75=17.05 90=21.07 95=24.27 99=35.07 99.9=414.46 99.99=2523.14]
2025-04-19 13:43:32 84 sec: 1498611 operations; [READ: Count=1000000 Max=4007.93 Min=2.04 Avg=52.53 10=7.99 25=26.70 50=35.26 75=66.94 90=105.34 95=141.95 99=254.72 99.9=788.99 99.99=1464.32] [UPDATE: Count=498611 Max=27574.27 Min=6.25 Avg=16.76 10=9.91 25=11.30 50=13.86 75=17.05 90=21.05 95=24.24 99=35.07 99.9=413.95 99.99=2512.89]
2025-04-19 13:43:33 85 sec: 1498611 operations; [READ: Count=1000000 Max=4007.93 Min=2.04 Avg=52.53 10=7.99 25=26.70 50=35.26 75=66.94 90=105.34 95=141.95 99=254.72 99.9=788.99 99.99=1464.32] [UPDATE: Count=498611 Max=27574.27 Min=6.25 Avg=16.76 10=9.91 25=11.30 50=13.86 75=17.05 90=21.05 95=24.24 99=35.07 99.9=413.95 99.99=2512.89]
2025-04-19 13:43:34 86 sec: 1498611 operations; [READ: Count=1000000 Max=4007.93 Min=2.04 Avg=52.53 10=7.99 25=26.70 50=35.26 75=66.94 90=105.34 95=141.95 99=254.72 99.9=788.99 99.99=1464.32] [UPDATE: Count=498611 Max=27574.27 Min=6.25 Avg=16.76 10=9.91 25=11.30 50=13.86 75=17.05 90=21.05 95=24.24 99=35.07 99.9=413.95 99.99=2512.89]
2025-04-19 13:43:35 87 sec: 1498611 operations; [READ: Count=1000000 Max=4007.93 Min=2.04 Avg=52.53 10=7.99 25=26.70 50=35.26 75=66.94 90=105.34 95=141.95 99=254.72 99.9=788.99 99.99=1464.32] [UPDATE: Count=498611 Max=27574.27 Min=6.25 Avg=16.76 10=9.91 25=11.30 50=13.86 75=17.05 90=21.05 95=24.24 99=35.07 99.9=413.95 99.99=2512.89]
2025-04-19 13:43:36 88 sec: 1498611 operations; [READ: Count=1000000 Max=4007.93 Min=2.04 Avg=52.53 10=7.99 25=26.70 50=35.26 75=66.94 90=105.34 95=141.95 99=254.72 99.9=788.99 99.99=1464.32] [UPDATE: Count=498611 Max=27574.27 Min=6.25 Avg=16.76 10=9.91 25=11.30 50=13.86 75=17.05 90=21.05 95=24.24 99=35.07 99.9=413.95 99.99=2512.89]
2025-04-19 13:43:37 88 sec: 1498611 operations; [READ: Count=1000000 Max=4007.93 Min=2.04 Avg=52.53 10=7.99 25=26.70 50=35.26 75=66.94 90=105.34 95=141.95 99=254.72 99.9=788.99 99.99=1464.32] [UPDATE: Count=498611 Max=27574.27 Min=6.25 Avg=16.76 10=9.91 25=11.30 50=13.86 75=17.05 90=21.05 95=24.24 99=35.07 99.9=413.95 99.99=2512.89]
Run runtime(sec): 88.7032
Run operations(ops): 1000000
Run throughput(ops/sec): 11273.6
