Running scope as unit: run-rc89e49eb3f49421498dc88ec3688cca8.scope
load file:/home/user/DataFiles/silesia_data/silesia.tar
2025-04-19 12:09:36 0 sec: 0 operations;
2025-04-19 12:09:37 1 sec: 53277 operations; [INSERT: Count=53277 Max=2502.66 Min=3.98 Avg=15.19 10=4.96 25=6.24 50=10.24 75=20.89 90=31.61 95=38.37 99=52.38 99.9=101.69 99.99=255.74]
2025-04-19 12:09:38 2 sec: 90031 operations; [INSERT: Count=90031 Max=2502.66 Min=3.98 Avg=18.76 10=5.41 25=8.38 50=16.41 75=25.55 90=35.30 95=41.22 99=53.47 99.9=88.83 99.99=246.40]
2025-04-19 12:09:39 3 sec: 127641 operations; [INSERT: Count=127641 Max=2502.66 Min=3.98 Avg=20.10 10=6.13 25=11.10 50=18.06 75=26.72 90=35.97 95=41.66 99=53.28 99.9=84.35 99.99=246.14]
2025-04-19 12:09:40 4 sec: 165966 operations; [INSERT: Count=165966 Max=2502.66 Min=3.98 Avg=20.72 10=6.94 25=12.47 50=18.70 75=27.10 90=36.06 95=41.63 99=52.83 99.9=81.53 99.99=246.53]
2025-04-19 12:09:41 5 sec: 204120 operations; [INSERT: Count=204120 Max=2502.66 Min=3.98 Avg=21.13 10=7.77 25=13.17 50=19.12 75=27.38 90=36.09 95=41.57 99=52.64 99.9=78.66 99.99=246.66]
2025-04-19 12:09:42 6 sec: 240277 operations; [INSERT: Count=240277 Max=12959.74 Min=3.98 Avg=21.61 10=8.59 25=13.65 50=19.50 75=27.76 90=36.45 95=41.89 99=53.15 99.9=78.66 99.99=248.57]
2025-04-19 12:09:43 7 sec: 277218 operations; [INSERT: Count=277218 Max=12959.74 Min=3.98 Avg=21.90 10=9.31 25=13.98 50=19.81 75=28.02 90=36.64 95=42.05 99=53.25 99.9=77.18 99.99=248.57]
2025-04-19 12:09:44 8 sec: 314350 operations; [INSERT: Count=314350 Max=12959.74 Min=3.98 Avg=22.10 10=9.88 25=14.24 50=19.98 75=28.16 90=36.70 95=42.08 99=53.28 99.9=77.44 99.99=247.04]
2025-04-19 12:09:45 9 sec: 351641 operations; [INSERT: Count=351641 Max=12959.74 Min=3.98 Avg=22.25 10=10.29 25=14.43 50=20.13 75=28.27 90=36.73 95=42.08 99=53.22 99.9=77.44 99.99=247.04]
2025-04-19 12:09:46 10 sec: 388816 operations; [INSERT: Count=388816 Max=12959.74 Min=3.98 Avg=22.38 10=10.62 25=14.61 50=20.25 75=28.35 90=36.80 95=42.08 99=53.18 99.9=76.93 99.99=247.04]
2025-04-19 12:09:47 11 sec: 425284 operations; [INSERT: Count=425284 Max=12959.74 Min=3.98 Avg=22.52 10=10.87 25=14.75 50=20.37 75=28.46 90=36.90 95=42.21 99=53.31 99.9=77.63 99.99=247.04]
2025-04-19 12:09:48 12 sec: 460424 operations; [INSERT: Count=460424 Max=12959.74 Min=3.98 Avg=22.72 10=11.05 25=14.89 50=20.53 75=28.66 90=37.15 95=42.49 99=53.76 99.9=78.14 99.99=250.88]
2025-04-19 12:09:49 13 sec: 487477 operations; [INSERT: Count=487477 Max=12959.74 Min=3.98 Avg=23.25 10=11.23 25=15.09 50=20.88 75=29.25 90=38.08 95=43.87 99=57.31 99.9=95.68 99.99=260.74]
2025-04-19 12:09:50 14 sec: 512234 operations; [INSERT: Count=512234 Max=12959.74 Min=3.98 Avg=23.84 10=11.39 25=15.29 50=21.25 75=29.89 90=39.20 95=45.60 99=61.79 99.9=108.16 99.99=273.66]
2025-04-19 12:09:51 15 sec: 537044 operations; [INSERT: Count=537044 Max=12959.74 Min=3.98 Avg=24.38 10=11.54 25=15.49 50=21.61 75=30.51 90=40.26 95=47.17 99=65.22 99.9=110.08 99.99=280.32]
2025-04-19 12:09:52 16 sec: 562093 operations; [INSERT: Count=562093 Max=12959.74 Min=3.98 Avg=24.86 10=11.69 25=15.67 50=21.95 75=31.05 90=41.18 95=48.58 99=67.97 99.9=116.86 99.99=293.12]
2025-04-19 12:09:53 17 sec: 586874 operations; [INSERT: Count=586874 Max=12959.74 Min=3.98 Avg=25.31 10=11.81 25=15.86 50=22.29 75=31.58 90=42.08 95=49.92 99=70.21 99.9=119.23 99.99=301.31]
2025-04-19 12:09:54 18 sec: 611729 operations; [INSERT: Count=611729 Max=12959.74 Min=3.98 Avg=25.72 10=11.95 25=16.03 50=22.59 75=32.08 90=42.94 95=51.10 99=72.13 99.9=121.41 99.99=313.60]
2025-04-19 12:09:55 19 sec: 636609 operations; [INSERT: Count=636609 Max=12959.74 Min=3.98 Avg=26.09 10=12.08 25=16.20 50=22.88 75=32.53 90=43.68 95=52.19 99=73.66 99.9=122.37 99.99=318.21]
2025-04-19 12:09:56 20 sec: 661499 operations; [INSERT: Count=661499 Max=12959.74 Min=3.98 Avg=26.44 10=12.20 25=16.37 50=23.17 75=32.96 90=44.38 95=53.09 99=74.81 99.9=123.20 99.99=321.79]
2025-04-19 12:09:57 21 sec: 686267 operations; [INSERT: Count=686267 Max=12959.74 Min=3.98 Avg=26.77 10=12.33 25=16.54 50=23.44 75=33.38 90=45.02 95=53.92 99=75.84 99.9=124.42 99.99=327.68]
2025-04-19 12:09:58 22 sec: 709528 operations; [INSERT: Count=709528 Max=19267.58 Min=3.98 Avg=27.13 10=12.43 25=16.70 50=23.71 75=33.76 90=45.70 95=54.78 99=76.80 99.9=128.32 99.99=334.59]
2025-04-19 12:09:59 23 sec: 733479 operations; [INSERT: Count=733479 Max=19267.58 Min=3.98 Avg=27.45 10=12.54 25=16.85 50=23.95 75=34.14 90=46.30 95=55.52 99=77.82 99.9=141.18 99.99=336.13]
2025-04-19 12:10:00 24 sec: 757187 operations; [INSERT: Count=757187 Max=19267.58 Min=3.98 Avg=27.75 10=12.64 25=17.01 50=24.18 75=34.49 90=46.85 95=56.22 99=78.97 99.9=158.08 99.99=340.99]
2025-04-19 12:10:01 25 sec: 779890 operations; [INSERT: Count=779890 Max=19267.58 Min=3.98 Avg=28.08 10=12.73 25=17.12 50=24.38 75=34.85 90=47.42 95=57.05 99=80.64 99.9=174.21 99.99=368.89]
2025-04-19 12:10:02 26 sec: 806633 operations; [INSERT: Count=806633 Max=19267.58 Min=3.98 Avg=28.22 10=12.80 25=17.20 50=24.48 75=35.01 90=47.71 95=57.38 99=81.15 99.9=174.34 99.99=391.17]
2025-04-19 12:10:03 27 sec: 849121 operations; [INSERT: Count=849121 Max=19267.58 Min=3.98 Avg=27.75 10=12.46 25=16.75 50=23.93 75=34.43 90=47.10 95=56.77 99=80.51 99.9=173.44 99.99=405.25]
2025-04-19 12:10:04 28 sec: 902471 operations; [INSERT: Count=902471 Max=19267.58 Min=3.98 Avg=26.96 10=11.61 25=15.89 50=23.05 75=33.63 90=46.34 95=56.00 99=79.74 99.9=175.10 99.99=457.98]
2025-04-19 12:10:05 29 sec: 990848 operations; [INSERT: Count=990848 Max=19267.58 Min=3.98 Avg=25.27 10=8.79 25=14.00 50=21.50 75=32.29 90=45.05 95=54.72 99=78.40 99.9=165.50 99.99=454.14]
2025-04-19 12:10:06 30 sec: 1000000 operations; [INSERT: Count=1000000 Max=19267.58 Min=3.98 Avg=25.12 10=8.54 25=13.82 50=21.34 75=32.16 90=44.93 95=54.62 99=78.27 99.9=165.12 99.99=458.50]
2025-04-19 12:10:07 31 sec: 1000000 operations; [INSERT: Count=1000000 Max=19267.58 Min=3.98 Avg=25.12 10=8.54 25=13.82 50=21.34 75=32.16 90=44.93 95=54.62 99=78.27 99.9=165.12 99.99=458.50]
2025-04-19 12:10:08 32 sec: 1000000 operations; [INSERT: Count=1000000 Max=19267.58 Min=3.98 Avg=25.12 10=8.54 25=13.82 50=21.34 75=32.16 90=44.93 95=54.62 99=78.27 99.9=165.12 99.99=458.50]
2025-04-19 12:10:09 33 sec: 1000000 operations; [INSERT: Count=1000000 Max=19267.58 Min=3.98 Avg=25.12 10=8.54 25=13.82 50=21.34 75=32.16 90=44.93 95=54.62 99=78.27 99.9=165.12 99.99=458.50]
2025-04-19 12:10:10 34 sec: 1000000 operations; [INSERT: Count=1000000 Max=19267.58 Min=3.98 Avg=25.12 10=8.54 25=13.82 50=21.34 75=32.16 90=44.93 95=54.62 99=78.27 99.9=165.12 99.99=458.50]
2025-04-19 12:10:11 35 sec: 1000000 operations; [INSERT: Count=1000000 Max=19267.58 Min=3.98 Avg=25.12 10=8.54 25=13.82 50=21.34 75=32.16 90=44.93 95=54.62 99=78.27 99.9=165.12 99.99=458.50]
2025-04-19 12:10:12 36 sec: 1000000 operations; [INSERT: Count=1000000 Max=19267.58 Min=3.98 Avg=25.12 10=8.54 25=13.82 50=21.34 75=32.16 90=44.93 95=54.62 99=78.27 99.9=165.12 99.99=458.50]
2025-04-19 12:10:13 37 sec: 1000000 operations; [INSERT: Count=1000000 Max=19267.58 Min=3.98 Avg=25.12 10=8.54 25=13.82 50=21.34 75=32.16 90=44.93 95=54.62 99=78.27 99.9=165.12 99.99=458.50]
2025-04-19 12:10:14 38 sec: 1000000 operations; [INSERT: Count=1000000 Max=19267.58 Min=3.98 Avg=25.12 10=8.54 25=13.82 50=21.34 75=32.16 90=44.93 95=54.62 99=78.27 99.9=165.12 99.99=458.50]
2025-04-19 12:10:15 39 sec: 1000000 operations; [INSERT: Count=1000000 Max=19267.58 Min=3.98 Avg=25.12 10=8.54 25=13.82 50=21.34 75=32.16 90=44.93 95=54.62 99=78.27 99.9=165.12 99.99=458.50]
2025-04-19 12:10:16 39 sec: 1000000 operations; [INSERT: Count=1000000 Max=19267.58 Min=3.98 Avg=25.12 10=8.54 25=13.82 50=21.34 75=32.16 90=44.93 95=54.62 99=78.27 99.9=165.12 99.99=458.50]
Load runtime(sec): 39.6022
Load operations(ops): 1000000
Load throughput(ops/sec): 25251.1
