Running scope as unit: run-r693b5e91d26f4417a39da48d93ddceb3.scope
load file:/home/user/DataFiles/silesia_data/silesia.tar
2025-04-22 06:46:31 0 sec: 0 operations;
2025-04-22 06:46:32 1 sec: 0 operations;
2025-04-22 06:46:33 2 sec: 0 operations;
2025-04-22 06:46:34 3 sec: 0 operations;
2025-04-22 06:46:35 4 sec: 0 operations;
2025-04-22 06:46:36 5 sec: 0 operations;
2025-04-22 06:46:37 6 sec: 0 operations;
2025-04-22 06:46:38 7 sec: 0 operations;
2025-04-22 06:46:39 8 sec: 0 operations;
2025-04-22 06:46:40 9 sec: 0 operations;
2025-04-22 06:46:41 10 sec: 7121 operations; [READ: Count=3501 Max=1195.01 Min=5.88 Avg=76.86 10=22.83 25=33.28 50=48.54 75=85.63 90=155.01 95=191.49 99=515.58 99.9=873.98 99.99=1195.01] [UPDATE: Count=3620 Max=2732.03 Min=14.05 Avg=100.14 10=35.10 25=48.13 50=68.73 75=121.41 90=181.12 95=239.62 99=549.89 99.9=1100.80 99.99=2732.03]
2025-04-22 06:46:42 11 sec: 13682 operations; [READ: Count=6804 Max=6172.67 Min=5.04 Avg=96.98 10=23.55 25=33.28 50=47.81 75=86.08 90=190.97 95=364.54 99=804.86 99.9=1245.18 99.99=1838.08] [UPDATE: Count=6878 Max=12967.93 Min=14.05 Avg=139.63 10=40.70 25=55.39 50=77.57 75=134.14 90=239.62 95=410.11 99=945.66 99.9=6094.85 99.99=11796.48]
2025-04-22 06:46:43 12 sec: 17477 operations; [READ: Count=8713 Max=6172.67 Min=5.04 Avg=111.17 10=24.03 25=33.60 50=47.52 75=82.81 90=246.91 95=504.57 99=961.53 99.9=1666.05 99.99=2150.40] [UPDATE: Count=8764 Max=26935.29 Min=11.67 Avg=187.93 10=40.06 25=53.34 50=73.98 75=130.94 90=308.22 95=577.53 99=1195.01 99.9=16220.16 99.99=24477.69]
2025-04-22 06:46:44 13 sec: 24950 operations; [READ: Count=12461 Max=6172.67 Min=4.77 Avg=108.88 10=25.07 25=35.10 50=49.02 75=81.34 90=208.51 95=474.62 99=1001.47 99.9=1701.89 99.99=2150.40] [UPDATE: Count=12489 Max=26935.29 Min=11.67 Avg=179.97 10=42.53 25=55.94 50=76.93 75=129.34 90=274.94 95=558.08 99=1215.49 99.9=14983.17 99.99=24477.69]
2025-04-22 06:46:45 14 sec: 29743 operations; [READ: Count=14858 Max=6172.67 Min=3.50 Avg=119.19 10=25.33 25=35.30 50=49.22 75=81.28 90=237.57 95=570.88 99=1122.30 99.9=1814.53 99.99=2347.01] [UPDATE: Count=14885 Max=26935.29 Min=11.67 Avg=189.91 10=42.69 25=55.90 50=76.09 75=126.72 90=302.33 95=652.29 99=1391.62 99.9=12820.48 99.99=24477.69]
2025-04-22 06:46:46 15 sec: 34857 operations; [READ: Count=17508 Max=6172.67 Min=3.50 Avg=127.29 10=25.01 25=34.53 50=48.16 75=79.17 90=289.28 95=648.70 99=1205.25 99.9=1998.85 99.99=2590.72] [UPDATE: Count=17349 Max=26935.29 Min=10.47 Avg=193.82 10=40.51 25=53.12 50=73.02 75=123.97 90=354.05 95=731.65 99=1527.81 99.9=12058.62 99.99=22970.37]
2025-04-22 06:46:47 16 sec: 43066 operations; [READ: Count=21570 Max=6172.67 Min=3.43 Avg=123.28 10=24.62 25=33.73 50=46.75 75=75.52 90=280.83 95=622.08 99=1172.48 99.9=1956.86 99.99=2590.72] [UPDATE: Count=21496 Max=26935.29 Min=10.10 Avg=182.46 10=38.34 25=50.24 50=68.86 75=118.40 90=342.01 95=706.56 99=1437.69 99.9=11255.81 99.99=22970.37]
2025-04-22 06:46:48 17 sec: 51792 operations; [READ: Count=25865 Max=6172.67 Min=3.43 Avg=119.74 10=24.59 25=33.79 50=46.53 75=74.75 90=242.81 95=591.87 99=1164.29 99.9=1998.85 99.99=2590.72] [UPDATE: Count=25927 Max=26935.29 Min=10.04 Avg=172.54 10=37.44 25=48.96 50=66.50 75=116.22 90=305.15 95=674.82 99=1416.19 99.9=9740.29 99.99=19988.48]
2025-04-22 06:46:49 18 sec: 62191 operations; [READ: Count=31003 Max=6172.67 Min=3.43 Avg=114.12 10=23.98 25=33.09 50=45.60 75=73.98 90=226.69 95=537.60 99=1124.35 99.9=1989.63 99.99=2590.72] [UPDATE: Count=31188 Max=26935.29 Min=9.77 Avg=160.96 10=35.68 25=46.72 50=63.77 75=115.20 90=271.87 95=610.30 99=1338.37 99.9=9027.58 99.99=19988.48]
2025-04-22 06:46:50 19 sec: 74069 operations; [READ: Count=36905 Max=6172.67 Min=3.43 Avg=107.03 10=23.57 25=32.43 50=44.73 75=72.51 90=204.41 95=468.74 99=1071.10 99.9=1921.02 99.99=2539.52] [UPDATE: Count=37164 Max=26935.29 Min=9.77 Avg=150.49 10=34.91 25=45.60 50=62.34 75=111.42 90=241.92 95=543.74 99=1268.73 99.9=7331.84 99.99=19742.72]
2025-04-22 06:46:51 20 sec: 85273 operations; [READ: Count=42573 Max=6172.67 Min=3.43 Avg=102.62 10=22.37 25=31.07 50=43.30 75=69.57 90=200.70 95=438.53 99=1030.65 99.9=1856.51 99.99=2539.52] [UPDATE: Count=42700 Max=26935.29 Min=9.77 Avg=144.22 10=33.76 25=44.41 50=60.80 75=105.92 90=238.85 95=508.16 99=1234.94 99.9=6569.98 99.99=19742.72]
2025-04-22 06:46:52 21 sec: 96595 operations; [READ: Count=48229 Max=6172.67 Min=3.02 Avg=99.28 10=21.55 25=29.98 50=42.11 75=66.81 90=195.58 95=420.86 99=1002.50 99.9=1838.08 99.99=2590.72] [UPDATE: Count=48366 Max=26935.29 Min=9.02 Avg=139.02 10=32.80 25=43.33 50=59.45 75=99.97 90=233.09 95=487.68 99=1206.27 99.9=6316.03 99.99=19251.20]
2025-04-22 06:46:53 22 sec: 108694 operations; [READ: Count=54230 Max=21217.28 Min=3.02 Avg=95.98 10=20.51 25=28.69 50=40.64 75=63.58 90=188.41 95=406.27 99=981.50 99.9=1803.26 99.99=2691.07] [UPDATE: Count=54464 Max=26935.29 Min=8.31 Avg=133.84 10=31.55 25=41.98 50=57.73 75=93.82 90=224.13 95=470.01 99=1180.67 99.9=6017.02 99.99=19251.20]
2025-04-22 06:46:54 23 sec: 121496 operations; [READ: Count=60617 Max=21217.28 Min=3.02 Avg=92.70 10=20.09 25=28.03 50=39.74 75=61.22 90=178.81 95=394.50 99=968.19 99.9=1789.95 99.99=2590.72] [UPDATE: Count=60879 Max=26935.29 Min=8.31 Avg=129.11 10=30.98 25=41.28 50=56.83 75=89.53 90=214.66 95=452.86 99=1152.00 99.9=5734.40 99.99=18006.01]
2025-04-22 06:46:55 24 sec: 135269 operations; [READ: Count=67462 Max=21217.28 Min=2.49 Avg=89.51 10=19.70 25=27.45 50=38.94 75=59.26 90=169.73 95=375.04 99=961.02 99.9=1788.93 99.99=2562.05] [UPDATE: Count=67807 Max=26935.29 Min=8.31 Avg=124.22 10=30.35 25=40.51 50=55.87 75=85.95 90=203.78 95=434.43 99=1130.49 99.9=5070.85 99.99=17842.17]
2025-04-22 06:46:56 25 sec: 151398 operations; [READ: Count=75443 Max=21217.28 Min=2.49 Avg=85.37 10=19.52 25=27.07 50=38.27 75=57.28 90=159.87 95=346.62 99=939.01 99.9=1755.13 99.99=2539.52] [UPDATE: Count=75955 Max=26935.29 Min=8.31 Avg=118.49 10=30.02 25=40.13 50=55.17 75=82.75 90=191.49 95=403.20 99=1093.63 99.9=4210.69 99.99=16637.95]
2025-04-22 06:46:57 26 sec: 164876 operations; [READ: Count=82213 Max=21217.28 Min=2.49 Avg=83.39 10=19.31 25=26.80 50=37.92 75=56.48 90=155.65 95=331.52 99=926.21 99.9=1715.20 99.99=2539.52] [UPDATE: Count=82663 Max=26935.29 Min=8.31 Avg=115.73 10=29.76 25=39.84 50=54.81 75=81.47 90=185.98 95=388.35 99=1080.32 99.9=4057.09 99.99=16637.95]
2025-04-22 06:46:58 27 sec: 175431 operations; [READ: Count=87517 Max=21217.28 Min=2.49 Avg=83.11 10=19.33 25=26.86 50=38.02 75=56.70 90=156.41 95=328.70 99=911.36 99.9=1691.65 99.99=2516.99] [UPDATE: Count=87914 Max=26935.29 Min=8.31 Avg=115.29 10=29.84 25=39.97 50=54.98 75=81.79 90=187.52 95=387.58 99=1071.10 99.9=3936.26 99.99=16220.16]
2025-04-22 06:46:59 28 sec: 184401 operations; [READ: Count=92000 Max=21217.28 Min=2.49 Avg=83.79 10=19.15 25=26.66 50=37.85 75=56.80 90=160.25 95=340.48 99=907.77 99.9=1679.36 99.99=2516.99] [UPDATE: Count=92401 Max=26935.29 Min=8.31 Avg=115.68 10=29.58 25=39.65 50=54.69 75=81.92 90=191.74 95=394.24 99=1070.08 99.9=3915.78 99.99=16220.16]
2025-04-22 06:47:00 29 sec: 192496 operations; [READ: Count=96041 Max=21217.28 Min=2.49 Avg=85.05 10=19.10 25=26.67 50=37.92 75=57.25 90=163.07 95=349.44 99=921.60 99.9=1694.72 99.99=2516.99] [UPDATE: Count=96455 Max=26935.29 Min=8.31 Avg=116.31 10=29.47 25=39.52 50=54.59 75=82.30 90=194.56 95=400.89 99=1073.15 99.9=3889.15 99.99=15335.42]
2025-04-22 06:47:01 30 sec: 202457 operations; [READ: Count=101000 Max=21217.28 Min=2.49 Avg=85.23 10=18.94 25=26.57 50=37.85 75=57.70 90=165.12 95=351.49 99=909.82 99.9=1681.41 99.99=2516.99] [UPDATE: Count=101457 Max=26935.29 Min=8.31 Avg=115.96 10=29.20 25=39.23 50=54.34 75=83.01 90=196.99 95=399.87 99=1067.01 99.9=3813.38 99.99=16007.17]
2025-04-22 06:47:02 31 sec: 212653 operations; [READ: Count=106070 Max=21217.28 Min=2.49 Avg=85.42 10=18.70 25=26.32 50=37.76 75=58.24 90=168.06 95=353.02 99=898.05 99.9=1668.10 99.99=2486.27] [UPDATE: Count=106583 Max=26935.29 Min=7.35 Avg=115.41 10=28.85 25=38.85 50=54.05 75=83.71 90=199.81 95=398.59 99=1053.69 99.9=3594.24 99.99=15335.42]
2025-04-22 06:47:03 32 sec: 221725 operations; [READ: Count=110577 Max=21217.28 Min=2.49 Avg=85.90 10=18.53 25=26.19 50=37.70 75=58.85 90=170.88 95=356.10 99=892.41 99.9=1666.05 99.99=2486.27] [UPDATE: Count=111148 Max=26935.29 Min=7.35 Avg=115.63 10=28.57 25=38.56 50=53.92 75=84.86 90=203.13 95=399.62 99=1044.99 99.9=3637.25 99.99=15335.42]
2025-04-22 06:47:04 33 sec: 229490 operations; [READ: Count=114500 Max=21217.28 Min=2.41 Avg=87.03 10=18.41 25=26.14 50=37.76 75=59.81 90=175.10 95=361.73 99=894.98 99.9=1665.02 99.99=2486.27] [UPDATE: Count=114990 Max=26935.29 Min=7.35 Avg=116.32 10=28.38 25=38.40 50=53.89 75=86.33 90=207.74 95=405.76 99=1042.94 99.9=3594.24 99.99=15335.42]
2025-04-22 06:47:05 34 sec: 236446 operations; [READ: Count=117953 Max=21217.28 Min=2.41 Avg=88.26 10=18.25 25=26.06 50=37.79 75=60.86 90=178.81 95=369.41 99=904.19 99.9=1670.14 99.99=2469.89] [UPDATE: Count=118493 Max=26935.29 Min=7.35 Avg=117.49 10=28.24 25=38.27 50=53.92 75=88.06 90=211.46 95=412.16 99=1050.62 99.9=3647.49 99.99=14983.17]
2025-04-22 06:47:06 35 sec: 245105 operations; [READ: Count=122242 Max=21217.28 Min=2.41 Avg=88.77 10=18.22 25=26.11 50=37.92 75=61.95 90=181.63 95=369.15 99=898.05 99.9=1665.02 99.99=2469.89] [UPDATE: Count=122863 Max=26935.29 Min=7.35 Avg=117.77 10=28.22 25=38.30 50=54.02 75=89.86 90=214.53 95=411.90 99=1043.97 99.9=3594.24 99.99=14983.17]
2025-04-22 06:47:07 36 sec: 253532 operations; [READ: Count=126406 Max=21217.28 Min=2.41 Avg=89.35 10=18.18 25=26.09 50=37.95 75=62.69 90=184.96 95=371.71 99=894.46 99.9=1656.83 99.99=2461.70] [UPDATE: Count=127126 Max=26935.29 Min=7.35 Avg=118.11 10=28.16 25=38.24 50=53.98 75=91.26 90=217.73 95=413.95 99=1042.43 99.9=3590.14 99.99=14778.37]
2025-04-22 06:47:08 37 sec: 262732 operations; [READ: Count=131019 Max=21217.28 Min=2.41 Avg=89.76 10=18.06 25=26.02 50=37.92 75=63.20 90=188.16 95=374.78 99=888.32 99.9=1649.66 99.99=2461.70] [UPDATE: Count=131713 Max=26935.29 Min=7.35 Avg=117.97 10=28.02 25=38.05 50=53.79 75=91.84 90=219.90 95=414.46 99=1035.26 99.9=3463.17 99.99=14778.37]
2025-04-22 06:47:09 38 sec: 272227 operations; [READ: Count=135781 Max=21217.28 Min=2.41 Avg=89.83 10=17.90 25=25.86 50=37.73 75=63.20 90=190.21 95=376.32 99=883.20 99.9=1635.33 99.99=2445.31] [UPDATE: Count=136446 Max=26935.29 Min=7.35 Avg=117.92 10=27.77 25=37.79 50=53.50 75=91.97 90=221.31 95=416.00 99=1033.73 99.9=3495.93 99.99=13213.69]
2025-04-22 06:47:10 39 sec: 280259 operations; [READ: Count=139811 Max=21217.28 Min=2.41 Avg=90.61 10=17.82 25=25.81 50=37.70 75=64.25 90=193.02 95=381.69 99=886.27 99.9=1627.13 99.99=2445.31] [UPDATE: Count=140448 Max=26935.29 Min=7.35 Avg=118.25 10=27.66 25=37.66 50=53.41 75=93.76 90=222.97 95=418.56 99=1032.70 99.9=3463.17 99.99=13213.69]
2025-04-22 06:47:11 40 sec: 288224 operations; [READ: Count=143770 Max=21217.28 Min=2.41 Avg=91.10 10=17.74 25=25.73 50=37.70 75=66.24 90=195.71 95=382.21 99=879.62 99.9=1616.89 99.99=2445.31] [UPDATE: Count=144454 Max=26935.29 Min=7.35 Avg=118.87 10=27.55 25=37.57 50=53.44 75=97.98 90=226.56 95=421.12 99=1030.65 99.9=3434.49 99.99=13213.69]
2025-04-22 06:47:12 41 sec: 295886 operations; [READ: Count=147563 Max=21217.28 Min=2.18 Avg=91.71 10=17.66 25=25.63 50=37.70 75=68.61 90=199.42 95=384.77 99=875.52 99.9=1607.68 99.99=2430.97] [UPDATE: Count=148323 Max=26935.29 Min=7.35 Avg=119.51 10=27.42 25=37.44 50=53.47 75=102.59 90=229.89 95=423.42 99=1031.17 99.9=3418.11 99.99=12967.93]
2025-04-22 06:47:13 42 sec: 303931 operations; [READ: Count=151551 Max=21217.28 Min=2.18 Avg=92.13 10=17.55 25=25.50 50=37.70 75=72.13 90=202.24 95=385.28 99=867.33 99.9=1601.54 99.99=2430.97] [UPDATE: Count=152380 Max=26935.29 Min=7.35 Avg=120.01 10=27.26 25=37.28 50=53.50 75=107.45 90=233.47 95=423.94 99=1027.58 99.9=3356.67 99.99=12967.93]
2025-04-22 06:47:14 43 sec: 313648 operations; [READ: Count=156380 Max=21217.28 Min=2.18 Avg=92.16 10=17.34 25=25.25 50=37.66 75=78.72 90=202.37 95=382.98 99=859.65 99.9=1587.20 99.99=2404.35] [UPDATE: Count=157268 Max=26935.29 Min=7.35 Avg=119.72 10=26.96 25=36.96 50=53.47 75=110.53 90=233.22 95=421.12 99=1016.32 99.9=3309.57 99.99=12820.48]
2025-04-22 06:47:15 44 sec: 325525 operations; [READ: Count=162224 Max=21217.28 Min=2.18 Avg=91.64 10=16.98 25=24.83 50=37.63 75=90.50 90=199.55 95=378.11 99=845.31 99.9=1574.91 99.99=2404.35] [UPDATE: Count=163301 Max=26935.29 Min=7.35 Avg=118.56 10=26.30 25=36.41 50=53.44 75=111.10 90=229.25 95=414.46 99=1001.47 99.9=3231.74 99.99=12820.48]
2025-04-22 06:47:16 45 sec: 340559 operations; [READ: Count=169717 Max=21217.28 Min=2.18 Avg=90.34 10=16.48 25=24.32 50=37.63 75=93.76 90=192.00 95=367.87 99=832.51 99.9=1562.62 99.99=2361.34] [UPDATE: Count=170842 Max=26935.29 Min=7.35 Avg=116.38 10=25.45 25=35.71 50=53.44 75=109.76 90=221.31 95=403.20 99=979.46 99.9=3160.06 99.99=12058.62]
2025-04-22 06:47:17 46 sec: 355445 operations; [READ: Count=177240 Max=21217.28 Min=2.18 Avg=89.12 10=16.17 25=23.86 50=37.63 75=95.36 90=185.34 95=356.86 99=817.66 99.9=1547.26 99.99=2322.43] [UPDATE: Count=178205 Max=26935.29 Min=7.35 Avg=114.49 10=24.99 25=35.07 50=53.44 75=109.38 90=214.27 95=392.96 99=962.05 99.9=3014.66 99.99=11796.48]
2025-04-22 06:47:18 47 sec: 370346 operations; [READ: Count=184701 Max=21217.28 Min=2.18 Avg=88.02 10=15.82 25=23.42 50=37.63 75=95.94 90=179.46 95=347.39 99=804.86 99.9=1527.81 99.99=2347.01] [UPDATE: Count=185645 Max=26935.29 Min=7.35 Avg=112.72 10=24.48 25=34.46 50=53.44 75=108.99 90=207.74 95=383.49 99=947.71 99.9=2936.83 99.99=11649.02]
2025-04-22 06:47:19 48 sec: 383672 operations; [READ: Count=191377 Max=21217.28 Min=2.18 Avg=87.36 10=15.57 25=23.07 50=37.63 75=96.51 90=176.25 95=340.99 99=795.13 99.9=1516.54 99.99=2322.43] [UPDATE: Count=192295 Max=26935.29 Min=7.35 Avg=111.55 10=24.14 25=33.95 50=53.41 75=108.99 90=203.52 95=377.09 99=933.38 99.9=2867.20 99.99=11649.02]
2025-04-22 06:47:20 49 sec: 396414 operations; [READ: Count=197749 Max=21217.28 Min=2.18 Avg=86.93 10=15.32 25=22.78 50=37.63 75=97.02 90=174.46 95=336.64 99=786.94 99.9=1506.30 99.99=2269.18] [UPDATE: Count=198665 Max=26935.29 Min=7.35 Avg=110.57 10=23.86 25=33.50 50=53.41 75=109.06 90=201.09 95=371.71 99=918.53 99.9=2820.09 99.99=11378.69]
2025-04-22 06:47:21 50 sec: 410013 operations; [READ: Count=204520 Max=21217.28 Min=2.18 Avg=86.32 10=15.01 25=22.43 50=37.57 75=97.15 90=172.16 95=332.29 99=777.22 99.9=1499.13 99.99=2269.18] [UPDATE: Count=205493 Max=26935.29 Min=7.35 Avg=109.44 10=23.49 25=32.93 50=53.34 75=108.80 90=198.01 95=366.08 99=906.24 99.9=2750.46 99.99=11362.30]
2025-04-22 06:47:22 51 sec: 424337 operations; [READ: Count=211691 Max=21217.28 Min=2.18 Avg=85.56 10=14.69 25=22.11 50=37.53 75=97.34 90=169.22 95=323.84 99=769.02 99.9=1490.94 99.99=2242.56] [UPDATE: Count=212646 Max=26935.29 Min=7.35 Avg=108.25 10=23.18 25=32.46 50=53.28 75=108.73 90=194.43 95=358.14 99=892.41 99.9=2717.70 99.99=11362.30]
2025-04-22 06:47:23 52 sec: 438101 operations; [READ: Count=218522 Max=21217.28 Min=2.18 Avg=84.93 10=14.35 25=21.81 50=37.41 75=97.60 90=167.17 95=317.18 99=759.29 99.9=1474.56 99.99=2242.56] [UPDATE: Count=219579 Max=26935.29 Min=7.35 Avg=107.29 10=22.89 25=32.03 50=53.22 75=108.80 90=192.00 95=351.23 99=879.62 99.9=2643.97 99.99=11255.81]
2025-04-22 06:47:24 53 sec: 449632 operations; [READ: Count=224237 Max=21217.28 Min=2.18 Avg=84.78 10=14.10 25=21.61 50=37.38 75=97.98 90=166.91 95=315.39 99=753.15 99.9=1468.41 99.99=2242.56] [UPDATE: Count=225395 Max=26935.29 Min=7.35 Avg=106.90 10=22.69 25=31.70 50=53.15 75=109.12 90=191.36 95=349.44 99=871.93 99.9=2621.44 99.99=10731.52]
2025-04-22 06:47:25 54 sec: 460980 operations; [READ: Count=229946 Max=21217.28 Min=2.18 Avg=84.69 10=13.84 25=21.45 50=37.31 75=98.30 90=166.66 95=314.37 99=748.03 99.9=1463.30 99.99=2226.18] [UPDATE: Count=231034 Max=26935.29 Min=7.35 Avg=106.57 10=22.51 25=31.41 50=53.12 75=109.38 90=190.85 95=347.65 99=866.30 99.9=2607.10 99.99=10731.52]
2025-04-22 06:47:26 55 sec: 471901 operations; [READ: Count=235403 Max=21217.28 Min=2.18 Avg=84.65 10=13.59 25=21.31 50=37.25 75=98.69 90=166.78 95=313.34 99=745.47 99.9=1454.08 99.99=2215.93] [UPDATE: Count=236498 Max=26935.29 Min=7.35 Avg=106.36 10=22.37 25=31.17 50=53.02 75=109.69 90=190.72 95=346.37 99=861.70 99.9=2590.72 99.99=10616.83]
2025-04-22 06:47:27 56 sec: 484151 operations; [READ: Count=241513 Max=21217.28 Min=2.18 Avg=84.39 10=13.31 25=21.15 50=37.15 75=98.94 90=166.01 95=311.04 99=737.28 99.9=1446.91 99.99=2215.93] [UPDATE: Count=242638 Max=26935.29 Min=7.35 Avg=105.87 10=22.19 25=30.93 50=52.96 75=109.95 90=190.21 95=343.04 99=852.99 99.9=2560.00 99.99=10616.83]
2025-04-22 06:47:28 57 sec: 496674 operations; [READ: Count=247772 Max=21217.28 Min=2.18 Avg=84.11 10=13.05 25=21.04 50=37.12 75=99.33 90=165.50 95=307.20 99=729.09 99.9=1439.74 99.99=2195.45] [UPDATE: Count=248902 Max=26935.29 Min=7.35 Avg=105.33 10=22.02 25=30.72 50=52.86 75=110.33 90=189.18 95=339.97 99=842.24 99.9=2519.04 99.99=10125.31]
2025-04-22 06:47:29 58 sec: 509678 operations; [READ: Count=254285 Max=21217.28 Min=2.18 Avg=83.77 10=12.74 25=20.91 50=37.02 75=99.58 90=164.74 95=303.36 99=721.41 99.9=1428.48 99.99=2195.45] [UPDATE: Count=255393 Max=26935.29 Min=7.35 Avg=104.70 10=21.84 25=30.48 50=52.77 75=110.53 90=187.78 95=335.87 99=832.00 99.9=2480.13 99.99=10010.62]
2025-04-22 06:47:30 59 sec: 523105 operations; [READ: Count=260917 Max=21217.28 Min=2.18 Avg=83.36 10=12.41 25=20.73 50=36.90 75=99.65 90=163.58 95=300.03 99=713.22 99.9=1421.31 99.99=2195.45] [UPDATE: Count=262188 Max=26935.29 Min=7.35 Avg=104.05 10=21.61 25=30.21 50=52.67 75=110.53 90=186.24 95=332.54 99=823.81 99.9=2453.50 99.99=10010.62]
2025-04-22 06:47:31 60 sec: 535650 operations; [READ: Count=267168 Max=21217.28 Min=2.18 Avg=83.13 10=12.15 25=20.57 50=36.80 75=99.71 90=162.94 95=298.75 99=706.56 99.9=1412.10 99.99=2195.45] [UPDATE: Count=268482 Max=26935.29 Min=7.35 Avg=103.58 10=21.41 25=29.98 50=52.54 75=110.46 90=185.47 95=330.50 99=816.64 99.9=2418.69 99.99=9969.66]
2025-04-22 06:47:32 61 sec: 550767 operations; [READ: Count=274818 Max=21217.28 Min=2.18 Avg=82.51 10=11.81 25=20.37 50=36.64 75=99.58 90=161.02 95=292.86 99=699.39 99.9=1398.78 99.99=2195.45] [UPDATE: Count=275949 Max=26935.29 Min=7.01 Avg=102.66 10=21.12 25=29.65 50=52.35 75=110.21 90=183.42 95=325.12 99=805.38 99.9=2365.44 99.99=9740.29]
2025-04-22 06:47:33 62 sec: 565051 operations; [READ: Count=282042 Max=21217.28 Min=2.18 Avg=82.03 10=11.49 25=20.16 50=36.48 75=99.52 90=159.87 95=288.00 99=692.22 99.9=1389.57 99.99=2174.97] [UPDATE: Count=283009 Max=26935.29 Min=7.01 Avg=101.96 10=20.88 25=29.38 50=52.22 75=110.14 90=182.14 95=320.77 99=794.11 99.9=2330.62 99.99=9740.29]
2025-04-22 06:47:34 63 sec: 580851 operations; [READ: Count=289886 Max=21217.28 Min=2.18 Avg=81.37 10=11.21 25=19.95 50=36.32 75=99.33 90=157.95 95=282.11 99=683.52 99.9=1376.26 99.99=2164.74] [UPDATE: Count=290965 Max=26935.29 Min=7.01 Avg=100.99 10=20.57 25=29.07 50=52.03 75=109.82 90=179.84 95=315.13 99=784.38 99.9=2279.42 99.99=9510.91]
2025-04-22 06:47:35 64 sec: 596069 operations; [READ: Count=297509 Max=21217.28 Min=2.18 Avg=80.84 10=10.97 25=19.77 50=36.16 75=99.07 90=156.29 95=278.27 99=676.35 99.9=1368.06 99.99=2158.59] [UPDATE: Count=298560 Max=26935.29 Min=7.01 Avg=100.19 10=20.30 25=28.80 50=51.81 75=109.50 90=178.18 95=310.27 99=774.14 99.9=2224.13 99.99=9461.76]
2025-04-22 06:47:36 65 sec: 609387 operations; [READ: Count=304137 Max=21217.28 Min=2.18 Avg=80.60 10=10.79 25=19.63 50=36.00 75=98.94 90=155.52 95=276.48 99=674.30 99.9=1363.97 99.99=2158.59] [UPDATE: Count=305250 Max=26935.29 Min=7.01 Avg=99.71 10=20.09 25=28.59 50=51.62 75=109.31 90=177.02 95=308.48 99=766.46 99.9=2199.55 99.99=9412.61]
2025-04-22 06:47:37 66 sec: 625551 operations; [READ: Count=312193 Max=21217.28 Min=2.18 Avg=79.97 10=10.59 25=19.45 50=35.81 75=98.75 90=153.85 95=270.85 99=666.62 99.9=1356.80 99.99=2156.54] [UPDATE: Count=313358 Max=26935.29 Min=7.01 Avg=98.82 10=19.82 25=28.34 50=51.36 75=109.06 90=175.10 95=303.36 99=757.25 99.9=2152.45 99.99=9412.61]
2025-04-22 06:47:38 67 sec: 641203 operations; [READ: Count=320073 Max=21217.28 Min=2.18 Avg=79.42 10=10.42 25=19.31 50=35.62 75=98.69 90=152.32 95=266.50 99=660.48 99.9=1349.63 99.99=2156.54] [UPDATE: Count=321130 Max=26935.29 Min=7.01 Avg=98.08 10=19.61 25=28.11 50=51.17 75=108.86 90=173.44 95=298.75 99=750.08 99.9=2119.68 99.99=9199.61]
2025-04-22 06:47:39 68 sec: 656379 operations; [READ: Count=327593 Max=21217.28 Min=2.18 Avg=78.97 10=10.27 25=19.17 50=35.39 75=98.56 90=151.42 95=262.91 99=654.85 99.9=1341.44 99.99=2154.49] [UPDATE: Count=328786 Max=26935.29 Min=7.01 Avg=97.42 10=19.41 25=27.90 50=50.91 75=108.80 90=172.03 95=295.17 99=741.89 99.9=2080.77 99.99=9125.89]
2025-04-22 06:47:40 69 sec: 671972 operations; [READ: Count=335411 Max=21217.28 Min=2.18 Avg=78.49 10=10.10 25=18.99 50=35.17 75=98.37 90=150.40 95=259.20 99=648.19 99.9=1339.39 99.99=2152.45] [UPDATE: Count=336561 Max=26935.29 Min=7.01 Avg=96.74 10=19.14 25=27.66 50=50.62 75=108.54 90=170.88 95=291.58 99=734.21 99.9=2050.05 99.99=9043.97]
2025-04-22 06:47:41 70 sec: 687340 operations; [READ: Count=343110 Max=21217.28 Min=2.18 Avg=78.06 10=9.94 25=18.83 50=34.94 75=98.17 90=149.12 95=256.51 99=643.58 99.9=1333.25 99.99=2152.45] [UPDATE: Count=344230 Max=26935.29 Min=7.01 Avg=96.13 10=18.89 25=27.42 50=50.34 75=108.22 90=169.47 95=289.02 99=728.06 99.9=2029.57 99.99=9043.97]
2025-04-22 06:47:42 71 sec: 704101 operations; [READ: Count=351455 Max=21217.28 Min=2.18 Avg=77.50 10=9.79 25=18.67 50=34.69 75=97.98 90=147.97 95=252.41 99=635.90 99.9=1326.08 99.99=2150.40] [UPDATE: Count=352646 Max=26935.29 Min=7.01 Avg=95.33 10=18.69 25=27.21 50=50.02 75=107.97 90=167.81 95=284.16 99=719.36 99.9=2004.99 99.99=9027.58]
2025-04-22 06:47:43 72 sec: 719725 operations; [READ: Count=359223 Max=21217.28 Min=2.18 Avg=77.11 10=9.67 25=18.53 50=34.43 75=97.86 90=147.20 95=250.24 99=630.78 99.9=1321.98 99.99=2146.30] [UPDATE: Count=360502 Max=26935.29 Min=7.01 Avg=94.71 10=18.51 25=27.01 50=49.63 75=107.84 90=166.66 95=280.57 99=710.65 99.9=1983.49 99.99=8634.37]
2025-04-22 06:47:44 73 sec: 736169 operations; [READ: Count=367441 Max=21217.28 Min=2.18 Avg=76.64 10=9.56 25=18.38 50=34.17 75=97.66 90=146.18 95=247.04 99=625.15 99.9=1313.79 99.99=2142.21] [UPDATE: Count=368728 Max=26935.29 Min=7.01 Avg=94.02 10=18.32 25=26.80 50=49.28 75=107.58 90=165.38 95=276.74 99=701.95 99.9=1971.20 99.99=8585.22]
2025-04-22 06:47:45 74 sec: 751237 operations; [READ: Count=374836 Max=21217.28 Min=2.18 Avg=76.33 10=9.46 25=18.25 50=33.92 75=97.53 90=145.66 95=245.63 99=622.08 99.9=1305.60 99.99=2142.21] [UPDATE: Count=376401 Max=26935.29 Min=7.01 Avg=93.53 10=18.14 25=26.59 50=48.90 75=107.45 90=164.61 95=275.20 99=696.83 99.9=1956.86 99.99=8511.49]
2025-04-22 06:47:46 75 sec: 767055 operations; [READ: Count=382754 Max=21217.28 Min=2.18 Avg=75.94 10=9.37 25=18.13 50=33.66 75=97.34 90=144.77 95=242.94 99=617.98 99.9=1300.48 99.99=2129.92] [UPDATE: Count=384301 Max=26935.29 Min=7.01 Avg=92.98 10=17.98 25=26.41 50=48.54 75=107.26 90=163.58 95=272.38 99=692.22 99.9=1940.48 99.99=8511.49]
2025-04-22 06:47:47 76 sec: 784156 operations; [READ: Count=391282 Max=21217.28 Min=2.18 Avg=75.43 10=9.28 25=18.00 50=33.34 75=97.22 90=143.62 95=239.23 99=613.38 99.9=1295.36 99.99=2125.82] [UPDATE: Count=392874 Max=26935.29 Min=7.01 Avg=92.31 10=17.82 25=26.24 50=48.13 75=107.01 90=162.18 95=268.80 99=684.54 99.9=1910.78 99.99=8159.23]
2025-04-22 06:47:48 77 sec: 801699 operations; [READ: Count=400103 Max=21217.28 Min=2.18 Avg=74.90 10=9.21 25=17.87 50=32.99 75=97.02 90=142.59 95=235.65 99=607.23 99.9=1288.19 99.99=2113.53] [UPDATE: Count=401596 Max=26935.29 Min=7.01 Avg=91.63 10=17.70 25=26.06 50=47.71 75=106.75 90=160.90 95=264.70 99=676.86 99.9=1881.09 99.99=8011.77]
2025-04-22 06:47:49 78 sec: 819160 operations; [READ: Count=408961 Max=21217.28 Min=2.17 Avg=74.41 10=9.12 25=17.73 50=32.69 75=96.83 90=141.44 95=232.19 99=601.60 99.9=1283.07 99.99=2105.34] [UPDATE: Count=410199 Max=26935.29 Min=7.01 Avg=90.97 10=17.57 25=25.89 50=47.30 75=106.56 90=159.62 95=261.12 99=670.21 99.9=1862.65 99.99=7659.52]
2025-04-22 06:47:50 79 sec: 834356 operations; [READ: Count=416582 Max=21217.28 Min=2.17 Avg=74.17 10=9.07 25=17.63 50=32.41 75=96.77 90=141.06 95=231.42 99=599.55 99.9=1274.88 99.99=2101.25] [UPDATE: Count=417774 Max=26935.29 Min=7.01 Avg=90.57 10=17.49 25=25.77 50=46.94 75=106.43 90=158.97 95=259.71 99=665.09 99.9=1830.91 99.99=7598.08]
2025-04-22 06:47:51 80 sec: 850678 operations; [READ: Count=424785 Max=21217.28 Min=2.17 Avg=73.84 10=8.99 25=17.50 50=32.09 75=96.58 90=140.54 95=229.63 99=597.50 99.9=1273.86 99.99=2101.25] [UPDATE: Count=425893 Max=26935.29 Min=7.01 Avg=90.06 10=17.34 25=25.60 50=46.46 75=106.24 90=158.08 95=257.28 99=662.01 99.9=1818.62 99.99=7340.03]
2025-04-22 06:47:52 81 sec: 869355 operations; [READ: Count=434063 Max=21217.28 Min=2.17 Avg=73.29 10=8.89 25=17.33 50=31.73 75=96.32 90=139.52 95=226.69 99=592.38 99.9=1268.73 99.99=2094.08] [UPDATE: Count=435292 Max=26935.29 Min=7.01 Avg=89.35 10=17.18 25=25.36 50=45.98 75=105.98 90=156.67 95=254.21 99=655.87 99.9=1790.97 99.99=7340.03]
2025-04-22 06:47:53 82 sec: 887894 operations; [READ: Count=443357 Max=21217.28 Min=2.17 Avg=72.76 10=8.81 25=17.18 50=31.36 75=96.06 90=138.50 95=223.74 99=586.75 99.9=1261.57 99.99=2094.08] [UPDATE: Count=444537 Max=26935.29 Min=7.01 Avg=88.70 10=17.07 25=25.20 50=45.50 75=105.73 90=155.52 95=250.24 99=649.22 99.9=1765.38 99.99=7340.03]
2025-04-22 06:47:54 83 sec: 905020 operations; [READ: Count=451789 Max=21217.28 Min=2.12 Avg=72.38 10=8.75 25=17.05 50=31.07 75=96.00 90=137.85 95=221.69 99=581.63 99.9=1257.47 99.99=2092.03] [UPDATE: Count=453231 Max=26935.29 Min=7.01 Avg=88.19 10=16.99 25=25.07 50=45.12 75=105.60 90=154.75 95=247.94 99=644.61 99.9=1756.16 99.99=7331.84]
2025-04-22 06:47:55 84 sec: 916884 operations; [READ: Count=457737 Max=21217.28 Min=1.97 Avg=72.45 10=8.75 25=17.01 50=30.99 75=96.06 90=137.98 95=221.95 99=583.68 99.9=1252.35 99.99=2068.48] [UPDATE: Count=459147 Max=26935.29 Min=7.01 Avg=88.20 10=16.96 25=25.02 50=45.02 75=105.66 90=154.88 95=248.70 99=645.12 99.9=1746.94 99.99=7155.71]
2025-04-22 06:47:56 85 sec: 925049 operations; [READ: Count=461833 Max=21217.28 Min=1.97 Avg=72.83 10=8.78 25=17.01 50=31.10 75=96.25 90=138.88 95=224.00 99=586.24 99.9=1262.59 99.99=2094.08] [UPDATE: Count=463216 Max=26935.29 Min=7.01 Avg=88.54 10=17.01 25=25.04 50=45.18 75=105.86 90=155.78 95=249.98 99=647.68 99.9=1756.16 99.99=7155.71]
2025-04-22 06:47:57 86 sec: 933885 operations; [READ: Count=466175 Max=21217.28 Min=1.97 Avg=73.16 10=8.81 25=17.04 50=31.17 75=96.51 90=139.78 95=225.92 99=588.29 99.9=1263.62 99.99=2092.03] [UPDATE: Count=467710 Max=26935.29 Min=7.01 Avg=88.81 10=17.05 25=25.05 50=45.25 75=106.05 90=156.67 95=252.03 99=648.70 99.9=1754.11 99.99=7122.94]
2025-04-22 06:47:58 87 sec: 943126 operations; [READ: Count=470799 Max=21217.28 Min=1.97 Avg=73.45 10=8.85 25=17.05 50=31.18 75=96.64 90=140.67 95=227.97 99=589.82 99.9=1263.62 99.99=2094.08] [UPDATE: Count=472327 Max=26935.29 Min=7.01 Avg=89.03 10=17.10 25=25.07 50=45.22 75=106.24 90=157.57 95=253.95 99=650.75 99.9=1756.16 99.99=7122.94]
2025-04-22 06:47:59 88 sec: 952610 operations; [READ: Count=475559 Max=21217.28 Min=1.97 Avg=73.67 10=8.88 25=17.07 50=31.15 75=96.77 90=141.31 95=229.63 99=592.38 99.9=1264.64 99.99=2092.03] [UPDATE: Count=477051 Max=26935.29 Min=7.01 Avg=89.27 10=17.14 25=25.09 50=45.09 75=106.37 90=158.46 95=256.00 99=652.80 99.9=1762.30 99.99=7053.31]
2025-04-22 06:48:00 89 sec: 961160 operations; [READ: Count=479897 Max=21217.28 Min=1.97 Avg=74.00 10=8.90 25=17.10 50=31.18 75=96.96 90=142.21 95=232.19 99=594.94 99.9=1271.81 99.99=2094.08] [UPDATE: Count=481263 Max=26935.29 Min=7.01 Avg=89.56 10=17.18 25=25.14 50=45.09 75=106.56 90=159.36 95=258.05 99=656.38 99.9=1761.28 99.99=7053.31]
2025-04-22 06:48:01 90 sec: 968436 operations; [READ: Count=483509 Max=21217.28 Min=1.97 Avg=74.42 10=8.93 25=17.14 50=31.26 75=97.09 90=143.23 95=235.01 99=599.55 99.9=1284.10 99.99=2125.82] [UPDATE: Count=484927 Max=26935.29 Min=7.01 Avg=89.96 10=17.21 25=25.17 50=45.15 75=106.69 90=160.77 95=260.86 99=660.99 99.9=1762.30 99.99=7122.94]
2025-04-22 06:48:02 91 sec: 973900 operations; [READ: Count=486195 Max=21217.28 Min=1.97 Avg=74.92 10=8.94 25=17.15 50=31.34 75=97.28 90=144.51 95=238.34 99=605.70 99.9=1295.36 99.99=2113.53] [UPDATE: Count=487705 Max=26935.29 Min=7.01 Avg=90.58 10=17.23 25=25.20 50=45.25 75=106.88 90=162.18 95=264.70 99=669.70 99.9=1781.76 99.99=7122.94]
2025-04-22 06:48:03 92 sec: 980379 operations; [READ: Count=489432 Max=21217.28 Min=1.97 Avg=75.40 10=8.96 25=17.18 50=31.49 75=97.53 90=145.92 95=241.79 99=609.79 99.9=1300.48 99.99=2125.82] [UPDATE: Count=490947 Max=26935.29 Min=7.01 Avg=91.02 10=17.26 25=25.25 50=45.38 75=107.14 90=163.97 95=268.03 99=673.28 99.9=1778.69 99.99=7122.94]
2025-04-22 06:48:04 93 sec: 986539 operations; [READ: Count=492533 Max=21217.28 Min=1.97 Avg=75.92 10=8.97 25=17.21 50=31.63 75=97.73 90=147.71 95=245.76 99=614.40 99.9=1305.60 99.99=2129.92] [UPDATE: Count=494006 Max=26935.29 Min=7.01 Avg=91.48 10=17.28 25=25.28 50=45.53 75=107.39 90=165.89 95=271.36 99=675.84 99.9=1778.69 99.99=7122.94]
2025-04-22 06:48:05 94 sec: 992919 operations; [READ: Count=495684 Max=21217.28 Min=1.97 Avg=76.40 10=8.99 25=17.25 50=31.76 75=97.92 90=149.12 95=248.70 99=617.47 99.9=1314.82 99.99=2136.06] [UPDATE: Count=497235 Max=26935.29 Min=7.01 Avg=91.93 10=17.31 25=25.31 50=45.66 75=107.58 90=167.68 95=274.43 99=679.42 99.9=1782.78 99.99=7053.31]
2025-04-22 06:48:06 95 sec: 1000000 operations; [READ: Count=499261 Max=21217.28 Min=1.97 Avg=76.75 10=9.01 25=17.28 50=31.86 75=98.17 90=150.66 95=251.01 99=618.50 99.9=1316.86 99.99=2136.06] [UPDATE: Count=500739 Max=26935.29 Min=7.01 Avg=92.32 10=17.33 25=25.34 50=45.79 75=107.84 90=169.34 95=276.99 99=681.47 99.9=1793.02 99.99=7053.31]
2025-04-22 06:48:06 95 sec: 1000000 operations; [READ: Count=499261 Max=21217.28 Min=1.97 Avg=76.75 10=9.01 25=17.28 50=31.86 75=98.17 90=150.66 95=251.01 99=618.50 99.9=1316.86 99.99=2136.06] [UPDATE: Count=500739 Max=26935.29 Min=7.01 Avg=92.32 10=17.33 25=25.34 50=45.79 75=107.84 90=169.34 95=276.99 99=681.47 99.9=1793.02 99.99=7053.31]
Run runtime(sec): 95.109
Run operations(ops): 1000000
Run throughput(ops/sec): 10514.3
