Running scope as unit: run-r89f0997634024f60ab3eb7704b1d03f4.scope
load file:/home/user/DataFiles/silesia_data/silesia.tar
2025-04-21 21:11:37 0 sec: 0 operations;
2025-04-21 21:11:38 1 sec: 0 operations;
2025-04-21 21:11:39 2 sec: 0 operations;
2025-04-21 21:11:40 3 sec: 0 operations;
2025-04-21 21:11:41 4 sec: 0 operations;
2025-04-21 21:11:42 5 sec: 0 operations;
2025-04-21 21:11:43 6 sec: 0 operations;
2025-04-21 21:11:44 7 sec: 0 operations;
2025-04-21 21:11:45 8 sec: 3665 operations; [READ: Count=2451 Max=669.18 Min=6.73 Avg=56.80 10=16.70 25=21.33 50=29.73 75=93.12 90=114.62 95=136.45 99=351.74 99.9=648.70 99.99=669.18] [UPDATE: Count=1214 Max=590.85 Min=8.77 Avg=28.22 10=11.40 25=13.41 50=18.03 75=29.95 90=51.30 95=73.98 99=148.35 99.9=519.42 99.99=590.85]
2025-04-21 21:11:46 9 sec: 15284 operations; [READ: Count=10225 Max=8323.07 Min=4.13 Avg=93.23 10=19.71 25=27.07 50=39.52 75=99.71 90=133.63 95=164.35 99=923.13 99.9=4595.71 99.99=8224.77] [UPDATE: Count=5059 Max=9142.27 Min=8.77 Avg=40.15 10=14.91 25=21.90 50=30.56 75=42.62 90=57.44 95=70.85 99=114.56 99.9=590.85 99.99=5308.41]
2025-04-21 21:11:47 10 sec: 22789 operations; [READ: Count=15276 Max=8323.07 Min=3.10 Avg=104.55 10=19.57 25=26.70 50=38.85 75=99.78 90=136.83 95=210.94 99=1570.82 99.9=4448.26 99.99=7806.98] [UPDATE: Count=7513 Max=37126.14 Min=8.77 Avg=73.90 10=15.21 25=21.81 50=30.70 75=43.13 90=59.20 95=74.30 99=129.22 99.9=17481.73 99.99=31080.45]
2025-04-21 21:11:48 11 sec: 27754 operations; [READ: Count=18546 Max=8323.07 Min=3.10 Avg=124.00 10=20.00 25=27.49 50=40.13 75=100.86 90=148.35 95=406.53 99=1798.14 99.9=4231.17 99.99=7806.98] [UPDATE: Count=9208 Max=37126.14 Min=8.77 Avg=91.98 10=15.38 25=21.86 50=31.01 75=44.32 90=62.08 95=78.72 99=144.64 99.9=20217.85 99.99=31522.81]
2025-04-21 21:11:49 12 sec: 36995 operations; [READ: Count=24762 Max=8323.07 Min=3.10 Avg=119.52 10=20.96 25=29.09 50=42.17 75=100.67 90=147.58 95=370.69 99=1720.32 99.9=4077.57 99.99=7806.98] [UPDATE: Count=12233 Max=39813.12 Min=8.77 Avg=96.29 10=16.54 25=22.59 50=31.30 75=44.06 90=61.25 95=77.76 99=141.57 99.9=21676.03 99.99=37126.14]
2025-04-21 21:11:50 13 sec: 40818 operations; [READ: Count=27334 Max=8724.48 Min=3.10 Avg=129.95 10=21.18 25=29.36 50=42.30 75=101.12 90=150.53 95=411.90 99=2012.16 99.9=4390.91 99.99=7806.98] [UPDATE: Count=13484 Max=41156.61 Min=8.77 Avg=117.32 10=16.37 25=22.19 50=30.88 75=43.81 90=61.70 95=78.78 99=152.83 99.9=26279.94 99.99=39813.12]
2025-04-21 21:11:51 14 sec: 47609 operations; [READ: Count=31871 Max=8724.48 Min=2.82 Avg=131.49 10=21.30 25=29.49 50=42.27 75=101.25 90=151.94 95=456.45 99=2002.94 99.9=4374.53 99.99=7806.98] [UPDATE: Count=15738 Max=41156.61 Min=8.26 Avg=123.06 10=16.21 25=21.44 50=29.84 75=42.40 90=60.29 95=77.25 99=162.43 99.9=24543.23 99.99=37126.14]
2025-04-21 21:11:52 15 sec: 61176 operations; [READ: Count=40928 Max=8724.48 Min=2.82 Avg=121.15 10=21.04 25=28.73 50=41.34 75=101.25 90=152.96 95=388.61 99=1807.36 99.9=4153.34 99.99=6828.03] [UPDATE: Count=20248 Max=41156.61 Min=8.12 Avg=106.30 10=15.36 25=20.11 50=28.03 75=40.06 90=57.79 95=74.05 99=156.03 99.9=23003.13 99.99=37126.14]
2025-04-21 21:11:53 16 sec: 76671 operations; [READ: Count=51300 Max=8724.48 Min=2.82 Avg=112.73 10=19.36 25=26.62 50=38.91 75=96.38 90=152.70 95=376.32 99=1565.69 99.9=4050.94 99.99=5939.20] [UPDATE: Count=25371 Max=41156.61 Min=6.41 Avg=91.16 10=13.50 25=17.71 50=25.04 75=36.99 90=53.89 95=69.63 99=149.76 99.9=20070.40 99.99=34897.92]
2025-04-21 21:11:54 17 sec: 90005 operations; [READ: Count=60159 Max=8724.48 Min=2.82 Avg=109.65 10=18.82 25=25.79 50=37.70 75=81.92 90=151.29 95=376.32 99=1515.52 99.9=3946.49 99.99=5578.75] [UPDATE: Count=29846 Max=41156.61 Min=6.41 Avg=83.27 10=13.03 25=16.85 50=23.68 75=35.10 90=51.74 95=66.81 99=139.90 99.9=18857.98 99.99=34897.92]
2025-04-21 21:11:55 18 sec: 106903 operations; [READ: Count=71415 Max=8724.48 Min=2.82 Avg=103.83 10=18.54 25=25.20 50=36.64 75=68.80 90=147.58 95=368.13 99=1367.04 99.9=3782.66 99.99=5160.96] [UPDATE: Count=35488 Max=41156.61 Min=6.41 Avg=74.61 10=12.83 25=16.43 50=22.82 75=33.70 90=49.92 95=64.77 99=135.81 99.9=17612.80 99.99=31522.81]
2025-04-21 21:11:56 19 sec: 124943 operations; [READ: Count=83427 Max=8724.48 Min=2.74 Avg=98.59 10=18.29 25=24.67 50=35.68 75=62.66 90=144.64 95=356.86 99=1262.59 99.9=3670.01 99.99=5115.90] [UPDATE: Count=41516 Max=41156.61 Min=6.41 Avg=67.90 10=12.56 25=15.98 50=22.08 75=32.45 90=48.16 95=62.66 99=131.46 99.9=16539.65 99.99=31522.81]
2025-04-21 21:11:57 20 sec: 144149 operations; [READ: Count=96202 Max=8724.48 Min=2.74 Avg=93.85 10=18.09 25=24.30 50=34.98 75=58.69 90=140.41 95=342.01 99=1153.02 99.9=3524.61 99.99=4976.64] [UPDATE: Count=47947 Max=41156.61 Min=6.41 Avg=62.45 10=12.39 25=15.67 50=21.55 75=31.66 90=47.30 95=61.79 99=129.41 99.9=14696.45 99.99=31080.45]
2025-04-21 21:11:58 21 sec: 163397 operations; [READ: Count=109065 Max=8724.48 Min=2.74 Avg=90.14 10=17.98 25=24.03 50=34.53 75=56.67 90=137.98 95=331.52 99=1086.46 99.9=3346.43 99.99=4943.87] [UPDATE: Count=54332 Max=41156.61 Min=6.41 Avg=58.37 10=12.21 25=15.35 50=21.04 75=30.96 90=46.40 95=60.90 99=128.51 99.9=12705.79 99.99=30523.39]
2025-04-21 21:11:59 22 sec: 176978 operations; [READ: Count=118164 Max=8724.48 Min=2.74 Avg=90.15 10=17.76 25=23.76 50=34.21 75=55.94 90=138.11 95=340.99 99=1090.56 99.9=3282.94 99.99=4898.81] [UPDATE: Count=58814 Max=41156.61 Min=6.41 Avg=56.74 10=12.00 25=15.00 50=20.50 75=30.19 90=45.34 95=59.68 99=127.36 99.9=11649.02 99.99=30523.39]
2025-04-21 21:12:00 23 sec: 191253 operations; [READ: Count=127721 Max=8724.48 Min=2.74 Avg=89.94 10=17.79 25=23.86 50=34.43 75=56.90 90=139.13 95=342.01 99=1074.17 99.9=3178.49 99.99=4898.81] [UPDATE: Count=63532 Max=41156.61 Min=6.41 Avg=54.84 10=12.00 25=14.92 50=20.21 75=29.52 90=44.26 95=58.27 99=126.14 99.9=10559.49 99.99=30523.39]
2025-04-21 21:12:01 24 sec: 203957 operations; [READ: Count=136224 Max=8724.48 Min=2.74 Avg=90.64 10=17.76 25=23.87 50=34.56 75=58.17 90=142.34 95=349.69 99=1062.91 99.9=3117.05 99.99=4894.72] [UPDATE: Count=67733 Max=41156.61 Min=6.41 Avg=53.32 10=11.91 25=14.70 50=19.82 75=28.89 90=43.39 95=57.28 99=126.02 99.9=9781.25 99.99=30162.94]
2025-04-21 21:12:02 25 sec: 216270 operations; [READ: Count=144472 Max=8724.48 Min=2.74 Avg=91.56 10=17.74 25=23.90 50=34.78 75=60.41 90=146.43 95=355.58 99=1047.04 99.9=3090.43 99.99=4894.72] [UPDATE: Count=71798 Max=41156.61 Min=6.41 Avg=51.78 10=11.87 25=14.54 50=19.45 75=28.27 90=42.59 95=56.38 99=126.02 99.9=8585.22 99.99=30162.94]
2025-04-21 21:12:03 26 sec: 228397 operations; [READ: Count=152536 Max=8724.48 Min=2.74 Avg=92.49 10=17.63 25=23.87 50=34.98 75=64.38 90=150.66 95=360.70 99=1030.14 99.9=2908.16 99.99=4743.17] [UPDATE: Count=75861 Max=41156.61 Min=6.41 Avg=50.41 10=11.81 25=14.40 50=19.14 75=27.66 90=41.79 95=55.58 99=126.14 99.9=8179.71 99.99=30031.87]
2025-04-21 21:12:04 27 sec: 238020 operations; [READ: Count=158938 Max=8724.48 Min=2.74 Avg=94.39 10=17.52 25=23.86 50=35.23 75=71.68 90=157.95 95=369.15 99=1028.61 99.9=2859.01 99.99=4718.59] [UPDATE: Count=79082 Max=41156.61 Min=6.41 Avg=49.58 10=11.76 25=14.26 50=18.86 75=27.18 90=41.09 95=54.88 99=126.85 99.9=6926.34 99.99=30031.87]
2025-04-21 21:12:05 28 sec: 247043 operations; [READ: Count=164943 Max=8724.48 Min=2.74 Avg=96.28 10=17.50 25=23.93 50=35.62 75=86.53 90=164.61 95=374.27 99=1038.34 99.9=2859.01 99.99=4743.17] [UPDATE: Count=82100 Max=41156.61 Min=6.41 Avg=49.13 10=11.81 25=14.32 50=18.83 75=26.82 90=40.51 95=54.11 99=126.85 99.9=6483.97 99.99=30031.87]
2025-04-21 21:12:06 29 sec: 257965 operations; [READ: Count=172233 Max=8724.48 Min=2.74 Avg=97.31 10=17.47 25=23.98 50=35.94 75=93.44 90=173.06 95=376.32 99=1026.56 99.9=2830.34 99.99=4718.59] [UPDATE: Count=85732 Max=41156.61 Min=6.41 Avg=48.31 10=11.87 25=14.41 50=18.80 75=26.45 90=39.90 95=53.38 99=127.10 99.9=5869.57 99.99=29736.96]
2025-04-21 21:12:07 30 sec: 269279 operations; [READ: Count=179783 Max=8724.48 Min=2.74 Avg=98.16 10=17.39 25=23.92 50=36.00 75=96.25 90=180.61 95=380.93 99=1016.32 99.9=2791.42 99.99=4702.21] [UPDATE: Count=89496 Max=41156.61 Min=6.41 Avg=47.42 10=11.90 25=14.43 50=18.70 75=26.11 90=39.30 95=52.70 99=127.30 99.9=5472.26 99.99=29736.96]
2025-04-21 21:12:08 31 sec: 281959 operations; [READ: Count=188228 Max=8724.48 Min=2.74 Avg=98.42 10=17.21 25=23.74 50=35.94 75=97.79 90=185.98 95=381.69 99=1005.05 99.9=2742.27 99.99=4640.77] [UPDATE: Count=93731 Max=41156.61 Min=6.41 Avg=46.45 10=11.86 25=14.34 50=18.51 75=25.68 90=38.66 95=52.00 99=127.94 99.9=5267.45 99.99=29736.96]
2025-04-21 21:12:09 32 sec: 293811 operations; [READ: Count=196134 Max=8724.48 Min=2.74 Avg=98.89 10=16.98 25=23.50 50=35.74 75=98.37 90=190.34 95=386.56 99=1004.54 99.9=2701.31 99.99=4628.48] [UPDATE: Count=97677 Max=41156.61 Min=6.41 Avg=45.80 10=11.78 25=14.21 50=18.30 75=25.30 90=38.11 95=51.42 99=129.09 99.9=5091.33 99.99=29376.51]
2025-04-21 21:12:10 33 sec: 306884 operations; [READ: Count=204813 Max=8724.48 Min=2.74 Avg=98.73 10=16.66 25=23.18 50=35.39 75=98.11 90=191.62 95=387.33 99=1006.59 99.9=2670.59 99.99=4628.48] [UPDATE: Count=102071 Max=41156.61 Min=6.41 Avg=45.42 10=11.65 25=14.01 50=18.03 75=24.89 90=37.47 95=50.75 99=130.18 99.9=5091.33 99.99=29376.51]
2025-04-21 21:12:11 34 sec: 325350 operations; [READ: Count=217103 Max=8724.48 Min=2.74 Avg=97.13 10=16.23 25=22.66 50=34.85 75=97.02 90=189.69 95=380.67 99=982.53 99.9=2609.15 99.99=4595.71] [UPDATE: Count=108247 Max=41156.61 Min=6.41 Avg=43.93 10=11.47 25=13.72 50=17.63 75=24.29 90=36.64 95=49.76 99=129.09 99.9=4927.49 99.99=28721.15]
2025-04-21 21:12:12 35 sec: 342275 operations; [READ: Count=228384 Max=8724.48 Min=2.74 Avg=96.19 10=15.89 25=22.21 50=34.85 75=96.58 90=188.29 95=374.27 99=962.56 99.9=2541.57 99.99=4575.23] [UPDATE: Count=113891 Max=41156.61 Min=6.41 Avg=42.67 10=11.33 25=13.47 50=17.28 75=23.82 90=35.97 95=48.83 99=127.61 99.9=4780.03 99.99=28721.15]
2025-04-21 21:12:13 36 sec: 365711 operations; [READ: Count=244058 Max=8724.48 Min=2.54 Avg=93.63 10=15.01 25=21.52 50=34.91 75=93.63 90=179.71 95=361.21 99=931.84 99.9=2465.79 99.99=4567.04] [UPDATE: Count=121653 Max=41156.61 Min=6.38 Avg=40.78 10=10.81 25=12.97 50=16.73 75=23.15 90=34.98 95=47.71 99=124.16 99.9=4427.77 99.99=28000.26]
2025-04-21 21:12:14 37 sec: 389378 operations; [READ: Count=259859 Max=8724.48 Min=2.31 Avg=91.34 10=14.38 25=20.86 50=34.98 75=91.20 90=171.13 95=349.95 99=908.80 99.9=2396.16 99.99=4554.75] [UPDATE: Count=129519 Max=41156.61 Min=6.38 Avg=39.05 10=10.53 25=12.57 50=16.20 75=22.51 90=34.08 95=46.56 99=118.85 99.9=3911.68 99.99=26279.94]
2025-04-21 21:12:15 38 sec: 410725 operations; [READ: Count=274141 Max=8724.48 Min=2.31 Avg=89.87 10=13.93 25=20.30 50=35.04 75=89.73 90=165.25 95=343.30 99=889.86 99.9=2363.39 99.99=4554.75] [UPDATE: Count=136584 Max=41156.61 Min=6.38 Avg=37.66 10=10.34 25=12.23 50=15.76 75=22.00 90=33.28 95=45.57 99=115.01 99.9=3596.29 99.99=25788.42]
2025-04-21 21:12:16 39 sec: 435805 operations; [READ: Count=290853 Max=8724.48 Min=2.31 Avg=87.70 10=13.57 25=19.63 50=35.07 75=88.19 90=156.16 95=332.03 99=869.38 99.9=2301.95 99.99=4513.79] [UPDATE: Count=144952 Max=41156.61 Min=6.38 Avg=36.23 10=10.22 25=11.93 50=15.32 75=21.45 90=32.43 95=44.48 99=110.46 99.9=3217.41 99.99=25788.42]
2025-04-21 21:12:17 40 sec: 462256 operations; [READ: Count=308532 Max=8724.48 Min=2.31 Avg=85.50 10=13.21 25=19.01 50=35.10 75=86.91 90=147.71 95=317.44 99=848.89 99.9=2246.66 99.99=4501.50] [UPDATE: Count=153724 Max=41156.61 Min=6.38 Avg=34.88 10=10.13 25=11.66 50=14.94 75=20.91 90=31.58 95=43.36 99=106.56 99.9=3000.32 99.99=25690.11]
2025-04-21 21:12:18 41 sec: 488737 operations; [READ: Count=326171 Max=8724.48 Min=2.31 Avg=83.55 10=12.92 25=18.45 50=35.13 75=85.95 90=141.18 95=303.36 99=824.32 99.9=2211.84 99.99=4448.26] [UPDATE: Count=162566 Max=41156.61 Min=6.38 Avg=33.65 10=10.07 25=11.44 50=14.60 75=20.40 90=30.86 95=42.40 99=103.04 99.9=2902.01 99.99=24543.23]
2025-04-21 21:12:19 42 sec: 513313 operations; [READ: Count=342531 Max=8724.48 Min=2.24 Avg=82.13 10=12.65 25=17.95 50=35.10 75=85.31 90=137.47 95=293.38 99=806.40 99.9=2150.40 99.99=4399.10] [UPDATE: Count=170782 Max=41156.61 Min=6.15 Avg=32.63 10=10.02 25=11.26 50=14.32 75=19.97 90=30.22 95=41.57 99=100.16 99.9=2723.84 99.99=24543.23]
2025-04-21 21:12:20 43 sec: 538390 operations; [READ: Count=359262 Max=8724.48 Min=2.24 Avg=80.76 10=12.41 25=17.52 50=35.04 75=84.86 90=134.40 95=282.11 99=788.99 99.9=2127.87 99.99=4390.91] [UPDATE: Count=179128 Max=41156.61 Min=6.15 Avg=31.68 10=9.96 25=11.11 50=14.08 75=19.55 90=29.63 95=40.70 99=97.41 99.9=2594.82 99.99=23494.65]
2025-04-21 21:12:21 44 sec: 559655 operations; [READ: Count=373461 Max=8724.48 Min=2.24 Avg=80.05 10=12.19 25=17.18 50=34.94 75=84.54 90=132.74 95=277.50 99=776.19 99.9=2089.98 99.99=4382.72] [UPDATE: Count=186194 Max=41156.61 Min=6.15 Avg=31.02 10=9.93 25=11.02 50=13.91 75=19.21 90=29.15 95=40.00 99=94.91 99.9=2531.33 99.99=23035.90]
2025-04-21 21:12:22 45 sec: 586413 operations; [READ: Count=391288 Max=8724.48 Min=2.24 Avg=78.63 10=11.88 25=16.78 50=34.72 75=84.09 90=130.24 95=265.21 99=756.74 99.9=2051.07 99.99=4374.53] [UPDATE: Count=195125 Max=41156.61 Min=6.15 Avg=30.16 10=9.89 25=10.91 50=13.73 75=18.83 90=28.59 95=39.23 99=92.16 99.9=2392.06 99.99=23003.13]
2025-04-21 21:12:23 46 sec: 613917 operations; [READ: Count=409579 Max=8724.48 Min=2.22 Avg=77.25 10=11.49 25=16.45 50=34.37 75=83.71 90=127.87 95=253.95 99=741.38 99.9=1997.82 99.99=4308.99] [UPDATE: Count=204338 Max=41156.61 Min=6.15 Avg=29.34 10=9.84 25=10.82 50=13.56 75=18.46 90=28.03 95=38.49 99=89.41 99.9=2267.14 99.99=23003.13]
2025-04-21 21:12:24 47 sec: 641049 operations; [READ: Count=427739 Max=8724.48 Min=2.22 Avg=76.00 10=11.05 25=16.13 50=34.02 75=83.39 90=125.76 95=244.48 99=724.99 99.9=1968.13 99.99=4231.17] [UPDATE: Count=213310 Max=41156.61 Min=6.15 Avg=28.62 10=9.81 25=10.74 50=13.41 75=18.11 90=27.50 95=37.76 99=87.42 99.9=2131.97 99.99=21921.79]
2025-04-21 21:12:25 48 sec: 666943 operations; [READ: Count=445027 Max=8724.48 Min=2.06 Avg=75.03 10=10.56 25=15.87 50=33.73 75=83.07 90=124.16 95=237.57 99=711.17 99.9=1947.65 99.99=4182.02] [UPDATE: Count=221916 Max=41156.61 Min=6.15 Avg=27.98 10=9.77 25=10.68 50=13.26 75=17.82 90=27.01 95=37.15 99=86.21 99.9=2012.16 99.99=21676.03]
2025-04-21 21:12:26 49 sec: 689486 operations; [READ: Count=460050 Max=8724.48 Min=2.06 Avg=74.52 10=10.11 25=15.69 50=33.44 75=82.88 90=123.20 95=235.65 99=706.56 99.9=1925.12 99.99=4177.92] [UPDATE: Count=229436 Max=41156.61 Min=6.15 Avg=27.46 10=9.74 25=10.65 50=13.16 75=17.57 90=26.62 95=36.61 99=84.61 99.9=1944.58 99.99=21266.43]
2025-04-21 21:12:27 50 sec: 717386 operations; [READ: Count=478633 Max=8724.48 Min=2.06 Avg=73.44 10=9.60 25=15.51 50=33.12 75=82.62 90=121.41 95=228.48 99=694.27 99.9=1898.49 99.99=4153.34] [UPDATE: Count=238753 Max=41156.61 Min=6.15 Avg=26.86 10=9.71 25=10.60 50=13.03 75=17.26 90=26.19 95=36.03 99=83.07 99.9=1859.58 99.99=20594.69]
2025-04-21 21:12:28 51 sec: 746115 operations; [READ: Count=497812 Max=8724.48 Min=2.06 Avg=72.34 10=9.15 25=15.34 50=32.77 75=82.37 90=119.68 95=221.44 99=677.89 99.9=1872.89 99.99=4102.14] [UPDATE: Count=248303 Max=41156.61 Min=6.15 Avg=26.29 10=9.68 25=10.55 50=12.91 75=16.99 90=25.74 95=35.45 99=81.41 99.9=1798.14 99.99=20512.77]
2025-04-21 21:12:29 52 sec: 772296 operations; [READ: Count=515246 Max=8724.48 Min=2.06 Avg=71.60 10=8.81 25=15.21 50=32.43 75=82.24 90=118.53 95=217.47 99=667.65 99.9=1854.46 99.99=4077.57] [UPDATE: Count=257050 Max=41156.61 Min=6.15 Avg=25.81 10=9.65 25=10.53 50=12.80 75=16.75 90=25.34 95=34.94 99=80.06 99.9=1764.35 99.99=20217.85]
2025-04-21 21:12:30 53 sec: 796881 operations; [READ: Count=531603 Max=8724.48 Min=2.06 Avg=71.04 10=8.54 25=15.13 50=32.11 75=82.11 90=117.57 95=215.04 99=660.99 99.9=1830.91 99.99=4075.52] [UPDATE: Count=265278 Max=41156.61 Min=6.15 Avg=25.40 10=9.64 25=10.50 50=12.70 75=16.54 90=25.02 95=34.49 99=78.85 99.9=1692.67 99.99=20070.40]
2025-04-21 21:12:31 54 sec: 824469 operations; [READ: Count=550071 Max=8724.48 Min=2.06 Avg=70.23 10=8.28 25=15.02 50=31.77 75=81.92 90=116.29 95=210.81 99=649.22 99.9=1807.36 99.99=4059.14] [UPDATE: Count=274398 Max=41156.61 Min=6.15 Avg=24.99 10=9.62 25=10.48 50=12.59 75=16.32 90=24.67 95=34.02 99=77.89 99.9=1639.42 99.99=20070.40]
2025-04-21 21:12:32 55 sec: 846993 operations; [READ: Count=565104 Max=8724.48 Min=2.06 Avg=69.94 10=8.09 25=14.93 50=31.47 75=81.79 90=115.45 95=208.64 99=646.65 99.9=1842.17 99.99=4052.99] [UPDATE: Count=281889 Max=41156.61 Min=6.15 Avg=24.65 10=9.59 25=10.46 50=12.51 75=16.16 90=24.38 95=33.63 99=77.12 99.9=1622.02 99.99=19939.33]
2025-04-21 21:12:33 56 sec: 875574 operations; [READ: Count=584178 Max=8724.48 Min=2.06 Avg=69.12 10=7.92 25=14.84 50=31.07 75=81.66 90=114.17 95=203.52 99=634.88 99.9=1823.74 99.99=4050.94] [UPDATE: Count=291396 Max=41156.61 Min=6.15 Avg=24.27 10=9.57 25=10.45 50=12.46 75=16.00 90=24.05 95=33.18 99=76.09 99.9=1550.34 99.99=18907.13]
2025-04-21 21:12:34 57 sec: 904548 operations; [READ: Count=603538 Max=8724.48 Min=2.06 Avg=68.33 10=7.75 25=14.73 50=30.66 75=81.47 90=112.96 95=198.40 99=624.64 99.9=1801.21 99.99=4012.03] [UPDATE: Count=301010 Max=41156.61 Min=6.15 Avg=23.88 10=9.56 25=10.43 50=12.38 75=15.85 90=23.73 95=32.69 99=74.88 99.9=1470.46 99.99=18857.98]
2025-04-21 21:12:35 58 sec: 929939 operations; [READ: Count=620483 Max=8724.48 Min=2.06 Avg=67.89 10=7.62 25=14.65 50=30.27 75=81.41 90=112.32 95=196.99 99=617.98 99.9=1781.76 99.99=3985.41] [UPDATE: Count=309456 Max=41156.61 Min=6.15 Avg=23.55 10=9.53 25=10.41 50=12.30 75=15.71 90=23.44 95=32.30 99=74.05 99.9=1418.24 99.99=18857.98]
2025-04-21 21:12:36 59 sec: 957333 operations; [READ: Count=638802 Max=8724.48 Min=2.06 Avg=67.30 10=7.50 25=14.57 50=29.89 75=81.28 90=111.42 95=194.05 99=608.77 99.9=1746.94 99.99=3948.54] [UPDATE: Count=318531 Max=41156.61 Min=6.15 Avg=23.24 10=9.51 25=10.41 50=12.25 75=15.59 90=23.17 95=31.90 99=73.02 99.9=1363.97 99.99=18317.31]
2025-04-21 21:12:37 60 sec: 978881 operations; [READ: Count=653173 Max=8724.48 Min=2.06 Avg=67.18 10=7.42 25=14.53 50=29.54 75=81.28 90=111.23 95=195.71 99=607.23 99.9=1734.65 99.99=3954.69] [UPDATE: Count=325708 Max=41156.61 Min=6.15 Avg=23.02 10=9.49 25=10.40 50=12.20 75=15.49 90=22.94 95=31.58 99=72.45 99.9=1347.58 99.99=18235.39]
2025-04-21 21:12:38 61 sec: 1008379 operations; [READ: Count=672851 Max=8724.48 Min=2.06 Avg=66.49 10=7.30 25=14.44 50=29.07 75=81.15 90=110.21 95=191.49 99=598.53 99.9=1716.22 99.99=3946.49] [UPDATE: Count=335528 Max=41156.61 Min=6.15 Avg=22.69 10=9.47 25=10.38 50=12.12 75=15.37 90=22.66 95=31.20 99=71.55 99.9=1259.52 99.99=18169.85]
2025-04-21 21:12:39 62 sec: 1035547 operations; [READ: Count=691004 Max=8724.48 Min=2.06 Avg=66.00 10=7.21 25=14.35 50=28.54 75=81.09 90=109.76 95=189.95 99=591.87 99.9=1694.72 99.99=3934.21] [UPDATE: Count=344543 Max=41156.61 Min=6.15 Avg=22.43 10=9.46 25=10.37 50=12.07 75=15.29 90=22.41 95=30.88 99=70.85 99.9=1192.96 99.99=18169.85]
2025-04-21 21:12:40 63 sec: 1058950 operations; [READ: Count=706613 Max=8724.48 Min=2.06 Avg=65.79 10=7.15 25=14.29 50=28.09 75=81.02 90=109.57 95=190.97 99=589.31 99.9=1675.26 99.99=3909.63] [UPDATE: Count=352337 Max=41156.61 Min=6.15 Avg=22.22 10=9.44 25=10.37 50=12.05 75=15.23 90=22.19 95=30.59 99=70.33 99.9=1162.24 99.99=17711.10]
2025-04-21 21:12:41 64 sec: 1087918 operations; [READ: Count=725927 Max=8724.48 Min=2.06 Avg=65.23 10=7.05 25=14.21 50=27.57 75=80.96 90=108.80 95=188.16 99=582.14 99.9=1653.76 99.99=3901.44] [UPDATE: Count=361991 Max=41156.61 Min=6.15 Avg=21.96 10=9.41 25=10.35 50=11.99 75=15.13 90=21.95 95=30.27 99=69.63 99.9=1126.40 99.99=17612.80]
2025-04-21 21:12:42 65 sec: 1109214 operations; [READ: Count=740136 Max=8724.48 Min=2.06 Avg=65.19 10=7.01 25=14.14 50=27.18 75=80.89 90=108.67 95=189.06 99=582.65 99.9=1689.60 99.99=3885.05] [UPDATE: Count=369078 Max=41156.61 Min=6.15 Avg=21.78 10=9.39 25=10.34 50=11.94 75=15.07 90=21.77 95=30.05 99=68.99 99.9=1107.97 99.99=17481.73]
2025-04-21 21:12:43 66 sec: 1136953 operations; [READ: Count=758633 Max=8724.48 Min=2.06 Avg=64.73 10=6.93 25=14.06 50=26.66 75=80.83 90=108.29 95=187.65 99=576.00 99.9=1667.07 99.99=3833.86] [UPDATE: Count=378320 Max=41156.61 Min=6.15 Avg=21.56 10=9.37 25=10.34 50=11.90 75=15.00 90=21.57 95=29.74 99=68.48 99.9=1091.58 99.99=17465.34]
2025-04-21 21:12:44 67 sec: 1161094 operations; [READ: Count=774704 Max=8724.48 Min=2.06 Avg=64.51 10=6.91 25=14.02 50=26.19 75=80.83 90=108.09 95=188.03 99=572.41 99.9=1648.64 99.99=3799.04] [UPDATE: Count=386390 Max=41156.61 Min=6.15 Avg=21.41 10=9.37 25=10.34 50=11.92 75=14.99 90=21.39 95=29.49 99=68.09 99.9=1065.98 99.99=17203.20]
2025-04-21 21:12:45 68 sec: 1185768 operations; [READ: Count=791143 Max=8724.48 Min=2.06 Avg=64.26 10=6.86 25=13.96 50=25.71 75=80.77 90=107.97 95=188.54 99=569.34 99.9=1632.26 99.99=3778.56] [UPDATE: Count=394625 Max=41156.61 Min=6.15 Avg=21.26 10=9.35 25=10.34 50=11.89 75=14.94 90=21.21 95=29.25 99=67.45 99.9=1044.99 99.99=17203.20]
2025-04-21 21:12:46 69 sec: 1210669 operations; [READ: Count=807728 Max=8724.48 Min=2.06 Avg=64.01 10=6.82 25=13.89 50=25.25 75=80.77 90=107.78 95=188.93 99=566.78 99.9=1611.78 99.99=3749.89] [UPDATE: Count=402941 Max=41156.61 Min=6.15 Avg=21.12 10=9.34 25=10.33 50=11.87 75=14.89 90=21.04 95=29.02 99=67.01 99.9=1044.99 99.99=16908.29]
2025-04-21 21:12:47 70 sec: 1237784 operations; [READ: Count=825865 Max=8724.48 Min=2.06 Avg=63.65 10=6.78 25=13.81 50=24.67 75=80.70 90=107.45 95=188.41 99=561.66 99.9=1597.44 99.99=3729.41] [UPDATE: Count=411919 Max=41156.61 Min=6.15 Avg=20.94 10=9.31 25=10.32 50=11.84 75=14.85 90=20.85 95=28.78 99=66.69 99.9=1030.65 99.99=16891.90]
2025-04-21 21:12:48 71 sec: 1259813 operations; [READ: Count=840570 Max=8724.48 Min=1.96 Avg=63.55 10=6.75 25=13.76 50=24.24 75=80.70 90=107.52 95=190.21 99=560.64 99.9=1587.20 99.99=3715.07] [UPDATE: Count=419243 Max=41156.61 Min=6.15 Avg=20.88 10=9.30 25=10.32 50=11.82 75=14.81 90=20.72 95=28.59 99=66.24 99.9=1030.65 99.99=16662.53]
2025-04-21 21:12:49 72 sec: 1288513 operations; [READ: Count=859731 Max=8724.48 Min=1.96 Avg=63.14 10=6.70 25=13.67 50=23.66 75=80.64 90=107.14 95=188.93 99=555.01 99.9=1572.86 99.99=3710.97] [UPDATE: Count=428782 Max=41156.61 Min=6.15 Avg=20.70 10=9.28 25=10.31 50=11.79 75=14.77 90=20.53 95=28.32 99=65.73 99.9=1008.13 99.99=16547.84]
2025-04-21 21:12:50 73 sec: 1315528 operations; [READ: Count=877800 Max=8724.48 Min=1.96 Avg=62.82 10=6.66 25=13.60 50=23.15 75=80.51 90=106.75 95=188.54 99=552.45 99.9=1551.36 99.99=3680.26] [UPDATE: Count=437728 Max=41156.61 Min=6.15 Avg=20.56 10=9.26 25=10.30 50=11.78 75=14.73 90=20.37 95=28.11 99=65.28 99.9=987.65 99.99=16539.65]
2025-04-21 21:12:51 74 sec: 1342872 operations; [READ: Count=895998 Max=8724.48 Min=1.96 Avg=62.50 10=6.61 25=13.51 50=22.67 75=80.45 90=106.50 95=188.54 99=548.35 99.9=1538.05 99.99=3672.06] [UPDATE: Count=446874 Max=41156.61 Min=6.15 Avg=20.41 10=9.25 25=10.30 50=11.78 75=14.71 90=20.22 95=27.90 99=65.25 99.9=956.93 99.99=16367.61]
2025-04-21 21:12:52 75 sec: 1366091 operations; [READ: Count=911448 Max=8724.48 Min=1.96 Avg=62.38 10=6.60 25=13.46 50=22.45 75=80.51 90=106.69 95=189.82 99=545.79 99.9=1525.76 99.99=3670.01] [UPDATE: Count=454643 Max=41156.61 Min=6.15 Avg=20.34 10=9.23 25=10.29 50=11.77 75=14.70 90=20.11 95=27.73 99=65.31 99.9=943.62 99.99=16367.61]
2025-04-21 21:12:53 76 sec: 1385064 operations; [READ: Count=924103 Max=8724.48 Min=1.96 Avg=62.49 10=6.62 25=13.45 50=22.43 75=80.58 90=106.88 95=191.23 99=545.79 99.9=1517.57 99.99=3659.78] [UPDATE: Count=460961 Max=41156.61 Min=6.15 Avg=20.27 10=9.22 25=10.29 50=11.77 75=14.69 90=20.03 95=27.58 99=65.09 99.9=934.40 99.99=16146.43]
2025-04-21 21:12:54 77 sec: 1397768 operations; [READ: Count=932538 Max=8724.48 Min=1.96 Avg=62.91 10=6.64 25=13.47 50=22.57 75=80.77 90=107.78 95=195.20 99=548.86 99.9=1515.52 99.99=3647.49] [UPDATE: Count=465230 Max=41156.61 Min=6.15 Avg=20.24 10=9.23 25=10.30 50=11.78 75=14.70 90=19.98 95=27.49 99=64.93 99.9=939.52 99.99=16089.09]
2025-04-21 21:12:55 78 sec: 1413287 operations; [READ: Count=942837 Max=8724.48 Min=1.96 Avg=63.16 10=6.67 25=13.49 50=22.72 75=80.89 90=108.42 95=197.25 99=549.38 99.9=1510.40 99.99=3622.91] [UPDATE: Count=470450 Max=41156.61 Min=6.15 Avg=20.23 10=9.25 25=10.31 50=11.80 75=14.70 90=19.92 95=27.36 99=64.73 99.9=983.55 99.99=16089.09]
2025-04-21 21:12:56 79 sec: 1426600 operations; [READ: Count=951742 Max=8724.48 Min=1.96 Avg=63.54 10=6.69 25=13.52 50=22.82 75=81.02 90=109.06 95=200.70 99=553.98 99.9=1510.40 99.99=3659.78] [UPDATE: Count=474858 Max=41156.61 Min=6.15 Avg=20.19 10=9.26 25=10.32 50=11.81 75=14.70 90=19.89 95=27.26 99=64.58 99.9=963.58 99.99=16089.09]
2025-04-21 21:12:57 80 sec: 1443311 operations; [READ: Count=962891 Max=8724.48 Min=1.96 Avg=63.72 10=6.71 25=13.56 50=22.93 75=81.15 90=109.50 95=202.37 99=555.52 99.9=1503.23 99.99=3647.49] [UPDATE: Count=480420 Max=41156.61 Min=6.15 Avg=20.16 10=9.27 25=10.32 50=11.82 75=14.70 90=19.84 95=27.17 99=64.38 99.9=963.58 99.99=15851.52]
2025-04-21 21:12:58 81 sec: 1457871 operations; [READ: Count=972649 Max=8724.48 Min=1.96 Avg=64.01 10=6.74 25=13.60 50=23.14 75=81.34 90=110.21 95=204.54 99=556.54 99.9=1500.16 99.99=3622.91] [UPDATE: Count=485222 Max=41156.61 Min=6.15 Avg=20.14 10=9.28 25=10.34 50=11.86 75=14.74 90=19.84 95=27.09 99=64.16 99.9=958.98 99.99=15663.10]
2025-04-21 21:12:59 82 sec: 1472129 operations; [READ: Count=982062 Max=8724.48 Min=1.96 Avg=64.31 10=6.75 25=13.63 50=23.33 75=81.53 90=110.97 95=207.23 99=556.54 99.9=1491.97 99.99=3620.86] [UPDATE: Count=490067 Max=41156.61 Min=6.15 Avg=20.13 10=9.29 25=10.34 50=11.87 75=14.75 90=19.81 95=27.01 99=64.03 99.9=983.55 99.99=15663.10]
2025-04-21 21:13:00 83 sec: 1485063 operations; [READ: Count=990740 Max=8724.48 Min=1.96 Avg=64.67 10=6.78 25=13.66 50=23.57 75=81.66 90=112.06 95=209.53 99=557.57 99.9=1489.92 99.99=3604.48] [UPDATE: Count=494323 Max=41156.61 Min=6.15 Avg=20.11 10=9.30 25=10.34 50=11.90 75=14.78 90=19.81 95=26.93 99=63.94 99.9=977.41 99.99=15663.10]
2025-04-21 21:13:01 84 sec: 1498813 operations; [READ: Count=999910 Max=8724.48 Min=1.96 Avg=64.99 10=6.79 25=13.70 50=23.79 75=81.86 90=113.28 95=211.20 99=557.57 99.9=1489.92 99.99=3565.57] [UPDATE: Count=498903 Max=41156.61 Min=6.15 Avg=20.06 10=9.31 25=10.35 50=11.92 75=14.79 90=19.77 95=26.83 99=63.77 99.9=958.98 99.99=15556.61]
2025-04-21 21:13:01 84 sec: 1498942 operations; [READ: Count=1000000 Max=8724.48 Min=1.96 Avg=64.99 10=6.79 25=13.70 50=23.79 75=81.86 90=113.28 95=211.20 99=557.57 99.9=1489.92 99.99=3565.57] [UPDATE: Count=498942 Max=41156.61 Min=6.15 Avg=20.06 10=9.31 25=10.35 50=11.92 75=14.79 90=19.77 95=26.83 99=63.77 99.9=958.98 99.99=15556.61]
Run runtime(sec): 84.1579
Run operations(ops): 1000000
Run throughput(ops/sec): 11882.4
