Running scope as unit: run-r3cfc38f036e0478fb3f9e3a2775654ab.scope
load file:/home/user/DataFiles/silesia_data/silesia.tar
2025-04-21 21:11:37 0 sec: 0 operations;
2025-04-21 21:11:38 1 sec: 0 operations;
2025-04-21 21:11:39 2 sec: 0 operations;
2025-04-21 21:11:40 3 sec: 0 operations;
2025-04-21 21:11:41 4 sec: 0 operations;
2025-04-21 21:11:42 5 sec: 0 operations;
2025-04-21 21:11:43 6 sec: 0 operations;
2025-04-21 21:11:44 7 sec: 0 operations;
2025-04-21 21:11:45 8 sec: 0 operations;
2025-04-21 21:11:46 9 sec: 11000 operations; [READ: Count=7362 Max=959.49 Min=3.24 Avg=69.19 10=19.90 25=25.79 50=39.87 75=106.11 90=135.81 95=158.72 99=356.10 99.9=718.34 99.99=866.30] [UPDATE: Count=3638 Max=1435.65 Min=8.73 Avg=43.52 10=18.94 25=24.96 50=35.71 75=53.31 90=75.78 95=93.63 99=133.63 99.9=302.08 99.99=1435.65]
2025-04-21 21:11:47 10 sec: 13341 operations; [READ: Count=8924 Max=7913.47 Min=3.24 Avg=134.78 10=19.65 25=25.54 50=40.03 75=107.97 90=149.12 95=320.25 99=2611.20 99.9=4648.96 99.99=7872.51] [UPDATE: Count=4417 Max=36831.23 Min=8.65 Avg=103.42 10=17.28 25=24.09 50=35.04 75=53.12 90=75.58 95=94.14 99=147.84 99.9=21200.90 99.99=36831.23]
2025-04-21 21:11:48 11 sec: 22709 operations; [READ: Count=15164 Max=7913.47 Min=3.24 Avg=129.77 10=20.70 25=27.54 50=42.46 75=111.17 90=167.42 95=423.94 99=1598.46 99.9=4456.45 99.99=6688.77] [UPDATE: Count=7545 Max=36831.23 Min=8.65 Avg=91.08 10=18.40 25=25.10 50=36.86 75=55.39 90=79.68 95=99.33 99=161.53 99.9=17186.81 99.99=30146.56]
2025-04-21 21:11:49 12 sec: 25844 operations; [READ: Count=17241 Max=10387.45 Min=3.24 Avg=147.76 10=20.72 25=27.54 50=42.49 75=112.06 90=182.66 95=625.66 99=2162.69 99.9=4452.35 99.99=7872.51] [UPDATE: Count=8603 Max=39878.65 Min=8.65 Avg=128.39 10=17.50 25=24.30 50=35.74 75=54.46 90=78.59 95=99.33 99=180.48 99.9=26230.78 99.99=36831.23]
2025-04-21 21:11:50 13 sec: 32523 operations; [READ: Count=21707 Max=10387.45 Min=3.24 Avg=149.84 10=21.14 25=28.51 50=43.77 75=113.79 90=176.25 95=590.34 99=2330.62 99.9=4521.98 99.99=7913.47] [UPDATE: Count=10816 Max=40894.46 Min=8.65 Avg=126.75 10=17.97 25=24.80 50=36.03 75=53.31 90=76.61 95=97.53 99=174.59 99.9=26230.78 99.99=39878.65]
2025-04-21 21:11:51 14 sec: 41696 operations; [READ: Count=27800 Max=10387.45 Min=2.97 Avg=141.22 10=20.80 25=27.95 50=42.43 75=110.97 90=171.90 95=541.18 99=2073.60 99.9=4456.45 99.99=7872.51] [UPDATE: Count=13896 Max=40894.46 Min=8.65 Avg=123.07 10=17.15 25=22.82 50=32.99 75=50.05 90=72.70 95=92.22 99=172.80 99.9=26230.78 99.99=39878.65]
2025-04-21 21:11:52 15 sec: 48413 operations; [READ: Count=32292 Max=20922.37 Min=2.97 Avg=141.23 10=21.09 25=28.57 50=43.52 75=112.89 90=179.20 95=507.13 99=2057.22 99.9=4435.97 99.99=7913.47] [UPDATE: Count=16121 Max=40894.46 Min=8.65 Avg=128.36 10=16.46 25=21.61 50=31.26 75=47.97 90=70.66 95=90.17 99=207.23 99.9=25657.34 99.99=36831.23]
2025-04-21 21:11:53 16 sec: 59386 operations; [READ: Count=39640 Max=20922.37 Min=2.97 Avg=135.22 10=20.21 25=27.55 50=42.34 75=114.24 90=186.75 95=499.45 99=1866.75 99.9=4296.70 99.99=7872.51] [UPDATE: Count=19746 Max=40894.46 Min=6.58 Avg=114.35 10=14.88 25=19.30 50=27.84 75=43.74 90=66.69 95=86.59 99=215.68 99.9=23003.13 99.99=36831.23]
2025-04-21 21:11:54 17 sec: 71844 operations; [READ: Count=47958 Max=20922.37 Min=2.97 Avg=129.52 10=19.15 25=26.11 50=39.87 75=112.58 90=186.88 95=474.62 99=1759.23 99.9=4182.02 99.99=6688.77] [UPDATE: Count=23886 Max=40894.46 Min=6.58 Avg=100.25 10=13.72 25=17.60 50=24.98 75=39.90 90=62.43 95=82.11 99=192.51 99.9=20480.00 99.99=36831.23]
2025-04-21 21:11:55 18 sec: 87712 operations; [READ: Count=58474 Max=20922.37 Min=2.97 Avg=120.73 10=18.72 25=25.09 50=37.92 75=109.63 90=177.15 95=438.01 99=1589.25 99.9=4007.93 99.99=6344.70] [UPDATE: Count=29238 Max=40894.46 Min=6.58 Avg=86.52 10=13.26 25=16.85 50=23.25 75=36.13 90=58.08 95=76.99 99=166.53 99.9=20004.86 99.99=32784.38]
2025-04-21 21:11:56 19 sec: 103710 operations; [READ: Count=69146 Max=20922.37 Min=2.97 Avg=114.10 10=18.48 25=24.56 50=36.51 75=106.56 90=171.01 95=421.38 99=1438.72 99.9=3893.25 99.99=5718.02] [UPDATE: Count=34564 Max=40894.46 Min=6.58 Avg=77.62 10=12.91 25=16.31 50=22.21 75=33.76 90=55.26 95=73.92 99=163.58 99.9=17580.03 99.99=32784.38]
2025-04-21 21:11:57 20 sec: 120926 operations; [READ: Count=80638 Max=20922.37 Min=2.97 Avg=108.21 10=18.29 25=24.11 50=35.42 75=101.76 90=163.58 95=406.78 99=1307.65 99.9=3801.09 99.99=5345.28] [UPDATE: Count=40288 Max=40894.46 Min=6.58 Avg=70.24 10=12.64 25=15.88 50=21.42 75=32.03 90=52.45 95=70.53 99=148.99 99.9=16539.65 99.99=31752.19]
2025-04-21 21:11:58 21 sec: 139787 operations; [READ: Count=93245 Max=20922.37 Min=2.79 Avg=102.33 10=18.02 25=23.63 50=34.21 75=92.22 90=156.67 95=390.65 99=1198.08 99.9=3530.75 99.99=5263.36] [UPDATE: Count=46542 Max=40894.46 Min=6.58 Avg=64.36 10=12.42 25=15.51 50=20.77 75=30.78 90=50.40 95=67.97 99=145.41 99.9=14794.75 99.99=31031.29]
2025-04-21 21:11:59 22 sec: 155561 operations; [READ: Count=103790 Max=20922.37 Min=2.79 Avg=100.00 10=17.74 25=23.25 50=33.50 75=75.20 90=156.16 95=390.40 99=1145.86 99.9=3397.63 99.99=5193.73] [UPDATE: Count=51771 Max=40894.46 Min=6.58 Avg=60.71 10=12.11 25=15.05 50=20.11 75=29.65 90=48.32 95=66.30 99=144.00 99.9=12746.75 99.99=31031.29]
2025-04-21 21:12:00 23 sec: 166641 operations; [READ: Count=111220 Max=20922.37 Min=2.79 Avg=100.76 10=17.41 25=22.98 50=33.18 75=78.21 90=159.36 95=399.36 99=1159.17 99.9=3328.00 99.99=5185.53] [UPDATE: Count=55421 Max=40894.46 Min=6.58 Avg=59.67 10=11.97 25=14.83 50=19.79 75=28.99 90=47.30 95=64.77 99=145.41 99.9=12574.72 99.99=30982.14]
2025-04-21 21:12:01 24 sec: 179107 operations; [READ: Count=119549 Max=20922.37 Min=2.79 Avg=100.87 10=17.28 25=22.93 50=33.34 75=90.81 90=164.99 95=400.13 99=1140.73 99.9=3239.93 99.99=5115.90] [UPDATE: Count=59558 Max=40894.46 Min=6.58 Avg=57.81 10=11.92 25=14.70 50=19.50 75=28.38 90=46.08 95=63.39 99=148.35 99.9=11214.85 99.99=30982.14]
2025-04-21 21:12:02 25 sec: 191157 operations; [READ: Count=127576 Max=20922.37 Min=2.61 Avg=101.47 10=17.17 25=22.91 50=33.57 75=96.06 90=175.36 95=402.18 99=1125.38 99.9=3180.54 99.99=4960.26] [UPDATE: Count=63581 Max=40894.46 Min=6.58 Avg=55.77 10=11.87 25=14.54 50=19.18 75=27.68 90=44.70 95=62.17 99=147.07 99.9=10870.78 99.99=30982.14]
2025-04-21 21:12:03 26 sec: 202179 operations; [READ: Count=134907 Max=20922.37 Min=2.55 Avg=102.62 10=17.02 25=22.85 50=33.79 75=98.81 90=186.24 95=406.27 99=1118.21 99.9=3139.58 99.99=4960.26] [UPDATE: Count=67272 Max=40894.46 Min=6.56 Avg=54.08 10=11.73 25=14.28 50=18.80 75=27.02 90=43.65 95=60.96 99=145.41 99.9=10133.50 99.99=30146.56]
2025-04-21 21:12:04 27 sec: 211806 operations; [READ: Count=141319 Max=20922.37 Min=2.55 Avg=104.26 10=16.96 25=22.91 50=34.21 75=101.50 90=198.01 95=413.95 99=1106.94 99.9=3084.29 99.99=4919.30] [UPDATE: Count=70487 Max=40894.46 Min=6.56 Avg=53.04 10=11.71 25=14.20 50=18.59 75=26.53 90=42.81 95=60.03 99=150.27 99.9=9838.59 99.99=30146.56]
2025-04-21 21:12:05 28 sec: 220158 operations; [READ: Count=146889 Max=20922.37 Min=2.55 Avg=106.26 10=16.94 25=22.99 50=34.69 75=103.55 90=206.72 95=421.63 99=1119.23 99.9=3080.19 99.99=4784.13] [UPDATE: Count=73269 Max=40894.46 Min=6.56 Avg=52.65 10=11.72 25=14.18 50=18.46 75=26.18 90=42.11 95=59.20 99=150.66 99.9=9551.87 99.99=30146.56]
2025-04-21 21:12:06 29 sec: 230665 operations; [READ: Count=153912 Max=20922.37 Min=2.55 Avg=107.20 10=16.88 25=23.04 50=35.17 75=105.15 90=214.40 95=422.40 99=1104.89 99.9=2996.22 99.99=4784.13] [UPDATE: Count=76753 Max=40894.46 Min=6.56 Avg=51.54 10=11.65 25=14.05 50=18.22 75=25.73 90=41.34 95=58.34 99=150.91 99.9=8495.10 99.99=29605.89]
2025-04-21 21:12:07 30 sec: 241456 operations; [READ: Count=161132 Max=20922.37 Min=2.55 Avg=107.96 10=16.82 25=23.07 50=35.58 75=106.30 90=220.41 95=422.65 99=1093.63 99.9=2957.31 99.99=4734.98] [UPDATE: Count=80324 Max=40894.46 Min=6.56 Avg=50.46 10=11.59 25=13.92 50=18.00 75=25.30 90=40.48 95=57.47 99=151.04 99.9=7675.90 99.99=29605.89]
2025-04-21 21:12:08 31 sec: 252415 operations; [READ: Count=168435 Max=20922.37 Min=2.55 Avg=108.60 10=16.75 25=23.09 50=35.94 75=107.33 90=226.43 95=423.17 99=1081.34 99.9=2904.06 99.99=4718.59] [UPDATE: Count=83980 Max=40894.46 Min=6.54 Avg=49.38 10=11.57 25=13.86 50=17.87 75=24.94 90=39.77 95=56.64 99=151.04 99.9=6840.32 99.99=29605.89]
2025-04-21 21:12:09 32 sec: 262691 operations; [READ: Count=175284 Max=20922.37 Min=2.55 Avg=109.31 10=16.66 25=23.05 50=36.09 75=108.03 90=233.34 95=426.50 99=1076.22 99.9=2873.34 99.99=4689.92] [UPDATE: Count=87407 Max=40894.46 Min=6.54 Avg=48.85 10=11.54 25=13.81 50=17.76 75=24.66 90=39.13 95=56.03 99=152.19 99.9=6422.53 99.99=29196.29]
2025-04-21 21:12:10 33 sec: 274507 operations; [READ: Count=183158 Max=20922.37 Min=2.55 Avg=109.28 10=16.46 25=22.88 50=36.03 75=108.16 90=237.31 95=426.50 99=1061.89 99.9=2805.76 99.99=4689.92] [UPDATE: Count=91349 Max=40894.46 Min=6.54 Avg=48.05 10=11.46 25=13.66 50=17.54 75=24.29 90=38.40 95=55.26 99=153.47 99.9=6045.69 99.99=29196.29]
2025-04-21 21:12:11 34 sec: 288347 operations; [READ: Count=192371 Max=20922.37 Min=2.54 Avg=108.42 10=16.14 25=22.56 50=35.71 75=107.65 90=235.78 95=421.63 99=1050.62 99.9=2740.22 99.99=4669.44] [UPDATE: Count=95976 Max=40894.46 Min=6.54 Avg=47.45 10=11.35 25=13.47 50=17.26 75=23.84 90=37.53 95=54.46 99=153.60 99.9=5857.28 99.99=29196.29]
2025-04-21 21:12:12 35 sec: 307468 operations; [READ: Count=205112 Max=20922.37 Min=2.54 Avg=105.89 10=15.61 25=22.05 50=35.01 75=106.37 90=228.35 95=409.86 99=1024.51 99.9=2691.07 99.99=4657.15] [UPDATE: Count=102356 Max=40894.46 Min=6.54 Avg=45.69 10=11.20 25=13.21 50=16.89 75=23.28 90=36.51 95=53.12 99=147.97 99.9=5603.33 99.99=29196.29]
2025-04-21 21:12:13 36 sec: 330229 operations; [READ: Count=220294 Max=20922.37 Min=2.54 Avg=102.43 10=14.92 25=21.31 50=34.05 75=104.19 90=214.66 95=394.24 99=994.82 99.9=2588.67 99.99=4648.96] [UPDATE: Count=109935 Max=40894.46 Min=6.54 Avg=43.80 10=10.98 25=12.95 50=16.48 75=22.66 90=35.30 95=51.87 99=143.62 99.9=5177.34 99.99=28590.08]
2025-04-21 21:12:14 37 sec: 354242 operations; [READ: Count=236281 Max=20922.37 Min=2.54 Avg=99.26 10=14.44 25=20.67 50=34.21 75=101.25 90=199.81 95=379.13 99=967.68 99.9=2529.28 99.99=4558.85] [UPDATE: Count=117961 Max=40894.46 Min=6.48 Avg=41.64 10=10.52 25=12.50 50=15.92 75=22.00 90=34.17 95=50.30 99=132.86 99.9=4562.94 99.99=27688.96]
2025-04-21 21:12:15 38 sec: 376460 operations; [READ: Count=251114 Max=20922.37 Min=2.54 Avg=96.96 10=14.15 25=20.11 50=34.40 75=98.88 90=189.69 95=369.41 99=941.57 99.9=2473.98 99.99=4558.85] [UPDATE: Count=125346 Max=40894.46 Min=6.37 Avg=39.90 10=10.30 25=12.15 50=15.48 75=21.42 90=33.18 95=48.64 99=126.72 99.9=4395.01 99.99=27574.27]
2025-04-21 21:12:16 39 sec: 397610 operations; [READ: Count=265185 Max=20922.37 Min=2.49 Avg=95.22 10=13.90 25=19.60 50=34.62 75=96.89 90=183.55 95=362.50 99=919.55 99.9=2441.22 99.99=4521.98] [UPDATE: Count=132425 Max=40894.46 Min=6.37 Avg=38.41 10=10.16 25=11.82 50=15.08 75=20.91 90=32.34 95=47.39 99=121.66 99.9=4065.28 99.99=27574.27]
2025-04-21 21:12:17 40 sec: 423370 operations; [READ: Count=282364 Max=20922.37 Min=2.32 Avg=92.54 10=13.62 25=18.98 50=34.81 75=94.21 90=173.69 95=349.44 99=896.51 99.9=2406.40 99.99=4521.98] [UPDATE: Count=141006 Max=40894.46 Min=6.37 Avg=36.80 10=10.02 25=11.46 50=14.65 75=20.34 90=31.38 95=46.02 99=116.73 99.9=3653.63 99.99=26230.78]
2025-04-21 21:12:18 41 sec: 448380 operations; [READ: Count=299010 Max=20922.37 Min=2.32 Avg=90.30 10=13.46 25=18.57 50=34.94 75=92.16 90=165.63 95=336.64 99=870.91 99.9=2351.10 99.99=4493.31] [UPDATE: Count=149370 Max=40894.46 Min=6.37 Avg=35.49 10=10.00 25=11.36 50=14.39 75=19.86 90=30.53 95=44.64 99=112.51 99.9=3334.14 99.99=26230.78]
2025-04-21 21:12:19 42 sec: 473029 operations; [READ: Count=315527 Max=20922.37 Min=2.32 Avg=88.36 10=13.22 25=18.21 50=35.17 75=90.62 90=158.85 95=325.38 99=848.38 99.9=2308.09 99.99=4464.64] [UPDATE: Count=157502 Max=40894.46 Min=6.37 Avg=34.31 10=9.97 25=11.21 50=14.14 75=19.42 90=29.79 95=43.52 99=109.12 99.9=3072.00 99.99=26066.94]
2025-04-21 21:12:20 43 sec: 495267 operations; [READ: Count=330336 Max=20922.37 Min=2.32 Avg=87.11 10=13.02 25=17.92 50=35.36 75=89.66 90=154.75 95=318.72 99=828.93 99.9=2269.18 99.99=4456.45] [UPDATE: Count=164931 Max=40894.46 Min=6.37 Avg=33.32 10=9.92 25=11.07 50=13.94 75=19.05 90=29.12 95=42.56 99=106.30 99.9=2996.22 99.99=26066.94]
2025-04-21 21:12:21 44 sec: 514025 operations; [READ: Count=342825 Max=20922.37 Min=2.32 Avg=86.57 10=12.82 25=17.71 50=35.49 75=89.15 90=153.09 95=317.44 99=818.69 99.9=2234.37 99.99=4452.35] [UPDATE: Count=171200 Max=40894.46 Min=6.37 Avg=32.58 10=9.89 25=11.00 50=13.80 75=18.77 90=28.69 95=41.76 99=103.81 99.9=2869.25 99.99=25657.34]
2025-04-21 21:12:22 45 sec: 538300 operations; [READ: Count=359089 Max=20922.37 Min=2.32 Avg=85.12 10=12.54 25=17.47 50=35.71 75=88.32 90=148.86 95=306.94 99=800.25 99.9=2187.26 99.99=4435.97] [UPDATE: Count=179211 Max=40894.46 Min=6.37 Avg=31.67 10=9.86 25=10.90 50=13.64 75=18.43 90=28.08 95=40.86 99=102.08 99.9=2715.65 99.99=25051.13]
2025-04-21 21:12:23 46 sec: 561449 operations; [READ: Count=374541 Max=20922.37 Min=2.04 Avg=83.98 10=12.28 25=17.34 50=35.90 75=87.81 90=144.90 95=298.50 99=783.36 99.9=2160.64 99.99=4435.97] [UPDATE: Count=186908 Max=40894.46 Min=6.37 Avg=30.88 10=9.84 25=10.83 50=13.49 75=18.11 90=27.55 95=40.00 99=100.42 99.9=2605.05 99.99=24510.46]
2025-04-21 21:12:24 47 sec: 586015 operations; [READ: Count=390889 Max=20922.37 Min=2.04 Avg=82.70 10=11.95 25=17.20 50=35.84 75=87.36 90=140.80 95=289.02 99=768.00 99.9=2123.78 99.99=4403.20] [UPDATE: Count=195126 Max=40894.46 Min=6.37 Avg=30.14 10=9.83 25=10.81 50=13.41 75=17.84 90=26.99 95=39.04 99=98.81 99.9=2490.37 99.99=23445.50]
2025-04-21 21:12:25 48 sec: 610094 operations; [READ: Count=406903 Max=20922.37 Min=2.04 Avg=81.60 10=11.53 25=17.04 50=35.52 75=86.85 90=137.47 95=281.86 99=753.66 99.9=2074.62 99.99=4390.91] [UPDATE: Count=203191 Max=40894.46 Min=6.37 Avg=29.47 10=9.81 25=10.79 50=13.33 75=17.58 90=26.46 95=38.21 99=97.34 99.9=2447.36 99.99=23445.50]
2025-04-21 21:12:26 49 sec: 636275 operations; [READ: Count=424392 Max=20922.37 Min=2.04 Avg=80.25 10=11.01 25=16.93 50=34.98 75=86.40 90=134.14 95=272.64 99=738.30 99.9=2043.90 99.99=4386.81] [UPDATE: Count=211883 Max=40894.46 Min=6.37 Avg=28.86 10=9.82 25=10.81 50=13.30 75=17.38 90=25.97 95=37.31 99=95.30 99.9=2318.34 99.99=23003.13]
2025-04-21 21:12:27 50 sec: 660734 operations; [READ: Count=440724 Max=20922.37 Min=2.04 Avg=79.27 10=10.46 25=16.69 50=34.17 75=85.89 90=132.09 95=268.80 99=730.62 99.9=2017.28 99.99=4304.90] [UPDATE: Count=220010 Max=40894.46 Min=6.37 Avg=28.26 10=9.79 25=10.75 50=13.18 75=17.14 90=25.54 95=36.61 99=93.82 99.9=2179.07 99.99=22577.15]
2025-04-21 21:12:28 51 sec: 691591 operations; [READ: Count=461293 Max=20922.37 Min=2.04 Avg=77.57 10=9.86 25=16.48 50=33.09 75=85.31 90=128.77 95=257.15 99=714.75 99.9=1968.13 99.99=4292.61] [UPDATE: Count=230298 Max=40894.46 Min=6.37 Avg=27.57 10=9.78 25=10.72 50=13.10 75=16.88 90=25.02 95=35.74 99=91.90 99.9=2060.29 99.99=22560.77]
2025-04-21 21:12:29 52 sec: 725721 operations; [READ: Count=484086 Max=20922.37 Min=2.04 Avg=75.65 10=9.25 25=16.18 50=31.68 75=84.61 90=125.82 95=244.35 99=696.83 99.9=1931.26 99.99=4247.55] [UPDATE: Count=241635 Max=40894.46 Min=6.37 Avg=26.85 10=9.73 25=10.66 50=12.96 75=16.59 90=24.51 95=34.75 99=90.11 99.9=1918.97 99.99=21495.81]
2025-04-21 21:12:30 53 sec: 756267 operations; [READ: Count=504445 Max=20922.37 Min=2.04 Avg=74.29 10=8.78 25=15.94 50=30.35 75=84.09 90=124.03 95=238.46 99=686.59 99.9=1903.62 99.99=4214.78] [UPDATE: Count=251822 Max=40894.46 Min=6.37 Avg=26.27 10=9.70 25=10.62 50=12.85 75=16.37 90=24.06 95=34.11 99=88.70 99.9=1835.01 99.99=21200.90]
2025-04-21 21:12:31 54 sec: 792580 operations; [READ: Count=528748 Max=20922.37 Min=2.04 Avg=72.41 10=8.37 25=15.71 50=28.77 75=83.45 90=121.41 95=226.69 99=671.74 99.9=1866.75 99.99=4182.02] [UPDATE: Count=263832 Max=40894.46 Min=6.37 Avg=25.69 10=9.68 25=10.58 50=12.76 75=16.16 90=23.58 95=33.31 99=87.04 99.9=1747.97 99.99=20955.13]
2025-04-21 21:12:32 55 sec: 825149 operations; [READ: Count=550489 Max=20922.37 Min=2.04 Avg=71.09 10=8.04 25=15.49 50=27.38 75=82.88 90=119.49 95=219.01 99=665.09 99.9=1903.62 99.99=4141.06] [UPDATE: Count=274660 Max=40894.46 Min=6.37 Avg=25.16 10=9.65 25=10.54 50=12.65 75=15.96 90=23.21 95=32.67 99=85.69 99.9=1661.95 99.99=20480.00]
2025-04-21 21:12:33 56 sec: 868420 operations; [READ: Count=579338 Max=20922.37 Min=2.04 Avg=68.92 10=7.69 25=15.24 50=25.54 75=82.11 90=116.80 95=207.62 99=646.65 99.9=1863.68 99.99=4061.18] [UPDATE: Count=289082 Max=40894.46 Min=6.37 Avg=24.52 10=9.61 25=10.49 50=12.54 75=15.74 90=22.69 95=31.89 99=83.58 99.9=1549.31 99.99=20234.24]
2025-04-21 21:12:34 57 sec: 915447 operations; [READ: Count=610574 Max=20922.37 Min=2.04 Avg=66.67 10=7.39 25=14.97 50=23.70 75=81.28 90=114.05 95=196.48 99=629.25 99.9=1815.55 99.99=4012.03] [UPDATE: Count=304873 Max=40894.46 Min=6.37 Avg=23.88 10=9.56 25=10.45 50=12.39 75=15.53 90=22.21 95=31.04 99=81.98 99.9=1459.20 99.99=20152.32]
2025-04-21 21:12:35 58 sec: 961027 operations; [READ: Count=640949 Max=20922.37 Min=2.04 Avg=64.74 10=7.14 25=14.75 50=22.13 75=80.58 90=111.74 95=188.03 99=614.40 99.9=1781.76 99.99=3985.41] [UPDATE: Count=320078 Max=40894.46 Min=6.26 Avg=23.33 10=9.51 25=10.40 50=12.27 75=15.34 90=21.77 95=30.37 99=80.45 99.9=1386.49 99.99=20004.86]
2025-04-21 21:12:36 59 sec: 1003749 operations; [READ: Count=669404 Max=20922.37 Min=2.04 Avg=63.19 10=6.94 25=14.56 50=20.98 75=79.94 90=110.02 95=182.91 99=600.58 99.9=1748.99 99.99=3960.83] [UPDATE: Count=334345 Max=40894.46 Min=6.26 Avg=22.84 10=9.46 25=10.36 50=12.15 75=15.18 90=21.39 95=29.76 99=79.74 99.9=1263.62 99.99=19496.96]
2025-04-21 21:12:37 60 sec: 1041842 operations; [READ: Count=694722 Max=20922.37 Min=2.04 Avg=62.06 10=6.87 25=14.46 50=20.37 75=79.49 90=108.67 95=179.71 99=592.38 99.9=1727.49 99.99=3942.40] [UPDATE: Count=347120 Max=40894.46 Min=6.26 Avg=22.46 10=9.43 25=10.34 50=12.09 75=15.08 90=21.07 95=29.23 99=78.59 99.9=1205.25 99.99=18808.83]
2025-04-21 21:12:38 61 sec: 1082681 operations; [READ: Count=721968 Max=20922.37 Min=2.04 Avg=60.82 10=6.86 25=14.39 50=19.93 75=78.97 90=107.14 95=175.23 99=581.63 99.9=1703.93 99.99=3907.58] [UPDATE: Count=360713 Max=40894.46 Min=6.26 Avg=22.09 10=9.41 25=10.33 50=12.02 75=14.97 90=20.75 95=28.78 99=77.63 99.9=1147.90 99.99=18759.68]
2025-04-21 21:12:39 62 sec: 1123559 operations; [READ: Count=749272 Max=20922.37 Min=2.04 Avg=59.67 10=6.87 25=14.34 50=19.66 75=78.59 90=105.60 95=171.13 99=571.90 99.9=1673.21 99.99=3893.25] [UPDATE: Count=374287 Max=40894.46 Min=6.26 Avg=21.76 10=9.39 25=10.33 50=11.99 75=14.92 90=20.46 95=28.35 99=76.80 99.9=1097.73 99.99=18448.38]
2025-04-21 21:12:40 63 sec: 1159996 operations; [READ: Count=773572 Max=20922.37 Min=2.04 Avg=58.86 10=6.87 25=14.29 50=19.45 75=78.21 90=104.64 95=168.96 99=565.76 99.9=1651.71 99.99=3887.10] [UPDATE: Count=386424 Max=40894.46 Min=6.26 Avg=21.47 10=9.38 25=10.32 50=11.94 75=14.86 90=20.24 95=27.98 99=76.16 99.9=1052.67 99.99=17186.81]
2025-04-21 21:12:41 64 sec: 1198923 operations; [READ: Count=799575 Max=20922.37 Min=2.04 Avg=57.96 10=6.87 25=14.22 50=19.25 75=77.82 90=103.42 95=166.14 99=557.05 99.9=1628.16 99.99=3860.48] [UPDATE: Count=399348 Max=40894.46 Min=6.26 Avg=21.18 10=9.34 25=10.30 50=11.89 75=14.78 90=20.02 95=27.60 99=75.26 99.9=1001.98 99.99=17137.66]
2025-04-21 21:12:42 65 sec: 1237418 operations; [READ: Count=825238 Max=20922.37 Min=2.04 Avg=57.14 10=6.86 25=14.16 50=19.10 75=77.50 90=102.46 95=163.58 99=548.86 99.9=1610.75 99.99=3848.19] [UPDATE: Count=412180 Max=40894.46 Min=6.26 Avg=20.92 10=9.31 25=10.29 50=11.85 75=14.71 90=19.79 95=27.21 99=74.69 99.9=970.75 99.99=17104.90]
2025-04-21 21:12:43 66 sec: 1270044 operations; [READ: Count=846977 Max=20922.37 Min=2.04 Avg=56.66 10=6.87 25=14.11 50=19.01 75=77.25 90=101.63 95=161.66 99=546.82 99.9=1624.06 99.99=3831.81] [UPDATE: Count=423067 Max=40894.46 Min=6.26 Avg=20.72 10=9.29 25=10.29 50=11.81 75=14.66 90=19.61 95=26.93 99=74.24 99.9=940.54 99.99=16769.02]
2025-04-21 21:12:44 67 sec: 1306812 operations; [READ: Count=871607 Max=20922.37 Min=2.04 Avg=56.00 10=6.88 25=14.04 50=18.91 75=76.86 90=100.86 95=159.87 99=541.18 99.9=1604.61 99.99=3825.66] [UPDATE: Count=435205 Max=40894.46 Min=6.26 Avg=20.50 10=9.27 25=10.27 50=11.78 75=14.62 90=19.42 95=26.62 99=73.60 99.9=915.46 99.99=16384.00]
2025-04-21 21:12:45 68 sec: 1340898 operations; [READ: Count=894297 Max=20922.37 Min=2.04 Avg=55.46 10=6.90 25=13.99 50=18.89 75=76.61 90=100.22 95=158.34 99=534.53 99.9=1584.13 99.99=3737.60] [UPDATE: Count=446601 Max=40894.46 Min=6.26 Avg=20.38 10=9.27 25=10.28 50=11.81 75=14.63 90=19.36 95=26.40 99=73.73 99.9=889.34 99.99=16089.09]
2025-04-21 21:12:46 69 sec: 1371962 operations; [READ: Count=915097 Max=20922.37 Min=1.85 Avg=55.08 10=6.93 25=13.94 50=18.88 75=76.42 90=99.84 95=157.69 99=530.43 99.9=1569.79 99.99=3657.73] [UPDATE: Count=456865 Max=40894.46 Min=6.26 Avg=20.30 10=9.26 25=10.28 50=11.81 75=14.64 90=19.28 95=26.22 99=73.92 99.9=892.93 99.99=16048.13]
2025-04-21 21:12:47 70 sec: 1394516 operations; [READ: Count=930220 Max=20922.37 Min=1.85 Avg=55.12 10=6.97 25=13.94 50=18.94 75=76.54 90=100.09 95=158.59 99=528.89 99.9=1555.45 99.99=3641.34] [UPDATE: Count=464296 Max=40894.46 Min=6.26 Avg=20.22 10=9.26 25=10.29 50=11.82 75=14.64 90=19.21 95=26.06 99=73.47 99.9=882.69 99.99=16048.13]
2025-04-21 21:12:48 71 sec: 1407646 operations; [READ: Count=938984 Max=20922.37 Min=1.85 Avg=55.57 10=6.99 25=13.98 50=19.01 75=76.80 90=100.93 95=161.79 99=532.99 99.9=1554.43 99.99=3657.73] [UPDATE: Count=468662 Max=40894.46 Min=6.26 Avg=20.21 10=9.27 25=10.29 50=11.84 75=14.65 90=19.20 95=26.00 99=73.09 99.9=882.69 99.99=15450.11]
2025-04-21 21:12:49 72 sec: 1421121 operations; [READ: Count=947996 Max=20922.37 Min=1.85 Avg=56.00 10=7.01 25=14.02 50=19.10 75=77.06 90=101.89 95=164.99 99=534.01 99.9=1547.26 99.99=3641.34] [UPDATE: Count=473125 Max=40894.46 Min=6.26 Avg=20.19 10=9.28 25=10.30 50=11.87 75=14.68 90=19.23 95=25.93 99=72.70 99.9=881.66 99.99=15351.81]
2025-04-21 21:12:50 73 sec: 1434505 operations; [READ: Count=956959 Max=20922.37 Min=1.85 Avg=56.43 10=7.04 25=14.05 50=19.18 75=77.38 90=102.78 95=167.42 99=536.58 99.9=1545.21 99.99=3627.01] [UPDATE: Count=477546 Max=40894.46 Min=6.26 Avg=20.16 10=9.29 25=10.31 50=11.89 75=14.70 90=19.21 95=25.87 99=72.51 99.9=868.35 99.99=15351.81]
2025-04-21 21:12:51 74 sec: 1448644 operations; [READ: Count=966340 Max=20922.37 Min=1.85 Avg=56.83 10=7.06 25=14.09 50=19.26 75=77.63 90=103.61 95=169.85 99=537.60 99.9=1533.95 99.99=3624.96] [UPDATE: Count=482304 Max=40894.46 Min=6.26 Avg=20.11 10=9.29 25=10.32 50=11.90 75=14.70 90=19.18 95=25.81 99=72.19 99.9=862.21 99.99=15351.81]
2025-04-21 21:12:52 75 sec: 1461819 operations; [READ: Count=975131 Max=20922.37 Min=1.85 Avg=57.23 10=7.09 25=14.12 50=19.34 75=77.82 90=104.45 95=172.03 99=539.65 99.9=1533.95 99.99=3606.53] [UPDATE: Count=486688 Max=40894.46 Min=6.26 Avg=20.10 10=9.31 25=10.33 50=11.92 75=14.72 90=19.18 95=25.76 99=72.13 99.9=880.64 99.99=15032.32]
2025-04-21 21:12:53 76 sec: 1473410 operations; [READ: Count=982892 Max=20922.37 Min=1.85 Avg=57.71 10=7.10 25=14.15 50=19.41 75=78.08 90=105.34 95=174.85 99=544.25 99.9=1548.29 99.99=3606.53] [UPDATE: Count=490518 Max=40894.46 Min=6.26 Avg=20.09 10=9.31 25=10.33 50=11.94 75=14.73 90=19.18 95=25.73 99=72.00 99.9=881.66 99.99=15032.32]
2025-04-21 21:12:54 77 sec: 1487419 operations; [READ: Count=992222 Max=20922.37 Min=1.85 Avg=58.06 10=7.13 25=14.18 50=19.49 75=78.27 90=106.17 95=177.02 99=545.28 99.9=1545.21 99.99=3563.52] [UPDATE: Count=495197 Max=40894.46 Min=6.26 Avg=20.08 10=9.33 25=10.34 50=11.95 75=14.75 90=19.20 95=25.71 99=72.13 99.9=882.69 99.99=14966.78]
2025-04-21 21:12:55 78 sec: 1497434 operations; [READ: Count=998935 Max=20922.37 Min=1.85 Avg=58.56 10=7.14 25=14.21 50=19.55 75=78.46 90=107.07 95=180.35 99=551.42 99.9=1551.36 99.99=3549.18] [UPDATE: Count=498499 Max=40894.46 Min=6.26 Avg=20.14 10=9.33 25=10.34 50=11.97 75=14.77 90=19.21 95=25.68 99=72.32 99.9=915.46 99.99=14966.78]
2025-04-21 21:12:55 78 sec: 1499025 operations; [READ: Count=1000000 Max=20922.37 Min=1.85 Avg=58.61 10=7.14 25=14.21 50=19.55 75=78.53 90=107.14 95=180.61 99=551.42 99.9=1550.34 99.99=3549.18] [UPDATE: Count=499025 Max=40894.46 Min=6.26 Avg=20.14 10=9.33 25=10.34 50=11.97 75=14.78 90=19.23 95=25.68 99=72.25 99.9=914.94 99.99=14966.78]
Run runtime(sec): 78.2962
Run operations(ops): 1000000
Run throughput(ops/sec): 12772
