Running scope as unit: run-r8afffbb4f7fe46a4bebdde28628f8f89.scope
load file:/home/user/DataFiles/silesia_data/silesia.tar
2025-04-22 06:40:12 0 sec: 0 operations;
2025-04-22 06:40:13 1 sec: 28579 operations; [INSERT: Count=28579 Max=6160.38 Min=4.52 Avg=28.46 10=13.01 25=17.23 50=24.48 75=35.30 90=47.87 95=56.86 99=75.14 99.9=165.89 99.99=448.25]
2025-04-22 06:40:14 2 sec: 55900 operations; [INSERT: Count=55900 Max=6160.38 Min=4.52 Avg=30.81 10=14.25 25=19.15 50=26.99 75=38.56 90=51.84 95=60.35 99=77.69 99.9=134.91 99.99=401.66]
2025-04-22 06:40:15 3 sec: 83860 operations; [INSERT: Count=83860 Max=6160.38 Min=4.52 Avg=31.36 10=14.72 25=19.74 50=27.66 75=39.30 90=52.58 95=60.90 99=77.50 99.9=122.24 99.99=399.87]
2025-04-22 06:40:16 4 sec: 112979 operations; [INSERT: Count=112979 Max=6160.38 Min=4.52 Avg=31.28 10=14.86 25=19.82 50=27.70 75=39.20 90=52.09 95=60.26 99=76.54 99.9=122.24 99.99=389.63]
2025-04-22 06:40:17 5 sec: 143184 operations; [INSERT: Count=143184 Max=6160.38 Min=4.52 Avg=30.97 10=14.86 25=19.70 50=27.50 75=38.78 90=51.33 95=59.42 99=75.39 99.9=117.38 99.99=377.86]
2025-04-22 06:40:18 6 sec: 173482 operations; [INSERT: Count=173482 Max=26705.92 Min=4.52 Avg=30.74 10=14.77 25=19.45 50=27.18 75=38.27 90=50.59 95=58.62 99=74.62 99.9=113.79 99.99=373.76]
2025-04-22 06:40:19 7 sec: 204998 operations; [INSERT: Count=204998 Max=26705.92 Min=4.52 Avg=30.37 10=14.65 25=19.23 50=26.83 75=37.70 90=49.79 95=57.76 99=73.66 99.9=108.29 99.99=370.69]
2025-04-22 06:40:20 8 sec: 237583 operations; [INSERT: Count=237583 Max=26705.92 Min=4.52 Avg=29.96 10=14.57 25=19.05 50=26.53 75=37.15 90=49.05 95=56.90 99=72.64 99.9=104.89 99.99=366.85]
2025-04-22 06:40:21 9 sec: 270324 operations; [INSERT: Count=270324 Max=26705.92 Min=4.52 Avg=29.63 10=14.51 25=18.89 50=26.25 75=36.73 90=48.45 95=56.19 99=71.81 99.9=104.58 99.99=363.77]
2025-04-22 06:40:22 10 sec: 303169 operations; [INSERT: Count=303169 Max=26705.92 Min=4.52 Avg=29.36 10=14.46 25=18.77 50=26.05 75=36.41 90=47.90 95=55.58 99=71.23 99.9=104.25 99.99=357.89]
2025-04-22 06:40:23 11 sec: 336034 operations; [INSERT: Count=336034 Max=26705.92 Min=4.52 Avg=29.14 10=14.42 25=18.67 50=25.87 75=36.09 90=47.49 95=55.07 99=70.59 99.9=104.25 99.99=355.07]
2025-04-22 06:40:24 12 sec: 368547 operations; [INSERT: Count=368547 Max=26705.92 Min=4.52 Avg=28.98 10=14.40 25=18.61 50=25.74 75=35.90 90=47.17 95=54.69 99=70.08 99.9=103.17 99.99=353.28]
2025-04-22 06:40:25 13 sec: 401161 operations; [INSERT: Count=401161 Max=26705.92 Min=4.52 Avg=28.84 10=14.38 25=18.54 50=25.63 75=35.74 90=46.88 95=54.34 99=69.69 99.9=103.17 99.99=351.23]
2025-04-22 06:40:26 14 sec: 433519 operations; [INSERT: Count=433519 Max=26705.92 Min=4.52 Avg=28.75 10=14.38 25=18.51 50=25.57 75=35.62 90=46.69 95=54.05 99=69.38 99.9=102.40 99.99=342.78]
2025-04-22 06:40:27 15 sec: 460344 operations; [INSERT: Count=460344 Max=26705.92 Min=4.52 Avg=29.05 10=14.47 25=18.67 50=25.82 75=35.97 90=47.23 95=54.75 99=70.53 99.9=103.30 99.99=355.07]
2025-04-22 06:40:28 16 sec: 483443 operations; [INSERT: Count=483443 Max=26705.92 Min=4.52 Avg=29.55 10=14.57 25=18.86 50=26.19 75=36.58 90=48.26 95=56.19 99=73.34 99.9=113.41 99.99=357.89]
2025-04-22 06:40:29 17 sec: 504780 operations; [INSERT: Count=504780 Max=26705.92 Min=4.52 Avg=30.11 10=14.70 25=19.10 50=26.62 75=37.28 90=49.38 95=57.79 99=76.29 99.9=115.45 99.99=366.33]
2025-04-22 06:40:30 18 sec: 526060 operations; [INSERT: Count=526060 Max=26705.92 Min=4.52 Avg=30.63 10=14.82 25=19.33 50=27.01 75=37.92 90=50.43 95=59.26 99=78.72 99.9=118.66 99.99=366.33]
2025-04-22 06:40:31 19 sec: 544737 operations; [INSERT: Count=544737 Max=205914.11 Min=4.52 Avg=31.29 10=14.90 25=19.45 50=27.23 75=38.27 90=50.98 95=59.97 99=79.74 99.9=123.84 99.99=377.09]
2025-04-22 06:40:32 20 sec: 568950 operations; [INSERT: Count=568950 Max=205914.11 Min=4.52 Avg=31.57 10=14.97 25=19.60 50=27.45 75=38.62 90=51.55 95=60.70 99=80.96 99.9=135.55 99.99=448.25]
2025-04-22 06:40:33 21 sec: 593208 operations; [INSERT: Count=593208 Max=205914.11 Min=4.52 Avg=31.83 10=15.04 25=19.71 50=27.63 75=38.91 90=52.03 95=61.34 99=82.24 99.9=148.99 99.99=514.30]
2025-04-22 06:40:34 22 sec: 620863 operations; [INSERT: Count=620863 Max=205914.11 Min=4.52 Avg=31.88 10=14.98 25=19.65 50=27.58 75=38.91 90=52.16 95=61.60 99=83.39 99.9=161.79 99.99=595.97]
2025-04-22 06:40:35 23 sec: 653458 operations; [INSERT: Count=653458 Max=205914.11 Min=4.52 Avg=31.65 10=14.90 25=19.54 50=27.42 75=38.69 90=51.77 95=61.12 99=82.94 99.9=161.53 99.99=593.41]
2025-04-22 06:40:36 24 sec: 684594 operations; [INSERT: Count=684594 Max=205914.11 Min=4.52 Avg=31.52 10=14.87 25=19.47 50=27.33 75=38.53 90=51.55 95=60.86 99=82.56 99.9=160.90 99.99=587.26]
2025-04-22 06:40:37 25 sec: 712176 operations; [INSERT: Count=712176 Max=205914.11 Min=4.52 Avg=31.58 10=14.90 25=19.52 50=27.38 75=38.62 90=51.65 95=60.96 99=82.69 99.9=160.51 99.99=592.89]
2025-04-22 06:40:38 26 sec: 737540 operations; [INSERT: Count=737540 Max=205914.11 Min=4.52 Avg=31.73 10=14.97 25=19.63 50=27.55 75=38.85 90=51.97 95=61.31 99=82.81 99.9=157.57 99.99=584.70]
2025-04-22 06:40:39 27 sec: 762333 operations; [INSERT: Count=762333 Max=205914.11 Min=4.52 Avg=31.90 10=15.04 25=19.74 50=27.70 75=39.10 90=52.35 95=61.73 99=83.14 99.9=158.72 99.99=592.38]
2025-04-22 06:40:40 28 sec: 786802 operations; [INSERT: Count=786802 Max=205914.11 Min=4.52 Avg=32.08 10=15.11 25=19.86 50=27.86 75=39.33 90=52.67 95=62.11 99=83.58 99.9=159.62 99.99=592.89]
2025-04-22 06:40:41 29 sec: 811486 operations; [INSERT: Count=811486 Max=205914.11 Min=4.52 Avg=32.23 10=15.18 25=19.97 50=28.03 75=39.55 90=52.99 95=62.43 99=83.71 99.9=156.41 99.99=592.89]
2025-04-22 06:40:42 30 sec: 835919 operations; [INSERT: Count=835919 Max=205914.11 Min=4.52 Avg=32.39 10=15.26 25=20.08 50=28.18 75=39.77 90=53.31 95=62.75 99=84.09 99.9=156.93 99.99=592.89]
2025-04-22 06:40:43 31 sec: 859911 operations; [INSERT: Count=859911 Max=205914.11 Min=4.52 Avg=32.55 10=15.30 25=20.16 50=28.29 75=39.97 90=53.60 95=63.13 99=84.73 99.9=161.28 99.99=622.08]
2025-04-22 06:40:44 32 sec: 885207 operations; [INSERT: Count=885207 Max=205914.11 Min=4.52 Avg=32.66 10=15.34 25=20.21 50=28.37 75=40.09 90=53.76 95=63.36 99=85.44 99.9=165.38 99.99=649.73]
2025-04-22 06:40:45 33 sec: 910604 operations; [INSERT: Count=910604 Max=205914.11 Min=4.52 Avg=32.75 10=15.35 25=20.24 50=28.41 75=40.19 90=53.92 95=63.55 99=85.95 99.9=167.55 99.99=714.24]
2025-04-22 06:40:46 34 sec: 935907 operations; [INSERT: Count=935907 Max=205914.11 Min=4.52 Avg=32.85 10=15.35 25=20.27 50=28.46 75=40.29 90=54.05 95=63.77 99=86.46 99.9=171.39 99.99=772.10]
2025-04-22 06:40:47 35 sec: 961173 operations; [INSERT: Count=961173 Max=205914.11 Min=4.52 Avg=32.94 10=15.39 25=20.32 50=28.54 75=40.41 90=54.24 95=63.97 99=86.66 99.9=176.90 99.99=750.59]
2025-04-22 06:40:48 36 sec: 985750 operations; [INSERT: Count=985750 Max=205914.11 Min=4.52 Avg=33.05 10=15.42 25=20.38 50=28.64 75=40.58 90=54.43 95=64.16 99=87.10 99.9=180.86 99.99=776.19]
2025-04-22 06:40:49 37 sec: 1000000 operations; [INSERT: Count=1000000 Max=205914.11 Min=4.52 Avg=33.08 10=15.45 25=20.41 50=28.67 75=40.61 90=54.49 95=64.22 99=87.10 99.9=181.63 99.99=772.10]
2025-04-22 06:40:50 38 sec: 1000000 operations; [INSERT: Count=1000000 Max=205914.11 Min=4.52 Avg=33.08 10=15.45 25=20.41 50=28.67 75=40.61 90=54.49 95=64.22 99=87.10 99.9=181.63 99.99=772.10]
2025-04-22 06:40:51 39 sec: 1000000 operations; [INSERT: Count=1000000 Max=205914.11 Min=4.52 Avg=33.08 10=15.45 25=20.41 50=28.67 75=40.61 90=54.49 95=64.22 99=87.10 99.9=181.63 99.99=772.10]
2025-04-22 06:40:51 39 sec: 1000000 operations; [INSERT: Count=1000000 Max=205914.11 Min=4.52 Avg=33.08 10=15.45 25=20.41 50=28.67 75=40.61 90=54.49 95=64.22 99=87.10 99.9=181.63 99.99=772.10]
Load runtime(sec): 39.0334
Load operations(ops): 1000000
Load throughput(ops/sec): 25619.1
