Running scope as unit: run-rb22c7ddada3142d2b70627ec5508b6d2.scope
load file:/home/user/DataFiles/silesia_data/silesia.tar
2025-04-21 14:41:53 0 sec: 0 operations;
2025-04-21 14:41:54 1 sec: 0 operations;
2025-04-21 14:41:55 2 sec: 0 operations;
2025-04-21 14:41:56 3 sec: 0 operations;
2025-04-21 14:41:57 4 sec: 0 operations;
2025-04-21 14:41:58 5 sec: 0 operations;
2025-04-21 14:41:59 6 sec: 0 operations;
2025-04-21 14:42:00 7 sec: 0 operations;
2025-04-21 14:42:01 8 sec: 0 operations;
2025-04-21 14:42:02 9 sec: 0 operations;
2025-04-21 14:42:03 10 sec: 0 operations;
2025-04-21 14:42:04 11 sec: 0 operations;
2025-04-21 14:42:05 12 sec: 0 operations;
2025-04-21 14:42:06 13 sec: 0 operations;
2025-04-21 14:42:07 14 sec: 0 operations;
2025-04-21 14:42:08 15 sec: 0 operations;
2025-04-21 14:42:09 16 sec: 0 operations;
2025-04-21 14:42:10 17 sec: 0 operations;
2025-04-21 14:42:11 18 sec: 0 operations;
2025-04-21 14:42:12 19 sec: 0 operations;
2025-04-21 14:42:13 20 sec: 0 operations;
2025-04-21 14:42:14 21 sec: 0 operations;
2025-04-21 14:42:15 22 sec: 0 operations;
2025-04-21 14:42:16 23 sec: 0 operations;
2025-04-21 14:42:17 24 sec: 0 operations;
2025-04-21 14:42:18 25 sec: 0 operations;
2025-04-21 14:42:19 26 sec: 6258 operations; [READ: Count=4171 Max=2310.14 Min=4.11 Avg=173.08 10=75.90 25=121.28 50=158.08 75=212.86 90=266.50 95=297.47 99=453.38 99.9=1588.22 99.99=2310.14] [UPDATE: Count=2087 Max=713.73 Min=9.82 Avg=17.63 10=12.53 25=13.82 50=15.65 75=18.22 90=21.17 95=23.38 99=30.88 99.9=505.60 99.99=713.73]
2025-04-21 14:42:20 27 sec: 14488 operations; [READ: Count=9631 Max=2310.14 Min=3.67 Avg=171.18 10=72.96 25=121.15 50=158.72 75=214.91 90=267.26 95=298.24 99=393.47 99.9=925.18 99.99=1932.29] [UPDATE: Count=4857 Max=20135.94 Min=8.38 Avg=21.13 10=12.55 25=13.78 50=15.56 75=18.00 90=20.89 95=23.02 99=28.45 99.9=505.60 99.99=20135.94]
2025-04-21 14:42:21 28 sec: 22633 operations; [READ: Count=15051 Max=2310.14 Min=3.67 Avg=172.44 10=72.45 25=121.15 50=159.62 75=214.91 90=267.26 95=299.26 99=487.68 99.9=1051.65 99.99=1932.29] [UPDATE: Count=7582 Max=20135.94 Min=7.47 Avg=19.59 10=12.41 25=13.70 50=15.56 75=18.02 90=21.02 95=23.15 99=29.23 99.9=372.48 99.99=713.73]
2025-04-21 14:42:22 29 sec: 31038 operations; [READ: Count=20667 Max=2310.14 Min=2.68 Avg=170.71 10=71.49 25=120.00 50=159.10 75=213.89 90=266.75 95=299.26 99=449.02 99.9=941.05 99.99=1932.29] [UPDATE: Count=10371 Max=20135.94 Min=6.95 Avg=19.98 10=11.89 25=13.28 50=15.18 75=17.61 90=20.50 95=22.64 99=29.01 99.9=372.48 99.99=16744.45]
2025-04-21 14:42:23 30 sec: 39214 operations; [READ: Count=26091 Max=2310.14 Min=2.68 Avg=170.72 10=71.74 25=120.19 50=159.23 75=213.89 90=266.75 95=299.52 99=432.89 99.9=925.18 99.99=1906.69] [UPDATE: Count=13123 Max=21151.74 Min=6.95 Avg=20.99 10=12.01 25=13.44 50=15.36 75=17.77 90=20.75 95=22.88 99=29.55 99.9=372.48 99.99=20135.94]
2025-04-21 14:42:24 31 sec: 47729 operations; [READ: Count=31747 Max=2310.14 Min=2.68 Avg=170.15 10=71.55 25=120.38 50=159.62 75=214.53 90=265.98 95=298.24 99=395.26 99.9=888.32 99.99=1906.69] [UPDATE: Count=15982 Max=21151.74 Min=6.66 Avg=20.09 10=11.92 25=13.40 50=15.34 75=17.76 90=20.72 95=22.80 99=29.23 99.9=305.15 99.99=16744.45]
2025-04-21 14:42:25 32 sec: 56073 operations; [READ: Count=37304 Max=2310.14 Min=2.68 Avg=170.12 10=71.68 25=120.64 50=160.25 75=215.04 90=266.75 95=298.50 99=388.10 99.9=849.92 99.99=1754.11] [UPDATE: Count=18769 Max=21151.74 Min=6.66 Avg=19.62 10=12.05 25=13.52 50=15.44 75=17.86 90=20.82 95=22.93 99=29.68 99.9=237.31 99.99=16744.45]
2025-04-21 14:42:26 33 sec: 64427 operations; [READ: Count=42855 Max=2310.14 Min=2.68 Avg=170.04 10=71.61 25=120.83 50=160.64 75=215.55 90=267.01 95=298.50 99=380.16 99.9=834.56 99.99=1754.11] [UPDATE: Count=21572 Max=21151.74 Min=6.66 Avg=19.47 10=12.15 25=13.59 50=15.50 75=17.93 90=20.93 95=23.07 99=30.03 99.9=287.23 99.99=16744.45]
2025-04-21 14:42:27 34 sec: 72533 operations; [READ: Count=48255 Max=2310.14 Min=2.68 Avg=169.22 10=70.46 25=118.78 50=158.34 75=213.50 90=266.24 95=299.26 99=428.80 99.9=887.29 99.99=1688.58] [UPDATE: Count=24278 Max=33751.04 Min=6.66 Avg=22.00 10=12.21 25=13.61 50=15.51 75=17.92 90=20.93 95=23.01 99=30.21 99.9=327.68 99.99=20135.94]
2025-04-21 14:42:28 35 sec: 80791 operations; [READ: Count=53767 Max=2310.14 Min=2.68 Avg=169.10 10=70.14 25=118.53 50=158.21 75=213.50 90=265.98 95=299.26 99=426.24 99.9=928.77 99.99=1754.11] [UPDATE: Count=27024 Max=33751.04 Min=6.66 Avg=22.19 10=12.26 25=13.68 50=15.61 75=18.05 90=21.05 95=23.15 99=30.38 99.9=352.25 99.99=16744.45]
2025-04-21 14:42:29 36 sec: 88776 operations; [READ: Count=59027 Max=5025.79 Min=2.68 Avg=169.66 10=70.27 25=118.91 50=158.59 75=213.89 90=266.50 95=299.26 99=423.94 99.9=1019.90 99.99=1811.45] [UPDATE: Count=29749 Max=33751.04 Min=6.66 Avg=22.51 10=12.34 25=13.78 50=15.72 75=18.24 90=21.34 95=23.57 99=31.26 99.9=346.88 99.99=19136.51]
2025-04-21 14:42:30 37 sec: 97238 operations; [READ: Count=64644 Max=5025.79 Min=2.68 Avg=169.48 10=70.27 25=119.17 50=158.85 75=214.14 90=266.50 95=299.01 99=409.09 99.9=995.33 99.99=1811.45] [UPDATE: Count=32594 Max=33751.04 Min=6.66 Avg=22.10 10=12.34 25=13.79 50=15.77 75=18.35 90=21.54 95=23.79 99=31.42 99.9=327.68 99.99=19136.51]
2025-04-21 14:42:31 38 sec: 105129 operations; [READ: Count=69895 Max=5025.79 Min=2.68 Avg=169.75 10=70.14 25=119.17 50=159.10 75=214.27 90=266.50 95=298.75 99=409.34 99.9=1097.73 99.99=1982.46] [UPDATE: Count=35234 Max=36306.94 Min=6.66 Avg=22.83 10=12.38 25=13.86 50=15.85 75=18.48 90=21.70 95=23.97 99=31.79 99.9=310.53 99.99=19136.51]
2025-04-21 14:42:32 39 sec: 113380 operations; [READ: Count=75431 Max=5025.79 Min=2.68 Avg=169.80 10=70.08 25=119.30 50=159.49 75=214.91 90=266.75 95=299.26 99=404.48 99.9=1068.03 99.99=1932.29] [UPDATE: Count=37949 Max=36306.94 Min=6.66 Avg=22.49 10=12.39 25=13.87 50=15.87 75=18.51 90=21.74 95=24.06 99=31.87 99.9=307.97 99.99=19136.51]
2025-04-21 14:42:33 40 sec: 120203 operations; [READ: Count=79996 Max=5025.79 Min=2.68 Avg=171.88 10=70.33 25=119.94 50=161.15 75=217.60 90=271.62 95=305.92 99=429.57 99.9=1041.92 99.99=1932.29] [UPDATE: Count=40207 Max=36306.94 Min=6.66 Avg=22.53 10=12.38 25=13.87 50=15.89 75=18.56 90=21.81 95=24.19 99=32.40 99.9=458.75 99.99=19136.51]
2025-04-21 14:42:34 41 sec: 126642 operations; [READ: Count=84279 Max=5025.79 Min=2.68 Avg=174.45 10=70.53 25=120.64 50=163.20 75=220.54 90=277.50 95=314.88 99=457.47 99.9=1032.70 99.99=1932.29] [UPDATE: Count=42363 Max=36306.94 Min=6.66 Avg=22.36 10=12.38 25=13.90 50=15.94 75=18.64 90=21.93 95=24.37 99=32.69 99.9=452.35 99.99=19136.51]
2025-04-21 14:42:35 42 sec: 133041 operations; [READ: Count=88580 Max=5025.79 Min=2.68 Avg=176.74 10=70.72 25=121.34 50=165.12 75=223.36 90=282.37 95=323.07 99=469.76 99.9=1027.07 99.99=1906.69] [UPDATE: Count=44461 Max=36306.94 Min=6.66 Avg=22.21 10=12.43 25=13.97 50=16.03 75=18.78 90=22.08 95=24.56 99=32.83 99.9=443.65 99.99=19136.51]
2025-04-21 14:42:36 43 sec: 139319 operations; [READ: Count=92756 Max=5025.79 Min=2.68 Avg=178.75 10=70.72 25=121.73 50=166.53 75=225.41 90=285.69 95=328.96 99=488.45 99.9=1128.45 99.99=1906.69] [UPDATE: Count=46563 Max=36306.94 Min=6.66 Avg=22.72 10=12.42 25=13.97 50=16.05 75=18.82 90=22.18 95=24.72 99=33.34 99.9=427.77 99.99=19136.51]
2025-04-21 14:42:37 44 sec: 146005 operations; [READ: Count=97232 Max=5025.79 Min=2.68 Avg=180.08 10=70.66 25=122.11 50=167.81 75=227.20 90=288.51 95=333.82 99=497.15 99.9=1108.99 99.99=1905.66] [UPDATE: Count=48773 Max=36306.94 Min=6.66 Avg=23.01 10=12.44 25=13.99 50=16.07 75=18.85 90=22.21 95=24.75 99=33.60 99.9=452.35 99.99=19136.51]
2025-04-21 14:42:38 45 sec: 152878 operations; [READ: Count=101835 Max=5025.79 Min=2.68 Avg=181.26 10=70.66 25=122.43 50=169.09 75=229.12 90=291.84 95=338.18 99=498.43 99.9=1089.54 99.99=1905.66] [UPDATE: Count=51043 Max=36306.94 Min=6.66 Avg=22.86 10=12.47 25=14.03 50=16.13 75=18.88 90=22.27 95=24.80 99=33.60 99.9=452.35 99.99=19136.51]
2025-04-21 14:42:39 46 sec: 159774 operations; [READ: Count=106452 Max=5025.79 Min=2.68 Avg=182.26 10=70.59 25=122.75 50=170.11 75=230.91 90=294.65 95=342.01 99=499.20 99.9=1073.15 99.99=1811.45] [UPDATE: Count=53322 Max=36306.94 Min=6.66 Avg=22.83 10=12.50 25=14.07 50=16.17 75=18.93 90=22.32 95=24.89 99=33.95 99.9=499.97 99.99=19136.51]
2025-04-21 14:42:40 47 sec: 166977 operations; [READ: Count=111221 Max=5025.79 Min=2.68 Avg=182.93 10=70.46 25=122.94 50=171.13 75=232.32 90=296.45 95=344.57 99=496.64 99.9=1058.82 99.99=1811.45] [UPDATE: Count=55756 Max=36306.94 Min=6.66 Avg=22.73 10=12.53 25=14.10 50=16.20 75=18.96 90=22.34 95=24.91 99=34.02 99.9=505.86 99.99=16744.45]
2025-04-21 14:42:41 48 sec: 174018 operations; [READ: Count=115948 Max=5025.79 Min=2.68 Avg=183.49 10=70.27 25=123.14 50=171.78 75=233.47 90=297.98 95=346.37 99=499.20 99.9=1064.96 99.99=1757.18] [UPDATE: Count=58070 Max=36306.94 Min=6.66 Avg=22.91 10=12.53 25=14.12 50=16.22 75=18.99 90=22.37 95=24.98 99=34.37 99.9=587.26 99.99=16744.45]
2025-04-21 14:42:42 49 sec: 181522 operations; [READ: Count=120947 Max=5025.79 Min=2.68 Avg=183.58 10=69.89 25=122.88 50=171.65 75=233.34 90=298.50 95=347.39 99=501.25 99.9=1127.42 99.99=1906.69] [UPDATE: Count=60575 Max=36306.94 Min=6.66 Avg=23.05 10=12.53 25=14.12 50=16.22 75=18.99 90=22.37 95=24.98 99=34.66 99.9=595.97 99.99=17252.35]
2025-04-21 14:42:43 50 sec: 188956 operations; [READ: Count=125897 Max=5025.79 Min=2.68 Avg=183.88 10=69.76 25=122.94 50=172.16 75=234.11 90=299.26 95=348.42 99=499.71 99.9=1099.78 99.99=1905.66] [UPDATE: Count=63059 Max=36306.94 Min=6.66 Avg=22.88 10=12.52 25=14.12 50=16.24 75=19.01 90=22.41 95=25.01 99=34.91 99.9=587.26 99.99=17252.35]
2025-04-21 14:42:44 51 sec: 197827 operations; [READ: Count=131811 Max=5025.79 Min=2.68 Avg=182.74 10=68.73 25=121.66 50=171.13 75=233.47 90=298.75 95=347.65 99=496.64 99.9=1089.54 99.99=1905.66] [UPDATE: Count=66016 Max=36306.94 Min=6.66 Avg=22.69 10=12.48 25=14.09 50=16.21 75=18.99 90=22.38 95=25.01 99=34.98 99.9=576.00 99.99=16744.45]
2025-04-21 14:42:45 52 sec: 209037 operations; [READ: Count=139261 Max=5025.79 Min=2.68 Avg=179.65 10=67.20 25=118.21 50=167.81 75=230.66 90=295.68 95=344.32 99=488.45 99.9=1073.15 99.99=1811.45] [UPDATE: Count=69776 Max=36306.94 Min=6.66 Avg=22.30 10=12.36 25=14.00 50=16.14 75=18.89 90=22.29 95=24.88 99=34.66 99.9=553.98 99.99=16744.45]
2025-04-21 14:42:46 53 sec: 220241 operations; [READ: Count=146732 Max=5025.79 Min=2.68 Avg=176.81 10=65.73 25=114.50 50=164.48 75=227.97 90=293.12 95=340.99 99=483.58 99.9=1064.96 99.99=1788.93] [UPDATE: Count=73509 Max=36306.94 Min=6.66 Avg=22.03 10=12.30 25=13.95 50=16.07 75=18.83 90=22.21 95=24.77 99=34.46 99.9=553.98 99.99=16744.45]
2025-04-21 14:42:47 54 sec: 230767 operations; [READ: Count=153698 Max=5025.79 Min=2.68 Avg=174.50 10=64.13 25=110.53 50=161.41 75=225.41 90=291.07 95=338.94 99=484.61 99.9=1157.12 99.99=1932.29] [UPDATE: Count=77069 Max=36306.94 Min=6.66 Avg=22.51 10=12.22 25=13.86 50=16.00 75=18.75 90=22.14 95=24.70 99=34.49 99.9=557.57 99.99=16744.45]
2025-04-21 14:42:48 55 sec: 241995 operations; [READ: Count=161208 Max=5025.79 Min=2.68 Avg=172.11 10=63.10 25=106.75 50=159.10 75=223.10 90=288.51 95=336.13 99=479.74 99.9=1143.81 99.99=1906.69] [UPDATE: Count=80787 Max=36306.94 Min=6.66 Avg=22.27 10=12.21 25=13.83 50=15.95 75=18.70 90=22.08 95=24.61 99=34.24 99.9=557.57 99.99=16744.45]
2025-04-21 14:42:49 56 sec: 253079 operations; [READ: Count=168564 Max=5025.79 Min=2.68 Avg=170.10 10=62.43 25=103.42 50=157.18 75=221.18 90=286.46 95=333.82 99=474.62 99.9=1128.45 99.99=1905.66] [UPDATE: Count=84515 Max=36306.94 Min=6.66 Avg=22.03 10=12.17 25=13.79 50=15.91 75=18.66 90=22.03 95=24.54 99=33.98 99.9=540.67 99.99=16744.45]
2025-04-21 14:42:50 57 sec: 264466 operations; [READ: Count=176137 Max=5025.79 Min=2.68 Avg=168.04 10=61.63 25=99.84 50=155.13 75=219.39 90=284.42 95=331.52 99=469.50 99.9=1110.02 99.99=1811.45] [UPDATE: Count=88329 Max=36306.94 Min=6.66 Avg=21.80 10=12.18 25=13.79 50=15.91 75=18.66 90=22.03 95=24.53 99=33.66 99.9=535.55 99.99=16105.47]
2025-04-21 14:42:51 58 sec: 275965 operations; [READ: Count=183755 Max=5025.79 Min=2.68 Avg=166.11 10=60.90 25=96.64 50=153.22 75=217.34 90=282.62 95=329.47 99=465.41 99.9=1095.68 99.99=1811.45] [UPDATE: Count=92210 Max=36306.94 Min=6.66 Avg=21.59 10=12.19 25=13.78 50=15.89 75=18.64 90=22.00 95=24.48 99=33.31 99.9=522.75 99.99=16105.47]
2025-04-21 14:42:52 59 sec: 287328 operations; [READ: Count=191371 Max=5025.79 Min=2.68 Avg=164.32 10=60.35 25=94.08 50=151.55 75=215.42 90=280.83 95=327.42 99=461.57 99.9=1094.65 99.99=1788.93] [UPDATE: Count=95957 Max=36306.94 Min=6.66 Avg=21.42 10=12.18 25=13.77 50=15.88 75=18.61 90=21.98 95=24.45 99=33.18 99.9=519.42 99.99=14606.33]
2025-04-21 14:42:53 60 sec: 298324 operations; [READ: Count=198709 Max=5025.79 Min=2.36 Avg=162.66 10=59.77 25=91.90 50=149.89 75=213.63 90=279.04 95=325.12 99=457.47 99.9=1095.68 99.99=1788.93] [UPDATE: Count=99615 Max=36306.94 Min=6.62 Avg=21.78 10=12.17 25=13.75 50=15.85 75=18.59 90=21.95 95=24.43 99=33.31 99.9=536.58 99.99=14606.33]
2025-04-21 14:42:54 61 sec: 309605 operations; [READ: Count=206218 Max=5025.79 Min=2.36 Avg=161.23 10=59.33 25=90.30 50=148.86 75=211.97 90=277.50 95=323.33 99=453.89 99.9=1084.41 99.99=1786.88] [UPDATE: Count=103387 Max=36306.94 Min=6.62 Avg=21.60 10=12.17 25=13.74 50=15.84 75=18.59 90=21.97 95=24.43 99=33.22 99.9=522.75 99.99=14606.33]
2025-04-21 14:42:55 62 sec: 321033 operations; [READ: Count=213842 Max=5025.79 Min=2.36 Avg=159.82 10=58.88 25=88.77 50=147.58 75=210.43 90=275.97 95=321.54 99=450.30 99.9=1071.10 99.99=1786.88] [UPDATE: Count=107191 Max=36306.94 Min=6.62 Avg=21.42 10=12.16 25=13.73 50=15.81 75=18.56 90=21.93 95=24.38 99=33.02 99.9=519.42 99.99=13672.45]
2025-04-21 14:42:56 63 sec: 332623 operations; [READ: Count=221578 Max=5025.79 Min=2.36 Avg=158.42 10=58.43 25=87.36 50=146.43 75=209.02 90=274.43 95=319.74 99=446.46 99.9=1054.72 99.99=1777.66] [UPDATE: Count=111045 Max=36306.94 Min=6.62 Avg=21.24 10=12.15 25=13.71 50=15.79 75=18.54 90=21.90 95=24.35 99=32.90 99.9=504.83 99.99=13672.45]
2025-04-21 14:42:57 64 sec: 344212 operations; [READ: Count=229293 Max=5025.79 Min=2.36 Avg=157.10 10=57.98 25=86.27 50=145.28 75=207.62 90=272.89 95=318.21 99=442.62 99.9=1037.31 99.99=1773.57] [UPDATE: Count=114919 Max=36306.94 Min=6.62 Avg=21.12 10=12.14 25=13.70 50=15.78 75=18.53 90=21.89 95=24.30 99=32.80 99.9=505.60 99.99=13672.45]
2025-04-21 14:42:58 65 sec: 355676 operations; [READ: Count=236970 Max=5025.79 Min=2.36 Avg=155.86 10=57.57 25=85.25 50=144.25 75=206.21 90=271.36 95=316.93 99=439.81 99.9=1035.26 99.99=1771.52] [UPDATE: Count=118706 Max=36306.94 Min=6.62 Avg=21.10 10=12.14 25=13.69 50=15.76 75=18.51 90=21.86 95=24.29 99=32.75 99.9=500.74 99.99=13672.45]
2025-04-21 14:42:59 66 sec: 367167 operations; [READ: Count=244602 Max=5025.79 Min=2.36 Avg=154.77 10=57.18 25=84.48 50=143.36 75=205.06 90=270.08 95=315.39 99=436.74 99.9=1027.07 99.99=1771.52] [UPDATE: Count=122565 Max=36306.94 Min=6.62 Avg=20.97 10=12.13 25=13.68 50=15.74 75=18.50 90=21.84 95=24.24 99=32.66 99.9=496.89 99.99=13672.45]
2025-04-21 14:43:00 67 sec: 378591 operations; [READ: Count=252231 Max=5025.79 Min=2.36 Avg=153.77 10=56.77 25=83.78 50=142.59 75=204.16 90=268.80 95=314.11 99=434.94 99.9=1018.37 99.99=1764.35] [UPDATE: Count=126360 Max=36306.94 Min=6.62 Avg=20.84 10=12.13 25=13.67 50=15.73 75=18.48 90=21.82 95=24.22 99=32.61 99.9=487.17 99.99=13213.69]
2025-04-21 14:43:01 68 sec: 390179 operations; [READ: Count=259950 Max=5025.79 Min=2.36 Avg=152.75 10=56.41 25=83.14 50=141.69 75=203.01 90=267.77 95=312.57 99=432.64 99.9=1010.17 99.99=1762.30] [UPDATE: Count=130229 Max=36306.94 Min=6.62 Avg=20.71 10=12.13 25=13.66 50=15.72 75=18.45 90=21.81 95=24.18 99=32.46 99.9=486.40 99.99=13213.69]
2025-04-21 14:43:02 69 sec: 402239 operations; [READ: Count=267938 Max=5025.79 Min=2.23 Avg=151.66 10=55.87 25=82.43 50=140.80 75=201.73 90=266.75 95=311.04 99=430.33 99.9=999.93 99.99=1757.18] [UPDATE: Count=134301 Max=36306.94 Min=6.62 Avg=20.56 10=12.02 25=13.57 50=15.65 75=18.38 90=21.73 95=24.11 99=32.37 99.9=483.33 99.99=13213.69]
2025-04-21 14:43:03 70 sec: 414085 operations; [READ: Count=275829 Max=5025.79 Min=2.23 Avg=150.66 10=55.42 25=81.79 50=140.03 75=200.70 90=265.47 95=309.76 99=428.29 99.9=982.01 99.99=1754.11] [UPDATE: Count=138256 Max=36306.94 Min=6.62 Avg=20.48 10=11.93 25=13.50 50=15.60 75=18.34 90=21.66 95=24.05 99=32.29 99.9=465.41 99.99=12460.03]
2025-04-21 14:43:04 71 sec: 426009 operations; [READ: Count=283769 Max=5025.79 Min=2.23 Avg=149.68 10=54.91 25=81.15 50=139.26 75=199.55 90=264.19 95=308.48 99=426.24 99.9=972.29 99.99=1754.11] [UPDATE: Count=142240 Max=36306.94 Min=6.62 Avg=20.40 10=11.85 25=13.44 50=15.55 75=18.29 90=21.63 95=24.02 99=32.26 99.9=458.75 99.99=12460.03]
2025-04-21 14:43:05 72 sec: 437926 operations; [READ: Count=291699 Max=5025.79 Min=2.23 Avg=148.79 10=54.43 25=80.64 50=138.50 75=198.66 90=263.17 95=307.20 99=423.94 99.9=957.95 99.99=1728.51] [UPDATE: Count=146227 Max=36306.94 Min=6.62 Avg=20.27 10=11.78 25=13.38 50=15.50 75=18.24 90=21.60 95=23.98 99=32.19 99.9=452.86 99.99=12304.38]
2025-04-21 14:43:06 73 sec: 449848 operations; [READ: Count=299602 Max=5025.79 Min=2.23 Avg=147.96 10=53.82 25=80.13 50=137.73 75=197.76 90=262.01 95=306.18 99=422.14 99.9=949.25 99.99=1688.58] [UPDATE: Count=150246 Max=36306.94 Min=6.62 Avg=20.16 10=11.74 25=13.36 50=15.47 75=18.22 90=21.55 95=23.95 99=32.14 99.9=458.75 99.99=12304.38]
2025-04-21 14:43:07 74 sec: 461631 operations; [READ: Count=307435 Max=5025.79 Min=2.23 Avg=147.16 10=53.18 25=79.74 50=137.09 75=196.86 90=260.99 95=305.41 99=420.10 99.9=945.66 99.99=1683.45] [UPDATE: Count=154196 Max=36306.94 Min=6.62 Avg=20.13 10=11.75 25=13.35 50=15.47 75=18.22 90=21.55 95=23.95 99=32.11 99.9=461.82 99.99=12304.38]
2025-04-21 14:43:08 75 sec: 473450 operations; [READ: Count=315299 Max=5025.79 Min=2.23 Avg=146.40 10=52.48 25=79.30 50=136.45 75=196.09 90=260.10 95=304.38 99=418.81 99.9=936.45 99.99=1677.31] [UPDATE: Count=158151 Max=36306.94 Min=6.62 Avg=20.06 10=11.76 25=13.36 50=15.47 75=18.22 90=21.55 95=23.95 99=32.05 99.9=458.75 99.99=12296.19]
2025-04-21 14:43:09 76 sec: 485267 operations; [READ: Count=323136 Max=5025.79 Min=2.23 Avg=145.69 10=51.58 25=78.91 50=135.94 75=195.33 90=259.20 95=303.36 99=416.77 99.9=928.25 99.99=1677.31] [UPDATE: Count=162131 Max=36306.94 Min=6.62 Avg=20.02 10=11.77 25=13.37 50=15.47 75=18.22 90=21.57 95=23.95 99=32.03 99.9=458.75 99.99=12296.19]
2025-04-21 14:43:10 77 sec: 497277 operations; [READ: Count=331170 Max=5025.79 Min=2.23 Avg=144.93 10=49.85 25=78.53 50=135.29 75=194.56 90=258.30 95=302.59 99=414.98 99.9=915.46 99.99=1674.24] [UPDATE: Count=166107 Max=36306.94 Min=6.62 Avg=19.95 10=11.78 25=13.38 50=15.48 75=18.22 90=21.55 95=23.95 99=32.03 99.9=452.86 99.99=12288.00]
2025-04-21 14:43:11 78 sec: 509277 operations; [READ: Count=339126 Max=5025.79 Min=2.23 Avg=144.24 10=37.25 25=78.21 50=134.66 75=193.79 90=257.41 95=301.57 99=413.44 99.9=901.63 99.99=1669.12] [UPDATE: Count=170151 Max=36306.94 Min=6.62 Avg=19.89 10=11.78 25=13.38 50=15.49 75=18.22 90=21.57 95=23.95 99=32.00 99.9=458.75 99.99=12288.00]
2025-04-21 14:43:12 79 sec: 521301 operations; [READ: Count=347131 Max=5025.79 Min=2.23 Avg=143.56 10=23.12 25=77.89 50=134.14 75=193.02 90=256.51 95=300.54 99=411.90 99.9=890.88 99.99=1668.10] [UPDATE: Count=174170 Max=36306.94 Min=6.62 Avg=19.84 10=11.78 25=13.38 50=15.49 75=18.24 90=21.57 95=23.95 99=31.95 99.9=458.75 99.99=12288.00]
2025-04-21 14:43:13 80 sec: 533366 operations; [READ: Count=355201 Max=5025.79 Min=2.23 Avg=142.87 10=20.05 25=77.57 50=133.50 75=192.38 90=255.62 95=299.52 99=410.62 99.9=879.10 99.99=1667.07] [UPDATE: Count=178165 Max=36306.94 Min=6.62 Avg=19.81 10=11.79 25=13.39 50=15.49 75=18.24 90=21.57 95=23.95 99=31.97 99.9=458.75 99.99=11698.17]
2025-04-21 14:43:14 81 sec: 545248 operations; [READ: Count=363135 Max=5025.79 Min=2.23 Avg=142.25 10=18.51 25=77.25 50=132.99 75=191.62 90=254.72 95=298.75 99=409.34 99.9=866.30 99.99=1667.07] [UPDATE: Count=182113 Max=36306.94 Min=6.62 Avg=19.81 10=11.80 25=13.40 50=15.50 75=18.24 90=21.58 95=23.97 99=32.02 99.9=458.75 99.99=11698.17]
2025-04-21 14:43:15 82 sec: 557441 operations; [READ: Count=371267 Max=5025.79 Min=2.23 Avg=141.60 10=17.34 25=76.99 50=132.48 75=190.97 90=254.08 95=297.98 99=408.32 99.9=859.65 99.99=1653.76] [UPDATE: Count=186174 Max=36306.94 Min=6.62 Avg=19.78 10=11.80 25=13.40 50=15.50 75=18.24 90=21.58 95=23.97 99=32.03 99.9=461.82 99.99=11608.06]
2025-04-21 14:43:16 83 sec: 569908 operations; [READ: Count=379558 Max=5025.79 Min=2.23 Avg=140.94 10=16.48 25=76.67 50=131.84 75=190.34 90=253.31 95=296.96 99=406.53 99.9=851.97 99.99=1649.66] [UPDATE: Count=190350 Max=36306.94 Min=6.54 Avg=19.70 10=11.74 25=13.35 50=15.46 75=18.22 90=21.57 95=23.95 99=32.08 99.9=461.82 99.99=11608.06]
2025-04-21 14:43:17 84 sec: 582258 operations; [READ: Count=387754 Max=5025.79 Min=2.23 Avg=140.26 10=15.89 25=76.35 50=131.33 75=189.44 90=252.29 95=295.94 99=405.25 99.9=842.24 99.99=1643.52] [UPDATE: Count=194504 Max=36306.94 Min=6.54 Avg=19.77 10=11.74 25=13.37 50=15.49 75=18.25 90=21.63 95=24.06 99=32.32 99.9=479.49 99.99=11608.06]
2025-04-21 14:43:18 85 sec: 596063 operations; [READ: Count=396891 Max=5025.79 Min=2.23 Avg=139.28 10=15.39 25=75.90 50=130.37 75=188.16 90=250.88 95=294.65 99=403.45 99.9=833.02 99.99=1642.49] [UPDATE: Count=199172 Max=36306.94 Min=6.54 Avg=19.77 10=11.75 25=13.38 50=15.51 75=18.29 90=21.70 95=24.14 99=32.45 99.9=479.49 99.99=10706.94]
2025-04-21 14:43:19 86 sec: 610445 operations; [READ: Count=406520 Max=5025.79 Min=2.23 Avg=138.18 10=14.87 25=75.39 50=129.34 75=186.62 90=249.47 95=293.38 99=401.66 99.9=826.37 99.99=1641.47] [UPDATE: Count=203925 Max=36306.94 Min=6.54 Avg=19.78 10=11.71 25=13.34 50=15.49 75=18.27 90=21.68 95=24.14 99=32.49 99.9=486.40 99.99=10706.94]
2025-04-21 14:43:20 87 sec: 624970 operations; [READ: Count=416263 Max=5025.79 Min=2.23 Avg=137.12 10=14.49 25=74.88 50=128.38 75=185.22 90=247.94 95=291.84 99=399.62 99.9=816.64 99.99=1637.38] [UPDATE: Count=208707 Max=36306.94 Min=6.54 Avg=19.71 10=11.69 25=13.33 50=15.48 75=18.29 90=21.70 95=24.18 99=32.61 99.9=485.38 99.99=8781.82]
2025-04-21 14:43:21 88 sec: 641179 operations; [READ: Count=427096 Max=5025.79 Min=2.23 Avg=135.76 10=14.01 25=74.05 50=126.91 75=183.42 90=246.27 95=290.05 99=397.57 99.9=803.33 99.99=1637.38] [UPDATE: Count=214083 Max=36306.94 Min=6.54 Avg=19.61 10=11.63 25=13.29 50=15.45 75=18.25 90=21.68 95=24.16 99=32.53 99.9=483.33 99.99=8781.82]
2025-04-21 14:43:22 89 sec: 660565 operations; [READ: Count=439960 Max=5025.79 Min=2.23 Avg=133.80 10=13.49 25=72.64 50=124.35 75=181.12 90=244.35 95=288.25 99=395.52 99.9=794.11 99.99=1633.28] [UPDATE: Count=220605 Max=36306.94 Min=6.54 Avg=19.47 10=11.54 25=13.22 50=15.39 75=18.19 90=21.61 95=24.09 99=32.46 99.9=476.93 99.99=7991.30]
2025-04-21 14:43:23 90 sec: 681898 operations; [READ: Count=454161 Max=5025.79 Min=2.23 Avg=131.55 10=13.02 25=70.97 50=121.15 75=178.69 90=242.30 95=286.21 99=393.21 99.9=784.38 99.99=1627.13] [UPDATE: Count=227737 Max=36306.94 Min=6.54 Avg=19.33 10=11.46 25=13.16 50=15.34 75=18.14 90=21.55 95=24.05 99=32.34 99.9=473.60 99.99=7196.67]
2025-04-21 14:43:24 91 sec: 705892 operations; [READ: Count=470150 Max=5025.79 Min=2.23 Avg=128.91 10=12.58 25=69.06 50=117.12 75=176.00 90=240.13 95=284.16 99=390.65 99.9=771.58 99.99=1595.39] [UPDATE: Count=235742 Max=36306.94 Min=6.48 Avg=19.18 10=11.38 25=13.08 50=15.27 75=18.09 90=21.49 95=23.97 99=32.24 99.9=469.25 99.99=7032.83]
2025-04-21 14:43:25 92 sec: 731152 operations; [READ: Count=486994 Max=5025.79 Min=2.23 Avg=126.21 10=12.15 25=66.94 50=112.64 75=173.18 90=237.82 95=282.11 99=388.10 99.9=761.34 99.99=1591.30] [UPDATE: Count=244158 Max=36306.94 Min=6.48 Avg=19.02 10=11.27 25=13.00 50=15.21 75=18.02 90=21.42 95=23.92 99=32.14 99.9=458.75 99.99=7032.83]
2025-04-21 14:43:26 93 sec: 756646 operations; [READ: Count=503987 Max=5025.79 Min=2.23 Avg=123.66 10=11.76 25=64.73 50=108.03 75=170.50 90=235.65 95=280.06 99=385.54 99.9=749.05 99.99=1588.22] [UPDATE: Count=252659 Max=36306.94 Min=6.37 Avg=18.86 10=11.19 25=12.94 50=15.15 75=17.97 90=21.36 95=23.86 99=32.02 99.9=447.49 99.99=6848.51]
2025-04-21 14:43:27 94 sec: 784989 operations; [READ: Count=522911 Max=5025.79 Min=2.23 Avg=120.81 10=11.38 25=61.57 50=103.17 75=167.55 90=233.22 95=277.76 99=382.46 99.9=732.16 99.99=1573.89] [UPDATE: Count=262078 Max=36306.94 Min=6.37 Avg=18.67 10=11.08 25=12.84 50=15.07 75=17.89 90=21.28 95=23.77 99=31.89 99.9=436.48 99.99=6844.41]
2025-04-21 14:43:28 95 sec: 823284 operations; [READ: Count=548548 Max=5025.79 Min=2.23 Avg=116.67 10=10.79 25=55.49 50=97.02 75=163.84 90=229.89 95=274.94 99=379.39 99.9=713.22 99.99=1546.24] [UPDATE: Count=274736 Max=36306.94 Min=6.37 Avg=18.36 10=10.76 25=12.62 50=14.90 75=17.73 90=21.12 95=23.65 99=31.68 99.9=426.75 99.99=6623.23]
2025-04-21 14:43:29 96 sec: 861296 operations; [READ: Count=573908 Max=5025.79 Min=2.23 Avg=112.95 10=10.29 25=48.83 50=91.78 75=160.38 90=226.81 95=272.13 99=376.32 99.9=704.51 99.99=1544.19] [UPDATE: Count=287388 Max=36306.94 Min=6.18 Avg=18.08 10=10.49 25=12.40 50=14.73 75=17.57 90=20.98 95=23.52 99=31.65 99.9=414.72 99.99=4988.93]
2025-04-21 14:43:30 97 sec: 895093 operations; [READ: Count=596396 Max=5025.79 Min=2.23 Avg=109.92 10=9.94 25=43.49 50=87.81 75=157.44 90=224.38 95=269.57 99=373.76 99.9=701.44 99.99=1523.71] [UPDATE: Count=298697 Max=69337.09 Min=6.18 Avg=18.22 10=10.30 25=12.20 50=14.59 75=17.42 90=20.86 95=23.41 99=31.65 99.9=413.95 99.99=6320.13]
2025-04-21 14:43:31 98 sec: 932938 operations; [READ: Count=621627 Max=5025.79 Min=2.10 Avg=106.77 10=9.61 25=40.86 50=83.90 75=154.24 90=221.69 95=267.01 99=371.20 99.9=690.17 99.99=1511.42] [UPDATE: Count=311311 Max=69337.09 Min=6.18 Avg=17.99 10=10.18 25=11.99 50=14.44 75=17.28 90=20.73 95=23.28 99=31.60 99.9=409.60 99.99=5652.48]
2025-04-21 14:43:32 99 sec: 968306 operations; [READ: Count=645200 Max=5025.79 Min=2.10 Avg=104.11 10=9.41 25=40.06 50=80.64 75=151.29 90=219.26 95=264.96 99=368.64 99.9=683.52 99.99=1490.94] [UPDATE: Count=323106 Max=69337.09 Min=6.18 Avg=17.86 10=10.17 25=11.94 50=14.37 75=17.20 90=20.62 95=23.18 99=31.60 99.9=403.71 99.99=4988.93]
2025-04-21 14:43:33 100 sec: 1006588 operations; [READ: Count=670634 Max=5025.79 Min=2.10 Avg=101.36 10=9.17 25=39.10 50=77.38 75=148.35 90=216.70 95=262.40 99=365.82 99.9=666.11 99.99=1481.73] [UPDATE: Count=335954 Max=69337.09 Min=6.18 Avg=17.68 10=10.08 25=11.78 50=14.25 75=17.09 90=20.51 95=23.07 99=31.60 99.9=402.94 99.99=4333.57]
2025-04-21 14:43:34 101 sec: 1046192 operations; [READ: Count=696968 Max=5025.79 Min=2.10 Avg=98.70 10=8.92 25=38.30 50=74.17 75=145.28 90=214.01 95=259.71 99=363.26 99.9=657.41 99.99=1472.51] [UPDATE: Count=349224 Max=69337.09 Min=6.18 Avg=17.47 10=9.97 25=11.59 50=14.12 75=16.96 90=20.38 95=22.96 99=31.57 99.9=397.82 99.99=4104.19]
2025-04-21 14:43:35 102 sec: 1085402 operations; [READ: Count=723027 Max=5025.79 Min=2.10 Avg=96.26 10=8.71 25=37.70 50=71.04 75=142.34 90=211.58 95=257.28 99=360.96 99.9=644.10 99.99=1466.37] [UPDATE: Count=362375 Max=69337.09 Min=6.18 Avg=17.29 10=9.89 25=11.41 50=13.99 75=16.83 90=20.25 95=22.85 99=31.41 99.9=395.26 99.99=4104.19]
2025-04-21 14:43:36 103 sec: 1115177 operations; [READ: Count=742842 Max=5025.79 Min=2.10 Avg=94.84 10=8.54 25=37.12 50=68.67 75=140.41 90=210.05 95=256.13 99=362.24 99.9=729.09 99.99=1499.13] [UPDATE: Count=372335 Max=69337.09 Min=6.18 Avg=17.17 10=9.81 25=11.29 50=13.89 75=16.73 90=20.18 95=22.77 99=31.31 99.9=394.50 99.99=4104.19]
2025-04-21 14:43:37 104 sec: 1153589 operations; [READ: Count=768440 Max=5025.79 Min=2.10 Avg=92.74 10=8.38 25=36.70 50=65.38 75=137.73 90=207.87 95=254.08 99=360.19 99.9=714.24 99.99=1490.94] [UPDATE: Count=385149 Max=69337.09 Min=6.18 Avg=17.02 10=9.74 25=11.16 50=13.78 75=16.62 90=20.06 95=22.66 99=31.18 99.9=395.01 99.99=4042.75]
2025-04-21 14:43:38 105 sec: 1190283 operations; [READ: Count=792851 Max=5025.79 Min=1.98 Avg=90.91 10=8.26 25=36.45 50=62.02 75=135.04 90=205.69 95=252.16 99=357.63 99.9=705.53 99.99=1481.73] [UPDATE: Count=397432 Max=69337.09 Min=6.18 Avg=16.90 10=9.70 25=11.09 50=13.70 75=16.54 90=19.97 95=22.56 99=31.09 99.9=392.70 99.99=3328.00]
2025-04-21 14:43:39 106 sec: 1226577 operations; [READ: Count=816977 Max=5025.79 Min=1.98 Avg=89.22 10=8.17 25=36.22 50=58.75 75=132.35 90=203.52 95=250.24 99=355.84 99.9=698.37 99.99=1475.58] [UPDATE: Count=409600 Max=69337.09 Min=6.14 Avg=16.80 10=9.68 25=11.04 50=13.64 75=16.46 90=19.87 95=22.46 99=30.98 99.9=390.65 99.99=2975.74]
2025-04-21 14:43:40 107 sec: 1257306 operations; [READ: Count=837437 Max=5025.79 Min=1.98 Avg=88.04 10=8.17 25=36.06 50=56.38 75=130.24 90=201.98 95=248.96 99=355.58 99.9=714.24 99.99=1471.49] [UPDATE: Count=419869 Max=69337.09 Min=6.14 Avg=16.71 10=9.65 25=11.01 50=13.58 75=16.40 90=19.81 95=22.40 99=30.91 99.9=389.12 99.99=2975.74]
2025-04-21 14:43:41 108 sec: 1283707 operations; [READ: Count=855044 Max=5025.79 Min=1.98 Avg=87.17 10=8.19 25=35.97 50=54.72 75=128.32 90=200.70 95=247.81 99=355.33 99.9=761.86 99.99=1499.13] [UPDATE: Count=428663 Max=69337.09 Min=6.14 Avg=16.76 10=9.67 25=11.02 50=13.59 75=16.40 90=19.77 95=22.37 99=30.88 99.9=390.65 99.99=2975.74]
2025-04-21 14:43:42 109 sec: 1314430 operations; [READ: Count=875643 Max=5025.79 Min=1.98 Avg=86.04 10=8.23 25=35.84 50=52.99 75=126.02 90=199.04 95=246.27 99=353.79 99.9=755.20 99.99=1491.97] [UPDATE: Count=438787 Max=69337.09 Min=6.14 Avg=16.77 10=9.69 25=11.05 50=13.62 75=16.41 90=19.77 95=22.34 99=30.91 99.9=390.65 99.99=2838.53]
2025-04-21 14:43:43 110 sec: 1345512 operations; [READ: Count=896366 Max=5025.79 Min=1.98 Avg=84.94 10=8.26 25=35.68 50=51.49 75=123.71 90=197.38 95=244.74 99=352.25 99.9=750.08 99.99=1490.94] [UPDATE: Count=449146 Max=69337.09 Min=6.14 Avg=16.77 10=9.70 25=11.06 50=13.62 75=16.41 90=19.76 95=22.32 99=30.96 99.9=397.57 99.99=2813.95]
2025-04-21 14:43:44 111 sec: 1367154 operations; [READ: Count=910759 Max=5025.79 Min=1.98 Avg=84.49 10=8.29 25=35.58 50=50.72 75=122.24 90=196.48 95=244.22 99=353.54 99.9=803.33 99.99=1490.94] [UPDATE: Count=456395 Max=69337.09 Min=6.14 Avg=16.87 10=9.70 25=11.07 50=13.62 75=16.41 90=19.74 95=22.30 99=31.04 99.9=409.60 99.99=2813.95]
2025-04-21 14:43:45 112 sec: 1392365 operations; [READ: Count=927568 Max=5025.79 Min=1.98 Avg=83.86 10=8.34 25=35.45 50=50.24 75=120.51 90=195.33 95=243.07 99=353.02 99.9=820.22 99.99=1511.42] [UPDATE: Count=464797 Max=69337.09 Min=6.14 Avg=16.87 10=9.70 25=11.07 50=13.61 75=16.40 90=19.73 95=22.29 99=31.12 99.9=413.44 99.99=2813.95]
2025-04-21 14:43:46 113 sec: 1418082 operations; [READ: Count=944717 Max=5025.79 Min=1.98 Avg=83.21 10=8.39 25=35.30 50=50.02 75=118.85 90=194.05 95=242.05 99=352.00 99.9=814.08 99.99=1505.28] [UPDATE: Count=473365 Max=69337.09 Min=6.14 Avg=16.88 10=9.70 25=11.08 50=13.62 75=16.40 90=19.73 95=22.27 99=31.21 99.9=417.28 99.99=2746.37]
2025-04-21 14:43:47 114 sec: 1444198 operations; [READ: Count=962087 Max=5025.79 Min=1.98 Avg=82.56 10=8.44 25=35.13 50=49.82 75=117.25 90=192.77 95=240.90 99=350.72 99.9=809.98 99.99=1499.13] [UPDATE: Count=482111 Max=69337.09 Min=6.14 Avg=16.90 10=9.70 25=11.09 50=13.62 75=16.41 90=19.74 95=22.27 99=31.33 99.9=427.01 99.99=2539.52]
2025-04-21 14:43:48 115 sec: 1465165 operations; [READ: Count=976049 Max=5025.79 Min=1.98 Avg=82.24 10=8.47 25=34.98 50=49.70 75=116.22 90=192.00 95=240.51 99=352.25 99.9=826.88 99.99=1505.28] [UPDATE: Count=489116 Max=69337.09 Min=6.14 Avg=16.95 10=9.71 25=11.10 50=13.62 75=16.41 90=19.74 95=22.29 99=31.45 99.9=432.64 99.99=2539.52]
2025-04-21 14:43:49 116 sec: 1486671 operations; [READ: Count=990481 Max=5025.79 Min=1.98 Avg=81.89 10=8.50 25=34.81 50=49.38 75=114.94 90=191.10 95=240.00 99=353.79 99.9=865.28 99.99=1523.71] [UPDATE: Count=496190 Max=69337.09 Min=6.14 Avg=16.99 10=9.72 25=11.11 50=13.63 75=16.43 90=19.76 95=22.29 99=31.55 99.9=444.42 99.99=2746.37]
2025-04-21 14:43:50 117 sec: 1500971 operations; [READ: Count=1000000 Max=5025.79 Min=1.98 Avg=81.51 10=8.52 25=34.72 50=49.18 75=114.11 90=190.46 95=239.49 99=353.02 99.9=863.23 99.99=1520.64] [UPDATE: Count=500971 Max=69337.09 Min=6.14 Avg=16.98 10=9.72 25=11.10 50=13.62 75=16.43 90=19.74 95=22.27 99=31.58 99.9=445.44 99.99=2746.37]
2025-04-21 14:43:51 118 sec: 1500971 operations; [READ: Count=1000000 Max=5025.79 Min=1.98 Avg=81.51 10=8.52 25=34.72 50=49.18 75=114.11 90=190.46 95=239.49 99=353.02 99.9=863.23 99.99=1520.64] [UPDATE: Count=500971 Max=69337.09 Min=6.14 Avg=16.98 10=9.72 25=11.10 50=13.62 75=16.43 90=19.74 95=22.27 99=31.58 99.9=445.44 99.99=2746.37]
2025-04-21 14:43:52 119 sec: 1500971 operations; [READ: Count=1000000 Max=5025.79 Min=1.98 Avg=81.51 10=8.52 25=34.72 50=49.18 75=114.11 90=190.46 95=239.49 99=353.02 99.9=863.23 99.99=1520.64] [UPDATE: Count=500971 Max=69337.09 Min=6.14 Avg=16.98 10=9.72 25=11.10 50=13.62 75=16.43 90=19.74 95=22.27 99=31.58 99.9=445.44 99.99=2746.37]
2025-04-21 14:43:52 119 sec: 1500971 operations; [READ: Count=1000000 Max=5025.79 Min=1.98 Avg=81.51 10=8.52 25=34.72 50=49.18 75=114.11 90=190.46 95=239.49 99=353.02 99.9=863.23 99.99=1520.64] [UPDATE: Count=500971 Max=69337.09 Min=6.14 Avg=16.98 10=9.72 25=11.10 50=13.62 75=16.43 90=19.74 95=22.27 99=31.58 99.9=445.44 99.99=2746.37]
Run runtime(sec): 119.244
Run operations(ops): 1000000
Run throughput(ops/sec): 8386.19
