Running scope as unit: run-r084bfb7a42d94e499b0f550228560dfc.scope
load file:/home/user/DataFiles/silesia_data/silesia.tar
2025-04-22 06:36:04 0 sec: 0 operations;
2025-04-22 06:36:05 1 sec: 20580 operations; [INSERT: Count=20580 Max=13361.15 Min=4.59 Avg=43.20 10=17.71 25=25.47 50=37.38 75=54.66 90=74.05 95=86.46 99=114.24 99.9=181.76 99.99=430.08]
2025-04-22 06:36:06 2 sec: 39725 operations; [INSERT: Count=39725 Max=13361.15 Min=4.59 Avg=45.97 10=19.63 25=27.92 50=40.61 75=58.49 90=78.53 95=90.75 99=117.89 99.9=166.14 99.99=473.86]
2025-04-22 06:36:07 3 sec: 58713 operations; [INSERT: Count=58713 Max=13361.15 Min=4.59 Avg=47.06 10=20.51 25=28.93 50=41.79 75=60.00 90=80.06 95=92.73 99=118.91 99.9=158.97 99.99=473.86]
2025-04-22 06:36:08 4 sec: 77829 operations; [INSERT: Count=77829 Max=13361.15 Min=4.59 Avg=47.54 10=20.91 25=29.42 50=42.34 75=60.58 90=80.83 95=93.44 99=119.23 99.9=156.80 99.99=465.92]
2025-04-22 06:36:09 5 sec: 96535 operations; [INSERT: Count=96535 Max=13361.15 Min=4.59 Avg=48.04 10=21.28 25=29.81 50=42.88 75=61.25 90=81.34 95=94.14 99=119.94 99.9=158.34 99.99=473.86]
2025-04-22 06:36:10 6 sec: 115840 operations; [INSERT: Count=115840 Max=44695.55 Min=4.59 Avg=48.11 10=21.23 25=29.65 50=42.59 75=60.80 90=80.83 95=93.50 99=119.17 99.9=157.57 99.99=477.69]
2025-04-22 06:36:11 7 sec: 137416 operations; [INSERT: Count=137416 Max=44695.55 Min=4.59 Avg=47.32 10=20.93 25=29.18 50=41.89 75=59.87 90=79.74 95=92.22 99=117.63 99.9=154.62 99.99=473.86]
2025-04-22 06:36:12 8 sec: 157515 operations; [INSERT: Count=157515 Max=44695.55 Min=4.59 Avg=47.21 10=20.98 25=29.18 50=41.89 75=59.77 90=79.55 95=91.97 99=117.25 99.9=154.50 99.99=465.92]
2025-04-22 06:36:13 9 sec: 177095 operations; [INSERT: Count=177095 Max=44695.55 Min=4.59 Avg=47.27 10=21.07 25=29.26 50=42.02 75=59.90 90=79.61 95=92.03 99=117.12 99.9=154.50 99.99=466.94]
2025-04-22 06:36:14 10 sec: 196664 operations; [INSERT: Count=196664 Max=44695.55 Min=4.59 Avg=47.32 10=21.18 25=29.34 50=42.08 75=59.97 90=79.68 95=92.09 99=117.18 99.9=154.50 99.99=465.92]
2025-04-22 06:36:15 11 sec: 216232 operations; [INSERT: Count=216232 Max=44695.55 Min=4.59 Avg=47.36 10=21.23 25=29.41 50=42.17 75=60.06 90=79.74 95=92.09 99=117.18 99.9=154.62 99.99=464.38]
2025-04-22 06:36:16 12 sec: 236378 operations; [INSERT: Count=236378 Max=44695.55 Min=4.59 Avg=47.27 10=21.15 25=29.26 50=41.92 75=59.74 90=79.42 95=91.71 99=116.73 99.9=154.50 99.99=464.38]
2025-04-22 06:36:17 13 sec: 256956 operations; [INSERT: Count=256956 Max=44695.55 Min=4.59 Avg=47.11 10=21.10 25=29.20 50=41.82 75=59.55 90=79.10 95=91.45 99=116.48 99.9=153.85 99.99=459.52]
2025-04-22 06:36:18 14 sec: 276467 operations; [INSERT: Count=276467 Max=44695.55 Min=4.59 Avg=47.16 10=21.17 25=29.28 50=41.92 75=59.65 90=79.23 95=91.52 99=116.61 99.9=153.22 99.99=460.54]
2025-04-22 06:36:19 15 sec: 293398 operations; [INSERT: Count=293398 Max=44695.55 Min=4.59 Avg=47.66 10=21.39 25=29.58 50=42.37 75=60.29 90=80.06 95=92.67 99=118.02 99.9=155.26 99.99=466.94]
2025-04-22 06:36:20 16 sec: 309602 operations; [INSERT: Count=309602 Max=44695.55 Min=4.59 Avg=48.22 10=21.60 25=29.89 50=42.88 75=60.96 90=81.02 95=93.82 99=119.68 99.9=159.74 99.99=475.90]
2025-04-22 06:36:21 17 sec: 325966 operations; [INSERT: Count=325966 Max=44695.55 Min=4.59 Avg=48.69 10=21.81 25=30.19 50=43.30 75=61.63 90=81.86 95=94.85 99=120.96 99.9=162.05 99.99=477.69]
2025-04-22 06:36:22 18 sec: 342536 operations; [INSERT: Count=342536 Max=44695.55 Min=4.59 Avg=49.10 10=22.00 25=30.48 50=43.68 75=62.08 90=82.43 95=95.42 99=121.79 99.9=162.43 99.99=478.98]
2025-04-22 06:36:23 19 sec: 360459 operations; [INSERT: Count=360459 Max=44695.55 Min=4.59 Avg=49.26 10=22.11 25=30.62 50=43.87 75=62.27 90=82.75 95=95.81 99=122.11 99.9=162.05 99.99=477.69]
2025-04-22 06:36:24 20 sec: 379746 operations; [INSERT: Count=379746 Max=44695.55 Min=4.59 Avg=49.22 10=22.16 25=30.62 50=43.84 75=62.24 90=82.62 95=95.81 99=122.05 99.9=161.28 99.99=477.69]
2025-04-22 06:36:25 21 sec: 396363 operations; [INSERT: Count=396363 Max=44695.55 Min=4.59 Avg=49.54 10=22.27 25=30.82 50=44.09 75=62.62 90=83.20 95=96.51 99=123.20 99.9=166.66 99.99=478.98]
2025-04-22 06:36:26 22 sec: 412586 operations; [INSERT: Count=412586 Max=44695.55 Min=4.59 Avg=49.88 10=22.32 25=30.91 50=44.29 75=62.91 90=83.84 95=97.53 99=125.63 99.9=181.89 99.99=572.41]
2025-04-22 06:36:27 23 sec: 430340 operations; [INSERT: Count=430340 Max=44695.55 Min=4.59 Avg=50.01 10=22.37 25=30.94 50=44.32 75=62.98 90=83.90 95=97.53 99=125.76 99.9=182.53 99.99=674.82]
2025-04-22 06:36:28 24 sec: 447664 operations; [INSERT: Count=447664 Max=44695.55 Min=4.59 Avg=50.17 10=22.46 25=31.07 50=44.48 75=63.20 90=84.16 95=97.86 99=126.27 99.9=183.81 99.99=719.36]
2025-04-22 06:36:29 25 sec: 464637 operations; [INSERT: Count=464637 Max=44695.55 Min=4.59 Avg=50.37 10=22.51 25=31.15 50=44.58 75=63.42 90=84.54 95=98.37 99=126.97 99.9=187.65 99.99=873.47]
2025-04-22 06:36:30 26 sec: 481900 operations; [INSERT: Count=481900 Max=44695.55 Min=4.59 Avg=50.52 10=22.57 25=31.26 50=44.73 75=63.62 90=84.86 95=98.69 99=127.30 99.9=185.73 99.99=814.59]
2025-04-22 06:36:31 27 sec: 499259 operations; [INSERT: Count=499259 Max=44695.55 Min=4.59 Avg=50.65 10=22.66 25=31.36 50=44.86 75=63.81 90=85.12 95=99.01 99=127.55 99.9=185.60 99.99=850.94]
2025-04-22 06:36:32 28 sec: 516587 operations; [INSERT: Count=516587 Max=44695.55 Min=4.59 Avg=50.78 10=22.70 25=31.42 50=44.96 75=63.97 90=85.38 95=99.26 99=128.13 99.9=188.16 99.99=873.47]
2025-04-22 06:36:33 29 sec: 533470 operations; [INSERT: Count=533470 Max=44695.55 Min=4.59 Avg=50.94 10=22.75 25=31.50 50=45.09 75=64.16 90=85.63 95=99.65 99=128.83 99.9=192.38 99.99=930.82]
2025-04-22 06:36:34 30 sec: 550112 operations; [INSERT: Count=550112 Max=44695.55 Min=4.59 Avg=51.11 10=22.82 25=31.61 50=45.22 75=64.35 90=85.95 95=100.09 99=129.53 99.9=195.33 99.99=946.69]
2025-04-22 06:36:35 31 sec: 566566 operations; [INSERT: Count=566566 Max=44695.55 Min=4.59 Avg=51.29 10=22.86 25=31.68 50=45.34 75=64.54 90=86.27 95=100.48 99=130.56 99.9=200.70 99.99=978.94]
2025-04-22 06:36:36 32 sec: 583131 operations; [INSERT: Count=583131 Max=44695.55 Min=4.59 Avg=51.46 10=22.91 25=31.76 50=45.44 75=64.70 90=86.53 95=100.86 99=131.20 99.9=205.06 99.99=993.79]
2025-04-22 06:36:37 33 sec: 600774 operations; [INSERT: Count=600774 Max=44695.55 Min=4.59 Avg=51.51 10=22.93 25=31.79 50=45.47 75=64.80 90=86.72 95=100.99 99=131.46 99.9=207.10 99.99=985.09]
2025-04-22 06:36:38 34 sec: 618308 operations; [INSERT: Count=618308 Max=44695.55 Min=4.59 Avg=51.57 10=22.98 25=31.84 50=45.53 75=64.89 90=86.85 95=101.12 99=131.71 99.9=207.10 99.99=978.94]
2025-04-22 06:36:39 35 sec: 635491 operations; [INSERT: Count=635491 Max=44695.55 Min=4.59 Avg=51.66 10=22.99 25=31.89 50=45.60 75=64.99 90=87.04 95=101.38 99=132.22 99.9=209.79 99.99=985.09]
2025-04-22 06:36:40 36 sec: 652334 operations; [INSERT: Count=652334 Max=44695.55 Min=4.59 Avg=51.77 10=23.02 25=31.95 50=45.70 75=65.15 90=87.30 95=101.69 99=132.74 99.9=212.61 99.99=978.94]
2025-04-22 06:36:41 37 sec: 669800 operations; [INSERT: Count=669800 Max=44695.55 Min=4.59 Avg=51.83 10=23.09 25=32.02 50=45.76 75=65.22 90=87.36 95=101.76 99=132.61 99.9=210.18 99.99=978.94]
2025-04-22 06:36:42 38 sec: 687813 operations; [INSERT: Count=687813 Max=44695.55 Min=4.59 Avg=51.83 10=23.09 25=32.03 50=45.79 75=65.25 90=87.36 95=101.76 99=132.61 99.9=209.53 99.99=985.09]
2025-04-22 06:36:43 39 sec: 707952 operations; [INSERT: Count=707952 Max=44695.55 Min=4.59 Avg=51.68 10=23.02 25=31.92 50=45.63 75=65.02 90=87.10 95=101.44 99=132.09 99.9=207.74 99.99=978.94]
2025-04-22 06:36:44 40 sec: 728920 operations; [INSERT: Count=728920 Max=44695.55 Min=4.59 Avg=51.47 10=22.93 25=31.76 50=45.44 75=64.77 90=86.72 95=101.06 99=131.58 99.9=206.72 99.99=978.94]
2025-04-22 06:36:45 41 sec: 761018 operations; [INSERT: Count=761018 Max=44695.55 Min=4.59 Avg=50.47 10=21.87 25=30.77 50=44.45 75=63.74 90=85.82 95=100.22 99=130.81 99.9=204.93 99.99=978.94]
2025-04-22 06:36:46 42 sec: 800518 operations; [INSERT: Count=800518 Max=44695.55 Min=4.59 Avg=49.06 10=20.18 25=29.21 50=43.04 75=62.43 90=84.73 95=99.26 99=129.98 99.9=202.62 99.99=977.41]
2025-04-22 06:36:47 43 sec: 847535 operations; [INSERT: Count=847535 Max=44695.55 Min=4.59 Avg=47.33 10=17.92 25=27.18 50=41.34 75=60.93 90=83.52 95=98.11 99=128.96 99.9=198.91 99.99=951.81]
2025-04-22 06:36:48 44 sec: 904544 operations; [INSERT: Count=904544 Max=44695.55 Min=4.59 Avg=45.25 10=15.02 25=24.46 50=39.33 75=59.17 90=82.05 95=96.83 99=127.68 99.9=195.07 99.99=946.69]
2025-04-22 06:36:49 45 sec: 951743 operations; [INSERT: Count=951743 Max=44695.55 Min=4.42 Avg=43.89 10=13.96 25=22.78 50=37.82 75=57.82 90=80.89 95=95.81 99=126.85 99.9=193.28 99.99=930.82]
2025-04-22 06:36:50 46 sec: 1000000 operations; [INSERT: Count=1000000 Max=44695.55 Min=4.42 Avg=42.57 10=12.89 25=21.05 50=36.32 75=56.51 90=79.81 95=94.85 99=126.14 99.9=191.74 99.99=931.84]
2025-04-22 06:36:51 46 sec: 1000000 operations; [INSERT: Count=1000000 Max=44695.55 Min=4.42 Avg=42.57 10=12.89 25=21.05 50=36.32 75=56.51 90=79.81 95=94.85 99=126.14 99.9=191.74 99.99=931.84]
Load runtime(sec): 46.5433
Load operations(ops): 1000000
Load throughput(ops/sec): 21485.4
