Running scope as unit: run-r7f8c82c45cab4c59a856a5e008e8d953.scope
load file:/home/user/DataFiles/silesia_data/silesia.tar
2025-04-22 06:17:54 0 sec: 0 operations;
2025-04-22 06:17:55 1 sec: 47959 operations; [INSERT: Count=47959 Max=5234.69 Min=4.69 Avg=17.04 10=9.24 25=11.34 50=15.17 75=20.94 90=26.86 95=30.59 99=38.37 99.9=57.60 99.99=215.94]
2025-04-22 06:17:56 2 sec: 97690 operations; [INSERT: Count=97690 Max=5234.69 Min=4.69 Avg=16.94 10=9.38 25=11.43 50=15.13 75=20.82 90=26.50 95=30.13 99=37.50 99.9=55.71 99.99=213.38]
2025-04-22 06:17:57 3 sec: 149327 operations; [INSERT: Count=149327 Max=5234.69 Min=4.69 Avg=16.64 10=9.38 25=11.34 50=14.87 75=20.37 90=25.86 95=29.33 99=36.54 99.9=58.43 99.99=212.48]
2025-04-22 06:17:58 4 sec: 200869 operations; [INSERT: Count=200869 Max=5234.69 Min=4.69 Avg=16.51 10=9.42 25=11.34 50=14.78 75=20.16 90=25.49 95=28.86 99=36.00 99.9=58.17 99.99=211.84]
2025-04-22 06:17:59 5 sec: 252777 operations; [INSERT: Count=252777 Max=5234.69 Min=4.69 Avg=16.39 10=9.44 25=11.34 50=14.70 75=19.97 90=25.18 95=28.50 99=35.55 99.9=60.22 99.99=213.63]
2025-04-22 06:18:00 6 sec: 305119 operations; [INSERT: Count=305119 Max=5234.69 Min=4.69 Avg=16.29 10=9.44 25=11.32 50=14.61 75=19.79 90=24.93 95=28.21 99=35.42 99.9=62.72 99.99=215.17]
2025-04-22 06:18:01 7 sec: 358039 operations; [INSERT: Count=358039 Max=5234.69 Min=4.69 Avg=16.19 10=9.45 25=11.30 50=14.54 75=19.63 90=24.70 95=27.92 99=35.04 99.9=60.93 99.99=214.66]
2025-04-22 06:18:02 8 sec: 410856 operations; [INSERT: Count=410856 Max=5234.69 Min=4.69 Avg=16.12 10=9.46 25=11.30 50=14.49 75=19.50 90=24.51 95=27.68 99=34.75 99.9=61.38 99.99=214.14]
2025-04-22 06:18:03 9 sec: 460278 operations; [INSERT: Count=460278 Max=5234.69 Min=4.69 Avg=16.18 10=9.49 25=11.34 50=14.53 75=19.57 90=24.59 95=27.82 99=35.17 99.9=62.49 99.99=214.66]
2025-04-22 06:18:04 10 sec: 489688 operations; [INSERT: Count=489688 Max=5234.69 Min=4.69 Avg=17.04 10=9.57 25=11.49 50=14.90 75=20.34 90=26.06 95=30.51 99=47.13 99.9=97.02 99.99=216.57]
2025-04-22 06:18:05 11 sec: 515396 operations; [INSERT: Count=515396 Max=5234.69 Min=4.69 Avg=17.95 10=9.65 25=11.64 50=15.30 75=21.17 90=27.95 95=34.46 99=57.63 99.9=104.19 99.99=219.01]
2025-04-22 06:18:06 12 sec: 546724 operations; [INSERT: Count=546724 Max=5234.69 Min=4.69 Avg=18.56 10=9.73 25=11.81 50=15.67 75=21.84 90=29.44 95=37.15 99=59.97 99.9=129.85 99.99=218.50]
2025-04-22 06:18:07 13 sec: 574183 operations; [INSERT: Count=574183 Max=5234.69 Min=4.69 Avg=19.25 10=9.80 25=11.95 50=16.05 75=22.59 90=31.33 95=40.51 99=62.91 99.9=132.86 99.99=228.74]
2025-04-22 06:18:08 14 sec: 611786 operations; [INSERT: Count=611786 Max=5234.69 Min=4.69 Avg=19.50 10=9.86 25=12.05 50=16.22 75=22.88 90=31.82 95=40.96 99=63.20 99.9=150.53 99.99=299.01]
2025-04-22 06:18:09 15 sec: 648230 operations; [INSERT: Count=648230 Max=5234.69 Min=4.69 Avg=19.76 10=9.94 25=12.18 50=16.48 75=23.26 90=32.51 95=41.44 99=62.98 99.9=149.89 99.99=301.31]
2025-04-22 06:18:10 16 sec: 682320 operations; [INSERT: Count=682320 Max=5234.69 Min=4.69 Avg=20.07 10=10.02 25=12.33 50=16.77 75=23.73 90=33.34 95=42.17 99=62.88 99.9=143.87 99.99=301.31]
2025-04-22 06:18:11 17 sec: 716725 operations; [INSERT: Count=716725 Max=5234.69 Min=4.69 Avg=20.35 10=10.09 25=12.46 50=17.02 75=24.11 90=33.95 95=42.66 99=62.78 99.9=143.49 99.99=336.64]
2025-04-22 06:18:12 18 sec: 759061 operations; [INSERT: Count=759061 Max=5234.69 Min=4.69 Avg=20.35 10=10.10 25=12.46 50=16.99 75=24.05 90=33.76 95=42.40 99=62.62 99.9=157.69 99.99=506.11]
2025-04-22 06:18:13 19 sec: 810406 operations; [INSERT: Count=810406 Max=5234.69 Min=4.69 Avg=20.08 10=10.07 25=12.38 50=16.80 75=23.71 90=33.09 95=41.60 99=61.89 99.9=154.62 99.99=475.65]
2025-04-22 06:18:14 20 sec: 861708 operations; [INSERT: Count=861708 Max=5234.69 Min=4.69 Avg=19.85 10=10.05 25=12.30 50=16.64 75=23.41 90=32.48 95=40.83 99=61.25 99.9=154.62 99.99=423.42]
2025-04-22 06:18:15 21 sec: 910181 operations; [INSERT: Count=910181 Max=5234.69 Min=4.69 Avg=19.72 10=10.05 25=12.29 50=16.56 75=23.26 90=32.08 95=40.26 99=60.61 99.9=153.85 99.99=401.92]
2025-04-22 06:18:16 22 sec: 943845 operations; [INSERT: Count=943845 Max=5234.69 Min=4.69 Avg=19.96 10=10.09 25=12.36 50=16.73 75=23.57 90=32.72 95=41.05 99=61.25 99.9=158.46 99.99=395.77]
2025-04-22 06:18:17 23 sec: 971702 operations; [INSERT: Count=971702 Max=5234.69 Min=4.69 Avg=20.32 10=10.13 25=12.46 50=16.96 75=24.00 90=33.70 95=42.43 99=62.66 99.9=163.84 99.99=396.03]
2025-04-22 06:18:18 24 sec: 1000000 operations; [INSERT: Count=1000000 Max=5234.69 Min=4.69 Avg=20.58 10=10.18 25=12.54 50=17.15 75=24.34 90=34.37 95=43.26 99=63.30 99.9=165.63 99.99=395.77]
2025-04-22 06:18:19 24 sec: 1000000 operations; [INSERT: Count=1000000 Max=5234.69 Min=4.69 Avg=20.58 10=10.18 25=12.54 50=17.15 75=24.34 90=34.37 95=43.26 99=63.30 99.9=165.63 99.99=395.77]
Load runtime(sec): 24.5029
Load operations(ops): 1000000
Load throughput(ops/sec): 40811.5
