Running scope as unit: run-re7af6b6f0fac4141b5aa97fac435916f.scope
load file:/home/user/DataFiles/silesia_data/silesia.tar
2025-04-22 06:17:54 0 sec: 0 operations;
2025-04-22 06:17:55 1 sec: 35813 operations; [INSERT: Count=35813 Max=7811.07 Min=5.56 Avg=23.89 10=11.70 25=15.13 50=21.20 75=29.87 90=38.98 95=44.86 99=57.22 99.9=75.01 99.99=235.52]
2025-04-22 06:17:56 2 sec: 69493 operations; [INSERT: Count=69493 Max=7811.07 Min=5.56 Avg=25.13 10=12.36 25=15.96 50=22.45 75=31.55 90=41.18 95=47.39 99=60.51 99.9=80.70 99.99=235.26]
2025-04-22 06:17:57 3 sec: 102502 operations; [INSERT: Count=102502 Max=7811.07 Min=5.56 Avg=25.74 10=12.70 25=16.45 50=23.07 75=32.37 90=42.14 95=48.54 99=61.70 99.9=81.98 99.99=235.65]
2025-04-22 06:17:58 4 sec: 136269 operations; [INSERT: Count=136269 Max=7811.07 Min=5.56 Avg=25.89 10=12.86 25=16.59 50=23.23 75=32.54 90=42.24 95=48.64 99=61.79 99.9=83.84 99.99=238.08]
2025-04-22 06:17:59 5 sec: 170447 operations; [INSERT: Count=170447 Max=7811.07 Min=5.56 Avg=25.91 10=12.91 25=16.66 50=23.26 75=32.53 90=42.24 95=48.61 99=61.57 99.9=83.84 99.99=240.64]
2025-04-22 06:18:00 6 sec: 203596 operations; [INSERT: Count=203596 Max=7811.07 Min=5.56 Avg=26.07 10=12.98 25=16.73 50=23.39 75=32.70 90=42.46 95=48.86 99=61.89 99.9=84.67 99.99=241.92]
2025-04-22 06:18:01 7 sec: 236344 operations; [INSERT: Count=236344 Max=7811.07 Min=5.56 Avg=26.24 10=13.09 25=16.88 50=23.58 75=32.93 90=42.69 95=49.12 99=62.11 99.9=84.67 99.99=240.38]
2025-04-22 06:18:02 8 sec: 269248 operations; [INSERT: Count=269248 Max=7811.07 Min=5.56 Avg=26.34 10=13.16 25=16.98 50=23.68 75=33.02 90=42.85 95=49.28 99=62.34 99.9=85.76 99.99=240.38]
2025-04-22 06:18:03 9 sec: 302523 operations; [INSERT: Count=302523 Max=7811.07 Min=5.56 Avg=26.39 10=13.20 25=17.02 50=23.73 75=33.09 90=42.94 95=49.34 99=62.40 99.9=87.17 99.99=239.49]
2025-04-22 06:18:04 10 sec: 336050 operations; [INSERT: Count=336050 Max=7811.07 Min=5.56 Avg=26.40 10=13.25 25=17.05 50=23.76 75=33.05 90=42.94 95=49.34 99=62.34 99.9=86.78 99.99=243.46]
2025-04-22 06:18:05 11 sec: 368705 operations; [INSERT: Count=368705 Max=7811.07 Min=5.56 Avg=26.49 10=13.31 25=17.14 50=23.82 75=33.15 90=43.07 95=49.53 99=62.62 99.9=86.21 99.99=247.42]
2025-04-22 06:18:06 12 sec: 398385 operations; [INSERT: Count=398385 Max=14417.92 Min=5.56 Avg=26.78 10=13.41 25=17.28 50=24.02 75=33.44 90=43.52 95=50.05 99=63.45 99.9=87.36 99.99=247.81]
2025-04-22 06:18:07 13 sec: 427305 operations; [INSERT: Count=427305 Max=14417.92 Min=5.56 Avg=27.08 10=13.49 25=17.42 50=24.25 75=33.79 90=44.03 95=50.75 99=64.73 99.9=92.35 99.99=256.51]
2025-04-22 06:18:08 14 sec: 448618 operations; [INSERT: Count=448618 Max=14417.92 Min=5.56 Avg=27.87 10=13.61 25=17.63 50=24.67 75=34.59 90=45.44 95=52.86 99=70.78 99.9=123.71 99.99=356.61]
2025-04-22 06:18:09 15 sec: 471431 operations; [INSERT: Count=471431 Max=14417.92 Min=5.34 Avg=28.48 10=13.71 25=17.81 50=25.05 75=35.30 90=46.66 95=54.75 99=75.20 99.9=127.04 99.99=403.97]
2025-04-22 06:18:10 16 sec: 493882 operations; [INSERT: Count=493882 Max=14417.92 Min=5.34 Avg=29.07 10=13.81 25=18.00 50=25.44 75=35.97 90=47.90 95=56.64 99=79.23 99.9=131.71 99.99=405.25]
2025-04-22 06:18:11 17 sec: 515536 operations; [INSERT: Count=515536 Max=14417.92 Min=5.34 Avg=29.65 10=13.90 25=18.19 50=25.81 75=36.64 90=49.15 95=58.49 99=82.69 99.9=135.68 99.99=544.25]
2025-04-22 06:18:12 18 sec: 540599 operations; [INSERT: Count=540599 Max=14417.92 Min=5.34 Avg=29.97 10=13.94 25=18.27 50=25.98 75=36.96 90=49.76 95=59.39 99=83.97 99.9=146.18 99.99=806.40]
2025-04-22 06:18:13 19 sec: 573907 operations; [INSERT: Count=573907 Max=14417.92 Min=5.34 Avg=29.78 10=13.87 25=18.19 50=25.86 75=36.77 90=49.41 95=58.88 99=83.20 99.9=145.53 99.99=758.78]
2025-04-22 06:18:14 20 sec: 607466 operations; [INSERT: Count=607466 Max=14417.92 Min=5.34 Avg=29.60 10=13.81 25=18.11 50=25.73 75=36.58 90=49.09 95=58.40 99=82.43 99.9=145.53 99.99=749.05]
2025-04-22 06:18:15 21 sec: 641122 operations; [INSERT: Count=641122 Max=14417.92 Min=5.34 Avg=29.44 10=13.77 25=18.03 50=25.61 75=36.38 90=48.77 95=57.92 99=81.60 99.9=144.13 99.99=721.41]
2025-04-22 06:18:16 22 sec: 673418 operations; [INSERT: Count=673418 Max=14417.92 Min=5.34 Avg=29.35 10=13.75 25=18.00 50=25.58 75=36.29 90=48.61 95=57.66 99=81.02 99.9=143.74 99.99=712.19]
2025-04-22 06:18:17 23 sec: 704152 operations; [INSERT: Count=704152 Max=14417.92 Min=5.34 Avg=29.35 10=13.77 25=18.02 50=25.58 75=36.32 90=48.61 95=57.57 99=80.64 99.9=142.21 99.99=690.17]
2025-04-22 06:18:18 24 sec: 734323 operations; [INSERT: Count=734323 Max=14417.92 Min=5.34 Avg=29.37 10=13.79 25=18.05 50=25.63 75=36.38 90=48.64 95=57.57 99=80.32 99.9=141.57 99.99=653.31]
2025-04-22 06:18:19 25 sec: 775581 operations; [INSERT: Count=775581 Max=14417.92 Min=4.80 Avg=28.92 10=13.28 25=17.58 50=25.15 75=35.94 90=48.26 95=57.18 99=79.87 99.9=142.08 99.99=750.08]
2025-04-22 06:18:20 26 sec: 849252 operations; [INSERT: Count=849252 Max=14417.92 Min=4.71 Avg=27.31 10=11.12 25=15.79 50=23.58 75=34.66 90=47.10 95=56.03 99=78.66 99.9=134.01 99.99=716.80]
2025-04-22 06:18:21 27 sec: 914700 operations; [INSERT: Count=914700 Max=14417.92 Min=4.65 Avg=26.22 10=10.02 25=14.59 50=22.38 75=33.60 90=46.14 95=55.13 99=77.57 99.9=130.56 99.99=652.29]
2025-04-22 06:18:22 28 sec: 956662 operations; [INSERT: Count=956662 Max=14417.92 Min=4.65 Avg=25.97 10=9.97 25=14.41 50=22.08 75=33.22 90=45.73 95=54.69 99=77.06 99.9=134.91 99.99=650.24]
2025-04-22 06:18:23 28 sec: 1000000 operations; [INSERT: Count=1000000 Max=14417.92 Min=4.42 Avg=25.45 10=9.49 25=13.81 50=21.44 75=32.62 90=45.22 95=54.17 99=76.48 99.9=138.11 99.99=756.74]
Load runtime(sec): 28.8068
Load operations(ops): 1000000
Load throughput(ops/sec): 34714
