Running scope as unit: run-r70ddd3969798478db9357ac4c8050f9c.scope
load file:/home/user/DataFiles/silesia_data/silesia.tar
2025-04-22 18:56:43 0 sec: 0 operations;
2025-04-22 18:56:44 1 sec: 49762 operations; [INSERT: Count=49762 Max=2324.48 Min=4.10 Avg=16.11 10=5.38 25=7.86 50=13.68 75=21.57 90=29.81 95=34.98 99=45.95 99.9=103.23 99.99=235.39]
2025-04-22 18:56:45 2 sec: 93733 operations; [INSERT: Count=93733 Max=2324.48 Min=4.10 Avg=17.66 10=6.83 25=10.57 50=15.78 75=22.91 90=30.34 95=34.98 99=44.51 99.9=89.98 99.99=218.62]
2025-04-22 18:56:46 3 sec: 138611 operations; [INSERT: Count=138611 Max=2324.48 Min=4.10 Avg=18.08 10=7.97 25=11.50 50=16.24 75=23.05 90=30.18 95=34.53 99=43.58 99.9=84.73 99.99=214.53]
2025-04-22 18:56:47 4 sec: 184139 operations; [INSERT: Count=184139 Max=2324.48 Min=4.10 Avg=18.20 10=8.67 25=11.87 50=16.38 75=23.01 90=29.86 95=34.08 99=42.85 99.9=86.85 99.99=212.22]
2025-04-22 18:56:48 5 sec: 230774 operations; [INSERT: Count=230774 Max=2324.48 Min=4.10 Avg=18.18 10=9.09 25=12.02 50=16.38 75=22.82 90=29.49 95=33.63 99=42.21 99.9=79.87 99.99=212.22]
2025-04-22 18:56:49 6 sec: 278989 operations; [INSERT: Count=278989 Max=7307.26 Min=4.10 Avg=18.04 10=9.30 25=12.04 50=16.22 75=22.46 90=28.94 95=33.02 99=41.60 99.9=73.15 99.99=213.12]
2025-04-22 18:56:50 7 sec: 328445 operations; [INSERT: Count=328445 Max=7307.26 Min=4.10 Avg=17.86 10=9.44 25=12.02 50=16.06 75=22.14 90=28.43 95=32.43 99=40.96 99.9=70.40 99.99=212.22]
2025-04-22 18:56:51 8 sec: 378285 operations; [INSERT: Count=378285 Max=7307.26 Min=4.10 Avg=17.71 10=9.53 25=12.00 50=15.94 75=21.86 90=28.03 95=31.97 99=40.41 99.9=67.01 99.99=210.69]
2025-04-22 18:56:52 9 sec: 426523 operations; [INSERT: Count=426523 Max=7307.26 Min=4.10 Avg=17.67 10=9.62 25=12.03 50=15.90 75=21.74 90=27.86 95=31.76 99=40.13 99.9=63.20 99.99=212.74]
2025-04-22 18:56:53 10 sec: 472397 operations; [INSERT: Count=472397 Max=7307.26 Min=4.10 Avg=17.73 10=9.65 25=12.06 50=15.95 75=21.81 90=27.92 95=31.84 99=40.29 99.9=63.13 99.99=220.93]
2025-04-22 18:56:54 11 sec: 511002 operations; [INSERT: Count=511002 Max=7307.26 Min=4.10 Avg=17.99 10=9.75 25=12.18 50=16.14 75=22.11 90=28.38 95=32.48 99=41.70 99.9=68.16 99.99=232.19]
2025-04-22 18:56:55 12 sec: 549312 operations; [INSERT: Count=549312 Max=7307.26 Min=4.10 Avg=18.23 10=9.86 25=12.31 50=16.34 75=22.40 90=28.80 95=33.02 99=42.53 99.9=68.16 99.99=248.32]
2025-04-22 18:56:56 13 sec: 587599 operations; [INSERT: Count=587599 Max=7307.26 Min=4.10 Avg=18.43 10=9.95 25=12.44 50=16.51 75=22.66 90=29.15 95=33.47 99=43.20 99.9=67.97 99.99=254.85]
2025-04-22 18:56:57 14 sec: 625481 operations; [INSERT: Count=625481 Max=7307.26 Min=4.10 Avg=18.63 10=10.05 25=12.56 50=16.69 75=22.89 90=29.47 95=33.85 99=43.74 99.9=68.03 99.99=264.45]
2025-04-22 18:56:58 15 sec: 663663 operations; [INSERT: Count=663663 Max=7307.26 Min=4.10 Avg=18.79 10=10.14 25=12.67 50=16.83 75=23.09 90=29.71 95=34.14 99=44.16 99.9=68.48 99.99=282.88]
2025-04-22 18:56:59 16 sec: 702207 operations; [INSERT: Count=702207 Max=7307.26 Min=4.10 Avg=18.93 10=10.23 25=12.77 50=16.96 75=23.23 90=29.89 95=34.34 99=44.45 99.9=70.53 99.99=291.58]
2025-04-22 18:57:00 17 sec: 741090 operations; [INSERT: Count=741090 Max=7307.26 Min=4.10 Avg=19.03 10=10.30 25=12.85 50=17.04 75=23.31 90=29.98 95=34.46 99=44.67 99.9=78.78 99.99=299.26]
2025-04-22 18:57:01 18 sec: 779270 operations; [INSERT: Count=779270 Max=7307.26 Min=4.10 Avg=19.15 10=10.38 25=12.93 50=17.10 75=23.39 90=30.08 95=34.59 99=45.12 99.9=149.50 99.99=308.99]
2025-04-22 18:57:02 19 sec: 816198 operations; [INSERT: Count=816198 Max=7307.26 Min=4.10 Avg=19.30 10=10.44 25=12.98 50=17.18 75=23.47 90=30.21 95=34.78 99=45.73 99.9=163.33 99.99=323.07]
2025-04-22 18:57:03 20 sec: 856334 operations; [INSERT: Count=856334 Max=7307.26 Min=4.10 Avg=19.41 10=10.49 25=13.03 50=17.23 75=23.55 90=30.34 95=34.94 99=46.17 99.9=164.22 99.99=333.82]
2025-04-22 18:57:04 21 sec: 894105 operations; [INSERT: Count=894105 Max=7307.26 Min=4.10 Avg=19.56 10=10.53 25=13.08 50=17.30 75=23.65 90=30.53 95=35.23 99=47.26 99.9=165.89 99.99=355.58]
2025-04-22 18:57:05 22 sec: 947595 operations; [INSERT: Count=947595 Max=7307.26 Min=4.10 Avg=19.32 10=10.15 25=12.79 50=16.99 75=23.36 90=30.32 95=35.10 99=47.58 99.9=166.78 99.99=396.29]
2025-04-22 18:57:06 23 sec: 1000000 operations; [INSERT: Count=1000000 Max=7307.26 Min=4.10 Avg=18.79 10=9.37 25=12.22 50=16.48 75=22.91 90=29.95 95=34.78 99=47.23 99.9=165.25 99.99=401.15]
2025-04-22 18:57:07 24 sec: 1000000 operations; [INSERT: Count=1000000 Max=7307.26 Min=4.10 Avg=18.79 10=9.37 25=12.22 50=16.48 75=22.91 90=29.95 95=34.78 99=47.23 99.9=165.25 99.99=401.15]
2025-04-22 18:57:08 25 sec: 1000000 operations; [INSERT: Count=1000000 Max=7307.26 Min=4.10 Avg=18.79 10=9.37 25=12.22 50=16.48 75=22.91 90=29.95 95=34.78 99=47.23 99.9=165.25 99.99=401.15]
2025-04-22 18:57:09 26 sec: 1000000 operations; [INSERT: Count=1000000 Max=7307.26 Min=4.10 Avg=18.79 10=9.37 25=12.22 50=16.48 75=22.91 90=29.95 95=34.78 99=47.23 99.9=165.25 99.99=401.15]
2025-04-22 18:57:10 26 sec: 1000000 operations; [INSERT: Count=1000000 Max=7307.26 Min=4.10 Avg=18.79 10=9.37 25=12.22 50=16.48 75=22.91 90=29.95 95=34.78 99=47.23 99.9=165.25 99.99=401.15]
Load runtime(sec): 26.6311
Load operations(ops): 1000000
Load throughput(ops/sec): 37550.1
