Running scope as unit: run-r112112261deb46de8a706d375983c712.scope
load file:/home/user/DataFiles/silesia_data/silesia.tar
2025-04-22 18:56:44 0 sec: 0 operations;
2025-04-22 18:56:45 1 sec: 47568 operations; [INSERT: Count=47568 Max=6496.26 Min=4.94 Avg=17.33 10=9.15 25=11.36 50=15.26 75=21.23 90=27.68 95=31.74 99=40.93 99.9=71.55 99.99=203.90]
2025-04-22 18:56:46 2 sec: 95026 operations; [INSERT: Count=95026 Max=6496.26 Min=4.94 Avg=17.56 10=9.46 25=11.71 50=15.65 75=21.61 90=27.86 95=31.76 99=40.35 99.9=63.23 99.99=203.90]
2025-04-22 18:56:47 3 sec: 142804 operations; [INSERT: Count=142804 Max=6496.26 Min=4.94 Avg=17.58 10=9.58 25=11.83 50=15.72 75=21.63 90=27.79 95=31.63 99=39.90 99.9=60.83 99.99=209.41]
2025-04-22 18:56:48 4 sec: 191260 operations; [INSERT: Count=191260 Max=6496.26 Min=4.94 Avg=17.52 10=9.64 25=11.86 50=15.68 75=21.52 90=27.52 95=31.34 99=39.42 99.9=64.70 99.99=211.20]
2025-04-22 18:56:49 5 sec: 239510 operations; [INSERT: Count=239510 Max=16678.91 Min=4.94 Avg=17.49 10=9.70 25=11.87 50=15.61 75=21.34 90=27.25 95=30.99 99=38.91 99.9=66.94 99.99=212.09]
2025-04-22 18:56:50 6 sec: 290101 operations; [INSERT: Count=290101 Max=16678.91 Min=4.94 Avg=17.31 10=9.69 25=11.80 50=15.44 75=21.04 90=26.82 95=30.53 99=38.37 99.9=64.93 99.99=213.50]
2025-04-22 18:56:51 7 sec: 342080 operations; [INSERT: Count=342080 Max=16678.91 Min=4.94 Avg=17.10 10=9.67 25=11.73 50=15.27 75=20.73 90=26.41 95=30.06 99=37.89 99.9=62.66 99.99=211.20]
2025-04-22 18:56:52 8 sec: 393869 operations; [INSERT: Count=393869 Max=16678.91 Min=4.94 Avg=16.95 10=9.68 25=11.69 50=15.17 75=20.50 90=26.08 95=29.70 99=37.44 99.9=64.06 99.99=210.69]
2025-04-22 18:56:53 9 sec: 444005 operations; [INSERT: Count=444005 Max=16678.91 Min=4.94 Avg=16.92 10=9.70 25=11.70 50=15.16 75=20.43 90=25.98 95=29.57 99=37.31 99.9=62.05 99.99=213.63]
2025-04-22 18:56:54 10 sec: 494871 operations; [INSERT: Count=494871 Max=16678.91 Min=4.77 Avg=16.86 10=9.60 25=11.63 50=15.10 75=20.40 90=25.97 95=29.57 99=37.38 99.9=62.40 99.99=219.90]
2025-04-22 18:56:55 11 sec: 541504 operations; [INSERT: Count=541504 Max=16678.91 Min=4.77 Avg=16.97 10=9.61 25=11.65 50=15.16 75=20.53 90=26.21 95=29.92 99=38.14 99.9=66.94 99.99=230.01]
2025-04-22 18:56:56 12 sec: 588620 operations; [INSERT: Count=588620 Max=16678.91 Min=4.77 Avg=17.05 10=9.62 25=11.68 50=15.21 75=20.64 90=26.37 95=30.13 99=38.43 99.9=66.37 99.99=243.07]
2025-04-22 18:56:57 13 sec: 635210 operations; [INSERT: Count=635210 Max=16678.91 Min=4.77 Avg=17.13 10=9.65 25=11.72 50=15.28 75=20.75 90=26.53 95=30.32 99=38.78 99.9=64.70 99.99=252.41]
2025-04-22 18:56:58 14 sec: 681565 operations; [INSERT: Count=681565 Max=16678.91 Min=4.77 Avg=17.21 10=9.69 25=11.77 50=15.35 75=20.85 90=26.67 95=30.50 99=38.98 99.9=63.81 99.99=260.74]
2025-04-22 18:56:59 15 sec: 728401 operations; [INSERT: Count=728401 Max=16678.91 Min=4.77 Avg=17.26 10=9.73 25=11.81 50=15.41 75=20.93 90=26.75 95=30.59 99=39.10 99.9=63.04 99.99=263.42]
2025-04-22 18:57:00 16 sec: 774826 operations; [INSERT: Count=774826 Max=16678.91 Min=4.77 Avg=17.32 10=9.75 25=11.83 50=15.43 75=20.94 90=26.78 95=30.66 99=39.33 99.9=114.37 99.99=278.27]
2025-04-22 18:57:01 17 sec: 821546 operations; [INSERT: Count=821546 Max=16678.91 Min=4.77 Avg=17.36 10=9.78 25=11.86 50=15.45 75=20.96 90=26.80 95=30.69 99=39.49 99.9=128.32 99.99=282.37]
2025-04-22 18:57:02 18 sec: 866870 operations; [INSERT: Count=866870 Max=16678.91 Min=4.77 Avg=17.43 10=9.80 25=11.89 50=15.47 75=20.98 90=26.83 95=30.77 99=40.03 99.9=134.01 99.99=283.90]
2025-04-22 18:57:03 19 sec: 910869 operations; [INSERT: Count=910869 Max=16678.91 Min=4.77 Avg=17.52 10=9.82 25=11.91 50=15.50 75=21.02 90=26.91 95=30.91 99=40.54 99.9=139.26 99.99=301.31]
2025-04-22 18:57:04 20 sec: 946137 operations; [INSERT: Count=946137 Max=16678.91 Min=4.77 Avg=17.75 10=9.86 25=11.97 50=15.62 75=21.21 90=27.28 95=31.49 99=42.34 99.9=149.76 99.99=320.25]
2025-04-22 18:57:05 21 sec: 979403 operations; [INSERT: Count=979403 Max=16678.91 Min=4.77 Avg=18.02 10=9.90 25=12.04 50=15.75 75=21.45 90=27.71 95=32.16 99=44.51 99.9=160.64 99.99=353.54]
2025-04-22 18:57:06 22 sec: 1000000 operations; [INSERT: Count=1000000 Max=16678.91 Min=4.77 Avg=18.07 10=9.91 25=12.05 50=15.75 75=21.47 90=27.76 95=32.26 99=45.12 99.9=162.56 99.99=369.66]
2025-04-22 18:57:07 23 sec: 1000000 operations; [INSERT: Count=1000000 Max=16678.91 Min=4.77 Avg=18.07 10=9.91 25=12.05 50=15.75 75=21.47 90=27.76 95=32.26 99=45.12 99.9=162.56 99.99=369.66]
2025-04-22 18:57:08 24 sec: 1000000 operations; [INSERT: Count=1000000 Max=16678.91 Min=4.77 Avg=18.07 10=9.91 25=12.05 50=15.75 75=21.47 90=27.76 95=32.26 99=45.12 99.9=162.56 99.99=369.66]
2025-04-22 18:57:08 24 sec: 1000000 operations; [INSERT: Count=1000000 Max=16678.91 Min=4.77 Avg=18.07 10=9.91 25=12.05 50=15.75 75=21.47 90=27.76 95=32.26 99=45.12 99.9=162.56 99.99=369.66]
Load runtime(sec): 24.4222
Load operations(ops): 1000000
Load throughput(ops/sec): 40946.3
