Running scope as unit: run-r3d1624aa385d43c39fbbd402f38292f9.scope
load file:/home/user/DataFiles/silesia_data/silesia.tar
2025-04-22 05:58:27 0 sec: 0 operations;
2025-04-22 05:58:28 1 sec: 0 operations;
2025-04-22 05:58:29 2 sec: 0 operations;
2025-04-22 05:58:30 3 sec: 0 operations;
2025-04-22 05:58:31 4 sec: 2704 operations; [READ: Count=1364 Max=412.93 Min=2.84 Avg=49.94 10=12.06 25=15.44 50=18.64 75=94.40 90=107.58 95=118.66 99=281.60 99.9=355.58 99.99=412.93] [UPDATE: Count=1340 Max=780.29 Min=12.10 Avg=59.96 10=19.81 25=22.66 50=29.14 75=101.44 90=116.54 95=134.14 99=291.58 99.9=422.14 99.99=780.29]
2025-04-22 05:58:32 5 sec: 13109 operations; [READ: Count=6566 Max=2181.12 Min=2.43 Avg=77.72 10=12.79 25=16.33 50=21.90 75=98.69 90=127.74 95=233.73 99=982.53 99.9=1656.83 99.99=1853.44] [UPDATE: Count=6543 Max=10657.79 Min=8.54 Avg=96.08 10=20.67 25=24.11 50=31.33 75=107.52 90=141.31 95=277.76 99=1125.38 99.9=2086.91 99.99=9748.48]
2025-04-22 05:58:33 6 sec: 23925 operations; [READ: Count=11940 Max=2709.50 Min=2.39 Avg=78.04 10=12.92 25=16.72 50=22.54 75=97.79 90=119.81 95=224.51 99=1010.69 99.9=1699.84 99.99=2529.28] [UPDATE: Count=11985 Max=13262.85 Min=7.48 Avg=99.95 10=20.82 25=24.46 50=31.98 75=106.75 90=133.25 95=285.95 99=1130.49 99.9=3328.00 99.99=10657.79]
2025-04-22 05:58:34 7 sec: 42884 operations; [READ: Count=21360 Max=2709.50 Min=2.39 Avg=64.39 10=11.02 25=13.40 50=19.66 75=92.73 90=112.96 95=163.84 99=759.29 99.9=1576.96 99.99=2181.12] [UPDATE: Count=21524 Max=13262.85 Min=7.20 Avg=80.71 10=17.39 25=21.45 50=28.61 75=100.99 90=124.42 95=181.89 99=894.98 99.9=2275.33 99.99=10510.33]
2025-04-22 05:58:35 8 sec: 64492 operations; [READ: Count=32129 Max=2709.50 Min=2.37 Avg=56.87 10=10.83 25=12.42 50=18.32 75=88.77 90=109.06 95=147.33 99=602.11 99.9=1489.92 99.99=1960.96] [UPDATE: Count=32363 Max=13262.85 Min=6.64 Avg=70.03 10=16.93 25=19.66 50=26.05 75=96.13 90=118.78 95=162.94 99=730.11 99.9=1972.22 99.99=9748.48]
2025-04-22 05:58:36 9 sec: 87538 operations; [READ: Count=43715 Max=2709.50 Min=2.37 Avg=51.93 10=10.75 25=12.25 50=17.55 75=83.58 90=105.15 95=135.29 99=531.97 99.9=1424.38 99.99=1960.96] [UPDATE: Count=43823 Max=13262.85 Min=6.64 Avg=63.98 10=16.82 25=19.17 50=25.02 75=91.07 90=114.50 95=149.63 99=613.38 99.9=1763.33 99.99=9453.57]
2025-04-22 05:58:37 10 sec: 111128 operations; [READ: Count=55502 Max=2709.50 Min=2.22 Avg=48.82 10=10.73 25=12.22 50=17.17 75=76.61 90=103.61 95=131.97 99=447.49 99.9=1367.04 99.99=1863.68] [UPDATE: Count=55626 Max=13262.85 Min=6.64 Avg=60.10 10=16.77 25=19.04 50=24.69 75=85.63 90=113.09 95=146.56 99=505.34 99.9=1618.94 99.99=8855.55]
2025-04-22 05:58:38 11 sec: 128976 operations; [READ: Count=64411 Max=2709.50 Min=2.22 Avg=49.09 10=10.69 25=12.22 50=17.23 75=80.25 90=104.25 95=139.26 99=421.38 99.9=1315.84 99.99=1863.68] [UPDATE: Count=64565 Max=13262.85 Min=6.64 Avg=60.01 10=16.73 25=19.02 50=24.70 75=88.06 90=113.66 95=153.09 99=463.87 99.9=1560.58 99.99=8855.55]
2025-04-22 05:58:39 12 sec: 144511 operations; [READ: Count=72199 Max=2709.50 Min=2.22 Avg=50.30 10=10.71 25=12.33 50=17.65 75=83.39 90=105.79 95=147.33 99=414.46 99.9=1280.00 99.99=1853.44] [UPDATE: Count=72312 Max=13262.85 Min=6.64 Avg=60.73 10=16.75 25=19.17 50=25.02 75=90.75 90=114.69 95=160.25 99=445.44 99.9=1485.82 99.99=7372.80]
2025-04-22 05:58:40 13 sec: 159662 operations; [READ: Count=79704 Max=2709.50 Min=2.22 Avg=51.28 10=10.72 25=12.43 50=17.93 75=84.67 90=107.33 95=156.16 99=411.65 99.9=1221.63 99.99=1837.06] [UPDATE: Count=79958 Max=13262.85 Min=6.64 Avg=61.56 10=16.78 25=19.31 50=25.33 75=92.03 90=116.22 95=167.42 99=435.71 99.9=1449.98 99.99=6893.57]
2025-04-22 05:58:41 14 sec: 173983 operations; [READ: Count=86903 Max=2709.50 Min=2.22 Avg=52.19 10=10.73 25=12.53 50=18.22 75=85.12 90=108.16 95=160.77 99=418.05 99.9=1249.28 99.99=1878.02] [UPDATE: Count=87080 Max=13262.85 Min=6.64 Avg=62.72 10=16.80 25=19.42 50=25.63 75=92.54 90=117.18 95=171.90 99=460.54 99.9=1507.33 99.99=6463.49]
2025-04-22 05:58:42 15 sec: 189985 operations; [READ: Count=94984 Max=2709.50 Min=2.22 Avg=52.70 10=10.73 25=12.62 50=18.51 75=85.82 90=109.12 95=163.84 99=412.67 99.9=1214.46 99.99=1878.02] [UPDATE: Count=95001 Max=13262.85 Min=6.64 Avg=62.91 10=16.80 25=19.54 50=25.90 75=93.06 90=118.27 95=174.21 99=444.67 99.9=1467.39 99.99=6287.36]
2025-04-22 05:58:43 16 sec: 206626 operations; [READ: Count=103311 Max=2709.50 Min=2.22 Avg=52.91 10=10.71 25=12.70 50=18.75 75=86.14 90=109.63 95=165.38 99=403.97 99.9=1178.62 99.99=1863.68] [UPDATE: Count=103315 Max=13262.85 Min=6.64 Avg=62.93 10=16.80 25=19.66 50=26.18 75=93.38 90=118.85 95=174.85 99=430.59 99.9=1444.86 99.99=6287.36]
2025-04-22 05:58:44 17 sec: 222404 operations; [READ: Count=111293 Max=2709.50 Min=2.22 Avg=53.33 10=10.70 25=12.78 50=18.96 75=86.46 90=110.78 95=167.55 99=401.41 99.9=1161.21 99.99=1853.44] [UPDATE: Count=111111 Max=13262.85 Min=6.64 Avg=63.17 10=16.80 25=19.74 50=26.37 75=93.69 90=120.06 95=176.51 99=427.26 99.9=1424.38 99.99=5664.77]
2025-04-22 05:58:45 18 sec: 237835 operations; [READ: Count=119096 Max=2709.50 Min=2.22 Avg=53.71 10=10.67 25=12.86 50=19.07 75=86.85 90=110.91 95=167.55 99=396.03 99.9=1150.97 99.99=1839.10] [UPDATE: Count=118739 Max=13262.85 Min=6.64 Avg=63.53 10=16.78 25=19.84 50=26.54 75=94.21 90=120.32 95=176.77 99=421.38 99.9=1409.02 99.99=5304.32]
2025-04-22 05:58:46 19 sec: 252668 operations; [READ: Count=126568 Max=2709.50 Min=2.22 Avg=54.28 10=10.65 25=12.94 50=19.21 75=87.17 90=109.95 95=166.27 99=393.73 99.9=1134.59 99.99=1837.06] [UPDATE: Count=126100 Max=13262.85 Min=6.64 Avg=63.90 10=16.75 25=19.87 50=26.69 75=94.40 90=119.36 95=175.62 99=416.25 99.9=1358.85 99.99=4882.43]
2025-04-22 05:58:47 20 sec: 268658 operations; [READ: Count=134514 Max=2709.50 Min=2.22 Avg=54.48 10=10.60 25=13.02 50=19.41 75=87.30 90=108.42 95=163.07 99=386.30 99.9=1113.09 99.99=1837.06] [UPDATE: Count=134144 Max=13262.85 Min=6.64 Avg=64.01 10=16.73 25=19.97 50=26.91 75=94.66 90=117.57 95=173.18 99=406.01 99.9=1324.03 99.99=4882.43]
2025-04-22 05:58:48 21 sec: 285338 operations; [READ: Count=142818 Max=2709.50 Min=2.22 Avg=54.55 10=10.54 25=13.08 50=19.57 75=87.17 90=106.75 95=160.00 99=379.39 99.9=1096.70 99.99=1803.26] [UPDATE: Count=142520 Max=13262.85 Min=6.64 Avg=63.93 10=16.67 25=19.98 50=27.10 75=94.46 90=115.90 95=170.11 99=397.31 99.9=1287.17 99.99=4055.04]
2025-04-22 05:58:49 22 sec: 301888 operations; [READ: Count=151181 Max=2709.50 Min=2.22 Avg=54.62 10=10.47 25=13.13 50=19.74 75=87.04 90=105.53 95=156.93 99=372.22 99.9=1065.98 99.99=1770.49] [UPDATE: Count=150707 Max=13262.85 Min=6.64 Avg=63.90 10=16.62 25=20.02 50=27.33 75=94.27 90=114.56 95=167.29 99=389.89 99.9=1268.73 99.99=3340.29]
2025-04-22 05:58:50 23 sec: 318354 operations; [READ: Count=159503 Max=2709.50 Min=2.22 Avg=54.71 10=10.38 25=13.18 50=19.93 75=86.85 90=104.51 95=153.60 99=366.08 99.9=1042.94 99.99=1747.97] [UPDATE: Count=158851 Max=13262.85 Min=6.64 Avg=63.89 10=16.54 25=20.03 50=27.58 75=94.08 90=113.53 95=164.22 99=382.46 99.9=1254.40 99.99=3328.00]
2025-04-22 05:58:51 24 sec: 333479 operations; [READ: Count=167051 Max=2709.50 Min=2.22 Avg=55.02 10=10.26 25=13.21 50=20.11 75=86.85 90=104.00 95=152.06 99=364.80 99.9=1029.12 99.99=1736.70] [UPDATE: Count=166428 Max=13262.85 Min=6.64 Avg=64.12 10=16.46 25=20.05 50=27.77 75=94.02 90=112.96 95=162.81 99=381.18 99.9=1242.11 99.99=3217.41]
2025-04-22 05:58:52 25 sec: 350034 operations; [READ: Count=175320 Max=6463.49 Min=2.22 Avg=55.08 10=10.14 25=13.23 50=20.29 75=86.66 90=103.17 95=148.22 99=358.91 99.9=1017.86 99.99=1736.70] [UPDATE: Count=174714 Max=13262.85 Min=6.64 Avg=64.07 10=16.37 25=20.06 50=28.02 75=93.89 90=112.06 95=159.74 99=375.04 99.9=1205.25 99.99=3217.41]
2025-04-22 05:58:53 26 sec: 367489 operations; [READ: Count=184103 Max=6463.49 Min=2.22 Avg=54.97 10=9.96 25=13.25 50=20.40 75=86.46 90=102.40 95=143.49 99=353.02 99.9=1002.50 99.99=1736.70] [UPDATE: Count=183386 Max=13262.85 Min=6.64 Avg=63.89 10=16.25 25=20.06 50=28.16 75=93.63 90=111.10 95=156.16 99=369.41 99.9=1195.01 99.99=3022.85]
2025-04-22 05:58:54 27 sec: 386023 operations; [READ: Count=193263 Max=6463.49 Min=2.22 Avg=54.71 10=9.73 25=13.26 50=20.43 75=86.27 90=101.57 95=138.50 99=346.62 99.9=976.89 99.99=1731.58] [UPDATE: Count=192760 Max=13262.85 Min=6.64 Avg=63.53 10=16.12 25=20.03 50=28.19 75=93.38 90=110.14 95=152.19 99=363.01 99.9=1174.53 99.99=3012.61]
2025-04-22 05:58:55 28 sec: 405730 operations; [READ: Count=203122 Max=6463.49 Min=2.22 Avg=54.34 10=9.41 25=13.25 50=20.38 75=85.95 90=100.86 95=134.14 99=340.22 99.9=955.90 99.99=1725.44] [UPDATE: Count=202608 Max=13262.85 Min=6.64 Avg=63.02 10=15.91 25=19.95 50=28.09 75=93.06 90=109.18 95=148.09 99=355.58 99.9=1147.90 99.99=2973.70]
2025-04-22 05:58:56 29 sec: 425111 operations; [READ: Count=212805 Max=6463.49 Min=2.22 Avg=53.98 10=8.97 25=13.22 50=20.18 75=85.63 90=100.29 95=131.84 99=338.94 99.9=948.22 99.99=1724.41] [UPDATE: Count=212306 Max=13262.85 Min=6.64 Avg=62.66 10=15.73 25=19.89 50=27.89 75=92.80 90=108.61 95=145.79 99=354.30 99.9=1132.54 99.99=2969.60]
2025-04-22 05:58:57 30 sec: 448224 operations; [READ: Count=224416 Max=6463.49 Min=2.22 Avg=53.21 10=8.46 25=13.17 50=19.82 75=85.18 90=99.45 95=128.00 99=331.01 99.9=931.84 99.99=1722.37] [UPDATE: Count=223808 Max=13262.85 Min=6.64 Avg=61.80 10=15.47 25=19.79 50=27.50 75=92.35 90=107.71 95=140.93 99=345.60 99.9=1108.99 99.99=2844.67]
2025-04-22 05:58:58 31 sec: 472779 operations; [READ: Count=236618 Max=6463.49 Min=2.22 Avg=52.33 10=7.95 25=13.12 50=19.38 75=84.73 90=98.62 95=124.42 99=323.07 99.9=914.94 99.99=1699.84] [UPDATE: Count=236161 Max=13262.85 Min=6.64 Avg=60.85 10=15.21 25=19.70 50=27.01 75=91.84 90=106.81 95=136.57 99=338.18 99.9=1081.34 99.99=2648.06]
2025-04-22 05:58:59 32 sec: 499971 operations; [READ: Count=250185 Max=6463.49 Min=2.22 Avg=51.23 10=7.51 25=13.05 50=18.77 75=84.16 90=97.79 95=120.51 99=314.88 99.9=901.63 99.99=1685.50] [UPDATE: Count=249786 Max=13262.85 Min=6.64 Avg=59.71 10=14.86 25=19.57 50=26.40 75=91.26 90=105.92 95=132.74 99=329.21 99.9=1059.84 99.99=2617.34]
2025-04-22 05:59:00 33 sec: 528300 operations; [READ: Count=264406 Max=6463.49 Min=2.22 Avg=50.14 10=7.16 25=12.97 50=18.18 75=83.52 90=96.89 95=117.63 99=306.43 99.9=880.64 99.99=1675.26] [UPDATE: Count=263894 Max=13262.85 Min=6.64 Avg=58.55 10=14.56 25=19.44 50=25.82 75=90.69 90=105.09 95=129.28 99=320.77 99.9=1027.07 99.99=2549.76]
2025-04-22 05:59:01 34 sec: 554742 operations; [READ: Count=277591 Max=6463.49 Min=2.22 Avg=49.33 10=6.92 25=12.90 50=17.68 75=83.07 90=96.32 95=115.78 99=304.38 99.9=867.33 99.99=1671.17] [UPDATE: Count=277151 Max=13262.85 Min=6.64 Avg=57.71 10=14.27 25=19.33 50=25.33 75=90.24 90=104.45 95=127.42 99=319.49 99.9=1011.71 99.99=2465.79]
2025-04-22 05:59:02 35 sec: 585771 operations; [READ: Count=293087 Max=6463.49 Min=2.19 Avg=48.19 10=6.70 25=12.81 50=17.17 75=82.43 90=95.55 95=113.28 99=294.65 99.9=836.61 99.99=1668.10] [UPDATE: Count=292684 Max=13262.85 Min=6.64 Avg=56.52 10=13.95 25=19.20 50=24.82 75=89.60 90=103.61 95=124.61 99=310.01 99.9=976.38 99.99=2416.64]
2025-04-22 05:59:03 36 sec: 616192 operations; [READ: Count=308244 Max=6463.49 Min=2.19 Avg=47.22 10=6.55 25=12.76 50=16.83 75=81.98 90=95.04 95=111.61 99=288.00 99.9=825.86 99.99=1656.83] [UPDATE: Count=307948 Max=13262.85 Min=6.64 Avg=55.48 10=13.73 25=19.12 50=24.45 75=89.09 90=102.97 95=122.75 99=303.87 99.9=945.66 99.99=2396.16]
2025-04-22 05:59:04 37 sec: 648837 operations; [READ: Count=324575 Max=6463.49 Min=2.19 Avg=46.16 10=6.41 25=12.67 50=16.50 75=81.47 90=94.40 95=109.82 99=280.06 99.9=800.77 99.99=1640.45] [UPDATE: Count=324262 Max=13262.85 Min=6.64 Avg=54.38 10=13.52 25=18.99 50=24.06 75=88.51 90=102.33 95=120.77 99=295.94 99.9=921.60 99.99=2338.82]
2025-04-22 05:59:05 38 sec: 682575 operations; [READ: Count=341609 Max=6463.49 Min=2.19 Avg=45.12 10=6.26 25=12.58 50=16.22 75=80.96 90=93.82 95=108.35 99=272.13 99.9=788.48 99.99=1625.09] [UPDATE: Count=340966 Max=13262.85 Min=6.64 Avg=53.30 10=13.33 25=18.88 50=23.73 75=88.00 90=101.63 95=118.97 99=288.00 99.9=901.63 99.99=2275.33]
2025-04-22 05:59:06 39 sec: 715052 operations; [READ: Count=357800 Max=6463.49 Min=2.19 Avg=44.28 10=6.15 25=12.51 50=16.02 75=80.51 90=93.31 95=107.26 99=267.01 99.9=768.51 99.99=1612.80] [UPDATE: Count=357252 Max=13262.85 Min=6.64 Avg=52.41 10=13.16 25=18.77 50=23.47 75=87.49 90=101.12 95=117.57 99=282.62 99.9=889.34 99.99=2269.18]
2025-04-22 05:59:07 40 sec: 746364 operations; [READ: Count=373372 Max=6463.49 Min=2.19 Avg=43.57 10=6.08 25=12.44 50=15.88 75=80.13 90=92.86 95=106.24 99=263.94 99.9=754.69 99.99=1591.30] [UPDATE: Count=372992 Max=13262.85 Min=6.64 Avg=51.67 10=13.03 25=18.69 50=23.28 75=87.10 90=100.67 95=116.48 99=278.53 99.9=866.30 99.99=2267.14]
2025-04-22 05:59:08 41 sec: 776962 operations; [READ: Count=388577 Max=6463.49 Min=2.19 Avg=42.97 10=6.03 25=12.38 50=15.80 75=79.81 90=92.54 95=105.73 99=259.84 99.9=737.28 99.99=1577.98] [UPDATE: Count=388385 Max=13262.85 Min=6.64 Avg=51.03 10=12.94 25=18.61 50=23.17 75=86.78 90=100.35 95=115.78 99=274.43 99.9=853.50 99.99=2211.84]
2025-04-22 05:59:09 42 sec: 808289 operations; [READ: Count=404268 Max=6463.49 Min=2.19 Avg=42.37 10=6.00 25=12.30 50=15.73 75=79.49 90=92.29 95=105.09 99=254.85 99.9=726.53 99.99=1576.96] [UPDATE: Count=404021 Max=13262.85 Min=6.64 Avg=50.41 10=12.88 25=18.54 50=23.05 75=86.46 90=100.03 95=115.14 99=270.59 99.9=843.26 99.99=2211.84]
2025-04-22 05:59:10 43 sec: 840902 operations; [READ: Count=420584 Max=6463.49 Min=2.19 Avg=41.73 10=5.96 25=12.22 50=15.65 75=79.17 90=91.90 95=104.38 99=249.85 99.9=711.68 99.99=1568.77] [UPDATE: Count=420318 Max=13262.85 Min=6.64 Avg=49.76 10=12.80 25=18.45 50=22.94 75=86.08 90=99.65 95=114.30 99=265.98 99.9=827.39 99.99=2185.22]
2025-04-22 05:59:11 44 sec: 874062 operations; [READ: Count=437070 Max=6463.49 Min=2.19 Avg=41.12 10=5.93 25=12.13 50=15.60 75=78.78 90=91.58 95=103.81 99=246.40 99.9=702.46 99.99=1561.60] [UPDATE: Count=436992 Max=13262.85 Min=6.64 Avg=49.13 10=12.74 25=18.37 50=22.85 75=85.63 90=99.33 95=113.66 99=262.65 99.9=817.15 99.99=2179.07]
2025-04-22 05:59:12 45 sec: 906104 operations; [READ: Count=452995 Max=6463.49 Min=2.19 Avg=40.60 10=5.91 25=12.03 50=15.56 75=78.46 90=91.39 95=103.49 99=244.61 99.9=689.66 99.99=1550.34] [UPDATE: Count=453109 Max=13262.85 Min=6.64 Avg=48.60 10=12.70 25=18.29 50=22.77 75=85.31 90=99.07 95=113.28 99=261.25 99.9=805.38 99.99=2168.83]
2025-04-22 05:59:13 46 sec: 934058 operations; [READ: Count=466917 Max=6463.49 Min=1.99 Avg=40.32 10=5.94 25=11.96 50=15.57 75=78.21 90=91.26 95=103.36 99=243.58 99.9=676.86 99.99=1533.95] [UPDATE: Count=467141 Max=13262.85 Min=6.59 Avg=48.31 10=12.70 25=18.24 50=22.75 75=85.06 90=99.01 95=113.22 99=260.10 99.9=791.55 99.99=2097.15]
2025-04-22 05:59:14 47 sec: 947199 operations; [READ: Count=473450 Max=6463.49 Min=1.99 Avg=40.76 10=5.97 25=11.99 50=15.63 75=78.59 90=91.65 95=104.25 99=244.48 99.9=674.82 99.99=1533.95] [UPDATE: Count=473749 Max=13262.85 Min=6.59 Avg=48.73 10=12.73 25=18.27 50=22.83 75=85.44 90=99.39 95=114.30 99=261.25 99.9=783.36 99.99=2097.15]
2025-04-22 05:59:15 48 sec: 957695 operations; [READ: Count=478708 Max=6463.49 Min=1.99 Avg=41.30 10=5.98 25=12.03 50=15.70 75=78.91 90=92.09 95=105.60 99=247.94 99.9=674.30 99.99=1525.76] [UPDATE: Count=478987 Max=13262.85 Min=6.59 Avg=49.27 10=12.76 25=18.30 50=22.91 75=85.76 90=99.90 95=115.78 99=263.68 99.9=781.82 99.99=2094.08]
2025-04-22 05:59:16 49 sec: 968467 operations; [READ: Count=484033 Max=6463.49 Min=1.99 Avg=41.82 10=6.00 25=12.07 50=15.77 75=79.23 90=92.54 95=106.88 99=249.47 99.9=674.30 99.99=1550.34] [UPDATE: Count=484434 Max=13262.85 Min=6.59 Avg=49.79 10=12.79 25=18.35 50=23.01 75=86.14 90=100.35 95=117.31 99=264.70 99.9=783.36 99.99=2094.08]
2025-04-22 05:59:17 50 sec: 979060 operations; [READ: Count=489332 Max=6463.49 Min=1.99 Avg=42.35 10=6.01 25=12.12 50=15.84 75=79.55 90=92.93 95=108.35 99=252.16 99.9=676.86 99.99=1546.24] [UPDATE: Count=489728 Max=13262.85 Min=6.59 Avg=50.29 10=12.81 25=18.38 50=23.09 75=86.53 90=100.80 95=118.97 99=266.50 99.9=783.36 99.99=2093.05]
2025-04-22 05:59:18 51 sec: 989572 operations; [READ: Count=494467 Max=6463.49 Min=1.99 Avg=42.85 10=6.03 25=12.15 50=15.90 75=79.87 90=93.38 95=109.95 99=254.97 99.9=676.35 99.99=1546.24] [UPDATE: Count=495105 Max=13262.85 Min=6.59 Avg=50.81 10=12.84 25=18.43 50=23.17 75=86.85 90=101.25 95=120.96 99=269.06 99.9=780.29 99.99=2093.05]
2025-04-22 05:59:19 51 sec: 1000000 operations; [READ: Count=499653 Max=6463.49 Min=1.99 Avg=43.28 10=6.05 25=12.18 50=15.97 75=80.13 90=93.76 95=111.30 99=257.02 99.9=674.82 99.99=1533.95] [UPDATE: Count=500347 Max=13262.85 Min=6.59 Avg=51.22 10=12.86 25=18.46 50=23.25 75=87.10 90=101.57 95=122.69 99=270.59 99.9=777.73 99.99=2093.05]
Run runtime(sec): 51.9791
Run operations(ops): 1000000
Run throughput(ops/sec): 19238.5
