Running scope as unit: run-rd959dd8141f047e49093e323e61cb76b.scope
load file:/home/user/DataFiles/silesia_data/silesia.tar
2025-04-22 20:15:06 0 sec: 0 operations;
2025-04-22 20:15:07 1 sec: 33387 operations; [INSERT: Count=33387 Max=6721.53 Min=5.13 Avg=25.60 10=11.73 25=15.59 50=22.57 75=32.08 90=42.88 95=50.02 99=65.34 99.9=111.23 99.99=263.94]
2025-04-22 20:15:08 2 sec: 66283 operations; [INSERT: Count=66283 Max=6721.53 Min=5.13 Avg=26.37 10=12.41 25=16.48 50=23.44 75=33.18 90=43.94 95=50.72 99=65.50 99.9=95.42 99.99=263.94]
2025-04-22 20:15:09 3 sec: 99212 operations; [INSERT: Count=99212 Max=6721.53 Min=5.13 Avg=26.61 10=12.70 25=16.82 50=23.76 75=33.50 90=44.16 95=50.88 99=65.34 99.9=92.29 99.99=263.17]
2025-04-22 20:15:10 4 sec: 132064 operations; [INSERT: Count=132064 Max=6721.53 Min=5.13 Avg=26.75 10=12.86 25=16.94 50=23.90 75=33.66 90=44.29 95=51.01 99=65.34 99.9=92.35 99.99=263.17]
2025-04-22 20:15:11 5 sec: 165504 operations; [INSERT: Count=165504 Max=6721.53 Min=5.13 Avg=26.72 10=12.94 25=16.98 50=23.90 75=33.60 90=44.09 95=50.78 99=64.93 99.9=92.99 99.99=265.21]
2025-04-22 20:15:12 6 sec: 198701 operations; [INSERT: Count=198701 Max=22839.29 Min=5.13 Avg=26.73 10=12.98 25=16.98 50=23.81 75=33.41 90=43.81 95=50.43 99=64.48 99.9=95.04 99.99=273.15]
2025-04-22 20:15:13 7 sec: 232583 operations; [INSERT: Count=232583 Max=22839.29 Min=5.13 Avg=26.65 10=13.01 25=16.96 50=23.74 75=33.28 90=43.62 95=50.17 99=64.03 99.9=92.67 99.99=272.89]
2025-04-22 20:15:14 8 sec: 266316 operations; [INSERT: Count=266316 Max=22839.29 Min=5.13 Avg=26.61 10=13.05 25=16.98 50=23.73 75=33.25 90=43.49 95=50.08 99=63.81 99.9=91.90 99.99=270.08]
2025-04-22 20:15:15 9 sec: 300300 operations; [INSERT: Count=300300 Max=22839.29 Min=5.13 Avg=26.55 10=13.10 25=16.99 50=23.70 75=33.18 90=43.36 95=49.85 99=63.52 99.9=91.65 99.99=269.57]
2025-04-22 20:15:16 10 sec: 334298 operations; [INSERT: Count=334298 Max=22839.29 Min=5.13 Avg=26.51 10=13.13 25=16.99 50=23.68 75=33.12 90=43.26 95=49.73 99=63.36 99.9=90.56 99.99=269.82]
2025-04-22 20:15:17 11 sec: 366141 operations; [INSERT: Count=366141 Max=22839.29 Min=5.13 Avg=26.64 10=13.20 25=17.09 50=23.77 75=33.28 90=43.49 95=49.98 99=63.77 99.9=91.97 99.99=281.86]
2025-04-22 20:15:18 12 sec: 395761 operations; [INSERT: Count=395761 Max=22839.29 Min=5.13 Avg=26.92 10=13.31 25=17.25 50=24.02 75=33.63 90=43.97 95=50.59 99=64.70 99.9=92.93 99.99=288.51]
2025-04-22 20:15:19 13 sec: 424407 operations; [INSERT: Count=424407 Max=22839.29 Min=5.13 Avg=27.23 10=13.41 25=17.39 50=24.25 75=33.95 90=44.48 95=51.23 99=65.60 99.9=94.97 99.99=304.13]
2025-04-22 20:15:20 14 sec: 450131 operations; [INSERT: Count=450131 Max=22839.29 Min=5.13 Avg=27.67 10=13.54 25=17.60 50=24.61 75=34.49 90=45.28 95=52.35 99=67.78 99.9=100.80 99.99=308.22]
2025-04-22 20:15:21 15 sec: 474776 operations; [INSERT: Count=474776 Max=22839.29 Min=5.13 Avg=28.10 10=13.64 25=17.76 50=24.91 75=35.01 90=46.08 95=53.50 99=70.02 99.9=107.84 99.99=314.37]
2025-04-22 20:15:22 16 sec: 499476 operations; [INSERT: Count=499476 Max=22839.29 Min=5.13 Avg=28.48 10=13.73 25=17.92 50=25.18 75=35.45 90=46.85 95=54.53 99=72.06 99.9=112.83 99.99=334.59]
2025-04-22 20:15:23 17 sec: 525921 operations; [INSERT: Count=525921 Max=22839.29 Min=5.13 Avg=28.71 10=13.82 25=18.05 50=25.38 75=35.77 90=47.26 95=55.10 99=72.83 99.9=113.79 99.99=344.57]
2025-04-22 20:15:24 18 sec: 552806 operations; [INSERT: Count=552806 Max=22839.29 Min=5.13 Avg=28.89 10=13.91 25=18.16 50=25.55 75=36.00 90=47.58 95=55.45 99=73.28 99.9=113.34 99.99=357.89]
2025-04-22 20:15:25 19 sec: 580038 operations; [INSERT: Count=580038 Max=22839.29 Min=5.13 Avg=29.04 10=13.99 25=18.27 50=25.68 75=36.19 90=47.84 95=55.74 99=73.66 99.9=113.09 99.99=360.96]
2025-04-22 20:15:26 20 sec: 607154 operations; [INSERT: Count=607154 Max=22839.29 Min=5.13 Avg=29.17 10=14.02 25=18.32 50=25.74 75=36.32 90=48.03 95=56.06 99=74.62 99.9=118.46 99.99=379.13]
2025-04-22 20:15:27 21 sec: 637625 operations; [INSERT: Count=637625 Max=22839.29 Min=5.13 Avg=29.17 10=14.03 25=18.32 50=25.76 75=36.32 90=48.03 95=56.03 99=74.50 99.9=118.02 99.99=384.00]
2025-04-22 20:15:28 22 sec: 665059 operations; [INSERT: Count=665059 Max=22839.29 Min=5.13 Avg=29.32 10=14.02 25=18.32 50=25.79 75=36.48 90=48.32 95=56.54 99=75.78 99.9=127.23 99.99=403.45]
2025-04-22 20:15:29 23 sec: 694255 operations; [INSERT: Count=694255 Max=22839.29 Min=5.13 Avg=29.38 10=13.94 25=18.22 50=25.71 75=36.45 90=48.41 95=56.77 99=77.12 99.9=140.80 99.99=494.08]
2025-04-22 20:15:30 24 sec: 728552 operations; [INSERT: Count=728552 Max=22839.29 Min=5.13 Avg=29.22 10=13.88 25=18.13 50=25.55 75=36.22 90=48.16 95=56.48 99=76.80 99.9=144.13 99.99=489.98]
2025-04-22 20:15:31 25 sec: 771199 operations; [INSERT: Count=771199 Max=22839.29 Min=5.13 Avg=28.71 10=13.51 25=17.68 50=24.98 75=35.58 90=47.58 95=55.94 99=76.42 99.9=169.47 99.99=489.98]
2025-04-22 20:15:32 26 sec: 824471 operations; [INSERT: Count=824471 Max=22839.29 Min=5.13 Avg=27.86 10=12.73 25=16.82 50=23.98 75=34.69 90=46.81 95=55.23 99=75.78 99.9=187.78 99.99=477.69]
2025-04-22 20:15:33 27 sec: 879677 operations; [INSERT: Count=879677 Max=22839.29 Min=4.92 Avg=27.04 10=11.97 25=15.94 50=23.02 75=33.82 90=46.08 95=54.53 99=75.33 99.9=195.07 99.99=494.08]
2025-04-22 20:15:34 28 sec: 933740 operations; [INSERT: Count=933740 Max=22839.29 Min=4.29 Avg=26.36 10=11.33 25=15.23 50=22.21 75=33.05 90=45.41 95=53.92 99=74.88 99.9=201.98 99.99=704.00]
2025-04-22 20:15:35 29 sec: 1000000 operations; [INSERT: Count=1000000 Max=22839.29 Min=4.29 Avg=25.29 10=10.05 25=14.10 50=21.14 75=32.06 90=44.58 95=53.12 99=74.11 99.9=199.81 99.99=706.56]
2025-04-22 20:15:36 30 sec: 1000000 operations; [INSERT: Count=1000000 Max=22839.29 Min=4.29 Avg=25.29 10=10.05 25=14.10 50=21.14 75=32.06 90=44.58 95=53.12 99=74.11 99.9=199.81 99.99=706.56]
2025-04-22 20:15:37 31 sec: 1000000 operations; [INSERT: Count=1000000 Max=22839.29 Min=4.29 Avg=25.29 10=10.05 25=14.10 50=21.14 75=32.06 90=44.58 95=53.12 99=74.11 99.9=199.81 99.99=706.56]
2025-04-22 20:15:38 31 sec: 1000000 operations; [INSERT: Count=1000000 Max=22839.29 Min=4.29 Avg=25.29 10=10.05 25=14.10 50=21.14 75=32.06 90=44.58 95=53.12 99=74.11 99.9=199.81 99.99=706.56]
Load runtime(sec): 31.2167
Load operations(ops): 1000000
Load throughput(ops/sec): 32034.2
