Running scope as unit: run-rce91fd4654134bf2959fc9ff264f7c86.scope
load file:/home/user/DataFiles/silesia_data/silesia.tar
2025-04-22 20:15:06 0 sec: 0 operations;
2025-04-22 20:15:07 1 sec: 42554 operations; [INSERT: Count=42554 Max=7577.60 Min=4.82 Avg=19.45 10=9.57 25=12.16 50=16.82 75=23.92 90=31.63 95=37.22 99=51.23 99.9=98.11 99.99=241.92]
2025-04-22 20:15:08 2 sec: 87634 operations; [INSERT: Count=87634 Max=7577.60 Min=4.82 Avg=19.18 10=9.84 25=12.36 50=16.86 75=23.66 90=30.89 95=35.68 99=47.13 99.9=88.00 99.99=244.74]
2025-04-22 20:15:09 3 sec: 134321 operations; [INSERT: Count=134321 Max=7577.60 Min=4.82 Avg=18.82 10=9.88 25=12.32 50=16.62 75=23.17 90=30.05 95=34.62 99=45.25 99.9=88.38 99.99=246.53]
2025-04-22 20:15:10 4 sec: 181618 operations; [INSERT: Count=181618 Max=7577.60 Min=4.82 Avg=18.57 10=9.90 25=12.27 50=16.45 75=22.82 90=29.49 95=33.89 99=44.16 99.9=87.04 99.99=246.53]
2025-04-22 20:15:11 5 sec: 229094 operations; [INSERT: Count=229094 Max=7577.60 Min=4.82 Avg=18.41 10=9.93 25=12.25 50=16.34 75=22.57 90=29.07 95=33.34 99=43.30 99.9=84.48 99.99=248.06]
2025-04-22 20:15:12 6 sec: 275774 operations; [INSERT: Count=275774 Max=22986.75 Min=4.82 Avg=18.35 10=9.96 25=12.24 50=16.25 75=22.37 90=28.77 95=32.96 99=42.78 99.9=77.12 99.99=247.29]
2025-04-22 20:15:13 7 sec: 323316 operations; [INSERT: Count=323316 Max=22986.75 Min=4.82 Avg=18.26 10=9.99 25=12.25 50=16.19 75=22.22 90=28.51 95=32.64 99=42.30 99.9=79.04 99.99=249.73]
2025-04-22 20:15:14 8 sec: 370899 operations; [INSERT: Count=370899 Max=22986.75 Min=4.82 Avg=18.19 10=10.03 25=12.27 50=16.15 75=22.11 90=28.30 95=32.38 99=41.82 99.9=79.17 99.99=249.73]
2025-04-22 20:15:15 9 sec: 418481 operations; [INSERT: Count=418481 Max=22986.75 Min=4.82 Avg=18.14 10=10.06 25=12.29 50=16.14 75=22.05 90=28.18 95=32.21 99=41.44 99.9=74.88 99.99=248.96]
2025-04-22 20:15:16 10 sec: 466281 operations; [INSERT: Count=466281 Max=22986.75 Min=4.62 Avg=18.08 10=10.05 25=12.26 50=16.10 75=21.98 90=28.11 95=32.09 99=41.18 99.9=73.34 99.99=248.96]
2025-04-22 20:15:17 11 sec: 504836 operations; [INSERT: Count=504836 Max=22986.75 Min=4.62 Avg=18.37 10=10.10 25=12.35 50=16.30 75=22.32 90=28.69 95=32.93 99=43.17 99.9=76.42 99.99=252.16]
2025-04-22 20:15:18 12 sec: 541990 operations; [INSERT: Count=541990 Max=22986.75 Min=4.62 Avg=18.64 10=10.17 25=12.48 50=16.51 75=22.64 90=29.18 95=33.63 99=44.38 99.9=76.48 99.99=265.47]
2025-04-22 20:15:19 13 sec: 581005 operations; [INSERT: Count=581005 Max=22986.75 Min=4.62 Avg=18.80 10=10.25 25=12.57 50=16.66 75=22.85 90=29.45 95=33.95 99=44.83 99.9=75.20 99.99=272.89]
2025-04-22 20:15:20 14 sec: 621313 operations; [INSERT: Count=621313 Max=22986.75 Min=4.62 Avg=18.88 10=10.32 25=12.66 50=16.75 75=22.94 90=29.58 95=34.08 99=44.83 99.9=74.50 99.99=294.14]
2025-04-22 20:15:21 15 sec: 660606 operations; [INSERT: Count=660606 Max=22986.75 Min=4.62 Avg=18.99 10=10.39 25=12.75 50=16.86 75=23.07 90=29.74 95=34.24 99=44.90 99.9=73.98 99.99=305.66]
2025-04-22 20:15:22 16 sec: 698874 operations; [INSERT: Count=698874 Max=22986.75 Min=4.62 Avg=19.12 10=10.46 25=12.84 50=16.98 75=23.21 90=29.92 95=34.43 99=45.31 99.9=79.49 99.99=312.57]
2025-04-22 20:15:23 17 sec: 736429 operations; [INSERT: Count=736429 Max=22986.75 Min=4.62 Avg=19.26 10=10.54 25=12.94 50=17.10 75=23.38 90=30.09 95=34.62 99=45.57 99.9=91.26 99.99=318.72]
2025-04-22 20:15:24 18 sec: 773582 operations; [INSERT: Count=773582 Max=22986.75 Min=4.62 Avg=19.40 10=10.61 25=13.03 50=17.21 75=23.50 90=30.27 95=34.81 99=45.82 99.9=151.29 99.99=331.01]
2025-04-22 20:15:25 19 sec: 810536 operations; [INSERT: Count=810536 Max=22986.75 Min=4.62 Avg=19.53 10=10.67 25=13.12 50=17.33 75=23.63 90=30.43 95=35.04 99=46.11 99.9=159.87 99.99=335.62]
2025-04-22 20:15:26 20 sec: 845386 operations; [INSERT: Count=845386 Max=22986.75 Min=4.62 Avg=19.71 10=10.73 25=13.20 50=17.42 75=23.77 90=30.62 95=35.33 99=47.20 99.9=164.99 99.99=349.69]
2025-04-22 20:15:27 21 sec: 882683 operations; [INSERT: Count=882683 Max=22986.75 Min=4.62 Avg=19.81 10=10.79 25=13.28 50=17.52 75=23.90 90=30.80 95=35.55 99=47.36 99.9=164.61 99.99=355.84]
2025-04-22 20:15:28 22 sec: 914694 operations; [INSERT: Count=914694 Max=22986.75 Min=4.62 Avg=20.05 10=10.82 25=13.34 50=17.61 75=24.08 90=31.14 95=36.09 99=49.47 99.9=166.91 99.99=365.06]
2025-04-22 20:15:29 23 sec: 947795 operations; [INSERT: Count=947795 Max=22986.75 Min=4.62 Avg=20.26 10=10.81 25=13.33 50=17.63 75=24.18 90=31.41 95=36.61 99=52.35 99.9=170.37 99.99=399.87]
2025-04-22 20:15:30 24 sec: 992838 operations; [INSERT: Count=992838 Max=22986.75 Min=4.62 Avg=20.16 10=10.75 25=13.24 50=17.54 75=24.05 90=31.26 95=36.48 99=52.26 99.9=171.26 99.99=398.33]
2025-04-22 20:15:31 25 sec: 1000000 operations; [INSERT: Count=1000000 Max=22986.75 Min=4.62 Avg=20.12 10=10.72 25=13.21 50=17.50 75=24.00 90=31.21 95=36.41 99=52.19 99.9=171.13 99.99=397.57]
2025-04-22 20:15:32 26 sec: 1000000 operations; [INSERT: Count=1000000 Max=22986.75 Min=4.62 Avg=20.12 10=10.72 25=13.21 50=17.50 75=24.00 90=31.21 95=36.41 99=52.19 99.9=171.13 99.99=397.57]
2025-04-22 20:15:33 27 sec: 1000000 operations; [INSERT: Count=1000000 Max=22986.75 Min=4.62 Avg=20.12 10=10.72 25=13.21 50=17.50 75=24.00 90=31.21 95=36.41 99=52.19 99.9=171.13 99.99=397.57]
2025-04-22 20:15:34 28 sec: 1000000 operations; [INSERT: Count=1000000 Max=22986.75 Min=4.62 Avg=20.12 10=10.72 25=13.21 50=17.50 75=24.00 90=31.21 95=36.41 99=52.19 99.9=171.13 99.99=397.57]
2025-04-22 20:15:35 29 sec: 1000000 operations; [INSERT: Count=1000000 Max=22986.75 Min=4.62 Avg=20.12 10=10.72 25=13.21 50=17.50 75=24.00 90=31.21 95=36.41 99=52.19 99.9=171.13 99.99=397.57]
2025-04-22 20:15:36 30 sec: 1000000 operations; [INSERT: Count=1000000 Max=22986.75 Min=4.62 Avg=20.12 10=10.72 25=13.21 50=17.50 75=24.00 90=31.21 95=36.41 99=52.19 99.9=171.13 99.99=397.57]
2025-04-22 20:15:37 31 sec: 1000000 operations; [INSERT: Count=1000000 Max=22986.75 Min=4.62 Avg=20.12 10=10.72 25=13.21 50=17.50 75=24.00 90=31.21 95=36.41 99=52.19 99.9=171.13 99.99=397.57]
2025-04-22 20:15:38 32 sec: 1000000 operations; [INSERT: Count=1000000 Max=22986.75 Min=4.62 Avg=20.12 10=10.72 25=13.21 50=17.50 75=24.00 90=31.21 95=36.41 99=52.19 99.9=171.13 99.99=397.57]
2025-04-22 20:15:39 32 sec: 1000000 operations; [INSERT: Count=1000000 Max=22986.75 Min=4.62 Avg=20.12 10=10.72 25=13.21 50=17.50 75=24.00 90=31.21 95=36.41 99=52.19 99.9=171.13 99.99=397.57]
Load runtime(sec): 32.5281
Load operations(ops): 1000000
Load throughput(ops/sec): 30742.7
