Running scope as unit: run-ra572adbd2b1c48fc9dffed62b1b16099.scope
load file:/home/user/DataFiles/silesia_data/silesia.tar
2025-04-21 21:02:30 0 sec: 0 operations;
2025-04-21 21:02:31 1 sec: 50700 operations; [INSERT: Count=50700 Max=1563.65 Min=4.87 Avg=15.21 10=8.38 25=10.22 50=13.40 75=18.45 90=23.92 95=27.20 99=35.84 99.9=97.53 99.99=232.96]
2025-04-21 21:02:32 2 sec: 102728 operations; [INSERT: Count=102728 Max=1563.65 Min=4.87 Avg=15.58 10=8.83 25=10.71 50=13.90 75=18.94 90=24.24 95=27.41 99=34.81 99.9=64.35 99.99=231.68]
2025-04-21 21:02:33 3 sec: 154941 operations; [INSERT: Count=154941 Max=1563.65 Min=4.87 Avg=15.68 10=9.02 25=10.88 50=14.05 75=19.07 90=24.22 95=27.30 99=34.40 99.9=58.81 99.99=232.96]
2025-04-21 21:02:34 4 sec: 206330 operations; [INSERT: Count=206330 Max=1563.65 Min=4.87 Avg=15.80 10=9.16 25=11.02 50=14.18 75=19.21 90=24.29 95=27.34 99=34.27 99.9=56.93 99.99=229.38]
2025-04-21 21:02:35 5 sec: 254546 operations; [INSERT: Count=254546 Max=23330.81 Min=4.87 Avg=16.11 10=9.20 25=11.03 50=14.11 75=19.02 90=24.03 95=27.04 99=33.85 99.9=56.16 99.99=232.96]
2025-04-21 21:02:36 6 sec: 305473 operations; [INSERT: Count=305473 Max=23330.81 Min=4.87 Avg=16.14 10=9.29 25=11.12 50=14.18 75=19.07 90=24.05 95=27.07 99=34.30 99.9=62.34 99.99=232.96]
2025-04-21 21:02:37 7 sec: 357584 operations; [INSERT: Count=357584 Max=23330.81 Min=4.87 Avg=16.10 10=9.36 25=11.18 50=14.21 75=19.07 90=23.98 95=26.96 99=34.02 99.9=62.59 99.99=231.94]
2025-04-21 21:02:38 8 sec: 407710 operations; [INSERT: Count=407710 Max=23330.81 Min=4.87 Avg=16.15 10=9.44 25=11.27 50=14.31 75=19.15 90=24.03 95=27.01 99=33.95 99.9=63.77 99.99=232.96]
2025-04-21 21:02:39 9 sec: 450416 operations; [INSERT: Count=450416 Max=23330.81 Min=4.87 Avg=16.51 10=9.53 25=11.41 50=14.54 75=19.54 90=24.66 95=27.95 99=37.41 99.9=72.32 99.99=234.75]
2025-04-21 21:02:40 10 sec: 481517 operations; [INSERT: Count=481517 Max=23330.81 Min=4.87 Avg=17.31 10=9.62 25=11.57 50=14.95 75=20.34 90=26.09 95=30.78 99=47.33 99.9=79.87 99.99=236.16]
2025-04-21 21:02:41 11 sec: 510826 operations; [INSERT: Count=510826 Max=23330.81 Min=4.87 Avg=18.08 10=9.71 25=11.73 50=15.36 75=21.12 90=27.77 95=34.24 99=53.09 99.9=88.13 99.99=247.04]
2025-04-21 21:02:42 12 sec: 540150 operations; [INSERT: Count=540150 Max=23330.81 Min=4.87 Avg=18.77 10=9.80 25=11.89 50=15.74 75=21.86 90=29.45 95=37.34 99=56.54 99.9=103.81 99.99=290.81]
2025-04-21 21:02:43 13 sec: 572830 operations; [INSERT: Count=572830 Max=23330.81 Min=4.87 Avg=19.25 10=9.87 25=12.04 50=16.05 75=22.37 90=30.61 95=38.91 99=58.43 99.9=121.73 99.99=376.06]
2025-04-21 21:02:44 14 sec: 615494 operations; [INSERT: Count=615494 Max=23330.81 Min=4.87 Avg=19.32 10=9.85 25=12.00 50=16.02 75=22.34 90=30.69 95=39.07 99=59.10 99.9=133.89 99.99=732.67]
2025-04-21 21:02:45 15 sec: 671894 operations; [INSERT: Count=671894 Max=23330.81 Min=4.87 Avg=18.91 10=9.70 25=11.79 50=15.70 75=21.87 90=29.89 95=38.14 99=58.24 99.9=133.38 99.99=441.09]
2025-04-21 21:02:46 16 sec: 727029 operations; [INSERT: Count=727029 Max=23330.81 Min=4.87 Avg=18.60 10=9.63 25=11.66 50=15.47 75=21.52 90=29.21 95=37.22 99=57.38 99.9=132.35 99.99=401.15]
2025-04-21 21:02:47 17 sec: 778809 operations; [INSERT: Count=778809 Max=23330.81 Min=4.87 Avg=18.42 10=9.62 25=11.62 50=15.38 75=21.36 90=28.82 95=36.51 99=56.54 99.9=126.66 99.99=390.14]
2025-04-21 21:02:48 18 sec: 816838 operations; [INSERT: Count=816838 Max=23330.81 Min=4.87 Avg=18.63 10=9.68 25=11.73 50=15.57 75=21.65 90=29.38 95=37.09 99=56.67 99.9=124.35 99.99=377.86]
2025-04-21 21:02:49 19 sec: 852930 operations; [INSERT: Count=852930 Max=23330.81 Min=4.87 Avg=18.87 10=9.73 25=11.84 50=15.80 75=22.00 90=30.05 95=37.79 99=56.83 99.9=121.02 99.99=377.86]
2025-04-21 21:02:50 20 sec: 887692 operations; [INSERT: Count=887692 Max=23330.81 Min=4.87 Avg=19.13 10=9.79 25=11.94 50=15.99 75=22.29 90=30.62 95=38.40 99=57.73 99.9=128.06 99.99=448.00]
2025-04-21 21:02:51 21 sec: 921346 operations; [INSERT: Count=921346 Max=23330.81 Min=4.87 Avg=19.40 10=9.82 25=11.99 50=16.11 75=22.50 90=31.07 95=39.01 99=59.20 99.9=137.85 99.99=816.13]
2025-04-21 21:02:52 22 sec: 955638 operations; [INSERT: Count=955638 Max=23330.81 Min=4.87 Avg=19.63 10=9.86 25=12.08 50=16.30 75=22.80 90=31.70 95=39.71 99=59.68 99.9=144.51 99.99=804.86]
2025-04-21 21:02:53 23 sec: 987850 operations; [INSERT: Count=987850 Max=23330.81 Min=4.87 Avg=19.88 10=9.91 25=12.17 50=16.48 75=23.12 90=32.35 95=40.51 99=60.54 99.9=148.74 99.99=804.86]
2025-04-21 21:02:54 24 sec: 1000000 operations; [INSERT: Count=1000000 Max=23330.81 Min=4.87 Avg=19.93 10=9.92 25=12.18 50=16.51 75=23.17 90=32.41 95=40.58 99=60.90 99.9=151.81 99.99=826.37]
2025-04-21 21:02:54 24 sec: 1000000 operations; [INSERT: Count=1000000 Max=23330.81 Min=4.87 Avg=19.93 10=9.92 25=12.18 50=16.51 75=23.17 90=32.41 95=40.58 99=60.90 99.9=151.81 99.99=826.37]
Load runtime(sec): 24.1385
Load operations(ops): 1000000
Load throughput(ops/sec): 41427.5
