Running scope as unit: run-r8482ae29986b4826907147342174fb1b.scope
load file:/home/user/DataFiles/silesia_data/silesia.tar
2025-04-21 21:02:30 0 sec: 0 operations;
2025-04-21 21:02:31 1 sec: 53186 operations; [INSERT: Count=53186 Max=4001.79 Min=4.81 Avg=15.15 10=8.03 25=9.94 50=13.20 75=18.32 90=24.41 95=28.32 99=37.18 99.9=73.92 99.99=227.33]
2025-04-21 21:02:32 2 sec: 103591 operations; [INSERT: Count=103591 Max=4001.79 Min=4.81 Avg=15.82 10=8.69 25=10.71 50=14.05 75=19.31 90=24.89 95=28.38 99=36.19 99.9=66.11 99.99=227.33]
2025-04-21 21:02:33 3 sec: 154074 operations; [INSERT: Count=154074 Max=4001.79 Min=4.81 Avg=16.04 10=8.98 25=11.02 50=14.34 75=19.57 90=24.96 95=28.29 99=35.81 99.9=66.11 99.99=224.64]
2025-04-21 21:02:34 4 sec: 204122 operations; [INSERT: Count=204122 Max=4001.79 Min=4.81 Avg=16.19 10=9.18 25=11.21 50=14.53 75=19.73 90=25.04 95=28.30 99=35.55 99.9=63.90 99.99=227.33]
2025-04-21 21:02:35 5 sec: 249725 operations; [INSERT: Count=249725 Max=23232.51 Min=4.81 Avg=16.63 10=9.24 25=11.21 50=14.46 75=19.52 90=24.70 95=27.97 99=35.07 99.9=62.37 99.99=230.53]
2025-04-21 21:02:36 6 sec: 299306 operations; [INSERT: Count=299306 Max=23232.51 Min=4.81 Avg=16.66 10=9.37 25=11.33 50=14.56 75=19.61 90=24.75 95=28.03 99=35.42 99.9=65.98 99.99=231.04]
2025-04-21 21:02:37 7 sec: 349599 operations; [INSERT: Count=349599 Max=23232.51 Min=4.81 Avg=16.64 10=9.47 25=11.43 50=14.63 75=19.65 90=24.70 95=27.92 99=35.17 99.9=65.34 99.99=229.12]
2025-04-21 21:02:38 8 sec: 399947 operations; [INSERT: Count=399947 Max=23232.51 Min=4.81 Avg=16.63 10=9.56 25=11.51 50=14.69 75=19.66 90=24.67 95=27.82 99=34.98 99.9=64.93 99.99=228.35]
2025-04-21 21:02:39 9 sec: 444844 operations; [INSERT: Count=444844 Max=23232.51 Min=4.81 Avg=16.86 10=9.66 25=11.65 50=14.89 75=19.97 90=25.10 95=28.45 99=36.64 99.9=65.86 99.99=228.35]
2025-04-21 21:02:40 10 sec: 474464 operations; [INSERT: Count=474464 Max=23232.51 Min=4.81 Avg=17.71 10=9.76 25=11.82 50=15.31 75=20.80 90=26.69 95=31.26 99=47.39 99.9=81.47 99.99=231.29]
2025-04-21 21:02:41 11 sec: 502981 operations; [INSERT: Count=502981 Max=23232.51 Min=4.81 Avg=18.50 10=9.85 25=11.99 50=15.72 75=21.61 90=28.37 95=34.69 99=54.08 99.9=91.39 99.99=239.74]
2025-04-21 21:02:42 12 sec: 531459 operations; [INSERT: Count=531459 Max=23232.51 Min=4.81 Avg=19.21 10=9.94 25=12.15 50=16.12 75=22.38 90=30.11 95=37.95 99=57.79 99.9=102.72 99.99=292.10]
2025-04-21 21:02:43 13 sec: 562607 operations; [INSERT: Count=562607 Max=23232.51 Min=4.81 Avg=19.74 10=10.02 25=12.30 50=16.43 75=22.89 90=31.31 95=39.74 99=59.90 99.9=121.34 99.99=345.60]
2025-04-21 21:02:44 14 sec: 602599 operations; [INSERT: Count=602599 Max=23232.51 Min=4.81 Avg=19.87 10=10.02 25=12.30 50=16.46 75=22.98 90=31.55 95=40.09 99=60.61 99.9=133.76 99.99=793.09]
2025-04-21 21:02:45 15 sec: 657727 operations; [INSERT: Count=657727 Max=23232.51 Min=4.81 Avg=19.44 10=9.88 25=12.08 50=16.14 75=22.50 90=30.77 95=39.10 99=59.68 99.9=131.20 99.99=509.95]
2025-04-21 21:02:46 16 sec: 711433 operations; [INSERT: Count=711433 Max=23232.51 Min=4.81 Avg=19.13 10=9.81 25=11.95 50=15.90 75=22.14 90=30.08 95=38.17 99=58.75 99.9=128.96 99.99=433.15]
2025-04-21 21:02:47 17 sec: 763514 operations; [INSERT: Count=763514 Max=23232.51 Min=4.81 Avg=18.91 10=9.80 25=11.89 50=15.77 75=21.90 90=29.57 95=37.34 99=57.92 99.9=125.63 99.99=379.90]
2025-04-21 21:02:48 18 sec: 801965 operations; [INSERT: Count=801965 Max=23232.51 Min=4.81 Avg=19.09 10=9.86 25=11.99 50=15.95 75=22.18 90=30.06 95=37.82 99=57.92 99.9=122.30 99.99=355.58]
2025-04-21 21:02:49 19 sec: 835398 operations; [INSERT: Count=835398 Max=23232.51 Min=4.81 Avg=19.38 10=9.92 25=12.11 50=16.21 75=22.57 90=30.85 95=38.81 99=58.34 99.9=120.00 99.99=352.51]
2025-04-21 21:02:50 20 sec: 868713 operations; [INSERT: Count=868713 Max=23232.51 Min=4.81 Avg=19.66 10=9.98 25=12.22 50=16.43 75=22.93 90=31.54 95=39.62 99=58.94 99.9=123.52 99.99=433.15]
2025-04-21 21:02:51 21 sec: 894400 operations; [INSERT: Count=894400 Max=23232.51 Min=4.81 Avg=20.10 10=10.03 25=12.32 50=16.64 75=23.30 90=32.43 95=40.90 99=61.73 99.9=143.62 99.99=799.23]
2025-04-21 21:02:52 22 sec: 925772 operations; [INSERT: Count=925772 Max=23232.51 Min=4.81 Avg=20.38 10=10.07 25=12.41 50=16.85 75=23.65 90=33.25 95=41.79 99=62.49 99.9=141.95 99.99=792.58]
2025-04-21 21:02:53 23 sec: 957952 operations; [INSERT: Count=957952 Max=23232.51 Min=4.81 Avg=20.62 10=10.12 25=12.49 50=17.02 75=23.97 90=33.89 95=42.49 99=63.04 99.9=147.84 99.99=793.09]
2025-04-21 21:02:54 24 sec: 999795 operations; [INSERT: Count=999795 Max=23232.51 Min=4.81 Avg=20.62 10=10.10 25=12.46 50=16.99 75=23.93 90=33.82 95=42.43 99=63.49 99.9=157.18 99.99=879.62]
2025-04-21 21:02:55 24 sec: 1000000 operations; [INSERT: Count=1000000 Max=23232.51 Min=4.81 Avg=20.61 10=10.10 25=12.46 50=16.98 75=23.92 90=33.82 95=42.43 99=63.49 99.9=157.18 99.99=879.62]
Load runtime(sec): 24.5112
Load operations(ops): 1000000
Load throughput(ops/sec): 40797.6
