Running scope as unit: run-r7b2bbfec72024031af0f939a86e32bc8.scope
load file:/home/user/DataFiles/silesia_data/silesia.tar
2025-04-19 11:59:38 0 sec: 0 operations;
2025-04-19 11:59:39 1 sec: 0 operations;
2025-04-19 11:59:40 2 sec: 0 operations;
2025-04-19 11:59:41 3 sec: 0 operations;
2025-04-19 11:59:42 4 sec: 0 operations;
2025-04-19 11:59:43 5 sec: 0 operations;
2025-04-19 11:59:44 6 sec: 0 operations;
2025-04-19 11:59:45 7 sec: 0 operations;
2025-04-19 11:59:46 8 sec: 0 operations;
2025-04-19 11:59:47 9 sec: 0 operations;
2025-04-19 11:59:48 10 sec: 0 operations;
2025-04-19 11:59:49 11 sec: 0 operations;
2025-04-19 11:59:50 12 sec: 0 operations;
2025-04-19 11:59:51 13 sec: 0 operations;
2025-04-19 11:59:52 14 sec: 0 operations;
2025-04-19 11:59:53 15 sec: 0 operations;
2025-04-19 11:59:54 16 sec: 0 operations;
2025-04-19 11:59:55 17 sec: 0 operations;
2025-04-19 11:59:56 18 sec: 0 operations;
2025-04-19 11:59:57 19 sec: 0 operations;
2025-04-19 11:59:58 20 sec: 0 operations;
2025-04-19 11:59:59 21 sec: 0 operations;
2025-04-19 12:00:00 22 sec: 0 operations;
2025-04-19 12:00:01 23 sec: 0 operations;
2025-04-19 12:00:02 24 sec: 0 operations;
2025-04-19 12:00:03 25 sec: 0 operations;
2025-04-19 12:00:04 26 sec: 0 operations;
2025-04-19 12:00:05 27 sec: 0 operations;
2025-04-19 12:00:06 28 sec: 0 operations;
2025-04-19 12:00:07 29 sec: 0 operations;
2025-04-19 12:00:08 30 sec: 0 operations;
2025-04-19 12:00:09 31 sec: 10597 operations; [READ: Count=5274 Max=310.27 Min=3.09 Avg=86.52 10=40.38 25=70.78 50=80.00 75=111.42 90=120.13 95=138.75 99=156.54 99.9=183.94 99.99=255.10] [UPDATE: Count=5323 Max=2426.88 Min=8.09 Avg=96.79 10=47.23 25=76.99 50=88.38 75=118.59 90=128.96 95=148.09 99=173.18 99.9=1020.41 99.99=1598.46]
2025-04-19 12:00:10 32 sec: 21674 operations; [READ: Count=10813 Max=310.27 Min=2.58 Avg=86.07 10=40.32 25=70.72 50=80.45 75=111.74 90=120.70 95=139.52 99=156.29 99.9=183.94 99.99=255.10] [UPDATE: Count=10861 Max=2426.88 Min=8.09 Avg=95.11 10=47.33 25=77.38 50=88.45 75=119.23 90=129.34 95=147.84 99=166.66 99.9=614.40 99.99=1598.46]
2025-04-19 12:00:11 33 sec: 31861 operations; [READ: Count=15900 Max=310.27 Min=2.58 Avg=87.96 10=41.12 25=70.97 50=83.01 75=112.96 90=128.83 95=143.87 99=167.04 99.9=192.64 99.99=228.35] [UPDATE: Count=15961 Max=10747.90 Min=8.05 Avg=97.52 10=48.41 25=77.76 50=91.45 75=120.51 90=137.60 95=151.68 99=180.35 99.9=504.57 99.99=1598.46]
2025-04-19 12:00:12 34 sec: 42983 operations; [READ: Count=21496 Max=310.27 Min=2.58 Avg=87.22 10=40.83 25=70.78 50=82.43 75=112.83 90=125.95 95=143.10 99=165.12 99.9=193.15 99.99=228.35] [UPDATE: Count=21487 Max=10747.90 Min=7.76 Avg=96.43 10=48.16 25=77.63 50=90.50 75=120.45 90=135.81 95=151.29 99=178.94 99.9=411.65 99.99=1598.46]
2025-04-19 12:00:13 35 sec: 52534 operations; [READ: Count=26320 Max=310.27 Min=2.58 Avg=89.35 10=41.57 25=71.17 50=86.14 75=114.43 90=134.53 95=145.53 99=173.82 99.9=196.86 99.99=228.35] [UPDATE: Count=26214 Max=10747.90 Min=7.76 Avg=98.65 10=49.15 25=78.02 50=94.66 75=122.11 90=143.23 95=154.50 99=186.75 99.9=424.45 99.99=1598.46]
2025-04-19 12:00:14 36 sec: 63427 operations; [READ: Count=31765 Max=310.27 Min=2.58 Avg=88.55 10=41.18 25=70.91 50=84.93 75=114.11 90=132.61 95=145.02 99=171.90 99.9=195.97 99.99=228.35] [UPDATE: Count=31662 Max=10747.90 Min=7.76 Avg=98.44 10=48.67 25=77.82 50=93.18 75=121.86 90=141.69 95=154.11 99=186.37 99.9=504.57 99.99=2777.09]
2025-04-19 12:00:15 37 sec: 74762 operations; [READ: Count=37483 Max=310.27 Min=2.36 Avg=87.61 10=40.77 25=70.46 50=83.78 75=113.53 90=130.69 95=144.13 99=170.11 99.9=194.56 99.99=226.81] [UPDATE: Count=37279 Max=10747.90 Min=7.76 Avg=97.58 10=48.13 25=77.44 50=92.03 75=121.28 90=140.16 95=153.47 99=185.09 99.9=522.50 99.99=2777.09]
2025-04-19 12:00:16 38 sec: 86059 operations; [READ: Count=43157 Max=310.27 Min=2.36 Avg=87.12 10=40.51 25=70.21 50=83.39 75=113.41 90=129.41 95=143.87 99=168.70 99.9=193.41 99.99=226.81] [UPDATE: Count=42902 Max=10747.90 Min=7.76 Avg=96.81 10=47.87 25=77.18 50=91.39 75=121.09 90=138.75 95=152.96 99=183.68 99.9=460.03 99.99=2850.82]
2025-04-19 12:00:17 39 sec: 97084 operations; [READ: Count=48638 Max=310.27 Min=2.36 Avg=86.89 10=40.38 25=70.14 50=83.39 75=113.66 90=128.70 95=143.62 99=167.68 99.9=193.41 99.99=224.51] [UPDATE: Count=48446 Max=10747.90 Min=7.69 Avg=96.57 10=47.77 25=77.06 50=91.33 75=121.28 90=137.85 95=152.70 99=182.14 99.9=441.60 99.99=2850.82]
2025-04-19 12:00:18 40 sec: 108251 operations; [READ: Count=54204 Max=310.27 Min=2.36 Avg=86.62 10=40.19 25=69.95 50=83.33 75=113.79 90=128.19 95=143.49 99=167.29 99.9=193.15 99.99=224.51] [UPDATE: Count=54047 Max=10747.90 Min=7.54 Avg=96.23 10=47.52 25=76.93 50=91.20 75=121.41 90=137.34 95=152.70 99=181.38 99.9=411.65 99.99=2990.08]
2025-04-19 12:00:19 41 sec: 119231 operations; [READ: Count=59813 Max=310.27 Min=2.34 Avg=86.62 10=40.09 25=69.95 50=83.52 75=114.05 90=128.32 95=143.49 99=167.29 99.9=193.02 99.99=220.80] [UPDATE: Count=59418 Max=10747.90 Min=7.54 Avg=96.05 10=47.39 25=76.86 50=91.45 75=121.66 90=137.34 95=152.70 99=180.74 99.9=394.50 99.99=2850.82]
2025-04-19 12:00:20 42 sec: 128995 operations; [READ: Count=64649 Max=310.27 Min=2.34 Avg=87.30 10=40.19 25=69.89 50=84.42 75=114.56 90=131.07 95=145.15 99=170.50 99.9=197.38 99.99=226.81] [UPDATE: Count=64346 Max=10747.90 Min=7.54 Avg=96.89 10=47.49 25=76.80 50=92.54 75=122.37 90=140.80 95=154.75 99=185.34 99.9=382.21 99.99=2850.82]
2025-04-19 12:00:21 43 sec: 140119 operations; [READ: Count=70318 Max=310.27 Min=2.34 Avg=87.10 10=39.94 25=69.63 50=84.48 75=114.69 90=130.81 95=145.15 99=169.85 99.9=197.38 99.99=220.80] [UPDATE: Count=69801 Max=10747.90 Min=7.54 Avg=96.64 10=47.30 25=76.61 50=92.61 75=122.50 90=140.54 95=154.62 99=184.83 99.9=375.55 99.99=2777.09]
2025-04-19 12:00:22 44 sec: 151369 operations; [READ: Count=75939 Max=310.27 Min=2.34 Avg=86.81 10=39.68 25=69.31 50=84.35 75=114.75 90=130.43 95=144.90 99=169.47 99.9=197.38 99.99=224.51] [UPDATE: Count=75430 Max=10747.90 Min=7.54 Avg=96.37 10=47.13 25=76.54 50=92.54 75=122.62 90=140.16 95=154.50 99=184.19 99.9=362.75 99.99=2607.10]
2025-04-19 12:00:23 45 sec: 162541 operations; [READ: Count=81624 Max=310.27 Min=2.34 Avg=86.66 10=39.55 25=69.06 50=84.35 75=114.81 90=130.30 95=144.90 99=169.22 99.9=197.50 99.99=226.81] [UPDATE: Count=80917 Max=10747.90 Min=7.54 Avg=96.14 10=46.94 25=76.29 50=92.54 75=122.75 90=140.03 95=154.50 99=183.42 99.9=356.61 99.99=2607.10]
2025-04-19 12:00:24 46 sec: 173825 operations; [READ: Count=87255 Max=310.27 Min=2.24 Avg=86.51 10=39.39 25=68.93 50=84.29 75=114.94 90=129.98 95=144.77 99=168.70 99.9=197.38 99.99=224.51] [UPDATE: Count=86570 Max=10747.90 Min=7.54 Avg=95.83 10=46.66 25=75.97 50=92.42 75=122.88 90=139.65 95=154.24 99=182.40 99.9=349.95 99.99=2525.18]
2025-04-19 12:00:25 47 sec: 185098 operations; [READ: Count=92821 Max=310.27 Min=2.24 Avg=86.32 10=39.20 25=68.54 50=84.29 75=115.07 90=129.92 95=144.64 99=168.32 99.9=197.12 99.99=224.51] [UPDATE: Count=92277 Max=10747.90 Min=7.54 Avg=95.61 10=46.34 25=75.58 50=92.48 75=122.94 90=139.52 95=154.24 99=182.27 99.9=343.04 99.99=2525.18]
2025-04-19 12:00:26 48 sec: 196447 operations; [READ: Count=98525 Max=310.27 Min=2.24 Avg=86.15 10=39.04 25=68.29 50=84.22 75=115.07 90=129.73 95=144.51 99=168.19 99.9=197.12 99.99=220.80] [UPDATE: Count=97922 Max=10747.90 Min=7.54 Avg=95.37 10=46.05 25=75.14 50=92.42 75=123.01 90=139.39 95=154.11 99=182.01 99.9=339.20 99.99=2482.18]
2025-04-19 12:00:27 49 sec: 207902 operations; [READ: Count=104301 Max=310.27 Min=2.24 Avg=85.96 10=38.75 25=67.84 50=84.16 75=115.14 90=129.47 95=144.38 99=167.94 99.9=197.12 99.99=220.80] [UPDATE: Count=103601 Max=10747.90 Min=7.54 Avg=95.11 10=45.73 25=74.62 50=92.29 75=123.07 90=139.13 95=153.98 99=181.76 99.9=337.41 99.99=2525.18]
2025-04-19 12:00:28 50 sec: 219418 operations; [READ: Count=110065 Max=310.27 Min=2.24 Avg=85.73 10=38.43 25=67.26 50=84.09 75=115.20 90=129.34 95=144.38 99=167.68 99.9=196.74 99.99=219.39] [UPDATE: Count=109353 Max=10747.90 Min=7.54 Avg=94.86 10=45.47 25=74.11 50=92.29 75=123.07 90=138.88 95=153.98 99=181.38 99.9=330.75 99.99=2482.18]
2025-04-19 12:00:29 51 sec: 230961 operations; [READ: Count=115846 Max=310.27 Min=2.24 Avg=85.48 10=37.98 25=66.24 50=84.03 75=115.20 90=129.28 95=144.25 99=167.42 99.9=196.61 99.99=218.75] [UPDATE: Count=115115 Max=10747.90 Min=7.54 Avg=94.67 10=45.09 25=73.53 50=92.22 75=123.14 90=138.75 95=153.98 99=181.25 99.9=329.47 99.99=2426.88]
2025-04-19 12:00:30 52 sec: 242394 operations; [READ: Count=121647 Max=310.27 Min=2.24 Avg=85.33 10=37.73 25=65.38 50=84.03 75=115.26 90=129.22 95=144.25 99=167.42 99.9=196.35 99.99=218.75] [UPDATE: Count=120747 Max=10747.90 Min=7.54 Avg=94.51 10=44.73 25=72.89 50=92.22 75=123.20 90=138.75 95=153.85 99=181.25 99.9=328.45 99.99=2426.88]
2025-04-19 12:00:31 53 sec: 253985 operations; [READ: Count=127362 Max=310.27 Min=2.24 Avg=85.16 10=37.34 25=64.32 50=83.97 75=115.33 90=129.02 95=144.00 99=167.17 99.9=196.22 99.99=218.62] [UPDATE: Count=126623 Max=10747.90 Min=7.54 Avg=94.27 10=44.35 25=71.94 50=92.16 75=123.20 90=138.50 95=153.73 99=180.74 99.9=327.42 99.99=2340.86]
2025-04-19 12:00:32 54 sec: 265636 operations; [READ: Count=133301 Max=310.27 Min=2.24 Avg=84.99 10=36.90 25=62.27 50=83.97 75=115.39 90=129.02 95=144.00 99=167.04 99.9=195.84 99.99=218.62] [UPDATE: Count=132335 Max=10747.90 Min=7.54 Avg=94.04 10=43.81 25=70.59 50=92.16 75=123.26 90=138.50 95=153.60 99=180.48 99.9=327.94 99.99=2340.86]
2025-04-19 12:00:33 55 sec: 277438 operations; [READ: Count=139235 Max=310.27 Min=2.24 Avg=84.75 10=36.35 25=59.62 50=83.90 75=115.33 90=128.90 95=143.87 99=166.91 99.9=195.71 99.99=217.85] [UPDATE: Count=138203 Max=10747.90 Min=7.54 Avg=93.81 10=43.17 25=68.99 50=92.03 75=123.26 90=138.37 95=153.60 99=180.22 99.9=327.42 99.99=2211.84]
2025-04-19 12:00:34 56 sec: 289265 operations; [READ: Count=145230 Max=310.27 Min=2.24 Avg=84.50 10=35.74 25=57.82 50=83.84 75=115.33 90=128.77 95=143.74 99=166.78 99.9=195.71 99.99=217.85] [UPDATE: Count=144035 Max=10747.90 Min=7.54 Avg=93.61 10=42.53 25=67.58 50=92.03 75=123.26 90=138.37 95=153.60 99=180.09 99.9=325.89 99.99=2211.84]
2025-04-19 12:00:35 57 sec: 300958 operations; [READ: Count=151188 Max=310.27 Min=2.24 Avg=84.33 10=34.91 25=56.67 50=83.78 75=115.39 90=128.77 95=143.74 99=166.78 99.9=195.71 99.99=217.85] [UPDATE: Count=149770 Max=10747.90 Min=7.50 Avg=93.45 10=41.79 25=66.62 50=92.03 75=123.33 90=138.24 95=153.60 99=179.97 99.9=320.00 99.99=2144.26]
2025-04-19 12:00:36 58 sec: 312824 operations; [READ: Count=157014 Max=310.27 Min=2.24 Avg=84.16 10=33.82 25=55.90 50=83.78 75=115.39 90=128.70 95=143.74 99=166.66 99.9=195.71 99.99=217.22] [UPDATE: Count=155810 Max=10747.90 Min=7.43 Avg=93.21 10=40.51 25=65.34 50=91.97 75=123.33 90=138.24 95=153.47 99=179.84 99.9=319.74 99.99=2142.21]
2025-04-19 12:00:37 59 sec: 324792 operations; [READ: Count=162966 Max=310.27 Min=2.24 Avg=83.98 10=32.06 25=55.10 50=83.71 75=115.39 90=128.70 95=143.74 99=166.53 99.9=195.71 99.99=217.22] [UPDATE: Count=161826 Max=10747.90 Min=7.43 Avg=92.95 10=38.30 25=64.35 50=91.90 75=123.33 90=138.11 95=153.47 99=179.58 99.9=317.69 99.99=2142.21]
2025-04-19 12:00:38 60 sec: 336811 operations; [READ: Count=168975 Max=310.27 Min=2.24 Avg=83.77 10=19.05 25=54.43 50=83.65 75=115.39 90=128.57 95=143.62 99=166.40 99.9=195.58 99.99=216.96] [UPDATE: Count=167836 Max=10747.90 Min=7.43 Avg=92.74 10=28.82 25=63.62 50=91.84 75=123.33 90=137.98 95=153.34 99=179.33 99.9=317.44 99.99=2077.70]
2025-04-19 12:00:39 61 sec: 348859 operations; [READ: Count=174993 Max=310.27 Min=2.24 Avg=83.54 10=14.86 25=53.79 50=83.65 75=115.33 90=128.57 95=143.49 99=166.40 99.9=195.20 99.99=217.85] [UPDATE: Count=173866 Max=10747.90 Min=7.43 Avg=92.55 10=24.83 25=62.91 50=91.78 75=123.33 90=137.98 95=153.34 99=179.33 99.9=317.44 99.99=2077.70]
2025-04-19 12:00:40 62 sec: 360785 operations; [READ: Count=180962 Max=1374.21 Min=2.24 Avg=83.37 10=13.15 25=53.41 50=83.58 75=115.33 90=128.51 95=143.36 99=166.40 99.9=195.84 99.99=220.80] [UPDATE: Count=179823 Max=10747.90 Min=7.43 Avg=92.39 10=23.23 25=62.43 50=91.78 75=123.33 90=137.98 95=153.22 99=179.46 99.9=324.10 99.99=2050.05]
2025-04-19 12:00:41 63 sec: 372317 operations; [READ: Count=186716 Max=1374.21 Min=2.24 Avg=83.29 10=12.34 25=53.05 50=83.58 75=115.39 90=128.64 95=143.62 99=167.04 99.9=198.14 99.99=238.97] [UPDATE: Count=185601 Max=10747.90 Min=7.43 Avg=92.35 10=22.11 25=62.05 50=91.78 75=123.39 90=138.11 95=153.60 99=180.99 99.9=328.70 99.99=1985.54]
2025-04-19 12:00:42 64 sec: 382316 operations; [READ: Count=191670 Max=1842.17 Min=2.24 Avg=83.54 10=11.72 25=52.96 50=83.78 75=115.52 90=129.34 95=144.90 99=168.70 99.9=204.54 99.99=858.11] [UPDATE: Count=190646 Max=10747.90 Min=7.43 Avg=92.68 10=21.45 25=61.95 50=91.97 75=123.58 90=139.01 95=154.75 99=183.68 99.9=350.46 99.99=2050.05]
2025-04-19 12:00:43 65 sec: 394130 operations; [READ: Count=197538 Max=1842.17 Min=2.24 Avg=83.40 10=11.05 25=52.61 50=83.71 75=115.52 90=129.41 95=144.90 99=168.83 99.9=205.69 99.99=937.47] [UPDATE: Count=196592 Max=10747.90 Min=7.43 Avg=92.57 10=20.69 25=61.53 50=91.90 75=123.58 90=139.13 95=154.88 99=184.45 99.9=353.28 99.99=2050.05]
2025-04-19 12:00:44 66 sec: 407535 operations; [READ: Count=204206 Max=1842.17 Min=2.24 Avg=82.89 10=10.43 25=51.36 50=83.45 75=115.39 90=129.22 95=144.77 99=168.96 99.9=207.36 99.99=937.47] [UPDATE: Count=203329 Max=10747.90 Min=7.43 Avg=92.14 10=20.02 25=60.19 50=91.71 75=123.45 90=138.88 95=154.88 99=184.83 99.9=356.86 99.99=2142.21]
2025-04-19 12:00:45 67 sec: 424381 operations; [READ: Count=212501 Max=1842.17 Min=2.24 Avg=81.72 10=9.88 25=50.37 50=82.62 75=114.75 90=128.70 95=144.00 99=168.83 99.9=212.61 99.99=993.79] [UPDATE: Count=211880 Max=10747.90 Min=7.43 Avg=91.00 10=19.38 25=58.88 50=90.69 75=122.81 90=138.37 95=154.24 99=184.96 99.9=383.23 99.99=2077.70]
2025-04-19 12:00:46 68 sec: 441642 operations; [READ: Count=221075 Max=1842.17 Min=2.24 Avg=80.59 10=9.44 25=49.66 50=81.79 75=114.11 90=128.13 95=143.23 99=168.70 99.9=219.78 99.99=956.93] [UPDATE: Count=220567 Max=10747.90 Min=7.43 Avg=89.84 10=18.78 25=58.05 50=89.79 75=122.11 90=137.73 95=153.60 99=184.96 99.9=387.33 99.99=2050.05]
2025-04-19 12:00:47 69 sec: 459112 operations; [READ: Count=229788 Max=1842.17 Min=2.20 Avg=79.52 10=8.99 25=48.19 50=80.96 75=113.34 90=127.61 95=142.59 99=168.83 99.9=304.89 99.99=1093.63] [UPDATE: Count=229324 Max=10747.90 Min=7.43 Avg=88.72 10=18.19 25=56.32 50=88.89 75=121.34 90=137.22 95=152.96 99=185.47 99.9=453.38 99.99=2050.05]
2025-04-19 12:00:48 70 sec: 478282 operations; [READ: Count=239265 Max=1842.17 Min=2.20 Avg=78.23 10=8.57 25=46.62 50=80.13 75=112.45 90=127.04 95=141.82 99=168.70 99.9=334.85 99.99=1143.81] [UPDATE: Count=239017 Max=10747.90 Min=7.43 Avg=87.39 10=17.60 25=54.53 50=88.00 75=120.38 90=136.45 95=152.19 99=185.34 99.9=487.42 99.99=2050.05]
2025-04-19 12:00:49 71 sec: 498474 operations; [READ: Count=249474 Max=1842.17 Min=2.20 Avg=76.88 10=8.19 25=45.41 50=79.30 75=111.42 90=126.46 95=140.67 99=168.19 99.9=332.03 99.99=1127.42] [UPDATE: Count=249000 Max=10747.90 Min=7.38 Avg=86.00 10=17.04 25=53.15 50=87.04 75=119.30 90=135.81 95=151.42 99=184.83 99.9=477.95 99.99=1985.54]
2025-04-19 12:00:50 72 sec: 517823 operations; [READ: Count=259211 Max=1842.17 Min=2.20 Avg=75.76 10=7.87 25=44.58 50=78.46 75=110.40 90=125.95 95=139.90 99=168.06 99.9=345.09 99.99=1127.42] [UPDATE: Count=258612 Max=10747.90 Min=7.38 Avg=84.84 10=16.57 25=52.16 50=86.14 75=118.33 90=135.29 95=150.66 99=184.83 99.9=486.91 99.99=1985.54]
2025-04-19 12:00:51 73 sec: 537252 operations; [READ: Count=268838 Max=1842.17 Min=2.20 Avg=74.73 10=7.58 25=43.90 50=77.63 75=109.31 90=125.50 95=139.13 99=167.94 99.9=357.38 99.99=1126.40] [UPDATE: Count=268414 Max=10747.90 Min=7.38 Avg=83.74 10=16.16 25=51.33 50=85.25 75=117.18 90=134.66 95=150.01 99=184.83 99.9=492.03 99.99=1974.27]
2025-04-19 12:00:52 74 sec: 556401 operations; [READ: Count=278522 Max=1842.17 Min=2.20 Avg=73.80 10=7.32 25=43.36 50=76.80 75=108.16 90=124.99 95=138.37 99=167.81 99.9=374.01 99.99=1126.40] [UPDATE: Count=277879 Max=10747.90 Min=7.38 Avg=82.76 10=15.77 25=50.66 50=84.29 75=116.09 90=134.27 95=149.25 99=184.83 99.9=532.99 99.99=1901.57]
2025-04-19 12:00:53 75 sec: 574615 operations; [READ: Count=287721 Max=1842.17 Min=2.20 Avg=73.05 10=7.11 25=42.91 50=75.90 75=107.01 90=124.61 95=137.85 99=168.06 99.9=503.04 99.99=1126.40] [UPDATE: Count=286894 Max=10747.90 Min=7.38 Avg=81.99 10=15.43 25=50.14 50=83.33 75=115.01 90=133.76 95=148.74 99=185.34 99.9=619.52 99.99=1858.56]
2025-04-19 12:00:54 76 sec: 595708 operations; [READ: Count=298439 Max=1842.17 Min=2.20 Avg=71.96 10=6.91 25=42.43 50=74.75 75=105.60 90=124.16 95=136.83 99=167.42 99.9=485.12 99.99=1126.40] [UPDATE: Count=297269 Max=10747.90 Min=7.12 Avg=80.91 10=15.11 25=49.63 50=82.11 75=113.73 90=133.25 95=147.97 99=184.83 99.9=609.79 99.99=1847.30]
2025-04-19 12:00:55 77 sec: 616978 operations; [READ: Count=309186 Max=1842.17 Min=2.20 Avg=70.92 10=6.72 25=42.02 50=73.15 75=104.19 90=123.65 95=136.06 99=166.91 99.9=486.65 99.99=1126.40] [UPDATE: Count=307792 Max=10747.90 Min=7.12 Avg=79.88 10=14.82 25=49.15 50=80.51 75=112.45 90=132.74 95=147.07 99=184.45 99.9=610.30 99.99=1841.15]
2025-04-19 12:00:56 78 sec: 638186 operations; [READ: Count=319733 Max=1842.17 Min=2.20 Avg=70.00 10=6.58 25=41.70 50=71.04 75=102.97 90=123.26 95=135.29 99=166.66 99.9=485.12 99.99=1116.16] [UPDATE: Count=318453 Max=10747.90 Min=7.12 Avg=78.87 10=14.54 25=48.70 50=78.40 75=111.23 90=132.22 95=146.30 99=184.06 99.9=610.30 99.99=1787.90]
2025-04-19 12:00:57 79 sec: 659757 operations; [READ: Count=330440 Max=1842.17 Min=2.10 Avg=69.10 10=6.45 25=41.38 50=66.62 75=101.76 90=122.81 95=134.66 99=166.53 99.9=492.03 99.99=1116.16] [UPDATE: Count=329317 Max=10747.90 Min=7.12 Avg=77.90 10=14.29 25=48.32 50=74.56 75=110.02 90=131.71 95=145.66 99=183.94 99.9=602.62 99.99=1784.83]
2025-04-19 12:00:58 80 sec: 679603 operations; [READ: Count=340440 Max=1842.17 Min=2.10 Avg=68.43 10=6.33 25=41.09 50=57.95 75=100.67 90=122.50 95=134.14 99=166.78 99.9=601.09 99.99=1127.42] [UPDATE: Count=339163 Max=10747.90 Min=7.12 Avg=77.18 10=14.09 25=48.00 50=68.22 75=108.99 90=131.33 95=145.02 99=184.57 99.9=643.07 99.99=1783.81]
2025-04-19 12:00:59 81 sec: 702931 operations; [READ: Count=351962 Max=1842.17 Min=2.10 Avg=67.45 10=6.22 25=40.80 50=54.62 75=99.39 90=121.98 95=133.50 99=166.01 99.9=585.73 99.99=1127.42] [UPDATE: Count=350969 Max=10747.90 Min=7.12 Avg=76.12 10=13.87 25=47.62 50=64.03 75=107.78 90=130.81 95=144.25 99=183.68 99.9=633.34 99.99=1648.64]
2025-04-19 12:01:00 82 sec: 726510 operations; [READ: Count=363673 Max=1842.17 Min=2.10 Avg=66.50 10=6.13 25=40.48 50=52.58 75=98.24 90=121.53 95=132.74 99=165.50 99.9=571.90 99.99=1126.40] [UPDATE: Count=362837 Max=10747.90 Min=7.12 Avg=75.12 10=13.67 25=47.26 50=61.53 75=106.69 90=130.30 95=143.49 99=182.91 99.9=622.08 99.99=1648.64]
2025-04-19 12:01:01 83 sec: 749805 operations; [READ: Count=375224 Max=1842.17 Min=2.10 Avg=65.64 10=6.03 25=40.16 50=51.07 75=97.15 90=121.09 95=132.22 99=165.12 99.9=577.02 99.99=1126.40] [UPDATE: Count=374581 Max=10747.90 Min=7.12 Avg=74.20 10=13.50 25=46.94 50=59.77 75=105.60 90=129.79 95=142.85 99=182.14 99.9=621.05 99.99=1643.52]
2025-04-19 12:01:02 84 sec: 773489 operations; [READ: Count=387192 Max=1842.17 Min=2.10 Avg=64.79 10=5.93 25=39.87 50=49.92 75=96.06 90=120.70 95=131.58 99=164.86 99.9=567.81 99.99=1116.16] [UPDATE: Count=386297 Max=10747.90 Min=7.12 Avg=73.32 10=13.33 25=46.59 50=58.43 75=104.58 90=129.41 95=142.21 99=181.89 99.9=610.82 99.99=1607.68]
2025-04-19 12:01:03 85 sec: 793536 operations; [READ: Count=397273 Max=1842.17 Min=2.10 Avg=64.28 10=5.86 25=39.62 50=49.22 75=95.30 90=120.38 95=131.20 99=164.86 99.9=637.95 99.99=1256.45] [UPDATE: Count=396263 Max=10747.90 Min=7.12 Avg=72.83 10=13.20 25=46.34 50=57.50 75=103.74 90=129.02 95=141.82 99=182.53 99.9=692.22 99.99=1783.81]
2025-04-19 12:01:04 86 sec: 817984 operations; [READ: Count=409534 Max=1842.17 Min=2.10 Avg=63.43 10=5.77 25=39.30 50=48.51 75=94.27 90=119.94 95=130.62 99=164.48 99.9=626.17 99.99=1236.99] [UPDATE: Count=408450 Max=10747.90 Min=7.12 Avg=71.99 10=13.06 25=46.02 50=56.67 75=102.78 90=128.57 95=141.18 99=181.89 99.9=669.70 99.99=1782.78]
2025-04-19 12:01:05 87 sec: 842750 operations; [READ: Count=421911 Max=1842.17 Min=2.10 Avg=62.62 10=5.69 25=38.94 50=47.94 75=93.31 90=119.49 95=130.05 99=163.97 99.9=616.96 99.99=1230.85] [UPDATE: Count=420839 Max=10747.90 Min=7.12 Avg=71.15 10=12.91 25=45.66 50=55.94 75=101.89 90=128.13 95=140.54 99=181.25 99.9=662.01 99.99=1777.66]
2025-04-19 12:01:06 88 sec: 866220 operations; [READ: Count=433663 Max=1842.17 Min=2.10 Avg=61.96 10=5.62 25=38.62 50=47.49 75=92.48 90=119.10 95=129.66 99=163.84 99.9=617.98 99.99=1230.85] [UPDATE: Count=432557 Max=10747.90 Min=7.12 Avg=70.46 10=12.79 25=45.34 50=55.36 75=101.06 90=127.74 95=140.16 99=181.38 99.9=658.94 99.99=1777.66]
2025-04-19 12:01:07 89 sec: 889800 operations; [READ: Count=445350 Max=1842.17 Min=2.10 Avg=61.32 10=5.57 25=38.30 50=47.13 75=91.65 90=118.78 95=129.28 99=163.71 99.9=608.25 99.99=1222.65] [UPDATE: Count=444450 Max=10747.90 Min=6.79 Avg=69.81 10=12.70 25=45.02 50=54.94 75=100.29 90=127.36 95=139.65 99=181.38 99.9=649.73 99.99=1739.78]
2025-04-19 12:01:08 90 sec: 912060 operations; [READ: Count=456642 Max=1842.17 Min=2.08 Avg=60.79 10=5.54 25=37.98 50=46.88 75=91.01 90=118.46 95=128.96 99=163.71 99.9=604.16 99.99=1209.34] [UPDATE: Count=455418 Max=10747.90 Min=6.79 Avg=69.29 10=12.65 25=44.70 50=54.66 75=99.71 90=127.04 95=139.39 99=181.89 99.9=648.70 99.99=1700.86]
2025-04-19 12:01:09 91 sec: 935050 operations; [READ: Count=468071 Max=1842.17 Min=2.08 Avg=60.26 10=5.56 25=37.70 50=46.69 75=90.37 90=118.08 95=128.57 99=163.33 99.9=598.53 99.99=1209.34] [UPDATE: Count=466979 Max=10747.90 Min=6.79 Avg=68.73 10=12.62 25=44.41 50=54.40 75=99.14 90=126.66 95=138.88 99=181.25 99.9=640.51 99.99=1650.69]
2025-04-19 12:01:10 92 sec: 957118 operations; [READ: Count=479086 Max=1842.17 Min=2.08 Avg=59.80 10=5.58 25=37.41 50=46.59 75=89.79 90=117.76 95=128.25 99=162.81 99.9=587.77 99.99=1203.20] [UPDATE: Count=478032 Max=10747.90 Min=6.79 Avg=68.27 10=12.63 25=44.09 50=54.27 75=98.62 90=126.33 95=138.50 99=180.86 99.9=630.78 99.99=1648.64]
2025-04-19 12:01:11 93 sec: 978144 operations; [READ: Count=489528 Max=4952.06 Min=2.08 Avg=59.44 10=5.61 25=37.09 50=46.49 75=89.28 90=117.50 95=128.00 99=162.94 99.9=587.26 99.99=1203.20] [UPDATE: Count=488616 Max=10747.90 Min=6.79 Avg=67.89 10=12.64 25=43.77 50=54.11 75=98.11 90=126.08 95=138.24 99=181.25 99.9=628.22 99.99=1648.64]
2025-04-19 12:01:12 94 sec: 1000000 operations; [READ: Count=500657 Max=4952.06 Min=2.08 Avg=58.97 10=5.62 25=36.70 50=46.34 75=88.70 90=117.12 95=127.61 99=162.56 99.9=576.00 99.99=1201.15] [UPDATE: Count=499343 Max=10747.90 Min=6.79 Avg=67.42 10=12.63 25=43.39 50=53.92 75=97.66 90=125.76 95=137.85 99=180.74 99.9=621.05 99.99=1643.52]
2025-04-19 12:01:13 95 sec: 1000000 operations; [READ: Count=500657 Max=4952.06 Min=2.08 Avg=58.97 10=5.62 25=36.70 50=46.34 75=88.70 90=117.12 95=127.61 99=162.56 99.9=576.00 99.99=1201.15] [UPDATE: Count=499343 Max=10747.90 Min=6.79 Avg=67.42 10=12.63 25=43.39 50=53.92 75=97.66 90=125.76 95=137.85 99=180.74 99.9=621.05 99.99=1643.52]
2025-04-19 12:01:14 96 sec: 1000000 operations; [READ: Count=500657 Max=4952.06 Min=2.08 Avg=58.97 10=5.62 25=36.70 50=46.34 75=88.70 90=117.12 95=127.61 99=162.56 99.9=576.00 99.99=1201.15] [UPDATE: Count=499343 Max=10747.90 Min=6.79 Avg=67.42 10=12.63 25=43.39 50=53.92 75=97.66 90=125.76 95=137.85 99=180.74 99.9=621.05 99.99=1643.52]
2025-04-19 12:01:15 97 sec: 1000000 operations; [READ: Count=500657 Max=4952.06 Min=2.08 Avg=58.97 10=5.62 25=36.70 50=46.34 75=88.70 90=117.12 95=127.61 99=162.56 99.9=576.00 99.99=1201.15] [UPDATE: Count=499343 Max=10747.90 Min=6.79 Avg=67.42 10=12.63 25=43.39 50=53.92 75=97.66 90=125.76 95=137.85 99=180.74 99.9=621.05 99.99=1643.52]
2025-04-19 12:01:16 98 sec: 1000000 operations; [READ: Count=500657 Max=4952.06 Min=2.08 Avg=58.97 10=5.62 25=36.70 50=46.34 75=88.70 90=117.12 95=127.61 99=162.56 99.9=576.00 99.99=1201.15] [UPDATE: Count=499343 Max=10747.90 Min=6.79 Avg=67.42 10=12.63 25=43.39 50=53.92 75=97.66 90=125.76 95=137.85 99=180.74 99.9=621.05 99.99=1643.52]
2025-04-19 12:01:17 99 sec: 1000000 operations; [READ: Count=500657 Max=4952.06 Min=2.08 Avg=58.97 10=5.62 25=36.70 50=46.34 75=88.70 90=117.12 95=127.61 99=162.56 99.9=576.00 99.99=1201.15] [UPDATE: Count=499343 Max=10747.90 Min=6.79 Avg=67.42 10=12.63 25=43.39 50=53.92 75=97.66 90=125.76 95=137.85 99=180.74 99.9=621.05 99.99=1643.52]
2025-04-19 12:01:18 99 sec: 1000000 operations; [READ: Count=500657 Max=4952.06 Min=2.08 Avg=58.97 10=5.62 25=36.70 50=46.34 75=88.70 90=117.12 95=127.61 99=162.56 99.9=576.00 99.99=1201.15] [UPDATE: Count=499343 Max=10747.90 Min=6.79 Avg=67.42 10=12.63 25=43.39 50=53.92 75=97.66 90=125.76 95=137.85 99=180.74 99.9=621.05 99.99=1643.52]
Run runtime(sec): 99.4637
Run operations(ops): 1000000
Run throughput(ops/sec): 10053.9
