Running scope as unit: run-raf77e315c2f34e1a88e214c231c58673.scope
load file:/home/user/DataFiles/silesia_data/silesia.tar
2025-04-19 11:59:39 0 sec: 0 operations;
2025-04-19 11:59:40 1 sec: 0 operations;
2025-04-19 11:59:41 2 sec: 0 operations;
2025-04-19 11:59:42 3 sec: 0 operations;
2025-04-19 11:59:43 4 sec: 0 operations;
2025-04-19 11:59:44 5 sec: 0 operations;
2025-04-19 11:59:45 6 sec: 0 operations;
2025-04-19 11:59:46 7 sec: 0 operations;
2025-04-19 11:59:47 8 sec: 0 operations;
2025-04-19 11:59:48 9 sec: 0 operations;
2025-04-19 11:59:49 10 sec: 0 operations;
2025-04-19 11:59:50 11 sec: 0 operations;
2025-04-19 11:59:51 12 sec: 0 operations;
2025-04-19 11:59:52 13 sec: 0 operations;
2025-04-19 11:59:53 14 sec: 0 operations;
2025-04-19 11:59:54 15 sec: 0 operations;
2025-04-19 11:59:55 16 sec: 0 operations;
2025-04-19 11:59:56 17 sec: 3032 operations; [READ: Count=1476 Max=347.65 Min=3.06 Avg=113.46 10=41.82 25=70.91 50=80.64 75=169.34 90=181.12 95=199.04 99=216.57 99.9=345.34 99.99=347.65] [UPDATE: Count=1556 Max=614.91 Min=9.46 Avg=123.16 10=47.84 25=77.18 50=92.54 75=177.66 90=190.97 95=207.36 99=223.87 99.9=397.82 99.99=614.91]
2025-04-19 11:59:57 18 sec: 11752 operations; [READ: Count=5881 Max=910.34 Min=2.74 Avg=111.01 10=40.19 25=70.33 50=80.45 75=168.45 90=180.86 95=197.89 99=217.73 99.9=314.11 99.99=621.05] [UPDATE: Count=5871 Max=887.29 Min=7.91 Avg=119.24 10=46.37 25=76.93 50=88.77 75=176.51 90=188.93 95=205.31 99=225.02 99.9=397.82 99.99=802.30]
2025-04-19 11:59:58 19 sec: 20702 operations; [READ: Count=10289 Max=910.34 Min=2.64 Avg=109.53 10=40.03 25=70.27 50=80.51 75=167.94 90=180.61 95=196.35 99=217.22 99.9=258.94 99.99=621.05] [UPDATE: Count=10413 Max=887.29 Min=6.92 Avg=117.16 10=45.89 25=76.80 50=88.45 75=175.74 90=188.41 95=204.16 99=225.02 99.9=304.13 99.99=802.30]
2025-04-19 11:59:59 20 sec: 29831 operations; [READ: Count=14862 Max=910.34 Min=2.54 Avg=108.28 10=39.87 25=70.14 50=80.45 75=167.17 90=179.84 95=194.30 99=215.55 99.9=249.73 99.99=621.05] [UPDATE: Count=14969 Max=887.29 Min=6.92 Avg=115.66 10=46.14 25=76.67 50=88.25 75=174.85 90=187.39 95=202.24 99=223.74 99.9=277.50 99.99=802.30]
2025-04-19 12:00:00 21 sec: 38617 operations; [READ: Count=19245 Max=910.34 Min=2.54 Avg=108.36 10=39.71 25=69.95 50=80.38 75=166.91 90=180.22 95=197.50 99=222.85 99.9=468.22 99.99=702.46] [UPDATE: Count=19372 Max=1315.84 Min=6.92 Avg=116.09 10=46.21 25=76.48 50=88.19 75=174.34 90=187.78 95=205.06 99=238.08 99.9=517.89 99.99=970.24]
2025-04-19 12:00:01 22 sec: 45235 operations; [READ: Count=22495 Max=3381.25 Min=2.54 Avg=113.15 10=39.65 25=69.89 50=80.51 75=166.66 90=180.74 95=200.32 99=328.19 99.9=1115.13 99.99=3362.82] [UPDATE: Count=22740 Max=10452.99 Min=6.92 Avg=122.44 10=46.08 25=76.42 50=88.13 75=173.95 90=188.54 95=208.90 99=445.18 99.9=1606.65 99.99=3508.22]
2025-04-19 12:00:02 23 sec: 54838 operations; [READ: Count=27262 Max=3381.25 Min=2.54 Avg=110.91 10=39.62 25=69.89 50=80.45 75=165.50 90=179.71 95=197.89 99=259.20 99.9=1062.91 99.99=3188.74] [UPDATE: Count=27576 Max=10452.99 Min=6.92 Avg=119.65 10=46.02 25=76.22 50=87.74 75=172.93 90=187.39 95=206.72 99=363.26 99.9=1494.02 99.99=3117.05]
2025-04-19 12:00:03 24 sec: 64583 operations; [READ: Count=32094 Max=3381.25 Min=2.54 Avg=108.85 10=39.45 25=69.63 50=80.25 75=164.35 90=179.07 95=195.46 99=239.87 99.9=1044.99 99.99=3188.74] [UPDATE: Count=32489 Max=10452.99 Min=6.92 Avg=117.68 10=45.95 25=76.09 50=87.87 75=172.03 90=186.62 95=204.54 99=291.33 99.9=1268.73 99.99=3117.05]
2025-04-19 12:00:04 25 sec: 74243 operations; [READ: Count=36861 Max=3381.25 Min=2.50 Avg=107.59 10=39.26 25=69.44 50=80.06 75=163.46 90=178.69 95=195.07 99=242.43 99.9=1021.44 99.99=2891.78] [UPDATE: Count=37382 Max=10452.99 Min=6.92 Avg=116.19 10=45.76 25=75.84 50=87.68 75=171.01 90=186.24 95=203.90 99=290.56 99.9=1140.73 99.99=3035.14]
2025-04-19 12:00:05 26 sec: 83557 operations; [READ: Count=41579 Max=3381.25 Min=2.50 Avg=107.00 10=39.13 25=69.25 50=80.00 75=162.18 90=178.43 95=195.07 99=258.43 99.9=1021.44 99.99=2891.78] [UPDATE: Count=41978 Max=10452.99 Min=6.92 Avg=115.63 10=45.66 25=75.71 50=87.61 75=169.85 90=185.98 95=203.78 99=318.72 99.9=1122.30 99.99=3035.14]
2025-04-19 12:00:06 27 sec: 92711 operations; [READ: Count=46177 Max=3381.25 Min=2.50 Avg=106.64 10=38.88 25=69.06 50=79.94 75=160.77 90=177.92 95=193.79 99=260.99 99.9=1127.42 99.99=2695.17] [UPDATE: Count=46534 Max=10452.99 Min=6.92 Avg=115.44 10=45.53 25=75.65 50=87.55 75=168.45 90=185.60 95=203.01 99=319.23 99.9=1553.41 99.99=3049.47]
2025-04-19 12:00:07 28 sec: 100752 operations; [READ: Count=50203 Max=3557.38 Min=2.50 Avg=107.49 10=38.85 25=69.06 50=80.06 75=159.23 90=177.79 95=192.90 99=274.94 99.9=1685.50 99.99=2938.88] [UPDATE: Count=50549 Max=15466.50 Min=6.92 Avg=116.61 10=45.44 25=75.58 50=87.55 75=166.78 90=185.34 95=202.50 99=342.53 99.9=1977.34 99.99=3502.08]
2025-04-19 12:00:08 29 sec: 111125 operations; [READ: Count=55315 Max=3557.38 Min=2.50 Avg=106.05 10=38.72 25=68.86 50=80.00 75=156.03 90=177.15 95=191.10 99=247.17 99.9=1614.85 99.99=2891.78] [UPDATE: Count=55810 Max=15466.50 Min=6.92 Avg=115.00 10=45.31 25=75.39 50=87.55 75=164.09 90=184.57 95=200.32 99=298.50 99.9=1855.49 99.99=3502.08]
2025-04-19 12:00:09 30 sec: 121369 operations; [READ: Count=60405 Max=3557.38 Min=2.50 Avg=104.87 10=38.53 25=68.61 50=79.94 75=151.04 90=176.90 95=190.08 99=246.53 99.9=1518.59 99.99=2891.78] [UPDATE: Count=60964 Max=15466.50 Min=6.92 Avg=113.87 10=45.15 25=75.20 50=87.55 75=159.62 90=184.19 95=199.17 99=297.47 99.9=1799.17 99.99=3502.08]
2025-04-19 12:00:10 31 sec: 131301 operations; [READ: Count=65322 Max=3557.38 Min=2.50 Avg=104.04 10=38.46 25=68.48 50=80.13 75=146.94 90=176.64 95=189.44 99=245.50 99.9=1499.13 99.99=2838.53] [UPDATE: Count=65979 Max=15466.50 Min=6.92 Avg=113.26 10=45.12 25=75.14 50=87.94 75=155.78 90=184.06 95=198.78 99=290.05 99.9=1737.73 99.99=3117.05]
2025-04-19 12:00:11 32 sec: 141446 operations; [READ: Count=70488 Max=3557.38 Min=2.50 Avg=103.31 10=38.37 25=68.35 50=80.38 75=143.87 90=176.38 95=188.67 99=244.35 99.9=1398.78 99.99=2838.53] [UPDATE: Count=70958 Max=15466.50 Min=6.92 Avg=112.46 10=45.05 25=75.01 50=88.13 75=152.32 90=183.81 95=198.01 99=283.39 99.9=1673.21 99.99=3502.08]
2025-04-19 12:00:12 33 sec: 150573 operations; [READ: Count=75093 Max=3557.38 Min=2.50 Avg=103.38 10=38.37 25=68.35 50=80.89 75=142.08 90=176.38 95=189.44 99=248.19 99.9=1387.52 99.99=2742.27] [UPDATE: Count=75480 Max=15466.50 Min=6.92 Avg=112.49 10=45.02 25=74.94 50=88.58 75=150.14 90=183.81 95=198.53 99=290.56 99.9=1654.78 99.99=3502.08]
2025-04-19 12:00:13 34 sec: 159520 operations; [READ: Count=79592 Max=3557.38 Min=2.50 Avg=103.54 10=38.40 25=68.35 50=81.73 75=141.57 90=176.64 95=191.49 99=248.45 99.9=1355.78 99.99=2742.27] [UPDATE: Count=79928 Max=15466.50 Min=6.92 Avg=112.65 10=45.02 25=74.88 50=89.53 75=149.89 90=184.06 95=200.57 99=283.39 99.9=1606.65 99.99=3502.08]
2025-04-19 12:00:14 35 sec: 168788 operations; [READ: Count=84234 Max=3557.38 Min=2.50 Avg=103.50 10=38.40 25=68.29 50=82.62 75=140.80 90=176.77 95=192.77 99=247.55 99.9=1304.58 99.99=2742.27] [UPDATE: Count=84554 Max=15466.50 Min=6.92 Avg=112.56 10=45.02 25=74.81 50=90.50 75=149.25 90=184.06 95=201.47 99=276.74 99.9=1594.37 99.99=3502.08]
2025-04-19 12:00:15 36 sec: 178672 operations; [READ: Count=89078 Max=3557.38 Min=2.50 Avg=102.93 10=38.27 25=68.03 50=82.69 75=139.26 90=176.38 95=192.00 99=247.04 99.9=1257.47 99.99=2695.17] [UPDATE: Count=89594 Max=15466.50 Min=6.92 Avg=112.28 10=44.86 25=74.50 50=90.62 75=147.58 90=183.81 95=201.09 99=283.39 99.9=1644.54 99.99=3117.05]
2025-04-19 12:00:16 37 sec: 189392 operations; [READ: Count=94392 Max=3557.38 Min=2.50 Avg=102.02 10=38.27 25=65.79 50=82.88 75=137.85 90=176.00 95=191.49 99=244.86 99.9=1211.39 99.99=2695.17] [UPDATE: Count=95000 Max=15466.50 Min=6.92 Avg=111.44 10=44.83 25=72.45 50=90.81 75=146.18 90=183.29 95=200.83 99=276.48 99.9=1606.65 99.99=3117.05]
2025-04-19 12:00:17 38 sec: 201154 operations; [READ: Count=100260 Max=3557.38 Min=2.50 Avg=100.64 10=38.17 25=56.99 50=82.37 75=134.66 90=175.10 95=190.08 99=245.76 99.9=1171.45 99.99=2529.28] [UPDATE: Count=100894 Max=15466.50 Min=6.92 Avg=110.17 10=44.83 25=66.24 50=90.24 75=143.36 90=182.53 95=199.42 99=279.81 99.9=1596.41 99.99=3502.08]
2025-04-19 12:00:18 39 sec: 214076 operations; [READ: Count=106670 Max=3557.38 Min=2.50 Avg=98.94 10=38.17 25=54.24 50=81.92 75=130.56 90=174.21 95=188.16 99=240.90 99.9=1127.42 99.99=2516.99] [UPDATE: Count=107406 Max=15466.50 Min=6.92 Avg=108.36 10=44.73 25=63.20 50=89.53 75=139.52 90=181.63 95=197.50 99=271.36 99.9=1553.41 99.99=3117.05]
2025-04-19 12:00:19 40 sec: 228207 operations; [READ: Count=113755 Max=3557.38 Min=2.43 Avg=96.84 10=37.89 25=52.32 50=81.02 75=124.86 90=173.18 95=186.62 99=237.44 99.9=1084.41 99.99=2516.99] [UPDATE: Count=114452 Max=15466.50 Min=6.92 Avg=106.28 10=44.35 25=60.99 50=88.64 75=134.01 90=180.74 95=195.58 99=263.94 99.9=1492.99 99.99=3254.27]
2025-04-19 12:00:20 41 sec: 243238 operations; [READ: Count=121152 Max=3557.38 Min=2.43 Avg=94.66 10=37.47 25=50.34 50=80.00 75=120.45 90=172.16 95=184.96 99=234.88 99.9=1058.82 99.99=2467.84] [UPDATE: Count=122086 Max=15466.50 Min=6.92 Avg=104.04 10=43.90 25=58.72 50=87.55 75=128.96 90=179.71 95=193.92 99=259.58 99.9=1458.17 99.99=3117.05]
2025-04-19 12:00:21 42 sec: 258332 operations; [READ: Count=128730 Max=3557.38 Min=2.43 Avg=92.73 10=37.02 25=49.15 50=79.30 75=117.69 90=171.01 95=183.68 99=231.55 99.9=1041.41 99.99=2449.41] [UPDATE: Count=129602 Max=15466.50 Min=6.92 Avg=102.01 10=43.52 25=57.34 50=86.72 75=125.69 90=178.69 95=192.51 99=254.34 99.9=1332.22 99.99=3117.05]
2025-04-19 12:00:22 43 sec: 273362 operations; [READ: Count=136237 Max=3557.38 Min=2.30 Avg=90.94 10=36.45 25=47.97 50=78.66 75=115.26 90=169.98 95=182.66 99=230.14 99.9=1032.70 99.99=2447.36] [UPDATE: Count=137125 Max=15466.50 Min=6.92 Avg=100.33 10=42.94 25=56.00 50=85.95 75=123.20 90=177.79 95=191.36 99=253.95 99.9=1290.24 99.99=3117.05]
2025-04-19 12:00:23 44 sec: 289718 operations; [READ: Count=144391 Max=3557.38 Min=2.30 Avg=88.98 10=35.77 25=46.91 50=77.95 75=112.83 90=168.83 95=181.63 99=226.30 99.9=1000.96 99.99=2447.36] [UPDATE: Count=145327 Max=15466.50 Min=6.92 Avg=98.31 10=42.17 25=54.81 50=85.18 75=120.83 90=176.64 95=189.95 99=247.68 99.9=1235.97 99.99=3117.05]
2025-04-19 12:00:24 45 sec: 306189 operations; [READ: Count=152602 Max=3557.38 Min=2.30 Avg=87.19 10=35.01 25=46.08 50=77.31 75=110.46 90=167.55 95=180.61 99=223.62 99.9=970.75 99.99=2392.06] [UPDATE: Count=153587 Max=15466.50 Min=6.92 Avg=96.48 10=41.31 25=53.92 50=84.48 75=118.66 90=175.49 95=188.80 99=243.84 99.9=1200.13 99.99=3117.05]
2025-04-19 12:00:25 46 sec: 322423 operations; [READ: Count=160687 Max=3557.38 Min=2.30 Avg=85.64 10=33.79 25=45.60 50=76.80 75=108.16 90=166.27 95=179.58 99=221.82 99.9=952.83 99.99=2390.01] [UPDATE: Count=161736 Max=15466.50 Min=6.92 Avg=94.90 10=39.87 25=53.34 50=83.84 75=116.61 90=174.34 95=187.90 99=241.15 99.9=1148.93 99.99=3117.05]
2025-04-19 12:00:26 47 sec: 337990 operations; [READ: Count=168476 Max=3557.38 Min=2.30 Avg=84.39 10=31.55 25=45.31 50=76.35 75=105.92 90=164.86 95=178.81 99=220.54 99.9=943.10 99.99=2363.39] [UPDATE: Count=169514 Max=15466.50 Min=6.92 Avg=93.68 10=37.76 25=53.12 50=83.33 75=114.75 90=173.06 95=187.01 99=238.21 99.9=1100.80 99.99=3049.47]
2025-04-19 12:00:27 48 sec: 354495 operations; [READ: Count=176819 Max=3557.38 Min=2.28 Avg=83.04 10=14.32 25=44.90 50=75.78 75=103.61 90=163.46 95=178.05 99=219.01 99.9=940.03 99.99=2349.05] [UPDATE: Count=177676 Max=15466.50 Min=6.92 Avg=92.31 10=25.42 25=52.64 50=82.75 75=112.77 90=171.65 95=186.11 99=235.52 99.9=1082.37 99.99=3045.38]
2025-04-19 12:00:28 49 sec: 371338 operations; [READ: Count=185193 Max=3557.38 Min=2.28 Avg=81.74 10=11.91 25=44.51 50=75.20 75=101.38 90=161.53 95=177.28 99=217.73 99.9=918.53 99.99=2338.82] [UPDATE: Count=186145 Max=15466.50 Min=6.92 Avg=90.98 10=22.69 25=52.26 50=82.17 75=110.72 90=170.11 95=185.22 99=232.96 99.9=1054.72 99.99=3035.14]
2025-04-19 12:00:29 50 sec: 388624 operations; [READ: Count=193883 Max=3557.38 Min=2.28 Avg=80.43 10=10.78 25=44.19 50=74.62 75=99.14 90=159.23 95=176.51 99=216.70 99.9=910.34 99.99=2338.82] [UPDATE: Count=194741 Max=15466.50 Min=6.92 Avg=89.69 10=21.02 25=51.87 50=81.53 75=108.73 90=168.19 95=184.32 99=230.53 99.9=1018.88 99.99=3035.14]
2025-04-19 12:00:30 51 sec: 406003 operations; [READ: Count=202597 Max=3557.38 Min=2.28 Avg=79.23 10=10.04 25=43.87 50=74.05 75=97.15 90=156.54 95=175.74 99=215.55 99.9=904.19 99.99=2308.09] [UPDATE: Count=203406 Max=15466.50 Min=6.92 Avg=88.47 10=20.00 25=51.52 50=80.96 75=106.81 90=165.76 95=183.55 99=228.99 99.9=1000.96 99.99=3016.70]
2025-04-19 12:00:31 52 sec: 421448 operations; [READ: Count=210282 Max=3557.38 Min=2.28 Avg=78.51 10=9.61 25=43.84 50=73.53 75=96.77 90=153.98 95=175.10 99=214.66 99.9=892.41 99.99=2293.76] [UPDATE: Count=211166 Max=15466.50 Min=6.92 Avg=87.72 10=19.33 25=51.49 50=80.38 75=106.24 90=163.46 95=182.91 99=227.58 99.9=982.01 99.99=2994.18]
2025-04-19 12:00:32 53 sec: 436521 operations; [READ: Count=217883 Max=3557.38 Min=2.28 Avg=77.89 10=9.29 25=43.87 50=73.02 75=96.51 90=151.42 95=174.46 99=213.76 99.9=883.20 99.99=2238.46] [UPDATE: Count=218638 Max=15466.50 Min=6.92 Avg=87.12 10=18.98 25=51.52 50=79.81 75=105.92 90=161.41 95=182.40 99=226.56 99.9=970.24 99.99=2945.02]
2025-04-19 12:00:33 54 sec: 451182 operations; [READ: Count=225302 Max=3557.38 Min=2.28 Avg=77.37 10=9.08 25=43.90 50=72.45 75=96.45 90=149.25 95=173.95 99=213.12 99.9=882.69 99.99=2238.46] [UPDATE: Count=225880 Max=15466.50 Min=6.92 Avg=86.66 10=18.73 25=51.55 50=79.30 75=105.86 90=159.10 95=181.89 99=225.79 99.9=969.22 99.99=2942.97]
2025-04-19 12:00:34 55 sec: 466471 operations; [READ: Count=232908 Max=3557.38 Min=2.28 Avg=76.78 10=8.85 25=43.94 50=71.81 75=96.19 90=147.20 95=173.44 99=212.48 99.9=871.93 99.99=2238.46] [UPDATE: Count=233563 Max=15466.50 Min=6.92 Avg=86.09 10=18.41 25=51.58 50=78.66 75=105.60 90=157.06 95=181.38 99=224.77 99.9=953.86 99.99=2942.97]
2025-04-19 12:00:35 56 sec: 481851 operations; [READ: Count=240635 Max=3557.38 Min=2.28 Avg=76.21 10=8.65 25=43.94 50=71.04 75=96.06 90=145.66 95=172.80 99=211.71 99.9=860.67 99.99=2238.46] [UPDATE: Count=241216 Max=15466.50 Min=6.92 Avg=85.55 10=18.18 25=51.62 50=77.95 75=105.47 90=155.01 95=180.74 99=223.87 99.9=947.20 99.99=2879.49]
2025-04-19 12:00:36 57 sec: 497248 operations; [READ: Count=248322 Max=3557.38 Min=2.28 Avg=75.68 10=8.49 25=43.94 50=70.08 75=95.94 90=144.13 95=172.29 99=211.07 99.9=857.60 99.99=2215.93] [UPDATE: Count=248926 Max=15466.50 Min=6.92 Avg=85.04 10=17.97 25=51.62 50=77.18 75=105.28 90=153.34 95=180.22 99=222.85 99.9=933.89 99.99=2873.34]
2025-04-19 12:00:37 58 sec: 512791 operations; [READ: Count=256206 Max=3557.38 Min=2.28 Avg=75.13 10=8.35 25=43.94 50=68.93 75=95.81 90=142.59 95=171.78 99=210.43 99.9=845.31 99.99=2211.84] [UPDATE: Count=256585 Max=15466.50 Min=6.92 Avg=84.56 10=17.76 25=51.62 50=76.29 75=105.22 90=151.94 95=179.71 99=222.21 99.9=923.65 99.99=2795.52]
2025-04-19 12:00:38 59 sec: 528355 operations; [READ: Count=263948 Max=3557.38 Min=2.28 Avg=74.63 10=8.22 25=43.90 50=67.26 75=95.68 90=141.18 95=171.13 99=209.79 99.9=833.02 99.99=2203.65] [UPDATE: Count=264407 Max=15466.50 Min=6.92 Avg=84.09 10=17.60 25=51.62 50=75.20 75=105.09 90=150.66 95=179.20 99=221.44 99.9=918.01 99.99=2795.52]
2025-04-19 12:00:39 60 sec: 544156 operations; [READ: Count=271907 Max=3557.38 Min=2.28 Avg=74.12 10=8.12 25=43.87 50=64.70 75=95.61 90=140.03 95=170.62 99=209.15 99.9=825.34 99.99=2203.65] [UPDATE: Count=272249 Max=15466.50 Min=6.92 Avg=83.61 10=17.44 25=51.58 50=73.98 75=104.96 90=149.38 95=178.69 99=220.80 99.9=905.22 99.99=2787.33]
2025-04-19 12:00:40 61 sec: 559836 operations; [READ: Count=279701 Max=3557.38 Min=2.28 Avg=73.67 10=8.02 25=43.84 50=62.17 75=95.55 90=138.75 95=170.11 99=208.64 99.9=809.98 99.99=2197.50] [UPDATE: Count=280135 Max=15466.50 Min=6.92 Avg=83.16 10=17.30 25=51.52 50=72.83 75=104.89 90=148.22 95=178.18 99=220.03 99.9=900.10 99.99=2695.17]
2025-04-19 12:00:41 62 sec: 575730 operations; [READ: Count=287617 Max=3557.38 Min=2.28 Avg=73.22 10=7.93 25=43.81 50=60.64 75=95.49 90=137.47 95=169.47 99=208.00 99.9=805.89 99.99=2154.49] [UPDATE: Count=288113 Max=15466.50 Min=6.92 Avg=82.71 10=17.17 25=51.49 50=71.61 75=104.83 90=146.94 95=177.66 99=219.39 99.9=890.37 99.99=2666.49]
2025-04-19 12:00:42 63 sec: 591538 operations; [READ: Count=295466 Max=3557.38 Min=2.28 Avg=72.79 10=7.86 25=43.74 50=59.68 75=95.49 90=136.19 95=168.83 99=207.36 99.9=799.74 99.99=2150.40] [UPDATE: Count=296072 Max=15466.50 Min=6.92 Avg=82.30 10=17.04 25=51.42 50=70.72 75=104.77 90=145.79 95=177.15 99=219.01 99.9=875.52 99.99=2639.87]
2025-04-19 12:00:43 64 sec: 606897 operations; [READ: Count=303056 Max=3557.38 Min=2.28 Avg=72.41 10=7.80 25=43.71 50=59.10 75=95.49 90=135.04 95=168.32 99=206.85 99.9=796.67 99.99=2150.40] [UPDATE: Count=303841 Max=15466.50 Min=6.92 Avg=81.99 10=16.96 25=51.39 50=70.08 75=104.77 90=144.77 95=176.77 99=218.75 99.9=870.91 99.99=2639.87]
2025-04-19 12:00:44 65 sec: 622860 operations; [READ: Count=311092 Max=3557.38 Min=2.28 Avg=71.99 10=7.74 25=43.62 50=58.59 75=95.42 90=133.63 95=167.68 99=206.34 99.9=789.50 99.99=2148.35] [UPDATE: Count=311768 Max=15466.50 Min=6.92 Avg=81.62 10=16.85 25=51.26 50=69.57 75=104.70 90=143.74 95=176.25 99=218.37 99.9=861.18 99.99=2639.87]
2025-04-19 12:00:45 66 sec: 641308 operations; [READ: Count=320286 Max=3557.38 Min=2.28 Avg=71.32 10=7.62 25=43.36 50=57.95 75=94.72 90=131.46 95=167.04 99=205.69 99.9=780.29 99.99=2131.97] [UPDATE: Count=321022 Max=15466.50 Min=6.92 Avg=80.95 10=16.59 25=50.94 50=68.67 75=104.06 90=141.95 95=175.62 99=217.85 99.9=853.50 99.99=2639.87]
2025-04-19 12:00:46 67 sec: 660493 operations; [READ: Count=329801 Max=3557.38 Min=2.28 Avg=70.62 10=7.47 25=43.04 50=57.31 75=94.02 90=128.83 95=166.27 99=205.06 99.9=766.98 99.99=2095.10] [UPDATE: Count=330692 Max=15466.50 Min=6.92 Avg=80.21 10=16.34 25=50.59 50=67.84 75=103.30 90=139.90 95=174.97 99=217.22 99.9=848.38 99.99=2621.44]
2025-04-19 12:00:47 68 sec: 680098 operations; [READ: Count=339521 Max=3557.38 Min=2.28 Avg=69.92 10=7.33 25=42.75 50=56.73 75=93.31 90=126.33 95=165.38 99=204.41 99.9=756.74 99.99=2064.38] [UPDATE: Count=340577 Max=15466.50 Min=6.92 Avg=79.46 10=16.03 25=50.21 50=67.07 75=102.46 90=137.60 95=174.34 99=216.70 99.9=834.05 99.99=2586.62]
2025-04-19 12:00:48 69 sec: 699002 operations; [READ: Count=349011 Max=3557.38 Min=2.28 Avg=69.31 10=7.20 25=42.49 50=56.26 75=92.73 90=124.35 95=164.61 99=203.78 99.9=749.05 99.99=2046.97] [UPDATE: Count=349991 Max=15466.50 Min=6.92 Avg=78.85 10=15.81 25=49.92 50=66.50 75=101.89 90=135.42 95=173.69 99=216.19 99.9=830.98 99.99=2586.62]
2025-04-19 12:00:49 70 sec: 718997 operations; [READ: Count=358953 Max=3557.38 Min=2.28 Avg=68.64 10=7.07 25=42.21 50=55.74 75=91.97 90=122.43 95=163.58 99=203.13 99.9=730.11 99.99=1999.87] [UPDATE: Count=360044 Max=15466.50 Min=6.92 Avg=78.14 10=15.56 25=49.53 50=65.86 75=101.12 90=133.12 95=172.93 99=215.55 99.9=821.76 99.99=2580.48]
2025-04-19 12:00:50 71 sec: 739042 operations; [READ: Count=368964 Max=3557.38 Min=2.26 Avg=68.01 10=6.96 25=41.92 50=55.33 75=91.20 90=120.89 95=162.56 99=202.37 99.9=721.41 99.99=1935.36] [UPDATE: Count=370078 Max=15466.50 Min=6.92 Avg=77.46 10=15.35 25=49.18 50=65.22 75=100.29 90=131.33 95=172.03 99=214.91 99.9=811.52 99.99=2551.81]
2025-04-19 12:00:51 72 sec: 759337 operations; [READ: Count=379127 Max=3557.38 Min=2.26 Avg=67.38 10=6.85 25=41.66 50=54.91 75=90.56 90=119.74 95=161.41 99=201.73 99.9=713.73 99.99=1920.00] [UPDATE: Count=380210 Max=15466.50 Min=6.92 Avg=76.81 10=15.13 25=48.86 50=64.70 75=99.52 90=129.85 95=171.26 99=214.27 99.9=800.77 99.99=2539.52]
2025-04-19 12:00:52 73 sec: 779830 operations; [READ: Count=389421 Max=3557.38 Min=2.22 Avg=66.75 10=6.75 25=41.34 50=54.49 75=89.79 90=118.59 95=160.25 99=201.09 99.9=697.86 99.99=1906.69] [UPDATE: Count=390409 Max=15466.50 Min=6.92 Avg=76.18 10=14.94 25=48.58 50=64.22 75=98.75 90=128.51 95=170.37 99=213.76 99.9=796.16 99.99=2539.52]
2025-04-19 12:00:53 74 sec: 800339 operations; [READ: Count=399771 Max=3557.38 Min=2.22 Avg=66.16 10=6.66 25=41.09 50=54.11 75=89.15 90=117.57 95=158.85 99=200.45 99.9=690.17 99.99=1902.59] [UPDATE: Count=400568 Max=15466.50 Min=6.92 Avg=75.57 10=14.74 25=48.26 50=63.74 75=98.05 90=127.36 95=169.34 99=212.99 99.9=788.48 99.99=2519.04]
2025-04-19 12:00:54 75 sec: 821433 operations; [READ: Count=410253 Max=3557.38 Min=2.22 Avg=65.56 10=6.56 25=40.80 50=53.70 75=88.58 90=116.67 95=157.31 99=199.81 99.9=680.96 99.99=1895.42] [UPDATE: Count=411180 Max=15466.50 Min=6.92 Avg=74.93 10=14.56 25=47.94 50=63.26 75=97.34 90=126.27 95=168.32 99=212.48 99.9=777.73 99.99=2512.89]
2025-04-19 12:00:55 76 sec: 842516 operations; [READ: Count=420873 Max=3557.38 Min=2.22 Avg=65.00 10=6.48 25=40.51 50=53.34 75=88.06 90=115.78 95=155.65 99=199.04 99.9=662.53 99.99=1887.23] [UPDATE: Count=421643 Max=15466.50 Min=6.92 Avg=74.32 10=14.39 25=47.62 50=62.78 75=96.70 90=125.31 95=167.04 99=211.84 99.9=766.98 99.99=2506.75]
2025-04-19 12:00:56 77 sec: 863611 operations; [READ: Count=431449 Max=3557.38 Min=2.22 Avg=64.47 10=6.38 25=40.16 50=52.80 75=87.87 90=114.94 95=154.11 99=198.66 99.9=676.35 99.99=1871.87] [UPDATE: Count=432162 Max=15466.50 Min=6.92 Avg=73.73 10=14.21 25=47.20 50=62.14 75=96.45 90=124.48 95=165.89 99=211.58 99.9=766.46 99.99=2453.50]
2025-04-19 12:00:57 78 sec: 885883 operations; [READ: Count=442587 Max=3557.38 Min=2.22 Avg=63.86 10=6.30 25=39.81 50=52.22 75=87.61 90=114.11 95=152.57 99=198.01 99.9=659.46 99.99=1853.44] [UPDATE: Count=443296 Max=15466.50 Min=6.92 Avg=73.09 10=14.06 25=46.81 50=61.44 75=96.13 90=123.65 95=164.61 99=211.20 99.9=756.22 99.99=2453.50]
2025-04-19 12:00:58 79 sec: 905941 operations; [READ: Count=452604 Max=3557.38 Min=2.22 Avg=63.46 10=6.25 25=39.49 50=51.68 75=87.30 90=113.47 95=151.55 99=198.40 99.9=705.53 99.99=1839.10] [UPDATE: Count=453337 Max=15466.50 Min=6.92 Avg=72.64 10=13.96 25=46.46 50=60.80 75=95.74 90=123.07 95=163.58 99=211.33 99.9=776.70 99.99=2433.02]
2025-04-19 12:00:59 80 sec: 929019 operations; [READ: Count=464122 Max=3557.38 Min=2.22 Avg=62.84 10=6.25 25=39.13 50=51.23 75=86.91 90=112.77 95=149.89 99=197.63 99.9=696.32 99.99=1837.06] [UPDATE: Count=464897 Max=15466.50 Min=6.92 Avg=71.99 10=13.89 25=46.08 50=60.19 75=95.36 90=122.30 95=162.18 99=210.81 99.9=766.46 99.99=2433.02]
2025-04-19 12:01:00 81 sec: 953084 operations; [READ: Count=476201 Max=3557.38 Min=2.03 Avg=62.19 10=6.25 25=38.75 50=50.69 75=86.46 90=112.00 95=148.35 99=196.48 99.9=688.13 99.99=1828.86] [UPDATE: Count=476883 Max=15466.50 Min=6.92 Avg=71.30 10=13.82 25=45.66 50=59.55 75=94.85 90=121.53 95=160.64 99=210.05 99.9=756.22 99.99=2381.82]
2025-04-19 12:01:01 82 sec: 976806 operations; [READ: Count=488058 Max=3557.38 Min=2.03 Avg=61.60 10=6.25 25=38.34 50=50.21 75=86.02 90=111.30 95=147.20 99=195.97 99.9=687.10 99.99=1789.95] [UPDATE: Count=488748 Max=15466.50 Min=6.92 Avg=70.66 10=13.77 25=45.22 50=58.94 75=94.33 90=120.89 95=159.10 99=209.79 99.9=747.52 99.99=2377.73]
2025-04-19 12:01:02 83 sec: 1000000 operations; [READ: Count=499492 Max=3557.38 Min=2.03 Avg=61.04 10=6.26 25=37.92 50=49.85 75=85.57 90=110.72 95=146.05 99=195.20 99.9=676.35 99.99=1780.73] [UPDATE: Count=500508 Max=15466.50 Min=6.63 Avg=70.02 10=13.72 25=44.73 50=58.43 75=93.82 90=120.25 95=157.69 99=209.02 99.9=742.40 99.99=2371.58]
2025-04-19 12:01:03 84 sec: 1000000 operations; [READ: Count=499492 Max=3557.38 Min=2.03 Avg=61.04 10=6.26 25=37.92 50=49.85 75=85.57 90=110.72 95=146.05 99=195.20 99.9=676.35 99.99=1780.73] [UPDATE: Count=500508 Max=15466.50 Min=6.63 Avg=70.02 10=13.72 25=44.73 50=58.43 75=93.82 90=120.25 95=157.69 99=209.02 99.9=742.40 99.99=2371.58]
2025-04-19 12:01:04 85 sec: 1000000 operations; [READ: Count=499492 Max=3557.38 Min=2.03 Avg=61.04 10=6.26 25=37.92 50=49.85 75=85.57 90=110.72 95=146.05 99=195.20 99.9=676.35 99.99=1780.73] [UPDATE: Count=500508 Max=15466.50 Min=6.63 Avg=70.02 10=13.72 25=44.73 50=58.43 75=93.82 90=120.25 95=157.69 99=209.02 99.9=742.40 99.99=2371.58]
2025-04-19 12:01:05 86 sec: 1000000 operations; [READ: Count=499492 Max=3557.38 Min=2.03 Avg=61.04 10=6.26 25=37.92 50=49.85 75=85.57 90=110.72 95=146.05 99=195.20 99.9=676.35 99.99=1780.73] [UPDATE: Count=500508 Max=15466.50 Min=6.63 Avg=70.02 10=13.72 25=44.73 50=58.43 75=93.82 90=120.25 95=157.69 99=209.02 99.9=742.40 99.99=2371.58]
2025-04-19 12:01:06 87 sec: 1000000 operations; [READ: Count=499492 Max=3557.38 Min=2.03 Avg=61.04 10=6.26 25=37.92 50=49.85 75=85.57 90=110.72 95=146.05 99=195.20 99.9=676.35 99.99=1780.73] [UPDATE: Count=500508 Max=15466.50 Min=6.63 Avg=70.02 10=13.72 25=44.73 50=58.43 75=93.82 90=120.25 95=157.69 99=209.02 99.9=742.40 99.99=2371.58]
2025-04-19 12:01:07 88 sec: 1000000 operations; [READ: Count=499492 Max=3557.38 Min=2.03 Avg=61.04 10=6.26 25=37.92 50=49.85 75=85.57 90=110.72 95=146.05 99=195.20 99.9=676.35 99.99=1780.73] [UPDATE: Count=500508 Max=15466.50 Min=6.63 Avg=70.02 10=13.72 25=44.73 50=58.43 75=93.82 90=120.25 95=157.69 99=209.02 99.9=742.40 99.99=2371.58]
2025-04-19 12:01:08 88 sec: 1000000 operations; [READ: Count=499492 Max=3557.38 Min=2.03 Avg=61.04 10=6.26 25=37.92 50=49.85 75=85.57 90=110.72 95=146.05 99=195.20 99.9=676.35 99.99=1780.73] [UPDATE: Count=500508 Max=15466.50 Min=6.63 Avg=70.02 10=13.72 25=44.73 50=58.43 75=93.82 90=120.25 95=157.69 99=209.02 99.9=742.40 99.99=2371.58]
Run runtime(sec): 88.5511
Run operations(ops): 1000000
Run throughput(ops/sec): 11292.9
