Running scope as unit: run-r7120c187f55c42c9a7a6cf3322abff75.scope
load file:/home/user/DataFiles/silesia_data/silesia.tar
2025-04-23 02:47:45 0 sec: 0 operations;
2025-04-23 02:47:46 1 sec: 44236 operations; [INSERT: Count=44236 Max=5955.58 Min=4.13 Avg=18.70 10=9.53 25=12.02 50=16.43 75=23.12 90=30.29 95=35.01 99=45.25 99.9=64.67 99.99=236.93]
2025-04-23 02:47:47 2 sec: 89384 operations; [INSERT: Count=89384 Max=5955.58 Min=4.13 Avg=18.78 10=9.89 25=12.34 50=16.62 75=23.20 90=30.18 95=34.62 99=44.77 99.9=61.73 99.99=233.60]
2025-04-23 02:47:48 3 sec: 135657 operations; [INSERT: Count=135657 Max=5955.58 Min=4.13 Avg=18.62 10=10.00 25=12.37 50=16.51 75=22.91 90=29.65 95=34.11 99=43.90 99.9=61.73 99.99=230.66]
2025-04-23 02:47:49 4 sec: 183402 operations; [INSERT: Count=183402 Max=5955.58 Min=4.13 Avg=18.36 10=10.00 25=12.30 50=16.32 75=22.54 90=29.07 95=33.41 99=42.98 99.9=61.34 99.99=230.53]
2025-04-23 02:47:50 5 sec: 231701 operations; [INSERT: Count=231701 Max=5955.58 Min=4.13 Avg=18.16 10=10.01 25=12.26 50=16.15 75=22.21 90=28.56 95=32.80 99=42.17 99.9=61.53 99.99=236.41]
2025-04-23 02:47:51 6 sec: 281517 operations; [INSERT: Count=281517 Max=8445.95 Min=4.13 Avg=17.91 10=9.94 25=12.13 50=15.89 75=21.79 90=28.03 95=32.22 99=41.79 99.9=66.56 99.99=234.88]
2025-04-23 02:47:52 7 sec: 332048 operations; [INSERT: Count=332048 Max=8445.95 Min=4.13 Avg=17.69 10=9.93 25=12.06 50=15.73 75=21.47 90=27.55 95=31.63 99=41.02 99.9=65.73 99.99=232.83]
2025-04-23 02:47:53 8 sec: 382547 operations; [INSERT: Count=382547 Max=8445.95 Min=4.13 Avg=17.53 10=9.93 25=12.02 50=15.62 75=21.23 90=27.17 95=31.18 99=40.48 99.9=64.32 99.99=232.06]
2025-04-23 02:47:54 9 sec: 432098 operations; [INSERT: Count=432098 Max=8445.95 Min=4.13 Avg=17.45 10=9.94 25=12.02 50=15.58 75=21.10 90=26.96 95=30.88 99=40.06 99.9=63.49 99.99=236.93]
2025-04-23 02:47:55 10 sec: 477389 operations; [INSERT: Count=477389 Max=8445.95 Min=4.13 Avg=17.58 10=9.96 25=12.06 50=15.67 75=21.26 90=27.21 95=31.23 99=40.54 99.9=62.88 99.99=248.06]
2025-04-23 02:47:56 11 sec: 523435 operations; [INSERT: Count=523435 Max=8445.95 Min=4.13 Avg=17.65 10=9.93 25=12.05 50=15.70 75=21.34 90=27.42 95=31.52 99=41.25 99.9=72.70 99.99=261.12]
2025-04-23 02:47:57 12 sec: 570614 operations; [INSERT: Count=570614 Max=8445.95 Min=4.13 Avg=17.67 10=9.90 25=12.05 50=15.72 75=21.39 90=27.49 95=31.61 99=41.34 99.9=70.14 99.99=288.51]
2025-04-23 02:47:58 13 sec: 617676 operations; [INSERT: Count=617676 Max=8445.95 Min=4.13 Avg=17.69 10=9.89 25=12.05 50=15.73 75=21.42 90=27.55 95=31.68 99=41.41 99.9=68.80 99.99=306.69]
2025-04-23 02:47:59 14 sec: 661650 operations; [INSERT: Count=661650 Max=8445.95 Min=4.13 Avg=17.79 10=9.90 25=12.08 50=15.81 75=21.55 90=27.74 95=31.95 99=41.89 99.9=68.80 99.99=336.64]
2025-04-23 02:48:00 15 sec: 705344 operations; [INSERT: Count=705344 Max=8445.95 Min=4.13 Avg=17.89 10=9.93 25=12.12 50=15.90 75=21.70 90=27.95 95=32.22 99=42.40 99.9=67.90 99.99=337.15]
2025-04-23 02:48:01 16 sec: 738169 operations; [INSERT: Count=738169 Max=8445.95 Min=4.13 Avg=18.28 10=9.98 25=12.22 50=16.12 75=22.08 90=28.69 95=33.47 99=46.14 99.9=85.63 99.99=338.94]
2025-04-23 02:48:02 17 sec: 770324 operations; [INSERT: Count=770324 Max=24248.32 Min=4.13 Avg=18.64 10=10.05 25=12.32 50=16.30 75=22.41 90=29.28 95=34.40 99=48.67 99.9=94.72 99.99=363.77]
2025-04-23 02:48:03 18 sec: 800852 operations; [INSERT: Count=800852 Max=38633.47 Min=4.13 Avg=19.00 10=10.09 25=12.38 50=16.41 75=22.59 90=29.70 95=35.20 99=52.03 99.9=111.17 99.99=399.10]
2025-04-23 02:48:04 19 sec: 838011 operations; [INSERT: Count=838011 Max=38633.47 Min=4.13 Avg=19.20 10=10.06 25=12.34 50=16.34 75=22.57 90=29.89 95=35.81 99=56.00 99.9=125.76 99.99=415.49]
2025-04-23 02:48:05 20 sec: 883285 operations; [INSERT: Count=883285 Max=38633.47 Min=4.13 Avg=19.17 10=10.07 25=12.34 50=16.31 75=22.50 90=29.77 95=35.68 99=56.73 99.9=127.30 99.99=438.01]
2025-04-23 02:48:06 21 sec: 933824 operations; [INSERT: Count=933824 Max=38633.47 Min=4.13 Avg=19.02 10=9.97 25=12.23 50=16.18 75=22.30 90=29.54 95=35.42 99=57.09 99.9=128.70 99.99=443.90]
2025-04-23 02:48:07 22 sec: 995187 operations; [INSERT: Count=995187 Max=38633.47 Min=4.13 Avg=18.65 10=9.60 25=11.89 50=15.78 75=21.87 90=29.14 95=35.04 99=57.18 99.9=134.66 99.99=452.35]
2025-04-23 02:48:08 23 sec: 1000000 operations; [INSERT: Count=1000000 Max=38633.47 Min=4.13 Avg=18.61 10=9.56 25=11.86 50=15.74 75=21.84 90=29.10 95=35.01 99=57.15 99.9=135.04 99.99=452.35]
2025-04-23 02:48:09 24 sec: 1000000 operations; [INSERT: Count=1000000 Max=38633.47 Min=4.13 Avg=18.61 10=9.56 25=11.86 50=15.74 75=21.84 90=29.10 95=35.01 99=57.15 99.9=135.04 99.99=452.35]
2025-04-23 02:48:10 25 sec: 1000000 operations; [INSERT: Count=1000000 Max=38633.47 Min=4.13 Avg=18.61 10=9.56 25=11.86 50=15.74 75=21.84 90=29.10 95=35.01 99=57.15 99.9=135.04 99.99=452.35]
2025-04-23 02:48:11 26 sec: 1000000 operations; [INSERT: Count=1000000 Max=38633.47 Min=4.13 Avg=18.61 10=9.56 25=11.86 50=15.74 75=21.84 90=29.10 95=35.01 99=57.15 99.9=135.04 99.99=452.35]
2025-04-23 02:48:12 27 sec: 1000000 operations; [INSERT: Count=1000000 Max=38633.47 Min=4.13 Avg=18.61 10=9.56 25=11.86 50=15.74 75=21.84 90=29.10 95=35.01 99=57.15 99.9=135.04 99.99=452.35]
2025-04-23 02:48:13 28 sec: 1000000 operations; [INSERT: Count=1000000 Max=38633.47 Min=4.13 Avg=18.61 10=9.56 25=11.86 50=15.74 75=21.84 90=29.10 95=35.01 99=57.15 99.9=135.04 99.99=452.35]
2025-04-23 02:48:14 29 sec: 1000000 operations; [INSERT: Count=1000000 Max=38633.47 Min=4.13 Avg=18.61 10=9.56 25=11.86 50=15.74 75=21.84 90=29.10 95=35.01 99=57.15 99.9=135.04 99.99=452.35]
2025-04-23 02:48:15 30 sec: 1000000 operations; [INSERT: Count=1000000 Max=38633.47 Min=4.13 Avg=18.61 10=9.56 25=11.86 50=15.74 75=21.84 90=29.10 95=35.01 99=57.15 99.9=135.04 99.99=452.35]
2025-04-23 02:48:16 31 sec: 1000000 operations; [INSERT: Count=1000000 Max=38633.47 Min=4.13 Avg=18.61 10=9.56 25=11.86 50=15.74 75=21.84 90=29.10 95=35.01 99=57.15 99.9=135.04 99.99=452.35]
2025-04-23 02:48:17 32 sec: 1000000 operations; [INSERT: Count=1000000 Max=38633.47 Min=4.13 Avg=18.61 10=9.56 25=11.86 50=15.74 75=21.84 90=29.10 95=35.01 99=57.15 99.9=135.04 99.99=452.35]
2025-04-23 02:48:18 33 sec: 1000000 operations; [INSERT: Count=1000000 Max=38633.47 Min=4.13 Avg=18.61 10=9.56 25=11.86 50=15.74 75=21.84 90=29.10 95=35.01 99=57.15 99.9=135.04 99.99=452.35]
2025-04-23 02:48:19 34 sec: 1000000 operations; [INSERT: Count=1000000 Max=38633.47 Min=4.13 Avg=18.61 10=9.56 25=11.86 50=15.74 75=21.84 90=29.10 95=35.01 99=57.15 99.9=135.04 99.99=452.35]
2025-04-23 02:48:20 35 sec: 1000000 operations; [INSERT: Count=1000000 Max=38633.47 Min=4.13 Avg=18.61 10=9.56 25=11.86 50=15.74 75=21.84 90=29.10 95=35.01 99=57.15 99.9=135.04 99.99=452.35]
2025-04-23 02:48:21 35 sec: 1000000 operations; [INSERT: Count=1000000 Max=38633.47 Min=4.13 Avg=18.61 10=9.56 25=11.86 50=15.74 75=21.84 90=29.10 95=35.01 99=57.15 99.9=135.04 99.99=452.35]
Load runtime(sec): 35.7247
Load operations(ops): 1000000
Load throughput(ops/sec): 27991.9
