Running scope as unit: run-r57242419638749688f4b981e608e030f.scope
load file:/home/user/DataFiles/silesia_data/silesia.tar
2025-04-23 02:47:45 0 sec: 0 operations;
2025-04-23 02:47:46 1 sec: 44919 operations; [INSERT: Count=44919 Max=5492.73 Min=4.52 Avg=18.16 10=9.57 25=11.86 50=15.93 75=22.38 90=29.10 95=33.57 99=43.52 99.9=60.03 99.99=229.38]
2025-04-23 02:47:47 2 sec: 91155 operations; [INSERT: Count=91155 Max=5492.73 Min=4.52 Avg=18.25 10=9.80 25=12.10 50=16.11 75=22.51 90=29.12 95=33.44 99=43.10 99.9=60.48 99.99=229.50]
2025-04-23 02:47:48 3 sec: 138400 operations; [INSERT: Count=138400 Max=5492.73 Min=4.52 Avg=18.12 10=9.87 25=12.11 50=16.03 75=22.29 90=28.70 95=32.96 99=42.14 99.9=60.90 99.99=229.38]
2025-04-23 02:47:49 4 sec: 186721 operations; [INSERT: Count=186721 Max=5492.73 Min=4.52 Avg=17.93 10=9.89 25=12.10 50=15.90 75=21.95 90=28.21 95=32.35 99=41.44 99.9=60.61 99.99=232.96]
2025-04-23 02:47:50 5 sec: 235850 operations; [INSERT: Count=235850 Max=5492.73 Min=4.52 Avg=17.74 10=9.90 25=12.04 50=15.78 75=21.68 90=27.79 95=31.82 99=40.86 99.9=59.94 99.99=235.65]
2025-04-23 02:47:51 6 sec: 283769 operations; [INSERT: Count=283769 Max=11476.99 Min=4.52 Avg=17.71 10=9.94 25=12.05 50=15.70 75=21.49 90=27.47 95=31.47 99=40.73 99.9=65.02 99.99=237.95]
2025-04-23 02:47:52 7 sec: 333293 operations; [INSERT: Count=333293 Max=11476.99 Min=4.52 Avg=17.59 10=9.97 25=12.06 50=15.65 75=21.28 90=27.17 95=31.05 99=40.09 99.9=63.07 99.99=235.65]
2025-04-23 02:47:53 8 sec: 382604 operations; [INSERT: Count=382604 Max=11476.99 Min=4.52 Avg=17.51 10=10.00 25=12.08 50=15.62 75=21.17 90=26.93 95=30.73 99=39.65 99.9=62.27 99.99=236.29]
2025-04-23 02:47:54 9 sec: 430921 operations; [INSERT: Count=430921 Max=11476.99 Min=4.52 Avg=17.50 10=10.05 25=12.13 50=15.64 75=21.14 90=26.83 95=30.59 99=39.36 99.9=61.50 99.99=239.87]
2025-04-23 02:47:55 10 sec: 474484 operations; [INSERT: Count=474484 Max=11476.99 Min=4.52 Avg=17.69 10=10.09 25=12.20 50=15.79 75=21.36 90=27.21 95=31.14 99=40.38 99.9=62.14 99.99=249.60]
2025-04-23 02:47:56 11 sec: 517766 operations; [INSERT: Count=517766 Max=11476.99 Min=4.52 Avg=17.85 10=10.08 25=12.22 50=15.88 75=21.54 90=27.54 95=31.65 99=41.60 99.9=82.75 99.99=260.22]
2025-04-23 02:47:57 12 sec: 563668 operations; [INSERT: Count=563668 Max=11476.99 Min=4.52 Avg=17.90 10=10.06 25=12.22 50=15.91 75=21.61 90=27.66 95=31.82 99=41.79 99.9=78.97 99.99=295.42]
2025-04-23 02:47:58 13 sec: 610521 operations; [INSERT: Count=610521 Max=11476.99 Min=4.52 Avg=17.90 10=10.05 25=12.21 50=15.93 75=21.65 90=27.73 95=31.87 99=41.79 99.9=75.84 99.99=315.90]
2025-04-23 02:47:59 14 sec: 656856 operations; [INSERT: Count=656856 Max=11476.99 Min=4.52 Avg=17.93 10=10.05 25=12.23 50=15.95 75=21.68 90=27.77 95=31.97 99=41.79 99.9=74.30 99.99=329.98]
2025-04-23 02:48:00 15 sec: 702142 operations; [INSERT: Count=702142 Max=11476.99 Min=4.52 Avg=17.98 10=10.07 25=12.26 50=16.01 75=21.76 90=27.90 95=32.11 99=41.95 99.9=71.30 99.99=334.08]
2025-04-23 02:48:01 16 sec: 736683 operations; [INSERT: Count=736683 Max=11476.99 Min=4.52 Avg=18.33 10=10.12 25=12.35 50=16.21 75=22.13 90=28.59 95=33.25 99=45.28 99.9=81.41 99.99=330.75]
2025-04-23 02:48:02 17 sec: 773544 operations; [INSERT: Count=773544 Max=11476.99 Min=4.52 Avg=18.59 10=10.18 25=12.44 50=16.36 75=22.37 90=29.04 95=33.92 99=46.98 99.9=88.06 99.99=367.36]
2025-04-23 02:48:03 18 sec: 807833 operations; [INSERT: Count=807833 Max=37224.45 Min=4.52 Avg=18.89 10=10.18 25=12.46 50=16.41 75=22.48 90=29.34 95=34.53 99=49.98 99.9=113.28 99.99=399.10]
2025-04-23 02:48:04 19 sec: 843934 operations; [INSERT: Count=843934 Max=37224.45 Min=4.52 Avg=19.12 10=10.16 25=12.41 50=16.34 75=22.46 90=29.52 95=35.07 99=53.98 99.9=129.09 99.99=412.42]
2025-04-23 02:48:05 20 sec: 888271 operations; [INSERT: Count=888271 Max=37224.45 Min=4.52 Avg=19.13 10=10.17 25=12.41 50=16.33 75=22.41 90=29.44 95=35.01 99=54.88 99.9=130.81 99.99=428.29]
2025-04-23 02:48:06 21 sec: 938900 operations; [INSERT: Count=938900 Max=37224.45 Min=4.41 Avg=18.98 10=10.05 25=12.30 50=16.19 75=22.22 90=29.23 95=34.78 99=55.36 99.9=131.33 99.99=448.51]
2025-04-23 02:48:07 22 sec: 999466 operations; [INSERT: Count=999466 Max=37224.45 Min=4.41 Avg=18.63 10=9.72 25=11.99 50=15.82 75=21.84 90=28.86 95=34.43 99=55.74 99.9=132.09 99.99=456.70]
2025-04-23 02:48:08 23 sec: 1000000 operations; [INSERT: Count=1000000 Max=37224.45 Min=4.41 Avg=18.63 10=9.71 25=11.98 50=15.82 75=21.82 90=28.86 95=34.43 99=55.74 99.9=132.22 99.99=456.70]
2025-04-23 02:48:09 24 sec: 1000000 operations; [INSERT: Count=1000000 Max=37224.45 Min=4.41 Avg=18.63 10=9.71 25=11.98 50=15.82 75=21.82 90=28.86 95=34.43 99=55.74 99.9=132.22 99.99=456.70]
2025-04-23 02:48:10 25 sec: 1000000 operations; [INSERT: Count=1000000 Max=37224.45 Min=4.41 Avg=18.63 10=9.71 25=11.98 50=15.82 75=21.82 90=28.86 95=34.43 99=55.74 99.9=132.22 99.99=456.70]
2025-04-23 02:48:11 26 sec: 1000000 operations; [INSERT: Count=1000000 Max=37224.45 Min=4.41 Avg=18.63 10=9.71 25=11.98 50=15.82 75=21.82 90=28.86 95=34.43 99=55.74 99.9=132.22 99.99=456.70]
2025-04-23 02:48:12 27 sec: 1000000 operations; [INSERT: Count=1000000 Max=37224.45 Min=4.41 Avg=18.63 10=9.71 25=11.98 50=15.82 75=21.82 90=28.86 95=34.43 99=55.74 99.9=132.22 99.99=456.70]
2025-04-23 02:48:13 28 sec: 1000000 operations; [INSERT: Count=1000000 Max=37224.45 Min=4.41 Avg=18.63 10=9.71 25=11.98 50=15.82 75=21.82 90=28.86 95=34.43 99=55.74 99.9=132.22 99.99=456.70]
2025-04-23 02:48:14 29 sec: 1000000 operations; [INSERT: Count=1000000 Max=37224.45 Min=4.41 Avg=18.63 10=9.71 25=11.98 50=15.82 75=21.82 90=28.86 95=34.43 99=55.74 99.9=132.22 99.99=456.70]
2025-04-23 02:48:15 30 sec: 1000000 operations; [INSERT: Count=1000000 Max=37224.45 Min=4.41 Avg=18.63 10=9.71 25=11.98 50=15.82 75=21.82 90=28.86 95=34.43 99=55.74 99.9=132.22 99.99=456.70]
2025-04-23 02:48:16 31 sec: 1000000 operations; [INSERT: Count=1000000 Max=37224.45 Min=4.41 Avg=18.63 10=9.71 25=11.98 50=15.82 75=21.82 90=28.86 95=34.43 99=55.74 99.9=132.22 99.99=456.70]
2025-04-23 02:48:17 32 sec: 1000000 operations; [INSERT: Count=1000000 Max=37224.45 Min=4.41 Avg=18.63 10=9.71 25=11.98 50=15.82 75=21.82 90=28.86 95=34.43 99=55.74 99.9=132.22 99.99=456.70]
2025-04-23 02:48:18 33 sec: 1000000 operations; [INSERT: Count=1000000 Max=37224.45 Min=4.41 Avg=18.63 10=9.71 25=11.98 50=15.82 75=21.82 90=28.86 95=34.43 99=55.74 99.9=132.22 99.99=456.70]
2025-04-23 02:48:19 34 sec: 1000000 operations; [INSERT: Count=1000000 Max=37224.45 Min=4.41 Avg=18.63 10=9.71 25=11.98 50=15.82 75=21.82 90=28.86 95=34.43 99=55.74 99.9=132.22 99.99=456.70]
2025-04-23 02:48:20 35 sec: 1000000 operations; [INSERT: Count=1000000 Max=37224.45 Min=4.41 Avg=18.63 10=9.71 25=11.98 50=15.82 75=21.82 90=28.86 95=34.43 99=55.74 99.9=132.22 99.99=456.70]
2025-04-23 02:48:21 35 sec: 1000000 operations; [INSERT: Count=1000000 Max=37224.45 Min=4.41 Avg=18.63 10=9.71 25=11.98 50=15.82 75=21.82 90=28.86 95=34.43 99=55.74 99.9=132.22 99.99=456.70]
Load runtime(sec): 35.7722
Load operations(ops): 1000000
Load throughput(ops/sec): 27954.7
