Running scope as unit: run-rc6832d057bd342259aa5069fc44d321a.scope
load file:/home/user/DataFiles/silesia_data/silesia.tar
2025-04-21 20:52:27 0 sec: 0 operations;
2025-04-21 20:52:28 1 sec: 34700 operations; [INSERT: Count=34700 Max=7196.67 Min=5.80 Avg=24.42 10=11.96 25=15.50 50=21.70 75=30.57 90=39.90 95=45.70 99=58.05 99.9=80.19 99.99=250.24]
2025-04-21 20:52:29 2 sec: 71984 operations; [INSERT: Count=71984 Max=7196.67 Min=5.37 Avg=23.94 10=11.90 25=15.28 50=21.38 75=30.02 90=39.07 95=44.73 99=56.90 99.9=76.86 99.99=225.92]
2025-04-21 20:52:30 3 sec: 108315 operations; [INSERT: Count=108315 Max=7196.67 Min=5.37 Avg=24.02 10=12.01 25=15.39 50=21.50 75=30.13 90=39.13 95=44.86 99=56.90 99.9=77.25 99.99=225.41]
2025-04-21 20:52:31 4 sec: 146019 operations; [INSERT: Count=146019 Max=7196.67 Min=5.37 Avg=23.79 10=11.96 25=15.29 50=21.28 75=29.84 90=38.72 95=44.38 99=56.35 99.9=78.53 99.99=223.49]
2025-04-21 20:52:32 5 sec: 183714 operations; [INSERT: Count=183714 Max=7196.67 Min=5.37 Avg=23.66 10=11.97 25=15.26 50=21.17 75=29.60 90=38.40 95=43.97 99=55.87 99.9=80.83 99.99=225.53]
2025-04-21 20:52:33 6 sec: 219988 operations; [INSERT: Count=219988 Max=12353.53 Min=5.37 Avg=23.74 10=11.99 25=15.29 50=21.20 75=29.65 90=38.43 95=44.03 99=55.97 99.9=84.16 99.99=224.38]
2025-04-21 20:52:34 7 sec: 256854 operations; [INSERT: Count=256854 Max=12353.53 Min=5.37 Avg=23.74 10=12.02 25=15.34 50=21.23 75=29.65 90=38.43 95=44.00 99=55.81 99.9=81.60 99.99=223.87]
2025-04-21 20:52:35 8 sec: 294833 operations; [INSERT: Count=294833 Max=12353.53 Min=5.37 Avg=23.64 10=12.02 25=15.31 50=21.17 75=29.50 90=38.21 95=43.81 99=55.52 99.9=80.19 99.99=224.13]
2025-04-21 20:52:36 9 sec: 326818 operations; [INSERT: Count=326818 Max=12353.53 Min=5.37 Avg=24.05 10=12.16 25=15.52 50=21.49 75=29.98 90=38.98 95=44.80 99=57.66 99.9=85.95 99.99=232.32]
2025-04-21 20:52:37 10 sec: 356251 operations; [INSERT: Count=356251 Max=12353.53 Min=5.37 Avg=24.59 10=12.30 25=15.76 50=21.89 75=30.64 90=40.00 95=46.34 99=60.41 99.9=90.94 99.99=242.30]
2025-04-21 20:52:38 11 sec: 382181 operations; [INSERT: Count=382181 Max=12705.79 Min=5.37 Avg=25.31 10=12.41 25=15.95 50=22.24 75=31.20 90=40.99 95=47.74 99=63.62 99.9=103.68 99.99=272.64]
2025-04-21 20:52:39 12 sec: 410553 operations; [INSERT: Count=410553 Max=12705.79 Min=5.37 Avg=25.76 10=12.46 25=16.05 50=22.41 75=31.58 90=41.70 95=48.83 99=66.56 99.9=120.19 99.99=293.38]
2025-04-21 20:52:40 13 sec: 442981 operations; [INSERT: Count=442981 Max=12705.79 Min=5.37 Avg=25.88 10=12.53 25=16.13 50=22.56 75=31.79 90=41.95 95=49.05 99=67.01 99.9=121.22 99.99=293.38]
2025-04-21 20:52:41 14 sec: 466538 operations; [INSERT: Count=466538 Max=12705.79 Min=5.37 Avg=26.55 10=12.63 25=16.34 50=22.99 75=32.56 90=43.33 95=51.23 99=71.61 99.9=123.07 99.99=300.54]
2025-04-21 20:52:42 15 sec: 490275 operations; [INSERT: Count=490275 Max=12705.79 Min=5.37 Avg=27.14 10=12.73 25=16.53 50=23.39 75=33.28 90=44.64 95=53.31 99=75.26 99.9=126.21 99.99=306.43]
2025-04-21 20:52:43 16 sec: 513468 operations; [INSERT: Count=513468 Max=12705.79 Min=5.37 Avg=27.71 10=12.82 25=16.70 50=23.73 75=33.89 90=45.82 95=55.17 99=78.91 99.9=139.13 99.99=325.12]
2025-04-21 20:52:44 17 sec: 538327 operations; [INSERT: Count=538327 Max=12705.79 Min=5.24 Avg=28.13 10=12.89 25=16.83 50=24.00 75=34.40 90=46.78 95=56.51 99=81.02 99.9=152.19 99.99=462.08]
2025-04-21 20:52:45 18 sec: 574634 operations; [INSERT: Count=574634 Max=12705.79 Min=5.24 Avg=27.88 10=12.72 25=16.62 50=23.74 75=34.08 90=46.37 95=56.00 99=80.51 99.9=155.90 99.99=809.47]
2025-04-21 20:52:46 19 sec: 611706 operations; [INSERT: Count=611706 Max=12705.79 Min=5.24 Avg=27.62 10=12.64 25=16.50 50=23.55 75=33.79 90=45.89 95=55.36 99=79.61 99.9=153.47 99.99=693.25]
2025-04-21 20:52:47 20 sec: 646793 operations; [INSERT: Count=646793 Max=12705.79 Min=5.24 Avg=27.48 10=12.62 25=16.46 50=23.45 75=33.63 90=45.66 95=55.01 99=78.91 99.9=149.89 99.99=622.59]
2025-04-21 20:52:48 21 sec: 681747 operations; [INSERT: Count=681747 Max=12705.79 Min=5.24 Avg=27.36 10=12.60 25=16.41 50=23.39 75=33.53 90=45.44 95=54.69 99=78.33 99.9=148.35 99.99=579.58]
2025-04-21 20:52:49 22 sec: 729329 operations; [INSERT: Count=729329 Max=13361.15 Min=4.58 Avg=26.73 10=11.92 25=15.73 50=22.67 75=32.86 90=44.77 95=53.95 99=77.57 99.9=146.69 99.99=748.03]
2025-04-21 20:52:50 23 sec: 807826 operations; [INSERT: Count=807826 Max=13361.15 Min=4.38 Avg=25.03 10=9.78 25=13.89 50=21.01 75=31.45 90=43.45 95=52.58 99=76.09 99.9=137.34 99.99=650.75]
2025-04-21 20:52:51 24 sec: 885211 operations; [INSERT: Count=885211 Max=13361.15 Min=4.38 Avg=23.68 10=8.55 25=12.35 50=19.49 75=30.19 90=42.30 95=51.36 99=74.81 99.9=131.97 99.99=517.89]
2025-04-21 20:52:52 25 sec: 960922 operations; [INSERT: Count=960922 Max=13361.15 Min=4.38 Avg=22.59 10=7.97 25=11.34 50=18.14 75=29.05 90=41.25 95=50.30 99=73.66 99.9=132.22 99.99=385.02]
2025-04-21 20:52:53 25 sec: 1000000 operations; [INSERT: Count=1000000 Max=13361.15 Min=4.38 Avg=22.17 10=7.89 25=11.02 50=17.54 75=28.50 90=40.77 95=49.79 99=73.22 99.9=135.81 99.99=370.69]
Load runtime(sec): 26
Load operations(ops): 1000000
Load throughput(ops/sec): 38461.6
