Running scope as unit: run-r10a9c42b0d2643e982cd61910b33e28d.scope
load file:/home/user/DataFiles/silesia_data/silesia.tar
2025-04-21 20:52:27 0 sec: 0 operations;
2025-04-21 20:52:28 1 sec: 52618 operations; [INSERT: Count=52618 Max=1885.18 Min=4.06 Avg=15.51 10=5.04 25=6.54 50=11.56 75=21.42 90=31.44 95=37.76 99=50.98 99.9=71.30 99.99=222.08]
2025-04-21 20:52:29 2 sec: 88616 operations; [INSERT: Count=88616 Max=1885.18 Min=4.06 Avg=19.18 10=5.54 25=9.05 50=16.77 75=26.14 90=35.90 95=42.24 99=54.91 99.9=73.86 99.99=215.17]
2025-04-21 20:52:30 3 sec: 124117 operations; [INSERT: Count=124117 Max=1885.18 Min=4.06 Avg=20.82 10=6.35 25=11.53 50=18.61 75=27.81 90=37.44 95=43.58 99=55.87 99.9=77.57 99.99=216.96]
2025-04-21 20:52:31 4 sec: 160288 operations; [INSERT: Count=160288 Max=1885.18 Min=4.06 Avg=21.63 10=7.26 25=12.77 50=19.50 75=28.48 90=37.95 95=43.97 99=56.03 99.9=77.76 99.99=219.52]
2025-04-21 20:52:32 5 sec: 198143 operations; [INSERT: Count=198143 Max=1885.18 Min=4.06 Avg=21.92 10=8.18 25=13.35 50=19.81 75=28.59 90=37.76 95=43.65 99=55.58 99.9=77.50 99.99=220.67]
2025-04-21 20:52:33 6 sec: 234168 operations; [INSERT: Count=234168 Max=12345.34 Min=4.06 Avg=22.31 10=8.96 25=13.77 50=20.11 75=28.85 90=37.98 95=43.84 99=55.71 99.9=78.59 99.99=222.59]
2025-04-21 20:52:34 7 sec: 270345 operations; [INSERT: Count=270345 Max=12345.34 Min=4.06 Avg=22.59 10=9.58 25=14.10 50=20.38 75=29.09 90=38.17 95=44.00 99=55.81 99.9=78.33 99.99=222.21]
2025-04-21 20:52:35 8 sec: 307637 operations; [INSERT: Count=307637 Max=12345.34 Min=4.06 Avg=22.71 10=10.02 25=14.30 50=20.51 75=29.10 90=38.08 95=43.90 99=55.58 99.9=78.40 99.99=222.59]
2025-04-21 20:52:36 9 sec: 340130 operations; [INSERT: Count=340130 Max=12345.34 Min=4.06 Avg=23.17 10=10.38 25=14.60 50=20.88 75=29.61 90=38.81 95=44.83 99=57.28 99.9=82.88 99.99=228.74]
2025-04-21 20:52:37 10 sec: 369232 operations; [INSERT: Count=369232 Max=12345.34 Min=4.06 Avg=23.79 10=10.68 25=14.93 50=21.36 75=30.32 90=39.90 95=46.27 99=60.26 99.9=90.81 99.99=243.07]
2025-04-21 20:52:38 11 sec: 397042 operations; [INSERT: Count=397042 Max=12345.34 Min=4.06 Avg=24.41 10=10.94 25=15.22 50=21.81 75=31.01 90=41.02 95=47.84 99=63.65 99.9=97.15 99.99=265.47]
2025-04-21 20:52:39 12 sec: 422222 operations; [INSERT: Count=422222 Max=12648.45 Min=4.06 Avg=25.13 10=11.10 25=15.38 50=22.05 75=31.44 90=41.82 95=49.05 99=66.88 99.9=116.99 99.99=290.56]
2025-04-21 20:52:40 13 sec: 455123 operations; [INSERT: Count=455123 Max=12648.45 Min=4.06 Avg=25.27 10=11.25 25=15.49 50=22.18 75=31.61 90=41.98 95=49.22 99=67.01 99.9=121.53 99.99=291.07]
2025-04-21 20:52:41 14 sec: 479622 operations; [INSERT: Count=479622 Max=12648.45 Min=4.06 Avg=25.90 10=11.40 25=15.71 50=22.61 75=32.34 90=43.30 95=51.17 99=71.17 99.9=125.38 99.99=296.45]
2025-04-21 20:52:42 15 sec: 502563 operations; [INSERT: Count=502563 Max=12648.45 Min=4.06 Avg=26.56 10=11.55 25=15.94 50=23.04 75=33.12 90=44.70 95=53.34 99=75.65 99.9=127.36 99.99=305.15]
2025-04-21 20:52:43 16 sec: 525220 operations; [INSERT: Count=525220 Max=12648.45 Min=4.06 Avg=27.18 10=11.69 25=16.14 50=23.42 75=33.82 90=45.92 95=55.30 99=79.23 99.9=138.62 99.99=312.32]
2025-04-21 20:52:44 17 sec: 548688 operations; [INSERT: Count=548688 Max=12648.45 Min=4.06 Avg=27.70 10=11.81 25=16.33 50=23.77 75=34.40 90=47.04 95=56.90 99=81.92 99.9=149.50 99.99=378.11]
2025-04-21 20:52:45 18 sec: 581100 operations; [INSERT: Count=581100 Max=12648.45 Min=4.06 Avg=27.70 10=11.80 25=16.28 50=23.71 75=34.34 90=46.98 95=56.86 99=81.92 99.9=156.03 99.99=790.53]
2025-04-21 20:52:46 19 sec: 618420 operations; [INSERT: Count=618420 Max=12648.45 Min=4.06 Avg=27.44 10=11.80 25=16.18 50=23.52 75=34.02 90=46.43 95=56.19 99=81.02 99.9=153.22 99.99=714.24]
2025-04-21 20:52:47 20 sec: 652743 operations; [INSERT: Count=652743 Max=12648.45 Min=4.06 Avg=27.36 10=11.86 25=16.19 50=23.49 75=33.95 90=46.24 95=55.81 99=80.32 99.9=148.35 99.99=593.92]
2025-04-21 20:52:48 21 sec: 687101 operations; [INSERT: Count=687101 Max=12648.45 Min=4.06 Avg=27.29 10=11.92 25=16.20 50=23.45 75=33.85 90=46.05 95=55.49 99=79.68 99.9=146.43 99.99=555.01]
2025-04-21 20:52:49 22 sec: 726389 operations; [INSERT: Count=726389 Max=13352.96 Min=4.06 Avg=27.01 10=11.65 25=15.89 50=23.05 75=33.44 90=45.60 95=54.98 99=79.10 99.9=146.43 99.99=790.53]
2025-04-21 20:52:50 23 sec: 805402 operations; [INSERT: Count=805402 Max=13352.96 Min=4.06 Avg=25.28 10=9.26 25=13.89 50=21.36 75=32.02 90=44.29 95=53.60 99=77.63 99.9=136.96 99.99=619.52]
2025-04-21 20:52:51 24 sec: 883997 operations; [INSERT: Count=883997 Max=13352.96 Min=4.06 Avg=23.88 10=8.16 25=12.21 50=19.79 75=30.70 90=43.07 95=52.32 99=76.29 99.9=130.75 99.99=555.01]
2025-04-21 20:52:52 25 sec: 951414 operations; [INSERT: Count=951414 Max=13352.96 Min=4.03 Avg=23.01 10=7.83 25=11.41 50=18.73 75=29.71 90=42.14 95=51.36 99=75.33 99.9=130.75 99.99=531.46]
2025-04-21 20:52:53 26 sec: 1000000 operations; [INSERT: Count=1000000 Max=13352.96 Min=4.03 Avg=22.64 10=7.84 25=11.23 50=18.25 75=29.14 90=41.57 95=50.75 99=74.81 99.9=133.25 99.99=510.98]
2025-04-21 20:52:53 26 sec: 1000000 operations; [INSERT: Count=1000000 Max=13352.96 Min=4.03 Avg=22.64 10=7.84 25=11.23 50=18.25 75=29.14 90=41.57 95=50.75 99=74.81 99.9=133.25 99.99=510.98]
Load runtime(sec): 26.4914
Load operations(ops): 1000000
Load throughput(ops/sec): 37748.2
