Running scope as unit: run-r43355a97e89f42b9a781ed7e667622e7.scope
load file:/home/user/DataFiles/silesia_data/silesia.tar
2025-04-22 06:40:12 0 sec: 0 operations;
2025-04-22 06:40:13 1 sec: 31480 operations; [INSERT: Count=31480 Max=4923.39 Min=5.02 Avg=25.96 10=10.70 25=14.59 50=21.89 75=33.15 90=45.79 95=54.34 99=71.94 99.9=153.34 99.99=408.32]
2025-04-22 06:40:14 2 sec: 58658 operations; [INSERT: Count=58658 Max=4923.39 Min=5.02 Avg=29.47 10=12.38 25=17.49 50=25.76 75=37.60 90=51.04 95=59.52 99=75.97 99.9=125.18 99.99=423.94]
2025-04-22 06:40:15 3 sec: 86361 operations; [INSERT: Count=86361 Max=4923.39 Min=5.02 Avg=30.55 10=13.36 25=18.67 50=27.01 75=38.78 90=52.03 95=60.45 99=76.67 99.9=121.79 99.99=409.34]
2025-04-22 06:40:16 4 sec: 115196 operations; [INSERT: Count=115196 Max=4923.39 Min=5.02 Avg=30.77 10=13.93 25=19.15 50=27.31 75=38.91 90=51.90 95=60.13 99=76.03 99.9=114.24 99.99=407.04]
2025-04-22 06:40:17 5 sec: 145120 operations; [INSERT: Count=145120 Max=4923.39 Min=5.02 Avg=30.64 10=14.18 25=19.26 50=27.26 75=38.62 90=51.33 95=59.42 99=75.07 99.9=112.83 99.99=404.99]
2025-04-22 06:40:18 6 sec: 175010 operations; [INSERT: Count=175010 Max=26689.53 Min=5.02 Avg=30.55 10=14.25 25=19.18 50=27.05 75=38.24 90=50.69 95=58.75 99=74.43 99.9=116.67 99.99=403.71]
2025-04-22 06:40:19 7 sec: 206734 operations; [INSERT: Count=206734 Max=26689.53 Min=5.02 Avg=30.19 10=14.26 25=19.02 50=26.77 75=37.73 90=49.95 95=57.89 99=73.41 99.9=110.53 99.99=398.59]
2025-04-22 06:40:20 8 sec: 238998 operations; [INSERT: Count=238998 Max=26689.53 Min=5.02 Avg=29.85 10=14.27 25=18.89 50=26.51 75=37.28 90=49.25 95=57.09 99=72.51 99.9=107.45 99.99=392.19]
2025-04-22 06:40:21 9 sec: 271553 operations; [INSERT: Count=271553 Max=26689.53 Min=5.02 Avg=29.56 10=14.25 25=18.77 50=26.27 75=36.86 90=48.67 95=56.35 99=71.87 99.9=104.13 99.99=389.63]
2025-04-22 06:40:22 10 sec: 304227 operations; [INSERT: Count=304227 Max=26689.53 Min=5.02 Avg=29.32 10=14.25 25=18.66 50=26.08 75=36.54 90=48.22 95=55.77 99=71.17 99.9=103.42 99.99=382.72]
2025-04-22 06:40:23 11 sec: 336914 operations; [INSERT: Count=336914 Max=26689.53 Min=5.02 Avg=29.12 10=14.25 25=18.59 50=25.90 75=36.26 90=47.77 95=55.33 99=70.59 99.9=103.10 99.99=380.16]
2025-04-22 06:40:24 12 sec: 369239 operations; [INSERT: Count=369239 Max=26689.53 Min=5.02 Avg=28.99 10=14.26 25=18.56 50=25.79 75=36.06 90=47.49 95=54.94 99=70.14 99.9=102.14 99.99=378.37]
2025-04-22 06:40:25 13 sec: 401484 operations; [INSERT: Count=401484 Max=26689.53 Min=5.02 Avg=28.89 10=14.28 25=18.54 50=25.70 75=35.87 90=47.17 95=54.59 99=69.76 99.9=102.08 99.99=372.22]
2025-04-22 06:40:26 14 sec: 433378 operations; [INSERT: Count=433378 Max=26689.53 Min=5.02 Avg=28.83 10=14.31 25=18.54 50=25.66 75=35.77 90=47.01 95=54.37 99=69.57 99.9=101.82 99.99=369.15]
2025-04-22 06:40:27 15 sec: 460635 operations; [INSERT: Count=460635 Max=26689.53 Min=5.02 Avg=29.10 10=14.41 25=18.69 50=25.89 75=36.13 90=47.52 95=55.01 99=70.33 99.9=102.14 99.99=369.41]
2025-04-22 06:40:28 16 sec: 485804 operations; [INSERT: Count=485804 Max=26689.53 Min=5.02 Avg=29.48 10=14.49 25=18.85 50=26.14 75=36.61 90=48.29 95=56.00 99=72.19 99.9=109.06 99.99=379.39]
2025-04-22 06:40:29 17 sec: 510057 operations; [INSERT: Count=510057 Max=26689.53 Min=4.80 Avg=29.88 10=14.60 25=19.02 50=26.46 75=37.12 90=49.09 95=57.12 99=73.98 99.9=110.21 99.99=380.93]
2025-04-22 06:40:30 18 sec: 532964 operations; [INSERT: Count=532964 Max=26689.53 Min=4.80 Avg=30.31 10=14.70 25=19.21 50=26.82 75=37.66 90=49.95 95=58.30 99=76.09 99.9=114.24 99.99=389.63]
2025-04-22 06:40:31 19 sec: 543961 operations; [INSERT: Count=543961 Max=412352.51 Min=4.80 Avg=31.44 10=14.77 25=19.31 50=27.02 75=38.08 90=50.69 95=59.36 99=78.85 99.9=130.43 99.99=404.99]
2025-04-22 06:40:32 20 sec: 559454 operations; [INSERT: Count=559454 Max=412352.51 Min=4.80 Avg=32.20 10=14.86 25=19.50 50=27.44 75=38.91 90=52.22 95=61.73 99=85.31 99.9=160.00 99.99=438.53]
2025-04-22 06:40:33 21 sec: 575175 operations; [INSERT: Count=575175 Max=412352.51 Min=4.80 Avg=32.90 10=14.96 25=19.70 50=27.82 75=39.68 90=53.70 95=63.94 99=91.45 99.9=175.87 99.99=584.70]
2025-04-22 06:40:34 22 sec: 599261 operations; [INSERT: Count=599261 Max=412352.51 Min=4.80 Avg=33.10 10=14.93 25=19.68 50=27.87 75=39.87 90=54.11 95=64.67 99=93.82 99.9=195.58 99.99=731.13]
2025-04-22 06:40:35 23 sec: 631299 operations; [INSERT: Count=631299 Max=412352.51 Min=4.80 Avg=32.84 10=14.85 25=19.57 50=27.71 75=39.62 90=53.70 95=64.13 99=92.93 99.9=193.15 99.99=722.94]
2025-04-22 06:40:36 24 sec: 661923 operations; [INSERT: Count=661923 Max=412352.51 Min=4.80 Avg=32.67 10=14.82 25=19.54 50=27.61 75=39.45 90=53.38 95=63.74 99=92.29 99.9=191.87 99.99=693.25]
2025-04-22 06:40:37 25 sec: 687899 operations; [INSERT: Count=687899 Max=412352.51 Min=4.80 Avg=32.76 10=14.88 25=19.61 50=27.74 75=39.62 90=53.57 95=63.87 99=92.16 99.9=191.10 99.99=720.38]
2025-04-22 06:40:38 26 sec: 711637 operations; [INSERT: Count=711637 Max=412352.51 Min=4.80 Avg=32.96 10=14.97 25=19.76 50=27.95 75=39.90 90=54.02 95=64.35 99=92.09 99.9=189.06 99.99=693.25]
2025-04-22 06:40:39 27 sec: 735574 operations; [INSERT: Count=735574 Max=412352.51 Min=4.80 Avg=33.13 10=15.05 25=19.87 50=28.14 75=40.16 90=54.40 95=64.73 99=92.29 99.9=187.39 99.99=684.54]
2025-04-22 06:40:40 28 sec: 758768 operations; [INSERT: Count=758768 Max=412352.51 Min=4.80 Avg=33.33 10=15.13 25=20.02 50=28.35 75=40.45 90=54.81 95=65.25 99=92.48 99.9=186.24 99.99=686.08]
2025-04-22 06:40:41 29 sec: 782165 operations; [INSERT: Count=782165 Max=412352.51 Min=4.80 Avg=33.51 10=15.21 25=20.14 50=28.56 75=40.73 90=55.20 95=65.66 99=92.48 99.9=182.78 99.99=684.54]
2025-04-22 06:40:42 30 sec: 806090 operations; [INSERT: Count=806090 Max=412352.51 Min=4.80 Avg=33.66 10=15.28 25=20.25 50=28.72 75=40.96 90=55.49 95=65.98 99=92.61 99.9=181.76 99.99=679.93]
2025-04-22 06:40:43 31 sec: 828502 operations; [INSERT: Count=828502 Max=412352.51 Min=4.80 Avg=33.86 10=15.34 25=20.37 50=28.88 75=41.18 90=55.84 95=66.43 99=93.38 99.9=187.39 99.99=731.13]
2025-04-22 06:40:44 32 sec: 853055 operations; [INSERT: Count=853055 Max=412352.51 Min=4.80 Avg=33.96 10=15.38 25=20.45 50=28.98 75=41.34 90=56.03 95=66.62 99=94.08 99.9=189.44 99.99=743.42]
2025-04-22 06:40:45 33 sec: 877159 operations; [INSERT: Count=877159 Max=412352.51 Min=4.80 Avg=34.08 10=15.42 25=20.51 50=29.05 75=41.47 90=56.22 95=66.88 99=94.66 99.9=193.66 99.99=794.62]
2025-04-22 06:40:46 34 sec: 900181 operations; [INSERT: Count=900181 Max=412352.51 Min=4.80 Avg=34.23 10=15.48 25=20.57 50=29.17 75=41.66 90=56.45 95=67.20 99=95.42 99.9=199.68 99.99=840.19]
2025-04-22 06:40:47 35 sec: 925324 operations; [INSERT: Count=925324 Max=412352.51 Min=4.80 Avg=34.30 10=15.51 25=20.64 50=29.25 75=41.76 90=56.58 95=67.26 99=95.23 99.9=198.01 99.99=834.05]
2025-04-22 06:40:48 36 sec: 949535 operations; [INSERT: Count=949535 Max=412352.51 Min=4.80 Avg=34.39 10=15.56 25=20.70 50=29.33 75=41.89 90=56.77 95=67.45 99=95.49 99.9=199.94 99.99=858.62]
2025-04-22 06:40:49 37 sec: 974354 operations; [INSERT: Count=974354 Max=412352.51 Min=4.80 Avg=34.45 10=15.60 25=20.77 50=29.41 75=42.02 90=56.90 95=67.58 99=95.36 99.9=199.17 99.99=840.19]
2025-04-22 06:40:50 38 sec: 989734 operations; [INSERT: Count=989734 Max=412352.51 Min=4.80 Avg=34.83 10=15.65 25=20.88 50=29.65 75=42.43 90=57.66 95=68.67 99=98.37 99.9=208.51 99.99=871.42]
2025-04-22 06:40:51 39 sec: 1000000 operations; [INSERT: Count=1000000 Max=412352.51 Min=4.80 Avg=35.01 10=15.70 25=20.94 50=29.77 75=42.66 90=58.02 95=69.25 99=99.33 99.9=213.25 99.99=871.42]
2025-04-22 06:40:51 39 sec: 1000000 operations; [INSERT: Count=1000000 Max=412352.51 Min=4.80 Avg=35.01 10=15.70 25=20.94 50=29.77 75=42.66 90=58.02 95=69.25 99=99.33 99.9=213.25 99.99=871.42]
Load runtime(sec): 39.7224
Load operations(ops): 1000000
Load throughput(ops/sec): 25174.7
