Running scope as unit: run-r70fc795e1e024bfab30f343661c87a4b.scope
load file:/home/user/DataFiles/silesia_data/silesia.tar
2025-04-22 19:01:56 0 sec: 0 operations;
2025-04-22 19:01:57 1 sec: 0 operations;
2025-04-22 19:01:58 2 sec: 0 operations;
2025-04-22 19:01:59 3 sec: 0 operations;
2025-04-22 19:02:00 4 sec: 0 operations;
2025-04-22 19:02:01 5 sec: 0 operations;
2025-04-22 19:02:02 6 sec: 0 operations;
2025-04-22 19:02:03 7 sec: 0 operations;
2025-04-22 19:02:04 8 sec: 0 operations;
2025-04-22 19:02:05 9 sec: 0 operations;
2025-04-22 19:02:06 10 sec: 0 operations;
2025-04-22 19:02:07 11 sec: 0 operations;
2025-04-22 19:02:08 12 sec: 0 operations;
2025-04-22 19:02:09 13 sec: 0 operations;
2025-04-22 19:02:10 14 sec: 0 operations;
2025-04-22 19:02:11 15 sec: 0 operations;
2025-04-22 19:02:12 16 sec: 0 operations;
2025-04-22 19:02:13 17 sec: 0 operations;
2025-04-22 19:02:14 18 sec: 0 operations;
2025-04-22 19:02:15 19 sec: 2257 operations; [READ: Count=1159 Max=875.01 Min=4.38 Avg=241.23 10=72.19 25=126.59 50=211.46 75=329.98 90=453.12 95=544.77 99=678.40 99.9=856.06 99.99=875.01] [UPDATE: Count=1098 Max=1273.86 Min=10.36 Avg=250.69 10=72.00 25=127.10 50=221.82 75=347.13 90=460.54 95=527.36 99=758.78 99.9=1060.86 99.99=1273.86]
2025-04-22 19:02:16 20 sec: 6664 operations; [READ: Count=3353 Max=875.01 Min=4.25 Avg=226.12 10=65.02 25=115.84 50=203.39 75=312.06 90=415.23 95=489.21 99=642.05 99.9=813.05 99.99=875.01] [UPDATE: Count=3311 Max=1273.86 Min=10.36 Avg=239.44 10=68.67 25=124.93 50=215.81 75=321.02 90=441.09 95=513.02 99=692.22 99.9=1042.43 99.99=1273.86]
2025-04-22 19:02:17 21 sec: 12727 operations; [READ: Count=6416 Max=1935.36 Min=2.83 Avg=189.99 10=46.37 25=77.57 50=153.22 75=257.66 90=380.16 95=463.87 99=663.04 99.9=1592.32 99.99=1927.17] [UPDATE: Count=6311 Max=17252.35 Min=9.80 Avg=209.95 10=53.95 25=87.81 50=163.58 75=272.13 90=405.76 95=487.68 99=759.29 99.9=1870.85 99.99=10756.09]
2025-04-22 19:02:18 22 sec: 19369 operations; [READ: Count=9694 Max=1935.36 Min=2.83 Avg=174.29 10=45.50 25=75.14 50=143.49 75=229.38 90=342.53 95=430.59 99=642.05 99.9=1227.78 99.99=1927.17] [UPDATE: Count=9675 Max=17252.35 Min=9.24 Avg=190.86 10=54.34 25=86.21 50=153.85 75=240.51 90=360.19 95=456.96 99=709.63 99.9=1525.76 99.99=10756.09]
2025-04-22 19:02:19 23 sec: 25639 operations; [READ: Count=12750 Max=1935.36 Min=2.83 Avg=168.84 10=45.50 25=74.88 50=138.24 75=220.03 90=327.42 95=416.77 99=657.41 99.9=1193.98 99.99=1927.17] [UPDATE: Count=12889 Max=17252.35 Min=9.24 Avg=184.32 10=55.04 25=85.76 50=149.25 75=231.04 90=338.69 95=442.62 99=734.21 99.9=1369.09 99.99=10756.09]
2025-04-22 19:02:20 24 sec: 32603 operations; [READ: Count=16221 Max=1935.36 Min=2.83 Avg=162.10 10=45.79 25=75.78 50=135.04 75=212.61 90=300.80 95=386.30 99=622.08 99.9=1153.02 99.99=1775.62] [UPDATE: Count=16382 Max=17252.35 Min=9.24 Avg=176.47 10=55.04 25=85.76 50=145.15 75=223.10 90=312.57 95=410.88 99=677.38 99.9=1296.38 99.99=7049.22]
2025-04-22 19:02:21 25 sec: 39795 operations; [READ: Count=19831 Max=1935.36 Min=2.83 Avg=156.70 10=45.66 25=75.20 50=131.46 75=205.82 90=285.95 95=366.85 99=593.92 99.9=1093.63 99.99=1775.62] [UPDATE: Count=19964 Max=17252.35 Min=8.84 Avg=170.55 10=54.46 25=85.06 50=142.08 75=217.47 90=297.47 95=386.05 99=634.37 99.9=1271.81 99.99=7049.22]
2025-04-22 19:02:22 26 sec: 46063 operations; [READ: Count=22946 Max=4775.94 Min=2.83 Avg=155.60 10=44.96 25=74.69 50=129.15 75=203.90 90=283.13 95=366.33 99=607.74 99.9=1100.80 99.99=1927.17] [UPDATE: Count=23117 Max=17252.35 Min=8.84 Avg=170.13 10=54.02 25=84.29 50=139.26 75=215.29 90=294.91 95=386.05 99=667.65 99.9=1369.09 99.99=10289.15]
2025-04-22 19:02:23 27 sec: 52971 operations; [READ: Count=26447 Max=4775.94 Min=2.83 Avg=152.83 10=44.64 25=73.98 50=125.76 75=200.06 90=276.48 95=358.91 99=607.74 99.9=1093.63 99.99=1775.62] [UPDATE: Count=26524 Max=17252.35 Min=8.06 Avg=167.99 10=53.38 25=83.39 50=136.70 75=212.35 90=290.81 95=380.42 99=670.21 99.9=1362.94 99.99=7049.22]
2025-04-22 19:02:24 28 sec: 59342 operations; [READ: Count=29663 Max=4775.94 Min=2.83 Avg=151.89 10=44.22 25=73.53 50=124.09 75=197.76 90=273.15 95=356.35 99=629.76 99.9=1100.80 99.99=1775.62] [UPDATE: Count=29679 Max=17809.41 Min=8.06 Avg=167.98 10=53.02 25=82.88 50=134.53 75=210.30 90=287.49 95=375.81 99=704.51 99.9=1391.62 99.99=10780.67]
2025-04-22 19:02:25 29 sec: 69349 operations; [READ: Count=34579 Max=4775.94 Min=2.68 Avg=143.67 10=39.52 25=67.20 50=115.78 75=188.67 90=260.99 95=339.20 99=613.89 99.9=1111.04 99.99=1775.62] [UPDATE: Count=34770 Max=17809.41 Min=8.06 Avg=158.51 10=48.41 25=75.78 50=125.18 75=200.70 90=275.45 95=357.38 99=673.79 99.9=1296.38 99.99=10780.67]
2025-04-22 19:02:26 30 sec: 80137 operations; [READ: Count=39983 Max=4775.94 Min=2.68 Avg=135.94 10=37.15 25=61.44 50=108.22 75=179.33 90=250.37 95=323.33 99=588.80 99.9=1095.68 99.99=1757.18] [UPDATE: Count=40154 Max=17809.41 Min=8.06 Avg=150.22 10=46.08 25=70.40 50=117.38 75=192.00 90=264.96 95=338.69 99=635.39 99.9=1241.09 99.99=10756.09]
2025-04-22 19:02:27 31 sec: 90703 operations; [READ: Count=45254 Max=4775.94 Min=2.66 Avg=130.35 10=35.68 25=56.77 50=101.63 75=172.29 90=243.46 95=312.83 99=576.51 99.9=1090.56 99.99=1747.97] [UPDATE: Count=45449 Max=17809.41 Min=7.73 Avg=144.27 10=44.38 25=65.92 50=110.85 75=184.45 90=256.64 95=325.89 99=625.66 99.9=1234.94 99.99=10289.15]
2025-04-22 19:02:28 32 sec: 101139 operations; [READ: Count=50535 Max=4775.94 Min=2.66 Avg=125.92 10=34.72 25=53.34 50=96.25 75=166.40 90=237.82 95=305.41 99=570.88 99.9=1068.03 99.99=1747.97] [UPDATE: Count=50604 Max=17809.41 Min=7.73 Avg=139.94 10=43.33 25=62.49 50=105.79 75=178.43 90=251.39 95=320.00 99=620.54 99.9=1259.52 99.99=10289.15]
2025-04-22 19:02:29 33 sec: 113031 operations; [READ: Count=56406 Max=4775.94 Min=2.57 Avg=120.78 10=33.95 25=50.46 50=91.07 75=160.00 90=230.53 95=293.38 99=547.33 99.9=1044.99 99.99=1624.06] [UPDATE: Count=56625 Max=17809.41 Min=7.73 Avg=134.55 10=42.43 25=59.81 50=101.06 75=171.13 90=243.33 95=309.25 99=596.99 99.9=1251.33 99.99=7049.22]
2025-04-22 19:02:30 34 sec: 125027 operations; [READ: Count=62437 Max=4775.94 Min=2.57 Avg=116.33 10=32.56 25=47.07 50=85.38 75=153.60 90=224.77 95=287.49 99=556.54 99.9=1080.32 99.99=1624.06] [UPDATE: Count=62590 Max=17809.41 Min=7.66 Avg=130.33 10=40.70 25=56.51 50=95.49 75=164.48 90=237.57 95=304.13 99=611.33 99.9=1276.93 99.99=10289.15]
2025-04-22 19:02:31 35 sec: 138851 operations; [READ: Count=69328 Max=4775.94 Min=2.57 Avg=111.33 10=32.02 25=44.99 50=80.89 75=146.69 90=217.47 95=276.22 99=532.48 99.9=1064.96 99.99=1624.06] [UPDATE: Count=69523 Max=17809.41 Min=7.66 Avg=124.94 10=40.13 25=54.46 50=90.81 75=157.44 90=229.50 95=292.86 99=581.12 99.9=1241.09 99.99=7049.22]
2025-04-22 19:02:32 36 sec: 152619 operations; [READ: Count=76278 Max=4775.94 Min=2.57 Avg=107.18 10=31.55 25=43.42 50=77.12 75=140.67 90=210.94 95=268.29 99=513.79 99.9=1050.62 99.99=1614.85] [UPDATE: Count=76341 Max=17809.41 Min=7.66 Avg=120.70 10=39.58 25=52.90 50=87.23 75=151.55 90=223.49 95=285.44 99=566.78 99.9=1234.94 99.99=6836.22]
2025-04-22 19:02:33 37 sec: 166083 operations; [READ: Count=82997 Max=4775.94 Min=2.57 Avg=103.92 10=30.89 25=42.34 50=74.37 75=135.68 90=205.44 95=261.38 99=504.83 99.9=1054.72 99.99=1747.97] [UPDATE: Count=83086 Max=17809.41 Min=7.66 Avg=117.36 10=38.66 25=51.68 50=84.29 75=146.69 90=218.11 95=278.27 99=557.57 99.9=1257.47 99.99=6836.22]
2025-04-22 19:02:34 38 sec: 180611 operations; [READ: Count=90405 Max=4775.94 Min=2.57 Avg=100.58 10=30.50 25=41.44 50=72.13 75=130.69 90=199.42 95=254.21 99=488.45 99.9=1043.45 99.99=1624.06] [UPDATE: Count=90206 Max=17809.41 Min=7.66 Avg=113.82 10=38.17 25=50.66 50=81.98 75=141.57 90=212.99 95=271.62 99=539.13 99.9=1230.85 99.99=5693.44]
2025-04-22 19:02:35 39 sec: 193514 operations; [READ: Count=96831 Max=5382.14 Min=2.57 Avg=98.57 10=29.86 25=40.54 50=70.21 75=126.40 90=195.20 95=249.60 99=490.24 99.9=1102.85 99.99=1927.17] [UPDATE: Count=96683 Max=17809.41 Min=7.66 Avg=111.72 10=37.50 25=49.89 50=79.81 75=137.47 90=209.53 95=267.26 99=541.70 99.9=1307.65 99.99=5488.64]
2025-04-22 19:02:36 40 sec: 207936 operations; [READ: Count=104026 Max=5382.14 Min=2.57 Avg=96.12 10=29.60 25=40.09 50=68.99 75=122.30 90=190.46 95=243.71 99=476.42 99.9=1095.68 99.99=1927.17] [UPDATE: Count=103910 Max=17809.41 Min=7.66 Avg=109.06 10=37.18 25=49.44 50=78.53 75=133.12 90=204.54 95=259.97 99=524.80 99.9=1275.90 99.99=5488.64]
2025-04-22 19:02:37 41 sec: 222968 operations; [READ: Count=111544 Max=5382.14 Min=2.38 Avg=93.74 10=29.26 25=39.55 50=67.71 75=118.14 90=185.98 95=238.59 99=462.33 99.9=1075.20 99.99=1775.62] [UPDATE: Count=111424 Max=17809.41 Min=7.66 Avg=106.44 10=36.70 25=48.83 50=77.12 75=128.64 90=199.94 95=254.59 99=508.93 99.9=1257.47 99.99=5369.85]
2025-04-22 19:02:38 42 sec: 237658 operations; [READ: Count=118860 Max=5382.14 Min=2.38 Avg=91.81 10=28.99 25=39.26 50=66.69 75=114.62 90=181.63 95=233.73 99=453.63 99.9=1072.13 99.99=1757.18] [UPDATE: Count=118798 Max=17809.41 Min=7.66 Avg=104.29 10=36.35 25=48.45 50=76.03 75=124.93 90=195.71 95=249.47 99=498.69 99.9=1235.97 99.99=5214.21]
2025-04-22 19:02:39 43 sec: 253142 operations; [READ: Count=126635 Max=5382.14 Min=2.38 Avg=89.80 10=28.61 25=38.81 50=65.53 75=111.04 90=177.41 95=229.12 99=440.06 99.9=1053.69 99.99=1754.11] [UPDATE: Count=126507 Max=17809.41 Min=7.62 Avg=102.10 10=35.90 25=47.94 50=74.94 75=121.28 90=191.10 95=243.97 99=487.42 99.9=1220.61 99.99=5070.85]
2025-04-22 19:02:40 44 sec: 268371 operations; [READ: Count=134120 Max=5382.14 Min=2.38 Avg=88.17 10=28.13 25=38.40 50=64.51 75=107.84 90=173.82 95=225.28 99=433.41 99.9=1074.17 99.99=1994.75] [UPDATE: Count=134251 Max=17809.41 Min=7.26 Avg=100.17 10=35.36 25=47.49 50=73.86 75=117.95 90=187.01 95=239.74 99=477.69 99.9=1230.85 99.99=5070.85]
2025-04-22 19:02:41 45 sec: 283668 operations; [READ: Count=141718 Max=5382.14 Min=2.38 Avg=86.61 10=27.68 25=38.08 50=63.74 75=105.34 90=170.24 95=221.06 99=424.45 99.9=1074.17 99.99=2037.76] [UPDATE: Count=141950 Max=17809.41 Min=7.26 Avg=98.52 10=34.81 25=47.10 50=73.09 75=115.33 90=183.04 95=235.13 99=469.76 99.9=1225.73 99.99=4825.09]
2025-04-22 19:02:42 46 sec: 299454 operations; [READ: Count=149587 Max=5382.14 Min=2.38 Avg=85.12 10=27.12 25=37.79 50=63.07 75=103.17 90=167.04 95=217.09 99=414.72 99.9=1064.96 99.99=1994.75] [UPDATE: Count=149867 Max=17809.41 Min=7.26 Avg=96.83 10=34.14 25=46.72 50=72.32 75=112.96 90=179.46 95=231.17 99=459.77 99.9=1210.37 99.99=4102.14]
2025-04-22 19:02:43 47 sec: 315134 operations; [READ: Count=157442 Max=5382.14 Min=2.38 Avg=83.78 10=26.43 25=37.53 50=62.40 75=101.12 90=163.97 95=213.50 99=407.04 99.9=1054.72 99.99=1935.36] [UPDATE: Count=157692 Max=17809.41 Min=7.26 Avg=95.36 10=33.34 25=46.40 50=71.61 75=111.17 90=176.13 95=226.94 99=450.56 99.9=1204.22 99.99=4542.46]
2025-04-22 19:02:44 48 sec: 330687 operations; [READ: Count=165295 Max=5382.14 Min=2.38 Avg=82.56 10=25.28 25=37.38 50=61.89 75=99.52 90=161.15 95=209.92 99=399.36 99.9=1046.53 99.99=1928.19] [UPDATE: Count=165392 Max=17809.41 Min=7.26 Avg=94.12 10=32.30 25=46.27 50=71.23 75=109.63 90=173.18 95=223.49 99=439.55 99.9=1183.74 99.99=4102.14]
2025-04-22 19:02:45 49 sec: 346123 operations; [READ: Count=172990 Max=5382.14 Min=2.38 Avg=81.49 10=22.46 25=37.22 50=61.50 75=98.24 90=158.59 95=206.59 99=392.19 99.9=1034.75 99.99=1928.19] [UPDATE: Count=173133 Max=17809.41 Min=7.26 Avg=92.98 10=30.54 25=46.11 50=70.85 75=108.35 90=170.37 95=220.16 99=432.64 99.9=1165.31 99.99=4102.14]
2025-04-22 19:02:46 50 sec: 362305 operations; [READ: Count=181105 Max=5382.14 Min=2.38 Avg=80.29 10=15.80 25=36.96 50=60.83 75=96.64 90=155.90 95=203.39 99=385.28 99.9=1034.75 99.99=2037.76] [UPDATE: Count=181200 Max=19333.12 Min=7.26 Avg=91.82 10=27.74 25=45.89 50=70.21 75=106.69 90=167.42 95=217.09 99=425.47 99.9=1165.31 99.99=4102.14]
2025-04-22 19:02:47 51 sec: 379590 operations; [READ: Count=189688 Max=5382.14 Min=2.38 Avg=78.98 10=13.65 25=36.70 50=60.13 75=94.97 90=152.96 95=200.06 99=379.65 99.9=1009.15 99.99=1994.75] [UPDATE: Count=189902 Max=19333.12 Min=7.26 Avg=90.45 10=25.01 25=45.63 50=69.57 75=105.09 90=164.48 95=214.01 99=418.30 99.9=1145.86 99.99=4067.33]
2025-04-22 19:02:48 52 sec: 396853 operations; [READ: Count=198471 Max=5382.14 Min=2.38 Avg=77.73 10=12.39 25=36.45 50=59.52 75=93.44 90=150.01 95=196.61 99=372.48 99.9=994.82 99.99=1935.36] [UPDATE: Count=198382 Max=19333.12 Min=7.26 Avg=89.29 10=23.55 25=45.41 50=68.93 75=103.55 90=161.66 95=211.33 99=411.65 99.9=1144.83 99.99=4067.33]
2025-04-22 19:02:49 53 sec: 416500 operations; [READ: Count=208380 Max=5382.14 Min=2.38 Avg=76.16 10=11.39 25=35.97 50=58.46 75=91.33 90=146.94 95=193.28 99=365.06 99.9=971.77 99.99=1928.19] [UPDATE: Count=208120 Max=19333.12 Min=7.26 Avg=87.69 10=22.13 25=44.86 50=67.84 75=101.57 90=158.59 95=208.51 99=405.76 99.9=1135.62 99.99=3854.34]
2025-04-22 19:02:50 54 sec: 438290 operations; [READ: Count=219378 Max=5382.14 Min=2.38 Avg=74.34 10=10.60 25=35.30 50=57.05 75=88.96 90=143.62 95=189.95 99=356.61 99.9=960.00 99.99=1927.17] [UPDATE: Count=218912 Max=19333.12 Min=7.26 Avg=85.84 10=21.05 25=44.06 50=66.37 75=99.14 90=155.39 95=204.93 99=395.77 99.9=1114.11 99.99=3854.34]
2025-04-22 19:02:51 55 sec: 461146 operations; [READ: Count=230942 Max=5382.14 Min=2.26 Avg=72.53 10=10.01 25=34.43 50=55.23 75=86.53 90=140.41 95=186.50 99=349.18 99.9=960.00 99.99=2105.34] [UPDATE: Count=230204 Max=19333.12 Min=7.26 Avg=83.97 10=20.13 25=43.13 50=64.45 75=96.77 90=152.32 95=201.73 99=388.86 99.9=1117.18 99.99=3758.08]
2025-04-22 19:02:52 56 sec: 486147 operations; [READ: Count=243570 Max=5382.14 Min=2.26 Avg=70.55 10=9.47 25=33.50 50=53.15 75=84.54 90=137.22 95=182.91 99=341.50 99.9=935.93 99.99=2037.76] [UPDATE: Count=242577 Max=19333.12 Min=7.26 Avg=81.93 10=19.45 25=42.11 50=62.40 75=94.72 90=149.12 95=198.14 99=379.39 99.9=1096.70 99.99=3743.74]
2025-04-22 19:02:53 57 sec: 509313 operations; [READ: Count=255191 Max=5382.14 Min=2.26 Avg=69.03 10=9.10 25=32.73 50=50.88 75=83.14 90=134.53 95=180.09 99=336.64 99.9=962.05 99.99=1994.75] [UPDATE: Count=254122 Max=19333.12 Min=7.26 Avg=80.35 10=18.91 25=41.18 50=60.32 75=93.18 90=146.43 95=195.33 99=375.04 99.9=1105.92 99.99=3743.74]
2025-04-22 19:02:54 58 sec: 528878 operations; [READ: Count=265013 Max=5382.14 Min=2.26 Avg=67.76 10=8.84 25=32.30 50=49.05 75=82.11 90=132.35 95=177.66 99=333.06 99.9=942.59 99.99=1965.06] [UPDATE: Count=263865 Max=200933.38 Min=7.26 Avg=79.80 10=18.56 25=40.70 50=58.69 75=92.09 90=144.25 95=192.90 99=369.41 99.9=1096.70 99.99=3743.74]
2025-04-22 19:02:55 59 sec: 552873 operations; [READ: Count=277001 Max=5382.14 Min=2.21 Avg=66.36 10=8.54 25=31.79 50=46.91 75=80.89 90=129.92 95=175.10 99=328.19 99.9=925.18 99.99=1936.38] [UPDATE: Count=275872 Max=200933.38 Min=7.26 Avg=78.33 10=18.19 25=40.09 50=56.77 75=91.01 90=141.69 95=190.21 99=365.31 99.9=1082.37 99.99=3344.38]
2025-04-22 19:02:56 60 sec: 575060 operations; [READ: Count=288100 Max=5382.14 Min=2.21 Avg=65.28 10=8.39 25=31.44 50=45.18 75=80.00 90=127.74 95=172.80 99=325.12 99.9=923.13 99.99=2105.34] [UPDATE: Count=286960 Max=200933.38 Min=7.26 Avg=77.22 10=17.97 25=39.71 50=55.17 75=90.05 90=139.52 95=187.90 99=362.24 99.9=1083.39 99.99=3217.41]
2025-04-22 19:02:57 61 sec: 594981 operations; [READ: Count=297929 Max=5382.14 Min=2.21 Avg=64.59 10=8.18 25=30.89 50=43.84 75=79.23 90=125.89 95=171.26 99=325.38 99.9=1016.83 99.99=2377.73] [UPDATE: Count=297052 Max=200933.38 Min=7.26 Avg=76.44 10=17.60 25=39.01 50=53.89 75=89.22 90=137.60 95=186.11 99=362.50 99.9=1157.12 99.99=3217.41]
2025-04-22 19:02:58 62 sec: 621950 operations; [READ: Count=311424 Max=5382.14 Min=2.21 Avg=63.19 10=7.88 25=30.08 50=42.27 75=78.33 90=123.33 95=168.32 99=320.51 99.9=994.82 99.99=2318.34] [UPDATE: Count=310526 Max=200933.38 Min=7.26 Avg=74.87 10=17.04 25=37.95 50=52.29 75=88.19 90=134.91 95=183.04 99=356.61 99.9=1144.83 99.99=3135.49]
2025-04-22 19:02:59 63 sec: 648494 operations; [READ: Count=324683 Max=5382.14 Min=2.21 Avg=61.94 10=7.63 25=29.30 50=40.93 75=77.44 90=120.83 95=166.01 99=314.88 99.9=970.75 99.99=2263.04] [UPDATE: Count=323811 Max=200933.38 Min=7.26 Avg=73.49 10=16.56 25=37.02 50=50.88 75=87.30 90=132.35 95=180.35 99=350.98 99.9=1130.49 99.99=3135.49]
2025-04-22 19:03:00 64 sec: 675997 operations; [READ: Count=338258 Max=5382.14 Min=2.21 Avg=60.72 10=7.42 25=28.54 50=39.71 75=76.73 90=118.40 95=163.46 99=309.76 99.9=954.37 99.99=2250.75] [UPDATE: Count=337739 Max=200933.38 Min=7.26 Avg=72.09 10=16.16 25=36.09 50=49.63 75=86.46 90=129.60 95=177.53 99=344.83 99.9=1105.92 99.99=3000.32]
2025-04-22 19:03:01 65 sec: 704238 operations; [READ: Count=352385 Max=5382.14 Min=2.21 Avg=59.50 10=7.22 25=27.87 50=38.62 75=75.97 90=115.84 95=160.90 99=303.62 99.9=928.77 99.99=2246.66] [UPDATE: Count=351853 Max=200933.38 Min=7.26 Avg=70.75 10=15.78 25=35.30 50=48.45 75=85.69 90=127.23 95=174.72 99=338.43 99.9=1088.51 99.99=2971.65]
2025-04-22 19:03:02 66 sec: 725816 operations; [READ: Count=363161 Max=5382.14 Min=2.21 Avg=58.97 10=7.09 25=27.41 50=37.89 75=75.39 90=114.43 95=159.74 99=308.74 99.9=933.89 99.99=2199.55] [UPDATE: Count=362655 Max=200933.38 Min=7.26 Avg=70.11 10=15.52 25=34.72 50=47.65 75=85.12 90=125.82 95=173.57 99=342.78 99.9=1082.37 99.99=2902.01]
2025-04-22 19:03:03 67 sec: 753578 operations; [READ: Count=376972 Max=5382.14 Min=2.21 Avg=57.96 10=6.95 25=26.88 50=37.09 75=74.69 90=112.25 95=157.44 99=303.87 99.9=921.09 99.99=2181.12] [UPDATE: Count=376606 Max=200933.38 Min=7.24 Avg=68.96 10=15.20 25=34.05 50=46.69 75=84.48 90=123.58 95=171.13 99=337.92 99.9=1060.86 99.99=2830.34]
2025-04-22 19:03:04 68 sec: 778513 operations; [READ: Count=389330 Max=5382.14 Min=2.21 Avg=57.19 10=6.86 25=26.53 50=36.41 75=74.11 90=110.46 95=155.65 99=301.57 99.9=914.94 99.99=2177.02] [UPDATE: Count=389183 Max=200933.38 Min=7.24 Avg=68.17 10=15.02 25=33.66 50=45.95 75=83.97 90=121.79 95=169.34 99=335.87 99.9=1059.84 99.99=2830.34]
2025-04-22 19:03:05 69 sec: 805978 operations; [READ: Count=403061 Max=5382.14 Min=2.21 Avg=56.32 10=6.78 25=26.21 50=35.77 75=73.41 90=108.54 95=153.34 99=296.70 99.9=904.19 99.99=2156.54] [UPDATE: Count=402917 Max=200933.38 Min=7.24 Avg=67.19 10=14.83 25=33.25 50=45.15 75=83.26 90=119.81 95=167.04 99=331.01 99.9=1037.82 99.99=2824.19]
2025-04-22 19:03:06 70 sec: 834415 operations; [READ: Count=417184 Max=5382.14 Min=2.21 Avg=55.43 10=6.69 25=25.86 50=35.13 75=72.70 90=106.75 95=151.04 99=292.10 99.9=888.83 99.99=2117.63] [UPDATE: Count=417231 Max=200933.38 Min=7.12 Avg=66.21 10=14.64 25=32.80 50=44.41 75=82.62 90=117.89 95=164.74 99=325.12 99.9=1027.58 99.99=2809.86]
2025-04-22 19:03:07 71 sec: 857304 operations; [READ: Count=428509 Max=5382.14 Min=2.21 Avg=54.94 10=6.60 25=25.55 50=34.66 75=72.06 90=105.53 95=149.89 99=292.61 99.9=912.89 99.99=2107.39] [UPDATE: Count=428795 Max=200933.38 Min=7.12 Avg=65.74 10=14.48 25=32.43 50=43.84 75=82.05 90=116.73 95=163.71 99=327.17 99.9=1049.60 99.99=2809.86]
2025-04-22 19:03:08 72 sec: 883415 operations; [READ: Count=441664 Max=5382.14 Min=2.21 Avg=54.30 10=6.53 25=25.28 50=34.14 75=71.36 90=104.19 95=148.22 99=291.33 99.9=916.99 99.99=2107.39] [UPDATE: Count=441751 Max=200933.38 Min=7.12 Avg=65.02 10=14.36 25=32.08 50=43.23 75=81.41 90=115.33 95=162.18 99=325.38 99.9=1044.48 99.99=2766.85]
2025-04-22 19:03:09 73 sec: 909226 operations; [READ: Count=454533 Max=5382.14 Min=2.21 Avg=53.71 10=6.50 25=25.04 50=33.73 75=70.72 90=102.97 95=146.69 99=290.30 99.9=913.41 99.99=2105.34] [UPDATE: Count=454693 Max=200933.38 Min=7.12 Avg=64.38 10=14.29 25=31.81 50=42.69 75=80.77 90=114.11 95=160.64 99=323.84 99.9=1035.78 99.99=2750.46]
2025-04-22 19:03:10 74 sec: 935071 operations; [READ: Count=467402 Max=5382.14 Min=2.21 Avg=53.16 10=6.52 25=24.83 50=33.38 75=70.08 90=101.95 95=145.15 99=288.25 99.9=903.68 99.99=2079.74] [UPDATE: Count=467669 Max=200933.38 Min=6.68 Avg=63.76 10=14.26 25=31.55 50=42.27 75=80.13 90=113.09 95=159.23 99=320.77 99.9=1029.12 99.99=2678.78]
2025-04-22 19:03:11 75 sec: 958201 operations; [READ: Count=479030 Max=5382.14 Min=2.21 Avg=52.77 10=6.56 25=24.64 50=33.25 75=69.57 90=101.25 95=144.00 99=287.23 99.9=892.93 99.99=2042.88] [UPDATE: Count=479171 Max=200933.38 Min=6.68 Avg=63.37 10=14.31 25=31.34 50=42.08 75=79.61 90=112.45 95=158.34 99=319.49 99.9=1016.83 99.99=2678.78]
2025-04-22 19:03:12 76 sec: 980819 operations; [READ: Count=490398 Max=5382.14 Min=2.21 Avg=52.43 10=6.59 25=24.43 50=33.05 75=69.06 90=100.80 95=143.23 99=287.23 99.9=882.17 99.99=2037.76] [UPDATE: Count=490421 Max=200933.38 Min=6.68 Avg=63.03 10=14.35 25=31.12 50=41.89 75=79.10 90=112.00 95=157.57 99=319.49 99.9=1009.66 99.99=2664.45]
2025-04-22 19:03:13 77 sec: 1000000 operations; [READ: Count=500057 Max=5382.14 Min=2.21 Avg=52.31 10=6.60 25=24.19 50=32.83 75=68.61 90=100.35 95=142.72 99=291.07 99.9=916.48 99.99=2030.59] [UPDATE: Count=499943 Max=200933.38 Min=6.68 Avg=62.89 10=14.32 25=30.89 50=41.63 75=78.66 90=111.55 95=157.18 99=323.58 99.9=1031.68 99.99=2664.45]
2025-04-22 19:03:14 78 sec: 1000000 operations; [READ: Count=500057 Max=5382.14 Min=2.21 Avg=52.31 10=6.60 25=24.19 50=32.83 75=68.61 90=100.35 95=142.72 99=291.07 99.9=916.48 99.99=2030.59] [UPDATE: Count=499943 Max=200933.38 Min=6.68 Avg=62.89 10=14.32 25=30.89 50=41.63 75=78.66 90=111.55 95=157.18 99=323.58 99.9=1031.68 99.99=2664.45]
2025-04-22 19:03:15 79 sec: 1000000 operations; [READ: Count=500057 Max=5382.14 Min=2.21 Avg=52.31 10=6.60 25=24.19 50=32.83 75=68.61 90=100.35 95=142.72 99=291.07 99.9=916.48 99.99=2030.59] [UPDATE: Count=499943 Max=200933.38 Min=6.68 Avg=62.89 10=14.32 25=30.89 50=41.63 75=78.66 90=111.55 95=157.18 99=323.58 99.9=1031.68 99.99=2664.45]
2025-04-22 19:03:16 79 sec: 1000000 operations; [READ: Count=500057 Max=5382.14 Min=2.21 Avg=52.31 10=6.60 25=24.19 50=32.83 75=68.61 90=100.35 95=142.72 99=291.07 99.9=916.48 99.99=2030.59] [UPDATE: Count=499943 Max=200933.38 Min=6.68 Avg=62.89 10=14.32 25=30.89 50=41.63 75=78.66 90=111.55 95=157.18 99=323.58 99.9=1031.68 99.99=2664.45]
Run runtime(sec): 79.422
Run operations(ops): 1000000
Run throughput(ops/sec): 12591
