Running scope as unit: run-ra61669c0f08f44799c8d84944aef49c2.scope
load file:/home/user/DataFiles/silesia_data/silesia.tar
2025-04-23 02:37:39 0 sec: 0 operations;
2025-04-23 02:37:40 1 sec: 80199 operations; [INSERT: Count=80199 Max=1999.87 Min=3.95 Avg=8.87 10=5.09 25=6.39 50=7.94 75=10.37 90=13.43 95=15.16 99=18.66 99.9=38.62 99.99=201.47]
2025-04-23 02:37:41 2 sec: 151921 operations; [INSERT: Count=151921 Max=1999.87 Min=3.95 Avg=9.73 10=5.83 25=7.15 50=8.85 75=11.53 90=14.38 95=16.00 99=19.33 99.9=52.09 99.99=182.14]
2025-04-23 02:37:42 3 sec: 220681 operations; [INSERT: Count=220681 Max=13303.81 Min=3.95 Avg=10.22 10=6.27 25=7.53 50=9.29 75=12.04 90=14.89 95=16.54 99=19.97 99.9=33.70 99.99=182.01]
2025-04-23 02:37:43 4 sec: 289371 operations; [INSERT: Count=289371 Max=13303.81 Min=3.95 Avg=10.48 10=6.54 25=7.78 50=9.57 75=12.36 90=15.20 95=16.86 99=20.38 99.9=31.02 99.99=181.63]
2025-04-23 02:37:44 5 sec: 357076 operations; [INSERT: Count=357076 Max=13303.81 Min=3.95 Avg=10.67 10=6.71 25=7.95 50=9.78 75=12.57 90=15.41 95=17.10 99=20.70 99.9=32.69 99.99=187.26]
2025-04-23 02:37:45 6 sec: 420248 operations; [INSERT: Count=420248 Max=13303.81 Min=3.95 Avg=10.95 10=6.86 25=8.12 50=10.02 75=12.89 90=15.83 95=17.65 99=21.74 99.9=43.45 99.99=185.60]
2025-04-23 02:37:46 7 sec: 479235 operations; [INSERT: Count=479235 Max=13303.81 Min=3.95 Avg=11.22 10=6.96 25=8.26 50=10.22 75=13.21 90=16.30 95=18.29 99=22.98 99.9=43.45 99.99=190.46]
2025-04-23 02:37:47 8 sec: 531338 operations; [INSERT: Count=531338 Max=13303.81 Min=3.95 Avg=11.55 10=7.06 25=8.41 50=10.48 75=13.59 90=16.94 95=19.21 99=24.88 99.9=44.09 99.99=204.29]
2025-04-23 02:37:48 9 sec: 578649 operations; [INSERT: Count=578649 Max=13303.81 Min=3.95 Avg=11.96 10=7.16 25=8.55 50=10.76 75=14.03 90=17.70 95=20.38 99=27.14 99.9=46.30 99.99=223.74]
2025-04-23 02:37:49 10 sec: 626089 operations; [INSERT: Count=626089 Max=13303.81 Min=3.95 Avg=12.30 10=7.25 25=8.70 50=11.02 75=14.43 90=18.40 95=21.39 99=28.61 99.9=47.62 99.99=269.57]
2025-04-23 02:37:50 11 sec: 674364 operations; [INSERT: Count=674364 Max=13303.81 Min=3.95 Avg=12.57 10=7.34 25=8.83 50=11.23 75=14.73 90=18.89 95=22.02 99=29.47 99.9=57.66 99.99=307.97]
2025-04-23 02:37:51 12 sec: 723888 operations; [INSERT: Count=723888 Max=13303.81 Min=3.95 Avg=12.77 10=7.42 25=8.96 50=11.41 75=14.97 90=19.23 95=22.34 99=29.76 99.9=64.45 99.99=332.80]
2025-04-23 02:37:52 13 sec: 770906 operations; [INSERT: Count=770906 Max=13303.81 Min=3.95 Avg=13.01 10=7.50 25=9.08 50=11.57 75=15.18 90=19.50 95=22.66 99=30.34 99.9=82.05 99.99=372.99]
2025-04-23 02:37:53 14 sec: 818636 operations; [INSERT: Count=818636 Max=13303.81 Min=3.95 Avg=13.20 10=7.58 25=9.19 50=11.73 75=15.37 90=19.73 95=22.88 99=30.91 99.9=93.57 99.99=400.38]
2025-04-23 02:37:54 15 sec: 860212 operations; [INSERT: Count=860212 Max=34766.85 Min=3.95 Avg=13.50 10=7.64 25=9.28 50=11.85 75=15.54 90=20.00 95=23.25 99=32.64 99.9=133.76 99.99=414.46]
2025-04-23 02:37:55 16 sec: 908767 operations; [INSERT: Count=908767 Max=34766.85 Min=3.95 Avg=13.69 10=7.66 25=9.30 50=11.88 75=15.60 90=20.11 95=23.45 99=34.11 99.9=137.09 99.99=423.94]
2025-04-23 02:37:56 17 sec: 972799 operations; [INSERT: Count=972799 Max=34766.85 Min=3.95 Avg=13.59 10=7.55 25=9.18 50=11.77 75=15.49 90=20.00 95=23.41 99=35.04 99.9=128.64 99.99=425.73]
2025-04-23 02:37:57 18 sec: 1000000 operations; [INSERT: Count=1000000 Max=34766.85 Min=3.95 Avg=13.74 10=7.52 25=9.15 50=11.73 75=15.47 90=20.06 95=23.58 99=36.64 99.9=141.06 99.99=447.23]
2025-04-23 02:37:58 19 sec: 1000000 operations; [INSERT: Count=1000000 Max=34766.85 Min=3.95 Avg=13.74 10=7.52 25=9.15 50=11.73 75=15.47 90=20.06 95=23.58 99=36.64 99.9=141.06 99.99=447.23]
2025-04-23 02:37:59 20 sec: 1000000 operations; [INSERT: Count=1000000 Max=34766.85 Min=3.95 Avg=13.74 10=7.52 25=9.15 50=11.73 75=15.47 90=20.06 95=23.58 99=36.64 99.9=141.06 99.99=447.23]
2025-04-23 02:38:00 21 sec: 1000000 operations; [INSERT: Count=1000000 Max=34766.85 Min=3.95 Avg=13.74 10=7.52 25=9.15 50=11.73 75=15.47 90=20.06 95=23.58 99=36.64 99.9=141.06 99.99=447.23]
2025-04-23 02:38:01 22 sec: 1000000 operations; [INSERT: Count=1000000 Max=34766.85 Min=3.95 Avg=13.74 10=7.52 25=9.15 50=11.73 75=15.47 90=20.06 95=23.58 99=36.64 99.9=141.06 99.99=447.23]
2025-04-23 02:38:01 22 sec: 1000000 operations; [INSERT: Count=1000000 Max=34766.85 Min=3.95 Avg=13.74 10=7.52 25=9.15 50=11.73 75=15.47 90=20.06 95=23.58 99=36.64 99.9=141.06 99.99=447.23]
Load runtime(sec): 22.0629
Load operations(ops): 1000000
Load throughput(ops/sec): 45325
