Running scope as unit: run-rfb0b923dc8de44d79f36970a66c5caf0.scope
load file:/home/user/DataFiles/silesia_data/silesia.tar
2025-04-21 21:17:27 0 sec: 0 operations;
2025-04-21 21:17:28 1 sec: 34403 operations; [INSERT: Count=34403 Max=2330.62 Min=4.63 Avg=24.83 10=11.21 25=15.48 50=22.11 75=31.55 90=41.38 95=48.19 99=62.40 99.9=113.92 99.99=317.95]
2025-04-21 21:17:29 2 sec: 67193 operations; [INSERT: Count=67193 Max=2330.62 Min=4.63 Avg=26.02 10=12.45 25=16.67 50=23.26 75=32.75 90=42.94 95=49.73 99=63.30 99.9=94.27 99.99=333.57]
2025-04-21 21:17:30 3 sec: 100947 operations; [INSERT: Count=100947 Max=2330.62 Min=4.63 Avg=26.14 10=12.86 25=16.94 50=23.45 75=32.77 90=42.81 95=49.34 99=62.59 99.9=89.34 99.99=324.61]
2025-04-21 21:17:31 4 sec: 135287 operations; [INSERT: Count=135287 Max=2330.62 Min=4.63 Avg=26.08 10=13.03 25=17.02 50=23.39 75=32.59 90=42.49 95=48.90 99=61.85 99.9=86.02 99.99=317.69]
2025-04-21 21:17:32 5 sec: 169730 operations; [INSERT: Count=169730 Max=2330.62 Min=4.63 Avg=26.02 10=13.13 25=17.04 50=23.33 75=32.43 90=42.21 95=48.61 99=61.41 99.9=87.42 99.99=324.61]
2025-04-21 21:17:33 6 sec: 205626 operations; [INSERT: Count=205626 Max=2330.62 Min=4.63 Avg=25.76 10=13.10 25=16.93 50=23.10 75=32.06 90=41.66 95=48.00 99=60.86 99.9=87.49 99.99=317.95]
2025-04-21 21:17:34 7 sec: 242741 operations; [INSERT: Count=242741 Max=9207.81 Min=4.63 Avg=25.44 10=13.02 25=16.72 50=22.75 75=31.57 90=41.02 95=47.26 99=60.00 99.9=87.61 99.99=317.69]
2025-04-21 21:17:35 8 sec: 280206 operations; [INSERT: Count=280206 Max=9207.81 Min=4.63 Avg=25.18 10=12.97 25=16.56 50=22.51 75=31.21 90=40.54 95=46.72 99=59.39 99.9=86.02 99.99=315.65]
2025-04-21 21:17:36 9 sec: 318172 operations; [INSERT: Count=318172 Max=9207.81 Min=4.63 Avg=24.93 10=12.91 25=16.43 50=22.27 75=30.86 90=40.09 95=46.14 99=58.69 99.9=85.76 99.99=314.11]
2025-04-21 21:17:37 10 sec: 357246 operations; [INSERT: Count=357246 Max=9207.81 Min=4.63 Avg=24.64 10=12.83 25=16.26 50=22.02 75=30.48 90=39.58 95=45.53 99=58.11 99.9=84.93 99.99=313.09]
2025-04-21 21:17:38 11 sec: 395803 operations; [INSERT: Count=395803 Max=9207.81 Min=4.63 Avg=24.45 10=12.78 25=16.14 50=21.82 75=30.18 90=39.17 95=45.09 99=57.63 99.9=85.18 99.99=311.81]
2025-04-21 21:17:39 12 sec: 435480 operations; [INSERT: Count=435480 Max=9207.81 Min=4.63 Avg=24.22 10=12.71 25=16.02 50=21.60 75=29.87 90=38.75 95=44.64 99=57.12 99.9=84.16 99.99=309.50]
2025-04-21 21:17:40 13 sec: 468659 operations; [INSERT: Count=468659 Max=9207.81 Min=4.63 Avg=24.41 10=12.77 25=16.10 50=21.76 75=30.09 90=39.07 95=45.09 99=57.82 99.9=86.02 99.99=314.11]
2025-04-21 21:17:41 14 sec: 497859 operations; [INSERT: Count=497859 Max=9207.81 Min=4.63 Avg=24.79 10=12.86 25=16.26 50=22.05 75=30.56 90=39.87 95=46.21 99=59.84 99.9=88.83 99.99=317.18]
2025-04-21 21:17:42 15 sec: 526316 operations; [INSERT: Count=526316 Max=9207.81 Min=4.63 Avg=25.18 10=12.95 25=16.43 50=22.34 75=31.04 90=40.67 95=47.30 99=61.66 99.9=91.39 99.99=319.74]
2025-04-21 21:17:43 16 sec: 553414 operations; [INSERT: Count=553414 Max=9207.81 Min=4.63 Avg=25.58 10=13.05 25=16.59 50=22.64 75=31.52 90=41.50 95=48.45 99=63.65 99.9=100.99 99.99=328.96]
2025-04-21 21:17:44 17 sec: 580272 operations; [INSERT: Count=580272 Max=9625.60 Min=4.63 Avg=25.97 10=13.13 25=16.73 50=22.91 75=31.93 90=42.21 95=49.34 99=65.31 99.9=123.84 99.99=333.57]
2025-04-21 21:17:45 18 sec: 606544 operations; [INSERT: Count=606544 Max=9625.60 Min=4.63 Avg=26.34 10=13.19 25=16.85 50=23.12 75=32.32 90=42.88 95=50.34 99=67.78 99.9=150.91 99.99=358.14]
2025-04-21 21:17:46 19 sec: 634119 operations; [INSERT: Count=634119 Max=9625.60 Min=4.63 Avg=26.63 10=13.19 25=16.86 50=23.18 75=32.48 90=43.30 95=51.04 99=71.04 99.9=168.57 99.99=481.54]
2025-04-21 21:17:47 20 sec: 666828 operations; [INSERT: Count=666828 Max=9625.60 Min=4.63 Avg=26.66 10=13.21 25=16.86 50=23.17 75=32.48 90=43.30 95=51.04 99=71.49 99.9=189.44 99.99=476.42]
2025-04-21 21:17:48 21 sec: 701914 operations; [INSERT: Count=701914 Max=9625.60 Min=4.63 Avg=26.59 10=13.18 25=16.82 50=23.10 75=32.38 90=43.17 95=50.91 99=71.55 99.9=187.78 99.99=477.69]
2025-04-21 21:17:49 22 sec: 737292 operations; [INSERT: Count=737292 Max=9625.60 Min=4.63 Avg=26.52 10=13.17 25=16.80 50=23.05 75=32.32 90=43.04 95=50.69 99=70.97 99.9=183.68 99.99=466.69]
2025-04-21 21:17:50 23 sec: 770120 operations; [INSERT: Count=770120 Max=9625.60 Min=4.63 Avg=26.55 10=13.20 25=16.85 50=23.12 75=32.40 90=43.10 95=50.69 99=70.53 99.9=180.22 99.99=449.02]
2025-04-21 21:17:51 24 sec: 790124 operations; [INSERT: Count=790124 Max=9625.60 Min=4.63 Avg=27.00 10=13.26 25=16.98 50=23.39 75=32.90 90=44.00 95=52.09 99=74.30 99.9=182.66 99.99=477.69]
2025-04-21 21:17:52 25 sec: 810121 operations; [INSERT: Count=810121 Max=9625.60 Min=4.63 Avg=27.43 10=13.34 25=17.10 50=23.68 75=33.44 90=44.93 95=53.53 99=77.38 99.9=180.61 99.99=481.54]
2025-04-21 21:17:53 26 sec: 829618 operations; [INSERT: Count=829618 Max=9625.60 Min=4.63 Avg=27.85 10=13.40 25=17.23 50=23.95 75=33.95 90=45.85 95=54.88 99=80.58 99.9=183.68 99.99=497.15]
2025-04-21 21:17:54 27 sec: 848670 operations; [INSERT: Count=848670 Max=9625.60 Min=4.63 Avg=28.28 10=13.46 25=17.34 50=24.21 75=34.40 90=46.72 95=56.19 99=84.09 99.9=190.59 99.99=551.42]
2025-04-21 21:17:55 28 sec: 870125 operations; [INSERT: Count=870125 Max=9625.60 Min=4.63 Avg=28.61 10=13.51 25=17.44 50=24.40 75=34.75 90=47.36 95=57.15 99=86.33 99.9=195.84 99.99=579.07]
2025-04-21 21:17:56 29 sec: 894507 operations; [INSERT: Count=894507 Max=9625.60 Min=4.63 Avg=28.84 10=13.54 25=17.50 50=24.53 75=35.01 90=47.77 95=57.76 99=88.38 99.9=199.29 99.99=616.45]
2025-04-21 21:17:57 30 sec: 913331 operations; [INSERT: Count=913331 Max=9625.60 Min=4.63 Avg=29.23 10=13.60 25=17.61 50=24.77 75=35.42 90=48.61 95=59.01 99=91.01 99.9=202.62 99.99=627.71]
2025-04-21 21:17:58 31 sec: 931617 operations; [INSERT: Count=931617 Max=9625.60 Min=4.63 Avg=29.62 10=13.65 25=17.71 50=24.98 75=35.84 90=49.34 95=60.22 99=94.27 99.9=216.45 99.99=658.94]
2025-04-21 21:17:59 32 sec: 956294 operations; [INSERT: Count=956294 Max=9625.60 Min=4.63 Avg=29.80 10=13.69 25=17.79 50=25.10 75=36.06 90=49.70 95=60.64 99=94.59 99.9=220.93 99.99=658.94]
2025-04-21 21:18:00 33 sec: 985550 operations; [INSERT: Count=985550 Max=9625.60 Min=4.63 Avg=29.83 10=13.70 25=17.81 50=25.14 75=36.09 90=49.73 95=60.61 99=94.66 99.9=222.59 99.99=674.82]
2025-04-21 21:18:01 34 sec: 1000000 operations; [INSERT: Count=1000000 Max=9625.60 Min=4.63 Avg=29.81 10=13.70 25=17.79 50=25.12 75=36.06 90=49.66 95=60.54 99=94.72 99.9=222.85 99.99=680.96]
2025-04-21 21:18:02 34 sec: 1000000 operations; [INSERT: Count=1000000 Max=9625.60 Min=4.63 Avg=29.81 10=13.70 25=17.79 50=25.12 75=36.06 90=49.66 95=60.54 99=94.72 99.9=222.85 99.99=680.96]
Load runtime(sec): 34.2632
Load operations(ops): 1000000
Load throughput(ops/sec): 29185.8
