Running scope as unit: run-r2192e71ffb894d3d98c1a61af3ac1e9d.scope
load file:/home/user/DataFiles/silesia_data/silesia.tar
2025-04-21 21:17:27 0 sec: 0 operations;
2025-04-21 21:17:28 1 sec: 38267 operations; [INSERT: Count=38267 Max=2019.33 Min=4.35 Avg=22.51 10=7.17 25=9.26 50=14.99 75=29.76 90=48.29 95=60.61 99=88.77 99.9=143.87 99.99=348.16]
2025-04-21 21:17:29 2 sec: 62284 operations; [INSERT: Count=62284 Max=2019.33 Min=4.35 Avg=28.64 10=8.02 25=12.10 50=22.83 75=39.07 90=57.15 95=69.69 99=96.19 99.9=146.30 99.99=348.16]
2025-04-21 21:17:30 3 sec: 85236 operations; [INSERT: Count=85236 Max=2019.33 Min=4.35 Avg=31.78 10=8.82 25=14.71 50=26.78 75=43.04 90=61.02 95=73.60 99=99.97 99.9=149.12 99.99=344.57]
2025-04-21 21:17:31 4 sec: 107348 operations; [INSERT: Count=107348 Max=2019.33 Min=4.35 Avg=33.88 10=9.65 25=16.73 50=29.07 75=45.44 90=63.74 95=76.42 99=104.45 99.9=153.85 99.99=343.81]
2025-04-21 21:17:32 5 sec: 129681 operations; [INSERT: Count=129681 Max=2019.33 Min=4.35 Avg=35.18 10=10.54 25=18.18 50=30.51 75=46.75 90=65.25 95=78.02 99=105.73 99.9=154.24 99.99=343.81]
2025-04-21 21:17:33 6 sec: 152944 operations; [INSERT: Count=152944 Max=3291.14 Min=4.35 Avg=35.87 10=11.43 25=19.12 50=31.30 75=47.39 90=65.60 95=78.14 99=105.28 99.9=156.16 99.99=352.51]
2025-04-21 21:17:34 7 sec: 175654 operations; [INSERT: Count=175654 Max=3291.14 Min=4.35 Avg=36.50 10=12.19 25=19.89 50=31.93 75=48.03 90=66.17 95=78.72 99=105.73 99.9=156.54 99.99=350.46]
2025-04-21 21:17:35 8 sec: 197292 operations; [INSERT: Count=197292 Max=3291.14 Min=4.35 Avg=37.20 10=12.82 25=20.54 50=32.59 75=48.86 90=67.26 95=79.81 99=107.14 99.9=158.72 99.99=350.46]
2025-04-21 21:17:36 9 sec: 218950 operations; [INSERT: Count=218950 Max=3291.14 Min=4.35 Avg=37.77 10=13.35 25=21.05 50=33.15 75=49.44 90=67.97 95=80.64 99=108.35 99.9=159.62 99.99=352.77]
2025-04-21 21:17:37 10 sec: 240326 operations; [INSERT: Count=240326 Max=3291.14 Min=4.35 Avg=38.27 10=13.81 25=21.52 50=33.63 75=49.92 90=68.61 95=81.34 99=109.38 99.9=162.18 99.99=363.77]
2025-04-21 21:17:38 11 sec: 261403 operations; [INSERT: Count=261403 Max=7409.66 Min=4.35 Avg=38.74 10=14.19 25=21.90 50=34.02 75=50.37 90=69.12 95=81.98 99=110.02 99.9=162.18 99.99=377.09]
2025-04-21 21:17:39 12 sec: 282632 operations; [INSERT: Count=282632 Max=7409.66 Min=4.35 Avg=39.12 10=14.57 25=22.27 50=34.40 75=50.81 90=69.57 95=82.43 99=110.33 99.9=160.77 99.99=380.16]
2025-04-21 21:17:40 13 sec: 299598 operations; [INSERT: Count=299598 Max=7409.66 Min=4.35 Avg=40.01 10=14.89 25=22.72 50=35.04 75=51.81 90=71.17 95=84.67 99=115.07 99.9=174.85 99.99=392.70]
2025-04-21 21:17:41 14 sec: 317506 operations; [INSERT: Count=317506 Max=7409.66 Min=4.35 Avg=40.72 10=15.22 25=23.20 50=35.68 75=52.67 90=72.38 95=86.14 99=116.67 99.9=174.59 99.99=392.70]
2025-04-21 21:17:42 15 sec: 335165 operations; [INSERT: Count=335165 Max=7409.66 Min=4.35 Avg=41.38 10=15.51 25=23.66 50=36.32 75=53.50 90=73.53 95=87.42 99=117.89 99.9=174.59 99.99=399.10]
2025-04-21 21:17:43 16 sec: 352635 operations; [INSERT: Count=352635 Max=7409.66 Min=4.35 Avg=41.99 10=15.78 25=24.08 50=36.90 75=54.24 90=74.56 95=88.64 99=119.30 99.9=174.97 99.99=403.45]
2025-04-21 21:17:44 17 sec: 369700 operations; [INSERT: Count=369700 Max=12230.66 Min=4.35 Avg=42.60 10=16.04 25=24.41 50=37.38 75=54.91 90=75.52 95=89.86 99=120.89 99.9=178.05 99.99=436.22]
2025-04-21 21:17:45 18 sec: 385493 operations; [INSERT: Count=385493 Max=12230.66 Min=4.35 Avg=43.29 10=16.27 25=24.78 50=37.92 75=55.71 90=76.80 95=91.52 99=124.42 99.9=194.81 99.99=438.78]
2025-04-21 21:17:46 19 sec: 396465 operations; [INSERT: Count=396465 Max=12230.66 Min=4.35 Avg=44.45 10=16.38 25=25.01 50=38.40 75=56.77 90=78.97 95=95.10 99=136.06 99.9=253.18 99.99=745.47]
2025-04-21 21:17:47 20 sec: 408243 operations; [INSERT: Count=408243 Max=12230.66 Min=4.35 Avg=45.43 10=16.56 25=25.31 50=38.98 75=57.89 90=80.96 95=98.17 99=142.46 99.9=258.81 99.99=759.81]
2025-04-21 21:17:48 21 sec: 424890 operations; [INSERT: Count=424890 Max=12230.66 Min=4.35 Avg=45.84 10=16.73 25=25.54 50=39.30 75=58.37 90=81.79 95=99.20 99=143.87 99.9=259.84 99.99=837.63]
2025-04-21 21:17:49 22 sec: 443174 operations; [INSERT: Count=443174 Max=12230.66 Min=4.35 Avg=46.06 10=16.98 25=25.79 50=39.58 75=58.62 90=81.98 95=99.20 99=143.10 99.9=259.20 99.99=837.63]
2025-04-21 21:17:50 23 sec: 458800 operations; [INSERT: Count=458800 Max=12230.66 Min=4.35 Avg=46.53 10=17.17 25=26.06 50=39.97 75=59.20 90=82.81 95=100.22 99=144.51 99.9=255.74 99.99=855.55]
2025-04-21 21:17:51 24 sec: 470150 operations; [INSERT: Count=470150 Max=12230.66 Min=4.35 Avg=47.37 10=17.31 25=26.35 50=40.48 75=60.19 90=84.61 95=102.85 99=150.14 99.9=260.99 99.99=905.22]
2025-04-21 21:17:52 25 sec: 481437 operations; [INSERT: Count=481437 Max=12230.66 Min=4.35 Avg=48.17 10=17.47 25=26.64 50=40.99 75=61.22 90=86.40 95=105.34 99=154.11 99.9=260.61 99.99=905.22]
2025-04-21 21:17:53 26 sec: 494862 operations; [INSERT: Count=494862 Max=12230.66 Min=4.35 Avg=48.74 10=17.61 25=26.88 50=41.41 75=61.92 90=87.55 95=107.01 99=156.67 99.9=264.70 99.99=928.25]
2025-04-21 21:17:54 27 sec: 506109 operations; [INSERT: Count=506109 Max=12230.66 Min=4.35 Avg=49.48 10=17.76 25=27.17 50=41.95 75=62.91 90=89.22 95=109.25 99=159.87 99.9=265.21 99.99=936.45]
2025-04-21 21:17:55 28 sec: 517483 operations; [INSERT: Count=517483 Max=12230.66 Min=4.35 Avg=50.19 10=17.87 25=27.38 50=42.37 75=63.74 90=90.62 95=111.55 99=163.71 99.9=275.20 99.99=1009.66]
2025-04-21 21:17:56 29 sec: 529039 operations; [INSERT: Count=529039 Max=12230.66 Min=4.35 Avg=50.84 10=17.97 25=27.57 50=42.75 75=64.51 90=92.03 95=113.66 99=167.04 99.9=284.67 99.99=1055.74]
2025-04-21 21:17:57 30 sec: 545319 operations; [INSERT: Count=545319 Max=12230.66 Min=4.35 Avg=51.03 10=18.05 25=27.68 50=42.91 75=64.73 90=92.35 95=114.05 99=167.42 99.9=285.18 99.99=1057.79]
2025-04-21 21:17:58 31 sec: 564411 operations; [INSERT: Count=564411 Max=12230.66 Min=4.35 Avg=50.97 10=18.08 25=27.70 50=42.88 75=64.67 90=92.16 95=113.73 99=166.66 99.9=285.44 99.99=1057.79]
2025-04-21 21:17:59 32 sec: 583555 operations; [INSERT: Count=583555 Max=12230.66 Min=4.35 Avg=50.90 10=18.19 25=27.76 50=42.88 75=64.54 90=91.84 95=113.15 99=165.76 99.9=284.93 99.99=1057.79]
2025-04-21 21:18:00 33 sec: 602380 operations; [INSERT: Count=602380 Max=12230.66 Min=4.35 Avg=50.86 10=18.30 25=27.86 50=42.91 75=64.48 90=91.58 95=112.64 99=164.99 99.9=284.67 99.99=1057.79]
2025-04-21 21:18:01 34 sec: 622122 operations; [INSERT: Count=622122 Max=12230.66 Min=4.35 Avg=50.75 10=18.34 25=27.87 50=42.85 75=64.32 90=91.20 95=112.06 99=164.22 99.9=284.67 99.99=1059.84]
2025-04-21 21:18:02 35 sec: 645833 operations; [INSERT: Count=645833 Max=12230.66 Min=4.35 Avg=50.31 10=18.13 25=27.55 50=42.43 75=63.74 90=90.50 95=111.17 99=163.33 99.9=284.93 99.99=1073.15]
2025-04-21 21:18:03 36 sec: 687333 operations; [INSERT: Count=687333 Max=12230.66 Min=4.35 Avg=48.53 10=16.38 25=25.63 50=40.58 75=61.95 90=88.70 95=109.31 99=161.41 99.9=279.04 99.99=1073.15]
2025-04-21 21:18:04 37 sec: 746186 operations; [INSERT: Count=746186 Max=12230.66 Min=4.35 Avg=45.79 10=13.26 25=22.21 50=37.89 75=59.52 90=86.40 95=106.75 99=158.85 99.9=272.38 99.99=1031.17]
2025-04-21 21:18:05 38 sec: 806337 operations; [INSERT: Count=806337 Max=12230.66 Min=4.35 Avg=43.37 10=11.53 25=19.14 50=35.20 75=57.22 90=84.16 95=104.51 99=156.29 99.9=266.50 99.99=1000.96]
2025-04-21 21:18:06 39 sec: 855407 operations; [INSERT: Count=855407 Max=12230.66 Min=4.35 Avg=41.86 10=11.25 25=17.82 50=33.22 75=55.45 90=82.43 95=102.72 99=154.37 99.9=261.25 99.99=984.06]
2025-04-21 21:18:07 40 sec: 902678 operations; [INSERT: Count=902678 Max=12230.66 Min=4.35 Avg=40.60 10=11.12 25=16.93 50=31.47 75=53.85 90=80.89 95=101.25 99=152.70 99.9=258.30 99.99=995.33]
2025-04-21 21:18:08 41 sec: 953079 operations; [INSERT: Count=953079 Max=12230.66 Min=4.35 Avg=39.32 10=10.72 25=15.94 50=29.71 75=52.26 90=79.36 95=99.65 99=151.17 99.9=256.00 99.99=1028.61]
2025-04-21 21:18:09 41 sec: 1000000 operations; [INSERT: Count=1000000 Max=12230.66 Min=4.22 Avg=38.05 10=10.08 25=14.77 50=28.05 75=50.81 90=78.02 95=98.30 99=149.89 99.9=253.95 99.99=1057.79]
Load runtime(sec): 41.9699
Load operations(ops): 1000000
Load throughput(ops/sec): 23826.6
