Running scope as unit: run-r19a51f3a6f2a418bbb298f8438ac125f.scope
load file:/home/user/DataFiles/silesia_data/silesia.tar
2025-04-23 02:55:01 0 sec: 0 operations;
2025-04-23 02:55:02 1 sec: 0 operations;
2025-04-23 02:55:03 2 sec: 0 operations;
2025-04-23 02:55:04 3 sec: 0 operations;
2025-04-23 02:55:05 4 sec: 0 operations;
2025-04-23 02:55:06 5 sec: 0 operations;
2025-04-23 02:55:07 6 sec: 0 operations;
2025-04-23 02:55:08 7 sec: 0 operations;
2025-04-23 02:55:09 8 sec: 0 operations;
2025-04-23 02:55:10 9 sec: 0 operations;
2025-04-23 02:55:11 10 sec: 0 operations;
2025-04-23 02:55:12 11 sec: 0 operations;
2025-04-23 02:55:13 12 sec: 0 operations;
2025-04-23 02:55:14 13 sec: 0 operations;
2025-04-23 02:55:15 14 sec: 0 operations;
2025-04-23 02:55:16 15 sec: 7548 operations; [READ: Count=3757 Max=988.67 Min=3.46 Avg=114.09 10=47.26 25=76.09 50=103.23 75=151.55 90=194.56 95=209.79 99=243.33 99.9=287.74 99.99=988.67] [UPDATE: Count=3791 Max=996.35 Min=9.33 Avg=120.71 10=56.80 25=83.14 50=108.93 75=156.16 90=198.14 95=217.09 99=253.82 99.9=469.76 99.99=996.35]
2025-04-23 02:55:17 16 sec: 14684 operations; [READ: Count=7321 Max=2115.58 Min=3.46 Avg=123.34 10=47.94 25=76.80 50=104.58 75=151.42 90=196.48 95=217.47 99=480.25 99.9=1665.02 99.99=2065.41] [UPDATE: Count=7363 Max=2568.19 Min=8.98 Avg=132.38 10=56.22 25=83.71 50=110.66 75=159.10 90=205.06 95=228.09 99=637.95 99.9=1676.29 99.99=2191.36]
2025-04-23 02:55:18 17 sec: 22829 operations; [READ: Count=11349 Max=2115.58 Min=2.55 Avg=121.08 10=47.90 25=76.29 50=104.13 75=148.86 90=196.48 95=217.60 99=462.85 99.9=1543.17 99.99=2065.41] [UPDATE: Count=11480 Max=2568.19 Min=8.03 Avg=130.26 10=55.77 25=83.71 50=111.04 75=158.34 90=204.80 95=228.35 99=528.38 99.9=1453.06 99.99=2191.36]
2025-04-23 02:55:19 18 sec: 31543 operations; [READ: Count=15661 Max=2115.58 Min=2.55 Avg=117.89 10=47.45 25=75.78 50=103.17 75=147.46 90=194.43 95=213.63 99=312.57 99.9=1415.17 99.99=2044.93] [UPDATE: Count=15882 Max=2568.19 Min=8.03 Avg=126.88 10=54.88 25=83.14 50=110.59 75=156.16 90=202.50 95=224.00 99=439.30 99.9=1403.90 99.99=1888.26]
2025-04-23 02:55:20 19 sec: 40181 operations; [READ: Count=19936 Max=2115.58 Min=2.55 Avg=116.53 10=47.07 25=75.33 50=102.91 75=147.46 90=193.53 95=212.74 99=276.22 99.9=1275.90 99.99=2044.93] [UPDATE: Count=20245 Max=2568.19 Min=7.90 Avg=124.96 10=54.14 25=82.62 50=110.33 75=155.39 90=201.34 95=222.21 99=358.91 99.9=1238.02 99.99=1888.26]
2025-04-23 02:55:21 20 sec: 48790 operations; [READ: Count=24221 Max=2115.58 Min=2.54 Avg=115.36 10=46.24 25=74.75 50=102.40 75=145.79 90=192.25 95=212.22 99=286.72 99.9=1179.65 99.99=2044.93] [UPDATE: Count=24569 Max=2885.63 Min=7.84 Avg=124.20 10=53.41 25=82.05 50=109.82 75=154.11 90=200.45 95=221.95 99=384.51 99.9=1186.82 99.99=2191.36]
2025-04-23 02:55:22 21 sec: 57168 operations; [READ: Count=28396 Max=2115.58 Min=2.54 Avg=115.21 10=45.82 25=74.56 50=102.27 75=145.28 90=191.10 95=211.71 99=296.19 99.9=1255.42 99.99=1945.60] [UPDATE: Count=28772 Max=3745.79 Min=7.62 Avg=123.94 10=52.96 25=81.73 50=109.50 75=153.22 90=199.55 95=221.31 99=387.07 99.9=1240.06 99.99=2191.36]
2025-04-23 02:55:23 22 sec: 64924 operations; [READ: Count=32301 Max=2539.52 Min=2.54 Avg=116.34 10=45.47 25=74.05 50=101.69 75=144.25 90=190.34 95=211.33 99=369.92 99.9=1527.81 99.99=2065.41] [UPDATE: Count=32623 Max=3745.79 Min=7.62 Avg=124.84 10=52.38 25=81.28 50=109.12 75=151.94 90=198.53 95=220.67 99=443.65 99.9=1471.49 99.99=2514.94]
2025-04-23 02:55:25 23 sec: 73959 operations; [READ: Count=36810 Max=2539.52 Min=2.54 Avg=115.03 10=45.31 25=73.92 50=101.57 75=143.10 90=189.06 95=209.92 99=308.48 99.9=1472.51 99.99=2044.93] [UPDATE: Count=37149 Max=3745.79 Min=7.62 Avg=123.48 10=52.13 25=81.02 50=108.99 75=151.17 90=197.25 95=219.39 99=398.33 99.9=1442.82 99.99=2195.45]
2025-04-23 02:55:26 24 sec: 82657 operations; [READ: Count=41237 Max=2539.52 Min=2.54 Avg=114.48 10=45.31 25=74.17 50=101.82 75=143.23 90=188.54 95=209.41 99=280.57 99.9=1415.17 99.99=2044.93] [UPDATE: Count=41420 Max=3745.79 Min=7.62 Avg=122.91 10=52.26 25=81.22 50=109.38 75=151.42 90=196.86 95=218.88 99=356.35 99.9=1408.00 99.99=2195.45]
2025-04-23 02:55:27 25 sec: 91572 operations; [READ: Count=45663 Max=2539.52 Min=2.45 Avg=113.78 10=45.02 25=73.79 50=101.69 75=142.59 90=187.65 95=209.02 99=278.53 99.9=1376.26 99.99=2040.83] [UPDATE: Count=45909 Max=3745.79 Min=7.62 Avg=122.14 10=51.97 25=81.02 50=109.25 75=150.53 90=195.84 95=217.98 99=338.69 99.9=1357.82 99.99=2191.36]
2025-04-23 02:55:28 26 sec: 100187 operations; [READ: Count=49986 Max=2889.73 Min=2.45 Avg=113.44 10=44.70 25=73.34 50=101.44 75=141.82 90=186.62 95=208.64 99=282.62 99.9=1382.40 99.99=2065.41] [UPDATE: Count=50201 Max=3745.79 Min=7.62 Avg=122.01 10=51.52 25=80.70 50=108.99 75=149.89 90=195.07 95=217.60 99=361.47 99.9=1408.00 99.99=2195.45]
2025-04-23 02:55:29 27 sec: 107897 operations; [READ: Count=53870 Max=2889.73 Min=2.45 Avg=113.73 10=44.45 25=72.96 50=101.12 75=141.31 90=185.98 95=208.38 99=293.63 99.9=1527.81 99.99=2576.38] [UPDATE: Count=54027 Max=14770.17 Min=7.62 Avg=123.30 10=51.10 25=80.32 50=108.80 75=149.50 90=194.56 95=217.09 99=369.92 99.9=1591.30 99.99=5820.41]
2025-04-23 02:55:30 28 sec: 117221 operations; [READ: Count=58537 Max=2889.73 Min=2.45 Avg=112.81 10=44.06 25=72.64 50=100.93 75=140.67 90=184.96 95=207.23 99=278.53 99.9=1483.78 99.99=2568.19] [UPDATE: Count=58684 Max=14770.17 Min=7.62 Avg=122.27 10=50.78 25=80.00 50=108.61 75=148.86 90=193.41 95=215.94 99=348.16 99.9=1517.57 99.99=3745.79]
2025-04-23 02:55:31 29 sec: 127426 operations; [READ: Count=63648 Max=2889.73 Min=2.45 Avg=111.16 10=43.39 25=70.66 50=99.71 75=139.39 90=183.29 95=206.08 99=271.62 99.9=1441.79 99.99=2568.19] [UPDATE: Count=63778 Max=14770.17 Min=7.18 Avg=120.63 10=50.08 25=78.14 50=107.45 75=147.58 90=191.87 95=214.66 99=329.73 99.9=1471.49 99.99=3745.79]
2025-04-23 02:55:32 30 sec: 140109 operations; [READ: Count=69953 Max=2889.73 Min=2.45 Avg=107.73 10=41.63 25=65.73 50=96.83 75=136.32 90=179.84 95=203.65 99=263.17 99.9=1382.40 99.99=2547.71] [UPDATE: Count=70156 Max=14770.17 Min=7.18 Avg=117.16 10=48.51 25=73.47 50=104.64 75=144.38 90=188.93 95=212.22 99=300.54 99.9=1442.82 99.99=3389.44]
2025-04-23 02:55:33 31 sec: 153621 operations; [READ: Count=76675 Max=2889.73 Min=2.45 Avg=104.40 10=39.94 25=61.60 50=94.02 75=132.99 90=176.38 95=201.34 99=256.77 99.9=1362.94 99.99=2539.52] [UPDATE: Count=76946 Max=14770.17 Min=7.02 Avg=113.57 10=46.56 25=68.93 50=101.69 75=141.06 90=185.34 95=209.79 99=290.05 99.9=1399.81 99.99=2955.26]
2025-04-23 02:55:34 32 sec: 166785 operations; [READ: Count=83111 Max=2889.73 Min=2.45 Avg=101.81 10=38.27 25=58.27 50=91.84 75=129.73 90=173.44 95=199.17 99=255.10 99.9=1362.94 99.99=2547.71] [UPDATE: Count=83674 Max=14770.17 Min=7.02 Avg=110.79 10=44.86 25=65.31 50=99.26 75=137.60 90=181.89 95=207.62 99=287.23 99.9=1387.52 99.99=2955.26]
2025-04-23 02:55:35 33 sec: 179662 operations; [READ: Count=89547 Max=4730.88 Min=2.45 Avg=99.62 10=36.90 25=55.55 50=89.53 75=126.53 90=170.50 95=197.12 99=253.31 99.9=1403.90 99.99=2574.34] [UPDATE: Count=90115 Max=23379.97 Min=7.02 Avg=108.76 10=43.45 25=62.75 50=96.96 75=134.27 90=179.20 95=205.69 99=284.67 99.9=1485.82 99.99=3389.44]
2025-04-23 02:55:36 34 sec: 193904 operations; [READ: Count=96662 Max=4730.88 Min=2.45 Avg=97.14 10=35.97 25=53.28 50=87.49 75=123.26 90=167.42 95=194.94 99=249.85 99.9=1374.21 99.99=2568.19] [UPDATE: Count=97242 Max=23379.97 Min=7.02 Avg=106.13 10=42.56 25=60.67 50=94.97 75=131.20 90=176.00 95=203.52 99=274.43 99.9=1455.10 99.99=2955.26]
2025-04-23 02:55:37 35 sec: 208103 operations; [READ: Count=103672 Max=4730.88 Min=2.41 Avg=95.02 10=35.36 25=51.71 50=85.82 75=120.45 90=164.61 95=192.64 99=246.91 99.9=1355.78 99.99=2568.19] [UPDATE: Count=104431 Max=23379.97 Min=7.02 Avg=103.86 10=41.82 25=59.04 50=93.18 75=128.25 90=172.93 95=201.34 99=268.03 99.9=1418.24 99.99=2955.26]
2025-04-23 02:55:38 36 sec: 222593 operations; [READ: Count=110886 Max=4730.88 Min=2.41 Avg=93.01 10=34.78 25=50.46 50=83.97 75=118.08 90=161.66 95=190.46 99=243.58 99.9=1275.90 99.99=2547.71] [UPDATE: Count=111707 Max=23379.97 Min=7.02 Avg=101.80 10=41.15 25=57.73 50=91.39 75=125.69 90=170.11 95=199.04 99=264.96 99.9=1360.89 99.99=2947.07]
2025-04-23 02:55:39 37 sec: 236856 operations; [READ: Count=117916 Max=4730.88 Min=2.23 Avg=91.37 10=34.30 25=49.66 50=82.30 75=115.84 90=158.97 95=188.29 99=241.41 99.9=1275.90 99.99=2453.50] [UPDATE: Count=118940 Max=23379.97 Min=7.02 Avg=100.04 10=40.58 25=56.67 50=89.73 75=123.33 90=167.29 95=196.99 99=261.12 99.9=1357.82 99.99=2947.07]
2025-04-23 02:55:40 38 sec: 250854 operations; [READ: Count=124853 Max=4730.88 Min=2.23 Avg=90.04 10=34.02 25=49.05 50=81.02 75=113.79 90=156.67 95=186.37 99=239.49 99.9=1306.62 99.99=2568.19] [UPDATE: Count=126001 Max=23379.97 Min=6.78 Avg=98.56 10=40.13 25=56.00 50=88.19 75=121.34 90=164.74 95=195.07 99=258.56 99.9=1357.82 99.99=2885.63]
2025-04-23 02:55:41 39 sec: 265813 operations; [READ: Count=132280 Max=4730.88 Min=2.23 Avg=88.48 10=33.57 25=48.48 50=79.61 75=112.00 90=154.24 95=184.32 99=237.18 99.9=1255.42 99.99=2547.71] [UPDATE: Count=133533 Max=23379.97 Min=6.78 Avg=96.93 10=39.62 25=55.33 50=86.91 75=119.42 90=162.30 95=193.15 99=255.23 99.9=1323.01 99.99=2885.63]
2025-04-23 02:55:42 40 sec: 280701 operations; [READ: Count=139706 Max=4730.88 Min=2.23 Avg=87.12 10=33.18 25=48.00 50=78.46 75=110.46 90=152.06 95=182.14 99=235.13 99.9=1211.39 99.99=2539.52] [UPDATE: Count=140995 Max=23379.97 Min=6.78 Avg=95.49 10=39.10 25=54.81 50=85.63 75=117.76 90=160.13 95=191.23 99=252.41 99.9=1308.67 99.99=2781.18]
2025-04-23 02:55:43 41 sec: 295748 operations; [READ: Count=147097 Max=4730.88 Min=2.23 Avg=85.85 10=32.73 25=47.62 50=77.31 75=109.12 90=150.01 95=180.09 99=233.34 99.9=1200.13 99.99=2453.50] [UPDATE: Count=148651 Max=23379.97 Min=6.75 Avg=94.14 10=38.53 25=54.34 50=84.42 75=116.35 90=157.95 95=189.31 99=249.73 99.9=1254.40 99.99=2568.19]
2025-04-23 02:55:44 42 sec: 310965 operations; [READ: Count=154629 Max=4730.88 Min=2.23 Avg=84.64 10=32.24 25=47.20 50=76.35 75=107.90 90=148.09 95=178.05 99=231.55 99.9=1155.07 99.99=2453.50] [UPDATE: Count=156336 Max=23379.97 Min=6.75 Avg=92.89 10=37.85 25=53.89 50=83.33 75=115.14 90=156.03 95=187.13 99=247.29 99.9=1225.73 99.99=2549.76]
2025-04-23 02:55:45 43 sec: 326390 operations; [READ: Count=162266 Max=4730.88 Min=2.23 Avg=83.50 10=31.49 25=46.81 50=75.39 75=106.75 90=146.18 95=176.13 99=229.89 99.9=1133.57 99.99=2398.21] [UPDATE: Count=164124 Max=23379.97 Min=6.75 Avg=91.68 10=36.90 25=53.44 50=82.30 75=113.98 90=154.11 95=185.22 99=244.61 99.9=1186.82 99.99=2549.76]
2025-04-23 02:55:46 44 sec: 341444 operations; [READ: Count=169761 Max=4730.88 Min=2.23 Avg=82.55 10=30.18 25=46.56 50=74.56 75=105.98 90=144.51 95=174.46 99=228.48 99.9=1069.06 99.99=2381.82] [UPDATE: Count=171683 Max=23379.97 Min=6.75 Avg=90.69 10=28.67 25=53.15 50=81.41 75=113.22 90=152.32 95=183.29 99=242.69 99.9=1155.07 99.99=2514.94]
2025-04-23 02:55:47 45 sec: 356628 operations; [READ: Count=177343 Max=4730.88 Min=2.23 Avg=81.66 10=15.13 25=46.30 50=73.60 75=105.22 90=142.85 95=172.93 99=226.69 99.9=1049.60 99.99=2377.73] [UPDATE: Count=179285 Max=23379.97 Min=6.75 Avg=89.74 10=21.76 25=52.86 50=80.45 75=112.45 90=150.66 95=181.50 99=241.28 99.9=1125.38 99.99=2404.35]
2025-04-23 02:55:48 46 sec: 371660 operations; [READ: Count=184980 Max=4730.88 Min=2.05 Avg=80.80 10=12.08 25=46.02 50=72.70 75=104.64 90=141.31 95=171.01 99=224.90 99.9=1001.98 99.99=2377.73] [UPDATE: Count=186680 Max=23379.97 Min=6.75 Avg=88.98 10=19.97 25=52.64 50=79.68 75=111.81 90=149.25 95=179.84 99=240.00 99.9=1097.73 99.99=2404.35]
2025-04-23 02:55:49 47 sec: 386893 operations; [READ: Count=192642 Max=4730.88 Min=2.05 Avg=80.01 10=10.70 25=45.76 50=71.74 75=104.00 90=139.90 95=169.34 99=223.49 99.9=978.43 99.99=2336.77] [UPDATE: Count=194251 Max=23379.97 Min=6.75 Avg=88.19 10=18.89 25=52.41 50=78.91 75=111.17 90=147.84 95=178.30 99=238.59 99.9=1076.22 99.99=2404.35]
2025-04-23 02:55:50 48 sec: 401674 operations; [READ: Count=200083 Max=4730.88 Min=2.05 Avg=79.35 10=10.04 25=45.53 50=70.91 75=103.55 90=138.75 95=167.94 99=222.46 99.9=956.41 99.99=2127.87] [UPDATE: Count=201591 Max=23379.97 Min=6.75 Avg=87.58 10=18.22 25=52.26 50=78.27 75=110.78 90=146.69 95=176.90 99=237.18 99.9=1062.91 99.99=2355.20]
2025-04-23 02:55:51 49 sec: 415507 operations; [READ: Count=207047 Max=4730.88 Min=2.05 Avg=78.87 10=9.75 25=45.41 50=70.33 75=103.30 90=137.85 95=166.78 99=221.44 99.9=930.82 99.99=2115.58] [UPDATE: Count=208460 Max=23379.97 Min=6.75 Avg=87.25 10=17.95 25=52.13 50=77.82 75=110.53 90=145.79 95=175.62 99=236.03 99.9=1062.91 99.99=2568.19]
2025-04-23 02:55:52 50 sec: 429880 operations; [READ: Count=214259 Max=4730.88 Min=2.05 Avg=78.38 10=9.55 25=45.28 50=69.89 75=102.97 90=136.96 95=165.50 99=220.29 99.9=911.87 99.99=2115.58] [UPDATE: Count=215621 Max=23379.97 Min=6.75 Avg=86.78 10=17.71 25=52.03 50=77.38 75=110.33 90=144.90 95=174.34 99=234.62 99.9=1033.21 99.99=2549.76]
2025-04-23 02:55:53 51 sec: 444810 operations; [READ: Count=221699 Max=4730.88 Min=2.05 Avg=77.83 10=9.25 25=45.05 50=69.18 75=102.59 90=135.94 95=164.09 99=219.13 99.9=851.97 99.99=2080.77] [UPDATE: Count=223111 Max=23379.97 Min=6.75 Avg=86.22 10=17.38 25=51.84 50=76.86 75=109.95 90=143.87 95=173.06 99=233.47 99.9=1008.64 99.99=2549.76]
2025-04-23 02:55:54 52 sec: 460268 operations; [READ: Count=229396 Max=4730.88 Min=2.05 Avg=77.25 10=8.96 25=44.83 50=68.54 75=102.21 90=134.91 95=162.81 99=218.11 99.9=830.98 99.99=2078.72] [UPDATE: Count=230872 Max=23379.97 Min=6.75 Avg=85.58 10=16.94 25=51.58 50=76.22 75=109.57 90=142.97 95=171.78 99=232.19 99.9=989.70 99.99=2514.94]
2025-04-23 02:55:55 53 sec: 476512 operations; [READ: Count=237513 Max=4730.88 Min=2.05 Avg=76.54 10=8.62 25=44.45 50=67.78 75=101.57 90=133.89 95=161.53 99=217.22 99.9=816.13 99.99=2078.72] [UPDATE: Count=238999 Max=23379.97 Min=6.75 Avg=84.87 10=16.53 25=51.23 50=75.52 75=108.99 90=141.82 95=170.50 99=230.91 99.9=975.87 99.99=2355.20]
2025-04-23 02:55:56 54 sec: 496432 operations; [READ: Count=247439 Max=4730.88 Min=2.05 Avg=75.23 10=8.21 25=43.23 50=66.17 75=100.29 90=132.35 95=159.74 99=216.06 99.9=804.86 99.99=2078.72] [UPDATE: Count=248993 Max=23379.97 Min=6.54 Avg=83.67 10=16.05 25=50.17 50=73.79 75=107.78 90=140.41 95=168.96 99=230.01 99.9=977.92 99.99=2549.76]
2025-04-23 02:55:57 55 sec: 525876 operations; [READ: Count=262254 Max=4730.88 Min=2.05 Avg=72.66 10=7.69 25=38.98 50=63.52 75=98.24 90=130.11 95=157.31 99=214.27 99.9=767.49 99.99=2070.53] [UPDATE: Count=263622 Max=23379.97 Min=6.54 Avg=81.06 10=15.38 25=46.24 50=70.85 75=105.73 90=138.11 95=166.27 99=228.09 99.9=935.93 99.99=2404.35]
2025-04-23 02:55:58 56 sec: 557824 operations; [READ: Count=278232 Max=4730.88 Min=2.05 Avg=70.05 10=7.21 25=35.52 50=60.86 75=96.13 90=127.74 95=154.88 99=212.35 99.9=715.26 99.99=2065.41] [UPDATE: Count=279592 Max=23379.97 Min=6.54 Avg=78.37 10=14.73 25=42.66 50=67.97 75=103.61 90=135.81 95=163.84 99=226.18 99.9=896.00 99.99=2355.20]
2025-04-23 02:55:59 57 sec: 588795 operations; [READ: Count=293778 Max=4730.88 Min=2.05 Avg=67.84 10=6.85 25=34.08 50=57.66 75=94.21 90=125.69 95=152.83 99=210.94 99.9=699.90 99.99=2044.93] [UPDATE: Count=295017 Max=23379.97 Min=6.54 Avg=76.09 10=14.29 25=40.96 50=64.99 75=101.69 90=133.76 95=161.53 99=224.38 99.9=877.05 99.99=2318.34]
2025-04-23 02:56:00 58 sec: 620971 operations; [READ: Count=309761 Max=4730.88 Min=2.05 Avg=65.72 10=6.57 25=33.28 50=53.60 75=92.35 90=123.65 95=150.66 99=209.66 99.9=666.11 99.99=2015.23] [UPDATE: Count=311210 Max=23379.97 Min=6.54 Avg=73.89 10=13.86 25=39.87 50=61.28 75=99.71 90=131.71 95=159.49 99=222.59 99.9=847.87 99.99=2267.14]
2025-04-23 02:56:01 59 sec: 653413 operations; [READ: Count=325949 Max=4730.88 Min=2.05 Avg=63.77 10=6.31 25=32.80 50=50.56 75=90.50 90=121.86 95=148.61 99=208.51 99.9=654.34 99.99=1989.63] [UPDATE: Count=327464 Max=23379.97 Min=6.48 Avg=71.90 10=13.49 25=39.17 50=58.05 75=97.86 90=129.98 95=157.44 99=221.06 99.9=819.71 99.99=2195.45]
2025-04-23 02:56:02 60 sec: 686958 operations; [READ: Count=342782 Max=4730.88 Min=2.05 Avg=61.91 10=6.13 25=32.45 50=48.26 75=88.51 90=120.13 95=146.69 99=206.85 99.9=627.71 99.99=1988.61] [UPDATE: Count=344176 Max=23379.97 Min=6.48 Avg=69.98 10=13.18 25=38.66 50=55.42 75=95.94 90=128.19 95=155.52 99=219.39 99.9=784.89 99.99=2195.45]
2025-04-23 02:56:03 61 sec: 721061 operations; [READ: Count=359767 Max=4730.88 Min=2.05 Avg=60.17 10=5.97 25=32.17 50=45.92 75=86.33 90=118.53 95=144.77 99=205.44 99.9=599.04 99.99=1976.32] [UPDATE: Count=361294 Max=23379.97 Min=6.48 Avg=68.18 10=12.90 25=38.27 50=53.02 75=93.82 90=126.46 95=153.47 99=217.34 99.9=762.88 99.99=2177.02]
2025-04-23 02:56:04 62 sec: 755034 operations; [READ: Count=376728 Max=4730.88 Min=2.05 Avg=58.59 10=5.84 25=31.93 50=43.20 75=84.09 90=116.99 95=142.97 99=204.16 99.9=582.65 99.99=1946.62] [UPDATE: Count=378306 Max=23379.97 Min=6.48 Avg=66.57 10=12.70 25=37.98 50=50.56 75=91.65 90=124.93 95=151.55 99=215.81 99.9=734.72 99.99=2129.92]
2025-04-23 02:56:05 63 sec: 789784 operations; [READ: Count=394005 Max=4730.88 Min=2.05 Avg=57.09 10=5.73 25=31.73 50=40.06 75=81.66 90=115.45 95=141.18 99=202.88 99.9=560.13 99.99=1945.60] [UPDATE: Count=395779 Max=23379.97 Min=6.48 Avg=65.02 10=12.50 25=37.70 50=47.81 75=89.28 90=123.26 95=149.89 99=214.27 99.9=697.86 99.99=2121.73]
2025-04-23 02:56:06 64 sec: 825125 operations; [READ: Count=411540 Max=4730.88 Min=2.05 Avg=55.69 10=5.64 25=31.54 50=37.95 75=79.36 90=113.86 95=139.52 99=201.47 99.9=537.60 99.99=1936.38] [UPDATE: Count=413585 Max=23379.97 Min=6.48 Avg=63.55 10=12.34 25=37.44 50=45.73 75=86.91 90=121.60 95=148.09 99=212.61 99.9=670.72 99.99=2087.93]
2025-04-23 02:56:07 65 sec: 860689 operations; [READ: Count=429247 Max=4730.88 Min=2.05 Avg=54.37 10=5.55 25=31.33 50=36.64 75=76.99 90=112.38 95=137.98 99=200.19 99.9=527.87 99.99=1876.99] [UPDATE: Count=431442 Max=23379.97 Min=6.48 Avg=62.20 10=12.18 25=37.18 50=44.38 75=84.48 90=120.13 95=146.43 99=211.33 99.9=655.87 99.99=2078.72]
2025-04-23 02:56:08 66 sec: 896329 operations; [READ: Count=447115 Max=4730.88 Min=2.05 Avg=53.15 10=5.48 25=31.15 50=35.90 75=74.56 90=111.04 95=136.32 99=198.78 99.9=509.95 99.99=1848.32] [UPDATE: Count=449214 Max=23379.97 Min=6.48 Avg=60.97 10=12.10 25=36.99 50=43.58 75=82.05 90=118.78 95=144.90 99=210.05 99.9=638.98 99.99=2053.12]
2025-04-23 02:56:09 67 sec: 931015 operations; [READ: Count=464442 Max=4730.88 Min=1.90 Avg=52.09 10=5.49 25=31.01 50=35.55 75=71.74 90=109.76 95=135.04 99=197.63 99.9=501.25 99.99=1848.32] [UPDATE: Count=466573 Max=23379.97 Min=6.40 Avg=59.87 10=12.05 25=36.77 50=43.10 75=79.55 90=117.50 95=143.36 99=208.90 99.9=616.45 99.99=2039.81]
2025-04-23 02:56:10 68 sec: 962052 operations; [READ: Count=479954 Max=4730.88 Min=1.90 Avg=51.31 10=5.52 25=30.86 50=35.45 75=69.31 90=108.73 95=133.76 99=196.61 99.9=495.36 99.99=1840.13] [UPDATE: Count=482098 Max=23379.97 Min=6.40 Avg=59.07 10=12.05 25=36.61 50=42.94 75=77.31 90=116.42 95=142.08 99=207.62 99.9=608.25 99.99=2039.81]
2025-04-23 02:56:11 69 sec: 986702 operations; [READ: Count=492363 Max=4730.88 Min=1.90 Avg=50.90 10=5.54 25=30.73 50=35.52 75=68.22 90=107.97 95=132.86 99=195.84 99.9=486.40 99.99=1840.13] [UPDATE: Count=494339 Max=23379.97 Min=6.40 Avg=58.70 10=12.06 25=36.45 50=42.98 75=76.35 90=115.78 95=141.31 99=207.23 99.9=598.53 99.99=2038.78]
2025-04-23 02:56:12 70 sec: 1000000 operations; [READ: Count=499070 Max=4730.88 Min=1.90 Avg=50.74 10=5.56 25=30.66 50=35.55 75=67.97 90=107.65 95=132.35 99=195.46 99.9=480.00 99.99=1840.13] [UPDATE: Count=500930 Max=23379.97 Min=6.40 Avg=58.55 10=12.07 25=36.35 50=42.98 75=76.09 90=115.45 95=140.93 99=206.85 99.9=593.41 99.99=2030.59]
2025-04-23 02:56:12 70 sec: 1000000 operations; [READ: Count=499070 Max=4730.88 Min=1.90 Avg=50.74 10=5.56 25=30.66 50=35.55 75=67.97 90=107.65 95=132.35 99=195.46 99.9=480.00 99.99=1840.13] [UPDATE: Count=500930 Max=23379.97 Min=6.40 Avg=58.55 10=12.07 25=36.35 50=42.98 75=76.09 90=115.45 95=140.93 99=206.85 99.9=593.41 99.99=2030.59]
Run runtime(sec): 70.5333
Run operations(ops): 1000000
Run throughput(ops/sec): 14177.7
