Running scope as unit: run-r31456d07e1774d77ad6920816e5879a1.scope
load file:/home/user/DataFiles/silesia_data/silesia.tar
2025-04-22 06:09:59 0 sec: 0 operations;
2025-04-22 06:10:00 1 sec: 0 operations;
2025-04-22 06:10:01 2 sec: 0 operations;
2025-04-22 06:10:02 3 sec: 0 operations;
2025-04-22 06:10:03 4 sec: 0 operations;
2025-04-22 06:10:04 5 sec: 0 operations;
2025-04-22 06:10:05 6 sec: 6001 operations; [READ: Count=3037 Max=2136.06 Min=4.11 Avg=75.30 10=18.77 25=24.02 50=30.89 75=50.05 90=129.60 95=229.89 99=842.75 99.9=1604.61 99.99=2136.06] [UPDATE: Count=2964 Max=9125.89 Min=13.82 Avg=100.61 10=29.17 25=35.33 50=44.73 75=71.04 90=149.38 95=297.98 99=980.48 99.9=4030.46 99.99=9125.89]
2025-04-22 06:10:06 7 sec: 13426 operations; [READ: Count=6799 Max=2136.06 Min=3.22 Avg=96.50 10=18.48 25=24.02 50=31.52 75=49.57 90=147.71 95=519.68 99=1108.99 99.9=1786.88 99.99=2064.38] [UPDATE: Count=6627 Max=11010.05 Min=8.82 Avg=129.15 10=28.45 25=34.43 50=43.62 75=67.26 90=177.28 95=580.10 99=1233.92 99.9=5722.11 99.99=10264.58]
2025-04-22 06:10:07 8 sec: 21029 operations; [READ: Count=10613 Max=2701.31 Min=2.54 Avg=104.03 10=18.41 25=24.11 50=31.50 75=49.18 90=185.22 95=615.93 99=1121.28 99.9=1786.88 99.99=2136.06] [UPDATE: Count=10416 Max=11010.05 Min=8.82 Avg=135.22 10=28.24 25=34.27 50=43.45 75=64.86 90=221.31 95=675.84 99=1251.33 99.9=7057.41 99.99=10534.91]
2025-04-22 06:10:08 9 sec: 36103 operations; [READ: Count=18194 Max=2701.31 Min=2.54 Avg=85.02 10=15.73 25=22.56 50=29.86 75=46.72 90=139.13 95=384.77 99=1004.54 99.9=1634.30 99.99=2064.38] [UPDATE: Count=17909 Max=11010.05 Min=7.66 Avg=108.90 10=24.77 25=31.68 50=40.99 75=61.79 90=160.51 95=443.39 99=1114.11 99.9=4202.49 99.99=10272.77]
2025-04-22 06:10:09 10 sec: 53000 operations; [READ: Count=26559 Max=2701.31 Min=2.54 Avg=75.06 10=13.98 25=18.19 50=26.88 75=42.27 90=131.07 95=314.88 99=936.96 99.9=1588.22 99.99=2064.38] [UPDATE: Count=26441 Max=11010.05 Min=7.66 Avg=94.09 10=21.66 25=27.57 50=36.93 75=55.49 90=144.90 95=347.13 99=1012.74 99.9=3602.43 99.99=10264.58]
2025-04-22 06:10:10 11 sec: 73260 operations; [READ: Count=36786 Max=2701.31 Min=2.54 Avg=66.24 10=13.75 25=16.80 50=25.26 75=38.17 90=123.07 95=246.14 99=833.53 99.9=1490.94 99.99=1975.30] [UPDATE: Count=36474 Max=11010.05 Min=7.25 Avg=82.94 10=21.01 25=25.70 50=34.56 75=50.21 90=136.06 95=267.01 99=910.85 99.9=2674.69 99.99=10035.20]
2025-04-22 06:10:11 12 sec: 94440 operations; [READ: Count=47293 Max=2701.31 Min=2.54 Avg=60.67 10=13.69 25=16.51 50=24.41 75=35.39 90=118.40 95=206.85 99=772.61 99.9=1416.19 99.99=1957.89] [UPDATE: Count=47147 Max=11010.05 Min=7.25 Avg=75.77 10=20.80 25=25.04 50=33.34 75=46.59 90=130.05 95=227.58 99=845.31 99.9=2283.52 99.99=9953.28]
2025-04-22 06:10:12 13 sec: 119298 operations; [READ: Count=59718 Max=2701.31 Min=2.12 Avg=55.14 10=13.59 25=16.31 50=23.71 75=33.18 90=112.51 95=175.87 99=704.51 99.9=1332.22 99.99=1921.02] [UPDATE: Count=59580 Max=11010.05 Min=7.25 Avg=69.23 10=20.59 25=24.64 50=32.53 75=44.09 90=123.14 95=191.49 99=774.14 99.9=2031.62 99.99=7393.28]
2025-04-22 06:10:13 14 sec: 141263 operations; [READ: Count=70762 Max=2701.31 Min=2.12 Avg=52.50 10=13.54 25=16.25 50=23.41 75=32.49 90=110.46 95=164.35 99=653.82 99.9=1288.19 99.99=1908.73] [UPDATE: Count=70501 Max=11010.05 Min=7.25 Avg=66.37 10=20.48 25=24.51 50=32.21 75=43.17 90=120.89 95=182.91 99=727.55 99.9=1940.48 99.99=7393.28]
2025-04-22 06:10:14 15 sec: 154174 operations; [READ: Count=77207 Max=2701.31 Min=2.12 Avg=54.01 10=13.50 25=16.28 50=23.44 75=32.70 90=112.19 95=177.53 99=670.21 99.9=1308.67 99.99=1921.02] [UPDATE: Count=76967 Max=11010.05 Min=7.25 Avg=67.72 10=20.46 25=24.54 50=32.27 75=43.45 90=122.88 95=193.66 99=740.35 99.9=1999.87 99.99=7393.28]
2025-04-22 06:10:15 16 sec: 169222 operations; [READ: Count=84786 Max=2701.31 Min=2.12 Avg=54.54 10=13.42 25=16.24 50=23.52 75=33.18 90=113.41 95=181.25 99=649.22 99.9=1302.53 99.99=1957.89] [UPDATE: Count=84436 Max=11010.05 Min=7.25 Avg=68.04 10=20.35 25=24.46 50=32.27 75=44.00 90=124.16 95=198.14 99=720.89 99.9=1859.58 99.99=7393.28]
2025-04-22 06:10:16 17 sec: 181717 operations; [READ: Count=91068 Max=2701.31 Min=2.12 Avg=55.83 10=13.37 25=16.25 50=23.68 75=34.11 90=115.65 95=187.78 99=635.39 99.9=1286.14 99.99=1921.02] [UPDATE: Count=90649 Max=11010.05 Min=7.25 Avg=69.19 10=20.29 25=24.46 50=32.41 75=45.28 90=126.91 95=204.41 99=702.46 99.9=1822.72 99.99=7307.26]
2025-04-22 06:10:17 18 sec: 192076 operations; [READ: Count=96184 Max=2701.31 Min=2.12 Avg=57.59 10=13.35 25=16.33 50=23.98 75=35.68 90=118.72 95=196.22 99=619.01 99.9=1269.76 99.99=1916.93] [UPDATE: Count=95892 Max=11010.05 Min=7.25 Avg=70.99 10=20.27 25=24.54 50=32.73 75=47.20 90=130.43 95=214.14 99=695.29 99.9=1797.12 99.99=7196.67]
2025-04-22 06:10:18 19 sec: 202851 operations; [READ: Count=101576 Max=2701.31 Min=2.12 Avg=59.07 10=13.35 25=16.43 50=24.25 75=37.38 90=121.22 95=202.75 99=615.93 99.9=1244.16 99.99=1916.93] [UPDATE: Count=101275 Max=11010.05 Min=7.25 Avg=72.43 10=20.29 25=24.67 50=33.05 75=49.41 90=133.50 95=222.34 99=691.20 99.9=1738.75 99.99=7196.67]
2025-04-22 06:10:19 20 sec: 214624 operations; [READ: Count=107466 Max=2701.31 Min=2.12 Avg=60.07 10=13.30 25=16.45 50=24.40 75=38.75 90=123.26 95=207.49 99=615.93 99.9=1245.18 99.99=1913.86] [UPDATE: Count=107158 Max=11010.05 Min=7.25 Avg=73.43 10=20.24 25=24.69 50=33.15 75=51.30 90=135.55 95=227.71 99=689.66 99.9=1797.12 99.99=7057.41]
2025-04-22 06:10:20 21 sec: 228471 operations; [READ: Count=114467 Max=3690.49 Min=2.12 Avg=60.34 10=13.19 25=16.38 50=24.32 75=39.42 90=124.16 95=208.64 99=604.67 99.9=1275.90 99.99=2064.38] [UPDATE: Count=114004 Max=11010.05 Min=7.25 Avg=73.71 10=20.13 25=24.57 50=33.05 75=52.41 90=136.57 95=229.25 99=682.50 99.9=1824.77 99.99=7196.67]
2025-04-22 06:10:21 22 sec: 243538 operations; [READ: Count=121981 Max=3690.49 Min=2.12 Avg=60.28 10=13.10 25=16.35 50=24.24 75=40.26 90=124.80 95=208.64 99=590.34 99.9=1244.16 99.99=2037.76] [UPDATE: Count=121557 Max=11010.05 Min=7.25 Avg=73.55 10=20.02 25=24.50 50=32.96 75=53.89 90=137.09 95=228.86 99=664.58 99.9=1762.30 99.99=7057.41]
2025-04-22 06:10:22 23 sec: 257914 operations; [READ: Count=129159 Max=3690.49 Min=2.12 Avg=60.44 10=13.05 25=16.30 50=24.14 75=44.61 90=124.73 95=205.82 99=576.51 99.9=1233.92 99.99=2020.35] [UPDATE: Count=128755 Max=11010.05 Min=7.25 Avg=73.60 10=19.90 25=24.34 50=32.86 75=62.30 90=137.09 95=226.56 99=646.14 99.9=1736.70 99.99=5722.11]
2025-04-22 06:10:23 24 sec: 275504 operations; [READ: Count=138004 Max=3690.49 Min=2.12 Avg=59.94 10=12.93 25=16.10 50=23.95 75=77.76 90=122.81 95=199.17 99=558.08 99.9=1212.41 99.99=1957.89] [UPDATE: Count=137500 Max=11010.05 Min=7.25 Avg=72.69 10=19.68 25=23.97 50=32.64 75=87.61 90=134.78 95=217.85 99=627.71 99.9=1686.53 99.99=5664.77]
2025-04-22 06:10:24 25 sec: 294176 operations; [READ: Count=147327 Max=3690.49 Min=2.12 Avg=59.28 10=12.77 25=15.89 50=23.65 75=81.53 90=120.64 95=192.90 99=544.77 99.9=1197.06 99.99=1957.89] [UPDATE: Count=146849 Max=11010.05 Min=7.25 Avg=71.62 10=19.39 25=23.55 50=32.32 75=89.41 90=132.09 95=210.81 99=610.30 99.9=1645.57 99.99=5394.43]
2025-04-22 06:10:25 26 sec: 314614 operations; [READ: Count=157507 Max=3690.49 Min=2.12 Avg=58.30 10=12.54 25=15.65 50=23.23 75=81.86 90=118.33 95=186.88 99=530.94 99.9=1182.72 99.99=1933.31] [UPDATE: Count=157107 Max=11010.05 Min=7.25 Avg=70.34 10=19.09 25=23.12 50=31.90 75=89.66 90=129.15 95=203.13 99=590.85 99.9=1608.70 99.99=5394.43]
2025-04-22 06:10:26 27 sec: 338932 operations; [READ: Count=169544 Max=3690.49 Min=2.12 Avg=56.76 10=12.25 25=15.38 50=22.54 75=81.53 90=115.07 95=178.56 99=511.74 99.9=1168.38 99.99=1921.02] [UPDATE: Count=169388 Max=11010.05 Min=7.25 Avg=68.42 10=18.75 25=22.64 50=31.28 75=89.02 90=125.44 95=193.15 99=568.32 99.9=1573.89 99.99=5296.13]
2025-04-22 06:10:27 28 sec: 365571 operations; [READ: Count=182892 Max=3690.49 Min=2.12 Avg=55.05 10=11.80 25=15.10 50=21.61 75=80.70 90=112.25 95=169.98 99=489.73 99.9=1150.97 99.99=1913.86] [UPDATE: Count=182679 Max=11010.05 Min=7.22 Avg=66.35 10=18.37 25=22.18 50=30.50 75=87.94 90=122.17 95=184.57 99=543.74 99.9=1538.05 99.99=4980.73]
2025-04-22 06:10:28 29 sec: 393360 operations; [READ: Count=196817 Max=3690.49 Min=2.12 Avg=53.39 10=11.21 25=14.94 50=20.61 75=79.74 90=109.57 95=161.41 99=471.55 99.9=1128.45 99.99=1908.73] [UPDATE: Count=196543 Max=11010.05 Min=7.22 Avg=64.41 10=18.02 25=21.90 50=29.60 75=86.97 90=119.30 95=176.51 99=518.40 99.9=1461.25 99.99=4726.78]
2025-04-22 06:10:29 30 sec: 421861 operations; [READ: Count=211064 Max=3690.49 Min=2.12 Avg=51.83 10=10.28 25=14.76 50=19.65 75=78.21 90=107.52 95=153.85 99=455.68 99.9=1105.92 99.99=1889.28] [UPDATE: Count=210797 Max=11010.05 Min=7.22 Avg=62.63 10=17.61 25=21.61 50=28.67 75=85.63 90=116.93 95=169.22 99=497.66 99.9=1423.36 99.99=4411.39]
2025-04-22 06:10:30 31 sec: 451838 operations; [READ: Count=226014 Max=3690.49 Min=2.12 Avg=50.33 10=9.15 25=14.57 50=18.85 75=75.52 90=105.66 95=147.20 99=440.06 99.9=1091.58 99.99=1860.61] [UPDATE: Count=225824 Max=11010.05 Min=7.22 Avg=60.85 10=17.05 25=21.31 50=27.68 75=83.45 90=115.01 95=162.56 99=480.77 99.9=1375.23 99.99=4202.49]
2025-04-22 06:10:31 32 sec: 487021 operations; [READ: Count=243420 Max=3690.49 Min=2.12 Avg=48.44 10=8.22 25=14.39 50=18.14 75=60.32 90=103.55 95=139.65 99=424.70 99.9=1075.20 99.99=1830.91] [UPDATE: Count=243601 Max=11010.05 Min=7.00 Avg=58.69 10=16.36 25=21.01 50=26.69 75=78.21 90=112.45 95=153.73 99=458.50 99.9=1332.22 99.99=4136.96]
2025-04-22 06:10:32 33 sec: 525875 operations; [READ: Count=262881 Max=3690.49 Min=2.12 Avg=46.43 10=7.53 25=14.18 50=17.55 75=40.03 90=101.31 95=133.12 99=409.34 99.9=1053.69 99.99=1792.00] [UPDATE: Count=262994 Max=11010.05 Min=7.00 Avg=56.47 10=15.54 25=20.70 50=25.77 75=54.11 90=110.08 95=146.05 99=440.06 99.9=1294.34 99.99=4028.41]
2025-04-22 06:10:33 34 sec: 567732 operations; [READ: Count=283703 Max=3690.49 Min=2.12 Avg=44.44 10=7.02 25=13.98 50=17.07 75=35.42 90=99.14 95=127.68 99=396.03 99.9=1032.70 99.99=1768.45] [UPDATE: Count=284029 Max=11010.05 Min=6.86 Avg=54.27 10=14.84 25=20.41 50=25.02 75=47.23 90=107.84 95=139.90 99=423.42 99.9=1251.33 99.99=3930.11]
2025-04-22 06:10:34 35 sec: 605669 operations; [READ: Count=302679 Max=3690.49 Min=2.12 Avg=43.00 10=6.75 25=13.86 50=16.77 75=33.02 90=97.66 95=124.35 99=386.05 99.9=1018.37 99.99=1729.54] [UPDATE: Count=302990 Max=11010.05 Min=6.86 Avg=52.73 10=14.39 25=20.22 50=24.54 75=44.26 90=106.30 95=136.57 99=412.16 99.9=1221.63 99.99=3602.43]
2025-04-22 06:10:35 36 sec: 640159 operations; [READ: Count=319923 Max=3690.49 Min=2.12 Avg=41.99 10=6.56 25=13.76 50=16.57 75=31.58 90=96.58 95=122.30 99=379.90 99.9=1008.13 99.99=1707.01] [UPDATE: Count=320236 Max=11010.05 Min=6.86 Avg=51.62 10=14.06 25=20.08 50=24.24 75=42.40 90=105.09 95=134.40 99=405.76 99.9=1199.10 99.99=3454.97]
2025-04-22 06:10:36 37 sec: 676328 operations; [READ: Count=337913 Max=3690.49 Min=2.12 Avg=40.99 10=6.41 25=13.66 50=16.43 75=30.54 90=95.55 95=120.00 99=371.71 99.9=995.84 99.99=1653.76] [UPDATE: Count=338415 Max=11010.05 Min=6.86 Avg=50.49 10=13.80 25=19.93 50=23.98 75=41.02 90=104.00 95=131.84 99=397.06 99.9=1170.43 99.99=3311.61]
2025-04-22 06:10:37 38 sec: 711833 operations; [READ: Count=355618 Max=3690.49 Min=2.12 Avg=40.12 10=6.28 25=13.57 50=16.30 75=29.71 90=94.59 95=117.89 99=364.54 99.9=978.94 99.99=1634.30] [UPDATE: Count=356215 Max=11010.05 Min=6.86 Avg=49.52 10=13.57 25=19.82 50=23.77 75=39.97 90=102.97 95=129.41 99=386.56 99.9=1144.83 99.99=3164.16]
2025-04-22 06:10:38 39 sec: 744407 operations; [READ: Count=371901 Max=3690.49 Min=2.12 Avg=39.49 10=6.19 25=13.49 50=16.23 75=29.12 90=93.89 95=116.48 99=358.14 99.9=965.12 99.99=1634.30] [UPDATE: Count=372506 Max=11010.05 Min=6.86 Avg=48.84 10=13.41 25=19.73 50=23.66 75=39.30 90=102.40 95=127.87 99=379.13 99.9=1126.40 99.99=3135.49]
2025-04-22 06:10:39 40 sec: 774171 operations; [READ: Count=386768 Max=3690.49 Min=2.12 Avg=39.07 10=6.12 25=13.42 50=16.18 75=28.70 90=93.50 95=115.58 99=352.77 99.9=957.44 99.99=1623.04] [UPDATE: Count=387403 Max=11010.05 Min=6.80 Avg=48.39 10=13.28 25=19.65 50=23.58 75=38.81 90=102.02 95=126.91 99=374.01 99.9=1114.11 99.99=3055.61]
2025-04-22 06:10:40 41 sec: 798281 operations; [READ: Count=398872 Max=3690.49 Min=1.93 Avg=38.97 10=6.10 25=13.38 50=16.16 75=28.38 90=93.44 95=115.71 99=354.05 99.9=948.22 99.99=1620.99] [UPDATE: Count=399409 Max=11010.05 Min=6.80 Avg=48.30 10=13.23 25=19.60 50=23.55 75=38.46 90=101.95 95=127.10 99=375.30 99.9=1112.06 99.99=3061.76]
2025-04-22 06:10:41 42 sec: 829257 operations; [READ: Count=414402 Max=3690.49 Min=1.93 Avg=38.55 10=6.05 25=13.29 50=16.11 75=27.97 90=93.12 95=114.81 99=347.90 99.9=940.54 99.99=1619.97] [UPDATE: Count=414855 Max=11010.05 Min=6.80 Avg=47.82 10=13.15 25=19.52 50=23.47 75=37.89 90=101.50 95=126.02 99=369.41 99.9=1100.80 99.99=3055.61]
2025-04-22 06:10:42 43 sec: 861979 operations; [READ: Count=430668 Max=3690.49 Min=1.93 Avg=38.07 10=6.01 25=13.21 50=16.06 75=27.49 90=92.73 95=113.79 99=343.55 99.9=930.82 99.99=1616.89] [UPDATE: Count=431311 Max=11010.05 Min=6.80 Avg=47.26 10=13.06 25=19.42 50=23.41 75=37.25 90=100.99 95=124.80 99=363.52 99.9=1085.44 99.99=3006.46]
2025-04-22 06:10:43 44 sec: 895139 operations; [READ: Count=447073 Max=3690.49 Min=1.93 Avg=37.60 10=5.96 25=13.11 50=16.02 75=27.02 90=92.35 95=112.77 99=338.94 99.9=923.13 99.99=1611.78] [UPDATE: Count=448066 Max=11010.05 Min=6.80 Avg=46.75 10=12.99 25=19.33 50=23.33 75=36.64 90=100.61 95=123.71 99=357.89 99.9=1069.06 99.99=2981.89]
2025-04-22 06:10:44 45 sec: 920983 operations; [READ: Count=459935 Max=3690.49 Min=1.93 Avg=37.46 10=5.97 25=13.05 50=16.02 75=26.82 90=92.42 95=112.64 99=336.64 99.9=911.36 99.99=1604.61] [UPDATE: Count=461048 Max=11010.05 Min=6.80 Avg=46.64 10=13.00 25=19.30 50=23.33 75=36.41 90=100.67 95=123.65 99=355.84 99.9=1064.96 99.99=2979.84]
2025-04-22 06:10:45 46 sec: 937741 operations; [READ: Count=468329 Max=3690.49 Min=1.93 Avg=37.76 10=6.00 25=13.04 50=16.05 75=27.04 90=92.73 95=113.15 99=338.94 99.9=906.75 99.99=1604.61] [UPDATE: Count=469412 Max=11010.05 Min=6.80 Avg=46.95 10=13.03 25=19.30 50=23.38 75=36.70 90=101.06 95=124.29 99=358.40 99.9=1060.86 99.99=2979.84]
2025-04-22 06:10:46 47 sec: 954574 operations; [READ: Count=476728 Max=3690.49 Min=1.93 Avg=38.05 10=6.03 25=13.06 50=16.10 75=27.47 90=93.18 95=113.47 99=337.41 99.9=902.65 99.99=1599.49] [UPDATE: Count=477846 Max=11010.05 Min=6.80 Avg=47.22 10=13.09 25=19.31 50=23.44 75=37.25 90=101.57 95=124.61 99=356.86 99.9=1053.69 99.99=2979.84]
2025-04-22 06:10:47 48 sec: 968509 operations; [READ: Count=483607 Max=3690.49 Min=1.93 Avg=38.46 10=6.06 25=13.08 50=16.14 75=28.02 90=93.82 95=114.30 99=337.15 99.9=900.61 99.99=1599.49] [UPDATE: Count=484902 Max=11010.05 Min=6.80 Avg=47.62 10=13.13 25=19.34 50=23.50 75=38.05 90=102.14 95=125.50 99=355.84 99.9=1044.48 99.99=2979.84]
2025-04-22 06:10:48 49 sec: 980741 operations; [READ: Count=489758 Max=3690.49 Min=1.93 Avg=38.94 10=6.08 25=13.10 50=16.18 75=28.66 90=94.40 95=115.78 99=337.15 99.9=895.49 99.99=1588.22] [UPDATE: Count=490983 Max=11010.05 Min=6.80 Avg=48.09 10=13.16 25=19.38 50=23.57 75=38.91 90=102.72 95=127.42 99=355.84 99.9=1043.45 99.99=2963.45]
2025-04-22 06:10:49 50 sec: 991764 operations; [READ: Count=495347 Max=3690.49 Min=1.93 Avg=39.49 10=6.10 25=13.13 50=16.23 75=29.36 90=95.04 95=118.14 99=337.92 99.9=893.44 99.99=1575.93] [UPDATE: Count=496417 Max=11010.05 Min=6.80 Avg=48.57 10=13.19 25=19.41 50=23.63 75=39.71 90=103.30 95=129.92 99=357.12 99.9=1040.38 99.99=2861.05]
2025-04-22 06:10:50 50 sec: 1000000 operations; [READ: Count=499479 Max=3690.49 Min=1.93 Avg=39.96 10=6.11 25=13.15 50=16.26 75=29.84 90=95.49 95=119.87 99=341.25 99.9=907.77 99.99=1611.78] [UPDATE: Count=500521 Max=11010.05 Min=6.80 Avg=49.02 10=13.21 25=19.42 50=23.68 75=40.38 90=103.74 95=131.97 99=359.68 99.9=1046.02 99.99=2963.45]
Run runtime(sec): 50.9233
Run operations(ops): 1000000
Run throughput(ops/sec): 19637.4
