Running scope as unit: run-r04fb0b6f1d854edd92fa8dd6ae9b043d.scope
load file:/home/user/DataFiles/silesia_data/silesia.tar
2025-04-19 12:22:07 0 sec: 0 operations;
2025-04-19 12:22:08 1 sec: 23350 operations; [INSERT: Count=23350 Max=10878.98 Min=6.49 Avg=35.64 10=16.73 25=22.38 50=31.52 75=44.77 90=58.62 95=67.26 99=84.03 99.9=109.44 99.99=360.45]
2025-04-19 12:22:09 2 sec: 50036 operations; [INSERT: Count=50036 Max=10878.98 Min=5.87 Avg=34.85 10=16.56 25=22.05 50=30.91 75=43.87 90=57.76 95=66.43 99=83.01 99.9=109.44 99.99=356.35]
2025-04-19 12:22:10 3 sec: 76859 operations; [INSERT: Count=76859 Max=10878.98 Min=5.87 Avg=34.54 10=16.51 25=21.97 50=30.75 75=43.49 90=57.28 95=65.92 99=82.43 99.9=109.89 99.99=358.40]
2025-04-19 12:22:11 4 sec: 103985 operations; [INSERT: Count=103985 Max=10878.98 Min=5.87 Avg=34.28 10=16.41 25=21.82 50=30.56 75=43.23 90=56.83 95=65.41 99=82.24 99.9=109.44 99.99=356.35]
2025-04-19 12:22:12 5 sec: 131554 operations; [INSERT: Count=131554 Max=10878.98 Min=5.55 Avg=34.00 10=16.37 25=21.66 50=30.34 75=42.85 90=56.26 95=64.67 99=81.53 99.9=109.44 99.99=356.35]
2025-04-19 12:22:13 6 sec: 159525 operations; [INSERT: Count=159525 Max=26279.94 Min=5.55 Avg=33.71 10=16.17 25=21.34 50=29.92 75=42.21 90=55.52 95=63.90 99=80.70 99.9=109.57 99.99=355.58]
2025-04-19 12:22:14 7 sec: 188526 operations; [INSERT: Count=188526 Max=26279.94 Min=5.55 Avg=33.31 10=16.03 25=21.14 50=29.60 75=41.70 90=54.91 95=63.20 99=80.00 99.9=109.06 99.99=351.23]
2025-04-19 12:22:15 8 sec: 217118 operations; [INSERT: Count=217118 Max=26279.94 Min=5.55 Avg=33.09 10=16.00 25=21.04 50=29.45 75=41.44 90=54.53 95=62.75 99=79.55 99.9=108.16 99.99=348.42]
2025-04-19 12:22:16 9 sec: 245723 operations; [INSERT: Count=245723 Max=26279.94 Min=5.55 Avg=32.92 10=15.97 25=20.96 50=29.31 75=41.25 90=54.27 95=62.40 99=78.97 99.9=107.71 99.99=343.81]
2025-04-19 12:22:17 10 sec: 274447 operations; [INSERT: Count=274447 Max=26279.94 Min=5.55 Avg=32.77 10=15.94 25=20.88 50=29.20 75=41.02 90=53.95 95=62.08 99=78.66 99.9=107.84 99.99=343.04]
2025-04-19 12:22:18 11 sec: 303113 operations; [INSERT: Count=303113 Max=26279.94 Min=5.55 Avg=32.65 10=15.93 25=20.83 50=29.12 75=40.86 90=53.66 95=61.82 99=78.40 99.9=108.09 99.99=343.04]
2025-04-19 12:22:19 12 sec: 332205 operations; [INSERT: Count=332205 Max=26279.94 Min=5.55 Avg=32.50 10=15.91 25=20.77 50=28.99 75=40.67 90=53.41 95=61.47 99=77.89 99.9=107.58 99.99=342.78]
2025-04-19 12:22:20 13 sec: 360865 operations; [INSERT: Count=360865 Max=26279.94 Min=5.55 Avg=32.42 10=15.89 25=20.72 50=28.91 75=40.54 90=53.25 95=61.28 99=77.76 99.9=107.26 99.99=342.53]
2025-04-19 12:22:21 14 sec: 389161 operations; [INSERT: Count=389161 Max=26279.94 Min=5.55 Avg=32.39 10=15.91 25=20.72 50=28.89 75=40.48 90=53.15 95=61.18 99=77.69 99.9=107.14 99.99=340.99]
2025-04-19 12:22:22 15 sec: 417204 operations; [INSERT: Count=417204 Max=26279.94 Min=5.55 Avg=32.38 10=15.94 25=20.75 50=28.89 75=40.48 90=53.09 95=61.12 99=77.57 99.9=107.52 99.99=339.45]
2025-04-19 12:22:23 16 sec: 443934 operations; [INSERT: Count=443934 Max=26279.94 Min=5.55 Avg=32.47 10=15.99 25=20.82 50=28.99 75=40.58 90=53.22 95=61.28 99=77.76 99.9=108.29 99.99=340.99]
2025-04-19 12:22:24 17 sec: 469490 operations; [INSERT: Count=469490 Max=26279.94 Min=5.55 Avg=32.57 10=15.99 25=20.83 50=29.04 75=40.67 90=53.41 95=61.53 99=78.21 99.9=111.42 99.99=351.23]
2025-04-19 12:22:25 18 sec: 497708 operations; [INSERT: Count=497708 Max=26279.94 Min=5.55 Avg=32.45 10=15.91 25=20.72 50=28.91 75=40.54 90=53.25 95=61.41 99=78.14 99.9=111.42 99.99=358.40]
2025-04-19 12:22:26 19 sec: 521028 operations; [INSERT: Count=521028 Max=26279.94 Min=5.55 Avg=32.67 10=15.96 25=20.82 50=29.09 75=40.80 90=53.63 95=61.95 99=79.17 99.9=114.69 99.99=363.26]
2025-04-19 12:22:27 20 sec: 541637 operations; [INSERT: Count=541637 Max=26279.94 Min=5.55 Avg=33.07 10=16.06 25=21.01 50=29.42 75=41.31 90=54.40 95=62.94 99=80.96 99.9=118.66 99.99=368.89]
2025-04-19 12:22:28 21 sec: 561323 operations; [INSERT: Count=561323 Max=26279.94 Min=5.55 Avg=33.50 10=16.16 25=21.18 50=29.74 75=41.82 90=55.17 95=64.06 99=83.26 99.9=128.90 99.99=384.00]
2025-04-19 12:22:29 22 sec: 580643 operations; [INSERT: Count=580643 Max=26279.94 Min=5.55 Avg=33.92 10=16.25 25=21.38 50=30.08 75=42.37 90=56.00 95=65.18 99=85.31 99.9=129.60 99.99=399.87]
2025-04-19 12:22:30 23 sec: 600287 operations; [INSERT: Count=600287 Max=26279.94 Min=5.55 Avg=34.30 10=16.35 25=21.54 50=30.38 75=42.81 90=56.67 95=66.11 99=86.85 99.9=132.61 99.99=422.14]
2025-04-19 12:22:31 24 sec: 619719 operations; [INSERT: Count=619719 Max=26279.94 Min=5.55 Avg=34.67 10=16.45 25=21.71 50=30.67 75=43.30 90=57.41 95=67.07 99=88.64 99.9=134.40 99.99=425.47]
2025-04-19 12:22:32 25 sec: 638992 operations; [INSERT: Count=638992 Max=26279.94 Min=5.55 Avg=35.03 10=16.53 25=21.87 50=30.96 75=43.74 90=58.08 95=67.97 99=90.17 99.9=135.94 99.99=457.98]
2025-04-19 12:22:33 26 sec: 658576 operations; [INSERT: Count=658576 Max=26279.94 Min=5.55 Avg=35.35 10=16.61 25=22.02 50=31.23 75=44.16 90=58.69 95=68.73 99=91.52 99.9=141.06 99.99=461.06]
2025-04-19 12:22:34 27 sec: 677232 operations; [INSERT: Count=677232 Max=26279.94 Min=5.55 Avg=35.70 10=16.70 25=22.18 50=31.52 75=44.61 90=59.39 95=69.63 99=93.12 99.9=141.95 99.99=471.30]
2025-04-19 12:22:35 28 sec: 698718 operations; [INSERT: Count=698718 Max=26279.94 Min=5.55 Avg=35.87 10=16.75 25=22.25 50=31.63 75=44.80 90=59.62 95=69.95 99=93.44 99.9=142.59 99.99=478.98]
2025-04-19 12:22:36 29 sec: 720646 operations; [INSERT: Count=720646 Max=26279.94 Min=5.55 Avg=36.02 10=16.83 25=22.35 50=31.74 75=44.96 90=59.87 95=70.21 99=93.89 99.9=144.13 99.99=482.56]
2025-04-19 12:22:37 30 sec: 743053 operations; [INSERT: Count=743053 Max=26279.94 Min=5.55 Avg=36.13 10=16.89 25=22.43 50=31.84 75=45.09 90=60.03 95=70.40 99=94.27 99.9=152.32 99.99=489.47]
2025-04-19 12:22:38 31 sec: 763630 operations; [INSERT: Count=763630 Max=26279.94 Min=5.55 Avg=36.33 10=16.93 25=22.46 50=31.89 75=45.18 90=60.22 95=70.72 99=95.30 99.9=168.57 99.99=506.62]
2025-04-19 12:22:39 32 sec: 784959 operations; [INSERT: Count=784959 Max=26279.94 Min=5.55 Avg=36.43 10=16.85 25=22.35 50=31.73 75=45.02 90=60.16 95=70.78 99=95.87 99.9=183.94 99.99=555.52]
2025-04-19 12:22:40 33 sec: 809851 operations; [INSERT: Count=809851 Max=26279.94 Min=5.55 Avg=36.39 10=16.82 25=22.25 50=31.61 75=44.90 90=60.13 95=70.91 99=96.77 99.9=200.45 99.99=574.98]
2025-04-19 12:22:41 34 sec: 827970 operations; [INSERT: Count=827970 Max=26279.94 Min=5.55 Avg=36.69 10=16.82 25=22.25 50=31.65 75=45.09 90=60.61 95=71.87 99=100.48 99.9=225.02 99.99=766.46]
2025-04-19 12:22:42 35 sec: 852946 operations; [INSERT: Count=852946 Max=26279.94 Min=5.55 Avg=36.68 10=16.77 25=22.19 50=31.55 75=44.99 90=60.61 95=72.06 99=101.57 99.9=236.54 99.99=951.81]
2025-04-19 12:22:43 36 sec: 881698 operations; [INSERT: Count=881698 Max=26279.94 Min=5.55 Avg=36.51 10=16.70 25=22.08 50=31.39 75=44.77 90=60.32 95=71.68 99=101.18 99.9=236.54 99.99=984.06]
2025-04-19 12:22:44 37 sec: 916020 operations; [INSERT: Count=916020 Max=26279.94 Min=5.55 Avg=36.07 10=16.45 25=21.76 50=30.96 75=44.29 90=59.77 95=71.10 99=100.48 99.9=232.70 99.99=946.17]
2025-04-19 12:22:45 38 sec: 964843 operations; [INSERT: Count=964843 Max=26279.94 Min=5.39 Avg=35.12 10=15.48 25=20.85 50=30.03 75=43.39 90=58.94 95=70.27 99=99.39 99.9=223.87 99.99=882.69]
2025-04-19 12:22:46 39 sec: 1000000 operations; [INSERT: Count=1000000 Max=26279.94 Min=5.39 Avg=34.38 10=14.60 25=20.08 50=29.31 75=42.78 90=58.37 95=69.69 99=98.81 99.9=221.06 99.99=819.20]
2025-04-19 12:22:47 40 sec: 1000000 operations; [INSERT: Count=1000000 Max=26279.94 Min=5.39 Avg=34.38 10=14.60 25=20.08 50=29.31 75=42.78 90=58.37 95=69.69 99=98.81 99.9=221.06 99.99=819.20]
2025-04-19 12:22:48 41 sec: 1000000 operations; [INSERT: Count=1000000 Max=26279.94 Min=5.39 Avg=34.38 10=14.60 25=20.08 50=29.31 75=42.78 90=58.37 95=69.69 99=98.81 99.9=221.06 99.99=819.20]
2025-04-19 12:22:49 42 sec: 1000000 operations; [INSERT: Count=1000000 Max=26279.94 Min=5.39 Avg=34.38 10=14.60 25=20.08 50=29.31 75=42.78 90=58.37 95=69.69 99=98.81 99.9=221.06 99.99=819.20]
2025-04-19 12:22:50 43 sec: 1000000 operations; [INSERT: Count=1000000 Max=26279.94 Min=5.39 Avg=34.38 10=14.60 25=20.08 50=29.31 75=42.78 90=58.37 95=69.69 99=98.81 99.9=221.06 99.99=819.20]
2025-04-19 12:22:51 44 sec: 1000000 operations; [INSERT: Count=1000000 Max=26279.94 Min=5.39 Avg=34.38 10=14.60 25=20.08 50=29.31 75=42.78 90=58.37 95=69.69 99=98.81 99.9=221.06 99.99=819.20]
2025-04-19 12:22:52 45 sec: 1000000 operations; [INSERT: Count=1000000 Max=26279.94 Min=5.39 Avg=34.38 10=14.60 25=20.08 50=29.31 75=42.78 90=58.37 95=69.69 99=98.81 99.9=221.06 99.99=819.20]
2025-04-19 12:22:53 46 sec: 1000000 operations; [INSERT: Count=1000000 Max=26279.94 Min=5.39 Avg=34.38 10=14.60 25=20.08 50=29.31 75=42.78 90=58.37 95=69.69 99=98.81 99.9=221.06 99.99=819.20]
2025-04-19 12:22:54 47 sec: 1000000 operations; [INSERT: Count=1000000 Max=26279.94 Min=5.39 Avg=34.38 10=14.60 25=20.08 50=29.31 75=42.78 90=58.37 95=69.69 99=98.81 99.9=221.06 99.99=819.20]
2025-04-19 12:22:55 48 sec: 1000000 operations; [INSERT: Count=1000000 Max=26279.94 Min=5.39 Avg=34.38 10=14.60 25=20.08 50=29.31 75=42.78 90=58.37 95=69.69 99=98.81 99.9=221.06 99.99=819.20]
2025-04-19 12:22:56 49 sec: 1000000 operations; [INSERT: Count=1000000 Max=26279.94 Min=5.39 Avg=34.38 10=14.60 25=20.08 50=29.31 75=42.78 90=58.37 95=69.69 99=98.81 99.9=221.06 99.99=819.20]
2025-04-19 12:22:57 49 sec: 1000000 operations; [INSERT: Count=1000000 Max=26279.94 Min=5.39 Avg=34.38 10=14.60 25=20.08 50=29.31 75=42.78 90=58.37 95=69.69 99=98.81 99.9=221.06 99.99=819.20]
Load runtime(sec): 49.8757
Load operations(ops): 1000000
Load throughput(ops/sec): 20049.9
