Running scope as unit: run-rdb3a91debd5b49559113b781baa071fa.scope
load file:/home/user/DataFiles/silesia_data/silesia.tar
2025-04-19 12:22:07 0 sec: 0 operations;
2025-04-19 12:22:08 1 sec: 26003 operations; [INSERT: Count=26003 Max=10043.39 Min=5.76 Avg=32.10 10=14.79 25=19.87 50=28.22 75=40.09 90=53.28 95=61.95 99=79.74 99.9=112.70 99.99=336.38]
2025-04-19 12:22:09 2 sec: 52324 operations; [INSERT: Count=52324 Max=10043.39 Min=5.76 Avg=33.39 10=15.57 25=20.91 50=29.55 75=41.98 90=55.55 95=64.13 99=81.22 99.9=115.52 99.99=356.35]
2025-04-19 12:22:10 3 sec: 78854 operations; [INSERT: Count=78854 Max=10043.39 Min=5.76 Avg=33.71 10=15.93 25=21.31 50=30.00 75=42.43 90=56.03 95=64.42 99=81.60 99.9=111.81 99.99=346.37]
2025-04-19 12:22:11 4 sec: 105678 operations; [INSERT: Count=105678 Max=10043.39 Min=5.76 Avg=33.77 10=16.07 25=21.47 50=30.11 75=42.53 90=55.97 95=64.45 99=81.47 99.9=111.30 99.99=341.50]
2025-04-19 12:22:12 5 sec: 132951 operations; [INSERT: Count=132951 Max=10043.39 Min=5.76 Avg=33.68 10=16.13 25=21.45 50=30.03 75=42.37 90=55.68 95=64.22 99=81.15 99.9=111.68 99.99=343.04]
2025-04-19 12:22:13 6 sec: 160537 operations; [INSERT: Count=160537 Max=26279.94 Min=5.76 Avg=33.53 10=16.05 25=21.26 50=29.77 75=41.92 90=55.07 95=63.68 99=80.58 99.9=111.68 99.99=346.37]
2025-04-19 12:22:14 7 sec: 188582 operations; [INSERT: Count=188582 Max=26279.94 Min=5.76 Avg=33.35 10=15.97 25=21.10 50=29.54 75=41.57 90=54.66 95=63.13 99=80.06 99.9=111.36 99.99=345.60]
2025-04-19 12:22:15 8 sec: 216648 operations; [INSERT: Count=216648 Max=26279.94 Min=5.76 Avg=33.21 10=15.97 25=21.07 50=29.47 75=41.44 90=54.49 95=62.91 99=79.74 99.9=110.08 99.99=343.04]
2025-04-19 12:22:16 9 sec: 244853 operations; [INSERT: Count=244853 Max=26279.94 Min=5.76 Avg=33.08 10=15.96 25=21.02 50=29.39 75=41.28 90=54.27 95=62.62 99=79.49 99.9=110.21 99.99=340.48]
2025-04-19 12:22:17 10 sec: 273063 operations; [INSERT: Count=273063 Max=26279.94 Min=5.76 Avg=32.98 10=15.97 25=21.01 50=29.33 75=41.18 90=54.08 95=62.40 99=79.17 99.9=110.08 99.99=340.22]
2025-04-19 12:22:18 11 sec: 301552 operations; [INSERT: Count=301552 Max=26279.94 Min=5.76 Avg=32.86 10=15.97 25=20.96 50=29.23 75=41.02 90=53.89 95=62.17 99=78.78 99.9=109.12 99.99=340.22]
2025-04-19 12:22:19 12 sec: 330409 operations; [INSERT: Count=330409 Max=26279.94 Min=5.76 Avg=32.72 10=15.96 25=20.91 50=29.12 75=40.83 90=53.63 95=61.89 99=78.46 99.9=109.18 99.99=339.97]
2025-04-19 12:22:20 13 sec: 359111 operations; [INSERT: Count=359111 Max=26279.94 Min=5.76 Avg=32.62 10=15.96 25=20.86 50=29.05 75=40.73 90=53.44 95=61.66 99=78.21 99.9=108.80 99.99=339.20]
2025-04-19 12:22:21 14 sec: 386925 operations; [INSERT: Count=386925 Max=26279.94 Min=5.76 Avg=32.62 10=15.98 25=20.89 50=29.07 75=40.70 90=53.41 95=61.63 99=78.14 99.9=108.99 99.99=337.66]
2025-04-19 12:22:22 15 sec: 414732 operations; [INSERT: Count=414732 Max=26279.94 Min=5.76 Avg=32.62 10=16.02 25=20.93 50=29.09 75=40.70 90=53.41 95=61.60 99=78.14 99.9=108.67 99.99=336.38]
2025-04-19 12:22:23 16 sec: 441543 operations; [INSERT: Count=441543 Max=26279.94 Min=5.76 Avg=32.70 10=16.07 25=20.98 50=29.18 75=40.83 90=53.50 95=61.66 99=78.27 99.9=108.99 99.99=336.38]
2025-04-19 12:22:24 17 sec: 470513 operations; [INSERT: Count=470513 Max=26279.94 Min=5.76 Avg=32.60 10=15.97 25=20.89 50=29.09 75=40.73 90=53.41 95=61.57 99=78.14 99.9=108.80 99.99=337.92]
2025-04-19 12:22:25 18 sec: 492013 operations; [INSERT: Count=492013 Max=26279.94 Min=5.76 Avg=32.97 10=16.09 25=21.07 50=29.38 75=41.15 90=54.05 95=62.40 99=79.61 99.9=112.70 99.99=346.62]
2025-04-19 12:22:26 19 sec: 512483 operations; [INSERT: Count=512483 Max=62160.89 Min=5.76 Avg=33.39 10=16.17 25=21.20 50=29.60 75=41.50 90=54.49 95=63.01 99=80.51 99.9=114.75 99.99=363.52]
2025-04-19 12:22:27 20 sec: 533953 operations; [INSERT: Count=533953 Max=62160.89 Min=5.76 Avg=33.71 10=16.26 25=21.38 50=29.89 75=41.92 90=55.07 95=63.77 99=81.86 99.9=116.35 99.99=378.11]
2025-04-19 12:22:28 21 sec: 554629 operations; [INSERT: Count=554629 Max=62160.89 Min=5.76 Avg=34.06 10=16.35 25=21.52 50=30.16 75=42.37 90=55.74 95=64.61 99=83.65 99.9=126.08 99.99=401.41]
2025-04-19 12:22:29 22 sec: 574846 operations; [INSERT: Count=574846 Max=62160.89 Min=5.76 Avg=34.41 10=16.45 25=21.70 50=30.45 75=42.85 90=56.41 95=65.47 99=85.25 99.9=129.22 99.99=412.93]
2025-04-19 12:22:30 23 sec: 594202 operations; [INSERT: Count=594202 Max=62160.89 Min=5.76 Avg=34.78 10=16.54 25=21.86 50=30.73 75=43.30 90=57.09 95=66.43 99=86.97 99.9=133.12 99.99=443.13]
2025-04-19 12:22:31 24 sec: 611113 operations; [INSERT: Count=611113 Max=62160.89 Min=5.76 Avg=35.30 10=16.64 25=22.05 50=31.12 75=43.94 90=58.14 95=67.90 99=89.98 99.9=140.03 99.99=450.05]
2025-04-19 12:22:32 25 sec: 627902 operations; [INSERT: Count=627902 Max=62160.89 Min=5.76 Avg=35.79 10=16.75 25=22.24 50=31.49 75=44.54 90=59.13 95=69.25 99=92.93 99.9=143.74 99.99=460.80]
2025-04-19 12:22:33 26 sec: 644780 operations; [INSERT: Count=644780 Max=62160.89 Min=5.76 Avg=36.25 10=16.83 25=22.41 50=31.82 75=45.12 90=60.09 95=70.59 99=95.49 99.9=150.66 99.99=467.97]
2025-04-19 12:22:34 27 sec: 660842 operations; [INSERT: Count=660842 Max=62160.89 Min=5.76 Avg=36.74 10=16.93 25=22.61 50=32.19 75=45.76 90=61.09 95=72.00 99=98.05 99.9=154.11 99.99=489.98]
2025-04-19 12:22:35 28 sec: 676891 operations; [INSERT: Count=676891 Max=62160.89 Min=5.76 Avg=37.21 10=17.02 25=22.80 50=32.53 75=46.30 90=62.02 95=73.28 99=100.35 99.9=155.39 99.99=508.16]
2025-04-19 12:22:36 29 sec: 695264 operations; [INSERT: Count=695264 Max=62160.89 Min=5.76 Avg=37.52 10=17.10 25=22.94 50=32.80 75=46.72 90=62.62 95=74.11 99=101.44 99.9=156.29 99.99=518.14]
2025-04-19 12:22:37 30 sec: 718313 operations; [INSERT: Count=718313 Max=62160.89 Min=5.76 Avg=37.55 10=17.15 25=22.98 50=32.83 75=46.75 90=62.66 95=74.11 99=101.44 99.9=158.72 99.99=519.42]
2025-04-19 12:22:38 31 sec: 740649 operations; [INSERT: Count=740649 Max=62160.89 Min=5.76 Avg=37.62 10=17.17 25=22.99 50=32.86 75=46.81 90=62.75 95=74.30 99=102.27 99.9=169.47 99.99=529.92]
2025-04-19 12:22:39 32 sec: 757539 operations; [INSERT: Count=757539 Max=62160.89 Min=5.76 Avg=37.98 10=17.23 25=23.12 50=33.09 75=47.20 90=63.39 95=75.26 99=104.19 99.9=189.69 99.99=554.50]
2025-04-19 12:22:40 33 sec: 774607 operations; [INSERT: Count=774607 Max=62160.89 Min=5.76 Avg=38.32 10=17.28 25=23.21 50=33.28 75=47.55 90=64.00 95=76.16 99=106.62 99.9=227.33 99.99=579.07]
2025-04-19 12:22:41 34 sec: 790653 operations; [INSERT: Count=790653 Max=62160.89 Min=5.76 Avg=38.72 10=17.26 25=23.23 50=33.38 75=47.84 90=64.67 95=77.44 99=110.85 99.9=251.78 99.99=754.69]
2025-04-19 12:22:42 35 sec: 808504 operations; [INSERT: Count=808504 Max=62160.89 Min=5.76 Avg=38.98 10=17.30 25=23.33 50=33.53 75=48.09 90=65.12 95=78.21 99=112.38 99.9=255.74 99.99=828.93]
2025-04-19 12:22:43 36 sec: 826946 operations; [INSERT: Count=826946 Max=62160.89 Min=5.76 Avg=39.20 10=17.36 25=23.45 50=33.76 75=48.38 90=65.53 95=78.72 99=112.70 99.9=256.13 99.99=863.74]
2025-04-19 12:22:44 37 sec: 845255 operations; [INSERT: Count=845255 Max=62160.89 Min=5.76 Avg=39.41 10=17.44 25=23.58 50=33.98 75=48.67 90=65.98 95=79.17 99=112.83 99.9=255.23 99.99=849.41]
2025-04-19 12:22:45 38 sec: 868263 operations; [INSERT: Count=868263 Max=62160.89 Min=5.76 Avg=39.38 10=17.47 25=23.60 50=33.95 75=48.67 90=65.92 95=79.04 99=112.45 99.9=253.57 99.99=849.41]
2025-04-19 12:22:46 39 sec: 899554 operations; [INSERT: Count=899554 Max=62160.89 Min=5.76 Avg=38.95 10=17.21 25=23.26 50=33.53 75=48.16 90=65.34 95=78.46 99=111.74 99.9=251.26 99.99=813.05]
2025-04-19 12:22:47 40 sec: 956314 operations; [INSERT: Count=956314 Max=62160.89 Min=5.42 Avg=37.39 10=15.09 25=21.60 50=32.13 75=46.98 90=64.22 95=77.31 99=110.53 99.9=243.97 99.99=802.82]
2025-04-19 12:22:48 41 sec: 1000000 operations; [INSERT: Count=1000000 Max=62160.89 Min=5.10 Avg=36.15 10=12.87 25=20.22 50=31.07 75=46.08 90=63.39 95=76.42 99=109.57 99.9=233.34 99.99=766.98]
2025-04-19 12:22:49 42 sec: 1000000 operations; [INSERT: Count=1000000 Max=62160.89 Min=5.10 Avg=36.15 10=12.87 25=20.22 50=31.07 75=46.08 90=63.39 95=76.42 99=109.57 99.9=233.34 99.99=766.98]
2025-04-19 12:22:50 43 sec: 1000000 operations; [INSERT: Count=1000000 Max=62160.89 Min=5.10 Avg=36.15 10=12.87 25=20.22 50=31.07 75=46.08 90=63.39 95=76.42 99=109.57 99.9=233.34 99.99=766.98]
2025-04-19 12:22:51 44 sec: 1000000 operations; [INSERT: Count=1000000 Max=62160.89 Min=5.10 Avg=36.15 10=12.87 25=20.22 50=31.07 75=46.08 90=63.39 95=76.42 99=109.57 99.9=233.34 99.99=766.98]
2025-04-19 12:22:52 45 sec: 1000000 operations; [INSERT: Count=1000000 Max=62160.89 Min=5.10 Avg=36.15 10=12.87 25=20.22 50=31.07 75=46.08 90=63.39 95=76.42 99=109.57 99.9=233.34 99.99=766.98]
2025-04-19 12:22:53 46 sec: 1000000 operations; [INSERT: Count=1000000 Max=62160.89 Min=5.10 Avg=36.15 10=12.87 25=20.22 50=31.07 75=46.08 90=63.39 95=76.42 99=109.57 99.9=233.34 99.99=766.98]
2025-04-19 12:22:54 47 sec: 1000000 operations; [INSERT: Count=1000000 Max=62160.89 Min=5.10 Avg=36.15 10=12.87 25=20.22 50=31.07 75=46.08 90=63.39 95=76.42 99=109.57 99.9=233.34 99.99=766.98]
2025-04-19 12:22:55 48 sec: 1000000 operations; [INSERT: Count=1000000 Max=62160.89 Min=5.10 Avg=36.15 10=12.87 25=20.22 50=31.07 75=46.08 90=63.39 95=76.42 99=109.57 99.9=233.34 99.99=766.98]
2025-04-19 12:22:56 49 sec: 1000000 operations; [INSERT: Count=1000000 Max=62160.89 Min=5.10 Avg=36.15 10=12.87 25=20.22 50=31.07 75=46.08 90=63.39 95=76.42 99=109.57 99.9=233.34 99.99=766.98]
2025-04-19 12:22:57 50 sec: 1000000 operations; [INSERT: Count=1000000 Max=62160.89 Min=5.10 Avg=36.15 10=12.87 25=20.22 50=31.07 75=46.08 90=63.39 95=76.42 99=109.57 99.9=233.34 99.99=766.98]
2025-04-19 12:22:58 51 sec: 1000000 operations; [INSERT: Count=1000000 Max=62160.89 Min=5.10 Avg=36.15 10=12.87 25=20.22 50=31.07 75=46.08 90=63.39 95=76.42 99=109.57 99.9=233.34 99.99=766.98]
2025-04-19 12:22:59 51 sec: 1000000 operations; [INSERT: Count=1000000 Max=62160.89 Min=5.10 Avg=36.15 10=12.87 25=20.22 50=31.07 75=46.08 90=63.39 95=76.42 99=109.57 99.9=233.34 99.99=766.98]
Load runtime(sec): 51.6444
Load operations(ops): 1000000
Load throughput(ops/sec): 19363.2
