Running scope as unit: run-rd37bb339e16d4f8eb17f5547d4ac92c2.scope
load file:/home/user/DataFiles/silesia_data/silesia.tar
2025-04-22 06:46:31 0 sec: 0 operations;
2025-04-22 06:46:32 1 sec: 0 operations;
2025-04-22 06:46:33 2 sec: 0 operations;
2025-04-22 06:46:34 3 sec: 0 operations;
2025-04-22 06:46:35 4 sec: 0 operations;
2025-04-22 06:46:36 5 sec: 0 operations;
2025-04-22 06:46:37 6 sec: 0 operations;
2025-04-22 06:46:38 7 sec: 0 operations;
2025-04-22 06:46:39 8 sec: 0 operations;
2025-04-22 06:46:40 9 sec: 0 operations;
2025-04-22 06:46:41 10 sec: 5841 operations; [READ: Count=2919 Max=1469.44 Min=4.38 Avg=128.10 10=26.00 25=34.21 50=54.02 75=167.17 90=313.86 95=449.28 99=797.70 99.9=1411.07 99.99=1469.44] [UPDATE: Count=2922 Max=10452.99 Min=23.82 Avg=188.34 10=55.10 25=71.23 50=109.44 75=221.06 90=359.68 95=514.56 99=958.98 99.9=7147.52 99.99=10452.99]
2025-04-22 06:46:42 11 sec: 8261 operations; [READ: Count=4103 Max=2094.08 Min=4.38 Avg=169.86 10=26.00 25=34.34 50=54.98 75=190.97 90=501.50 95=726.01 99=1105.92 99.9=1823.74 99.99=2094.08] [UPDATE: Count=4158 Max=26263.55 Min=11.22 Avg=294.19 10=48.16 25=65.86 50=102.91 75=245.50 90=540.67 95=790.53 99=1567.74 99.9=19841.02 99.99=26263.55]
2025-04-22 06:46:43 12 sec: 14280 operations; [READ: Count=7175 Max=2220.03 Min=4.38 Avg=153.92 10=26.67 25=35.84 50=57.28 75=164.35 90=421.63 95=671.74 99=1105.92 99.9=1727.49 99.99=2094.08] [UPDATE: Count=7105 Max=26263.55 Min=11.22 Avg=254.31 10=49.09 25=65.50 50=99.78 75=209.53 90=474.37 95=737.79 99=1371.13 99.9=18317.31 99.99=24788.99]
2025-04-22 06:46:44 13 sec: 17355 operations; [READ: Count=8757 Max=2220.03 Min=3.79 Avg=171.49 10=25.05 25=34.49 50=55.87 75=168.70 90=515.84 95=787.46 99=1261.57 99.9=1818.62 99.99=2136.06] [UPDATE: Count=8598 Max=26263.55 Min=11.22 Avg=279.82 10=45.63 25=62.21 50=95.49 75=214.27 90=569.86 95=880.64 99=2006.02 99.9=16105.47 99.99=24788.99]
2025-04-22 06:46:45 14 sec: 20837 operations; [READ: Count=10440 Max=10264.58 Min=3.79 Avg=186.33 10=25.44 25=34.94 50=55.94 75=171.65 90=587.26 95=864.77 99=1354.75 99.9=2148.35 99.99=3256.32] [UPDATE: Count=10397 Max=26263.55 Min=11.22 Avg=283.75 10=44.22 25=60.26 50=92.48 75=216.45 90=644.10 95=937.47 99=2260.99 99.9=15228.93 99.99=24788.99]
2025-04-22 06:46:46 15 sec: 26041 operations; [READ: Count=13042 Max=10264.58 Min=3.79 Avg=183.44 10=25.98 25=35.87 50=56.93 75=170.50 90=574.98 95=842.75 99=1338.37 99.9=2055.17 99.99=3256.32] [UPDATE: Count=12999 Max=26263.55 Min=11.22 Avg=269.46 10=43.30 25=58.85 50=88.70 75=210.94 90=630.78 95=921.09 99=1936.38 99.9=13950.98 99.99=24788.99]
2025-04-22 06:46:47 16 sec: 32472 operations; [READ: Count=16226 Max=10264.58 Min=3.14 Avg=174.81 10=25.82 25=35.68 50=55.52 75=161.28 90=537.60 95=820.74 99=1315.84 99.9=2021.38 99.99=2635.78] [UPDATE: Count=16246 Max=26263.55 Min=9.96 Avg=249.34 10=41.22 25=55.13 50=83.33 75=194.43 90=586.75 95=894.46 99=1778.69 99.9=12468.22 99.99=22757.38]
2025-04-22 06:46:48 17 sec: 41377 operations; [READ: Count=20732 Max=10264.58 Min=3.14 Avg=158.69 10=25.57 25=35.42 50=53.79 75=151.29 90=444.67 95=751.62 99=1258.49 99.9=1918.97 99.99=2635.78] [UPDATE: Count=20645 Max=26263.55 Min=9.32 Avg=222.19 10=39.07 25=51.87 50=77.69 75=175.87 90=496.38 95=821.76 99=1595.39 99.9=10403.84 99.99=22757.38]
2025-04-22 06:46:49 18 sec: 49728 operations; [READ: Count=24862 Max=10264.58 Min=3.13 Avg=149.91 10=25.55 25=35.55 50=54.05 75=148.74 90=389.38 95=692.74 99=1217.54 99.9=1890.30 99.99=2635.78] [UPDATE: Count=24866 Max=26263.55 Min=8.52 Avg=206.66 10=38.17 25=50.75 50=76.09 75=169.85 90=439.55 95=759.29 99=1466.37 99.9=10010.62 99.99=22757.38]
2025-04-22 06:46:50 19 sec: 56841 operations; [READ: Count=28439 Max=10264.58 Min=3.13 Avg=146.57 10=25.52 25=35.68 50=54.85 75=150.53 90=367.62 95=651.77 99=1179.65 99.9=1859.58 99.99=2457.60] [UPDATE: Count=28402 Max=26263.55 Min=8.32 Avg=200.17 10=38.21 25=50.98 50=76.93 75=172.67 90=416.51 95=728.58 99=1416.19 99.9=9469.95 99.99=20037.63]
2025-04-22 06:46:51 20 sec: 64245 operations; [READ: Count=32071 Max=10264.58 Min=3.13 Avg=143.36 10=25.20 25=35.23 50=53.89 75=150.66 90=353.54 95=621.57 99=1160.19 99.9=1838.08 99.99=2457.60] [UPDATE: Count=32174 Max=26263.55 Min=8.32 Avg=194.03 10=37.98 25=50.75 50=75.97 75=173.18 90=402.43 95=695.29 99=1378.30 99.9=9101.31 99.99=20037.63]
2025-04-22 06:46:52 21 sec: 71408 operations; [READ: Count=35713 Max=10264.58 Min=3.13 Avg=140.77 10=24.29 25=34.30 50=52.61 75=149.38 90=347.65 95=606.72 99=1148.93 99.9=1841.15 99.99=2422.78] [UPDATE: Count=35695 Max=26263.55 Min=8.32 Avg=190.56 10=37.12 25=49.76 50=74.43 75=171.90 90=398.33 95=684.03 99=1374.21 99.9=8220.67 99.99=19841.02]
2025-04-22 06:46:53 22 sec: 79339 operations; [READ: Count=39704 Max=10264.58 Min=3.13 Avg=137.68 10=23.60 25=33.41 50=51.23 75=146.69 90=336.64 95=593.92 99=1135.62 99.9=1841.15 99.99=2422.78] [UPDATE: Count=39635 Max=26263.55 Min=8.32 Avg=185.47 10=36.64 25=49.12 50=73.02 75=168.57 90=384.51 95=665.60 99=1371.13 99.9=7417.85 99.99=19841.02]
2025-04-22 06:46:54 23 sec: 87172 operations; [READ: Count=43632 Max=10264.58 Min=3.13 Avg=135.51 10=22.85 25=32.51 50=49.95 75=143.49 90=329.21 95=588.80 99=1148.93 99.9=1875.97 99.99=2449.41] [UPDATE: Count=43540 Max=26263.55 Min=8.32 Avg=181.28 10=35.90 25=48.32 50=71.42 75=165.12 90=376.06 95=653.31 99=1355.78 99.9=7245.82 99.99=19841.02]
2025-04-22 06:46:55 24 sec: 97094 operations; [READ: Count=48595 Max=10264.58 Min=3.13 Avg=130.31 10=22.48 25=31.82 50=48.54 75=138.62 90=310.27 95=562.69 99=1120.26 99.9=1853.44 99.99=2443.26] [UPDATE: Count=48499 Max=26263.55 Min=8.32 Avg=174.41 10=35.65 25=47.87 50=70.14 75=160.38 90=355.84 95=627.71 99=1311.74 99.9=7028.73 99.99=18939.90]
2025-04-22 06:46:56 25 sec: 108197 operations; [READ: Count=54168 Max=10264.58 Min=2.88 Avg=124.58 10=21.73 25=30.62 50=46.72 75=131.84 90=288.51 95=538.62 99=1091.58 99.9=1837.06 99.99=2443.26] [UPDATE: Count=54029 Max=26263.55 Min=8.32 Avg=167.09 10=34.78 25=46.72 50=67.84 75=153.85 90=338.69 95=604.67 99=1285.12 99.9=6508.54 99.99=18939.90]
2025-04-22 06:46:57 26 sec: 118737 operations; [READ: Count=59374 Max=10264.58 Min=2.88 Avg=120.75 10=21.44 25=30.16 50=45.92 75=126.91 90=275.20 95=517.12 99=1075.20 99.9=1821.69 99.99=2422.78] [UPDATE: Count=59363 Max=26263.55 Min=8.32 Avg=161.56 10=34.37 25=46.14 50=66.69 75=149.50 90=322.56 95=577.02 99=1258.49 99.9=6078.46 99.99=18841.60]
2025-04-22 06:46:58 27 sec: 125690 operations; [READ: Count=62881 Max=10264.58 Min=2.88 Avg=121.01 10=21.44 25=30.13 50=45.98 75=127.81 90=279.55 95=516.61 99=1072.13 99.9=1821.69 99.99=2422.78] [UPDATE: Count=62809 Max=26263.55 Min=8.32 Avg=161.44 10=34.24 25=46.05 50=66.62 75=150.78 90=326.91 95=577.02 99=1243.13 99.9=5681.15 99.99=18841.60]
2025-04-22 06:46:59 28 sec: 132273 operations; [READ: Count=66132 Max=10264.58 Min=2.88 Avg=121.83 10=21.17 25=29.97 50=45.95 75=129.09 90=284.42 95=520.45 99=1075.20 99.9=1821.69 99.99=2408.45] [UPDATE: Count=66141 Max=26263.55 Min=8.32 Avg=161.52 10=33.70 25=45.63 50=66.37 75=151.55 90=330.50 95=581.63 99=1248.26 99.9=5681.15 99.99=18317.31]
2025-04-22 06:47:00 29 sec: 139706 operations; [READ: Count=69817 Max=10264.58 Min=2.88 Avg=121.64 10=21.10 25=29.97 50=46.17 75=130.75 90=284.42 95=512.51 99=1063.93 99.9=1807.36 99.99=2408.45] [UPDATE: Count=69889 Max=26263.55 Min=8.32 Avg=160.78 10=33.44 25=45.53 50=66.50 75=153.47 90=330.50 95=574.46 99=1241.09 99.9=5496.83 99.99=18317.31]
2025-04-22 06:47:01 30 sec: 147164 operations; [READ: Count=73617 Max=10264.58 Min=2.88 Avg=121.62 10=20.99 25=29.93 50=46.37 75=132.48 90=284.67 95=505.86 99=1056.77 99.9=1801.21 99.99=2408.45] [UPDATE: Count=73547 Max=26263.55 Min=8.32 Avg=159.97 10=33.18 25=45.28 50=66.56 75=154.62 90=330.50 95=567.81 99=1227.78 99.9=5349.38 99.99=18317.31]
2025-04-22 06:47:02 31 sec: 154203 operations; [READ: Count=77136 Max=10264.58 Min=2.88 Avg=122.00 10=20.82 25=29.82 50=46.46 75=133.89 90=287.49 95=504.83 99=1048.58 99.9=1801.21 99.99=2392.06] [UPDATE: Count=77067 Max=26263.55 Min=8.32 Avg=159.58 10=32.80 25=45.02 50=66.62 75=155.52 90=330.50 95=564.74 99=1217.54 99.9=5165.06 99.99=16252.93]
2025-04-22 06:47:03 32 sec: 160312 operations; [READ: Count=80159 Max=10264.58 Min=2.88 Avg=122.98 10=20.64 25=29.73 50=46.62 75=135.04 90=292.10 95=508.93 99=1051.65 99.9=1796.10 99.99=2408.45] [UPDATE: Count=80153 Max=26263.55 Min=8.32 Avg=160.23 10=32.49 25=44.83 50=66.81 75=157.18 90=336.38 95=566.27 99=1219.58 99.9=5083.14 99.99=16252.93]
2025-04-22 06:47:04 33 sec: 165905 operations; [READ: Count=82997 Max=10264.58 Min=2.88 Avg=124.50 10=20.57 25=29.74 50=46.98 75=137.22 90=296.70 95=512.51 99=1058.82 99.9=1818.62 99.99=2449.41] [UPDATE: Count=82908 Max=26263.55 Min=8.32 Avg=161.13 10=32.32 25=44.77 50=67.07 75=158.72 90=339.20 95=567.81 99=1219.58 99.9=5152.77 99.99=16252.93]
2025-04-22 06:47:05 34 sec: 172255 operations; [READ: Count=86212 Max=10264.58 Min=2.88 Avg=125.31 10=20.46 25=29.74 50=47.30 75=138.50 90=298.50 95=512.25 99=1058.82 99.9=1823.74 99.99=2443.26] [UPDATE: Count=86043 Max=26263.55 Min=8.32 Avg=161.34 10=32.21 25=44.73 50=67.45 75=160.00 90=339.97 95=565.25 99=1217.54 99.9=5144.57 99.99=16105.47]
2025-04-22 06:47:06 35 sec: 178875 operations; [READ: Count=89510 Max=10264.58 Min=2.88 Avg=125.89 10=20.32 25=29.66 50=47.45 75=139.65 90=300.29 95=512.25 99=1056.77 99.9=1823.74 99.99=2449.41] [UPDATE: Count=89365 Max=26263.55 Min=8.32 Avg=161.22 10=31.97 25=44.51 50=67.58 75=160.77 90=340.99 95=564.74 99=1212.41 99.9=5058.56 99.99=16105.47]
2025-04-22 06:47:07 36 sec: 185999 operations; [READ: Count=93025 Max=10264.58 Min=2.88 Avg=125.98 10=20.21 25=29.57 50=47.55 75=140.41 90=301.31 95=509.44 99=1046.53 99.9=1821.69 99.99=2449.41] [UPDATE: Count=92974 Max=26263.55 Min=8.32 Avg=160.76 10=31.74 25=44.29 50=67.58 75=161.53 90=341.50 95=561.15 99=1203.20 99.9=4960.26 99.99=16105.47]
2025-04-22 06:47:08 37 sec: 192223 operations; [READ: Count=96149 Max=10264.58 Min=2.88 Avg=126.50 10=20.00 25=29.44 50=47.58 75=141.18 90=304.89 95=511.23 99=1049.60 99.9=1821.69 99.99=2443.26] [UPDATE: Count=96074 Max=26263.55 Min=8.32 Avg=161.28 10=31.42 25=44.06 50=67.58 75=162.18 90=344.32 95=562.69 99=1205.25 99.9=4972.54 99.99=15876.09]
2025-04-22 06:47:09 38 sec: 199796 operations; [READ: Count=99960 Max=10264.58 Min=2.88 Avg=126.32 10=19.77 25=29.18 50=47.36 75=141.06 90=304.89 95=510.21 99=1046.53 99.9=1812.48 99.99=2457.60] [UPDATE: Count=99836 Max=26263.55 Min=8.31 Avg=160.48 10=31.02 25=43.58 50=67.20 75=161.79 90=343.81 95=559.62 99=1198.08 99.9=4894.72 99.99=15876.09]
2025-04-22 06:47:10 39 sec: 207708 operations; [READ: Count=103884 Max=10264.58 Min=2.88 Avg=126.04 10=19.50 25=28.91 50=47.07 75=140.80 90=305.41 95=509.69 99=1043.45 99.9=1812.48 99.99=2457.60] [UPDATE: Count=103824 Max=26263.55 Min=8.31 Avg=159.37 10=30.61 25=43.07 50=66.62 75=161.15 90=342.53 95=555.52 99=1188.86 99.9=4841.47 99.99=15876.09]
2025-04-22 06:47:11 40 sec: 216093 operations; [READ: Count=108076 Max=10264.58 Min=2.88 Avg=125.24 10=19.25 25=28.61 50=46.75 75=140.29 90=304.13 95=505.86 99=1034.24 99.9=1807.36 99.99=2449.41] [UPDATE: Count=108017 Max=26263.55 Min=8.29 Avg=158.24 10=30.27 25=42.66 50=66.17 75=160.51 90=340.99 95=551.93 99=1184.77 99.9=4751.36 99.99=15228.93]
2025-04-22 06:47:12 41 sec: 224795 operations; [READ: Count=112501 Max=10264.58 Min=2.88 Avg=124.28 10=18.89 25=28.18 50=46.24 75=139.78 90=302.85 95=502.27 99=1023.49 99.9=1794.05 99.99=2449.41] [UPDATE: Count=112294 Max=26263.55 Min=8.29 Avg=157.06 10=29.68 25=41.95 50=65.41 75=159.74 90=340.22 95=547.84 99=1179.65 99.9=4571.14 99.99=15228.93]
2025-04-22 06:47:13 42 sec: 234724 operations; [READ: Count=117443 Max=10264.58 Min=2.88 Avg=122.85 10=18.25 25=27.49 50=45.60 75=138.37 90=299.26 95=495.87 99=1015.81 99.9=1785.86 99.99=2443.26] [UPDATE: Count=117281 Max=26263.55 Min=7.73 Avg=155.02 10=28.67 25=40.93 50=64.54 75=158.46 90=336.13 95=541.18 99=1170.43 99.9=4337.66 99.99=15114.24]
2025-04-22 06:47:14 43 sec: 246575 operations; [READ: Count=123414 Max=10264.58 Min=2.88 Avg=120.66 10=17.45 25=26.67 50=45.15 75=136.06 90=291.84 95=484.10 99=1003.01 99.9=1765.38 99.99=2443.26] [UPDATE: Count=123161 Max=26263.55 Min=7.73 Avg=151.89 10=27.41 25=39.71 50=64.00 75=155.65 90=326.91 95=528.89 99=1152.00 99.9=4186.11 99.99=15114.24]
2025-04-22 06:47:15 44 sec: 260443 operations; [READ: Count=130312 Max=10264.58 Min=2.70 Avg=117.82 10=16.77 25=25.97 50=45.31 75=131.58 90=279.04 95=470.27 99=984.58 99.9=1742.85 99.99=2422.78] [UPDATE: Count=130131 Max=26263.55 Min=7.73 Avg=147.78 10=26.13 25=38.69 50=64.13 75=150.53 90=313.09 95=511.74 99=1128.45 99.9=4055.04 99.99=14983.17]
2025-04-22 06:47:16 45 sec: 275682 operations; [READ: Count=137887 Max=10264.58 Min=2.57 Avg=114.65 10=15.92 25=25.14 50=45.41 75=126.72 90=265.73 95=455.42 99=962.05 99.9=1727.49 99.99=2408.45] [UPDATE: Count=137795 Max=26263.55 Min=7.38 Avg=143.41 10=24.82 25=37.53 50=64.29 75=144.77 90=298.24 95=495.10 99=1106.94 99.9=3977.22 99.99=13950.98]
2025-04-22 06:47:17 46 sec: 291373 operations; [READ: Count=145603 Max=10264.58 Min=2.57 Avg=111.71 10=15.34 25=24.25 50=45.47 75=122.05 90=253.82 95=442.11 99=946.17 99.9=1717.25 99.99=2375.68] [UPDATE: Count=145770 Max=26263.55 Min=7.38 Avg=139.19 10=23.76 25=36.26 50=64.29 75=139.26 90=283.65 95=478.98 99=1083.39 99.9=3780.61 99.99=12591.10]
2025-04-22 06:47:18 47 sec: 305471 operations; [READ: Count=152690 Max=10264.58 Min=2.57 Avg=109.58 10=15.06 25=23.44 50=45.47 75=118.59 90=245.89 95=430.08 99=929.79 99.9=1690.62 99.99=2392.06] [UPDATE: Count=152781 Max=26263.55 Min=7.38 Avg=136.21 10=23.23 25=35.20 50=64.25 75=135.55 90=274.94 95=465.66 99=1065.98 99.9=3637.25 99.99=12591.10]
2025-04-22 06:47:19 48 sec: 319207 operations; [READ: Count=159606 Max=10264.58 Min=2.45 Avg=107.80 10=14.74 25=22.69 50=45.50 75=115.84 90=239.23 95=420.61 99=916.48 99.9=1668.10 99.99=2375.68] [UPDATE: Count=159601 Max=26263.55 Min=7.38 Avg=133.61 10=22.69 25=34.21 50=64.22 75=132.09 90=267.52 95=455.94 99=1049.60 99.9=3565.57 99.99=12468.22]
2025-04-22 06:47:20 49 sec: 331728 operations; [READ: Count=165802 Max=10264.58 Min=2.45 Avg=106.59 10=14.49 25=22.08 50=45.50 75=114.17 90=235.78 95=414.21 99=905.22 99.9=1645.57 99.99=2365.44] [UPDATE: Count=165926 Max=26263.55 Min=7.38 Avg=131.66 10=22.25 25=33.22 50=64.13 75=129.60 90=262.91 95=449.54 99=1032.19 99.9=3483.65 99.99=12181.50]
2025-04-22 06:47:21 50 sec: 346355 operations; [READ: Count=173080 Max=10264.58 Min=2.45 Avg=104.75 10=14.16 25=21.36 50=45.44 75=111.81 90=229.89 95=405.50 99=891.90 99.9=1633.28 99.99=2365.44] [UPDATE: Count=173275 Max=26263.55 Min=7.38 Avg=129.12 10=21.81 25=32.19 50=64.09 75=126.46 90=255.62 95=437.76 99=1015.29 99.9=3352.57 99.99=12181.50]
2025-04-22 06:47:22 51 sec: 360494 operations; [READ: Count=180161 Max=10264.58 Min=2.45 Avg=103.15 10=13.94 25=20.73 50=45.25 75=110.27 90=224.13 95=397.31 99=875.52 99.9=1616.89 99.99=2361.34] [UPDATE: Count=180333 Max=26263.55 Min=7.38 Avg=127.03 10=21.50 25=31.28 50=63.87 75=124.35 90=250.11 95=429.31 99=1001.47 99.9=3262.46 99.99=11337.73]
2025-04-22 06:47:23 52 sec: 373569 operations; [READ: Count=186679 Max=10264.58 Min=2.45 Avg=101.97 10=13.75 25=20.27 50=45.05 75=109.44 90=220.16 95=390.65 99=866.30 99.9=1607.68 99.99=2357.25] [UPDATE: Count=186890 Max=26263.55 Min=7.38 Avg=125.44 10=21.31 25=30.56 50=63.71 75=123.01 90=246.53 95=423.17 99=989.70 99.9=3190.78 99.99=10878.98]
2025-04-22 06:47:24 53 sec: 385892 operations; [READ: Count=192890 Max=10264.58 Min=2.45 Avg=101.03 10=13.57 25=19.93 50=44.83 75=108.80 90=217.47 95=385.28 99=857.09 99.9=1595.39 99.99=2357.25] [UPDATE: Count=193002 Max=26263.55 Min=7.38 Avg=124.24 10=21.12 25=30.00 50=63.45 75=122.11 90=243.84 95=417.79 99=980.48 99.9=3145.73 99.99=10878.98]
2025-04-22 06:47:25 54 sec: 396155 operations; [READ: Count=198025 Max=10264.58 Min=2.45 Avg=100.67 10=13.41 25=19.66 50=44.70 75=108.67 90=216.57 95=383.23 99=855.04 99.9=1594.37 99.99=2338.82] [UPDATE: Count=198130 Max=26263.55 Min=7.38 Avg=123.76 10=20.96 25=29.55 50=63.30 75=121.98 90=242.94 95=415.23 99=979.46 99.9=3143.68 99.99=10567.68]
2025-04-22 06:47:26 55 sec: 409150 operations; [READ: Count=204532 Max=10264.58 Min=2.45 Avg=99.74 10=13.18 25=19.38 50=44.48 75=108.22 90=213.63 95=377.86 99=846.34 99.9=1584.13 99.99=2338.82] [UPDATE: Count=204618 Max=26263.55 Min=7.38 Avg=122.39 10=20.78 25=29.10 50=62.94 75=121.15 90=240.13 95=409.86 99=966.65 99.9=3084.29 99.99=10567.68]
2025-04-22 06:47:27 56 sec: 422564 operations; [READ: Count=211328 Max=10264.58 Min=2.45 Avg=98.71 10=12.96 25=19.20 50=44.16 75=107.71 90=210.69 95=371.97 99=835.58 99.9=1576.96 99.99=2332.67] [UPDATE: Count=211236 Max=26263.55 Min=7.38 Avg=121.05 10=20.64 25=28.77 50=62.62 75=120.45 90=236.41 95=403.20 99=954.37 99.9=3010.56 99.99=10452.99]
2025-04-22 06:47:28 57 sec: 436243 operations; [READ: Count=218113 Max=10264.58 Min=2.45 Avg=97.68 10=12.70 25=18.99 50=43.84 75=107.20 90=207.36 95=366.33 99=826.88 99.9=1569.79 99.99=2281.47] [UPDATE: Count=218130 Max=26263.55 Min=7.06 Avg=119.71 10=20.46 25=28.40 50=62.30 75=119.61 90=232.96 95=397.31 99=942.08 99.9=2932.74 99.99=10403.84]
2025-04-22 06:47:29 58 sec: 450611 operations; [READ: Count=225378 Max=10264.58 Min=2.45 Avg=96.58 10=12.37 25=18.73 50=43.52 75=106.56 90=203.78 95=360.45 99=814.08 99.9=1559.55 99.99=2265.09] [UPDATE: Count=225233 Max=26263.55 Min=7.06 Avg=118.26 10=20.21 25=27.97 50=61.95 75=118.66 90=229.63 95=391.17 99=927.74 99.9=2842.62 99.99=10256.38]
2025-04-22 06:47:30 59 sec: 463768 operations; [READ: Count=231876 Max=10264.58 Min=2.45 Avg=95.82 10=12.06 25=18.56 50=43.26 75=105.98 90=201.34 95=356.35 99=804.86 99.9=1556.48 99.99=2265.09] [UPDATE: Count=231892 Max=26263.55 Min=7.06 Avg=117.19 10=20.02 25=27.65 50=61.57 75=117.89 90=227.46 95=387.84 99=917.50 99.9=2813.95 99.99=10256.38]
2025-04-22 06:47:31 60 sec: 478717 operations; [READ: Count=239362 Max=10264.58 Min=2.45 Avg=94.74 10=11.65 25=18.35 50=42.98 75=105.34 90=197.63 95=350.72 99=795.13 99.9=1543.17 99.99=2260.99] [UPDATE: Count=239355 Max=26263.55 Min=7.06 Avg=115.73 10=19.81 25=27.31 50=61.09 75=116.99 90=224.13 95=382.21 99=905.22 99.9=2775.04 99.99=10149.89]
2025-04-22 06:47:32 61 sec: 494243 operations; [READ: Count=247055 Max=10264.58 Min=2.26 Avg=93.62 10=11.18 25=18.11 50=42.66 75=104.58 90=194.30 95=344.32 99=784.38 99.9=1531.90 99.99=2250.75] [UPDATE: Count=247188 Max=26263.55 Min=7.06 Avg=114.22 10=19.52 25=26.93 50=60.64 75=116.03 90=220.29 95=375.81 99=892.41 99.9=2748.41 99.99=10018.82]
2025-04-22 06:47:33 62 sec: 509550 operations; [READ: Count=254708 Max=10264.58 Min=2.26 Avg=92.62 10=10.74 25=17.92 50=42.30 75=104.13 90=190.72 95=337.92 99=774.65 99.9=1514.49 99.99=2250.75] [UPDATE: Count=254842 Max=26263.55 Min=7.06 Avg=112.85 10=19.30 25=26.66 50=60.19 75=115.33 90=216.57 95=369.66 99=879.62 99.9=2658.30 99.99=10018.82]
2025-04-22 06:47:34 63 sec: 526194 operations; [READ: Count=263100 Max=10264.58 Min=2.25 Avg=91.44 10=10.29 25=17.68 50=41.85 75=103.30 90=186.88 95=332.03 99=765.44 99.9=1507.33 99.99=2250.75] [UPDATE: Count=263094 Max=26263.55 Min=7.06 Avg=111.28 10=18.98 25=26.29 50=59.68 75=114.17 90=212.22 95=363.52 99=867.84 99.9=2588.67 99.99=10018.82]
2025-04-22 06:47:35 64 sec: 540831 operations; [READ: Count=270472 Max=10264.58 Min=2.25 Avg=90.68 10=9.90 25=17.47 50=41.50 75=102.72 90=184.83 95=328.70 99=759.81 99.9=1501.18 99.99=2246.66] [UPDATE: Count=270359 Max=26263.55 Min=7.06 Avg=110.20 10=18.70 25=25.97 50=59.26 75=113.47 90=209.53 95=359.94 99=857.60 99.9=2557.95 99.99=10010.62]
2025-04-22 06:47:36 65 sec: 557913 operations; [READ: Count=278994 Max=10264.58 Min=2.25 Avg=89.52 10=9.53 25=17.25 50=41.09 75=102.02 90=180.86 95=322.30 99=751.62 99.9=1481.73 99.99=2232.32] [UPDATE: Count=278919 Max=26263.55 Min=7.06 Avg=108.75 10=18.37 25=25.63 50=58.72 75=112.58 90=205.95 95=354.30 99=844.80 99.9=2486.27 99.99=9879.55]
2025-04-22 06:47:37 66 sec: 574463 operations; [READ: Count=287205 Max=10264.58 Min=2.25 Avg=88.54 10=9.26 25=17.05 50=40.67 75=101.44 90=177.79 95=317.18 99=742.91 99.9=1469.44 99.99=2230.27] [UPDATE: Count=287258 Max=26263.55 Min=7.06 Avg=107.44 10=18.08 25=25.36 50=58.17 75=111.81 90=202.24 95=349.18 99=834.56 99.9=2463.74 99.99=9814.01]
2025-04-22 06:47:38 67 sec: 590088 operations; [READ: Count=294996 Max=10264.58 Min=2.25 Avg=87.74 10=9.07 25=16.94 50=40.26 75=101.12 90=175.62 95=312.32 99=735.74 99.9=1462.27 99.99=2230.27] [UPDATE: Count=295092 Max=26263.55 Min=7.06 Avg=106.39 10=17.89 25=25.18 50=57.63 75=111.42 90=199.81 95=344.32 99=823.29 99.9=2414.59 99.99=9568.25]
2025-04-22 06:47:39 68 sec: 605907 operations; [READ: Count=302925 Max=10264.58 Min=2.25 Avg=86.95 10=8.88 25=16.83 50=39.81 75=100.73 90=173.44 95=307.97 99=727.55 99.9=1457.15 99.99=2220.03] [UPDATE: Count=302982 Max=26263.55 Min=7.06 Avg=105.36 10=17.66 25=24.99 50=57.12 75=110.97 90=197.12 95=339.97 99=813.57 99.9=2379.78 99.99=9568.25]
2025-04-22 06:47:40 69 sec: 621846 operations; [READ: Count=310821 Max=10264.58 Min=2.25 Avg=86.21 10=8.69 25=16.69 50=39.30 75=100.29 90=171.52 95=304.64 99=722.43 99.9=1446.91 99.99=2220.03] [UPDATE: Count=311025 Max=26263.55 Min=7.06 Avg=104.34 10=17.41 25=24.77 50=56.51 75=110.46 90=194.56 95=336.64 99=804.86 99.9=2338.82 99.99=9469.95]
2025-04-22 06:47:41 70 sec: 638811 operations; [READ: Count=319304 Max=10264.58 Min=2.25 Avg=85.34 10=8.51 25=16.51 50=38.81 75=99.84 90=168.96 95=300.03 99=716.29 99.9=1438.72 99.99=2209.79] [UPDATE: Count=319507 Max=26263.55 Min=7.06 Avg=103.23 10=17.17 25=24.53 50=55.87 75=109.89 90=191.87 95=331.77 99=795.13 99.9=2291.71 99.99=9453.57]
2025-04-22 06:47:42 71 sec: 655900 operations; [READ: Count=327872 Max=10264.58 Min=2.25 Avg=84.51 10=8.37 25=16.40 50=38.27 75=99.39 90=166.78 95=295.68 99=708.61 99.9=1429.50 99.99=2189.31] [UPDATE: Count=328028 Max=26263.55 Min=7.06 Avg=102.15 10=16.99 25=24.37 50=55.23 75=109.38 90=189.06 95=326.65 99=785.41 99.9=2267.14 99.99=9330.69]
2025-04-22 06:47:43 72 sec: 672513 operations; [READ: Count=336312 Max=10264.58 Min=2.25 Avg=83.78 10=8.23 25=16.26 50=37.79 75=99.07 90=165.12 95=292.35 99=700.93 99.9=1423.36 99.99=2166.78] [UPDATE: Count=336201 Max=26263.55 Min=7.06 Avg=101.21 10=16.77 25=24.19 50=54.53 75=108.99 90=187.01 95=322.30 99=775.68 99.9=2236.41 99.99=9191.42]
2025-04-22 06:47:44 73 sec: 689352 operations; [READ: Count=344729 Max=10264.58 Min=2.25 Avg=83.07 10=8.10 25=16.14 50=37.22 75=98.75 90=163.33 95=288.77 99=693.76 99.9=1413.12 99.99=2166.78] [UPDATE: Count=344623 Max=26263.55 Min=7.06 Avg=100.26 10=16.57 25=23.98 50=53.73 75=108.61 90=185.09 95=318.21 99=770.05 99.9=2193.41 99.99=9191.42]
2025-04-22 06:47:45 74 sec: 705409 operations; [READ: Count=352706 Max=10264.58 Min=2.25 Avg=82.51 10=7.97 25=15.99 50=36.67 75=98.50 90=162.05 95=286.72 99=688.64 99.9=1409.02 99.99=2162.69] [UPDATE: Count=352703 Max=26263.55 Min=7.06 Avg=99.44 10=16.37 25=23.77 50=52.99 75=108.29 90=183.42 95=315.13 99=762.37 99.9=2168.83 99.99=9101.31]
2025-04-22 06:47:46 75 sec: 723366 operations; [READ: Count=361758 Max=10264.58 Min=2.25 Avg=81.72 10=7.88 25=15.89 50=36.03 75=98.17 90=159.87 95=282.62 99=682.50 99.9=1396.73 99.99=2148.35] [UPDATE: Count=361608 Max=26263.55 Min=7.06 Avg=98.43 10=16.18 25=23.60 50=52.19 75=107.84 90=180.99 95=310.78 99=753.66 99.9=2131.97 99.99=8888.32]
2025-04-22 06:47:47 76 sec: 742031 operations; [READ: Count=371006 Max=10264.58 Min=2.25 Avg=80.90 10=7.78 25=15.77 50=35.36 75=97.79 90=157.82 95=278.53 99=675.33 99.9=1388.54 99.99=2142.21] [UPDATE: Count=371025 Max=26263.55 Min=7.06 Avg=97.37 10=16.02 25=23.42 50=51.26 75=107.39 90=178.43 95=305.92 99=745.98 99.9=2095.10 99.99=8339.45]
2025-04-22 06:47:48 77 sec: 760969 operations; [READ: Count=380464 Max=10264.58 Min=2.25 Avg=80.09 10=7.68 25=15.65 50=34.69 75=97.41 90=155.90 95=274.43 99=668.67 99.9=1385.47 99.99=2138.11] [UPDATE: Count=380505 Max=26263.55 Min=7.06 Avg=96.33 10=15.85 25=23.23 50=50.37 75=106.94 90=176.00 95=300.80 99=738.30 99.9=2062.34 99.99=8220.67]
2025-04-22 06:47:49 78 sec: 778403 operations; [READ: Count=389217 Max=10264.58 Min=2.25 Avg=79.47 10=7.60 25=15.54 50=34.05 75=97.15 90=154.62 95=272.13 99=661.50 99.9=1380.35 99.99=2138.11] [UPDATE: Count=389186 Max=26263.55 Min=7.06 Avg=95.53 10=15.73 25=23.09 50=49.53 75=106.62 90=174.34 95=298.24 99=729.60 99.9=2018.30 99.99=8200.19]
2025-04-22 06:47:50 79 sec: 794746 operations; [READ: Count=397360 Max=10264.58 Min=2.24 Avg=78.98 10=7.52 25=15.42 50=33.38 75=96.89 90=153.60 95=270.33 99=657.41 99.9=1373.18 99.99=2136.06] [UPDATE: Count=397386 Max=26263.55 Min=6.95 Avg=94.89 10=15.60 25=22.96 50=48.77 75=106.37 90=173.06 95=296.19 99=725.50 99.9=2002.94 99.99=7909.38]
2025-04-22 06:47:51 80 sec: 814040 operations; [READ: Count=406876 Max=10264.58 Min=2.24 Avg=78.24 10=7.42 25=15.29 50=32.69 75=96.51 90=151.94 95=267.01 99=652.29 99.9=1363.97 99.99=2127.87] [UPDATE: Count=407164 Max=26263.55 Min=6.95 Avg=93.93 10=15.43 25=22.75 50=47.74 75=105.92 90=170.88 95=291.84 99=718.85 99.9=1973.25 99.99=7880.70]
2025-04-22 06:47:52 81 sec: 835145 operations; [READ: Count=417484 Max=10264.58 Min=2.24 Avg=77.34 10=7.30 25=15.10 50=31.87 75=96.13 90=150.01 95=262.65 99=644.10 99.9=1351.68 99.99=2115.58] [UPDATE: Count=417661 Max=26263.55 Min=6.95 Avg=92.83 10=15.24 25=22.51 50=46.66 75=105.41 90=168.45 95=287.23 99=710.65 99.9=1932.29 99.99=7561.22]
2025-04-22 06:47:53 82 sec: 855482 operations; [READ: Count=427611 Max=10264.58 Min=2.24 Avg=76.55 10=7.19 25=14.92 50=31.02 75=95.81 90=148.61 95=259.45 99=637.95 99.9=1342.46 99.99=2107.39] [UPDATE: Count=427871 Max=26263.55 Min=6.95 Avg=91.87 10=15.06 25=22.27 50=45.57 75=105.02 90=166.53 95=283.65 99=702.46 99.9=1901.57 99.99=7507.97]
2025-04-22 06:47:54 83 sec: 872974 operations; [READ: Count=436502 Max=10264.58 Min=2.24 Avg=76.09 10=7.12 25=14.79 50=30.37 75=95.55 90=147.71 95=258.05 99=635.90 99.9=1335.30 99.99=2107.39] [UPDATE: Count=436472 Max=26263.55 Min=6.95 Avg=91.22 10=14.95 25=22.11 50=44.58 75=104.70 90=165.38 95=281.86 99=697.86 99.9=1881.09 99.99=7417.85]
2025-04-22 06:47:55 84 sec: 888414 operations; [READ: Count=444133 Max=10264.58 Min=2.24 Avg=75.77 10=7.05 25=14.69 50=29.81 75=95.42 90=147.20 95=257.41 99=633.86 99.9=1331.20 99.99=2107.39] [UPDATE: Count=444281 Max=26263.55 Min=6.95 Avg=90.85 10=14.88 25=22.00 50=43.81 75=104.58 90=164.86 95=281.09 99=696.32 99.9=1872.89 99.99=7417.85]
2025-04-22 06:47:56 85 sec: 904602 operations; [READ: Count=452240 Max=10264.58 Min=2.24 Avg=75.40 10=7.01 25=14.59 50=29.23 75=95.30 90=146.69 95=256.38 99=630.78 99.9=1326.08 99.99=2094.08] [UPDATE: Count=452362 Max=26263.55 Min=6.95 Avg=90.42 10=14.81 25=21.89 50=42.94 75=104.38 90=164.35 95=280.06 99=692.22 99.9=1852.41 99.99=7335.94]
2025-04-22 06:47:57 86 sec: 916763 operations; [READ: Count=458276 Max=10264.58 Min=2.01 Avg=75.38 10=7.02 25=14.54 50=28.99 75=95.30 90=146.81 95=256.89 99=630.27 99.9=1324.03 99.99=2091.01] [UPDATE: Count=458487 Max=26263.55 Min=6.95 Avg=90.40 10=14.81 25=21.86 50=42.62 75=104.45 90=164.48 95=280.83 99=692.22 99.9=1840.13 99.99=7303.17]
2025-04-22 06:47:58 87 sec: 926143 operations; [READ: Count=462960 Max=10264.58 Min=2.01 Avg=75.60 10=7.05 25=14.54 50=29.04 75=95.49 90=147.84 95=258.30 99=629.25 99.9=1319.93 99.99=2091.01] [UPDATE: Count=463183 Max=26263.55 Min=6.95 Avg=90.64 10=14.86 25=21.87 50=42.78 75=104.70 90=165.50 95=282.37 99=691.20 99.9=1840.13 99.99=7303.17]
2025-04-22 06:47:59 88 sec: 934383 operations; [READ: Count=467115 Max=10264.58 Min=2.01 Avg=75.95 10=7.07 25=14.54 50=29.04 75=95.68 90=148.61 95=260.22 99=633.86 99.9=1330.17 99.99=2091.01] [UPDATE: Count=467268 Max=26263.55 Min=6.95 Avg=90.95 10=14.89 25=21.89 50=42.75 75=104.83 90=166.40 95=284.16 99=696.83 99.9=1852.41 99.99=7290.88]
2025-04-22 06:48:00 89 sec: 944032 operations; [READ: Count=471928 Max=10264.58 Min=2.01 Avg=76.17 10=7.09 25=14.55 50=28.96 75=95.81 90=149.25 95=262.01 99=635.39 99.9=1329.15 99.99=2094.08] [UPDATE: Count=472104 Max=26263.55 Min=6.95 Avg=91.12 10=14.94 25=21.90 50=42.56 75=105.02 90=167.17 95=285.44 99=698.37 99.9=1840.13 99.99=7290.88]
2025-04-22 06:48:01 90 sec: 954377 operations; [READ: Count=477017 Max=10264.58 Min=2.01 Avg=76.29 10=7.12 25=14.57 50=28.80 75=95.87 90=149.63 95=262.91 99=637.95 99.9=1327.10 99.99=2091.01] [UPDATE: Count=477360 Max=26263.55 Min=6.95 Avg=91.25 10=14.97 25=21.93 50=42.24 75=105.09 90=167.68 95=286.46 99=700.93 99.9=1840.13 99.99=7245.82]
2025-04-22 06:48:02 91 sec: 964979 operations; [READ: Count=482378 Max=10264.58 Min=2.01 Avg=76.40 10=7.14 25=14.58 50=28.66 75=96.00 90=150.14 95=264.19 99=637.95 99.9=1325.06 99.99=2091.01] [UPDATE: Count=482601 Max=26263.55 Min=6.95 Avg=91.36 10=15.02 25=21.97 50=41.92 75=105.28 90=168.32 95=288.00 99=700.93 99.9=1837.06 99.99=7290.88]
2025-04-22 06:48:03 92 sec: 976780 operations; [READ: Count=488267 Max=10264.58 Min=2.01 Avg=76.43 10=7.17 25=14.58 50=28.51 75=96.19 90=150.53 95=264.70 99=636.41 99.9=1320.96 99.99=2069.50] [UPDATE: Count=488513 Max=26263.55 Min=6.95 Avg=91.32 10=15.06 25=21.98 50=41.66 75=105.41 90=168.45 95=288.51 99=698.37 99.9=1822.72 99.99=7245.82]
2025-04-22 06:48:04 93 sec: 987138 operations; [READ: Count=493452 Max=10264.58 Min=2.01 Avg=76.58 10=7.20 25=14.59 50=28.43 75=96.32 90=151.04 95=265.73 99=636.41 99.9=1319.93 99.99=2069.50] [UPDATE: Count=493686 Max=26263.55 Min=6.95 Avg=91.42 10=15.10 25=22.00 50=41.50 75=105.60 90=168.83 95=289.54 99=698.37 99.9=1820.67 99.99=7245.82]
2025-04-22 06:48:05 94 sec: 996305 operations; [READ: Count=498014 Max=10264.58 Min=2.01 Avg=76.79 10=7.21 25=14.62 50=28.48 75=96.51 90=152.06 95=266.75 99=635.90 99.9=1318.91 99.99=2069.50] [UPDATE: Count=498291 Max=26263.55 Min=6.95 Avg=91.66 10=15.13 25=22.02 50=41.57 75=105.86 90=169.98 95=290.81 99=698.88 99.9=1820.67 99.99=7221.25]
2025-04-22 06:48:06 94 sec: 1000000 operations; [READ: Count=499851 Max=10264.58 Min=2.01 Avg=76.94 10=7.22 25=14.63 50=28.54 75=96.64 90=152.70 95=268.03 99=636.41 99.9=1316.86 99.99=2069.50] [UPDATE: Count=500149 Max=26263.55 Min=6.95 Avg=91.80 10=15.14 25=22.03 50=41.63 75=105.92 90=170.75 95=291.58 99=698.37 99.9=1820.67 99.99=7221.25]
Run runtime(sec): 94.5957
Run operations(ops): 1000000
Run throughput(ops/sec): 10571.3
