Running scope as unit: run-rea8286a916c749e09c7bd6582c9587b3.scope
load file:/home/user/DataFiles/silesia_data/silesia.tar
2025-04-19 12:28:46 0 sec: 0 operations;
2025-04-19 12:28:47 1 sec: 0 operations;
2025-04-19 12:28:48 2 sec: 0 operations;
2025-04-19 12:28:49 3 sec: 0 operations;
2025-04-19 12:28:50 4 sec: 0 operations;
2025-04-19 12:28:51 5 sec: 0 operations;
2025-04-19 12:28:52 6 sec: 0 operations;
2025-04-19 12:28:53 7 sec: 0 operations;
2025-04-19 12:28:54 8 sec: 0 operations;
2025-04-19 12:28:55 9 sec: 0 operations;
2025-04-19 12:28:56 10 sec: 0 operations;
2025-04-19 12:28:57 11 sec: 0 operations;
2025-04-19 12:28:58 12 sec: 0 operations;
2025-04-19 12:28:59 13 sec: 0 operations;
2025-04-19 12:29:00 14 sec: 0 operations;
2025-04-19 12:29:01 15 sec: 0 operations;
2025-04-19 12:29:02 16 sec: 0 operations;
2025-04-19 12:29:03 17 sec: 0 operations;
2025-04-19 12:29:04 18 sec: 7367 operations; [READ: Count=4865 Max=846.34 Min=3.75 Avg=127.05 10=53.63 25=89.79 50=104.89 75=162.43 90=212.74 95=227.33 99=269.82 99.9=484.61 99.99=846.34] [UPDATE: Count=2502 Max=2392.06 Min=10.03 Avg=24.40 10=13.76 25=15.26 50=17.38 75=20.82 90=24.61 95=27.28 99=177.79 99.9=986.11 99.99=2392.06]
2025-04-19 12:29:05 19 sec: 16787 operations; [READ: Count=11116 Max=2254.85 Min=3.75 Avg=138.49 10=54.14 25=91.52 50=107.26 75=164.74 90=218.62 95=247.04 99=666.62 99.9=1113.09 99.99=1950.72] [UPDATE: Count=5671 Max=2392.06 Min=10.03 Avg=22.77 10=14.24 25=15.89 50=18.34 75=22.24 90=26.93 95=32.00 99=64.00 99.9=670.21 99.99=2275.33]
2025-04-19 12:29:06 20 sec: 27708 operations; [READ: Count=18392 Max=2254.85 Min=3.75 Avg=133.80 10=53.31 25=91.52 50=106.94 75=160.64 90=216.45 95=237.18 99=534.53 99.9=1080.32 99.99=1777.66] [UPDATE: Count=9316 Max=2392.06 Min=8.06 Avg=21.28 10=14.19 25=15.80 50=18.14 75=21.70 90=25.87 95=29.71 99=49.05 99.9=488.70 99.99=2275.33]
2025-04-19 12:29:07 21 sec: 37925 operations; [READ: Count=25209 Max=2254.85 Min=3.28 Avg=134.09 10=53.38 25=91.78 50=107.20 75=159.74 90=215.81 95=238.08 99=557.05 99.9=1086.46 99.99=1777.66] [UPDATE: Count=12716 Max=2392.06 Min=8.06 Avg=21.13 10=14.24 25=15.86 50=18.21 75=21.74 90=25.98 95=29.93 99=49.79 99.9=474.37 99.99=2275.33]
2025-04-19 12:29:08 22 sec: 46288 operations; [READ: Count=30817 Max=3080.19 Min=3.28 Avg=139.55 10=53.66 25=91.71 50=108.22 75=160.77 90=217.73 95=250.62 99=709.63 99.9=1243.13 99.99=2222.08] [UPDATE: Count=15471 Max=7634.94 Min=8.06 Avg=21.84 10=14.24 25=15.94 50=18.37 75=22.09 90=26.75 95=31.54 99=56.93 99.9=472.83 99.99=2275.33]
2025-04-19 12:29:09 23 sec: 56181 operations; [READ: Count=37431 Max=3080.19 Min=3.28 Avg=139.48 10=53.92 25=91.97 50=109.06 75=161.28 90=217.85 95=249.60 99=707.07 99.9=1191.93 99.99=1950.72] [UPDATE: Count=18750 Max=7634.94 Min=8.06 Avg=21.71 10=14.25 25=15.99 50=18.50 75=22.21 90=26.94 95=31.65 99=56.61 99.9=387.07 99.99=2275.33]
2025-04-19 12:29:10 24 sec: 65701 operations; [READ: Count=43743 Max=3080.19 Min=3.28 Avg=140.47 10=53.70 25=91.84 50=109.18 75=160.51 90=217.98 95=251.52 99=735.23 99.9=1308.67 99.99=2254.85] [UPDATE: Count=21958 Max=7634.94 Min=8.06 Avg=21.60 10=14.23 25=15.97 50=18.46 75=22.25 90=27.07 95=31.86 99=57.38 99.9=365.06 99.99=2275.33]
2025-04-19 12:29:11 25 sec: 75756 operations; [READ: Count=50436 Max=3080.19 Min=3.28 Avg=139.93 10=53.70 25=92.09 50=109.57 75=160.25 90=217.85 95=250.62 99=730.11 99.9=1280.00 99.99=2238.46] [UPDATE: Count=25320 Max=7634.94 Min=8.06 Avg=21.76 10=14.29 25=16.05 50=18.57 75=22.40 90=27.31 95=32.05 99=57.47 99.9=387.07 99.99=2275.33]
2025-04-19 12:29:12 26 sec: 86469 operations; [READ: Count=57521 Max=3080.19 Min=3.28 Avg=138.64 10=53.38 25=91.14 50=109.38 75=158.97 90=216.96 95=249.34 99=727.55 99.9=1243.13 99.99=2234.37] [UPDATE: Count=28948 Max=7634.94 Min=7.59 Avg=21.54 10=14.05 25=15.86 50=18.43 75=22.25 90=27.23 95=31.92 99=57.57 99.9=398.59 99.99=2275.33]
2025-04-19 12:29:13 27 sec: 95690 operations; [READ: Count=63681 Max=3348.48 Min=3.28 Avg=139.55 10=53.31 25=91.33 50=109.76 75=159.10 90=217.22 95=252.80 99=737.28 99.9=1243.13 99.99=2238.46] [UPDATE: Count=32009 Max=7634.94 Min=7.59 Avg=21.93 10=14.10 25=15.96 50=18.53 75=22.40 90=27.41 95=32.27 99=59.62 99.9=434.18 99.99=2469.89]
2025-04-19 12:29:14 28 sec: 105235 operations; [READ: Count=69996 Max=5619.71 Min=3.28 Avg=139.74 10=53.25 25=91.45 50=109.89 75=158.59 90=217.22 95=253.57 99=740.86 99.9=1275.90 99.99=2260.99] [UPDATE: Count=35239 Max=12369.92 Min=7.59 Avg=22.62 10=14.15 25=16.03 50=18.61 75=22.48 90=27.55 95=32.56 99=61.60 99.9=488.70 99.99=2496.51]
2025-04-19 12:29:15 29 sec: 115910 operations; [READ: Count=77109 Max=5619.71 Min=3.28 Avg=138.75 10=53.09 25=91.14 50=109.89 75=158.08 90=216.19 95=250.75 99=735.23 99.9=1302.53 99.99=2412.54] [UPDATE: Count=38801 Max=12369.92 Min=7.59 Avg=22.41 10=14.10 25=15.99 50=18.59 75=22.45 90=27.50 95=32.29 99=60.86 99.9=472.83 99.99=2496.51]
2025-04-19 12:29:16 30 sec: 126534 operations; [READ: Count=84215 Max=5619.71 Min=3.28 Avg=137.89 10=53.12 25=91.39 50=110.14 75=158.08 90=215.55 95=247.55 99=723.97 99.9=1302.53 99.99=2424.83] [UPDATE: Count=42319 Max=12369.92 Min=7.59 Avg=22.35 10=14.16 25=16.06 50=18.67 75=22.53 90=27.52 95=32.14 99=59.97 99.9=472.83 99.99=2496.51]
2025-04-19 12:29:17 31 sec: 137483 operations; [READ: Count=91501 Max=5619.71 Min=2.95 Avg=136.91 10=52.93 25=91.26 50=110.27 75=157.69 90=214.66 95=244.48 99=714.75 99.9=1280.00 99.99=2836.48] [UPDATE: Count=45982 Max=12369.92 Min=7.40 Avg=22.19 10=14.13 25=16.05 50=18.67 75=22.53 90=27.45 95=31.98 99=58.69 99.9=453.12 99.99=2469.89]
2025-04-19 12:29:18 32 sec: 147267 operations; [READ: Count=97976 Max=6733.82 Min=2.95 Avg=137.20 10=52.80 25=91.20 50=110.27 75=157.31 90=214.53 95=245.76 99=724.99 99.9=1321.98 99.99=3080.19] [UPDATE: Count=49291 Max=12369.92 Min=7.40 Avg=22.23 10=14.13 25=16.06 50=18.69 75=22.57 90=27.55 95=32.19 99=59.65 99.9=461.82 99.99=2469.89]
2025-04-19 12:29:19 33 sec: 156344 operations; [READ: Count=104005 Max=11378.69 Min=2.95 Avg=138.11 10=52.70 25=91.20 50=110.27 75=157.06 90=214.14 95=246.01 99=739.33 99.9=1377.28 99.99=4239.36] [UPDATE: Count=52339 Max=12369.92 Min=7.40 Avg=22.24 10=14.15 25=16.09 50=18.73 75=22.64 90=27.66 95=32.46 99=60.16 99.9=461.82 99.99=2469.89]
2025-04-19 12:29:20 34 sec: 167559 operations; [READ: Count=111481 Max=11378.69 Min=2.72 Avg=137.04 10=52.41 25=90.94 50=110.02 75=156.29 90=213.12 95=243.33 99=733.70 99.9=1379.33 99.99=4239.36] [UPDATE: Count=56078 Max=12369.92 Min=7.40 Avg=22.11 10=14.13 25=16.07 50=18.72 75=22.59 90=27.57 95=32.22 99=59.62 99.9=438.01 99.99=2392.06]
2025-04-19 12:29:21 35 sec: 178440 operations; [READ: Count=118813 Max=11378.69 Min=2.72 Avg=136.30 10=52.16 25=90.75 50=109.76 75=155.65 90=211.97 95=241.28 99=735.23 99.9=1393.66 99.99=4147.20] [UPDATE: Count=59627 Max=12369.92 Min=7.40 Avg=22.03 10=14.10 25=16.04 50=18.69 75=22.56 90=27.49 95=32.14 99=59.49 99.9=438.01 99.99=2392.06]
2025-04-19 12:29:22 36 sec: 189035 operations; [READ: Count=125916 Max=11378.69 Min=2.72 Avg=135.81 10=52.06 25=90.69 50=109.82 75=155.52 90=211.33 95=240.13 99=735.23 99.9=1397.76 99.99=3895.30] [UPDATE: Count=63119 Max=12369.92 Min=7.40 Avg=22.11 10=14.10 25=16.05 50=18.70 75=22.57 90=27.54 95=32.21 99=59.65 99.9=453.12 99.99=2469.89]
2025-04-19 12:29:23 37 sec: 199209 operations; [READ: Count=132682 Max=11378.69 Min=2.72 Avg=135.47 10=51.94 25=90.56 50=109.82 75=155.26 90=210.81 95=239.23 99=736.25 99.9=1411.07 99.99=3897.34] [UPDATE: Count=66527 Max=18087.94 Min=7.40 Avg=22.71 10=14.10 25=16.07 50=18.73 75=22.61 90=27.58 95=32.22 99=59.84 99.9=488.70 99.99=3618.82]
2025-04-19 12:29:24 38 sec: 209242 operations; [READ: Count=139349 Max=11378.69 Min=2.72 Avg=135.39 10=51.71 25=90.30 50=109.82 75=155.13 90=209.92 95=238.59 99=742.91 99.9=1444.86 99.99=4239.36] [UPDATE: Count=69893 Max=18087.94 Min=7.40 Avg=23.04 10=14.05 25=16.04 50=18.72 75=22.62 90=27.63 95=32.35 99=60.41 99.9=523.77 99.99=5345.28]
2025-04-19 12:29:25 39 sec: 219735 operations; [READ: Count=146374 Max=11378.69 Min=2.72 Avg=135.04 10=51.39 25=89.86 50=109.76 75=154.75 90=209.02 95=237.69 99=748.03 99.9=1527.81 99.99=4239.36] [UPDATE: Count=73361 Max=18087.94 Min=7.40 Avg=23.18 10=14.00 25=16.00 50=18.70 75=22.64 90=27.70 95=32.53 99=62.43 99.9=590.85 99.99=5345.28]
2025-04-19 12:29:26 40 sec: 230566 operations; [READ: Count=153599 Max=11378.69 Min=2.72 Avg=134.51 10=51.30 25=89.86 50=109.89 75=154.75 90=208.38 95=236.54 99=742.91 99.9=1527.81 99.99=4239.36] [UPDATE: Count=76967 Max=18087.94 Min=7.40 Avg=23.33 10=14.03 25=16.05 50=18.77 75=22.70 90=27.77 95=32.62 99=63.39 99.9=638.46 99.99=4567.04]
2025-04-19 12:29:27 41 sec: 242477 operations; [READ: Count=161517 Max=11378.69 Min=2.72 Avg=133.35 10=50.98 25=89.53 50=109.44 75=154.24 90=207.23 95=234.75 99=735.23 99.9=1498.11 99.99=4147.20] [UPDATE: Count=80960 Max=18087.94 Min=7.25 Avg=23.56 10=14.02 25=16.04 50=18.75 75=22.69 90=27.71 95=32.54 99=64.61 99.9=695.29 99.99=4567.04]
2025-04-19 12:29:28 42 sec: 256194 operations; [READ: Count=170681 Max=11378.69 Min=2.72 Avg=130.99 10=50.21 25=86.33 50=108.03 75=152.83 90=205.31 95=232.96 99=733.70 99.9=1503.23 99.99=4239.36] [UPDATE: Count=85513 Max=18087.94 Min=6.95 Avg=24.26 10=13.89 25=15.94 50=18.67 75=22.59 90=27.70 95=32.66 99=67.01 99.9=932.35 99.99=4567.04]
2025-04-19 12:29:29 43 sec: 271384 operations; [READ: Count=180831 Max=11378.69 Min=2.72 Avg=128.51 10=49.73 25=80.58 50=106.75 75=151.17 90=203.01 95=230.53 99=729.09 99.9=1503.23 99.99=4239.36] [UPDATE: Count=90553 Max=18087.94 Min=6.95 Avg=24.07 10=13.78 25=15.81 50=18.57 75=22.50 90=27.55 95=32.41 99=66.17 99.9=872.96 99.99=5345.28]
2025-04-19 12:29:30 44 sec: 287232 operations; [READ: Count=191433 Max=11378.69 Min=2.72 Avg=125.98 10=49.22 25=70.02 50=105.53 75=149.63 90=200.32 95=228.48 99=724.48 99.9=1512.45 99.99=4239.36] [UPDATE: Count=95799 Max=18087.94 Min=6.95 Avg=23.88 10=13.70 25=15.71 50=18.46 75=22.37 90=27.41 95=32.17 99=64.96 99.9=849.41 99.99=5345.28]
2025-04-19 12:29:31 45 sec: 302970 operations; [READ: Count=201916 Max=15613.95 Min=2.72 Avg=123.81 10=48.58 25=65.73 50=104.51 75=147.97 90=197.76 95=226.56 99=717.31 99.9=1519.62 99.99=4239.36] [UPDATE: Count=101054 Max=18087.94 Min=6.95 Avg=23.65 10=13.56 25=15.62 50=18.37 75=22.27 90=27.26 95=31.97 99=64.03 99.9=835.07 99.99=5345.28]
2025-04-19 12:29:32 46 sec: 320089 operations; [READ: Count=213336 Max=15613.95 Min=2.72 Avg=121.31 10=47.84 25=62.98 50=103.42 75=146.18 90=194.81 95=224.51 99=707.07 99.9=1498.11 99.99=4147.20] [UPDATE: Count=106753 Max=18087.94 Min=6.95 Avg=23.36 10=13.42 25=15.49 50=18.25 75=22.13 90=27.10 95=31.68 99=63.36 99.9=763.90 99.99=4567.04]
2025-04-19 12:29:33 47 sec: 336004 operations; [READ: Count=223961 Max=15613.95 Min=2.72 Avg=119.48 10=47.49 25=61.66 50=102.66 75=144.51 90=192.13 95=223.10 99=699.90 99.9=1498.11 99.99=4235.26] [UPDATE: Count=112043 Max=18087.94 Min=6.95 Avg=23.21 10=13.37 25=15.42 50=18.19 75=22.06 90=27.01 95=31.57 99=63.26 99.9=757.76 99.99=4567.04]
2025-04-19 12:29:34 48 sec: 352250 operations; [READ: Count=234789 Max=15613.95 Min=2.72 Avg=117.71 10=47.10 25=60.48 50=101.89 75=142.59 90=189.06 95=221.69 99=692.74 99.9=1527.81 99.99=4235.26] [UPDATE: Count=117461 Max=18087.94 Min=6.95 Avg=23.04 10=13.30 25=15.35 50=18.09 75=21.95 90=26.89 95=31.38 99=62.62 99.9=745.47 99.99=4567.04]
2025-04-19 12:29:35 49 sec: 369020 operations; [READ: Count=245972 Max=15613.95 Min=2.72 Avg=115.95 10=46.59 25=59.65 50=101.06 75=140.41 90=185.98 95=220.16 99=683.52 99.9=1532.93 99.99=4145.15] [UPDATE: Count=123048 Max=18087.94 Min=6.95 Avg=22.84 10=13.22 25=15.27 50=18.02 75=21.87 90=26.78 95=31.25 99=62.14 99.9=721.41 99.99=4567.04]
2025-04-19 12:29:36 50 sec: 385456 operations; [READ: Count=256897 Max=15613.95 Min=2.72 Avg=114.42 10=46.24 25=58.91 50=100.42 75=138.24 90=183.04 95=218.62 99=668.67 99.9=1541.12 99.99=4337.66] [UPDATE: Count=128559 Max=18087.94 Min=6.95 Avg=22.72 10=13.20 25=15.21 50=17.95 75=21.79 90=26.67 95=31.04 99=61.44 99.9=708.10 99.99=4567.04]
2025-04-19 12:29:37 51 sec: 402544 operations; [READ: Count=268281 Max=15613.95 Min=2.72 Avg=112.82 10=45.79 25=58.37 50=99.78 75=135.68 90=179.84 95=217.09 99=654.85 99.9=1545.21 99.99=4337.66] [UPDATE: Count=134263 Max=18087.94 Min=6.95 Avg=22.59 10=13.18 25=15.18 50=17.89 75=21.73 90=26.56 95=30.88 99=60.41 99.9=707.07 99.99=4567.04]
2025-04-19 12:29:38 52 sec: 419643 operations; [READ: Count=279678 Max=15613.95 Min=2.72 Avg=111.34 10=45.25 25=57.98 50=99.20 75=132.86 90=176.90 95=215.81 99=638.46 99.9=1540.10 99.99=4333.57] [UPDATE: Count=139965 Max=18087.94 Min=6.95 Avg=22.46 10=13.16 25=15.13 50=17.84 75=21.66 90=26.48 95=30.77 99=59.81 99.9=698.37 99.99=4321.28]
2025-04-19 12:29:39 53 sec: 435816 operations; [READ: Count=290452 Max=15613.95 Min=2.72 Avg=110.22 10=44.61 25=57.60 50=98.56 75=130.05 90=174.46 95=214.53 99=630.27 99.9=1563.65 99.99=4788.22] [UPDATE: Count=145364 Max=18087.94 Min=6.95 Avg=22.40 10=13.10 25=15.07 50=17.77 75=21.60 90=26.40 95=30.66 99=59.62 99.9=698.37 99.99=4321.28]
2025-04-19 12:29:40 54 sec: 452168 operations; [READ: Count=301321 Max=15613.95 Min=2.72 Avg=109.13 10=43.94 25=57.38 50=98.05 75=127.42 90=172.16 95=213.25 99=615.93 99.9=1563.65 99.99=5206.02] [UPDATE: Count=150847 Max=18087.94 Min=6.95 Avg=22.36 10=13.09 25=15.05 50=17.74 75=21.55 90=26.34 95=30.54 99=59.23 99.9=698.37 99.99=4567.04]
2025-04-19 12:29:41 55 sec: 470088 operations; [READ: Count=313235 Max=15613.95 Min=2.72 Avg=107.76 10=42.91 25=57.18 50=97.47 75=124.86 90=169.98 95=211.84 99=595.46 99.9=1551.36 99.99=5206.02] [UPDATE: Count=156853 Max=18087.94 Min=6.95 Avg=22.21 10=13.08 25=15.02 50=17.71 75=21.50 90=26.24 95=30.37 99=57.95 99.9=687.62 99.99=4321.28]
2025-04-19 12:29:42 56 sec: 488303 operations; [READ: Count=325423 Max=15613.95 Min=2.72 Avg=106.41 10=41.34 25=56.96 50=96.89 75=122.75 90=167.94 95=210.43 99=573.95 99.9=1530.88 99.99=5091.33] [UPDATE: Count=162880 Max=18087.94 Min=6.95 Avg=22.07 10=13.03 25=14.98 50=17.66 75=21.45 90=26.16 95=30.21 99=57.25 99.9=675.33 99.99=4321.28]
2025-04-19 12:29:43 57 sec: 507234 operations; [READ: Count=338002 Max=15613.95 Min=2.72 Avg=105.04 10=38.05 25=56.51 50=95.87 75=120.83 90=166.01 95=208.90 99=557.05 99.9=1523.71 99.99=5185.53] [UPDATE: Count=169232 Max=18087.94 Min=6.95 Avg=21.89 10=12.90 25=14.88 50=17.57 75=21.36 90=26.03 95=30.05 99=56.54 99.9=675.33 99.99=4182.02]
2025-04-19 12:29:44 58 sec: 525324 operations; [READ: Count=349992 Max=16187.39 Min=2.72 Avg=103.92 10=26.70 25=56.22 50=95.23 75=119.36 90=164.48 95=207.36 99=543.74 99.9=1519.62 99.99=5206.02] [UPDATE: Count=175332 Max=18087.94 Min=6.95 Avg=21.79 10=12.86 25=14.83 50=17.52 75=21.30 90=25.95 95=29.93 99=56.13 99.9=675.33 99.99=3944.45]
2025-04-19 12:29:45 59 sec: 543959 operations; [READ: Count=362461 Max=16187.39 Min=2.72 Avg=102.75 10=22.21 25=56.00 50=94.59 75=118.08 90=163.07 95=205.82 99=527.36 99.9=1483.78 99.99=5185.53] [UPDATE: Count=181498 Max=18087.94 Min=6.95 Avg=21.68 10=12.85 25=14.81 50=17.47 75=21.23 90=25.84 95=29.77 99=55.42 99.9=666.11 99.99=3944.45]
2025-04-19 12:29:46 60 sec: 563030 operations; [READ: Count=375142 Max=16187.39 Min=2.72 Avg=101.58 10=19.65 25=55.74 50=93.95 75=116.86 90=161.66 95=204.16 99=511.23 99.9=1458.17 99.99=5062.65] [UPDATE: Count=187888 Max=18087.94 Min=6.95 Avg=21.57 10=12.84 25=14.79 50=17.42 75=21.17 90=25.74 95=29.65 99=54.72 99.9=656.38 99.99=3620.86]
2025-04-19 12:29:47 61 sec: 583824 operations; [READ: Count=388958 Max=16187.39 Min=2.16 Avg=100.21 10=17.93 25=55.30 50=92.73 75=115.71 90=160.25 95=202.50 99=488.70 99.9=1440.77 99.99=4964.35] [UPDATE: Count=194866 Max=18087.94 Min=6.95 Avg=21.38 10=12.73 25=14.69 50=17.33 75=21.07 90=25.63 95=29.49 99=53.60 99.9=650.24 99.99=3620.86]
2025-04-19 12:29:48 62 sec: 605068 operations; [READ: Count=403129 Max=16187.39 Min=2.16 Avg=98.86 10=16.75 25=54.81 50=91.52 75=114.69 90=158.85 95=200.45 99=472.32 99.9=1424.38 99.99=4915.20] [UPDATE: Count=201939 Max=18087.94 Min=6.90 Avg=21.18 10=12.57 25=14.56 50=17.23 75=20.96 90=25.49 95=29.31 99=52.70 99.9=638.46 99.99=3618.82]
2025-04-19 12:29:49 63 sec: 624506 operations; [READ: Count=416040 Max=16187.39 Min=2.16 Avg=97.87 10=15.93 25=54.59 50=90.69 75=113.98 90=157.82 95=198.66 99=457.73 99.9=1410.05 99.99=4788.22] [UPDATE: Count=208466 Max=18087.94 Min=6.90 Avg=21.09 10=12.53 25=14.51 50=17.17 75=20.88 90=25.41 95=29.20 99=52.29 99.9=638.46 99.99=3444.74]
2025-04-19 12:29:50 64 sec: 643753 operations; [READ: Count=428836 Max=16187.39 Min=2.16 Avg=96.97 10=15.17 25=54.46 50=89.98 75=113.41 90=156.93 95=196.99 99=444.42 99.9=1395.71 99.99=4681.73] [UPDATE: Count=214917 Max=18087.94 Min=6.90 Avg=21.00 10=12.52 25=14.49 50=17.15 75=20.85 90=25.34 95=29.10 99=51.62 99.9=608.25 99.99=3444.74]
2025-04-19 12:29:51 65 sec: 663214 operations; [READ: Count=441750 Max=16187.39 Min=2.16 Avg=96.09 10=14.53 25=54.34 50=89.22 75=112.96 90=156.16 95=195.20 99=430.33 99.9=1380.35 99.99=4419.58] [UPDATE: Count=221464 Max=18087.94 Min=6.90 Avg=20.91 10=12.51 25=14.49 50=17.14 75=20.82 90=25.30 95=29.02 99=51.04 99.9=603.65 99.99=3401.73]
2025-04-19 12:29:52 66 sec: 682671 operations; [READ: Count=454719 Max=16187.39 Min=2.16 Avg=95.25 10=13.97 25=54.21 50=88.25 75=112.51 90=155.26 95=193.53 99=413.69 99.9=1371.13 99.99=4337.66] [UPDATE: Count=227952 Max=18087.94 Min=6.90 Avg=20.84 10=12.51 25=14.48 50=17.10 75=20.78 90=25.23 95=28.93 99=50.46 99.9=596.99 99.99=3164.16]
2025-04-19 12:29:53 67 sec: 702260 operations; [READ: Count=467769 Max=16187.39 Min=2.16 Avg=94.44 10=13.52 25=54.11 50=87.23 75=112.13 90=154.50 95=191.62 99=397.82 99.9=1350.65 99.99=4329.47] [UPDATE: Count=234491 Max=18087.94 Min=6.90 Avg=20.76 10=12.51 25=14.47 50=17.09 75=20.75 90=25.18 95=28.85 99=49.82 99.9=591.87 99.99=3164.16]
2025-04-19 12:29:54 68 sec: 721843 operations; [READ: Count=480858 Max=16187.39 Min=2.16 Avg=93.66 10=13.10 25=53.98 50=86.02 75=111.81 90=153.73 95=189.57 99=382.72 99.9=1335.30 99.99=4313.09] [UPDATE: Count=240985 Max=18087.94 Min=6.90 Avg=20.72 10=12.52 25=14.47 50=17.07 75=20.73 90=25.14 95=28.78 99=49.34 99.9=586.24 99.99=3164.16]
2025-04-19 12:29:55 69 sec: 741597 operations; [READ: Count=494057 Max=16187.39 Min=2.16 Avg=92.91 10=12.74 25=53.89 50=84.61 75=111.49 90=153.09 95=187.65 99=365.06 99.9=1317.89 99.99=4288.51] [UPDATE: Count=247540 Max=18087.94 Min=6.90 Avg=20.64 10=12.51 25=14.46 50=17.05 75=20.70 90=25.10 95=28.69 99=48.64 99.9=578.05 99.99=3149.82]
2025-04-19 12:29:56 70 sec: 761260 operations; [READ: Count=507149 Max=16187.39 Min=2.16 Avg=92.21 10=12.42 25=53.76 50=83.01 75=111.23 90=152.32 95=185.85 99=348.93 99.9=1298.43 99.99=4239.36] [UPDATE: Count=254111 Max=18087.94 Min=6.90 Avg=20.58 10=12.51 25=14.46 50=17.04 75=20.67 90=25.05 95=28.62 99=48.22 99.9=571.90 99.99=3149.82]
2025-04-19 12:29:57 71 sec: 780586 operations; [READ: Count=519979 Max=16187.39 Min=2.16 Avg=91.59 10=12.20 25=53.70 50=81.02 75=111.04 90=151.68 95=184.06 99=331.77 99.9=1280.00 99.99=4235.26] [UPDATE: Count=260607 Max=18087.94 Min=6.90 Avg=20.55 10=12.51 25=14.46 50=17.05 75=20.67 90=25.04 95=28.59 99=47.74 99.9=567.81 99.99=3149.82]
2025-04-19 12:29:58 72 sec: 798737 operations; [READ: Count=532036 Max=16187.39 Min=2.16 Avg=91.10 10=11.97 25=53.57 50=78.53 75=110.78 90=151.04 95=182.40 99=319.23 99.9=1278.97 99.99=4333.57] [UPDATE: Count=266701 Max=18087.94 Min=6.90 Avg=20.59 10=12.51 25=14.46 50=17.04 75=20.66 90=25.01 95=28.54 99=47.42 99.9=568.83 99.99=3201.02]
2025-04-19 12:29:59 73 sec: 818595 operations; [READ: Count=545246 Max=16187.39 Min=2.16 Avg=90.46 10=11.73 25=53.47 50=75.78 75=110.59 90=150.53 95=180.61 99=307.45 99.9=1262.59 99.99=4313.09] [UPDATE: Count=273349 Max=18087.94 Min=6.90 Avg=20.57 10=12.49 25=14.45 50=17.02 75=20.64 90=24.98 95=28.50 99=47.17 99.9=572.41 99.99=3389.44]
2025-04-19 12:30:00 74 sec: 836578 operations; [READ: Count=557276 Max=16187.39 Min=2.16 Avg=90.03 10=11.61 25=53.38 50=73.79 75=110.40 90=149.89 95=178.81 99=297.21 99.9=1259.52 99.99=4419.58] [UPDATE: Count=279302 Max=18087.94 Min=6.90 Avg=20.60 10=12.49 25=14.45 50=17.02 75=20.62 90=24.96 95=28.46 99=46.98 99.9=572.41 99.99=3401.73]
2025-04-19 12:30:01 75 sec: 857912 operations; [READ: Count=571481 Max=16187.39 Min=2.16 Avg=89.31 10=11.49 25=53.12 50=72.13 75=110.08 90=149.12 95=177.15 99=289.28 99.9=1243.13 99.99=4337.66] [UPDATE: Count=286431 Max=18087.94 Min=6.90 Avg=20.50 10=12.42 25=14.39 50=16.98 75=20.57 90=24.89 95=28.37 99=46.59 99.9=565.76 99.99=3401.73]
2025-04-19 12:30:02 76 sec: 880665 operations; [READ: Count=586616 Max=16187.39 Min=2.16 Avg=88.48 10=11.36 25=52.77 50=70.53 75=109.63 90=148.22 95=175.23 99=282.11 99.9=1234.94 99.99=4329.47] [UPDATE: Count=294049 Max=18087.94 Min=6.50 Avg=20.38 10=12.34 25=14.32 50=16.91 75=20.50 90=24.83 95=28.29 99=46.24 99.9=559.10 99.99=3401.73]
2025-04-19 12:30:03 77 sec: 903315 operations; [READ: Count=601720 Max=16187.39 Min=2.16 Avg=87.70 10=11.21 25=52.45 50=69.44 75=109.18 90=147.46 95=173.57 99=276.22 99.9=1227.78 99.99=4313.09] [UPDATE: Count=301595 Max=18087.94 Min=6.50 Avg=20.25 10=12.22 25=14.22 50=16.83 75=20.41 90=24.73 95=28.19 99=45.85 99.9=548.35 99.99=3389.44]
2025-04-19 12:30:04 78 sec: 926060 operations; [READ: Count=616865 Max=16187.39 Min=2.16 Avg=86.94 10=11.11 25=52.13 50=68.48 75=108.73 90=146.56 95=172.16 99=272.38 99.9=1213.44 99.99=4288.51] [UPDATE: Count=309195 Max=18087.94 Min=6.50 Avg=20.15 10=12.13 25=14.15 50=16.77 75=20.35 90=24.67 95=28.09 99=45.44 99.9=550.40 99.99=3201.02]
2025-04-19 12:30:05 79 sec: 946983 operations; [READ: Count=630817 Max=16187.39 Min=2.16 Avg=86.36 10=11.01 25=51.94 50=67.78 75=108.48 90=145.92 95=170.88 99=269.31 99.9=1203.20 99.99=4288.51] [UPDATE: Count=316166 Max=18087.94 Min=6.50 Avg=20.14 10=12.09 25=14.11 50=16.73 75=20.30 90=24.62 95=28.03 99=45.22 99.9=550.40 99.99=3389.44]
2025-04-19 12:30:06 80 sec: 967108 operations; [READ: Count=644241 Max=16187.39 Min=2.16 Avg=85.86 10=10.89 25=51.84 50=67.26 75=108.29 90=145.28 95=169.85 99=266.75 99.9=1198.08 99.99=4268.03] [UPDATE: Count=322867 Max=18087.94 Min=6.50 Avg=20.18 10=12.09 25=14.11 50=16.72 75=20.29 90=24.59 95=28.00 99=45.15 99.9=555.52 99.99=3444.74]
2025-04-19 12:30:07 81 sec: 986174 operations; [READ: Count=656952 Max=16187.39 Min=2.16 Avg=85.50 10=10.86 25=51.74 50=66.94 75=108.22 90=144.64 95=168.96 99=264.45 99.9=1191.93 99.99=4296.70] [UPDATE: Count=329222 Max=18087.94 Min=6.50 Avg=20.18 10=12.10 25=14.11 50=16.72 75=20.29 90=24.61 95=28.00 99=45.12 99.9=555.52 99.99=3444.74]
2025-04-19 12:30:08 82 sec: 1005335 operations; [READ: Count=669752 Max=16187.39 Min=2.16 Avg=85.12 10=10.83 25=51.65 50=66.62 75=108.16 90=144.13 95=168.06 99=262.14 99.9=1178.62 99.99=4296.70] [UPDATE: Count=335583 Max=18087.94 Min=6.50 Avg=20.23 10=12.10 25=14.12 50=16.73 75=20.29 90=24.61 95=28.00 99=45.15 99.9=561.66 99.99=3444.74]
2025-04-19 12:30:09 83 sec: 1025743 operations; [READ: Count=683369 Max=16187.39 Min=2.16 Avg=84.63 10=10.71 25=51.55 50=66.24 75=108.03 90=143.49 95=167.17 99=260.10 99.9=1165.31 99.99=4288.51] [UPDATE: Count=342374 Max=18087.94 Min=6.50 Avg=20.28 10=12.09 25=14.11 50=16.72 75=20.29 90=24.59 95=28.00 99=45.12 99.9=564.74 99.99=3483.65]
2025-04-19 12:30:10 84 sec: 1049757 operations; [READ: Count=699463 Max=16187.39 Min=2.16 Avg=83.90 10=10.52 25=51.13 50=65.73 75=107.65 90=142.46 95=166.14 99=257.79 99.9=1159.17 99.99=4268.03] [UPDATE: Count=350294 Max=18087.94 Min=6.50 Avg=20.21 10=12.02 25=14.05 50=16.67 75=20.22 90=24.53 95=27.90 99=44.96 99.9=563.71 99.99=3483.65]
2025-04-19 12:30:11 85 sec: 1075188 operations; [READ: Count=716482 Max=16187.39 Min=2.16 Avg=83.08 10=10.31 25=50.66 50=65.12 75=107.20 90=141.44 95=165.12 99=255.36 99.9=1148.93 99.99=4235.26] [UPDATE: Count=358706 Max=18087.94 Min=6.50 Avg=20.12 10=11.91 25=13.96 50=16.59 75=20.14 90=24.45 95=27.82 99=44.77 99.9=557.57 99.99=3483.65]
2025-04-19 12:30:12 86 sec: 1107989 operations; [READ: Count=738344 Max=16187.39 Min=2.16 Avg=81.75 10=10.00 25=49.44 50=63.81 75=106.69 90=140.03 95=163.97 99=253.18 99.9=1135.62 99.99=4147.20] [UPDATE: Count=369645 Max=18087.94 Min=6.50 Avg=19.92 10=11.64 25=13.78 50=16.45 75=20.00 90=24.32 95=27.68 99=44.48 99.9=546.82 99.99=3457.02]
2025-04-19 12:30:13 87 sec: 1141806 operations; [READ: Count=760866 Max=16187.39 Min=2.16 Avg=80.44 10=9.68 25=48.22 50=62.69 75=106.11 90=138.50 95=162.81 99=250.75 99.9=1120.26 99.99=3897.34] [UPDATE: Count=380940 Max=18087.94 Min=6.50 Avg=19.71 10=11.38 25=13.59 50=16.30 75=19.86 90=24.19 95=27.55 99=44.06 99.9=541.18 99.99=3444.74]
2025-04-19 12:30:14 88 sec: 1175177 operations; [READ: Count=783125 Max=16187.39 Min=2.16 Avg=79.23 10=9.38 25=47.04 50=61.76 75=105.53 90=136.83 95=161.92 99=249.22 99.9=1104.89 99.99=3895.30] [UPDATE: Count=392052 Max=18087.94 Min=6.50 Avg=19.49 10=11.10 25=13.39 50=16.15 75=19.73 90=24.08 95=27.41 99=43.65 99.9=523.77 99.99=3401.73]
2025-04-19 12:30:15 89 sec: 1204852 operations; [READ: Count=802746 Max=16187.39 Min=2.16 Avg=78.37 10=9.14 25=46.17 50=61.05 75=105.09 90=135.55 95=161.15 99=249.34 99.9=1106.94 99.99=3772.41] [UPDATE: Count=402106 Max=18087.94 Min=6.50 Avg=19.31 10=10.93 25=13.23 50=16.03 75=19.60 90=23.97 95=27.28 99=43.30 99.9=512.77 99.99=3389.44]
2025-04-19 12:30:16 90 sec: 1236194 operations; [READ: Count=823626 Max=16187.39 Min=2.16 Avg=77.42 10=8.89 25=45.34 50=60.35 75=104.58 90=134.01 95=160.38 99=248.83 99.9=1108.99 99.99=3534.85] [UPDATE: Count=412568 Max=18087.94 Min=6.46 Avg=19.12 10=10.77 25=13.05 50=15.89 75=19.49 90=23.86 95=27.17 99=43.01 99.9=506.37 99.99=3201.02]
2025-04-19 12:30:17 91 sec: 1270365 operations; [READ: Count=846341 Max=16187.39 Min=2.16 Avg=76.34 10=8.65 25=44.51 50=59.65 75=104.06 90=132.22 95=159.49 99=246.53 99.9=1100.80 99.99=3473.41] [UPDATE: Count=424024 Max=18087.94 Min=6.46 Avg=18.93 10=10.62 25=12.86 50=15.76 75=19.36 90=23.74 95=27.04 99=42.69 99.9=499.45 99.99=3180.54]
2025-04-19 12:30:18 92 sec: 1304068 operations; [READ: Count=868862 Max=16187.39 Min=2.16 Avg=75.33 10=8.44 25=43.84 50=58.98 75=103.61 90=130.50 95=158.59 99=244.22 99.9=1086.46 99.99=3368.96] [UPDATE: Count=435206 Max=18087.94 Min=6.46 Avg=18.76 10=10.51 25=12.69 50=15.63 75=19.23 90=23.63 95=26.93 99=42.34 99.9=491.52 99.99=3155.97]
2025-04-19 12:30:19 93 sec: 1336919 operations; [READ: Count=890754 Max=16187.39 Min=2.13 Avg=74.43 10=8.26 25=43.26 50=58.40 75=103.17 90=128.90 95=157.82 99=242.94 99.9=1078.27 99.99=3348.48] [UPDATE: Count=446165 Max=18087.94 Min=6.46 Avg=18.61 10=10.43 25=12.54 50=15.52 75=19.12 90=23.52 95=26.82 99=42.05 99.9=485.12 99.99=3149.82]
2025-04-19 12:30:20 94 sec: 1360379 operations; [READ: Count=906405 Max=16187.39 Min=2.13 Avg=74.09 10=8.20 25=43.04 50=58.11 75=102.91 90=128.25 95=157.69 99=244.61 99.9=1079.30 99.99=3323.90] [UPDATE: Count=453974 Max=18087.94 Min=6.46 Avg=18.56 10=10.43 25=12.52 50=15.49 75=19.07 90=23.45 95=26.75 99=41.89 99.9=478.46 99.99=3149.82]
2025-04-19 12:30:21 95 sec: 1384287 operations; [READ: Count=922280 Max=16187.39 Min=2.13 Avg=73.75 10=8.19 25=42.78 50=57.85 75=102.72 90=127.49 95=157.31 99=245.63 99.9=1083.39 99.99=3266.56] [UPDATE: Count=462007 Max=18087.94 Min=6.46 Avg=18.50 10=10.40 25=12.46 50=15.43 75=19.01 90=23.39 95=26.67 99=41.76 99.9=474.62 99.99=3067.90]
2025-04-19 12:30:22 96 sec: 1410558 operations; [READ: Count=939803 Max=16187.39 Min=2.13 Avg=73.28 10=8.21 25=42.49 50=57.66 75=102.53 90=126.72 95=156.80 99=243.97 99.9=1075.20 99.99=3229.70] [UPDATE: Count=470755 Max=18087.94 Min=6.46 Avg=18.44 10=10.39 25=12.44 50=15.39 75=18.96 90=23.33 95=26.61 99=41.60 99.9=469.25 99.99=3008.51]
2025-04-19 12:30:23 97 sec: 1434443 operations; [READ: Count=955753 Max=16187.39 Min=2.13 Avg=72.94 10=8.24 25=42.27 50=57.60 75=102.40 90=126.33 95=156.29 99=242.94 99.9=1069.06 99.99=3198.97] [UPDATE: Count=478690 Max=18087.94 Min=6.46 Avg=18.41 10=10.40 25=12.45 50=15.38 75=18.94 90=23.30 95=26.56 99=41.41 99.9=464.38 99.99=2893.82]
2025-04-19 12:30:24 98 sec: 1458245 operations; [READ: Count=971669 Max=16187.39 Min=2.13 Avg=72.62 10=8.26 25=42.02 50=57.57 75=102.27 90=126.08 95=155.90 99=241.66 99.9=1062.91 99.99=3160.06] [UPDATE: Count=486576 Max=18087.94 Min=6.46 Avg=18.38 10=10.41 25=12.45 50=15.37 75=18.91 90=23.26 95=26.51 99=41.31 99.9=460.54 99.99=2883.58]
2025-04-19 12:30:25 99 sec: 1474180 operations; [READ: Count=982281 Max=16187.39 Min=2.13 Avg=72.75 10=8.29 25=41.79 50=57.53 75=102.21 90=126.21 95=156.03 99=245.89 99.9=1094.65 99.99=3149.82] [UPDATE: Count=491899 Max=18087.94 Min=6.46 Avg=18.37 10=10.41 25=12.44 50=15.36 75=18.89 90=23.25 95=26.50 99=41.28 99.9=456.70 99.99=2893.82]
2025-04-19 12:30:26 100 sec: 1490859 operations; [READ: Count=993413 Max=16187.39 Min=2.13 Avg=72.83 10=8.31 25=41.57 50=57.50 75=102.21 90=126.14 95=155.90 99=248.83 99.9=1123.33 99.99=3149.82] [UPDATE: Count=497446 Max=18087.94 Min=6.46 Avg=18.35 10=10.41 25=12.43 50=15.34 75=18.88 90=23.21 95=26.46 99=41.25 99.9=453.12 99.99=2893.82]
2025-04-19 12:30:27 101 sec: 1500830 operations; [READ: Count=1000000 Max=16187.39 Min=2.13 Avg=72.73 10=8.32 25=41.44 50=57.50 75=102.21 90=126.08 95=155.78 99=248.45 99.9=1120.26 99.99=3110.91] [UPDATE: Count=500830 Max=18087.94 Min=6.46 Avg=18.34 10=10.41 25=12.43 50=15.34 75=18.86 90=23.20 95=26.45 99=41.22 99.9=445.18 99.99=2893.82]
2025-04-19 12:30:28 102 sec: 1500830 operations; [READ: Count=1000000 Max=16187.39 Min=2.13 Avg=72.73 10=8.32 25=41.44 50=57.50 75=102.21 90=126.08 95=155.78 99=248.45 99.9=1120.26 99.99=3110.91] [UPDATE: Count=500830 Max=18087.94 Min=6.46 Avg=18.34 10=10.41 25=12.43 50=15.34 75=18.86 90=23.20 95=26.45 99=41.22 99.9=445.18 99.99=2893.82]
2025-04-19 12:30:29 103 sec: 1500830 operations; [READ: Count=1000000 Max=16187.39 Min=2.13 Avg=72.73 10=8.32 25=41.44 50=57.50 75=102.21 90=126.08 95=155.78 99=248.45 99.9=1120.26 99.99=3110.91] [UPDATE: Count=500830 Max=18087.94 Min=6.46 Avg=18.34 10=10.41 25=12.43 50=15.34 75=18.86 90=23.20 95=26.45 99=41.22 99.9=445.18 99.99=2893.82]
2025-04-19 12:30:30 104 sec: 1500830 operations; [READ: Count=1000000 Max=16187.39 Min=2.13 Avg=72.73 10=8.32 25=41.44 50=57.50 75=102.21 90=126.08 95=155.78 99=248.45 99.9=1120.26 99.99=3110.91] [UPDATE: Count=500830 Max=18087.94 Min=6.46 Avg=18.34 10=10.41 25=12.43 50=15.34 75=18.86 90=23.20 95=26.45 99=41.22 99.9=445.18 99.99=2893.82]
2025-04-19 12:30:30 104 sec: 1500830 operations; [READ: Count=1000000 Max=16187.39 Min=2.13 Avg=72.73 10=8.32 25=41.44 50=57.50 75=102.21 90=126.08 95=155.78 99=248.45 99.9=1120.26 99.99=3110.91] [UPDATE: Count=500830 Max=18087.94 Min=6.46 Avg=18.34 10=10.41 25=12.43 50=15.34 75=18.86 90=23.20 95=26.45 99=41.22 99.9=445.18 99.99=2893.82]
Run runtime(sec): 104.373
Run operations(ops): 1000000
Run throughput(ops/sec): 9581
