Running scope as unit: run-r99d71ea5aec441c1a34eaa2474e7d3ce.scope
load file:/home/user/DataFiles/silesia_data/silesia.tar
2025-04-19 13:25:15 0 sec: 0 operations;
2025-04-19 13:25:16 1 sec: 58765 operations; [INSERT: Count=58765 Max=2150.40 Min=3.95 Avg=13.33 10=4.85 25=5.85 50=8.27 75=14.37 90=28.69 95=40.96 99=67.65 99.9=106.81 99.99=345.60]
2025-04-19 13:25:17 2 sec: 83870 operations; [INSERT: Count=83870 Max=2150.40 Min=3.95 Avg=20.29 10=5.02 25=6.91 50=12.42 75=28.72 90=46.66 95=58.05 99=79.36 99.9=110.14 99.99=341.25]
2025-04-19 13:25:18 3 sec: 108704 operations; [INSERT: Count=108704 Max=2150.40 Min=3.95 Avg=24.10 10=5.24 25=7.85 50=18.59 75=34.62 90=51.87 95=62.53 99=82.43 99.9=113.02 99.99=361.47]
2025-04-19 13:25:19 4 sec: 133784 operations; [INSERT: Count=133784 Max=2150.40 Min=3.95 Avg=26.44 10=5.58 25=9.14 50=22.34 75=37.57 90=54.08 95=64.25 99=83.65 99.9=113.73 99.99=366.85]
2025-04-19 13:25:20 5 sec: 159438 operations; [INSERT: Count=159438 Max=2150.40 Min=3.95 Avg=27.93 10=6.09 25=11.05 50=24.41 75=39.07 90=55.04 95=64.99 99=84.29 99.9=116.67 99.99=371.71]
2025-04-19 13:25:21 6 sec: 181875 operations; [INSERT: Count=181875 Max=25559.04 Min=3.95 Avg=29.50 10=6.48 25=13.04 50=25.82 75=40.58 90=56.64 95=66.81 99=87.55 99.9=125.63 99.99=375.04]
2025-04-19 13:25:22 7 sec: 208143 operations; [INSERT: Count=208143 Max=25559.04 Min=3.95 Avg=30.17 10=6.89 25=14.76 50=26.69 75=41.09 90=56.80 95=66.81 99=87.17 99.9=125.57 99.99=372.99]
2025-04-19 13:25:23 8 sec: 234851 operations; [INSERT: Count=234851 Max=25559.04 Min=3.95 Avg=30.63 10=7.27 25=15.95 50=27.23 75=41.38 90=56.77 95=66.62 99=86.59 99.9=124.42 99.99=370.18]
2025-04-19 13:25:24 9 sec: 261675 operations; [INSERT: Count=261675 Max=25559.04 Min=3.95 Avg=30.98 10=7.69 25=16.80 50=27.65 75=41.53 90=56.70 95=66.37 99=86.21 99.9=122.88 99.99=366.08]
2025-04-19 13:25:25 10 sec: 288414 operations; [INSERT: Count=288414 Max=25559.04 Min=3.95 Avg=31.27 10=8.14 25=17.41 50=27.95 75=41.66 90=56.67 95=66.30 99=85.95 99.9=122.88 99.99=364.80]
2025-04-19 13:25:26 11 sec: 315211 operations; [INSERT: Count=315211 Max=25559.04 Min=3.95 Avg=31.50 10=8.69 25=17.89 50=28.21 75=41.76 90=56.64 95=66.17 99=85.63 99.9=122.24 99.99=361.47]
2025-04-19 13:25:27 12 sec: 342119 operations; [INSERT: Count=342119 Max=25559.04 Min=3.95 Avg=31.69 10=9.26 25=18.27 50=28.41 75=41.89 90=56.58 95=65.98 99=85.25 99.9=120.89 99.99=359.94]
2025-04-19 13:25:28 13 sec: 368607 operations; [INSERT: Count=368607 Max=25559.04 Min=3.95 Avg=31.89 10=9.88 25=18.62 50=28.61 75=41.98 90=56.61 95=65.92 99=85.12 99.9=120.70 99.99=359.42]
2025-04-19 13:25:29 14 sec: 395437 operations; [INSERT: Count=395437 Max=25559.04 Min=3.95 Avg=32.04 10=10.53 25=18.88 50=28.75 75=42.02 90=56.54 95=65.79 99=84.80 99.9=121.15 99.99=357.63]
2025-04-19 13:25:30 15 sec: 421870 operations; [INSERT: Count=421870 Max=25559.04 Min=3.95 Avg=32.19 10=11.12 25=19.14 50=28.91 75=42.11 90=56.54 95=65.79 99=84.61 99.9=121.15 99.99=356.35]
2025-04-19 13:25:31 16 sec: 446140 operations; [INSERT: Count=446140 Max=25559.04 Min=3.95 Avg=32.50 10=11.63 25=19.42 50=29.20 75=42.43 90=56.90 95=66.17 99=85.12 99.9=121.53 99.99=359.42]
2025-04-19 13:25:32 17 sec: 470362 operations; [INSERT: Count=470362 Max=25559.04 Min=3.95 Avg=32.79 10=12.02 25=19.63 50=29.42 75=42.72 90=57.25 95=66.62 99=85.63 99.9=123.07 99.99=375.04]
2025-04-19 13:25:33 18 sec: 496370 operations; [INSERT: Count=496370 Max=25559.04 Min=3.95 Avg=32.92 10=12.37 25=19.76 50=29.54 75=42.81 90=57.34 95=66.69 99=85.69 99.9=122.56 99.99=385.02]
2025-04-19 13:25:34 19 sec: 520936 operations; [INSERT: Count=520936 Max=25559.04 Min=3.95 Avg=33.13 10=12.67 25=19.93 50=29.73 75=43.04 90=57.63 95=67.07 99=86.14 99.9=122.24 99.99=391.42]
2025-04-19 13:25:35 20 sec: 545712 operations; [INSERT: Count=545712 Max=25559.04 Min=3.95 Avg=33.31 10=12.94 25=20.08 50=29.89 75=43.23 90=57.89 95=67.33 99=86.40 99.9=122.62 99.99=396.80]
2025-04-19 13:25:36 21 sec: 569763 operations; [INSERT: Count=569763 Max=25559.04 Min=3.95 Avg=33.53 10=13.18 25=20.22 50=30.05 75=43.45 90=58.17 95=67.71 99=86.97 99.9=124.35 99.99=409.60]
2025-04-19 13:25:37 22 sec: 587670 operations; [INSERT: Count=587670 Max=200146.94 Min=3.95 Avg=34.08 10=13.35 25=20.35 50=30.21 75=43.68 90=58.49 95=68.16 99=87.94 99.9=127.17 99.99=417.79]
2025-04-19 13:25:38 23 sec: 608057 operations; [INSERT: Count=608057 Max=200146.94 Min=3.95 Avg=34.42 10=13.54 25=20.53 50=30.45 75=44.06 90=59.07 95=68.93 99=89.66 99.9=134.27 99.99=444.16]
2025-04-19 13:25:39 24 sec: 622523 operations; [INSERT: Count=622523 Max=200146.94 Min=3.95 Avg=35.08 10=13.70 25=20.73 50=30.86 75=44.83 90=60.38 95=70.78 99=94.59 99.9=150.78 99.99=448.51]
2025-04-19 13:25:40 25 sec: 637060 operations; [INSERT: Count=637060 Max=200146.94 Min=3.95 Avg=35.72 10=13.86 25=20.94 50=31.26 75=45.60 90=61.66 95=72.58 99=99.20 99.9=157.06 99.99=463.10]
2025-04-19 13:25:41 26 sec: 651535 operations; [INSERT: Count=651535 Max=200146.94 Min=3.95 Avg=36.33 10=14.01 25=21.15 50=31.68 75=46.34 90=62.88 95=74.43 99=103.55 99.9=162.30 99.99=475.65]
2025-04-19 13:25:42 27 sec: 665004 operations; [INSERT: Count=665004 Max=200146.94 Min=3.95 Avg=36.97 10=14.14 25=21.34 50=32.08 75=47.07 90=64.19 95=76.48 99=108.29 99.9=170.50 99.99=513.28]
2025-04-19 13:25:43 28 sec: 678170 operations; [INSERT: Count=678170 Max=200146.94 Min=3.95 Avg=37.61 10=14.28 25=21.55 50=32.48 75=47.84 90=65.53 95=78.53 99=112.70 99.9=176.51 99.99=524.80]
2025-04-19 13:25:44 29 sec: 691818 operations; [INSERT: Count=691818 Max=200146.94 Min=3.95 Avg=38.19 10=14.41 25=21.74 50=32.86 75=48.58 90=66.75 95=80.45 99=115.97 99.9=179.84 99.99=530.43]
2025-04-19 13:25:45 30 sec: 709345 operations; [INSERT: Count=709345 Max=200146.94 Min=3.95 Avg=38.53 10=14.55 25=21.89 50=33.09 75=48.93 90=67.33 95=81.22 99=117.12 99.9=186.50 99.99=610.82]
2025-04-19 13:25:46 31 sec: 729414 operations; [INSERT: Count=729414 Max=200146.94 Min=3.95 Avg=38.73 10=14.65 25=21.97 50=33.18 75=49.05 90=67.52 95=81.60 99=118.14 99.9=205.57 99.99=781.31]
2025-04-19 13:25:47 32 sec: 751550 operations; [INSERT: Count=751550 Max=200146.94 Min=3.95 Avg=38.82 10=14.73 25=21.95 50=33.12 75=49.05 90=67.65 95=81.86 99=118.85 99.9=226.94 99.99=917.50]
2025-04-19 13:25:48 33 sec: 778204 operations; [INSERT: Count=778204 Max=200146.94 Min=3.95 Avg=38.66 10=14.85 25=21.97 50=33.02 75=48.80 90=67.26 95=81.28 99=118.08 99.9=223.49 99.99=902.14]
2025-04-19 13:25:49 34 sec: 803402 operations; [INSERT: Count=803402 Max=200146.94 Min=3.95 Avg=38.58 10=14.97 25=22.03 50=32.99 75=48.67 90=66.94 95=80.83 99=117.38 99.9=220.80 99.99=886.27]
2025-04-19 13:25:50 35 sec: 828434 operations; [INSERT: Count=828434 Max=200146.94 Min=3.95 Avg=38.52 10=15.10 25=22.09 50=32.99 75=48.58 90=66.69 95=80.38 99=116.67 99.9=217.34 99.99=872.45]
2025-04-19 13:25:51 36 sec: 852751 operations; [INSERT: Count=852751 Max=200146.94 Min=3.95 Avg=38.50 10=15.21 25=22.18 50=33.02 75=48.51 90=66.50 95=80.06 99=116.09 99.9=213.25 99.99=863.74]
2025-04-19 13:25:52 37 sec: 870655 operations; [INSERT: Count=870655 Max=200146.94 Min=3.95 Avg=38.75 10=15.33 25=22.34 50=33.28 75=48.86 90=67.01 95=80.64 99=116.61 99.9=211.46 99.99=859.65]
2025-04-19 13:25:53 38 sec: 888152 operations; [INSERT: Count=888152 Max=200146.94 Min=3.95 Avg=39.01 10=15.44 25=22.51 50=33.53 75=49.18 90=67.45 95=81.15 99=116.99 99.9=209.28 99.99=845.82]
2025-04-19 13:25:54 39 sec: 907916 operations; [INSERT: Count=907916 Max=200146.94 Min=3.95 Avg=39.16 10=15.55 25=22.64 50=33.70 75=49.38 90=67.65 95=81.34 99=116.99 99.9=207.49 99.99=833.53]
2025-04-19 13:25:55 40 sec: 932073 operations; [INSERT: Count=932073 Max=200146.94 Min=3.95 Avg=39.10 10=15.61 25=22.64 50=33.63 75=49.28 90=67.52 95=81.09 99=116.48 99.9=205.95 99.99=829.95]
2025-04-19 13:25:56 41 sec: 960421 operations; [INSERT: Count=960421 Max=200146.94 Min=3.95 Avg=38.85 10=15.58 25=22.51 50=33.41 75=48.93 90=67.07 95=80.58 99=115.97 99.9=203.13 99.99=816.64]
2025-04-19 13:25:57 42 sec: 1000000 operations; [INSERT: Count=1000000 Max=200146.94 Min=3.95 Avg=37.96 10=14.42 25=21.54 50=32.51 75=48.09 90=66.30 95=79.81 99=115.07 99.9=200.19 99.99=800.77]
2025-04-19 13:25:58 43 sec: 1000000 operations; [INSERT: Count=1000000 Max=200146.94 Min=3.95 Avg=37.96 10=14.42 25=21.54 50=32.51 75=48.09 90=66.30 95=79.81 99=115.07 99.9=200.19 99.99=800.77]
2025-04-19 13:25:59 44 sec: 1000000 operations; [INSERT: Count=1000000 Max=200146.94 Min=3.95 Avg=37.96 10=14.42 25=21.54 50=32.51 75=48.09 90=66.30 95=79.81 99=115.07 99.9=200.19 99.99=800.77]
2025-04-19 13:26:00 45 sec: 1000000 operations; [INSERT: Count=1000000 Max=200146.94 Min=3.95 Avg=37.96 10=14.42 25=21.54 50=32.51 75=48.09 90=66.30 95=79.81 99=115.07 99.9=200.19 99.99=800.77]
2025-04-19 13:26:01 46 sec: 1000000 operations; [INSERT: Count=1000000 Max=200146.94 Min=3.95 Avg=37.96 10=14.42 25=21.54 50=32.51 75=48.09 90=66.30 95=79.81 99=115.07 99.9=200.19 99.99=800.77]
2025-04-19 13:26:02 47 sec: 1000000 operations; [INSERT: Count=1000000 Max=200146.94 Min=3.95 Avg=37.96 10=14.42 25=21.54 50=32.51 75=48.09 90=66.30 95=79.81 99=115.07 99.9=200.19 99.99=800.77]
2025-04-19 13:26:03 48 sec: 1000000 operations; [INSERT: Count=1000000 Max=200146.94 Min=3.95 Avg=37.96 10=14.42 25=21.54 50=32.51 75=48.09 90=66.30 95=79.81 99=115.07 99.9=200.19 99.99=800.77]
2025-04-19 13:26:04 49 sec: 1000000 operations; [INSERT: Count=1000000 Max=200146.94 Min=3.95 Avg=37.96 10=14.42 25=21.54 50=32.51 75=48.09 90=66.30 95=79.81 99=115.07 99.9=200.19 99.99=800.77]
2025-04-19 13:26:05 50 sec: 1000000 operations; [INSERT: Count=1000000 Max=200146.94 Min=3.95 Avg=37.96 10=14.42 25=21.54 50=32.51 75=48.09 90=66.30 95=79.81 99=115.07 99.9=200.19 99.99=800.77]
2025-04-19 13:26:06 51 sec: 1000000 operations; [INSERT: Count=1000000 Max=200146.94 Min=3.95 Avg=37.96 10=14.42 25=21.54 50=32.51 75=48.09 90=66.30 95=79.81 99=115.07 99.9=200.19 99.99=800.77]
2025-04-19 13:26:07 51 sec: 1000000 operations; [INSERT: Count=1000000 Max=200146.94 Min=3.95 Avg=37.96 10=14.42 25=21.54 50=32.51 75=48.09 90=66.30 95=79.81 99=115.07 99.9=200.19 99.99=800.77]
Load runtime(sec): 51.8866
Load operations(ops): 1000000
Load throughput(ops/sec): 19272.8
