Running scope as unit: run-ra9688828543c49a88938b169532c4279.scope
load file:/home/user/DataFiles/silesia_data/silesia.tar
2025-04-19 13:25:16 0 sec: 0 operations;
2025-04-19 13:25:17 1 sec: 22853 operations; [INSERT: Count=22853 Max=13778.94 Min=5.45 Avg=37.20 10=17.14 25=23.26 50=32.96 75=46.34 90=61.02 95=70.72 99=87.74 99.9=115.58 99.99=382.72]
2025-04-19 13:25:18 2 sec: 49323 operations; [INSERT: Count=49323 Max=13778.94 Min=5.45 Avg=35.76 10=16.86 25=22.56 50=31.81 75=44.90 90=58.98 95=68.09 99=85.63 99.9=113.09 99.99=373.50]
2025-04-19 13:25:19 3 sec: 75897 operations; [INSERT: Count=75897 Max=13778.94 Min=5.45 Avg=35.27 10=16.75 25=22.35 50=31.41 75=44.32 90=58.27 95=67.20 99=84.54 99.9=113.47 99.99=368.38]
2025-04-19 13:25:20 4 sec: 103046 operations; [INSERT: Count=103046 Max=13778.94 Min=5.45 Avg=34.81 10=16.62 25=22.13 50=31.02 75=43.81 90=57.63 95=66.30 99=83.45 99.9=111.81 99.99=367.62]
2025-04-19 13:25:21 5 sec: 130710 operations; [INSERT: Count=130710 Max=13778.94 Min=5.45 Avg=34.40 10=16.50 25=21.92 50=30.69 75=43.26 90=56.86 95=65.47 99=82.30 99.9=111.36 99.99=364.03]
2025-04-19 13:25:22 6 sec: 159191 operations; [INSERT: Count=159191 Max=13778.94 Min=5.45 Avg=33.93 10=16.26 25=21.57 50=30.22 75=42.59 90=56.06 95=64.58 99=81.60 99.9=111.23 99.99=362.75]
2025-04-19 13:25:23 7 sec: 187781 operations; [INSERT: Count=187781 Max=13778.94 Min=5.45 Avg=33.58 10=16.16 25=21.33 50=29.93 75=42.14 90=55.45 95=63.97 99=80.83 99.9=108.99 99.99=362.24]
2025-04-19 13:25:24 8 sec: 215990 operations; [INSERT: Count=215990 Max=13778.94 Min=5.45 Avg=33.40 10=16.14 25=21.26 50=29.77 75=41.92 90=55.13 95=63.62 99=80.32 99.9=108.93 99.99=354.30]
2025-04-19 13:25:25 9 sec: 244428 operations; [INSERT: Count=244428 Max=13778.94 Min=5.45 Avg=33.22 10=16.09 25=21.18 50=29.65 75=41.66 90=54.78 95=63.17 99=79.94 99.9=108.99 99.99=351.49]
2025-04-19 13:25:26 10 sec: 272900 operations; [INSERT: Count=272900 Max=13778.94 Min=5.45 Avg=33.07 10=16.07 25=21.10 50=29.52 75=41.47 90=54.46 95=62.81 99=79.42 99.9=109.57 99.99=351.49]
2025-04-19 13:25:27 11 sec: 301538 operations; [INSERT: Count=301538 Max=13778.94 Min=5.45 Avg=32.93 10=16.03 25=21.04 50=29.41 75=41.28 90=54.21 95=62.49 99=79.10 99.9=109.57 99.99=350.72]
2025-04-19 13:25:28 12 sec: 330687 operations; [INSERT: Count=330687 Max=13778.94 Min=5.45 Avg=32.76 10=16.00 25=20.94 50=29.26 75=41.05 90=53.92 95=62.11 99=78.66 99.9=108.67 99.99=350.21]
2025-04-19 13:25:29 13 sec: 359572 operations; [INSERT: Count=359572 Max=13778.94 Min=5.45 Avg=32.64 10=15.98 25=20.89 50=29.17 75=40.90 90=53.70 95=61.82 99=78.40 99.9=108.16 99.99=349.44]
2025-04-19 13:25:30 14 sec: 388199 operations; [INSERT: Count=388199 Max=13778.94 Min=5.45 Avg=32.56 10=15.99 25=20.86 50=29.10 75=40.80 90=53.53 95=61.66 99=78.02 99.9=107.97 99.99=344.06]
2025-04-19 13:25:31 15 sec: 416446 operations; [INSERT: Count=416446 Max=13778.94 Min=5.45 Avg=32.53 10=16.00 25=20.86 50=29.09 75=40.73 90=53.44 95=61.53 99=77.95 99.9=107.58 99.99=343.30]
2025-04-19 13:25:32 16 sec: 441138 operations; [INSERT: Count=441138 Max=13778.94 Min=5.45 Avg=32.79 10=16.11 25=21.02 50=29.33 75=41.09 90=53.85 95=62.08 99=78.66 99.9=108.54 99.99=350.72]
2025-04-19 13:25:33 17 sec: 462876 operations; [INSERT: Count=462876 Max=13778.94 Min=5.45 Avg=33.21 10=16.21 25=21.21 50=29.63 75=41.57 90=54.62 95=63.17 99=80.51 99.9=117.95 99.99=354.30]
2025-04-19 13:25:34 18 sec: 482783 operations; [INSERT: Count=482783 Max=13778.94 Min=5.45 Avg=33.70 10=16.32 25=21.39 50=29.97 75=42.11 90=55.52 95=64.38 99=83.26 99.9=127.94 99.99=368.38]
2025-04-19 13:25:35 19 sec: 499214 operations; [INSERT: Count=499214 Max=13778.94 Min=5.45 Avg=34.40 10=16.45 25=21.63 50=30.43 75=42.98 90=56.90 95=66.37 99=88.19 99.9=137.22 99.99=373.50]
2025-04-19 13:25:36 20 sec: 516127 operations; [INSERT: Count=516127 Max=13778.94 Min=5.45 Avg=35.03 10=16.56 25=21.86 50=30.86 75=43.74 90=58.17 95=68.22 99=92.22 99.9=140.80 99.99=378.62]
2025-04-19 13:25:37 21 sec: 529412 operations; [INSERT: Count=529412 Max=200146.94 Min=5.45 Avg=35.89 10=16.66 25=22.02 50=31.21 75=44.32 90=59.17 95=69.63 99=95.30 99.9=145.28 99.99=408.83]
2025-04-19 13:25:38 22 sec: 547369 operations; [INSERT: Count=547369 Max=200146.94 Min=5.45 Avg=36.36 10=16.75 25=22.22 50=31.58 75=44.93 90=60.13 95=70.91 99=97.28 99.9=146.81 99.99=482.56]
2025-04-19 13:25:39 23 sec: 566725 operations; [INSERT: Count=566725 Max=200146.94 Min=5.45 Avg=36.70 10=16.85 25=22.38 50=31.87 75=45.34 90=60.73 95=71.74 99=98.05 99.9=148.35 99.99=573.95]
2025-04-19 13:25:40 24 sec: 587133 operations; [INSERT: Count=587133 Max=200146.94 Min=5.45 Avg=36.94 10=16.93 25=22.54 50=32.14 75=45.70 90=61.18 95=72.19 99=98.30 99.9=147.71 99.99=596.48]
2025-04-19 13:25:41 25 sec: 607673 operations; [INSERT: Count=607673 Max=200146.94 Min=5.45 Avg=37.16 10=17.02 25=22.69 50=32.37 75=46.02 90=61.57 95=72.64 99=98.62 99.9=147.46 99.99=605.18]
2025-04-19 13:25:42 26 sec: 628542 operations; [INSERT: Count=628542 Max=200146.94 Min=5.45 Avg=37.34 10=17.09 25=22.82 50=32.56 75=46.27 90=61.89 95=72.96 99=98.94 99.9=148.48 99.99=611.84]
2025-04-19 13:25:43 27 sec: 650509 operations; [INSERT: Count=650509 Max=200146.94 Min=5.45 Avg=37.44 10=17.14 25=22.91 50=32.69 75=46.40 90=61.98 95=73.09 99=99.01 99.9=148.74 99.99=623.10]
2025-04-19 13:25:44 28 sec: 672657 operations; [INSERT: Count=672657 Max=200146.94 Min=5.45 Avg=37.52 10=17.18 25=22.99 50=32.80 75=46.53 90=62.11 95=73.15 99=99.07 99.9=149.50 99.99=620.54]
2025-04-19 13:25:45 29 sec: 694023 operations; [INSERT: Count=694023 Max=200146.94 Min=5.45 Avg=37.65 10=17.25 25=23.09 50=32.93 75=46.69 90=62.30 95=73.41 99=99.26 99.9=149.63 99.99=620.54]
2025-04-19 13:25:46 30 sec: 715540 operations; [INSERT: Count=715540 Max=200146.94 Min=5.45 Avg=37.78 10=17.23 25=23.10 50=32.99 75=46.78 90=62.53 95=73.73 99=100.22 99.9=161.92 99.99=687.10]
2025-04-19 13:25:47 31 sec: 733490 operations; [INSERT: Count=733490 Max=200146.94 Min=5.45 Avg=38.11 10=17.23 25=23.14 50=33.09 75=47.04 90=63.07 95=74.62 99=102.72 99.9=210.94 99.99=842.24]
2025-04-19 13:25:48 32 sec: 757755 operations; [INSERT: Count=757755 Max=200146.94 Min=5.45 Avg=38.08 10=17.20 25=23.10 50=33.05 75=47.01 90=63.04 95=74.62 99=102.91 99.9=214.53 99.99=873.98]
2025-04-19 13:25:49 33 sec: 783803 operations; [INSERT: Count=783803 Max=200146.94 Min=5.45 Avg=37.98 10=17.20 25=23.09 50=32.99 75=46.88 90=62.81 95=74.37 99=102.40 99.9=210.30 99.99=845.31]
2025-04-19 13:25:50 34 sec: 809591 operations; [INSERT: Count=809591 Max=200146.94 Min=5.45 Avg=37.90 10=17.20 25=23.07 50=32.93 75=46.81 90=62.66 95=74.11 99=102.02 99.9=207.74 99.99=836.61]
2025-04-19 13:25:51 35 sec: 834538 operations; [INSERT: Count=834538 Max=200146.94 Min=5.45 Avg=37.87 10=17.23 25=23.10 50=32.96 75=46.78 90=62.59 95=73.98 99=101.63 99.9=204.16 99.99=828.93]
2025-04-19 13:25:52 36 sec: 857935 operations; [INSERT: Count=857935 Max=200146.94 Min=5.45 Avg=37.90 10=17.28 25=23.17 50=32.99 75=46.85 90=62.66 95=73.98 99=101.38 99.9=201.60 99.99=819.71]
2025-04-19 13:25:53 37 sec: 877156 operations; [INSERT: Count=877156 Max=200146.94 Min=5.45 Avg=38.12 10=17.34 25=23.26 50=33.15 75=47.10 90=63.10 95=74.56 99=102.46 99.9=199.94 99.99=816.13]
2025-04-19 13:25:54 38 sec: 900435 operations; [INSERT: Count=900435 Max=200146.94 Min=5.45 Avg=38.15 10=17.38 25=23.31 50=33.22 75=47.20 90=63.17 95=74.56 99=102.33 99.9=197.25 99.99=807.93]
2025-04-19 13:25:55 39 sec: 924236 operations; [INSERT: Count=924236 Max=200146.94 Min=5.45 Avg=38.15 10=17.34 25=23.28 50=33.18 75=47.20 90=63.20 95=74.62 99=102.40 99.9=194.56 99.99=807.93]
2025-04-19 13:25:56 40 sec: 952528 operations; [INSERT: Count=952528 Max=200146.94 Min=5.45 Avg=37.95 10=17.23 25=23.14 50=33.02 75=46.98 90=62.94 95=74.37 99=102.08 99.9=193.28 99.99=807.42]
2025-04-19 13:25:57 41 sec: 997091 operations; [INSERT: Count=997091 Max=200146.94 Min=5.19 Avg=37.09 10=16.29 25=22.29 50=32.21 75=46.21 90=62.21 95=73.66 99=101.31 99.9=187.78 99.99=787.46]
2025-04-19 13:25:58 42 sec: 1000000 operations; [INSERT: Count=1000000 Max=200146.94 Min=5.07 Avg=37.02 10=16.18 25=22.21 50=32.14 75=46.14 90=62.14 95=73.60 99=101.25 99.9=187.78 99.99=787.46]
2025-04-19 13:25:59 43 sec: 1000000 operations; [INSERT: Count=1000000 Max=200146.94 Min=5.07 Avg=37.02 10=16.18 25=22.21 50=32.14 75=46.14 90=62.14 95=73.60 99=101.25 99.9=187.78 99.99=787.46]
2025-04-19 13:26:00 44 sec: 1000000 operations; [INSERT: Count=1000000 Max=200146.94 Min=5.07 Avg=37.02 10=16.18 25=22.21 50=32.14 75=46.14 90=62.14 95=73.60 99=101.25 99.9=187.78 99.99=787.46]
2025-04-19 13:26:01 45 sec: 1000000 operations; [INSERT: Count=1000000 Max=200146.94 Min=5.07 Avg=37.02 10=16.18 25=22.21 50=32.14 75=46.14 90=62.14 95=73.60 99=101.25 99.9=187.78 99.99=787.46]
2025-04-19 13:26:02 46 sec: 1000000 operations; [INSERT: Count=1000000 Max=200146.94 Min=5.07 Avg=37.02 10=16.18 25=22.21 50=32.14 75=46.14 90=62.14 95=73.60 99=101.25 99.9=187.78 99.99=787.46]
2025-04-19 13:26:03 47 sec: 1000000 operations; [INSERT: Count=1000000 Max=200146.94 Min=5.07 Avg=37.02 10=16.18 25=22.21 50=32.14 75=46.14 90=62.14 95=73.60 99=101.25 99.9=187.78 99.99=787.46]
2025-04-19 13:26:04 48 sec: 1000000 operations; [INSERT: Count=1000000 Max=200146.94 Min=5.07 Avg=37.02 10=16.18 25=22.21 50=32.14 75=46.14 90=62.14 95=73.60 99=101.25 99.9=187.78 99.99=787.46]
2025-04-19 13:26:05 49 sec: 1000000 operations; [INSERT: Count=1000000 Max=200146.94 Min=5.07 Avg=37.02 10=16.18 25=22.21 50=32.14 75=46.14 90=62.14 95=73.60 99=101.25 99.9=187.78 99.99=787.46]
2025-04-19 13:26:06 50 sec: 1000000 operations; [INSERT: Count=1000000 Max=200146.94 Min=5.07 Avg=37.02 10=16.18 25=22.21 50=32.14 75=46.14 90=62.14 95=73.60 99=101.25 99.9=187.78 99.99=787.46]
2025-04-19 13:26:07 51 sec: 1000000 operations; [INSERT: Count=1000000 Max=200146.94 Min=5.07 Avg=37.02 10=16.18 25=22.21 50=32.14 75=46.14 90=62.14 95=73.60 99=101.25 99.9=187.78 99.99=787.46]
2025-04-19 13:26:08 51 sec: 1000000 operations; [INSERT: Count=1000000 Max=200146.94 Min=5.07 Avg=37.02 10=16.18 25=22.21 50=32.14 75=46.14 90=62.14 95=73.60 99=101.25 99.9=187.78 99.99=787.46]
Load runtime(sec): 51.8728
Load operations(ops): 1000000
Load throughput(ops/sec): 19277.9
