Running scope as unit: run-r94c920ce033144b5ab70a8b4077351f7.scope
load file:/home/user/DataFiles/silesia_data/silesia.tar
2025-04-19 11:39:38 0 sec: 0 operations;
2025-04-19 11:39:39 1 sec: 85835 operations; [INSERT: Count=85835 Max=3442.69 Min=4.10 Avg=8.23 10=5.48 25=6.17 50=7.48 75=9.60 90=11.60 95=12.79 99=15.44 99.9=34.49 99.99=113.15]
2025-04-19 11:39:40 2 sec: 169070 operations; [INSERT: Count=169070 Max=3442.69 Min=4.10 Avg=8.52 10=5.68 25=6.44 50=7.78 75=9.92 90=11.92 95=13.13 99=15.81 99.9=99.97 99.99=112.06]
2025-04-19 11:39:41 3 sec: 248879 operations; [INSERT: Count=248879 Max=14442.50 Min=4.10 Avg=8.78 10=5.82 25=6.62 50=7.98 75=10.13 90=12.17 95=13.41 99=16.41 99.9=100.03 99.99=123.33]
2025-04-19 11:39:42 4 sec: 329405 operations; [INSERT: Count=329405 Max=14442.50 Min=4.10 Avg=8.88 10=5.91 25=6.74 50=8.13 75=10.27 90=12.31 95=13.56 99=16.50 99.9=98.11 99.99=121.15]
2025-04-19 11:39:43 5 sec: 408674 operations; [INSERT: Count=408674 Max=14442.50 Min=4.10 Avg=8.98 10=5.99 25=6.84 50=8.26 75=10.39 90=12.44 95=13.70 99=16.62 99.9=93.44 99.99=118.85]
2025-04-19 11:39:44 6 sec: 491047 operations; [INSERT: Count=491047 Max=14442.50 Min=3.98 Avg=8.98 10=5.94 25=6.81 50=8.25 75=10.38 90=12.46 95=13.74 99=16.89 99.9=91.90 99.99=123.65]
2025-04-19 11:39:45 7 sec: 575176 operations; [INSERT: Count=575176 Max=14442.50 Min=3.98 Avg=8.93 10=5.91 25=6.78 50=8.21 75=10.35 90=12.43 95=13.73 99=16.88 99.9=89.79 99.99=123.33]
2025-04-19 11:39:46 8 sec: 656535 operations; [INSERT: Count=656535 Max=14442.50 Min=3.98 Avg=8.95 10=5.93 25=6.80 50=8.23 75=10.38 90=12.46 95=13.77 99=16.91 99.9=89.47 99.99=125.44]
2025-04-19 11:39:47 9 sec: 736339 operations; [INSERT: Count=736339 Max=14442.50 Min=3.98 Avg=9.00 10=5.97 25=6.84 50=8.28 75=10.43 90=12.53 95=13.83 99=17.02 99.9=87.55 99.99=125.57]
2025-04-19 11:39:48 10 sec: 812547 operations; [INSERT: Count=812547 Max=14442.50 Min=3.98 Avg=9.08 10=6.00 25=6.87 50=8.33 75=10.47 90=12.57 95=13.90 99=17.21 99.9=100.80 99.99=175.74]
2025-04-19 11:39:49 11 sec: 889077 operations; [INSERT: Count=889077 Max=14442.50 Min=3.98 Avg=9.15 10=6.03 25=6.90 50=8.36 75=10.50 90=12.60 95=13.93 99=17.36 99.9=106.94 99.99=180.09]
2025-04-19 11:39:50 12 sec: 970761 operations; [INSERT: Count=970761 Max=14442.50 Min=3.98 Avg=9.14 10=5.97 25=6.86 50=8.32 75=10.46 90=12.56 95=13.91 99=17.47 99.9=112.64 99.99=183.29]
2025-04-19 11:39:51 13 sec: 1000000 operations; [INSERT: Count=1000000 Max=14442.50 Min=3.98 Avg=9.14 10=5.97 25=6.86 50=8.31 75=10.46 90=12.56 95=13.90 99=17.49 99.9=113.53 99.99=182.53]
2025-04-19 11:39:52 14 sec: 1000000 operations; [INSERT: Count=1000000 Max=14442.50 Min=3.98 Avg=9.14 10=5.97 25=6.86 50=8.31 75=10.46 90=12.56 95=13.90 99=17.49 99.9=113.53 99.99=182.53]
2025-04-19 11:39:53 15 sec: 1000000 operations; [INSERT: Count=1000000 Max=14442.50 Min=3.98 Avg=9.14 10=5.97 25=6.86 50=8.31 75=10.46 90=12.56 95=13.90 99=17.49 99.9=113.53 99.99=182.53]
2025-04-19 11:39:54 16 sec: 1000000 operations; [INSERT: Count=1000000 Max=14442.50 Min=3.98 Avg=9.14 10=5.97 25=6.86 50=8.31 75=10.46 90=12.56 95=13.90 99=17.49 99.9=113.53 99.99=182.53]
2025-04-19 11:39:55 17 sec: 1000000 operations; [INSERT: Count=1000000 Max=14442.50 Min=3.98 Avg=9.14 10=5.97 25=6.86 50=8.31 75=10.46 90=12.56 95=13.90 99=17.49 99.9=113.53 99.99=182.53]
2025-04-19 11:39:56 18 sec: 1000000 operations; [INSERT: Count=1000000 Max=14442.50 Min=3.98 Avg=9.14 10=5.97 25=6.86 50=8.31 75=10.46 90=12.56 95=13.90 99=17.49 99.9=113.53 99.99=182.53]
2025-04-19 11:39:57 19 sec: 1000000 operations; [INSERT: Count=1000000 Max=14442.50 Min=3.98 Avg=9.14 10=5.97 25=6.86 50=8.31 75=10.46 90=12.56 95=13.90 99=17.49 99.9=113.53 99.99=182.53]
2025-04-19 11:39:58 20 sec: 1000000 operations; [INSERT: Count=1000000 Max=14442.50 Min=3.98 Avg=9.14 10=5.97 25=6.86 50=8.31 75=10.46 90=12.56 95=13.90 99=17.49 99.9=113.53 99.99=182.53]
2025-04-19 11:39:59 21 sec: 1000000 operations; [INSERT: Count=1000000 Max=14442.50 Min=3.98 Avg=9.14 10=5.97 25=6.86 50=8.31 75=10.46 90=12.56 95=13.90 99=17.49 99.9=113.53 99.99=182.53]
2025-04-19 11:40:00 22 sec: 1000000 operations; [INSERT: Count=1000000 Max=14442.50 Min=3.98 Avg=9.14 10=5.97 25=6.86 50=8.31 75=10.46 90=12.56 95=13.90 99=17.49 99.9=113.53 99.99=182.53]
2025-04-19 11:40:01 22 sec: 1000000 operations; [INSERT: Count=1000000 Max=14442.50 Min=3.98 Avg=9.14 10=5.97 25=6.86 50=8.31 75=10.46 90=12.56 95=13.90 99=17.49 99.9=113.53 99.99=182.53]
Load runtime(sec): 22.9897
Load operations(ops): 1000000
Load throughput(ops/sec): 43497.8
