Running scope as unit: run-r63dbe24bfc4f4af291e0499b52714e02.scope
load file:/home/user/DataFiles/silesia_data/silesia.tar
2025-04-19 13:19:15 0 sec: 0 operations;
2025-04-19 13:19:16 1 sec: 0 operations;
2025-04-19 13:19:17 2 sec: 0 operations;
2025-04-19 13:19:18 3 sec: 0 operations;
2025-04-19 13:19:19 4 sec: 0 operations;
2025-04-19 13:19:20 5 sec: 0 operations;
2025-04-19 13:19:21 6 sec: 0 operations;
2025-04-19 13:19:22 7 sec: 0 operations;
2025-04-19 13:19:23 8 sec: 0 operations;
2025-04-19 13:19:24 9 sec: 0 operations;
2025-04-19 13:19:25 10 sec: 0 operations;
2025-04-19 13:19:26 11 sec: 0 operations;
2025-04-19 13:19:27 12 sec: 0 operations;
2025-04-19 13:19:28 13 sec: 0 operations;
2025-04-19 13:19:29 14 sec: 0 operations;
2025-04-19 13:19:30 15 sec: 0 operations;
2025-04-19 13:19:31 16 sec: 0 operations;
2025-04-19 13:19:32 17 sec: 0 operations;
2025-04-19 13:19:33 18 sec: 0 operations;
2025-04-19 13:19:34 19 sec: 0 operations;
2025-04-19 13:19:35 20 sec: 0 operations;
2025-04-19 13:19:36 21 sec: 3516 operations; [READ: Count=1751 Max=903.68 Min=4.40 Avg=220.38 10=67.20 25=116.16 50=194.69 75=296.96 90=404.48 95=475.90 99=639.49 99.9=854.53 99.99=903.68] [UPDATE: Count=1765 Max=2791.42 Min=9.68 Avg=235.53 10=79.81 25=125.44 50=206.46 75=314.88 90=424.70 95=495.36 99=727.04 99.9=1096.70 99.99=2791.42]
2025-04-19 13:19:37 22 sec: 10318 operations; [READ: Count=5171 Max=2697.22 Min=3.46 Avg=158.21 10=39.17 25=56.99 50=109.06 75=198.91 90=329.21 95=418.30 99=777.22 99.9=1840.13 99.99=2674.69] [UPDATE: Count=5147 Max=9773.06 Min=9.54 Avg=189.68 10=50.21 25=68.73 50=120.96 75=216.19 90=356.35 95=460.03 99=1096.70 99.9=6868.99 99.99=8577.02]
2025-04-19 13:19:38 23 sec: 17275 operations; [READ: Count=8736 Max=2697.22 Min=3.39 Avg=149.00 10=43.04 25=66.50 50=116.48 75=189.95 90=281.09 95=360.45 99=614.91 99.9=1770.49 99.99=2674.69] [UPDATE: Count=8539 Max=9773.06 Min=9.54 Avg=173.76 10=52.99 25=77.82 50=128.64 75=205.82 90=303.87 95=391.94 99=740.86 99.9=4825.09 99.99=8577.02]
2025-04-19 13:19:39 24 sec: 24273 operations; [READ: Count=12234 Max=2697.22 Min=3.39 Avg=145.15 10=44.90 25=71.68 50=118.85 75=185.85 90=265.73 95=334.08 99=547.84 99.9=1574.91 99.99=2674.69] [UPDATE: Count=12039 Max=9773.06 Min=8.67 Avg=166.20 10=54.91 25=81.73 50=129.92 75=201.60 90=282.62 95=358.91 99=615.42 99.9=3334.14 99.99=8577.02]
2025-04-19 13:19:40 25 sec: 31057 operations; [READ: Count=15601 Max=2697.22 Min=3.39 Avg=144.24 10=46.21 25=74.30 50=120.96 75=186.50 90=260.10 95=318.72 99=517.38 99.9=1462.27 99.99=2351.10] [UPDATE: Count=15456 Max=9773.06 Min=8.67 Avg=162.91 10=56.64 25=84.48 50=132.61 75=200.32 90=273.66 95=338.43 99=551.93 99.9=2611.20 99.99=7819.26]
2025-04-19 13:19:41 26 sec: 37957 operations; [READ: Count=19057 Max=2697.22 Min=3.39 Avg=143.06 10=46.81 25=75.52 50=121.60 75=185.60 90=254.97 95=309.76 99=494.33 99.9=1416.19 99.99=2351.10] [UPDATE: Count=18900 Max=9773.06 Min=8.67 Avg=160.48 10=57.34 25=86.27 50=133.50 75=198.53 90=269.06 95=328.45 99=524.80 99.9=2361.34 99.99=7819.26]
2025-04-19 13:19:42 27 sec: 44187 operations; [READ: Count=22143 Max=2697.22 Min=3.39 Avg=143.12 10=46.66 25=75.45 50=119.68 75=183.42 90=255.74 95=316.67 99=531.97 99.9=1315.84 99.99=2351.10] [UPDATE: Count=22044 Max=21610.49 Min=8.67 Avg=162.47 10=57.02 25=85.89 50=130.81 75=195.20 90=269.31 95=335.36 99=572.93 99.9=2580.48 99.99=16384.00]
2025-04-19 13:19:43 28 sec: 50719 operations; [READ: Count=25408 Max=2697.22 Min=3.39 Avg=142.33 10=46.62 25=75.45 50=118.27 75=180.74 90=253.44 95=316.93 99=548.35 99.9=1243.13 99.99=1992.70] [UPDATE: Count=25311 Max=21610.49 Min=8.67 Avg=163.00 10=56.93 25=85.76 50=129.60 75=193.53 90=268.29 95=337.92 99=611.84 99.9=2611.20 99.99=16384.00]
2025-04-19 13:19:44 29 sec: 57795 operations; [READ: Count=28959 Max=2697.22 Min=3.39 Avg=141.51 10=47.23 25=76.42 50=118.97 75=180.48 90=250.88 95=308.22 99=529.41 99.9=1070.08 99.99=1992.70] [UPDATE: Count=28836 Max=21610.49 Min=8.67 Avg=160.73 10=57.22 25=86.53 50=129.73 75=192.64 90=264.45 95=327.94 99=582.14 99.9=2406.40 99.99=16384.00]
2025-04-19 13:19:45 30 sec: 64992 operations; [READ: Count=32605 Max=2697.22 Min=2.56 Avg=140.23 10=47.30 25=76.61 50=118.91 75=179.33 90=248.19 95=302.08 99=514.56 99.9=1055.74 99.99=1992.70] [UPDATE: Count=32387 Max=21610.49 Min=8.67 Avg=159.06 10=57.18 25=86.97 50=130.24 75=191.74 90=261.50 95=322.56 99=568.32 99.9=2072.57 99.99=16384.00]
2025-04-19 13:19:46 31 sec: 72145 operations; [READ: Count=36164 Max=2697.22 Min=2.56 Avg=139.11 10=47.01 25=76.67 50=118.59 75=178.56 90=246.01 95=297.73 99=498.94 99.9=1010.17 99.99=1899.52] [UPDATE: Count=35981 Max=21610.49 Min=8.67 Avg=158.00 10=56.99 25=87.23 50=130.05 75=190.97 90=259.97 95=319.23 99=556.03 99.9=2072.57 99.99=12533.76]
2025-04-19 13:19:47 32 sec: 79000 operations; [READ: Count=39642 Max=2697.22 Min=2.56 Avg=139.03 10=46.81 25=76.99 50=118.66 75=177.79 90=245.25 95=296.96 99=508.93 99.9=1010.17 99.99=1899.52] [UPDATE: Count=39358 Max=21610.49 Min=8.67 Avg=157.43 10=56.86 25=87.30 50=129.79 75=190.21 90=259.20 95=318.46 99=568.32 99.9=2072.57 99.99=12533.76]
2025-04-19 13:19:48 33 sec: 86439 operations; [READ: Count=43327 Max=4052.99 Min=2.56 Avg=136.95 10=43.94 25=73.53 50=114.81 75=174.21 90=242.94 95=297.47 99=540.67 99.9=1112.06 99.99=1992.70] [UPDATE: Count=43112 Max=24018.94 Min=8.67 Avg=156.92 10=54.02 25=83.45 50=125.82 75=186.24 90=257.15 95=318.98 99=610.30 99.9=2406.40 99.99=16384.00]
2025-04-19 13:19:49 34 sec: 95952 operations; [READ: Count=48025 Max=4052.99 Min=2.56 Avg=133.05 10=42.88 25=70.66 50=111.17 75=169.85 90=237.95 95=290.30 99=523.26 99.9=1069.06 99.99=1899.52] [UPDATE: Count=47927 Max=24018.94 Min=8.67 Avg=152.24 10=52.86 25=80.45 50=122.30 75=181.50 90=251.90 95=310.78 99=588.29 99.9=2211.84 99.99=15228.93]
2025-04-19 13:19:50 35 sec: 105630 operations; [READ: Count=52973 Max=4052.99 Min=2.56 Avg=129.43 10=42.02 25=67.90 50=107.97 75=165.50 90=232.96 95=283.13 99=506.11 99.9=1055.74 99.99=1899.52] [UPDATE: Count=52657 Max=24018.94 Min=8.67 Avg=148.45 10=52.16 25=77.89 50=119.10 75=177.66 90=247.17 95=303.62 99=573.95 99.9=2142.21 99.99=15228.93]
2025-04-19 13:19:51 36 sec: 115016 operations; [READ: Count=57717 Max=4052.99 Min=2.56 Avg=126.64 10=41.34 25=65.60 50=105.34 75=162.18 90=228.86 95=278.27 99=493.82 99.9=1029.63 99.99=1840.13] [UPDATE: Count=57299 Max=24018.94 Min=8.67 Avg=145.76 10=51.52 25=75.97 50=116.67 75=174.34 90=243.46 95=300.03 99=572.41 99.9=2142.21 99.99=15187.97]
2025-04-19 13:19:52 37 sec: 124374 operations; [READ: Count=62359 Max=4052.99 Min=2.56 Avg=124.32 10=40.83 25=63.74 50=103.30 75=159.49 90=225.15 95=274.43 99=480.25 99.9=1002.50 99.99=1840.13] [UPDATE: Count=62015 Max=24018.94 Min=8.67 Avg=143.46 10=50.98 25=74.17 50=114.37 75=171.26 90=239.74 95=295.42 99=564.74 99.9=2324.48 99.99=15187.97]
2025-04-19 13:19:53 38 sec: 134304 operations; [READ: Count=67340 Max=4052.99 Min=2.56 Avg=122.12 10=40.22 25=61.92 50=101.06 75=156.54 90=221.69 95=271.36 99=474.62 99.9=1001.47 99.99=1831.93] [UPDATE: Count=66964 Max=24018.94 Min=8.67 Avg=140.58 10=50.14 25=72.32 50=112.19 75=168.19 90=235.65 95=290.56 99=551.42 99.9=2158.59 99.99=14098.43]
2025-04-19 13:19:54 39 sec: 144280 operations; [READ: Count=72356 Max=4052.99 Min=2.56 Avg=120.02 10=39.42 25=60.16 50=99.07 75=153.85 90=218.50 95=267.01 99=468.22 99.9=1048.06 99.99=1899.52] [UPDATE: Count=71924 Max=24018.94 Min=8.64 Avg=138.21 10=49.22 25=70.78 50=110.14 75=165.12 90=232.32 95=285.69 99=546.30 99.9=2059.26 99.99=14098.43]
2025-04-19 13:19:55 40 sec: 153950 operations; [READ: Count=77097 Max=4052.99 Min=2.56 Avg=118.40 10=39.20 25=59.42 50=97.98 75=151.94 90=215.81 95=263.94 99=457.47 99.9=1006.59 99.99=1840.13] [UPDATE: Count=76853 Max=24018.94 Min=8.64 Avg=136.40 10=49.02 25=70.21 50=109.12 75=163.33 90=229.89 95=281.86 99=532.48 99.9=2016.26 99.99=14065.66]
2025-04-19 13:19:56 41 sec: 163742 operations; [READ: Count=82040 Max=4052.99 Min=2.56 Avg=116.90 10=38.81 25=58.66 50=97.02 75=150.27 90=212.99 95=260.61 99=450.05 99.9=998.91 99.99=1840.13] [UPDATE: Count=81702 Max=24018.94 Min=8.64 Avg=134.74 10=48.70 25=69.69 50=108.22 75=161.66 90=227.46 95=278.27 99=522.50 99.9=1960.96 99.99=14065.66]
2025-04-19 13:19:57 42 sec: 173925 operations; [READ: Count=87135 Max=4052.99 Min=2.56 Avg=115.33 10=38.46 25=57.92 50=95.74 75=148.22 90=210.43 95=257.15 99=441.09 99.9=987.13 99.99=1831.93] [UPDATE: Count=86790 Max=24018.94 Min=8.64 Avg=132.93 10=48.26 25=69.06 50=107.14 75=159.74 90=224.77 95=275.20 99=511.49 99.9=1831.93 99.99=12533.76]
2025-04-19 13:19:58 43 sec: 184363 operations; [READ: Count=92449 Max=4052.99 Min=2.56 Avg=113.65 10=37.95 25=57.02 50=94.33 75=146.18 90=207.87 95=254.08 99=431.10 99.9=978.43 99.99=1831.93] [UPDATE: Count=91914 Max=24018.94 Min=8.39 Avg=131.27 10=47.77 25=68.22 50=105.79 75=157.95 90=222.34 95=271.62 99=503.30 99.9=1831.93 99.99=12533.76]
2025-04-19 13:19:59 44 sec: 194690 operations; [READ: Count=97554 Max=4052.99 Min=2.56 Avg=112.36 10=37.63 25=56.45 50=93.50 75=144.64 90=205.69 95=251.52 99=421.63 99.9=964.61 99.99=1802.24] [UPDATE: Count=97136 Max=24018.94 Min=8.39 Avg=129.70 10=47.42 25=67.71 50=104.89 75=156.29 90=220.03 95=268.80 99=491.26 99.9=1795.07 99.99=11214.85]
2025-04-19 13:20:00 45 sec: 204781 operations; [READ: Count=102596 Max=4052.99 Min=2.56 Avg=111.39 10=37.34 25=56.06 50=92.93 75=143.62 90=204.03 95=249.34 99=414.21 99.9=941.57 99.99=1802.24] [UPDATE: Count=102185 Max=24018.94 Min=8.39 Avg=128.38 10=47.10 25=67.33 50=104.19 75=155.13 90=218.11 95=265.47 99=481.79 99.9=1750.02 99.99=11214.85]
2025-04-19 13:20:01 46 sec: 214852 operations; [READ: Count=107596 Max=4052.99 Min=2.56 Avg=110.40 10=37.02 25=55.62 50=92.29 75=142.46 90=202.50 95=247.17 99=405.76 99.9=931.84 99.99=1794.05] [UPDATE: Count=107256 Max=24018.94 Min=8.39 Avg=127.32 10=46.72 25=67.01 50=103.61 75=153.98 90=216.45 95=263.42 99=473.86 99.9=1744.89 99.99=9773.06]
2025-04-19 13:20:02 47 sec: 224841 operations; [READ: Count=112702 Max=4052.99 Min=2.56 Avg=109.51 10=36.70 25=55.30 50=91.84 75=141.31 90=200.96 95=245.25 99=398.85 99.9=920.58 99.99=1794.05] [UPDATE: Count=112139 Max=24018.94 Min=8.39 Avg=126.45 10=46.40 25=66.75 50=103.23 75=153.09 90=215.04 95=261.38 99=466.69 99.9=1737.73 99.99=9773.06]
2025-04-19 13:20:03 48 sec: 234570 operations; [READ: Count=117658 Max=4052.99 Min=2.56 Avg=108.88 10=36.54 25=55.17 50=91.52 75=140.67 90=199.68 95=243.33 99=392.96 99.9=903.68 99.99=1771.52] [UPDATE: Count=116912 Max=24018.94 Min=8.39 Avg=125.72 10=46.14 25=66.56 50=102.91 75=152.45 90=213.76 95=259.97 99=462.33 99.9=1710.08 99.99=8577.02]
2025-04-19 13:20:04 49 sec: 244400 operations; [READ: Count=122578 Max=4052.99 Min=2.56 Avg=108.19 10=36.22 25=54.85 50=91.14 75=139.90 90=198.66 95=241.53 99=387.58 99.9=893.44 99.99=1770.49] [UPDATE: Count=121822 Max=24018.94 Min=8.39 Avg=125.05 10=45.79 25=66.37 50=102.53 75=151.81 90=212.61 95=258.56 99=455.94 99.9=1693.69 99.99=8970.24]
2025-04-19 13:20:05 50 sec: 254109 operations; [READ: Count=127381 Max=4052.99 Min=2.56 Avg=107.64 10=36.00 25=54.75 50=90.81 75=139.39 90=197.63 95=240.13 99=382.21 99.9=888.32 99.99=1770.49] [UPDATE: Count=126728 Max=24018.94 Min=8.39 Avg=124.44 10=45.50 25=66.24 50=102.33 75=151.29 90=211.71 95=257.15 99=450.30 99.9=1687.55 99.99=8699.90]
2025-04-19 13:20:06 51 sec: 263869 operations; [READ: Count=132273 Max=4052.99 Min=2.56 Avg=107.14 10=35.65 25=54.59 50=90.56 75=139.01 90=196.86 95=238.97 99=377.34 99.9=869.89 99.99=1770.49] [UPDATE: Count=131596 Max=24018.94 Min=8.39 Avg=123.84 10=45.28 25=66.11 50=102.08 75=150.91 90=210.69 95=255.87 99=443.90 99.9=1642.49 99.99=8699.90]
2025-04-19 13:20:07 52 sec: 273855 operations; [READ: Count=137238 Max=4052.99 Min=2.56 Avg=106.63 10=35.20 25=54.40 50=90.24 75=138.50 90=196.09 95=238.08 99=372.48 99.9=858.11 99.99=1756.16] [UPDATE: Count=136617 Max=24018.94 Min=8.39 Avg=123.14 10=44.80 25=65.92 50=101.82 75=150.27 90=209.79 95=254.34 99=438.27 99.9=1612.80 99.99=8577.02]
2025-04-19 13:20:08 53 sec: 283834 operations; [READ: Count=142239 Max=4052.99 Min=2.56 Avg=106.05 10=34.81 25=54.21 50=89.86 75=137.98 90=194.94 95=236.93 99=368.38 99.9=848.38 99.99=1756.16] [UPDATE: Count=141595 Max=24018.94 Min=8.39 Avg=122.59 10=44.35 25=65.73 50=101.57 75=149.76 90=208.77 95=253.06 99=433.41 99.9=1597.44 99.99=8577.02]
2025-04-19 13:20:09 54 sec: 293792 operations; [READ: Count=147239 Max=4052.99 Min=2.56 Avg=105.51 10=34.34 25=54.02 50=89.53 75=137.47 90=194.05 95=235.78 99=364.29 99.9=836.61 99.99=1725.44] [UPDATE: Count=146553 Max=24018.94 Min=8.39 Avg=122.10 10=43.90 25=65.53 50=101.31 75=149.38 90=207.87 95=251.78 99=428.03 99.9=1604.61 99.99=7819.26]
2025-04-19 13:20:10 55 sec: 304343 operations; [READ: Count=152533 Max=4052.99 Min=2.56 Avg=104.82 10=33.60 25=53.73 50=89.02 75=136.70 90=192.90 95=234.50 99=360.96 99.9=823.81 99.99=1725.44] [UPDATE: Count=151810 Max=24018.94 Min=8.39 Avg=121.38 10=43.33 25=65.28 50=100.93 75=148.74 90=206.85 95=250.62 99=422.14 99.9=1577.98 99.99=7819.26]
2025-04-19 13:20:11 56 sec: 318719 operations; [READ: Count=159734 Max=4052.99 Min=2.56 Avg=102.87 10=32.58 25=52.61 50=86.85 75=134.14 90=190.46 95=231.55 99=355.84 99.9=813.57 99.99=1665.02] [UPDATE: Count=158985 Max=24018.94 Min=8.39 Avg=119.29 10=42.49 25=64.16 50=98.75 75=146.30 90=204.41 95=247.81 99=414.98 99.9=1508.35 99.99=7360.51]
2025-04-19 13:20:12 57 sec: 333084 operations; [READ: Count=166959 Max=4052.99 Min=2.56 Avg=101.05 10=31.18 25=51.65 50=84.80 75=131.97 90=188.03 95=228.86 99=350.72 99.9=806.91 99.99=1606.65] [UPDATE: Count=166125 Max=24018.94 Min=8.39 Avg=117.42 10=41.60 25=63.17 50=96.64 75=144.13 90=202.11 95=245.25 99=407.30 99.9=1471.49 99.99=7315.45]
2025-04-19 13:20:13 58 sec: 347322 operations; [READ: Count=174012 Max=4052.99 Min=2.56 Avg=99.43 10=29.23 25=50.85 50=83.01 75=129.92 90=185.85 95=226.43 99=346.62 99.9=801.79 99.99=1606.65] [UPDATE: Count=173310 Max=24018.94 Min=8.39 Avg=115.74 10=40.58 25=62.34 50=94.85 75=142.08 90=199.55 95=242.69 99=402.43 99.9=1457.15 99.99=7315.45]
2025-04-19 13:20:14 59 sec: 362010 operations; [READ: Count=181367 Max=4052.99 Min=2.56 Avg=97.88 10=26.40 25=50.17 50=81.28 75=127.81 90=183.42 95=223.87 99=342.27 99.9=788.48 99.99=1589.25] [UPDATE: Count=180643 Max=24018.94 Min=8.39 Avg=113.98 10=39.10 25=61.53 50=93.12 75=139.90 90=197.25 95=240.38 99=395.77 99.9=1373.18 99.99=7155.71]
2025-04-19 13:20:15 60 sec: 376411 operations; [READ: Count=188556 Max=4052.99 Min=2.56 Avg=96.42 10=23.30 25=49.60 50=79.74 75=125.76 90=181.50 95=221.69 99=338.18 99.9=778.75 99.99=1574.91] [UPDATE: Count=187855 Max=24018.94 Min=8.39 Avg=112.55 10=37.60 25=60.90 50=91.45 75=137.98 90=195.20 95=237.82 99=389.12 99.9=1347.58 99.99=7360.51]
2025-04-19 13:20:16 61 sec: 391393 operations; [READ: Count=196033 Max=4052.99 Min=2.56 Avg=95.01 10=21.25 25=48.99 50=78.27 75=123.90 90=179.46 95=219.65 99=334.59 99.9=776.70 99.99=1549.31] [UPDATE: Count=195360 Max=24018.94 Min=8.39 Avg=110.98 10=35.68 25=60.26 50=89.98 75=136.06 90=193.15 95=235.13 99=382.72 99.9=1331.20 99.99=7315.45]
2025-04-19 13:20:17 62 sec: 407459 operations; [READ: Count=204122 Max=4052.99 Min=2.56 Avg=93.42 10=19.39 25=48.26 50=76.54 75=121.73 90=177.15 95=217.22 99=330.24 99.9=764.41 99.99=1549.31] [UPDATE: Count=203337 Max=24018.94 Min=8.39 Avg=109.27 10=33.63 25=59.52 50=88.25 75=134.01 90=190.72 95=232.70 99=376.83 99.9=1298.43 99.99=7315.45]
2025-04-19 13:20:18 63 sec: 424516 operations; [READ: Count=212777 Max=4052.99 Min=2.56 Avg=91.70 10=17.92 25=47.45 50=74.56 75=119.42 90=174.72 95=214.78 99=326.65 99.9=752.13 99.99=1537.02] [UPDATE: Count=211739 Max=24018.94 Min=8.39 Avg=107.46 10=31.87 25=58.66 50=86.40 75=131.84 90=188.29 95=230.40 99=371.20 99.9=1265.66 99.99=7155.71]
2025-04-19 13:20:19 64 sec: 443745 operations; [READ: Count=222464 Max=4052.99 Min=2.56 Avg=89.65 10=16.80 25=46.37 50=72.13 75=116.73 90=172.16 95=212.22 99=322.30 99.9=739.84 99.99=1472.51] [UPDATE: Count=221281 Max=24018.94 Min=8.39 Avg=105.29 10=30.40 25=57.44 50=84.03 75=129.22 90=185.60 95=227.84 99=365.06 99.9=1245.18 99.99=6877.18]
2025-04-19 13:20:20 65 sec: 466157 operations; [READ: Count=233515 Max=4052.99 Min=2.56 Avg=87.17 10=15.79 25=44.61 50=68.86 75=113.73 90=169.34 95=209.41 99=317.44 99.9=724.99 99.99=1462.27] [UPDATE: Count=232642 Max=24018.94 Min=8.39 Avg=102.57 10=28.85 25=55.42 50=80.83 75=126.14 90=182.53 95=224.77 99=358.40 99.9=1204.22 99.99=6877.18]
2025-04-19 13:20:21 66 sec: 493851 operations; [READ: Count=247274 Max=4052.99 Min=2.56 Avg=83.96 10=14.71 25=41.73 50=65.02 75=110.08 90=166.01 95=206.34 99=312.57 99.9=714.75 99.99=1439.74] [UPDATE: Count=246577 Max=24018.94 Min=7.71 Avg=99.07 10=27.21 25=52.29 50=77.06 75=122.56 90=179.07 95=221.44 99=352.00 99.9=1170.43 99.99=6606.85]
2025-04-19 13:20:22 67 sec: 527708 operations; [READ: Count=264372 Max=4052.99 Min=2.56 Avg=80.09 10=13.49 25=37.70 50=60.64 75=105.92 90=162.05 95=202.62 99=306.69 99.9=694.78 99.99=1416.19] [UPDATE: Count=263336 Max=24018.94 Min=7.71 Avg=94.89 10=25.45 25=47.74 50=72.77 75=118.40 90=175.23 95=217.60 99=345.09 99.9=1113.09 99.99=6451.20]
2025-04-19 13:20:23 68 sec: 562262 operations; [READ: Count=281647 Max=4052.99 Min=2.18 Avg=76.63 10=12.44 25=33.09 50=56.77 75=101.89 90=158.34 95=199.04 99=302.08 99.9=682.50 99.99=1383.42] [UPDATE: Count=280615 Max=24018.94 Min=7.52 Avg=91.05 10=23.84 25=42.53 50=68.80 75=114.30 90=171.39 95=214.01 99=338.43 99.9=1073.15 99.99=6098.94]
2025-04-19 13:20:24 69 sec: 596862 operations; [READ: Count=299009 Max=4052.99 Min=2.18 Avg=73.56 10=11.62 25=30.35 50=53.34 75=98.11 90=154.75 95=195.46 99=297.47 99.9=670.21 99.99=1341.44] [UPDATE: Count=297853 Max=24018.94 Min=7.52 Avg=87.66 10=22.43 25=38.91 50=65.15 75=110.59 90=167.94 95=210.69 99=332.29 99.9=1029.63 99.99=5746.69]
2025-04-19 13:20:25 70 sec: 630663 operations; [READ: Count=315831 Max=4052.99 Min=2.18 Avg=70.92 10=10.95 25=29.05 50=50.37 75=94.66 90=151.42 95=192.25 99=293.63 99.9=659.46 99.99=1327.10] [UPDATE: Count=314832 Max=24018.94 Min=7.34 Avg=84.73 10=21.25 25=37.15 50=61.92 75=107.07 90=164.61 95=207.62 99=327.42 99.9=994.82 99.99=5427.20]
2025-04-19 13:20:26 71 sec: 664118 operations; [READ: Count=332451 Max=4052.99 Min=2.18 Avg=68.61 10=10.42 25=28.34 50=47.74 75=91.52 90=148.48 95=189.44 99=290.05 99.9=647.17 99.99=1318.91] [UPDATE: Count=331667 Max=24018.94 Min=7.34 Avg=82.13 10=20.32 25=36.13 50=59.10 75=103.81 90=161.53 95=204.93 99=322.81 99.9=968.70 99.99=5132.29]
2025-04-19 13:20:27 72 sec: 696546 operations; [READ: Count=348695 Max=4052.99 Min=2.18 Avg=66.60 10=10.02 25=27.87 50=45.47 75=88.70 90=145.53 95=186.62 99=286.46 99.9=636.93 99.99=1309.69] [UPDATE: Count=347851 Max=24018.94 Min=7.34 Avg=79.91 10=19.57 25=35.49 50=56.54 75=100.86 90=158.59 95=202.24 99=318.98 99.9=947.20 99.99=4976.64]
2025-04-19 13:20:28 73 sec: 728517 operations; [READ: Count=364908 Max=4052.99 Min=2.18 Avg=64.80 10=9.68 25=27.45 50=43.26 75=86.14 90=142.85 95=184.06 99=283.65 99.9=629.25 99.99=1306.62] [UPDATE: Count=363609 Max=24018.94 Min=7.34 Avg=77.95 10=18.98 25=34.98 50=54.21 75=98.30 90=156.03 95=199.68 99=315.39 99.9=923.13 99.99=4964.35]
2025-04-19 13:20:29 74 sec: 754945 operations; [READ: Count=378150 Max=4052.99 Min=2.18 Avg=63.66 10=9.51 25=27.26 50=41.57 75=84.29 90=140.80 95=182.40 99=283.13 99.9=658.94 99.99=1315.84] [UPDATE: Count=376795 Max=24018.94 Min=7.34 Avg=76.68 10=18.69 25=34.75 50=52.35 75=96.32 90=153.98 95=197.89 99=314.62 99.9=923.13 99.99=4825.09]
2025-04-19 13:20:30 75 sec: 782766 operations; [READ: Count=391962 Max=4052.99 Min=2.18 Avg=62.51 10=9.31 25=27.02 50=39.87 75=82.43 90=138.88 95=180.61 99=282.11 99.9=674.82 99.99=1318.91] [UPDATE: Count=390804 Max=24018.94 Min=7.34 Avg=75.34 10=18.32 25=34.40 50=50.43 75=94.40 90=151.81 95=196.09 99=313.34 99.9=933.38 99.99=4612.10]
2025-04-19 13:20:31 76 sec: 811387 operations; [READ: Count=406176 Max=4052.99 Min=2.18 Avg=61.35 10=9.15 25=26.82 50=38.24 75=80.64 90=136.83 95=178.69 99=280.57 99.9=673.28 99.99=1315.84] [UPDATE: Count=405211 Max=24018.94 Min=6.78 Avg=74.03 10=18.02 25=34.14 50=48.58 75=92.61 90=149.76 95=194.30 99=311.55 99.9=918.01 99.99=4415.49]
2025-04-19 13:20:32 77 sec: 840028 operations; [READ: Count=420420 Max=4052.99 Min=2.18 Avg=60.26 10=9.00 25=26.62 50=36.83 75=78.91 90=134.78 95=176.77 99=278.53 99.9=675.84 99.99=1314.82] [UPDATE: Count=419608 Max=24018.94 Min=6.78 Avg=72.82 10=17.76 25=33.89 50=47.01 75=90.88 90=147.84 95=192.38 99=309.76 99.9=909.31 99.99=4151.30]
2025-04-19 13:20:33 78 sec: 867913 operations; [READ: Count=434395 Max=4052.99 Min=2.18 Avg=59.29 10=8.86 25=26.41 50=35.90 75=77.31 90=132.99 95=175.10 99=277.50 99.9=670.21 99.99=1309.69] [UPDATE: Count=433518 Max=24018.94 Min=6.78 Avg=71.76 10=17.54 25=33.66 50=45.89 75=89.28 90=146.05 95=190.59 99=308.22 99.9=902.14 99.99=4151.30]
2025-04-19 13:20:34 79 sec: 887289 operations; [READ: Count=443978 Max=4052.99 Min=2.18 Avg=58.96 10=8.81 25=26.32 50=35.87 75=76.54 90=132.09 95=174.21 99=277.50 99.9=677.89 99.99=1309.69] [UPDATE: Count=443311 Max=24018.94 Min=6.78 Avg=71.44 10=17.45 25=33.53 50=45.76 75=88.58 90=145.15 95=189.82 99=308.99 99.9=910.85 99.99=3987.45]
2025-04-19 13:20:35 80 sec: 900762 operations; [READ: Count=450840 Max=4052.99 Min=2.18 Avg=59.10 10=8.81 25=26.22 50=35.97 75=76.80 90=132.35 95=174.46 99=278.53 99.9=685.57 99.99=1314.82] [UPDATE: Count=449922 Max=24018.94 Min=6.78 Avg=71.54 10=17.47 25=33.47 50=45.89 75=88.77 90=145.28 95=190.08 99=310.27 99.9=918.01 99.99=3899.39]
2025-04-19 13:20:36 81 sec: 914513 operations; [READ: Count=457650 Max=4052.99 Min=2.18 Avg=59.21 10=8.81 25=26.14 50=36.06 75=77.12 90=132.61 95=174.85 99=279.55 99.9=691.71 99.99=1309.69] [UPDATE: Count=456863 Max=24018.94 Min=6.78 Avg=71.62 10=17.42 25=33.38 50=46.02 75=89.02 90=145.66 95=190.34 99=310.78 99.9=918.01 99.99=3899.39]
2025-04-19 13:20:37 82 sec: 927752 operations; [READ: Count=464149 Max=4052.99 Min=2.18 Avg=59.35 10=8.83 25=26.05 50=36.19 75=77.50 90=132.99 95=175.23 99=280.06 99.9=689.66 99.99=1309.69] [UPDATE: Count=463603 Max=24018.94 Min=6.78 Avg=71.74 10=17.44 25=33.31 50=46.14 75=89.41 90=146.05 95=190.85 99=311.04 99.9=908.80 99.99=3899.39]
2025-04-19 13:20:38 83 sec: 940369 operations; [READ: Count=470574 Max=4052.99 Min=2.18 Avg=59.54 10=8.83 25=26.00 50=36.32 75=77.89 90=133.50 95=175.87 99=281.60 99.9=685.57 99.99=1306.62] [UPDATE: Count=469795 Max=24018.94 Min=6.78 Avg=71.90 10=17.41 25=33.25 50=46.30 75=89.79 90=146.56 95=191.49 99=311.81 99.9=904.19 99.99=3862.53]
2025-04-19 13:20:39 84 sec: 948219 operations; [READ: Count=474509 Max=4052.99 Min=2.18 Avg=60.05 10=8.86 25=26.08 50=36.58 75=78.66 90=134.66 95=177.28 99=284.42 99.9=700.93 99.99=1314.82] [UPDATE: Count=473710 Max=24018.94 Min=6.78 Avg=72.39 10=17.44 25=33.34 50=46.59 75=90.56 90=147.71 95=193.02 99=314.88 99.9=913.41 99.99=3862.53]
2025-04-19 13:20:40 85 sec: 956075 operations; [READ: Count=478493 Max=4052.99 Min=2.18 Avg=60.58 10=8.89 25=26.16 50=36.86 75=79.49 90=135.94 95=178.94 99=287.49 99.9=707.07 99.99=1314.82] [UPDATE: Count=477582 Max=24018.94 Min=6.78 Avg=72.85 10=17.47 25=33.41 50=46.91 75=91.33 90=148.86 95=194.43 99=316.93 99.9=918.01 99.99=3844.09]
2025-04-19 13:20:41 86 sec: 964028 operations; [READ: Count=482332 Max=4052.99 Min=2.18 Avg=61.07 10=8.90 25=26.22 50=37.12 75=80.32 90=137.09 95=180.35 99=290.05 99.9=719.87 99.99=1318.91] [UPDATE: Count=481696 Max=24018.94 Min=6.78 Avg=73.32 10=17.50 25=33.47 50=47.23 75=91.97 90=150.01 95=195.71 99=319.49 99.9=926.21 99.99=3844.09]
2025-04-19 13:20:42 87 sec: 975744 operations; [READ: Count=488171 Max=4052.99 Min=2.18 Avg=61.29 10=8.94 25=26.30 50=37.44 75=80.77 90=137.34 95=180.61 99=289.79 99.9=716.29 99.99=1315.84] [UPDATE: Count=487573 Max=24018.94 Min=6.78 Avg=73.51 10=17.55 25=33.57 50=47.55 75=92.29 90=150.27 95=195.84 99=319.23 99.9=919.04 99.99=3842.05]
2025-04-19 13:20:43 88 sec: 995629 operations; [READ: Count=498145 Max=4052.99 Min=2.18 Avg=60.98 10=8.97 25=26.21 50=37.60 75=79.87 90=136.32 95=179.58 99=289.28 99.9=717.31 99.99=1318.91] [UPDATE: Count=497484 Max=24018.94 Min=6.78 Avg=73.10 10=17.61 25=33.47 50=47.42 75=91.45 90=149.25 95=194.81 99=318.46 99.9=924.16 99.99=3641.34]
2025-04-19 13:20:44 88 sec: 1000000 operations; [READ: Count=500316 Max=4052.99 Min=2.18 Avg=60.88 10=8.98 25=26.19 50=37.63 75=79.68 90=136.06 95=179.33 99=288.77 99.9=716.80 99.99=1318.91] [UPDATE: Count=499684 Max=24018.94 Min=6.25 Avg=72.97 10=17.61 25=33.44 50=47.33 75=91.26 90=148.99 95=194.56 99=317.95 99.9=921.09 99.99=3641.34]
Run runtime(sec): 88.2316
Run operations(ops): 1000000
Run throughput(ops/sec): 11333.8
