Running scope as unit: run-r5ad513afb04646a7917e5251e3899fee.scope
load file:/home/user/DataFiles/silesia_data/silesia.tar
2025-04-22 06:34:12 0 sec: 0 operations;
2025-04-22 06:34:13 1 sec: 0 operations;
2025-04-22 06:34:14 2 sec: 0 operations;
2025-04-22 06:34:15 3 sec: 0 operations;
2025-04-22 06:34:16 4 sec: 0 operations;
2025-04-22 06:34:17 5 sec: 0 operations;
2025-04-22 06:34:18 6 sec: 0 operations;
2025-04-22 06:34:19 7 sec: 2454 operations; [READ: Count=1642 Max=1454.08 Min=5.42 Avg=83.58 10=18.02 25=22.40 50=31.21 75=114.88 90=167.55 95=327.42 99=592.38 99.9=992.77 99.99=1454.08] [UPDATE: Count=812 Max=3133.44 Min=11.85 Avg=56.23 10=21.81 25=28.77 50=38.46 75=56.29 90=81.28 95=101.18 99=155.78 99.9=1816.58 99.99=3133.44]
2025-04-22 06:34:20 8 sec: 11173 operations; [READ: Count=7462 Max=1950.72 Min=2.62 Avg=119.33 10=16.10 25=20.48 50=29.58 75=111.87 90=309.76 95=652.29 99=1102.85 99.9=1521.66 99.99=1688.58] [UPDATE: Count=3711 Max=11616.25 Min=9.38 Avg=76.76 10=16.67 25=21.54 50=31.18 75=49.76 90=81.09 95=105.73 99=901.12 99.9=8642.56 99.99=11616.25]
2025-04-22 06:34:21 9 sec: 21656 operations; [READ: Count=14531 Max=1950.72 Min=2.62 Avg=117.32 10=16.34 25=20.99 50=30.11 75=117.25 90=318.46 95=590.34 99=1062.91 99.9=1449.98 99.99=1747.97] [UPDATE: Count=7125 Max=11616.25 Min=9.38 Avg=64.90 10=15.52 25=19.42 50=27.20 75=41.85 90=70.33 95=94.59 99=812.54 99.9=7962.62 99.99=10887.17]
2025-04-22 06:34:22 10 sec: 29489 operations; [READ: Count=19724 Max=2246.66 Min=2.62 Avg=128.07 10=17.05 25=21.92 50=31.60 75=121.60 90=382.72 95=657.41 99=1100.80 99.9=1530.88 99.99=1934.34] [UPDATE: Count=9765 Max=11616.25 Min=9.38 Avg=64.77 10=15.99 25=19.77 50=26.72 75=39.26 90=64.61 95=88.45 99=764.93 99.9=7962.62 99.99=11313.15]
2025-04-22 06:34:23 11 sec: 37208 operations; [READ: Count=24868 Max=2953.22 Min=2.62 Avg=137.63 10=17.30 25=22.54 50=31.92 75=123.45 90=433.92 95=722.43 99=1124.35 99.9=1590.27 99.99=1950.72] [UPDATE: Count=12340 Max=11616.25 Min=8.10 Avg=59.14 10=15.25 25=18.80 50=24.86 75=35.81 90=57.53 95=82.24 99=644.10 99.9=6967.30 99.99=11313.15]
2025-04-22 06:34:24 12 sec: 47235 operations; [READ: Count=31558 Max=3835.90 Min=2.62 Avg=136.15 10=17.12 25=22.41 50=31.66 75=120.06 90=419.07 95=715.77 99=1159.17 99.9=1696.77 99.99=2344.96] [UPDATE: Count=15677 Max=11616.25 Min=7.56 Avg=54.05 10=13.57 25=16.82 50=22.34 75=32.09 90=51.42 95=75.71 99=508.67 99.9=6381.57 99.99=11051.01]
2025-04-22 06:34:25 13 sec: 63917 operations; [READ: Count=42710 Max=3835.90 Min=2.62 Avg=120.88 10=16.54 25=22.14 50=31.55 75=114.50 90=322.81 95=625.15 99=1102.85 99.9=1647.62 99.99=2344.96] [UPDATE: Count=21207 Max=11616.25 Min=7.19 Avg=45.61 10=12.61 25=15.25 50=19.95 75=28.89 90=46.17 95=68.54 99=283.65 99.9=5595.14 99.99=11051.01]
2025-04-22 06:34:26 14 sec: 80626 operations; [READ: Count=53824 Max=3835.90 Min=2.62 Avg=110.90 10=15.44 25=20.93 50=30.09 75=112.83 90=271.36 95=546.30 99=1053.69 99.9=1609.73 99.99=2246.66] [UPDATE: Count=26802 Max=11616.25 Min=7.05 Avg=42.73 10=12.45 25=15.06 50=19.77 75=28.72 90=45.89 95=66.30 99=241.41 99.9=4378.62 99.99=10887.17]
2025-04-22 06:34:27 15 sec: 96953 operations; [READ: Count=64691 Max=3835.90 Min=2.62 Avg=104.86 10=14.49 25=19.52 50=28.64 75=109.50 90=248.45 95=506.62 99=1026.05 99.9=1598.46 99.99=2246.66] [UPDATE: Count=32262 Max=11616.25 Min=7.05 Avg=40.87 10=12.17 25=14.70 50=19.31 75=28.09 90=44.67 95=64.22 99=214.27 99.9=4116.48 99.99=10887.17]
2025-04-22 06:34:28 16 sec: 111962 operations; [READ: Count=74744 Max=3835.90 Min=2.62 Avg=101.71 10=14.37 25=18.98 50=27.95 75=107.39 90=237.57 95=492.29 99=1010.17 99.9=1591.30 99.99=2215.93] [UPDATE: Count=37218 Max=11616.25 Min=7.05 Avg=39.94 10=12.08 25=14.57 50=19.12 75=27.93 90=44.83 95=64.61 99=212.22 99.9=3821.57 99.99=10747.90]
2025-04-22 06:34:29 17 sec: 127693 operations; [READ: Count=85176 Max=3835.90 Min=2.62 Avg=98.85 10=14.36 25=18.78 50=27.52 75=104.70 90=217.60 95=475.13 99=1026.05 99.9=1624.06 99.99=2109.44] [UPDATE: Count=42517 Max=11616.25 Min=7.05 Avg=38.92 10=12.03 25=14.56 50=19.12 75=27.70 90=43.97 95=62.46 99=185.98 99.9=3653.63 99.99=10747.90]
2025-04-22 06:34:30 18 sec: 146992 operations; [READ: Count=98075 Max=3835.90 Min=2.62 Avg=93.82 10=14.49 25=18.86 50=27.28 75=100.42 90=199.81 95=443.65 99=991.23 99.9=1602.56 99.99=2105.34] [UPDATE: Count=48917 Max=11616.25 Min=7.05 Avg=37.92 10=12.19 25=14.81 50=19.45 75=28.03 90=44.03 95=62.17 99=172.03 99.9=2922.49 99.99=10592.25]
2025-04-22 06:34:31 19 sec: 165894 operations; [READ: Count=110634 Max=3835.90 Min=2.62 Avg=90.17 10=14.56 25=18.88 50=27.12 75=95.36 90=189.82 95=422.91 99=973.31 99.9=1595.39 99.99=2055.17] [UPDATE: Count=55260 Max=11616.25 Min=7.05 Avg=37.34 10=12.26 25=14.91 50=19.61 75=28.21 90=44.26 95=62.05 99=168.45 99.9=2748.41 99.99=9904.13]
2025-04-22 06:34:32 20 sec: 184635 operations; [READ: Count=123122 Max=3835.90 Min=2.62 Avg=87.53 10=14.46 25=18.69 50=26.94 75=92.48 90=184.32 95=404.74 99=945.66 99.9=1568.77 99.99=2055.17] [UPDATE: Count=61513 Max=11616.25 Min=7.05 Avg=36.52 10=12.16 25=14.70 50=19.25 75=27.57 90=43.26 95=60.51 99=164.74 99.9=2744.32 99.99=9904.13]
2025-04-22 06:34:33 21 sec: 200145 operations; [READ: Count=133382 Max=3835.90 Min=2.62 Avg=87.12 10=14.45 25=18.66 50=27.02 75=94.78 90=186.11 95=399.62 99=930.30 99.9=1546.24 99.99=2054.14] [UPDATE: Count=66763 Max=11616.25 Min=7.03 Avg=35.77 10=12.15 25=14.65 50=19.05 75=26.99 90=42.14 95=58.98 99=162.18 99.9=2717.70 99.99=9428.99]
2025-04-22 06:34:34 22 sec: 210183 operations; [READ: Count=140055 Max=3835.90 Min=2.62 Avg=89.17 10=14.43 25=18.66 50=27.14 75=97.15 90=191.87 95=408.06 99=948.74 99.9=1595.39 99.99=2246.66] [UPDATE: Count=70128 Max=11616.25 Min=6.98 Avg=35.82 10=12.08 25=14.52 50=18.83 75=26.53 90=41.28 95=57.92 99=164.09 99.9=2809.86 99.99=9428.99]
2025-04-22 06:34:35 23 sec: 224587 operations; [READ: Count=149664 Max=3835.90 Min=2.62 Avg=89.27 10=14.49 25=18.89 50=27.66 75=100.16 90=193.02 95=400.89 99=932.35 99.9=1576.96 99.99=2244.61] [UPDATE: Count=74923 Max=11616.25 Min=6.98 Avg=35.03 10=12.07 25=14.47 50=18.66 75=25.95 90=40.26 95=56.38 99=157.57 99.9=2738.18 99.99=9428.99]
2025-04-22 06:34:36 24 sec: 238315 operations; [READ: Count=158789 Max=3835.90 Min=2.62 Avg=89.74 10=14.55 25=19.07 50=28.11 75=102.40 90=196.61 95=395.77 99=914.43 99.9=1562.62 99.99=2217.98] [UPDATE: Count=79526 Max=11616.25 Min=6.98 Avg=34.24 10=12.02 25=14.36 50=18.40 75=25.39 90=39.20 95=55.04 99=151.04 99.9=2674.69 99.99=8773.63]
2025-04-22 06:34:37 25 sec: 251343 operations; [READ: Count=167515 Max=3835.90 Min=2.62 Avg=90.43 10=14.58 25=19.21 50=28.54 75=104.19 90=199.68 95=393.47 99=904.70 99.9=1548.29 99.99=2215.93] [UPDATE: Count=83828 Max=11616.25 Min=6.98 Avg=33.55 10=11.98 25=14.26 50=18.18 75=24.93 90=38.34 95=53.95 99=145.79 99.9=2596.86 99.99=8773.63]
2025-04-22 06:34:38 26 sec: 263193 operations; [READ: Count=175455 Max=3835.90 Min=2.62 Avg=91.45 10=14.62 25=19.36 50=28.96 75=105.86 90=203.90 95=394.50 99=894.46 99.9=1548.29 99.99=2205.70] [UPDATE: Count=87738 Max=11616.25 Min=6.98 Avg=33.10 10=11.94 25=14.18 50=18.00 75=24.54 90=37.57 95=52.90 99=145.02 99.9=2586.62 99.99=8642.56]
2025-04-22 06:34:39 27 sec: 274423 operations; [READ: Count=182904 Max=3835.90 Min=2.62 Avg=92.58 10=14.64 25=19.45 50=29.25 75=106.88 90=206.34 95=396.80 99=898.56 99.9=1568.77 99.99=2215.93] [UPDATE: Count=91519 Max=11616.25 Min=6.98 Avg=32.86 10=11.90 25=14.10 50=17.86 75=24.24 90=36.96 95=51.94 99=143.36 99.9=2586.62 99.99=8642.56]
2025-04-22 06:34:40 28 sec: 287523 operations; [READ: Count=191653 Max=3835.90 Min=2.62 Avg=92.99 10=14.65 25=19.55 50=29.49 75=107.65 90=207.10 95=394.50 99=898.05 99.9=1591.30 99.99=2215.93] [UPDATE: Count=95870 Max=11616.25 Min=6.98 Avg=32.40 10=11.86 25=14.00 50=17.68 75=23.87 90=36.22 95=51.10 99=143.36 99.9=2547.71 99.99=7962.62]
2025-04-22 06:34:41 29 sec: 302222 operations; [READ: Count=201486 Max=3835.90 Min=2.62 Avg=92.85 10=14.65 25=19.61 50=29.65 75=108.22 90=207.49 95=390.91 99=884.22 99.9=1577.98 99.99=2205.70] [UPDATE: Count=100736 Max=11616.25 Min=6.92 Avg=31.84 10=11.81 25=13.92 50=17.52 75=23.52 90=35.52 95=50.14 99=139.90 99.9=2488.32 99.99=7962.62]
2025-04-22 06:34:42 30 sec: 318171 operations; [READ: Count=212124 Max=3835.90 Min=2.62 Avg=92.31 10=14.65 25=19.65 50=29.70 75=108.22 90=206.59 95=386.56 99=870.91 99.9=1563.65 99.99=2174.97] [UPDATE: Count=106047 Max=11616.25 Min=6.92 Avg=31.29 10=11.79 25=13.86 50=17.36 75=23.15 90=34.78 95=49.05 99=137.22 99.9=2430.97 99.99=7827.45]
2025-04-22 06:34:43 31 sec: 334029 operations; [READ: Count=222686 Max=3835.90 Min=2.54 Avg=91.88 10=14.62 25=19.65 50=29.70 75=108.29 90=206.21 95=382.98 99=858.62 99.9=1546.24 99.99=2174.97] [UPDATE: Count=111343 Max=11616.25 Min=6.65 Avg=30.76 10=11.69 25=13.73 50=17.18 75=22.82 90=34.08 95=48.29 99=132.74 99.9=2375.68 99.99=7827.45]
2025-04-22 06:34:44 32 sec: 346543 operations; [READ: Count=231051 Max=3835.90 Min=2.54 Avg=92.47 10=14.57 25=19.61 50=29.77 75=108.80 90=207.36 95=383.23 99=857.60 99.9=1544.19 99.99=2174.97] [UPDATE: Count=115492 Max=11616.25 Min=6.65 Avg=30.40 10=11.49 25=13.56 50=16.98 75=22.54 90=33.60 95=47.62 99=131.71 99.9=2375.68 99.99=7454.72]
2025-04-22 06:34:45 33 sec: 362455 operations; [READ: Count=241664 Max=3835.90 Min=2.54 Avg=92.12 10=14.51 25=19.54 50=29.90 75=108.54 90=204.80 95=377.86 99=845.31 99.9=1532.93 99.99=2129.92] [UPDATE: Count=120791 Max=11616.25 Min=6.65 Avg=29.81 10=11.33 25=13.36 50=16.70 75=22.19 90=32.93 95=46.72 99=129.09 99.9=2314.24 99.99=7454.72]
2025-04-22 06:34:46 34 sec: 383999 operations; [READ: Count=256038 Max=3835.90 Min=2.54 Avg=90.44 10=14.31 25=19.28 50=30.05 75=106.81 90=197.12 95=365.06 99=829.95 99.9=1516.54 99.99=2109.44] [UPDATE: Count=127961 Max=11616.25 Min=6.55 Avg=28.85 10=10.98 25=13.00 50=16.30 75=21.73 90=32.11 95=45.60 99=122.94 99.9=2285.57 99.99=7380.99]
2025-04-22 06:34:47 35 sec: 405815 operations; [READ: Count=270547 Max=3835.90 Min=2.44 Avg=88.90 10=14.11 25=19.02 50=30.13 75=105.41 90=190.72 95=353.02 99=813.57 99.9=1495.04 99.99=2105.34] [UPDATE: Count=135268 Max=11616.25 Min=6.41 Avg=27.95 10=10.70 25=12.64 50=15.90 75=21.28 90=31.38 95=44.41 99=117.50 99.9=2201.60 99.99=7086.08]
2025-04-22 06:34:48 36 sec: 429014 operations; [READ: Count=286058 Max=3835.90 Min=2.44 Avg=87.19 10=13.90 25=18.73 50=30.16 75=103.81 90=183.68 95=340.48 99=795.65 99.9=1472.51 99.99=2067.45] [UPDATE: Count=142956 Max=11616.25 Min=6.41 Avg=27.11 10=10.49 25=12.31 50=15.53 75=20.82 90=30.67 95=43.39 99=113.34 99.9=2148.35 99.99=7086.08]
2025-04-22 06:34:49 37 sec: 449120 operations; [READ: Count=299492 Max=3835.90 Min=2.40 Avg=86.29 10=13.73 25=18.53 50=30.14 75=102.78 90=179.84 95=334.33 99=782.85 99.9=1463.30 99.99=2059.26] [UPDATE: Count=149628 Max=11616.25 Min=6.41 Avg=26.47 10=10.40 25=12.09 50=15.25 75=20.46 90=30.08 95=42.53 99=110.02 99.9=2048.00 99.99=6991.87]
2025-04-22 06:34:50 38 sec: 470649 operations; [READ: Count=313823 Max=3835.90 Min=2.40 Avg=85.18 10=13.57 25=18.38 50=30.14 75=101.76 90=175.23 95=325.63 99=768.51 99.9=1448.96 99.99=2055.17] [UPDATE: Count=156826 Max=11616.25 Min=6.19 Avg=25.85 10=10.34 25=11.90 50=15.01 75=20.09 90=29.45 95=41.57 99=106.94 99.9=1989.63 99.99=6967.30]
2025-04-22 06:34:51 39 sec: 494768 operations; [READ: Count=329900 Max=3835.90 Min=2.40 Avg=83.70 10=13.38 25=18.18 50=30.08 75=100.67 90=169.34 95=312.06 99=753.66 99.9=1435.65 99.99=2049.02] [UPDATE: Count=164868 Max=11616.25 Min=6.19 Avg=25.20 10=10.27 25=11.68 50=14.73 75=19.71 90=28.85 95=40.67 99=104.38 99.9=1939.45 99.99=6967.30]
2025-04-22 06:34:52 40 sec: 516410 operations; [READ: Count=344284 Max=3835.90 Min=2.40 Avg=82.78 10=13.21 25=18.05 50=29.98 75=100.09 90=166.01 95=303.62 99=740.86 99.9=1426.43 99.99=2048.00] [UPDATE: Count=172126 Max=11616.25 Min=6.19 Avg=24.70 10=10.24 25=11.58 50=14.57 75=19.41 90=28.32 95=39.97 99=102.21 99.9=1901.57 99.99=6852.61]
2025-04-22 06:34:53 41 sec: 539375 operations; [READ: Count=359645 Max=3835.90 Min=2.39 Avg=81.72 10=12.99 25=17.89 50=29.82 75=99.45 90=162.05 95=294.40 99=728.06 99.9=1410.05 99.99=2042.88] [UPDATE: Count=179730 Max=11616.25 Min=6.19 Avg=24.19 10=10.19 25=11.46 50=14.38 75=19.09 90=27.79 95=39.13 99=100.35 99.9=1816.58 99.99=6811.65]
2025-04-22 06:34:54 42 sec: 557605 operations; [READ: Count=371800 Max=3835.90 Min=2.39 Avg=81.48 10=12.82 25=17.77 50=29.70 75=99.26 90=161.53 95=294.14 99=720.89 99.9=1397.76 99.99=2042.88] [UPDATE: Count=185805 Max=11616.25 Min=6.19 Avg=23.84 10=10.16 25=11.37 50=14.26 75=18.86 90=27.39 95=38.49 99=98.94 99.9=1758.21 99.99=6586.37]
2025-04-22 06:34:55 43 sec: 577301 operations; [READ: Count=384978 Max=3835.90 Min=2.39 Avg=81.02 10=12.65 25=17.68 50=29.52 75=98.94 90=159.36 95=289.79 99=717.31 99.9=1399.81 99.99=2042.88] [UPDATE: Count=192323 Max=11616.25 Min=6.19 Avg=23.50 10=10.14 25=11.31 50=14.14 75=18.64 90=27.04 95=37.98 99=97.73 99.9=1708.03 99.99=6586.37]
2025-04-22 06:34:56 44 sec: 599831 operations; [READ: Count=399903 Max=3835.90 Min=2.39 Avg=80.21 10=12.42 25=17.60 50=29.33 75=98.69 90=156.67 95=282.11 99=706.05 99.9=1391.62 99.99=2028.54] [UPDATE: Count=199928 Max=11616.25 Min=6.19 Avg=23.10 10=10.11 25=11.24 50=14.01 75=18.38 90=26.61 95=37.31 99=96.45 99.9=1666.05 99.99=6438.91]
2025-04-22 06:34:57 45 sec: 622461 operations; [READ: Count=414940 Max=3835.90 Min=2.39 Avg=79.42 10=12.20 25=17.52 50=29.09 75=98.43 90=154.11 95=274.94 99=695.29 99.9=1378.30 99.99=2012.16] [UPDATE: Count=207521 Max=11616.25 Min=6.19 Avg=22.76 10=10.10 25=11.21 50=13.91 75=18.16 90=26.22 95=36.67 99=95.17 99.9=1616.89 99.99=6430.72]
2025-04-22 06:34:58 46 sec: 645268 operations; [READ: Count=430178 Max=3835.90 Min=2.25 Avg=78.66 10=11.91 25=17.42 50=28.78 75=98.17 90=151.94 95=268.80 99=684.54 99.9=1368.06 99.99=1978.37] [UPDATE: Count=215090 Max=11616.25 Min=6.19 Avg=22.41 10=10.07 25=11.15 50=13.79 75=17.93 90=25.82 95=36.06 99=94.27 99.9=1561.60 99.99=6381.57]
2025-04-22 06:34:59 47 sec: 665222 operations; [READ: Count=443513 Max=3835.90 Min=2.25 Avg=78.30 10=11.70 25=17.38 50=28.53 75=98.11 90=150.78 95=266.50 99=678.40 99.9=1355.78 99.99=1964.03] [UPDATE: Count=221709 Max=11616.25 Min=6.19 Avg=22.18 10=10.05 25=11.13 50=13.71 75=17.77 90=25.50 95=35.58 99=93.57 99.9=1542.14 99.99=6381.57]
2025-04-22 06:35:00 48 sec: 684365 operations; [READ: Count=456235 Max=3835.90 Min=2.25 Avg=78.07 10=11.51 25=17.33 50=28.32 75=98.11 90=150.27 95=264.96 99=672.77 99.9=1352.70 99.99=1961.98] [UPDATE: Count=228130 Max=11616.25 Min=6.19 Avg=21.97 10=10.04 25=11.10 50=13.63 75=17.61 90=25.25 95=35.13 99=92.73 99.9=1523.71 99.99=6381.57]
2025-04-22 06:35:01 49 sec: 705321 operations; [READ: Count=470235 Max=3835.90 Min=2.25 Avg=77.63 10=11.32 25=17.31 50=28.14 75=98.11 90=148.99 95=260.48 99=665.09 99.9=1340.41 99.99=1956.86] [UPDATE: Count=235086 Max=11616.25 Min=6.19 Avg=21.74 10=10.04 25=11.10 50=13.59 75=17.49 90=24.96 95=34.72 99=92.22 99.9=1470.46 99.99=6320.13]
2025-04-22 06:35:02 50 sec: 727450 operations; [READ: Count=484979 Max=3835.90 Min=2.25 Avg=77.08 10=11.12 25=17.28 50=27.87 75=98.05 90=147.33 95=256.00 99=656.89 99.9=1330.17 99.99=1950.72] [UPDATE: Count=242471 Max=11616.25 Min=6.19 Avg=21.51 10=10.03 25=11.09 50=13.54 75=17.36 90=24.67 95=34.24 99=91.71 99.9=1445.89 99.99=6320.13]
2025-04-22 06:35:03 51 sec: 750456 operations; [READ: Count=500333 Max=3835.90 Min=2.25 Avg=76.47 10=10.89 25=17.21 50=27.63 75=97.79 90=145.41 95=251.01 99=648.70 99.9=1320.96 99.99=1934.34] [UPDATE: Count=250123 Max=11616.25 Min=6.19 Avg=21.26 10=10.02 25=11.07 50=13.48 75=17.23 90=24.38 95=33.79 99=90.75 99.9=1375.23 99.99=6098.94]
2025-04-22 06:35:04 52 sec: 773591 operations; [READ: Count=515710 Max=3835.90 Min=2.25 Avg=75.91 10=10.64 25=17.12 50=27.39 75=97.53 90=143.87 95=247.29 99=641.02 99.9=1309.69 99.99=1932.29] [UPDATE: Count=257881 Max=11616.25 Min=6.19 Avg=21.00 10=9.99 25=11.03 50=13.39 75=17.07 90=24.13 95=33.34 99=90.30 99.9=1296.38 99.99=6066.18]
2025-04-22 06:35:05 53 sec: 795772 operations; [READ: Count=530481 Max=3835.90 Min=2.25 Avg=75.47 10=10.42 25=17.04 50=27.15 75=97.22 90=142.72 95=244.61 99=636.41 99.9=1302.53 99.99=1930.24] [UPDATE: Count=265291 Max=11616.25 Min=6.19 Avg=20.78 10=9.97 25=11.00 50=13.32 75=16.94 90=23.87 95=32.90 99=89.73 99.9=1277.95 99.99=5996.54]
2025-04-22 06:35:06 54 sec: 819625 operations; [READ: Count=546337 Max=3835.90 Min=2.25 Avg=74.88 10=10.21 25=16.98 50=26.93 75=97.02 90=141.06 95=239.74 99=628.74 99.9=1292.29 99.99=1927.17] [UPDATE: Count=273288 Max=11616.25 Min=6.19 Avg=20.57 10=9.96 25=10.99 50=13.26 75=16.82 90=23.61 95=32.48 99=89.28 99.9=1248.26 99.99=5996.54]
2025-04-22 06:35:07 55 sec: 843995 operations; [READ: Count=562570 Max=3835.90 Min=2.25 Avg=74.28 10=10.02 25=16.89 50=26.67 75=96.77 90=139.65 95=235.65 99=619.52 99.9=1284.10 99.99=1926.14] [UPDATE: Count=281425 Max=11616.25 Min=6.19 Avg=20.35 10=9.94 25=10.97 50=13.19 75=16.69 90=23.38 95=32.08 99=88.70 99.9=1221.63 99.99=5984.26]
2025-04-22 06:35:08 56 sec: 868326 operations; [READ: Count=578867 Max=3835.90 Min=2.25 Avg=73.71 10=9.81 25=16.78 50=26.40 75=96.51 90=138.62 95=231.94 99=611.84 99.9=1277.95 99.99=1924.10] [UPDATE: Count=289459 Max=11616.25 Min=6.19 Avg=20.13 10=9.91 25=10.94 50=13.11 75=16.56 90=23.14 95=31.68 99=88.06 99.9=1196.03 99.99=5885.95]
2025-04-22 06:35:09 57 sec: 893690 operations; [READ: Count=595726 Max=3835.90 Min=2.25 Avg=73.10 10=9.62 25=16.69 50=26.14 75=96.13 90=137.09 95=228.09 99=604.16 99.9=1270.78 99.99=1908.73] [UPDATE: Count=297964 Max=11616.25 Min=6.19 Avg=19.91 10=9.88 25=10.89 50=13.02 75=16.43 90=22.89 95=31.33 99=87.23 99.9=1137.66 99.99=5595.14]
2025-04-22 06:35:10 58 sec: 916283 operations; [READ: Count=610751 Max=3835.90 Min=2.25 Avg=72.75 10=9.49 25=16.62 50=25.92 75=95.94 90=136.19 95=226.56 99=600.06 99.9=1264.64 99.99=1907.71] [UPDATE: Count=305532 Max=11616.25 Min=6.19 Avg=19.74 10=9.86 25=10.87 50=12.95 75=16.31 90=22.67 95=31.01 99=86.66 99.9=1110.02 99.99=5595.14]
2025-04-22 06:35:11 59 sec: 943127 operations; [READ: Count=628707 Max=3835.90 Min=2.25 Avg=72.05 10=9.35 25=16.54 50=25.65 75=95.55 90=134.53 95=221.57 99=591.87 99.9=1257.47 99.99=1895.42] [UPDATE: Count=314420 Max=11616.25 Min=6.19 Avg=19.55 10=9.85 25=10.86 50=12.90 75=16.21 90=22.45 95=30.64 99=86.02 99.9=1096.70 99.99=5595.14]
2025-04-22 06:35:12 60 sec: 970750 operations; [READ: Count=647082 Max=3835.90 Min=2.25 Avg=71.33 10=9.21 25=16.45 50=25.38 75=95.17 90=132.86 95=216.45 99=584.70 99.9=1248.26 99.99=1882.11] [UPDATE: Count=323668 Max=11616.25 Min=6.19 Avg=19.36 10=9.83 25=10.85 50=12.85 75=16.10 90=22.24 95=30.27 99=85.63 99.9=1065.98 99.99=5435.39]
2025-04-22 06:35:13 61 sec: 995302 operations; [READ: Count=663445 Max=3835.90 Min=2.25 Avg=70.90 10=9.10 25=16.37 50=25.14 75=94.97 90=131.97 95=214.14 99=581.12 99.9=1242.11 99.99=1882.11] [UPDATE: Count=331857 Max=11616.25 Min=6.19 Avg=19.19 10=9.81 25=10.83 50=12.80 75=16.02 90=22.05 95=29.97 99=85.12 99.9=1050.62 99.99=5181.44]
2025-04-22 06:35:14 62 sec: 1021910 operations; [READ: Count=681170 Max=3835.90 Min=2.25 Avg=70.33 10=8.97 25=16.28 50=24.85 75=94.72 90=130.94 95=211.33 99=574.46 99.9=1238.02 99.99=1881.09] [UPDATE: Count=340740 Max=11616.25 Min=6.19 Avg=19.02 10=9.78 25=10.81 50=12.73 75=15.93 90=21.84 95=29.63 99=84.80 99.9=1023.49 99.99=5165.06]
2025-04-22 06:35:15 63 sec: 1046518 operations; [READ: Count=697627 Max=3835.90 Min=2.25 Avg=69.93 10=8.87 25=16.19 50=24.61 75=94.46 90=130.37 95=209.92 99=570.88 99.9=1229.82 99.99=1880.06] [UPDATE: Count=348891 Max=11616.25 Min=6.19 Avg=18.87 10=9.77 25=10.78 50=12.67 75=15.84 90=21.66 95=29.33 99=84.29 99.9=1001.47 99.99=5144.57]
2025-04-22 06:35:16 64 sec: 1072615 operations; [READ: Count=715066 Max=3835.90 Min=2.25 Avg=69.44 10=8.79 25=16.12 50=24.37 75=94.27 90=129.53 95=207.49 99=565.25 99.9=1222.65 99.99=1878.02] [UPDATE: Count=357549 Max=11616.25 Min=6.19 Avg=18.72 10=9.75 25=10.78 50=12.64 75=15.78 90=21.47 95=29.02 99=83.52 99.9=975.36 99.99=5074.94]
2025-04-22 06:35:17 65 sec: 1098831 operations; [READ: Count=732505 Max=3835.90 Min=2.25 Avg=68.98 10=8.70 25=16.04 50=24.13 75=94.08 90=128.96 95=205.44 99=559.62 99.9=1213.44 99.99=1876.99] [UPDATE: Count=366326 Max=11616.25 Min=6.19 Avg=18.57 10=9.73 25=10.76 50=12.59 75=15.70 90=21.30 95=28.75 99=82.69 99.9=955.90 99.99=4943.87]
2025-04-22 06:35:18 66 sec: 1126263 operations; [READ: Count=750871 Max=3835.90 Min=2.25 Avg=68.44 10=8.62 25=15.94 50=23.87 75=93.89 90=128.13 95=203.13 99=553.47 99.9=1205.25 99.99=1871.87] [UPDATE: Count=375392 Max=11616.25 Min=6.19 Avg=18.44 10=9.71 25=10.74 50=12.54 75=15.62 90=21.10 95=28.46 99=82.11 99.9=942.08 99.99=4943.87]
2025-04-22 06:35:19 67 sec: 1148162 operations; [READ: Count=765461 Max=3835.90 Min=2.25 Avg=68.29 10=8.57 25=15.89 50=23.71 75=93.89 90=128.38 95=203.78 99=549.89 99.9=1200.13 99.99=1865.73] [UPDATE: Count=382701 Max=11616.25 Min=6.19 Avg=18.36 10=9.70 25=10.74 50=12.52 75=15.57 90=20.98 95=28.24 99=81.60 99.9=933.89 99.99=4943.87]
2025-04-22 06:35:20 68 sec: 1172969 operations; [READ: Count=782045 Max=3835.90 Min=2.25 Avg=67.96 10=8.50 25=15.81 50=23.52 75=93.76 90=128.00 95=202.88 99=546.30 99.9=1198.08 99.99=1859.58] [UPDATE: Count=390924 Max=11616.25 Min=6.19 Avg=18.24 10=9.67 25=10.73 50=12.47 75=15.51 90=20.82 95=28.00 99=81.28 99.9=919.04 99.99=4816.90]
2025-04-22 06:35:21 69 sec: 1198815 operations; [READ: Count=799266 Max=3835.90 Min=2.25 Avg=67.58 10=8.46 25=15.74 50=23.31 75=93.57 90=127.49 95=201.60 99=541.70 99.9=1191.93 99.99=1854.46] [UPDATE: Count=399549 Max=11616.25 Min=6.19 Avg=18.13 10=9.65 25=10.71 50=12.44 75=15.46 90=20.66 95=27.74 99=80.70 99.9=902.14 99.99=4608.00]
2025-04-22 06:35:22 70 sec: 1225163 operations; [READ: Count=816844 Max=3835.90 Min=2.18 Avg=67.19 10=8.40 25=15.67 50=23.14 75=93.44 90=126.97 95=200.32 99=537.09 99.9=1183.74 99.99=1848.32] [UPDATE: Count=408319 Max=11616.25 Min=6.19 Avg=18.03 10=9.63 25=10.70 50=12.41 75=15.41 90=20.51 95=27.50 99=80.38 99.9=891.39 99.99=4399.10]
2025-04-22 06:35:23 71 sec: 1251606 operations; [READ: Count=834479 Max=3835.90 Min=2.18 Avg=66.81 10=8.34 25=15.59 50=22.94 75=93.31 90=126.59 95=199.17 99=532.99 99.9=1179.65 99.99=1842.17] [UPDATE: Count=417127 Max=11616.25 Min=6.19 Avg=17.92 10=9.61 25=10.68 50=12.37 75=15.35 90=20.37 95=27.26 99=79.94 99.9=875.52 99.99=4378.62]
2025-04-22 06:35:24 72 sec: 1280223 operations; [READ: Count=853563 Max=3835.90 Min=2.18 Avg=66.32 10=8.28 25=15.49 50=22.73 75=93.12 90=125.89 95=197.50 99=528.38 99.9=1174.53 99.99=1839.10] [UPDATE: Count=426660 Max=11616.25 Min=6.19 Avg=17.80 10=9.58 25=10.66 50=12.33 75=15.28 90=20.21 95=27.04 99=79.36 99.9=861.18 99.99=4313.09]
2025-04-22 06:35:25 73 sec: 1307142 operations; [READ: Count=871494 Max=3835.90 Min=2.18 Avg=65.95 10=8.21 25=15.40 50=22.54 75=92.93 90=125.44 95=196.48 99=524.29 99.9=1170.43 99.99=1836.03] [UPDATE: Count=435648 Max=11616.25 Min=6.19 Avg=17.70 10=9.56 25=10.65 50=12.29 75=15.23 90=20.06 95=26.82 99=78.97 99.9=852.99 99.99=4292.61]
2025-04-22 06:35:26 74 sec: 1333893 operations; [READ: Count=889293 Max=3835.90 Min=2.18 Avg=65.59 10=8.17 25=15.31 50=22.38 75=92.80 90=125.06 95=195.46 99=520.19 99.9=1164.29 99.99=1824.77] [UPDATE: Count=444600 Max=11616.25 Min=6.19 Avg=17.63 10=9.54 25=10.64 50=12.27 75=15.19 90=19.95 95=26.66 99=79.55 99.9=842.24 99.99=4292.61]
2025-04-22 06:35:27 75 sec: 1358414 operations; [READ: Count=905607 Max=3835.90 Min=2.18 Avg=65.36 10=8.13 25=15.24 50=22.27 75=92.73 90=124.93 95=195.46 99=517.89 99.9=1159.17 99.99=1818.62] [UPDATE: Count=452807 Max=11616.25 Min=6.19 Avg=17.59 10=9.53 25=10.64 50=12.26 75=15.18 90=19.87 95=26.50 99=80.19 99.9=839.17 99.99=4218.88]
2025-04-22 06:35:28 76 sec: 1379271 operations; [READ: Count=919550 Max=3835.90 Min=2.03 Avg=65.33 10=8.15 25=15.21 50=22.25 75=92.73 90=125.06 95=195.58 99=516.10 99.9=1157.12 99.99=1815.55] [UPDATE: Count=459721 Max=11616.25 Min=6.18 Avg=17.54 10=9.52 25=10.63 50=12.26 75=15.16 90=19.79 95=26.35 99=79.81 99.9=837.63 99.99=4175.87]
2025-04-22 06:35:29 77 sec: 1400892 operations; [READ: Count=933917 Max=3835.90 Min=2.03 Avg=65.25 10=8.20 25=15.21 50=22.29 75=92.80 90=124.99 95=195.33 99=513.28 99.9=1153.02 99.99=1809.41] [UPDATE: Count=466975 Max=11616.25 Min=6.18 Avg=17.51 10=9.54 25=10.64 50=12.28 75=15.18 90=19.76 95=26.24 99=78.78 99.9=836.10 99.99=4120.57]
2025-04-22 06:35:30 78 sec: 1420254 operations; [READ: Count=946857 Max=3835.90 Min=2.03 Avg=65.30 10=8.24 25=15.21 50=22.32 75=92.93 90=125.12 95=195.58 99=512.25 99.9=1150.97 99.99=1807.36] [UPDATE: Count=473397 Max=11616.25 Min=6.18 Avg=17.49 10=9.54 25=10.65 50=12.29 75=15.18 90=19.71 95=26.09 99=78.33 99.9=834.56 99.99=4120.57]
2025-04-22 06:35:31 79 sec: 1435699 operations; [READ: Count=957176 Max=3835.90 Min=2.03 Avg=65.53 10=8.26 25=15.21 50=22.38 75=93.06 90=125.69 95=196.74 99=512.77 99.9=1152.00 99.99=1807.36] [UPDATE: Count=478523 Max=11616.25 Min=6.18 Avg=17.48 10=9.55 25=10.65 50=12.29 75=15.17 90=19.65 95=25.98 99=77.82 99.9=839.68 99.99=4120.57]
2025-04-22 06:35:32 80 sec: 1450069 operations; [READ: Count=966740 Max=3835.90 Min=2.03 Avg=65.83 10=8.29 25=15.24 50=22.48 75=93.25 90=126.46 95=198.01 99=512.77 99.9=1150.97 99.99=1798.14] [UPDATE: Count=483329 Max=11616.25 Min=6.18 Avg=17.46 10=9.55 25=10.65 50=12.29 75=15.16 90=19.61 95=25.89 99=77.44 99.9=837.63 99.99=4120.57]
2025-04-22 06:35:33 81 sec: 1462092 operations; [READ: Count=974729 Max=3835.90 Min=2.03 Avg=66.24 10=8.31 25=15.26 50=22.56 75=93.38 90=127.61 95=200.45 99=514.05 99.9=1149.95 99.99=1798.14] [UPDATE: Count=487363 Max=11616.25 Min=6.18 Avg=17.45 10=9.56 25=10.65 50=12.29 75=15.14 90=19.57 95=25.82 99=77.31 99.9=839.17 99.99=4120.57]
2025-04-22 06:35:34 82 sec: 1474602 operations; [READ: Count=983074 Max=3835.90 Min=2.03 Avg=66.63 10=8.33 25=15.29 50=22.66 75=93.57 90=129.02 95=202.24 99=514.30 99.9=1148.93 99.99=1798.14] [UPDATE: Count=491528 Max=11616.25 Min=6.18 Avg=17.42 10=9.56 25=10.66 50=12.29 75=15.13 90=19.52 95=25.74 99=76.99 99.9=834.56 99.99=4120.57]
2025-04-22 06:35:35 83 sec: 1487982 operations; [READ: Count=992006 Max=3835.90 Min=2.03 Avg=66.96 10=8.34 25=15.30 50=22.75 75=93.76 90=130.30 95=203.78 99=514.30 99.9=1146.88 99.99=1796.10] [UPDATE: Count=495976 Max=11616.25 Min=6.18 Avg=17.39 10=9.57 25=10.66 50=12.28 75=15.12 90=19.47 95=25.65 99=76.67 99.9=828.41 99.99=4116.48]
2025-04-22 06:35:36 83 sec: 1499899 operations; [READ: Count=1000000 Max=3835.90 Min=2.03 Avg=67.16 10=8.37 25=15.31 50=22.80 75=93.82 90=131.20 95=204.54 99=513.79 99.9=1144.83 99.99=1795.07] [UPDATE: Count=499899 Max=11616.25 Min=6.18 Avg=17.36 10=9.57 25=10.66 50=12.28 75=15.11 90=19.42 95=25.57 99=76.48 99.9=821.76 99.99=4116.48]
Run runtime(sec): 83.9083
Run operations(ops): 1000000
Run throughput(ops/sec): 11917.8
