Running scope as unit: run-r36660757225f41db8c7c1e3dbe1068ad.scope
load file:/home/user/DataFiles/silesia_data/silesia.tar
2025-04-22 06:32:12 0 sec: 0 operations;
2025-04-22 06:32:13 1 sec: 23654 operations; [INSERT: Count=23654 Max=6701.06 Min=4.65 Avg=38.07 10=15.14 25=21.92 50=33.38 75=49.18 90=66.62 95=77.95 99=101.95 99.9=151.94 99.99=318.46]
2025-04-22 06:32:14 2 sec: 46323 operations; [INSERT: Count=46323 Max=6701.06 Min=4.65 Avg=39.42 10=16.51 25=23.54 50=34.88 75=50.62 90=67.90 95=79.36 99=102.66 99.9=147.97 99.99=318.46]
2025-04-22 06:32:15 3 sec: 69265 operations; [INSERT: Count=69265 Max=6701.06 Min=4.65 Avg=39.71 10=16.98 25=24.00 50=35.33 75=50.91 90=68.09 95=79.36 99=101.95 99.9=139.90 99.99=317.95]
2025-04-22 06:32:16 4 sec: 92458 operations; [INSERT: Count=92458 Max=6701.06 Min=4.65 Avg=39.73 10=17.21 25=24.19 50=35.42 75=50.91 90=67.90 95=78.91 99=101.12 99.9=138.24 99.99=316.67]
2025-04-22 06:32:17 5 sec: 115966 operations; [INSERT: Count=115966 Max=6701.06 Min=4.65 Avg=39.63 10=17.33 25=24.21 50=35.39 75=50.66 90=67.52 95=78.46 99=100.54 99.9=139.01 99.99=313.09]
2025-04-22 06:32:18 6 sec: 140992 operations; [INSERT: Count=140992 Max=12206.08 Min=4.65 Avg=39.09 10=17.12 25=23.77 50=34.81 75=49.79 90=66.43 95=77.31 99=99.26 99.9=137.98 99.99=319.49]
2025-04-22 06:32:19 7 sec: 165730 operations; [INSERT: Count=165730 Max=12206.08 Min=4.65 Avg=38.79 10=17.09 25=23.65 50=34.56 75=49.41 90=65.92 95=76.54 99=98.37 99.9=135.55 99.99=318.46]
2025-04-22 06:32:20 8 sec: 190113 operations; [INSERT: Count=190113 Max=12206.08 Min=4.65 Avg=38.64 10=17.14 25=23.61 50=34.43 75=49.25 90=65.53 95=76.16 99=97.73 99.9=134.14 99.99=317.69]
2025-04-22 06:32:21 9 sec: 214489 operations; [INSERT: Count=214489 Max=12206.08 Min=4.65 Avg=38.53 10=17.15 25=23.57 50=34.37 75=49.09 90=65.34 95=75.97 99=97.47 99.9=133.50 99.99=316.67]
2025-04-22 06:32:22 10 sec: 239114 operations; [INSERT: Count=239114 Max=12206.08 Min=4.65 Avg=38.40 10=17.15 25=23.52 50=34.24 75=48.90 90=65.09 95=75.58 99=97.15 99.9=133.63 99.99=316.16]
2025-04-22 06:32:23 11 sec: 263679 operations; [INSERT: Count=263679 Max=12206.08 Min=4.65 Avg=38.30 10=17.17 25=23.49 50=34.17 75=48.73 90=64.80 95=75.33 99=96.96 99.9=135.04 99.99=316.16]
2025-04-22 06:32:24 12 sec: 288318 operations; [INSERT: Count=288318 Max=26099.71 Min=4.65 Avg=38.20 10=17.15 25=23.38 50=34.02 75=48.45 90=64.45 95=74.88 99=96.51 99.9=134.40 99.99=319.74]
2025-04-22 06:32:25 13 sec: 309675 operations; [INSERT: Count=309675 Max=26099.71 Min=4.65 Avg=38.56 10=17.30 25=23.61 50=34.34 75=48.90 90=65.12 95=75.71 99=97.47 99.9=134.91 99.99=325.12]
2025-04-22 06:32:26 14 sec: 329615 operations; [INSERT: Count=329615 Max=26099.71 Min=4.65 Avg=39.06 10=17.49 25=23.92 50=34.78 75=49.50 90=66.05 95=76.80 99=98.88 99.9=136.45 99.99=325.63]
2025-04-22 06:32:27 15 sec: 348898 operations; [INSERT: Count=348898 Max=26099.71 Min=4.65 Avg=39.58 10=17.66 25=24.24 50=35.23 75=50.21 90=67.01 95=78.02 99=100.48 99.9=137.85 99.99=325.63]
2025-04-22 06:32:28 16 sec: 367326 operations; [INSERT: Count=367326 Max=26099.71 Min=4.65 Avg=40.15 10=17.84 25=24.54 50=35.71 75=50.91 90=68.09 95=79.36 99=102.72 99.9=144.13 99.99=326.91]
2025-04-22 06:32:29 17 sec: 385280 operations; [INSERT: Count=385280 Max=26099.71 Min=4.65 Avg=40.72 10=18.00 25=24.85 50=36.16 75=51.58 90=69.12 95=80.70 99=105.28 99.9=152.96 99.99=334.85]
2025-04-22 06:32:30 18 sec: 404883 operations; [INSERT: Count=404883 Max=27181.06 Min=4.65 Avg=41.05 10=18.05 25=24.96 50=36.29 75=51.81 90=69.44 95=81.28 99=106.50 99.9=158.85 99.99=413.44]
2025-04-22 06:32:31 19 sec: 425458 operations; [INSERT: Count=425458 Max=27181.06 Min=4.65 Avg=41.25 10=18.05 25=24.98 50=36.35 75=51.90 90=69.63 95=81.60 99=107.58 99.9=171.65 99.99=718.34]
2025-04-22 06:32:32 20 sec: 442057 operations; [INSERT: Count=442057 Max=27181.06 Min=4.65 Avg=41.81 10=18.18 25=25.18 50=36.70 75=52.48 90=70.66 95=82.94 99=110.33 99.9=180.99 99.99=1227.78]
2025-04-22 06:32:33 21 sec: 459561 operations; [INSERT: Count=459561 Max=27181.06 Min=4.65 Avg=42.26 10=18.30 25=25.44 50=37.05 75=53.05 90=71.49 95=84.03 99=111.87 99.9=178.94 99.99=1220.61]
2025-04-22 06:32:34 22 sec: 477054 operations; [INSERT: Count=477054 Max=27181.06 Min=4.65 Avg=42.69 10=18.43 25=25.66 50=37.41 75=53.60 90=72.32 95=85.12 99=113.41 99.9=183.17 99.99=1208.32]
2025-04-22 06:32:35 23 sec: 494609 operations; [INSERT: Count=494609 Max=27181.06 Min=4.65 Avg=43.07 10=18.56 25=25.89 50=37.73 75=54.08 90=73.09 95=86.14 99=114.43 99.9=181.50 99.99=1208.32]
2025-04-22 06:32:36 24 sec: 508234 operations; [INSERT: Count=508234 Max=201064.45 Min=4.65 Avg=43.80 10=18.66 25=26.05 50=37.95 75=54.43 90=73.60 95=86.66 99=115.26 99.9=197.63 99.99=1208.32]
2025-04-22 06:32:37 25 sec: 525486 operations; [INSERT: Count=525486 Max=201064.45 Min=4.65 Avg=44.15 10=18.75 25=26.22 50=38.21 75=54.85 90=74.30 95=87.61 99=116.99 99.9=219.13 99.99=1038.34]
2025-04-22 06:32:38 26 sec: 543340 operations; [INSERT: Count=543340 Max=201064.45 Min=4.65 Avg=44.43 10=18.83 25=26.37 50=38.40 75=55.20 90=74.81 95=88.38 99=118.78 99.9=230.27 99.99=1038.34]
2025-04-22 06:32:39 27 sec: 561497 operations; [INSERT: Count=561497 Max=201064.45 Min=4.65 Avg=44.67 10=18.88 25=26.45 50=38.56 75=55.42 90=75.26 95=89.02 99=120.06 99.9=242.94 99.99=1220.61]
2025-04-22 06:32:40 28 sec: 580891 operations; [INSERT: Count=580891 Max=201064.45 Min=4.65 Avg=44.78 10=18.93 25=26.54 50=38.69 75=55.62 90=75.52 95=89.34 99=120.38 99.9=242.94 99.99=1208.32]
2025-04-22 06:32:41 29 sec: 606420 operations; [INSERT: Count=606420 Max=201064.45 Min=4.65 Avg=44.41 10=18.77 25=26.27 50=38.34 75=55.20 90=75.01 95=88.77 99=119.81 99.9=238.85 99.99=1144.83]
2025-04-22 06:32:42 30 sec: 630806 operations; [INSERT: Count=630806 Max=201064.45 Min=4.65 Avg=44.15 10=18.70 25=26.16 50=38.14 75=54.88 90=74.56 95=88.13 99=118.97 99.9=231.68 99.99=1083.39]
2025-04-22 06:32:43 31 sec: 654549 operations; [INSERT: Count=654549 Max=201064.45 Min=4.65 Avg=43.95 10=18.67 25=26.08 50=38.02 75=54.69 90=74.24 95=87.74 99=118.33 99.9=226.56 99.99=1065.98]
2025-04-22 06:32:44 32 sec: 677127 operations; [INSERT: Count=677127 Max=201064.45 Min=4.65 Avg=43.85 10=18.69 25=26.06 50=37.95 75=54.59 90=74.05 95=87.42 99=117.76 99.9=222.21 99.99=1038.34]
2025-04-22 06:32:45 33 sec: 698907 operations; [INSERT: Count=698907 Max=201064.45 Min=4.65 Avg=43.81 10=18.72 25=26.08 50=37.95 75=54.59 90=73.98 95=87.23 99=117.50 99.9=219.78 99.99=1030.14]
2025-04-22 06:32:46 34 sec: 720798 operations; [INSERT: Count=720798 Max=201064.45 Min=4.65 Avg=43.77 10=18.73 25=26.09 50=37.92 75=54.53 90=73.86 95=87.10 99=117.18 99.9=219.52 99.99=1030.14]
2025-04-22 06:32:47 35 sec: 743343 operations; [INSERT: Count=743343 Max=201064.45 Min=4.65 Avg=43.68 10=18.70 25=26.03 50=37.85 75=54.43 90=73.66 95=86.91 99=116.86 99.9=219.78 99.99=1083.39]
2025-04-22 06:32:48 36 sec: 788833 operations; [INSERT: Count=788833 Max=201064.45 Min=4.65 Avg=42.24 10=16.99 25=24.43 50=36.48 75=53.15 90=72.58 95=85.89 99=115.78 99.9=211.97 99.99=1102.85]
2025-04-22 06:32:49 37 sec: 840396 operations; [INSERT: Count=840396 Max=201064.45 Min=4.65 Avg=40.63 10=15.20 25=22.56 50=34.85 75=51.71 90=71.30 95=84.67 99=114.62 99.9=203.26 99.99=1065.98]
2025-04-22 06:32:50 38 sec: 896747 operations; [INSERT: Count=896747 Max=201064.45 Min=4.65 Avg=38.98 10=13.49 25=20.56 50=33.12 75=50.24 90=70.02 95=83.45 99=113.47 99.9=194.30 99.99=1031.17]
2025-04-22 06:32:51 39 sec: 934827 operations; [INSERT: Count=934827 Max=201064.45 Min=4.49 Avg=38.33 10=13.16 25=19.97 50=32.34 75=49.44 90=69.25 95=82.75 99=112.83 99.9=194.81 99.99=1030.14]
2025-04-22 06:32:52 40 sec: 970627 operations; [INSERT: Count=970627 Max=201064.45 Min=4.49 Avg=37.82 10=12.94 25=19.52 50=31.70 75=48.77 90=68.54 95=82.11 99=112.32 99.9=197.89 99.99=1065.98]
2025-04-22 06:32:53 40 sec: 1000000 operations; [INSERT: Count=1000000 Max=201064.45 Min=4.41 Avg=37.05 10=12.09 25=18.62 50=30.91 75=48.09 90=67.97 95=81.60 99=111.81 99.9=195.33 99.99=1071.10]
Load runtime(sec): 40.4721
Load operations(ops): 1000000
Load throughput(ops/sec): 24708.4
