Running scope as unit: run-r43fb9715c2284b9ea61d9f4f95f7873b.scope
load file:/home/user/DataFiles/silesia_data/silesia.tar
2025-04-21 21:04:20 0 sec: 0 operations;
2025-04-21 21:04:21 1 sec: 0 operations;
2025-04-21 21:04:22 2 sec: 0 operations;
2025-04-21 21:04:23 3 sec: 0 operations;
2025-04-21 21:04:24 4 sec: 0 operations;
2025-04-21 21:04:25 5 sec: 0 operations;
2025-04-21 21:04:26 6 sec: 0 operations;
2025-04-21 21:04:27 7 sec: 4555 operations; [READ: Count=3039 Max=919.55 Min=6.86 Avg=81.62 10=20.77 25=26.19 50=39.13 75=111.61 90=158.97 95=294.65 99=481.79 99.9=785.41 99.99=919.55] [UPDATE: Count=1516 Max=2973.70 Min=9.61 Avg=34.95 10=13.58 25=16.50 50=22.57 75=32.26 90=45.05 95=58.17 99=119.87 99.9=1660.93 99.99=2973.70]
2025-04-21 21:04:28 8 sec: 9147 operations; [READ: Count=6105 Max=4988.93 Min=3.74 Avg=172.33 10=20.69 25=26.57 50=39.84 75=122.05 90=517.38 95=951.81 99=1668.10 99.9=2340.86 99.99=4804.61] [UPDATE: Count=3042 Max=14344.19 Min=9.43 Avg=80.46 10=14.04 25=17.30 50=23.21 75=32.05 90=45.02 95=61.28 99=967.17 99.9=11444.22 99.99=14344.19]
2025-04-21 21:04:29 9 sec: 15332 operations; [READ: Count=10231 Max=4988.93 Min=2.60 Avg=182.03 10=20.77 25=27.30 50=40.83 75=125.31 90=654.85 95=988.67 99=1583.10 99.9=2152.45 99.99=4804.61] [UPDATE: Count=5101 Max=17547.26 Min=8.72 Avg=84.05 10=14.46 25=17.93 50=23.73 75=32.29 90=45.63 95=61.44 99=724.48 99.9=11886.59 99.99=17367.04]
2025-04-21 21:04:30 10 sec: 21695 operations; [READ: Count=14532 Max=4988.93 Min=2.60 Avg=186.20 10=21.12 25=28.03 50=41.41 75=130.30 90=669.70 95=985.09 99=1589.25 99.9=2228.22 99.99=4804.61] [UPDATE: Count=7163 Max=17547.26 Min=8.72 Avg=80.71 10=14.46 25=17.71 50=22.98 75=30.99 90=43.07 95=56.96 99=829.44 99.9=12099.58 99.99=17367.04]
2025-04-21 21:04:31 11 sec: 30542 operations; [READ: Count=20385 Max=5001.22 Min=2.60 Avg=173.00 10=21.28 25=28.69 50=42.69 75=127.55 90=549.38 95=933.89 99=1603.58 99.9=2674.69 99.99=4935.68] [UPDATE: Count=10157 Max=17547.26 Min=6.90 Avg=73.77 10=13.78 25=16.72 50=21.74 75=29.18 90=40.67 95=53.66 99=696.32 99.9=11599.87 99.99=17367.04]
2025-04-21 21:04:32 12 sec: 46255 operations; [READ: Count=30854 Max=5001.22 Min=2.54 Avg=141.55 10=18.06 25=24.77 50=38.81 75=118.14 90=353.02 95=754.69 99=1449.98 99.9=2248.70 99.99=4804.61] [UPDATE: Count=15401 Max=17547.26 Min=6.58 Avg=58.04 10=12.37 25=14.97 50=19.60 75=26.61 90=37.41 95=48.58 99=436.74 99.9=8888.32 99.99=15867.90]
2025-04-21 21:04:33 13 sec: 58809 operations; [READ: Count=39196 Max=5001.22 Min=2.54 Avg=133.22 10=17.09 25=23.04 50=36.29 75=114.43 90=338.43 95=711.17 99=1359.87 99.9=2152.45 99.99=4603.90] [UPDATE: Count=19613 Max=17547.26 Min=6.58 Avg=52.38 10=11.97 25=14.50 50=19.04 75=25.95 90=36.54 95=47.20 99=396.80 99.9=7802.88 99.99=15867.90]
2025-04-21 21:04:34 14 sec: 74073 operations; [READ: Count=49319 Max=5001.22 Min=2.54 Avg=122.92 10=16.91 25=22.38 50=34.66 75=111.17 90=297.98 95=636.41 99=1277.95 99.9=2093.05 99.99=4395.01] [UPDATE: Count=24754 Max=17547.26 Min=6.58 Avg=47.31 10=11.98 25=14.56 50=18.88 75=25.42 90=35.26 95=45.18 99=326.65 99.9=7061.50 99.99=15867.90]
2025-04-21 21:04:35 15 sec: 91608 operations; [READ: Count=60892 Max=5001.22 Min=2.54 Avg=113.32 10=16.82 25=21.90 50=33.18 75=107.20 90=256.00 95=566.27 99=1196.03 99.9=2010.11 99.99=4198.40] [UPDATE: Count=30716 Max=17547.26 Min=6.58 Avg=42.79 10=11.97 25=14.49 50=18.62 75=24.85 90=33.95 95=43.10 99=200.83 99.9=6455.30 99.99=14516.22]
2025-04-21 21:04:36 16 sec: 105557 operations; [READ: Count=70184 Max=5001.22 Min=2.54 Avg=109.96 10=16.75 25=21.66 50=32.27 75=104.00 90=234.62 95=542.72 99=1206.27 99.9=1997.82 99.99=4198.40] [UPDATE: Count=35373 Max=17547.26 Min=6.58 Avg=41.90 10=11.92 25=14.42 50=18.46 75=24.45 90=33.22 95=42.14 99=185.09 99.9=6266.88 99.99=14344.19]
2025-04-21 21:04:37 17 sec: 124813 operations; [READ: Count=83017 Max=5001.22 Min=2.54 Avg=102.83 10=16.82 25=21.70 50=31.77 75=97.98 90=192.77 95=488.19 99=1155.07 99.9=1958.91 99.99=3989.50] [UPDATE: Count=41796 Max=17547.26 Min=6.58 Avg=39.32 10=12.00 25=14.49 50=18.45 75=24.25 90=32.72 95=41.38 99=138.50 99.9=5255.17 99.99=14344.19]
2025-04-21 21:04:38 18 sec: 146588 operations; [READ: Count=97542 Max=5001.22 Min=2.54 Avg=95.91 10=16.35 25=21.07 50=30.80 75=75.84 90=168.57 95=428.54 99=1088.51 99.9=1905.66 99.99=3915.78] [UPDATE: Count=49046 Max=17547.26 Min=6.58 Avg=36.82 10=11.65 25=14.00 50=17.77 75=23.41 90=31.55 95=39.77 99=116.73 99.9=4702.21 99.99=13795.33]
2025-04-21 21:04:39 19 sec: 164992 operations; [READ: Count=109809 Max=5001.22 Min=2.54 Avg=92.89 10=16.03 25=20.66 50=30.35 75=77.31 90=164.48 95=404.99 99=1056.77 99.9=1868.80 99.99=3813.38] [UPDATE: Count=55183 Max=17547.26 Min=6.48 Avg=35.26 10=11.47 25=13.66 50=17.30 75=22.75 90=30.72 95=38.72 99=106.56 99.9=3887.10 99.99=12476.42]
2025-04-21 21:04:40 20 sec: 182890 operations; [READ: Count=121725 Max=5001.22 Min=2.54 Avg=91.01 10=15.79 25=20.38 50=30.06 75=84.67 90=162.94 95=391.94 99=1027.07 99.9=1843.20 99.99=3571.71] [UPDATE: Count=61165 Max=17547.26 Min=6.48 Avg=33.55 10=11.34 25=13.40 50=16.86 75=22.14 90=29.93 95=37.53 99=96.25 99.9=3252.22 99.99=12476.42]
2025-04-21 21:04:41 21 sec: 197850 operations; [READ: Count=131707 Max=5001.22 Min=2.54 Avg=90.81 10=15.58 25=20.18 50=29.92 75=88.06 90=164.74 95=388.86 99=1023.49 99.9=1848.32 99.99=3379.20] [UPDATE: Count=66143 Max=17547.26 Min=6.48 Avg=32.63 10=11.24 25=13.18 50=16.54 75=21.68 90=29.33 95=36.83 99=94.02 99.9=3155.97 99.99=12107.77]
2025-04-21 21:04:42 22 sec: 213107 operations; [READ: Count=141842 Max=5017.60 Min=2.54 Avg=90.67 10=15.47 25=20.06 50=29.93 75=90.30 90=165.63 95=384.51 99=1013.25 99.9=1853.44 99.99=3813.38] [UPDATE: Count=71265 Max=17547.26 Min=6.48 Avg=31.53 10=11.17 25=13.03 50=16.27 75=21.26 90=28.70 95=36.09 99=88.77 99.9=2961.41 99.99=12099.58]
2025-04-21 21:04:43 23 sec: 229971 operations; [READ: Count=153084 Max=5017.60 Min=2.54 Avg=89.80 10=15.37 25=20.00 50=30.06 75=91.78 90=166.66 95=375.81 99=984.58 99.9=1837.06 99.99=3571.71] [UPDATE: Count=76887 Max=17547.26 Min=6.48 Avg=30.52 10=11.10 25=12.89 50=16.02 75=20.85 90=28.14 95=35.30 99=84.67 99.9=2760.70 99.99=12099.58]
2025-04-21 21:04:44 24 sec: 246201 operations; [READ: Count=163902 Max=5017.60 Min=2.54 Avg=89.29 10=15.28 25=19.93 50=30.21 75=92.73 90=168.45 95=370.43 99=971.26 99.9=1826.82 99.99=3379.20] [UPDATE: Count=82299 Max=17547.26 Min=6.48 Avg=29.72 10=11.04 25=12.77 50=15.79 75=20.50 90=27.61 95=34.62 99=82.56 99.9=2686.97 99.99=12099.58]
2025-04-21 21:04:45 25 sec: 262341 operations; [READ: Count=174653 Max=5017.60 Min=2.54 Avg=88.86 10=15.19 25=19.89 50=30.29 75=93.25 90=169.47 95=366.85 99=956.93 99.9=1802.24 99.99=3368.96] [UPDATE: Count=87688 Max=17547.26 Min=6.48 Avg=29.07 10=10.99 25=12.68 50=15.62 75=20.19 90=27.18 95=34.02 99=80.83 99.9=2631.68 99.99=11886.59]
2025-04-21 21:04:46 26 sec: 277176 operations; [READ: Count=184542 Max=5017.60 Min=2.54 Avg=88.85 10=15.10 25=19.82 50=30.29 75=93.57 90=171.39 95=365.57 99=947.71 99.9=1788.93 99.99=3309.57] [UPDATE: Count=92634 Max=17547.26 Min=6.48 Avg=28.71 10=10.95 25=12.61 50=15.46 75=19.93 90=26.82 95=33.50 99=79.42 99.9=2633.73 99.99=11886.59]
2025-04-21 21:04:47 27 sec: 292857 operations; [READ: Count=195040 Max=5017.60 Min=2.54 Avg=88.55 10=14.99 25=19.70 50=30.16 75=93.31 90=171.78 95=364.54 99=940.54 99.9=1788.93 99.99=3121.15] [UPDATE: Count=97817 Max=17547.26 Min=6.48 Avg=28.35 10=10.92 25=12.54 50=15.34 75=19.74 90=26.48 95=33.02 99=77.82 99.9=2625.53 99.99=11599.87]
2025-04-21 21:04:48 28 sec: 310288 operations; [READ: Count=206669 Max=5017.60 Min=2.54 Avg=87.82 10=14.94 25=19.65 50=30.25 75=93.18 90=169.98 95=358.14 99=922.11 99.9=1767.42 99.99=3072.00] [UPDATE: Count=103619 Max=17547.26 Min=6.48 Avg=27.81 10=10.81 25=12.38 50=15.14 75=19.44 90=26.11 95=32.54 99=76.86 99.9=2572.29 99.99=11599.87]
2025-04-21 21:04:49 29 sec: 330179 operations; [READ: Count=219909 Max=5017.60 Min=2.54 Avg=86.57 10=14.86 25=19.52 50=30.43 75=92.03 90=165.12 95=347.90 99=901.63 99.9=1746.94 99.99=2928.64] [UPDATE: Count=110270 Max=17547.26 Min=6.48 Avg=27.03 10=10.64 25=12.12 50=14.83 75=19.07 90=25.65 95=31.98 99=74.69 99.9=2541.57 99.99=11444.22]
2025-04-21 21:04:50 30 sec: 351758 operations; [READ: Count=234342 Max=5017.60 Min=2.54 Avg=85.01 10=14.79 25=19.49 50=30.62 75=90.94 90=157.69 95=336.89 99=880.64 99.9=1724.41 99.99=2922.49] [UPDATE: Count=117416 Max=17547.26 Min=6.48 Avg=26.24 10=10.62 25=12.05 50=14.65 75=18.73 90=25.17 95=31.41 99=71.74 99.9=2480.13 99.99=11198.46]
2025-04-21 21:04:51 31 sec: 374786 operations; [READ: Count=249701 Max=5017.60 Min=2.54 Avg=83.34 10=14.44 25=19.18 50=30.83 75=89.34 90=149.89 95=326.14 99=857.09 99.9=1703.93 99.99=2836.48] [UPDATE: Count=125085 Max=17547.26 Min=6.48 Avg=25.40 10=10.45 25=11.82 50=14.36 75=18.38 90=24.69 95=30.85 99=69.12 99.9=2375.68 99.99=10772.48]
2025-04-21 21:04:52 32 sec: 396511 operations; [READ: Count=264139 Max=5017.60 Min=2.45 Avg=82.15 10=13.98 25=18.83 50=30.96 75=88.25 90=144.38 95=319.23 99=839.68 99.9=1692.67 99.99=2824.19] [UPDATE: Count=132372 Max=17547.26 Min=6.48 Avg=24.72 10=10.27 25=11.59 50=14.09 75=18.06 90=24.24 95=30.38 99=66.30 99.9=2289.66 99.99=10772.48]
2025-04-21 21:04:53 33 sec: 422811 operations; [READ: Count=281687 Max=5017.60 Min=2.45 Avg=80.15 10=13.54 25=18.40 50=31.04 75=86.78 90=136.19 95=305.92 99=818.69 99.9=1672.19 99.99=2791.42] [UPDATE: Count=141124 Max=17547.26 Min=6.48 Avg=23.95 10=10.14 25=11.36 50=13.83 75=17.71 90=23.79 95=29.82 99=63.42 99.9=2207.74 99.99=10698.75]
2025-04-21 21:04:54 34 sec: 450772 operations; [READ: Count=300358 Max=5017.60 Min=2.07 Avg=78.06 10=13.14 25=17.95 50=31.01 75=85.50 90=129.79 95=290.56 99=796.16 99.9=1661.95 99.99=2775.04] [UPDATE: Count=150414 Max=17547.26 Min=6.48 Avg=23.21 10=10.03 25=11.16 50=13.61 75=17.38 90=23.34 95=29.28 99=61.15 99.9=2134.01 99.99=10190.85]
2025-04-21 21:04:55 35 sec: 478594 operations; [READ: Count=318908 Max=5017.60 Min=2.07 Avg=76.26 10=12.78 25=17.49 50=30.98 75=84.48 90=125.50 95=275.71 99=772.10 99.9=1650.69 99.99=2674.69] [UPDATE: Count=159686 Max=17547.26 Min=6.41 Avg=22.54 10=9.94 25=10.97 50=13.39 75=17.05 90=22.93 95=28.72 99=58.85 99.9=2019.33 99.99=9232.38]
2025-04-21 21:04:56 36 sec: 503224 operations; [READ: Count=335339 Max=5017.60 Min=2.07 Avg=75.17 10=12.52 25=17.15 50=30.94 75=83.90 90=123.33 95=267.26 99=753.15 99.9=1627.13 99.99=2502.66] [UPDATE: Count=167885 Max=17547.26 Min=6.41 Avg=22.02 10=9.87 25=10.85 50=13.23 75=16.80 90=22.59 95=28.30 99=57.28 99.9=1826.82 99.99=9101.31]
2025-04-21 21:04:57 37 sec: 525035 operations; [READ: Count=349877 Max=5017.60 Min=2.07 Avg=74.62 10=12.31 25=16.88 50=30.88 75=83.52 90=122.11 95=264.70 99=741.89 99.9=1605.63 99.99=2492.41] [UPDATE: Count=175158 Max=17547.26 Min=6.41 Avg=21.59 10=9.81 25=10.76 50=13.10 75=16.57 90=22.30 95=27.97 99=56.16 99.9=1782.78 99.99=9068.54]
2025-04-21 21:04:58 38 sec: 551988 operations; [READ: Count=367860 Max=5017.60 Min=2.07 Avg=73.35 10=12.02 25=16.57 50=30.82 75=83.01 90=119.81 95=253.18 99=722.94 99.9=1583.10 99.99=2435.07] [UPDATE: Count=184128 Max=17547.26 Min=6.41 Avg=21.11 10=9.76 25=10.66 50=12.95 75=16.32 90=21.98 95=27.52 99=55.17 99.9=1700.86 99.99=9068.54]
2025-04-21 21:04:59 39 sec: 575097 operations; [READ: Count=383273 Max=5017.60 Min=2.07 Avg=72.73 10=11.77 25=16.34 50=30.75 75=82.81 90=118.78 95=248.45 99=709.12 99.9=1569.79 99.99=2433.02] [UPDATE: Count=191824 Max=17547.26 Min=6.41 Avg=20.75 10=9.72 25=10.60 50=12.84 75=16.13 90=21.71 95=27.20 99=54.02 99.9=1616.89 99.99=8888.32]
2025-04-21 21:05:00 40 sec: 596668 operations; [READ: Count=397549 Max=5017.60 Min=2.07 Avg=72.33 10=11.49 25=16.20 50=30.69 75=82.75 90=118.14 95=246.78 99=698.37 99.9=1552.38 99.99=2373.63] [UPDATE: Count=199119 Max=17547.26 Min=6.41 Avg=20.52 10=9.70 25=10.57 50=12.76 75=15.97 90=21.47 95=26.91 99=53.02 99.9=1597.44 99.99=8716.29]
2025-04-21 21:05:01 41 sec: 616685 operations; [READ: Count=410927 Max=5017.60 Min=2.07 Avg=72.16 10=11.22 25=16.08 50=30.57 75=82.75 90=117.89 95=247.29 99=693.76 99.9=1543.17 99.99=2367.49] [UPDATE: Count=205758 Max=17547.26 Min=6.41 Avg=20.30 10=9.69 25=10.54 50=12.69 75=15.85 90=21.26 95=26.67 99=52.22 99.9=1576.96 99.99=8404.99]
2025-04-21 21:05:02 42 sec: 635775 operations; [READ: Count=423705 Max=5017.60 Min=2.07 Avg=72.06 10=10.92 25=15.98 50=30.48 75=82.69 90=117.38 95=246.66 99=696.32 99.9=1534.97 99.99=2349.05] [UPDATE: Count=212070 Max=17547.26 Min=6.41 Avg=20.21 10=9.67 25=10.52 50=12.62 75=15.74 90=21.09 95=26.45 99=51.74 99.9=1576.96 99.99=8404.99]
2025-04-21 21:05:03 43 sec: 658382 operations; [READ: Count=438792 Max=5017.60 Min=2.07 Avg=71.59 10=10.54 25=15.89 50=30.35 75=82.75 90=116.73 95=242.81 99=685.05 99.9=1521.66 99.99=2326.53] [UPDATE: Count=219590 Max=17547.26 Min=6.41 Avg=19.97 10=9.65 25=10.51 50=12.57 75=15.65 90=20.86 95=26.21 99=51.04 99.9=1523.71 99.99=8273.92]
2025-04-21 21:05:04 44 sec: 680911 operations; [READ: Count=453780 Max=5017.60 Min=2.07 Avg=71.18 10=10.12 25=15.79 50=30.24 75=82.81 90=116.29 95=239.87 99=673.79 99.9=1512.45 99.99=2316.29] [UPDATE: Count=227131 Max=17547.26 Min=6.41 Avg=19.75 10=9.65 25=10.50 50=12.51 75=15.55 90=20.67 95=25.95 99=50.46 99.9=1457.15 99.99=7999.49]
2025-04-21 21:05:05 45 sec: 705118 operations; [READ: Count=469904 Max=5017.60 Min=2.07 Avg=70.62 10=9.73 25=15.67 50=30.13 75=82.75 90=115.45 95=235.65 99=659.97 99.9=1499.13 99.99=2289.66] [UPDATE: Count=235214 Max=17547.26 Min=6.41 Avg=19.49 10=9.63 25=10.48 50=12.43 75=15.42 90=20.46 95=25.71 99=49.79 99.9=1405.95 99.99=7950.34]
2025-04-21 21:05:06 46 sec: 729116 operations; [READ: Count=485847 Max=5017.60 Min=2.07 Avg=70.11 10=9.37 25=15.56 50=29.93 75=82.62 90=114.75 95=232.19 99=648.19 99.9=1483.78 99.99=2279.42] [UPDATE: Count=243269 Max=17547.26 Min=6.41 Avg=19.27 10=9.62 25=10.46 50=12.37 75=15.32 90=20.27 95=25.45 99=49.18 99.9=1343.49 99.99=7950.34]
2025-04-21 21:05:07 47 sec: 751074 operations; [READ: Count=500471 Max=5017.60 Min=2.07 Avg=69.85 10=9.06 25=15.46 50=29.81 75=82.56 90=114.30 95=231.04 99=641.53 99.9=1468.41 99.99=2260.99] [UPDATE: Count=250603 Max=17547.26 Min=6.41 Avg=19.08 10=9.60 25=10.44 50=12.30 75=15.24 90=20.09 95=25.25 99=48.83 99.9=1284.10 99.99=7802.88]
2025-04-21 21:05:08 48 sec: 774845 operations; [READ: Count=516287 Max=5017.60 Min=2.07 Avg=69.41 10=8.78 25=15.36 50=29.61 75=82.50 90=113.73 95=227.97 99=629.76 99.9=1455.10 99.99=2254.85] [UPDATE: Count=258558 Max=17547.26 Min=6.41 Avg=18.90 10=9.57 25=10.42 50=12.23 75=15.14 90=19.92 95=25.01 99=48.26 99.9=1266.69 99.99=7798.78]
2025-04-21 21:05:09 49 sec: 802721 operations; [READ: Count=534802 Max=5017.60 Min=2.07 Avg=68.64 10=8.44 25=15.20 50=29.36 75=82.24 90=112.58 95=221.06 99=618.50 99.9=1442.82 99.99=2248.70] [UPDATE: Count=267919 Max=17547.26 Min=6.41 Avg=18.65 10=9.54 25=10.39 50=12.13 75=15.02 90=19.71 95=24.75 99=47.74 99.9=1218.56 99.99=7598.08]
2025-04-21 21:05:10 50 sec: 833650 operations; [READ: Count=555441 Max=5017.60 Min=2.07 Avg=67.64 10=8.11 25=15.01 50=29.10 75=81.79 90=110.91 95=210.81 99=607.23 99.9=1428.48 99.99=2240.51] [UPDATE: Count=278209 Max=17547.26 Min=6.41 Avg=18.39 10=9.51 25=10.35 50=12.04 75=14.90 90=19.49 95=24.50 99=47.13 99.9=1141.76 99.99=7122.94]
2025-04-21 21:05:11 51 sec: 861543 operations; [READ: Count=574143 Max=5017.60 Min=2.07 Avg=66.96 10=7.87 25=14.86 50=28.85 75=81.53 90=109.76 95=205.18 99=596.48 99.9=1414.14 99.99=2240.51] [UPDATE: Count=287400 Max=17547.26 Min=6.41 Avg=18.18 10=9.48 25=10.33 50=11.96 75=14.80 90=19.31 95=24.24 99=46.62 99.9=1094.65 99.99=7069.69]
2025-04-21 21:05:12 52 sec: 884318 operations; [READ: Count=589266 Max=5017.60 Min=1.76 Avg=66.75 10=7.72 25=14.78 50=28.61 75=81.47 90=109.50 95=205.69 99=592.89 99.9=1405.95 99.99=2224.13] [UPDATE: Count=295052 Max=17547.26 Min=6.41 Avg=18.04 10=9.46 25=10.32 50=11.92 75=14.74 90=19.17 95=24.05 99=46.24 99.9=1062.91 99.99=7061.50]
2025-04-21 21:05:13 53 sec: 912131 operations; [READ: Count=607869 Max=5017.60 Min=1.76 Avg=66.14 10=7.54 25=14.65 50=28.29 75=81.28 90=108.73 95=201.98 99=585.22 99.9=1394.69 99.99=2215.93] [UPDATE: Count=304262 Max=17547.26 Min=6.29 Avg=17.85 10=9.43 25=10.29 50=11.86 75=14.65 90=19.01 95=23.82 99=45.85 99.9=1014.27 99.99=7061.50]
2025-04-21 21:05:14 54 sec: 941264 operations; [READ: Count=627262 Max=5017.60 Min=1.76 Avg=65.48 10=7.37 25=14.52 50=27.98 75=81.02 90=107.71 95=196.74 99=576.51 99.9=1380.35 99.99=2199.55] [UPDATE: Count=314002 Max=17547.26 Min=6.29 Avg=17.66 10=9.40 25=10.26 50=11.78 75=14.57 90=18.83 95=23.61 99=45.22 99.9=984.58 99.99=6995.97]
2025-04-21 21:05:15 55 sec: 970970 operations; [READ: Count=647007 Max=5017.60 Min=1.76 Avg=64.82 10=7.21 25=14.39 50=27.63 75=80.83 90=106.75 95=191.49 99=567.29 99.9=1367.04 99.99=2152.45] [UPDATE: Count=323963 Max=17547.26 Min=6.29 Avg=17.47 10=9.38 25=10.25 50=11.71 75=14.49 90=18.67 95=23.41 99=44.80 99.9=961.02 99.99=6852.61]
2025-04-21 21:05:16 56 sec: 1000226 operations; [READ: Count=666480 Max=5017.60 Min=1.76 Avg=64.23 10=7.08 25=14.27 50=27.30 75=80.64 90=105.86 95=186.75 99=559.62 99.9=1354.75 99.99=2138.11] [UPDATE: Count=333746 Max=17547.26 Min=6.29 Avg=17.30 10=9.34 25=10.22 50=11.65 75=14.41 90=18.51 95=23.20 99=44.38 99.9=929.28 99.99=6615.04]
2025-04-21 21:05:17 57 sec: 1021785 operations; [READ: Count=680850 Max=5017.60 Min=1.76 Avg=64.20 10=7.07 25=14.25 50=27.02 75=80.64 90=105.66 95=187.65 99=560.13 99.9=1354.75 99.99=2134.01] [UPDATE: Count=340935 Max=17547.26 Min=6.29 Avg=17.19 10=9.33 25=10.21 50=11.62 75=14.38 90=18.40 95=23.04 99=44.22 99.9=904.19 99.99=6504.45]
2025-04-21 21:05:18 58 sec: 1049056 operations; [READ: Count=699067 Max=5017.60 Min=1.76 Avg=63.76 10=7.05 25=14.21 50=26.66 75=80.58 90=105.02 95=184.32 99=553.47 99.9=1346.56 99.99=2127.87] [UPDATE: Count=349989 Max=17547.26 Min=6.29 Avg=17.08 10=9.31 25=10.21 50=11.60 75=14.34 90=18.29 95=22.89 99=43.90 99.9=855.55 99.99=6467.58]
2025-04-21 21:05:19 59 sec: 1078266 operations; [READ: Count=718607 Max=5017.60 Min=1.76 Avg=63.23 10=7.02 25=14.18 50=26.21 75=80.51 90=104.25 95=179.84 99=545.28 99.9=1334.27 99.99=2121.73] [UPDATE: Count=359659 Max=17547.26 Min=6.29 Avg=16.95 10=9.29 25=10.20 50=11.57 75=14.28 90=18.16 95=22.73 99=43.52 99.9=833.02 99.99=6455.30]
2025-04-21 21:05:20 60 sec: 1108893 operations; [READ: Count=739077 Max=5017.60 Min=1.76 Avg=62.64 10=6.99 25=14.12 50=25.76 75=80.38 90=103.30 95=175.23 99=537.60 99.9=1320.96 99.99=2115.58] [UPDATE: Count=369816 Max=17547.26 Min=6.29 Avg=16.82 10=9.26 25=10.19 50=11.53 75=14.23 90=18.03 95=22.57 99=43.33 99.9=804.35 99.99=6414.34]
2025-04-21 21:05:21 61 sec: 1139872 operations; [READ: Count=759791 Max=5017.60 Min=1.76 Avg=62.06 10=6.95 25=14.06 50=25.30 75=80.25 90=102.46 95=171.13 99=530.43 99.9=1314.82 99.99=2107.39] [UPDATE: Count=380081 Max=17547.26 Min=6.29 Avg=16.69 10=9.23 25=10.18 50=11.49 75=14.18 90=17.92 95=22.41 99=43.10 99.9=772.61 99.99=6266.88]
2025-04-21 21:05:22 62 sec: 1165733 operations; [READ: Count=777057 Max=5017.60 Min=1.76 Avg=61.82 10=6.93 25=14.02 50=24.94 75=80.19 90=102.02 95=169.98 99=527.87 99.9=1306.62 99.99=2096.13] [UPDATE: Count=388676 Max=17547.26 Min=6.29 Avg=16.58 10=9.21 25=10.18 50=11.47 75=14.14 90=17.81 95=22.27 99=42.78 99.9=742.91 99.99=6234.11]
2025-04-21 21:05:23 63 sec: 1193197 operations; [READ: Count=795416 Max=5017.60 Min=1.76 Avg=61.48 10=6.93 25=13.98 50=24.62 75=80.13 90=101.44 95=168.19 99=522.24 99.9=1296.38 99.99=2092.03] [UPDATE: Count=397781 Max=17547.26 Min=6.29 Avg=16.50 10=9.19 25=10.17 50=11.46 75=14.11 90=17.73 95=22.13 99=42.34 99.9=726.01 99.99=6234.11]
2025-04-21 21:05:24 64 sec: 1220189 operations; [READ: Count=813417 Max=5017.60 Min=1.76 Avg=61.19 10=6.92 25=13.94 50=24.34 75=80.06 90=100.99 95=166.66 99=518.91 99.9=1290.24 99.99=2089.98] [UPDATE: Count=406772 Max=17547.26 Min=6.29 Avg=16.41 10=9.18 25=10.17 50=11.45 75=14.09 90=17.63 95=22.00 99=42.02 99.9=706.56 99.99=6119.42]
2025-04-21 21:05:25 65 sec: 1249084 operations; [READ: Count=832703 Max=5017.60 Min=1.76 Avg=60.80 10=6.89 25=13.88 50=23.98 75=80.00 90=100.48 95=164.61 99=513.28 99.9=1281.02 99.99=2085.89] [UPDATE: Count=416381 Max=17547.26 Min=6.29 Avg=16.32 10=9.15 25=10.16 50=11.42 75=14.05 90=17.54 95=21.86 99=41.73 99.9=688.13 99.99=5992.45]
2025-04-21 21:05:26 66 sec: 1280129 operations; [READ: Count=853333 Max=5017.60 Min=1.76 Avg=60.34 10=6.87 25=13.81 50=23.58 75=79.87 90=99.78 95=161.66 99=507.90 99.9=1265.66 99.99=2074.62] [UPDATE: Count=426796 Max=17547.26 Min=6.17 Avg=16.22 10=9.12 25=10.15 50=11.40 75=14.02 90=17.42 95=21.71 99=41.41 99.9=670.21 99.99=5943.30]
2025-04-21 21:05:27 67 sec: 1307254 operations; [READ: Count=871366 Max=5017.60 Min=1.76 Avg=60.08 10=6.86 25=13.76 50=23.28 75=79.81 90=99.39 95=160.51 99=506.11 99.9=1258.49 99.99=2067.45] [UPDATE: Count=435888 Max=17547.26 Min=6.17 Avg=16.14 10=9.10 25=10.14 50=11.38 75=13.99 90=17.36 95=21.57 99=41.12 99.9=653.82 99.99=5881.85]
2025-04-21 21:05:28 68 sec: 1331200 operations; [READ: Count=887305 Max=5017.60 Min=1.76 Avg=59.97 10=6.86 25=13.71 50=23.05 75=79.81 90=99.20 95=160.13 99=506.88 99.9=1254.40 99.99=2067.45] [UPDATE: Count=443895 Max=17547.26 Min=6.17 Avg=16.13 10=9.10 25=10.14 50=11.39 75=13.99 90=17.33 95=21.49 99=41.02 99.9=653.82 99.99=5881.85]
2025-04-21 21:05:29 69 sec: 1352121 operations; [READ: Count=901242 Max=5017.60 Min=1.76 Avg=60.03 10=6.86 25=13.67 50=22.89 75=79.81 90=99.39 95=162.30 99=509.44 99.9=1249.28 99.99=2066.43] [UPDATE: Count=450879 Max=17547.26 Min=6.17 Avg=16.10 10=9.09 25=10.14 50=11.40 75=13.99 90=17.30 95=21.42 99=40.96 99.9=641.53 99.99=5419.01]
2025-04-21 21:05:30 70 sec: 1371302 operations; [READ: Count=914028 Max=5017.60 Min=1.76 Avg=60.15 10=6.89 25=13.65 50=22.85 75=79.87 90=99.71 95=164.61 99=510.98 99.9=1245.18 99.99=2064.38] [UPDATE: Count=457274 Max=17547.26 Min=6.17 Avg=16.10 10=9.07 25=10.14 50=11.40 75=13.99 90=17.28 95=21.36 99=40.96 99.9=668.67 99.99=5410.81]
2025-04-21 21:05:31 71 sec: 1389670 operations; [READ: Count=926301 Max=5017.60 Min=1.76 Avg=60.32 10=6.93 25=13.68 50=22.94 75=80.00 90=100.16 95=166.66 99=511.74 99.9=1241.09 99.99=2049.02] [UPDATE: Count=463369 Max=17547.26 Min=6.17 Avg=16.09 10=9.09 25=10.15 50=11.42 75=14.02 90=17.31 95=21.34 99=40.80 99.9=661.50 99.99=5410.81]
2025-04-21 21:05:32 72 sec: 1412088 operations; [READ: Count=941251 Max=5017.60 Min=1.76 Avg=60.29 10=6.97 25=13.73 50=23.01 75=80.06 90=100.35 95=166.91 99=510.21 99.9=1236.99 99.99=2045.95] [UPDATE: Count=470837 Max=17547.26 Min=6.17 Avg=16.07 10=9.11 25=10.16 50=11.45 75=14.02 90=17.31 95=21.30 99=40.51 99.9=642.56 99.99=5341.18]
2025-04-21 21:05:33 73 sec: 1431496 operations; [READ: Count=954211 Max=5017.60 Min=1.76 Avg=60.40 10=7.00 25=13.77 50=23.10 75=80.13 90=100.67 95=168.19 99=510.21 99.9=1232.89 99.99=2038.78] [UPDATE: Count=477285 Max=17547.26 Min=6.17 Avg=16.06 10=9.13 25=10.17 50=11.46 75=14.04 90=17.31 95=21.25 99=40.41 99.9=642.56 99.99=5255.17]
2025-04-21 21:05:34 74 sec: 1447437 operations; [READ: Count=964841 Max=5017.60 Min=1.76 Avg=60.68 10=7.02 25=13.81 50=23.25 75=80.25 90=101.31 95=171.01 99=511.49 99.9=1231.87 99.99=2038.78] [UPDATE: Count=482596 Max=17547.26 Min=6.17 Avg=16.05 10=9.13 25=10.18 50=11.48 75=14.05 90=17.30 95=21.21 99=40.26 99.9=639.49 99.99=5255.17]
2025-04-21 21:05:35 75 sec: 1462329 operations; [READ: Count=974739 Max=5017.60 Min=1.76 Avg=61.00 10=7.05 25=13.84 50=23.42 75=80.45 90=102.14 95=173.57 99=512.51 99.9=1231.87 99.99=2045.95] [UPDATE: Count=487590 Max=17547.26 Min=6.17 Avg=16.03 10=9.15 25=10.18 50=11.49 75=14.05 90=17.30 95=21.18 99=40.16 99.9=636.93 99.99=5255.17]
2025-04-21 21:05:36 76 sec: 1476938 operations; [READ: Count=984497 Max=5017.60 Min=1.76 Avg=61.33 10=7.06 25=13.87 50=23.60 75=80.58 90=103.04 95=175.49 99=513.02 99.9=1231.87 99.99=2038.78] [UPDATE: Count=492441 Max=17547.26 Min=6.17 Avg=16.01 10=9.16 25=10.18 50=11.50 75=14.05 90=17.26 95=21.12 99=40.06 99.9=625.15 99.99=5255.17]
2025-04-21 21:05:37 77 sec: 1494422 operations; [READ: Count=996162 Max=5017.60 Min=1.76 Avg=61.53 10=7.09 25=13.89 50=23.73 75=80.70 90=103.94 95=175.74 99=510.72 99.9=1228.80 99.99=2036.73] [UPDATE: Count=498260 Max=17547.26 Min=6.17 Avg=15.98 10=9.17 25=10.19 50=11.51 75=14.05 90=17.23 95=21.05 99=39.94 99.9=603.13 99.99=5189.63]
2025-04-21 21:05:37 77 sec: 1500214 operations; [READ: Count=1000000 Max=5017.60 Min=1.76 Avg=61.56 10=7.09 25=13.89 50=23.76 75=80.70 90=104.25 95=175.49 99=509.95 99.9=1226.75 99.99=2036.73] [UPDATE: Count=500214 Max=17547.26 Min=6.17 Avg=15.97 10=9.17 25=10.19 50=11.51 75=14.05 90=17.21 95=21.04 99=39.87 99.9=595.46 99.99=5189.63]
Run runtime(sec): 77.4038
Run operations(ops): 1000000
Run throughput(ops/sec): 12919.3
