Running scope as unit: run-r6cb3dfa35d064369b2309aa7ae5f78d6.scope
load file:/home/user/DataFiles/silesia_data/silesia.tar
2025-04-19 13:23:17 0 sec: 0 operations;
2025-04-19 13:23:18 1 sec: 0 operations;
2025-04-19 13:23:19 2 sec: 0 operations;
2025-04-19 13:23:20 3 sec: 0 operations;
2025-04-19 13:23:21 4 sec: 0 operations;
2025-04-19 13:23:22 5 sec: 0 operations;
2025-04-19 13:23:23 6 sec: 0 operations;
2025-04-19 13:23:24 7 sec: 0 operations;
2025-04-19 13:23:25 8 sec: 0 operations;
2025-04-19 13:23:26 9 sec: 0 operations;
2025-04-19 13:23:27 10 sec: 0 operations;
2025-04-19 13:23:28 11 sec: 0 operations;
2025-04-19 13:23:29 12 sec: 0 operations;
2025-04-19 13:23:30 13 sec: 0 operations;
2025-04-19 13:23:31 14 sec: 0 operations;
2025-04-19 13:23:32 15 sec: 19128 operations; [READ: Count=12724 Max=319.74 Min=2.34 Avg=36.75 10=10.80 25=15.10 50=18.03 75=78.72 90=86.91 95=90.17 99=96.00 99.9=118.72 99.99=316.42] [UPDATE: Count=6404 Max=577.02 Min=6.90 Avg=12.61 10=9.81 25=10.57 50=11.89 75=13.38 90=15.33 95=16.59 99=20.05 99.9=178.56 99.99=275.20]
2025-04-19 13:23:33 16 sec: 47273 operations; [READ: Count=31558 Max=2015.23 Min=2.34 Avg=42.09 10=11.21 25=15.66 50=19.25 75=78.78 90=87.87 95=91.71 99=103.87 99.9=1431.55 99.99=1867.78] [UPDATE: Count=15715 Max=577.02 Min=6.35 Avg=12.83 10=9.96 25=10.79 50=12.18 75=13.78 90=15.85 95=17.10 99=20.67 99.9=126.91 99.99=291.07]
2025-04-19 13:23:34 17 sec: 66750 operations; [READ: Count=44537 Max=4329.47 Min=2.34 Avg=49.26 10=11.65 25=16.02 50=20.30 75=78.85 90=89.02 95=93.63 99=354.56 99.9=1995.78 99.99=2670.59] [UPDATE: Count=22213 Max=11993.09 Min=6.35 Avg=14.54 10=10.05 25=10.97 50=12.35 75=14.01 90=16.07 95=17.44 99=21.65 99.9=168.83 99.99=6873.09]
2025-04-19 13:23:35 18 sec: 98838 operations; [READ: Count=65856 Max=4329.47 Min=2.34 Avg=45.82 10=12.07 25=16.54 50=21.52 75=77.95 90=89.86 95=94.85 99=155.39 99.9=1820.67 99.99=2529.28] [UPDATE: Count=32982 Max=11993.09 Min=6.35 Avg=14.45 10=10.19 25=11.18 50=12.65 75=14.54 90=16.78 95=18.32 99=22.67 99.9=176.38 99.99=4427.77]
2025-04-19 13:23:36 19 sec: 126534 operations; [READ: Count=84328 Max=4329.47 Min=2.34 Avg=45.54 10=12.37 25=16.91 50=22.59 75=75.58 90=90.75 95=96.83 99=241.41 99.9=1742.85 99.99=2514.94] [UPDATE: Count=42206 Max=11993.09 Min=6.35 Avg=15.00 10=10.27 25=11.32 50=12.85 75=14.89 90=17.25 95=18.91 99=23.73 99.9=239.49 99.99=3604.48]
2025-04-19 13:23:37 20 sec: 160536 operations; [READ: Count=107030 Max=4329.47 Min=2.34 Avg=43.44 10=12.43 25=17.18 50=22.89 75=40.64 90=90.56 95=96.45 99=144.64 99.9=1644.54 99.99=2400.26] [UPDATE: Count=53506 Max=11993.09 Min=6.35 Avg=14.94 10=10.35 25=11.46 50=13.05 75=15.24 90=17.63 95=19.33 99=23.97 99.9=206.59 99.99=3385.34]
2025-04-19 13:23:38 21 sec: 189272 operations; [READ: Count=126175 Max=4329.47 Min=2.34 Avg=43.26 10=12.63 25=17.50 50=23.65 75=38.69 90=91.14 95=97.60 99=171.90 99.9=1579.01 99.99=2344.96] [UPDATE: Count=63097 Max=11993.09 Min=6.35 Avg=15.30 10=10.46 25=11.68 50=13.39 75=15.83 90=18.38 95=20.29 99=25.44 99.9=231.68 99.99=2627.58]
2025-04-19 13:23:39 22 sec: 214095 operations; [READ: Count=142812 Max=4329.47 Min=2.34 Avg=43.73 10=12.70 25=17.74 50=24.08 75=38.66 90=91.39 95=98.24 99=227.84 99.9=1561.60 99.99=2344.96] [UPDATE: Count=71283 Max=15433.73 Min=6.35 Avg=16.27 10=10.51 25=11.78 50=13.50 75=15.96 90=18.62 95=20.62 99=26.72 99.9=258.18 99.99=4427.77]
2025-04-19 13:23:40 23 sec: 234418 operations; [READ: Count=156320 Max=4329.47 Min=2.34 Avg=45.33 10=12.89 25=18.11 50=25.18 75=46.62 90=92.73 95=101.76 99=226.94 99.9=1516.54 99.99=2324.48] [UPDATE: Count=78098 Max=15433.73 Min=6.35 Avg=16.61 10=10.59 25=11.92 50=13.76 75=16.46 90=19.50 95=21.97 99=29.71 99.9=263.42 99.99=3604.48]
2025-04-19 13:23:41 24 sec: 252061 operations; [READ: Count=168107 Max=4329.47 Min=2.34 Avg=47.25 10=13.05 25=18.43 50=26.24 75=56.64 90=94.91 95=107.90 99=247.42 99.9=1473.54 99.99=2297.86] [UPDATE: Count=83954 Max=15433.73 Min=6.35 Avg=16.94 10=10.65 25=12.05 50=14.02 75=16.88 90=20.29 95=23.05 99=31.95 99.9=269.82 99.99=3604.48]
2025-04-19 13:23:42 25 sec: 269380 operations; [READ: Count=179662 Max=4329.47 Min=2.34 Avg=49.00 10=13.22 25=18.70 50=27.30 75=65.60 90=97.34 95=114.81 99=263.42 99.9=1451.01 99.99=2248.70] [UPDATE: Count=89718 Max=15433.73 Min=6.35 Avg=17.20 10=10.71 25=12.16 50=14.25 75=17.30 90=20.98 95=23.92 99=34.14 99.9=276.22 99.99=3385.34]
2025-04-19 13:23:43 26 sec: 286573 operations; [READ: Count=191167 Max=4329.47 Min=2.34 Avg=50.54 10=13.36 25=18.96 50=28.32 75=73.02 90=99.65 95=120.32 99=279.55 99.9=1402.88 99.99=2236.41] [UPDATE: Count=95406 Max=15433.73 Min=6.35 Avg=17.45 10=10.77 25=12.26 50=14.47 75=17.66 90=21.54 95=24.62 99=35.42 99.9=299.26 99.99=3385.34]
2025-04-19 13:23:44 27 sec: 302515 operations; [READ: Count=201808 Max=4329.47 Min=2.34 Avg=52.16 10=13.46 25=19.20 50=29.15 75=75.20 90=101.57 95=124.09 99=320.51 99.9=1387.52 99.99=2236.41] [UPDATE: Count=100707 Max=15433.73 Min=6.35 Avg=17.72 10=10.82 25=12.35 50=14.67 75=17.92 90=21.92 95=25.05 99=37.28 99.9=327.17 99.99=3448.83]
2025-04-19 13:23:45 28 sec: 316870 operations; [READ: Count=211413 Max=4329.47 Min=2.34 Avg=53.90 10=13.54 25=19.39 50=29.90 75=75.84 90=103.36 95=127.81 99=363.01 99.9=1377.28 99.99=2232.32] [UPDATE: Count=105457 Max=15433.73 Min=6.35 Avg=18.01 10=10.86 25=12.43 50=14.84 75=18.18 90=22.29 95=25.50 99=39.49 99.9=334.08 99.99=3448.83]
2025-04-19 13:23:46 29 sec: 337551 operations; [READ: Count=225203 Max=4329.47 Min=2.34 Avg=54.32 10=13.58 25=19.63 50=30.59 75=76.73 90=104.96 95=129.73 99=357.38 99.9=1353.73 99.99=2215.93] [UPDATE: Count=112348 Max=15433.73 Min=6.35 Avg=18.17 10=10.92 25=12.53 50=15.00 75=18.38 90=22.59 95=25.90 99=41.05 99.9=346.37 99.99=3448.83]
2025-04-19 13:23:47 30 sec: 356872 operations; [READ: Count=238119 Max=4329.47 Min=2.34 Avg=54.94 10=13.69 25=19.89 50=31.09 75=78.85 90=106.88 95=132.61 99=350.46 99.9=1326.08 99.99=2207.74] [UPDATE: Count=118753 Max=15433.73 Min=6.35 Avg=18.28 10=10.97 25=12.62 50=15.15 75=18.56 90=22.82 95=26.18 99=42.37 99.9=346.37 99.99=3385.34]
2025-04-19 13:23:48 31 sec: 376759 operations; [READ: Count=251359 Max=4395.01 Min=2.34 Avg=55.45 10=13.73 25=20.06 50=31.36 75=79.61 90=107.84 95=134.78 99=351.74 99.9=1316.86 99.99=2215.93] [UPDATE: Count=125400 Max=15433.73 Min=6.35 Avg=18.29 10=11.02 25=12.70 50=15.26 75=18.66 90=22.91 95=26.25 99=42.59 99.9=346.37 99.99=3137.53]
2025-04-19 13:23:49 32 sec: 395984 operations; [READ: Count=264206 Max=4395.01 Min=2.34 Avg=55.98 10=13.75 25=20.19 50=31.47 75=79.55 90=108.42 95=136.83 99=364.54 99.9=1310.72 99.99=2207.74] [UPDATE: Count=131778 Max=15433.73 Min=6.35 Avg=18.37 10=11.05 25=12.74 50=15.34 75=18.75 90=23.07 95=26.46 99=43.39 99.9=351.74 99.99=3137.53]
2025-04-19 13:23:50 33 sec: 417145 operations; [READ: Count=278246 Max=4395.01 Min=2.34 Avg=56.03 10=13.71 25=20.29 50=31.45 75=78.85 90=108.42 95=137.73 99=371.71 99.9=1292.29 99.99=2179.07] [UPDATE: Count=138899 Max=15433.73 Min=6.35 Avg=18.72 10=11.10 25=12.80 50=15.39 75=18.80 90=23.10 95=26.48 99=43.68 99.9=364.03 99.99=3604.48]
2025-04-19 13:23:51 34 sec: 439919 operations; [READ: Count=293398 Max=4395.01 Min=2.34 Avg=55.79 10=13.61 25=20.19 50=31.23 75=76.86 90=108.03 95=137.85 99=375.04 99.9=1307.65 99.99=2177.02] [UPDATE: Count=146521 Max=15433.73 Min=6.35 Avg=19.10 10=11.11 25=12.82 50=15.41 75=18.85 90=23.20 95=26.69 99=45.50 99.9=388.10 99.99=6873.09]
2025-04-19 13:23:52 35 sec: 470652 operations; [READ: Count=313830 Max=4395.01 Min=2.34 Avg=54.65 10=13.34 25=19.97 50=30.75 75=69.38 90=107.01 95=135.94 99=365.82 99.9=1271.81 99.99=2162.69] [UPDATE: Count=156822 Max=15433.73 Min=6.35 Avg=19.08 10=11.10 25=12.81 50=15.41 75=18.85 90=23.21 95=26.72 99=45.79 99.9=402.94 99.99=4427.77]
2025-04-19 13:23:53 36 sec: 496085 operations; [READ: Count=330773 Max=199360.51 Min=2.34 Avg=54.60 10=13.26 25=20.02 50=30.67 75=63.33 90=106.37 95=134.66 99=360.70 99.9=1259.52 99.99=2156.54] [UPDATE: Count=165312 Max=15433.73 Min=6.35 Avg=19.23 10=11.12 25=12.86 50=15.45 75=18.89 90=23.28 95=26.82 99=46.27 99.9=445.18 99.99=3604.48]
2025-04-19 13:23:54 37 sec: 521601 operations; [READ: Count=347758 Max=199360.51 Min=2.34 Avg=54.23 10=13.06 25=19.93 50=30.40 75=59.97 90=105.79 95=134.01 99=364.03 99.9=1268.73 99.99=2189.31] [UPDATE: Count=173843 Max=15433.73 Min=6.35 Avg=19.31 10=11.13 25=12.86 50=15.45 75=18.88 90=23.23 95=26.77 99=46.94 99.9=481.02 99.99=4427.77]
2025-04-19 13:23:55 38 sec: 551666 operations; [READ: Count=367726 Max=199360.51 Min=2.34 Avg=53.46 10=12.81 25=19.81 50=30.14 75=57.95 90=105.09 95=133.12 99=356.86 99.9=1256.45 99.99=2177.02] [UPDATE: Count=183940 Max=15433.73 Min=6.35 Avg=19.20 10=11.10 25=12.82 50=15.40 75=18.85 90=23.21 95=26.80 99=47.23 99.9=475.90 99.99=3889.15]
2025-04-19 13:23:56 39 sec: 573611 operations; [READ: Count=382395 Max=199360.51 Min=2.34 Avg=53.57 10=12.62 25=19.76 50=30.05 75=57.05 90=104.89 95=133.50 99=361.21 99.9=1302.53 99.99=2324.48] [UPDATE: Count=191216 Max=15433.73 Min=6.35 Avg=19.27 10=11.10 25=12.84 50=15.41 75=18.88 90=23.28 95=26.93 99=48.48 99.9=494.33 99.99=3889.15]
2025-04-19 13:23:57 40 sec: 596724 operations; [READ: Count=397708 Max=199360.51 Min=2.34 Avg=53.57 10=12.65 25=19.84 50=30.22 75=56.83 90=105.15 95=134.40 99=360.70 99.9=1278.97 99.99=2279.42] [UPDATE: Count=199016 Max=15433.73 Min=6.35 Avg=19.29 10=11.13 25=12.86 50=15.46 75=18.93 90=23.33 95=26.98 99=48.83 99.9=494.33 99.99=3604.48]
2025-04-19 13:23:58 41 sec: 619303 operations; [READ: Count=412730 Max=199360.51 Min=2.34 Avg=53.65 10=12.62 25=19.89 50=30.34 75=56.80 90=105.28 95=135.29 99=360.70 99.9=1278.97 99.99=2279.42] [UPDATE: Count=206573 Max=15433.73 Min=6.35 Avg=19.27 10=11.14 25=12.89 50=15.48 75=18.94 90=23.34 95=26.98 99=48.58 99.9=487.42 99.99=3549.18]
2025-04-19 13:23:59 42 sec: 637512 operations; [READ: Count=424841 Max=199360.51 Min=2.34 Avg=54.12 10=12.58 25=19.92 50=30.43 75=57.05 90=105.60 95=136.96 99=365.31 99.9=1332.22 99.99=2451.45] [UPDATE: Count=212671 Max=15433.73 Min=6.35 Avg=19.33 10=11.18 25=12.93 50=15.54 75=18.99 90=23.41 95=27.02 99=48.86 99.9=494.59 99.99=3549.18]
2025-04-19 13:24:00 43 sec: 657203 operations; [READ: Count=437991 Max=199360.51 Min=2.34 Avg=54.43 10=12.57 25=19.98 50=30.59 75=57.73 90=106.17 95=139.26 99=368.64 99.9=1321.98 99.99=2435.07] [UPDATE: Count=219212 Max=15433.73 Min=6.35 Avg=19.38 10=11.20 25=12.97 50=15.60 75=19.05 90=23.45 95=27.04 99=48.90 99.9=513.28 99.99=3510.27]
2025-04-19 13:24:01 44 sec: 673957 operations; [READ: Count=449108 Max=199360.51 Min=2.34 Avg=55.01 10=12.54 25=20.00 50=30.72 75=58.69 90=106.56 95=141.31 99=373.25 99.9=1367.04 99.99=2621.44] [UPDATE: Count=224849 Max=15433.73 Min=6.35 Avg=19.40 10=11.21 25=12.99 50=15.62 75=19.09 90=23.49 95=27.09 99=49.25 99.9=511.49 99.99=3549.18]
2025-04-19 13:24:02 45 sec: 694156 operations; [READ: Count=462593 Max=199360.51 Min=2.34 Avg=55.22 10=12.42 25=20.00 50=30.78 75=60.58 90=107.14 95=143.49 99=372.22 99.9=1355.78 99.99=2611.20] [UPDATE: Count=231563 Max=15433.73 Min=6.35 Avg=19.45 10=11.22 25=13.02 50=15.65 75=19.14 90=23.58 95=27.30 99=50.17 99.9=513.28 99.99=3510.27]
2025-04-19 13:24:03 46 sec: 713630 operations; [READ: Count=475532 Max=199360.51 Min=2.34 Avg=55.48 10=12.30 25=19.98 50=30.83 75=62.08 90=107.52 95=145.53 99=375.55 99.9=1353.73 99.99=2592.77] [UPDATE: Count=238098 Max=15433.73 Min=6.35 Avg=19.52 10=11.24 25=13.03 50=15.68 75=19.18 90=23.70 95=27.47 99=51.20 99.9=526.85 99.99=3448.83]
2025-04-19 13:24:04 47 sec: 733694 operations; [READ: Count=488886 Max=199360.51 Min=2.34 Avg=55.68 10=12.15 25=19.95 50=30.83 75=63.17 90=107.71 95=146.30 99=378.11 99.9=1364.99 99.99=2785.28] [UPDATE: Count=244808 Max=15433.73 Min=6.35 Avg=19.53 10=11.24 25=13.04 50=15.70 75=19.23 90=23.76 95=27.60 99=51.55 99.9=524.29 99.99=3448.83]
2025-04-19 13:24:05 48 sec: 756144 operations; [READ: Count=503900 Max=199360.51 Min=2.34 Avg=55.67 10=11.99 25=19.92 50=30.82 75=63.49 90=107.71 95=146.05 99=378.37 99.9=1367.04 99.99=2828.29] [UPDATE: Count=252244 Max=15433.73 Min=6.35 Avg=19.57 10=11.26 25=13.06 50=15.72 75=19.28 90=23.86 95=27.76 99=52.03 99.9=530.43 99.99=3385.34]
2025-04-19 13:24:06 49 sec: 779958 operations; [READ: Count=519764 Max=199360.51 Min=2.34 Avg=55.54 10=11.99 25=19.95 50=30.91 75=62.85 90=107.65 95=145.41 99=376.57 99.9=1355.78 99.99=2785.28] [UPDATE: Count=260194 Max=15433.73 Min=6.35 Avg=19.58 10=11.29 25=13.10 50=15.78 75=19.33 90=23.90 95=27.77 99=51.97 99.9=527.87 99.99=3229.70]
2025-04-19 13:24:07 50 sec: 800568 operations; [READ: Count=533450 Max=199360.51 Min=2.34 Avg=55.65 10=11.97 25=19.97 50=30.94 75=61.92 90=107.45 95=144.51 99=377.86 99.9=1382.40 99.99=3004.41] [UPDATE: Count=267118 Max=15433.73 Min=6.35 Avg=19.67 10=11.31 25=13.13 50=15.81 75=19.38 90=23.93 95=27.79 99=51.97 99.9=530.43 99.99=3385.34]
2025-04-19 13:24:08 51 sec: 826847 operations; [READ: Count=550873 Max=199360.51 Min=2.34 Avg=55.34 10=11.95 25=19.98 50=30.99 75=60.45 90=107.20 95=142.85 99=374.78 99.9=1364.99 99.99=2949.12] [UPDATE: Count=275974 Max=15433.73 Min=6.35 Avg=19.67 10=11.34 25=13.17 50=15.86 75=19.42 90=23.97 95=27.81 99=51.97 99.9=524.29 99.99=3229.70]
2025-04-19 13:24:09 52 sec: 853056 operations; [READ: Count=568392 Max=199360.51 Min=2.34 Avg=55.05 10=11.90 25=19.97 50=30.93 75=58.62 90=106.81 95=141.31 99=373.50 99.9=1377.28 99.99=2922.49] [UPDATE: Count=284664 Max=15433.73 Min=6.35 Avg=19.67 10=11.34 25=13.18 50=15.87 75=19.44 90=23.95 95=27.77 99=51.81 99.9=518.91 99.99=3229.70]
2025-04-19 13:24:10 53 sec: 876633 operations; [READ: Count=584118 Max=199360.51 Min=2.34 Avg=54.95 10=11.90 25=19.98 50=30.94 75=57.44 90=106.56 95=140.29 99=374.53 99.9=1384.45 99.99=3004.41] [UPDATE: Count=292515 Max=15433.73 Min=6.35 Avg=19.71 10=11.38 25=13.21 50=15.93 75=19.49 90=24.02 95=27.81 99=51.65 99.9=524.29 99.99=3223.55]
2025-04-19 13:24:11 54 sec: 903262 operations; [READ: Count=601857 Max=199360.51 Min=2.34 Avg=54.66 10=11.92 25=20.00 50=30.98 75=56.26 90=106.11 95=138.37 99=370.69 99.9=1373.18 99.99=2988.03] [UPDATE: Count=301405 Max=15433.73 Min=6.35 Avg=19.72 10=11.40 25=13.25 50=15.97 75=19.55 90=24.05 95=27.81 99=51.39 99.9=526.85 99.99=3137.53]
2025-04-19 13:24:12 55 sec: 929161 operations; [READ: Count=619150 Max=199360.51 Min=2.34 Avg=54.40 10=11.82 25=19.95 50=30.88 75=55.04 90=105.66 95=136.83 99=370.18 99.9=1394.69 99.99=3004.41] [UPDATE: Count=310011 Max=15433.73 Min=6.35 Avg=19.79 10=11.41 25=13.26 50=15.99 75=19.57 90=24.08 95=27.86 99=51.39 99.9=530.94 99.99=3213.31]
2025-04-19 13:24:13 56 sec: 961279 operations; [READ: Count=640566 Max=199360.51 Min=2.34 Avg=53.73 10=11.59 25=19.79 50=30.62 75=53.70 90=105.09 95=135.04 99=365.57 99.9=1377.28 99.99=2949.12] [UPDATE: Count=320713 Max=15433.73 Min=6.35 Avg=19.85 10=11.39 25=13.26 50=15.98 75=19.58 90=24.13 95=27.95 99=51.94 99.9=541.18 99.99=3213.31]
2025-04-19 13:24:14 57 sec: 992423 operations; [READ: Count=661304 Max=199360.51 Min=2.34 Avg=53.21 10=11.36 25=19.63 50=30.38 75=52.61 90=104.58 95=133.76 99=363.52 99.9=1373.18 99.99=2908.16] [UPDATE: Count=331119 Max=15433.73 Min=6.35 Avg=19.83 10=11.38 25=13.25 50=15.98 75=19.58 90=24.13 95=27.97 99=51.81 99.9=541.18 99.99=3207.17]
2025-04-19 13:24:15 58 sec: 1021545 operations; [READ: Count=680713 Max=199360.51 Min=2.34 Avg=52.85 10=11.15 25=19.50 50=30.18 75=51.74 90=104.13 95=132.61 99=362.75 99.9=1378.30 99.99=2922.49] [UPDATE: Count=340832 Max=15433.73 Min=6.35 Avg=19.83 10=11.39 25=13.26 50=15.99 75=19.61 90=24.18 95=27.98 99=51.45 99.9=539.13 99.99=3207.17]
2025-04-19 13:24:16 59 sec: 1056970 operations; [READ: Count=704404 Max=199360.51 Min=2.34 Avg=52.16 10=10.89 25=19.30 50=29.89 75=50.81 90=103.49 95=130.88 99=358.40 99.9=1363.97 99.99=2904.06] [UPDATE: Count=352566 Max=15433.73 Min=6.35 Avg=19.75 10=11.35 25=13.21 50=15.96 75=19.57 90=24.11 95=27.92 99=50.98 99.9=531.97 99.99=3137.53]
2025-04-19 13:24:17 60 sec: 1080081 operations; [READ: Count=719791 Max=199360.51 Min=2.34 Avg=52.15 10=10.74 25=19.21 50=29.79 75=50.78 90=103.30 95=130.43 99=359.42 99.9=1383.42 99.99=2897.92] [UPDATE: Count=360290 Max=15433.73 Min=6.35 Avg=19.84 10=11.35 25=13.22 50=15.97 75=19.58 90=24.14 95=27.95 99=51.04 99.9=548.86 99.99=3207.17]
2025-04-19 13:24:18 61 sec: 1104164 operations; [READ: Count=735907 Max=199360.51 Min=2.34 Avg=52.16 10=10.59 25=19.15 50=29.79 75=51.94 90=102.91 95=129.53 99=356.10 99.9=1373.18 99.99=2828.29] [UPDATE: Count=368257 Max=15433.73 Min=6.35 Avg=19.77 10=11.36 25=13.22 50=15.94 75=19.54 90=24.08 95=27.87 99=50.69 99.9=543.23 99.99=3137.53]
2025-04-19 13:24:19 62 sec: 1128530 operations; [READ: Count=752132 Max=199360.51 Min=2.34 Avg=52.16 10=10.44 25=19.05 50=29.73 75=53.02 90=102.66 95=128.90 99=353.79 99.9=1364.99 99.99=2828.29] [UPDATE: Count=376398 Max=15433.73 Min=6.35 Avg=19.69 10=11.34 25=13.20 50=15.90 75=19.49 90=24.00 95=27.81 99=50.43 99.9=537.60 99.99=3115.01]
2025-04-19 13:24:20 63 sec: 1150701 operations; [READ: Count=766915 Max=199360.51 Min=2.34 Avg=52.26 10=10.29 25=18.96 50=29.66 75=54.05 90=102.40 95=128.57 99=355.07 99.9=1373.18 99.99=2785.28] [UPDATE: Count=383786 Max=15433.73 Min=6.35 Avg=19.66 10=11.29 25=13.16 50=15.85 75=19.44 90=23.93 95=27.73 99=50.24 99.9=537.60 99.99=3213.31]
2025-04-19 13:24:21 64 sec: 1178050 operations; [READ: Count=785147 Max=199360.51 Min=2.34 Avg=52.10 10=10.12 25=18.83 50=29.54 75=55.23 90=101.95 95=127.74 99=352.25 99.9=1363.97 99.99=2734.08] [UPDATE: Count=392903 Max=15433.73 Min=6.35 Avg=19.59 10=11.25 25=13.12 50=15.78 75=19.36 90=23.86 95=27.61 99=49.92 99.9=541.18 99.99=3207.17]
2025-04-19 13:24:22 65 sec: 1207792 operations; [READ: Count=804925 Max=199360.51 Min=2.34 Avg=51.87 10=9.90 25=18.64 50=29.36 75=56.48 90=101.38 95=126.72 99=350.46 99.9=1355.78 99.99=2709.50] [UPDATE: Count=402867 Max=15433.73 Min=6.35 Avg=19.44 10=11.17 25=13.04 50=15.70 75=19.25 90=23.74 95=27.47 99=49.38 99.9=531.46 99.99=3137.53]
2025-04-19 13:24:23 66 sec: 1242221 operations; [READ: Count=827824 Max=199360.51 Min=2.24 Avg=51.45 10=9.63 25=18.34 50=29.10 75=57.70 90=100.67 95=125.50 99=346.88 99.9=1345.54 99.99=2674.69] [UPDATE: Count=414397 Max=15433.73 Min=6.35 Avg=19.23 10=11.00 25=12.89 50=15.56 75=19.12 90=23.61 95=27.33 99=48.86 99.9=525.82 99.99=3115.01]
2025-04-19 13:24:24 67 sec: 1279135 operations; [READ: Count=852470 Max=199360.51 Min=2.24 Avg=50.93 10=9.36 25=18.00 50=28.78 75=58.62 90=99.97 95=124.22 99=342.78 99.9=1332.22 99.99=2664.45] [UPDATE: Count=426665 Max=15433.73 Min=6.35 Avg=19.03 10=10.86 25=12.73 50=15.42 75=18.99 90=23.47 95=27.15 99=48.16 99.9=513.28 99.99=3065.86]
2025-04-19 13:24:25 68 sec: 1309865 operations; [READ: Count=872897 Max=199360.51 Min=2.24 Avg=50.72 10=9.14 25=17.73 50=28.50 75=59.10 90=99.45 95=123.58 99=343.81 99.9=1330.17 99.99=2652.16] [UPDATE: Count=436968 Max=15433.73 Min=6.35 Avg=18.87 10=10.75 25=12.62 50=15.32 75=18.88 90=23.36 95=27.02 99=47.52 99.9=507.13 99.99=3018.75]
2025-04-19 13:24:26 69 sec: 1350701 operations; [READ: Count=900070 Max=199360.51 Min=1.98 Avg=50.08 10=8.87 25=17.36 50=28.05 75=59.20 90=98.69 95=122.24 99=338.94 99.9=1314.82 99.99=2605.05] [UPDATE: Count=450631 Max=15433.73 Min=6.35 Avg=18.67 10=10.63 25=12.49 50=15.19 75=18.75 90=23.23 95=26.86 99=46.88 99.9=494.08 99.99=3012.61]
2025-04-19 13:24:27 70 sec: 1387283 operations; [READ: Count=924529 Max=199360.51 Min=1.98 Avg=49.62 10=8.79 25=17.18 50=27.66 75=58.91 90=98.05 95=121.22 99=334.85 99.9=1301.50 99.99=2588.67] [UPDATE: Count=462754 Max=15433.73 Min=6.35 Avg=18.55 10=10.58 25=12.43 50=15.12 75=18.66 90=23.12 95=26.73 99=46.43 99.9=482.56 99.99=2990.08]
2025-04-19 13:24:28 71 sec: 1421378 operations; [READ: Count=947249 Max=199360.51 Min=1.98 Avg=49.31 10=8.71 25=16.99 50=27.28 75=58.34 90=97.47 95=120.32 99=334.33 99.9=1307.65 99.99=2557.95] [UPDATE: Count=474129 Max=15433.73 Min=6.35 Avg=18.41 10=10.49 25=12.33 50=15.02 75=18.56 90=23.01 95=26.61 99=46.08 99.9=471.55 99.99=2983.93]
2025-04-19 13:24:29 72 sec: 1456546 operations; [READ: Count=970620 Max=199360.51 Min=1.98 Avg=48.97 10=8.65 25=16.83 50=26.96 75=58.56 90=96.96 95=119.42 99=330.75 99.9=1292.29 99.99=2545.66] [UPDATE: Count=485926 Max=15433.73 Min=6.31 Avg=18.28 10=10.41 25=12.22 50=14.93 75=18.45 90=22.89 95=26.50 99=45.79 99.9=460.03 99.99=2940.93]
2025-04-19 13:24:30 73 sec: 1481997 operations; [READ: Count=987661 Max=199360.51 Min=1.98 Avg=49.01 10=8.63 25=16.72 50=26.80 75=59.45 90=96.64 95=118.97 99=332.03 99.9=1328.13 99.99=2551.81] [UPDATE: Count=494336 Max=15433.73 Min=6.31 Avg=18.20 10=10.38 25=12.16 50=14.86 75=18.38 90=22.83 95=26.41 99=45.57 99.9=455.94 99.99=2940.93]
2025-04-19 13:24:31 73 sec: 1500473 operations; [READ: Count=1000000 Max=199360.51 Min=1.98 Avg=48.92 10=8.65 25=16.64 50=26.70 75=60.13 90=96.38 95=118.59 99=330.50 99.9=1321.98 99.99=2545.66] [UPDATE: Count=500473 Max=15433.73 Min=6.31 Avg=18.14 10=10.37 25=12.13 50=14.83 75=18.34 90=22.77 95=26.35 99=45.34 99.9=452.86 99.99=2922.49]
Run runtime(sec): 73.8083
Run operations(ops): 1000000
Run throughput(ops/sec): 13548.6
