Running scope as unit: run-re19ed822f16c45b98c72cc720c87138c.scope
load file:/home/user/DataFiles/silesia_data/silesia.tar
2025-04-22 06:36:04 0 sec: 0 operations;
2025-04-22 06:36:05 1 sec: 27531 operations; [INSERT: Count=27531 Max=7983.10 Min=5.62 Avg=30.11 10=14.02 25=18.70 50=26.62 75=37.73 90=50.11 95=57.92 99=75.65 99.9=98.17 99.99=375.30]
2025-04-22 06:36:06 2 sec: 58361 operations; [INSERT: Count=58361 Max=7983.10 Min=5.62 Avg=29.61 10=14.13 25=18.70 50=26.35 75=37.18 90=49.09 95=56.67 99=72.38 99.9=95.61 99.99=359.94]
2025-04-22 06:36:07 3 sec: 89804 operations; [INSERT: Count=89804 Max=7983.10 Min=5.62 Avg=29.22 10=14.05 25=18.54 50=26.06 75=36.70 90=48.29 95=55.68 99=71.04 99.9=95.61 99.99=359.94]
2025-04-22 06:36:08 4 sec: 121697 operations; [INSERT: Count=121697 Max=7983.10 Min=5.62 Avg=28.92 10=14.02 25=18.41 50=25.79 75=36.29 90=47.65 95=55.04 99=70.14 99.9=95.36 99.99=356.10]
2025-04-22 06:36:09 5 sec: 154827 operations; [INSERT: Count=154827 Max=7983.10 Min=5.62 Avg=28.48 10=13.90 25=18.19 50=25.39 75=35.68 90=46.85 95=54.05 99=68.93 99.9=95.23 99.99=355.07]
2025-04-22 06:36:10 6 sec: 187121 operations; [INSERT: Count=187121 Max=44597.25 Min=5.62 Avg=28.33 10=13.80 25=17.95 50=24.99 75=35.13 90=46.14 95=53.31 99=68.22 99.9=95.74 99.99=356.10]
2025-04-22 06:36:11 7 sec: 220835 operations; [INSERT: Count=220835 Max=44597.25 Min=5.62 Avg=28.02 10=13.74 25=17.79 50=24.77 75=34.78 90=45.63 95=52.70 99=67.39 99.9=95.61 99.99=356.10]
2025-04-22 06:36:12 8 sec: 254482 operations; [INSERT: Count=254482 Max=44597.25 Min=5.62 Avg=27.81 10=13.73 25=17.73 50=24.62 75=34.53 90=45.22 95=52.22 99=66.81 99.9=94.33 99.99=353.02]
2025-04-22 06:36:13 9 sec: 289172 operations; [INSERT: Count=289172 Max=44597.25 Min=5.62 Avg=27.53 10=13.68 25=17.60 50=24.41 75=34.17 90=44.73 95=51.65 99=66.17 99.9=92.73 99.99=345.60]
2025-04-22 06:36:14 10 sec: 323858 operations; [INSERT: Count=323858 Max=44597.25 Min=5.62 Avg=27.32 10=13.64 25=17.52 50=24.22 75=33.92 90=44.32 95=51.17 99=65.66 99.9=92.61 99.99=335.62]
2025-04-22 06:36:15 11 sec: 358559 operations; [INSERT: Count=358559 Max=44597.25 Min=5.62 Avg=27.14 10=13.62 25=17.44 50=24.09 75=33.66 90=43.94 95=50.75 99=65.09 99.9=92.61 99.99=333.82]
2025-04-22 06:36:16 12 sec: 393359 operations; [INSERT: Count=393359 Max=44597.25 Min=5.62 Avg=26.99 10=13.60 25=17.38 50=23.95 75=33.47 90=43.65 95=50.43 99=64.61 99.9=92.09 99.99=334.85]
2025-04-22 06:36:17 13 sec: 428094 operations; [INSERT: Count=428094 Max=44597.25 Min=5.62 Avg=26.86 10=13.57 25=17.33 50=23.86 75=33.28 90=43.39 95=50.11 99=64.29 99.9=92.03 99.99=335.62]
2025-04-22 06:36:18 14 sec: 461406 operations; [INSERT: Count=461406 Max=44597.25 Min=5.62 Avg=26.85 10=13.57 25=17.33 50=23.84 75=33.28 90=43.39 95=50.08 99=64.25 99.9=91.78 99.99=337.41]
2025-04-22 06:36:19 15 sec: 490178 operations; [INSERT: Count=490178 Max=44597.25 Min=5.62 Avg=27.11 10=13.61 25=17.41 50=24.03 75=33.60 90=43.94 95=50.88 99=65.79 99.9=97.86 99.99=345.86]
2025-04-22 06:36:20 16 sec: 506480 operations; [INSERT: Count=506480 Max=44597.25 Min=5.62 Avg=28.02 10=13.70 25=17.60 50=24.46 75=34.49 90=45.73 95=53.79 99=75.07 99.9=133.25 99.99=351.74]
2025-04-22 06:36:21 17 sec: 524235 operations; [INSERT: Count=524235 Max=44597.25 Min=5.62 Avg=28.78 10=13.78 25=17.79 50=24.88 75=35.33 90=47.33 95=56.41 99=82.50 99.9=139.65 99.99=354.05]
2025-04-22 06:36:22 18 sec: 537344 operations; [INSERT: Count=537344 Max=203948.03 Min=5.62 Avg=29.79 10=13.86 25=17.93 50=25.21 75=36.00 90=48.64 95=58.56 99=87.49 99.9=146.69 99.99=471.04]
2025-04-22 06:36:23 19 sec: 585549 operations; [INSERT: Count=585549 Max=203948.03 Min=4.96 Avg=28.76 10=12.84 25=16.98 50=24.21 75=35.04 90=47.74 95=57.63 99=86.46 99.9=147.84 99.99=451.84]
2025-04-22 06:36:24 20 sec: 617663 operations; [INSERT: Count=617663 Max=203948.03 Min=4.96 Avg=28.50 10=12.56 25=16.64 50=23.76 75=34.59 90=47.39 95=57.38 99=88.19 99.9=208.77 99.99=451.84]
2025-04-22 06:36:25 21 sec: 638871 operations; [INSERT: Count=638871 Max=204210.17 Min=4.96 Avg=29.21 10=12.62 25=16.75 50=23.92 75=34.85 90=47.74 95=57.79 99=88.70 99.9=213.89 99.99=508.67]
2025-04-22 06:36:26 22 sec: 668100 operations; [INSERT: Count=668100 Max=204210.17 Min=4.96 Avg=29.29 10=12.67 25=16.78 50=23.95 75=34.91 90=47.87 95=58.05 99=89.28 99.9=233.73 99.99=577.02]
2025-04-22 06:36:27 23 sec: 694989 operations; [INSERT: Count=694989 Max=204210.17 Min=4.96 Avg=29.45 10=12.73 25=16.85 50=24.06 75=35.04 90=48.06 95=58.24 99=89.47 99.9=259.07 99.99=601.09]
2025-04-22 06:36:28 24 sec: 723164 operations; [INSERT: Count=723164 Max=204210.17 Min=4.96 Avg=29.55 10=12.80 25=16.96 50=24.19 75=35.20 90=48.19 95=58.30 99=89.34 99.9=272.89 99.99=598.01]
2025-04-22 06:36:29 25 sec: 748577 operations; [INSERT: Count=748577 Max=204210.17 Min=4.96 Avg=29.77 10=12.89 25=17.09 50=24.40 75=35.49 90=48.61 95=58.75 99=89.60 99.9=284.93 99.99=565.76]
2025-04-22 06:36:30 26 sec: 773121 operations; [INSERT: Count=773121 Max=204210.17 Min=4.96 Avg=30.01 10=12.97 25=17.23 50=24.64 75=35.81 90=49.05 95=59.33 99=89.60 99.9=294.14 99.99=613.89]
2025-04-22 06:36:31 27 sec: 796875 operations; [INSERT: Count=796875 Max=204210.17 Min=4.96 Avg=30.27 10=13.06 25=17.38 50=24.89 75=36.16 90=49.60 95=59.94 99=89.79 99.9=301.57 99.99=640.51]
2025-04-22 06:36:32 28 sec: 821099 operations; [INSERT: Count=821099 Max=204210.17 Min=4.96 Avg=30.50 10=13.14 25=17.50 50=25.12 75=36.51 90=50.05 95=60.45 99=90.05 99.9=304.38 99.99=654.85]
2025-04-22 06:36:33 29 sec: 844996 operations; [INSERT: Count=844996 Max=204210.17 Min=4.96 Avg=30.73 10=13.22 25=17.65 50=25.34 75=36.80 90=50.49 95=60.96 99=90.50 99.9=309.25 99.99=663.04]
2025-04-22 06:36:34 30 sec: 869202 operations; [INSERT: Count=869202 Max=204210.17 Min=4.96 Avg=30.93 10=13.30 25=17.76 50=25.54 75=37.09 90=50.88 95=61.38 99=90.69 99.9=319.23 99.99=671.74]
2025-04-22 06:36:35 31 sec: 893550 operations; [INSERT: Count=893550 Max=204210.17 Min=4.96 Avg=31.11 10=13.37 25=17.87 50=25.70 75=37.31 90=51.17 95=61.76 99=91.33 99.9=330.24 99.99=706.56]
2025-04-22 06:36:36 32 sec: 919760 operations; [INSERT: Count=919760 Max=204210.17 Min=4.78 Avg=31.22 10=13.41 25=17.93 50=25.79 75=37.44 90=51.33 95=61.89 99=91.26 99.9=334.08 99.99=718.34]
2025-04-22 06:36:37 33 sec: 946710 operations; [INSERT: Count=946710 Max=204210.17 Min=4.78 Avg=31.29 10=13.46 25=18.02 50=25.89 75=37.57 90=51.49 95=62.02 99=91.26 99.9=333.82 99.99=714.24]
2025-04-22 06:36:38 34 sec: 966973 operations; [INSERT: Count=966973 Max=204210.17 Min=4.78 Avg=31.60 10=13.50 25=18.08 50=25.98 75=37.70 90=51.65 95=62.21 99=91.52 99.9=337.92 99.99=717.82]
2025-04-22 06:36:39 35 sec: 993598 operations; [INSERT: Count=993598 Max=204210.17 Min=4.78 Avg=31.66 10=13.54 25=18.13 50=26.05 75=37.79 90=51.81 95=62.34 99=91.78 99.9=336.89 99.99=737.28]
2025-04-22 06:36:40 36 sec: 1000000 operations; [INSERT: Count=1000000 Max=204210.17 Min=4.78 Avg=31.66 10=13.55 25=18.14 50=26.06 75=37.82 90=51.81 95=62.34 99=91.71 99.9=335.62 99.99=735.74]
2025-04-22 06:36:41 37 sec: 1000000 operations; [INSERT: Count=1000000 Max=204210.17 Min=4.78 Avg=31.66 10=13.55 25=18.14 50=26.06 75=37.82 90=51.81 95=62.34 99=91.71 99.9=335.62 99.99=735.74]
2025-04-22 06:36:42 37 sec: 1000000 operations; [INSERT: Count=1000000 Max=204210.17 Min=4.78 Avg=31.66 10=13.55 25=18.14 50=26.06 75=37.82 90=51.81 95=62.34 99=91.71 99.9=335.62 99.99=735.74]
Load runtime(sec): 37.5595
Load operations(ops): 1000000
Load throughput(ops/sec): 26624.4
