Running scope as unit: run-r21e0e6b85af14965810d360e1b108905.scope
load file:/home/user/DataFiles/silesia_data/silesia.tar
2025-04-22 06:36:04 0 sec: 0 operations;
2025-04-22 06:36:05 1 sec: 25106 operations; [INSERT: Count=25106 Max=4096.00 Min=4.17 Avg=35.51 10=9.46 25=16.22 50=29.89 75=47.74 90=68.73 95=82.56 99=111.61 99.9=164.48 99.99=460.80]
2025-04-22 06:36:06 2 sec: 44348 operations; [INSERT: Count=44348 Max=4096.00 Min=4.17 Avg=41.22 10=12.46 25=22.25 50=36.29 75=54.78 90=75.90 95=88.89 99=116.09 99.9=157.82 99.99=472.83]
2025-04-22 06:36:07 3 sec: 63323 operations; [INSERT: Count=63323 Max=4096.00 Min=4.17 Avg=43.67 10=14.92 25=24.99 50=38.81 75=57.53 90=78.40 95=91.52 99=117.57 99.9=153.85 99.99=475.90]
2025-04-22 06:36:08 4 sec: 82394 operations; [INSERT: Count=82394 Max=4096.00 Min=4.17 Avg=44.93 10=16.59 25=26.43 50=40.06 75=58.85 90=79.68 95=92.67 99=117.82 99.9=153.98 99.99=464.38]
2025-04-22 06:36:09 5 sec: 101178 operations; [INSERT: Count=101178 Max=4096.00 Min=4.17 Avg=45.85 10=17.77 25=27.34 50=40.96 75=59.84 90=80.58 95=93.57 99=118.91 99.9=154.62 99.99=472.83]
2025-04-22 06:36:10 6 sec: 119452 operations; [INSERT: Count=119452 Max=45121.54 Min=4.17 Avg=46.43 10=18.66 25=27.97 50=41.25 75=59.68 90=80.00 95=92.67 99=117.82 99.9=154.88 99.99=506.37]
2025-04-22 06:36:11 7 sec: 143758 operations; [INSERT: Count=143758 Max=45121.54 Min=4.17 Avg=44.76 10=18.00 25=26.57 50=39.36 75=57.12 90=77.25 95=90.05 99=115.84 99.9=153.34 99.99=506.37]
2025-04-22 06:36:12 8 sec: 174672 operations; [INSERT: Count=174672 Max=45121.54 Min=4.17 Avg=41.95 10=16.89 25=24.37 50=36.32 75=53.22 90=73.47 95=86.72 99=113.15 99.9=151.68 99.99=489.73]
2025-04-22 06:36:13 9 sec: 195367 operations; [INSERT: Count=195367 Max=45121.54 Min=4.17 Avg=42.27 10=17.18 25=24.69 50=36.73 75=53.66 90=73.86 95=86.97 99=113.34 99.9=152.83 99.99=487.17]
2025-04-22 06:36:14 10 sec: 214957 operations; [INSERT: Count=214957 Max=45121.54 Min=4.17 Avg=42.76 10=17.54 25=25.14 50=37.28 75=54.37 90=74.50 95=87.55 99=113.53 99.9=153.98 99.99=487.17]
2025-04-22 06:36:15 11 sec: 234699 operations; [INSERT: Count=234699 Max=45121.54 Min=4.17 Avg=43.14 10=17.84 25=25.49 50=37.73 75=54.88 90=74.94 95=87.87 99=113.92 99.9=154.88 99.99=487.17]
2025-04-22 06:36:16 12 sec: 253970 operations; [INSERT: Count=253970 Max=45121.54 Min=4.17 Avg=43.54 10=18.06 25=25.77 50=38.05 75=55.26 90=75.26 95=88.13 99=114.11 99.9=155.52 99.99=480.77]
2025-04-22 06:36:17 13 sec: 274624 operations; [INSERT: Count=274624 Max=45121.54 Min=4.17 Avg=43.65 10=18.30 25=26.03 50=38.24 75=55.42 90=75.26 95=88.06 99=113.73 99.9=153.98 99.99=480.77]
2025-04-22 06:36:18 14 sec: 294171 operations; [INSERT: Count=294171 Max=45121.54 Min=4.17 Avg=43.93 10=18.54 25=26.30 50=38.56 75=55.77 90=75.65 95=88.38 99=113.92 99.9=153.22 99.99=475.90]
2025-04-22 06:36:19 15 sec: 311195 operations; [INSERT: Count=311195 Max=45121.54 Min=4.17 Avg=44.56 10=18.80 25=26.72 50=39.10 75=56.58 90=76.73 95=89.66 99=115.45 99.9=155.52 99.99=492.29]
2025-04-22 06:36:20 16 sec: 327316 operations; [INSERT: Count=327316 Max=45121.54 Min=4.17 Avg=45.25 10=19.07 25=27.14 50=39.74 75=57.50 90=78.02 95=91.20 99=117.44 99.9=161.41 99.99=497.41]
2025-04-22 06:36:21 17 sec: 343718 operations; [INSERT: Count=343718 Max=45121.54 Min=4.17 Avg=45.84 10=19.33 25=27.54 50=40.32 75=58.27 90=78.97 95=92.35 99=119.04 99.9=162.94 99.99=497.41]
2025-04-22 06:36:22 18 sec: 360529 operations; [INSERT: Count=360529 Max=45121.54 Min=4.17 Avg=46.31 10=19.57 25=27.89 50=40.77 75=58.94 90=79.74 95=93.18 99=120.25 99.9=163.58 99.99=493.82]
2025-04-22 06:36:23 19 sec: 377883 operations; [INSERT: Count=377883 Max=45121.54 Min=4.17 Avg=46.68 10=19.79 25=28.19 50=41.15 75=59.39 90=80.25 95=93.76 99=120.70 99.9=162.81 99.99=493.82]
2025-04-22 06:36:24 20 sec: 397564 operations; [INSERT: Count=397564 Max=45121.54 Min=4.17 Avg=46.71 10=19.92 25=28.30 50=41.22 75=59.42 90=80.25 95=93.69 99=120.45 99.9=161.92 99.99=497.41]
2025-04-22 06:36:25 21 sec: 414269 operations; [INSERT: Count=414269 Max=45121.54 Min=4.17 Avg=47.11 10=20.09 25=28.57 50=41.57 75=59.90 90=80.89 95=94.40 99=121.47 99.9=166.14 99.99=506.37]
2025-04-22 06:36:26 22 sec: 430462 operations; [INSERT: Count=430462 Max=45121.54 Min=4.17 Avg=47.53 10=20.21 25=28.73 50=41.82 75=60.35 90=81.60 95=95.42 99=123.84 99.9=181.89 99.99=538.62]
2025-04-22 06:36:27 23 sec: 448128 operations; [INSERT: Count=448128 Max=45121.54 Min=4.17 Avg=47.76 10=20.34 25=28.86 50=41.98 75=60.51 90=81.73 95=95.55 99=124.16 99.9=187.01 99.99=580.10]
2025-04-22 06:36:28 24 sec: 466704 operations; [INSERT: Count=466704 Max=45121.54 Min=4.17 Avg=47.87 10=20.40 25=28.93 50=42.05 75=60.64 90=81.92 95=95.74 99=124.29 99.9=190.34 99.99=653.82]
2025-04-22 06:36:29 25 sec: 484050 operations; [INSERT: Count=484050 Max=45121.54 Min=4.17 Avg=48.10 10=20.50 25=29.07 50=42.24 75=60.93 90=82.30 95=96.25 99=125.06 99.9=192.38 99.99=702.98]
2025-04-22 06:36:30 26 sec: 501078 operations; [INSERT: Count=501078 Max=45121.54 Min=4.17 Avg=48.34 10=20.64 25=29.25 50=42.46 75=61.28 90=82.75 95=96.77 99=125.63 99.9=191.36 99.99=702.98]
2025-04-22 06:36:31 27 sec: 518418 operations; [INSERT: Count=518418 Max=45121.54 Min=4.17 Avg=48.54 10=20.78 25=29.41 50=42.69 75=61.57 90=83.07 95=97.02 99=125.82 99.9=189.18 99.99=702.98]
2025-04-22 06:36:32 28 sec: 535663 operations; [INSERT: Count=535663 Max=45121.54 Min=4.17 Avg=48.74 10=20.86 25=29.52 50=42.85 75=61.79 90=83.39 95=97.41 99=126.40 99.9=192.38 99.99=735.23]
2025-04-22 06:36:33 29 sec: 552493 operations; [INSERT: Count=552493 Max=45121.54 Min=4.17 Avg=48.96 10=20.98 25=29.68 50=43.04 75=62.05 90=83.78 95=97.86 99=127.10 99.9=194.56 99.99=811.01]
2025-04-22 06:36:34 30 sec: 568892 operations; [INSERT: Count=568892 Max=45121.54 Min=4.17 Avg=49.21 10=21.07 25=29.82 50=43.26 75=62.34 90=84.16 95=98.37 99=127.87 99.9=198.53 99.99=882.69]
2025-04-22 06:36:35 31 sec: 585361 operations; [INSERT: Count=585361 Max=45121.54 Min=4.17 Avg=49.44 10=21.15 25=29.93 50=43.39 75=62.56 90=84.61 95=98.81 99=128.90 99.9=203.65 99.99=953.86]
2025-04-22 06:36:36 32 sec: 602419 operations; [INSERT: Count=602419 Max=45121.54 Min=4.17 Avg=49.60 10=21.23 25=30.03 50=43.52 75=62.72 90=84.80 95=99.07 99=129.41 99.9=206.08 99.99=973.82]
2025-04-22 06:36:37 33 sec: 620185 operations; [INSERT: Count=620185 Max=45121.54 Min=4.17 Avg=49.70 10=21.30 25=30.11 50=43.62 75=62.88 90=84.99 95=99.26 99=129.53 99.9=205.57 99.99=966.65]
2025-04-22 06:36:38 34 sec: 637494 operations; [INSERT: Count=637494 Max=45121.54 Min=4.17 Avg=49.82 10=21.39 25=30.22 50=43.74 75=63.04 90=85.25 95=99.52 99=129.85 99.9=205.57 99.99=965.63]
2025-04-22 06:36:39 35 sec: 654775 operations; [INSERT: Count=654775 Max=45121.54 Min=4.17 Avg=49.95 10=21.44 25=30.30 50=43.84 75=63.17 90=85.44 95=99.78 99=130.37 99.9=207.62 99.99=967.68]
2025-04-22 06:36:40 36 sec: 671623 operations; [INSERT: Count=671623 Max=45121.54 Min=4.17 Avg=50.10 10=21.52 25=30.40 50=43.97 75=63.36 90=85.69 95=100.09 99=131.01 99.9=210.18 99.99=966.65]
2025-04-22 06:36:41 37 sec: 689163 operations; [INSERT: Count=689163 Max=45121.54 Min=4.17 Avg=50.19 10=21.60 25=30.51 50=44.09 75=63.49 90=85.82 95=100.22 99=130.88 99.9=207.23 99.99=953.86]
2025-04-22 06:36:42 38 sec: 707311 operations; [INSERT: Count=707311 Max=45121.54 Min=4.17 Avg=50.23 10=21.65 25=30.56 50=44.13 75=63.55 90=85.89 95=100.22 99=130.81 99.9=206.08 99.99=965.63]
2025-04-22 06:36:43 39 sec: 727419 operations; [INSERT: Count=727419 Max=45121.54 Min=4.17 Avg=50.12 10=21.65 25=30.50 50=44.03 75=63.39 90=85.63 95=99.97 99=130.50 99.9=204.54 99.99=965.63]
2025-04-22 06:36:44 40 sec: 748211 operations; [INSERT: Count=748211 Max=45121.54 Min=4.17 Avg=49.97 10=21.63 25=30.41 50=43.90 75=63.20 90=85.38 95=99.58 99=130.11 99.9=203.01 99.99=965.63]
2025-04-22 06:36:45 41 sec: 779494 operations; [INSERT: Count=779494 Max=45121.54 Min=4.17 Avg=49.12 10=20.82 25=29.58 50=43.01 75=62.27 90=84.48 95=98.81 99=129.34 99.9=201.22 99.99=933.89]
2025-04-22 06:36:46 42 sec: 818911 operations; [INSERT: Count=818911 Max=45121.54 Min=4.17 Avg=47.81 10=19.33 25=28.16 50=41.70 75=60.99 90=83.39 95=97.86 99=128.45 99.9=198.91 99.99=950.78]
2025-04-22 06:36:47 43 sec: 864571 operations; [INSERT: Count=864571 Max=45121.54 Min=4.17 Avg=46.27 10=17.45 25=26.37 50=40.16 75=59.55 90=82.17 95=96.83 99=127.42 99.9=196.86 99.99=925.70]
2025-04-22 06:36:48 44 sec: 924203 operations; [INSERT: Count=924203 Max=45121.54 Min=4.17 Avg=44.15 10=14.53 25=23.66 50=38.11 75=57.76 90=80.70 95=95.49 99=126.27 99.9=192.90 99.99=922.11]
2025-04-22 06:36:49 45 sec: 970518 operations; [INSERT: Count=970518 Max=45121.54 Min=4.17 Avg=42.92 10=13.61 25=22.14 50=36.70 75=56.45 90=79.61 95=94.59 99=125.69 99.9=193.41 99.99=891.39]
2025-04-22 06:36:50 46 sec: 1000000 operations; [INSERT: Count=1000000 Max=45121.54 Min=4.17 Avg=42.22 10=13.26 25=21.36 50=35.87 75=55.68 90=78.91 95=94.02 99=125.18 99.9=194.56 99.99=891.39]
2025-04-22 06:36:51 46 sec: 1000000 operations; [INSERT: Count=1000000 Max=45121.54 Min=4.17 Avg=42.22 10=13.26 25=21.36 50=35.87 75=55.68 90=78.91 95=94.02 99=125.18 99.9=194.56 99.99=891.39]
Load runtime(sec): 46.4704
Load operations(ops): 1000000
Load throughput(ops/sec): 21519.1
