Running scope as unit: run-ra525577580844d99b7c38d50e233b522.scope
load file:/home/user/DataFiles/silesia_data/silesia.tar
2025-04-22 06:36:04 0 sec: 0 operations;
2025-04-22 06:36:05 1 sec: 26630 operations; [INSERT: Count=26630 Max=12066.82 Min=5.03 Avg=32.82 10=14.38 25=19.87 50=28.78 75=41.02 90=54.94 95=63.71 99=83.07 99.9=151.29 99.99=369.66]
2025-04-22 06:36:06 2 sec: 50414 operations; [INSERT: Count=50414 Max=12066.82 Min=5.03 Avg=35.63 10=16.46 25=22.69 50=31.93 75=44.83 90=58.94 95=67.52 99=85.38 99.9=131.46 99.99=391.94]
2025-04-22 06:36:07 3 sec: 74891 operations; [INSERT: Count=74891 Max=12066.82 Min=5.03 Avg=36.26 10=17.52 25=23.65 50=32.66 75=45.50 90=59.36 95=67.78 99=84.86 99.9=124.48 99.99=377.60]
2025-04-22 06:36:08 4 sec: 99884 operations; [INSERT: Count=99884 Max=12066.82 Min=5.03 Avg=36.38 10=17.89 25=23.92 50=32.83 75=45.57 90=59.26 95=67.52 99=84.42 99.9=122.17 99.99=369.66]
2025-04-22 06:36:09 5 sec: 125953 operations; [INSERT: Count=125953 Max=12066.82 Min=5.03 Avg=36.11 10=18.00 25=23.86 50=32.62 75=45.18 90=58.56 95=66.75 99=83.33 99.9=119.61 99.99=357.38]
2025-04-22 06:36:10 6 sec: 152203 operations; [INSERT: Count=152203 Max=44695.55 Min=5.03 Avg=35.88 10=17.82 25=23.49 50=32.09 75=44.45 90=57.76 95=65.92 99=82.56 99.9=119.55 99.99=357.38]
2025-04-22 06:36:11 7 sec: 178723 operations; [INSERT: Count=178723 Max=44695.55 Min=5.03 Avg=35.66 10=17.77 25=23.31 50=31.81 75=44.03 90=57.09 95=65.22 99=81.66 99.9=115.97 99.99=356.61]
2025-04-22 06:36:12 8 sec: 204863 operations; [INSERT: Count=204863 Max=44695.55 Min=5.03 Avg=35.57 10=17.89 25=23.38 50=31.82 75=43.97 90=56.90 95=64.93 99=81.15 99.9=115.14 99.99=355.58]
2025-04-22 06:36:13 9 sec: 232139 operations; [INSERT: Count=232139 Max=44695.55 Min=5.03 Avg=35.31 10=17.89 25=23.28 50=31.63 75=43.62 90=56.45 95=64.38 99=80.51 99.9=113.53 99.99=350.98]
2025-04-22 06:36:14 10 sec: 259628 operations; [INSERT: Count=259628 Max=44695.55 Min=5.03 Avg=35.08 10=17.86 25=23.18 50=31.45 75=43.36 90=56.03 95=63.97 99=80.00 99.9=112.06 99.99=346.11]
2025-04-22 06:36:15 11 sec: 287077 operations; [INSERT: Count=287077 Max=44695.55 Min=5.03 Avg=34.89 10=17.86 25=23.14 50=31.31 75=43.10 90=55.68 95=63.58 99=79.55 99.9=111.74 99.99=342.01]
2025-04-22 06:36:16 12 sec: 315122 operations; [INSERT: Count=315122 Max=44695.55 Min=5.03 Avg=34.66 10=17.79 25=22.99 50=31.12 75=42.78 90=55.36 95=63.17 99=79.04 99.9=110.97 99.99=341.76]
2025-04-22 06:36:17 13 sec: 343203 operations; [INSERT: Count=343203 Max=44695.55 Min=5.03 Avg=34.46 10=17.73 25=22.88 50=30.93 75=42.53 90=54.98 95=62.78 99=78.59 99.9=110.85 99.99=344.83]
2025-04-22 06:36:18 14 sec: 369601 operations; [INSERT: Count=369601 Max=44695.55 Min=5.03 Avg=34.47 10=17.77 25=22.91 50=30.98 75=42.53 90=55.01 95=62.75 99=78.53 99.9=110.66 99.99=342.01]
2025-04-22 06:36:19 15 sec: 391885 operations; [INSERT: Count=391885 Max=44695.55 Min=5.03 Avg=34.88 10=17.93 25=23.14 50=31.33 75=43.07 90=55.71 95=63.68 99=80.00 99.9=111.87 99.99=347.39]
2025-04-22 06:36:20 16 sec: 411741 operations; [INSERT: Count=411741 Max=44695.55 Min=5.03 Avg=35.46 10=18.11 25=23.42 50=31.82 75=43.81 90=56.77 95=65.09 99=82.75 99.9=119.49 99.99=353.02]
2025-04-22 06:36:21 17 sec: 431788 operations; [INSERT: Count=431788 Max=44695.55 Min=5.03 Avg=35.98 10=18.27 25=23.68 50=32.27 75=44.48 90=57.76 95=66.43 99=84.93 99.9=121.09 99.99=353.02]
2025-04-22 06:36:22 18 sec: 452842 operations; [INSERT: Count=452842 Max=44695.55 Min=4.83 Avg=36.35 10=18.41 25=23.90 50=32.59 75=44.93 90=58.46 95=67.26 99=86.02 99.9=121.28 99.99=351.74]
2025-04-22 06:36:23 19 sec: 484923 operations; [INSERT: Count=484923 Max=44695.55 Min=4.83 Avg=35.57 10=17.50 25=23.12 50=31.86 75=44.22 90=57.82 95=66.69 99=85.50 99.9=120.64 99.99=353.28]
2025-04-22 06:36:24 20 sec: 498667 operations; [INSERT: Count=498667 Max=416022.53 Min=4.83 Avg=36.70 10=17.45 25=23.04 50=31.73 75=44.06 90=57.66 95=66.56 99=85.38 99.9=120.64 99.99=355.58]
2025-04-22 06:36:25 21 sec: 521722 operations; [INSERT: Count=521722 Max=416022.53 Min=4.83 Avg=36.84 10=17.54 25=23.14 50=31.87 75=44.29 90=58.05 95=67.01 99=86.14 99.9=125.18 99.99=383.74]
2025-04-22 06:36:26 22 sec: 545304 operations; [INSERT: Count=545304 Max=416022.53 Min=4.83 Avg=36.94 10=17.54 25=23.14 50=31.89 75=44.41 90=58.30 95=67.45 99=87.55 99.9=141.06 99.99=472.57]
2025-04-22 06:36:27 23 sec: 569885 operations; [INSERT: Count=569885 Max=416022.53 Min=4.83 Avg=36.96 10=17.55 25=23.14 50=31.89 75=44.41 90=58.34 95=67.45 99=87.55 99.9=142.46 99.99=480.77]
2025-04-22 06:36:28 24 sec: 595336 operations; [INSERT: Count=595336 Max=416022.53 Min=4.83 Avg=36.92 10=17.57 25=23.15 50=31.89 75=44.45 90=58.34 95=67.45 99=87.61 99.9=143.49 99.99=478.72]
2025-04-22 06:36:29 25 sec: 618322 operations; [INSERT: Count=618322 Max=416022.53 Min=4.83 Avg=37.04 10=17.65 25=23.25 50=32.02 75=44.61 90=58.66 95=67.84 99=88.32 99.9=144.90 99.99=478.72]
2025-04-22 06:36:30 26 sec: 632217 operations; [INSERT: Count=632217 Max=416022.53 Min=4.83 Avg=37.67 10=17.74 25=23.42 50=32.37 75=45.31 90=59.94 95=69.76 99=94.08 99.9=162.69 99.99=515.07]
2025-04-22 06:36:31 27 sec: 645285 operations; [INSERT: Count=645285 Max=416022.53 Min=4.83 Avg=38.33 10=17.84 25=23.58 50=32.70 75=46.02 90=61.28 95=71.87 99=100.93 99.9=177.41 99.99=578.56]
2025-04-22 06:36:32 28 sec: 658453 operations; [INSERT: Count=658453 Max=416022.53 Min=4.83 Avg=38.96 10=17.92 25=23.74 50=33.05 75=46.72 90=62.56 95=73.86 99=107.45 99.9=191.23 99.99=599.55]
2025-04-22 06:36:33 29 sec: 671749 operations; [INSERT: Count=671749 Max=416022.53 Min=4.83 Avg=39.55 10=18.02 25=23.90 50=33.38 75=47.39 90=63.81 95=75.90 99=113.02 99.9=201.09 99.99=618.50]
2025-04-22 06:36:34 30 sec: 685434 operations; [INSERT: Count=685434 Max=416022.53 Min=4.83 Avg=40.10 10=18.09 25=24.06 50=33.73 75=48.06 90=64.96 95=77.82 99=117.18 99.9=208.90 99.99=631.29]
2025-04-22 06:36:35 31 sec: 699294 operations; [INSERT: Count=699294 Max=416022.53 Min=4.83 Avg=40.61 10=18.19 25=24.22 50=34.02 75=48.70 90=66.05 95=79.61 99=120.51 99.9=220.80 99.99=693.76]
2025-04-22 06:36:36 32 sec: 713543 operations; [INSERT: Count=713543 Max=416022.53 Min=4.83 Avg=41.08 10=18.27 25=24.37 50=34.34 75=49.25 90=67.01 95=81.28 99=122.81 99.9=222.59 99.99=714.75]
2025-04-22 06:36:37 33 sec: 731624 operations; [INSERT: Count=731624 Max=416022.53 Min=4.83 Avg=41.32 10=18.35 25=24.50 50=34.53 75=49.60 90=67.58 95=82.11 99=123.58 99.9=219.52 99.99=714.75]
2025-04-22 06:36:38 34 sec: 745751 operations; [INSERT: Count=745751 Max=416022.53 Min=4.83 Avg=41.76 10=18.43 25=24.64 50=34.85 75=50.21 90=68.61 95=83.71 99=125.50 99.9=218.88 99.99=714.75]
2025-04-22 06:36:39 35 sec: 759540 operations; [INSERT: Count=759540 Max=416022.53 Min=4.83 Avg=42.20 10=18.51 25=24.78 50=35.13 75=50.78 90=69.63 95=85.44 99=127.49 99.9=224.77 99.99=731.13]
2025-04-22 06:36:40 36 sec: 776691 operations; [INSERT: Count=776691 Max=416022.53 Min=4.83 Avg=42.45 10=18.57 25=24.89 50=35.36 75=51.13 90=70.21 95=86.33 99=128.13 99.9=224.77 99.99=734.21]
2025-04-22 06:36:41 37 sec: 797092 operations; [INSERT: Count=797092 Max=416022.53 Min=4.83 Avg=42.48 10=18.61 25=24.94 50=35.42 75=51.20 90=70.27 95=86.27 99=127.74 99.9=221.18 99.99=731.13]
2025-04-22 06:36:42 38 sec: 830774 operations; [INSERT: Count=830774 Max=416022.53 Min=4.83 Avg=41.80 10=18.00 25=24.38 50=34.81 75=50.56 90=69.57 95=85.38 99=126.85 99.9=216.19 99.99=742.40]
2025-04-22 06:36:43 39 sec: 887262 operations; [INSERT: Count=887262 Max=416022.53 Min=4.83 Avg=40.06 10=15.68 25=22.57 50=33.25 75=49.15 90=68.22 95=83.78 99=125.18 99.9=209.92 99.99=726.01]
2025-04-22 06:36:44 40 sec: 945681 operations; [INSERT: Count=945681 Max=416022.53 Min=4.80 Avg=38.44 10=13.42 25=20.73 50=31.73 75=47.77 90=66.94 95=82.37 99=124.48 99.9=206.59 99.99=726.01]
2025-04-22 06:36:45 41 sec: 1000000 operations; [INSERT: Count=1000000 Max=416022.53 Min=4.77 Avg=37.05 10=11.50 25=18.96 50=30.40 75=46.62 90=65.98 95=81.41 99=124.80 99.9=205.31 99.99=714.75]
2025-04-22 06:36:46 41 sec: 1000000 operations; [INSERT: Count=1000000 Max=416022.53 Min=4.77 Avg=37.05 10=11.50 25=18.96 50=30.40 75=46.62 90=65.98 95=81.41 99=124.80 99.9=205.31 99.99=714.75]
Load runtime(sec): 41.4401
Load operations(ops): 1000000
Load throughput(ops/sec): 24131.2
