Running scope as unit: run-re477ef6396a74ece9f54d655ddb0a00d.scope
load file:/home/user/DataFiles/silesia_data/silesia.tar
2025-04-19 13:25:16 0 sec: 0 operations;
2025-04-19 13:25:17 1 sec: 24185 operations; [INSERT: Count=24185 Max=12451.84 Min=6.39 Avg=35.12 10=15.75 25=21.33 50=30.78 75=43.97 90=58.66 95=68.61 99=87.61 99.9=117.89 99.99=394.75]
2025-04-19 13:25:18 2 sec: 52760 operations; [INSERT: Count=52760 Max=12451.84 Min=5.73 Avg=33.30 10=15.26 25=20.57 50=29.41 75=41.92 90=55.65 95=64.80 99=82.94 99.9=112.19 99.99=373.25]
2025-04-19 13:25:19 3 sec: 81592 operations; [INSERT: Count=81592 Max=12451.84 Min=5.73 Avg=32.64 10=15.11 25=20.29 50=28.89 75=41.15 90=54.69 95=63.26 99=81.09 99.9=110.27 99.99=359.94]
2025-04-19 13:25:20 4 sec: 110783 operations; [INSERT: Count=110783 Max=12451.84 Min=5.70 Avg=32.21 10=15.01 25=20.03 50=28.56 75=40.58 90=53.82 95=62.37 99=80.13 99.9=112.19 99.99=359.68]
2025-04-19 13:25:21 5 sec: 140714 operations; [INSERT: Count=140714 Max=12451.84 Min=5.70 Avg=31.77 10=14.91 25=19.81 50=28.16 75=40.00 90=53.02 95=61.47 99=78.97 99.9=111.68 99.99=359.68]
2025-04-19 13:25:22 6 sec: 171495 operations; [INSERT: Count=171495 Max=12451.84 Min=5.70 Avg=31.31 10=14.74 25=19.52 50=27.68 75=39.33 90=52.16 95=60.51 99=78.08 99.9=111.23 99.99=357.63]
2025-04-19 13:25:23 7 sec: 202510 operations; [INSERT: Count=202510 Max=12451.84 Min=5.70 Avg=30.95 10=14.65 25=19.31 50=27.38 75=38.88 90=51.55 95=59.87 99=77.06 99.9=109.12 99.99=353.02]
2025-04-19 13:25:24 8 sec: 233247 operations; [INSERT: Count=233247 Max=12451.84 Min=5.70 Avg=30.73 10=14.62 25=19.23 50=27.21 75=38.59 90=51.13 95=59.36 99=76.35 99.9=107.14 99.99=348.16]
2025-04-19 13:25:25 9 sec: 263873 operations; [INSERT: Count=263873 Max=12451.84 Min=5.70 Avg=30.57 10=14.60 25=19.18 50=27.09 75=38.40 90=50.78 95=58.94 99=75.90 99.9=108.09 99.99=345.09]
2025-04-19 13:25:26 10 sec: 294690 operations; [INSERT: Count=294690 Max=12451.84 Min=5.70 Avg=30.43 10=14.58 25=19.12 50=26.98 75=38.24 90=50.49 95=58.62 99=75.33 99.9=106.81 99.99=340.74]
2025-04-19 13:25:27 11 sec: 325452 operations; [INSERT: Count=325452 Max=12451.84 Min=5.70 Avg=30.32 10=14.58 25=19.09 50=26.88 75=38.08 90=50.24 95=58.27 99=74.94 99.9=106.17 99.99=339.45]
2025-04-19 13:25:28 12 sec: 356907 operations; [INSERT: Count=356907 Max=12451.84 Min=5.70 Avg=30.15 10=14.57 25=19.02 50=26.75 75=37.85 90=49.92 95=57.89 99=74.50 99.9=105.53 99.99=339.20]
2025-04-19 13:25:29 13 sec: 388038 operations; [INSERT: Count=388038 Max=12451.84 Min=5.70 Avg=30.05 10=14.56 25=18.98 50=26.66 75=37.70 90=49.70 95=57.63 99=74.11 99.9=105.60 99.99=337.66]
2025-04-19 13:25:30 14 sec: 418791 operations; [INSERT: Count=418791 Max=12451.84 Min=5.70 Avg=29.99 10=14.57 25=18.96 50=26.61 75=37.60 90=49.57 95=57.41 99=73.86 99.9=105.53 99.99=336.13]
2025-04-19 13:25:31 15 sec: 449139 operations; [INSERT: Count=449139 Max=12451.84 Min=5.70 Avg=29.97 10=14.60 25=18.98 50=26.61 75=37.57 90=49.47 95=57.31 99=73.66 99.9=105.34 99.99=335.62]
2025-04-19 13:25:32 16 sec: 477485 operations; [INSERT: Count=477485 Max=12451.84 Min=5.07 Avg=30.09 10=14.58 25=19.01 50=26.69 75=37.70 90=49.76 95=57.63 99=74.17 99.9=105.73 99.99=342.27]
2025-04-19 13:25:33 17 sec: 502649 operations; [INSERT: Count=502649 Max=12451.84 Min=5.07 Avg=30.38 10=14.65 25=19.14 50=26.91 75=38.08 90=50.34 95=58.43 99=75.65 99.9=110.59 99.99=356.61]
2025-04-19 13:25:34 18 sec: 523326 operations; [INSERT: Count=523326 Max=12451.84 Min=5.07 Avg=30.90 10=14.75 25=19.33 50=27.30 75=38.66 90=51.33 95=59.84 99=78.53 99.9=119.23 99.99=368.13]
2025-04-19 13:25:35 19 sec: 541349 operations; [INSERT: Count=541349 Max=12451.84 Min=5.07 Avg=31.53 10=14.85 25=19.54 50=27.73 75=39.42 90=52.58 95=61.63 99=82.94 99.9=126.91 99.99=387.33]
2025-04-19 13:25:36 20 sec: 559785 operations; [INSERT: Count=559785 Max=12451.84 Min=5.07 Avg=32.10 10=14.96 25=19.74 50=28.14 75=40.13 90=53.73 95=63.33 99=86.21 99.9=131.20 99.99=423.17]
2025-04-19 13:25:37 21 sec: 574436 operations; [INSERT: Count=574436 Max=12451.84 Min=5.07 Avg=32.53 10=15.03 25=19.89 50=28.45 75=40.67 90=54.59 95=64.58 99=88.64 99.9=135.04 99.99=452.86]
2025-04-19 13:25:38 22 sec: 592595 operations; [INSERT: Count=592595 Max=12451.84 Min=5.07 Avg=33.05 10=15.13 25=20.09 50=28.85 75=41.34 90=55.65 95=66.05 99=91.01 99.9=136.96 99.99=478.46]
2025-04-19 13:25:39 23 sec: 612220 operations; [INSERT: Count=612220 Max=12451.84 Min=5.07 Avg=33.45 10=15.23 25=20.27 50=29.18 75=41.89 90=56.45 95=67.14 99=92.35 99.9=137.22 99.99=529.41]
2025-04-19 13:25:40 24 sec: 632532 operations; [INSERT: Count=632532 Max=12451.84 Min=5.07 Avg=33.79 10=15.33 25=20.45 50=29.50 75=42.34 90=57.15 95=67.90 99=93.18 99.9=136.96 99.99=531.97]
2025-04-19 13:25:41 25 sec: 652857 operations; [INSERT: Count=652857 Max=12451.84 Min=5.07 Avg=34.10 10=15.42 25=20.62 50=29.79 75=42.75 90=57.73 95=68.54 99=93.63 99.9=137.22 99.99=572.41]
2025-04-19 13:25:42 26 sec: 673499 operations; [INSERT: Count=673499 Max=12451.84 Min=5.07 Avg=34.38 10=15.51 25=20.77 50=30.03 75=43.13 90=58.21 95=69.06 99=94.33 99.9=139.26 99.99=591.87]
2025-04-19 13:25:43 27 sec: 695375 operations; [INSERT: Count=695375 Max=12451.84 Min=5.07 Avg=34.57 10=15.58 25=20.91 50=30.24 75=43.36 90=58.49 95=69.38 99=94.53 99.9=140.29 99.99=602.62]
2025-04-19 13:25:44 28 sec: 717002 operations; [INSERT: Count=717002 Max=12451.84 Min=5.07 Avg=34.76 10=15.65 25=21.02 50=30.43 75=43.58 90=58.78 95=69.69 99=94.91 99.9=147.33 99.99=602.62]
2025-04-19 13:25:45 29 sec: 737662 operations; [INSERT: Count=737662 Max=12451.84 Min=5.07 Avg=35.00 10=15.73 25=21.15 50=30.62 75=43.84 90=59.10 95=70.08 99=95.49 99.9=164.74 99.99=610.30]
2025-04-19 13:25:46 30 sec: 756689 operations; [INSERT: Count=756689 Max=12451.84 Min=5.07 Avg=35.31 10=15.80 25=21.28 50=30.83 75=44.16 90=59.58 95=70.78 99=96.77 99.9=197.63 99.99=651.26]
2025-04-19 13:25:47 31 sec: 772294 operations; [INSERT: Count=772294 Max=12451.84 Min=5.07 Avg=35.79 10=15.84 25=21.38 50=31.04 75=44.58 90=60.35 95=72.06 99=100.42 99.9=229.89 99.99=793.60]
2025-04-19 13:25:48 32 sec: 789157 operations; [INSERT: Count=789157 Max=12451.84 Min=5.07 Avg=36.17 10=15.91 25=21.54 50=31.34 75=45.05 90=61.12 95=73.09 99=101.82 99.9=232.70 99.99=833.02]
2025-04-19 13:25:49 33 sec: 812849 operations; [INSERT: Count=812849 Max=12451.84 Min=5.07 Avg=36.24 10=15.97 25=21.61 50=31.42 75=45.18 90=61.22 95=73.15 99=101.76 99.9=228.09 99.99=830.98]
2025-04-19 13:25:50 34 sec: 838752 operations; [INSERT: Count=838752 Max=12451.84 Min=5.07 Avg=36.21 10=16.02 25=21.65 50=31.44 75=45.15 90=61.12 95=72.96 99=101.31 99.9=223.49 99.99=817.15]
2025-04-19 13:25:51 35 sec: 863595 operations; [INSERT: Count=863595 Max=12451.84 Min=5.07 Avg=36.23 10=16.07 25=21.71 50=31.49 75=45.18 90=61.09 95=72.83 99=100.93 99.9=219.65 99.99=780.29]
2025-04-19 13:25:52 36 sec: 886576 operations; [INSERT: Count=886576 Max=12451.84 Min=5.07 Avg=36.33 10=16.14 25=21.82 50=31.61 75=45.31 90=61.25 95=72.96 99=100.73 99.9=214.40 99.99=776.19]
2025-04-19 13:25:53 37 sec: 906842 operations; [INSERT: Count=906842 Max=12451.84 Min=5.07 Avg=36.53 10=16.20 25=21.92 50=31.77 75=45.57 90=61.66 95=73.41 99=101.50 99.9=212.35 99.99=780.29]
2025-04-19 13:25:54 38 sec: 928309 operations; [INSERT: Count=928309 Max=12451.84 Min=5.07 Avg=36.66 10=16.25 25=22.00 50=31.89 75=45.76 90=61.95 95=73.73 99=101.76 99.9=208.00 99.99=773.63]
2025-04-19 13:25:55 39 sec: 950797 operations; [INSERT: Count=950797 Max=12451.84 Min=5.07 Avg=36.74 10=16.30 25=22.08 50=31.95 75=45.85 90=62.08 95=73.86 99=101.82 99.9=206.97 99.99=776.19]
2025-04-19 13:25:56 40 sec: 976661 operations; [INSERT: Count=976661 Max=12451.84 Min=5.07 Avg=36.66 10=16.30 25=22.05 50=31.90 75=45.76 90=61.92 95=73.66 99=101.57 99.9=204.29 99.99=773.63]
2025-04-19 13:25:57 41 sec: 1000000 operations; [INSERT: Count=1000000 Max=12451.84 Min=5.07 Avg=36.39 10=16.12 25=21.82 50=31.61 75=45.41 90=61.57 95=73.28 99=101.25 99.9=202.11 99.99=768.51]
2025-04-19 13:25:58 42 sec: 1000000 operations; [INSERT: Count=1000000 Max=12451.84 Min=5.07 Avg=36.39 10=16.12 25=21.82 50=31.61 75=45.41 90=61.57 95=73.28 99=101.25 99.9=202.11 99.99=768.51]
2025-04-19 13:25:59 43 sec: 1000000 operations; [INSERT: Count=1000000 Max=12451.84 Min=5.07 Avg=36.39 10=16.12 25=21.82 50=31.61 75=45.41 90=61.57 95=73.28 99=101.25 99.9=202.11 99.99=768.51]
2025-04-19 13:26:00 44 sec: 1000000 operations; [INSERT: Count=1000000 Max=12451.84 Min=5.07 Avg=36.39 10=16.12 25=21.82 50=31.61 75=45.41 90=61.57 95=73.28 99=101.25 99.9=202.11 99.99=768.51]
2025-04-19 13:26:01 45 sec: 1000000 operations; [INSERT: Count=1000000 Max=12451.84 Min=5.07 Avg=36.39 10=16.12 25=21.82 50=31.61 75=45.41 90=61.57 95=73.28 99=101.25 99.9=202.11 99.99=768.51]
2025-04-19 13:26:02 46 sec: 1000000 operations; [INSERT: Count=1000000 Max=12451.84 Min=5.07 Avg=36.39 10=16.12 25=21.82 50=31.61 75=45.41 90=61.57 95=73.28 99=101.25 99.9=202.11 99.99=768.51]
2025-04-19 13:26:03 47 sec: 1000000 operations; [INSERT: Count=1000000 Max=12451.84 Min=5.07 Avg=36.39 10=16.12 25=21.82 50=31.61 75=45.41 90=61.57 95=73.28 99=101.25 99.9=202.11 99.99=768.51]
2025-04-19 13:26:04 48 sec: 1000000 operations; [INSERT: Count=1000000 Max=12451.84 Min=5.07 Avg=36.39 10=16.12 25=21.82 50=31.61 75=45.41 90=61.57 95=73.28 99=101.25 99.9=202.11 99.99=768.51]
2025-04-19 13:26:05 49 sec: 1000000 operations; [INSERT: Count=1000000 Max=12451.84 Min=5.07 Avg=36.39 10=16.12 25=21.82 50=31.61 75=45.41 90=61.57 95=73.28 99=101.25 99.9=202.11 99.99=768.51]
2025-04-19 13:26:06 50 sec: 1000000 operations; [INSERT: Count=1000000 Max=12451.84 Min=5.07 Avg=36.39 10=16.12 25=21.82 50=31.61 75=45.41 90=61.57 95=73.28 99=101.25 99.9=202.11 99.99=768.51]
2025-04-19 13:26:07 51 sec: 1000000 operations; [INSERT: Count=1000000 Max=12451.84 Min=5.07 Avg=36.39 10=16.12 25=21.82 50=31.61 75=45.41 90=61.57 95=73.28 99=101.25 99.9=202.11 99.99=768.51]
2025-04-19 13:26:07 51 sec: 1000000 operations; [INSERT: Count=1000000 Max=12451.84 Min=5.07 Avg=36.39 10=16.12 25=21.82 50=31.61 75=45.41 90=61.57 95=73.28 99=101.25 99.9=202.11 99.99=768.51]
Load runtime(sec): 51.1934
Load operations(ops): 1000000
Load throughput(ops/sec): 19533.8
