Running scope as unit: run-r1e85783a2feb459a84f3622446bac922.scope
load file:/home/user/DataFiles/silesia_data/silesia.tar
2025-04-19 13:25:16 0 sec: 0 operations;
2025-04-19 13:25:17 1 sec: 23668 operations; [INSERT: Count=23668 Max=2377.73 Min=4.86 Avg=36.19 10=16.26 25=22.45 50=32.34 75=46.14 90=61.15 95=70.72 99=89.92 99.9=122.05 99.99=400.13]
2025-04-19 13:25:18 2 sec: 50307 operations; [INSERT: Count=50307 Max=2377.73 Min=4.86 Avg=35.17 10=16.41 25=22.18 50=31.41 75=44.77 90=58.94 95=67.90 99=86.08 99.9=114.37 99.99=378.37]
2025-04-19 13:25:19 3 sec: 77108 operations; [INSERT: Count=77108 Max=2377.73 Min=4.86 Avg=34.77 10=16.41 25=22.02 50=31.15 75=44.16 90=58.14 95=66.88 99=84.54 99.9=110.91 99.99=356.86]
2025-04-19 13:25:20 4 sec: 104498 operations; [INSERT: Count=104498 Max=2377.73 Min=4.86 Avg=34.37 10=16.33 25=21.82 50=30.80 75=43.52 90=57.28 95=65.86 99=83.26 99.9=109.57 99.99=342.78]
2025-04-19 13:25:21 5 sec: 132291 operations; [INSERT: Count=132291 Max=2377.73 Min=4.86 Avg=34.01 10=16.25 25=21.63 50=30.48 75=42.98 90=56.64 95=65.12 99=82.30 99.9=109.18 99.99=342.78]
2025-04-19 13:25:22 6 sec: 160874 operations; [INSERT: Count=160874 Max=8155.14 Min=4.86 Avg=33.59 10=16.03 25=21.26 50=30.00 75=42.30 90=55.81 95=64.32 99=81.34 99.9=110.40 99.99=346.11]
2025-04-19 13:25:23 7 sec: 189427 operations; [INSERT: Count=189427 Max=13434.88 Min=4.86 Avg=33.31 10=15.94 25=21.07 50=29.68 75=41.85 90=55.17 95=63.62 99=80.58 99.9=109.38 99.99=346.11]
2025-04-19 13:25:24 8 sec: 218022 operations; [INSERT: Count=218022 Max=13434.88 Min=4.86 Avg=33.09 10=15.89 25=20.96 50=29.50 75=41.60 90=54.81 95=63.23 99=80.00 99.9=108.09 99.99=343.04]
2025-04-19 13:25:25 9 sec: 246812 operations; [INSERT: Count=246812 Max=13434.88 Min=4.86 Avg=32.90 10=15.87 25=20.86 50=29.36 75=41.34 90=54.43 95=62.78 99=79.49 99.9=107.84 99.99=342.53]
2025-04-19 13:25:26 10 sec: 275526 operations; [INSERT: Count=275526 Max=13434.88 Min=4.86 Avg=32.75 10=15.85 25=20.80 50=29.21 75=41.12 90=54.14 95=62.46 99=79.10 99.9=108.09 99.99=342.27]
2025-04-19 13:25:27 11 sec: 304357 operations; [INSERT: Count=304357 Max=13434.88 Min=4.86 Avg=32.62 10=15.82 25=20.73 50=29.14 75=40.96 90=53.89 95=62.14 99=78.78 99.9=107.90 99.99=342.27]
2025-04-19 13:25:28 12 sec: 333826 operations; [INSERT: Count=333826 Max=13434.88 Min=4.86 Avg=32.44 10=15.79 25=20.66 50=28.96 75=40.67 90=53.57 95=61.79 99=78.27 99.9=107.78 99.99=338.69]
2025-04-19 13:25:29 13 sec: 362805 operations; [INSERT: Count=362805 Max=13434.88 Min=4.86 Avg=32.34 10=15.77 25=20.61 50=28.86 75=40.54 90=53.34 95=61.53 99=78.08 99.9=107.78 99.99=337.15]
2025-04-19 13:25:30 14 sec: 391580 operations; [INSERT: Count=391580 Max=13434.88 Min=4.86 Avg=32.27 10=15.77 25=20.57 50=28.80 75=40.45 90=53.18 95=61.34 99=77.82 99.9=107.78 99.99=336.13]
2025-04-19 13:25:31 15 sec: 420093 operations; [INSERT: Count=420093 Max=13434.88 Min=4.86 Avg=32.24 10=15.79 25=20.59 50=28.80 75=40.38 90=53.05 95=61.18 99=77.63 99.9=107.33 99.99=335.87]
2025-04-19 13:25:32 16 sec: 444849 operations; [INSERT: Count=444849 Max=13434.88 Min=4.86 Avg=32.51 10=15.89 25=20.75 50=29.04 75=40.73 90=53.50 95=61.73 99=78.53 99.9=108.03 99.99=340.99]
2025-04-19 13:25:33 17 sec: 467657 operations; [INSERT: Count=467657 Max=13434.88 Min=4.86 Avg=32.86 10=15.97 25=20.91 50=29.30 75=41.15 90=54.17 95=62.62 99=80.13 99.9=112.77 99.99=343.30]
2025-04-19 13:25:34 18 sec: 484841 operations; [INSERT: Count=484841 Max=18776.06 Min=4.86 Avg=33.56 10=16.09 25=21.14 50=29.71 75=41.92 90=55.45 95=64.51 99=84.80 99.9=128.25 99.99=352.51]
2025-04-19 13:25:35 19 sec: 500858 operations; [INSERT: Count=500858 Max=18776.06 Min=4.86 Avg=34.30 10=16.21 25=21.38 50=30.19 75=42.78 90=56.90 95=66.69 99=90.05 99.9=136.83 99.99=385.79]
2025-04-19 13:25:36 20 sec: 517356 operations; [INSERT: Count=517356 Max=18776.06 Min=4.86 Avg=34.96 10=16.32 25=21.58 50=30.66 75=43.62 90=58.24 95=68.73 99=94.14 99.9=139.90 99.99=400.13]
2025-04-19 13:25:37 21 sec: 530307 operations; [INSERT: Count=530307 Max=200146.94 Min=4.86 Avg=35.84 10=16.41 25=21.76 50=31.01 75=44.29 90=59.33 95=70.14 99=97.09 99.9=144.77 99.99=429.57]
2025-04-19 13:25:38 22 sec: 546291 operations; [INSERT: Count=546291 Max=200146.94 Min=4.86 Avg=36.45 10=16.51 25=21.98 50=31.45 75=45.09 90=60.61 95=72.00 99=100.09 99.9=147.97 99.99=482.05]
2025-04-19 13:25:39 23 sec: 563354 operations; [INSERT: Count=563354 Max=200146.94 Min=4.86 Avg=36.95 10=16.64 25=22.21 50=31.87 75=45.73 90=61.63 95=73.41 99=101.76 99.9=149.12 99.99=557.57]
2025-04-19 13:25:40 24 sec: 586269 operations; [INSERT: Count=586269 Max=200146.94 Min=4.86 Avg=37.07 10=16.69 25=22.30 50=32.02 75=45.92 90=61.89 95=73.60 99=101.63 99.9=149.12 99.99=542.72]
2025-04-19 13:25:41 25 sec: 610233 operations; [INSERT: Count=610233 Max=200146.94 Min=4.86 Avg=37.12 10=16.75 25=22.38 50=32.11 75=46.05 90=61.98 95=73.60 99=101.31 99.9=148.09 99.99=517.89]
2025-04-19 13:25:42 26 sec: 632945 operations; [INSERT: Count=632945 Max=200146.94 Min=4.86 Avg=37.25 10=16.80 25=22.48 50=32.26 75=46.24 90=62.24 95=73.86 99=101.38 99.9=148.35 99.99=530.94]
2025-04-19 13:25:43 27 sec: 654487 operations; [INSERT: Count=654487 Max=200146.94 Min=4.86 Avg=37.44 10=16.86 25=22.57 50=32.43 75=46.46 90=62.62 95=74.30 99=101.69 99.9=149.12 99.99=566.78]
2025-04-19 13:25:44 28 sec: 676121 operations; [INSERT: Count=676121 Max=200146.94 Min=4.86 Avg=37.61 10=16.93 25=22.70 50=32.59 75=46.72 90=62.98 95=74.69 99=102.02 99.9=149.25 99.99=539.65]
2025-04-19 13:25:45 29 sec: 699004 operations; [INSERT: Count=699004 Max=200146.94 Min=4.86 Avg=37.70 10=16.98 25=22.77 50=32.70 75=46.85 90=63.13 95=74.81 99=102.02 99.9=150.53 99.99=539.65]
2025-04-19 13:25:46 30 sec: 720828 operations; [INSERT: Count=720828 Max=200146.94 Min=4.86 Avg=37.84 10=16.99 25=22.80 50=32.77 75=46.98 90=63.33 95=75.14 99=102.72 99.9=161.28 99.99=637.95]
2025-04-19 13:25:47 31 sec: 742239 operations; [INSERT: Count=742239 Max=200146.94 Min=4.86 Avg=38.00 10=16.98 25=22.78 50=32.77 75=47.07 90=63.55 95=75.52 99=103.74 99.9=197.12 99.99=851.97]
2025-04-19 13:25:48 32 sec: 770086 operations; [INSERT: Count=770086 Max=200146.94 Min=4.86 Avg=37.80 10=16.91 25=22.66 50=32.59 75=46.78 90=63.20 95=75.14 99=103.30 99.9=198.91 99.99=869.89]
2025-04-19 13:25:49 33 sec: 797685 operations; [INSERT: Count=797685 Max=200146.94 Min=4.86 Avg=37.63 10=16.89 25=22.61 50=32.48 75=46.59 90=62.88 95=74.69 99=102.78 99.9=193.02 99.99=851.97]
2025-04-19 13:25:50 34 sec: 823220 operations; [INSERT: Count=823220 Max=200146.94 Min=4.86 Avg=37.57 10=16.91 25=22.62 50=32.45 75=46.53 90=62.72 95=74.43 99=102.33 99.9=190.97 99.99=840.70]
2025-04-19 13:25:51 35 sec: 846795 operations; [INSERT: Count=846795 Max=200146.94 Min=4.86 Avg=37.61 10=16.96 25=22.69 50=32.53 75=46.59 90=62.78 95=74.43 99=102.02 99.9=187.01 99.99=817.15]
2025-04-19 13:25:52 36 sec: 869715 operations; [INSERT: Count=869715 Max=200146.94 Min=4.86 Avg=37.68 10=17.02 25=22.77 50=32.62 75=46.69 90=62.88 95=74.50 99=101.82 99.9=184.06 99.99=799.23]
2025-04-19 13:25:53 37 sec: 893251 operations; [INSERT: Count=893251 Max=200146.94 Min=4.86 Avg=37.72 10=17.07 25=22.83 50=32.69 75=46.75 90=62.91 95=74.43 99=101.69 99.9=181.12 99.99=789.50]
2025-04-19 13:25:54 38 sec: 917945 operations; [INSERT: Count=917945 Max=200146.94 Min=4.86 Avg=37.70 10=17.07 25=22.85 50=32.70 75=46.75 90=62.88 95=74.30 99=101.38 99.9=177.79 99.99=780.29]
2025-04-19 13:25:55 39 sec: 944323 operations; [INSERT: Count=944323 Max=200146.94 Min=4.86 Avg=37.62 10=17.04 25=22.80 50=32.64 75=46.69 90=62.72 95=74.11 99=101.06 99.9=176.64 99.99=779.26]
2025-04-19 13:25:56 40 sec: 977851 operations; [INSERT: Count=977851 Max=200146.94 Min=4.86 Avg=37.24 10=16.82 25=22.51 50=32.27 75=46.24 90=62.24 95=73.60 99=100.48 99.9=175.36 99.99=761.34]
2025-04-19 13:25:57 41 sec: 1000000 operations; [INSERT: Count=1000000 Max=200146.94 Min=4.86 Avg=36.89 10=16.54 25=22.21 50=31.92 75=45.85 90=61.89 95=73.28 99=100.16 99.9=173.57 99.99=734.72]
2025-04-19 13:25:58 42 sec: 1000000 operations; [INSERT: Count=1000000 Max=200146.94 Min=4.86 Avg=36.89 10=16.54 25=22.21 50=31.92 75=45.85 90=61.89 95=73.28 99=100.16 99.9=173.57 99.99=734.72]
2025-04-19 13:25:59 43 sec: 1000000 operations; [INSERT: Count=1000000 Max=200146.94 Min=4.86 Avg=36.89 10=16.54 25=22.21 50=31.92 75=45.85 90=61.89 95=73.28 99=100.16 99.9=173.57 99.99=734.72]
2025-04-19 13:26:00 44 sec: 1000000 operations; [INSERT: Count=1000000 Max=200146.94 Min=4.86 Avg=36.89 10=16.54 25=22.21 50=31.92 75=45.85 90=61.89 95=73.28 99=100.16 99.9=173.57 99.99=734.72]
2025-04-19 13:26:01 45 sec: 1000000 operations; [INSERT: Count=1000000 Max=200146.94 Min=4.86 Avg=36.89 10=16.54 25=22.21 50=31.92 75=45.85 90=61.89 95=73.28 99=100.16 99.9=173.57 99.99=734.72]
2025-04-19 13:26:02 46 sec: 1000000 operations; [INSERT: Count=1000000 Max=200146.94 Min=4.86 Avg=36.89 10=16.54 25=22.21 50=31.92 75=45.85 90=61.89 95=73.28 99=100.16 99.9=173.57 99.99=734.72]
2025-04-19 13:26:03 47 sec: 1000000 operations; [INSERT: Count=1000000 Max=200146.94 Min=4.86 Avg=36.89 10=16.54 25=22.21 50=31.92 75=45.85 90=61.89 95=73.28 99=100.16 99.9=173.57 99.99=734.72]
2025-04-19 13:26:04 48 sec: 1000000 operations; [INSERT: Count=1000000 Max=200146.94 Min=4.86 Avg=36.89 10=16.54 25=22.21 50=31.92 75=45.85 90=61.89 95=73.28 99=100.16 99.9=173.57 99.99=734.72]
2025-04-19 13:26:05 49 sec: 1000000 operations; [INSERT: Count=1000000 Max=200146.94 Min=4.86 Avg=36.89 10=16.54 25=22.21 50=31.92 75=45.85 90=61.89 95=73.28 99=100.16 99.9=173.57 99.99=734.72]
2025-04-19 13:26:06 50 sec: 1000000 operations; [INSERT: Count=1000000 Max=200146.94 Min=4.86 Avg=36.89 10=16.54 25=22.21 50=31.92 75=45.85 90=61.89 95=73.28 99=100.16 99.9=173.57 99.99=734.72]
2025-04-19 13:26:07 51 sec: 1000000 operations; [INSERT: Count=1000000 Max=200146.94 Min=4.86 Avg=36.89 10=16.54 25=22.21 50=31.92 75=45.85 90=61.89 95=73.28 99=100.16 99.9=173.57 99.99=734.72]
2025-04-19 13:26:07 51 sec: 1000000 operations; [INSERT: Count=1000000 Max=200146.94 Min=4.86 Avg=36.89 10=16.54 25=22.21 50=31.92 75=45.85 90=61.89 95=73.28 99=100.16 99.9=173.57 99.99=734.72]
Load runtime(sec): 51.4178
Load operations(ops): 1000000
Load throughput(ops/sec): 19448.5
