Running scope as unit: run-rb553cd12b5b9426c9b8bef7b3cc8b44f.scope
load file:/home/user/DataFiles/silesia_data/silesia.tar
2025-04-21 21:13:28 0 sec: 0 operations;
2025-04-21 21:13:29 1 sec: 43048 operations; [INSERT: Count=43048 Max=1522.69 Min=4.63 Avg=19.06 10=7.70 25=9.90 50=14.80 75=23.66 90=36.29 95=44.32 99=62.02 99.9=154.75 99.99=423.68]
2025-04-21 21:13:30 2 sec: 75478 operations; [INSERT: Count=75478 Max=1522.69 Min=4.63 Avg=22.68 10=8.75 25=12.44 50=19.23 75=29.49 90=40.93 95=48.22 99=63.42 99.9=110.85 99.99=349.18]
2025-04-21 21:13:31 3 sec: 109134 operations; [INSERT: Count=109134 Max=1522.69 Min=4.63 Avg=23.81 10=9.67 25=13.94 50=20.75 75=30.66 90=41.57 95=48.41 99=62.94 99.9=112.51 99.99=341.50]
2025-04-21 21:13:32 4 sec: 144644 operations; [INSERT: Count=144644 Max=1522.69 Min=4.63 Avg=24.06 10=10.36 25=14.63 50=21.17 75=30.66 90=41.09 95=47.74 99=61.79 99.9=108.93 99.99=325.63]
2025-04-21 21:13:33 5 sec: 181604 operations; [INSERT: Count=181604 Max=1522.69 Min=4.63 Avg=23.98 10=10.88 25=14.91 50=21.20 75=30.34 90=40.35 95=46.88 99=60.77 99.9=103.94 99.99=316.67]
2025-04-21 21:13:34 6 sec: 217334 operations; [INSERT: Count=217334 Max=35356.67 Min=4.63 Avg=24.08 10=11.18 25=15.01 50=21.12 75=30.05 90=39.90 95=46.37 99=60.70 99.9=117.06 99.99=325.89]
2025-04-21 21:13:35 7 sec: 255318 operations; [INSERT: Count=255318 Max=35356.67 Min=4.63 Avg=23.90 10=11.37 25=15.03 50=20.98 75=29.70 90=39.23 95=45.57 99=59.62 99.9=115.33 99.99=323.07]
2025-04-21 21:13:36 8 sec: 293843 operations; [INSERT: Count=293843 Max=35356.67 Min=4.63 Avg=23.73 10=11.51 25=15.06 50=20.88 75=29.42 90=38.75 95=44.99 99=58.72 99.9=110.91 99.99=316.67]
2025-04-21 21:13:37 9 sec: 332669 operations; [INSERT: Count=332669 Max=35356.67 Min=4.63 Avg=23.57 10=11.62 25=15.09 50=20.78 75=29.18 90=38.34 95=44.45 99=57.98 99.9=106.81 99.99=313.60]
2025-04-21 21:13:38 10 sec: 371411 operations; [INSERT: Count=371411 Max=35356.67 Min=4.63 Avg=23.45 10=11.73 25=15.11 50=20.70 75=28.99 90=37.98 95=44.00 99=57.34 99.9=106.17 99.99=306.94]
2025-04-21 21:13:39 11 sec: 410156 operations; [INSERT: Count=410156 Max=35356.67 Min=4.63 Avg=23.36 10=11.81 25=15.13 50=20.64 75=28.83 90=37.70 95=43.65 99=56.86 99.9=105.28 99.99=301.57]
2025-04-21 21:13:40 12 sec: 448443 operations; [INSERT: Count=448443 Max=35356.67 Min=4.63 Avg=23.30 10=11.89 25=15.18 50=20.64 75=28.75 90=37.50 95=43.36 99=56.45 99.9=103.17 99.99=301.31]
2025-04-21 21:13:41 13 sec: 475898 operations; [INSERT: Count=475898 Max=35356.67 Min=4.63 Avg=23.83 10=11.97 25=15.32 50=20.93 75=29.30 90=38.43 95=44.73 99=59.87 99.9=107.65 99.99=315.13]
2025-04-21 21:13:42 14 sec: 504391 operations; [INSERT: Count=504391 Max=35356.67 Min=4.63 Avg=24.27 10=12.10 25=15.51 50=21.28 75=29.86 90=39.33 95=45.98 99=62.05 99.9=106.50 99.99=323.33]
2025-04-21 21:13:43 15 sec: 531234 operations; [INSERT: Count=531234 Max=35356.67 Min=4.63 Avg=24.74 10=12.21 25=15.71 50=21.65 75=30.43 90=40.32 95=47.36 99=64.42 99.9=106.30 99.99=323.58]
2025-04-21 21:13:44 16 sec: 559378 operations; [INSERT: Count=559378 Max=35356.67 Min=4.63 Avg=25.11 10=12.32 25=15.88 50=21.95 75=30.91 90=41.05 95=48.35 99=65.79 99.9=118.21 99.99=323.33]
2025-04-21 21:13:45 17 sec: 589042 operations; [INSERT: Count=589042 Max=35356.67 Min=4.63 Avg=25.36 10=12.42 25=16.03 50=22.18 75=31.23 90=41.57 95=48.96 99=66.24 99.9=121.98 99.99=323.58]
2025-04-21 21:13:46 18 sec: 602971 operations; [INSERT: Count=602971 Max=413401.09 Min=4.63 Avg=26.33 10=12.46 25=16.07 50=22.25 75=31.33 90=41.73 95=49.25 99=67.39 99.9=144.51 99.99=342.53]
2025-04-21 21:13:47 19 sec: 619953 operations; [INSERT: Count=619953 Max=413401.09 Min=4.63 Avg=27.09 10=12.51 25=16.17 50=22.48 75=31.79 90=42.72 95=51.01 99=75.52 99.9=221.57 99.99=478.21]
2025-04-21 21:13:48 20 sec: 642193 operations; [INSERT: Count=642193 Max=413401.09 Min=4.63 Avg=27.52 10=12.59 25=16.32 50=22.77 75=32.26 90=43.52 95=52.19 99=79.74 99.9=235.39 99.99=472.32]
2025-04-21 21:13:49 21 sec: 664573 operations; [INSERT: Count=664573 Max=413401.09 Min=4.63 Avg=27.91 10=12.69 25=16.48 50=23.09 75=32.80 90=44.38 95=53.38 99=81.41 99.9=241.28 99.99=472.32]
2025-04-21 21:13:50 22 sec: 685736 operations; [INSERT: Count=685736 Max=413401.09 Min=4.63 Avg=28.34 10=12.78 25=16.66 50=23.42 75=33.38 90=45.38 95=54.69 99=83.14 99.9=245.76 99.99=488.19]
2025-04-21 21:13:51 23 sec: 705334 operations; [INSERT: Count=705334 Max=413401.09 Min=4.63 Avg=28.82 10=12.86 25=16.80 50=23.77 75=33.98 90=46.46 95=56.29 99=85.38 99.9=251.01 99.99=544.77]
2025-04-21 21:13:52 24 sec: 724841 operations; [INSERT: Count=724841 Max=413401.09 Min=4.63 Avg=29.27 10=12.94 25=16.96 50=24.11 75=34.62 90=47.55 95=57.76 99=87.17 99.9=253.57 99.99=572.41]
2025-04-21 21:13:53 25 sec: 746372 operations; [INSERT: Count=746372 Max=413401.09 Min=4.63 Avg=29.61 10=13.02 25=17.14 50=24.45 75=35.13 90=48.35 95=58.75 99=87.68 99.9=253.57 99.99=568.32]
2025-04-21 21:13:54 26 sec: 774309 operations; [INSERT: Count=774309 Max=413401.09 Min=4.63 Avg=29.70 10=13.09 25=17.23 50=24.57 75=35.26 90=48.51 95=58.85 99=87.87 99.9=253.95 99.99=563.71]
2025-04-21 21:13:55 27 sec: 803237 operations; [INSERT: Count=803237 Max=413401.09 Min=4.63 Avg=29.75 10=13.17 25=17.34 50=24.70 75=35.39 90=48.61 95=58.78 99=87.10 99.9=251.90 99.99=557.57]
2025-04-21 21:13:56 28 sec: 830750 operations; [INSERT: Count=830750 Max=413401.09 Min=4.63 Avg=29.86 10=13.23 25=17.42 50=24.78 75=35.52 90=48.73 95=58.85 99=87.61 99.9=251.65 99.99=563.71]
2025-04-21 21:13:57 29 sec: 856821 operations; [INSERT: Count=856821 Max=413401.09 Min=4.63 Avg=30.01 10=13.27 25=17.49 50=24.86 75=35.62 90=48.96 95=59.20 99=90.30 99.9=253.95 99.99=572.41]
2025-04-21 21:13:58 30 sec: 879186 operations; [INSERT: Count=879186 Max=413401.09 Min=4.63 Avg=30.30 10=13.28 25=17.50 50=24.91 75=35.77 90=49.41 95=60.09 99=96.83 99.9=270.85 99.99=618.50]
2025-04-21 21:13:59 31 sec: 905698 operations; [INSERT: Count=905698 Max=413401.09 Min=4.63 Avg=30.41 10=13.34 25=17.58 50=25.01 75=35.90 90=49.57 95=60.26 99=97.92 99.9=280.57 99.99=625.66]
2025-04-21 21:14:00 32 sec: 935908 operations; [INSERT: Count=935908 Max=413401.09 Min=4.63 Avg=30.39 10=13.36 25=17.61 50=25.04 75=35.94 90=49.53 95=60.06 99=96.89 99.9=283.39 99.99=616.96]
2025-04-21 21:14:01 33 sec: 964067 operations; [INSERT: Count=964067 Max=413401.09 Min=4.63 Avg=30.43 10=13.40 25=17.68 50=25.09 75=36.03 90=49.63 95=60.13 99=96.96 99.9=281.86 99.99=619.52]
2025-04-21 21:14:02 34 sec: 995871 operations; [INSERT: Count=995871 Max=413401.09 Min=4.63 Avg=30.36 10=13.40 25=17.66 50=25.05 75=35.97 90=49.47 95=59.90 99=96.64 99.9=279.55 99.99=619.52]
2025-04-21 21:14:03 35 sec: 1000000 operations; [INSERT: Count=1000000 Max=413401.09 Min=4.63 Avg=30.34 10=13.40 25=17.65 50=25.04 75=35.94 90=49.47 95=59.87 99=96.70 99.9=279.30 99.99=619.52]
2025-04-21 21:14:04 36 sec: 1000000 operations; [INSERT: Count=1000000 Max=413401.09 Min=4.63 Avg=30.34 10=13.40 25=17.65 50=25.04 75=35.94 90=49.47 95=59.87 99=96.70 99.9=279.30 99.99=619.52]
2025-04-21 21:14:05 36 sec: 1000000 operations; [INSERT: Count=1000000 Max=413401.09 Min=4.63 Avg=30.34 10=13.40 25=17.65 50=25.04 75=35.94 90=49.47 95=59.87 99=96.70 99.9=279.30 99.99=619.52]
Load runtime(sec): 36.2161
Load operations(ops): 1000000
Load throughput(ops/sec): 27612.1
