Running scope as unit: run-re7f364c05d9944d7ba99c8eeb73ad5ce.scope
load file:/home/user/DataFiles/silesia_data/silesia.tar
2025-04-21 21:13:29 0 sec: 0 operations;
2025-04-21 21:13:30 1 sec: 22881 operations; [INSERT: Count=22881 Max=12132.35 Min=6.38 Avg=31.01 10=14.73 25=19.60 50=27.20 75=38.17 90=50.75 95=58.81 99=74.37 99.9=107.90 99.99=362.75]
2025-04-21 21:13:31 2 sec: 55521 operations; [INSERT: Count=55521 Max=12132.35 Min=5.73 Avg=28.87 10=14.05 25=18.46 50=25.57 75=35.77 90=47.13 95=54.66 99=69.89 99.9=98.24 99.99=347.13]
2025-04-21 21:13:32 3 sec: 89825 operations; [INSERT: Count=89825 Max=12132.35 Min=5.73 Avg=27.72 10=13.70 25=17.86 50=24.62 75=34.37 90=45.28 95=52.38 99=67.07 99.9=93.06 99.99=338.43]
2025-04-21 21:13:33 4 sec: 125546 operations; [INSERT: Count=125546 Max=12132.35 Min=5.73 Avg=26.86 10=13.42 25=17.36 50=23.90 75=33.28 90=43.71 95=50.56 99=65.18 99.9=91.78 99.99=328.19]
2025-04-21 21:13:34 5 sec: 162674 operations; [INSERT: Count=162674 Max=12132.35 Min=5.73 Avg=26.13 10=13.16 25=16.93 50=23.25 75=32.34 90=42.46 95=49.15 99=63.45 99.9=89.47 99.99=321.79]
2025-04-21 21:13:35 6 sec: 198295 operations; [INSERT: Count=198295 Max=35553.28 Min=5.73 Avg=25.87 10=13.00 25=16.64 50=22.82 75=31.71 90=41.70 95=48.35 99=63.17 99.9=101.06 99.99=322.81]
2025-04-21 21:13:36 7 sec: 236335 operations; [INSERT: Count=236335 Max=35553.28 Min=5.73 Avg=25.40 10=12.87 25=16.38 50=22.38 75=31.07 90=40.80 95=47.30 99=61.82 99.9=97.47 99.99=317.69]
2025-04-21 21:13:37 8 sec: 274513 operations; [INSERT: Count=274513 Max=35553.28 Min=5.73 Avg=25.05 10=12.82 25=16.25 50=22.13 75=30.66 90=40.16 95=46.49 99=60.80 99.9=94.53 99.99=316.16]
2025-04-21 21:13:38 9 sec: 312871 operations; [INSERT: Count=312871 Max=35553.28 Min=5.73 Avg=24.77 10=12.78 25=16.14 50=21.90 75=30.30 90=39.58 95=45.85 99=59.94 99.9=95.36 99.99=313.86]
2025-04-21 21:13:39 10 sec: 351175 operations; [INSERT: Count=351175 Max=35553.28 Min=5.73 Avg=24.55 10=12.75 25=16.05 50=21.73 75=30.06 90=39.20 95=45.34 99=59.23 99.9=94.33 99.99=310.27]
2025-04-21 21:13:40 11 sec: 389060 operations; [INSERT: Count=389060 Max=35553.28 Min=5.73 Avg=24.41 10=12.77 25=16.03 50=21.63 75=29.86 90=38.85 95=44.93 99=58.62 99.9=94.40 99.99=306.69]
2025-04-21 21:13:41 12 sec: 423298 operations; [INSERT: Count=423298 Max=35553.28 Min=5.73 Avg=24.52 10=12.84 25=16.10 50=21.71 75=29.97 90=39.04 95=45.15 99=59.36 99.9=97.47 99.99=313.86]
2025-04-21 21:13:42 13 sec: 440749 operations; [INSERT: Count=440749 Max=35553.28 Min=5.73 Avg=25.58 10=12.94 25=16.30 50=22.21 75=31.01 90=41.18 95=48.86 99=71.42 99.9=122.81 99.99=314.62]
2025-04-21 21:13:43 14 sec: 457029 operations; [INSERT: Count=457029 Max=35553.28 Min=5.73 Avg=26.65 10=13.03 25=16.51 50=22.69 75=32.08 90=43.49 95=52.96 99=82.11 99.9=133.63 99.99=320.51]
2025-04-21 21:13:44 15 sec: 474401 operations; [INSERT: Count=474401 Max=35553.28 Min=5.73 Avg=27.57 10=13.13 25=16.70 50=23.17 75=33.12 90=45.73 95=56.90 99=88.70 99.9=136.32 99.99=322.81]
2025-04-21 21:13:45 16 sec: 491883 operations; [INSERT: Count=491883 Max=35553.28 Min=5.73 Avg=28.42 10=13.22 25=16.89 50=23.65 75=34.08 90=47.90 95=60.32 99=93.18 99.9=154.75 99.99=346.88]
2025-04-21 21:13:46 17 sec: 508974 operations; [INSERT: Count=508974 Max=207880.19 Min=5.59 Avg=29.29 10=13.18 25=16.86 50=23.65 75=34.14 90=48.09 95=60.58 99=93.57 99.9=160.38 99.99=473.86]
2025-04-21 21:13:47 18 sec: 537882 operations; [INSERT: Count=537882 Max=207880.19 Min=5.59 Avg=29.39 10=13.01 25=16.67 50=23.39 75=33.85 90=47.81 95=60.48 99=94.72 99.9=182.53 99.99=617.47]
2025-04-21 21:13:48 19 sec: 561735 operations; [INSERT: Count=561735 Max=207880.19 Min=5.59 Avg=29.75 10=13.02 25=16.72 50=23.54 75=34.21 90=48.70 95=62.08 99=98.94 99.9=207.87 99.99=683.52]
2025-04-21 21:13:49 20 sec: 597058 operations; [INSERT: Count=597058 Max=207880.19 Min=5.45 Avg=29.47 10=12.97 25=16.64 50=23.39 75=33.95 90=48.19 95=61.31 99=98.37 99.9=202.24 99.99=657.92]
2025-04-21 21:13:50 21 sec: 632345 operations; [INSERT: Count=632345 Max=207880.19 Min=5.45 Avg=29.22 10=12.96 25=16.61 50=23.33 75=33.79 90=47.65 95=60.38 99=97.09 99.9=193.02 99.99=634.37]
2025-04-21 21:13:51 22 sec: 662434 operations; [INSERT: Count=662434 Max=207880.19 Min=5.45 Avg=29.24 10=13.02 25=16.70 50=23.45 75=33.95 90=47.74 95=60.09 99=96.32 99.9=188.03 99.99=612.86]
2025-04-21 21:13:52 23 sec: 682341 operations; [INSERT: Count=682341 Max=207880.19 Min=5.45 Avg=29.68 10=13.10 25=16.88 50=23.84 75=34.62 90=48.99 95=61.70 99=96.96 99.9=183.55 99.99=605.70]
2025-04-21 21:13:53 24 sec: 702644 operations; [INSERT: Count=702644 Max=207880.19 Min=5.45 Avg=30.08 10=13.18 25=17.04 50=24.18 75=35.23 90=50.05 95=62.98 99=97.34 99.9=182.27 99.99=605.70]
2025-04-21 21:13:54 25 sec: 736131 operations; [INSERT: Count=736131 Max=207880.19 Min=5.45 Avg=29.92 10=13.20 25=17.04 50=24.14 75=35.10 90=49.66 95=62.27 99=96.45 99.9=179.46 99.99=600.06]
2025-04-21 21:13:55 26 sec: 756575 operations; [INSERT: Count=756575 Max=207880.19 Min=5.45 Avg=30.28 10=13.27 25=17.18 50=24.46 75=35.65 90=50.56 95=63.39 99=97.34 99.9=182.53 99.99=595.46]
2025-04-21 21:13:56 27 sec: 780587 operations; [INSERT: Count=780587 Max=207880.19 Min=5.45 Avg=30.49 10=13.34 25=17.31 50=24.69 75=36.00 90=51.07 95=63.94 99=97.28 99.9=180.35 99.99=583.17]
2025-04-21 21:13:57 28 sec: 807020 operations; [INSERT: Count=807020 Max=207880.19 Min=5.45 Avg=30.62 10=13.37 25=17.36 50=24.77 75=36.09 90=51.23 95=64.06 99=98.81 99.9=188.29 99.99=612.86]
2025-04-21 21:13:58 29 sec: 834160 operations; [INSERT: Count=834160 Max=207880.19 Min=5.45 Avg=30.71 10=13.39 25=17.39 50=24.80 75=36.19 90=51.33 95=64.32 99=100.73 99.9=193.53 99.99=653.31]
2025-04-21 21:13:59 30 sec: 859684 operations; [INSERT: Count=859684 Max=207880.19 Min=5.45 Avg=30.87 10=13.40 25=17.42 50=24.85 75=36.29 90=51.62 95=64.89 99=103.36 99.9=201.98 99.99=698.37]
2025-04-21 21:14:00 31 sec: 886139 operations; [INSERT: Count=886139 Max=207880.19 Min=5.45 Avg=30.96 10=13.45 25=17.50 50=24.98 75=36.48 90=51.81 95=64.99 99=103.49 99.9=201.98 99.99=698.37]
2025-04-21 21:14:01 32 sec: 916858 operations; [INSERT: Count=916858 Max=207880.19 Min=5.45 Avg=30.90 10=13.48 25=17.55 50=25.02 75=36.48 90=51.62 95=64.51 99=102.53 99.9=199.17 99.99=692.22]
2025-04-21 21:14:02 33 sec: 947538 operations; [INSERT: Count=947538 Max=207880.19 Min=5.45 Avg=30.85 10=13.48 25=17.55 50=25.01 75=36.41 90=51.49 95=64.22 99=102.40 99.9=199.29 99.99=699.39]
2025-04-21 21:14:03 34 sec: 977219 operations; [INSERT: Count=977219 Max=207880.19 Min=5.45 Avg=30.81 10=13.48 25=17.55 50=25.01 75=36.41 90=51.39 95=64.06 99=102.21 99.9=199.42 99.99=696.32]
2025-04-21 21:14:04 35 sec: 1000000 operations; [INSERT: Count=1000000 Max=207880.19 Min=5.45 Avg=30.67 10=13.39 25=17.45 50=24.88 75=36.26 90=51.23 95=63.87 99=102.14 99.9=199.55 99.99=705.02]
2025-04-21 21:14:04 35 sec: 1000000 operations; [INSERT: Count=1000000 Max=207880.19 Min=5.45 Avg=30.67 10=13.39 25=17.45 50=24.88 75=36.26 90=51.23 95=63.87 99=102.14 99.9=199.55 99.99=705.02]
Load runtime(sec): 35.0834
Load operations(ops): 1000000
Load throughput(ops/sec): 28503.5
