Running scope as unit: run-reb1048723125498e876a9f2c31d9b492.scope
load file:/home/user/DataFiles/silesia_data/silesia.tar
2025-04-21 21:13:29 0 sec: 0 operations;
2025-04-21 21:13:30 1 sec: 26734 operations; [INSERT: Count=26734 Max=11288.58 Min=5.94 Avg=26.56 10=12.79 25=16.77 50=23.54 75=32.83 90=43.01 95=49.73 99=63.26 99.9=82.11 99.99=313.09]
2025-04-21 21:13:31 2 sec: 59646 operations; [INSERT: Count=59646 Max=11288.58 Min=5.94 Avg=26.86 10=13.22 25=17.26 50=23.97 75=33.50 90=43.68 95=50.30 99=63.58 99.9=83.78 99.99=335.10]
2025-04-21 21:13:32 3 sec: 94154 operations; [INSERT: Count=94154 Max=11288.58 Min=5.94 Avg=26.44 10=13.15 25=17.10 50=23.63 75=32.93 90=43.04 95=49.50 99=62.59 99.9=83.45 99.99=328.96]
2025-04-21 21:13:33 4 sec: 130143 operations; [INSERT: Count=130143 Max=11288.58 Min=5.94 Avg=25.90 10=13.00 25=16.80 50=23.15 75=32.24 90=42.02 95=48.41 99=61.22 99.9=83.39 99.99=315.39]
2025-04-21 21:13:34 5 sec: 167464 operations; [INSERT: Count=167464 Max=11288.58 Min=5.54 Avg=25.36 10=12.85 25=16.51 50=22.66 75=31.52 90=41.02 95=47.30 99=59.97 99.9=82.88 99.99=314.37]
2025-04-21 21:13:35 6 sec: 203386 operations; [INSERT: Count=203386 Max=35520.51 Min=5.54 Avg=25.21 10=12.74 25=16.27 50=22.30 75=30.99 90=40.41 95=46.69 99=59.94 99.9=101.57 99.99=314.62]
2025-04-21 21:13:36 7 sec: 241559 operations; [INSERT: Count=241559 Max=35520.51 Min=4.94 Avg=24.83 10=12.67 25=16.09 50=21.97 75=30.48 90=39.71 95=45.92 99=58.98 99.9=104.19 99.99=314.11]
2025-04-21 21:13:37 8 sec: 279844 operations; [INSERT: Count=279844 Max=35520.51 Min=4.94 Avg=24.56 10=12.65 25=16.00 50=21.76 75=30.14 90=39.23 95=45.34 99=58.24 99.9=99.58 99.99=311.04]
2025-04-21 21:13:38 9 sec: 318373 operations; [INSERT: Count=318373 Max=35520.51 Min=4.94 Avg=24.33 10=12.62 25=15.93 50=21.57 75=29.82 90=38.78 95=44.80 99=57.63 99.9=99.26 99.99=303.36]
2025-04-21 21:13:39 10 sec: 356941 operations; [INSERT: Count=356941 Max=35520.51 Min=4.94 Avg=24.14 10=12.61 25=15.86 50=21.42 75=29.60 90=38.43 95=44.35 99=57.09 99.9=96.70 99.99=301.82]
2025-04-21 21:13:40 11 sec: 395692 operations; [INSERT: Count=395692 Max=35520.51 Min=4.94 Avg=23.98 10=12.60 25=15.81 50=21.30 75=29.41 90=38.11 95=43.97 99=56.64 99.9=92.80 99.99=300.54]
2025-04-21 21:13:41 12 sec: 431751 operations; [INSERT: Count=431751 Max=35520.51 Min=4.94 Avg=24.02 10=12.65 25=15.86 50=21.36 75=29.44 90=38.17 95=44.03 99=56.67 99.9=91.33 99.99=301.57]
2025-04-21 21:13:42 13 sec: 460018 operations; [INSERT: Count=460018 Max=35520.51 Min=4.94 Avg=24.50 10=12.78 25=16.06 50=21.73 75=30.02 90=39.10 95=45.31 99=58.94 99.9=92.22 99.99=303.36]
2025-04-21 21:13:43 14 sec: 488664 operations; [INSERT: Count=488664 Max=35520.51 Min=4.94 Avg=24.92 10=12.86 25=16.24 50=22.06 75=30.56 90=39.94 95=46.49 99=60.99 99.9=93.18 99.99=311.81]
2025-04-21 21:13:44 15 sec: 515927 operations; [INSERT: Count=515927 Max=35520.51 Min=4.94 Avg=25.36 10=12.97 25=16.41 50=22.38 75=31.10 90=40.86 95=47.81 99=63.13 99.9=96.32 99.99=314.62]
2025-04-21 21:13:45 16 sec: 543327 operations; [INSERT: Count=543327 Max=35520.51 Min=4.94 Avg=25.75 10=13.05 25=16.57 50=22.67 75=31.57 90=41.66 95=48.86 99=64.89 99.9=113.73 99.99=314.37]
2025-04-21 21:13:46 17 sec: 570720 operations; [INSERT: Count=570720 Max=35520.51 Min=4.94 Avg=25.92 10=13.10 25=16.66 50=22.80 75=31.76 90=41.98 95=49.28 99=65.60 99.9=127.55 99.99=314.62]
2025-04-21 21:13:47 18 sec: 577426 operations; [INSERT: Count=577426 Max=207618.05 Min=4.94 Avg=27.47 10=13.11 25=16.69 50=22.88 75=31.93 90=42.34 95=49.89 99=68.03 99.9=169.98 99.99=361.21]
2025-04-21 21:13:48 19 sec: 596962 operations; [INSERT: Count=596962 Max=207618.05 Min=4.94 Avg=28.09 10=13.17 25=16.80 50=23.14 75=32.45 90=43.42 95=51.65 99=75.65 99.9=221.06 99.99=491.52]
2025-04-21 21:13:49 20 sec: 619550 operations; [INSERT: Count=619550 Max=207618.05 Min=4.94 Avg=28.48 10=13.25 25=16.96 50=23.44 75=32.99 90=44.32 95=52.93 99=78.53 99.9=220.41 99.99=467.45]
2025-04-21 21:13:50 21 sec: 642178 operations; [INSERT: Count=642178 Max=207618.05 Min=4.94 Avg=28.84 10=13.34 25=17.12 50=23.79 75=33.53 90=45.25 95=54.11 99=79.81 99.9=216.96 99.99=460.29]
2025-04-21 21:13:51 22 sec: 662982 operations; [INSERT: Count=662982 Max=207618.05 Min=4.94 Avg=29.27 10=13.43 25=17.30 50=24.14 75=34.17 90=46.30 95=55.65 99=81.86 99.9=212.99 99.99=462.08]
2025-04-21 21:13:52 23 sec: 682332 operations; [INSERT: Count=682332 Max=207618.05 Min=4.94 Avg=29.75 10=13.51 25=17.45 50=24.51 75=34.85 90=47.52 95=57.34 99=84.73 99.9=210.05 99.99=462.08]
2025-04-21 21:13:53 24 sec: 701446 operations; [INSERT: Count=701446 Max=207618.05 Min=4.94 Avg=30.21 10=13.59 25=17.63 50=24.88 75=35.52 90=48.70 95=58.91 99=86.78 99.9=206.34 99.99=467.45]
2025-04-21 21:13:54 25 sec: 722976 operations; [INSERT: Count=722976 Max=207618.05 Min=4.94 Avg=30.53 10=13.67 25=17.79 50=25.20 75=36.00 90=49.44 95=59.84 99=87.36 99.9=201.22 99.99=460.29]
2025-04-21 21:13:55 26 sec: 741922 operations; [INSERT: Count=741922 Max=207618.05 Min=4.94 Avg=30.95 10=13.74 25=17.95 50=25.54 75=36.58 90=50.43 95=61.22 99=89.53 99.9=204.80 99.99=459.77]
2025-04-21 21:13:56 27 sec: 762898 operations; [INSERT: Count=762898 Max=207618.05 Min=4.94 Avg=31.27 10=13.82 25=18.09 50=25.82 75=37.09 90=51.23 95=62.27 99=90.43 99.9=201.22 99.99=445.18]
2025-04-21 21:13:57 28 sec: 782756 operations; [INSERT: Count=782756 Max=207618.05 Min=4.94 Avg=31.64 10=13.87 25=18.19 50=26.02 75=37.41 90=51.84 95=63.20 99=93.69 99.9=217.85 99.99=526.34]
2025-04-21 21:13:58 29 sec: 800074 operations; [INSERT: Count=800074 Max=207618.05 Min=4.94 Avg=32.09 10=13.92 25=18.30 50=26.25 75=37.85 90=52.70 95=64.48 99=98.37 99.9=230.14 99.99=548.35]
2025-04-21 21:13:59 30 sec: 816666 operations; [INSERT: Count=816666 Max=207618.05 Min=4.94 Avg=32.56 10=13.96 25=18.40 50=26.46 75=38.27 90=53.57 95=65.92 99=105.98 99.9=241.15 99.99=598.53]
2025-04-21 21:14:00 31 sec: 835381 operations; [INSERT: Count=835381 Max=207618.05 Min=4.94 Avg=32.90 10=14.02 25=18.54 50=26.75 75=38.75 90=54.34 95=66.94 99=107.39 99.9=241.92 99.99=610.30]
2025-04-21 21:14:01 32 sec: 854611 operations; [INSERT: Count=854611 Max=207618.05 Min=4.94 Avg=33.21 10=14.10 25=18.70 50=27.07 75=39.26 90=55.10 95=67.78 99=107.14 99.9=241.02 99.99=610.30]
2025-04-21 21:14:02 33 sec: 873493 operations; [INSERT: Count=873493 Max=207618.05 Min=4.94 Avg=33.52 10=14.16 25=18.83 50=27.33 75=39.68 90=55.81 95=68.54 99=108.35 99.9=241.41 99.99=635.39]
2025-04-21 21:14:03 34 sec: 903806 operations; [INSERT: Count=903806 Max=207618.05 Min=4.94 Avg=33.38 10=14.18 25=18.83 50=27.26 75=39.55 90=55.49 95=68.16 99=107.58 99.9=239.87 99.99=619.52]
2025-04-21 21:14:04 35 sec: 946091 operations; [INSERT: Count=946091 Max=207618.05 Min=4.94 Avg=32.80 10=13.73 25=18.35 50=26.70 75=38.94 90=54.81 95=67.52 99=106.69 99.9=237.95 99.99=645.12]
2025-04-21 21:14:05 36 sec: 1000000 operations; [INSERT: Count=1000000 Max=207618.05 Min=4.94 Avg=31.73 10=12.62 25=17.30 50=25.71 75=38.08 90=53.89 95=66.62 99=105.22 99.9=234.88 99.99=643.07]
2025-04-21 21:14:05 36 sec: 1000000 operations; [INSERT: Count=1000000 Max=207618.05 Min=4.94 Avg=31.73 10=12.62 25=17.30 50=25.71 75=38.08 90=53.89 95=66.62 99=105.22 99.9=234.88 99.99=643.07]
Load runtime(sec): 36.1719
Load operations(ops): 1000000
Load throughput(ops/sec): 27645.8
