Running scope as unit: run-r3bc1b53f6ee74696af34b7001c6a8a4d.scope
load file:/home/user/DataFiles/silesia_data/silesia.tar
2025-04-22 06:38:10 0 sec: 0 operations;
2025-04-22 06:38:11 1 sec: 0 operations;
2025-04-22 06:38:12 2 sec: 0 operations;
2025-04-22 06:38:13 3 sec: 0 operations;
2025-04-22 06:38:14 4 sec: 0 operations;
2025-04-22 06:38:15 5 sec: 0 operations;
2025-04-22 06:38:16 6 sec: 0 operations;
2025-04-22 06:38:17 7 sec: 0 operations;
2025-04-22 06:38:18 8 sec: 0 operations;
2025-04-22 06:38:19 9 sec: 0 operations;
2025-04-22 06:38:20 10 sec: 10019 operations; [READ: Count=5038 Max=1190.91 Min=3.69 Avg=69.43 10=22.05 25=28.43 50=40.19 75=63.74 90=153.73 95=212.86 99=476.16 99.9=672.25 99.99=989.18] [UPDATE: Count=4981 Max=7856.13 Min=18.74 Avg=109.46 10=46.46 25=58.37 50=79.68 75=124.80 90=197.50 95=261.89 99=488.96 99.9=779.77 99.99=7856.13]
2025-04-22 06:38:21 11 sec: 14476 operations; [READ: Count=7282 Max=2842.62 Min=3.42 Avg=91.94 10=20.83 25=27.41 50=38.11 75=59.68 90=167.81 95=389.12 99=1061.89 99.9=2191.36 99.99=2570.24] [UPDATE: Count=7194 Max=33030.14 Min=9.10 Avg=169.64 10=38.69 25=50.85 50=71.55 75=116.73 90=227.97 95=479.49 99=1290.24 99.9=13025.28 99.99=27262.97]
2025-04-22 06:38:22 12 sec: 24772 operations; [READ: Count=12475 Max=2842.62 Min=3.42 Avg=85.35 10=21.33 25=28.13 50=39.52 75=60.73 90=152.96 95=315.65 99=944.64 99.9=1713.15 99.99=2570.24] [UPDATE: Count=12297 Max=33030.14 Min=9.10 Avg=147.31 10=39.49 25=50.85 50=69.12 75=109.25 90=210.05 95=416.25 99=1148.93 99.9=10051.58 99.99=27262.97]
2025-04-22 06:38:23 13 sec: 28696 operations; [READ: Count=14401 Max=3651.58 Min=3.42 Avg=96.93 10=21.49 25=28.34 50=39.39 75=59.68 90=160.25 95=414.21 99=1171.45 99.9=2125.82 99.99=2842.62] [UPDATE: Count=14295 Max=33030.14 Min=9.10 Avg=173.17 10=39.17 25=50.11 50=67.71 75=106.37 90=224.38 95=540.16 99=1549.31 99.9=10977.28 99.99=27262.97]
2025-04-22 06:38:24 14 sec: 36570 operations; [READ: Count=18318 Max=3651.58 Min=3.42 Avg=98.90 10=21.68 25=28.78 50=39.97 75=60.67 90=160.90 95=440.06 99=1186.82 99.9=2033.66 99.99=2826.24] [UPDATE: Count=18252 Max=33030.14 Min=9.10 Avg=167.05 10=39.07 25=49.79 50=66.62 75=102.02 90=216.83 95=559.62 99=1449.98 99.9=10395.65 99.99=23576.58]
2025-04-22 06:38:25 15 sec: 45490 operations; [READ: Count=22812 Max=3651.58 Min=3.42 Avg=99.47 10=21.49 25=28.77 50=40.19 75=61.28 90=162.69 95=463.36 99=1158.14 99.9=1936.38 99.99=2826.24] [UPDATE: Count=22678 Max=33030.14 Min=9.10 Avg=157.95 10=36.83 25=47.65 50=63.97 75=97.09 90=213.76 95=559.62 99=1334.27 99.9=9986.05 99.99=23576.58]
2025-04-22 06:38:26 16 sec: 59145 operations; [READ: Count=29710 Max=3651.58 Min=3.06 Avg=91.59 10=21.30 25=28.72 50=39.81 75=59.20 90=149.76 95=390.14 99=1083.39 99.9=1846.27 99.99=2570.24] [UPDATE: Count=29435 Max=33030.14 Min=8.90 Avg=139.86 10=34.49 25=44.41 50=59.74 75=89.98 90=192.51 95=461.57 99=1214.46 99.9=8953.85 99.99=22347.78]
2025-04-22 06:38:27 17 sec: 71686 operations; [READ: Count=35903 Max=3651.58 Min=2.83 Avg=87.81 10=21.23 25=29.02 50=40.32 75=59.94 90=146.56 95=328.70 99=1031.17 99.9=1753.09 99.99=2433.02] [UPDATE: Count=35783 Max=33030.14 Min=8.90 Avg=130.58 10=33.92 25=43.68 50=58.85 75=88.19 90=184.83 95=410.37 99=1144.83 99.9=8560.64 99.99=21889.02]
2025-04-22 06:38:28 18 sec: 82339 operations; [READ: Count=41287 Max=3651.58 Min=2.83 Avg=86.28 10=20.40 25=28.27 50=39.71 75=59.87 90=148.74 95=319.49 99=998.91 99.9=1720.32 99.99=2433.02] [UPDATE: Count=41052 Max=33030.14 Min=7.39 Avg=127.87 10=32.67 25=42.75 50=58.14 75=87.74 90=187.90 95=404.99 99=1121.28 99.9=7938.05 99.99=21889.02]
2025-04-22 06:38:29 19 sec: 95484 operations; [READ: Count=47862 Max=3651.58 Min=2.83 Avg=83.05 10=19.79 25=27.45 50=38.78 75=58.37 90=145.02 95=295.94 99=962.05 99.9=1679.36 99.99=2404.35] [UPDATE: Count=47622 Max=33030.14 Min=7.39 Avg=122.24 10=31.74 25=41.79 50=56.99 75=84.99 90=181.76 95=379.13 99=1090.56 99.9=7294.98 99.99=17711.10]
2025-04-22 06:38:30 20 sec: 109595 operations; [READ: Count=54874 Max=3651.58 Min=2.83 Avg=79.97 10=19.07 25=26.67 50=37.76 75=56.58 90=140.54 95=277.50 99=933.38 99.9=1668.10 99.99=2570.24] [UPDATE: Count=54721 Max=33030.14 Min=7.39 Avg=116.81 10=30.67 25=40.73 50=55.84 75=82.56 90=174.97 95=352.25 99=1065.98 99.9=6217.73 99.99=17711.10]
2025-04-22 06:38:31 21 sec: 125239 operations; [READ: Count=62634 Max=3651.58 Min=2.83 Avg=76.46 10=18.69 25=26.03 50=36.86 75=54.88 90=134.53 95=253.57 99=900.10 99.9=1650.69 99.99=2433.02] [UPDATE: Count=62605 Max=33030.14 Min=7.39 Avg=111.40 10=29.90 25=39.90 50=54.88 75=80.32 90=167.68 95=329.98 99=1019.90 99.9=5705.73 99.99=17301.50]
2025-04-22 06:38:32 22 sec: 141493 operations; [READ: Count=70786 Max=3651.58 Min=2.83 Avg=73.30 10=18.30 25=25.44 50=36.06 75=53.28 90=127.49 95=234.24 99=873.47 99.9=1623.04 99.99=2433.02] [UPDATE: Count=70707 Max=33030.14 Min=7.39 Avg=106.87 10=29.10 25=39.10 50=53.92 75=78.46 90=159.49 95=306.18 99=988.67 99.9=4812.80 99.99=16924.67]
2025-04-22 06:38:33 23 sec: 161186 operations; [READ: Count=80579 Max=3651.58 Min=2.54 Avg=69.23 10=17.61 25=24.48 50=34.85 75=51.23 90=116.80 95=209.53 99=847.36 99.9=1562.62 99.99=2404.35] [UPDATE: Count=80607 Max=33030.14 Min=7.39 Avg=101.06 10=27.65 25=37.50 50=52.22 75=75.71 90=149.25 95=272.64 99=959.49 99.9=3657.73 99.99=16302.08]
2025-04-22 06:38:34 24 sec: 179343 operations; [READ: Count=89794 Max=3651.58 Min=2.54 Avg=66.40 10=17.28 25=24.19 50=34.43 75=50.49 90=104.25 95=192.51 99=820.74 99.9=1538.05 99.99=2381.82] [UPDATE: Count=89549 Max=33030.14 Min=7.39 Avg=97.64 10=27.14 25=37.05 50=51.74 75=74.56 90=142.08 95=247.68 99=937.98 99.9=3397.63 99.99=16146.43]
2025-04-22 06:38:35 25 sec: 190353 operations; [READ: Count=95304 Max=3651.58 Min=2.54 Avg=67.11 10=17.33 25=24.30 50=34.69 75=51.04 90=110.33 95=200.70 99=805.89 99.9=1536.00 99.99=2320.38] [UPDATE: Count=95049 Max=33030.14 Min=7.39 Avg=97.82 10=27.21 25=37.15 50=51.87 75=74.94 90=144.90 95=257.54 99=926.21 99.9=3207.17 99.99=13025.28]
2025-04-22 06:38:36 26 sec: 199271 operations; [READ: Count=99758 Max=3651.58 Min=2.54 Avg=68.42 10=17.38 25=24.43 50=34.98 75=51.90 90=120.06 95=212.35 99=799.74 99.9=1523.71 99.99=2320.38] [UPDATE: Count=99513 Max=33030.14 Min=7.39 Avg=99.05 10=27.33 25=37.25 50=52.19 75=75.90 90=151.81 95=274.43 99=922.11 99.9=3151.87 99.99=13025.28]
2025-04-22 06:38:37 27 sec: 207582 operations; [READ: Count=103871 Max=3651.58 Min=2.54 Avg=70.02 10=17.38 25=24.50 50=35.17 75=52.64 90=127.61 95=229.38 99=794.11 99.9=1523.71 99.99=2320.38] [UPDATE: Count=103711 Max=33030.14 Min=7.39 Avg=100.28 10=27.31 25=37.25 50=52.32 75=76.67 90=157.95 95=291.58 99=922.62 99.9=3119.10 99.99=13025.28]
2025-04-22 06:38:38 28 sec: 215113 operations; [READ: Count=107582 Max=3651.58 Min=2.54 Avg=71.72 10=17.36 25=24.54 50=35.33 75=53.38 90=132.99 95=241.92 99=805.38 99.9=1531.90 99.99=2314.24] [UPDATE: Count=107531 Max=33030.14 Min=7.39 Avg=101.82 10=27.28 25=37.25 50=52.41 75=77.57 90=163.46 95=310.01 99=933.38 99.9=3102.72 99.99=12836.86]
2025-04-22 06:38:39 29 sec: 223181 operations; [READ: Count=111620 Max=3651.58 Min=2.54 Avg=73.13 10=17.38 25=24.64 50=35.58 75=54.34 90=138.11 95=252.67 99=805.89 99.9=1531.90 99.99=2320.38] [UPDATE: Count=111561 Max=33030.14 Min=7.39 Avg=103.01 10=27.30 25=37.31 50=52.67 75=78.78 90=168.32 95=317.95 99=933.38 99.9=3088.38 99.99=12836.86]
2025-04-22 06:38:40 30 sec: 230936 operations; [READ: Count=115514 Max=3651.58 Min=2.54 Avg=74.63 10=17.41 25=24.72 50=35.81 75=55.39 90=143.23 95=264.45 99=802.82 99.9=1523.71 99.99=2314.24] [UPDATE: Count=115422 Max=33030.14 Min=7.39 Avg=104.19 10=27.30 25=37.38 50=52.86 75=80.06 90=173.82 95=329.21 99=927.74 99.9=3102.72 99.99=12165.12]
2025-04-22 06:38:41 31 sec: 239907 operations; [READ: Count=119944 Max=3651.58 Min=2.54 Avg=75.50 10=17.25 25=24.61 50=35.81 75=56.06 90=146.56 95=273.66 99=798.72 99.9=1523.71 99.99=2314.24] [UPDATE: Count=119963 Max=33030.14 Min=7.39 Avg=104.86 10=27.05 25=37.18 50=52.77 75=80.89 90=177.79 95=337.66 99=922.62 99.9=3102.72 99.99=12165.12]
2025-04-22 06:38:42 32 sec: 249438 operations; [READ: Count=124696 Max=3651.58 Min=2.54 Avg=76.23 10=17.05 25=24.43 50=35.68 75=56.41 90=149.76 95=281.60 99=798.21 99.9=1515.52 99.99=2314.24] [UPDATE: Count=124742 Max=33030.14 Min=7.39 Avg=105.17 10=26.80 25=36.90 50=52.51 75=81.53 90=180.74 95=344.32 99=920.06 99.9=3061.76 99.99=12165.12]
2025-04-22 06:38:43 33 sec: 259675 operations; [READ: Count=129762 Max=3651.58 Min=2.54 Avg=76.69 10=16.89 25=24.24 50=35.55 75=56.70 90=151.81 95=286.98 99=792.06 99.9=1511.42 99.99=2301.95] [UPDATE: Count=129913 Max=33030.14 Min=7.39 Avg=105.15 10=26.51 25=36.54 50=52.16 75=81.73 90=182.66 95=346.62 99=920.06 99.9=2945.02 99.99=11476.99]
2025-04-22 06:38:44 34 sec: 270577 operations; [READ: Count=135174 Max=3651.58 Min=2.54 Avg=76.85 10=16.70 25=24.03 50=35.33 75=56.61 90=152.45 95=289.28 99=800.77 99.9=1523.71 99.99=2279.42] [UPDATE: Count=135403 Max=33030.14 Min=7.39 Avg=104.95 10=26.24 25=36.22 50=51.71 75=81.47 90=182.91 95=348.16 99=922.11 99.9=2908.16 99.99=11345.92]
2025-04-22 06:38:45 35 sec: 279328 operations; [READ: Count=139543 Max=3651.58 Min=2.54 Avg=77.61 10=16.61 25=23.95 50=35.36 75=57.79 90=155.78 95=294.14 99=790.53 99.9=1510.40 99.99=2279.42] [UPDATE: Count=139785 Max=33030.14 Min=7.39 Avg=105.59 10=26.06 25=36.06 50=51.71 75=83.07 90=186.62 95=353.54 99=917.50 99.9=2852.86 99.99=11345.92]
2025-04-22 06:38:46 36 sec: 287796 operations; [READ: Count=143829 Max=3651.58 Min=2.54 Avg=78.55 10=16.53 25=23.86 50=35.39 75=59.04 90=159.36 95=302.85 99=784.38 99.9=1504.26 99.99=2279.42] [UPDATE: Count=143967 Max=33030.14 Min=7.39 Avg=106.15 10=25.92 25=35.90 50=51.71 75=84.80 90=189.57 95=358.65 99=913.41 99.9=2832.38 99.99=11345.92]
2025-04-22 06:38:47 37 sec: 295415 operations; [READ: Count=147624 Max=3651.58 Min=2.54 Avg=79.53 10=16.50 25=23.84 50=35.42 75=60.26 90=163.07 95=310.78 99=782.85 99.9=1501.18 99.99=2256.89] [UPDATE: Count=147791 Max=33030.14 Min=7.39 Avg=107.12 10=25.89 25=35.84 50=51.74 75=86.72 90=193.15 95=364.29 99=915.97 99.9=2832.38 99.99=11190.27]
2025-04-22 06:38:48 38 sec: 304742 operations; [READ: Count=152327 Max=3651.58 Min=2.54 Avg=80.06 10=16.43 25=23.74 50=35.39 75=61.92 90=164.99 95=313.34 99=775.17 99.9=1484.80 99.99=2256.89] [UPDATE: Count=152415 Max=33030.14 Min=7.39 Avg=107.39 10=25.77 25=35.62 50=51.71 75=89.47 90=194.69 95=365.31 99=911.87 99.9=2807.81 99.99=11190.27]
2025-04-22 06:38:49 39 sec: 315089 operations; [READ: Count=157500 Max=3651.58 Min=2.54 Avg=80.28 10=16.25 25=23.49 50=35.36 75=63.94 90=165.50 95=314.62 99=766.46 99.9=1477.63 99.99=2256.89] [UPDATE: Count=157589 Max=33030.14 Min=7.39 Avg=107.30 10=25.36 25=35.13 50=51.62 75=92.48 90=194.94 95=365.57 99=903.17 99.9=2783.23 99.99=11059.20]
2025-04-22 06:38:50 40 sec: 329936 operations; [READ: Count=164985 Max=3651.58 Min=2.54 Avg=79.38 10=15.94 25=22.98 50=35.20 75=67.45 90=161.28 95=303.36 99=749.57 99.9=1456.13 99.99=2256.89] [UPDATE: Count=164951 Max=33030.14 Min=7.39 Avg=105.76 10=24.70 25=34.40 50=51.49 75=95.74 90=190.59 95=356.61 99=884.74 99.9=2668.54 99.99=11059.20]
2025-04-22 06:38:51 41 sec: 346032 operations; [READ: Count=173028 Max=3651.58 Min=2.54 Avg=78.35 10=15.59 25=22.43 50=35.10 75=72.89 90=157.06 95=291.84 99=736.25 99.9=1443.84 99.99=2254.85] [UPDATE: Count=173004 Max=33030.14 Min=7.39 Avg=103.88 10=24.06 25=33.57 50=51.33 75=97.53 90=184.70 95=345.09 99=866.82 99.9=2580.48 99.99=10977.28]
2025-04-22 06:38:52 42 sec: 362269 operations; [READ: Count=181121 Max=3651.58 Min=2.09 Avg=77.36 10=15.23 25=21.90 50=34.98 75=79.23 90=152.96 95=281.86 99=721.41 99.9=1431.55 99.99=2224.13] [UPDATE: Count=181148 Max=33030.14 Min=7.39 Avg=102.14 10=23.49 25=32.72 50=51.13 75=98.30 90=179.97 95=333.57 99=846.34 99.9=2529.28 99.99=10395.65]
2025-04-22 06:38:53 43 sec: 378497 operations; [READ: Count=189258 Max=3651.58 Min=2.09 Avg=76.50 10=14.94 25=21.44 50=34.85 75=83.90 90=149.63 95=271.87 99=709.63 99.9=1410.05 99.99=2191.36] [UPDATE: Count=189239 Max=33030.14 Min=7.39 Avg=100.52 10=23.05 25=31.95 50=50.94 75=98.88 90=175.10 95=322.05 99=826.88 99.9=2496.51 99.99=10338.30]
2025-04-22 06:38:54 44 sec: 391617 operations; [READ: Count=195854 Max=3651.58 Min=2.09 Avg=76.23 10=14.70 25=21.12 50=34.75 75=85.95 90=148.48 95=269.82 99=699.90 99.9=1404.93 99.99=2177.02] [UPDATE: Count=195763 Max=33030.14 Min=7.39 Avg=99.92 10=22.75 25=31.41 50=50.81 75=99.52 90=173.95 95=319.74 99=816.13 99.9=2449.41 99.99=10141.69]
2025-04-22 06:38:55 45 sec: 407860 operations; [READ: Count=203935 Max=3651.58 Min=2.09 Avg=75.45 10=14.42 25=20.77 50=34.66 75=87.49 90=145.41 95=260.22 99=686.08 99.9=1385.47 99.99=2177.02] [UPDATE: Count=203925 Max=33030.14 Min=7.39 Avg=98.51 10=22.43 25=30.83 50=50.69 75=99.84 90=169.98 95=310.53 99=801.28 99.9=2430.97 99.99=10141.69]
2025-04-22 06:38:56 46 sec: 421437 operations; [READ: Count=210635 Max=3651.58 Min=2.09 Avg=75.20 10=14.21 25=20.54 50=34.56 75=88.58 90=144.77 95=257.79 99=677.89 99.9=1381.38 99.99=2148.35] [UPDATE: Count=210802 Max=33030.14 Min=7.39 Avg=97.84 10=22.18 25=30.37 50=50.53 75=100.42 90=168.96 95=307.20 99=787.46 99.9=2351.10 99.99=10108.93]
2025-04-22 06:38:57 47 sec: 436543 operations; [READ: Count=218113 Max=3651.58 Min=2.09 Avg=74.71 10=13.94 25=20.30 50=34.40 75=89.28 90=143.36 95=253.06 99=666.62 99.9=1376.26 99.99=2138.11] [UPDATE: Count=218430 Max=33030.14 Min=7.25 Avg=96.86 10=21.95 25=29.87 50=50.34 75=100.67 90=166.66 95=301.31 99=773.63 99.9=2304.00 99.99=10051.58]
2025-04-22 06:38:58 48 sec: 451395 operations; [READ: Count=225584 Max=3651.58 Min=2.09 Avg=74.30 10=13.61 25=20.08 50=34.30 75=89.92 90=142.08 95=248.45 99=658.94 99.9=1350.65 99.99=2136.06] [UPDATE: Count=225811 Max=33030.14 Min=7.25 Avg=96.00 10=21.70 25=29.47 50=50.17 75=100.86 90=164.61 95=296.19 99=762.88 99.9=2230.27 99.99=9986.05]
2025-04-22 06:38:59 49 sec: 463920 operations; [READ: Count=231872 Max=3651.58 Min=2.09 Avg=74.31 10=13.35 25=19.89 50=34.21 75=90.43 90=141.69 95=249.09 99=655.87 99.9=1346.56 99.99=2136.06] [UPDATE: Count=232048 Max=33030.14 Min=7.25 Avg=95.67 10=21.52 25=29.15 50=50.05 75=101.18 90=164.09 95=295.68 99=758.27 99.9=2195.45 99.99=9986.05]
2025-04-22 06:39:00 50 sec: 478449 operations; [READ: Count=239057 Max=3651.58 Min=2.09 Avg=74.01 10=13.05 25=19.73 50=34.08 75=90.94 90=140.93 95=245.89 99=646.65 99.9=1340.41 99.99=2127.87] [UPDATE: Count=239392 Max=33030.14 Min=7.25 Avg=94.93 10=21.28 25=28.85 50=49.85 75=101.50 90=162.69 95=290.30 99=747.01 99.9=2179.07 99.99=9904.13]
2025-04-22 06:39:01 51 sec: 493525 operations; [READ: Count=246596 Max=3651.58 Min=2.09 Avg=73.58 10=12.69 25=19.57 50=33.92 75=91.33 90=139.90 95=241.41 99=637.95 99.9=1328.13 99.99=2125.82] [UPDATE: Count=246929 Max=33030.14 Min=7.25 Avg=94.20 10=21.04 25=28.54 50=49.63 75=101.82 90=161.15 95=285.95 99=734.72 99.9=2131.97 99.99=9854.98]
2025-04-22 06:39:02 52 sec: 508662 operations; [READ: Count=254137 Max=3651.58 Min=2.09 Avg=73.16 10=12.29 25=19.39 50=33.76 75=91.65 90=139.01 95=238.08 99=629.25 99.9=1321.98 99.99=2125.82] [UPDATE: Count=254525 Max=33030.14 Min=7.25 Avg=93.50 10=20.80 25=28.27 50=49.44 75=102.02 90=159.87 95=281.34 99=723.97 99.9=2101.25 99.99=9854.98]
2025-04-22 06:39:03 53 sec: 524290 operations; [READ: Count=261978 Max=3651.58 Min=2.09 Avg=72.72 10=11.95 25=19.25 50=33.57 75=91.84 90=137.85 95=234.62 99=624.64 99.9=1312.77 99.99=2117.63] [UPDATE: Count=262312 Max=33030.14 Min=7.25 Avg=92.74 10=20.57 25=28.03 50=49.22 75=102.02 90=158.21 95=276.74 99=714.24 99.9=2075.65 99.99=9764.86]
2025-04-22 06:39:04 54 sec: 539340 operations; [READ: Count=269604 Max=3651.58 Min=2.09 Avg=72.36 10=11.64 25=19.09 50=33.38 75=91.90 90=136.83 95=231.81 99=617.47 99.9=1302.53 99.99=2097.15] [UPDATE: Count=269736 Max=33030.14 Min=7.25 Avg=92.15 10=20.34 25=27.79 50=48.96 75=102.02 90=156.93 95=273.66 99=705.02 99.9=2041.86 99.99=9420.80]
2025-04-22 06:39:05 55 sec: 554951 operations; [READ: Count=277487 Max=3651.58 Min=2.09 Avg=71.94 10=11.36 25=18.99 50=33.15 75=92.03 90=135.68 95=228.61 99=609.28 99.9=1300.48 99.99=2078.72] [UPDATE: Count=277464 Max=33030.14 Min=7.25 Avg=91.50 10=20.16 25=27.63 50=48.70 75=102.14 90=155.26 95=270.33 99=697.86 99.9=2016.26 99.99=8953.85]
2025-04-22 06:39:06 56 sec: 571274 operations; [READ: Count=285669 Max=3651.58 Min=2.09 Avg=71.47 10=11.10 25=18.88 50=32.96 75=92.16 90=134.40 95=224.38 99=600.58 99.9=1281.02 99.99=2078.72] [UPDATE: Count=285605 Max=33030.14 Min=7.25 Avg=90.75 10=19.97 25=27.45 50=48.45 75=102.21 90=153.73 95=265.73 99=685.57 99.9=1969.15 99.99=8953.85]
2025-04-22 06:39:07 57 sec: 588580 operations; [READ: Count=294274 Max=3651.58 Min=2.09 Avg=70.89 10=10.86 25=18.75 50=32.69 75=92.09 90=132.99 95=219.13 99=592.89 99.9=1275.90 99.99=2078.72] [UPDATE: Count=294306 Max=33030.14 Min=7.25 Avg=89.91 10=19.74 25=27.23 50=48.16 75=102.08 90=151.68 95=260.61 99=675.33 99.9=1949.69 99.99=8953.85]
2025-04-22 06:39:08 58 sec: 605067 operations; [READ: Count=302542 Max=3651.58 Min=2.09 Avg=70.47 10=10.65 25=18.64 50=32.48 75=92.16 90=132.09 95=215.55 99=586.24 99.9=1267.71 99.99=2066.43] [UPDATE: Count=302525 Max=33030.14 Min=7.25 Avg=89.21 10=19.52 25=27.05 50=47.87 75=102.02 90=150.14 95=256.51 99=667.65 99.9=1928.19 99.99=8953.85]
2025-04-22 06:39:09 59 sec: 619888 operations; [READ: Count=309939 Max=3651.58 Min=2.09 Avg=70.26 10=10.47 25=18.51 50=32.26 75=92.16 90=131.58 95=214.53 99=583.17 99.9=1259.52 99.99=2038.78] [UPDATE: Count=309949 Max=33030.14 Min=7.25 Avg=88.77 10=19.31 25=26.86 50=47.52 75=102.02 90=149.50 95=254.85 99=661.50 99.9=1920.00 99.99=8937.47]
2025-04-22 06:39:10 60 sec: 636584 operations; [READ: Count=318283 Max=3651.58 Min=2.09 Avg=69.87 10=10.27 25=18.38 50=32.00 75=92.16 90=130.75 95=211.46 99=578.05 99.9=1253.38 99.99=2023.42] [UPDATE: Count=318301 Max=33030.14 Min=7.25 Avg=88.10 10=19.09 25=26.69 50=47.17 75=101.89 90=148.35 95=250.75 99=654.34 99.9=1888.26 99.99=8912.90]
2025-04-22 06:39:11 61 sec: 654146 operations; [READ: Count=327065 Max=3651.58 Min=2.09 Avg=69.38 10=10.14 25=18.29 50=31.76 75=92.09 90=129.66 95=207.62 99=570.88 99.9=1249.28 99.99=2023.42] [UPDATE: Count=327081 Max=33030.14 Min=7.25 Avg=87.35 10=18.93 25=26.54 50=46.81 75=101.82 90=146.69 95=245.25 99=646.65 99.9=1863.68 99.99=8847.36]
2025-04-22 06:39:12 62 sec: 671169 operations; [READ: Count=335503 Max=3651.58 Min=2.09 Avg=68.96 10=10.01 25=18.19 50=31.47 75=92.16 90=128.77 95=204.16 99=563.71 99.9=1241.09 99.99=2011.13] [UPDATE: Count=335666 Max=33030.14 Min=7.25 Avg=86.73 10=18.78 25=26.41 50=46.46 75=101.82 90=145.66 95=241.28 99=637.95 99.9=1842.17 99.99=8839.17]
2025-04-22 06:39:13 63 sec: 690540 operations; [READ: Count=345285 Max=3651.58 Min=2.09 Avg=68.32 10=9.73 25=17.95 50=31.14 75=91.90 90=127.49 95=200.57 99=555.52 99.9=1234.94 99.99=2002.94] [UPDATE: Count=345255 Max=33030.14 Min=7.25 Avg=85.85 10=18.43 25=26.11 50=45.98 75=101.50 90=144.25 95=236.54 99=630.78 99.9=1819.65 99.99=8798.21]
2025-04-22 06:39:14 64 sec: 706124 operations; [READ: Count=353062 Max=3651.58 Min=2.09 Avg=68.14 10=9.51 25=17.76 50=30.88 75=91.78 90=127.23 95=200.19 99=555.52 99.9=1232.89 99.99=2002.94] [UPDATE: Count=353062 Max=33030.14 Min=7.25 Avg=85.41 10=18.13 25=25.86 50=45.60 75=101.38 90=143.74 95=235.13 99=627.71 99.9=1804.29 99.99=8798.21]
2025-04-22 06:39:15 65 sec: 720987 operations; [READ: Count=360563 Max=3651.58 Min=2.09 Avg=68.05 10=9.34 25=17.60 50=30.61 75=91.71 90=127.04 95=200.06 99=556.54 99.9=1235.97 99.99=1985.54] [UPDATE: Count=360424 Max=33030.14 Min=7.25 Avg=85.08 10=17.90 25=25.65 50=45.22 75=101.31 90=143.36 95=233.98 99=626.69 99.9=1796.10 99.99=8724.48]
2025-04-22 06:39:16 66 sec: 737845 operations; [READ: Count=369059 Max=3651.58 Min=2.09 Avg=67.73 10=9.13 25=17.41 50=30.32 75=91.71 90=126.72 95=199.04 99=550.40 99.9=1230.85 99.99=1973.25] [UPDATE: Count=368786 Max=33030.14 Min=7.25 Avg=84.58 10=17.65 25=25.41 50=44.80 75=101.18 90=142.85 95=232.19 99=620.54 99.9=1770.49 99.99=8560.64]
2025-04-22 06:39:17 67 sec: 755351 operations; [READ: Count=377840 Max=3651.58 Min=2.09 Avg=67.36 10=8.95 25=17.23 50=29.98 75=91.65 90=126.27 95=197.50 99=545.28 99.9=1224.70 99.99=1960.96] [UPDATE: Count=377511 Max=33030.14 Min=7.25 Avg=84.03 10=17.39 25=25.17 50=44.29 75=101.12 90=142.21 95=230.14 99=615.42 99.9=1745.92 99.99=8503.30]
2025-04-22 06:39:18 68 sec: 774233 operations; [READ: Count=387311 Max=3651.58 Min=2.09 Avg=66.90 10=8.77 25=17.02 50=29.66 75=91.52 90=125.57 95=195.46 99=539.65 99.9=1219.58 99.99=1944.58] [UPDATE: Count=386922 Max=33030.14 Min=7.25 Avg=83.33 10=17.10 25=24.89 50=43.77 75=100.86 90=141.31 95=226.81 99=608.25 99.9=1724.41 99.99=8220.67]
2025-04-22 06:39:19 69 sec: 791446 operations; [READ: Count=395815 Max=3651.58 Min=2.09 Avg=66.57 10=8.61 25=16.85 50=29.34 75=91.39 90=125.06 95=194.30 99=535.55 99.9=1212.41 99.99=1936.38] [UPDATE: Count=395631 Max=33030.14 Min=7.25 Avg=82.88 10=16.88 25=24.66 50=43.36 75=100.73 90=140.67 95=225.15 99=604.16 99.9=1696.77 99.99=8163.33]
2025-04-22 06:39:20 70 sec: 809589 operations; [READ: Count=404883 Max=3651.58 Min=2.09 Avg=66.20 10=8.44 25=16.66 50=29.01 75=91.26 90=124.54 95=193.02 99=530.94 99.9=1206.27 99.99=1936.38] [UPDATE: Count=404706 Max=33030.14 Min=7.25 Avg=82.34 10=16.64 25=24.41 50=42.94 75=100.61 90=140.03 95=222.85 99=599.04 99.9=1682.43 99.99=8163.33]
2025-04-22 06:39:21 71 sec: 828122 operations; [READ: Count=414201 Max=3651.58 Min=2.09 Avg=65.79 10=8.32 25=16.48 50=28.66 75=91.07 90=123.84 95=191.36 99=527.36 99.9=1203.20 99.99=1930.24] [UPDATE: Count=413921 Max=33030.14 Min=7.25 Avg=81.80 10=16.46 25=24.21 50=42.46 75=100.42 90=139.13 95=220.29 99=592.38 99.9=1670.14 99.99=8163.33]
2025-04-22 06:39:22 72 sec: 848263 operations; [READ: Count=424217 Max=3651.58 Min=2.09 Avg=65.29 10=8.18 25=16.28 50=28.27 75=90.88 90=122.94 95=188.93 99=522.75 99.9=1199.10 99.99=1929.21] [UPDATE: Count=424046 Max=33030.14 Min=7.25 Avg=81.11 10=16.25 25=23.98 50=41.95 75=100.16 90=137.98 95=217.09 99=586.75 99.9=1649.66 99.99=8114.18]
2025-04-22 06:39:23 73 sec: 867929 operations; [READ: Count=434094 Max=3651.58 Min=2.09 Avg=64.86 10=8.04 25=16.09 50=27.92 75=90.69 90=122.24 95=187.26 99=518.14 99.9=1192.96 99.99=1916.93] [UPDATE: Count=433835 Max=33030.14 Min=7.25 Avg=80.49 10=16.05 25=23.74 50=41.41 75=99.90 90=137.22 95=215.04 99=580.61 99.9=1633.28 99.99=7938.05]
2025-04-22 06:39:24 74 sec: 884837 operations; [READ: Count=442556 Max=3651.58 Min=2.09 Avg=64.64 10=7.96 25=15.97 50=27.60 75=90.62 90=121.92 95=186.88 99=516.61 99.9=1188.86 99.99=1916.93] [UPDATE: Count=442281 Max=33030.14 Min=7.25 Avg=80.16 10=15.96 25=23.58 50=40.93 75=99.78 90=136.70 95=214.66 99=578.56 99.9=1607.68 99.99=7856.13]
2025-04-22 06:39:25 75 sec: 902143 operations; [READ: Count=451126 Max=3651.58 Min=2.09 Avg=64.42 10=7.93 25=15.88 50=27.30 75=90.56 90=121.66 95=186.37 99=514.05 99.9=1184.77 99.99=1914.88] [UPDATE: Count=451017 Max=33030.14 Min=7.25 Avg=79.78 10=15.91 25=23.49 50=40.38 75=99.71 90=136.32 95=213.63 99=574.46 99.9=1596.41 99.99=7823.36]
2025-04-22 06:39:26 76 sec: 918079 operations; [READ: Count=459060 Max=3651.58 Min=2.09 Avg=64.28 10=7.96 25=15.82 50=27.14 75=90.62 90=121.47 95=185.98 99=510.46 99.9=1176.58 99.99=1914.88] [UPDATE: Count=459019 Max=33030.14 Min=6.91 Avg=79.56 10=15.91 25=23.44 50=40.06 75=99.78 90=136.06 95=213.12 99=570.88 99.9=1593.34 99.99=7806.98]
2025-04-22 06:39:27 77 sec: 931802 operations; [READ: Count=466032 Max=3651.58 Min=2.09 Avg=64.32 10=8.00 25=15.79 50=27.09 75=90.81 90=121.60 95=185.85 99=508.16 99.9=1171.45 99.99=1892.35] [UPDATE: Count=465770 Max=33030.14 Min=6.91 Avg=79.53 10=15.95 25=23.42 50=39.94 75=99.97 90=136.19 95=213.12 99=568.32 99.9=1583.10 99.99=7798.78]
2025-04-22 06:39:28 78 sec: 944895 operations; [READ: Count=472616 Max=3651.58 Min=2.09 Avg=64.41 10=8.05 25=15.78 50=27.02 75=90.94 90=121.92 95=186.50 99=508.42 99.9=1168.38 99.99=1892.35] [UPDATE: Count=472279 Max=33030.14 Min=6.91 Avg=79.53 10=16.01 25=23.42 50=39.77 75=100.09 90=136.45 95=213.38 99=567.29 99.9=1579.01 99.99=7798.78]
2025-04-22 06:39:29 79 sec: 957657 operations; [READ: Count=478956 Max=3651.58 Min=2.09 Avg=64.50 10=8.08 25=15.75 50=26.91 75=91.07 90=122.11 95=187.13 99=510.46 99.9=1167.36 99.99=1889.28] [UPDATE: Count=478701 Max=33030.14 Min=6.91 Avg=79.59 10=16.06 25=23.42 50=39.52 75=100.22 90=136.57 95=214.14 99=568.83 99.9=1577.98 99.99=7757.82]
2025-04-22 06:39:30 80 sec: 969898 operations; [READ: Count=485088 Max=3651.58 Min=2.09 Avg=64.65 10=8.12 25=15.74 50=26.89 75=91.20 90=122.43 95=187.52 99=511.49 99.9=1168.38 99.99=1889.28] [UPDATE: Count=484810 Max=33030.14 Min=6.91 Avg=79.66 10=16.10 25=23.42 50=39.42 75=100.35 90=136.83 95=214.66 99=568.32 99.9=1569.79 99.99=7757.82]
2025-04-22 06:39:31 81 sec: 978922 operations; [READ: Count=489639 Max=3651.58 Min=2.09 Avg=65.01 10=8.14 25=15.76 50=26.94 75=91.45 90=123.20 95=189.44 99=515.07 99.9=1169.41 99.99=1889.28] [UPDATE: Count=489283 Max=33030.14 Min=6.91 Avg=80.00 10=16.14 25=23.44 50=39.45 75=100.61 90=137.60 95=216.83 99=571.90 99.9=1577.98 99.99=7696.38]
2025-04-22 06:39:32 82 sec: 987453 operations; [READ: Count=494008 Max=3651.58 Min=2.09 Avg=65.40 10=8.17 25=15.78 50=27.05 75=91.71 90=124.09 95=192.00 99=518.14 99.9=1169.41 99.99=1892.35] [UPDATE: Count=493445 Max=33030.14 Min=6.91 Avg=80.37 10=16.17 25=23.47 50=39.58 75=100.86 90=138.50 95=219.26 99=575.49 99.9=1583.10 99.99=7696.38]
2025-04-22 06:39:33 83 sec: 994878 operations; [READ: Count=497768 Max=3651.58 Min=2.09 Avg=65.88 10=8.18 25=15.81 50=27.17 75=91.90 90=125.06 95=194.43 99=523.52 99.9=1180.67 99.99=1914.88] [UPDATE: Count=497110 Max=33030.14 Min=6.91 Avg=80.80 10=16.20 25=23.50 50=39.68 75=101.06 90=139.52 95=222.21 99=580.61 99.9=1594.37 99.99=7696.38]
2025-04-22 06:39:34 84 sec: 1000000 operations; [READ: Count=500345 Max=3651.58 Min=2.09 Avg=66.35 10=8.20 25=15.83 50=27.25 75=92.09 90=126.02 95=197.63 99=527.87 99.9=1190.91 99.99=1916.93] [UPDATE: Count=499655 Max=33030.14 Min=6.91 Avg=81.30 10=16.21 25=23.52 50=39.81 75=101.25 90=140.67 95=226.30 99=586.75 99.9=1596.41 99.99=7696.38]
Run runtime(sec): 84.0199
Run operations(ops): 1000000
Run throughput(ops/sec): 11901.9
