Running scope as unit: run-r15225c95fea649a481221d90bd200be6.scope
load file:/home/user/DataFiles/silesia_data/silesia.tar
2025-04-22 06:38:10 0 sec: 0 operations;
2025-04-22 06:38:11 1 sec: 0 operations;
2025-04-22 06:38:12 2 sec: 0 operations;
2025-04-22 06:38:13 3 sec: 0 operations;
2025-04-22 06:38:14 4 sec: 0 operations;
2025-04-22 06:38:15 5 sec: 0 operations;
2025-04-22 06:38:16 6 sec: 0 operations;
2025-04-22 06:38:17 7 sec: 0 operations;
2025-04-22 06:38:18 8 sec: 0 operations;
2025-04-22 06:38:19 9 sec: 0 operations;
2025-04-22 06:38:20 10 sec: 7942 operations; [READ: Count=4000 Max=970.24 Min=6.64 Avg=98.45 10=24.50 25=31.50 50=48.29 75=140.41 90=209.15 95=314.88 99=516.61 99.9=698.88 99.99=970.24] [UPDATE: Count=3942 Max=3164.16 Min=23.04 Avg=137.96 10=48.06 25=62.40 50=91.84 75=178.69 90=261.38 95=367.10 99=590.85 99.9=1175.55 99.99=3164.16]
2025-04-22 06:38:21 11 sec: 10303 operations; [READ: Count=5171 Max=9076.74 Min=5.01 Avg=145.01 10=24.53 25=31.74 50=48.61 75=148.48 90=340.74 95=632.32 99=1268.73 99.9=2089.98 99.99=2822.14] [UPDATE: Count=5132 Max=33456.13 Min=17.65 Avg=230.68 10=45.66 25=59.49 50=88.32 75=191.49 90=399.62 95=663.04 99=1422.34 99.9=18202.62 99.99=27394.05]
2025-04-22 06:38:22 12 sec: 16886 operations; [READ: Count=8499 Max=9076.74 Min=4.61 Avg=136.68 10=24.94 25=33.34 50=52.86 75=147.97 90=299.52 95=540.16 99=1144.83 99.9=2029.57 99.99=2822.14] [UPDATE: Count=8387 Max=33456.13 Min=15.80 Avg=210.27 10=46.75 25=61.92 50=93.06 75=190.97 90=368.38 95=621.05 99=1303.55 99.9=11206.66 99.99=27394.05]
2025-04-22 06:38:23 13 sec: 19021 operations; [READ: Count=9554 Max=9076.74 Min=4.61 Avg=159.73 10=24.35 25=32.48 50=51.42 75=151.81 90=400.89 95=743.93 99=1438.72 99.9=2125.82 99.99=2822.14] [UPDATE: Count=9467 Max=33456.13 Min=12.34 Avg=253.19 10=44.03 25=59.17 50=90.69 75=195.58 90=466.69 95=851.46 99=1978.37 99.9=11419.65 99.99=27394.05]
2025-04-22 06:38:24 14 sec: 24635 operations; [READ: Count=12343 Max=9076.74 Min=3.62 Avg=158.94 10=24.46 25=32.77 50=51.33 75=148.35 90=414.98 95=765.95 99=1405.95 99.9=2089.98 99.99=2822.14] [UPDATE: Count=12292 Max=33456.13 Min=12.34 Avg=240.23 10=42.46 25=57.09 50=85.44 75=186.11 90=466.69 95=847.87 99=1814.53 99.9=11198.46 99.99=27394.05]
2025-04-22 06:38:25 15 sec: 30643 operations; [READ: Count=15349 Max=9076.74 Min=3.62 Avg=157.22 10=24.05 25=32.64 50=50.62 75=148.22 90=421.38 95=759.81 99=1354.75 99.9=2082.82 99.99=2508.80] [UPDATE: Count=15294 Max=33456.13 Min=12.28 Avg=228.50 10=39.97 25=53.50 50=80.64 75=179.46 90=467.71 95=839.68 99=1641.47 99.9=11157.50 99.99=23527.42]
2025-04-22 06:38:26 16 sec: 40163 operations; [READ: Count=20019 Max=9076.74 Min=3.33 Avg=142.74 10=22.73 25=31.18 50=47.42 75=140.03 90=354.56 95=681.47 99=1260.54 99.9=1964.03 99.99=2508.80] [UPDATE: Count=20144 Max=33456.13 Min=8.02 Avg=200.52 10=35.33 25=47.97 50=73.79 75=164.35 90=400.13 95=732.16 99=1473.54 99.9=10665.98 99.99=23527.42]
2025-04-22 06:38:27 17 sec: 48085 operations; [READ: Count=23911 Max=9076.74 Min=3.27 Avg=138.19 10=22.77 25=31.41 50=48.80 75=140.41 90=311.30 95=620.03 99=1206.27 99.9=1964.03 99.99=2508.80] [UPDATE: Count=24174 Max=33456.13 Min=8.02 Avg=189.57 10=34.94 25=47.20 50=74.24 75=162.30 90=362.75 95=673.79 99=1391.62 99.9=9936.90 99.99=23527.42]
2025-04-22 06:38:28 18 sec: 55753 operations; [READ: Count=27755 Max=9076.74 Min=3.27 Avg=134.06 10=22.19 25=30.57 50=47.49 75=140.54 90=302.33 95=584.19 99=1156.10 99.9=1938.43 99.99=2435.07] [UPDATE: Count=27998 Max=33456.13 Min=8.02 Avg=184.13 10=33.92 25=45.79 50=71.87 75=162.69 90=356.86 95=640.51 99=1350.65 99.9=9773.06 99.99=20692.99]
2025-04-22 06:38:29 19 sec: 66142 operations; [READ: Count=32938 Max=9076.74 Min=3.27 Avg=125.88 10=20.85 25=28.89 50=44.70 75=136.19 90=274.18 95=531.46 99=1107.97 99.9=1887.23 99.99=2435.07] [UPDATE: Count=33204 Max=33456.13 Min=8.02 Avg=172.15 10=32.24 25=43.45 50=67.52 75=157.31 90=325.63 95=594.43 99=1294.34 99.9=8667.14 99.99=20692.99]
2025-04-22 06:38:30 20 sec: 76668 operations; [READ: Count=38208 Max=9076.74 Min=3.27 Avg=119.95 10=19.82 25=27.55 50=42.40 75=131.20 90=258.05 95=507.39 99=1074.17 99.9=1870.85 99.99=2433.02] [UPDATE: Count=38460 Max=33456.13 Min=8.02 Avg=162.92 10=31.18 25=41.95 50=63.97 75=151.94 90=303.36 95=559.62 99=1252.35 99.9=8040.45 99.99=18923.52]
2025-04-22 06:38:31 21 sec: 88053 operations; [READ: Count=43915 Max=9076.74 Min=3.21 Avg=113.83 10=19.28 25=26.59 50=40.45 75=126.08 90=240.90 95=479.23 99=1041.92 99.9=1831.93 99.99=2433.02] [UPDATE: Count=44138 Max=33456.13 Min=8.02 Avg=154.85 10=30.57 25=41.09 50=61.73 75=147.33 90=288.25 95=534.01 99=1198.08 99.9=7303.17 99.99=18923.52]
2025-04-22 06:38:32 22 sec: 98747 operations; [READ: Count=49336 Max=9076.74 Min=3.21 Avg=110.16 10=19.02 25=26.08 50=39.36 75=121.73 90=232.45 95=470.27 99=1018.37 99.9=1810.43 99.99=2408.45] [UPDATE: Count=49411 Max=33456.13 Min=8.02 Avg=149.47 10=30.30 25=40.67 50=60.51 75=142.72 90=276.99 95=517.63 99=1172.48 99.9=6373.38 99.99=17055.74]
2025-04-22 06:38:33 23 sec: 109021 operations; [READ: Count=54472 Max=9076.74 Min=3.21 Avg=107.48 10=18.88 25=25.81 50=38.56 75=116.93 90=223.62 95=464.64 99=1013.76 99.9=1789.95 99.99=2433.02] [UPDATE: Count=54549 Max=33456.13 Min=8.02 Avg=145.79 10=30.18 25=40.45 50=59.74 75=138.88 90=265.98 95=510.46 99=1165.31 99.9=6066.18 99.99=18202.62]
2025-04-22 06:38:34 24 sec: 119778 operations; [READ: Count=59936 Max=9076.74 Min=3.04 Avg=104.52 10=18.77 25=25.66 50=38.21 75=112.64 90=214.40 95=449.02 99=1005.57 99.9=1767.42 99.99=2408.45] [UPDATE: Count=59842 Max=33456.13 Min=8.02 Avg=142.51 10=30.16 25=40.38 50=59.23 75=135.68 90=256.13 95=497.92 99=1160.19 99.9=5890.05 99.99=17055.74]
2025-04-22 06:38:35 25 sec: 128790 operations; [READ: Count=64439 Max=9076.74 Min=3.04 Avg=104.14 10=18.73 25=25.60 50=38.11 75=112.13 90=218.11 95=447.49 99=991.74 99.9=1764.35 99.99=2433.02] [UPDATE: Count=64351 Max=33456.13 Min=8.02 Avg=140.96 10=30.05 25=40.19 50=58.91 75=135.04 90=257.02 95=492.80 99=1145.86 99.9=5697.53 99.99=17055.74]
2025-04-22 06:38:36 26 sec: 137026 operations; [READ: Count=68574 Max=9076.74 Min=3.04 Avg=104.21 10=18.72 25=25.61 50=38.24 75=114.11 90=222.59 95=444.16 99=976.89 99.9=1755.13 99.99=2408.45] [UPDATE: Count=68452 Max=33456.13 Min=8.02 Avg=140.61 10=29.86 25=40.03 50=58.88 75=136.57 90=262.14 95=488.19 99=1136.64 99.9=5431.30 99.99=16367.61]
2025-04-22 06:38:37 27 sec: 144338 operations; [READ: Count=72191 Max=9076.74 Min=3.04 Avg=105.21 10=18.61 25=25.60 50=38.40 75=116.29 90=229.63 95=446.98 99=969.22 99.9=1751.04 99.99=2408.45] [UPDATE: Count=72147 Max=33456.13 Min=8.02 Avg=140.91 10=29.58 25=39.81 50=58.81 75=138.24 90=269.31 95=489.98 99=1132.54 99.9=4882.43 99.99=16367.61]
2025-04-22 06:38:38 28 sec: 150569 operations; [READ: Count=75323 Max=9076.74 Min=3.04 Avg=106.95 10=18.53 25=25.58 50=38.53 75=118.14 90=236.41 95=452.10 99=980.99 99.9=1764.35 99.99=2433.02] [UPDATE: Count=75246 Max=33456.13 Min=8.02 Avg=142.18 10=29.41 25=39.71 50=58.91 75=140.03 90=276.48 95=495.87 99=1141.76 99.9=4804.61 99.99=16130.05]
2025-04-22 06:38:39 29 sec: 157173 operations; [READ: Count=78558 Max=9076.74 Min=3.04 Avg=108.25 10=18.53 25=25.70 50=39.01 75=120.64 90=239.49 95=451.33 99=980.99 99.9=1780.73 99.99=2457.60] [UPDATE: Count=78615 Max=33456.13 Min=8.02 Avg=142.99 10=29.39 25=39.77 50=59.45 75=142.08 90=279.81 95=496.38 99=1133.57 99.9=4694.02 99.99=16130.05]
2025-04-22 06:38:40 30 sec: 163214 operations; [READ: Count=81548 Max=9076.74 Min=3.04 Avg=109.97 10=18.53 25=25.81 50=39.49 75=123.58 90=246.78 95=454.65 99=976.89 99.9=1779.71 99.99=2496.51] [UPDATE: Count=81666 Max=33456.13 Min=8.02 Avg=144.12 10=29.38 25=39.87 50=60.03 75=144.51 90=284.93 95=497.92 99=1130.49 99.9=4542.46 99.99=16130.05]
2025-04-22 06:38:41 31 sec: 169245 operations; [READ: Count=84544 Max=9076.74 Min=3.04 Avg=111.46 10=18.54 25=25.93 50=40.00 75=125.89 90=252.80 95=457.73 99=969.73 99.9=1769.47 99.99=2496.51] [UPDATE: Count=84701 Max=33456.13 Min=8.02 Avg=145.29 10=29.42 25=40.00 50=60.48 75=146.81 90=290.56 95=500.48 99=1127.42 99.9=4341.76 99.99=16130.05]
2025-04-22 06:38:42 32 sec: 175493 operations; [READ: Count=87779 Max=9076.74 Min=3.04 Avg=112.63 10=18.50 25=25.98 50=40.29 75=127.55 90=258.56 95=459.52 99=964.10 99.9=1768.45 99.99=2457.60] [UPDATE: Count=87714 Max=33456.13 Min=8.02 Avg=146.32 10=29.33 25=40.00 50=60.83 75=148.09 90=296.70 95=502.78 99=1129.47 99.9=4292.61 99.99=13729.79]
2025-04-22 06:38:43 33 sec: 182321 operations; [READ: Count=91241 Max=9076.74 Min=3.04 Avg=113.32 10=18.43 25=26.00 50=40.51 75=128.57 90=261.63 95=459.52 99=962.05 99.9=1764.35 99.99=2457.60] [UPDATE: Count=91080 Max=33456.13 Min=8.02 Avg=146.83 10=29.21 25=39.94 50=60.93 75=148.99 90=300.29 95=505.09 99=1132.54 99.9=4206.59 99.99=13729.79]
2025-04-22 06:38:44 34 sec: 189187 operations; [READ: Count=94689 Max=9076.74 Min=3.04 Avg=114.07 10=18.35 25=25.98 50=40.64 75=129.02 90=264.45 95=461.57 99=966.65 99.9=1785.86 99.99=2504.70] [UPDATE: Count=94498 Max=33456.13 Min=8.02 Avg=147.13 10=29.05 25=39.81 50=60.93 75=149.25 90=301.31 95=505.86 99=1138.69 99.9=4206.59 99.99=13729.79]
2025-04-22 06:38:45 35 sec: 197298 operations; [READ: Count=98770 Max=9076.74 Min=3.04 Avg=113.84 10=18.22 25=25.89 50=40.61 75=129.34 90=264.96 95=458.75 99=959.49 99.9=1769.47 99.99=2496.51] [UPDATE: Count=98528 Max=33456.13 Min=8.02 Avg=146.66 10=28.83 25=39.62 50=60.67 75=149.63 90=302.33 95=503.30 99=1129.47 99.9=4132.86 99.99=12197.89]
2025-04-22 06:38:46 36 sec: 206105 operations; [READ: Count=103248 Max=9076.74 Min=3.04 Avg=113.32 10=18.08 25=25.71 50=40.45 75=129.28 90=264.70 95=455.68 99=951.81 99.9=1764.35 99.99=2496.51] [UPDATE: Count=102857 Max=33456.13 Min=7.54 Avg=145.67 10=28.54 25=39.23 50=60.29 75=149.38 90=302.33 95=499.97 99=1116.16 99.9=4114.43 99.99=12197.89]
2025-04-22 06:38:47 37 sec: 215011 operations; [READ: Count=107641 Max=9076.74 Min=3.01 Avg=112.78 10=17.79 25=25.41 50=40.09 75=129.02 90=264.70 95=452.86 99=945.15 99.9=1757.18 99.99=2457.60] [UPDATE: Count=107370 Max=33456.13 Min=7.54 Avg=144.67 10=28.02 25=38.62 50=59.49 75=148.86 90=302.08 95=498.43 99=1115.13 99.9=4009.98 99.99=11730.94]
2025-04-22 06:38:48 38 sec: 226098 operations; [READ: Count=113126 Max=9076.74 Min=2.87 Avg=111.03 10=17.39 25=24.86 50=39.33 75=127.74 90=259.33 95=446.72 99=933.38 99.9=1754.11 99.99=2435.07] [UPDATE: Count=112972 Max=33456.13 Min=7.54 Avg=142.53 10=27.28 25=37.73 50=58.46 75=147.46 90=298.24 95=491.77 99=1105.92 99.9=3850.24 99.99=11730.94]
2025-04-22 06:38:49 39 sec: 237159 operations; [READ: Count=118660 Max=9076.74 Min=2.87 Avg=109.64 10=16.96 25=24.34 50=38.81 75=126.53 90=255.23 95=441.34 99=926.21 99.9=1746.94 99.99=2435.07] [UPDATE: Count=118499 Max=33456.13 Min=7.54 Avg=140.42 10=26.50 25=36.80 50=57.60 75=145.79 90=292.86 95=485.38 99=1092.61 99.9=3743.74 99.99=11419.65]
2025-04-22 06:38:50 40 sec: 250286 operations; [READ: Count=125167 Max=9076.74 Min=2.87 Avg=107.61 10=16.38 25=23.84 50=39.07 75=123.71 90=246.27 95=428.54 99=905.73 99.9=1732.61 99.99=2433.02] [UPDATE: Count=125119 Max=33456.13 Min=7.54 Avg=137.21 10=25.44 25=36.06 50=57.89 75=142.34 90=282.37 95=471.55 99=1068.03 99.9=3694.59 99.99=11223.04]
2025-04-22 06:38:51 41 sec: 264839 operations; [READ: Count=132379 Max=9076.74 Min=2.40 Avg=105.23 10=15.78 25=23.25 50=39.26 75=120.25 90=236.41 95=414.98 99=888.32 99.9=1703.93 99.99=2433.02] [UPDATE: Count=132460 Max=33456.13 Min=7.54 Avg=133.57 10=24.41 25=35.23 50=58.21 75=138.11 90=268.80 95=457.47 99=1041.41 99.9=3487.74 99.99=11223.04]
2025-04-22 06:38:52 42 sec: 279291 operations; [READ: Count=139474 Max=9076.74 Min=2.40 Avg=103.08 10=15.34 25=22.62 50=39.42 75=117.12 90=227.71 95=402.94 99=873.98 99.9=1693.69 99.99=2422.78] [UPDATE: Count=139817 Max=33456.13 Min=7.35 Avg=130.39 10=23.66 25=34.43 50=58.53 75=134.27 90=258.56 95=444.42 99=1019.90 99.9=3262.46 99.99=11206.66]
2025-04-22 06:38:53 43 sec: 294712 operations; [READ: Count=147254 Max=9076.74 Min=2.40 Avg=100.77 10=14.78 25=21.93 50=39.49 75=113.92 90=219.39 95=389.89 99=859.13 99.9=1672.19 99.99=2416.64] [UPDATE: Count=147458 Max=33456.13 Min=7.35 Avg=127.18 10=22.82 25=33.50 50=58.69 75=130.18 90=249.47 95=431.10 99=1001.98 99.9=3164.16 99.99=11198.46]
2025-04-22 06:38:54 44 sec: 306952 operations; [READ: Count=153336 Max=9076.74 Min=2.40 Avg=99.76 10=14.51 25=21.45 50=39.62 75=112.64 90=216.19 95=384.00 99=847.87 99.9=1648.64 99.99=2416.64] [UPDATE: Count=153616 Max=33456.13 Min=7.30 Avg=125.52 10=22.34 25=32.83 50=58.85 75=128.19 90=246.14 95=423.68 99=989.18 99.9=3098.62 99.99=11198.46]
2025-04-22 06:38:55 45 sec: 322674 operations; [READ: Count=161226 Max=9076.74 Min=2.40 Avg=97.75 10=14.15 25=20.83 50=39.68 75=109.76 90=208.90 95=372.74 99=834.05 99.9=1625.09 99.99=2408.45] [UPDATE: Count=161448 Max=33456.13 Min=7.30 Avg=122.68 10=21.74 25=31.89 50=58.94 75=124.61 90=237.95 95=410.62 99=967.17 99.9=3022.85 99.99=11190.27]
2025-04-22 06:38:56 46 sec: 335786 operations; [READ: Count=167700 Max=9076.74 Min=2.40 Avg=96.72 10=14.03 25=20.48 50=39.65 75=108.93 90=205.57 95=366.08 99=822.27 99.9=1613.82 99.99=2404.35] [UPDATE: Count=168086 Max=33456.13 Min=7.30 Avg=120.97 10=21.54 25=31.20 50=58.81 75=122.94 90=234.37 95=402.69 99=952.32 99.9=2932.74 99.99=11157.50]
2025-04-22 06:38:57 47 sec: 350318 operations; [READ: Count=174890 Max=9076.74 Min=2.40 Avg=95.37 10=13.87 25=20.16 50=39.52 75=107.58 90=200.57 95=358.14 99=808.96 99.9=1607.68 99.99=2404.35] [UPDATE: Count=175428 Max=33456.13 Min=7.30 Avg=118.93 10=21.33 25=30.43 50=58.62 75=120.89 90=228.99 95=393.73 99=936.96 99.9=2869.25 99.99=11059.20]
2025-04-22 06:38:58 48 sec: 364968 operations; [READ: Count=182161 Max=9076.74 Min=2.40 Avg=94.12 10=13.73 25=19.86 50=39.42 75=106.37 90=196.09 95=350.46 99=796.16 99.9=1589.25 99.99=2392.06] [UPDATE: Count=182807 Max=33456.13 Min=7.30 Avg=116.97 10=21.10 25=29.74 50=58.37 75=119.04 90=223.87 95=385.54 99=923.13 99.9=2813.95 99.99=11059.20]
2025-04-22 06:38:59 49 sec: 377206 operations; [READ: Count=188205 Max=9076.74 Min=2.40 Avg=93.51 10=13.53 25=19.57 50=39.26 75=105.79 90=194.43 95=348.16 99=790.01 99.9=1577.98 99.99=2369.53] [UPDATE: Count=189001 Max=33456.13 Min=7.30 Avg=115.96 10=20.89 25=29.26 50=58.21 75=118.08 90=221.57 95=382.21 99=910.34 99.9=2766.85 99.99=10960.90]
2025-04-22 06:39:00 50 sec: 391456 operations; [READ: Count=195367 Max=9076.74 Min=2.40 Avg=92.43 10=13.29 25=19.25 50=39.07 75=105.22 90=190.72 95=341.76 99=776.19 99.9=1554.43 99.99=2355.20] [UPDATE: Count=196089 Max=33456.13 Min=7.30 Avg=114.46 10=20.67 25=28.77 50=57.98 75=117.06 90=217.60 95=375.30 99=895.49 99.9=2738.18 99.99=10854.40]
2025-04-22 06:39:01 51 sec: 406211 operations; [READ: Count=202878 Max=9076.74 Min=2.40 Avg=91.31 10=13.01 25=18.94 50=38.91 75=104.51 90=186.24 95=334.85 99=764.41 99.9=1541.12 99.99=2355.20] [UPDATE: Count=203333 Max=33456.13 Min=7.30 Avg=112.92 10=20.41 25=28.27 50=57.73 75=116.03 90=213.50 95=368.64 99=883.71 99.9=2623.49 99.99=10854.40]
2025-04-22 06:39:02 52 sec: 421294 operations; [READ: Count=210293 Max=9076.74 Min=2.40 Avg=90.26 10=12.70 25=18.66 50=38.69 75=103.94 90=182.40 95=328.70 99=754.69 99.9=1528.83 99.99=2349.05] [UPDATE: Count=211001 Max=33456.13 Min=7.30 Avg=111.32 10=20.16 25=27.77 50=57.25 75=114.94 90=209.28 95=362.24 99=868.86 99.9=2596.86 99.99=10706.94]
2025-04-22 06:39:03 53 sec: 436997 operations; [READ: Count=218057 Max=9076.74 Min=2.40 Avg=89.12 10=12.29 25=18.35 50=38.43 75=103.10 90=178.81 95=321.54 99=743.42 99.9=1513.47 99.99=2283.52] [UPDATE: Count=218940 Max=33456.13 Min=7.30 Avg=109.72 10=19.84 25=27.26 50=56.93 75=113.79 90=204.67 95=355.07 99=855.04 99.9=2525.18 99.99=10665.98]
2025-04-22 06:39:04 54 sec: 452141 operations; [READ: Count=225559 Max=9076.74 Min=2.40 Avg=88.18 10=11.86 25=18.05 50=38.21 75=102.27 90=175.62 95=317.18 99=735.74 99.9=1501.18 99.99=2283.52] [UPDATE: Count=226582 Max=33456.13 Min=7.30 Avg=108.35 10=19.50 25=26.78 50=56.61 75=112.70 90=200.83 95=349.95 99=842.75 99.9=2453.50 99.99=10633.22]
2025-04-22 06:39:05 55 sec: 467994 operations; [READ: Count=233514 Max=9076.74 Min=2.40 Avg=87.16 10=11.37 25=17.79 50=38.02 75=101.50 90=171.78 95=311.81 99=724.99 99.9=1491.97 99.99=2283.52] [UPDATE: Count=234480 Max=33456.13 Min=7.30 Avg=106.93 10=19.21 25=26.38 50=56.29 75=111.68 90=196.86 95=343.30 99=828.41 99.9=2394.11 99.99=10633.22]
2025-04-22 06:39:06 56 sec: 484982 operations; [READ: Count=242041 Max=9076.74 Min=2.40 Avg=85.98 10=10.74 25=17.50 50=37.73 75=100.73 90=168.06 95=304.38 99=716.29 99.9=1476.61 99.99=2265.09] [UPDATE: Count=242941 Max=33456.13 Min=7.30 Avg=105.37 10=18.88 25=25.98 50=55.90 75=110.78 90=192.51 95=336.13 99=814.59 99.9=2338.82 99.99=10354.69]
2025-04-22 06:39:07 57 sec: 502553 operations; [READ: Count=250742 Max=9076.74 Min=2.40 Avg=84.78 10=10.18 25=17.23 50=37.44 75=99.90 90=163.97 95=297.21 99=706.05 99.9=1459.20 99.99=2260.99] [UPDATE: Count=251811 Max=33456.13 Min=7.30 Avg=103.79 10=18.53 25=25.58 50=55.55 75=109.76 90=187.90 95=328.45 99=800.25 99.9=2308.09 99.99=10240.00]
2025-04-22 06:39:08 58 sec: 519006 operations; [READ: Count=259059 Max=9076.74 Min=2.14 Avg=83.87 10=9.76 25=17.05 50=37.22 75=99.45 90=161.41 95=291.33 99=696.83 99.9=1438.72 99.99=2260.99] [UPDATE: Count=259947 Max=33456.13 Min=7.30 Avg=102.52 10=18.24 25=25.30 50=55.13 75=109.06 90=184.45 95=322.56 99=788.48 99.9=2275.33 99.99=9936.90]
2025-04-22 06:39:09 59 sec: 533685 operations; [READ: Count=266382 Max=9076.74 Min=2.14 Avg=83.30 10=9.43 25=16.86 50=36.96 75=99.01 90=160.00 95=289.02 99=692.22 99.9=1424.38 99.99=2234.37] [UPDATE: Count=267303 Max=33456.13 Min=7.02 Avg=101.66 10=17.92 25=25.01 50=54.72 75=108.54 90=182.53 95=320.00 99=780.29 99.9=2256.89 99.99=9846.78]
2025-04-22 06:39:10 60 sec: 550073 operations; [READ: Count=274575 Max=9076.74 Min=2.13 Avg=82.52 10=9.15 25=16.69 50=36.73 75=98.56 90=157.82 95=283.65 99=683.52 99.9=1412.10 99.99=2234.37] [UPDATE: Count=275498 Max=33456.13 Min=7.02 Avg=100.51 10=17.60 25=24.75 50=54.27 75=107.90 90=179.58 95=314.62 99=769.53 99.9=2185.22 99.99=9781.25]
2025-04-22 06:39:11 61 sec: 568016 operations; [READ: Count=283427 Max=9076.74 Min=2.13 Avg=81.52 10=8.83 25=16.50 50=36.41 75=97.98 90=154.88 95=276.99 99=673.28 99.9=1401.86 99.99=2230.27] [UPDATE: Count=284589 Max=33456.13 Min=7.02 Avg=99.19 10=17.26 25=24.48 50=53.76 75=107.26 90=176.25 95=307.97 99=755.71 99.9=2131.97 99.99=9781.25]
2025-04-22 06:39:12 62 sec: 585658 operations; [READ: Count=292342 Max=9076.74 Min=2.13 Avg=80.59 10=8.56 25=16.30 50=36.00 75=97.53 90=152.45 95=270.85 99=664.06 99.9=1391.62 99.99=2213.89] [UPDATE: Count=293316 Max=33456.13 Min=7.02 Avg=98.04 10=16.99 25=24.22 50=53.28 75=106.75 90=173.18 95=302.33 99=745.98 99.9=2093.05 99.99=9773.06]
2025-04-22 06:39:13 63 sec: 603774 operations; [READ: Count=301399 Max=9076.74 Min=2.13 Avg=79.69 10=8.34 25=16.14 50=35.65 75=97.02 90=150.14 95=264.70 99=655.87 99.9=1384.45 99.99=2207.74] [UPDATE: Count=302375 Max=33456.13 Min=7.02 Avg=96.83 10=16.70 25=23.98 50=52.73 75=106.17 90=170.37 95=296.19 99=736.25 99.9=2071.55 99.99=9699.33]
2025-04-22 06:39:14 64 sec: 618059 operations; [READ: Count=308546 Max=9076.74 Min=2.13 Avg=79.35 10=8.24 25=16.08 50=35.33 75=96.83 90=149.38 95=263.68 99=653.31 99.9=1376.26 99.99=2195.45] [UPDATE: Count=309513 Max=33456.13 Min=7.02 Avg=96.28 10=16.59 25=23.89 50=52.22 75=105.98 90=169.47 95=294.40 99=731.13 99.9=2029.57 99.99=9699.33]
2025-04-22 06:39:15 65 sec: 631175 operations; [READ: Count=315107 Max=9076.74 Min=2.13 Avg=79.21 10=8.22 25=16.06 50=35.07 75=96.83 90=148.74 95=262.65 99=653.82 99.9=1378.30 99.99=2181.12] [UPDATE: Count=316068 Max=33456.13 Min=7.02 Avg=95.91 10=16.54 25=23.87 50=51.77 75=105.86 90=168.57 95=293.12 99=729.09 99.9=1999.87 99.99=9043.97]
2025-04-22 06:39:16 66 sec: 645684 operations; [READ: Count=322338 Max=9076.74 Min=2.13 Avg=78.83 10=8.22 25=16.04 50=34.75 75=96.83 90=148.09 95=260.35 99=647.68 99.9=1373.18 99.99=2181.12] [UPDATE: Count=323346 Max=33456.13 Min=7.02 Avg=95.40 10=16.54 25=23.86 50=51.33 75=105.92 90=167.55 95=290.81 99=720.38 99.9=1978.37 99.99=9043.97]
2025-04-22 06:39:17 67 sec: 660993 operations; [READ: Count=330117 Max=9076.74 Min=2.13 Avg=78.39 10=8.21 25=16.01 50=34.37 75=96.77 90=147.20 95=257.92 99=642.05 99.9=1364.99 99.99=2164.74] [UPDATE: Count=330876 Max=33456.13 Min=7.02 Avg=94.80 10=16.51 25=23.82 50=50.81 75=105.92 90=166.53 95=287.74 99=711.68 99.9=1967.10 99.99=8978.43]
2025-04-22 06:39:18 68 sec: 677113 operations; [READ: Count=338191 Max=9076.74 Min=2.13 Avg=77.87 10=8.21 25=15.98 50=33.98 75=96.70 90=145.92 95=254.21 99=635.39 99.9=1353.73 99.99=2156.54] [UPDATE: Count=338922 Max=33456.13 Min=7.02 Avg=94.11 10=16.48 25=23.77 50=50.24 75=105.79 90=164.99 95=284.16 99=702.98 99.9=1944.58 99.99=8798.21]
2025-04-22 06:39:19 69 sec: 692486 operations; [READ: Count=345938 Max=9076.74 Min=2.13 Avg=77.47 10=8.17 25=15.93 50=33.53 75=96.58 90=145.15 95=252.54 99=630.78 99.9=1344.51 99.99=2154.49] [UPDATE: Count=346548 Max=33456.13 Min=7.02 Avg=93.54 10=16.40 25=23.71 50=49.63 75=105.66 90=163.97 95=282.37 99=697.86 99.9=1926.14 99.99=8667.14]
2025-04-22 06:39:20 70 sec: 708522 operations; [READ: Count=353940 Max=9076.74 Min=2.13 Avg=76.98 10=8.13 25=15.87 50=33.09 75=96.45 90=144.25 95=249.85 99=625.66 99.9=1333.25 99.99=2154.49] [UPDATE: Count=354582 Max=33456.13 Min=7.02 Avg=92.94 10=16.33 25=23.65 50=49.09 75=105.53 90=162.69 95=279.55 99=690.17 99.9=1902.59 99.99=8667.14]
2025-04-22 06:39:21 71 sec: 724787 operations; [READ: Count=362067 Max=9076.74 Min=2.13 Avg=76.52 10=8.12 25=15.84 50=32.67 75=96.32 90=143.23 95=247.04 99=620.03 99.9=1329.15 99.99=2136.06] [UPDATE: Count=362720 Max=33456.13 Min=7.02 Avg=92.31 10=16.31 25=23.60 50=48.45 75=105.41 90=161.41 95=275.71 99=683.52 99.9=1892.35 99.99=8601.60]
2025-04-22 06:39:22 72 sec: 742314 operations; [READ: Count=370874 Max=9076.74 Min=2.13 Avg=75.92 10=8.10 25=15.78 50=32.22 75=96.19 90=141.82 95=243.07 99=613.89 99.9=1320.96 99.99=2134.01] [UPDATE: Count=371440 Max=33456.13 Min=7.02 Avg=91.57 10=16.26 25=23.54 50=47.74 75=105.15 90=159.87 95=271.87 99=677.38 99.9=1865.73 99.99=8544.25]
2025-04-22 06:39:23 73 sec: 759669 operations; [READ: Count=379663 Max=9076.74 Min=2.13 Avg=75.38 10=8.05 25=15.72 50=31.81 75=95.94 90=140.67 95=240.00 99=608.77 99.9=1312.77 99.99=2125.82] [UPDATE: Count=380006 Max=33456.13 Min=7.02 Avg=90.89 10=16.16 25=23.42 50=47.10 75=104.96 90=158.72 95=269.06 99=671.23 99.9=1849.34 99.99=8245.25]
2025-04-22 06:39:24 74 sec: 774481 operations; [READ: Count=387014 Max=9076.74 Min=2.13 Avg=75.13 10=8.02 25=15.66 50=31.50 75=95.81 90=140.29 95=239.23 99=606.21 99.9=1307.65 99.99=2125.82] [UPDATE: Count=387467 Max=33456.13 Min=7.02 Avg=90.50 10=16.09 25=23.34 50=46.62 75=104.77 90=158.08 95=268.29 99=665.60 99.9=1832.96 99.99=8126.46]
2025-04-22 06:39:25 75 sec: 790340 operations; [READ: Count=395082 Max=9076.74 Min=2.13 Avg=74.78 10=7.97 25=15.60 50=31.14 75=95.68 90=139.65 95=237.82 99=603.13 99.9=1302.53 99.99=2125.82] [UPDATE: Count=395258 Max=33456.13 Min=7.02 Avg=90.03 10=16.02 25=23.26 50=46.02 75=104.64 90=157.31 95=267.01 99=659.97 99.9=1814.53 99.99=8040.45]
2025-04-22 06:39:26 76 sec: 806638 operations; [READ: Count=403172 Max=9076.74 Min=2.13 Avg=74.36 10=7.95 25=15.54 50=30.72 75=95.55 90=139.01 95=236.03 99=598.53 99.9=1294.34 99.99=2125.82] [UPDATE: Count=403466 Max=33456.13 Min=7.02 Avg=89.56 10=15.96 25=23.18 50=45.47 75=104.51 90=156.54 95=264.96 99=652.80 99.9=1807.36 99.99=8040.45]
2025-04-22 06:39:27 77 sec: 822498 operations; [READ: Count=411080 Max=9076.74 Min=2.13 Avg=74.03 10=7.93 25=15.47 50=30.34 75=95.49 90=138.50 95=235.01 99=594.94 99.9=1288.19 99.99=2121.73] [UPDATE: Count=411418 Max=33456.13 Min=7.02 Avg=89.13 10=15.91 25=23.12 50=44.90 75=104.45 90=155.90 95=263.68 99=647.17 99.9=1790.97 99.99=8032.26]
2025-04-22 06:39:28 78 sec: 837270 operations; [READ: Count=418505 Max=9076.74 Min=2.13 Avg=73.82 10=7.92 25=15.42 50=29.95 75=95.42 90=138.37 95=235.01 99=591.87 99.9=1276.93 99.99=2115.58] [UPDATE: Count=418765 Max=33456.13 Min=7.02 Avg=88.82 10=15.88 25=23.05 50=44.32 75=104.38 90=155.52 95=263.17 99=644.61 99.9=1783.81 99.99=8011.77]
2025-04-22 06:39:29 79 sec: 850775 operations; [READ: Count=425212 Max=9076.74 Min=2.13 Avg=73.73 10=7.90 25=15.38 50=29.58 75=95.36 90=138.37 95=235.65 99=592.38 99.9=1272.83 99.99=2107.39] [UPDATE: Count=425563 Max=33456.13 Min=7.02 Avg=88.65 10=15.85 25=22.99 50=43.77 75=104.32 90=155.39 95=263.17 99=644.61 99.9=1776.64 99.99=7823.36]
2025-04-22 06:39:30 80 sec: 866450 operations; [READ: Count=433072 Max=9076.74 Min=2.13 Avg=73.45 10=7.89 25=15.31 50=29.10 75=95.30 90=137.98 95=234.62 99=590.85 99.9=1268.73 99.99=2107.39] [UPDATE: Count=433378 Max=33456.13 Min=7.02 Avg=88.27 10=15.81 25=22.93 50=43.04 75=104.25 90=154.88 95=261.63 99=642.05 99.9=1767.42 99.99=7823.36]
2025-04-22 06:39:31 81 sec: 880248 operations; [READ: Count=439961 Max=9076.74 Min=2.13 Avg=73.30 10=7.87 25=15.26 50=28.69 75=95.30 90=137.98 95=234.88 99=590.85 99.9=1263.62 99.99=2089.98] [UPDATE: Count=440287 Max=33456.13 Min=7.02 Avg=88.13 10=15.80 25=22.88 50=42.40 75=104.25 90=154.88 95=262.40 99=644.61 99.9=1754.11 99.99=7737.34]
2025-04-22 06:39:32 82 sec: 894929 operations; [READ: Count=447368 Max=9076.74 Min=2.13 Avg=73.09 10=7.87 25=15.21 50=28.29 75=95.23 90=137.85 95=234.75 99=588.80 99.9=1257.47 99.99=2085.89] [UPDATE: Count=447561 Max=33456.13 Min=7.02 Avg=87.90 10=15.79 25=22.83 50=41.76 75=104.25 90=154.75 95=262.65 99=642.05 99.9=1747.97 99.99=7725.06]
2025-04-22 06:39:33 83 sec: 907894 operations; [READ: Count=453787 Max=9076.74 Min=2.13 Avg=73.09 10=7.89 25=15.18 50=28.08 75=95.30 90=137.98 95=235.52 99=590.34 99.9=1256.45 99.99=2085.89] [UPDATE: Count=454107 Max=33456.13 Min=7.02 Avg=87.77 10=15.81 25=22.83 50=41.34 75=104.25 90=154.62 95=262.65 99=642.05 99.9=1735.68 99.99=7737.34]
2025-04-22 06:39:34 84 sec: 918275 operations; [READ: Count=459056 Max=9076.74 Min=2.13 Avg=73.30 10=7.92 25=15.15 50=28.00 75=95.42 90=138.75 95=238.08 99=591.36 99.9=1250.30 99.99=2084.86] [UPDATE: Count=459219 Max=33456.13 Min=7.02 Avg=87.90 10=15.84 25=22.82 50=41.12 75=104.38 90=155.39 95=264.70 99=642.56 99.9=1729.54 99.99=7725.06]
2025-04-22 06:39:35 85 sec: 930922 operations; [READ: Count=465416 Max=9076.74 Min=2.13 Avg=73.29 10=7.97 25=15.13 50=27.84 75=95.55 90=139.01 95=238.59 99=589.82 99.9=1244.16 99.99=2083.84] [UPDATE: Count=465506 Max=33456.13 Min=7.02 Avg=87.85 10=15.89 25=22.80 50=40.86 75=104.51 90=155.65 95=264.96 99=640.51 99.9=1726.46 99.99=7720.96]
2025-04-22 06:39:36 86 sec: 943433 operations; [READ: Count=471670 Max=9076.74 Min=2.13 Avg=73.29 10=8.01 25=15.13 50=27.71 75=95.61 90=139.52 95=239.36 99=588.29 99.9=1241.09 99.99=2083.84] [UPDATE: Count=471763 Max=33456.13 Min=7.02 Avg=87.80 10=15.94 25=22.82 50=40.51 75=104.58 90=156.03 95=265.47 99=637.95 99.9=1722.37 99.99=7720.96]
2025-04-22 06:39:37 87 sec: 956434 operations; [READ: Count=478076 Max=9076.74 Min=2.13 Avg=73.25 10=8.05 25=15.15 50=27.60 75=95.68 90=139.65 95=239.49 99=586.75 99.9=1236.99 99.99=2082.82] [UPDATE: Count=478358 Max=33456.13 Min=7.02 Avg=87.72 10=16.00 25=22.83 50=40.22 75=104.70 90=156.16 95=265.73 99=636.41 99.9=1717.25 99.99=7659.52]
2025-04-22 06:39:38 88 sec: 969893 operations; [READ: Count=484828 Max=9076.74 Min=2.13 Avg=73.17 10=8.09 25=15.15 50=27.52 75=95.81 90=139.65 95=238.97 99=583.17 99.9=1233.92 99.99=2082.82] [UPDATE: Count=485065 Max=33456.13 Min=7.02 Avg=87.60 10=16.05 25=22.83 50=40.00 75=104.83 90=156.03 95=265.47 99=633.34 99.9=1708.03 99.99=7643.14]
2025-04-22 06:39:39 89 sec: 982004 operations; [READ: Count=490865 Max=9076.74 Min=2.13 Avg=73.20 10=8.12 25=15.15 50=27.54 75=96.00 90=139.78 95=238.97 99=581.12 99.9=1232.89 99.99=2069.50] [UPDATE: Count=491139 Max=33456.13 Min=7.02 Avg=87.59 10=16.09 25=22.85 50=40.00 75=104.96 90=156.29 95=265.21 99=630.78 99.9=1699.84 99.99=7643.14]
2025-04-22 06:39:40 90 sec: 991843 operations; [READ: Count=495727 Max=9076.74 Min=2.13 Avg=73.44 10=8.14 25=15.17 50=27.68 75=96.13 90=140.67 95=239.62 99=580.61 99.9=1228.80 99.99=2041.86] [UPDATE: Count=496116 Max=33456.13 Min=7.02 Avg=87.76 10=16.11 25=22.86 50=40.16 75=105.15 90=157.31 95=265.98 99=629.25 99.9=1696.77 99.99=7499.77]
2025-04-22 06:39:41 91 sec: 1000000 operations; [READ: Count=499853 Max=9076.74 Min=2.13 Avg=73.73 10=8.17 25=15.19 50=27.86 75=96.32 90=142.08 95=240.77 99=580.61 99.9=1226.75 99.99=2041.86] [UPDATE: Count=500147 Max=33456.13 Min=7.02 Avg=88.00 10=16.13 25=22.88 50=40.38 75=105.34 90=158.97 95=266.50 99=628.74 99.9=1691.65 99.99=7499.77]
2025-04-22 06:39:41 91 sec: 1000000 operations; [READ: Count=499853 Max=9076.74 Min=2.13 Avg=73.73 10=8.17 25=15.19 50=27.86 75=96.32 90=142.08 95=240.77 99=580.61 99.9=1226.75 99.99=2041.86] [UPDATE: Count=500147 Max=33456.13 Min=7.02 Avg=88.00 10=16.13 25=22.88 50=40.38 75=105.34 90=158.97 95=266.50 99=628.74 99.9=1691.65 99.99=7499.77]
Run runtime(sec): 91.0627
Run operations(ops): 1000000
Run throughput(ops/sec): 10981.4
