Running scope as unit: run-r4b131724d3944d0ea6945676d2eb92b2.scope
load file:/home/user/DataFiles/silesia_data/silesia.tar
2025-04-23 03:14:57 0 sec: 0 operations;
2025-04-23 03:14:58 1 sec: 97382 operations; [INSERT: Count=97382 Max=2486.27 Min=3.97 Avg=6.88 10=4.91 25=5.41 50=6.50 75=7.85 90=9.21 95=10.08 99=12.16 99.9=17.73 99.99=71.23]
2025-04-23 03:14:59 2 sec: 189545 operations; [INSERT: Count=189545 Max=2486.27 Min=3.97 Avg=7.25 10=5.12 25=5.73 50=6.87 75=8.28 90=9.70 95=10.62 99=12.72 99.9=26.45 99.99=81.02]
2025-04-23 03:15:00 3 sec: 277140 operations; [INSERT: Count=277140 Max=6303.74 Min=3.97 Avg=7.55 10=5.25 25=5.94 50=7.13 75=8.60 90=10.09 95=11.06 99=13.36 99.9=38.24 99.99=84.54]
2025-04-23 03:15:01 4 sec: 364162 operations; [INSERT: Count=364162 Max=6303.74 Min=3.97 Avg=7.72 10=5.38 25=6.10 50=7.32 75=8.81 90=10.33 95=11.32 99=13.62 99.9=59.81 99.99=84.54]
2025-04-23 03:15:02 5 sec: 449157 operations; [INSERT: Count=449157 Max=6303.74 Min=3.97 Avg=7.88 10=5.46 25=6.23 50=7.46 75=8.98 90=10.54 95=11.56 99=13.94 99.9=62.78 99.99=86.59]
2025-04-23 03:15:03 6 sec: 542344 operations; [INSERT: Count=542344 Max=6303.74 Min=3.86 Avg=7.82 10=5.38 25=6.13 50=7.37 75=8.90 90=10.46 95=11.49 99=13.89 99.9=63.10 99.99=93.76]
2025-04-23 03:15:04 7 sec: 629544 operations; [INSERT: Count=629544 Max=6303.74 Min=3.86 Avg=7.88 10=5.42 25=6.17 50=7.42 75=8.97 90=10.55 95=11.59 99=14.03 99.9=63.42 99.99=98.50]
2025-04-23 03:15:05 8 sec: 714963 operations; [INSERT: Count=714963 Max=6303.74 Min=3.86 Avg=7.95 10=5.47 25=6.23 50=7.49 75=9.05 90=10.65 95=11.72 99=14.21 99.9=63.62 99.99=103.68]
2025-04-23 03:15:06 9 sec: 792579 operations; [INSERT: Count=792579 Max=10534.91 Min=3.86 Avg=8.12 10=5.51 25=6.29 50=7.56 75=9.15 90=10.78 95=11.88 99=14.72 99.9=70.91 99.99=145.53]
2025-04-23 03:15:07 10 sec: 868383 operations; [INSERT: Count=868383 Max=10534.91 Min=3.86 Avg=8.28 10=5.56 25=6.35 50=7.63 75=9.26 90=10.92 95=12.05 99=15.33 99.9=82.11 99.99=153.22]
2025-04-23 03:15:08 11 sec: 945444 operations; [INSERT: Count=945444 Max=10534.91 Min=3.86 Avg=8.39 10=5.56 25=6.37 50=7.66 75=9.31 90=11.01 95=12.20 99=15.98 99.9=92.03 99.99=167.55]
2025-04-23 03:15:09 12 sec: 1000000 operations; [INSERT: Count=1000000 Max=10534.91 Min=3.86 Avg=8.46 10=5.58 25=6.38 50=7.68 75=9.35 90=11.07 95=12.29 99=16.43 99.9=99.39 99.99=173.44]
2025-04-23 03:15:10 13 sec: 1000000 operations; [INSERT: Count=1000000 Max=10534.91 Min=3.86 Avg=8.46 10=5.58 25=6.38 50=7.68 75=9.35 90=11.07 95=12.29 99=16.43 99.9=99.39 99.99=173.44]
2025-04-23 03:15:11 14 sec: 1000000 operations; [INSERT: Count=1000000 Max=10534.91 Min=3.86 Avg=8.46 10=5.58 25=6.38 50=7.68 75=9.35 90=11.07 95=12.29 99=16.43 99.9=99.39 99.99=173.44]
2025-04-23 03:15:12 15 sec: 1000000 operations; [INSERT: Count=1000000 Max=10534.91 Min=3.86 Avg=8.46 10=5.58 25=6.38 50=7.68 75=9.35 90=11.07 95=12.29 99=16.43 99.9=99.39 99.99=173.44]
2025-04-23 03:15:13 16 sec: 1000000 operations; [INSERT: Count=1000000 Max=10534.91 Min=3.86 Avg=8.46 10=5.58 25=6.38 50=7.68 75=9.35 90=11.07 95=12.29 99=16.43 99.9=99.39 99.99=173.44]
2025-04-23 03:15:14 17 sec: 1000000 operations; [INSERT: Count=1000000 Max=10534.91 Min=3.86 Avg=8.46 10=5.58 25=6.38 50=7.68 75=9.35 90=11.07 95=12.29 99=16.43 99.9=99.39 99.99=173.44]
2025-04-23 03:15:15 18 sec: 1000000 operations; [INSERT: Count=1000000 Max=10534.91 Min=3.86 Avg=8.46 10=5.58 25=6.38 50=7.68 75=9.35 90=11.07 95=12.29 99=16.43 99.9=99.39 99.99=173.44]
2025-04-23 03:15:15 18 sec: 1000000 operations; [INSERT: Count=1000000 Max=10534.91 Min=3.86 Avg=8.46 10=5.58 25=6.38 50=7.68 75=9.35 90=11.07 95=12.29 99=16.43 99.9=99.39 99.99=173.44]
Load runtime(sec): 18.1191
Load operations(ops): 1000000
Load throughput(ops/sec): 55190.4
