Running scope as unit: run-r208c1136098a46b2ac42db407ae87c27.scope
load file:/home/user/DataFiles/silesia_data/silesia.tar
2025-04-19 11:54:02 0 sec: 0 operations;
2025-04-19 11:54:03 1 sec: 52835 operations; [INSERT: Count=52835 Max=6041.60 Min=4.54 Avg=14.78 10=8.73 25=10.40 50=13.23 75=17.93 90=22.29 95=24.91 99=30.08 99.9=46.98 99.99=182.14]
2025-04-19 11:54:04 2 sec: 104148 operations; [INSERT: Count=104148 Max=6041.60 Min=4.42 Avg=15.23 10=9.01 25=10.78 50=13.74 75=18.51 90=23.07 95=25.74 99=31.17 99.9=46.98 99.99=179.71]
2025-04-19 11:54:05 3 sec: 153661 operations; [INSERT: Count=153661 Max=6041.60 Min=4.42 Avg=15.60 10=9.21 25=11.04 50=14.12 75=18.98 90=23.66 95=26.41 99=32.05 99.9=49.57 99.99=179.71]
2025-04-19 11:54:06 4 sec: 202209 operations; [INSERT: Count=202209 Max=6041.60 Min=4.42 Avg=15.89 10=9.37 25=11.26 50=14.41 75=19.31 90=24.09 95=26.88 99=32.64 99.9=55.26 99.99=182.14]
2025-04-19 11:54:07 5 sec: 250863 operations; [INSERT: Count=250863 Max=6041.60 Min=4.42 Avg=16.05 10=9.47 25=11.38 50=14.59 75=19.49 90=24.30 95=27.15 99=32.96 99.9=54.40 99.99=185.98]
2025-04-19 11:54:08 6 sec: 299027 operations; [INSERT: Count=299027 Max=6041.60 Min=4.42 Avg=16.19 10=9.57 25=11.51 50=14.73 75=19.66 90=24.50 95=27.36 99=33.22 99.9=55.26 99.99=182.40]
2025-04-19 11:54:09 7 sec: 347356 operations; [INSERT: Count=347356 Max=6041.60 Min=4.42 Avg=16.29 10=9.64 25=11.61 50=14.83 75=19.76 90=24.61 95=27.47 99=33.38 99.9=61.34 99.99=182.01]
2025-04-19 11:54:10 8 sec: 394724 operations; [INSERT: Count=394724 Max=6041.60 Min=4.42 Avg=16.41 10=9.73 25=11.70 50=14.95 75=19.89 90=24.77 95=27.65 99=33.63 99.9=63.01 99.99=185.47]
2025-04-19 11:54:11 9 sec: 434555 operations; [INSERT: Count=434555 Max=6041.60 Min=4.42 Avg=16.86 10=9.85 25=11.89 50=15.29 75=20.40 90=25.55 95=28.80 99=36.48 99.9=64.73 99.99=190.08]
2025-04-19 11:54:12 10 sec: 475892 operations; [INSERT: Count=475892 Max=6041.60 Min=4.42 Avg=17.20 10=9.92 25=12.03 50=15.54 75=20.80 90=26.19 95=29.73 99=38.40 99.9=65.60 99.99=196.48]
2025-04-19 11:54:13 11 sec: 519325 operations; [INSERT: Count=519325 Max=6041.60 Min=4.42 Avg=17.41 10=9.97 25=12.11 50=15.71 75=21.07 90=26.64 95=30.35 99=39.55 99.9=67.39 99.99=202.11]
2025-04-19 11:54:14 12 sec: 562417 operations; [INSERT: Count=562417 Max=6041.60 Min=4.42 Avg=17.61 10=10.02 25=12.19 50=15.87 75=21.31 90=27.02 95=30.88 99=40.22 99.9=67.07 99.99=207.62]
2025-04-19 11:54:15 13 sec: 605784 operations; [INSERT: Count=605784 Max=6041.60 Min=4.42 Avg=17.77 10=10.06 25=12.28 50=16.00 75=21.52 90=27.33 95=31.28 99=40.70 99.9=65.98 99.99=208.51]
2025-04-19 11:54:16 14 sec: 650643 operations; [INSERT: Count=650643 Max=6041.60 Min=4.42 Avg=17.86 10=10.10 25=12.33 50=16.08 75=21.65 90=27.50 95=31.49 99=40.77 99.9=65.86 99.99=210.30]
2025-04-19 11:54:17 15 sec: 695976 operations; [INSERT: Count=695976 Max=6041.60 Min=4.42 Avg=17.92 10=10.13 25=12.37 50=16.14 75=21.73 90=27.61 95=31.58 99=40.80 99.9=65.98 99.99=213.25]
2025-04-19 11:54:18 16 sec: 739062 operations; [INSERT: Count=739062 Max=6041.60 Min=4.42 Avg=18.03 10=10.17 25=12.44 50=16.24 75=21.87 90=27.81 95=31.82 99=41.18 99.9=68.54 99.99=215.94]
2025-04-19 11:54:19 17 sec: 782632 operations; [INSERT: Count=782632 Max=6041.60 Min=4.42 Avg=18.09 10=10.18 25=12.46 50=16.28 75=21.90 90=27.87 95=31.93 99=41.47 99.9=135.81 99.99=220.03]
2025-04-19 11:54:20 18 sec: 841979 operations; [INSERT: Count=841979 Max=6041.60 Min=4.42 Avg=17.74 10=9.86 25=12.12 50=15.86 75=21.45 90=27.50 95=31.60 99=41.28 99.9=139.39 99.99=218.24]
2025-04-19 11:54:21 19 sec: 908518 operations; [INSERT: Count=908518 Max=6041.60 Min=3.92 Avg=17.25 10=9.34 25=11.63 50=15.33 75=20.94 90=27.07 95=31.21 99=41.05 99.9=140.54 99.99=217.60]
2025-04-19 11:54:22 20 sec: 1000000 operations; [INSERT: Count=1000000 Max=6041.60 Min=3.92 Avg=16.37 10=7.89 25=10.65 50=14.52 75=20.24 90=26.53 95=30.72 99=40.73 99.9=137.47 99.99=215.94]
2025-04-19 11:54:23 21 sec: 1000000 operations; [INSERT: Count=1000000 Max=6041.60 Min=3.92 Avg=16.37 10=7.89 25=10.65 50=14.52 75=20.24 90=26.53 95=30.72 99=40.73 99.9=137.47 99.99=215.94]
2025-04-19 11:54:24 22 sec: 1000000 operations; [INSERT: Count=1000000 Max=6041.60 Min=3.92 Avg=16.37 10=7.89 25=10.65 50=14.52 75=20.24 90=26.53 95=30.72 99=40.73 99.9=137.47 99.99=215.94]
2025-04-19 11:54:25 23 sec: 1000000 operations; [INSERT: Count=1000000 Max=6041.60 Min=3.92 Avg=16.37 10=7.89 25=10.65 50=14.52 75=20.24 90=26.53 95=30.72 99=40.73 99.9=137.47 99.99=215.94]
2025-04-19 11:54:26 24 sec: 1000000 operations; [INSERT: Count=1000000 Max=6041.60 Min=3.92 Avg=16.37 10=7.89 25=10.65 50=14.52 75=20.24 90=26.53 95=30.72 99=40.73 99.9=137.47 99.99=215.94]
2025-04-19 11:54:27 25 sec: 1000000 operations; [INSERT: Count=1000000 Max=6041.60 Min=3.92 Avg=16.37 10=7.89 25=10.65 50=14.52 75=20.24 90=26.53 95=30.72 99=40.73 99.9=137.47 99.99=215.94]
2025-04-19 11:54:28 26 sec: 1000000 operations; [INSERT: Count=1000000 Max=6041.60 Min=3.92 Avg=16.37 10=7.89 25=10.65 50=14.52 75=20.24 90=26.53 95=30.72 99=40.73 99.9=137.47 99.99=215.94]
2025-04-19 11:54:29 27 sec: 1000000 operations; [INSERT: Count=1000000 Max=6041.60 Min=3.92 Avg=16.37 10=7.89 25=10.65 50=14.52 75=20.24 90=26.53 95=30.72 99=40.73 99.9=137.47 99.99=215.94]
2025-04-19 11:54:30 28 sec: 1000000 operations; [INSERT: Count=1000000 Max=6041.60 Min=3.92 Avg=16.37 10=7.89 25=10.65 50=14.52 75=20.24 90=26.53 95=30.72 99=40.73 99.9=137.47 99.99=215.94]
2025-04-19 11:54:31 29 sec: 1000000 operations; [INSERT: Count=1000000 Max=6041.60 Min=3.92 Avg=16.37 10=7.89 25=10.65 50=14.52 75=20.24 90=26.53 95=30.72 99=40.73 99.9=137.47 99.99=215.94]
2025-04-19 11:54:32 30 sec: 1000000 operations; [INSERT: Count=1000000 Max=6041.60 Min=3.92 Avg=16.37 10=7.89 25=10.65 50=14.52 75=20.24 90=26.53 95=30.72 99=40.73 99.9=137.47 99.99=215.94]
2025-04-19 11:54:33 30 sec: 1000000 operations; [INSERT: Count=1000000 Max=6041.60 Min=3.92 Avg=16.37 10=7.89 25=10.65 50=14.52 75=20.24 90=26.53 95=30.72 99=40.73 99.9=137.47 99.99=215.94]
Load runtime(sec): 30.9447
Load operations(ops): 1000000
Load throughput(ops/sec): 32315.7
