Running scope as unit: run-r8f336523ccfb41dea50fec675077bdb5.scope
load file:/home/user/DataFiles/silesia_data/silesia.tar
2025-04-19 11:54:02 0 sec: 0 operations;
2025-04-19 11:54:03 1 sec: 62115 operations; [INSERT: Count=62115 Max=462.59 Min=4.05 Avg=12.74 10=7.46 25=9.00 50=11.40 75=15.63 90=19.61 95=21.89 99=26.56 99.9=44.58 99.99=170.24]
2025-04-19 11:54:04 2 sec: 120117 operations; [INSERT: Count=120117 Max=462.59 Min=4.05 Avg=13.34 10=7.94 25=9.47 50=12.02 75=16.32 90=20.34 95=22.72 99=27.63 99.9=43.17 99.99=168.96]
2025-04-19 11:54:05 3 sec: 176399 operations; [INSERT: Count=176399 Max=462.59 Min=4.05 Avg=13.72 10=8.18 25=9.74 50=12.36 75=16.70 90=20.86 95=23.33 99=28.45 99.9=45.85 99.99=169.73]
2025-04-19 11:54:06 4 sec: 231396 operations; [INSERT: Count=231396 Max=462.59 Min=4.05 Avg=14.00 10=8.34 25=9.94 50=12.64 75=17.02 90=21.26 95=23.84 99=29.09 99.9=47.04 99.99=173.95]
2025-04-19 11:54:07 5 sec: 286026 operations; [INSERT: Count=286026 Max=14565.38 Min=4.05 Avg=14.20 10=8.45 25=10.06 50=12.79 75=17.17 90=21.45 95=24.06 99=29.41 99.9=47.33 99.99=177.66]
2025-04-19 11:54:08 6 sec: 340564 operations; [INSERT: Count=340564 Max=14565.38 Min=4.05 Avg=14.34 10=8.55 25=10.18 50=12.94 75=17.33 90=21.66 95=24.27 99=29.65 99.9=49.12 99.99=175.23]
2025-04-19 11:54:09 7 sec: 395114 operations; [INSERT: Count=395114 Max=14565.38 Min=4.05 Avg=14.44 10=8.64 25=10.29 50=13.05 75=17.44 90=21.79 95=24.40 99=29.74 99.9=48.19 99.99=173.95]
2025-04-19 11:54:10 8 sec: 447945 operations; [INSERT: Count=447945 Max=14565.38 Min=4.05 Avg=14.59 10=8.72 25=10.39 50=13.18 75=17.58 90=21.97 95=24.61 99=30.00 99.9=47.36 99.99=175.23]
2025-04-19 11:54:11 9 sec: 498791 operations; [INSERT: Count=498791 Max=14565.38 Min=4.05 Avg=14.77 10=8.74 25=10.44 50=13.31 75=17.82 90=22.37 95=25.15 99=31.21 99.9=49.85 99.99=179.20]
2025-04-19 11:54:12 10 sec: 546564 operations; [INSERT: Count=546564 Max=14565.38 Min=4.05 Avg=15.03 10=8.81 25=10.54 50=13.50 75=18.14 90=22.88 95=25.86 99=32.64 99.9=51.33 99.99=186.24]
2025-04-19 11:54:13 11 sec: 593798 operations; [INSERT: Count=593798 Max=14565.38 Min=4.05 Avg=15.26 10=8.87 25=10.64 50=13.68 75=18.43 90=23.33 95=26.48 99=33.85 99.9=53.66 99.99=193.15]
2025-04-19 11:54:14 12 sec: 641480 operations; [INSERT: Count=641480 Max=14565.38 Min=4.05 Avg=15.44 10=8.93 25=10.73 50=13.83 75=18.67 90=23.68 95=26.96 99=34.59 99.9=53.66 99.99=193.66]
2025-04-19 11:54:15 13 sec: 688463 operations; [INSERT: Count=688463 Max=14565.38 Min=4.05 Avg=15.61 10=8.99 25=10.81 50=13.97 75=18.88 90=23.98 95=27.39 99=35.20 99.9=54.94 99.99=194.94]
2025-04-19 11:54:16 14 sec: 736988 operations; [INSERT: Count=736988 Max=14565.38 Min=4.05 Avg=15.73 10=9.03 25=10.88 50=14.08 75=19.02 90=24.19 95=27.63 99=35.49 99.9=54.85 99.99=196.99]
2025-04-19 11:54:17 15 sec: 785449 operations; [INSERT: Count=785449 Max=14565.38 Min=4.05 Avg=15.83 10=9.07 25=10.94 50=14.16 75=19.12 90=24.30 95=27.77 99=35.74 99.9=117.95 99.99=200.45]
2025-04-19 11:54:18 16 sec: 832262 operations; [INSERT: Count=832262 Max=14565.38 Min=4.05 Avg=15.95 10=9.12 25=11.00 50=14.26 75=19.23 90=24.48 95=27.98 99=36.13 99.9=130.43 99.99=202.62]
2025-04-19 11:54:19 17 sec: 881114 operations; [INSERT: Count=881114 Max=14565.38 Min=4.05 Avg=16.02 10=9.14 25=11.04 50=14.29 75=19.28 90=24.54 95=28.08 99=36.35 99.9=136.19 99.99=205.18]
2025-04-19 11:54:20 18 sec: 943537 operations; [INSERT: Count=943537 Max=14565.38 Min=4.05 Avg=15.75 10=8.87 25=10.78 50=13.97 75=18.93 90=24.25 95=27.81 99=36.22 99.9=141.31 99.99=207.10]
2025-04-19 11:54:21 19 sec: 1000000 operations; [INSERT: Count=1000000 Max=14565.38 Min=4.05 Avg=15.42 10=8.49 25=10.46 50=13.62 75=18.57 90=23.97 95=27.54 99=36.09 99.9=143.10 99.99=208.38]
2025-04-19 11:54:22 20 sec: 1000000 operations; [INSERT: Count=1000000 Max=14565.38 Min=4.05 Avg=15.42 10=8.49 25=10.46 50=13.62 75=18.57 90=23.97 95=27.54 99=36.09 99.9=143.10 99.99=208.38]
2025-04-19 11:54:23 21 sec: 1000000 operations; [INSERT: Count=1000000 Max=14565.38 Min=4.05 Avg=15.42 10=8.49 25=10.46 50=13.62 75=18.57 90=23.97 95=27.54 99=36.09 99.9=143.10 99.99=208.38]
2025-04-19 11:54:24 22 sec: 1000000 operations; [INSERT: Count=1000000 Max=14565.38 Min=4.05 Avg=15.42 10=8.49 25=10.46 50=13.62 75=18.57 90=23.97 95=27.54 99=36.09 99.9=143.10 99.99=208.38]
2025-04-19 11:54:25 23 sec: 1000000 operations; [INSERT: Count=1000000 Max=14565.38 Min=4.05 Avg=15.42 10=8.49 25=10.46 50=13.62 75=18.57 90=23.97 95=27.54 99=36.09 99.9=143.10 99.99=208.38]
2025-04-19 11:54:26 24 sec: 1000000 operations; [INSERT: Count=1000000 Max=14565.38 Min=4.05 Avg=15.42 10=8.49 25=10.46 50=13.62 75=18.57 90=23.97 95=27.54 99=36.09 99.9=143.10 99.99=208.38]
2025-04-19 11:54:27 25 sec: 1000000 operations; [INSERT: Count=1000000 Max=14565.38 Min=4.05 Avg=15.42 10=8.49 25=10.46 50=13.62 75=18.57 90=23.97 95=27.54 99=36.09 99.9=143.10 99.99=208.38]
2025-04-19 11:54:28 26 sec: 1000000 operations; [INSERT: Count=1000000 Max=14565.38 Min=4.05 Avg=15.42 10=8.49 25=10.46 50=13.62 75=18.57 90=23.97 95=27.54 99=36.09 99.9=143.10 99.99=208.38]
2025-04-19 11:54:29 27 sec: 1000000 operations; [INSERT: Count=1000000 Max=14565.38 Min=4.05 Avg=15.42 10=8.49 25=10.46 50=13.62 75=18.57 90=23.97 95=27.54 99=36.09 99.9=143.10 99.99=208.38]
2025-04-19 11:54:30 28 sec: 1000000 operations; [INSERT: Count=1000000 Max=14565.38 Min=4.05 Avg=15.42 10=8.49 25=10.46 50=13.62 75=18.57 90=23.97 95=27.54 99=36.09 99.9=143.10 99.99=208.38]
2025-04-19 11:54:31 28 sec: 1000000 operations; [INSERT: Count=1000000 Max=14565.38 Min=4.05 Avg=15.42 10=8.49 25=10.46 50=13.62 75=18.57 90=23.97 95=27.54 99=36.09 99.9=143.10 99.99=208.38]
Load runtime(sec): 28.9726
Load operations(ops): 1000000
Load throughput(ops/sec): 34515.4
