Running scope as unit: run-r1cf3e110fa5b4f329c827ce9cf205412.scope
load file:/home/user/DataFiles/silesia_data/silesia.tar
2025-04-19 11:57:46 0 sec: 0 operations;
2025-04-19 11:57:47 1 sec: 47524 operations; [INSERT: Count=47524 Max=7471.10 Min=5.07 Avg=17.13 10=9.36 25=11.43 50=15.12 75=20.94 90=26.93 95=30.75 99=38.62 99.9=52.54 99.99=206.85]
2025-04-19 11:57:48 2 sec: 96330 operations; [INSERT: Count=96330 Max=7471.10 Min=5.07 Avg=17.19 10=9.57 25=11.64 50=15.29 75=21.05 90=26.89 95=30.53 99=38.08 99.9=53.38 99.99=206.72]
2025-04-19 11:57:49 3 sec: 146843 operations; [INSERT: Count=146843 Max=7471.10 Min=5.07 Avg=16.97 10=9.62 25=11.61 50=15.12 75=20.77 90=26.38 95=29.87 99=37.34 99.9=54.85 99.99=206.21]
2025-04-19 11:57:50 4 sec: 197485 operations; [INSERT: Count=197485 Max=7471.10 Min=5.07 Avg=16.85 10=9.65 25=11.62 50=15.05 75=20.59 90=26.06 95=29.44 99=36.73 99.9=54.88 99.99=204.41]
2025-04-19 11:57:51 5 sec: 250374 operations; [INSERT: Count=250374 Max=14368.77 Min=5.07 Avg=16.59 10=9.55 25=11.46 50=14.75 75=20.09 90=25.49 95=28.86 99=36.09 99.9=54.88 99.99=206.21]
2025-04-19 11:57:52 6 sec: 299632 operations; [INSERT: Count=299632 Max=14368.77 Min=5.07 Avg=16.66 10=9.58 25=11.49 50=14.78 75=20.11 90=25.50 95=28.89 99=36.48 99.9=63.65 99.99=206.72]
2025-04-19 11:57:53 7 sec: 349929 operations; [INSERT: Count=349929 Max=14368.77 Min=5.07 Avg=16.65 10=9.62 25=11.53 50=14.81 75=20.11 90=25.45 95=28.80 99=36.22 99.9=63.10 99.99=206.21]
2025-04-19 11:57:54 8 sec: 400124 operations; [INSERT: Count=400124 Max=14368.77 Min=5.07 Avg=16.65 10=9.65 25=11.56 50=14.84 75=20.11 90=25.42 95=28.73 99=36.03 99.9=63.65 99.99=205.18]
2025-04-19 11:57:55 9 sec: 450110 operations; [INSERT: Count=450110 Max=14368.77 Min=5.07 Avg=16.66 10=9.69 25=11.60 50=14.87 75=20.11 90=25.42 95=28.72 99=35.97 99.9=64.09 99.99=205.69]
2025-04-19 11:57:56 10 sec: 497144 operations; [INSERT: Count=497144 Max=14368.77 Min=5.02 Avg=16.73 10=9.67 25=11.60 50=14.92 75=20.22 90=25.60 95=28.96 99=36.51 99.9=64.25 99.99=211.58]
2025-04-19 11:57:57 11 sec: 542992 operations; [INSERT: Count=542992 Max=14368.77 Min=5.02 Avg=16.89 10=9.70 25=11.66 50=15.04 75=20.43 90=25.92 95=29.41 99=37.41 99.9=65.86 99.99=214.14]
2025-04-19 11:57:58 12 sec: 591443 operations; [INSERT: Count=591443 Max=14368.77 Min=5.02 Avg=16.92 10=9.71 25=11.68 50=15.09 75=20.48 90=26.02 95=29.54 99=37.57 99.9=64.29 99.99=215.68]
2025-04-19 11:57:59 13 sec: 639985 operations; [INSERT: Count=639985 Max=14368.77 Min=5.02 Avg=16.95 10=9.72 25=11.70 50=15.12 75=20.54 90=26.08 95=29.61 99=37.66 99.9=63.26 99.99=218.24]
2025-04-19 11:58:00 14 sec: 687518 operations; [INSERT: Count=687518 Max=14368.77 Min=5.02 Avg=17.00 10=9.74 25=11.73 50=15.17 75=20.61 90=26.18 95=29.73 99=37.79 99.9=62.94 99.99=222.59]
2025-04-19 11:58:01 15 sec: 736224 operations; [INSERT: Count=736224 Max=14368.77 Min=5.02 Avg=17.02 10=9.76 25=11.75 50=15.19 75=20.62 90=26.19 95=29.74 99=37.79 99.9=61.98 99.99=223.74]
2025-04-19 11:58:02 16 sec: 784085 operations; [INSERT: Count=784085 Max=14368.77 Min=5.02 Avg=17.05 10=9.78 25=11.77 50=15.20 75=20.62 90=26.21 95=29.77 99=37.98 99.9=102.97 99.99=226.30]
2025-04-19 11:58:03 17 sec: 833282 operations; [INSERT: Count=833282 Max=14368.77 Min=5.02 Avg=17.05 10=9.79 25=11.77 50=15.18 75=20.57 90=26.14 95=29.71 99=37.98 99.9=125.50 99.99=227.84]
2025-04-19 11:58:04 18 sec: 882328 operations; [INSERT: Count=882328 Max=14368.77 Min=5.02 Avg=17.05 10=9.80 25=11.78 50=15.18 75=20.54 90=26.08 95=29.65 99=38.02 99.9=130.69 99.99=231.29]
2025-04-19 11:58:05 19 sec: 928788 operations; [INSERT: Count=928788 Max=14368.77 Min=5.00 Avg=17.08 10=9.79 25=11.77 50=15.17 75=20.54 90=26.09 95=29.68 99=38.17 99.9=137.22 99.99=234.37]
2025-04-19 11:58:06 20 sec: 970166 operations; [INSERT: Count=970166 Max=14368.77 Min=5.00 Avg=17.18 10=9.81 25=11.81 50=15.22 75=20.62 90=26.24 95=29.89 99=38.69 99.9=150.14 99.99=241.79]
2025-04-19 11:58:07 21 sec: 1000000 operations; [INSERT: Count=1000000 Max=14368.77 Min=5.00 Avg=17.17 10=9.79 25=11.78 50=15.20 75=20.61 90=26.22 95=29.90 99=38.91 99.9=151.55 99.99=243.46]
2025-04-19 11:58:08 22 sec: 1000000 operations; [INSERT: Count=1000000 Max=14368.77 Min=5.00 Avg=17.17 10=9.79 25=11.78 50=15.20 75=20.61 90=26.22 95=29.90 99=38.91 99.9=151.55 99.99=243.46]
2025-04-19 11:58:09 23 sec: 1000000 operations; [INSERT: Count=1000000 Max=14368.77 Min=5.00 Avg=17.17 10=9.79 25=11.78 50=15.20 75=20.61 90=26.22 95=29.90 99=38.91 99.9=151.55 99.99=243.46]
2025-04-19 11:58:10 24 sec: 1000000 operations; [INSERT: Count=1000000 Max=14368.77 Min=5.00 Avg=17.17 10=9.79 25=11.78 50=15.20 75=20.61 90=26.22 95=29.90 99=38.91 99.9=151.55 99.99=243.46]
2025-04-19 11:58:11 25 sec: 1000000 operations; [INSERT: Count=1000000 Max=14368.77 Min=5.00 Avg=17.17 10=9.79 25=11.78 50=15.20 75=20.61 90=26.22 95=29.90 99=38.91 99.9=151.55 99.99=243.46]
2025-04-19 11:58:12 26 sec: 1000000 operations; [INSERT: Count=1000000 Max=14368.77 Min=5.00 Avg=17.17 10=9.79 25=11.78 50=15.20 75=20.61 90=26.22 95=29.90 99=38.91 99.9=151.55 99.99=243.46]
2025-04-19 11:58:13 27 sec: 1000000 operations; [INSERT: Count=1000000 Max=14368.77 Min=5.00 Avg=17.17 10=9.79 25=11.78 50=15.20 75=20.61 90=26.22 95=29.90 99=38.91 99.9=151.55 99.99=243.46]
2025-04-19 11:58:14 28 sec: 1000000 operations; [INSERT: Count=1000000 Max=14368.77 Min=5.00 Avg=17.17 10=9.79 25=11.78 50=15.20 75=20.61 90=26.22 95=29.90 99=38.91 99.9=151.55 99.99=243.46]
2025-04-19 11:58:15 29 sec: 1000000 operations; [INSERT: Count=1000000 Max=14368.77 Min=5.00 Avg=17.17 10=9.79 25=11.78 50=15.20 75=20.61 90=26.22 95=29.90 99=38.91 99.9=151.55 99.99=243.46]
2025-04-19 11:58:16 30 sec: 1000000 operations; [INSERT: Count=1000000 Max=14368.77 Min=5.00 Avg=17.17 10=9.79 25=11.78 50=15.20 75=20.61 90=26.22 95=29.90 99=38.91 99.9=151.55 99.99=243.46]
2025-04-19 11:58:17 30 sec: 1000000 operations; [INSERT: Count=1000000 Max=14368.77 Min=5.00 Avg=17.17 10=9.79 25=11.78 50=15.20 75=20.61 90=26.22 95=29.90 99=38.91 99.9=151.55 99.99=243.46]
Load runtime(sec): 30.9935
Load operations(ops): 1000000
Load throughput(ops/sec): 32264.8
