Running scope as unit: run-rde627000f1494ac88687a7dd51aed1f5.scope
load file:/home/user/DataFiles/silesia_data/silesia.tar
2025-04-19 12:09:36 0 sec: 0 operations;
2025-04-19 12:09:37 1 sec: 36226 operations; [INSERT: Count=36226 Max=7520.26 Min=4.92 Avg=23.72 10=11.66 25=15.02 50=20.88 75=29.47 90=38.85 95=44.90 99=57.50 99.9=99.33 99.99=243.07]
2025-04-19 12:09:38 2 sec: 72727 operations; [INSERT: Count=72727 Max=7520.26 Min=4.92 Avg=23.92 10=12.00 25=15.40 50=21.28 75=29.82 90=38.98 95=44.83 99=56.77 99.9=88.45 99.99=248.45]
2025-04-19 12:09:39 3 sec: 110296 operations; [INSERT: Count=110296 Max=7520.26 Min=4.92 Avg=23.71 10=12.05 25=15.40 50=21.18 75=29.58 90=38.49 95=44.19 99=55.81 99.9=80.13 99.99=244.86]
2025-04-19 12:09:40 4 sec: 148296 operations; [INSERT: Count=148296 Max=7520.26 Min=4.92 Avg=23.53 10=12.12 25=15.39 50=21.05 75=29.28 90=38.05 95=43.58 99=54.94 99.9=79.30 99.99=251.52]
2025-04-19 12:09:41 5 sec: 188296 operations; [INSERT: Count=188296 Max=7520.26 Min=4.92 Avg=23.14 10=12.03 25=15.20 50=20.69 75=28.73 90=37.31 95=42.75 99=54.08 99.9=77.69 99.99=251.52]
2025-04-19 12:09:42 6 sec: 228989 operations; [INSERT: Count=228989 Max=12935.17 Min=4.92 Avg=22.80 10=11.94 25=15.00 50=20.32 75=28.18 90=36.51 95=41.85 99=53.18 99.9=77.69 99.99=256.13]
2025-04-19 12:09:43 7 sec: 269823 operations; [INSERT: Count=269823 Max=14221.31 Min=4.92 Avg=22.55 10=11.89 25=14.87 50=20.06 75=27.77 90=35.94 95=41.18 99=52.41 99.9=75.33 99.99=256.51]
2025-04-19 12:09:44 8 sec: 310842 operations; [INSERT: Count=310842 Max=14221.31 Min=4.92 Avg=22.35 10=11.88 25=14.81 50=19.92 75=27.52 90=35.49 95=40.67 99=51.81 99.9=73.79 99.99=253.95]
2025-04-19 12:09:45 9 sec: 351846 operations; [INSERT: Count=351846 Max=14221.31 Min=4.92 Avg=22.20 10=11.88 25=14.78 50=19.79 75=27.31 90=35.17 95=40.29 99=51.30 99.9=73.60 99.99=254.08]
2025-04-19 12:09:46 10 sec: 392766 operations; [INSERT: Count=392766 Max=14221.31 Min=4.92 Avg=22.09 10=11.89 25=14.75 50=19.73 75=27.15 90=34.91 95=39.97 99=50.78 99.9=73.22 99.99=253.95]
2025-04-19 12:09:47 11 sec: 433313 operations; [INSERT: Count=433313 Max=14221.31 Min=4.92 Avg=22.01 10=11.90 25=14.75 50=19.66 75=27.05 90=34.72 95=39.71 99=50.49 99.9=73.41 99.99=254.08]
2025-04-19 12:09:48 12 sec: 470877 operations; [INSERT: Count=470877 Max=14221.31 Min=4.92 Avg=22.10 10=11.92 25=14.78 50=19.74 75=27.18 90=34.91 95=39.94 99=50.88 99.9=74.24 99.99=257.66]
2025-04-19 12:09:49 13 sec: 505019 operations; [INSERT: Count=505019 Max=14221.31 Min=4.92 Avg=22.26 10=11.95 25=14.84 50=19.86 75=27.38 90=35.23 95=40.41 99=51.81 99.9=76.61 99.99=262.01]
2025-04-19 12:09:50 14 sec: 539950 operations; [INSERT: Count=539950 Max=14221.31 Min=4.92 Avg=22.36 10=11.98 25=14.88 50=19.92 75=27.50 90=35.42 95=40.64 99=52.26 99.9=78.40 99.99=272.38]
2025-04-19 12:09:51 15 sec: 574997 operations; [INSERT: Count=574997 Max=14221.31 Min=4.92 Avg=22.44 10=12.02 25=14.92 50=19.98 75=27.58 90=35.55 95=40.83 99=52.58 99.9=79.04 99.99=283.90]
2025-04-19 12:09:52 16 sec: 609980 operations; [INSERT: Count=609980 Max=14221.31 Min=4.92 Avg=22.51 10=12.05 25=14.95 50=20.03 75=27.66 90=35.68 95=41.02 99=52.96 99.9=80.13 99.99=295.17]
2025-04-19 12:09:53 17 sec: 646317 operations; [INSERT: Count=646317 Max=14221.31 Min=4.92 Avg=22.52 10=12.05 25=14.96 50=20.03 75=27.68 90=35.68 95=41.02 99=53.02 99.9=80.19 99.99=302.85]
2025-04-19 12:09:54 18 sec: 682356 operations; [INSERT: Count=682356 Max=14221.31 Min=4.92 Avg=22.53 10=12.09 25=14.99 50=20.06 75=27.70 90=35.71 95=41.05 99=53.02 99.9=79.87 99.99=306.43]
2025-04-19 12:09:55 19 sec: 718833 operations; [INSERT: Count=718833 Max=14221.31 Min=4.92 Avg=22.53 10=12.11 25=15.01 50=20.06 75=27.68 90=35.68 95=41.02 99=52.99 99.9=79.10 99.99=308.48]
2025-04-19 12:09:56 20 sec: 755368 operations; [INSERT: Count=755368 Max=14221.31 Min=4.92 Avg=22.53 10=12.13 25=15.02 50=20.05 75=27.65 90=35.65 95=40.96 99=53.05 99.9=83.14 99.99=313.34]
2025-04-19 12:09:57 21 sec: 793954 operations; [INSERT: Count=793954 Max=14221.31 Min=4.92 Avg=22.45 10=12.11 25=14.97 50=19.95 75=27.49 90=35.45 95=40.80 99=53.05 99.9=135.94 99.99=316.42]
2025-04-19 12:09:58 22 sec: 832991 operations; [INSERT: Count=832991 Max=14221.31 Min=4.92 Avg=22.37 10=12.10 25=14.92 50=19.86 75=27.33 90=35.26 95=40.61 99=52.96 99.9=148.86 99.99=320.00]
2025-04-19 12:09:59 23 sec: 871148 operations; [INSERT: Count=871148 Max=14221.31 Min=4.92 Avg=22.32 10=12.10 25=14.89 50=19.79 75=27.21 90=35.10 95=40.45 99=52.90 99.9=153.60 99.99=321.54]
2025-04-19 12:10:00 24 sec: 909419 operations; [INSERT: Count=909419 Max=14221.31 Min=4.92 Avg=22.27 10=12.06 25=14.85 50=19.71 75=27.09 90=34.98 95=40.35 99=53.02 99.9=157.82 99.99=331.52]
2025-04-19 12:10:01 25 sec: 952491 operations; [INSERT: Count=952491 Max=14221.31 Min=4.92 Avg=22.09 10=11.83 25=14.62 50=19.44 75=26.82 90=34.81 95=40.29 99=53.28 99.9=162.30 99.99=357.63]
2025-04-19 12:10:02 26 sec: 1000000 operations; [INSERT: Count=1000000 Max=14221.31 Min=4.92 Avg=21.74 10=11.46 25=14.27 50=19.02 75=26.40 90=34.53 95=40.00 99=53.18 99.9=164.48 99.99=360.70]
2025-04-19 12:10:03 27 sec: 1000000 operations; [INSERT: Count=1000000 Max=14221.31 Min=4.92 Avg=21.74 10=11.46 25=14.27 50=19.02 75=26.40 90=34.53 95=40.00 99=53.18 99.9=164.48 99.99=360.70]
2025-04-19 12:10:04 28 sec: 1000000 operations; [INSERT: Count=1000000 Max=14221.31 Min=4.92 Avg=21.74 10=11.46 25=14.27 50=19.02 75=26.40 90=34.53 95=40.00 99=53.18 99.9=164.48 99.99=360.70]
2025-04-19 12:10:05 29 sec: 1000000 operations; [INSERT: Count=1000000 Max=14221.31 Min=4.92 Avg=21.74 10=11.46 25=14.27 50=19.02 75=26.40 90=34.53 95=40.00 99=53.18 99.9=164.48 99.99=360.70]
2025-04-19 12:10:06 30 sec: 1000000 operations; [INSERT: Count=1000000 Max=14221.31 Min=4.92 Avg=21.74 10=11.46 25=14.27 50=19.02 75=26.40 90=34.53 95=40.00 99=53.18 99.9=164.48 99.99=360.70]
2025-04-19 12:10:07 31 sec: 1000000 operations; [INSERT: Count=1000000 Max=14221.31 Min=4.92 Avg=21.74 10=11.46 25=14.27 50=19.02 75=26.40 90=34.53 95=40.00 99=53.18 99.9=164.48 99.99=360.70]
2025-04-19 12:10:08 32 sec: 1000000 operations; [INSERT: Count=1000000 Max=14221.31 Min=4.92 Avg=21.74 10=11.46 25=14.27 50=19.02 75=26.40 90=34.53 95=40.00 99=53.18 99.9=164.48 99.99=360.70]
2025-04-19 12:10:09 33 sec: 1000000 operations; [INSERT: Count=1000000 Max=14221.31 Min=4.92 Avg=21.74 10=11.46 25=14.27 50=19.02 75=26.40 90=34.53 95=40.00 99=53.18 99.9=164.48 99.99=360.70]
2025-04-19 12:10:10 34 sec: 1000000 operations; [INSERT: Count=1000000 Max=14221.31 Min=4.92 Avg=21.74 10=11.46 25=14.27 50=19.02 75=26.40 90=34.53 95=40.00 99=53.18 99.9=164.48 99.99=360.70]
2025-04-19 12:10:11 35 sec: 1000000 operations; [INSERT: Count=1000000 Max=14221.31 Min=4.92 Avg=21.74 10=11.46 25=14.27 50=19.02 75=26.40 90=34.53 95=40.00 99=53.18 99.9=164.48 99.99=360.70]
2025-04-19 12:10:12 36 sec: 1000000 operations; [INSERT: Count=1000000 Max=14221.31 Min=4.92 Avg=21.74 10=11.46 25=14.27 50=19.02 75=26.40 90=34.53 95=40.00 99=53.18 99.9=164.48 99.99=360.70]
2025-04-19 12:10:12 36 sec: 1000000 operations; [INSERT: Count=1000000 Max=14221.31 Min=4.92 Avg=21.74 10=11.46 25=14.27 50=19.02 75=26.40 90=34.53 95=40.00 99=53.18 99.9=164.48 99.99=360.70]
Load runtime(sec): 36.1304
Load operations(ops): 1000000
Load throughput(ops/sec): 27677.5
