Running scope as unit: run-r2fcc58df8ce7459896811e097380a308.scope
load file:/home/user/DataFiles/silesia_data/silesia.tar
2025-04-22 06:06:55 0 sec: 0 operations;
2025-04-22 06:06:56 1 sec: 0 operations;
2025-04-22 06:06:57 2 sec: 0 operations;
2025-04-22 06:06:58 3 sec: 0 operations;
2025-04-22 06:06:59 4 sec: 0 operations;
2025-04-22 06:07:00 5 sec: 8859 operations; [READ: Count=5870 Max=1394.69 Min=2.79 Avg=60.14 10=14.14 25=17.68 50=23.18 75=32.41 90=119.87 95=198.78 99=759.81 99.9=1178.62 99.99=1284.10] [UPDATE: Count=2989 Max=6991.87 Min=7.92 Avg=31.38 10=12.16 25=13.64 50=16.30 75=19.77 90=24.02 95=28.08 99=169.73 99.9=2248.70 99.99=6991.87]
2025-04-22 06:07:01 6 sec: 25884 operations; [READ: Count=17246 Max=1949.69 Min=2.52 Avg=68.20 10=14.70 25=18.99 50=25.33 75=36.19 90=124.48 95=260.86 99=887.81 99.9=1383.42 99.99=1658.88] [UPDATE: Count=8638 Max=9904.13 Min=6.54 Avg=29.68 10=12.21 25=13.88 50=16.75 75=20.66 90=25.20 95=28.82 99=49.25 99.9=2582.53 99.99=8429.57]
2025-04-22 06:07:02 7 sec: 39892 operations; [READ: Count=26581 Max=2312.19 Min=2.52 Avg=73.01 10=14.94 25=19.31 50=25.74 75=36.41 90=124.73 95=296.70 99=1009.15 99.9=1583.10 99.99=2105.34] [UPDATE: Count=13311 Max=15917.06 Min=6.54 Avg=36.09 10=12.18 25=13.86 50=16.75 75=20.62 90=25.15 95=28.69 99=46.53 99.9=6262.78 99.99=14704.64]
2025-04-22 06:07:03 8 sec: 67101 operations; [READ: Count=44712 Max=2312.19 Min=2.37 Avg=61.46 10=12.94 25=16.94 50=23.34 75=33.76 90=113.86 95=193.53 99=880.64 99.9=1498.11 99.99=1949.69] [UPDATE: Count=22389 Max=15917.06 Min=6.54 Avg=29.14 10=11.10 25=12.75 50=15.39 75=19.17 90=23.60 95=26.96 99=39.84 99.9=3446.78 99.99=14262.27]
2025-04-22 06:07:04 9 sec: 104239 operations; [READ: Count=69451 Max=2312.19 Min=2.15 Avg=51.15 10=11.99 25=14.34 50=20.67 75=29.45 90=104.83 95=153.73 99=723.46 99.9=1417.21 99.99=1799.17] [UPDATE: Count=34788 Max=15917.06 Min=6.32 Avg=23.65 10=10.05 25=11.46 50=13.86 75=17.33 90=21.65 95=25.04 99=35.71 99.9=2195.45 99.99=13721.60]
2025-04-22 06:07:05 10 sec: 143627 operations; [READ: Count=95769 Max=2312.19 Min=2.15 Avg=45.42 10=11.79 25=13.80 50=19.58 75=26.78 90=97.86 95=131.84 99=644.10 99.9=1387.52 99.99=1853.44] [UPDATE: Count=47858 Max=15917.06 Min=6.32 Avg=20.86 10=9.82 25=11.07 50=13.14 75=16.30 90=20.37 95=23.68 99=33.41 99.9=1569.79 99.99=10182.66]
2025-04-22 06:07:06 11 sec: 192369 operations; [READ: Count=128273 Max=2312.19 Min=2.15 Avg=39.69 10=11.66 25=13.57 50=18.83 75=24.83 90=87.87 95=117.06 99=520.19 99.9=1319.93 99.99=1799.17] [UPDATE: Count=64096 Max=15917.06 Min=6.32 Avg=19.10 10=9.71 25=10.86 50=12.72 75=15.74 90=19.38 95=22.51 99=31.86 99.9=1058.82 99.99=9904.13]
2025-04-22 06:07:07 12 sec: 237640 operations; [READ: Count=158429 Max=2312.19 Min=2.15 Avg=36.89 10=11.56 25=13.47 50=18.43 75=24.11 90=44.26 95=111.68 99=445.95 99.9=1254.40 99.99=1789.95] [UPDATE: Count=79211 Max=15917.06 Min=6.32 Avg=18.18 10=9.65 25=10.74 50=12.49 75=15.45 90=18.83 95=21.79 99=31.25 99.9=926.72 99.99=8429.57]
2025-04-22 06:07:08 13 sec: 264630 operations; [READ: Count=176425 Max=2312.19 Min=2.15 Avg=37.97 10=11.49 25=13.46 50=18.48 75=24.25 90=86.91 95=116.61 99=437.25 99.9=1234.94 99.99=1759.23] [UPDATE: Count=88205 Max=15917.06 Min=6.32 Avg=17.76 10=9.65 25=10.72 50=12.41 75=15.28 90=18.54 95=21.44 99=31.04 99.9=856.58 99.99=8232.96]
2025-04-22 06:07:09 14 sec: 284981 operations; [READ: Count=190017 Max=2312.19 Min=2.15 Avg=39.91 10=11.49 25=13.54 50=18.75 75=24.89 90=93.12 95=124.93 99=436.48 99.9=1211.39 99.99=1745.92] [UPDATE: Count=94964 Max=15917.06 Min=6.32 Avg=17.56 10=9.67 25=10.73 50=12.43 75=15.27 90=18.50 95=21.34 99=30.94 99.9=838.65 99.99=8232.96]
2025-04-22 06:07:10 15 sec: 302728 operations; [READ: Count=201845 Max=2443.26 Min=2.15 Avg=41.95 10=11.48 25=13.60 50=19.01 75=25.55 90=96.38 95=131.20 99=454.40 99.9=1264.64 99.99=1827.84] [UPDATE: Count=100883 Max=15917.06 Min=6.32 Avg=17.56 10=9.68 25=10.76 50=12.46 75=15.26 90=18.45 95=21.28 99=30.89 99.9=844.29 99.99=7942.14]
2025-04-22 06:07:11 16 sec: 323255 operations; [READ: Count=215516 Max=2443.26 Min=2.15 Avg=43.36 10=11.47 25=13.66 50=19.23 75=26.25 90=98.94 95=139.52 99=451.07 99.9=1247.23 99.99=1799.17] [UPDATE: Count=107739 Max=15917.06 Min=6.32 Avg=17.44 10=9.70 25=10.78 50=12.48 75=15.25 90=18.38 95=21.21 99=30.91 99.9=828.41 99.99=7606.27]
2025-04-22 06:07:12 17 sec: 344042 operations; [READ: Count=229379 Max=2443.26 Min=2.15 Avg=44.61 10=11.46 25=13.74 50=19.26 75=26.86 90=100.54 95=145.41 99=445.95 99.9=1233.92 99.99=1795.07] [UPDATE: Count=114663 Max=15917.06 Min=6.32 Avg=17.25 10=9.67 25=10.69 50=12.38 75=15.11 90=18.21 95=21.02 99=30.83 99.9=820.22 99.99=7606.27]
2025-04-22 06:07:13 18 sec: 364504 operations; [READ: Count=243039 Max=2443.26 Min=2.15 Avg=45.78 10=11.44 25=13.82 50=19.36 75=27.58 90=102.27 95=149.89 99=438.78 99.9=1213.44 99.99=1789.95] [UPDATE: Count=121465 Max=15917.06 Min=6.32 Avg=17.04 10=9.65 25=10.63 50=12.30 75=15.02 90=18.06 95=20.85 99=30.77 99.9=798.21 99.99=7348.22]
2025-04-22 06:07:14 19 sec: 385639 operations; [READ: Count=257196 Max=2443.26 Min=2.15 Avg=46.72 10=11.41 25=13.89 50=19.39 75=28.62 90=103.17 95=151.68 99=431.36 99.9=1192.96 99.99=1765.38] [UPDATE: Count=128443 Max=15917.06 Min=6.32 Avg=16.88 10=9.62 25=10.57 50=12.22 75=14.89 90=17.90 95=20.66 99=30.67 99.9=796.16 99.99=6991.87]
2025-04-22 06:07:15 20 sec: 405159 operations; [READ: Count=270191 Max=2443.26 Min=2.15 Avg=47.80 10=11.37 25=13.96 50=19.44 75=29.90 90=103.74 95=153.60 99=435.71 99.9=1192.96 99.99=1759.23] [UPDATE: Count=134968 Max=15917.06 Min=6.32 Avg=16.72 10=9.61 25=10.51 50=12.14 75=14.78 90=17.77 95=20.51 99=30.48 99.9=784.89 99.99=6991.87]
2025-04-22 06:07:16 21 sec: 427496 operations; [READ: Count=285095 Max=2443.26 Min=2.15 Avg=48.40 10=11.31 25=14.02 50=19.50 75=32.08 90=104.13 95=152.96 99=425.73 99.9=1178.62 99.99=1745.92] [UPDATE: Count=142401 Max=15917.06 Min=6.32 Avg=16.54 10=9.59 25=10.49 50=12.12 75=14.70 90=17.66 95=20.35 99=30.34 99.9=730.62 99.99=6332.41]
2025-04-22 06:07:17 22 sec: 452444 operations; [READ: Count=301697 Max=2443.26 Min=2.15 Avg=48.67 10=11.21 25=14.05 50=19.54 75=37.25 90=103.49 95=149.12 99=415.49 99.9=1158.14 99.99=1729.54] [UPDATE: Count=150747 Max=15917.06 Min=6.32 Avg=16.29 10=9.57 25=10.44 50=12.05 75=14.56 90=17.52 95=20.13 99=30.13 99.9=694.78 99.99=6262.78]
2025-04-22 06:07:18 23 sec: 477468 operations; [READ: Count=318494 Max=2443.26 Min=2.15 Avg=48.90 10=11.10 25=14.07 50=19.55 75=74.81 90=102.85 95=145.79 99=407.55 99.9=1144.83 99.99=1721.34] [UPDATE: Count=158974 Max=15917.06 Min=6.32 Avg=16.04 10=9.53 25=10.37 50=11.94 75=14.41 90=17.36 95=19.95 99=29.89 99.9=645.63 99.99=6111.23]
2025-04-22 06:07:19 24 sec: 503332 operations; [READ: Count=335700 Max=2443.26 Min=2.15 Avg=49.03 10=10.97 25=14.10 50=19.57 75=79.10 90=102.14 95=141.95 99=399.62 99.9=1128.45 99.99=1699.84] [UPDATE: Count=167632 Max=15917.06 Min=6.32 Avg=15.80 10=9.50 25=10.30 50=11.84 75=14.27 90=17.21 95=19.77 99=29.68 99.9=526.34 99.99=5566.46]
2025-04-22 06:07:20 25 sec: 527130 operations; [READ: Count=351580 Max=2443.26 Min=2.15 Avg=49.36 10=10.80 25=14.10 50=19.58 75=80.38 90=101.82 95=141.06 99=397.06 99.9=1115.13 99.99=1695.74] [UPDATE: Count=175550 Max=15917.06 Min=6.32 Avg=15.61 10=9.48 25=10.26 50=11.76 75=14.15 90=17.09 95=19.61 99=29.61 99.9=487.68 99.99=4993.02]
2025-04-22 06:07:21 26 sec: 553382 operations; [READ: Count=368980 Max=2443.26 Min=2.15 Avg=49.41 10=10.62 25=14.11 50=19.60 75=81.22 90=101.25 95=137.73 99=389.63 99.9=1097.73 99.99=1684.48] [UPDATE: Count=184402 Max=15917.06 Min=6.32 Avg=15.43 10=9.46 25=10.23 50=11.70 75=14.05 90=16.96 95=19.45 99=29.49 99.9=431.36 99.99=4993.02]
2025-04-22 06:07:22 27 sec: 580035 operations; [READ: Count=386708 Max=2443.26 Min=2.15 Avg=49.43 10=10.38 25=14.10 50=19.60 75=81.66 90=100.67 95=134.91 99=382.98 99.9=1084.41 99.99=1658.88] [UPDATE: Count=193327 Max=15917.06 Min=6.32 Avg=15.25 10=9.43 25=10.19 50=11.62 75=13.94 90=16.83 95=19.31 99=29.33 99.9=361.98 99.99=4575.23]
2025-04-22 06:07:23 28 sec: 606926 operations; [READ: Count=404636 Max=5427.20 Min=2.15 Avg=49.41 10=10.07 25=14.10 50=19.60 75=81.98 90=100.09 95=132.09 99=376.83 99.9=1074.17 99.99=1658.88] [UPDATE: Count=202290 Max=15917.06 Min=6.32 Avg=15.08 10=9.41 25=10.17 50=11.54 75=13.84 90=16.70 95=19.17 99=29.18 99.9=323.07 99.99=4358.14]
2025-04-22 06:07:24 29 sec: 634940 operations; [READ: Count=423363 Max=5427.20 Min=2.15 Avg=49.30 10=9.70 25=14.08 50=19.55 75=82.17 90=99.52 95=129.28 99=370.18 99.9=1062.91 99.99=1652.73] [UPDATE: Count=211577 Max=15917.06 Min=6.32 Avg=14.92 10=9.38 25=10.14 50=11.48 75=13.74 90=16.57 95=19.02 99=28.96 99.9=296.45 99.99=4268.03]
2025-04-22 06:07:25 30 sec: 660877 operations; [READ: Count=440708 Max=5427.20 Min=2.15 Avg=49.36 10=9.36 25=14.07 50=19.49 75=82.30 90=99.26 95=128.32 99=369.66 99.9=1054.72 99.99=1643.52] [UPDATE: Count=220169 Max=15917.06 Min=6.32 Avg=14.81 10=9.37 25=10.13 50=11.44 75=13.69 90=16.48 95=18.89 99=28.78 99.9=271.36 99.99=3930.11]
2025-04-22 06:07:26 31 sec: 692161 operations; [READ: Count=461588 Max=5427.20 Min=2.15 Avg=49.00 10=8.96 25=14.03 50=19.36 75=82.24 90=98.62 95=125.50 99=363.01 99.9=1034.75 99.99=1639.42] [UPDATE: Count=230573 Max=15917.06 Min=6.32 Avg=14.65 10=9.35 25=10.10 50=11.38 75=13.60 90=16.34 95=18.73 99=28.50 99.9=247.55 99.99=3913.73]
2025-04-22 06:07:27 32 sec: 725700 operations; [READ: Count=483892 Max=5427.20 Min=2.15 Avg=48.50 10=8.60 25=13.99 50=19.15 75=82.05 90=97.98 95=123.07 99=356.86 99.9=1019.39 99.99=1636.35] [UPDATE: Count=241808 Max=15917.06 Min=6.32 Avg=14.49 10=9.32 25=10.08 50=11.31 75=13.52 90=16.21 95=18.57 99=28.16 99.9=238.97 99.99=3729.41]
2025-04-22 06:07:28 33 sec: 761707 operations; [READ: Count=507844 Max=5427.20 Min=2.15 Avg=47.87 10=8.25 25=13.93 50=18.89 75=81.79 90=97.28 95=120.51 99=349.95 99.9=1006.59 99.99=1611.78] [UPDATE: Count=253863 Max=15917.06 Min=6.32 Avg=14.34 10=9.29 25=10.05 50=11.25 75=13.44 90=16.07 95=18.41 99=27.86 99.9=233.09 99.99=3446.78]
2025-04-22 06:07:29 34 sec: 800498 operations; [READ: Count=533576 Max=5427.20 Min=2.15 Avg=47.12 10=7.94 25=13.86 50=18.59 75=81.41 90=96.64 95=118.02 99=341.76 99.9=995.33 99.99=1601.54] [UPDATE: Count=266922 Max=15917.06 Min=6.32 Avg=14.19 10=9.26 25=10.03 50=11.18 75=13.36 90=15.94 95=18.24 99=27.58 99.9=226.56 99.99=2973.70]
2025-04-22 06:07:30 35 sec: 837873 operations; [READ: Count=558456 Max=5427.20 Min=2.15 Avg=46.52 10=7.68 25=13.78 50=18.29 75=81.02 90=96.19 95=116.67 99=339.20 99.9=981.50 99.99=1592.32] [UPDATE: Count=279417 Max=15917.06 Min=6.32 Avg=14.06 10=9.23 25=10.02 50=11.13 75=13.29 90=15.82 95=18.11 99=27.30 99.9=221.95 99.99=2926.59]
2025-04-22 06:07:31 36 sec: 882505 operations; [READ: Count=588252 Max=5427.20 Min=2.15 Avg=45.53 10=7.43 25=13.69 50=17.92 75=80.45 90=95.42 95=114.17 99=330.50 99.9=962.05 99.99=1584.13] [UPDATE: Count=294253 Max=15917.06 Min=6.32 Avg=13.92 10=9.19 25=9.99 50=11.09 75=13.23 90=15.69 95=17.93 99=27.01 99.9=217.73 99.99=2916.35]
2025-04-22 06:07:32 37 sec: 930475 operations; [READ: Count=620189 Max=5427.20 Min=2.15 Avg=44.46 10=7.18 25=13.55 50=17.57 75=79.68 90=94.72 95=112.00 99=321.54 99.9=944.13 99.99=1580.03] [UPDATE: Count=310286 Max=15917.06 Min=6.32 Avg=13.79 10=9.15 25=9.97 50=11.03 75=13.16 90=15.56 95=17.79 99=26.77 99.9=216.57 99.99=2879.49]
2025-04-22 06:07:33 38 sec: 982363 operations; [READ: Count=654782 Max=5427.20 Min=2.15 Avg=43.30 10=6.89 25=13.29 50=17.15 75=78.78 90=94.02 95=110.14 99=313.09 99.9=925.70 99.99=1562.62] [UPDATE: Count=327581 Max=15917.06 Min=6.22 Avg=13.65 10=9.09 25=9.93 50=10.97 75=13.09 90=15.43 95=17.63 99=26.51 99.9=214.27 99.99=2830.34]
2025-04-22 06:07:34 39 sec: 1036071 operations; [READ: Count=690724 Max=5427.20 Min=2.15 Avg=42.14 10=6.64 25=13.08 50=16.77 75=77.63 90=93.38 95=108.42 99=303.62 99.9=911.36 99.99=1552.38] [UPDATE: Count=345347 Max=15917.06 Min=6.22 Avg=13.55 10=9.05 25=9.91 50=10.94 75=13.05 90=15.34 95=17.50 99=26.32 99.9=213.89 99.99=2734.08]
2025-04-22 06:07:35 40 sec: 1085782 operations; [READ: Count=723871 Max=5427.20 Min=2.10 Avg=41.29 10=6.44 25=12.88 50=16.46 75=76.35 90=92.86 95=107.39 99=300.03 99.9=890.37 99.99=1542.14] [UPDATE: Count=361911 Max=15917.06 Min=6.22 Avg=13.45 10=9.00 25=9.89 50=10.91 75=13.00 90=15.24 95=17.38 99=26.18 99.9=213.50 99.99=2725.89]
2025-04-22 06:07:36 41 sec: 1137528 operations; [READ: Count=758431 Max=5427.20 Min=2.00 Avg=40.43 10=6.26 25=12.71 50=16.19 75=74.81 90=92.42 95=106.43 99=295.42 99.9=871.42 99.99=1529.86] [UPDATE: Count=379097 Max=15917.06 Min=6.22 Avg=13.35 10=8.94 25=9.87 50=10.87 75=12.95 90=15.13 95=17.25 99=25.98 99.9=213.12 99.99=2648.06]
2025-04-22 06:07:37 42 sec: 1195040 operations; [READ: Count=796883 Max=5427.20 Min=2.00 Avg=39.43 10=6.09 25=12.51 50=15.90 75=72.83 90=91.84 95=105.22 99=288.00 99.9=856.06 99.99=1525.76] [UPDATE: Count=398157 Max=15917.06 Min=6.18 Avg=13.24 10=8.86 25=9.85 50=10.82 75=12.89 90=15.04 95=17.12 99=25.71 99.9=210.56 99.99=2613.25]
2025-04-22 06:07:38 43 sec: 1252356 operations; [READ: Count=835054 Max=5427.20 Min=2.00 Avg=38.52 10=5.97 25=12.36 50=15.68 75=70.40 90=91.26 95=104.13 99=280.83 99.9=841.22 99.99=1515.52] [UPDATE: Count=417302 Max=15917.06 Min=6.18 Avg=13.16 10=8.82 25=9.83 50=10.81 75=12.87 90=14.98 95=17.01 99=25.50 99.9=210.56 99.99=2594.82]
2025-04-22 06:07:39 44 sec: 1313308 operations; [READ: Count=875731 Max=5427.20 Min=2.00 Avg=37.56 10=5.83 25=12.18 50=15.43 75=35.26 90=90.75 95=103.10 99=273.92 99.9=826.88 99.99=1507.33] [UPDATE: Count=437577 Max=15917.06 Min=6.18 Avg=13.08 10=8.75 25=9.81 50=10.78 75=12.82 90=14.89 95=16.89 99=25.38 99.9=210.94 99.99=2529.28]
2025-04-22 06:07:40 45 sec: 1364941 operations; [READ: Count=910185 Max=5427.20 Min=2.00 Avg=36.98 10=5.75 25=12.05 50=15.28 75=30.72 90=90.37 95=102.46 99=272.13 99.9=817.66 99.99=1498.11] [UPDATE: Count=454756 Max=15917.06 Min=6.18 Avg=13.05 10=8.73 25=9.80 50=10.77 75=12.81 90=14.86 95=16.83 99=25.36 99.9=216.57 99.99=2512.89]
2025-04-22 06:07:41 46 sec: 1401511 operations; [READ: Count=934549 Max=5427.20 Min=2.00 Avg=36.89 10=5.77 25=12.01 50=15.27 75=30.19 90=90.37 95=102.53 99=271.87 99.9=808.45 99.99=1495.04] [UPDATE: Count=466962 Max=15917.06 Min=6.18 Avg=13.05 10=8.71 25=9.80 50=10.78 75=12.81 90=14.87 95=16.82 99=25.44 99.9=216.70 99.99=2412.54]
2025-04-22 06:07:42 47 sec: 1419783 operations; [READ: Count=946786 Max=5427.20 Min=2.00 Avg=37.37 10=5.79 25=12.04 50=15.33 75=33.38 90=90.88 95=103.49 99=271.87 99.9=801.79 99.99=1490.94] [UPDATE: Count=472997 Max=15917.06 Min=6.18 Avg=13.06 10=8.73 25=9.81 50=10.80 75=12.84 90=14.91 95=16.86 99=25.54 99.9=216.06 99.99=2412.54]
2025-04-22 06:07:43 48 sec: 1433530 operations; [READ: Count=955928 Max=5427.20 Min=2.00 Avg=37.97 10=5.81 25=12.08 50=15.38 75=44.58 90=91.45 95=104.83 99=274.69 99.9=799.23 99.99=1490.94] [UPDATE: Count=477602 Max=15917.06 Min=6.18 Avg=13.07 10=8.74 25=9.82 50=10.81 75=12.87 90=14.97 95=16.93 99=25.63 99.9=215.68 99.99=2381.82]
2025-04-22 06:07:44 49 sec: 1446866 operations; [READ: Count=964838 Max=5427.20 Min=2.00 Avg=38.58 10=5.82 25=12.11 50=15.44 75=70.91 90=92.03 95=106.50 99=278.27 99.9=798.21 99.99=1490.94] [UPDATE: Count=482028 Max=15917.06 Min=6.18 Avg=13.09 10=8.75 25=9.83 50=10.83 75=12.89 90=15.01 95=16.96 99=25.70 99.9=216.19 99.99=2381.82]
2025-04-22 06:07:45 50 sec: 1460970 operations; [READ: Count=974186 Max=5427.20 Min=2.00 Avg=39.16 10=5.84 25=12.13 50=15.49 75=72.32 90=92.54 95=108.42 99=282.11 99.9=798.72 99.99=1484.80] [UPDATE: Count=486784 Max=15917.06 Min=6.18 Avg=13.10 10=8.77 25=9.83 50=10.85 75=12.90 90=15.03 95=17.01 99=25.76 99.9=216.06 99.99=2367.49]
2025-04-22 06:07:46 51 sec: 1472296 operations; [READ: Count=981780 Max=7053.31 Min=2.00 Avg=39.78 10=5.85 25=12.16 50=15.53 75=73.02 90=92.93 95=110.14 99=288.51 99.9=830.46 99.99=1592.32] [UPDATE: Count=490516 Max=15917.06 Min=6.18 Avg=13.14 10=8.78 25=9.84 50=10.86 75=12.91 90=15.05 95=17.02 99=25.79 99.9=216.96 99.99=2512.89]
2025-04-22 06:07:47 52 sec: 1487626 operations; [READ: Count=992022 Max=7053.31 Min=2.00 Avg=40.27 10=5.86 25=12.19 50=15.57 75=73.86 90=93.31 95=112.13 99=291.33 99.9=839.17 99.99=1654.78] [UPDATE: Count=495604 Max=15917.06 Min=6.18 Avg=13.17 10=8.79 25=9.85 50=10.87 75=12.93 90=15.07 95=17.05 99=25.90 99.9=217.73 99.99=2512.89]
2025-04-22 06:07:48 52 sec: 1499639 operations; [READ: Count=1000000 Max=7053.31 Min=2.00 Avg=40.64 10=5.88 25=12.21 50=15.61 75=74.50 90=93.63 95=113.98 99=294.14 99.9=837.63 99.99=1652.73] [UPDATE: Count=499639 Max=15917.06 Min=6.18 Avg=13.17 10=8.80 25=9.85 50=10.89 75=12.94 90=15.09 95=17.05 99=25.87 99.9=217.60 99.99=2512.89]
Run runtime(sec): 52.8995
Run operations(ops): 1000000
Run throughput(ops/sec): 18903.8
