Running scope as unit: run-rf7c198016cac41509df2b5b08f051b5b.scope
load file:/home/user/DataFiles/silesia_data/silesia.tar
2025-04-21 20:42:12 0 sec: 0 operations;
2025-04-21 20:42:13 1 sec: 0 operations;
2025-04-21 20:42:14 2 sec: 0 operations;
2025-04-21 20:42:15 3 sec: 0 operations;
2025-04-21 20:42:16 4 sec: 0 operations;
2025-04-21 20:42:17 5 sec: 9454 operations; [READ: Count=4738 Max=4632.57 Min=3.00 Avg=66.15 10=13.34 25=17.17 50=22.54 75=35.49 90=108.67 95=257.41 99=845.31 99.9=1364.99 99.99=4632.57] [UPDATE: Count=4716 Max=11780.09 Min=8.54 Avg=91.07 10=21.41 25=25.15 50=31.77 75=50.69 90=120.13 95=313.86 99=917.50 99.9=6418.43 99.99=11780.09]
2025-04-21 20:42:18 6 sec: 17738 operations; [READ: Count=8865 Max=4632.57 Min=2.70 Avg=84.59 10=13.54 25=17.71 50=23.23 75=36.77 90=120.00 95=495.36 99=1044.48 99.9=1579.01 99.99=2488.32] [UPDATE: Count=8873 Max=21299.20 Min=7.82 Avg=110.93 10=21.79 25=25.98 50=32.80 75=49.02 90=133.63 95=512.51 99=1080.32 99.9=9150.46 99.99=12886.01]
2025-04-21 20:42:19 7 sec: 29942 operations; [READ: Count=14949 Max=4632.57 Min=2.70 Avg=79.83 10=13.80 25=18.02 50=23.50 75=36.86 90=114.56 95=391.42 99=1034.75 99.9=1476.61 99.99=2152.45] [UPDATE: Count=14993 Max=21299.20 Min=7.34 Avg=102.00 10=21.90 25=26.11 50=32.99 75=48.61 90=125.76 95=428.29 99=1051.65 99.9=4960.26 99.99=13590.53]
2025-04-21 20:42:20 8 sec: 49688 operations; [READ: Count=24708 Max=4632.57 Min=2.18 Avg=65.31 10=12.16 25=15.40 50=21.02 75=32.53 90=105.53 95=270.85 99=920.58 99.9=1411.07 99.99=2152.45] [UPDATE: Count=24980 Max=21299.20 Min=7.34 Avg=83.69 10=19.21 25=23.47 50=29.98 75=44.22 90=115.90 95=303.36 99=958.46 99.9=2791.42 99.99=12886.01]
2025-04-21 20:42:21 9 sec: 70045 operations; [READ: Count=34903 Max=4632.57 Min=2.18 Avg=58.96 10=12.02 25=14.46 50=20.02 75=29.36 90=100.48 95=216.19 99=864.77 99.9=1462.27 99.99=2312.19] [UPDATE: Count=35142 Max=21299.20 Min=7.34 Avg=74.75 10=18.70 25=22.34 50=28.45 75=40.19 90=110.78 95=245.63 99=894.46 99.9=2390.01 99.99=11706.37]
2025-04-21 20:42:22 10 sec: 96483 operations; [READ: Count=48143 Max=4632.57 Min=2.18 Avg=51.69 10=12.01 25=14.25 50=19.52 75=27.31 90=95.81 95=141.95 99=769.53 99.9=1413.12 99.99=2375.68] [UPDATE: Count=48340 Max=21299.20 Min=7.01 Avg=65.61 10=18.56 25=21.87 50=27.68 75=37.22 90=105.47 95=166.27 99=809.98 99.9=1979.39 99.99=10919.93]
2025-04-21 20:42:23 11 sec: 126077 operations; [READ: Count=62980 Max=4632.57 Min=2.18 Avg=46.15 10=11.94 25=14.10 50=19.15 75=25.90 90=91.90 95=118.97 99=672.25 99.9=1357.82 99.99=2312.19] [UPDATE: Count=63097 Max=21299.20 Min=6.99 Avg=59.06 10=18.38 25=21.54 50=27.10 75=35.33 90=101.18 95=134.14 99=729.60 99.9=1768.45 99.99=10805.25]
2025-04-21 20:42:24 12 sec: 149655 operations; [READ: Count=74654 Max=4632.57 Min=2.18 Avg=44.56 10=11.93 25=14.13 50=19.14 75=25.79 90=90.94 95=116.09 99=614.40 99.9=1303.55 99.99=2152.45] [UPDATE: Count=75001 Max=21299.20 Min=6.99 Avg=57.11 10=18.34 25=21.55 50=27.12 75=35.17 90=100.29 95=131.71 99=679.93 99.9=1688.58 99.99=10551.30]
2025-04-21 20:42:25 13 sec: 167058 operations; [READ: Count=83436 Max=4632.57 Min=2.18 Avg=45.28 10=11.90 25=14.18 50=19.30 75=26.24 90=92.22 95=123.84 99=581.12 99.9=1285.12 99.99=2111.49] [UPDATE: Count=83622 Max=21299.20 Min=6.99 Avg=57.58 10=18.30 25=21.58 50=27.25 75=35.74 90=101.38 95=141.82 99=647.68 99.9=1642.49 99.99=10551.30]
2025-04-21 20:42:26 14 sec: 180041 operations; [READ: Count=89927 Max=4632.57 Min=2.18 Avg=47.08 10=11.86 25=14.18 50=19.49 75=26.96 90=93.25 95=134.91 99=592.38 99.9=1275.90 99.99=1963.01] [UPDATE: Count=90114 Max=21299.20 Min=6.99 Avg=59.33 10=18.25 25=21.60 50=27.41 75=36.64 90=102.40 95=152.83 99=655.36 99.9=1677.31 99.99=10272.77]
2025-04-21 20:42:27 15 sec: 193617 operations; [READ: Count=96813 Max=4632.57 Min=2.18 Avg=48.55 10=11.83 25=14.23 50=19.74 75=28.16 90=94.27 95=142.34 99=585.22 99.9=1275.90 99.99=1963.01] [UPDATE: Count=96804 Max=21299.20 Min=6.99 Avg=60.60 10=18.25 25=21.68 50=27.68 75=38.21 90=103.36 95=158.46 99=645.12 99.9=1642.49 99.99=9961.47]
2025-04-21 20:42:28 16 sec: 209436 operations; [READ: Count=104742 Max=4632.57 Min=2.18 Avg=49.29 10=11.73 25=14.19 50=19.79 75=29.02 90=94.97 95=149.38 99=570.88 99.9=1259.52 99.99=1963.01] [UPDATE: Count=104694 Max=21299.20 Min=6.99 Avg=61.03 10=18.16 25=21.63 50=27.73 75=39.62 90=104.06 95=162.81 99=621.57 99.9=1594.37 99.99=9961.47]
2025-04-21 20:42:29 17 sec: 227842 operations; [READ: Count=113948 Max=4632.57 Min=2.18 Avg=49.25 10=11.57 25=14.07 50=19.68 75=29.44 90=95.23 95=151.55 99=549.89 99.9=1239.04 99.99=1900.54] [UPDATE: Count=113894 Max=21299.20 Min=6.99 Avg=60.79 10=17.98 25=21.49 50=27.55 75=40.32 90=104.32 95=165.38 99=594.94 99.9=1583.10 99.99=9658.37]
2025-04-21 20:42:30 18 sec: 248285 operations; [READ: Count=124264 Max=4632.57 Min=2.18 Avg=48.80 10=11.42 25=13.97 50=19.52 75=29.44 90=95.04 95=152.19 99=530.94 99.9=1232.89 99.99=1856.51] [UPDATE: Count=124021 Max=21299.20 Min=6.99 Avg=60.10 10=17.82 25=21.31 50=27.36 75=40.26 90=104.19 95=164.86 99=577.53 99.9=1548.29 99.99=9633.79]
2025-04-21 20:42:31 19 sec: 264041 operations; [READ: Count=132077 Max=4632.57 Min=2.18 Avg=49.28 10=11.32 25=13.83 50=19.41 75=30.80 90=95.36 95=154.62 99=520.96 99.9=1222.65 99.99=1818.62] [UPDATE: Count=131964 Max=21299.20 Min=6.99 Avg=60.58 10=17.65 25=21.10 50=27.28 75=42.62 90=104.51 95=168.57 99=566.27 99.9=1543.17 99.99=9150.46]
2025-04-21 20:42:32 20 sec: 280269 operations; [READ: Count=140246 Max=4632.57 Min=2.18 Avg=49.61 10=11.16 25=13.66 50=19.26 75=33.25 90=95.10 95=154.88 99=516.61 99.9=1201.15 99.99=1900.54] [UPDATE: Count=140023 Max=21299.20 Min=6.99 Avg=60.93 10=17.47 25=20.85 50=27.15 75=46.98 90=104.32 95=169.34 99=561.66 99.9=1525.76 99.99=8773.63]
2025-04-21 20:42:33 21 sec: 300613 operations; [READ: Count=150377 Max=4632.57 Min=2.18 Avg=49.28 10=10.96 25=13.47 50=19.04 75=39.55 90=94.33 95=151.68 99=497.92 99.9=1187.84 99.99=1856.51] [UPDATE: Count=150236 Max=21299.20 Min=6.99 Avg=60.32 10=17.21 25=20.54 50=26.93 75=73.98 90=103.42 95=164.86 99=538.62 99.9=1488.89 99.99=8142.85]
2025-04-21 20:42:34 22 sec: 323229 operations; [READ: Count=161673 Max=4632.57 Min=2.18 Avg=48.59 10=10.73 25=13.28 50=18.75 75=68.93 90=93.12 95=146.05 99=473.60 99.9=1164.29 99.99=1818.62] [UPDATE: Count=161556 Max=21299.20 Min=6.98 Avg=59.41 10=16.96 25=20.25 50=26.66 75=77.06 90=102.14 95=159.36 99=513.53 99.9=1442.82 99.99=8089.60]
2025-04-21 20:42:35 23 sec: 348592 operations; [READ: Count=174366 Max=4632.57 Min=2.18 Avg=47.59 10=10.41 25=13.09 50=18.40 75=70.02 90=91.58 95=136.32 99=452.86 99.9=1143.81 99.99=1817.60] [UPDATE: Count=174226 Max=21299.20 Min=6.98 Avg=58.17 10=16.67 25=19.93 50=26.34 75=77.57 90=100.42 95=151.81 99=491.77 99.9=1380.35 99.99=8040.45]
2025-04-21 20:42:36 24 sec: 373986 operations; [READ: Count=187115 Max=4632.57 Min=2.18 Avg=46.75 10=10.02 25=12.92 50=17.98 75=70.27 90=90.24 95=126.91 99=433.66 99.9=1130.49 99.99=1773.57] [UPDATE: Count=186871 Max=21299.20 Min=6.86 Avg=57.07 10=16.37 25=19.66 50=25.97 75=77.57 90=99.07 95=144.38 99=471.04 99.9=1335.30 99.99=6418.43]
2025-04-21 20:42:37 25 sec: 399275 operations; [READ: Count=199663 Max=4632.57 Min=2.18 Avg=45.96 10=9.31 25=12.78 50=17.47 75=70.14 90=89.09 95=120.58 99=423.17 99.9=1122.30 99.99=1754.11] [UPDATE: Count=199612 Max=21299.20 Min=6.86 Avg=56.18 10=16.06 25=19.44 50=25.58 75=77.44 90=97.86 95=137.22 99=457.47 99.9=1307.65 99.99=5681.15]
2025-04-21 20:42:38 26 sec: 427390 operations; [READ: Count=213862 Max=4632.57 Min=2.18 Avg=44.98 10=8.25 25=12.64 50=16.93 75=69.89 90=87.87 95=114.75 99=406.53 99.9=1104.89 99.99=1722.37] [UPDATE: Count=213528 Max=21299.20 Min=6.86 Avg=55.03 10=15.72 25=19.21 50=25.14 75=77.06 90=96.51 95=129.47 99=436.22 99.9=1266.69 99.99=5083.14]
2025-04-21 20:42:39 27 sec: 455257 operations; [READ: Count=227758 Max=4632.57 Min=2.18 Avg=44.14 10=7.43 25=12.54 50=16.48 75=69.63 90=86.91 95=111.04 99=391.17 99.9=1086.46 99.99=1707.01] [UPDATE: Count=227499 Max=21299.20 Min=6.86 Avg=54.03 10=15.26 25=19.04 50=24.72 75=76.86 90=95.49 95=125.31 99=416.77 99.9=1229.82 99.99=4440.06]
2025-04-21 20:42:40 28 sec: 485235 operations; [READ: Count=242776 Max=4632.57 Min=2.18 Avg=43.20 10=6.83 25=12.45 50=16.05 75=69.31 90=85.95 95=107.58 99=378.37 99.9=1061.89 99.99=1676.29] [UPDATE: Count=242459 Max=21299.20 Min=6.86 Avg=52.93 10=14.76 25=18.88 50=24.25 75=76.48 90=94.40 95=120.96 99=398.33 99.9=1206.27 99.99=3966.97]
2025-04-21 20:42:41 29 sec: 515121 operations; [READ: Count=257617 Max=4632.57 Min=2.18 Avg=42.37 10=6.45 25=12.36 50=15.70 75=68.93 90=85.12 95=105.02 99=368.64 99.9=1043.97 99.99=1654.78] [UPDATE: Count=257504 Max=21299.20 Min=6.86 Avg=51.97 10=14.25 25=18.72 50=23.84 75=76.09 90=93.50 95=117.69 99=385.79 99.9=1174.53 99.99=3532.80]
2025-04-21 20:42:42 30 sec: 542215 operations; [READ: Count=271184 Max=4632.57 Min=2.11 Avg=41.86 10=6.20 25=12.29 50=15.46 75=68.54 90=84.54 95=103.61 99=367.36 99.9=1031.17 99.99=1643.52] [UPDATE: Count=271031 Max=21299.20 Min=6.86 Avg=51.37 10=13.87 25=18.61 50=23.52 75=75.78 90=92.86 95=116.03 99=384.00 99.9=1147.90 99.99=3483.65]
2025-04-21 20:42:43 31 sec: 572910 operations; [READ: Count=286579 Max=4632.57 Min=2.11 Avg=41.10 10=6.01 25=12.22 50=15.22 75=68.22 90=83.97 95=101.89 99=359.42 99.9=1014.27 99.99=1623.04] [UPDATE: Count=286331 Max=21299.20 Min=6.86 Avg=50.54 10=13.50 25=18.50 50=23.18 75=75.45 90=92.16 95=113.92 99=376.06 99.9=1125.38 99.99=3438.59]
2025-04-21 20:42:44 32 sec: 604898 operations; [READ: Count=302446 Max=4632.57 Min=2.11 Avg=40.35 10=5.82 25=12.14 50=15.01 75=67.78 90=83.39 95=100.03 99=353.02 99.9=1000.45 99.99=1614.85] [UPDATE: Count=302452 Max=21299.20 Min=6.86 Avg=49.66 10=13.19 25=18.35 50=22.86 75=74.94 90=91.52 95=111.87 99=367.36 99.9=1102.85 99.99=3381.25]
2025-04-21 20:42:45 33 sec: 638727 operations; [READ: Count=319293 Max=4632.57 Min=2.11 Avg=39.55 10=5.68 25=12.05 50=14.81 75=67.26 90=82.75 95=98.43 99=346.37 99.9=986.11 99.99=1610.75] [UPDATE: Count=319434 Max=21299.20 Min=6.86 Avg=48.74 10=12.89 25=18.22 50=22.54 75=74.37 90=90.81 95=109.82 99=359.17 99.9=1084.41 99.99=3215.36]
2025-04-21 20:42:46 34 sec: 672703 operations; [READ: Count=336281 Max=4632.57 Min=2.11 Avg=38.82 10=5.55 25=11.97 50=14.65 75=66.75 90=82.24 95=96.96 99=340.22 99.9=970.75 99.99=1599.49] [UPDATE: Count=336422 Max=21299.20 Min=6.86 Avg=47.90 10=12.65 25=18.09 50=22.27 75=73.86 90=90.17 95=108.03 99=353.54 99.9=1072.13 99.99=3160.06]
2025-04-21 20:42:47 35 sec: 702703 operations; [READ: Count=351322 Max=4632.57 Min=2.11 Avg=38.39 10=5.46 25=11.90 50=14.52 75=66.30 90=81.86 95=96.19 99=339.45 99.9=957.95 99.99=1585.15] [UPDATE: Count=351381 Max=21299.20 Min=6.86 Avg=47.41 10=12.47 25=18.00 50=22.06 75=73.34 90=89.79 95=107.33 99=353.02 99.9=1056.77 99.99=3158.01]
2025-04-21 20:42:48 36 sec: 737234 operations; [READ: Count=368568 Max=4632.57 Min=2.11 Avg=37.74 10=5.38 25=11.82 50=14.41 75=65.79 90=81.41 95=95.10 99=332.54 99.9=947.20 99.99=1575.93] [UPDATE: Count=368666 Max=21299.20 Min=6.86 Avg=46.68 10=12.30 25=17.89 50=21.89 75=72.83 90=89.34 95=106.05 99=346.11 99.9=1035.26 99.99=3110.91]
2025-04-21 20:42:49 37 sec: 771608 operations; [READ: Count=385791 Max=4632.57 Min=2.11 Avg=37.15 10=5.31 25=11.74 50=14.30 75=65.12 90=81.02 95=94.21 99=326.91 99.9=938.50 99.99=1551.36] [UPDATE: Count=385817 Max=21299.20 Min=6.86 Avg=46.03 10=12.16 25=17.79 50=21.71 75=72.32 90=88.89 95=104.89 99=339.97 99.9=1017.34 99.99=3053.57]
2025-04-21 20:42:50 38 sec: 807923 operations; [READ: Count=403741 Max=4632.57 Min=2.11 Avg=36.53 10=5.25 25=11.65 50=14.21 75=63.81 90=80.58 95=93.12 99=320.77 99.9=928.25 99.99=1545.21] [UPDATE: Count=404182 Max=21299.20 Min=6.86 Avg=45.31 10=12.03 25=17.68 50=21.54 75=71.61 90=88.38 95=103.61 99=334.33 99.9=1002.50 99.99=3012.61]
2025-04-21 20:42:51 39 sec: 843718 operations; [READ: Count=421683 Max=4632.57 Min=2.11 Avg=35.98 10=5.20 25=11.57 50=14.13 75=38.66 90=80.19 95=92.29 99=315.65 99.9=915.97 99.99=1538.05] [UPDATE: Count=422035 Max=21299.20 Min=6.86 Avg=44.69 10=11.92 25=17.57 50=21.41 75=70.72 90=88.00 95=102.53 99=329.21 99.9=992.25 99.99=2945.02]
2025-04-21 20:42:52 40 sec: 875997 operations; [READ: Count=437734 Max=4632.57 Min=2.11 Avg=35.63 10=5.16 25=11.49 50=14.07 75=33.63 90=79.94 95=91.71 99=315.13 99.9=907.26 99.99=1531.90] [UPDATE: Count=438263 Max=21299.20 Min=6.86 Avg=44.29 10=11.84 25=17.47 50=21.28 75=68.22 90=87.68 95=101.95 99=328.45 99.9=983.04 99.99=2889.73]
2025-04-21 20:42:53 41 sec: 909969 operations; [READ: Count=454827 Max=4632.57 Min=2.11 Avg=35.21 10=5.14 25=11.41 50=14.03 75=31.23 90=79.68 95=91.14 99=311.81 99.9=900.10 99.99=1518.59] [UPDATE: Count=455142 Max=21299.20 Min=6.86 Avg=43.87 10=11.80 25=17.39 50=21.21 75=48.61 90=87.49 95=101.44 99=324.61 99.9=972.80 99.99=2875.39]
2025-04-21 20:42:54 42 sec: 934677 operations; [READ: Count=467256 Max=4632.57 Min=2.06 Avg=35.20 10=5.17 25=11.37 50=14.05 75=31.84 90=79.74 95=91.07 99=309.76 99.9=892.41 99.99=1512.45] [UPDATE: Count=467421 Max=21299.20 Min=6.86 Avg=43.88 10=11.83 25=17.38 50=21.25 75=53.28 90=87.61 95=101.44 99=323.33 99.9=966.65 99.99=2836.48]
2025-04-21 20:42:55 43 sec: 954137 operations; [READ: Count=476945 Max=4632.57 Min=2.06 Avg=35.42 10=5.21 25=11.42 50=14.10 75=33.57 90=80.13 95=91.65 99=309.50 99.9=888.32 99.99=1531.90] [UPDATE: Count=477192 Max=21299.20 Min=6.86 Avg=44.11 10=11.89 25=17.44 50=21.34 75=69.63 90=88.00 95=101.95 99=322.81 99.9=962.05 99.99=2889.73]
2025-04-21 20:42:56 44 sec: 974989 operations; [READ: Count=487351 Max=4632.57 Min=2.06 Avg=35.58 10=5.24 25=11.47 50=14.16 75=37.09 90=80.51 95=91.90 99=307.45 99.9=882.17 99.99=1518.59] [UPDATE: Count=487638 Max=21299.20 Min=6.86 Avg=44.26 10=11.94 25=17.49 50=21.44 75=70.91 90=88.45 95=102.08 99=320.77 99.9=956.93 99.99=2881.53]
2025-04-21 20:42:57 45 sec: 990520 operations; [READ: Count=495078 Max=4632.57 Min=2.06 Avg=35.97 10=5.25 25=11.50 50=14.20 75=63.65 90=80.89 95=92.54 99=311.30 99.9=880.13 99.99=1513.47] [UPDATE: Count=495442 Max=21299.20 Min=6.86 Avg=44.62 10=11.98 25=17.54 50=21.50 75=71.81 90=88.89 95=102.59 99=323.33 99.9=959.49 99.99=2875.39]
2025-04-21 20:42:58 45 sec: 1000000 operations; [READ: Count=499853 Max=4632.57 Min=2.06 Avg=36.19 10=5.27 25=11.53 50=14.23 75=64.89 90=81.22 95=92.93 99=311.30 99.9=878.08 99.99=1513.47] [UPDATE: Count=500147 Max=21299.20 Min=6.86 Avg=44.83 10=12.01 25=17.57 50=21.55 75=72.32 90=89.22 95=103.10 99=323.58 99.9=956.93 99.99=2875.39]
Run runtime(sec): 45.7031
Run operations(ops): 1000000
Run throughput(ops/sec): 21880.3
