Running scope as unit: run-r3b06134f847b4dff9c61e665bbe6f3ec.scope
load file:/home/user/DataFiles/silesia_data/silesia.tar
2025-04-21 14:44:43 0 sec: 0 operations;
2025-04-21 14:44:44 1 sec: 25016 operations; [INSERT: Count=25016 Max=970.75 Min=4.16 Avg=34.77 10=9.10 25=15.16 50=27.09 75=43.77 90=67.90 95=91.84 99=144.25 99.9=238.46 99.99=435.45]
2025-04-21 14:44:45 2 sec: 47968 operations; [INSERT: Count=47968 Max=970.75 Min=4.16 Avg=36.60 10=12.26 25=21.04 50=31.70 75=46.24 90=64.00 95=77.63 99=119.42 99.9=223.74 99.99=424.96]
2025-04-21 14:44:46 3 sec: 70901 operations; [INSERT: Count=70901 Max=970.75 Min=4.16 Avg=37.25 10=14.84 25=23.05 50=33.05 75=46.88 90=62.91 95=74.05 99=110.27 99.9=215.17 99.99=435.45]
2025-04-21 14:44:47 4 sec: 93759 operations; [INSERT: Count=93759 Max=970.75 Min=4.16 Avg=37.61 10=16.40 25=24.03 50=33.70 75=47.13 90=62.49 95=72.77 99=104.00 99.9=207.74 99.99=435.45]
2025-04-21 14:44:48 5 sec: 116647 operations; [INSERT: Count=116647 Max=970.75 Min=4.16 Avg=37.82 10=17.28 25=24.59 50=34.05 75=47.30 90=62.14 95=72.06 99=100.16 99.9=202.37 99.99=435.97]
2025-04-21 14:44:49 6 sec: 147743 operations; [INSERT: Count=147743 Max=42598.40 Min=4.16 Avg=35.78 10=14.17 25=21.73 50=31.65 75=45.02 90=60.26 95=70.33 99=97.98 99.9=203.90 99.99=438.01]
2025-04-21 14:44:50 7 sec: 196043 operations; [INSERT: Count=196043 Max=42598.40 Min=4.16 Avg=31.24 10=11.65 25=16.72 50=26.48 75=39.81 90=56.00 95=66.43 99=92.22 99.9=198.66 99.99=435.45]
2025-04-21 14:44:51 8 sec: 243922 operations; [INSERT: Count=243922 Max=42598.40 Min=4.16 Avg=28.57 10=11.15 25=15.01 50=23.41 75=36.00 90=52.41 95=63.23 99=88.13 99.9=185.73 99.99=423.94]
2025-04-21 14:44:52 9 sec: 291274 operations; [INSERT: Count=291274 Max=42598.40 Min=4.16 Avg=26.82 10=10.94 25=14.29 50=21.60 75=33.22 90=49.44 95=60.58 99=85.06 99.9=181.50 99.99=418.05]
2025-04-21 14:44:53 10 sec: 337720 operations; [INSERT: Count=337720 Max=42598.40 Min=4.16 Avg=25.64 10=10.87 25=13.96 50=20.54 75=31.21 90=46.88 95=58.40 99=82.50 99.9=176.00 99.99=405.25]
2025-04-21 14:44:54 11 sec: 382746 operations; [INSERT: Count=382746 Max=42598.40 Min=4.16 Avg=24.85 10=10.86 25=13.81 50=19.92 75=29.89 90=44.80 95=56.58 99=80.83 99.9=174.08 99.99=396.54]
2025-04-21 14:44:55 12 sec: 414285 operations; [INSERT: Count=414285 Max=42598.40 Min=4.16 Avg=25.05 10=10.97 25=14.02 50=20.30 75=30.25 90=44.77 95=56.09 99=79.81 99.9=171.39 99.99=406.53]
2025-04-21 14:44:56 13 sec: 443500 operations; [INSERT: Count=443500 Max=42598.40 Min=4.16 Avg=25.34 10=11.11 25=14.29 50=20.80 75=30.78 90=44.90 95=55.77 99=78.97 99.9=169.22 99.99=421.38]
2025-04-21 14:44:57 14 sec: 481495 operations; [INSERT: Count=481495 Max=42598.40 Min=4.16 Avg=25.05 10=11.06 25=14.24 50=20.66 75=30.41 90=44.06 95=54.78 99=77.69 99.9=161.28 99.99=425.73]
2025-04-21 14:44:58 15 sec: 526983 operations; [INSERT: Count=526983 Max=42598.40 Min=4.16 Avg=24.38 10=10.91 25=13.94 50=20.06 75=29.45 90=42.72 95=53.41 99=76.42 99.9=154.37 99.99=420.86]
2025-04-21 14:44:59 16 sec: 564925 operations; [INSERT: Count=564925 Max=42598.40 Min=4.16 Avg=24.20 10=10.90 25=13.89 50=19.89 75=29.09 90=42.02 95=52.67 99=76.16 99.9=180.48 99.99=434.94]
2025-04-21 14:45:00 17 sec: 599441 operations; [INSERT: Count=599441 Max=42598.40 Min=4.16 Avg=24.20 10=10.99 25=14.04 50=20.05 75=29.12 90=41.63 95=52.03 99=75.26 99.9=175.23 99.99=436.48]
2025-04-21 14:45:01 18 sec: 632960 operations; [INSERT: Count=632960 Max=42598.40 Min=4.16 Avg=24.25 10=11.08 25=14.19 50=20.24 75=29.21 90=41.41 95=51.55 99=74.62 99.9=172.03 99.99=438.01]
2025-04-21 14:45:02 19 sec: 660277 operations; [INSERT: Count=660277 Max=42598.40 Min=4.16 Avg=24.52 10=11.16 25=14.34 50=20.45 75=29.41 90=41.44 95=51.33 99=74.05 99.9=169.34 99.99=451.58]
2025-04-21 14:45:03 20 sec: 681480 operations; [INSERT: Count=681480 Max=42598.40 Min=4.16 Avg=25.04 10=11.22 25=14.47 50=20.73 75=29.95 90=42.49 95=52.77 99=76.80 99.9=172.03 99.99=464.89]
2025-04-21 14:45:04 21 sec: 706190 operations; [INSERT: Count=706190 Max=42598.40 Min=4.16 Avg=25.40 10=11.29 25=14.59 50=20.91 75=30.24 90=43.01 95=53.38 99=78.21 99.9=194.56 99.99=536.06]
2025-04-21 14:45:05 22 sec: 738443 operations; [INSERT: Count=738443 Max=42598.40 Min=4.16 Avg=25.43 10=11.36 25=14.67 50=20.96 75=30.21 90=42.75 95=52.99 99=77.95 99.9=196.74 99.99=562.17]
2025-04-21 14:45:06 23 sec: 769702 operations; [INSERT: Count=769702 Max=42598.40 Min=4.16 Avg=25.49 10=11.43 25=14.77 50=21.01 75=30.19 90=42.59 95=52.80 99=78.40 99.9=203.01 99.99=647.68]
2025-04-21 14:45:07 24 sec: 793365 operations; [INSERT: Count=793365 Max=42598.40 Min=4.16 Avg=25.85 10=11.49 25=14.87 50=21.20 75=30.51 90=43.10 95=53.50 99=81.28 99.9=217.09 99.99=674.82]
2025-04-21 14:45:08 25 sec: 812530 operations; [INSERT: Count=812530 Max=42598.40 Min=4.16 Avg=26.35 10=11.53 25=14.94 50=21.33 75=30.73 90=43.68 95=54.49 99=87.04 99.9=252.67 99.99=733.70]
2025-04-21 14:45:09 26 sec: 833232 operations; [INSERT: Count=833232 Max=42598.40 Min=4.16 Avg=26.79 10=11.57 25=15.02 50=21.44 75=30.94 90=44.09 95=55.26 99=91.71 99.9=266.24 99.99=764.41]
2025-04-21 14:45:10 27 sec: 851717 operations; [INSERT: Count=851717 Max=42598.40 Min=4.16 Avg=27.28 10=11.62 25=15.12 50=21.66 75=31.44 90=45.28 95=57.09 99=97.22 99.9=268.29 99.99=828.41]
2025-04-21 14:45:11 28 sec: 871009 operations; [INSERT: Count=871009 Max=42598.40 Min=4.16 Avg=27.72 10=11.66 25=15.20 50=21.82 75=31.81 90=46.14 95=58.56 99=103.87 99.9=277.25 99.99=849.41]
2025-04-21 14:45:12 29 sec: 893754 operations; [INSERT: Count=893754 Max=42598.40 Min=4.16 Avg=27.99 10=11.70 25=15.25 50=21.87 75=31.89 90=46.34 95=58.94 99=106.88 99.9=284.67 99.99=927.74]
2025-04-21 14:45:13 30 sec: 917276 operations; [INSERT: Count=917276 Max=42598.40 Min=4.16 Avg=28.28 10=11.70 25=15.26 50=21.90 75=32.02 90=46.69 95=59.52 99=108.61 99.9=284.42 99.99=964.10]
2025-04-21 14:45:14 31 sec: 946755 operations; [INSERT: Count=946755 Max=42598.40 Min=4.16 Avg=28.32 10=11.66 25=15.21 50=21.86 75=31.98 90=46.72 95=59.68 99=109.18 99.9=283.39 99.99=964.10]
2025-04-21 14:45:15 32 sec: 979944 operations; [INSERT: Count=979944 Max=42598.40 Min=4.16 Avg=28.22 10=11.70 25=15.24 50=21.84 75=31.90 90=46.49 95=59.39 99=108.61 99.9=279.81 99.99=932.86]
2025-04-21 14:45:16 33 sec: 1000000 operations; [INSERT: Count=1000000 Max=42598.40 Min=4.16 Avg=28.13 10=11.70 25=15.21 50=21.77 75=31.79 90=46.34 95=59.23 99=108.99 99.9=278.78 99.99=928.77]
2025-04-21 14:45:17 34 sec: 1000000 operations; [INSERT: Count=1000000 Max=42598.40 Min=4.16 Avg=28.13 10=11.70 25=15.21 50=21.77 75=31.79 90=46.34 95=59.23 99=108.99 99.9=278.78 99.99=928.77]
2025-04-21 14:45:18 35 sec: 1000000 operations; [INSERT: Count=1000000 Max=42598.40 Min=4.16 Avg=28.13 10=11.70 25=15.21 50=21.77 75=31.79 90=46.34 95=59.23 99=108.99 99.9=278.78 99.99=928.77]
2025-04-21 14:45:19 36 sec: 1000000 operations; [INSERT: Count=1000000 Max=42598.40 Min=4.16 Avg=28.13 10=11.70 25=15.21 50=21.77 75=31.79 90=46.34 95=59.23 99=108.99 99.9=278.78 99.99=928.77]
2025-04-21 14:45:20 37 sec: 1000000 operations; [INSERT: Count=1000000 Max=42598.40 Min=4.16 Avg=28.13 10=11.70 25=15.21 50=21.77 75=31.79 90=46.34 95=59.23 99=108.99 99.9=278.78 99.99=928.77]
2025-04-21 14:45:21 38 sec: 1000000 operations; [INSERT: Count=1000000 Max=42598.40 Min=4.16 Avg=28.13 10=11.70 25=15.21 50=21.77 75=31.79 90=46.34 95=59.23 99=108.99 99.9=278.78 99.99=928.77]
2025-04-21 14:45:22 39 sec: 1000000 operations; [INSERT: Count=1000000 Max=42598.40 Min=4.16 Avg=28.13 10=11.70 25=15.21 50=21.77 75=31.79 90=46.34 95=59.23 99=108.99 99.9=278.78 99.99=928.77]
2025-04-21 14:45:23 40 sec: 1000000 operations; [INSERT: Count=1000000 Max=42598.40 Min=4.16 Avg=28.13 10=11.70 25=15.21 50=21.77 75=31.79 90=46.34 95=59.23 99=108.99 99.9=278.78 99.99=928.77]
2025-04-21 14:45:24 41 sec: 1000000 operations; [INSERT: Count=1000000 Max=42598.40 Min=4.16 Avg=28.13 10=11.70 25=15.21 50=21.77 75=31.79 90=46.34 95=59.23 99=108.99 99.9=278.78 99.99=928.77]
2025-04-21 14:45:25 42 sec: 1000000 operations; [INSERT: Count=1000000 Max=42598.40 Min=4.16 Avg=28.13 10=11.70 25=15.21 50=21.77 75=31.79 90=46.34 95=59.23 99=108.99 99.9=278.78 99.99=928.77]
2025-04-21 14:45:26 42 sec: 1000000 operations; [INSERT: Count=1000000 Max=42598.40 Min=4.16 Avg=28.13 10=11.70 25=15.21 50=21.77 75=31.79 90=46.34 95=59.23 99=108.99 99.9=278.78 99.99=928.77]
Load runtime(sec): 42.9091
Load operations(ops): 1000000
Load throughput(ops/sec): 23305.1
