Running scope as unit: run-re33d3e26c608440fa9595373942dce2e.scope
load file:/home/user/DataFiles/silesia_data/silesia.tar
2025-04-21 14:44:44 0 sec: 0 operations;
2025-04-21 14:44:45 1 sec: 21632 operations; [INSERT: Count=21632 Max=3553.28 Min=5.86 Avg=31.17 10=14.88 25=19.47 50=27.28 75=39.10 90=51.55 95=59.71 99=76.22 99.9=97.09 99.99=759.29]
2025-04-21 14:44:46 2 sec: 50782 operations; [INSERT: Count=50782 Max=3553.28 Min=5.86 Avg=31.08 10=15.14 25=19.70 50=27.38 75=39.01 90=51.33 95=59.07 99=74.94 99.9=96.13 99.99=710.65]
2025-04-21 14:44:47 3 sec: 80508 operations; [INSERT: Count=80508 Max=3553.28 Min=5.51 Avg=30.81 10=15.13 25=19.66 50=27.23 75=38.69 90=50.91 95=58.40 99=73.92 99.9=95.36 99.99=674.30]
2025-04-21 14:44:48 4 sec: 110633 operations; [INSERT: Count=110633 Max=3553.28 Min=5.51 Avg=30.56 10=15.14 25=19.63 50=27.09 75=38.34 90=50.37 95=57.76 99=73.09 99.9=94.59 99.99=631.29]
2025-04-21 14:44:49 5 sec: 140680 operations; [INSERT: Count=140680 Max=3553.28 Min=5.51 Avg=30.44 10=15.16 25=19.61 50=26.96 75=38.11 90=50.02 95=57.38 99=72.51 99.9=94.97 99.99=631.29]
2025-04-21 14:44:50 6 sec: 168175 operations; [INSERT: Count=168175 Max=42696.70 Min=5.51 Avg=30.86 10=15.05 25=19.54 50=26.99 75=38.30 90=50.43 95=58.05 99=74.43 99.9=126.97 99.99=616.45]
2025-04-21 14:44:51 7 sec: 197991 operations; [INSERT: Count=197991 Max=42696.70 Min=5.51 Avg=30.76 10=14.89 25=19.36 50=26.85 75=38.21 90=50.37 95=58.17 99=74.81 99.9=124.35 99.99=599.04]
2025-04-21 14:44:52 8 sec: 225947 operations; [INSERT: Count=225947 Max=42696.70 Min=5.51 Avg=30.97 10=14.93 25=19.44 50=27.04 75=38.56 90=50.94 95=58.98 99=76.03 99.9=122.75 99.99=593.41]
2025-04-21 14:44:53 9 sec: 254104 operations; [INSERT: Count=254104 Max=42696.70 Min=5.51 Avg=31.11 10=14.94 25=19.47 50=27.18 75=38.78 90=51.33 95=59.52 99=76.80 99.9=120.19 99.99=582.14]
2025-04-21 14:44:54 10 sec: 281856 operations; [INSERT: Count=281856 Max=42696.70 Min=5.51 Avg=31.27 10=14.97 25=19.54 50=27.34 75=39.04 90=51.71 95=59.94 99=77.57 99.9=122.94 99.99=570.37]
2025-04-21 14:44:55 11 sec: 308536 operations; [INSERT: Count=308536 Max=42696.70 Min=5.51 Avg=31.52 10=15.02 25=19.61 50=27.55 75=39.36 90=52.19 95=60.61 99=78.85 99.9=128.96 99.99=552.45]
2025-04-21 14:44:56 12 sec: 332159 operations; [INSERT: Count=332159 Max=42696.70 Min=5.51 Avg=32.05 10=15.15 25=19.84 50=27.97 75=40.06 90=53.28 95=62.02 99=81.60 99.9=129.22 99.99=552.45]
2025-04-21 14:44:57 13 sec: 353830 operations; [INSERT: Count=353830 Max=42696.70 Min=5.51 Avg=32.68 10=15.28 25=20.06 50=28.43 75=40.83 90=54.53 95=63.74 99=85.31 99.9=136.96 99.99=563.71]
2025-04-21 14:44:58 14 sec: 371578 operations; [INSERT: Count=371578 Max=42696.70 Min=5.51 Avg=33.57 10=15.44 25=20.35 50=29.01 75=41.82 90=56.32 95=66.50 99=91.90 99.9=154.88 99.99=552.45]
2025-04-21 14:44:59 15 sec: 390067 operations; [INSERT: Count=390067 Max=42696.70 Min=5.51 Avg=34.30 10=15.59 25=20.61 50=29.54 75=42.72 90=57.85 95=68.80 99=96.51 99.9=159.10 99.99=548.35]
2025-04-21 14:45:00 16 sec: 411845 operations; [INSERT: Count=411845 Max=42696.70 Min=5.51 Avg=34.66 10=15.67 25=20.75 50=29.77 75=43.13 90=58.49 95=69.76 99=98.81 99.9=173.57 99.99=548.35]
2025-04-21 14:45:01 17 sec: 435291 operations; [INSERT: Count=435291 Max=42696.70 Min=5.51 Avg=34.83 10=15.78 25=20.91 50=29.98 75=43.36 90=58.72 95=70.02 99=98.75 99.9=172.93 99.99=552.45]
2025-04-21 14:45:02 18 sec: 460680 operations; [INSERT: Count=460680 Max=42696.70 Min=5.51 Avg=34.82 10=15.80 25=20.93 50=30.00 75=43.36 90=58.72 95=69.95 99=98.37 99.9=170.62 99.99=563.71]
2025-04-21 14:45:03 19 sec: 488478 operations; [INSERT: Count=488478 Max=42696.70 Min=5.51 Avg=34.63 10=15.62 25=20.72 50=29.71 75=43.01 90=58.34 95=69.50 99=97.60 99.9=168.96 99.99=570.37]
2025-04-21 14:45:04 20 sec: 516478 operations; [INSERT: Count=516478 Max=42696.70 Min=5.51 Avg=34.43 10=15.50 25=20.57 50=29.54 75=42.75 90=58.02 95=69.06 99=96.96 99.9=168.96 99.99=581.63]
2025-04-21 14:45:05 21 sec: 546725 operations; [INSERT: Count=546725 Max=54034.43 Min=5.51 Avg=34.09 10=15.13 25=20.13 50=28.96 75=42.11 90=57.41 95=68.48 99=96.96 99.9=176.77 99.99=582.14]
2025-04-21 14:45:06 22 sec: 584014 operations; [INSERT: Count=584014 Max=54034.43 Min=5.51 Avg=33.32 10=14.71 25=19.58 50=28.18 75=41.15 90=56.41 95=67.45 99=95.61 99.9=173.69 99.99=581.63]
2025-04-21 14:45:07 23 sec: 617796 operations; [INSERT: Count=617796 Max=54034.43 Min=5.51 Avg=32.86 10=14.46 25=19.21 50=27.63 75=40.41 90=55.62 95=66.62 99=94.53 99.9=171.39 99.99=582.14]
2025-04-21 14:45:08 24 sec: 646879 operations; [INSERT: Count=646879 Max=54034.43 Min=5.51 Avg=32.71 10=14.26 25=18.96 50=27.30 75=40.13 90=55.52 95=66.81 99=97.41 99.9=189.31 99.99=582.14]
2025-04-21 14:45:09 25 sec: 668765 operations; [INSERT: Count=668765 Max=54034.43 Min=5.51 Avg=32.94 10=14.16 25=18.83 50=27.14 75=40.00 90=55.58 95=67.14 99=100.42 99.9=208.13 99.99=601.60]
2025-04-21 14:45:10 26 sec: 690056 operations; [INSERT: Count=690056 Max=54034.43 Min=5.51 Avg=33.26 10=14.15 25=18.82 50=27.17 75=40.13 90=55.94 95=67.90 99=104.58 99.9=228.86 99.99=622.08]
2025-04-21 14:45:11 27 sec: 719853 operations; [INSERT: Count=719853 Max=54034.43 Min=5.51 Avg=33.07 10=14.10 25=18.72 50=26.99 75=39.87 90=55.62 95=67.58 99=105.28 99.9=231.68 99.99=616.45]
2025-04-21 14:45:12 28 sec: 749115 operations; [INSERT: Count=749115 Max=54034.43 Min=5.51 Avg=32.93 10=13.97 25=18.51 50=26.72 75=39.62 90=55.52 95=67.71 99=107.97 99.9=234.62 99.99=631.29]
2025-04-21 14:45:13 29 sec: 770506 operations; [INSERT: Count=770506 Max=54034.43 Min=5.51 Avg=33.18 10=13.89 25=18.40 50=26.56 75=39.45 90=55.45 95=67.84 99=109.69 99.9=246.14 99.99=670.72]
2025-04-21 14:45:14 30 sec: 792910 operations; [INSERT: Count=792910 Max=54034.43 Min=5.51 Avg=33.38 10=13.88 25=18.40 50=26.57 75=39.55 90=55.74 95=68.48 99=112.51 99.9=254.85 99.99=728.58]
2025-04-21 14:45:15 31 sec: 818469 operations; [INSERT: Count=818469 Max=54034.43 Min=5.51 Avg=33.43 10=13.84 25=18.34 50=26.50 75=39.45 90=55.71 95=68.61 99=113.73 99.9=262.65 99.99=762.88]
2025-04-21 14:45:16 32 sec: 862498 operations; [INSERT: Count=862498 Max=54034.43 Min=5.51 Avg=32.70 10=13.42 25=17.77 50=25.74 75=38.62 90=54.98 95=67.90 99=112.13 99.9=264.45 99.99=752.13]
2025-04-21 14:45:17 33 sec: 898969 operations; [INSERT: Count=898969 Max=54034.43 Min=5.51 Avg=32.29 10=13.23 25=17.47 50=25.26 75=38.08 90=54.53 95=67.58 99=111.68 99.9=267.26 99.99=808.96]
2025-04-21 14:45:18 34 sec: 935883 operations; [INSERT: Count=935883 Max=54034.43 Min=4.50 Avg=31.92 10=12.89 25=17.10 50=24.86 75=37.66 90=54.24 95=67.39 99=111.55 99.9=274.43 99.99=914.94]
2025-04-21 14:45:19 35 sec: 984899 operations; [INSERT: Count=984899 Max=54034.43 Min=4.50 Avg=31.12 10=12.29 25=16.43 50=24.06 75=36.83 90=53.47 95=66.69 99=109.95 99.9=276.99 99.99=906.24]
2025-04-21 14:45:20 36 sec: 1000000 operations; [INSERT: Count=1000000 Max=54034.43 Min=4.46 Avg=30.81 10=11.95 25=16.13 50=23.79 75=36.58 90=53.25 95=66.43 99=109.38 99.9=276.48 99.99=872.96]
2025-04-21 14:45:21 37 sec: 1000000 operations; [INSERT: Count=1000000 Max=54034.43 Min=4.46 Avg=30.81 10=11.95 25=16.13 50=23.79 75=36.58 90=53.25 95=66.43 99=109.38 99.9=276.48 99.99=872.96]
2025-04-21 14:45:22 38 sec: 1000000 operations; [INSERT: Count=1000000 Max=54034.43 Min=4.46 Avg=30.81 10=11.95 25=16.13 50=23.79 75=36.58 90=53.25 95=66.43 99=109.38 99.9=276.48 99.99=872.96]
2025-04-21 14:45:23 39 sec: 1000000 operations; [INSERT: Count=1000000 Max=54034.43 Min=4.46 Avg=30.81 10=11.95 25=16.13 50=23.79 75=36.58 90=53.25 95=66.43 99=109.38 99.9=276.48 99.99=872.96]
2025-04-21 14:45:24 40 sec: 1000000 operations; [INSERT: Count=1000000 Max=54034.43 Min=4.46 Avg=30.81 10=11.95 25=16.13 50=23.79 75=36.58 90=53.25 95=66.43 99=109.38 99.9=276.48 99.99=872.96]
2025-04-21 14:45:25 41 sec: 1000000 operations; [INSERT: Count=1000000 Max=54034.43 Min=4.46 Avg=30.81 10=11.95 25=16.13 50=23.79 75=36.58 90=53.25 95=66.43 99=109.38 99.9=276.48 99.99=872.96]
2025-04-21 14:45:26 42 sec: 1000000 operations; [INSERT: Count=1000000 Max=54034.43 Min=4.46 Avg=30.81 10=11.95 25=16.13 50=23.79 75=36.58 90=53.25 95=66.43 99=109.38 99.9=276.48 99.99=872.96]
2025-04-21 14:45:27 43 sec: 1000000 operations; [INSERT: Count=1000000 Max=54034.43 Min=4.46 Avg=30.81 10=11.95 25=16.13 50=23.79 75=36.58 90=53.25 95=66.43 99=109.38 99.9=276.48 99.99=872.96]
2025-04-21 14:45:28 44 sec: 1000000 operations; [INSERT: Count=1000000 Max=54034.43 Min=4.46 Avg=30.81 10=11.95 25=16.13 50=23.79 75=36.58 90=53.25 95=66.43 99=109.38 99.9=276.48 99.99=872.96]
2025-04-21 14:45:28 44 sec: 1000000 operations; [INSERT: Count=1000000 Max=54034.43 Min=4.46 Avg=30.81 10=11.95 25=16.13 50=23.79 75=36.58 90=53.25 95=66.43 99=109.38 99.9=276.48 99.99=872.96]
Load runtime(sec): 44.6779
Load operations(ops): 1000000
Load throughput(ops/sec): 22382.5
