Running scope as unit: run-r3ddb8480e51b4f189630d0f345cae4f3.scope
load file:/home/user/DataFiles/silesia_data/silesia.tar
2025-04-22 20:13:12 0 sec: 0 operations;
2025-04-22 20:13:13 1 sec: 0 operations;
2025-04-22 20:13:14 2 sec: 0 operations;
2025-04-22 20:13:15 3 sec: 0 operations;
2025-04-22 20:13:16 4 sec: 0 operations;
2025-04-22 20:13:17 5 sec: 0 operations;
2025-04-22 20:13:18 6 sec: 0 operations;
2025-04-22 20:13:19 7 sec: 0 operations;
2025-04-22 20:13:20 8 sec: 0 operations;
2025-04-22 20:13:21 9 sec: 0 operations;
2025-04-22 20:13:22 10 sec: 0 operations;
2025-04-22 20:13:23 11 sec: 0 operations;
2025-04-22 20:13:24 12 sec: 0 operations;
2025-04-22 20:13:25 13 sec: 0 operations;
2025-04-22 20:13:26 14 sec: 0 operations;
2025-04-22 20:13:27 15 sec: 0 operations;
2025-04-22 20:13:28 16 sec: 0 operations;
2025-04-22 20:13:29 17 sec: 0 operations;
2025-04-22 20:13:30 18 sec: 0 operations;
2025-04-22 20:13:31 19 sec: 0 operations;
2025-04-22 20:13:32 20 sec: 0 operations;
2025-04-22 20:13:33 21 sec: 0 operations;
2025-04-22 20:13:34 22 sec: 3476 operations; [READ: Count=1783 Max=582.14 Min=4.96 Avg=142.93 10=56.19 25=83.14 50=129.22 75=187.39 90=250.88 95=290.05 99=369.66 99.9=549.38 99.99=582.14] [UPDATE: Count=1693 Max=989.70 Min=12.47 Avg=152.02 10=62.27 25=90.05 50=137.22 75=202.62 90=253.06 95=296.70 99=374.01 99.9=534.53 99.99=989.70]
2025-04-22 20:13:35 23 sec: 10246 operations; [READ: Count=5134 Max=582.14 Min=4.66 Avg=142.46 10=53.25 25=82.62 50=128.90 75=191.23 90=249.60 95=286.46 99=372.74 99.9=532.99 99.99=564.74] [UPDATE: Count=5112 Max=989.70 Min=10.87 Avg=151.18 10=62.02 25=91.52 50=137.22 75=201.09 90=254.97 95=292.86 99=374.01 99.9=516.10 99.99=623.62]
2025-04-22 20:13:36 24 sec: 17104 operations; [READ: Count=8631 Max=582.14 Min=3.81 Avg=140.88 10=50.46 25=81.28 50=126.85 75=190.46 90=247.68 95=285.18 99=369.92 99.9=476.42 99.99=581.63] [UPDATE: Count=8473 Max=1730.56 Min=10.87 Avg=151.06 10=61.53 25=92.22 50=136.19 75=200.32 90=256.89 95=295.17 99=387.33 99.9=520.96 99.99=989.70]
2025-04-22 20:13:37 25 sec: 23797 operations; [READ: Count=11967 Max=655.87 Min=3.12 Avg=141.41 10=51.17 25=82.24 50=127.94 75=190.72 90=246.53 95=284.67 99=369.41 99.9=476.42 99.99=582.14] [UPDATE: Count=11830 Max=1730.56 Min=9.74 Avg=151.80 10=61.57 25=92.29 50=137.34 75=200.70 90=257.92 95=296.70 99=391.42 99.9=516.10 99.99=989.70]
2025-04-22 20:13:38 26 sec: 29794 operations; [READ: Count=14971 Max=1163.26 Min=3.12 Avg=144.94 10=52.22 25=84.22 50=129.66 75=192.38 90=250.24 95=292.86 99=409.86 99.9=730.62 99.99=1100.80] [UPDATE: Count=14823 Max=9666.56 Min=8.27 Avg=155.87 10=62.14 25=93.69 50=138.37 75=203.26 90=262.65 95=304.13 99=434.69 99.9=735.74 99.99=1730.56]
2025-04-22 20:13:39 27 sec: 34781 operations; [READ: Count=17499 Max=2334.72 Min=2.99 Avg=149.59 10=51.01 25=82.62 50=127.10 75=191.87 90=257.15 95=311.04 99=595.46 99.9=943.10 99.99=1163.26] [UPDATE: Count=17282 Max=13230.08 Min=8.27 Avg=165.29 10=61.34 25=92.09 50=136.57 75=202.62 90=269.06 95=326.40 99=629.25 99.9=1044.48 99.99=11223.04]
2025-04-22 20:13:40 28 sec: 41274 operations; [READ: Count=20716 Max=2334.72 Min=2.99 Avg=149.28 10=51.33 25=83.33 50=128.45 75=192.51 90=257.41 95=308.74 99=564.74 99.9=904.70 99.99=1163.26] [UPDATE: Count=20558 Max=13230.08 Min=8.27 Avg=164.09 10=61.57 25=92.86 50=137.47 75=203.39 90=269.06 95=322.56 99=600.06 99.9=961.02 99.99=11223.04]
2025-04-22 20:13:41 29 sec: 47673 operations; [READ: Count=23889 Max=2334.72 Min=2.99 Avg=149.11 10=51.71 25=84.03 50=129.53 75=193.28 90=257.02 95=305.66 99=536.58 99.9=870.91 99.99=1163.26] [UPDATE: Count=23784 Max=13230.08 Min=8.27 Avg=163.77 10=61.89 25=93.95 50=139.39 75=204.16 90=269.57 95=320.77 99=566.78 99.9=957.44 99.99=11223.04]
2025-04-22 20:13:42 30 sec: 54034 operations; [READ: Count=26986 Max=2334.72 Min=2.99 Avg=149.17 10=52.13 25=84.99 50=130.69 75=193.66 90=257.02 95=303.62 99=510.72 99.9=857.09 99.99=1150.97] [UPDATE: Count=27048 Max=13230.08 Min=8.27 Avg=163.53 10=62.56 25=95.30 50=140.80 75=204.67 90=269.82 95=317.95 99=539.13 99.9=948.74 99.99=9666.56]
2025-04-22 20:13:43 31 sec: 60275 operations; [READ: Count=30185 Max=2334.72 Min=2.99 Avg=149.69 10=52.58 25=85.89 50=131.84 75=194.81 90=257.54 95=303.87 99=501.25 99.9=870.91 99.99=1150.97] [UPDATE: Count=30090 Max=13230.08 Min=8.27 Avg=163.57 10=62.59 25=95.74 50=141.69 75=205.31 90=270.85 95=319.23 99=526.34 99.9=940.03 99.99=9666.56]
2025-04-22 20:13:44 32 sec: 66209 operations; [READ: Count=33154 Max=2334.72 Min=2.99 Avg=150.32 10=52.13 25=85.57 50=131.07 75=193.92 90=257.41 95=305.15 99=546.82 99.9=990.21 99.99=1348.61] [UPDATE: Count=33055 Max=13230.08 Min=8.27 Avg=164.87 10=62.17 25=95.49 50=141.44 75=204.67 90=271.10 95=321.79 99=592.38 99.9=1140.73 99.99=9666.56]
2025-04-22 20:13:45 33 sec: 72008 operations; [READ: Count=36023 Max=2963.45 Min=2.90 Avg=151.07 10=51.52 25=85.06 50=130.30 75=193.28 90=257.28 95=306.69 99=606.21 99.9=1093.63 99.99=1443.84] [UPDATE: Count=35985 Max=13230.08 Min=8.27 Avg=166.31 10=61.63 25=95.17 50=140.67 75=203.65 90=270.85 95=323.58 99=642.56 99.9=1307.65 99.99=11223.04]
2025-04-22 20:13:46 34 sec: 78246 operations; [READ: Count=39200 Max=2963.45 Min=2.90 Avg=151.09 10=51.71 25=85.69 50=131.07 75=194.05 90=257.41 95=306.18 99=581.63 99.9=1082.37 99.99=1443.84] [UPDATE: Count=39046 Max=13230.08 Min=8.27 Avg=166.36 10=61.63 25=95.61 50=141.44 75=204.41 90=271.62 95=323.84 99=626.69 99.9=1307.65 99.99=11223.04]
2025-04-22 20:13:47 35 sec: 85037 operations; [READ: Count=42632 Max=2963.45 Min=2.90 Avg=149.85 10=50.85 25=84.73 50=130.56 75=193.02 90=256.38 95=304.13 99=558.59 99.9=1058.82 99.99=1443.84] [UPDATE: Count=42405 Max=13230.08 Min=8.27 Avg=165.57 10=60.67 25=94.66 50=140.80 75=203.78 90=271.10 95=323.07 99=624.64 99.9=1401.86 99.99=11223.04]
2025-04-22 20:13:48 36 sec: 94370 operations; [READ: Count=47274 Max=2963.45 Min=2.90 Avg=144.78 10=47.58 25=79.81 50=125.44 75=187.52 90=251.52 95=299.26 99=536.06 99.9=1044.99 99.99=1371.13] [UPDATE: Count=47096 Max=13230.08 Min=8.27 Avg=160.38 10=57.47 25=89.66 50=135.68 75=198.91 90=265.98 95=317.18 99=605.18 99.9=1398.78 99.99=10919.93]
2025-04-22 20:13:49 37 sec: 103805 operations; [READ: Count=51938 Max=2963.45 Min=2.90 Avg=140.68 10=44.64 25=74.75 50=120.38 75=182.91 90=247.29 95=295.42 99=542.72 99.9=1090.56 99.99=1465.34] [UPDATE: Count=51867 Max=13230.08 Min=8.27 Avg=155.78 10=54.43 25=84.99 50=130.81 75=193.79 90=261.25 95=312.83 99=605.18 99.9=1401.86 99.99=10919.93]
2025-04-22 20:13:50 38 sec: 113325 operations; [READ: Count=56676 Max=2963.45 Min=2.90 Avg=137.14 10=42.88 25=70.97 50=115.97 75=177.92 90=243.46 95=291.84 99=550.40 99.9=1131.52 99.99=1774.59] [UPDATE: Count=56649 Max=13230.08 Min=8.27 Avg=151.86 10=52.51 25=81.02 50=126.27 75=189.06 90=256.77 95=308.22 99=605.18 99.9=1415.17 99.99=9666.56]
2025-04-22 20:13:51 39 sec: 123389 operations; [READ: Count=61730 Max=2963.45 Min=2.90 Avg=133.54 10=42.11 25=68.16 50=112.51 75=173.69 90=239.10 95=286.98 99=530.94 99.9=1110.02 99.99=1774.59] [UPDATE: Count=61659 Max=13230.08 Min=8.14 Avg=147.91 10=51.39 25=78.40 50=122.69 75=184.45 90=252.29 95=302.33 99=574.46 99.9=1369.09 99.99=9666.56]
2025-04-22 20:13:52 40 sec: 133192 operations; [READ: Count=66640 Max=2963.45 Min=2.90 Avg=130.69 10=41.66 25=66.17 50=109.82 75=170.24 90=235.13 95=282.11 99=505.60 99.9=1099.78 99.99=1628.16] [UPDATE: Count=66552 Max=13230.08 Min=8.14 Avg=144.87 10=50.88 25=76.42 50=120.13 75=180.86 90=248.45 95=297.47 99=549.89 99.9=1317.89 99.99=8667.14]
2025-04-22 20:13:53 41 sec: 143106 operations; [READ: Count=71662 Max=2963.45 Min=2.90 Avg=128.06 10=41.18 25=64.35 50=107.26 75=166.78 90=232.06 95=278.53 99=491.52 99.9=1090.56 99.99=1628.16] [UPDATE: Count=71444 Max=13230.08 Min=8.14 Avg=142.23 10=50.43 25=74.81 50=117.89 75=177.66 90=244.61 95=293.89 99=532.48 99.9=1309.69 99.99=8667.14]
2025-04-22 20:13:54 42 sec: 153594 operations; [READ: Count=76877 Max=2963.45 Min=2.90 Avg=125.34 10=40.09 25=61.98 50=104.19 75=162.81 90=228.48 95=275.20 99=487.17 99.9=1118.21 99.99=1782.78] [UPDATE: Count=76717 Max=13230.08 Min=8.14 Avg=139.35 10=49.34 25=72.51 50=114.75 75=173.95 90=240.90 95=290.81 99=528.38 99.9=1340.41 99.99=8552.45]
2025-04-22 20:13:55 43 sec: 164525 operations; [READ: Count=82350 Max=2963.45 Min=2.61 Avg=122.54 10=38.88 25=59.97 50=101.18 75=159.23 90=224.90 95=271.36 99=477.44 99.9=1134.59 99.99=1871.87] [UPDATE: Count=82175 Max=13230.08 Min=8.14 Avg=136.58 10=48.06 25=70.27 50=112.00 75=170.37 90=237.18 95=287.49 99=521.22 99.9=1398.78 99.99=8552.45]
2025-04-22 20:13:56 44 sec: 175183 operations; [READ: Count=87659 Max=2963.45 Min=2.61 Avg=120.36 10=38.37 25=58.85 50=99.39 75=156.41 90=221.44 95=267.52 99=461.57 99.9=1118.21 99.99=1817.60] [UPDATE: Count=87524 Max=13230.08 Min=8.14 Avg=134.25 10=47.62 25=69.18 50=110.21 75=167.55 90=233.98 95=283.90 99=505.60 99.9=1373.18 99.99=8077.31]
2025-04-22 20:13:57 45 sec: 185919 operations; [READ: Count=93013 Max=2963.45 Min=2.61 Avg=118.40 10=37.95 25=57.76 50=97.79 75=153.73 90=218.50 95=263.68 99=443.90 99.9=1108.99 99.99=1817.60] [UPDATE: Count=92906 Max=13230.08 Min=8.14 Avg=132.12 10=47.13 25=68.22 50=108.67 75=164.99 90=230.78 95=279.55 99=491.52 99.9=1317.89 99.99=7892.99]
2025-04-22 20:13:58 46 sec: 196360 operations; [READ: Count=98176 Max=2963.45 Min=2.61 Avg=116.79 10=37.53 25=56.99 50=96.70 75=151.42 90=216.19 95=260.74 99=431.36 99.9=1099.78 99.99=1782.78] [UPDATE: Count=98184 Max=13230.08 Min=8.14 Avg=130.46 10=46.72 25=67.45 50=107.39 75=162.81 90=227.97 95=276.74 99=477.95 99.9=1309.69 99.99=7892.99]
2025-04-22 20:13:59 47 sec: 207247 operations; [READ: Count=103707 Max=2963.45 Min=2.61 Avg=115.07 10=37.15 25=56.19 50=95.23 75=149.25 90=213.50 95=257.66 99=422.91 99.9=1083.39 99.99=1782.78] [UPDATE: Count=103540 Max=13230.08 Min=8.14 Avg=128.72 10=46.37 25=66.62 50=106.05 75=160.77 90=225.15 95=273.41 99=467.20 99.9=1285.12 99.99=7892.99]
2025-04-22 20:14:00 48 sec: 218218 operations; [READ: Count=109203 Max=2963.45 Min=2.61 Avg=113.46 10=36.73 25=55.39 50=93.95 75=147.33 90=210.56 95=254.85 99=413.69 99.9=1072.13 99.99=1774.59] [UPDATE: Count=109015 Max=13230.08 Min=8.14 Avg=127.12 10=45.85 25=65.86 50=104.77 75=158.72 90=222.85 95=270.33 99=456.45 99.9=1274.88 99.99=7892.99]
2025-04-22 20:14:01 49 sec: 228978 operations; [READ: Count=114560 Max=2963.45 Min=2.61 Avg=112.15 10=36.32 25=54.81 50=93.06 75=145.66 90=208.38 95=252.41 99=403.20 99.9=1064.96 99.99=1774.59] [UPDATE: Count=114418 Max=13230.08 Min=8.14 Avg=125.74 10=45.34 25=65.28 50=103.74 75=156.93 90=220.54 95=267.52 99=446.21 99.9=1256.45 99.99=7892.99]
2025-04-22 20:14:02 50 sec: 239529 operations; [READ: Count=119770 Max=2963.45 Min=2.61 Avg=111.09 10=35.97 25=54.43 50=92.42 75=144.38 90=206.72 95=250.37 99=394.24 99.9=1055.74 99.99=1753.09] [UPDATE: Count=119759 Max=13230.08 Min=8.14 Avg=124.56 10=44.96 25=64.96 50=103.04 75=155.65 90=218.62 95=265.21 99=439.30 99.9=1242.11 99.99=7770.11]
2025-04-22 20:14:03 51 sec: 250570 operations; [READ: Count=125238 Max=2963.45 Min=2.61 Avg=109.91 10=35.52 25=53.92 50=91.58 75=142.85 90=204.80 95=248.57 99=386.81 99.9=1031.68 99.99=1677.31] [UPDATE: Count=125332 Max=13230.08 Min=8.14 Avg=123.23 10=44.45 25=64.32 50=102.14 75=154.11 90=216.83 95=263.17 99=432.89 99.9=1232.89 99.99=7487.49]
2025-04-22 20:14:04 52 sec: 262188 operations; [READ: Count=131001 Max=2963.45 Min=2.61 Avg=108.60 10=34.91 25=53.31 50=90.62 75=141.31 90=202.75 95=246.14 99=379.39 99.9=1009.66 99.99=1677.31] [UPDATE: Count=131187 Max=13230.08 Min=8.14 Avg=121.75 10=43.68 25=63.58 50=100.99 75=152.45 90=214.78 95=260.74 99=423.42 99.9=1196.03 99.99=7487.49]
2025-04-22 20:14:05 53 sec: 273319 operations; [READ: Count=136660 Max=2963.45 Min=2.61 Avg=107.58 10=34.30 25=52.77 50=89.86 75=140.16 90=201.09 95=244.35 99=372.74 99.9=999.42 99.99=1628.16] [UPDATE: Count=136659 Max=13230.08 Min=8.14 Avg=120.63 10=43.10 25=63.10 50=100.22 75=151.04 90=212.99 95=258.56 99=416.25 99.9=1170.43 99.99=7364.61]
2025-04-22 20:14:06 54 sec: 284253 operations; [READ: Count=142117 Max=2963.45 Min=2.61 Avg=106.70 10=33.76 25=52.41 50=89.28 75=139.13 90=199.68 95=242.81 99=368.38 99.9=984.58 99.99=1628.16] [UPDATE: Count=142136 Max=13230.08 Min=8.14 Avg=119.67 10=42.53 25=62.75 50=99.65 75=150.01 90=211.46 95=256.51 99=410.37 99.9=1159.17 99.99=7364.61]
2025-04-22 20:14:07 55 sec: 295172 operations; [READ: Count=147618 Max=2963.45 Min=2.61 Avg=105.87 10=33.22 25=52.06 50=88.77 75=138.11 90=198.27 95=241.15 99=363.26 99.9=978.43 99.99=1599.49] [UPDATE: Count=147554 Max=13230.08 Min=8.14 Avg=118.82 10=42.02 25=62.40 50=99.07 75=149.12 90=210.05 95=254.97 99=403.97 99.9=1139.71 99.99=7131.14]
2025-04-22 20:14:08 56 sec: 306549 operations; [READ: Count=153340 Max=2963.45 Min=2.61 Avg=104.94 10=32.41 25=51.58 50=88.13 75=137.09 90=196.74 95=239.49 99=359.17 99.9=968.70 99.99=1599.49] [UPDATE: Count=153209 Max=13230.08 Min=8.14 Avg=117.86 10=41.18 25=61.95 50=98.50 75=147.97 90=208.64 95=253.18 99=398.08 99.9=1131.52 99.99=7131.14]
2025-04-22 20:14:09 57 sec: 318538 operations; [READ: Count=159370 Max=2963.45 Min=2.61 Avg=103.91 10=31.44 25=51.07 50=87.23 75=135.81 90=195.33 95=237.69 99=355.07 99.9=959.49 99.99=1591.30] [UPDATE: Count=159168 Max=13230.08 Min=8.14 Avg=116.71 10=40.06 25=61.25 50=97.66 75=146.81 90=207.10 95=251.52 99=391.68 99.9=1108.99 99.99=6635.52]
2025-04-22 20:14:10 58 sec: 334776 operations; [READ: Count=167509 Max=2963.45 Min=2.60 Avg=101.55 10=29.68 25=49.53 50=84.61 75=132.99 90=192.38 95=234.75 99=350.21 99.9=950.27 99.99=1585.15] [UPDATE: Count=167267 Max=13230.08 Min=8.06 Avg=114.25 10=38.27 25=59.58 50=95.10 75=144.00 90=204.16 95=248.57 99=386.81 99.9=1096.70 99.99=6307.84]
2025-04-22 20:14:11 59 sec: 350488 operations; [READ: Count=175336 Max=2963.45 Min=2.60 Avg=99.55 10=26.96 25=48.45 50=82.37 75=130.30 90=189.69 95=232.32 99=345.60 99.9=942.59 99.99=1575.93] [UPDATE: Count=175152 Max=13230.08 Min=8.06 Avg=112.18 10=36.73 25=58.49 50=92.80 75=141.44 90=201.73 95=245.76 99=380.93 99.9=1089.54 99.99=5144.57]
2025-04-22 20:14:12 60 sec: 366371 operations; [READ: Count=183306 Max=2963.45 Min=2.60 Avg=97.65 10=21.66 25=47.55 50=80.19 75=127.87 90=187.13 95=229.76 99=341.25 99.9=934.91 99.99=1575.93] [UPDATE: Count=183065 Max=13230.08 Min=8.06 Avg=110.26 10=34.62 25=57.57 50=90.69 75=139.01 90=199.17 95=243.07 99=375.81 99.9=1072.13 99.99=5144.57]
2025-04-22 20:14:13 61 sec: 382351 operations; [READ: Count=191265 Max=2963.45 Min=2.60 Avg=95.92 10=18.59 25=46.81 50=78.21 75=125.57 90=184.70 95=227.46 99=337.66 99.9=926.21 99.99=1563.65] [UPDATE: Count=191086 Max=13230.08 Min=8.06 Avg=108.43 10=32.16 25=56.77 50=88.77 75=136.70 90=196.74 95=240.38 99=370.69 99.9=1059.84 99.99=5009.41]
2025-04-22 20:14:14 62 sec: 399576 operations; [READ: Count=199916 Max=2963.45 Min=2.60 Avg=94.02 10=16.67 25=45.85 50=76.03 75=123.14 90=182.14 95=224.90 99=333.06 99.9=916.48 99.99=1534.97] [UPDATE: Count=199660 Max=13230.08 Min=8.06 Avg=106.44 10=29.54 25=55.71 50=86.53 75=134.14 90=194.18 95=237.82 99=365.82 99.9=1049.60 99.99=4993.02]
2025-04-22 20:14:15 63 sec: 421250 operations; [READ: Count=210895 Max=2963.45 Min=2.56 Avg=91.22 10=14.79 25=43.94 50=72.70 75=119.74 90=178.69 95=221.44 99=328.19 99.9=904.70 99.99=1516.54] [UPDATE: Count=210355 Max=13230.08 Min=7.86 Avg=103.59 10=27.20 25=53.66 50=83.26 75=130.81 90=190.97 95=234.75 99=359.42 99.9=1035.78 99.99=4063.23]
2025-04-22 20:14:16 64 sec: 455641 operations; [READ: Count=228116 Max=2963.45 Min=2.56 Avg=86.12 10=12.77 25=38.85 50=66.81 75=114.69 90=173.69 95=216.57 99=322.05 99.9=886.78 99.99=1472.51] [UPDATE: Count=227525 Max=13230.08 Min=7.06 Avg=98.25 10=24.54 25=48.09 50=77.38 75=125.76 90=185.98 95=229.76 99=351.23 99.9=1014.27 99.99=3758.08]
2025-04-22 20:14:17 65 sec: 492164 operations; [READ: Count=246610 Max=2963.45 Min=2.44 Avg=81.33 10=11.30 25=32.35 50=60.86 75=109.63 90=168.70 95=211.58 99=315.39 99.9=852.48 99.99=1443.84] [UPDATE: Count=245554 Max=13230.08 Min=7.06 Avg=93.31 10=22.41 25=41.15 50=71.55 75=120.70 90=180.99 95=225.15 99=344.06 99.9=990.72 99.99=3502.08]
2025-04-22 20:14:18 66 sec: 529066 operations; [READ: Count=265076 Max=2963.45 Min=2.44 Avg=77.19 10=10.20 25=28.29 50=55.58 75=104.89 90=164.09 95=207.36 99=309.25 99.9=831.49 99.99=1409.02] [UPDATE: Count=263990 Max=13230.08 Min=7.06 Avg=88.93 10=20.62 25=36.35 50=66.17 75=116.03 90=176.38 95=220.80 99=338.43 99.9=962.05 99.99=3364.86]
2025-04-22 20:14:19 67 sec: 566562 operations; [READ: Count=283936 Max=2963.45 Min=2.26 Avg=73.51 10=9.33 25=26.96 50=50.88 75=100.29 90=159.74 95=203.13 99=304.38 99.9=815.10 99.99=1401.86] [UPDATE: Count=282626 Max=13230.08 Min=7.06 Avg=85.05 10=19.12 25=34.49 50=61.34 75=111.55 90=172.29 95=216.96 99=333.06 99.9=940.03 99.99=3076.09]
2025-04-22 20:14:20 68 sec: 601228 operations; [READ: Count=301336 Max=2963.45 Min=2.26 Avg=70.64 10=8.73 25=26.25 50=47.23 75=96.45 90=156.16 95=199.68 99=301.31 99.9=803.84 99.99=1376.26] [UPDATE: Count=299892 Max=13230.08 Min=7.06 Avg=82.01 10=18.08 25=33.50 50=57.50 75=107.65 90=168.70 95=213.63 99=329.21 99.9=928.77 99.99=3057.66]
2025-04-22 20:14:21 69 sec: 631692 operations; [READ: Count=316525 Max=2963.45 Min=2.26 Avg=68.59 10=8.31 25=25.92 50=44.35 75=93.31 90=153.09 95=196.99 99=299.77 99.9=823.81 99.99=1350.65] [UPDATE: Count=315167 Max=13230.08 Min=7.06 Avg=79.78 10=17.41 25=33.05 50=54.43 75=104.45 90=165.76 95=210.81 99=326.91 99.9=924.67 99.99=2959.36]
2025-04-22 20:14:22 70 sec: 666142 operations; [READ: Count=333554 Max=2963.45 Min=2.26 Avg=66.32 10=7.90 25=25.52 50=41.38 75=89.98 90=149.76 95=193.92 99=296.19 99.9=806.40 99.99=1348.61] [UPDATE: Count=332588 Max=13230.08 Min=7.06 Avg=77.28 10=16.69 25=32.49 50=51.13 75=100.86 90=162.18 95=207.74 99=322.56 99.9=906.24 99.99=2863.10]
2025-04-22 20:14:23 71 sec: 700867 operations; [READ: Count=350817 Max=2963.45 Min=2.26 Avg=64.24 10=7.58 25=25.18 50=38.40 75=87.10 90=146.69 95=190.59 99=292.86 99.9=789.50 99.99=1338.37] [UPDATE: Count=350050 Max=13230.08 Min=7.02 Avg=75.02 10=16.09 25=32.05 50=47.84 75=97.66 90=158.72 95=204.54 99=317.95 99.9=888.83 99.99=2748.41]
2025-04-22 20:14:24 72 sec: 734811 operations; [READ: Count=367681 Max=2963.45 Min=2.26 Avg=62.42 10=7.35 25=24.93 50=35.36 75=84.48 90=143.74 95=187.90 99=289.79 99.9=775.17 99.99=1334.27] [UPDATE: Count=367130 Max=13230.08 Min=7.02 Avg=73.05 10=15.68 25=31.73 50=44.58 75=95.04 90=155.78 95=201.73 99=314.62 99.9=870.40 99.99=2699.26]
2025-04-22 20:14:25 73 sec: 766829 operations; [READ: Count=383614 Max=2963.45 Min=2.26 Avg=60.92 10=7.17 25=24.66 50=32.83 75=82.30 90=141.18 95=185.73 99=288.51 99.9=780.80 99.99=1326.08] [UPDATE: Count=383215 Max=13230.08 Min=7.02 Avg=71.42 10=15.32 25=31.38 50=41.98 75=92.67 90=153.22 95=199.55 99=313.34 99.9=866.30 99.99=2605.05]
2025-04-22 20:14:26 74 sec: 798001 operations; [READ: Count=399088 Max=2963.45 Min=2.26 Avg=59.59 10=7.07 25=24.50 50=31.45 75=80.19 90=138.75 95=183.55 99=286.98 99.9=787.46 99.99=1321.98] [UPDATE: Count=398913 Max=13230.08 Min=7.02 Avg=70.02 10=15.14 25=31.20 50=40.51 75=90.50 90=150.78 95=197.38 99=311.81 99.9=865.79 99.99=2541.57]
2025-04-22 20:14:27 75 sec: 830492 operations; [READ: Count=415482 Max=2963.45 Min=2.26 Avg=58.25 10=6.96 25=24.32 50=30.67 75=77.82 90=136.19 95=181.12 99=284.67 99.9=787.46 99.99=1321.98] [UPDATE: Count=415010 Max=13230.08 Min=7.02 Avg=68.63 10=14.96 25=31.01 50=39.52 75=88.32 90=148.22 95=195.07 99=309.50 99.9=861.18 99.99=2504.70]
2025-04-22 20:14:28 76 sec: 863574 operations; [READ: Count=431718 Max=2963.45 Min=2.26 Avg=56.98 10=6.89 25=24.16 50=30.29 75=75.33 90=133.63 95=178.69 99=282.11 99.9=774.65 99.99=1318.91] [UPDATE: Count=431856 Max=13230.08 Min=7.02 Avg=67.28 10=14.81 25=30.82 50=38.98 75=86.02 90=145.66 95=192.90 99=306.94 99.9=847.36 99.99=2488.32]
2025-04-22 20:14:29 77 sec: 891830 operations; [READ: Count=445944 Max=2963.45 Min=2.26 Avg=56.12 10=6.87 25=24.02 50=30.27 75=73.15 90=131.58 95=176.77 99=280.32 99.9=768.00 99.99=1304.58] [UPDATE: Count=445886 Max=13230.08 Min=7.02 Avg=66.40 10=14.78 25=30.66 50=38.94 75=84.09 90=143.62 95=190.97 99=305.15 99.9=839.68 99.99=2426.88]
2025-04-22 20:14:30 78 sec: 916895 operations; [READ: Count=458523 Max=2963.45 Min=2.13 Avg=55.53 10=6.90 25=23.89 50=30.29 75=71.55 90=129.92 95=175.23 99=280.06 99.9=772.61 99.99=1304.58] [UPDATE: Count=458372 Max=13230.08 Min=6.62 Avg=65.77 10=14.80 25=30.51 50=38.85 75=82.37 90=142.21 95=189.69 99=305.41 99.9=841.73 99.99=2412.54]
2025-04-22 20:14:31 79 sec: 943235 operations; [READ: Count=471629 Max=2963.45 Min=2.13 Avg=54.88 10=6.96 25=23.74 50=30.29 75=69.82 90=128.32 95=173.82 99=279.30 99.9=771.58 99.99=1294.34] [UPDATE: Count=471606 Max=13230.08 Min=6.62 Avg=65.10 10=14.84 25=30.37 50=38.78 75=80.77 90=140.54 95=188.29 99=305.15 99.9=839.68 99.99=2412.54]
2025-04-22 20:14:32 80 sec: 970242 operations; [READ: Count=485034 Max=2963.45 Min=2.13 Avg=54.22 10=7.01 25=23.57 50=30.32 75=68.09 90=126.59 95=172.16 99=278.01 99.9=768.00 99.99=1293.31] [UPDATE: Count=485208 Max=13230.08 Min=6.62 Avg=64.43 10=14.91 25=30.21 50=38.78 75=79.04 90=138.88 95=186.50 99=303.62 99.9=835.58 99.99=2412.54]
2025-04-22 20:14:33 81 sec: 999347 operations; [READ: Count=499481 Max=2963.45 Min=1.90 Avg=53.48 10=7.07 25=23.36 50=30.30 75=66.17 90=124.86 95=170.37 99=276.48 99.9=760.83 99.99=1291.26] [UPDATE: Count=499866 Max=13230.08 Min=6.62 Avg=63.65 10=14.94 25=29.98 50=38.69 75=77.18 90=136.96 95=184.70 99=301.82 99.9=829.44 99.99=2387.97]
2025-04-22 20:14:34 82 sec: 1000000 operations; [READ: Count=499786 Max=2963.45 Min=1.90 Avg=53.47 10=7.07 25=23.36 50=30.29 75=66.11 90=124.80 95=170.37 99=276.48 99.9=760.83 99.99=1291.26] [UPDATE: Count=500214 Max=13230.08 Min=6.62 Avg=63.63 10=14.94 25=29.98 50=38.69 75=77.12 90=136.96 95=184.57 99=301.82 99.9=829.44 99.99=2387.97]
2025-04-22 20:14:35 83 sec: 1000000 operations; [READ: Count=499786 Max=2963.45 Min=1.90 Avg=53.47 10=7.07 25=23.36 50=30.29 75=66.11 90=124.80 95=170.37 99=276.48 99.9=760.83 99.99=1291.26] [UPDATE: Count=500214 Max=13230.08 Min=6.62 Avg=63.63 10=14.94 25=29.98 50=38.69 75=77.12 90=136.96 95=184.57 99=301.82 99.9=829.44 99.99=2387.97]
2025-04-22 20:14:36 84 sec: 1000000 operations; [READ: Count=499786 Max=2963.45 Min=1.90 Avg=53.47 10=7.07 25=23.36 50=30.29 75=66.11 90=124.80 95=170.37 99=276.48 99.9=760.83 99.99=1291.26] [UPDATE: Count=500214 Max=13230.08 Min=6.62 Avg=63.63 10=14.94 25=29.98 50=38.69 75=77.12 90=136.96 95=184.57 99=301.82 99.9=829.44 99.99=2387.97]
2025-04-22 20:14:37 84 sec: 1000000 operations; [READ: Count=499786 Max=2963.45 Min=1.90 Avg=53.47 10=7.07 25=23.36 50=30.29 75=66.11 90=124.80 95=170.37 99=276.48 99.9=760.83 99.99=1291.26] [UPDATE: Count=500214 Max=13230.08 Min=6.62 Avg=63.63 10=14.94 25=29.98 50=38.69 75=77.12 90=136.96 95=184.57 99=301.82 99.9=829.44 99.99=2387.97]
Run runtime(sec): 84.7469
Run operations(ops): 1000000
Run throughput(ops/sec): 11799.8
