Running scope as unit: run-r3ce4a5f253a645d8af682ce3f4c1734b.scope
load file:/home/user/DataFiles/silesia_data/silesia.tar
2025-04-22 06:42:17 0 sec: 0 operations;
2025-04-22 06:42:18 1 sec: 0 operations;
2025-04-22 06:42:19 2 sec: 0 operations;
2025-04-22 06:42:20 3 sec: 0 operations;
2025-04-22 06:42:21 4 sec: 0 operations;
2025-04-22 06:42:22 5 sec: 0 operations;
2025-04-22 06:42:23 6 sec: 0 operations;
2025-04-22 06:42:24 7 sec: 0 operations;
2025-04-22 06:42:25 8 sec: 0 operations;
2025-04-22 06:42:26 9 sec: 5171 operations; [READ: Count=3409 Max=1884.16 Min=6.40 Avg=82.32 10=20.19 25=25.97 50=41.98 75=115.26 90=152.45 95=187.39 99=587.26 99.9=1180.67 99.99=1884.16] [UPDATE: Count=1762 Max=1392.64 Min=8.70 Avg=31.67 10=12.64 25=15.25 50=20.06 75=28.21 90=43.74 95=66.43 99=148.74 99.9=1173.50 99.99=1392.64]
2025-04-22 06:42:27 10 sec: 15582 operations; [READ: Count=10363 Max=2533.38 Min=3.55 Avg=98.95 10=20.37 25=26.38 50=40.38 75=126.78 90=184.83 95=316.67 99=886.27 99.9=1794.05 99.99=2058.24] [UPDATE: Count=5219 Max=17842.17 Min=8.70 Avg=56.97 10=15.78 25=21.93 50=36.06 75=58.69 90=83.97 95=106.24 99=172.67 99.9=3311.61 99.99=7847.94]
2025-04-22 06:42:28 11 sec: 19472 operations; [READ: Count=12961 Max=3932.16 Min=3.55 Avg=129.36 10=20.43 25=26.50 50=40.26 75=129.34 90=222.97 95=473.86 99=1352.70 99.9=3684.35 99.99=3907.58] [UPDATE: Count=6511 Max=28770.30 Min=8.70 Avg=98.72 10=15.88 25=22.06 50=35.74 75=57.57 90=83.97 95=107.71 99=222.72 99.9=17842.17 99.99=27836.42]
2025-04-22 06:42:29 12 sec: 29528 operations; [READ: Count=19654 Max=3932.16 Min=3.55 Avg=122.55 10=20.64 25=26.82 50=40.80 75=128.57 90=220.80 95=448.00 99=1182.72 99.9=3549.18 99.99=3840.00] [UPDATE: Count=9874 Max=28770.30 Min=8.70 Avg=90.89 10=17.50 25=24.80 50=38.69 75=60.45 90=87.10 95=108.86 99=211.84 99.9=16105.47 99.99=27836.42]
2025-04-22 06:42:30 13 sec: 34672 operations; [READ: Count=23107 Max=3932.16 Min=3.35 Avg=134.90 10=20.96 25=27.61 50=42.34 75=131.20 90=251.01 95=582.65 99=1417.21 99.9=3403.78 99.99=3840.00] [UPDATE: Count=11565 Max=28770.30 Min=6.88 Avg=102.53 10=17.04 25=23.63 50=36.32 75=57.25 90=83.33 95=106.37 99=283.39 99.9=16777.22 99.99=27836.42]
2025-04-22 06:42:31 14 sec: 41098 operations; [READ: Count=27361 Max=3932.16 Min=3.35 Avg=145.89 10=21.42 25=28.53 50=44.13 75=133.63 90=312.32 95=695.81 99=1498.11 99.9=3323.90 99.99=3792.89] [UPDATE: Count=13737 Max=28770.30 Min=6.88 Avg=94.87 10=17.05 25=23.15 50=34.72 75=53.95 90=79.55 95=102.97 99=345.09 99.9=16105.47 99.99=27836.42]
2025-04-22 06:42:32 15 sec: 48968 operations; [READ: Count=32607 Max=4026.37 Min=3.35 Avg=149.47 10=21.49 25=28.80 50=44.00 75=135.42 90=346.37 95=718.34 99=1529.86 99.9=3182.59 99.99=3840.00] [UPDATE: Count=16361 Max=28770.30 Min=6.88 Avg=86.51 10=14.65 25=19.84 50=30.24 75=49.47 90=75.20 95=97.60 99=390.91 99.9=15384.58 99.99=26394.62]
2025-04-22 06:42:33 16 sec: 61134 operations; [READ: Count=40753 Max=4026.37 Min=3.12 Avg=141.66 10=21.18 25=28.41 50=43.04 75=132.48 90=317.44 95=649.22 99=1427.45 99.9=3086.34 99.99=3792.89] [UPDATE: Count=20381 Max=28770.30 Min=6.88 Avg=73.90 10=13.15 25=16.37 50=24.94 75=43.52 90=69.82 95=92.09 99=281.34 99.9=13377.53 99.99=26394.62]
2025-04-22 06:42:34 17 sec: 78503 operations; [READ: Count=52302 Max=4026.37 Min=2.44 Avg=126.08 10=19.92 25=26.99 50=40.73 75=126.27 90=237.95 95=529.92 99=1307.65 99.9=2846.72 99.99=3790.85] [UPDATE: Count=26201 Max=28770.30 Min=6.88 Avg=63.65 10=12.99 25=15.73 50=22.06 75=37.73 90=63.87 95=85.44 99=254.08 99.9=10878.98 99.99=21807.10]
2025-04-22 06:42:35 18 sec: 90214 operations; [READ: Count=60076 Max=4026.37 Min=2.44 Avg=123.42 10=19.93 25=26.66 50=39.97 75=126.14 90=235.65 95=516.86 99=1269.76 99.9=2674.69 99.99=3780.61] [UPDATE: Count=30138 Max=28770.30 Min=6.88 Avg=60.90 10=13.09 25=15.95 50=22.09 75=36.26 90=61.31 95=82.11 99=242.30 99.9=10125.31 99.99=21807.10]
2025-04-22 06:42:36 19 sec: 106330 operations; [READ: Count=70834 Max=4026.37 Min=2.44 Avg=116.05 10=19.05 25=25.66 50=38.14 75=123.39 90=220.80 95=464.64 99=1197.06 99.9=2476.03 99.99=3753.98] [UPDATE: Count=35496 Max=28770.30 Min=6.88 Avg=56.72 10=12.99 25=15.82 50=21.79 75=34.98 90=59.01 95=79.04 99=209.79 99.9=9289.73 99.99=20971.52]
2025-04-22 06:42:37 20 sec: 120733 operations; [READ: Count=80448 Max=4026.37 Min=2.44 Avg=112.31 10=18.61 25=25.04 50=36.93 75=120.70 90=216.96 95=453.12 99=1155.07 99.9=2369.53 99.99=3751.93] [UPDATE: Count=40285 Max=28770.30 Min=6.56 Avg=54.22 10=12.91 25=15.73 50=21.55 75=34.11 90=57.41 95=77.38 99=209.79 99.9=7974.91 99.99=20971.52]
2025-04-22 06:42:38 21 sec: 136644 operations; [READ: Count=91067 Max=4669.44 Min=2.44 Avg=108.25 10=18.45 25=24.57 50=35.84 75=117.38 90=210.43 95=439.30 99=1117.18 99.9=2258.94 99.99=3751.93] [UPDATE: Count=45577 Max=28770.30 Min=6.56 Avg=51.48 10=12.77 25=15.57 50=21.20 75=33.12 90=55.52 95=75.58 99=195.20 99.9=4927.49 99.99=20709.38]
2025-04-22 06:42:39 22 sec: 153510 operations; [READ: Count=102263 Max=4669.44 Min=2.44 Avg=104.37 10=18.38 25=24.32 50=35.17 75=113.66 90=204.80 95=427.77 99=1078.27 99.9=2207.74 99.99=3749.89] [UPDATE: Count=51247 Max=28770.30 Min=6.56 Avg=49.05 10=12.65 25=15.40 50=20.83 75=31.98 90=53.41 95=73.41 99=188.67 99.9=4595.71 99.99=20709.38]
2025-04-22 06:42:40 23 sec: 166355 operations; [READ: Count=110847 Max=4669.44 Min=2.44 Avg=103.86 10=18.41 25=24.34 50=35.17 75=112.25 90=205.06 95=427.77 99=1076.22 99.9=2191.36 99.99=3731.45] [UPDATE: Count=55508 Max=28770.30 Min=6.56 Avg=47.94 10=12.65 25=15.42 50=20.85 75=31.73 90=52.67 95=72.25 99=184.70 99.9=4198.40 99.99=20561.92]
2025-04-22 06:42:41 24 sec: 177738 operations; [READ: Count=118383 Max=4669.44 Min=2.44 Avg=104.37 10=18.51 25=24.53 50=35.52 75=113.09 90=207.74 95=428.29 99=1070.08 99.9=2187.26 99.99=3727.36] [UPDATE: Count=59355 Max=28770.30 Min=6.56 Avg=47.28 10=12.71 25=15.55 50=20.96 75=31.55 90=52.00 95=71.42 99=184.32 99.9=4014.08 99.99=20561.92]
2025-04-22 06:42:42 25 sec: 188070 operations; [READ: Count=125221 Max=4669.44 Min=2.44 Avg=105.53 10=18.57 25=24.67 50=35.94 75=115.07 90=215.55 95=431.10 99=1059.84 99.9=2158.59 99.99=3725.31] [UPDATE: Count=62849 Max=28770.30 Min=6.56 Avg=46.73 10=12.72 25=15.56 50=20.89 75=31.21 90=51.30 95=70.72 99=186.37 99.9=3825.66 99.99=20561.92]
2025-04-22 06:42:43 26 sec: 199120 operations; [READ: Count=132568 Max=4669.44 Min=2.44 Avg=106.33 10=18.62 25=24.82 50=36.45 75=117.44 90=221.44 95=430.33 99=1043.97 99.9=2138.11 99.99=3725.31] [UPDATE: Count=66552 Max=28770.30 Min=6.56 Avg=45.75 10=12.70 25=15.52 50=20.70 75=30.56 90=50.17 95=69.38 99=188.80 99.9=3708.93 99.99=18808.83]
2025-04-22 06:42:44 27 sec: 208889 operations; [READ: Count=139122 Max=4669.44 Min=2.44 Avg=107.79 10=18.46 25=24.72 50=36.58 75=118.97 90=229.76 95=435.71 99=1040.38 99.9=2111.49 99.99=3690.49] [UPDATE: Count=69767 Max=28770.30 Min=6.56 Avg=44.95 10=12.60 25=15.33 50=20.40 75=30.02 90=49.31 95=68.29 99=187.90 99.9=3606.53 99.99=18808.83]
2025-04-22 06:42:45 28 sec: 219340 operations; [READ: Count=146102 Max=4669.44 Min=2.44 Avg=108.79 10=18.30 25=24.64 50=36.73 75=119.94 90=234.11 95=436.99 99=1040.89 99.9=2107.39 99.99=3684.35] [UPDATE: Count=73238 Max=28770.30 Min=6.56 Avg=44.09 10=12.50 25=15.15 50=20.08 75=29.41 90=48.41 95=67.14 99=185.47 99.9=3600.38 99.99=18808.83]
2025-04-22 06:42:46 29 sec: 229745 operations; [READ: Count=153016 Max=4669.44 Min=2.44 Avg=109.80 10=18.13 25=24.56 50=36.96 75=121.09 90=237.69 95=438.27 99=1035.78 99.9=2107.39 99.99=3690.49] [UPDATE: Count=76729 Max=28770.30 Min=6.56 Avg=43.17 10=12.39 25=14.96 50=19.76 75=28.86 90=47.55 95=66.05 99=180.22 99.9=3479.55 99.99=18022.40]
2025-04-22 06:42:47 30 sec: 239579 operations; [READ: Count=159558 Max=4669.44 Min=2.44 Avg=110.96 10=18.00 25=24.51 50=37.25 75=122.43 90=243.84 95=441.34 99=1026.56 99.9=2077.70 99.99=3684.35] [UPDATE: Count=80021 Max=28770.30 Min=6.56 Avg=42.50 10=12.33 25=14.83 50=19.52 75=28.41 90=46.75 95=65.22 99=178.56 99.9=3436.54 99.99=18022.40]
2025-04-22 06:42:48 31 sec: 251122 operations; [READ: Count=167242 Max=4669.44 Min=2.44 Avg=111.21 10=17.82 25=24.43 50=37.44 75=123.26 90=245.63 95=440.06 99=1015.29 99.9=2053.12 99.99=3653.63] [UPDATE: Count=83880 Max=28770.30 Min=6.56 Avg=41.68 10=12.26 25=14.72 50=19.26 75=27.95 90=45.79 95=64.03 99=171.65 99.9=3264.51 99.99=18022.40]
2025-04-22 06:42:49 32 sec: 261290 operations; [READ: Count=174043 Max=4669.44 Min=2.44 Avg=112.02 10=17.76 25=24.43 50=37.66 75=124.29 90=250.62 95=443.39 99=1005.57 99.9=2036.73 99.99=3653.63] [UPDATE: Count=87247 Max=28770.30 Min=6.56 Avg=41.12 10=12.21 25=14.63 50=19.09 75=27.55 90=44.99 95=63.17 99=172.54 99.9=3213.31 99.99=17842.17]
2025-04-22 06:42:51 33 sec: 271749 operations; [READ: Count=181010 Max=4669.44 Min=2.44 Avg=112.59 10=17.73 25=24.45 50=37.79 75=124.99 90=253.82 95=445.18 99=1005.05 99.9=2019.33 99.99=3643.39] [UPDATE: Count=90739 Max=28770.30 Min=6.13 Avg=40.73 10=12.18 25=14.57 50=18.96 75=27.17 90=44.26 95=62.37 99=174.97 99.9=3205.12 99.99=17842.17]
2025-04-22 06:42:52 34 sec: 283573 operations; [READ: Count=188891 Max=4669.44 Min=2.44 Avg=112.61 10=17.71 25=24.48 50=37.92 75=125.25 90=253.82 95=444.16 99=1003.01 99.9=2008.06 99.99=3588.09] [UPDATE: Count=94682 Max=28770.30 Min=6.13 Avg=40.07 10=12.18 25=14.55 50=18.86 75=26.83 90=43.42 95=61.44 99=168.57 99.9=3149.82 99.99=17842.17]
2025-04-22 06:42:53 35 sec: 295610 operations; [READ: Count=196851 Max=4669.44 Min=2.44 Avg=112.51 10=17.66 25=24.46 50=37.98 75=125.50 90=255.36 95=443.13 99=994.82 99.9=1985.54 99.99=3561.47] [UPDATE: Count=98759 Max=28770.30 Min=6.13 Avg=39.54 10=12.13 25=14.48 50=18.73 75=26.50 90=42.69 95=60.67 99=170.88 99.9=3072.00 99.99=17809.41]
2025-04-22 06:42:54 36 sec: 307704 operations; [READ: Count=204877 Max=4669.44 Min=2.44 Avg=112.31 10=17.63 25=24.46 50=38.02 75=125.69 90=255.49 95=441.09 99=985.60 99.9=1961.98 99.99=3561.47] [UPDATE: Count=102827 Max=28770.30 Min=6.13 Avg=39.21 10=12.12 25=14.45 50=18.66 75=26.25 90=42.08 95=59.94 99=173.82 99.9=2994.18 99.99=17809.41]
2025-04-22 06:42:55 37 sec: 319316 operations; [READ: Count=212667 Max=4669.44 Min=2.44 Avg=112.36 10=17.57 25=24.40 50=37.95 75=125.89 90=257.79 95=441.60 99=980.48 99.9=1933.31 99.99=3555.33] [UPDATE: Count=106649 Max=28770.30 Min=6.13 Avg=38.79 10=12.11 25=14.41 50=18.56 75=26.00 90=41.41 95=59.17 99=178.56 99.9=2959.36 99.99=17694.72]
2025-04-22 06:42:56 38 sec: 332429 operations; [READ: Count=221399 Max=4669.44 Min=2.44 Avg=111.88 10=17.52 25=24.29 50=37.92 75=125.69 90=257.02 95=438.01 99=966.65 99.9=1918.97 99.99=3549.18] [UPDATE: Count=111030 Max=28770.30 Min=6.13 Avg=38.27 10=12.03 25=14.29 50=18.37 75=25.58 90=40.77 95=58.46 99=183.04 99.9=2883.58 99.99=17694.72]
2025-04-22 06:42:57 39 sec: 347155 operations; [READ: Count=231184 Max=4669.44 Min=2.44 Avg=110.90 10=17.01 25=23.95 50=37.92 75=124.86 90=253.57 95=433.15 99=955.39 99.9=1896.45 99.99=3549.18] [UPDATE: Count=115971 Max=28770.30 Min=6.13 Avg=37.68 10=11.76 25=14.02 50=18.03 75=25.12 90=39.94 95=57.44 99=181.50 99.9=2897.92 99.99=16777.22]
2025-04-22 06:42:58 40 sec: 370146 operations; [READ: Count=246528 Max=4669.44 Min=2.44 Avg=107.63 10=15.63 25=23.31 50=37.98 75=121.15 90=239.62 95=418.56 99=933.89 99.9=1864.70 99.99=3426.30] [UPDATE: Count=123618 Max=28770.30 Min=6.13 Avg=36.09 10=11.11 25=13.47 50=17.44 75=24.40 90=38.66 95=55.68 99=163.46 99.9=2799.61 99.99=16777.22]
2025-04-22 06:42:59 41 sec: 394053 operations; [READ: Count=262443 Max=4669.44 Min=2.19 Avg=104.49 10=14.61 25=22.64 50=38.05 75=117.57 90=227.33 95=404.22 99=908.80 99.9=1844.22 99.99=3424.26] [UPDATE: Count=131610 Max=28770.30 Min=6.13 Avg=34.62 10=10.63 25=12.97 50=16.86 75=23.71 90=37.38 95=53.98 99=150.14 99.9=2607.10 99.99=16687.10]
2025-04-22 06:43:00 42 sec: 416469 operations; [READ: Count=277395 Max=4669.44 Min=2.19 Avg=102.09 10=13.98 25=22.02 50=38.11 75=114.81 90=219.01 95=393.21 99=886.78 99.9=1825.79 99.99=3368.96] [UPDATE: Count=139074 Max=28770.30 Min=6.13 Avg=33.40 10=10.38 25=12.58 50=16.35 75=23.14 90=36.35 95=52.67 99=141.06 99.9=2516.99 99.99=16105.47]
2025-04-22 06:43:01 43 sec: 439923 operations; [READ: Count=293034 Max=4669.44 Min=2.19 Avg=99.69 10=13.52 25=21.33 50=38.11 75=112.00 90=211.33 95=381.44 99=868.35 99.9=1803.26 99.99=3346.43] [UPDATE: Count=146889 Max=28770.30 Min=6.13 Avg=32.25 10=10.20 25=12.17 50=15.86 75=22.57 90=35.39 95=51.33 99=133.12 99.9=2406.40 99.99=15949.82]
2025-04-22 06:43:02 44 sec: 461607 operations; [READ: Count=307519 Max=4669.44 Min=2.19 Avg=97.92 10=13.19 25=20.67 50=38.08 75=109.82 90=206.08 95=372.99 99=851.46 99.9=1784.83 99.99=3323.90] [UPDATE: Count=154088 Max=28770.30 Min=6.13 Avg=31.30 10=10.08 25=11.81 50=15.45 75=22.06 90=34.56 95=50.17 99=127.61 99.9=2359.30 99.99=15949.82]
2025-04-22 06:43:03 45 sec: 486326 operations; [READ: Count=323974 Max=4669.44 Min=2.19 Avg=95.69 10=12.89 25=19.89 50=38.05 75=107.20 90=198.53 95=360.96 99=833.02 99.9=1763.33 99.99=3323.90] [UPDATE: Count=162352 Max=28770.30 Min=6.13 Avg=30.31 10=9.98 25=11.46 50=15.03 75=21.55 90=33.73 95=48.93 99=123.45 99.9=2269.18 99.99=15384.58]
2025-04-22 06:43:04 46 sec: 509936 operations; [READ: Count=339703 Max=4669.44 Min=2.19 Avg=93.88 10=12.65 25=19.14 50=37.92 75=105.41 90=192.51 95=350.72 99=817.66 99.9=1740.80 99.99=3209.22] [UPDATE: Count=170233 Max=28770.30 Min=6.13 Avg=29.46 10=9.93 25=11.22 50=14.70 75=21.09 90=32.90 95=47.87 99=120.06 99.9=2164.74 99.99=15376.38]
2025-04-22 06:43:05 47 sec: 531449 operations; [READ: Count=354092 Max=4669.44 Min=2.19 Avg=92.58 10=12.46 25=18.57 50=37.82 75=104.13 90=188.03 95=342.53 99=802.30 99.9=1727.49 99.99=3201.02] [UPDATE: Count=177357 Max=28770.30 Min=6.13 Avg=28.80 10=9.90 25=11.13 50=14.49 75=20.70 90=32.21 95=46.91 99=116.22 99.9=2082.82 99.99=15253.50]
2025-04-22 06:43:06 48 sec: 554214 operations; [READ: Count=369273 Max=4669.44 Min=2.19 Avg=91.17 10=12.26 25=18.09 50=37.66 75=102.91 90=182.91 95=333.82 99=789.50 99.9=1716.22 99.99=3182.59] [UPDATE: Count=184941 Max=28770.30 Min=6.13 Avg=28.16 10=9.89 25=11.08 50=14.32 75=20.32 90=31.52 95=45.89 99=113.28 99.9=2041.86 99.99=15253.50]
2025-04-22 06:43:07 49 sec: 571789 operations; [READ: Count=380973 Max=4669.44 Min=2.19 Avg=90.75 10=12.13 25=17.82 50=37.47 75=102.53 90=182.40 95=333.06 99=780.80 99.9=1704.96 99.99=3123.20] [UPDATE: Count=190816 Max=28770.30 Min=6.13 Avg=27.72 10=9.88 25=11.05 50=14.22 75=20.06 90=31.04 95=45.15 99=110.53 99.9=2022.40 99.99=13811.71]
2025-04-22 06:43:08 50 sec: 594799 operations; [READ: Count=396309 Max=4669.44 Min=2.19 Avg=89.45 10=11.92 25=17.45 50=37.15 75=101.63 90=177.53 95=324.61 99=766.98 99.9=1687.55 99.99=3119.10] [UPDATE: Count=198490 Max=28770.30 Min=6.13 Avg=27.17 10=9.87 25=11.03 50=14.10 75=19.71 90=30.43 95=44.22 99=108.80 99.9=1964.03 99.99=13377.53]
2025-04-22 06:43:09 51 sec: 618060 operations; [READ: Count=411854 Max=4669.44 Min=2.19 Avg=88.20 10=11.66 25=17.17 50=36.73 75=100.86 90=173.06 95=317.69 99=754.69 99.9=1674.24 99.99=3115.01] [UPDATE: Count=206206 Max=28770.30 Min=6.13 Avg=26.68 10=9.87 25=11.02 50=14.01 75=19.41 90=29.89 95=43.30 99=106.88 99.9=1873.92 99.99=13156.35]
2025-04-22 06:43:10 52 sec: 640190 operations; [READ: Count=426636 Max=4669.44 Min=2.19 Avg=87.22 10=11.38 25=16.94 50=36.32 75=100.22 90=170.24 95=313.34 99=743.93 99.9=1657.86 99.99=3102.72] [UPDATE: Count=213554 Max=28770.30 Min=6.13 Avg=26.22 10=9.86 25=11.01 50=13.92 75=19.12 90=29.41 95=42.56 99=104.38 99.9=1803.26 99.99=13156.35]
2025-04-22 06:43:11 53 sec: 662063 operations; [READ: Count=441195 Max=4669.44 Min=2.19 Avg=86.33 10=11.05 25=16.75 50=35.84 75=99.84 90=167.81 95=308.99 99=735.23 99.9=1639.42 99.99=3098.62] [UPDATE: Count=220868 Max=28770.30 Min=6.13 Avg=25.84 10=9.86 25=10.99 50=13.85 75=18.89 90=28.96 95=41.92 99=103.36 99.9=1717.25 99.99=13099.01]
2025-04-22 06:43:12 54 sec: 681772 operations; [READ: Count=454342 Max=4669.44 Min=2.19 Avg=85.77 10=10.76 25=16.59 50=35.45 75=99.52 90=166.40 95=307.45 99=729.60 99.9=1627.13 99.99=3086.34] [UPDATE: Count=227430 Max=28770.30 Min=6.13 Avg=25.56 10=9.86 25=10.98 50=13.78 75=18.69 90=28.56 95=41.28 99=102.08 99.9=1689.60 99.99=12918.78]
2025-04-22 06:43:13 55 sec: 706831 operations; [READ: Count=471078 Max=4669.44 Min=2.19 Avg=84.58 10=10.29 25=16.34 50=34.94 75=98.88 90=162.94 95=300.80 99=718.85 99.9=1612.80 99.99=3047.42] [UPDATE: Count=235753 Max=28770.30 Min=6.13 Avg=25.11 10=9.82 25=10.92 50=13.67 75=18.43 90=28.13 95=40.58 99=99.71 99.9=1648.64 99.99=12599.30]
2025-04-22 06:43:14 56 sec: 732584 operations; [READ: Count=488289 Max=4669.44 Min=2.19 Avg=83.39 10=9.82 25=16.07 50=34.37 75=98.17 90=159.74 95=294.14 99=706.05 99.9=1590.27 99.99=3016.70] [UPDATE: Count=244295 Max=28770.30 Min=6.13 Avg=24.68 10=9.78 25=10.85 50=13.54 75=18.16 90=27.66 95=39.81 99=97.73 99.9=1615.87 99.99=12599.30]
2025-04-22 06:43:15 57 sec: 759331 operations; [READ: Count=506126 Max=4669.44 Min=2.04 Avg=82.18 10=9.37 25=15.82 50=33.82 75=97.41 90=156.54 95=287.49 99=695.81 99.9=1577.98 99.99=3000.32] [UPDATE: Count=253205 Max=28770.30 Min=6.13 Avg=24.23 10=9.74 25=10.78 50=13.41 75=17.90 90=27.20 95=39.13 99=96.51 99.9=1576.96 99.99=11526.14]
2025-04-22 06:43:16 58 sec: 785368 operations; [READ: Count=523518 Max=4669.44 Min=2.04 Avg=81.13 10=9.03 25=15.63 50=33.31 75=96.83 90=153.98 95=281.34 99=684.03 99.9=1562.62 99.99=2994.18] [UPDATE: Count=261850 Max=28770.30 Min=6.13 Avg=23.84 10=9.72 25=10.72 50=13.29 75=17.65 90=26.78 95=38.49 99=95.17 99.9=1553.41 99.99=11173.89]
2025-04-22 06:43:17 59 sec: 810308 operations; [READ: Count=540126 Max=4669.44 Min=2.04 Avg=80.26 10=8.73 25=15.46 50=32.86 75=96.25 90=151.81 95=276.22 99=676.35 99.9=1547.26 99.99=2973.70] [UPDATE: Count=270182 Max=28770.30 Min=6.13 Avg=23.49 10=9.69 25=10.67 50=13.18 75=17.42 90=26.41 95=37.85 99=94.08 99.9=1506.30 99.99=10878.98]
2025-04-22 06:43:18 60 sec: 837710 operations; [READ: Count=558355 Max=4669.44 Min=2.04 Avg=79.20 10=8.43 25=15.29 50=32.30 75=95.61 90=149.12 95=270.08 99=667.65 99.9=1533.95 99.99=2971.65] [UPDATE: Count=279355 Max=28770.30 Min=6.13 Avg=23.11 10=9.65 25=10.62 50=13.08 75=17.18 90=26.05 95=37.22 99=92.67 99.9=1466.37 99.99=10739.71]
2025-04-22 06:43:19 61 sec: 865094 operations; [READ: Count=576575 Max=4669.44 Min=2.04 Avg=78.21 10=8.18 25=15.15 50=31.79 75=95.10 90=146.81 95=263.94 99=658.94 99.9=1510.40 99.99=2930.69] [UPDATE: Count=288519 Max=28770.30 Min=6.13 Avg=22.76 10=9.62 25=10.59 50=12.98 75=16.98 90=25.65 95=36.61 99=91.52 99.9=1414.14 99.99=10321.92]
2025-04-22 06:43:20 62 sec: 893256 operations; [READ: Count=595350 Max=4669.44 Min=2.04 Avg=77.20 10=7.98 25=15.02 50=31.23 75=94.59 90=144.64 95=257.92 99=649.22 99.9=1492.99 99.99=2846.72] [UPDATE: Count=297906 Max=28770.30 Min=6.13 Avg=22.43 10=9.60 25=10.56 50=12.89 75=16.78 90=25.28 95=36.06 99=90.24 99.9=1371.13 99.99=10125.31]
2025-04-22 06:43:21 63 sec: 921417 operations; [READ: Count=614102 Max=4669.44 Min=2.04 Avg=76.26 10=7.78 25=14.88 50=30.69 75=94.08 90=142.59 95=252.41 99=641.02 99.9=1478.65 99.99=2842.62] [UPDATE: Count=307315 Max=28770.30 Min=6.13 Avg=22.12 10=9.57 25=10.52 50=12.79 75=16.57 90=24.94 95=35.55 99=89.15 99.9=1351.68 99.99=10084.35]
2025-04-22 06:43:22 64 sec: 944954 operations; [READ: Count=629799 Max=4669.44 Min=2.04 Avg=75.77 10=7.66 25=14.78 50=30.25 75=93.82 90=141.95 95=250.88 99=635.90 99.9=1470.46 99.99=2818.05] [UPDATE: Count=315155 Max=28770.30 Min=6.13 Avg=21.86 10=9.54 25=10.49 50=12.71 75=16.43 90=24.66 95=35.13 99=88.25 99.9=1306.62 99.99=9895.93]
2025-04-22 06:43:23 65 sec: 971976 operations; [READ: Count=647757 Max=4669.44 Min=2.04 Avg=75.02 10=7.51 25=14.67 50=29.74 75=93.50 90=140.41 95=247.04 99=629.25 99.9=1461.25 99.99=2777.09] [UPDATE: Count=324219 Max=28770.30 Min=6.13 Avg=21.59 10=9.51 25=10.46 50=12.62 75=16.25 90=24.37 95=34.66 99=87.10 99.9=1272.83 99.99=9895.93]
2025-04-22 06:43:24 66 sec: 996936 operations; [READ: Count=664461 Max=4669.44 Min=2.04 Avg=74.46 10=7.40 25=14.58 50=29.23 75=93.25 90=139.65 95=244.99 99=623.10 99.9=1448.96 99.99=2727.93] [UPDATE: Count=332475 Max=28770.30 Min=6.13 Avg=21.36 10=9.49 25=10.45 50=12.55 75=16.12 90=24.11 95=34.24 99=86.08 99.9=1239.04 99.99=9715.71]
2025-04-22 06:43:25 67 sec: 1024403 operations; [READ: Count=682728 Max=4669.44 Min=2.04 Avg=73.75 10=7.30 25=14.49 50=28.69 75=92.99 90=138.37 95=241.53 99=616.45 99.9=1435.65 99.99=2709.50] [UPDATE: Count=341675 Max=28770.30 Min=6.06 Avg=21.10 10=9.46 25=10.42 50=12.48 75=15.97 90=23.82 95=33.82 99=84.86 99.9=1204.22 99.99=9707.52]
2025-04-22 06:43:26 68 sec: 1048817 operations; [READ: Count=698972 Max=4669.44 Min=2.04 Avg=73.28 10=7.26 25=14.44 50=28.21 75=92.86 90=137.60 95=239.62 99=611.33 99.9=1425.41 99.99=2703.36] [UPDATE: Count=349845 Max=28770.30 Min=6.06 Avg=20.93 10=9.46 25=10.41 50=12.45 75=15.89 90=23.58 95=33.41 99=83.97 99.9=1170.43 99.99=9289.73]
2025-04-22 06:43:27 69 sec: 1072570 operations; [READ: Count=714766 Max=4669.44 Min=2.04 Avg=72.89 10=7.28 25=14.41 50=27.76 75=92.80 90=136.96 95=237.95 99=606.21 99.9=1418.24 99.99=2697.22] [UPDATE: Count=357804 Max=28770.30 Min=6.06 Avg=20.77 10=9.45 25=10.41 50=12.44 75=15.82 90=23.38 95=32.99 99=82.88 99.9=1152.00 99.99=8699.90]
2025-04-22 06:43:28 70 sec: 1096212 operations; [READ: Count=730516 Max=4669.44 Min=2.04 Avg=72.51 10=7.29 25=14.39 50=27.34 75=92.73 90=136.32 95=236.29 99=602.62 99.9=1412.10 99.99=2635.78] [UPDATE: Count=365696 Max=28770.30 Min=6.06 Avg=20.62 10=9.45 25=10.42 50=12.42 75=15.77 90=23.17 95=32.66 99=82.17 99.9=1129.47 99.99=8527.87]
2025-04-22 06:43:29 71 sec: 1121710 operations; [READ: Count=747528 Max=4669.44 Min=2.04 Avg=72.03 10=7.29 25=14.36 50=26.88 75=92.67 90=135.68 95=234.11 99=596.99 99.9=1398.78 99.99=2619.39] [UPDATE: Count=374182 Max=28770.30 Min=6.06 Avg=20.45 10=9.43 25=10.41 50=12.38 75=15.68 90=22.94 95=32.30 99=81.66 99.9=1105.92 99.99=8527.87]
2025-04-22 06:43:30 72 sec: 1148657 operations; [READ: Count=765416 Max=4669.44 Min=2.04 Avg=71.47 10=7.29 25=14.33 50=26.43 75=92.54 90=134.66 95=231.04 99=590.85 99.9=1383.42 99.99=2611.20] [UPDATE: Count=383241 Max=28770.30 Min=6.06 Avg=20.27 10=9.42 25=10.41 50=12.34 75=15.60 90=22.72 95=31.93 99=80.89 99.9=1086.46 99.99=8355.84]
2025-04-22 06:43:31 73 sec: 1175156 operations; [READ: Count=783087 Max=4669.44 Min=2.04 Avg=70.96 10=7.31 25=14.29 50=26.03 75=92.42 90=133.76 95=228.09 99=585.22 99.9=1375.23 99.99=2600.96] [UPDATE: Count=392069 Max=28770.30 Min=6.06 Avg=20.11 10=9.41 25=10.41 50=12.34 75=15.55 90=22.53 95=31.58 99=80.06 99.9=1071.10 99.99=8290.30]
2025-04-22 06:43:32 74 sec: 1198884 operations; [READ: Count=798902 Max=4669.44 Min=2.04 Avg=70.65 10=7.32 25=14.26 50=25.70 75=92.29 90=133.25 95=226.69 99=583.68 99.9=1368.06 99.99=2582.53] [UPDATE: Count=399982 Max=28770.30 Min=6.06 Avg=19.99 10=9.41 25=10.41 50=12.32 75=15.51 90=22.35 95=31.31 99=79.74 99.9=1059.84 99.99=8286.21]
2025-04-22 06:43:33 75 sec: 1224445 operations; [READ: Count=815970 Max=4669.44 Min=2.04 Avg=70.24 10=7.31 25=14.22 50=25.31 75=92.16 90=132.48 95=224.77 99=581.12 99.9=1362.94 99.99=2564.09] [UPDATE: Count=408475 Max=28770.30 Min=6.06 Avg=19.85 10=9.40 25=10.41 50=12.30 75=15.45 90=22.16 95=31.01 99=79.30 99.9=1044.99 99.99=7974.91]
2025-04-22 06:43:34 76 sec: 1253007 operations; [READ: Count=834960 Max=4669.44 Min=2.04 Avg=69.67 10=7.30 25=14.18 50=24.91 75=91.97 90=131.46 95=221.69 99=575.49 99.9=1353.73 99.99=2564.09] [UPDATE: Count=418047 Max=28770.30 Min=6.06 Avg=19.69 10=9.38 25=10.40 50=12.27 75=15.38 90=21.95 95=30.67 99=78.40 99.9=1031.17 99.99=7933.95]
2025-04-22 06:43:35 77 sec: 1282332 operations; [READ: Count=854569 Max=4669.44 Min=2.04 Avg=69.07 10=7.29 25=14.12 50=24.51 75=91.84 90=130.43 95=218.50 99=569.86 99.9=1342.46 99.99=2557.95] [UPDATE: Count=427763 Max=28770.30 Min=6.06 Avg=19.53 10=9.37 25=10.39 50=12.23 75=15.32 90=21.74 95=30.32 99=77.57 99.9=1008.64 99.99=7847.94]
2025-04-22 06:43:36 78 sec: 1310395 operations; [READ: Count=873291 Max=4669.44 Min=2.04 Avg=68.57 10=7.28 25=14.06 50=24.16 75=91.65 90=129.79 95=216.32 99=563.71 99.9=1335.30 99.99=2533.38] [UPDATE: Count=437104 Max=28770.30 Min=6.06 Avg=19.39 10=9.35 25=10.38 50=12.21 75=15.26 90=21.57 95=30.02 99=77.06 99.9=998.91 99.99=7680.00]
2025-04-22 06:43:37 79 sec: 1333807 operations; [READ: Count=888821 Max=4669.44 Min=2.04 Avg=68.34 10=7.29 25=14.02 50=23.95 75=91.58 90=129.53 95=215.81 99=561.66 99.9=1328.13 99.99=2498.56] [UPDATE: Count=444986 Max=28770.30 Min=6.06 Avg=19.32 10=9.35 25=10.39 50=12.21 75=15.26 90=21.44 95=29.79 99=76.48 99.9=995.33 99.99=7680.00]
2025-04-22 06:43:38 80 sec: 1357700 operations; [READ: Count=904746 Max=4669.44 Min=2.02 Avg=68.10 10=7.29 25=13.97 50=23.76 75=91.52 90=129.02 95=215.17 99=560.64 99.9=1320.96 99.99=2498.56] [UPDATE: Count=452954 Max=28770.30 Min=6.06 Avg=19.24 10=9.35 25=10.39 50=12.22 75=15.25 90=21.31 95=29.55 99=76.09 99.9=982.01 99.99=7614.46]
2025-04-22 06:43:39 81 sec: 1376398 operations; [READ: Count=917215 Max=4669.44 Min=2.02 Avg=68.13 10=7.32 25=13.96 50=23.76 75=91.65 90=129.22 95=215.29 99=559.62 99.9=1318.91 99.99=2490.37] [UPDATE: Count=459183 Max=28770.30 Min=6.06 Avg=19.20 10=9.35 25=10.39 50=12.22 75=15.24 90=21.21 95=29.39 99=75.97 99.9=982.01 99.99=6803.45]
2025-04-22 06:43:40 82 sec: 1392428 operations; [READ: Count=927877 Max=4669.44 Min=2.02 Avg=68.32 10=7.35 25=14.01 50=23.86 75=91.84 90=129.60 95=216.19 99=560.13 99.9=1315.84 99.99=2480.13] [UPDATE: Count=464551 Max=28770.30 Min=6.06 Avg=19.18 10=9.36 25=10.41 50=12.26 75=15.26 90=21.17 95=29.26 99=75.52 99.9=979.97 99.99=6803.45]
2025-04-22 06:43:41 83 sec: 1407254 operations; [READ: Count=937790 Max=4669.44 Min=2.02 Avg=68.56 10=7.38 25=14.05 50=23.95 75=92.03 90=130.24 95=218.24 99=560.13 99.9=1313.79 99.99=2476.03] [UPDATE: Count=469464 Max=28770.30 Min=6.06 Avg=19.16 10=9.38 25=10.41 50=12.27 75=15.28 90=21.12 95=29.15 99=75.33 99.9=978.43 99.99=6660.10]
2025-04-22 06:43:42 84 sec: 1424284 operations; [READ: Count=949157 Max=4669.44 Min=2.02 Avg=68.67 10=7.42 25=14.09 50=24.02 75=92.16 90=130.69 95=219.26 99=559.62 99.9=1310.72 99.99=2471.93] [UPDATE: Count=475127 Max=28770.30 Min=6.06 Avg=19.15 10=9.38 25=10.42 50=12.28 75=15.28 90=21.04 95=29.01 99=75.01 99.9=982.01 99.99=6553.60]
2025-04-22 06:43:43 85 sec: 1439297 operations; [READ: Count=959150 Max=4669.44 Min=2.02 Avg=68.90 10=7.45 25=14.13 50=24.09 75=92.29 90=131.33 95=221.18 99=562.17 99.9=1309.69 99.99=2461.70] [UPDATE: Count=480147 Max=28770.30 Min=6.06 Avg=19.12 10=9.39 25=10.43 50=12.29 75=15.29 90=21.01 95=28.89 99=74.88 99.9=972.29 99.99=6553.60]
2025-04-22 06:43:44 86 sec: 1451943 operations; [READ: Count=967617 Max=4669.44 Min=2.02 Avg=69.22 10=7.47 25=14.17 50=24.22 75=92.54 90=132.09 95=223.36 99=563.71 99.9=1307.65 99.99=2439.17] [UPDATE: Count=484326 Max=28770.30 Min=6.06 Avg=19.14 10=9.40 25=10.44 50=12.31 75=15.30 90=20.98 95=28.82 99=74.94 99.9=983.55 99.99=6553.60]
2025-04-22 06:43:45 87 sec: 1464664 operations; [READ: Count=976124 Max=4669.44 Min=2.02 Avg=69.56 10=7.50 25=14.21 50=24.37 75=92.73 90=133.12 95=225.66 99=564.22 99.9=1304.58 99.99=2430.97] [UPDATE: Count=488540 Max=28770.30 Min=6.06 Avg=19.13 10=9.41 25=10.45 50=12.34 75=15.32 90=20.94 95=28.72 99=74.81 99.9=978.43 99.99=6131.71]
2025-04-22 06:43:46 88 sec: 1474938 operations; [READ: Count=982990 Max=4669.44 Min=2.02 Avg=70.01 10=7.51 25=14.24 50=24.51 75=92.99 90=134.14 95=228.48 99=567.29 99.9=1307.65 99.99=2428.93] [UPDATE: Count=491948 Max=28770.30 Min=6.06 Avg=19.13 10=9.41 25=10.46 50=12.35 75=15.34 90=20.94 95=28.66 99=74.75 99.9=982.01 99.99=6131.71]
2025-04-22 06:43:47 89 sec: 1485693 operations; [READ: Count=990188 Max=4669.44 Min=2.02 Avg=70.43 10=7.54 25=14.28 50=24.70 75=93.25 90=135.42 95=231.42 99=568.32 99.9=1307.65 99.99=2428.93] [UPDATE: Count=495505 Max=28770.30 Min=6.06 Avg=19.14 10=9.41 25=10.46 50=12.38 75=15.36 90=20.91 95=28.59 99=74.81 99.9=982.01 99.99=5881.85]
2025-04-22 06:43:48 90 sec: 1496253 operations; [READ: Count=997229 Max=4669.44 Min=2.02 Avg=70.87 10=7.55 25=14.31 50=24.86 75=93.50 90=136.70 95=234.37 99=570.37 99.9=1304.58 99.99=2424.83] [UPDATE: Count=499024 Max=28770.30 Min=6.06 Avg=19.12 10=9.42 25=10.46 50=12.38 75=15.37 90=20.88 95=28.51 99=74.69 99.9=982.01 99.99=5881.85]
2025-04-22 06:43:48 90 sec: 1500406 operations; [READ: Count=1000000 Max=4669.44 Min=2.02 Avg=71.02 10=7.56 25=14.32 50=24.94 75=93.57 90=137.22 95=235.26 99=570.88 99.9=1304.58 99.99=2424.83] [UPDATE: Count=500406 Max=28770.30 Min=6.06 Avg=19.11 10=9.43 25=10.47 50=12.39 75=15.37 90=20.88 95=28.48 99=74.62 99.9=979.97 99.99=5881.85]
Run runtime(sec): 90.5019
Run operations(ops): 1000000
Run throughput(ops/sec): 11049.5
