Running scope as unit: run-rf9deee22258340b2b4c1e723c087f9dc.scope
load file:/home/user/DataFiles/silesia_data/silesia.tar
2025-04-22 06:42:18 0 sec: 0 operations;
2025-04-22 06:42:19 1 sec: 0 operations;
2025-04-22 06:42:20 2 sec: 0 operations;
2025-04-22 06:42:21 3 sec: 0 operations;
2025-04-22 06:42:22 4 sec: 0 operations;
2025-04-22 06:42:23 5 sec: 0 operations;
2025-04-22 06:42:24 6 sec: 0 operations;
2025-04-22 06:42:25 7 sec: 0 operations;
2025-04-22 06:42:26 8 sec: 0 operations;
2025-04-22 06:42:27 9 sec: 7690 operations; [READ: Count=5133 Max=983.04 Min=4.26 Avg=82.11 10=25.14 25=32.48 50=46.53 75=114.88 90=169.60 95=227.84 99=477.69 99.9=784.89 99.99=902.14] [UPDATE: Count=2557 Max=3317.76 Min=9.88 Avg=51.20 10=21.70 25=28.02 50=40.99 75=58.49 90=79.55 95=100.16 99=149.89 99.9=1140.73 99.99=3317.76]
2025-04-22 06:42:28 10 sec: 14461 operations; [READ: Count=9652 Max=4175.87 Min=3.89 Avg=119.03 10=21.45 25=29.17 50=42.24 75=115.52 90=187.52 95=362.24 99=1587.20 99.9=3639.30 99.99=3835.90] [UPDATE: Count=4809 Max=25346.05 Min=8.36 Avg=82.05 10=19.30 25=26.83 50=39.97 75=58.17 90=80.19 95=100.09 99=169.98 99.9=16826.37 99.99=25346.05]
2025-04-22 06:42:29 11 sec: 25462 operations; [READ: Count=17008 Max=4175.87 Min=3.89 Avg=106.58 10=20.61 25=27.70 50=39.52 75=106.75 90=181.12 95=364.03 99=1129.47 99.9=3508.22 99.99=3842.05] [UPDATE: Count=8454 Max=28786.69 Min=8.36 Avg=85.10 10=18.73 25=26.02 50=38.24 75=56.67 90=78.33 95=97.09 99=182.66 99.9=16826.37 99.99=25346.05]
2025-04-22 06:42:30 12 sec: 32131 operations; [READ: Count=21474 Max=13549.57 Min=3.74 Avg=117.22 10=20.27 25=27.07 50=38.40 75=105.86 90=202.11 95=473.60 99=1282.05 99.9=3483.65 99.99=3887.10] [UPDATE: Count=10657 Max=28786.69 Min=8.36 Avg=94.32 10=17.82 25=24.88 50=37.18 75=55.97 90=78.40 95=97.47 99=189.06 99.9=16973.82 99.99=25346.05]
2025-04-22 06:42:31 13 sec: 41446 operations; [READ: Count=27716 Max=13549.57 Min=3.59 Avg=118.49 10=21.15 25=28.50 50=41.18 75=105.60 90=199.94 95=480.51 99=1310.72 99.9=3411.97 99.99=3887.10] [UPDATE: Count=13730 Max=28786.69 Min=8.36 Avg=89.61 10=18.34 25=24.61 50=35.23 75=52.83 90=74.62 95=93.76 99=211.20 99.9=15720.45 99.99=25346.05]
2025-04-22 06:42:32 14 sec: 46691 operations; [READ: Count=31201 Max=13549.57 Min=3.59 Avg=132.74 10=21.36 25=28.75 50=41.09 75=105.02 90=238.59 95=661.50 99=1518.59 99.9=3371.01 99.99=3842.05] [UPDATE: Count=15490 Max=28786.69 Min=7.85 Avg=88.26 10=17.09 25=23.23 50=33.50 75=50.66 90=72.58 95=91.90 99=261.63 99.9=14819.33 99.99=24068.10]
2025-04-22 06:42:33 15 sec: 61092 operations; [READ: Count=40838 Max=13549.57 Min=2.68 Avg=122.91 10=20.93 25=28.21 50=39.62 75=99.84 90=225.41 95=577.02 99=1382.40 99.9=3153.92 99.99=3842.05] [UPDATE: Count=20254 Max=28786.69 Min=6.70 Avg=72.90 10=13.90 25=18.24 50=27.26 75=44.13 90=66.50 95=84.67 99=192.38 99.9=13762.56 99.99=24068.10]
2025-04-22 06:42:34 16 sec: 77788 operations; [READ: Count=52034 Max=13549.57 Min=2.68 Avg=113.01 10=20.75 25=28.21 50=39.30 75=103.49 90=200.83 95=473.34 99=1263.62 99.9=2859.01 99.99=3835.90] [UPDATE: Count=25754 Max=28786.69 Min=6.66 Avg=62.14 10=13.09 25=16.13 50=23.23 75=38.72 90=61.66 95=79.10 99=180.99 99.9=11206.66 99.99=20987.90]
2025-04-22 06:42:35 17 sec: 93558 operations; [READ: Count=62517 Max=13549.57 Min=2.68 Avg=107.18 10=20.70 25=28.08 50=39.36 75=103.87 90=193.02 95=418.56 99=1186.82 99.9=2658.30 99.99=3823.61] [UPDATE: Count=31041 Max=28786.69 Min=6.66 Avg=56.74 10=13.11 25=16.05 50=22.38 75=36.19 90=58.59 95=75.97 99=183.81 99.9=10346.50 99.99=20987.90]
2025-04-22 06:42:36 18 sec: 107436 operations; [READ: Count=71797 Max=13549.57 Min=2.68 Avg=104.39 10=19.90 25=27.23 50=38.27 75=91.78 90=190.97 95=411.39 99=1154.05 99.9=2424.83 99.99=3815.42] [UPDATE: Count=35639 Max=28786.69 Min=6.66 Avg=54.79 10=13.02 25=15.94 50=21.97 75=34.69 90=56.22 95=73.60 99=176.64 99.9=9175.04 99.99=20463.62]
2025-04-22 06:42:37 19 sec: 124065 operations; [READ: Count=82867 Max=13549.57 Min=2.68 Avg=100.08 10=19.47 25=26.50 50=37.28 75=73.34 90=184.83 95=395.77 99=1106.94 99.9=2314.24 99.99=3811.33] [UPDATE: Count=41198 Max=28786.69 Min=6.66 Avg=51.85 10=13.01 25=15.93 50=21.74 75=33.50 90=54.11 95=71.49 99=169.98 99.9=8179.71 99.99=20463.62]
2025-04-22 06:42:38 20 sec: 141556 operations; [READ: Count=94514 Max=13549.57 Min=2.68 Avg=96.12 10=19.38 25=26.09 50=36.64 75=65.41 90=178.43 95=379.90 99=1059.84 99.9=2166.78 99.99=3792.89] [UPDATE: Count=47042 Max=28786.69 Min=6.66 Avg=49.45 10=13.03 25=15.97 50=21.66 75=32.80 90=52.51 95=69.63 99=161.53 99.9=5140.48 99.99=20283.39]
2025-04-22 06:42:39 21 sec: 160337 operations; [READ: Count=107022 Max=13549.57 Min=2.68 Avg=92.31 10=19.20 25=25.61 50=35.94 75=60.09 90=171.78 95=366.08 99=1026.05 99.9=2107.39 99.99=3753.98] [UPDATE: Count=53315 Max=28786.69 Min=6.66 Avg=47.12 10=13.01 25=15.89 50=21.39 75=31.84 90=50.78 95=67.58 99=155.52 99.9=4513.79 99.99=20283.39]
2025-04-22 06:42:40 22 sec: 181012 operations; [READ: Count=120821 Max=13549.57 Min=2.51 Avg=88.19 10=18.89 25=25.15 50=35.20 75=56.48 90=164.48 95=349.69 99=979.46 99.9=2057.22 99.99=3659.78] [UPDATE: Count=60191 Max=28786.69 Min=6.66 Avg=45.11 10=12.88 25=15.73 50=21.15 75=31.18 90=49.34 95=65.92 99=148.86 99.9=3954.69 99.99=18874.37]
2025-04-22 06:42:41 23 sec: 200592 operations; [READ: Count=133822 Max=13549.57 Min=2.51 Avg=85.43 10=18.48 25=24.69 50=34.56 75=54.17 90=158.08 95=334.33 99=974.85 99.9=2007.04 99.99=3639.30] [UPDATE: Count=66770 Max=28786.69 Min=6.66 Avg=43.71 10=12.65 25=15.49 50=20.83 75=30.69 90=48.19 95=64.77 99=140.54 99.9=3868.67 99.99=18022.40]
2025-04-22 06:42:42 24 sec: 220239 operations; [READ: Count=146911 Max=13549.57 Min=2.51 Avg=83.16 10=18.35 25=24.54 50=34.30 75=53.31 90=155.52 95=320.51 99=943.10 99.9=1952.77 99.99=3627.01] [UPDATE: Count=73328 Max=28786.69 Min=6.66 Avg=42.47 10=12.57 25=15.41 50=20.69 75=30.25 90=47.36 95=63.84 99=141.06 99.9=3659.78 99.99=18022.40]
2025-04-22 06:42:43 25 sec: 235083 operations; [READ: Count=156759 Max=13549.57 Min=2.51 Avg=83.24 10=18.34 25=24.54 50=34.40 75=53.76 90=157.82 95=322.81 99=925.70 99.9=1936.38 99.99=3581.95] [UPDATE: Count=78324 Max=28786.69 Min=6.62 Avg=41.72 10=12.57 25=15.40 50=20.53 75=29.73 90=46.43 95=62.98 99=143.49 99.9=3317.76 99.99=17809.41]
2025-04-22 06:42:44 26 sec: 247474 operations; [READ: Count=165017 Max=13549.57 Min=2.51 Avg=84.25 10=18.35 25=24.62 50=34.56 75=54.56 90=161.53 95=333.57 99=919.55 99.9=1912.83 99.99=3549.18] [UPDATE: Count=82457 Max=28786.69 Min=6.62 Avg=41.23 10=12.64 25=15.44 50=20.41 75=29.20 90=45.53 95=62.05 99=143.49 99.9=3317.76 99.99=17809.41]
2025-04-22 06:42:45 27 sec: 261099 operations; [READ: Count=174121 Max=13549.57 Min=2.51 Avg=84.84 10=18.37 25=24.69 50=34.75 75=55.42 90=165.50 95=337.41 99=904.70 99.9=1896.45 99.99=3549.18] [UPDATE: Count=86978 Max=28786.69 Min=6.62 Avg=40.41 10=12.71 25=15.49 50=20.27 75=28.59 90=44.51 95=61.05 99=141.57 99.9=3233.79 99.99=17694.72]
2025-04-22 06:42:46 28 sec: 271672 operations; [READ: Count=181102 Max=13549.57 Min=2.51 Avg=86.42 10=18.35 25=24.73 50=34.88 75=56.41 90=169.98 95=346.88 99=918.53 99.9=1911.81 99.99=3526.66] [UPDATE: Count=90570 Max=28786.69 Min=6.62 Avg=40.04 10=12.75 25=15.50 50=20.18 75=28.21 90=43.81 95=60.29 99=141.31 99.9=3233.79 99.99=17694.72]
2025-04-22 06:42:47 29 sec: 285734 operations; [READ: Count=190454 Max=13549.57 Min=2.51 Avg=86.78 10=18.32 25=24.78 50=35.07 75=57.98 90=173.18 95=345.86 99=903.17 99.9=1895.42 99.99=3508.22] [UPDATE: Count=95280 Max=28786.69 Min=6.62 Avg=39.19 10=12.75 25=15.46 50=19.98 75=27.71 90=42.81 95=59.23 99=139.13 99.9=3174.40 99.99=17612.80]
2025-04-22 06:42:48 30 sec: 298358 operations; [READ: Count=198867 Max=13549.57 Min=2.51 Avg=87.55 10=18.27 25=24.78 50=35.23 75=59.97 90=177.41 95=348.93 99=894.46 99.9=1882.11 99.99=3508.22] [UPDATE: Count=99491 Max=28786.69 Min=6.62 Avg=38.59 10=12.68 25=15.35 50=19.79 75=27.34 90=42.11 95=58.37 99=138.37 99.9=3086.34 99.99=17612.80]
2025-04-22 06:42:49 31 sec: 309493 operations; [READ: Count=206284 Max=13549.57 Min=2.51 Avg=88.71 10=18.21 25=24.78 50=35.36 75=62.37 90=182.40 95=356.86 99=890.88 99.9=1869.82 99.99=3506.18] [UPDATE: Count=103209 Max=28786.69 Min=6.62 Avg=38.17 10=12.62 25=15.25 50=19.61 75=27.01 90=41.60 95=57.63 99=139.13 99.9=3020.80 99.99=17612.80]
2025-04-22 06:42:50 32 sec: 321878 operations; [READ: Count=214565 Max=13549.57 Min=2.26 Avg=89.39 10=18.14 25=24.78 50=35.49 75=66.05 90=186.24 95=359.68 99=882.17 99.9=1848.32 99.99=3506.18] [UPDATE: Count=107313 Max=28786.69 Min=6.62 Avg=37.71 10=12.57 25=15.16 50=19.45 75=26.67 90=41.02 95=56.83 99=138.24 99.9=2969.60 99.99=16973.82]
2025-04-22 06:42:51 33 sec: 333935 operations; [READ: Count=222570 Max=13549.57 Min=2.26 Avg=90.09 10=17.97 25=24.69 50=35.42 75=69.18 90=189.31 95=363.52 99=887.81 99.9=1848.32 99.99=3483.65] [UPDATE: Count=111365 Max=28786.69 Min=6.62 Avg=37.40 10=12.51 25=15.06 50=19.31 75=26.40 90=40.45 95=56.09 99=136.32 99.9=2977.79 99.99=16973.82]
2025-04-22 06:42:52 34 sec: 348387 operations; [READ: Count=232197 Max=13549.57 Min=2.26 Avg=90.07 10=17.81 25=24.56 50=35.36 75=72.64 90=190.46 95=363.01 99=881.66 99.9=1844.22 99.99=3457.02] [UPDATE: Count=116190 Max=28786.69 Min=6.62 Avg=36.89 10=12.45 25=14.97 50=19.18 75=26.16 90=39.94 95=55.39 99=135.55 99.9=2947.07 99.99=16826.37]
2025-04-22 06:42:53 35 sec: 363101 operations; [READ: Count=241998 Max=13549.57 Min=2.26 Avg=89.96 10=17.60 25=24.38 50=35.17 75=75.58 90=191.87 95=363.77 99=872.45 99.9=1828.86 99.99=3450.88] [UPDATE: Count=121103 Max=28786.69 Min=6.62 Avg=36.46 10=12.34 25=14.86 50=19.01 75=25.89 90=39.36 95=54.62 99=136.32 99.9=2920.45 99.99=16826.37]
2025-04-22 06:42:54 36 sec: 379255 operations; [READ: Count=252744 Max=13549.57 Min=2.26 Avg=89.47 10=17.31 25=24.11 50=34.81 75=76.48 90=192.38 95=363.01 99=863.74 99.9=1807.36 99.99=3424.26] [UPDATE: Count=126511 Max=28786.69 Min=6.62 Avg=36.01 10=12.28 25=14.76 50=18.83 75=25.57 90=38.75 95=53.89 99=136.45 99.9=2832.38 99.99=16261.12]
2025-04-22 06:42:55 37 sec: 394945 operations; [READ: Count=263266 Max=13549.57 Min=2.26 Avg=89.19 10=16.93 25=23.74 50=34.53 75=88.83 90=193.02 95=362.24 99=851.97 99.9=1792.00 99.99=3422.21] [UPDATE: Count=131679 Max=28786.69 Min=6.62 Avg=35.51 10=12.09 25=14.54 50=18.56 75=25.20 90=38.14 95=53.28 99=138.62 99.9=2762.75 99.99=16261.12]
2025-04-22 06:42:56 38 sec: 408855 operations; [READ: Count=272520 Max=13549.57 Min=2.26 Avg=89.40 10=16.51 25=23.42 50=34.56 75=95.94 90=194.30 95=362.24 99=841.73 99.9=1776.64 99.99=3420.16] [UPDATE: Count=136335 Max=28786.69 Min=6.59 Avg=35.08 10=11.78 25=14.26 50=18.29 75=24.88 90=37.60 95=52.54 99=139.13 99.9=2717.70 99.99=15720.45]
2025-04-22 06:42:57 39 sec: 428968 operations; [READ: Count=285929 Max=13549.57 Min=2.26 Avg=88.28 10=15.66 25=22.93 50=34.49 75=96.19 90=189.44 95=353.54 99=824.32 99.9=1748.99 99.99=3379.20] [UPDATE: Count=143039 Max=28786.69 Min=6.49 Avg=34.17 10=11.28 25=13.81 50=17.86 75=24.41 90=36.80 95=51.52 99=133.63 99.9=2648.06 99.99=15720.45]
2025-04-22 06:42:58 40 sec: 452858 operations; [READ: Count=301782 Max=13549.57 Min=2.26 Avg=86.58 10=14.81 25=22.34 50=34.49 75=94.91 90=181.12 95=340.48 99=804.86 99.9=1724.41 99.99=3373.05] [UPDATE: Count=151076 Max=28786.69 Min=6.49 Avg=33.00 10=10.80 25=13.32 50=17.38 75=23.86 90=35.90 95=50.30 99=128.96 99.9=2551.81 99.99=14819.33]
2025-04-22 06:42:59 41 sec: 476482 operations; [READ: Count=317485 Max=13549.57 Min=2.26 Avg=85.11 10=14.23 25=21.77 50=34.49 75=94.21 90=174.34 95=327.17 99=785.92 99.9=1703.93 99.99=3354.62] [UPDATE: Count=158997 Max=28786.69 Min=6.44 Avg=31.94 10=10.50 25=12.89 50=16.91 75=23.36 90=35.07 95=49.18 99=122.24 99.9=2459.65 99.99=14704.64]
2025-04-22 06:43:00 42 sec: 499118 operations; [READ: Count=332510 Max=13549.57 Min=2.26 Avg=83.95 10=13.85 25=21.21 50=34.53 75=93.89 90=168.96 95=316.42 99=770.56 99.9=1682.43 99.99=3340.29] [UPDATE: Count=166608 Max=28786.69 Min=6.44 Avg=31.03 10=10.34 25=12.53 50=16.50 75=22.91 90=34.37 95=48.13 99=117.89 99.9=2344.96 99.99=14311.42]
2025-04-22 06:43:01 43 sec: 521199 operations; [READ: Count=347272 Max=13549.57 Min=2.26 Avg=82.96 10=13.54 25=20.72 50=34.56 75=93.50 90=164.48 95=307.20 99=756.22 99.9=1665.02 99.99=3297.28] [UPDATE: Count=173927 Max=28786.69 Min=6.44 Avg=30.24 10=10.23 25=12.19 50=16.10 75=22.51 90=33.73 95=47.23 99=114.94 99.9=2205.70 99.99=14311.42]
2025-04-22 06:43:02 44 sec: 543864 operations; [READ: Count=362325 Max=13549.57 Min=2.26 Avg=81.98 10=13.22 25=20.18 50=34.56 75=93.31 90=160.25 95=298.50 99=744.45 99.9=1653.76 99.99=3270.66] [UPDATE: Count=181539 Max=28786.69 Min=6.44 Avg=29.47 10=10.13 25=11.86 50=15.73 75=22.11 90=33.12 95=46.34 99=111.04 99.9=2109.44 99.99=13934.59]
2025-04-22 06:43:03 45 sec: 567667 operations; [READ: Count=378197 Max=13549.57 Min=2.26 Avg=80.89 10=12.93 25=19.63 50=34.59 75=92.93 90=155.90 95=288.77 99=730.62 99.9=1637.38 99.99=3213.31] [UPDATE: Count=189470 Max=28786.69 Min=6.44 Avg=28.75 10=10.07 25=11.58 50=15.37 75=21.73 90=32.48 95=45.41 99=107.90 99.9=2073.60 99.99=13869.06]
2025-04-22 06:43:04 46 sec: 589704 operations; [READ: Count=392862 Max=13549.57 Min=2.26 Avg=80.14 10=12.67 25=19.17 50=34.59 75=92.86 90=153.60 95=282.37 99=716.80 99.9=1617.92 99.99=3207.17] [UPDATE: Count=196842 Max=28786.69 Min=6.44 Avg=28.14 10=10.02 25=11.39 50=15.09 75=21.38 90=31.93 95=44.58 99=105.41 99.9=1982.46 99.99=13762.56]
2025-04-22 06:43:05 47 sec: 610630 operations; [READ: Count=406864 Max=13549.57 Min=2.26 Avg=79.60 10=12.39 25=18.73 50=34.59 75=92.86 90=151.81 95=278.53 99=706.56 99.9=1596.41 99.99=3153.92] [UPDATE: Count=203766 Max=28786.69 Min=6.44 Avg=27.59 10=9.98 25=11.25 50=14.84 75=21.05 90=31.44 95=43.90 99=102.72 99.9=1916.93 99.99=13762.56]
2025-04-22 06:43:06 48 sec: 631231 operations; [READ: Count=420626 Max=13549.57 Min=2.26 Avg=79.14 10=12.09 25=18.38 50=34.59 75=92.86 90=150.27 95=274.94 99=698.37 99.9=1584.13 99.99=3153.92] [UPDATE: Count=210605 Max=28786.69 Min=6.20 Avg=27.10 10=9.95 25=11.13 50=14.63 75=20.77 90=30.99 95=43.20 99=101.31 99.9=1855.49 99.99=13549.57]
2025-04-22 06:43:07 49 sec: 649365 operations; [READ: Count=432772 Max=13549.57 Min=2.26 Avg=79.01 10=11.86 25=18.24 50=34.59 75=93.12 90=149.89 95=273.92 99=691.20 99.9=1571.84 99.99=3067.90] [UPDATE: Count=216593 Max=28786.69 Min=6.20 Avg=26.73 10=9.94 25=11.09 50=14.49 75=20.53 90=30.62 95=42.69 99=100.16 99.9=1807.36 99.99=13434.88]
2025-04-22 06:43:08 50 sec: 669225 operations; [READ: Count=445969 Max=13549.57 Min=2.26 Avg=78.67 10=11.61 25=18.14 50=34.62 75=93.44 90=148.61 95=270.33 99=680.96 99.9=1551.36 99.99=3033.09] [UPDATE: Count=223256 Max=28786.69 Min=6.20 Avg=26.35 10=9.94 25=11.08 50=14.39 75=20.27 90=30.22 95=42.08 99=98.75 99.9=1770.49 99.99=13434.88]
2025-04-22 06:43:09 51 sec: 690098 operations; [READ: Count=459966 Max=13549.57 Min=2.26 Avg=78.21 10=11.22 25=17.95 50=34.62 75=93.63 90=146.94 95=265.47 99=672.77 99.9=1541.12 99.99=2990.08] [UPDATE: Count=230132 Max=28786.69 Min=6.20 Avg=25.97 10=9.93 25=11.06 50=14.29 75=20.03 90=29.81 95=41.57 99=97.34 99.9=1726.46 99.99=12509.18]
2025-04-22 06:43:10 52 sec: 709006 operations; [READ: Count=472581 Max=13549.57 Min=2.26 Avg=78.02 10=10.89 25=17.79 50=34.66 75=93.82 90=146.56 95=264.19 99=665.60 99.9=1530.88 99.99=2967.55] [UPDATE: Count=236425 Max=28786.69 Min=6.20 Avg=25.65 10=9.92 25=11.03 50=14.18 75=19.81 90=29.47 95=41.12 99=96.13 99.9=1713.15 99.99=12050.43]
2025-04-22 06:43:11 53 sec: 727170 operations; [READ: Count=484679 Max=13549.57 Min=2.26 Avg=77.91 10=10.55 25=17.65 50=34.66 75=94.02 90=146.18 95=263.42 99=660.99 99.9=1520.64 99.99=2957.31] [UPDATE: Count=242491 Max=28786.69 Min=6.20 Avg=25.40 10=9.90 25=11.01 50=14.10 75=19.60 90=29.14 95=40.70 99=95.42 99.9=1692.67 99.99=12050.43]
2025-04-22 06:43:12 54 sec: 745634 operations; [READ: Count=497047 Max=13549.57 Min=2.26 Avg=77.79 10=10.22 25=17.49 50=34.66 75=94.14 90=145.79 95=263.17 99=655.36 99.9=1507.33 99.99=2904.06] [UPDATE: Count=248587 Max=28786.69 Min=6.20 Avg=25.11 10=9.89 25=10.98 50=14.02 75=19.41 90=28.80 95=40.29 99=94.33 99.9=1646.59 99.99=12025.85]
2025-04-22 06:43:13 55 sec: 767445 operations; [READ: Count=511602 Max=13549.57 Min=2.26 Avg=77.31 10=9.83 25=17.31 50=34.62 75=94.08 90=144.38 95=258.94 99=648.19 99.9=1492.99 99.99=2904.06] [UPDATE: Count=255843 Max=28786.69 Min=6.20 Avg=24.78 10=9.88 25=10.94 50=13.90 75=19.18 90=28.45 95=39.77 99=92.99 99.9=1617.92 99.99=11231.23]
2025-04-22 06:43:14 56 sec: 789900 operations; [READ: Count=526572 Max=13549.57 Min=2.26 Avg=76.78 10=9.51 25=17.17 50=34.59 75=94.08 90=142.97 95=253.31 99=639.49 99.9=1477.63 99.99=2859.01] [UPDATE: Count=263328 Max=28786.69 Min=6.20 Avg=24.47 10=9.87 25=10.94 50=13.85 75=18.98 90=28.09 95=39.23 99=92.09 99.9=1590.27 99.99=11231.23]
2025-04-22 06:43:15 57 sec: 811753 operations; [READ: Count=541130 Max=13549.57 Min=2.26 Avg=76.35 10=9.24 25=17.02 50=34.56 75=93.95 90=141.95 95=249.47 99=632.32 99.9=1462.27 99.99=2852.86] [UPDATE: Count=270623 Max=28786.69 Min=6.20 Avg=24.17 10=9.86 25=10.93 50=13.78 75=18.77 90=27.79 95=38.72 99=90.94 99.9=1569.79 99.99=11214.85]
2025-04-22 06:43:16 58 sec: 833552 operations; [READ: Count=555681 Max=13549.57 Min=2.26 Avg=75.94 10=9.01 25=16.88 50=34.49 75=93.89 90=140.93 95=246.40 99=625.66 99.9=1454.08 99.99=2848.77] [UPDATE: Count=277871 Max=28786.69 Min=6.20 Avg=23.90 10=9.85 25=10.90 50=13.69 75=18.56 90=27.50 95=38.27 99=90.30 99.9=1523.71 99.99=11206.66]
2025-04-22 06:43:17 59 sec: 853970 operations; [READ: Count=569329 Max=13549.57 Min=2.26 Avg=75.70 10=8.80 25=16.75 50=34.43 75=93.76 90=140.16 95=244.74 99=621.57 99.9=1444.86 99.99=2840.57] [UPDATE: Count=284641 Max=28786.69 Min=6.20 Avg=23.64 10=9.82 25=10.88 50=13.62 75=18.40 90=27.23 95=37.85 99=89.22 99.9=1501.18 99.99=11206.66]
2025-04-22 06:43:18 60 sec: 878402 operations; [READ: Count=585602 Max=13549.57 Min=2.26 Avg=75.10 10=8.57 25=16.57 50=34.34 75=93.57 90=138.62 95=239.49 99=613.89 99.9=1436.67 99.99=2830.34] [UPDATE: Count=292800 Max=28786.69 Min=6.20 Avg=23.33 10=9.80 25=10.84 50=13.52 75=18.18 90=26.91 95=37.38 99=87.94 99.9=1467.39 99.99=11042.82]
2025-04-22 06:43:19 61 sec: 902038 operations; [READ: Count=601323 Max=13549.57 Min=2.26 Avg=74.60 10=8.40 25=16.46 50=34.24 75=93.38 90=137.47 95=235.90 99=606.72 99.9=1422.34 99.99=2783.23] [UPDATE: Count=300715 Max=28786.69 Min=6.20 Avg=23.05 10=9.78 25=10.81 50=13.46 75=18.00 90=26.64 95=36.93 99=87.04 99.9=1427.45 99.99=10878.98]
2025-04-22 06:43:20 62 sec: 926574 operations; [READ: Count=617657 Max=13549.57 Min=2.26 Avg=74.04 10=8.22 25=16.32 50=34.11 75=93.18 90=136.19 95=231.68 99=600.06 99.9=1409.02 99.99=2777.09] [UPDATE: Count=308917 Max=28786.69 Min=6.20 Avg=22.79 10=9.77 25=10.80 50=13.38 75=17.82 90=26.35 95=36.54 99=86.46 99.9=1384.45 99.99=10551.30]
2025-04-22 06:43:21 63 sec: 950392 operations; [READ: Count=633570 Max=13549.57 Min=2.26 Avg=73.58 10=8.05 25=16.18 50=34.02 75=92.99 90=135.29 95=228.74 99=593.92 99.9=1398.78 99.99=2729.98] [UPDATE: Count=316822 Max=28786.69 Min=6.20 Avg=22.53 10=9.74 25=10.77 50=13.29 75=17.65 90=26.09 95=36.13 99=85.50 99.9=1354.75 99.99=10461.18]
2025-04-22 06:43:22 64 sec: 970212 operations; [READ: Count=646791 Max=13549.57 Min=2.26 Avg=73.47 10=7.93 25=16.05 50=33.89 75=92.99 90=135.17 95=229.12 99=591.87 99.9=1394.69 99.99=2682.88] [UPDATE: Count=323421 Max=28786.69 Min=6.20 Avg=22.33 10=9.72 25=10.74 50=13.23 75=17.50 90=25.90 95=35.81 99=85.12 99.9=1331.20 99.99=10461.18]
2025-04-22 06:43:23 65 sec: 993494 operations; [READ: Count=662330 Max=13549.57 Min=2.26 Avg=73.08 10=7.82 25=15.95 50=33.73 75=92.86 90=134.53 95=226.69 99=586.75 99.9=1384.45 99.99=2666.49] [UPDATE: Count=331164 Max=28786.69 Min=6.20 Avg=22.11 10=9.70 25=10.73 50=13.17 75=17.36 90=25.66 95=35.42 99=84.54 99.9=1289.21 99.99=10346.50]
2025-04-22 06:43:24 66 sec: 1015420 operations; [READ: Count=676932 Max=13549.57 Min=2.26 Avg=72.81 10=7.74 25=15.86 50=33.60 75=92.86 90=134.01 95=224.77 99=582.65 99.9=1376.26 99.99=2629.63] [UPDATE: Count=338488 Max=28786.69 Min=6.20 Avg=21.92 10=9.69 25=10.72 50=13.13 75=17.23 90=25.44 95=35.13 99=83.78 99.9=1266.69 99.99=9420.80]
2025-04-22 06:43:25 67 sec: 1036939 operations; [READ: Count=691338 Max=13549.57 Min=2.26 Avg=72.59 10=7.64 25=15.76 50=33.44 75=92.86 90=133.63 95=223.74 99=580.61 99.9=1368.06 99.99=2605.05] [UPDATE: Count=345601 Max=28786.69 Min=6.20 Avg=21.73 10=9.67 25=10.70 50=13.07 75=17.12 90=25.23 95=34.81 99=83.14 99.9=1220.61 99.99=9388.03]
2025-04-22 06:43:26 68 sec: 1059914 operations; [READ: Count=706654 Max=13549.57 Min=2.26 Avg=72.28 10=7.53 25=15.65 50=33.25 75=92.80 90=133.12 95=222.08 99=575.49 99.9=1358.85 99.99=2562.05] [UPDATE: Count=353260 Max=28786.69 Min=6.20 Avg=21.53 10=9.65 25=10.67 50=13.00 75=16.98 90=25.02 95=34.49 99=82.43 99.9=1200.13 99.99=9388.03]
2025-04-22 06:43:27 69 sec: 1080179 operations; [READ: Count=720132 Max=13549.57 Min=2.26 Avg=72.17 10=7.46 25=15.55 50=33.09 75=92.80 90=133.12 95=222.21 99=574.98 99.9=1349.63 99.99=2539.52] [UPDATE: Count=360047 Max=28786.69 Min=6.20 Avg=21.36 10=9.62 25=10.65 50=12.94 75=16.86 90=24.83 95=34.24 99=82.05 99.9=1184.77 99.99=9175.04]
2025-04-22 06:43:28 70 sec: 1104156 operations; [READ: Count=736044 Max=13549.57 Min=2.26 Avg=71.82 10=7.37 25=15.45 50=32.86 75=92.73 90=132.61 95=220.03 99=569.34 99.9=1339.39 99.99=2498.56] [UPDATE: Count=368112 Max=28786.69 Min=6.20 Avg=21.17 10=9.60 25=10.62 50=12.87 75=16.72 90=24.62 95=33.92 99=81.41 99.9=1158.14 99.99=8699.90]
2025-04-22 06:43:29 71 sec: 1128786 operations; [READ: Count=752440 Max=13549.57 Min=2.26 Avg=71.43 10=7.29 25=15.33 50=32.62 75=92.61 90=131.97 95=217.98 99=564.22 99.9=1328.13 99.99=2488.32] [UPDATE: Count=376346 Max=28786.69 Min=6.20 Avg=20.97 10=9.57 25=10.60 50=12.80 75=16.59 90=24.40 95=33.60 99=80.83 99.9=1144.83 99.99=8552.45]
2025-04-22 06:43:30 72 sec: 1153808 operations; [READ: Count=769101 Max=13549.57 Min=2.26 Avg=71.03 10=7.20 25=15.21 50=32.38 75=92.54 90=131.33 95=215.81 99=559.10 99.9=1316.86 99.99=2465.79] [UPDATE: Count=384707 Max=28786.69 Min=6.20 Avg=20.78 10=9.54 25=10.57 50=12.73 75=16.46 90=24.19 95=33.31 99=80.32 99.9=1123.33 99.99=8552.45]
2025-04-22 06:43:31 73 sec: 1177167 operations; [READ: Count=784664 Max=13549.57 Min=2.26 Avg=70.75 10=7.13 25=15.11 50=32.14 75=92.42 90=130.81 95=214.66 99=556.54 99.9=1310.72 99.99=2455.55] [UPDATE: Count=392503 Max=28786.69 Min=6.20 Avg=20.60 10=9.51 25=10.56 50=12.66 75=16.35 90=24.00 95=33.02 99=79.94 99.9=1091.58 99.99=8536.06]
2025-04-22 06:43:32 74 sec: 1199265 operations; [READ: Count=799317 Max=13549.57 Min=2.26 Avg=70.57 10=7.06 25=15.02 50=31.90 75=92.29 90=130.50 95=214.01 99=556.03 99.9=1307.65 99.99=2443.26] [UPDATE: Count=399948 Max=28786.69 Min=6.20 Avg=20.45 10=9.49 25=10.54 50=12.60 75=16.25 90=23.81 95=32.75 99=79.55 99.9=1075.20 99.99=8429.57]
2025-04-22 06:43:33 75 sec: 1226743 operations; [READ: Count=817670 Max=13549.57 Min=2.26 Avg=70.06 10=6.98 25=14.89 50=31.61 75=92.09 90=129.60 95=210.81 99=551.42 99.9=1299.45 99.99=2424.83] [UPDATE: Count=409073 Max=28786.69 Min=6.20 Avg=20.26 10=9.45 25=10.51 50=12.53 75=16.13 90=23.60 95=32.43 99=79.10 99.9=1065.98 99.99=8273.92]
2025-04-22 06:43:34 76 sec: 1252870 operations; [READ: Count=835089 Max=13549.57 Min=2.26 Avg=69.65 10=6.92 25=14.77 50=31.31 75=91.97 90=128.96 95=208.64 99=546.82 99.9=1291.26 99.99=2402.30] [UPDATE: Count=417781 Max=28786.69 Min=6.20 Avg=20.09 10=9.41 25=10.48 50=12.46 75=16.02 90=23.39 95=32.14 99=78.46 99.9=1047.04 99.99=8179.71]
2025-04-22 06:43:35 77 sec: 1279888 operations; [READ: Count=853100 Max=13549.57 Min=2.20 Avg=69.20 10=6.85 25=14.65 50=30.99 75=91.78 90=128.32 95=206.34 99=542.21 99.9=1283.07 99.99=2398.21] [UPDATE: Count=426788 Max=28786.69 Min=6.20 Avg=19.93 10=9.38 25=10.46 50=12.40 75=15.90 90=23.20 95=31.86 99=78.08 99.9=1018.88 99.99=8122.37]
2025-04-22 06:43:36 78 sec: 1304365 operations; [READ: Count=869391 Max=13549.57 Min=2.20 Avg=68.92 10=6.79 25=14.54 50=30.69 75=91.71 90=128.13 95=205.57 99=538.11 99.9=1274.88 99.99=2390.01] [UPDATE: Count=434974 Max=28786.69 Min=6.20 Avg=19.78 10=9.34 25=10.44 50=12.34 75=15.81 90=23.04 95=31.61 99=77.76 99.9=1006.08 99.99=8122.37]
2025-04-22 06:43:37 79 sec: 1325470 operations; [READ: Count=883521 Max=13549.57 Min=2.20 Avg=68.82 10=6.75 25=14.46 50=30.46 75=91.65 90=128.00 95=205.69 99=538.62 99.9=1271.81 99.99=2379.78] [UPDATE: Count=441949 Max=28786.69 Min=6.20 Avg=19.69 10=9.33 25=10.43 50=12.32 75=15.77 90=22.91 95=31.42 99=77.76 99.9=992.77 99.99=7901.18]
2025-04-22 06:43:38 80 sec: 1349288 operations; [READ: Count=899415 Max=13549.57 Min=2.20 Avg=68.58 10=6.70 25=14.36 50=30.13 75=91.58 90=127.68 95=205.18 99=537.09 99.9=1265.66 99.99=2373.63] [UPDATE: Count=449873 Max=28786.69 Min=6.20 Avg=19.58 10=9.31 25=10.42 50=12.29 75=15.70 90=22.75 95=31.17 99=77.50 99.9=973.31 99.99=7421.95]
2025-04-22 06:43:39 81 sec: 1369672 operations; [READ: Count=912999 Max=13549.57 Min=2.19 Avg=68.52 10=6.70 25=14.30 50=30.00 75=91.65 90=127.68 95=205.31 99=535.04 99.9=1261.57 99.99=2365.44] [UPDATE: Count=456673 Max=28786.69 Min=6.20 Avg=19.53 10=9.29 25=10.41 50=12.28 75=15.67 90=22.62 95=31.01 99=77.31 99.9=983.55 99.99=7274.49]
2025-04-22 06:43:40 82 sec: 1383358 operations; [READ: Count=922181 Max=13549.57 Min=2.19 Avg=68.81 10=6.72 25=14.29 50=30.03 75=91.78 90=128.19 95=207.23 99=538.11 99.9=1261.57 99.99=2349.05] [UPDATE: Count=461177 Max=28786.69 Min=6.10 Avg=19.55 10=9.29 25=10.41 50=12.29 75=15.66 90=22.56 95=30.89 99=77.25 99.9=992.77 99.99=7274.49]
2025-04-22 06:43:41 83 sec: 1398576 operations; [READ: Count=932368 Max=13549.57 Min=2.19 Avg=69.03 10=6.75 25=14.29 50=30.03 75=91.97 90=128.90 95=209.02 99=537.60 99.9=1257.47 99.99=2349.05] [UPDATE: Count=466208 Max=28786.69 Min=6.10 Avg=19.51 10=9.31 25=10.42 50=12.29 75=15.65 90=22.46 95=30.75 99=76.93 99.9=989.70 99.99=7036.93]
2025-04-22 06:43:42 84 sec: 1413929 operations; [READ: Count=942618 Max=13549.57 Min=2.19 Avg=69.25 10=6.78 25=14.30 50=29.98 75=92.16 90=129.53 95=210.81 99=538.62 99.9=1255.42 99.99=2347.01] [UPDATE: Count=471311 Max=28786.69 Min=6.10 Avg=19.47 10=9.32 25=10.43 50=12.29 75=15.63 90=22.38 95=30.62 99=76.67 99.9=988.16 99.99=7036.93]
2025-04-22 06:43:43 85 sec: 1428649 operations; [READ: Count=952455 Max=13549.57 Min=2.19 Avg=69.48 10=6.80 25=14.33 50=29.90 75=92.29 90=130.18 95=213.12 99=540.67 99.9=1253.38 99.99=2324.48] [UPDATE: Count=476194 Max=28786.69 Min=6.10 Avg=19.45 10=9.33 25=10.43 50=12.29 75=15.62 90=22.30 95=30.50 99=76.54 99.9=988.16 99.99=6696.96]
2025-04-22 06:43:44 86 sec: 1447015 operations; [READ: Count=964699 Max=13549.57 Min=2.19 Avg=69.51 10=6.82 25=14.34 50=29.70 75=92.42 90=130.50 95=213.89 99=539.13 99.9=1249.28 99.99=2324.48] [UPDATE: Count=482316 Max=28786.69 Min=6.10 Avg=19.42 10=9.34 25=10.44 50=12.29 75=15.60 90=22.21 95=30.34 99=76.22 99.9=997.38 99.99=6696.96]
2025-04-22 06:43:45 87 sec: 1462279 operations; [READ: Count=974834 Max=13549.57 Min=2.19 Avg=69.72 10=6.85 25=14.35 50=29.63 75=92.54 90=131.20 95=215.94 99=539.65 99.9=1249.28 99.99=2314.24] [UPDATE: Count=487445 Max=28786.69 Min=6.10 Avg=19.37 10=9.34 25=10.45 50=12.29 75=15.58 90=22.13 95=30.19 99=76.03 99.9=989.70 99.99=6529.02]
2025-04-22 06:43:46 88 sec: 1476538 operations; [READ: Count=984288 Max=13549.57 Min=2.19 Avg=69.97 10=6.86 25=14.38 50=29.63 75=92.73 90=131.97 95=217.85 99=540.16 99.9=1246.21 99.99=2295.81] [UPDATE: Count=492250 Max=28786.69 Min=6.10 Avg=19.36 10=9.35 25=10.45 50=12.30 75=15.57 90=22.06 95=30.08 99=75.97 99.9=989.70 99.99=6529.02]
2025-04-22 06:43:47 89 sec: 1490392 operations; [READ: Count=993487 Max=13549.57 Min=2.19 Avg=70.25 10=6.88 25=14.41 50=29.68 75=92.93 90=132.86 95=219.78 99=541.18 99.9=1244.16 99.99=2285.57] [UPDATE: Count=496905 Max=28786.69 Min=6.10 Avg=19.31 10=9.36 25=10.46 50=12.30 75=15.56 90=21.98 95=29.97 99=75.78 99.9=979.46 99.99=6389.76]
2025-04-22 06:43:48 89 sec: 1500171 operations; [READ: Count=1000000 Max=13549.57 Min=2.19 Avg=70.47 10=6.89 25=14.41 50=29.71 75=93.06 90=133.63 95=221.31 99=542.21 99.9=1243.13 99.99=2285.57] [UPDATE: Count=500171 Max=28786.69 Min=6.10 Avg=19.29 10=9.37 25=10.46 50=12.30 75=15.54 90=21.93 95=29.89 99=75.71 99.9=973.31 99.99=6389.76]
Run runtime(sec): 89.8586
Run operations(ops): 1000000
Run throughput(ops/sec): 11128.6
