Running scope as unit: run-r44aa290c67db46f09cb443e4480e229e.scope
load file:/home/user/DataFiles/silesia_data/silesia.tar
2025-04-21 14:50:12 0 sec: 0 operations;
2025-04-21 14:50:13 1 sec: 41341 operations; [INSERT: Count=41341 Max=4077.57 Min=4.07 Avg=19.57 10=5.03 25=6.63 50=11.19 75=24.72 90=46.34 95=59.94 99=88.70 99.9=161.66 99.99=448.25]
2025-04-21 14:50:14 2 sec: 63252 operations; [INSERT: Count=63252 Max=4077.57 Min=4.07 Avg=26.89 10=5.50 25=8.46 50=20.43 75=39.13 90=57.12 95=68.93 99=93.12 99.9=145.15 99.99=448.25]
2025-04-21 14:50:15 3 sec: 86138 operations; [INSERT: Count=86138 Max=4077.57 Min=4.07 Avg=30.06 10=6.10 25=11.44 50=26.11 75=42.53 90=59.36 95=70.33 99=93.12 99.9=133.76 99.99=449.02]
2025-04-21 14:50:16 4 sec: 109671 operations; [INSERT: Count=109671 Max=4077.57 Min=4.07 Avg=31.70 10=6.82 25=14.67 50=28.51 75=43.74 90=59.90 95=70.33 99=92.48 99.9=128.25 99.99=449.54]
2025-04-21 14:50:17 5 sec: 133461 operations; [INSERT: Count=133461 Max=4077.57 Min=4.07 Avg=32.68 10=7.53 25=16.91 50=29.73 75=44.29 90=60.00 95=70.21 99=91.90 99.9=128.25 99.99=460.03]
2025-04-21 14:50:18 6 sec: 158042 operations; [INSERT: Count=158042 Max=48103.42 Min=4.07 Avg=33.29 10=8.35 25=17.58 50=29.66 75=44.09 90=59.81 95=70.08 99=92.67 99.9=149.76 99.99=465.41]
2025-04-21 14:50:19 7 sec: 186975 operations; [INSERT: Count=186975 Max=48103.42 Min=4.07 Avg=32.97 10=9.35 25=17.76 50=29.25 75=43.45 90=59.01 95=69.25 99=91.52 99.9=144.38 99.99=461.06]
2025-04-21 14:50:20 8 sec: 214723 operations; [INSERT: Count=214723 Max=48103.42 Min=4.07 Avg=32.93 10=10.18 25=18.00 50=29.12 75=43.23 90=58.72 95=69.06 99=91.45 99.9=140.41 99.99=459.52]
2025-04-21 14:50:21 9 sec: 239595 operations; [INSERT: Count=239595 Max=48103.42 Min=4.07 Avg=33.34 10=10.85 25=18.37 50=29.41 75=43.65 90=59.39 95=69.82 99=92.80 99.9=141.31 99.99=452.10]
2025-04-21 14:50:22 10 sec: 264575 operations; [INSERT: Count=264575 Max=48103.42 Min=4.07 Avg=33.66 10=11.38 25=18.69 50=29.65 75=43.97 90=59.84 95=70.33 99=93.76 99.9=140.54 99.99=452.10]
2025-04-21 14:50:23 11 sec: 291271 operations; [INSERT: Count=291271 Max=48103.42 Min=4.07 Avg=33.71 10=11.81 25=18.83 50=29.63 75=43.90 90=59.74 95=70.33 99=94.02 99.9=145.66 99.99=449.54]
2025-04-21 14:50:24 12 sec: 321259 operations; [INSERT: Count=321259 Max=48103.42 Min=4.07 Avg=33.37 10=12.21 25=18.94 50=29.31 75=43.26 90=58.81 95=69.31 99=92.61 99.9=140.93 99.99=449.02]
2025-04-21 14:50:25 13 sec: 349173 operations; [INSERT: Count=349173 Max=48103.42 Min=4.07 Avg=33.30 10=12.54 25=19.12 50=29.26 75=43.04 90=58.40 95=68.80 99=91.78 99.9=139.13 99.99=454.91]
2025-04-21 14:50:26 14 sec: 376504 operations; [INSERT: Count=376504 Max=48103.42 Min=4.07 Avg=33.30 10=12.82 25=19.28 50=29.30 75=42.98 90=58.17 95=68.48 99=91.33 99.9=136.96 99.99=459.52]
2025-04-21 14:50:27 15 sec: 404135 operations; [INSERT: Count=404135 Max=48103.42 Min=4.07 Avg=33.28 10=13.05 25=19.39 50=29.26 75=42.85 90=57.98 95=68.22 99=90.94 99.9=136.19 99.99=463.10]
2025-04-21 14:50:28 16 sec: 435612 operations; [INSERT: Count=435612 Max=48103.42 Min=4.07 Avg=32.93 10=13.06 25=19.15 50=28.83 75=42.27 90=57.31 95=67.58 99=90.50 99.9=136.96 99.99=463.10]
2025-04-21 14:50:29 17 sec: 473575 operations; [INSERT: Count=473575 Max=48103.42 Min=4.07 Avg=32.14 10=12.75 25=18.57 50=27.97 75=41.18 90=56.16 95=66.43 99=89.28 99.9=134.53 99.99=463.10]
2025-04-21 14:50:30 18 sec: 512199 operations; [INSERT: Count=512199 Max=48103.42 Min=4.07 Avg=31.42 10=12.46 25=18.06 50=27.20 75=40.22 90=55.07 95=65.41 99=88.32 99.9=132.09 99.99=466.18]
2025-04-21 14:50:31 19 sec: 552424 operations; [INSERT: Count=552424 Max=48103.42 Min=4.07 Avg=30.71 10=12.21 25=17.57 50=26.41 75=39.23 90=53.98 95=64.38 99=87.23 99.9=130.50 99.99=466.18]
2025-04-21 14:50:32 20 sec: 591361 operations; [INSERT: Count=591361 Max=48103.42 Min=4.07 Avg=30.16 10=12.05 25=17.20 50=25.82 75=38.40 90=53.09 95=63.49 99=86.33 99.9=130.05 99.99=486.14]
2025-04-21 14:50:33 21 sec: 630926 operations; [INSERT: Count=630926 Max=48103.42 Min=4.07 Avg=29.65 10=11.92 25=16.86 50=25.28 75=37.66 90=52.26 95=62.69 99=85.76 99.9=130.24 99.99=485.63]
2025-04-21 14:50:34 22 sec: 662928 operations; [INSERT: Count=662928 Max=48103.42 Min=4.07 Avg=29.52 10=11.89 25=16.73 50=25.07 75=37.38 90=52.00 95=62.43 99=85.69 99.9=131.84 99.99=504.57]
2025-04-21 14:50:35 23 sec: 688341 operations; [INSERT: Count=688341 Max=51478.53 Min=4.07 Avg=29.70 10=11.99 25=16.85 50=25.18 75=37.50 90=52.13 95=62.59 99=85.82 99.9=132.35 99.99=512.77]
2025-04-21 14:50:36 24 sec: 715099 operations; [INSERT: Count=715099 Max=51478.53 Min=4.07 Avg=29.81 10=12.09 25=16.94 50=25.28 75=37.57 90=52.19 95=62.62 99=85.95 99.9=131.97 99.99=504.83]
2025-04-21 14:50:37 25 sec: 741517 operations; [INSERT: Count=741517 Max=51478.53 Min=4.07 Avg=29.92 10=12.19 25=17.07 50=25.41 75=37.73 90=52.32 95=62.78 99=86.08 99.9=131.84 99.99=499.97]
2025-04-21 14:50:38 26 sec: 770761 operations; [INSERT: Count=770761 Max=51478.53 Min=4.07 Avg=29.91 10=12.25 25=17.09 50=25.36 75=37.63 90=52.16 95=62.62 99=86.02 99.9=133.63 99.99=513.02]
2025-04-21 14:50:39 27 sec: 805223 operations; [INSERT: Count=805223 Max=51478.53 Min=4.07 Avg=29.73 10=12.15 25=16.85 50=24.99 75=37.22 90=51.77 95=62.34 99=86.02 99.9=137.34 99.99=521.73]
2025-04-21 14:50:40 28 sec: 845060 operations; [INSERT: Count=845060 Max=51478.53 Min=4.07 Avg=29.35 10=11.98 25=16.50 50=24.45 75=36.61 90=51.30 95=61.98 99=86.02 99.9=142.21 99.99=551.42]
2025-04-21 14:50:41 29 sec: 877004 operations; [INSERT: Count=877004 Max=51478.53 Min=4.07 Avg=29.30 10=11.89 25=16.30 50=24.18 75=36.32 90=51.10 95=61.89 99=86.33 99.9=148.86 99.99=602.11]
2025-04-21 14:50:42 30 sec: 910088 operations; [INSERT: Count=910088 Max=51478.53 Min=4.07 Avg=29.21 10=11.76 25=16.08 50=23.90 75=36.19 90=51.17 95=62.14 99=87.42 99.9=162.05 99.99=624.64]
2025-04-21 14:50:43 31 sec: 958645 operations; [INSERT: Count=958645 Max=51478.53 Min=4.07 Avg=28.61 10=11.26 25=15.51 50=23.20 75=35.52 90=50.62 95=61.63 99=87.10 99.9=166.14 99.99=633.86]
2025-04-21 14:50:44 32 sec: 997662 operations; [INSERT: Count=997662 Max=51478.53 Min=4.07 Avg=28.37 10=11.06 25=15.24 50=22.83 75=35.17 90=50.40 95=61.53 99=87.55 99.9=174.46 99.99=714.75]
2025-04-21 14:50:45 33 sec: 1000000 operations; [INSERT: Count=1000000 Max=51478.53 Min=4.07 Avg=28.36 10=11.06 25=15.23 50=22.83 75=35.17 90=50.40 95=61.57 99=87.55 99.9=174.72 99.99=718.34]
2025-04-21 14:50:46 34 sec: 1000000 operations; [INSERT: Count=1000000 Max=51478.53 Min=4.07 Avg=28.36 10=11.06 25=15.23 50=22.83 75=35.17 90=50.40 95=61.57 99=87.55 99.9=174.72 99.99=718.34]
2025-04-21 14:50:47 35 sec: 1000000 operations; [INSERT: Count=1000000 Max=51478.53 Min=4.07 Avg=28.36 10=11.06 25=15.23 50=22.83 75=35.17 90=50.40 95=61.57 99=87.55 99.9=174.72 99.99=718.34]
2025-04-21 14:50:48 36 sec: 1000000 operations; [INSERT: Count=1000000 Max=51478.53 Min=4.07 Avg=28.36 10=11.06 25=15.23 50=22.83 75=35.17 90=50.40 95=61.57 99=87.55 99.9=174.72 99.99=718.34]
2025-04-21 14:50:49 37 sec: 1000000 operations; [INSERT: Count=1000000 Max=51478.53 Min=4.07 Avg=28.36 10=11.06 25=15.23 50=22.83 75=35.17 90=50.40 95=61.57 99=87.55 99.9=174.72 99.99=718.34]
2025-04-21 14:50:50 38 sec: 1000000 operations; [INSERT: Count=1000000 Max=51478.53 Min=4.07 Avg=28.36 10=11.06 25=15.23 50=22.83 75=35.17 90=50.40 95=61.57 99=87.55 99.9=174.72 99.99=718.34]
2025-04-21 14:50:51 39 sec: 1000000 operations; [INSERT: Count=1000000 Max=51478.53 Min=4.07 Avg=28.36 10=11.06 25=15.23 50=22.83 75=35.17 90=50.40 95=61.57 99=87.55 99.9=174.72 99.99=718.34]
2025-04-21 14:50:52 40 sec: 1000000 operations; [INSERT: Count=1000000 Max=51478.53 Min=4.07 Avg=28.36 10=11.06 25=15.23 50=22.83 75=35.17 90=50.40 95=61.57 99=87.55 99.9=174.72 99.99=718.34]
2025-04-21 14:50:53 41 sec: 1000000 operations; [INSERT: Count=1000000 Max=51478.53 Min=4.07 Avg=28.36 10=11.06 25=15.23 50=22.83 75=35.17 90=50.40 95=61.57 99=87.55 99.9=174.72 99.99=718.34]
2025-04-21 14:50:54 42 sec: 1000000 operations; [INSERT: Count=1000000 Max=51478.53 Min=4.07 Avg=28.36 10=11.06 25=15.23 50=22.83 75=35.17 90=50.40 95=61.57 99=87.55 99.9=174.72 99.99=718.34]
2025-04-21 14:50:55 43 sec: 1000000 operations; [INSERT: Count=1000000 Max=51478.53 Min=4.07 Avg=28.36 10=11.06 25=15.23 50=22.83 75=35.17 90=50.40 95=61.57 99=87.55 99.9=174.72 99.99=718.34]
2025-04-21 14:50:56 44 sec: 1000000 operations; [INSERT: Count=1000000 Max=51478.53 Min=4.07 Avg=28.36 10=11.06 25=15.23 50=22.83 75=35.17 90=50.40 95=61.57 99=87.55 99.9=174.72 99.99=718.34]
2025-04-21 14:50:57 45 sec: 1000000 operations; [INSERT: Count=1000000 Max=51478.53 Min=4.07 Avg=28.36 10=11.06 25=15.23 50=22.83 75=35.17 90=50.40 95=61.57 99=87.55 99.9=174.72 99.99=718.34]
2025-04-21 14:50:58 46 sec: 1000000 operations; [INSERT: Count=1000000 Max=51478.53 Min=4.07 Avg=28.36 10=11.06 25=15.23 50=22.83 75=35.17 90=50.40 95=61.57 99=87.55 99.9=174.72 99.99=718.34]
2025-04-21 14:50:59 47 sec: 1000000 operations; [INSERT: Count=1000000 Max=51478.53 Min=4.07 Avg=28.36 10=11.06 25=15.23 50=22.83 75=35.17 90=50.40 95=61.57 99=87.55 99.9=174.72 99.99=718.34]
2025-04-21 14:51:00 47 sec: 1000000 operations; [INSERT: Count=1000000 Max=51478.53 Min=4.07 Avg=28.36 10=11.06 25=15.23 50=22.83 75=35.17 90=50.40 95=61.57 99=87.55 99.9=174.72 99.99=718.34]
Load runtime(sec): 47.8698
Load operations(ops): 1000000
Load throughput(ops/sec): 20890
