Running scope as unit: run-rd0d437688ae245cb962d0b3f7fc83194.scope
load file:/home/user/DataFiles/silesia_data/silesia.tar
2025-04-22 06:28:24 0 sec: 0 operations;
2025-04-22 06:28:25 1 sec: 25239 operations; [INSERT: Count=25239 Max=6246.40 Min=5.24 Avg=35.42 10=15.38 25=21.38 50=31.09 75=44.99 90=60.38 95=70.53 99=91.65 99.9=152.32 99.99=307.20]
2025-04-22 06:28:26 2 sec: 47774 operations; [INSERT: Count=47774 Max=6246.40 Min=5.24 Avg=38.08 10=16.86 25=23.34 50=33.70 75=48.51 90=65.02 95=75.14 99=96.19 99.9=135.94 99.99=311.55]
2025-04-22 06:28:27 3 sec: 70077 operations; [INSERT: Count=70077 Max=6246.40 Min=5.24 Avg=39.17 10=17.70 25=24.29 50=34.85 75=49.79 90=66.56 95=76.86 99=98.05 99.9=133.12 99.99=311.55]
2025-04-22 06:28:28 4 sec: 91816 operations; [INSERT: Count=91816 Max=6246.40 Min=5.24 Avg=40.00 10=18.16 25=24.93 50=35.65 75=50.81 90=67.71 95=78.40 99=99.45 99.9=135.42 99.99=312.06]
2025-04-22 06:28:29 5 sec: 114383 operations; [INSERT: Count=114383 Max=6246.40 Min=5.24 Avg=40.19 10=18.37 25=25.15 50=35.87 75=51.01 90=67.90 95=78.53 99=99.33 99.9=135.04 99.99=313.60]
2025-04-22 06:28:30 6 sec: 136969 operations; [INSERT: Count=136969 Max=31637.50 Min=5.24 Avg=40.31 10=18.35 25=25.04 50=35.68 75=50.69 90=67.26 95=77.82 99=98.75 99.9=134.78 99.99=325.12]
2025-04-22 06:28:31 7 sec: 160402 operations; [INSERT: Count=160402 Max=31637.50 Min=5.24 Avg=40.17 10=18.37 25=25.01 50=35.65 75=50.56 90=67.01 95=77.50 99=98.37 99.9=134.53 99.99=325.12]
2025-04-22 06:28:32 8 sec: 183933 operations; [INSERT: Count=183933 Max=31637.50 Min=5.24 Avg=40.03 10=18.38 25=24.98 50=35.58 75=50.43 90=66.88 95=77.31 99=97.86 99.9=133.25 99.99=321.02]
2025-04-22 06:28:33 9 sec: 207691 operations; [INSERT: Count=207691 Max=31637.50 Min=5.24 Avg=39.89 10=18.35 25=24.93 50=35.45 75=50.27 90=66.62 95=76.99 99=97.66 99.9=133.12 99.99=319.74]
2025-04-22 06:28:34 10 sec: 231544 operations; [INSERT: Count=231544 Max=31637.50 Min=5.24 Avg=39.75 10=18.37 25=24.88 50=35.39 75=50.08 90=66.37 95=76.73 99=97.41 99.9=132.35 99.99=320.51]
2025-04-22 06:28:35 11 sec: 255356 operations; [INSERT: Count=255356 Max=31637.50 Min=5.24 Avg=39.64 10=18.35 25=24.82 50=35.30 75=49.95 90=66.11 95=76.54 99=97.02 99.9=133.12 99.99=321.54]
2025-04-22 06:28:36 12 sec: 279919 operations; [INSERT: Count=279919 Max=31637.50 Min=5.24 Avg=39.44 10=18.29 25=24.67 50=35.07 75=49.66 90=65.79 95=76.09 99=96.64 99.9=132.09 99.99=324.10]
2025-04-22 06:28:37 13 sec: 303149 operations; [INSERT: Count=303149 Max=31637.50 Min=5.24 Avg=39.46 10=18.32 25=24.72 50=35.13 75=49.73 90=65.86 95=76.09 99=96.64 99.9=131.01 99.99=324.61]
2025-04-22 06:28:38 14 sec: 324343 operations; [INSERT: Count=324343 Max=31637.50 Min=5.24 Avg=39.74 10=18.43 25=24.89 50=35.39 75=50.11 90=66.30 95=76.73 99=97.60 99.9=131.46 99.99=329.47]
2025-04-22 06:28:39 15 sec: 344834 operations; [INSERT: Count=344834 Max=31637.50 Min=5.24 Avg=40.08 10=18.56 25=25.12 50=35.71 75=50.56 90=66.94 95=77.44 99=98.50 99.9=133.38 99.99=336.89]
2025-04-22 06:28:40 16 sec: 364674 operations; [INSERT: Count=364674 Max=31637.50 Min=5.24 Avg=40.46 10=18.72 25=25.33 50=36.06 75=51.04 90=67.65 95=78.33 99=99.90 99.9=137.60 99.99=340.22]
2025-04-22 06:28:41 17 sec: 383704 operations; [INSERT: Count=383704 Max=31637.50 Min=5.24 Avg=40.89 10=18.85 25=25.57 50=36.41 75=51.55 90=68.42 95=79.30 99=101.50 99.9=141.95 99.99=356.61]
2025-04-22 06:28:42 18 sec: 402401 operations; [INSERT: Count=402401 Max=31637.50 Min=5.24 Avg=41.32 10=18.96 25=25.76 50=36.70 75=51.97 90=69.12 95=80.13 99=103.23 99.9=150.78 99.99=423.94]
2025-04-22 06:28:43 19 sec: 420085 operations; [INSERT: Count=420085 Max=31637.50 Min=5.24 Avg=41.82 10=19.10 25=26.00 50=37.05 75=52.54 90=70.02 95=81.47 99=105.34 99.9=157.95 99.99=457.73]
2025-04-22 06:28:44 20 sec: 434185 operations; [INSERT: Count=434185 Max=31637.50 Min=5.24 Avg=42.62 10=19.20 25=26.19 50=37.47 75=53.34 90=71.36 95=83.65 99=112.32 99.9=206.72 99.99=626.69]
2025-04-22 06:28:45 21 sec: 444673 operations; [INSERT: Count=444673 Max=31637.50 Min=5.24 Avg=43.69 10=19.33 25=26.43 50=37.98 75=54.49 90=73.53 95=87.10 99=123.45 99.9=222.59 99.99=662.53]
2025-04-22 06:28:46 22 sec: 455385 operations; [INSERT: Count=455385 Max=31637.50 Min=5.24 Avg=44.69 10=19.45 25=26.69 50=38.49 75=55.58 90=75.58 95=90.37 99=132.61 99.9=226.56 99.99=757.25]
2025-04-22 06:28:47 23 sec: 466775 operations; [INSERT: Count=466775 Max=31637.50 Min=5.24 Avg=45.58 10=19.57 25=26.93 50=39.01 75=56.61 90=77.57 95=93.50 99=139.52 99.9=232.45 99.99=792.58]
2025-04-22 06:28:48 24 sec: 478164 operations; [INSERT: Count=478164 Max=31637.50 Min=5.24 Avg=46.42 10=19.70 25=27.18 50=39.52 75=57.60 90=79.49 95=96.45 99=144.77 99.9=235.13 99.99=907.77]
2025-04-22 06:28:49 25 sec: 489578 operations; [INSERT: Count=489578 Max=31637.50 Min=5.24 Avg=47.23 10=19.81 25=27.39 50=39.97 75=58.49 90=81.22 95=99.26 99=149.63 99.9=245.12 99.99=983.04]
2025-04-22 06:28:50 26 sec: 501281 operations; [INSERT: Count=501281 Max=31637.50 Min=5.24 Avg=47.97 10=19.90 25=27.61 50=40.45 75=59.42 90=82.94 95=102.08 99=153.09 99.9=250.24 99.99=1029.12]
2025-04-22 06:28:51 27 sec: 517588 operations; [INSERT: Count=517588 Max=31637.50 Min=5.23 Avg=48.26 10=19.98 25=27.76 50=40.70 75=59.84 90=83.52 95=102.78 99=153.73 99.9=251.39 99.99=1029.12]
2025-04-22 06:28:52 28 sec: 538896 operations; [INSERT: Count=538896 Max=31637.50 Min=5.23 Avg=48.08 10=19.92 25=27.68 50=40.54 75=59.62 90=83.14 95=102.14 99=153.09 99.9=253.95 99.99=1086.46]
2025-04-22 06:28:53 29 sec: 561472 operations; [INSERT: Count=561472 Max=31637.50 Min=5.23 Avg=47.79 10=19.86 25=27.57 50=40.38 75=59.30 90=82.56 95=101.25 99=151.81 99.9=251.78 99.99=1058.82]
2025-04-22 06:28:54 30 sec: 583071 operations; [INSERT: Count=583071 Max=31637.50 Min=5.23 Avg=47.61 10=19.84 25=27.54 50=40.29 75=59.13 90=82.11 95=100.48 99=150.78 99.9=251.26 99.99=1030.14]
2025-04-22 06:28:55 31 sec: 603028 operations; [INSERT: Count=603028 Max=31637.50 Min=5.23 Avg=47.58 10=19.87 25=27.58 50=40.35 75=59.13 90=81.98 95=100.09 99=149.76 99.9=248.96 99.99=1009.66]
2025-04-22 06:28:56 32 sec: 622310 operations; [INSERT: Count=622310 Max=31637.50 Min=5.23 Avg=47.61 10=19.92 25=27.68 50=40.41 75=59.23 90=81.98 95=99.78 99=148.99 99.9=249.09 99.99=1003.52]
2025-04-22 06:28:57 33 sec: 641653 operations; [INSERT: Count=641653 Max=31637.50 Min=5.23 Avg=47.63 10=19.98 25=27.76 50=40.51 75=59.26 90=81.98 95=99.58 99=148.22 99.9=248.70 99.99=999.93]
2025-04-22 06:28:58 34 sec: 661231 operations; [INSERT: Count=661231 Max=31637.50 Min=5.23 Avg=47.63 10=20.02 25=27.79 50=40.54 75=59.30 90=81.92 95=99.26 99=147.46 99.9=248.70 99.99=999.93]
2025-04-22 06:28:59 35 sec: 683345 operations; [INSERT: Count=683345 Max=31637.50 Min=5.23 Avg=47.45 10=19.93 25=27.70 50=40.41 75=59.07 90=81.60 95=98.75 99=146.69 99.9=249.85 99.99=1029.12]
2025-04-22 06:29:00 36 sec: 736804 operations; [INSERT: Count=736804 Max=31637.50 Min=5.10 Avg=45.12 10=16.80 25=25.15 50=38.30 75=57.15 90=79.74 95=96.89 99=144.51 99.9=243.84 99.99=996.35]
2025-04-22 06:29:01 37 sec: 791344 operations; [INSERT: Count=791344 Max=31637.50 Min=5.10 Avg=43.04 10=14.24 25=22.66 50=36.22 75=55.33 90=78.08 95=95.04 99=142.34 99.9=236.67 99.99=969.22]
2025-04-22 06:29:02 38 sec: 846280 operations; [INSERT: Count=846280 Max=31637.50 Min=5.10 Avg=41.19 10=12.65 25=20.34 50=34.24 75=53.57 90=76.42 95=93.38 99=140.29 99.9=231.81 99.99=946.17]
2025-04-22 06:29:03 39 sec: 884584 operations; [INSERT: Count=884584 Max=31637.50 Min=5.10 Avg=40.39 10=12.49 25=19.71 50=33.31 75=52.54 90=75.39 95=92.29 99=139.01 99.9=228.74 99.99=921.60]
2025-04-22 06:29:04 40 sec: 916201 operations; [INSERT: Count=916201 Max=31637.50 Min=4.75 Avg=39.97 10=12.45 25=19.47 50=32.83 75=51.90 90=74.69 95=91.45 99=137.85 99.9=227.84 99.99=953.34]
2025-04-22 06:29:05 41 sec: 982329 operations; [INSERT: Count=982329 Max=31637.50 Min=4.23 Avg=38.06 10=10.75 25=17.26 50=30.80 75=50.11 90=73.02 95=89.86 99=135.94 99.9=226.81 99.99=953.34]
2025-04-22 06:29:05 41 sec: 1000000 operations; [INSERT: Count=1000000 Max=31637.50 Min=4.09 Avg=37.53 10=10.21 25=16.62 50=30.24 75=49.66 90=72.64 95=89.41 99=135.55 99.9=225.53 99.99=950.78]
Load runtime(sec): 41.2876
Load operations(ops): 1000000
Load throughput(ops/sec): 24220.3
