Running scope as unit: run-r5f233832a1514467a70eef3c5db37fb3.scope
load file:/home/user/DataFiles/silesia_data/silesia.tar
2025-04-22 06:28:24 0 sec: 0 operations;
2025-04-22 06:28:25 1 sec: 30727 operations; [INSERT: Count=30727 Max=9322.50 Min=5.99 Avg=27.22 10=13.29 25=17.42 50=24.21 75=33.95 90=44.16 95=50.72 99=63.84 99.9=85.25 99.99=282.62]
2025-04-22 06:28:26 2 sec: 63565 operations; [INSERT: Count=63565 Max=9322.50 Min=5.97 Avg=27.19 10=13.43 25=17.55 50=24.27 75=33.98 90=44.35 95=50.72 99=63.49 99.9=86.59 99.99=291.58]
2025-04-22 06:28:27 3 sec: 97723 operations; [INSERT: Count=97723 Max=9322.50 Min=5.86 Avg=26.76 10=13.38 25=17.38 50=23.93 75=33.47 90=43.58 95=49.89 99=62.69 99.9=85.25 99.99=286.46]
2025-04-22 06:28:28 4 sec: 132581 operations; [INSERT: Count=132581 Max=9322.50 Min=5.78 Avg=26.39 10=13.32 25=17.20 50=23.58 75=32.93 90=42.88 95=49.09 99=61.73 99.9=85.89 99.99=285.69]
2025-04-22 06:28:29 5 sec: 167783 operations; [INSERT: Count=167783 Max=9322.50 Min=5.78 Avg=26.11 10=13.27 25=17.07 50=23.34 75=32.54 90=42.37 95=48.48 99=60.99 99.9=85.25 99.99=289.02]
2025-04-22 06:28:30 6 sec: 202618 operations; [INSERT: Count=202618 Max=18563.07 Min=5.78 Avg=25.97 10=13.23 25=16.94 50=23.14 75=32.21 90=41.92 95=48.00 99=60.58 99.9=87.17 99.99=295.42]
2025-04-22 06:28:31 7 sec: 238373 operations; [INSERT: Count=238373 Max=18563.07 Min=5.78 Avg=25.77 10=13.21 25=16.85 50=22.96 75=31.93 90=41.50 95=47.55 99=60.09 99.9=85.76 99.99=293.63]
2025-04-22 06:28:32 8 sec: 274545 operations; [INSERT: Count=274545 Max=18563.07 Min=5.78 Avg=25.58 10=13.18 25=16.77 50=22.80 75=31.68 90=41.15 95=47.10 99=59.62 99.9=85.25 99.99=292.86]
2025-04-22 06:28:33 9 sec: 310916 operations; [INSERT: Count=310916 Max=18563.07 Min=5.78 Avg=25.41 10=13.17 25=16.70 50=22.67 75=31.44 90=40.83 95=46.72 99=59.17 99.9=85.12 99.99=291.84]
2025-04-22 06:28:34 10 sec: 347450 operations; [INSERT: Count=347450 Max=18563.07 Min=5.78 Avg=25.26 10=13.15 25=16.64 50=22.56 75=31.25 90=40.54 95=46.43 99=58.72 99.9=82.88 99.99=290.05]
2025-04-22 06:28:35 11 sec: 383960 operations; [INSERT: Count=383960 Max=18563.07 Min=5.78 Avg=25.15 10=13.14 25=16.59 50=22.45 75=31.07 90=40.26 95=46.11 99=58.34 99.9=83.01 99.99=290.56]
2025-04-22 06:28:36 12 sec: 419823 operations; [INSERT: Count=419823 Max=18563.07 Min=5.78 Avg=25.09 10=13.15 25=16.59 50=22.40 75=30.98 90=40.09 95=45.95 99=58.08 99.9=83.84 99.99=292.86]
2025-04-22 06:28:37 13 sec: 447584 operations; [INSERT: Count=447584 Max=18563.07 Min=5.78 Avg=25.56 10=13.27 25=16.78 50=22.77 75=31.57 90=40.99 95=47.17 99=60.58 99.9=90.62 99.99=293.89]
2025-04-22 06:28:38 14 sec: 465846 operations; [INSERT: Count=465846 Max=18563.07 Min=5.78 Avg=26.50 10=13.38 25=16.99 50=23.21 75=32.46 90=42.72 95=50.08 99=70.91 99.9=134.78 99.99=296.19]
2025-04-22 06:28:39 15 sec: 481613 operations; [INSERT: Count=481613 Max=18563.07 Min=5.78 Avg=27.51 10=13.46 25=17.17 50=23.68 75=33.44 90=44.73 95=53.70 99=83.71 99.9=144.90 99.99=298.75]
2025-04-22 06:28:40 16 sec: 497416 operations; [INSERT: Count=497416 Max=18563.07 Min=5.78 Avg=28.45 10=13.55 25=17.34 50=24.13 75=34.43 90=46.88 95=57.63 99=92.29 99.9=153.98 99.99=299.01]
2025-04-22 06:28:41 17 sec: 513159 operations; [INSERT: Count=513159 Max=18563.07 Min=5.78 Avg=29.34 10=13.63 25=17.54 50=24.56 75=35.33 90=48.93 95=61.41 99=98.17 99.9=163.20 99.99=309.50]
2025-04-22 06:28:42 18 sec: 529663 operations; [INSERT: Count=529663 Max=18563.07 Min=5.78 Avg=30.13 10=13.72 25=17.71 50=24.98 75=36.19 90=50.91 95=64.80 99=102.02 99.9=173.82 99.99=406.53]
2025-04-22 06:28:43 19 sec: 549104 operations; [INSERT: Count=549104 Max=18563.07 Min=5.78 Avg=30.68 10=13.81 25=17.89 50=25.38 75=36.96 90=52.35 95=66.69 99=103.10 99.9=175.87 99.99=474.88]
2025-04-22 06:28:44 20 sec: 580994 operations; [INSERT: Count=580994 Max=18563.07 Min=5.77 Avg=30.54 10=13.74 25=17.81 50=25.25 75=36.77 90=52.06 95=66.24 99=102.46 99.9=179.84 99.99=588.80]
2025-04-22 06:28:45 21 sec: 612742 operations; [INSERT: Count=612742 Max=18563.07 Min=5.77 Avg=30.42 10=13.75 25=17.81 50=25.23 75=36.70 90=51.71 95=65.41 99=101.31 99.9=176.51 99.99=563.71]
2025-04-22 06:28:46 22 sec: 639590 operations; [INSERT: Count=639590 Max=18563.07 Min=5.77 Avg=30.56 10=13.84 25=17.95 50=25.45 75=36.96 90=52.00 95=65.34 99=100.61 99.9=173.57 99.99=524.29]
2025-04-22 06:28:47 23 sec: 665231 operations; [INSERT: Count=665231 Max=18563.07 Min=5.77 Avg=30.76 10=13.92 25=18.09 50=25.68 75=37.28 90=52.38 95=65.50 99=100.16 99.9=170.88 99.99=545.79]
2025-04-22 06:28:48 24 sec: 691006 operations; [INSERT: Count=691006 Max=18563.07 Min=5.77 Avg=30.93 10=13.99 25=18.22 50=25.87 75=37.53 90=52.64 95=65.60 99=99.84 99.9=170.62 99.99=604.16]
2025-04-22 06:28:49 25 sec: 717925 operations; [INSERT: Count=717925 Max=18563.07 Min=5.77 Avg=31.04 10=14.04 25=18.30 50=26.00 75=37.70 90=52.80 95=65.60 99=99.71 99.9=171.90 99.99=585.73]
2025-04-22 06:28:50 26 sec: 746246 operations; [INSERT: Count=746246 Max=18563.07 Min=5.77 Avg=31.08 10=14.09 25=18.37 50=26.08 75=37.76 90=52.80 95=65.38 99=99.20 99.9=172.16 99.99=600.58]
2025-04-22 06:28:51 27 sec: 777843 operations; [INSERT: Count=777843 Max=18563.07 Min=5.77 Avg=30.96 10=14.08 25=18.34 50=26.02 75=37.63 90=52.51 95=64.89 99=98.62 99.9=173.82 99.99=676.86]
2025-04-22 06:28:52 28 sec: 811331 operations; [INSERT: Count=811331 Max=18563.07 Min=5.77 Avg=30.78 10=14.04 25=18.27 50=25.89 75=37.41 90=52.06 95=64.29 99=97.92 99.9=173.18 99.99=693.76]
2025-04-22 06:28:53 29 sec: 842384 operations; [INSERT: Count=842384 Max=18563.07 Min=5.77 Avg=30.71 10=14.07 25=18.29 50=25.89 75=37.34 90=51.81 95=63.81 99=97.15 99.9=171.78 99.99=661.50]
2025-04-22 06:28:54 30 sec: 870681 operations; [INSERT: Count=870681 Max=18563.07 Min=5.77 Avg=30.75 10=14.12 25=18.37 50=25.97 75=37.44 90=51.84 95=63.65 99=96.51 99.9=170.37 99.99=631.29]
2025-04-22 06:28:55 31 sec: 897862 operations; [INSERT: Count=897862 Max=18563.07 Min=5.77 Avg=30.83 10=14.17 25=18.45 50=26.09 75=37.60 90=51.97 95=63.62 99=95.94 99.9=168.96 99.99=600.58]
2025-04-22 06:28:56 32 sec: 927190 operations; [INSERT: Count=927190 Max=18563.07 Min=5.77 Avg=30.83 10=14.18 25=18.48 50=26.13 75=37.60 90=51.94 95=63.42 99=95.36 99.9=168.57 99.99=631.29]
2025-04-22 06:28:57 33 sec: 957154 operations; [INSERT: Count=957154 Max=18563.07 Min=5.48 Avg=30.81 10=14.19 25=18.50 50=26.13 75=37.60 90=51.84 95=63.20 99=94.91 99.9=168.83 99.99=604.16]
2025-04-22 06:28:58 34 sec: 991943 operations; [INSERT: Count=991943 Max=18563.07 Min=5.48 Avg=30.62 10=14.10 25=18.38 50=25.97 75=37.38 90=51.45 95=62.78 99=94.53 99.9=169.98 99.99=676.86]
2025-04-22 06:28:59 34 sec: 1000000 operations; [INSERT: Count=1000000 Max=18563.07 Min=5.48 Avg=30.53 10=14.03 25=18.30 50=25.87 75=37.25 90=51.36 95=62.66 99=94.46 99.9=170.62 99.99=693.76]
Load runtime(sec): 34.5881
Load operations(ops): 1000000
Load throughput(ops/sec): 28911.7
