Running scope as unit: run-raa0249c040434e0688251f0e08886758.scope
load file:/home/user/DataFiles/silesia_data/silesia.tar
2025-04-21 14:52:20 0 sec: 0 operations;
2025-04-21 14:52:21 1 sec: 0 operations;
2025-04-21 14:52:22 2 sec: 0 operations;
2025-04-21 14:52:23 3 sec: 0 operations;
2025-04-21 14:52:24 4 sec: 0 operations;
2025-04-21 14:52:25 5 sec: 0 operations;
2025-04-21 14:52:26 6 sec: 0 operations;
2025-04-21 14:52:27 7 sec: 0 operations;
2025-04-21 14:52:28 8 sec: 0 operations;
2025-04-21 14:52:29 9 sec: 0 operations;
2025-04-21 14:52:30 10 sec: 0 operations;
2025-04-21 14:52:31 11 sec: 0 operations;
2025-04-21 14:52:32 12 sec: 0 operations;
2025-04-21 14:52:33 13 sec: 0 operations;
2025-04-21 14:52:34 14 sec: 0 operations;
2025-04-21 14:52:35 15 sec: 0 operations;
2025-04-21 14:52:36 16 sec: 0 operations;
2025-04-21 14:52:37 17 sec: 0 operations;
2025-04-21 14:52:38 18 sec: 0 operations;
2025-04-21 14:52:39 19 sec: 0 operations;
2025-04-21 14:52:40 20 sec: 0 operations;
2025-04-21 14:52:41 21 sec: 0 operations;
2025-04-21 14:52:42 22 sec: 0 operations;
2025-04-21 14:52:43 23 sec: 0 operations;
2025-04-21 14:52:44 24 sec: 0 operations;
2025-04-21 14:52:45 25 sec: 0 operations;
2025-04-21 14:52:46 26 sec: 0 operations;
2025-04-21 14:52:47 27 sec: 0 operations;
2025-04-21 14:52:48 28 sec: 0 operations;
2025-04-21 14:52:49 29 sec: 0 operations;
2025-04-21 14:52:50 30 sec: 0 operations;
2025-04-21 14:52:51 31 sec: 0 operations;
2025-04-21 14:52:52 32 sec: 0 operations;
2025-04-21 14:52:53 33 sec: 0 operations;
2025-04-21 14:52:54 34 sec: 0 operations;
2025-04-21 14:52:55 35 sec: 0 operations;
2025-04-21 14:52:56 36 sec: 0 operations;
2025-04-21 14:52:57 37 sec: 0 operations;
2025-04-21 14:52:58 38 sec: 0 operations;
2025-04-21 14:52:59 39 sec: 0 operations;
2025-04-21 14:53:00 40 sec: 0 operations;
2025-04-21 14:53:01 41 sec: 0 operations;
2025-04-21 14:53:02 42 sec: 0 operations;
2025-04-21 14:53:03 43 sec: 0 operations;
2025-04-21 14:53:04 44 sec: 0 operations;
2025-04-21 14:53:05 45 sec: 0 operations;
2025-04-21 14:53:06 46 sec: 0 operations;
2025-04-21 14:53:07 47 sec: 0 operations;
2025-04-21 14:53:08 48 sec: 0 operations;
2025-04-21 14:53:09 49 sec: 0 operations;
2025-04-21 14:53:10 50 sec: 0 operations;
2025-04-21 14:53:11 51 sec: 0 operations;
2025-04-21 14:53:12 52 sec: 0 operations;
2025-04-21 14:53:13 53 sec: 0 operations;
2025-04-21 14:53:14 54 sec: 0 operations;
2025-04-21 14:53:15 55 sec: 0 operations;
2025-04-21 14:53:16 56 sec: 0 operations;
2025-04-21 14:53:17 57 sec: 0 operations;
2025-04-21 14:53:18 58 sec: 0 operations;
2025-04-21 14:53:19 59 sec: 0 operations;
2025-04-21 14:53:20 60 sec: 0 operations;
2025-04-21 14:53:21 61 sec: 0 operations;
2025-04-21 14:53:22 62 sec: 0 operations;
2025-04-21 14:53:23 63 sec: 0 operations;
2025-04-21 14:53:24 64 sec: 0 operations;
2025-04-21 14:53:25 65 sec: 0 operations;
2025-04-21 14:53:26 66 sec: 0 operations;
2025-04-21 14:53:27 67 sec: 0 operations;
2025-04-21 14:53:28 68 sec: 0 operations;
2025-04-21 14:53:29 69 sec: 0 operations;
2025-04-21 14:53:30 70 sec: 0 operations;
2025-04-21 14:53:31 71 sec: 0 operations;
2025-04-21 14:53:32 72 sec: 0 operations;
2025-04-21 14:53:33 73 sec: 0 operations;
2025-04-21 14:53:34 74 sec: 0 operations;
2025-04-21 14:53:35 75 sec: 0 operations;
2025-04-21 14:53:36 76 sec: 0 operations;
2025-04-21 14:53:37 77 sec: 0 operations;
2025-04-21 14:53:38 78 sec: 0 operations;
2025-04-21 14:53:39 79 sec: 0 operations;
2025-04-21 14:53:40 80 sec: 0 operations;
2025-04-21 14:53:41 81 sec: 0 operations;
2025-04-21 14:53:42 82 sec: 0 operations;
2025-04-21 14:53:43 83 sec: 0 operations;
2025-04-21 14:53:44 84 sec: 0 operations;
2025-04-21 14:53:45 85 sec: 0 operations;
2025-04-21 14:53:46 86 sec: 0 operations;
2025-04-21 14:53:47 87 sec: 0 operations;
2025-04-21 14:53:48 88 sec: 0 operations;
2025-04-21 14:53:49 89 sec: 0 operations;
2025-04-21 14:53:50 90 sec: 0 operations;
2025-04-21 14:53:51 91 sec: 0 operations;
2025-04-21 14:53:52 92 sec: 0 operations;
2025-04-21 14:53:53 93 sec: 0 operations;
2025-04-21 14:53:54 94 sec: 0 operations;
2025-04-21 14:53:55 95 sec: 0 operations;
2025-04-21 14:53:56 96 sec: 0 operations;
2025-04-21 14:53:57 97 sec: 0 operations;
2025-04-21 14:53:58 98 sec: 0 operations;
2025-04-21 14:53:59 99 sec: 0 operations;
2025-04-21 14:54:00 100 sec: 0 operations;
2025-04-21 14:54:01 101 sec: 0 operations;
2025-04-21 14:54:02 102 sec: 0 operations;
2025-04-21 14:54:03 103 sec: 0 operations;
2025-04-21 14:54:04 104 sec: 0 operations;
2025-04-21 14:54:05 105 sec: 0 operations;
2025-04-21 14:54:06 106 sec: 0 operations;
2025-04-21 14:54:07 107 sec: 0 operations;
2025-04-21 14:54:08 108 sec: 0 operations;
2025-04-21 14:54:09 109 sec: 0 operations;
2025-04-21 14:54:10 110 sec: 0 operations;
2025-04-21 14:54:11 111 sec: 0 operations;
2025-04-21 14:54:12 112 sec: 0 operations;
2025-04-21 14:54:13 113 sec: 0 operations;
2025-04-21 14:54:14 114 sec: 0 operations;
2025-04-21 14:54:15 115 sec: 0 operations;
2025-04-21 14:54:16 116 sec: 0 operations;
2025-04-21 14:54:17 117 sec: 0 operations;
2025-04-21 14:54:18 118 sec: 0 operations;
2025-04-21 14:54:19 119 sec: 0 operations;
2025-04-21 14:54:20 120 sec: 0 operations;
2025-04-21 14:54:21 121 sec: 0 operations;
2025-04-21 14:54:22 122 sec: 11496 operations; [READ: Count=7644 Max=781.82 Min=4.22 Avg=37.55 10=16.06 25=21.17 50=26.96 75=35.84 90=97.60 95=105.98 99=119.81 99.9=257.92 99.99=501.50] [UPDATE: Count=3852 Max=1067.01 Min=8.78 Avg=16.44 10=12.38 25=13.62 50=15.24 75=17.66 90=20.43 95=21.84 99=29.26 99.9=119.17 99.99=1067.01]
2025-04-21 14:54:23 123 sec: 43495 operations; [READ: Count=28942 Max=922.62 Min=2.94 Avg=37.92 10=16.01 25=21.92 50=27.42 75=36.03 90=96.83 95=105.53 99=125.76 99.9=370.18 99.99=584.70] [UPDATE: Count=14553 Max=1067.01 Min=6.98 Avg=15.54 10=11.62 25=12.97 50=14.75 75=16.99 90=19.65 95=21.33 99=27.12 99.9=48.80 99.99=353.28]
2025-04-21 14:54:24 124 sec: 72538 operations; [READ: Count=48380 Max=2838.53 Min=2.94 Avg=39.64 10=16.05 25=22.37 50=27.95 75=36.51 90=96.38 95=106.37 99=154.75 99.9=613.38 99.99=936.45] [UPDATE: Count=24158 Max=2061.31 Min=6.86 Avg=15.78 10=11.58 25=13.01 50=14.83 75=17.12 90=19.79 95=21.52 99=27.73 99.9=60.48 99.99=1067.01]
2025-04-21 14:54:25 125 sec: 103227 operations; [READ: Count=68841 Max=2838.53 Min=2.66 Avg=39.55 10=15.83 25=22.40 50=27.98 75=36.38 90=94.72 95=105.79 99=200.83 99.9=629.76 99.99=970.24] [UPDATE: Count=34386 Max=2932.74 Min=6.86 Avg=16.01 10=11.59 25=13.00 50=14.82 75=17.12 90=19.81 95=21.55 99=28.08 99.9=111.87 99.99=1599.49]
2025-04-21 14:54:26 126 sec: 136717 operations; [READ: Count=91264 Max=2838.53 Min=2.66 Avg=38.53 10=15.47 25=22.21 50=27.71 75=35.74 90=91.45 95=104.25 99=204.16 99.9=629.76 99.99=937.47] [UPDATE: Count=45453 Max=5341.18 Min=6.86 Avg=16.05 10=11.53 25=12.95 50=14.75 75=16.96 90=19.61 95=21.30 99=27.47 99.9=119.17 99.99=1599.49]
2025-04-21 14:54:27 127 sec: 173941 operations; [READ: Count=116059 Max=2838.53 Min=2.59 Avg=36.98 10=15.17 25=22.06 50=27.50 75=35.36 90=64.13 95=102.59 99=151.42 99.9=595.97 99.99=922.62] [UPDATE: Count=57882 Max=5341.18 Min=6.42 Avg=15.96 10=11.46 25=12.89 50=14.68 75=16.86 90=19.50 95=21.15 99=27.47 99.9=219.26 99.99=1261.57]
2025-04-21 14:54:28 128 sec: 211856 operations; [READ: Count=141356 Max=2838.53 Min=2.58 Avg=35.96 10=14.63 25=21.57 50=27.01 75=34.72 90=51.49 95=101.25 99=144.38 99.9=590.85 99.99=911.36] [UPDATE: Count=70500 Max=5341.18 Min=6.42 Avg=15.70 10=11.17 25=12.49 50=14.27 75=16.53 90=19.12 95=20.83 99=27.28 99.9=293.38 99.99=1067.01]
2025-04-21 14:54:29 129 sec: 244026 operations; [READ: Count=162768 Max=2838.53 Min=2.54 Avg=36.25 10=14.27 25=21.26 50=26.73 75=34.46 90=57.53 95=101.18 99=169.47 99.9=613.38 99.99=986.62] [UPDATE: Count=81258 Max=5341.18 Min=6.42 Avg=15.60 10=10.97 25=12.24 50=14.01 75=16.31 90=18.85 95=20.61 99=27.36 99.9=330.50 99.99=1067.01]
2025-04-21 14:54:30 130 sec: 276043 operations; [READ: Count=184104 Max=2838.53 Min=2.54 Avg=36.45 10=13.96 25=20.98 50=26.48 75=34.27 90=84.99 95=101.25 99=203.65 99.9=619.01 99.99=979.46] [UPDATE: Count=91939 Max=5341.18 Min=6.36 Avg=15.61 10=10.86 25=12.08 50=13.81 75=16.16 90=18.64 95=20.43 99=27.41 99.9=342.53 99.99=2061.31]
2025-04-21 14:54:31 131 sec: 307495 operations; [READ: Count=205167 Max=2838.53 Min=2.54 Avg=36.76 10=13.59 25=20.64 50=26.22 75=34.17 90=88.19 95=101.31 99=220.41 99.9=612.35 99.99=970.75] [UPDATE: Count=102328 Max=5341.18 Min=6.36 Avg=15.47 10=10.74 25=11.95 50=13.65 75=16.01 90=18.43 95=20.25 99=27.18 99.9=343.55 99.99=1599.49]
2025-04-21 14:54:32 132 sec: 336579 operations; [READ: Count=224499 Max=2838.53 Min=2.39 Avg=37.32 10=13.26 25=20.41 50=26.06 75=34.21 90=89.66 95=101.82 99=236.03 99.9=608.25 99.99=970.24] [UPDATE: Count=112080 Max=5341.18 Min=6.35 Avg=15.41 10=10.66 25=11.86 50=13.52 75=15.87 90=18.27 95=20.11 99=27.09 99.9=345.09 99.99=1867.78]
2025-04-21 14:54:33 133 sec: 366602 operations; [READ: Count=244550 Max=2838.53 Min=2.39 Avg=37.69 10=12.97 25=20.21 50=25.97 75=34.30 90=90.11 95=102.14 99=234.88 99.9=597.50 99.99=938.50] [UPDATE: Count=122052 Max=5341.18 Min=6.33 Avg=15.30 10=10.58 25=11.78 50=13.41 75=15.75 90=18.11 95=19.95 99=27.02 99.9=342.53 99.99=1599.49]
2025-04-21 14:54:34 134 sec: 395554 operations; [READ: Count=263804 Max=2838.53 Min=2.37 Avg=38.14 10=12.70 25=20.03 50=25.84 75=34.24 90=90.37 95=102.59 99=251.01 99.9=613.38 99.99=1022.46] [UPDATE: Count=131750 Max=5341.18 Min=6.14 Avg=15.20 10=10.51 25=11.70 50=13.32 75=15.65 90=17.98 95=19.82 99=27.02 99.9=342.27 99.99=1572.86]
2025-04-21 14:54:35 135 sec: 429297 operations; [READ: Count=286367 Max=3174.40 Min=2.37 Avg=38.01 10=12.34 25=19.79 50=25.63 75=33.98 90=90.11 95=102.40 99=251.39 99.9=614.40 99.99=1022.46] [UPDATE: Count=142930 Max=5341.18 Min=6.14 Avg=15.11 10=10.44 25=11.63 50=13.22 75=15.55 90=17.84 95=19.68 99=26.89 99.9=336.64 99.99=1517.57]
2025-04-21 14:54:36 136 sec: 465911 operations; [READ: Count=310703 Max=3174.40 Min=2.37 Avg=37.62 10=11.93 25=19.57 50=25.41 75=33.70 90=89.66 95=101.95 99=244.61 99.9=607.74 99.99=1020.41] [UPDATE: Count=155208 Max=5341.18 Min=6.14 Avg=15.01 10=10.36 25=11.57 50=13.13 75=15.45 90=17.71 95=19.54 99=26.80 99.9=337.41 99.99=1315.84]
2025-04-21 14:54:37 137 sec: 503313 operations; [READ: Count=335662 Max=3174.40 Min=2.37 Avg=37.22 10=11.54 25=19.38 50=25.21 75=33.41 90=89.15 95=101.50 99=242.18 99.9=596.48 99.99=1016.83] [UPDATE: Count=167651 Max=5341.18 Min=6.14 Avg=14.93 10=10.28 25=11.51 50=13.06 75=15.36 90=17.60 95=19.41 99=26.77 99.9=336.38 99.99=1315.84]
2025-04-21 14:54:38 138 sec: 542067 operations; [READ: Count=361513 Max=3174.40 Min=2.37 Avg=36.75 10=10.99 25=19.20 50=25.04 75=33.15 90=88.51 95=100.93 99=235.39 99.9=591.36 99.99=1013.25] [UPDATE: Count=180554 Max=5341.18 Min=6.14 Avg=14.88 10=10.20 25=11.46 50=13.00 75=15.28 90=17.50 95=19.31 99=26.73 99.9=335.62 99.99=1315.84]
2025-04-21 14:54:39 139 sec: 578458 operations; [READ: Count=385785 Max=3174.40 Min=2.37 Avg=36.53 10=10.25 25=19.04 50=24.91 75=32.96 90=88.13 95=100.67 99=237.06 99.9=592.38 99.99=1020.41] [UPDATE: Count=192673 Max=5341.18 Min=6.14 Avg=14.81 10=10.12 25=11.42 50=12.94 75=15.21 90=17.42 95=19.21 99=26.66 99.9=335.62 99.99=1261.57]
2025-04-21 14:54:40 140 sec: 617483 operations; [READ: Count=411682 Max=3174.40 Min=2.37 Avg=36.15 10=9.07 25=18.88 50=24.77 75=32.73 90=87.61 95=100.16 99=232.70 99.9=590.34 99.99=1020.41] [UPDATE: Count=205801 Max=5341.18 Min=6.14 Avg=14.76 10=10.03 25=11.38 50=12.90 75=15.14 90=17.36 95=19.12 99=26.69 99.9=333.82 99.99=945.15]
2025-04-21 14:54:41 141 sec: 656667 operations; [READ: Count=437717 Max=3174.40 Min=2.21 Avg=35.79 10=8.29 25=18.72 50=24.64 75=32.56 90=87.17 95=99.71 99=227.97 99.9=584.70 99.99=1013.25] [UPDATE: Count=218950 Max=5341.18 Min=6.14 Avg=14.74 10=9.95 25=11.36 50=12.87 75=15.10 90=17.31 95=19.07 99=26.70 99.9=333.82 99.99=945.15]
2025-04-21 14:54:42 142 sec: 696102 operations; [READ: Count=463983 Max=3174.40 Min=2.21 Avg=35.41 10=7.78 25=18.54 50=24.48 75=32.34 90=86.66 95=99.33 99=223.62 99.9=579.58 99.99=1012.22] [UPDATE: Count=232119 Max=5341.18 Min=6.14 Avg=14.68 10=9.87 25=11.33 50=12.84 75=15.05 90=17.26 95=18.99 99=26.70 99.9=335.62 99.99=922.11]
2025-04-21 14:54:43 143 sec: 737211 operations; [READ: Count=491382 Max=3174.40 Min=2.21 Avg=34.94 10=7.38 25=18.32 50=24.29 75=32.09 90=86.08 95=98.81 99=217.47 99.9=572.41 99.99=991.74] [UPDATE: Count=245829 Max=5341.18 Min=6.14 Avg=14.65 10=9.78 25=11.30 50=12.81 75=15.00 90=17.21 95=18.93 99=26.61 99.9=338.18 99.99=865.28]
2025-04-21 14:54:44 144 sec: 776558 operations; [READ: Count=517595 Max=5087.23 Min=2.21 Avg=34.61 10=7.09 25=18.09 50=24.14 75=31.89 90=85.57 95=98.43 99=216.06 99.9=572.93 99.99=1010.69] [UPDATE: Count=258963 Max=5341.18 Min=6.14 Avg=14.61 10=9.70 25=11.28 50=12.78 75=14.95 90=17.17 95=18.86 99=26.45 99.9=339.97 99.99=865.28]
2025-04-21 14:54:45 145 sec: 812289 operations; [READ: Count=541429 Max=5087.23 Min=2.21 Avg=34.28 10=6.89 25=17.87 50=24.00 75=31.71 90=84.99 95=98.05 99=212.22 99.9=571.39 99.99=1013.25] [UPDATE: Count=270860 Max=56000.51 Min=6.14 Avg=14.87 10=9.62 25=11.26 50=12.75 75=14.91 90=17.12 95=18.82 99=26.37 99.9=343.30 99.99=1243.13]
2025-04-21 14:54:46 146 sec: 839853 operations; [READ: Count=559835 Max=5087.23 Min=2.21 Avg=34.33 10=6.76 25=17.73 50=23.97 75=31.74 90=85.44 95=98.17 99=214.01 99.9=569.86 99.99=1012.22] [UPDATE: Count=280018 Max=56000.51 Min=5.90 Avg=14.85 10=9.54 25=11.22 50=12.72 75=14.86 90=17.09 95=18.77 99=26.37 99.9=346.37 99.99=1315.84]
2025-04-21 14:54:47 147 sec: 860880 operations; [READ: Count=573859 Max=5087.23 Min=2.21 Avg=35.01 10=6.65 25=17.71 50=24.14 75=32.14 90=87.42 95=98.88 99=219.39 99.9=569.34 99.99=1013.25] [UPDATE: Count=287021 Max=56000.51 Min=5.90 Avg=14.80 10=9.49 25=11.18 50=12.69 75=14.81 90=17.05 95=18.73 99=26.34 99.9=345.86 99.99=1261.57]
2025-04-21 14:54:48 148 sec: 884620 operations; [READ: Count=589709 Max=5087.23 Min=2.04 Avg=35.54 10=6.51 25=17.68 50=24.34 75=32.49 90=88.64 95=99.01 99=219.39 99.9=564.74 99.99=1010.69] [UPDATE: Count=294911 Max=56000.51 Min=5.90 Avg=14.72 10=9.41 25=11.10 50=12.63 75=14.74 90=16.99 95=18.67 99=26.29 99.9=345.09 99.99=1261.57]
2025-04-21 14:54:49 149 sec: 907616 operations; [READ: Count=605001 Max=5087.23 Min=2.04 Avg=36.08 10=6.39 25=17.63 50=24.53 75=32.83 90=89.53 95=99.20 99=222.46 99.9=565.76 99.99=1003.01] [UPDATE: Count=302615 Max=56000.51 Min=5.90 Avg=14.63 10=9.35 25=11.02 50=12.58 75=14.68 90=16.94 95=18.62 99=26.19 99.9=342.27 99.99=1243.13]
2025-04-21 14:54:50 150 sec: 932053 operations; [READ: Count=621269 Max=5087.23 Min=2.04 Avg=36.53 10=6.27 25=17.57 50=24.72 75=33.12 90=90.17 95=99.26 99=223.10 99.9=566.27 99.99=1010.69] [UPDATE: Count=310784 Max=56000.51 Min=5.90 Avg=14.55 10=9.28 25=10.93 50=12.53 75=14.60 90=16.89 95=18.56 99=26.18 99.9=339.97 99.99=1067.01]
2025-04-21 14:54:51 151 sec: 957829 operations; [READ: Count=638498 Max=5087.23 Min=2.04 Avg=36.90 10=6.16 25=17.49 50=24.91 75=33.38 90=90.62 95=99.26 99=222.59 99.9=562.69 99.99=998.91] [UPDATE: Count=319331 Max=56000.51 Min=5.90 Avg=14.46 10=9.21 25=10.84 50=12.47 75=14.53 90=16.85 95=18.50 99=26.05 99.9=338.69 99.99=956.93]
2025-04-21 14:54:52 152 sec: 983959 operations; [READ: Count=655870 Max=5087.23 Min=2.04 Avg=37.23 10=6.05 25=17.39 50=25.10 75=33.63 90=90.94 95=99.20 99=222.21 99.9=560.64 99.99=991.74] [UPDATE: Count=328089 Max=56000.51 Min=5.90 Avg=14.39 10=9.15 25=10.76 50=12.41 75=14.45 90=16.78 95=18.45 99=25.98 99.9=336.89 99.99=945.15]
2025-04-21 14:54:53 153 sec: 1011617 operations; [READ: Count=674414 Max=5087.23 Min=2.04 Avg=37.48 10=5.95 25=17.26 50=25.30 75=33.85 90=91.20 95=99.14 99=219.39 99.9=557.57 99.99=986.62] [UPDATE: Count=337203 Max=56000.51 Min=5.90 Avg=14.31 10=9.08 25=10.67 50=12.36 75=14.38 90=16.73 95=18.38 99=25.87 99.9=335.36 99.99=928.77]
2025-04-21 14:54:54 154 sec: 1040071 operations; [READ: Count=693304 Max=5087.23 Min=2.04 Avg=37.69 10=5.86 25=17.10 50=25.49 75=34.05 90=91.33 95=99.01 99=218.24 99.9=554.50 99.99=982.53] [UPDATE: Count=346767 Max=56000.51 Min=5.90 Avg=14.23 10=9.02 25=10.59 50=12.31 75=14.29 90=16.69 95=18.32 99=25.77 99.9=332.80 99.99=922.11]
2025-04-21 14:54:55 155 sec: 1066457 operations; [READ: Count=710876 Max=59834.37 Min=1.96 Avg=37.96 10=5.78 25=16.93 50=25.65 75=34.21 90=91.39 95=99.01 99=219.39 99.9=556.03 99.99=980.48] [UPDATE: Count=355581 Max=56000.51 Min=5.90 Avg=14.17 10=8.97 25=10.52 50=12.26 75=14.23 90=16.64 95=18.27 99=25.79 99.9=330.50 99.99=901.63]
2025-04-21 14:54:56 156 sec: 1094808 operations; [READ: Count=729762 Max=66682.88 Min=1.96 Avg=38.13 10=5.70 25=16.73 50=25.82 75=34.30 90=91.45 95=98.81 99=216.70 99.9=554.50 99.99=982.53] [UPDATE: Count=365046 Max=56000.51 Min=5.90 Avg=14.09 10=8.90 25=10.45 50=12.21 75=14.16 90=16.59 95=18.22 99=25.74 99.9=327.94 99.99=865.28]
2025-04-21 14:54:57 157 sec: 1126182 operations; [READ: Count=750633 Max=66682.88 Min=1.96 Avg=38.17 10=5.62 25=16.50 50=26.00 75=34.37 90=91.39 95=98.69 99=214.53 99.9=551.93 99.99=992.25] [UPDATE: Count=375549 Max=56000.51 Min=5.90 Avg=14.02 10=8.83 25=10.38 50=12.15 75=14.09 90=16.54 95=18.16 99=25.68 99.9=326.91 99.99=818.17]
2025-04-21 14:54:58 158 sec: 1158977 operations; [READ: Count=772501 Max=66682.88 Min=1.96 Avg=38.15 10=5.54 25=16.22 50=26.18 75=34.40 90=91.33 95=98.50 99=209.15 99.9=548.35 99.99=992.25] [UPDATE: Count=386476 Max=56000.51 Min=5.90 Avg=13.96 10=8.77 25=10.31 50=12.10 75=14.02 90=16.48 95=18.11 99=25.66 99.9=324.86 99.99=809.47]
2025-04-21 14:54:59 159 sec: 1193583 operations; [READ: Count=795566 Max=66682.88 Min=1.96 Avg=38.07 10=5.46 25=15.93 50=26.35 75=34.40 90=91.26 95=98.30 99=204.67 99.9=543.74 99.99=986.11] [UPDATE: Count=398017 Max=56000.51 Min=5.90 Avg=13.89 10=8.70 25=10.25 50=12.03 75=13.95 90=16.43 95=18.06 99=25.65 99.9=321.54 99.99=770.05]
2025-04-21 14:55:00 160 sec: 1228799 operations; [READ: Count=819058 Max=66682.88 Min=1.96 Avg=37.96 10=5.40 25=15.61 50=26.51 75=34.34 90=91.14 95=98.11 99=203.13 99.9=542.72 99.99=980.48] [UPDATE: Count=409741 Max=56000.51 Min=5.90 Avg=13.83 10=8.65 25=10.19 50=11.97 75=13.89 90=16.37 95=18.00 99=25.65 99.9=317.95 99.99=770.05]
2025-04-21 14:55:01 161 sec: 1267123 operations; [READ: Count=844539 Max=66682.88 Min=1.96 Avg=37.76 10=5.33 25=15.24 50=26.67 75=34.24 90=90.94 95=97.86 99=196.86 99.9=538.11 99.99=978.43] [UPDATE: Count=422584 Max=56000.51 Min=5.90 Avg=13.76 10=8.59 25=10.13 50=11.90 75=13.81 90=16.30 95=17.93 99=25.63 99.9=315.65 99.99=757.25]
2025-04-21 14:55:02 162 sec: 1306483 operations; [READ: Count=870697 Max=66682.88 Min=1.96 Avg=37.52 10=5.28 25=14.85 50=26.80 75=34.17 90=90.75 95=97.66 99=190.85 99.9=535.04 99.99=968.70] [UPDATE: Count=435786 Max=56000.51 Min=5.90 Avg=13.71 10=8.54 25=10.09 50=11.86 75=13.77 90=16.26 95=17.89 99=25.73 99.9=312.83 99.99=745.98]
2025-04-21 14:55:03 163 sec: 1346332 operations; [READ: Count=897229 Max=66682.88 Min=1.96 Avg=37.27 10=5.23 25=14.49 50=26.93 75=34.11 90=90.56 95=97.41 99=185.73 99.9=529.92 99.99=962.05] [UPDATE: Count=449103 Max=56000.51 Min=5.90 Avg=13.69 10=8.53 25=10.05 50=11.81 75=13.73 90=16.22 95=17.86 99=26.16 99.9=310.27 99.99=740.86]
2025-04-21 14:55:04 164 sec: 1386647 operations; [READ: Count=924167 Max=66682.88 Min=1.79 Avg=37.02 10=5.23 25=14.14 50=27.05 75=34.11 90=90.37 95=97.22 99=180.86 99.9=525.31 99.99=947.71] [UPDATE: Count=462480 Max=56000.51 Min=5.90 Avg=13.67 10=8.49 25=10.02 50=11.76 75=13.68 90=16.18 95=17.82 99=26.66 99.9=307.45 99.99=740.86]
2025-04-21 14:55:05 165 sec: 1425491 operations; [READ: Count=950047 Max=66682.88 Min=1.79 Avg=36.82 10=5.25 25=13.83 50=27.17 75=34.24 90=90.17 95=97.02 99=178.43 99.9=524.80 99.99=937.47] [UPDATE: Count=475444 Max=56000.51 Min=5.90 Avg=13.65 10=8.46 25=9.99 50=11.72 75=13.65 90=16.14 95=17.79 99=27.28 99.9=304.89 99.99=733.18]
2025-04-21 14:55:06 166 sec: 1464476 operations; [READ: Count=975986 Max=66682.88 Min=1.79 Avg=36.64 10=5.27 25=13.53 50=27.25 75=34.37 90=89.98 95=96.89 99=176.51 99.9=521.73 99.99=924.16] [UPDATE: Count=488490 Max=56000.51 Min=5.90 Avg=13.63 10=8.43 25=9.97 50=11.69 75=13.62 90=16.10 95=17.76 99=27.79 99.9=302.59 99.99=733.18]
2025-04-21 14:55:07 167 sec: 1500576 operations; [READ: Count=1000000 Max=66682.88 Min=1.79 Avg=36.47 10=5.29 25=13.22 50=27.33 75=34.56 90=89.79 95=96.77 99=173.82 99.9=518.91 99.99=923.65] [UPDATE: Count=500576 Max=56000.51 Min=5.90 Avg=13.61 10=8.41 25=9.96 50=11.65 75=13.59 90=16.08 95=17.73 99=28.37 99.9=301.06 99.99=711.68]
2025-04-21 14:55:07 167 sec: 1500576 operations; [READ: Count=1000000 Max=66682.88 Min=1.79 Avg=36.47 10=5.29 25=13.22 50=27.33 75=34.56 90=89.79 95=96.77 99=173.82 99.9=518.91 99.99=923.65] [UPDATE: Count=500576 Max=56000.51 Min=5.90 Avg=13.61 10=8.41 25=9.96 50=11.65 75=13.59 90=16.08 95=17.73 99=28.37 99.9=301.06 99.99=711.68]
Run runtime(sec): 167.589
Run operations(ops): 1000000
Run throughput(ops/sec): 5966.96
