Running scope as unit: run-r75b7e7214a8c43d9b0209751717051e8.scope
load file:/home/user/DataFiles/silesia_data/silesia.tar
2025-04-22 18:38:55 0 sec: 0 operations;
2025-04-22 18:38:56 1 sec: 75920 operations; [INSERT: Count=75920 Max=4444.16 Min=4.37 Avg=9.73 10=6.24 25=7.17 50=8.81 75=11.50 90=14.14 95=15.62 99=19.02 99.9=29.57 99.99=132.86]
2025-04-22 18:38:57 2 sec: 150625 operations; [INSERT: Count=150625 Max=4444.16 Min=4.37 Avg=9.95 10=6.42 25=7.39 50=9.05 75=11.74 90=14.34 95=15.89 99=19.44 99.9=32.96 99.99=135.68]
2025-04-22 18:38:58 3 sec: 223244 operations; [INSERT: Count=223244 Max=14041.09 Min=4.37 Avg=10.14 10=6.53 25=7.53 50=9.21 75=11.89 90=14.48 95=16.04 99=19.70 99.9=32.37 99.99=137.60]
2025-04-22 18:38:59 4 sec: 295945 operations; [INSERT: Count=295945 Max=14041.09 Min=4.37 Avg=10.24 10=6.61 25=7.63 50=9.34 75=12.00 90=14.60 95=16.19 99=19.90 99.9=32.70 99.99=140.41]
2025-04-22 18:39:00 5 sec: 368209 operations; [INSERT: Count=368209 Max=14041.09 Min=4.37 Avg=10.31 10=6.68 25=7.71 50=9.42 75=12.08 90=14.67 95=16.27 99=19.95 99.9=34.62 99.99=140.41]
2025-04-22 18:39:01 6 sec: 439954 operations; [INSERT: Count=439954 Max=14041.09 Min=4.37 Avg=10.38 10=6.74 25=7.78 50=9.51 75=12.15 90=14.73 95=16.34 99=20.06 99.9=36.16 99.99=140.41]
2025-04-22 18:39:02 7 sec: 511291 operations; [INSERT: Count=511291 Max=14041.09 Min=4.22 Avg=10.44 10=6.71 25=7.77 50=9.51 75=12.20 90=14.85 95=16.51 99=20.37 99.9=36.06 99.99=150.27]
2025-04-22 18:39:03 8 sec: 580749 operations; [INSERT: Count=580749 Max=14041.09 Min=4.22 Avg=10.53 10=6.74 25=7.81 50=9.58 75=12.31 90=15.04 95=16.77 99=20.88 99.9=36.32 99.99=165.38]
2025-04-22 18:39:04 9 sec: 647839 operations; [INSERT: Count=647839 Max=14041.09 Min=4.22 Avg=10.64 10=6.78 25=7.87 50=9.67 75=12.43 90=15.22 95=17.02 99=21.30 99.9=37.41 99.99=174.34]
2025-04-22 18:39:05 10 sec: 715242 operations; [INSERT: Count=715242 Max=14041.09 Min=4.22 Avg=10.74 10=6.82 25=7.93 50=9.75 75=12.54 90=15.39 95=17.25 99=21.63 99.9=38.05 99.99=176.51]
2025-04-22 18:39:06 11 sec: 781841 operations; [INSERT: Count=781841 Max=14041.09 Min=4.22 Avg=10.82 10=6.86 25=7.97 50=9.81 75=12.61 90=15.48 95=17.36 99=21.90 99.9=69.69 99.99=186.24]
2025-04-22 18:39:07 12 sec: 847613 operations; [INSERT: Count=847613 Max=14041.09 Min=4.22 Avg=10.91 10=6.89 25=8.02 50=9.87 75=12.67 90=15.57 95=17.47 99=22.11 99.9=129.47 99.99=197.63]
2025-04-22 18:39:08 13 sec: 912288 operations; [INSERT: Count=912288 Max=14041.09 Min=4.22 Avg=11.00 10=6.91 25=8.05 50=9.92 75=12.73 90=15.65 95=17.58 99=22.40 99.9=141.18 99.99=206.85]
2025-04-22 18:39:09 14 sec: 969647 operations; [INSERT: Count=969647 Max=14041.09 Min=4.22 Avg=11.19 10=6.92 25=8.06 50=9.96 75=12.83 90=15.86 95=17.93 99=23.89 99.9=153.47 99.99=249.47]
2025-04-22 18:39:10 15 sec: 1000000 operations; [INSERT: Count=1000000 Max=14041.09 Min=4.22 Avg=11.19 10=6.92 25=8.05 50=9.95 75=12.83 90=15.87 95=17.97 99=23.89 99.9=153.60 99.99=247.94]
2025-04-22 18:39:11 16 sec: 1000000 operations; [INSERT: Count=1000000 Max=14041.09 Min=4.22 Avg=11.19 10=6.92 25=8.05 50=9.95 75=12.83 90=15.87 95=17.97 99=23.89 99.9=153.60 99.99=247.94]
2025-04-22 18:39:12 17 sec: 1000000 operations; [INSERT: Count=1000000 Max=14041.09 Min=4.22 Avg=11.19 10=6.92 25=8.05 50=9.95 75=12.83 90=15.87 95=17.97 99=23.89 99.9=153.60 99.99=247.94]
2025-04-22 18:39:13 18 sec: 1000000 operations; [INSERT: Count=1000000 Max=14041.09 Min=4.22 Avg=11.19 10=6.92 25=8.05 50=9.95 75=12.83 90=15.87 95=17.97 99=23.89 99.9=153.60 99.99=247.94]
2025-04-22 18:39:14 19 sec: 1000000 operations; [INSERT: Count=1000000 Max=14041.09 Min=4.22 Avg=11.19 10=6.92 25=8.05 50=9.95 75=12.83 90=15.87 95=17.97 99=23.89 99.9=153.60 99.99=247.94]
2025-04-22 18:39:14 19 sec: 1000000 operations; [INSERT: Count=1000000 Max=14041.09 Min=4.22 Avg=11.19 10=6.92 25=8.05 50=9.95 75=12.83 90=15.87 95=17.97 99=23.89 99.9=153.60 99.99=247.94]
Load runtime(sec): 19.0131
Load operations(ops): 1000000
Load throughput(ops/sec): 52595.3
