Running scope as unit: run-r07b1d720b58d44f1bf960353a4f89a9e.scope
load file:/home/user/DataFiles/silesia_data/silesia.tar
2025-04-22 19:03:46 0 sec: 0 operations;
2025-04-22 19:03:47 1 sec: 43550 operations; [INSERT: Count=43550 Max=5541.89 Min=4.68 Avg=18.99 10=9.77 25=12.30 50=16.77 75=23.42 90=30.37 95=34.98 99=45.38 99.9=87.17 99.99=242.81]
2025-04-22 19:03:48 2 sec: 89218 operations; [INSERT: Count=89218 Max=5541.89 Min=4.68 Avg=18.83 10=9.97 25=12.47 50=16.83 75=23.26 90=29.90 95=34.24 99=43.74 99.9=69.06 99.99=229.12]
2025-04-22 19:03:49 3 sec: 136178 operations; [INSERT: Count=136178 Max=5541.89 Min=4.68 Avg=18.56 10=10.02 25=12.42 50=16.64 75=22.88 90=29.28 95=33.50 99=42.72 99.9=63.62 99.99=228.09]
2025-04-22 19:03:50 4 sec: 183712 operations; [INSERT: Count=183712 Max=5541.89 Min=4.68 Avg=18.36 10=10.03 25=12.39 50=16.50 75=22.56 90=28.82 95=32.90 99=41.79 99.9=63.42 99.99=228.09]
2025-04-22 19:03:51 5 sec: 230685 operations; [INSERT: Count=230685 Max=5541.89 Min=4.68 Avg=18.30 10=10.11 25=12.42 50=16.46 75=22.41 90=28.57 95=32.56 99=41.31 99.9=62.62 99.99=228.09]
2025-04-22 19:03:52 6 sec: 278692 operations; [INSERT: Count=278692 Max=5541.89 Min=4.68 Avg=18.17 10=10.13 25=12.40 50=16.35 75=22.24 90=28.34 95=32.26 99=40.96 99.9=60.99 99.99=230.14]
2025-04-22 19:03:53 7 sec: 326783 operations; [INSERT: Count=326783 Max=5541.89 Min=4.68 Avg=18.08 10=10.13 25=12.37 50=16.27 75=22.06 90=28.08 95=31.97 99=40.54 99.9=62.56 99.99=229.76]
2025-04-22 19:03:54 8 sec: 374733 operations; [INSERT: Count=374733 Max=5541.89 Min=4.68 Avg=18.02 10=10.15 25=12.37 50=16.22 75=21.97 90=27.90 95=31.73 99=40.26 99.9=64.61 99.99=229.12]
2025-04-22 19:03:55 9 sec: 421874 operations; [INSERT: Count=421874 Max=5541.89 Min=4.68 Avg=18.01 10=10.18 25=12.38 50=16.20 75=21.92 90=27.81 95=31.60 99=40.03 99.9=64.19 99.99=229.38]
2025-04-22 19:03:56 10 sec: 466486 operations; [INSERT: Count=466486 Max=5541.89 Min=4.68 Avg=18.12 10=10.20 25=12.43 50=16.30 75=22.06 90=28.03 95=31.89 99=40.54 99.9=64.19 99.99=230.78]
2025-04-22 19:03:57 11 sec: 508877 operations; [INSERT: Count=508877 Max=5541.89 Min=4.68 Avg=18.31 10=10.22 25=12.48 50=16.43 75=22.30 90=28.45 95=32.46 99=41.66 99.9=67.84 99.99=236.80]
2025-04-22 19:03:58 12 sec: 552122 operations; [INSERT: Count=552122 Max=5541.89 Min=4.68 Avg=18.43 10=10.25 25=12.53 50=16.51 75=22.46 90=28.69 95=32.80 99=42.14 99.9=67.65 99.99=250.37]
2025-04-22 19:03:59 13 sec: 596067 operations; [INSERT: Count=596067 Max=5541.89 Min=4.68 Avg=18.51 10=10.27 25=12.57 50=16.59 75=22.57 90=28.85 95=32.99 99=42.37 99.9=67.20 99.99=256.00]
2025-04-22 19:04:00 14 sec: 638098 operations; [INSERT: Count=638098 Max=5541.89 Min=4.68 Avg=18.64 10=10.31 25=12.63 50=16.69 75=22.73 90=29.10 95=33.31 99=42.85 99.9=65.86 99.99=265.73]
2025-04-22 19:04:01 15 sec: 679193 operations; [INSERT: Count=679193 Max=5541.89 Min=4.68 Avg=18.78 10=10.37 25=12.71 50=16.82 75=22.93 90=29.36 95=33.63 99=43.33 99.9=66.24 99.99=276.22]
2025-04-22 19:04:02 16 sec: 719164 operations; [INSERT: Count=719164 Max=5541.89 Min=4.68 Avg=18.94 10=10.41 25=12.78 50=16.94 75=23.12 90=29.65 95=34.05 99=44.00 99.9=68.73 99.99=283.13]
2025-04-22 19:04:03 17 sec: 759324 operations; [INSERT: Count=759324 Max=5541.89 Min=4.68 Avg=19.07 10=10.46 25=12.86 50=17.04 75=23.25 90=29.86 95=34.30 99=44.41 99.9=90.17 99.99=290.30]
2025-04-22 19:04:04 18 sec: 800140 operations; [INSERT: Count=800140 Max=5541.89 Min=4.68 Avg=19.18 10=10.50 25=12.91 50=17.12 75=23.34 90=29.98 95=34.49 99=44.73 99.9=135.68 99.99=294.40]
2025-04-22 19:04:05 19 sec: 840509 operations; [INSERT: Count=840509 Max=5541.89 Min=4.68 Avg=19.29 10=10.54 25=12.97 50=17.18 75=23.44 90=30.14 95=34.66 99=45.09 99.9=140.93 99.99=294.91]
2025-04-22 19:04:06 20 sec: 878891 operations; [INSERT: Count=878891 Max=5541.89 Min=4.68 Avg=19.44 10=10.58 25=13.02 50=17.26 75=23.55 90=30.35 95=35.01 99=46.21 99.9=146.18 99.99=296.45]
2025-04-22 19:04:07 21 sec: 908279 operations; [INSERT: Count=908279 Max=5541.89 Min=4.68 Avg=19.77 10=10.63 25=13.10 50=17.44 75=23.84 90=30.86 95=35.77 99=48.73 99.9=154.88 99.99=314.88]
2025-04-22 19:04:08 22 sec: 938010 operations; [INSERT: Count=938010 Max=5541.89 Min=4.68 Avg=20.06 10=10.66 25=13.17 50=17.57 75=24.08 90=31.33 95=36.51 99=51.42 99.9=165.76 99.99=365.06]
2025-04-22 19:04:09 23 sec: 975369 operations; [INSERT: Count=975369 Max=5541.89 Min=4.68 Avg=20.14 10=10.70 25=13.21 50=17.63 75=24.16 90=31.44 95=36.64 99=51.68 99.9=177.53 99.99=373.50]
2025-04-22 19:04:10 24 sec: 1000000 operations; [INSERT: Count=1000000 Max=5541.89 Min=4.68 Avg=20.02 10=10.60 25=13.10 50=17.50 75=24.00 90=31.30 95=36.51 99=51.62 99.9=177.02 99.99=374.27]
2025-04-22 19:04:11 25 sec: 1000000 operations; [INSERT: Count=1000000 Max=5541.89 Min=4.68 Avg=20.02 10=10.60 25=13.10 50=17.50 75=24.00 90=31.30 95=36.51 99=51.62 99.9=177.02 99.99=374.27]
2025-04-22 19:04:12 26 sec: 1000000 operations; [INSERT: Count=1000000 Max=5541.89 Min=4.68 Avg=20.02 10=10.60 25=13.10 50=17.50 75=24.00 90=31.30 95=36.51 99=51.62 99.9=177.02 99.99=374.27]
2025-04-22 19:04:13 27 sec: 1000000 operations; [INSERT: Count=1000000 Max=5541.89 Min=4.68 Avg=20.02 10=10.60 25=13.10 50=17.50 75=24.00 90=31.30 95=36.51 99=51.62 99.9=177.02 99.99=374.27]
2025-04-22 19:04:14 28 sec: 1000000 operations; [INSERT: Count=1000000 Max=5541.89 Min=4.68 Avg=20.02 10=10.60 25=13.10 50=17.50 75=24.00 90=31.30 95=36.51 99=51.62 99.9=177.02 99.99=374.27]
2025-04-22 19:04:15 29 sec: 1000000 operations; [INSERT: Count=1000000 Max=5541.89 Min=4.68 Avg=20.02 10=10.60 25=13.10 50=17.50 75=24.00 90=31.30 95=36.51 99=51.62 99.9=177.02 99.99=374.27]
2025-04-22 19:04:15 29 sec: 1000000 operations; [INSERT: Count=1000000 Max=5541.89 Min=4.68 Avg=20.02 10=10.60 25=13.10 50=17.50 75=24.00 90=31.30 95=36.51 99=51.62 99.9=177.02 99.99=374.27]
Load runtime(sec): 29.3602
Load operations(ops): 1000000
Load throughput(ops/sec): 34059.7
