Running scope as unit: run-rf40f7bb04f884775b5c53ca86ec345f9.scope
load file:/home/user/DataFiles/silesia_data/silesia.tar
2025-04-21 21:02:30 0 sec: 0 operations;
2025-04-21 21:02:31 1 sec: 51951 operations; [INSERT: Count=51951 Max=1523.71 Min=4.82 Avg=14.82 10=8.20 25=9.97 50=13.02 75=18.08 90=23.34 95=26.83 99=35.33 99.9=71.23 99.99=233.98]
2025-04-21 21:02:32 2 sec: 105092 operations; [INSERT: Count=105092 Max=1523.71 Min=4.82 Avg=15.21 10=8.61 25=10.43 50=13.54 75=18.53 90=23.58 95=26.78 99=34.11 99.9=63.71 99.99=232.96]
2025-04-21 21:02:33 3 sec: 158044 operations; [INSERT: Count=158044 Max=1523.71 Min=4.82 Avg=15.35 10=8.81 25=10.64 50=13.71 75=18.67 90=23.63 95=26.73 99=33.73 99.9=64.58 99.99=231.42]
2025-04-21 21:02:34 4 sec: 209511 operations; [INSERT: Count=209511 Max=1523.71 Min=4.82 Avg=15.56 10=8.99 25=10.84 50=13.94 75=18.91 90=23.86 95=26.93 99=33.76 99.9=63.07 99.99=232.32]
2025-04-21 21:02:35 5 sec: 256039 operations; [INSERT: Count=256039 Max=23986.17 Min=4.82 Avg=16.03 10=9.07 25=10.89 50=13.95 75=18.82 90=23.71 95=26.73 99=33.44 99.9=59.30 99.99=234.24]
2025-04-21 21:02:36 6 sec: 307083 operations; [INSERT: Count=307083 Max=23986.17 Min=4.82 Avg=16.08 10=9.17 25=11.00 50=14.05 75=18.89 90=23.77 95=26.82 99=33.98 99.9=66.94 99.99=234.24]
2025-04-21 21:02:37 7 sec: 358976 operations; [INSERT: Count=358976 Max=23986.17 Min=4.82 Avg=16.07 10=9.26 25=11.09 50=14.13 75=18.94 90=23.76 95=26.77 99=33.79 99.9=66.75 99.99=232.83]
2025-04-21 21:02:38 8 sec: 410796 operations; [INSERT: Count=410796 Max=23986.17 Min=4.82 Avg=16.07 10=9.33 25=11.16 50=14.18 75=18.98 90=23.77 95=26.75 99=33.70 99.9=66.30 99.99=231.94]
2025-04-21 21:02:39 9 sec: 455469 operations; [INSERT: Count=455469 Max=23986.17 Min=4.82 Avg=16.37 10=9.41 25=11.29 50=14.41 75=19.33 90=24.30 95=27.54 99=36.09 99.9=68.48 99.99=231.94]
2025-04-21 21:02:40 10 sec: 479760 operations; [INSERT: Count=479760 Max=23986.17 Min=4.82 Avg=17.41 10=9.49 25=11.43 50=14.76 75=20.11 90=25.93 95=30.93 99=54.30 99.9=114.30 99.99=233.98]
2025-04-21 21:02:41 11 sec: 498062 operations; [INSERT: Count=498062 Max=23986.17 Min=4.82 Avg=18.57 10=9.55 25=11.54 50=15.07 75=20.85 90=28.05 95=37.34 99=70.78 99.9=130.43 99.99=246.40]
2025-04-21 21:02:42 12 sec: 516415 operations; [INSERT: Count=516415 Max=23986.17 Min=4.82 Avg=19.64 10=9.61 25=11.65 50=15.38 75=21.65 90=30.91 95=44.67 99=79.68 99.9=144.38 99.99=285.18]
2025-04-21 21:02:43 13 sec: 541652 operations; [INSERT: Count=541652 Max=23986.17 Min=4.82 Avg=20.37 10=9.67 25=11.78 50=15.73 75=22.37 90=33.38 95=47.81 99=82.43 99.9=161.66 99.99=491.26]
2025-04-21 21:02:44 14 sec: 585281 operations; [INSERT: Count=585281 Max=23986.17 Min=4.82 Avg=20.32 10=9.65 25=11.75 50=15.69 75=22.30 90=33.15 95=47.23 99=81.66 99.9=169.47 99.99=807.93]
2025-04-21 21:02:45 15 sec: 641989 operations; [INSERT: Count=641989 Max=23986.17 Min=4.82 Avg=19.80 10=9.51 25=11.55 50=15.37 75=21.77 90=31.82 95=45.41 99=79.94 99.9=161.28 99.99=766.46]
2025-04-21 21:02:46 16 sec: 696853 operations; [INSERT: Count=696853 Max=23986.17 Min=4.82 Avg=19.41 10=9.47 25=11.46 50=15.18 75=21.44 90=30.72 95=43.74 99=78.14 99.9=153.85 99.99=607.23]
2025-04-21 21:02:47 17 sec: 749313 operations; [INSERT: Count=749313 Max=23986.17 Min=4.82 Avg=19.16 10=9.47 25=11.44 50=15.09 75=21.25 90=29.97 95=42.30 99=76.67 99.9=149.38 99.99=496.64]
2025-04-21 21:02:48 18 sec: 788094 operations; [INSERT: Count=788094 Max=23986.17 Min=4.82 Avg=19.33 10=9.53 25=11.54 50=15.30 75=21.57 90=30.59 95=42.37 99=75.71 99.9=147.20 99.99=464.38]
2025-04-21 21:02:49 19 sec: 822786 operations; [INSERT: Count=822786 Max=23986.17 Min=4.82 Avg=19.59 10=9.59 25=11.65 50=15.56 75=21.98 90=31.49 95=42.91 99=75.07 99.9=145.02 99.99=464.38]
2025-04-21 21:02:50 20 sec: 857176 operations; [INSERT: Count=857176 Max=23986.17 Min=4.82 Avg=19.84 10=9.65 25=11.76 50=15.79 75=22.34 90=32.19 95=43.36 99=75.26 99.9=146.56 99.99=617.98]
2025-04-21 21:02:51 21 sec: 884856 operations; [INSERT: Count=884856 Max=23986.17 Min=4.82 Avg=20.22 10=9.70 25=11.86 50=16.00 75=22.70 90=33.12 95=44.45 99=76.99 99.9=155.65 99.99=816.13]
2025-04-21 21:02:52 22 sec: 911596 operations; [INSERT: Count=911596 Max=23986.17 Min=4.82 Avg=20.60 10=9.74 25=11.94 50=16.22 75=23.17 90=34.37 95=45.89 99=77.76 99.9=156.03 99.99=818.17]
2025-04-21 21:02:53 23 sec: 936421 operations; [INSERT: Count=936421 Max=23986.17 Min=4.82 Avg=20.98 10=9.79 25=12.03 50=16.45 75=23.65 90=35.62 95=47.45 99=78.91 99.9=162.43 99.99=818.17]
2025-04-21 21:02:54 24 sec: 980990 operations; [INSERT: Count=980990 Max=23986.17 Min=4.82 Avg=20.90 10=9.73 25=11.97 50=16.37 75=23.54 90=35.39 95=47.10 99=78.59 99.9=168.06 99.99=904.19]
2025-04-21 21:02:55 24 sec: 1000000 operations; [INSERT: Count=1000000 Max=23986.17 Min=4.82 Avg=20.73 10=9.60 25=11.85 50=16.21 75=23.38 90=35.13 95=46.81 99=78.27 99.9=167.55 99.99=904.19]
Load runtime(sec): 24.3446
Load operations(ops): 1000000
Load throughput(ops/sec): 41076.9
