Running scope as unit: run-r51c2f82e6ff348eea825c83c2a7fc1cc.scope
load file:/home/user/DataFiles/silesia_data/silesia.tar
2025-04-21 21:02:30 0 sec: 0 operations;
2025-04-21 21:02:31 1 sec: 29424 operations; [INSERT: Count=29424 Max=1105.92 Min=4.13 Avg=30.16 10=11.78 25=16.94 50=26.27 75=38.98 90=54.02 95=63.97 99=83.90 99.9=126.97 99.99=268.80]
2025-04-21 21:02:32 2 sec: 55546 operations; [INSERT: Count=55546 Max=1105.92 Min=4.13 Avg=32.43 10=13.62 25=19.41 50=28.78 75=41.82 90=56.19 95=65.79 99=84.80 99.9=115.58 99.99=265.21]
2025-04-21 21:02:33 3 sec: 82479 operations; [INSERT: Count=82479 Max=1105.92 Min=4.13 Avg=32.89 10=14.44 25=20.13 50=29.34 75=42.21 90=56.19 95=65.50 99=83.97 99.9=114.81 99.99=262.01]
2025-04-21 21:02:34 4 sec: 111018 operations; [INSERT: Count=111018 Max=1105.92 Min=4.13 Avg=32.59 10=14.71 25=20.21 50=29.12 75=41.57 90=55.20 95=64.16 99=82.17 99.9=114.37 99.99=265.21]
2025-04-21 21:02:35 5 sec: 140869 operations; [INSERT: Count=140869 Max=1105.92 Min=4.13 Avg=32.07 10=14.78 25=20.05 50=28.64 75=40.70 90=53.98 95=62.69 99=80.64 99.9=113.98 99.99=265.21]
2025-04-21 21:02:36 6 sec: 169162 operations; [INSERT: Count=169162 Max=6217.73 Min=4.13 Avg=32.06 10=14.89 25=20.09 50=28.61 75=40.58 90=53.73 95=62.40 99=80.00 99.9=113.98 99.99=268.03]
2025-04-21 21:02:37 7 sec: 197708 operations; [INSERT: Count=197708 Max=6217.73 Min=4.13 Avg=32.01 10=15.01 25=20.16 50=28.62 75=40.45 90=53.44 95=62.02 99=79.30 99.9=110.40 99.99=266.75]
2025-04-21 21:02:38 8 sec: 226499 operations; [INSERT: Count=226499 Max=6217.73 Min=4.13 Avg=31.93 10=15.09 25=20.19 50=28.57 75=40.32 90=53.15 95=61.60 99=78.78 99.9=109.44 99.99=265.21]
2025-04-21 21:02:39 9 sec: 254663 operations; [INSERT: Count=254663 Max=6217.73 Min=4.13 Avg=31.95 10=15.18 25=20.24 50=28.62 75=40.32 90=53.09 95=61.50 99=78.59 99.9=109.44 99.99=265.98]
2025-04-21 21:02:40 10 sec: 280377 operations; [INSERT: Count=280377 Max=6217.73 Min=4.13 Avg=32.28 10=15.34 25=20.43 50=28.91 75=40.70 90=53.63 95=62.17 99=79.61 99.9=111.68 99.99=271.87]
2025-04-21 21:02:41 11 sec: 305748 operations; [INSERT: Count=305748 Max=6217.73 Min=4.13 Avg=32.59 10=15.47 25=20.62 50=29.17 75=41.05 90=54.11 95=62.85 99=80.45 99.9=113.34 99.99=282.37]
2025-04-21 21:02:42 12 sec: 329261 operations; [INSERT: Count=329261 Max=7200.77 Min=4.13 Avg=33.06 10=15.62 25=20.85 50=29.50 75=41.57 90=54.91 95=63.87 99=82.43 99.9=118.02 99.99=312.32]
2025-04-21 21:02:43 13 sec: 351830 operations; [INSERT: Count=351830 Max=7200.77 Min=4.13 Avg=33.57 10=15.70 25=20.99 50=29.79 75=42.08 90=55.77 95=65.12 99=84.99 99.9=131.84 99.99=404.48]
2025-04-21 21:02:44 14 sec: 375002 operations; [INSERT: Count=375002 Max=7200.77 Min=4.13 Avg=33.95 10=15.75 25=21.09 50=29.98 75=42.40 90=56.35 95=65.92 99=86.72 99.9=144.90 99.99=1105.92]
2025-04-21 21:02:45 15 sec: 400449 operations; [INSERT: Count=400449 Max=7200.77 Min=4.13 Avg=34.08 10=15.83 25=21.21 50=30.13 75=42.59 90=56.54 95=66.05 99=86.78 99.9=144.90 99.99=1038.85]
2025-04-21 21:02:46 16 sec: 422119 operations; [INSERT: Count=422119 Max=7200.77 Min=4.13 Avg=34.52 10=15.97 25=21.44 50=30.51 75=43.17 90=57.41 95=67.20 99=88.38 99.9=144.77 99.99=956.93]
2025-04-21 21:02:47 17 sec: 441695 operations; [INSERT: Count=441695 Max=7200.77 Min=4.13 Avg=35.11 10=16.13 25=21.73 50=30.98 75=43.90 90=58.59 95=68.67 99=90.94 99.9=144.77 99.99=956.93]
2025-04-21 21:02:48 18 sec: 460306 operations; [INSERT: Count=460306 Max=9732.09 Min=4.13 Avg=35.73 10=16.25 25=21.97 50=31.39 75=44.64 90=59.87 95=70.46 99=94.14 99.9=151.17 99.99=923.13]
2025-04-21 21:02:49 19 sec: 479400 operations; [INSERT: Count=479400 Max=9732.09 Min=4.13 Avg=36.26 10=16.37 25=22.18 50=31.77 75=45.31 90=60.99 95=72.00 99=96.89 99.9=155.13 99.99=923.13]
2025-04-21 21:02:50 20 sec: 497757 operations; [INSERT: Count=497757 Max=9732.09 Min=4.13 Avg=36.81 10=16.48 25=22.37 50=32.14 75=45.92 90=62.05 95=73.47 99=99.65 99.9=163.97 99.99=995.84]
2025-04-21 21:02:51 21 sec: 515908 operations; [INSERT: Count=515908 Max=9732.09 Min=4.13 Avg=37.33 10=16.51 25=22.48 50=32.37 75=46.37 90=62.91 95=74.75 99=102.27 99.9=183.29 99.99=1284.10]
2025-04-21 21:02:52 22 sec: 534874 operations; [INSERT: Count=534874 Max=9732.09 Min=4.13 Avg=37.76 10=16.62 25=22.67 50=32.70 75=46.94 90=63.84 95=76.03 99=103.87 99.9=180.48 99.99=1284.10]
2025-04-21 21:02:53 23 sec: 554769 operations; [INSERT: Count=554769 Max=9732.09 Min=4.13 Avg=38.09 10=16.72 25=22.83 50=32.99 75=47.36 90=64.54 95=76.86 99=105.02 99.9=182.27 99.99=1344.51]
2025-04-21 21:02:54 24 sec: 576650 operations; [INSERT: Count=576650 Max=9969.66 Min=4.13 Avg=38.25 10=16.70 25=22.86 50=33.09 75=47.55 90=64.83 95=77.25 99=105.47 99.9=188.29 99.99=1344.51]
2025-04-21 21:02:55 25 sec: 632891 operations; [INSERT: Count=632891 Max=9969.66 Min=4.13 Avg=36.14 10=13.65 25=20.57 50=31.23 75=45.89 90=63.23 95=75.71 99=104.06 99.9=181.89 99.99=1272.83]
2025-04-21 21:02:56 26 sec: 711584 operations; [INSERT: Count=711584 Max=9969.66 Min=4.13 Avg=33.18 10=9.32 25=16.64 50=28.45 75=43.55 90=61.12 95=73.66 99=102.02 99.9=169.60 99.99=1062.91]
2025-04-21 21:02:57 27 sec: 785691 operations; [INSERT: Count=785691 Max=9969.66 Min=4.13 Avg=31.02 10=8.34 25=13.44 50=25.97 75=41.57 90=59.26 95=71.94 99=100.42 99.9=161.66 99.99=996.86]
2025-04-21 21:02:58 28 sec: 859081 operations; [INSERT: Count=859081 Max=9969.66 Min=4.13 Avg=29.25 10=8.00 25=11.64 50=23.58 75=39.71 90=57.60 95=70.33 99=98.88 99.9=155.90 99.99=956.93]
2025-04-21 21:02:59 29 sec: 907987 operations; [INSERT: Count=907987 Max=9969.66 Min=4.13 Avg=28.60 10=8.06 25=11.56 50=22.57 75=38.72 90=56.64 95=69.38 99=97.98 99.9=153.34 99.99=925.18]
2025-04-21 21:03:00 30 sec: 946576 operations; [INSERT: Count=946576 Max=9969.66 Min=4.13 Avg=28.36 10=8.12 25=11.65 50=22.30 75=38.21 90=56.00 95=68.73 99=97.41 99.9=155.65 99.99=946.17]
2025-04-21 21:03:01 30 sec: 1000000 operations; [INSERT: Count=1000000 Max=12419.07 Min=4.13 Avg=27.49 10=7.82 25=10.91 50=20.94 75=37.12 90=55.01 95=67.84 99=96.77 99.9=157.69 99.99=992.77]
Load runtime(sec): 30.8965
Load operations(ops): 1000000
Load throughput(ops/sec): 32366.1
