Running scope as unit: run-r092cc0135d614cbca066694b47d6a1e3.scope
load file:/home/user/DataFiles/silesia_data/silesia.tar
2025-04-21 20:51:02 0 sec: 0 operations;
2025-04-21 20:51:03 1 sec: 0 operations;
2025-04-21 20:51:04 2 sec: 0 operations;
2025-04-21 20:51:05 3 sec: 0 operations;
2025-04-21 20:51:06 4 sec: 0 operations;
2025-04-21 20:51:07 5 sec: 979 operations; [READ: Count=660 Max=1003.01 Min=4.54 Avg=60.37 10=13.09 25=16.56 50=19.49 75=88.96 90=100.99 95=137.60 99=596.48 99.9=799.23 99.99=1003.01] [UPDATE: Count=319 Max=2030.59 Min=9.10 Avg=37.59 10=11.35 25=13.81 50=16.41 75=21.17 90=33.05 95=42.49 99=1075.20 99.9=2030.59 99.99=2030.59]
2025-04-21 20:51:08 6 sec: 11920 operations; [READ: Count=7987 Max=2392.06 Min=3.05 Avg=103.76 10=14.34 25=18.37 50=24.70 75=97.09 90=170.88 95=560.13 99=1161.21 99.9=1707.01 99.99=2127.87] [UPDATE: Count=3933 Max=12861.44 Min=8.32 Avg=54.44 10=11.93 25=13.72 50=16.37 75=20.45 90=26.27 95=33.15 99=304.38 99.9=8527.87 99.99=12861.44]
2025-04-21 20:51:09 7 sec: 19061 operations; [READ: Count=12726 Max=2555.90 Min=3.03 Avg=127.88 10=14.62 25=18.91 50=25.38 75=100.35 90=354.05 95=785.41 99=1203.20 99.9=1925.12 99.99=2392.06] [UPDATE: Count=6335 Max=12869.63 Min=8.22 Avg=64.61 10=12.11 25=13.91 50=16.73 75=21.01 90=27.45 95=34.14 99=515.58 99.9=10559.49 99.99=12861.44]
2025-04-21 20:51:10 8 sec: 24008 operations; [READ: Count=15990 Max=2703.36 Min=2.53 Avg=158.24 10=14.40 25=18.72 50=25.05 75=102.46 90=634.88 95=934.91 99=1302.53 99.9=1936.38 99.99=2555.90] [UPDATE: Count=8018 Max=13328.38 Min=7.46 Avg=62.58 10=11.93 25=13.65 50=16.38 75=20.56 90=26.72 95=33.34 99=572.93 99.9=10297.34 99.99=12869.63]
2025-04-21 20:51:11 9 sec: 45570 operations; [READ: Count=30411 Max=2703.36 Min=2.53 Avg=111.23 10=12.17 25=16.25 50=23.21 75=93.95 90=246.78 95=710.65 99=1177.60 99.9=1716.22 99.99=2392.06] [UPDATE: Count=15159 Max=13328.38 Min=6.79 Avg=41.60 10=11.18 25=12.84 50=15.34 75=18.86 90=23.77 95=29.05 99=146.69 99.9=8298.50 99.99=12861.44]
2025-04-21 20:51:12 10 sec: 67784 operations; [READ: Count=45160 Max=2703.36 Min=2.53 Avg=93.86 10=11.74 25=14.34 50=21.57 75=90.11 90=148.99 95=517.12 99=1103.87 99.9=1662.97 99.99=2250.75] [UPDATE: Count=22624 Max=13328.38 Min=6.79 Avg=33.43 10=10.57 25=12.08 50=14.41 75=17.58 90=21.79 95=26.03 99=57.92 99.9=6393.85 99.99=12861.44]
2025-04-21 20:51:13 11 sec: 90232 operations; [READ: Count=60173 Max=5750.78 Min=2.49 Avg=84.53 10=11.76 25=14.15 50=20.77 75=87.74 90=129.28 95=392.70 99=1040.89 99.9=1602.56 99.99=2392.06] [UPDATE: Count=30059 Max=13328.38 Min=6.79 Avg=29.57 10=10.46 25=11.94 50=14.20 75=17.30 90=21.18 95=24.89 99=48.96 99.9=4239.36 99.99=11755.52]
2025-04-21 20:51:14 12 sec: 115955 operations; [READ: Count=77305 Max=5750.78 Min=2.49 Avg=76.47 10=11.86 25=14.24 50=20.34 75=84.67 90=115.33 95=345.60 99=990.21 99.9=1524.73 99.99=2250.75] [UPDATE: Count=38650 Max=13328.38 Min=6.79 Avg=26.92 10=10.47 25=11.95 50=14.17 75=17.20 90=20.96 95=24.27 99=45.09 99.9=3330.05 99.99=11706.37]
2025-04-21 20:51:15 13 sec: 139286 operations; [READ: Count=92848 Max=5750.78 Min=2.49 Avg=72.82 10=11.81 25=14.10 50=20.03 75=81.66 90=112.00 95=327.17 99=958.46 99.9=1466.37 99.99=2215.93] [UPDATE: Count=46438 Max=13328.38 Min=6.56 Avg=25.23 10=10.37 25=11.76 50=13.90 75=16.86 90=20.51 95=23.73 99=42.46 99.9=2715.65 99.99=11370.50]
2025-04-21 20:51:16 14 sec: 156013 operations; [READ: Count=103995 Max=5750.78 Min=2.49 Avg=73.43 10=11.78 25=14.06 50=20.24 75=83.39 90=117.89 95=330.50 99=939.01 99.9=1437.69 99.99=2152.45] [UPDATE: Count=52018 Max=13328.38 Min=6.50 Avg=24.68 10=10.31 25=11.65 50=13.73 75=16.66 90=20.22 95=23.34 99=42.27 99.9=2531.33 99.99=11370.50]
2025-04-21 20:51:17 15 sec: 167449 operations; [READ: Count=111559 Max=5750.78 Min=2.47 Avg=76.47 10=11.79 25=14.12 50=20.57 75=84.93 90=125.95 95=341.76 99=959.49 99.9=1541.12 99.99=2369.53] [UPDATE: Count=55890 Max=13328.38 Min=6.50 Avg=24.68 10=10.31 25=11.64 50=13.69 75=16.57 90=20.09 95=23.15 99=42.43 99.9=2564.09 99.99=10993.66]
2025-04-21 20:51:18 16 sec: 182567 operations; [READ: Count=121624 Max=5750.78 Min=2.47 Avg=77.43 10=11.84 25=14.26 50=21.17 75=86.53 90=137.22 95=338.18 99=940.54 99.9=1523.71 99.99=2285.57] [UPDATE: Count=60943 Max=13328.38 Min=6.50 Avg=24.27 10=10.34 25=11.70 50=13.74 75=16.59 90=20.05 95=23.02 99=42.85 99.9=2361.34 99.99=10993.66]
2025-04-21 20:51:19 17 sec: 197139 operations; [READ: Count=131344 Max=5750.78 Min=2.47 Avg=78.69 10=11.84 25=14.35 50=21.76 75=87.61 90=149.89 95=336.89 99=921.09 99.9=1514.49 99.99=2267.14] [UPDATE: Count=65795 Max=13328.38 Min=6.50 Avg=23.56 10=10.33 25=11.62 50=13.62 75=16.43 90=19.81 95=22.75 99=41.50 99.9=2172.93 99.99=10559.49]
2025-04-21 20:51:20 18 sec: 211137 operations; [READ: Count=140677 Max=5750.78 Min=2.47 Avg=79.85 10=11.86 25=14.44 50=22.22 75=88.51 90=156.29 95=337.41 99=909.31 99.9=1514.49 99.99=2369.53] [UPDATE: Count=70460 Max=13328.38 Min=6.50 Avg=23.28 10=10.34 25=11.64 50=13.63 75=16.40 90=19.73 95=22.61 99=41.50 99.9=2111.49 99.99=10559.49]
2025-04-21 20:51:21 19 sec: 226530 operations; [READ: Count=150976 Max=5750.78 Min=2.47 Avg=80.31 10=11.82 25=14.45 50=22.46 75=88.89 90=159.62 95=336.38 99=899.58 99.9=1501.18 99.99=2285.57] [UPDATE: Count=75554 Max=13328.38 Min=6.50 Avg=22.98 10=10.31 25=11.58 50=13.54 75=16.27 90=19.54 95=22.40 99=41.89 99.9=2083.84 99.99=10297.34]
2025-04-21 20:51:22 20 sec: 241930 operations; [READ: Count=161255 Max=5750.78 Min=2.47 Avg=80.78 10=11.77 25=14.41 50=22.53 75=88.89 90=160.90 95=336.13 99=898.05 99.9=1546.24 99.99=2555.90] [UPDATE: Count=80675 Max=13328.38 Min=6.50 Avg=22.59 10=10.27 25=11.53 50=13.45 75=16.15 90=19.38 95=22.19 99=41.34 99.9=2079.74 99.99=10297.34]
2025-04-21 20:51:23 21 sec: 262643 operations; [READ: Count=175063 Max=5750.78 Min=2.47 Avg=79.38 10=11.71 25=14.35 50=22.45 75=88.45 90=159.36 95=328.96 99=877.57 99.9=1523.71 99.99=2428.93] [UPDATE: Count=87580 Max=13328.38 Min=6.50 Avg=22.12 10=10.25 25=11.48 50=13.37 75=16.04 90=19.21 95=21.98 99=40.93 99.9=2029.57 99.99=10059.77]
2025-04-21 20:51:24 22 sec: 284670 operations; [READ: Count=189768 Max=5750.78 Min=2.47 Avg=77.75 10=11.64 25=14.29 50=22.29 75=87.94 90=157.44 95=321.54 99=856.58 99.9=1494.02 99.99=2392.06] [UPDATE: Count=94902 Max=13328.38 Min=6.50 Avg=21.71 10=10.22 25=11.46 50=13.33 75=15.96 90=19.05 95=21.79 99=39.87 99.9=1985.54 99.99=10059.77]
2025-04-21 20:51:25 23 sec: 306233 operations; [READ: Count=204159 Max=5750.78 Min=2.36 Avg=76.51 10=11.54 25=14.19 50=22.09 75=87.42 90=156.03 95=316.42 99=835.58 99.9=1466.37 99.99=2383.87] [UPDATE: Count=102074 Max=13328.38 Min=6.49 Avg=21.36 10=10.18 25=11.38 50=13.21 75=15.81 90=18.88 95=21.57 99=39.71 99.9=1953.79 99.99=9379.84]
2025-04-21 20:51:26 24 sec: 328826 operations; [READ: Count=219189 Max=5750.78 Min=2.19 Avg=75.31 10=11.49 25=14.11 50=22.18 75=86.53 90=152.06 95=307.97 99=812.03 99.9=1443.84 99.99=2285.57] [UPDATE: Count=109637 Max=13328.38 Min=6.42 Avg=20.78 10=10.02 25=11.16 50=13.01 75=15.60 90=18.66 95=21.33 99=39.10 99.9=1870.85 99.99=9379.84]
2025-04-21 20:51:27 25 sec: 352464 operations; [READ: Count=234941 Max=5750.78 Min=2.19 Avg=74.04 10=11.41 25=14.04 50=22.24 75=85.57 90=147.33 95=298.75 99=785.92 99.9=1424.38 99.99=2267.14] [UPDATE: Count=117523 Max=13328.38 Min=6.42 Avg=20.20 10=9.93 25=10.98 50=12.86 75=15.41 90=18.43 95=21.07 99=38.08 99.9=1799.17 99.99=9297.92]
2025-04-21 20:51:28 26 sec: 377821 operations; [READ: Count=251839 Max=5750.78 Min=2.19 Avg=72.56 10=11.32 25=13.96 50=22.34 75=84.48 90=139.26 95=285.18 99=760.32 99.9=1405.95 99.99=2215.93] [UPDATE: Count=125982 Max=13328.38 Min=6.42 Avg=19.68 10=9.83 25=10.82 50=12.70 75=15.21 90=18.22 95=20.82 99=37.09 99.9=1637.38 99.99=8527.87]
2025-04-21 20:51:29 27 sec: 405475 operations; [READ: Count=270271 Max=5750.78 Min=2.19 Avg=70.84 10=11.20 25=13.89 50=22.43 75=83.33 90=126.91 95=266.75 99=734.72 99.9=1387.52 99.99=2174.97] [UPDATE: Count=135204 Max=13328.38 Min=6.42 Avg=19.15 10=9.77 25=10.70 50=12.55 75=15.00 90=18.02 95=20.57 99=36.35 99.9=1548.29 99.99=8527.87]
2025-04-21 20:51:30 28 sec: 433987 operations; [READ: Count=289276 Max=5750.78 Min=2.19 Avg=69.20 10=11.05 25=13.78 50=22.45 75=82.43 90=118.08 95=246.91 99=707.58 99.9=1372.16 99.99=2152.45] [UPDATE: Count=144711 Max=13328.38 Min=6.42 Avg=18.65 10=9.70 25=10.57 50=12.41 75=14.81 90=17.82 95=20.37 99=35.55 99.9=1472.51 99.99=8527.87]
2025-04-21 20:51:31 29 sec: 462365 operations; [READ: Count=308171 Max=5750.78 Min=2.19 Avg=67.78 10=10.88 25=13.71 50=22.46 75=81.73 90=112.70 95=230.78 99=684.03 99.9=1350.65 99.99=2129.92] [UPDATE: Count=154194 Max=13328.38 Min=6.42 Avg=18.22 10=9.65 25=10.48 50=12.29 75=14.63 90=17.63 95=20.18 99=34.72 99.9=1360.89 99.99=8437.76]
2025-04-21 20:51:32 30 sec: 488574 operations; [READ: Count=325617 Max=5750.78 Min=2.19 Avg=66.84 10=10.72 25=13.65 50=22.46 75=81.28 90=109.76 95=220.80 99=663.04 99.9=1334.27 99.99=2123.78] [UPDATE: Count=162957 Max=13328.38 Min=6.42 Avg=17.89 10=9.62 25=10.43 50=12.22 75=14.51 90=17.49 95=19.98 99=33.76 99.9=1278.97 99.99=8298.50]
2025-04-21 20:51:33 31 sec: 515435 operations; [READ: Count=343643 Max=5750.78 Min=2.10 Avg=65.90 10=10.49 25=13.57 50=22.40 75=80.77 90=107.20 95=212.09 99=643.07 99.9=1319.93 99.99=2119.68] [UPDATE: Count=171792 Max=13328.38 Min=6.42 Avg=17.56 10=9.59 25=10.37 50=12.11 75=14.36 90=17.33 95=19.79 99=33.02 99.9=1165.31 99.99=7806.98]
2025-04-21 20:51:34 32 sec: 545565 operations; [READ: Count=363739 Max=5750.78 Min=2.10 Avg=64.64 10=10.18 25=13.47 50=22.34 75=80.19 90=104.32 95=201.09 99=622.59 99.9=1300.48 99.99=2103.30] [UPDATE: Count=181826 Max=13328.38 Min=6.42 Avg=17.21 10=9.55 25=10.30 50=12.00 75=14.21 90=17.17 95=19.57 99=32.35 99.9=1113.09 99.99=7442.43]
2025-04-21 20:51:35 33 sec: 575969 operations; [READ: Count=384005 Max=5750.78 Min=2.10 Avg=63.49 10=9.71 25=13.39 50=22.24 75=79.68 90=102.08 95=191.23 99=604.16 99.9=1286.14 99.99=2066.43] [UPDATE: Count=191964 Max=13328.38 Min=6.39 Avg=16.90 10=9.51 25=10.25 50=11.88 75=14.08 90=16.99 95=19.41 99=31.84 99.9=1069.06 99.99=7344.13]
2025-04-21 20:51:36 34 sec: 605956 operations; [READ: Count=403950 Max=5750.78 Min=2.10 Avg=62.50 10=9.15 25=13.33 50=22.16 75=79.30 90=100.35 95=181.63 99=587.77 99.9=1267.71 99.99=2064.38] [UPDATE: Count=202006 Max=13328.38 Min=6.39 Avg=16.63 10=9.48 25=10.20 50=11.78 75=13.96 90=16.85 95=19.25 99=31.44 99.9=994.30 99.99=7143.42]
2025-04-21 20:51:37 35 sec: 633688 operations; [READ: Count=422432 Max=5750.78 Min=2.10 Avg=61.84 10=8.62 25=13.27 50=22.06 75=78.97 90=99.26 95=176.25 99=573.95 99.9=1257.47 99.99=2058.24] [UPDATE: Count=211256 Max=13328.38 Min=6.39 Avg=16.39 10=9.45 25=10.17 50=11.70 75=13.86 90=16.72 95=19.10 99=30.94 99.9=922.11 99.99=6955.01]
2025-04-21 20:51:38 36 sec: 659810 operations; [READ: Count=439881 Max=5750.78 Min=2.10 Avg=61.37 10=8.19 25=13.25 50=21.98 75=78.85 90=98.37 95=172.41 99=564.22 99.9=1246.21 99.99=2034.69] [UPDATE: Count=219929 Max=13328.38 Min=6.36 Avg=16.24 10=9.44 25=10.17 50=11.68 75=13.84 90=16.64 95=18.99 99=30.53 99.9=876.54 99.99=6717.44]
2025-04-21 20:51:39 37 sec: 689756 operations; [READ: Count=459850 Max=5750.78 Min=2.10 Avg=60.60 10=7.74 25=13.20 50=21.90 75=78.53 90=97.22 95=165.63 99=552.96 99.9=1232.89 99.99=2021.38] [UPDATE: Count=229906 Max=13328.38 Min=6.36 Avg=16.02 10=9.41 25=10.13 50=11.59 75=13.75 90=16.53 95=18.85 99=30.06 99.9=822.78 99.99=6619.14]
2025-04-21 20:51:40 38 sec: 720480 operations; [READ: Count=480355 Max=5750.78 Min=2.10 Avg=59.81 10=7.39 25=13.14 50=21.77 75=78.27 90=96.06 95=160.38 99=540.16 99.9=1222.65 99.99=1999.87] [UPDATE: Count=240125 Max=13328.38 Min=6.36 Avg=15.83 10=9.38 25=10.10 50=11.50 75=13.68 90=16.41 95=18.72 99=29.70 99.9=773.63 99.99=6602.75]
2025-04-21 20:51:41 39 sec: 751131 operations; [READ: Count=500781 Max=5750.78 Min=2.10 Avg=59.09 10=7.11 25=13.10 50=21.66 75=78.02 90=95.04 95=156.16 99=525.82 99.9=1212.41 99.99=1980.41] [UPDATE: Count=250350 Max=13328.38 Min=6.36 Avg=15.65 10=9.36 25=10.08 50=11.43 75=13.62 90=16.29 95=18.61 99=29.42 99.9=753.15 99.99=6393.85]
2025-04-21 20:51:42 40 sec: 779552 operations; [READ: Count=519717 Max=5750.78 Min=2.10 Avg=58.62 10=6.90 25=13.06 50=21.55 75=77.89 90=94.33 95=153.47 99=513.02 99.9=1203.20 99.99=1956.86] [UPDATE: Count=259835 Max=13328.38 Min=6.36 Avg=15.49 10=9.34 25=10.06 50=11.37 75=13.55 90=16.18 95=18.48 99=29.12 99.9=644.61 99.99=6111.23]
2025-04-21 20:51:43 41 sec: 804985 operations; [READ: Count=536700 Max=5750.78 Min=2.10 Avg=58.42 10=6.75 25=13.02 50=21.41 75=77.76 90=94.08 95=153.09 99=508.16 99.9=1196.03 99.99=1948.67] [UPDATE: Count=268285 Max=13328.38 Min=6.36 Avg=15.36 10=9.30 25=10.04 50=11.31 75=13.50 90=16.10 95=18.40 99=28.93 99.9=615.42 99.99=5918.72]
2025-04-21 20:51:44 42 sec: 836497 operations; [READ: Count=557673 Max=5750.78 Min=2.10 Avg=57.77 10=6.58 25=12.97 50=21.23 75=77.57 90=93.18 95=149.12 99=497.15 99.9=1187.84 99.99=1930.24] [UPDATE: Count=278824 Max=13328.38 Min=6.36 Avg=15.20 10=9.28 25=10.02 50=11.25 75=13.45 90=16.00 95=18.29 99=28.59 99.9=544.25 99.99=5488.64]
2025-04-21 20:51:45 43 sec: 866081 operations; [READ: Count=577427 Max=5750.78 Min=2.10 Avg=57.30 10=6.44 25=12.93 50=21.05 75=77.44 90=92.67 95=146.05 99=485.89 99.9=1181.69 99.99=1928.19] [UPDATE: Count=288654 Max=13328.38 Min=6.34 Avg=15.07 10=9.26 25=10.01 50=11.20 75=13.40 90=15.91 95=18.18 99=28.29 99.9=508.67 99.99=5378.05]
2025-04-21 20:51:46 44 sec: 895677 operations; [READ: Count=597098 Max=5750.78 Min=2.10 Avg=56.86 10=6.33 25=12.88 50=20.85 75=77.31 90=92.22 95=143.49 99=476.42 99.9=1175.55 99.99=1925.12] [UPDATE: Count=298579 Max=13328.38 Min=6.34 Avg=14.95 10=9.23 25=9.99 50=11.16 75=13.37 90=15.83 95=18.08 99=28.06 99.9=433.15 99.99=5328.90]
2025-04-21 20:51:47 45 sec: 922231 operations; [READ: Count=614711 Max=5750.78 Min=2.10 Avg=56.65 10=6.28 25=12.86 50=20.69 75=77.31 90=91.97 95=142.08 99=471.55 99.9=1168.38 99.99=1924.10] [UPDATE: Count=307520 Max=13328.38 Min=6.34 Avg=14.87 10=9.21 25=9.99 50=11.15 75=13.35 90=15.80 95=18.02 99=27.92 99.9=392.70 99.99=4812.80]
2025-04-21 20:51:48 46 sec: 946974 operations; [READ: Count=631244 Max=5750.78 Min=2.10 Avg=56.57 10=6.22 25=12.82 50=20.48 75=77.25 90=91.84 95=142.34 99=471.04 99.9=1163.26 99.99=1922.05] [UPDATE: Count=315730 Max=13328.38 Min=6.34 Avg=14.79 10=9.19 25=9.97 50=11.12 75=13.32 90=15.73 95=17.95 99=27.71 99.9=368.38 99.99=4767.74]
2025-04-21 20:51:49 47 sec: 976466 operations; [READ: Count=650918 Max=5750.78 Min=2.10 Avg=56.20 10=6.15 25=12.78 50=20.21 75=77.18 90=91.52 95=139.90 99=463.10 99.9=1155.07 99.99=1908.73] [UPDATE: Count=325548 Max=13328.38 Min=6.26 Avg=14.69 10=9.17 25=9.97 50=11.10 75=13.29 90=15.67 95=17.87 99=27.52 99.9=330.24 99.99=4599.81]
2025-04-21 20:51:50 48 sec: 1005996 operations; [READ: Count=670582 Max=5750.78 Min=2.10 Avg=55.84 10=6.09 25=12.73 50=19.93 75=77.12 90=91.20 95=137.47 99=455.94 99.9=1145.86 99.99=1895.42] [UPDATE: Count=335414 Max=13328.38 Min=6.26 Avg=14.60 10=9.13 25=9.96 50=11.06 75=13.26 90=15.61 95=17.79 99=27.36 99.9=304.38 99.99=4575.23]
2025-04-21 20:51:51 49 sec: 1037463 operations; [READ: Count=691484 Max=5750.78 Min=2.10 Avg=55.40 10=6.01 25=12.68 50=19.58 75=77.06 90=90.81 95=133.76 99=448.25 99.9=1136.64 99.99=1858.56] [UPDATE: Count=345979 Max=13328.38 Min=6.26 Avg=14.50 10=9.10 25=9.95 50=11.03 75=13.23 90=15.54 95=17.71 99=27.12 99.9=281.09 99.99=4481.02]
2025-04-21 20:51:52 50 sec: 1064973 operations; [READ: Count=709797 Max=5750.78 Min=2.09 Avg=55.20 10=5.97 25=12.64 50=19.28 75=76.99 90=90.75 95=133.89 99=444.16 99.9=1127.42 99.99=1839.10] [UPDATE: Count=355176 Max=13328.38 Min=6.26 Avg=14.43 10=9.08 25=9.94 50=11.02 75=13.21 90=15.49 95=17.65 99=26.96 99.9=263.94 99.99=4325.38]
2025-04-21 20:51:53 51 sec: 1086890 operations; [READ: Count=724395 Max=5750.78 Min=2.09 Avg=55.30 10=5.97 25=12.62 50=19.10 75=77.06 90=90.88 95=136.57 99=447.74 99.9=1120.26 99.99=1830.91] [UPDATE: Count=362495 Max=13328.38 Min=6.26 Avg=14.43 10=9.09 25=9.95 50=11.04 75=13.23 90=15.53 95=17.66 99=26.89 99.9=262.40 99.99=4481.02]
2025-04-21 20:51:54 52 sec: 1116241 operations; [READ: Count=744010 Max=5750.78 Min=2.09 Avg=55.01 10=5.93 25=12.57 50=18.83 75=76.99 90=90.69 95=135.04 99=442.88 99.9=1115.13 99.99=1808.38] [UPDATE: Count=372231 Max=13328.38 Min=6.26 Avg=14.36 10=9.05 25=9.94 50=11.02 75=13.21 90=15.47 95=17.60 99=26.75 99.9=255.62 99.99=4325.38]
2025-04-21 20:51:55 53 sec: 1144942 operations; [READ: Count=763159 Max=5750.78 Min=2.09 Avg=54.77 10=5.88 25=12.51 50=18.57 75=76.93 90=90.56 95=134.40 99=439.04 99.9=1106.94 99.99=1803.26] [UPDATE: Count=381783 Max=13328.38 Min=6.22 Avg=14.29 10=9.02 25=9.93 50=11.00 75=13.19 90=15.43 95=17.54 99=26.66 99.9=250.24 99.99=4308.99]
2025-04-21 20:51:56 54 sec: 1171614 operations; [READ: Count=781054 Max=5750.78 Min=2.09 Avg=54.63 10=5.86 25=12.47 50=18.38 75=76.93 90=90.56 95=134.66 99=436.74 99.9=1102.85 99.99=1789.95] [UPDATE: Count=390560 Max=13328.38 Min=6.22 Avg=14.25 10=9.00 25=9.93 50=10.99 75=13.18 90=15.41 95=17.50 99=26.57 99.9=246.27 99.99=4268.03]
2025-04-21 20:51:57 55 sec: 1198670 operations; [READ: Count=799026 Max=5750.78 Min=2.09 Avg=54.49 10=5.83 25=12.42 50=18.19 75=76.93 90=90.56 95=135.42 99=433.92 99.9=1096.70 99.99=1785.86] [UPDATE: Count=399644 Max=13328.38 Min=6.22 Avg=14.20 10=8.97 25=9.92 50=10.97 75=13.17 90=15.38 95=17.45 99=26.54 99.9=245.76 99.99=4239.36]
2025-04-21 20:51:58 56 sec: 1226108 operations; [READ: Count=817275 Max=5750.78 Min=2.09 Avg=54.35 10=5.81 25=12.38 50=18.02 75=76.93 90=90.50 95=135.42 99=432.64 99.9=1089.54 99.99=1778.69] [UPDATE: Count=408833 Max=13328.38 Min=6.22 Avg=14.14 10=8.93 25=9.91 50=10.96 75=13.15 90=15.34 95=17.39 99=26.46 99.9=241.53 99.99=4124.67]
2025-04-21 20:51:59 57 sec: 1253964 operations; [READ: Count=835858 Max=5750.78 Min=2.09 Avg=54.17 10=5.79 25=12.34 50=17.87 75=76.93 90=90.43 95=135.42 99=429.06 99.9=1083.39 99.99=1777.66] [UPDATE: Count=418106 Max=13328.38 Min=6.22 Avg=14.11 10=8.91 25=9.90 50=10.96 75=13.14 90=15.32 95=17.36 99=26.38 99.9=238.97 99.99=4110.34]
2025-04-21 20:52:00 58 sec: 1284683 operations; [READ: Count=856383 Max=5750.78 Min=2.09 Avg=53.87 10=5.76 25=12.27 50=17.70 75=76.86 90=90.30 95=134.27 99=425.21 99.9=1076.22 99.99=1762.30] [UPDATE: Count=428300 Max=13328.38 Min=6.22 Avg=14.06 10=8.88 25=9.90 50=10.94 75=13.13 90=15.29 95=17.31 99=26.27 99.9=236.67 99.99=3926.01]
2025-04-21 20:52:01 59 sec: 1314150 operations; [READ: Count=876023 Max=5750.78 Min=2.09 Avg=53.64 10=5.74 25=12.21 50=17.57 75=76.80 90=90.17 95=133.50 99=421.12 99.9=1071.10 99.99=1752.06] [UPDATE: Count=438127 Max=13328.38 Min=6.22 Avg=14.04 10=8.86 25=9.89 50=10.94 75=13.13 90=15.29 95=17.30 99=26.27 99.9=232.45 99.99=3895.30]
2025-04-21 20:52:02 60 sec: 1341512 operations; [READ: Count=894315 Max=11509.76 Min=2.09 Avg=53.51 10=5.74 25=12.17 50=17.50 75=76.80 90=90.17 95=133.38 99=418.56 99.9=1063.93 99.99=1752.06] [UPDATE: Count=447197 Max=13328.38 Min=6.22 Avg=14.02 10=8.86 25=9.89 50=10.95 75=13.13 90=15.30 95=17.30 99=26.32 99.9=231.17 99.99=3801.09]
2025-04-21 20:52:03 61 sec: 1364780 operations; [READ: Count=909788 Max=11509.76 Min=2.09 Avg=53.56 10=5.75 25=12.13 50=17.49 75=76.86 90=90.30 95=135.29 99=418.81 99.9=1058.82 99.99=1747.97] [UPDATE: Count=454992 Max=13328.38 Min=6.22 Avg=14.03 10=8.85 25=9.90 50=10.96 75=13.14 90=15.30 95=17.28 99=26.35 99.9=232.19 99.99=3801.09]
2025-04-21 20:52:04 62 sec: 1384829 operations; [READ: Count=923144 Max=11509.76 Min=1.96 Avg=53.75 10=5.78 25=12.11 50=17.55 75=76.99 90=90.62 95=137.09 99=417.79 99.9=1054.72 99.99=1746.94] [UPDATE: Count=461685 Max=13328.38 Min=6.22 Avg=14.03 10=8.86 25=9.90 50=10.97 75=13.16 90=15.34 95=17.31 99=26.34 99.9=230.66 99.99=3627.01]
2025-04-21 20:52:05 63 sec: 1406670 operations; [READ: Count=937695 Max=11509.76 Min=1.96 Avg=53.86 10=5.80 25=12.09 50=17.63 75=77.18 90=90.81 95=137.47 99=415.49 99.9=1050.62 99.99=1741.82] [UPDATE: Count=468975 Max=13328.38 Min=6.22 Avg=14.02 10=8.88 25=9.91 50=10.99 75=13.17 90=15.34 95=17.30 99=26.25 99.9=230.27 99.99=3627.01]
2025-04-21 20:52:06 64 sec: 1432879 operations; [READ: Count=955193 Max=11509.76 Min=1.96 Avg=53.79 10=5.83 25=12.05 50=17.66 75=77.25 90=90.81 95=136.06 99=412.16 99.9=1046.02 99.99=1725.44] [UPDATE: Count=477686 Max=13328.38 Min=5.95 Avg=13.98 10=8.90 25=9.92 50=11.01 75=13.17 90=15.33 95=17.28 99=26.14 99.9=224.64 99.99=3614.72]
2025-04-21 20:52:07 65 sec: 1460324 operations; [READ: Count=973529 Max=11509.76 Min=1.96 Avg=53.67 10=5.86 25=12.03 50=17.70 75=77.31 90=90.75 95=134.66 99=408.32 99.9=1040.89 99.99=1716.22] [UPDATE: Count=486795 Max=13328.38 Min=5.95 Avg=13.96 10=8.93 25=9.93 50=11.02 75=13.17 90=15.31 95=17.25 99=26.08 99.9=222.46 99.99=3602.43]
2025-04-21 20:52:08 66 sec: 1481840 operations; [READ: Count=987895 Max=11509.76 Min=1.96 Avg=53.79 10=5.89 25=12.04 50=17.81 75=77.44 90=90.94 95=136.96 99=406.78 99.9=1034.75 99.99=1708.03] [UPDATE: Count=493945 Max=13328.38 Min=5.95 Avg=13.94 10=8.94 25=9.93 50=11.03 75=13.16 90=15.30 95=17.21 99=26.06 99.9=219.78 99.99=3602.43]
2025-04-21 20:52:09 67 sec: 1499962 operations; [READ: Count=1000000 Max=11509.76 Min=1.96 Avg=54.05 10=5.90 25=12.06 50=17.95 75=77.50 90=91.39 95=140.93 99=404.74 99.9=1033.21 99.99=1707.01] [UPDATE: Count=499962 Max=13328.38 Min=5.95 Avg=13.92 10=8.95 25=9.94 50=11.04 75=13.16 90=15.29 95=17.20 99=26.00 99.9=217.47 99.99=3559.42]
2025-04-21 20:52:09 67 sec: 1499962 operations; [READ: Count=1000000 Max=11509.76 Min=1.96 Avg=54.05 10=5.90 25=12.06 50=17.95 75=77.50 90=91.39 95=140.93 99=404.74 99.9=1033.21 99.99=1707.01] [UPDATE: Count=499962 Max=13328.38 Min=5.95 Avg=13.92 10=8.95 25=9.94 50=11.04 75=13.16 90=15.29 95=17.20 99=26.00 99.9=217.47 99.99=3559.42]
Run runtime(sec): 67.0973
Run operations(ops): 1000000
Run throughput(ops/sec): 14903.7
