Running scope as unit: run-r93d6967c2af7409d804ddbacb810da01.scope
load file:/home/user/DataFiles/silesia_data/silesia.tar
2025-04-22 05:58:27 0 sec: 0 operations;
2025-04-22 05:58:28 1 sec: 0 operations;
2025-04-22 05:58:29 2 sec: 0 operations;
2025-04-22 05:58:30 3 sec: 0 operations;
2025-04-22 05:58:31 4 sec: 2499 operations; [READ: Count=1255 Max=380.16 Min=4.90 Avg=33.04 10=11.77 25=15.62 50=19.45 75=26.91 90=94.02 95=102.59 99=140.29 99.9=366.59 99.99=380.16] [UPDATE: Count=1244 Max=904.70 Min=11.68 Avg=44.50 10=20.22 25=23.02 50=28.69 75=36.22 90=108.73 95=119.23 99=192.51 99.9=357.12 99.99=904.70]
2025-04-22 05:58:32 5 sec: 17731 operations; [READ: Count=8891 Max=2168.83 Min=2.64 Avg=54.96 10=13.13 25=16.82 50=22.89 75=31.26 90=104.83 95=136.57 99=894.46 99.9=1652.73 99.99=2152.45] [UPDATE: Count=8840 Max=10846.21 Min=8.35 Avg=67.02 10=21.17 25=24.85 50=31.52 75=41.38 90=115.33 95=152.19 99=872.45 99.9=1831.93 99.99=7696.38]
2025-04-22 05:58:33 6 sec: 33087 operations; [READ: Count=16646 Max=2168.83 Min=2.64 Avg=54.37 10=13.51 25=17.28 50=23.21 75=31.77 90=102.46 95=124.99 99=893.44 99.9=1570.82 99.99=2099.20] [UPDATE: Count=16441 Max=12271.61 Min=7.79 Avg=70.58 10=21.21 25=25.20 50=31.98 75=41.73 90=113.73 95=141.82 99=922.11 99.9=2083.84 99.99=10846.21]
2025-04-22 05:58:34 7 sec: 60327 operations; [READ: Count=30351 Max=2168.83 Min=2.14 Avg=43.87 10=11.34 25=14.41 50=20.16 75=28.34 90=97.28 95=115.14 99=587.26 99.9=1386.49 99.99=2060.29] [UPDATE: Count=29976 Max=12271.61 Min=7.23 Avg=57.03 10=17.82 25=22.18 50=28.40 75=37.70 90=107.71 95=128.57 99=616.96 99.9=1929.21 99.99=10756.09]
2025-04-22 05:58:35 8 sec: 91402 operations; [READ: Count=45899 Max=2168.83 Min=2.14 Avg=38.25 10=11.10 25=13.13 50=19.05 75=25.97 90=92.29 95=109.89 99=396.03 99.9=1282.05 99.99=2002.94] [UPDATE: Count=45503 Max=12271.61 Min=6.98 Avg=49.59 10=17.42 25=20.73 50=26.66 75=34.78 90=101.50 95=121.09 99=407.04 99.9=1622.02 99.99=10043.39]
2025-04-22 05:58:36 9 sec: 125270 operations; [READ: Count=62898 Max=2170.88 Min=2.14 Avg=34.58 10=11.06 25=12.97 50=18.54 75=24.67 90=59.94 95=104.58 99=363.26 99.9=1254.40 99.99=2002.94] [UPDATE: Count=62372 Max=12271.61 Min=6.98 Avg=45.01 10=17.33 25=20.34 50=26.03 75=33.18 90=88.58 95=114.69 99=367.10 99.9=1512.45 99.99=7696.38]
2025-04-22 05:58:37 10 sec: 163826 operations; [READ: Count=82176 Max=2170.88 Min=2.10 Avg=31.32 10=11.02 25=12.95 50=18.22 75=23.97 90=35.68 95=100.03 99=299.77 99.9=1200.13 99.99=1909.76] [UPDATE: Count=81650 Max=12271.61 Min=6.98 Avg=41.33 10=17.30 25=20.22 50=25.81 75=32.46 90=45.98 95=109.89 99=311.55 99.9=1413.12 99.99=7102.46]
2025-04-22 05:58:38 11 sec: 180192 operations; [READ: Count=90364 Max=2170.88 Min=2.10 Avg=33.46 10=11.03 25=13.05 50=18.51 75=24.64 90=82.62 95=103.94 99=318.46 99.9=1168.38 99.99=1863.68] [UPDATE: Count=89828 Max=12271.61 Min=6.98 Avg=43.52 10=17.31 25=20.37 50=26.09 75=33.22 90=91.33 95=114.43 99=334.33 99.9=1399.81 99.99=5640.19]
2025-04-22 05:58:39 12 sec: 193543 operations; [READ: Count=97101 Max=2170.88 Min=2.10 Avg=35.92 10=11.02 25=13.14 50=18.86 75=25.47 90=90.75 95=108.29 99=330.50 99.9=1159.17 99.99=1847.30] [UPDATE: Count=96442 Max=12271.61 Min=6.98 Avg=45.96 10=17.33 25=20.50 50=26.41 75=34.24 90=99.65 95=119.49 99=345.09 99.9=1376.26 99.99=5308.41]
2025-04-22 05:58:40 13 sec: 208511 operations; [READ: Count=104520 Max=2170.88 Min=2.10 Avg=37.67 10=11.00 25=13.20 50=19.07 75=26.09 90=93.76 95=112.45 99=336.13 99.9=1138.69 99.99=1847.30] [UPDATE: Count=103991 Max=12271.61 Min=6.96 Avg=47.78 10=17.31 25=20.54 50=26.62 75=35.07 90=102.72 95=124.67 99=352.51 99.9=1358.85 99.99=5308.41]
2025-04-22 05:58:41 14 sec: 224673 operations; [READ: Count=112514 Max=2170.88 Min=2.10 Avg=38.91 10=10.95 25=13.22 50=19.17 75=26.48 90=94.85 95=114.88 99=347.65 99.9=1158.14 99.99=1842.17] [UPDATE: Count=112159 Max=12271.61 Min=6.96 Avg=49.15 10=17.28 25=20.56 50=26.73 75=35.62 90=103.87 95=127.68 99=361.73 99.9=1394.69 99.99=5308.41]
2025-04-22 05:58:42 15 sec: 242777 operations; [READ: Count=121511 Max=2170.88 Min=2.10 Avg=39.76 10=10.91 25=13.23 50=19.17 75=27.02 90=95.74 95=117.38 99=346.11 99.9=1122.30 99.99=1799.17] [UPDATE: Count=121266 Max=12271.61 Min=6.96 Avg=49.83 10=17.21 25=20.51 50=26.73 75=36.26 90=104.70 95=130.62 99=359.68 99.9=1358.85 99.99=4820.99]
2025-04-22 05:58:43 16 sec: 258376 operations; [READ: Count=129319 Max=2170.88 Min=2.10 Avg=40.96 10=10.87 25=13.25 50=19.17 75=28.14 90=96.51 95=119.30 99=345.60 99.9=1104.89 99.99=1783.81] [UPDATE: Count=129057 Max=12271.61 Min=6.96 Avg=50.86 10=17.18 25=20.46 50=26.75 75=37.66 90=105.60 95=132.86 99=355.84 99.9=1327.10 99.99=4280.32]
2025-04-22 05:58:44 17 sec: 272972 operations; [READ: Count=136574 Max=2170.88 Min=2.10 Avg=42.19 10=10.81 25=13.26 50=19.18 75=29.71 90=97.41 95=122.62 99=348.16 99.9=1089.54 99.99=1744.89] [UPDATE: Count=136398 Max=12271.61 Min=6.96 Avg=51.95 10=17.12 25=20.43 50=26.78 75=39.58 90=106.37 95=136.45 99=358.14 99.9=1315.84 99.99=3848.19]
2025-04-22 05:58:45 18 sec: 288167 operations; [READ: Count=144091 Max=2170.88 Min=2.10 Avg=43.09 10=10.74 25=13.29 50=19.21 75=31.89 90=97.86 95=123.97 99=345.60 99.9=1067.01 99.99=1744.89] [UPDATE: Count=144076 Max=12271.61 Min=6.96 Avg=52.92 10=17.09 25=20.46 50=26.86 75=42.62 90=106.94 95=137.98 99=357.12 99.9=1285.12 99.99=3848.19]
2025-04-22 05:58:46 19 sec: 304191 operations; [READ: Count=152097 Max=2170.88 Min=2.10 Avg=43.82 10=10.65 25=13.28 50=19.28 75=37.53 90=97.60 95=123.65 99=344.57 99.9=1053.69 99.99=1739.78] [UPDATE: Count=152094 Max=12271.61 Min=6.96 Avg=53.61 10=16.99 25=20.38 50=26.93 75=52.83 90=106.62 95=137.73 99=356.86 99.9=1268.73 99.99=3848.19]
2025-04-22 05:58:47 20 sec: 321748 operations; [READ: Count=160943 Max=2170.88 Min=2.10 Avg=44.29 10=10.52 25=13.26 50=19.36 75=74.43 90=97.02 95=121.73 99=336.89 99.9=1033.21 99.99=1732.61] [UPDATE: Count=160805 Max=12271.61 Min=6.96 Avg=53.95 10=16.88 25=20.30 50=27.02 75=82.50 90=105.92 95=135.42 99=350.21 99.9=1221.63 99.99=3117.05]
2025-04-22 05:58:48 21 sec: 339714 operations; [READ: Count=169917 Max=2170.88 Min=2.10 Avg=44.61 10=10.35 25=13.21 50=19.41 75=76.99 90=96.45 95=119.87 99=328.96 99.9=1007.10 99.99=1731.58] [UPDATE: Count=169797 Max=12271.61 Min=6.96 Avg=54.23 10=16.75 25=20.24 50=27.14 75=84.29 90=105.28 95=132.99 99=340.48 99.9=1186.82 99.99=3010.56]
2025-04-22 05:58:49 22 sec: 357516 operations; [READ: Count=178874 Max=2170.88 Min=2.10 Avg=44.97 10=10.15 25=13.19 50=19.50 75=77.95 90=95.94 95=118.27 99=322.30 99.9=993.28 99.99=1652.73] [UPDATE: Count=178642 Max=12271.61 Min=6.96 Avg=54.46 10=16.61 25=20.16 50=27.25 75=85.18 90=104.64 95=131.20 99=334.59 99.9=1165.31 99.99=2998.27]
2025-04-22 05:58:50 23 sec: 375185 operations; [READ: Count=187569 Max=2170.88 Min=2.10 Avg=45.27 10=9.86 25=13.17 50=19.60 75=78.53 90=95.49 95=116.61 99=314.88 99.9=983.04 99.99=1651.71] [UPDATE: Count=187616 Max=12271.61 Min=6.96 Avg=54.72 10=16.45 25=20.11 50=27.34 75=85.82 90=104.06 95=129.15 99=328.45 99.9=1150.97 99.99=2998.27]
2025-04-22 05:58:51 24 sec: 392205 operations; [READ: Count=195965 Max=2170.88 Min=2.10 Avg=45.65 10=9.52 25=13.14 50=19.65 75=78.91 90=95.17 95=115.78 99=314.88 99.9=965.63 99.99=1629.18] [UPDATE: Count=196240 Max=12271.61 Min=6.82 Avg=55.03 10=16.28 25=20.03 50=27.39 75=86.21 90=103.68 95=128.19 99=327.42 99.9=1138.69 99.99=2994.18]
2025-04-22 05:58:52 25 sec: 411942 operations; [READ: Count=205919 Max=2170.88 Min=2.10 Avg=45.68 10=8.99 25=13.10 50=19.61 75=79.10 90=94.66 95=114.05 99=305.66 99.9=939.52 99.99=1627.13] [UPDATE: Count=206023 Max=12271.61 Min=6.82 Avg=54.95 10=16.06 25=19.93 50=27.38 75=86.40 90=103.10 95=126.21 99=318.72 99.9=1111.04 99.99=2969.60]
2025-04-22 05:58:53 26 sec: 432940 operations; [READ: Count=216410 Max=2170.88 Min=2.10 Avg=45.56 10=8.39 25=13.04 50=19.49 75=79.17 90=94.14 95=112.32 99=296.96 99.9=929.28 99.99=1625.09] [UPDATE: Count=216530 Max=12271.61 Min=6.82 Avg=54.73 10=15.78 25=19.82 50=27.26 75=86.53 90=102.53 95=124.16 99=310.78 99.9=1086.46 99.99=2945.02]
2025-04-22 05:58:54 27 sec: 455868 operations; [READ: Count=227843 Max=2170.88 Min=2.10 Avg=45.24 10=7.84 25=12.95 50=19.25 75=79.10 90=93.50 95=110.59 99=288.25 99.9=902.14 99.99=1624.06] [UPDATE: Count=228025 Max=12271.61 Min=6.82 Avg=54.30 10=15.43 25=19.68 50=27.02 75=86.33 90=101.82 95=122.05 99=301.82 99.9=1059.84 99.99=2883.58]
2025-04-22 05:58:55 28 sec: 480605 operations; [READ: Count=240161 Max=2170.88 Min=2.10 Avg=44.77 10=7.34 25=12.86 50=18.89 75=78.91 90=92.86 95=108.73 99=280.06 99.9=885.25 99.99=1611.78] [UPDATE: Count=240444 Max=12271.61 Min=6.82 Avg=53.72 10=15.05 25=19.49 50=26.67 75=86.02 90=101.12 95=120.25 99=292.35 99.9=1039.87 99.99=2836.48]
2025-04-22 05:58:56 29 sec: 505243 operations; [READ: Count=252402 Max=2170.88 Min=2.10 Avg=44.36 10=6.97 25=12.75 50=18.40 75=78.66 90=92.35 95=107.78 99=280.06 99.9=861.70 99.99=1603.58] [UPDATE: Count=252841 Max=12271.61 Min=6.82 Avg=53.20 10=14.64 25=19.33 50=26.24 75=85.69 90=100.54 95=119.04 99=292.10 99.9=1013.25 99.99=2680.83]
2025-04-22 05:58:57 30 sec: 534796 operations; [READ: Count=267136 Max=2170.88 Min=2.10 Avg=43.53 10=6.62 25=12.62 50=17.71 75=78.21 90=91.65 95=106.11 99=271.36 99.9=836.61 99.99=1570.82] [UPDATE: Count=267660 Max=12271.61 Min=6.82 Avg=52.29 10=14.18 25=19.10 50=25.66 75=85.25 90=99.78 95=116.99 99=282.88 99.9=975.36 99.99=2564.09]
2025-04-22 05:58:58 31 sec: 566224 operations; [READ: Count=282864 Max=2170.88 Min=2.10 Avg=42.65 10=6.32 25=12.49 50=17.02 75=77.82 90=91.07 95=104.58 99=261.50 99.9=808.45 99.99=1570.82] [UPDATE: Count=283360 Max=12271.61 Min=6.82 Avg=51.30 10=13.73 25=18.89 50=25.04 75=84.73 90=99.07 95=115.26 99=273.41 99.9=951.81 99.99=2537.47]
2025-04-22 05:58:59 32 sec: 598852 operations; [READ: Count=299050 Max=2170.88 Min=2.10 Avg=41.75 10=6.09 25=12.37 50=16.40 75=77.31 90=90.37 95=103.17 99=251.78 99.9=783.36 99.99=1553.41] [UPDATE: Count=299802 Max=12271.61 Min=6.82 Avg=50.32 10=13.39 25=18.73 50=24.43 75=84.22 90=98.30 95=113.53 99=265.98 99.9=915.46 99.99=2412.54]
2025-04-22 05:59:00 33 sec: 633533 operations; [READ: Count=316299 Max=2170.88 Min=2.10 Avg=40.80 10=5.89 25=12.24 50=15.89 75=76.80 90=89.79 95=101.89 99=243.97 99.9=767.49 99.99=1530.88] [UPDATE: Count=317234 Max=12271.61 Min=6.54 Avg=49.30 10=13.07 25=18.56 50=23.84 75=83.65 90=97.66 95=112.13 99=258.05 99.9=893.95 99.99=2359.30]
2025-04-22 05:59:01 34 sec: 666311 operations; [READ: Count=332721 Max=2170.88 Min=2.10 Avg=40.08 10=5.74 25=12.13 50=15.51 75=76.29 90=89.28 95=101.06 99=242.81 99.9=758.78 99.99=1506.30] [UPDATE: Count=333590 Max=12271.61 Min=6.54 Avg=48.50 10=12.81 25=18.40 50=23.34 75=83.07 90=97.09 95=111.10 99=257.41 99.9=868.35 99.99=2308.09]
2025-04-22 05:59:02 35 sec: 704779 operations; [READ: Count=352045 Max=2170.88 Min=2.10 Avg=39.07 10=5.59 25=12.01 50=15.13 75=75.52 90=88.70 95=100.03 99=234.50 99.9=741.38 99.99=1495.04] [UPDATE: Count=352734 Max=12271.61 Min=6.54 Avg=47.43 10=12.57 25=18.22 50=22.85 75=82.30 90=96.45 95=109.82 99=250.11 99.9=835.07 99.99=2285.57]
2025-04-22 05:59:03 36 sec: 741701 operations; [READ: Count=370643 Max=2170.88 Min=2.10 Avg=38.24 10=5.48 25=11.89 50=14.87 75=74.69 90=88.25 95=99.33 99=227.33 99.9=722.43 99.99=1476.61] [UPDATE: Count=371058 Max=12271.61 Min=6.54 Avg=46.57 10=12.39 25=18.08 50=22.51 75=81.60 90=96.00 95=108.93 99=244.35 99.9=819.71 99.99=2267.14]
2025-04-22 05:59:04 37 sec: 778706 operations; [READ: Count=389178 Max=2170.88 Min=2.10 Avg=37.51 10=5.39 25=11.81 50=14.68 75=73.73 90=87.94 95=98.56 99=220.29 99.9=697.34 99.99=1451.01] [UPDATE: Count=389528 Max=12271.61 Min=6.54 Avg=45.77 10=12.23 25=17.95 50=22.22 75=80.83 90=95.55 95=108.03 99=236.93 99.9=783.36 99.99=2211.84]
2025-04-22 05:59:05 38 sec: 815787 operations; [READ: Count=407806 Max=2170.88 Min=2.10 Avg=36.83 10=5.33 25=11.71 50=14.52 75=72.58 90=87.49 95=97.86 99=213.50 99.9=681.47 99.99=1433.60] [UPDATE: Count=407981 Max=12271.61 Min=6.54 Avg=45.04 10=12.10 25=17.82 50=22.00 75=79.94 90=95.10 95=107.33 99=230.91 99.9=766.98 99.99=2074.62]
2025-04-22 05:59:06 39 sec: 851692 operations; [READ: Count=425717 Max=2170.88 Min=2.10 Avg=36.26 10=5.26 25=11.62 50=14.40 75=71.55 90=87.17 95=97.34 99=209.02 99.9=669.18 99.99=1425.41] [UPDATE: Count=425975 Max=12271.61 Min=6.54 Avg=44.44 10=11.97 25=17.71 50=21.79 75=79.04 90=94.78 95=106.69 99=226.94 99.9=749.57 99.99=2061.31]
2025-04-22 05:59:07 40 sec: 887693 operations; [READ: Count=443773 Max=2170.88 Min=2.10 Avg=35.73 10=5.21 25=11.51 50=14.29 75=70.72 90=86.91 95=96.83 99=205.31 99.9=662.53 99.99=1421.31] [UPDATE: Count=443920 Max=12271.61 Min=6.54 Avg=43.89 10=11.89 25=17.60 50=21.63 75=78.08 90=94.46 95=106.17 99=224.13 99.9=735.23 99.99=2060.29]
2025-04-22 05:59:08 41 sec: 922188 operations; [READ: Count=461151 Max=2170.88 Min=2.01 Avg=35.30 10=5.21 25=11.41 50=14.24 75=70.02 90=86.72 95=96.51 99=202.37 99.9=654.34 99.99=1417.21] [UPDATE: Count=461037 Max=12271.61 Min=6.30 Avg=43.46 10=11.86 25=17.52 50=21.54 75=77.25 90=94.33 95=105.92 99=221.18 99.9=715.77 99.99=2054.14]
2025-04-22 05:59:09 42 sec: 944947 operations; [READ: Count=472513 Max=2170.88 Min=1.98 Avg=35.38 10=5.24 25=11.41 50=14.28 75=70.21 90=86.91 95=96.77 99=201.98 99.9=648.70 99.99=1415.17] [UPDATE: Count=472434 Max=12271.61 Min=6.30 Avg=43.54 10=11.89 25=17.52 50=21.58 75=77.50 90=94.53 95=106.17 99=222.08 99.9=707.07 99.99=2049.02]
2025-04-22 05:59:10 43 sec: 964725 operations; [READ: Count=482367 Max=2170.88 Min=1.98 Avg=35.59 10=5.27 25=11.45 50=14.33 75=70.59 90=87.23 95=97.22 99=203.65 99.9=644.61 99.99=1410.05] [UPDATE: Count=482358 Max=12271.61 Min=6.30 Avg=43.76 10=11.95 25=17.55 50=21.66 75=77.95 90=94.91 95=106.69 99=224.13 99.9=701.44 99.99=2010.11]
2025-04-22 05:59:11 44 sec: 980636 operations; [READ: Count=490340 Max=2170.88 Min=1.98 Avg=35.96 10=5.29 25=11.49 50=14.38 75=71.17 90=87.68 95=97.92 99=207.23 99.9=645.63 99.99=1408.00] [UPDATE: Count=490296 Max=12271.61 Min=6.30 Avg=44.11 10=11.99 25=17.60 50=21.73 75=78.72 90=95.42 95=107.33 99=226.81 99.9=699.39 99.99=2002.94]
2025-04-22 05:59:12 45 sec: 992931 operations; [READ: Count=496436 Max=2170.88 Min=1.98 Avg=36.45 10=5.31 25=11.51 50=14.41 75=71.94 90=88.13 95=98.88 99=214.91 99.9=648.70 99.99=1393.66] [UPDATE: Count=496495 Max=12271.61 Min=6.30 Avg=44.61 10=12.02 25=17.63 50=21.81 75=79.55 90=95.94 95=108.42 99=233.34 99.9=699.90 99.99=1990.65]
2025-04-22 05:59:12 45 sec: 1000000 operations; [READ: Count=499959 Max=2170.88 Min=1.98 Avg=36.79 10=5.32 25=11.54 50=14.45 75=72.45 90=88.45 95=99.58 99=219.52 99.9=648.70 99.99=1393.66] [UPDATE: Count=500041 Max=12271.61 Min=6.30 Avg=44.97 10=12.04 25=17.65 50=21.86 75=80.06 90=96.25 95=109.25 99=237.44 99.9=699.39 99.99=1990.65]
Run runtime(sec): 45.741
Run operations(ops): 1000000
Run throughput(ops/sec): 21862.2
