Running scope as unit: run-rf8b1987cdc53405d87098d8a91692452.scope
load file:/home/user/DataFiles/silesia_data/silesia.tar
2025-04-21 21:23:34 0 sec: 0 operations;
2025-04-21 21:23:35 1 sec: 0 operations;
2025-04-21 21:23:36 2 sec: 0 operations;
2025-04-21 21:23:37 3 sec: 0 operations;
2025-04-21 21:23:38 4 sec: 0 operations;
2025-04-21 21:23:39 5 sec: 0 operations;
2025-04-21 21:23:40 6 sec: 0 operations;
2025-04-21 21:23:41 7 sec: 0 operations;
2025-04-21 21:23:42 8 sec: 0 operations;
2025-04-21 21:23:43 9 sec: 0 operations;
2025-04-21 21:23:44 10 sec: 3061 operations; [READ: Count=1516 Max=2539.52 Min=9.13 Avg=159.20 10=23.61 25=32.48 50=47.49 75=140.03 90=377.09 95=821.25 99=1418.24 99.9=2369.53 99.99=2539.52] [UPDATE: Count=1545 Max=19202.05 Min=16.70 Avg=312.73 10=41.57 25=57.85 50=94.85 75=187.39 90=485.12 95=964.61 99=3475.45 99.9=15147.01 99.99=19202.05]
2025-04-21 21:23:45 11 sec: 7045 operations; [READ: Count=3503 Max=2885.63 Min=5.04 Avg=185.73 10=25.61 25=35.07 50=52.29 75=167.29 90=565.76 95=873.47 99=1399.81 99.9=2369.53 99.99=2885.63] [UPDATE: Count=3542 Max=22413.31 Min=12.30 Avg=301.04 10=44.35 25=59.42 50=93.25 75=224.77 90=637.44 95=907.77 99=2142.21 99.9=17006.59 99.99=22413.31]
2025-04-21 21:23:46 12 sec: 9462 operations; [READ: Count=4703 Max=5701.63 Min=5.04 Avg=204.57 10=26.06 25=35.87 50=53.70 75=165.63 90=623.62 95=981.50 99=1704.96 99.9=3119.10 99.99=5701.63] [UPDATE: Count=4759 Max=34734.08 Min=12.30 Avg=368.02 10=43.77 25=59.68 50=92.16 75=215.29 90=688.64 95=1053.69 99=3702.78 99.9=23199.74 99.99=34734.08]
2025-04-21 21:23:47 13 sec: 12783 operations; [READ: Count=6369 Max=12582.91 Min=5.04 Avg=214.95 10=25.66 25=35.42 50=53.47 75=163.71 90=596.99 95=1008.13 99=1939.45 99.9=6778.88 99.99=12238.85] [UPDATE: Count=6414 Max=41353.21 Min=12.30 Avg=364.31 10=44.51 25=60.03 50=91.58 75=211.20 90=671.74 95=1090.56 99=3702.78 99.9=24035.33 99.99=34734.08]
2025-04-21 21:23:48 14 sec: 17295 operations; [READ: Count=8655 Max=28475.39 Min=3.14 Avg=201.38 10=23.10 25=31.68 50=49.85 75=140.54 90=540.16 95=950.78 99=1970.17 99.9=5926.91 99.99=12582.91] [UPDATE: Count=8640 Max=48037.89 Min=10.37 Avg=342.37 10=37.28 25=52.00 50=83.07 75=180.61 90=603.65 95=1012.74 99=3237.89 99.9=24657.92 99.99=46268.42]
2025-04-21 21:23:49 15 sec: 20744 operations; [READ: Count=10370 Max=28475.39 Min=3.14 Avg=204.77 10=23.17 25=31.95 50=49.53 75=140.29 90=591.36 95=981.50 99=1978.37 99.9=5701.63 99.99=12582.91] [UPDATE: Count=10374 Max=48037.89 Min=10.37 Avg=342.91 10=37.70 25=52.03 50=82.05 75=183.17 90=666.11 95=1061.89 99=3115.01 99.9=24035.33 99.99=46268.42]
2025-04-21 21:23:50 16 sec: 26943 operations; [READ: Count=13475 Max=28475.39 Min=3.11 Avg=189.52 10=22.43 25=31.09 50=47.39 75=134.01 90=535.55 95=918.01 99=1835.01 99.9=4706.30 99.99=12582.91] [UPDATE: Count=13468 Max=48037.89 Min=10.37 Avg=306.98 10=35.55 25=48.26 50=75.58 75=163.97 90=609.28 95=972.80 99=2646.01 99.9=22872.06 99.99=46268.42]
2025-04-21 21:23:51 17 sec: 36739 operations; [READ: Count=18279 Max=28475.39 Min=2.78 Avg=163.39 10=21.20 25=29.01 50=44.83 75=125.25 90=402.69 95=782.34 99=1629.18 99.9=3854.34 99.99=12238.85] [UPDATE: Count=18460 Max=48037.89 Min=8.04 Avg=254.01 10=32.02 25=43.10 50=69.69 75=147.84 90=465.15 95=844.29 99=2252.80 99.9=22003.71 99.99=41353.21]
2025-04-21 21:23:52 18 sec: 45474 operations; [READ: Count=22678 Max=28475.39 Min=2.78 Avg=149.74 10=21.45 25=29.10 50=44.38 75=125.95 90=349.18 95=673.28 99=1490.94 99.9=3651.58 99.99=12238.85] [UPDATE: Count=22796 Max=48037.89 Min=8.04 Avg=230.89 10=32.67 25=43.81 50=69.18 75=149.50 90=409.09 95=756.22 99=1984.51 99.9=19202.05 99.99=41353.21]
2025-04-21 21:23:53 19 sec: 52308 operations; [READ: Count=26123 Max=28475.39 Min=2.78 Avg=145.29 10=20.99 25=28.45 50=43.10 75=125.89 90=343.30 95=646.14 99=1421.31 99.9=3534.85 99.99=9601.02] [UPDATE: Count=26185 Max=48037.89 Min=8.04 Avg=223.58 10=32.13 25=43.07 50=67.45 75=150.53 90=404.99 95=740.35 99=1882.11 99.9=18546.69 99.99=37224.45]
2025-04-21 21:23:54 20 sec: 59526 operations; [READ: Count=29718 Max=28475.39 Min=2.78 Avg=141.36 10=21.09 25=28.45 50=42.72 75=124.93 90=334.33 95=632.83 99=1364.99 99.9=3162.11 99.99=9601.02] [UPDATE: Count=29808 Max=48037.89 Min=8.04 Avg=215.90 10=32.35 25=43.33 50=67.26 75=150.91 90=397.06 95=723.46 99=1743.87 99.9=17006.59 99.99=37224.45]
2025-04-21 21:23:55 21 sec: 67989 operations; [READ: Count=33960 Max=28475.39 Min=2.78 Avg=136.11 10=21.09 25=28.35 50=42.17 75=123.39 90=322.05 95=604.16 99=1304.58 99.9=3022.85 99.99=9601.02] [UPDATE: Count=34029 Max=48037.89 Min=8.04 Avg=205.72 10=32.37 25=43.30 50=66.30 75=149.50 90=384.00 95=691.71 99=1659.90 99.9=15147.01 99.99=37224.45]
2025-04-21 21:23:56 22 sec: 76335 operations; [READ: Count=38113 Max=28475.39 Min=2.78 Avg=132.84 10=20.98 25=28.16 50=41.66 75=121.60 90=315.90 95=589.31 99=1272.83 99.9=2947.07 99.99=8945.66] [UPDATE: Count=38222 Max=48037.89 Min=8.04 Avg=197.44 10=32.09 25=43.04 50=65.22 75=146.94 90=371.45 95=674.30 99=1584.13 99.9=13631.49 99.99=34734.08]
2025-04-21 21:23:57 23 sec: 85410 operations; [READ: Count=42623 Max=28475.39 Min=2.78 Avg=128.75 10=21.02 25=28.16 50=41.31 75=118.72 90=303.62 95=572.41 99=1221.63 99.9=2772.99 99.99=8945.66] [UPDATE: Count=42787 Max=48037.89 Min=8.04 Avg=189.49 10=32.22 25=43.13 50=64.70 75=143.49 90=356.10 95=653.31 99=1510.40 99.9=12615.68 99.99=34734.08]
2025-04-21 21:23:58 24 sec: 93823 operations; [READ: Count=46890 Max=28475.39 Min=2.78 Avg=126.58 10=20.93 25=28.03 50=40.86 75=116.09 90=294.65 95=568.83 99=1220.61 99.9=2713.60 99.99=8773.63] [UPDATE: Count=46933 Max=48037.89 Min=8.04 Avg=184.25 10=32.11 25=42.98 50=63.77 75=139.65 90=344.32 95=644.10 99=1476.61 99.9=12115.97 99.99=34373.63]
2025-04-21 21:23:59 25 sec: 104034 operations; [READ: Count=51977 Max=28475.39 Min=2.78 Avg=121.78 10=20.85 25=27.86 50=40.41 75=111.30 90=273.66 95=541.18 99=1196.03 99.9=2623.49 99.99=8773.63] [UPDATE: Count=52057 Max=48037.89 Min=8.04 Avg=177.44 10=32.16 25=42.94 50=63.04 75=135.04 90=324.86 95=616.96 99=1426.43 99.9=11829.25 99.99=34373.63]
2025-04-21 21:24:00 26 sec: 113641 operations; [READ: Count=56811 Max=28475.39 Min=2.62 Avg=118.80 10=20.78 25=27.84 50=40.26 75=108.16 90=263.68 95=519.17 99=1161.21 99.9=2564.09 99.99=7655.42] [UPDATE: Count=56830 Max=48037.89 Min=8.04 Avg=172.49 10=32.08 25=42.85 50=62.59 75=132.61 90=314.11 95=597.50 99=1390.59 99.9=11100.16 99.99=32210.94]
2025-04-21 21:24:01 27 sec: 121928 operations; [READ: Count=60992 Max=28475.39 Min=2.62 Avg=117.69 10=20.70 25=27.77 50=40.26 75=108.16 90=263.68 95=509.95 99=1145.86 99.9=2535.42 99.99=7655.42] [UPDATE: Count=60936 Max=48037.89 Min=8.04 Avg=170.03 10=31.89 25=42.56 50=62.37 75=132.61 90=314.11 95=588.29 99=1368.06 99.9=10149.89 99.99=32210.94]
2025-04-21 21:24:02 28 sec: 128833 operations; [READ: Count=64422 Max=28475.39 Min=2.62 Avg=118.15 10=20.51 25=27.68 50=40.29 75=110.08 90=268.54 95=510.72 99=1139.71 99.9=2486.27 99.99=7655.42] [UPDATE: Count=64411 Max=48037.89 Min=7.94 Avg=169.49 10=31.65 25=42.37 50=62.37 75=133.76 90=319.49 95=588.80 99=1351.68 99.9=9920.51 99.99=32210.94]
2025-04-21 21:24:03 29 sec: 133955 operations; [READ: Count=66979 Max=28475.39 Min=2.62 Avg=120.31 10=20.50 25=27.76 50=40.64 75=113.15 90=281.34 95=523.01 99=1154.05 99.9=2469.89 99.99=7053.31] [UPDATE: Count=66976 Max=48037.89 Min=7.94 Avg=171.13 10=31.60 25=42.40 50=62.72 75=136.32 90=329.21 95=597.50 99=1375.23 99.9=9453.57 99.99=29949.95]
2025-04-21 21:24:04 30 sec: 139435 operations; [READ: Count=69685 Max=28475.39 Min=2.62 Avg=121.88 10=20.53 25=27.90 50=41.22 75=116.67 90=289.28 95=522.75 99=1149.95 99.9=2441.22 99.99=7053.31] [UPDATE: Count=69750 Max=48037.89 Min=7.94 Avg=172.30 10=31.66 25=42.62 50=63.62 75=140.16 90=337.15 95=598.01 99=1376.26 99.9=9248.77 99.99=29949.95]
2025-04-21 21:24:05 31 sec: 144564 operations; [READ: Count=72263 Max=28475.39 Min=2.62 Avg=123.85 10=20.53 25=28.06 50=41.89 75=120.13 90=302.33 95=525.31 99=1146.88 99.9=2418.69 99.99=7053.31] [UPDATE: Count=72301 Max=48037.89 Min=7.94 Avg=173.62 10=31.70 25=42.85 50=64.51 75=144.25 90=345.60 95=599.04 99=1371.13 99.9=9093.12 99.99=29949.95]
2025-04-21 21:24:06 32 sec: 150036 operations; [READ: Count=75042 Max=28475.39 Min=2.62 Avg=125.33 10=20.53 25=28.19 50=42.59 75=122.56 90=310.53 95=525.82 99=1137.66 99.9=2396.16 99.99=6778.88] [UPDATE: Count=74994 Max=48037.89 Min=7.94 Avg=174.53 10=31.71 25=43.04 50=65.41 75=147.46 90=352.51 95=598.01 99=1368.06 99.9=8007.68 99.99=29949.95]
2025-04-21 21:24:07 33 sec: 155078 operations; [READ: Count=77513 Max=28475.39 Min=2.62 Avg=126.93 10=20.48 25=28.29 50=43.04 75=124.29 90=316.16 95=529.92 99=1137.66 99.9=2414.59 99.99=6778.88] [UPDATE: Count=77565 Max=48037.89 Min=7.94 Avg=175.93 10=31.68 25=43.17 50=66.17 75=149.76 90=357.38 95=603.13 99=1373.18 99.9=7639.04 99.99=28164.10]
2025-04-21 21:24:08 34 sec: 159959 operations; [READ: Count=79984 Max=28475.39 Min=2.62 Avg=128.69 10=20.45 25=28.38 50=43.45 75=126.02 90=322.05 95=536.06 99=1145.86 99.9=2441.22 99.99=6778.88] [UPDATE: Count=79975 Max=48037.89 Min=7.94 Avg=177.35 10=31.65 25=43.20 50=66.69 75=151.68 90=361.98 95=605.70 99=1380.35 99.9=7639.04 99.99=28164.10]
2025-04-21 21:24:09 35 sec: 166138 operations; [READ: Count=83080 Max=28475.39 Min=2.62 Avg=129.00 10=20.30 25=28.37 50=43.74 75=126.85 90=323.58 95=534.53 99=1133.57 99.9=2418.69 99.99=6778.88] [UPDATE: Count=83058 Max=48037.89 Min=7.94 Avg=177.59 10=31.54 25=43.20 50=67.20 75=152.96 90=364.03 95=605.70 99=1376.26 99.9=7544.83 99.99=28164.10]
2025-04-21 21:24:10 36 sec: 172704 operations; [READ: Count=86361 Max=28475.39 Min=2.62 Avg=129.11 10=20.18 25=28.37 50=44.03 75=127.68 90=324.35 95=530.94 99=1129.47 99.9=2396.16 99.99=6176.77] [UPDATE: Count=86343 Max=48037.89 Min=7.94 Avg=177.28 10=31.44 25=43.20 50=67.58 75=153.98 90=365.06 95=602.11 99=1368.06 99.9=7479.30 99.99=24657.92]
2025-04-21 21:24:11 37 sec: 179701 operations; [READ: Count=89832 Max=28475.39 Min=2.62 Avg=128.96 10=20.06 25=28.32 50=44.16 75=128.19 90=325.38 95=526.85 99=1117.18 99.9=2369.53 99.99=6176.77] [UPDATE: Count=89869 Max=48037.89 Min=7.94 Avg=176.51 10=31.30 25=43.04 50=67.58 75=154.50 90=365.31 95=599.04 99=1352.70 99.9=7286.78 99.99=24657.92]
2025-04-21 21:24:12 38 sec: 186216 operations; [READ: Count=93114 Max=28475.39 Min=2.62 Avg=129.15 10=19.95 25=28.24 50=44.22 75=128.38 90=326.65 95=528.89 99=1115.13 99.9=2357.25 99.99=6176.77] [UPDATE: Count=93102 Max=48037.89 Min=7.94 Avg=176.31 10=31.09 25=42.85 50=67.52 75=154.50 90=366.85 95=600.06 99=1350.65 99.9=7102.46 99.99=24657.92]
2025-04-21 21:24:13 39 sec: 194027 operations; [READ: Count=97004 Max=28475.39 Min=2.62 Avg=128.46 10=19.79 25=28.13 50=44.13 75=128.19 90=325.38 95=524.29 99=1102.85 99.9=2326.53 99.99=6062.08] [UPDATE: Count=97023 Max=48037.89 Min=7.94 Avg=174.90 10=30.85 25=42.53 50=67.26 75=153.98 90=365.06 95=593.41 99=1343.49 99.9=6901.76 99.99=24035.33]
2025-04-21 21:24:14 40 sec: 202022 operations; [READ: Count=101056 Max=28475.39 Min=2.62 Avg=127.72 10=19.61 25=27.95 50=43.94 75=127.87 90=324.10 95=518.14 99=1091.58 99.9=2291.71 99.99=6062.08] [UPDATE: Count=100966 Max=48037.89 Min=7.94 Avg=173.47 10=30.54 25=42.14 50=66.69 75=152.96 90=363.77 95=589.31 99=1331.20 99.9=6868.99 99.99=24035.33]
2025-04-21 21:24:15 41 sec: 211085 operations; [READ: Count=105586 Max=28475.39 Min=2.62 Avg=126.46 10=19.34 25=27.60 50=43.52 75=127.10 90=321.54 95=511.74 99=1075.20 99.9=2254.85 99.99=5926.91] [UPDATE: Count=105499 Max=48037.89 Min=7.94 Avg=171.19 10=30.02 25=41.44 50=66.05 75=151.94 90=360.45 95=582.14 99=1309.69 99.9=6733.82 99.99=23347.20]
2025-04-21 21:24:16 42 sec: 222112 operations; [READ: Count=111131 Max=28475.39 Min=2.58 Avg=124.27 10=18.80 25=27.07 50=43.42 75=125.31 90=313.86 95=499.20 99=1058.82 99.9=2250.75 99.99=5926.91] [UPDATE: Count=110981 Max=48037.89 Min=7.94 Avg=167.51 10=29.05 25=40.61 50=65.86 75=149.12 90=351.49 95=568.83 99=1287.17 99.9=6590.46 99.99=23347.20]
2025-04-21 21:24:17 43 sec: 234925 operations; [READ: Count=117574 Max=28475.39 Min=2.50 Avg=121.44 10=18.27 25=26.38 50=43.42 75=122.30 90=303.10 95=484.35 99=1036.29 99.9=2209.79 99.99=5701.63] [UPDATE: Count=117351 Max=48037.89 Min=7.94 Avg=162.86 10=28.03 25=39.58 50=65.86 75=144.90 90=339.97 95=550.40 99=1257.47 99.9=6184.96 99.99=23199.74]
2025-04-21 21:24:18 44 sec: 249552 operations; [READ: Count=124899 Max=28475.39 Min=2.50 Avg=118.00 10=17.89 25=25.74 50=43.52 75=118.53 90=285.18 95=466.69 99=1017.34 99.9=2177.02 99.99=5701.63] [UPDATE: Count=124653 Max=48037.89 Min=7.94 Avg=157.54 10=27.17 25=38.49 50=66.05 75=139.52 90=325.63 95=530.43 99=1223.68 99.9=5824.51 99.99=23199.74]
2025-04-21 21:24:19 45 sec: 263794 operations; [READ: Count=132058 Max=28475.39 Min=2.50 Avg=115.09 10=17.50 25=25.09 50=43.52 75=115.33 90=270.85 95=451.33 99=999.42 99.9=2127.87 99.99=5492.73] [UPDATE: Count=131736 Max=48037.89 Min=7.94 Avg=153.06 10=26.50 25=37.53 50=66.24 75=135.17 90=312.06 95=511.23 99=1196.03 99.9=5529.60 99.99=22872.06]
2025-04-21 21:24:20 46 sec: 279897 operations; [READ: Count=140119 Max=28475.39 Min=2.50 Avg=111.70 10=17.12 25=24.40 50=43.55 75=111.42 90=253.95 95=434.94 99=980.99 99.9=2097.15 99.99=5009.41] [UPDATE: Count=139778 Max=48037.89 Min=7.94 Avg=148.06 10=25.82 25=36.45 50=66.37 75=130.30 90=294.91 95=491.52 99=1168.38 99.9=5361.66 99.99=22839.29]
2025-04-21 21:24:21 47 sec: 295830 operations; [READ: Count=148114 Max=28475.39 Min=2.50 Avg=108.78 10=16.72 25=23.77 50=43.52 75=107.97 90=240.25 95=419.58 99=961.02 99.9=2064.38 99.99=4997.12] [UPDATE: Count=147716 Max=48037.89 Min=7.94 Avg=143.66 10=25.20 25=35.39 50=66.37 75=126.02 90=280.06 95=472.32 99=1137.66 99.9=5111.81 99.99=22773.76]
2025-04-21 21:24:22 48 sec: 310026 operations; [READ: Count=155158 Max=28475.39 Min=2.50 Avg=106.79 10=16.45 25=23.34 50=43.52 75=105.47 90=231.55 95=410.62 99=947.20 99.9=2017.28 99.99=4947.97] [UPDATE: Count=154868 Max=48037.89 Min=7.94 Avg=140.44 10=24.82 25=34.53 50=66.37 75=122.69 90=270.08 95=458.24 99=1112.06 99.9=4861.95 99.99=22773.76]
2025-04-21 21:24:23 49 sec: 324955 operations; [READ: Count=162590 Max=28475.39 Min=2.44 Avg=104.71 10=16.14 25=22.86 50=43.49 75=102.97 90=222.59 95=400.64 99=932.86 99.9=1983.49 99.99=4947.97] [UPDATE: Count=162365 Max=48037.89 Min=7.94 Avg=137.23 10=24.32 25=33.66 50=66.30 75=119.30 90=260.22 95=445.95 99=1091.58 99.9=4771.84 99.99=22413.31]
2025-04-21 21:24:24 50 sec: 338598 operations; [READ: Count=169461 Max=28475.39 Min=2.24 Avg=103.22 10=15.85 25=22.43 50=43.33 75=101.50 90=217.73 95=394.75 99=918.53 99.9=1965.06 99.99=4706.30] [UPDATE: Count=169137 Max=48037.89 Min=7.94 Avg=134.80 10=23.92 25=32.90 50=66.05 75=117.18 90=254.08 95=438.27 99=1073.15 99.9=4714.49 99.99=22347.78]
2025-04-21 21:24:25 51 sec: 355783 operations; [READ: Count=178141 Max=28475.39 Min=2.24 Avg=100.77 10=15.48 25=21.90 50=42.94 75=99.33 90=206.21 95=384.00 99=901.63 99.9=1939.45 99.99=4677.63] [UPDATE: Count=177642 Max=48037.89 Min=7.94 Avg=131.31 10=23.49 25=32.02 50=65.38 75=113.86 90=243.58 95=425.21 99=1051.65 99.9=4526.08 99.99=22003.71]
2025-04-21 21:24:26 52 sec: 372975 operations; [READ: Count=186721 Max=28475.39 Min=2.24 Avg=98.61 10=15.14 25=21.47 50=42.53 75=97.66 90=196.09 95=375.30 99=886.27 99.9=1904.64 99.99=4431.87] [UPDATE: Count=186254 Max=48037.89 Min=7.62 Avg=128.05 10=23.09 25=31.28 50=64.64 75=111.04 90=233.22 95=413.44 99=1029.63 99.9=4407.30 99.99=21839.87]
2025-04-21 21:24:27 53 sec: 389739 operations; [READ: Count=195217 Max=28475.39 Min=2.24 Avg=96.69 10=14.75 25=21.07 50=42.05 75=96.32 90=188.16 95=366.85 99=868.35 99.9=1871.87 99.99=4292.61] [UPDATE: Count=194522 Max=48037.89 Min=7.62 Avg=125.29 10=22.64 25=30.59 50=63.84 75=108.93 90=225.92 95=404.22 99=1009.66 99.9=4235.26 99.99=21839.87]
2025-04-21 21:24:28 54 sec: 404706 operations; [READ: Count=202623 Max=28475.39 Min=2.24 Avg=95.40 10=14.46 25=20.83 50=41.63 75=95.68 90=183.29 95=360.96 99=856.58 99.9=1839.10 99.99=4292.61] [UPDATE: Count=202083 Max=48037.89 Min=7.62 Avg=123.23 10=22.41 25=30.19 50=63.10 75=107.78 90=220.29 95=397.57 99=992.25 99.9=4073.47 99.99=21053.44]
2025-04-21 21:24:29 55 sec: 418317 operations; [READ: Count=209412 Max=28475.39 Min=2.24 Avg=94.51 10=14.15 25=20.66 50=41.18 75=95.10 90=179.07 95=356.86 99=854.53 99.9=1835.01 99.99=4431.87] [UPDATE: Count=208905 Max=48037.89 Min=7.62 Avg=121.73 10=22.22 25=29.86 50=62.34 75=106.88 90=215.68 95=392.45 99=982.53 99.9=3995.65 99.99=19972.10]
2025-04-21 21:24:30 56 sec: 434252 operations; [READ: Count=217402 Max=28475.39 Min=2.24 Avg=93.14 10=13.79 25=20.41 50=40.70 75=94.46 90=174.08 95=350.98 99=842.24 99.9=1809.41 99.99=4292.61] [UPDATE: Count=216850 Max=48037.89 Min=7.62 Avg=119.70 10=21.95 25=29.49 50=61.70 75=105.98 90=210.30 95=385.02 99=967.68 99.9=3921.92 99.99=19857.41]
2025-04-21 21:24:31 57 sec: 450907 operations; [READ: Count=225598 Max=28475.39 Min=2.24 Avg=91.72 10=13.42 25=20.25 50=40.22 75=93.89 90=168.83 95=344.06 99=831.49 99.9=1790.97 99.99=4251.65] [UPDATE: Count=225309 Max=48037.89 Min=7.62 Avg=117.61 10=21.71 25=29.18 50=60.93 75=105.22 90=204.29 95=376.83 99=949.25 99.9=3721.22 99.99=19234.81]
2025-04-21 21:24:32 58 sec: 467245 operations; [READ: Count=233724 Max=28475.39 Min=2.24 Avg=90.49 10=13.02 25=20.06 50=39.77 75=93.25 90=164.48 95=338.94 99=822.27 99.9=1770.49 99.99=4251.65] [UPDATE: Count=233521 Max=48037.89 Min=7.62 Avg=115.74 10=21.47 25=28.88 50=60.26 75=104.38 90=198.91 95=370.43 99=935.42 99.9=3569.66 99.99=19234.81]
2025-04-21 21:24:33 59 sec: 482999 operations; [READ: Count=241580 Max=28475.39 Min=2.24 Avg=89.44 10=12.68 25=19.93 50=39.36 75=92.86 90=161.28 95=334.08 99=807.93 99.9=1746.94 99.99=4239.36] [UPDATE: Count=241419 Max=48037.89 Min=7.62 Avg=114.13 10=21.28 25=28.70 50=59.49 75=103.94 90=195.07 95=365.31 99=922.11 99.9=3405.82 99.99=19202.05]
2025-04-21 21:24:34 60 sec: 495961 operations; [READ: Count=248053 Max=28475.39 Min=2.24 Avg=88.95 10=12.38 25=19.82 50=38.94 75=92.67 90=160.51 95=333.06 99=800.25 99.9=1741.82 99.99=4128.77] [UPDATE: Count=247908 Max=48037.89 Min=7.62 Avg=113.28 10=21.07 25=28.48 50=58.91 75=103.61 90=193.92 95=363.77 99=913.92 99.9=3342.34 99.99=18710.53]
2025-04-21 21:24:35 61 sec: 512450 operations; [READ: Count=256363 Max=28475.39 Min=2.24 Avg=87.86 10=12.00 25=19.68 50=38.46 75=92.29 90=157.06 95=327.42 99=790.01 99.9=1733.63 99.99=4089.86] [UPDATE: Count=256087 Max=48037.89 Min=7.62 Avg=111.71 10=20.82 25=28.24 50=58.24 75=103.10 90=190.08 95=357.89 99=901.12 99.9=3278.85 99.99=18546.69]
2025-04-21 21:24:36 62 sec: 530805 operations; [READ: Count=265478 Max=28475.39 Min=2.24 Avg=86.53 10=11.62 25=19.47 50=37.95 75=91.78 90=153.34 95=321.02 99=778.75 99.9=1718.27 99.99=4087.81] [UPDATE: Count=265327 Max=48037.89 Min=7.62 Avg=109.85 10=20.50 25=27.93 50=57.47 75=102.40 90=185.60 95=350.46 99=887.81 99.9=3217.41 99.99=18399.23]
2025-04-21 21:24:37 63 sec: 546237 operations; [READ: Count=273183 Max=28475.39 Min=2.24 Avg=85.75 10=11.37 25=19.34 50=37.53 75=91.58 90=151.55 95=316.93 99=769.02 99.9=1699.84 99.99=4087.81] [UPDATE: Count=273054 Max=48037.89 Min=7.62 Avg=108.69 10=20.27 25=27.76 50=56.83 75=102.08 90=183.42 95=346.88 99=877.05 99.9=3117.05 99.99=18399.23]
2025-04-21 21:24:38 64 sec: 562479 operations; [READ: Count=281291 Max=28475.39 Min=2.24 Avg=84.89 10=11.12 25=19.21 50=37.05 75=91.33 90=149.38 95=312.57 99=759.81 99.9=1682.43 99.99=3966.97] [UPDATE: Count=281188 Max=48037.89 Min=7.62 Avg=107.44 10=20.02 25=27.57 50=56.09 75=101.69 90=180.61 95=341.76 99=864.25 99.9=3067.90 99.99=18186.24]
2025-04-21 21:24:39 65 sec: 576309 operations; [READ: Count=288204 Max=28475.39 Min=2.24 Avg=84.47 10=10.94 25=19.10 50=36.64 75=91.14 90=148.74 95=311.55 99=754.17 99.9=1658.88 99.99=3952.64] [UPDATE: Count=288105 Max=48037.89 Min=7.62 Avg=106.67 10=19.84 25=27.41 50=55.49 75=101.50 90=179.33 95=340.22 99=855.55 99.9=3031.04 99.99=18006.01]
2025-04-21 21:24:40 66 sec: 593543 operations; [READ: Count=296760 Max=28475.39 Min=2.24 Avg=83.55 10=10.70 25=18.96 50=36.09 75=90.88 90=146.43 95=306.69 99=744.45 99.9=1638.40 99.99=3854.34] [UPDATE: Count=296783 Max=48037.89 Min=7.62 Avg=105.36 10=19.58 25=27.20 50=54.56 75=101.12 90=176.77 95=335.36 99=842.75 99.9=2930.69 99.99=17006.59]
2025-04-21 21:24:41 67 sec: 610611 operations; [READ: Count=305266 Max=28475.39 Min=2.24 Avg=82.67 10=10.49 25=18.83 50=35.65 75=90.62 90=144.38 95=301.82 99=733.70 99.9=1629.18 99.99=3825.66] [UPDATE: Count=305345 Max=48037.89 Min=7.62 Avg=104.18 10=19.34 25=27.01 50=53.79 75=100.80 90=174.34 95=331.26 99=831.49 99.9=2877.44 99.99=16744.45]
2025-04-21 21:24:42 68 sec: 627072 operations; [READ: Count=313384 Max=28475.39 Min=2.24 Avg=81.96 10=10.36 25=18.73 50=35.13 75=90.43 90=142.97 95=297.21 99=726.01 99.9=1608.70 99.99=3842.05] [UPDATE: Count=313688 Max=48037.89 Min=7.62 Avg=103.12 10=19.20 25=26.88 50=53.05 75=100.61 90=171.90 95=326.65 99=820.74 99.9=2844.67 99.99=16744.45]
2025-04-21 21:24:43 69 sec: 643304 operations; [READ: Count=321427 Max=28475.39 Min=2.24 Avg=81.28 10=10.18 25=18.62 50=34.62 75=90.24 90=141.44 95=293.38 99=719.36 99.9=1603.58 99.99=3825.66] [UPDATE: Count=321877 Max=48037.89 Min=7.62 Avg=102.19 10=18.98 25=26.73 50=52.35 75=100.35 90=169.98 95=323.58 99=813.57 99.9=2820.09 99.99=15622.14]
2025-04-21 21:24:44 70 sec: 659262 operations; [READ: Count=329406 Max=28475.39 Min=2.24 Avg=80.69 10=10.05 25=18.50 50=34.08 75=90.05 90=140.41 95=290.81 99=712.70 99.9=1582.08 99.99=3768.32] [UPDATE: Count=329856 Max=48037.89 Min=7.62 Avg=101.33 10=18.78 25=26.57 50=51.58 75=100.16 90=168.32 95=321.28 99=804.35 99.9=2781.18 99.99=15360.00]
2025-04-21 21:24:45 71 sec: 675695 operations; [READ: Count=337595 Max=28475.39 Min=2.24 Avg=80.09 10=9.94 25=18.40 50=33.57 75=89.92 90=139.39 95=286.98 99=706.56 99.9=1574.91 99.99=3768.32] [UPDATE: Count=338100 Max=48037.89 Min=7.62 Avg=100.42 10=18.62 25=26.45 50=50.72 75=99.90 90=166.27 95=317.44 99=794.62 99.9=2764.80 99.99=15147.01]
2025-04-21 21:24:46 72 sec: 694487 operations; [READ: Count=346889 Max=28475.39 Min=2.24 Avg=79.22 10=9.79 25=18.25 50=32.96 75=89.73 90=137.85 95=281.60 99=697.86 99.9=1562.62 99.99=3692.54] [UPDATE: Count=347598 Max=48037.89 Min=7.62 Avg=99.23 10=18.40 25=26.24 50=49.76 75=99.58 90=163.71 95=312.57 99=783.36 99.9=2705.41 99.99=14663.68]
2025-04-21 21:24:47 73 sec: 714100 operations; [READ: Count=356728 Max=28475.39 Min=2.24 Avg=78.30 10=9.63 25=18.09 50=32.32 75=89.41 90=135.94 95=275.71 99=688.13 99.9=1554.43 99.99=3667.97] [UPDATE: Count=357372 Max=48037.89 Min=7.49 Avg=98.01 10=18.14 25=26.03 50=48.77 75=99.26 90=161.02 95=307.71 99=771.58 99.9=2629.63 99.99=14213.12]
2025-04-21 21:24:48 74 sec: 732744 operations; [READ: Count=366123 Max=28475.39 Min=2.24 Avg=77.52 10=9.48 25=17.95 50=31.70 75=89.09 90=134.40 95=271.36 99=681.47 99.9=1537.02 99.99=3651.58] [UPDATE: Count=366621 Max=48037.89 Min=7.49 Avg=96.99 10=17.93 25=25.82 50=47.77 75=98.88 90=158.85 95=303.87 99=764.41 99.9=2572.29 99.99=13934.59]
2025-04-21 21:24:49 75 sec: 749179 operations; [READ: Count=374333 Max=28475.39 Min=2.24 Avg=77.05 10=9.38 25=17.84 50=31.18 75=88.96 90=133.38 95=268.80 99=680.96 99.9=1529.86 99.99=3651.58] [UPDATE: Count=374846 Max=48037.89 Min=7.49 Avg=96.26 10=17.79 25=25.68 50=46.91 75=98.69 90=157.18 95=301.06 99=759.81 99.9=2560.00 99.99=13934.59]
2025-04-21 21:24:50 76 sec: 767339 operations; [READ: Count=383367 Max=28475.39 Min=2.24 Avg=76.38 10=9.27 25=17.71 50=30.62 75=88.70 90=132.22 95=265.47 99=675.84 99.9=1517.57 99.99=3577.86] [UPDATE: Count=383972 Max=48037.89 Min=7.49 Avg=95.39 10=17.63 25=25.54 50=45.98 75=98.43 90=155.39 95=297.21 99=752.13 99.9=2514.94 99.99=13852.67]
2025-04-21 21:24:51 77 sec: 785967 operations; [READ: Count=392765 Max=28475.39 Min=2.24 Avg=75.72 10=9.19 25=17.60 50=30.05 75=88.51 90=131.01 95=261.25 99=670.21 99.9=1507.33 99.99=3534.85] [UPDATE: Count=393202 Max=48037.89 Min=7.49 Avg=94.49 10=17.50 25=25.39 50=45.02 75=98.17 90=153.47 95=293.38 99=744.45 99.9=2473.98 99.99=13631.49]
2025-04-21 21:24:52 78 sec: 801384 operations; [READ: Count=400552 Max=28475.39 Min=2.24 Avg=75.39 10=9.13 25=17.52 50=29.57 75=88.45 90=130.69 95=260.74 99=664.58 99.9=1499.13 99.99=3508.22] [UPDATE: Count=400832 Max=48037.89 Min=7.49 Avg=94.01 10=17.44 25=25.30 50=44.29 75=98.11 90=152.83 95=292.10 99=740.35 99.9=2430.97 99.99=13475.84]
2025-04-21 21:24:53 79 sec: 817375 operations; [READ: Count=408527 Max=28475.39 Min=2.24 Avg=75.03 10=9.09 25=17.44 50=29.14 75=88.32 90=130.24 95=259.71 99=661.50 99.9=1488.89 99.99=3500.03] [UPDATE: Count=408848 Max=48037.89 Min=7.42 Avg=93.46 10=17.36 25=25.18 50=43.52 75=97.98 90=151.94 95=290.56 99=736.25 99.9=2398.21 99.99=13434.88]
2025-04-21 21:24:54 80 sec: 832854 operations; [READ: Count=416282 Max=28475.39 Min=2.24 Avg=74.74 10=9.04 25=17.34 50=28.72 75=88.25 90=129.92 95=259.20 99=660.99 99.9=1483.78 99.99=3401.73] [UPDATE: Count=416572 Max=48037.89 Min=7.42 Avg=92.99 10=17.26 25=25.09 50=42.75 75=97.86 90=151.29 95=289.79 99=733.18 99.9=2361.34 99.99=13017.09]
2025-04-21 21:24:55 81 sec: 848894 operations; [READ: Count=424292 Max=28475.39 Min=2.24 Avg=74.38 10=8.97 25=17.25 50=28.29 75=88.13 90=129.34 95=257.92 99=659.46 99.9=1473.54 99.99=3489.79] [UPDATE: Count=424602 Max=48037.89 Min=7.42 Avg=92.50 10=17.17 25=24.96 50=41.98 75=97.73 90=150.40 95=288.51 99=730.62 99.9=2347.01 99.99=13017.09]
2025-04-21 21:24:56 82 sec: 865187 operations; [READ: Count=432462 Max=28475.39 Min=2.24 Avg=74.01 10=8.84 25=17.12 50=27.84 75=88.00 90=129.09 95=257.54 99=655.36 99.9=1467.39 99.99=3401.73] [UPDATE: Count=432725 Max=48037.89 Min=7.42 Avg=92.01 10=17.01 25=24.82 50=41.18 75=97.60 90=149.89 95=288.00 99=727.55 99.9=2306.05 99.99=13017.09]
2025-04-21 21:24:57 83 sec: 878221 operations; [READ: Count=439018 Max=28475.39 Min=2.04 Avg=73.93 10=8.77 25=17.02 50=27.50 75=87.94 90=129.41 95=259.58 99=654.85 99.9=1465.34 99.99=3284.99] [UPDATE: Count=439203 Max=48037.89 Min=7.42 Avg=91.87 10=16.94 25=24.73 50=40.70 75=97.60 90=150.53 95=289.79 99=726.01 99.9=2289.66 99.99=12648.45]
2025-04-21 21:24:58 84 sec: 889650 operations; [READ: Count=444619 Max=28475.39 Min=2.04 Avg=74.01 10=8.70 25=16.94 50=27.23 75=87.94 90=129.66 95=262.01 99=660.48 99.9=1460.22 99.99=3284.99] [UPDATE: Count=445031 Max=48037.89 Min=7.42 Avg=91.88 10=16.88 25=24.66 50=40.22 75=97.60 90=150.78 95=291.58 99=729.60 99.9=2289.66 99.99=12615.68]
2025-04-21 21:24:59 85 sec: 903706 operations; [READ: Count=451654 Max=28475.39 Min=2.04 Avg=73.82 10=8.64 25=16.86 50=26.98 75=87.87 90=129.73 95=263.17 99=656.89 99.9=1446.91 99.99=3276.80] [UPDATE: Count=452052 Max=48037.89 Min=7.42 Avg=91.67 10=16.82 25=24.56 50=39.71 75=97.53 90=150.78 95=292.35 99=727.55 99.9=2287.61 99.99=12615.68]
2025-04-21 21:25:00 86 sec: 914377 operations; [READ: Count=456975 Max=28475.39 Min=2.04 Avg=73.93 10=8.65 25=16.83 50=26.94 75=87.94 90=130.05 95=265.21 99=659.46 99.9=1443.84 99.99=3235.84] [UPDATE: Count=457402 Max=48037.89 Min=7.15 Avg=91.80 10=16.83 25=24.54 50=39.58 75=97.60 90=151.29 95=294.91 99=729.09 99.9=2283.52 99.99=12615.68]
2025-04-21 21:25:01 87 sec: 922908 operations; [READ: Count=461191 Max=28475.39 Min=2.04 Avg=74.23 10=8.69 25=16.83 50=26.99 75=88.13 90=130.75 95=268.29 99=662.01 99.9=1437.69 99.99=3235.84] [UPDATE: Count=461717 Max=48037.89 Min=7.15 Avg=92.10 10=16.86 25=24.56 50=39.65 75=97.79 90=152.32 95=297.73 99=732.67 99.9=2279.42 99.99=12615.68]
2025-04-21 21:25:02 88 sec: 932072 operations; [READ: Count=465844 Max=28475.39 Min=2.04 Avg=74.48 10=8.72 25=16.85 50=27.05 75=88.25 90=131.58 95=270.85 99=661.50 99.9=1434.62 99.99=3194.88] [UPDATE: Count=466228 Max=48037.89 Min=7.15 Avg=92.35 10=16.89 25=24.59 50=39.65 75=97.98 90=153.34 95=300.03 99=733.18 99.9=2283.52 99.99=12247.04]
2025-04-21 21:25:03 89 sec: 941767 operations; [READ: Count=470622 Max=28475.39 Min=2.04 Avg=74.66 10=8.75 25=16.88 50=27.09 75=88.38 90=131.97 95=272.64 99=662.01 99.9=1428.48 99.99=3194.88] [UPDATE: Count=471145 Max=48037.89 Min=7.15 Avg=92.55 10=16.94 25=24.61 50=39.65 75=98.11 90=153.85 95=302.08 99=736.25 99.9=2283.52 99.99=12247.04]
2025-04-21 21:25:04 90 sec: 953086 operations; [READ: Count=476348 Max=28475.39 Min=2.04 Avg=74.73 10=8.78 25=16.89 50=27.09 75=88.51 90=132.22 95=274.18 99=662.01 99.9=1425.41 99.99=3162.11] [UPDATE: Count=476738 Max=48037.89 Min=7.15 Avg=92.57 10=16.99 25=24.64 50=39.55 75=98.24 90=154.24 95=302.85 99=735.74 99.9=2279.42 99.99=12222.46]
2025-04-21 21:25:05 91 sec: 965277 operations; [READ: Count=482314 Max=28475.39 Min=2.04 Avg=74.73 10=8.82 25=16.88 50=27.05 75=88.58 90=132.61 95=274.94 99=659.97 99.9=1421.31 99.99=3162.11] [UPDATE: Count=482963 Max=48037.89 Min=7.15 Avg=92.49 10=17.04 25=24.62 50=39.39 75=98.30 90=154.62 95=303.62 99=731.13 99.9=2254.85 99.99=12222.46]
2025-04-21 21:25:06 92 sec: 977404 operations; [READ: Count=488374 Max=28475.39 Min=2.04 Avg=74.74 10=8.86 25=16.86 50=27.04 75=88.70 90=132.74 95=275.71 99=656.38 99.9=1419.26 99.99=3119.10] [UPDATE: Count=489030 Max=48037.89 Min=7.15 Avg=92.44 10=17.09 25=24.61 50=39.26 75=98.43 90=154.88 95=304.64 99=728.58 99.9=2250.75 99.99=12173.31]
2025-04-21 21:25:07 93 sec: 990660 operations; [READ: Count=495054 Max=28475.39 Min=2.04 Avg=74.66 10=8.88 25=16.83 50=26.99 75=88.83 90=132.61 95=275.45 99=653.31 99.9=1412.10 99.99=3098.62] [UPDATE: Count=495606 Max=48037.89 Min=7.15 Avg=92.28 10=17.12 25=24.56 50=39.13 75=98.50 90=154.75 95=304.38 99=725.50 99.9=2238.46 99.99=12140.54]
2025-04-21 21:25:08 93 sec: 1000000 operations; [READ: Count=499721 Max=28475.39 Min=2.04 Avg=74.63 10=8.90 25=16.80 50=26.99 75=88.89 90=132.74 95=275.20 99=650.75 99.9=1406.97 99.99=3098.62] [UPDATE: Count=500279 Max=48037.89 Min=7.15 Avg=92.23 10=17.14 25=24.54 50=39.13 75=98.62 90=155.01 95=304.38 99=723.46 99.9=2236.41 99.99=12140.54]
Run runtime(sec): 93.8935
Run operations(ops): 1000000
Run throughput(ops/sec): 10650.4
