Running scope as unit: run-r047a368a671c43ec9bc776b910c8debd.scope
load file:/home/user/DataFiles/silesia_data/silesia.tar
2025-04-19 11:48:26 0 sec: 0 operations;
2025-04-19 11:48:27 1 sec: 0 operations;
2025-04-19 11:48:28 2 sec: 0 operations;
2025-04-19 11:48:29 3 sec: 0 operations;
2025-04-19 11:48:30 4 sec: 0 operations;
2025-04-19 11:48:31 5 sec: 0 operations;
2025-04-19 11:48:32 6 sec: 0 operations;
2025-04-19 11:48:33 7 sec: 0 operations;
2025-04-19 11:48:34 8 sec: 0 operations;
2025-04-19 11:48:35 9 sec: 0 operations;
2025-04-19 11:48:36 10 sec: 0 operations;
2025-04-19 11:48:37 11 sec: 0 operations;
2025-04-19 11:48:38 12 sec: 0 operations;
2025-04-19 11:48:39 13 sec: 0 operations;
2025-04-19 11:48:40 14 sec: 0 operations;
2025-04-19 11:48:41 15 sec: 0 operations;
2025-04-19 11:48:42 16 sec: 0 operations;
2025-04-19 11:48:43 17 sec: 0 operations;
2025-04-19 11:48:44 18 sec: 0 operations;
2025-04-19 11:48:45 19 sec: 0 operations;
2025-04-19 11:48:46 20 sec: 0 operations;
2025-04-19 11:48:47 21 sec: 0 operations;
2025-04-19 11:48:48 22 sec: 0 operations;
2025-04-19 11:48:49 23 sec: 0 operations;
2025-04-19 11:48:50 24 sec: 0 operations;
2025-04-19 11:48:51 25 sec: 0 operations;
2025-04-19 11:48:52 26 sec: 0 operations;
2025-04-19 11:48:53 27 sec: 0 operations;
2025-04-19 11:48:54 28 sec: 0 operations;
2025-04-19 11:48:55 29 sec: 0 operations;
2025-04-19 11:48:56 30 sec: 0 operations;
2025-04-19 11:48:57 31 sec: 14985 operations; [READ: Count=10016 Max=774.14 Min=2.65 Avg=88.18 10=40.93 25=71.68 50=81.22 75=113.66 90=122.24 95=142.72 99=159.62 99.9=187.13 99.99=255.49] [UPDATE: Count=4969 Max=1035.26 Min=7.39 Avg=13.54 10=10.34 25=11.12 50=12.29 75=13.93 90=16.09 95=17.36 99=21.45 99.9=183.94 99.99=1035.26]
2025-04-19 11:48:58 32 sec: 30712 operations; [READ: Count=20492 Max=774.14 Min=2.65 Avg=87.97 10=40.77 25=72.06 50=81.53 75=113.98 90=122.56 95=142.34 99=158.97 99.9=186.75 99.99=202.88] [UPDATE: Count=10220 Max=2924.54 Min=6.69 Avg=13.57 10=10.40 25=11.21 50=12.39 75=14.01 90=16.21 95=17.45 99=21.47 99.9=152.96 99.99=1035.26]
2025-04-19 11:48:59 33 sec: 46408 operations; [READ: Count=30915 Max=774.14 Min=2.54 Avg=88.10 10=40.90 25=72.25 50=81.79 75=114.37 90=123.07 95=142.72 99=159.10 99.9=186.75 99.99=202.88] [UPDATE: Count=15493 Max=2924.54 Min=6.69 Avg=13.47 10=10.46 25=11.29 50=12.47 75=14.11 90=16.27 95=17.52 99=21.47 99.9=151.04 99.99=599.04]
2025-04-19 11:49:00 34 sec: 61981 operations; [READ: Count=41289 Max=774.14 Min=2.54 Avg=88.16 10=40.93 25=72.45 50=82.05 75=114.69 90=123.45 95=142.72 99=159.62 99.9=188.80 99.99=201.34] [UPDATE: Count=20692 Max=2924.54 Min=6.69 Avg=13.67 10=10.49 25=11.34 50=12.52 75=14.17 90=16.36 95=17.66 99=22.22 99.9=160.77 99.99=1274.88]
2025-04-19 11:49:01 35 sec: 77700 operations; [READ: Count=51777 Max=774.14 Min=2.54 Avg=88.11 10=40.86 25=72.51 50=82.24 75=114.81 90=123.65 95=143.23 99=160.00 99.9=190.21 99.99=202.88] [UPDATE: Count=25923 Max=2924.54 Min=6.69 Avg=13.58 10=10.51 25=11.35 50=12.54 75=14.18 90=16.41 95=17.68 99=22.19 99.9=151.04 99.99=1035.26]
2025-04-19 11:49:02 36 sec: 93408 operations; [READ: Count=62223 Max=774.14 Min=2.54 Avg=88.11 10=40.73 25=72.51 50=82.37 75=115.01 90=123.90 95=143.74 99=160.38 99.9=190.34 99.99=204.80] [UPDATE: Count=31185 Max=2924.54 Min=6.69 Avg=13.53 10=10.52 25=11.38 50=12.58 75=14.21 90=16.43 95=17.74 99=22.02 99.9=144.64 99.99=1035.26]
2025-04-19 11:49:03 37 sec: 109138 operations; [READ: Count=72657 Max=774.14 Min=2.54 Avg=87.92 10=40.54 25=72.51 50=82.43 75=115.14 90=124.03 95=143.87 99=160.64 99.9=190.85 99.99=203.39] [UPDATE: Count=36481 Max=14991.36 Min=6.69 Avg=13.92 10=10.52 25=11.39 50=12.60 75=14.25 90=16.46 95=17.77 99=22.21 99.9=144.64 99.99=1035.26]
2025-04-19 11:49:04 38 sec: 124864 operations; [READ: Count=83119 Max=774.14 Min=2.54 Avg=87.89 10=40.48 25=72.51 50=82.56 75=115.33 90=124.22 95=143.87 99=160.38 99.9=190.85 99.99=202.88] [UPDATE: Count=41745 Max=14991.36 Min=6.69 Avg=13.91 10=10.52 25=11.41 50=12.63 75=14.27 90=16.46 95=17.81 99=22.13 99.9=137.34 99.99=1274.88]
2025-04-19 11:49:05 39 sec: 140737 operations; [READ: Count=93723 Max=774.14 Min=2.54 Avg=87.77 10=40.32 25=72.45 50=82.62 75=115.39 90=124.29 95=144.00 99=160.51 99.9=190.59 99.99=203.39] [UPDATE: Count=47014 Max=14991.36 Min=6.61 Avg=13.85 10=10.52 25=11.42 50=12.65 75=14.28 90=16.46 95=17.79 99=22.13 99.9=135.29 99.99=1035.26]
2025-04-19 11:49:06 40 sec: 156705 operations; [READ: Count=104360 Max=774.14 Min=2.54 Avg=87.63 10=40.13 25=72.45 50=82.62 75=115.45 90=124.35 95=144.00 99=160.51 99.9=190.85 99.99=203.39] [UPDATE: Count=52345 Max=14991.36 Min=6.61 Avg=13.80 10=10.53 25=11.45 50=12.66 75=14.29 90=16.46 95=17.81 99=22.08 99.9=133.25 99.99=1035.26]
2025-04-19 11:49:07 41 sec: 172701 operations; [READ: Count=114983 Max=774.14 Min=2.54 Avg=87.52 10=40.00 25=72.38 50=82.69 75=115.52 90=124.48 95=144.13 99=160.64 99.9=190.97 99.99=203.52] [UPDATE: Count=57718 Max=14991.36 Min=6.61 Avg=13.77 10=10.53 25=11.46 50=12.68 75=14.31 90=16.50 95=17.86 99=22.19 99.9=132.74 99.99=722.43]
2025-04-19 11:49:08 42 sec: 188610 operations; [READ: Count=125586 Max=774.14 Min=2.54 Avg=87.37 10=39.87 25=72.32 50=82.75 75=115.58 90=124.48 95=144.13 99=160.64 99.9=190.85 99.99=203.52] [UPDATE: Count=63024 Max=14991.36 Min=6.61 Avg=13.89 10=10.53 25=11.46 50=12.70 75=14.33 90=16.51 95=17.87 99=22.27 99.9=137.34 99.99=1446.91]
2025-04-19 11:49:09 43 sec: 204790 operations; [READ: Count=136381 Max=774.14 Min=2.34 Avg=87.19 10=39.71 25=72.19 50=82.69 75=115.65 90=124.61 95=144.25 99=160.77 99.9=190.97 99.99=203.65] [UPDATE: Count=68409 Max=14991.36 Min=6.61 Avg=13.86 10=10.53 25=11.47 50=12.71 75=14.34 90=16.51 95=17.89 99=22.25 99.9=138.24 99.99=1274.88]
2025-04-19 11:49:10 44 sec: 221118 operations; [READ: Count=147215 Max=774.14 Min=2.34 Avg=87.01 10=39.49 25=72.13 50=82.75 75=115.71 90=124.61 95=144.13 99=160.77 99.9=190.97 99.99=203.65] [UPDATE: Count=73903 Max=14991.36 Min=6.61 Avg=13.81 10=10.51 25=11.47 50=12.71 75=14.35 90=16.51 95=17.89 99=22.06 99.9=136.45 99.99=1274.88]
2025-04-19 11:49:11 45 sec: 237401 operations; [READ: Count=158025 Max=774.14 Min=2.34 Avg=86.85 10=39.30 25=72.06 50=82.75 75=115.71 90=124.67 95=144.13 99=160.90 99.9=190.59 99.99=203.65] [UPDATE: Count=79376 Max=14991.36 Min=6.61 Avg=13.79 10=10.50 25=11.48 50=12.73 75=14.36 90=16.53 95=17.89 99=22.00 99.9=136.45 99.99=1035.26]
2025-04-19 11:49:12 46 sec: 253649 operations; [READ: Count=168815 Max=774.14 Min=2.34 Avg=86.71 10=39.10 25=71.94 50=82.75 75=115.78 90=124.80 95=144.13 99=160.90 99.9=190.59 99.99=203.52] [UPDATE: Count=84834 Max=14991.36 Min=6.61 Avg=13.81 10=10.49 25=11.49 50=12.73 75=14.38 90=16.54 95=17.90 99=22.02 99.9=136.57 99.99=1274.88]
2025-04-19 11:49:13 47 sec: 270151 operations; [READ: Count=179811 Max=774.14 Min=2.34 Avg=86.51 10=38.91 25=71.87 50=82.75 75=115.78 90=124.80 95=144.00 99=160.90 99.9=190.72 99.99=203.39] [UPDATE: Count=90340 Max=14991.36 Min=6.61 Avg=13.79 10=10.49 25=11.49 50=12.74 75=14.38 90=16.54 95=17.90 99=21.97 99.9=137.34 99.99=1035.26]
2025-04-19 11:49:14 48 sec: 286181 operations; [READ: Count=190553 Max=774.14 Min=2.34 Avg=86.38 10=38.72 25=71.74 50=82.75 75=115.78 90=124.86 95=144.00 99=161.02 99.9=190.97 99.99=203.65] [UPDATE: Count=95628 Max=14991.36 Min=6.61 Avg=13.91 10=10.49 25=11.49 50=12.75 75=14.40 90=16.56 95=17.93 99=21.95 99.9=136.45 99.99=1035.26]
2025-04-19 11:49:15 49 sec: 302609 operations; [READ: Count=201485 Max=774.14 Min=2.34 Avg=86.24 10=38.49 25=71.68 50=82.75 75=115.84 90=124.86 95=144.00 99=161.02 99.9=190.97 99.99=203.65] [UPDATE: Count=101124 Max=14991.36 Min=6.58 Avg=13.88 10=10.48 25=11.50 50=12.77 75=14.41 90=16.57 95=17.93 99=21.92 99.9=135.68 99.99=1035.26]
2025-04-19 11:49:16 50 sec: 319107 operations; [READ: Count=212436 Max=774.14 Min=2.34 Avg=86.10 10=38.24 25=71.55 50=82.75 75=115.84 90=124.93 95=143.87 99=161.02 99.9=190.97 99.99=203.78] [UPDATE: Count=106671 Max=14991.36 Min=6.50 Avg=13.87 10=10.47 25=11.50 50=12.77 75=14.41 90=16.57 95=17.95 99=21.92 99.9=136.45 99.99=784.89]
2025-04-19 11:49:17 51 sec: 335740 operations; [READ: Count=223541 Max=774.14 Min=2.34 Avg=85.92 10=37.95 25=71.42 50=82.75 75=115.84 90=124.93 95=143.87 99=161.02 99.9=190.85 99.99=203.78] [UPDATE: Count=112199 Max=14991.36 Min=6.50 Avg=13.86 10=10.46 25=11.50 50=12.78 75=14.41 90=16.59 95=17.95 99=21.87 99.9=136.45 99.99=1035.26]
2025-04-19 11:49:18 52 sec: 352405 operations; [READ: Count=234678 Max=774.14 Min=2.34 Avg=85.75 10=37.63 25=71.23 50=82.75 75=115.90 90=124.93 95=143.87 99=161.02 99.9=190.72 99.99=203.78] [UPDATE: Count=117727 Max=14991.36 Min=6.50 Avg=13.83 10=10.45 25=11.50 50=12.78 75=14.42 90=16.59 95=17.95 99=21.81 99.9=133.76 99.99=784.89]
2025-04-19 11:49:19 53 sec: 368900 operations; [READ: Count=245716 Max=774.14 Min=2.34 Avg=85.62 10=37.38 25=71.10 50=82.75 75=115.90 90=124.99 95=143.87 99=161.15 99.9=190.59 99.99=203.78] [UPDATE: Count=123184 Max=14991.36 Min=6.43 Avg=13.83 10=10.44 25=11.50 50=12.78 75=14.42 90=16.59 95=17.93 99=21.76 99.9=133.25 99.99=1035.26]
2025-04-19 11:49:20 54 sec: 385701 operations; [READ: Count=256903 Max=774.14 Min=2.34 Avg=85.45 10=37.02 25=70.91 50=82.75 75=115.90 90=124.99 95=143.74 99=161.15 99.9=190.59 99.99=203.65] [UPDATE: Count=128798 Max=14991.36 Min=6.43 Avg=13.82 10=10.42 25=11.51 50=12.79 75=14.43 90=16.61 95=17.97 99=21.84 99.9=135.29 99.99=784.89]
2025-04-19 11:49:21 55 sec: 402413 operations; [READ: Count=268084 Max=774.14 Min=2.34 Avg=85.30 10=36.70 25=70.78 50=82.69 75=115.97 90=125.06 95=143.74 99=161.15 99.9=190.59 99.99=203.65] [UPDATE: Count=134329 Max=14991.36 Min=6.43 Avg=13.81 10=10.41 25=11.51 50=12.80 75=14.44 90=16.61 95=17.97 99=21.84 99.9=133.76 99.99=784.89]
2025-04-19 11:49:22 56 sec: 419431 operations; [READ: Count=279424 Max=774.14 Min=2.34 Avg=85.11 10=36.22 25=70.59 50=82.69 75=115.97 90=125.06 95=143.62 99=161.15 99.9=190.46 99.99=203.65] [UPDATE: Count=140007 Max=14991.36 Min=6.43 Avg=13.79 10=10.40 25=11.51 50=12.81 75=14.45 90=16.62 95=17.98 99=21.77 99.9=132.09 99.99=722.43]
2025-04-19 11:49:23 57 sec: 436313 operations; [READ: Count=290702 Max=774.14 Min=2.34 Avg=84.95 10=35.74 25=70.40 50=82.69 75=115.97 90=125.06 95=143.62 99=161.15 99.9=190.46 99.99=203.65] [UPDATE: Count=145611 Max=14991.36 Min=6.43 Avg=13.78 10=10.38 25=11.52 50=12.81 75=14.45 90=16.62 95=17.98 99=21.77 99.9=132.09 99.99=722.43]
2025-04-19 11:49:24 58 sec: 453216 operations; [READ: Count=301962 Max=774.14 Min=2.34 Avg=84.80 10=35.13 25=70.14 50=82.69 75=115.97 90=125.12 95=143.62 99=161.15 99.9=190.46 99.99=203.78] [UPDATE: Count=151254 Max=14991.36 Min=6.43 Avg=13.80 10=10.37 25=11.52 50=12.81 75=14.46 90=16.62 95=17.98 99=21.76 99.9=133.76 99.99=1035.26]
2025-04-19 11:49:25 59 sec: 470273 operations; [READ: Count=313388 Max=774.14 Min=2.34 Avg=84.62 10=34.34 25=69.82 50=82.69 75=115.97 90=125.18 95=143.74 99=161.15 99.9=190.46 99.99=203.78] [UPDATE: Count=156885 Max=14991.36 Min=6.43 Avg=13.79 10=10.35 25=11.52 50=12.82 75=14.46 90=16.64 95=17.98 99=21.76 99.9=133.76 99.99=784.89]
2025-04-19 11:49:26 60 sec: 487526 operations; [READ: Count=324892 Max=774.14 Min=2.10 Avg=84.43 10=33.02 25=69.57 50=82.69 75=115.97 90=125.18 95=143.62 99=161.28 99.9=190.59 99.99=203.90] [UPDATE: Count=162634 Max=14991.36 Min=6.43 Avg=13.77 10=10.33 25=11.52 50=12.83 75=14.47 90=16.66 95=18.00 99=21.74 99.9=132.74 99.99=784.89]
2025-04-19 11:49:27 61 sec: 504659 operations; [READ: Count=336375 Max=774.14 Min=2.10 Avg=84.26 10=23.41 25=69.18 50=82.62 75=116.03 90=125.18 95=143.62 99=161.28 99.9=190.59 99.99=203.78] [UPDATE: Count=168284 Max=14991.36 Min=6.43 Avg=13.77 10=10.31 25=11.52 50=12.83 75=14.48 90=16.66 95=18.00 99=21.76 99.9=135.55 99.99=722.43]
2025-04-19 11:49:28 62 sec: 521588 operations; [READ: Count=347678 Max=1262.59 Min=2.10 Avg=84.13 10=16.34 25=68.80 50=82.62 75=116.03 90=125.25 95=143.74 99=161.66 99.9=191.87 99.99=217.73] [UPDATE: Count=173910 Max=14991.36 Min=6.43 Avg=13.81 10=10.29 25=11.52 50=12.84 75=14.49 90=16.66 95=18.02 99=21.77 99.9=140.29 99.99=1035.26]
2025-04-19 11:49:29 63 sec: 538327 operations; [READ: Count=358831 Max=1766.40 Min=2.10 Avg=84.04 10=14.42 25=68.35 50=82.62 75=116.03 90=125.31 95=144.00 99=162.18 99.9=193.79 99.99=254.08] [UPDATE: Count=179496 Max=14991.36 Min=6.43 Avg=13.83 10=10.27 25=11.53 50=12.85 75=14.49 90=16.67 95=18.03 99=21.82 99.9=148.61 99.99=976.89]
2025-04-19 11:49:30 64 sec: 555022 operations; [READ: Count=369943 Max=2357.25 Min=2.10 Avg=83.99 10=13.13 25=67.78 50=82.62 75=116.09 90=125.44 95=144.25 99=162.69 99.9=195.71 99.99=716.80] [UPDATE: Count=185079 Max=14991.36 Min=6.43 Avg=13.84 10=10.26 25=11.53 50=12.85 75=14.50 90=16.69 95=18.05 99=21.90 99.9=148.74 99.99=831.49]
2025-04-19 11:49:31 65 sec: 577510 operations; [READ: Count=384911 Max=2357.25 Min=2.10 Avg=83.01 10=11.80 25=53.02 50=82.17 75=115.78 90=125.25 95=143.74 99=162.69 99.9=196.74 99.99=704.51] [UPDATE: Count=192599 Max=14991.36 Min=6.43 Avg=13.84 10=10.13 25=11.46 50=12.81 75=14.46 90=16.66 95=18.02 99=21.98 99.9=150.27 99.99=1312.77]
2025-04-19 11:49:32 66 sec: 608497 operations; [READ: Count=405543 Max=2357.25 Min=2.10 Avg=80.92 10=10.47 25=47.36 50=81.22 75=115.01 90=124.73 95=141.95 99=162.43 99.9=196.74 99.99=581.63] [UPDATE: Count=202954 Max=14991.36 Min=6.43 Avg=13.72 10=9.92 25=11.32 50=12.73 75=14.36 90=16.56 95=17.93 99=21.97 99.9=148.86 99.99=1274.88]
2025-04-19 11:49:33 67 sec: 639252 operations; [READ: Count=426070 Max=2357.25 Min=2.10 Avg=79.06 10=9.57 25=45.41 50=80.32 75=114.24 90=124.29 95=140.03 99=162.05 99.9=196.74 99.99=581.63] [UPDATE: Count=213182 Max=14991.36 Min=6.43 Avg=13.61 10=9.80 25=11.18 50=12.65 75=14.26 90=16.48 95=17.87 99=21.95 99.9=148.22 99.99=1039.87]
2025-04-19 11:49:34 68 sec: 669770 operations; [READ: Count=446315 Max=2357.25 Min=2.10 Avg=77.41 10=8.98 25=44.35 50=79.55 75=113.41 90=123.84 95=137.47 99=161.79 99.9=196.86 99.99=592.38] [UPDATE: Count=223455 Max=14991.36 Min=6.43 Avg=13.51 10=9.71 25=11.05 50=12.57 75=14.18 90=16.38 95=17.81 99=21.93 99.9=146.81 99.99=1035.26]
2025-04-19 11:49:35 69 sec: 698539 operations; [READ: Count=465531 Max=2357.25 Min=2.10 Avg=76.10 10=8.60 25=43.68 50=78.78 75=112.64 90=123.45 95=135.42 99=161.79 99.9=201.34 99.99=805.38] [UPDATE: Count=233008 Max=14991.36 Min=6.43 Avg=13.42 10=9.64 25=10.94 50=12.49 75=14.10 90=16.30 95=17.74 99=21.90 99.9=144.77 99.99=987.65]
2025-04-19 11:49:36 70 sec: 728909 operations; [READ: Count=485772 Max=2357.25 Min=2.10 Avg=74.71 10=8.25 25=43.13 50=77.95 75=111.74 90=123.07 95=133.50 99=161.41 99.9=199.81 99.99=800.77] [UPDATE: Count=243137 Max=14991.36 Min=6.23 Avg=13.34 10=9.58 25=10.84 50=12.43 75=14.03 90=16.23 95=17.68 99=21.90 99.9=143.87 99.99=976.89]
2025-04-19 11:49:37 71 sec: 759213 operations; [READ: Count=505980 Max=2357.25 Min=2.10 Avg=73.45 10=7.95 25=42.72 50=77.18 75=110.72 90=122.75 95=132.22 99=161.15 99.9=199.29 99.99=791.55] [UPDATE: Count=253233 Max=14991.36 Min=6.23 Avg=13.27 10=9.53 25=10.75 50=12.36 75=13.97 90=16.15 95=17.61 99=21.89 99.9=142.72 99.99=831.49]
2025-04-19 11:49:38 72 sec: 789274 operations; [READ: Count=526010 Max=2357.25 Min=2.10 Avg=72.30 10=7.70 25=42.40 50=76.29 75=109.57 90=122.37 95=131.20 99=160.90 99.9=199.68 99.99=779.26] [UPDATE: Count=263264 Max=14991.36 Min=6.23 Avg=13.19 10=9.47 25=10.66 50=12.29 75=13.90 90=16.08 95=17.55 99=21.86 99.9=142.08 99.99=784.89]
2025-04-19 11:49:39 73 sec: 819439 operations; [READ: Count=546141 Max=2357.25 Min=2.10 Avg=71.23 10=7.50 25=42.08 50=75.39 75=108.35 90=122.05 95=130.37 99=160.77 99.9=200.96 99.99=769.02] [UPDATE: Count=273298 Max=14991.36 Min=6.23 Avg=13.13 10=9.42 25=10.59 50=12.23 75=13.85 90=16.01 95=17.49 99=21.86 99.9=142.08 99.99=722.43]
2025-04-19 11:49:40 74 sec: 848379 operations; [READ: Count=565485 Max=2357.25 Min=2.10 Avg=70.34 10=7.33 25=41.82 50=74.43 75=107.14 90=121.79 95=129.79 99=160.77 99.9=214.14 99.99=755.71] [UPDATE: Count=282894 Max=14991.36 Min=6.23 Avg=13.08 10=9.38 25=10.53 50=12.17 75=13.80 90=15.94 95=17.44 99=21.86 99.9=141.95 99.99=722.43]
2025-04-19 11:49:41 75 sec: 878813 operations; [READ: Count=585767 Max=2357.25 Min=2.10 Avg=69.38 10=7.18 25=41.57 50=73.22 75=105.66 90=121.47 95=129.15 99=160.51 99.9=211.20 99.99=742.40] [UPDATE: Count=293046 Max=14991.36 Min=6.23 Avg=13.03 10=9.34 25=10.48 50=12.11 75=13.75 90=15.88 95=17.38 99=21.86 99.9=141.82 99.99=688.64]
2025-04-19 11:49:42 76 sec: 908975 operations; [READ: Count=605922 Max=2357.25 Min=2.10 Avg=68.51 10=7.06 25=41.34 50=71.61 75=104.19 90=121.15 95=128.64 99=160.25 99.9=209.28 99.99=741.89] [UPDATE: Count=303053 Max=14991.36 Min=6.23 Avg=12.98 10=9.29 25=10.45 50=12.05 75=13.72 90=15.82 95=17.33 99=21.82 99.9=140.54 99.99=676.86]
2025-04-19 11:49:43 77 sec: 938913 operations; [READ: Count=625981 Max=2357.25 Min=2.10 Avg=67.70 10=6.97 25=41.15 50=68.93 75=102.78 90=120.89 95=128.19 99=160.13 99.9=211.58 99.99=732.67] [UPDATE: Count=312932 Max=14991.36 Min=6.23 Avg=12.93 10=9.26 25=10.41 50=12.00 75=13.68 90=15.76 95=17.26 99=21.77 99.9=140.29 99.99=674.82]
2025-04-19 11:49:44 78 sec: 969382 operations; [READ: Count=646252 Max=2357.25 Min=2.10 Avg=66.92 10=6.87 25=40.93 50=55.55 75=101.44 90=120.58 95=127.81 99=159.87 99.9=209.28 99.99=717.82] [UPDATE: Count=323130 Max=14991.36 Min=6.23 Avg=12.89 10=9.22 25=10.38 50=11.95 75=13.65 90=15.70 95=17.21 99=21.76 99.9=140.29 99.99=673.28]
2025-04-19 11:49:45 79 sec: 996903 operations; [READ: Count=664627 Max=2357.25 Min=2.10 Avg=66.39 10=6.81 25=40.77 50=51.84 75=100.42 90=120.38 95=127.49 99=160.00 99.9=247.55 99.99=835.58] [UPDATE: Count=332276 Max=14991.36 Min=6.23 Avg=12.85 10=9.18 25=10.36 50=11.90 75=13.62 90=15.65 95=17.18 99=21.74 99.9=140.29 99.99=673.28]
2025-04-19 11:49:46 80 sec: 1027627 operations; [READ: Count=685047 Max=2357.25 Min=2.10 Avg=65.68 10=6.73 25=40.58 50=50.40 75=99.26 90=120.06 95=127.10 99=159.74 99.9=240.00 99.99=830.98] [UPDATE: Count=342580 Max=14991.36 Min=6.23 Avg=12.81 10=9.14 25=10.34 50=11.86 75=13.57 90=15.60 95=17.14 99=21.74 99.9=140.29 99.99=659.97]
2025-04-19 11:49:47 81 sec: 1058588 operations; [READ: Count=705561 Max=2357.25 Min=2.10 Avg=64.99 10=6.66 25=40.38 50=49.57 75=98.30 90=119.81 95=126.78 99=159.62 99.9=230.27 99.99=821.76] [UPDATE: Count=353027 Max=14991.36 Min=6.23 Avg=12.77 10=9.10 25=10.31 50=11.81 75=13.54 90=15.55 95=17.09 99=21.73 99.9=139.78 99.99=640.51]
2025-04-19 11:49:48 82 sec: 1089567 operations; [READ: Count=726132 Max=2357.25 Min=2.10 Avg=64.34 10=6.59 25=40.19 50=48.99 75=97.28 90=119.49 95=126.46 99=159.49 99.9=234.50 99.99=817.66] [UPDATE: Count=363435 Max=14991.36 Min=6.23 Avg=12.73 10=9.05 25=10.29 50=11.75 75=13.51 90=15.50 95=17.02 99=21.70 99.9=139.39 99.99=623.10]
2025-04-19 11:49:49 83 sec: 1120764 operations; [READ: Count=746867 Max=2357.25 Min=2.10 Avg=63.71 10=6.54 25=40.00 50=48.54 75=96.45 90=119.23 95=126.21 99=159.23 99.9=228.09 99.99=813.57] [UPDATE: Count=373897 Max=14991.36 Min=6.23 Avg=12.70 10=9.01 25=10.26 50=11.71 75=13.49 90=15.46 95=16.99 99=21.68 99.9=138.24 99.99=600.58]
2025-04-19 11:49:50 84 sec: 1149743 operations; [READ: Count=766234 Max=2357.25 Min=2.10 Avg=63.23 10=6.50 25=39.81 50=48.19 75=95.68 90=119.04 95=126.02 99=159.36 99.9=280.83 99.99=815.62] [UPDATE: Count=383509 Max=14991.36 Min=6.23 Avg=12.70 10=8.97 25=10.25 50=11.67 75=13.46 90=15.41 95=16.94 99=21.68 99.9=138.37 99.99=600.58]
2025-04-19 11:49:51 85 sec: 1181470 operations; [READ: Count=787394 Max=2357.25 Min=2.10 Avg=62.62 10=6.45 25=39.62 50=47.87 75=94.78 90=118.72 95=125.76 99=159.10 99.9=274.69 99.99=813.57] [UPDATE: Count=394076 Max=14991.36 Min=6.23 Avg=12.67 10=8.94 25=10.23 50=11.63 75=13.43 90=15.37 95=16.89 99=21.66 99.9=139.01 99.99=599.04]
2025-04-19 11:49:52 86 sec: 1213484 operations; [READ: Count=808771 Max=2357.25 Min=2.10 Avg=62.03 10=6.41 25=39.39 50=47.58 75=93.89 90=118.46 95=125.44 99=158.85 99.9=266.24 99.99=807.93] [UPDATE: Count=404713 Max=14991.36 Min=6.23 Avg=12.64 10=8.89 25=10.21 50=11.60 75=13.41 90=15.33 95=16.86 99=21.63 99.9=139.65 99.99=595.46]
2025-04-19 11:49:53 87 sec: 1245572 operations; [READ: Count=830137 Max=2357.25 Min=2.10 Avg=61.47 10=6.37 25=39.17 50=47.36 75=92.93 90=118.21 95=125.25 99=158.72 99.9=268.80 99.99=805.38] [UPDATE: Count=415435 Max=14991.36 Min=6.23 Avg=12.61 10=8.86 25=10.19 50=11.56 75=13.38 90=15.29 95=16.83 99=21.61 99.9=139.78 99.99=557.57]
2025-04-19 11:49:54 88 sec: 1279070 operations; [READ: Count=852393 Max=2357.25 Min=2.10 Avg=60.86 10=6.33 25=38.94 50=47.10 75=91.71 90=117.89 95=124.93 99=158.46 99.9=261.89 99.99=803.33] [UPDATE: Count=426677 Max=14991.36 Min=6.23 Avg=12.58 10=8.83 25=10.18 50=11.54 75=13.36 90=15.26 95=16.78 99=21.58 99.9=139.52 99.99=455.94]
2025-04-19 11:49:55 89 sec: 1312000 operations; [READ: Count=874378 Max=2357.25 Min=2.10 Avg=60.31 10=6.31 25=38.69 50=46.91 75=90.43 90=117.63 95=124.73 99=158.34 99.9=274.18 99.99=801.28] [UPDATE: Count=437622 Max=14991.36 Min=6.23 Avg=12.57 10=8.80 25=10.17 50=11.51 75=13.35 90=15.23 95=16.77 99=21.63 99.9=139.52 99.99=455.94]
2025-04-19 11:49:56 90 sec: 1342260 operations; [READ: Count=894589 Max=2357.25 Min=2.10 Avg=59.89 10=6.29 25=38.46 50=46.75 75=89.34 90=117.38 95=124.54 99=158.34 99.9=324.35 99.99=830.98] [UPDATE: Count=447671 Max=14991.36 Min=6.23 Avg=12.59 10=8.79 25=10.16 50=11.49 75=13.34 90=15.22 95=16.75 99=21.73 99.9=139.52 99.99=455.94]
2025-04-19 11:49:57 91 sec: 1375565 operations; [READ: Count=916708 Max=2357.25 Min=2.10 Avg=59.37 10=6.30 25=38.21 50=46.62 75=88.32 90=117.12 95=124.29 99=158.21 99.9=315.65 99.99=821.76] [UPDATE: Count=458857 Max=14991.36 Min=6.14 Avg=12.58 10=8.77 25=10.14 50=11.49 75=13.33 90=15.21 95=16.75 99=21.82 99.9=139.39 99.99=455.94]
2025-04-19 11:49:58 92 sec: 1407573 operations; [READ: Count=938080 Max=2357.25 Min=1.93 Avg=58.92 10=6.33 25=37.95 50=46.53 75=87.49 90=116.86 95=124.09 99=158.08 99.9=324.86 99.99=819.71] [UPDATE: Count=469493 Max=14991.36 Min=6.14 Avg=12.58 10=8.75 25=10.13 50=11.47 75=13.32 90=15.21 95=16.73 99=21.90 99.9=139.13 99.99=448.25]
2025-04-19 11:49:59 93 sec: 1440307 operations; [READ: Count=959809 Max=2357.25 Min=1.93 Avg=58.47 10=6.34 25=37.63 50=46.43 75=86.78 90=116.61 95=123.90 99=157.82 99.9=317.18 99.99=817.66] [UPDATE: Count=480498 Max=14991.36 Min=6.14 Avg=12.58 10=8.73 25=10.13 50=11.46 75=13.32 90=15.21 95=16.73 99=22.00 99.9=138.37 99.99=413.69]
2025-04-19 11:50:00 94 sec: 1472183 operations; [READ: Count=981052 Max=2357.25 Min=1.93 Avg=58.08 10=6.35 25=37.31 50=46.34 75=86.21 90=116.35 95=123.71 99=157.82 99.9=330.24 99.99=813.57] [UPDATE: Count=491131 Max=14991.36 Min=5.92 Avg=12.56 10=8.70 25=10.12 50=11.45 75=13.30 90=15.18 95=16.72 99=22.06 99.9=138.11 99.99=400.38]
2025-04-19 11:50:01 95 sec: 1500486 operations; [READ: Count=1000000 Max=2357.25 Min=1.93 Avg=57.84 10=6.35 25=36.99 50=46.27 75=85.76 90=116.16 95=123.58 99=158.08 99.9=370.94 99.99=858.11] [UPDATE: Count=500486 Max=14991.36 Min=5.92 Avg=12.55 10=8.68 25=10.10 50=11.43 75=13.29 90=15.17 95=16.70 99=22.13 99.9=137.73 99.99=400.38]
2025-04-19 11:50:02 96 sec: 1500486 operations; [READ: Count=1000000 Max=2357.25 Min=1.93 Avg=57.84 10=6.35 25=36.99 50=46.27 75=85.76 90=116.16 95=123.58 99=158.08 99.9=370.94 99.99=858.11] [UPDATE: Count=500486 Max=14991.36 Min=5.92 Avg=12.55 10=8.68 25=10.10 50=11.43 75=13.29 90=15.17 95=16.70 99=22.13 99.9=137.73 99.99=400.38]
2025-04-19 11:50:03 97 sec: 1500486 operations; [READ: Count=1000000 Max=2357.25 Min=1.93 Avg=57.84 10=6.35 25=36.99 50=46.27 75=85.76 90=116.16 95=123.58 99=158.08 99.9=370.94 99.99=858.11] [UPDATE: Count=500486 Max=14991.36 Min=5.92 Avg=12.55 10=8.68 25=10.10 50=11.43 75=13.29 90=15.17 95=16.70 99=22.13 99.9=137.73 99.99=400.38]
2025-04-19 11:50:04 98 sec: 1500486 operations; [READ: Count=1000000 Max=2357.25 Min=1.93 Avg=57.84 10=6.35 25=36.99 50=46.27 75=85.76 90=116.16 95=123.58 99=158.08 99.9=370.94 99.99=858.11] [UPDATE: Count=500486 Max=14991.36 Min=5.92 Avg=12.55 10=8.68 25=10.10 50=11.43 75=13.29 90=15.17 95=16.70 99=22.13 99.9=137.73 99.99=400.38]
2025-04-19 11:50:05 99 sec: 1500486 operations; [READ: Count=1000000 Max=2357.25 Min=1.93 Avg=57.84 10=6.35 25=36.99 50=46.27 75=85.76 90=116.16 95=123.58 99=158.08 99.9=370.94 99.99=858.11] [UPDATE: Count=500486 Max=14991.36 Min=5.92 Avg=12.55 10=8.68 25=10.10 50=11.43 75=13.29 90=15.17 95=16.70 99=22.13 99.9=137.73 99.99=400.38]
2025-04-19 11:50:06 100 sec: 1500486 operations; [READ: Count=1000000 Max=2357.25 Min=1.93 Avg=57.84 10=6.35 25=36.99 50=46.27 75=85.76 90=116.16 95=123.58 99=158.08 99.9=370.94 99.99=858.11] [UPDATE: Count=500486 Max=14991.36 Min=5.92 Avg=12.55 10=8.68 25=10.10 50=11.43 75=13.29 90=15.17 95=16.70 99=22.13 99.9=137.73 99.99=400.38]
2025-04-19 11:50:06 100 sec: 1500486 operations; [READ: Count=1000000 Max=2357.25 Min=1.93 Avg=57.84 10=6.35 25=36.99 50=46.27 75=85.76 90=116.16 95=123.58 99=158.08 99.9=370.94 99.99=858.11] [UPDATE: Count=500486 Max=14991.36 Min=5.92 Avg=12.55 10=8.68 25=10.10 50=11.43 75=13.29 90=15.17 95=16.70 99=22.13 99.9=137.73 99.99=400.38]
Run runtime(sec): 100.268
Run operations(ops): 1000000
Run throughput(ops/sec): 9973.3
