Running scope as unit: run-r76dc61fabb8342c391cc852d7a4a36ba.scope
load file:/home/user/DataFiles/silesia_data/silesia.tar
2025-04-23 02:58:32 0 sec: 0 operations;
2025-04-23 02:58:33 1 sec: 37735 operations; [INSERT: Count=37735 Max=6414.34 Min=4.99 Avg=22.13 10=8.90 25=12.43 50=18.73 75=28.16 90=38.85 95=46.81 99=64.29 99.9=93.44 99.99=345.60]
2025-04-23 02:58:34 2 sec: 72846 operations; [INSERT: Count=72846 Max=6414.34 Min=4.99 Avg=23.41 10=10.05 25=13.72 50=20.16 75=29.58 90=40.38 95=48.32 99=66.11 99.9=93.89 99.99=310.27]
2025-04-23 02:58:35 3 sec: 109119 operations; [INSERT: Count=109119 Max=6414.34 Min=4.99 Avg=23.60 10=10.56 25=14.09 50=20.41 75=29.71 90=40.19 95=48.03 99=65.73 99.9=95.42 99.99=305.15]
2025-04-23 02:58:36 4 sec: 148151 operations; [INSERT: Count=148151 Max=6414.34 Min=4.81 Avg=23.24 10=10.77 25=14.16 50=20.21 75=29.12 90=39.17 95=46.49 99=63.33 99.9=93.50 99.99=281.34]
2025-04-23 02:58:37 5 sec: 187954 operations; [INSERT: Count=187954 Max=6414.34 Min=4.81 Avg=22.92 10=10.90 25=14.16 50=19.98 75=28.62 90=38.24 95=45.25 99=61.47 99.9=92.16 99.99=288.25]
2025-04-23 02:58:38 6 sec: 232529 operations; [INSERT: Count=232529 Max=6414.34 Min=4.81 Avg=22.17 10=10.73 25=13.77 50=19.18 75=27.44 90=36.86 95=43.71 99=60.19 99.9=94.14 99.99=288.25]
2025-04-23 02:58:39 7 sec: 278070 operations; [INSERT: Count=278070 Max=6414.34 Min=4.81 Avg=21.59 10=10.66 25=13.55 50=18.70 75=26.56 90=35.68 95=42.27 99=58.62 99.9=93.44 99.99=280.83]
2025-04-23 02:58:40 8 sec: 323929 operations; [INSERT: Count=323929 Max=6414.34 Min=4.81 Avg=21.15 10=10.62 25=13.40 50=18.34 75=25.92 90=34.75 95=41.12 99=57.28 99.9=91.71 99.99=276.48]
2025-04-23 02:58:41 9 sec: 367285 operations; [INSERT: Count=367285 Max=6414.34 Min=4.81 Avg=20.95 10=10.63 25=13.35 50=18.19 75=25.63 90=34.27 95=40.54 99=56.54 99.9=91.84 99.99=278.27]
2025-04-23 02:58:42 10 sec: 400884 operations; [INSERT: Count=400884 Max=6414.34 Min=4.81 Avg=21.28 10=10.76 25=13.54 50=18.50 75=26.05 90=34.85 95=41.25 99=57.34 99.9=91.58 99.99=286.72]
2025-04-23 02:58:43 11 sec: 441631 operations; [INSERT: Count=441631 Max=7634.94 Min=4.81 Avg=21.13 10=10.80 25=13.53 50=18.34 75=25.73 90=34.40 95=40.80 99=56.93 99.9=92.86 99.99=310.27]
2025-04-23 02:58:44 12 sec: 485109 operations; [INSERT: Count=485109 Max=7634.94 Min=4.81 Avg=20.88 10=10.69 25=13.39 50=18.14 75=25.41 90=33.92 95=40.22 99=56.09 99.9=90.69 99.99=328.96]
2025-04-23 02:58:45 13 sec: 529164 operations; [INSERT: Count=529164 Max=7634.94 Min=4.81 Avg=20.63 10=10.60 25=13.26 50=17.93 75=25.09 90=33.47 95=39.65 99=55.30 99.9=88.83 99.99=359.17]
2025-04-23 02:58:46 14 sec: 572659 operations; [INSERT: Count=572659 Max=7634.94 Min=4.81 Avg=20.45 10=10.57 25=13.18 50=17.77 75=24.83 90=33.05 95=39.17 99=54.59 99.9=87.49 99.99=392.70]
2025-04-23 02:58:47 15 sec: 621372 operations; [INSERT: Count=621372 Max=7634.94 Min=4.81 Avg=20.15 10=10.43 25=13.01 50=17.54 75=24.45 90=32.56 95=38.59 99=53.89 99.9=86.14 99.99=402.69]
2025-04-23 02:58:48 16 sec: 658596 operations; [INSERT: Count=658596 Max=7634.94 Min=4.81 Avg=20.33 10=10.46 25=13.06 50=17.63 75=24.66 90=32.96 95=39.17 99=54.94 99.9=89.73 99.99=416.00]
2025-04-23 02:58:49 17 sec: 694627 operations; [INSERT: Count=694627 Max=7634.94 Min=4.81 Avg=20.53 10=10.52 25=13.15 50=17.79 75=24.91 90=33.38 95=39.71 99=55.77 99.9=90.11 99.99=411.90]
2025-04-23 02:58:50 18 sec: 732306 operations; [INSERT: Count=732306 Max=27262.97 Min=4.81 Avg=20.64 10=10.56 25=13.19 50=17.86 75=24.99 90=33.44 95=39.77 99=55.77 99.9=89.02 99.99=411.90]
2025-04-23 02:58:51 19 sec: 767734 operations; [INSERT: Count=767734 Max=27262.97 Min=4.81 Avg=20.82 10=10.51 25=13.13 50=17.77 75=24.99 90=33.79 95=40.51 99=58.81 99.9=108.42 99.99=430.33]
2025-04-23 02:58:52 20 sec: 804871 operations; [INSERT: Count=804871 Max=27262.97 Min=4.81 Avg=20.94 10=10.51 25=13.13 50=17.79 75=25.05 90=34.02 95=40.99 99=60.58 99.9=114.81 99.99=443.13]
2025-04-23 02:58:53 21 sec: 834745 operations; [INSERT: Count=834745 Max=27262.97 Min=4.81 Avg=21.25 10=10.57 25=13.23 50=17.98 75=25.42 90=34.69 95=41.98 99=62.66 99.9=118.21 99.99=453.89]
2025-04-23 02:58:54 22 sec: 869718 operations; [INSERT: Count=869718 Max=27262.97 Min=4.81 Avg=21.38 10=10.62 25=13.30 50=18.08 75=25.52 90=34.85 95=42.30 99=63.97 99.9=123.52 99.99=478.46]
2025-04-23 02:58:55 23 sec: 928157 operations; [INSERT: Count=928157 Max=27262.97 Min=4.20 Avg=20.90 10=10.15 25=12.87 50=17.55 75=24.94 90=34.30 95=41.79 99=63.94 99.9=126.66 99.99=485.12]
2025-04-23 02:58:56 24 sec: 1000000 operations; [INSERT: Count=1000000 Max=27262.97 Min=3.96 Avg=20.08 10=9.02 25=12.02 50=16.75 75=24.22 90=33.63 95=41.18 99=63.65 99.9=131.20 99.99=481.02]
2025-04-23 02:58:57 25 sec: 1000000 operations; [INSERT: Count=1000000 Max=27262.97 Min=3.96 Avg=20.08 10=9.02 25=12.02 50=16.75 75=24.22 90=33.63 95=41.18 99=63.65 99.9=131.20 99.99=481.02]
2025-04-23 02:58:58 26 sec: 1000000 operations; [INSERT: Count=1000000 Max=27262.97 Min=3.96 Avg=20.08 10=9.02 25=12.02 50=16.75 75=24.22 90=33.63 95=41.18 99=63.65 99.9=131.20 99.99=481.02]
2025-04-23 02:58:59 27 sec: 1000000 operations; [INSERT: Count=1000000 Max=27262.97 Min=3.96 Avg=20.08 10=9.02 25=12.02 50=16.75 75=24.22 90=33.63 95=41.18 99=63.65 99.9=131.20 99.99=481.02]
2025-04-23 02:59:00 28 sec: 1000000 operations; [INSERT: Count=1000000 Max=27262.97 Min=3.96 Avg=20.08 10=9.02 25=12.02 50=16.75 75=24.22 90=33.63 95=41.18 99=63.65 99.9=131.20 99.99=481.02]
2025-04-23 02:59:01 29 sec: 1000000 operations; [INSERT: Count=1000000 Max=27262.97 Min=3.96 Avg=20.08 10=9.02 25=12.02 50=16.75 75=24.22 90=33.63 95=41.18 99=63.65 99.9=131.20 99.99=481.02]
2025-04-23 02:59:02 30 sec: 1000000 operations; [INSERT: Count=1000000 Max=27262.97 Min=3.96 Avg=20.08 10=9.02 25=12.02 50=16.75 75=24.22 90=33.63 95=41.18 99=63.65 99.9=131.20 99.99=481.02]
2025-04-23 02:59:03 31 sec: 1000000 operations; [INSERT: Count=1000000 Max=27262.97 Min=3.96 Avg=20.08 10=9.02 25=12.02 50=16.75 75=24.22 90=33.63 95=41.18 99=63.65 99.9=131.20 99.99=481.02]
2025-04-23 02:59:04 32 sec: 1000000 operations; [INSERT: Count=1000000 Max=27262.97 Min=3.96 Avg=20.08 10=9.02 25=12.02 50=16.75 75=24.22 90=33.63 95=41.18 99=63.65 99.9=131.20 99.99=481.02]
2025-04-23 02:59:05 33 sec: 1000000 operations; [INSERT: Count=1000000 Max=27262.97 Min=3.96 Avg=20.08 10=9.02 25=12.02 50=16.75 75=24.22 90=33.63 95=41.18 99=63.65 99.9=131.20 99.99=481.02]
2025-04-23 02:59:06 34 sec: 1000000 operations; [INSERT: Count=1000000 Max=27262.97 Min=3.96 Avg=20.08 10=9.02 25=12.02 50=16.75 75=24.22 90=33.63 95=41.18 99=63.65 99.9=131.20 99.99=481.02]
2025-04-23 02:59:07 35 sec: 1000000 operations; [INSERT: Count=1000000 Max=27262.97 Min=3.96 Avg=20.08 10=9.02 25=12.02 50=16.75 75=24.22 90=33.63 95=41.18 99=63.65 99.9=131.20 99.99=481.02]
2025-04-23 02:59:08 35 sec: 1000000 operations; [INSERT: Count=1000000 Max=27262.97 Min=3.96 Avg=20.08 10=9.02 25=12.02 50=16.75 75=24.22 90=33.63 95=41.18 99=63.65 99.9=131.20 99.99=481.02]
Load runtime(sec): 35.5315
Load operations(ops): 1000000
Load throughput(ops/sec): 28144
