Running scope as unit: run-r0ca3aa00b3dd4fcca0c4ca13c05b3e90.scope
load file:/home/user/DataFiles/silesia_data/silesia.tar
2025-04-19 13:29:58 0 sec: 0 operations;
2025-04-19 13:29:59 1 sec: 47887 operations; [INSERT: Count=47887 Max=1846.27 Min=4.03 Avg=17.20 10=5.03 25=6.18 50=9.68 75=23.70 90=38.66 95=49.25 99=72.25 99.9=113.15 99.99=333.57]
2025-04-19 13:30:00 2 sec: 72621 operations; [INSERT: Count=72621 Max=1846.27 Min=4.03 Avg=23.99 10=5.31 25=7.64 50=19.42 75=34.21 90=50.53 95=60.83 99=81.79 99.9=114.88 99.99=358.65]
2025-04-19 13:30:01 3 sec: 97390 operations; [INSERT: Count=97390 Max=1846.27 Min=4.03 Avg=27.33 10=5.70 25=9.83 50=23.98 75=38.21 90=54.14 95=64.16 99=84.09 99.9=118.78 99.99=368.64]
2025-04-19 13:30:02 4 sec: 122234 operations; [INSERT: Count=122234 Max=1846.27 Min=4.03 Avg=29.28 10=6.24 25=13.78 50=26.27 75=40.22 90=55.71 95=65.60 99=84.99 99.9=119.10 99.99=369.66]
2025-04-19 13:30:03 5 sec: 147437 operations; [INSERT: Count=147437 Max=1846.27 Min=4.03 Avg=30.49 10=6.81 25=16.07 50=27.55 75=41.31 90=56.70 95=66.37 99=85.50 99.9=116.99 99.99=368.64]
2025-04-19 13:30:04 6 sec: 169736 operations; [INSERT: Count=169736 Max=28835.84 Min=4.03 Avg=31.87 10=7.33 25=17.42 50=28.53 75=42.46 90=57.85 95=67.71 99=87.49 99.9=123.26 99.99=371.97]
2025-04-19 13:30:05 7 sec: 193738 operations; [INSERT: Count=193738 Max=28835.84 Min=4.03 Avg=32.64 10=7.96 25=18.45 50=29.26 75=43.23 90=58.66 95=68.48 99=88.64 99.9=125.69 99.99=372.74]
2025-04-19 13:30:06 8 sec: 219042 operations; [INSERT: Count=219042 Max=28835.84 Min=4.03 Avg=33.05 10=8.74 25=19.14 50=29.68 75=43.55 90=58.75 95=68.54 99=88.32 99.9=125.06 99.99=370.69]
2025-04-19 13:30:07 9 sec: 244582 operations; [INSERT: Count=244582 Max=28835.84 Min=4.03 Avg=33.34 10=9.76 25=19.65 50=29.97 75=43.71 90=58.75 95=68.42 99=88.13 99.9=124.80 99.99=369.66]
2025-04-19 13:30:08 10 sec: 270115 operations; [INSERT: Count=270115 Max=28835.84 Min=4.03 Avg=33.57 10=10.95 25=20.05 50=30.19 75=43.87 90=58.78 95=68.35 99=87.87 99.9=124.73 99.99=368.38]
2025-04-19 13:30:09 11 sec: 295828 operations; [INSERT: Count=295828 Max=28835.84 Min=4.03 Avg=33.74 10=11.97 25=20.35 50=30.35 75=43.90 90=58.75 95=68.29 99=87.61 99.9=123.33 99.99=367.10]
2025-04-19 13:30:10 12 sec: 321102 operations; [INSERT: Count=321102 Max=28835.84 Min=4.03 Avg=33.94 10=12.73 25=20.59 50=30.51 75=44.03 90=58.72 95=68.22 99=87.55 99.9=122.75 99.99=367.10]
2025-04-19 13:30:11 13 sec: 346443 operations; [INSERT: Count=346443 Max=28835.84 Min=4.03 Avg=34.10 10=13.32 25=20.82 50=30.64 75=44.13 90=58.78 95=68.22 99=87.49 99.9=123.84 99.99=366.33]
2025-04-19 13:30:12 14 sec: 372400 operations; [INSERT: Count=372400 Max=28835.84 Min=4.03 Avg=34.17 10=13.77 25=20.96 50=30.72 75=44.13 90=58.69 95=68.09 99=87.30 99.9=122.94 99.99=363.52]
2025-04-19 13:30:13 15 sec: 398341 operations; [INSERT: Count=398341 Max=28835.84 Min=4.03 Avg=34.24 10=14.11 25=21.10 50=30.78 75=44.13 90=58.66 95=68.03 99=87.10 99.9=122.50 99.99=362.50]
2025-04-19 13:30:14 16 sec: 422921 operations; [INSERT: Count=422921 Max=28835.84 Min=4.03 Avg=34.42 10=14.42 25=21.28 50=30.96 75=44.32 90=58.81 95=68.16 99=87.30 99.9=122.37 99.99=362.50]
2025-04-19 13:30:15 17 sec: 445059 operations; [INSERT: Count=445059 Max=28835.84 Min=4.03 Avg=34.79 10=14.70 25=21.54 50=31.26 75=44.70 90=59.33 95=68.73 99=88.06 99.9=123.65 99.99=369.15]
2025-04-19 13:30:16 18 sec: 464419 operations; [INSERT: Count=464419 Max=28835.84 Min=4.03 Avg=35.30 10=14.94 25=21.81 50=31.66 75=45.28 90=60.13 95=69.82 99=89.92 99.9=127.30 99.99=375.04]
2025-04-19 13:30:17 19 sec: 484898 operations; [INSERT: Count=484898 Max=28835.84 Min=4.03 Avg=35.65 10=15.13 25=22.02 50=31.95 75=45.70 90=60.73 95=70.53 99=91.20 99.9=130.18 99.99=389.12]
2025-04-19 13:30:18 20 sec: 507736 operations; [INSERT: Count=507736 Max=28835.84 Min=4.03 Avg=35.80 10=15.32 25=22.14 50=32.08 75=45.85 90=60.90 95=70.72 99=91.39 99.9=130.30 99.99=420.61]
2025-04-19 13:30:19 21 sec: 530422 operations; [INSERT: Count=530422 Max=28835.84 Min=4.03 Avg=35.94 10=15.48 25=22.25 50=32.19 75=45.98 90=61.05 95=70.97 99=91.90 99.9=131.84 99.99=421.89]
2025-04-19 13:30:20 22 sec: 553225 operations; [INSERT: Count=553225 Max=28835.84 Min=4.03 Avg=36.07 10=15.63 25=22.37 50=32.27 75=46.11 90=61.22 95=71.17 99=92.16 99.9=131.84 99.99=428.80]
2025-04-19 13:30:21 23 sec: 570138 operations; [INSERT: Count=570138 Max=28835.84 Min=4.03 Avg=36.58 10=15.79 25=22.61 50=32.69 75=46.78 90=62.14 95=72.45 99=94.46 99.9=135.29 99.99=458.50]
2025-04-19 13:30:22 24 sec: 586700 operations; [INSERT: Count=586700 Max=28835.84 Min=4.03 Avg=37.09 10=15.95 25=22.83 50=33.09 75=47.42 90=63.10 95=73.73 99=96.83 99.9=139.52 99.99=493.57]
2025-04-19 13:30:23 25 sec: 603454 operations; [INSERT: Count=603454 Max=28835.84 Min=4.03 Avg=37.56 10=16.10 25=23.05 50=33.47 75=48.00 90=63.97 95=74.88 99=98.69 99.9=141.69 99.99=496.89]
2025-04-19 13:30:24 26 sec: 622330 operations; [INSERT: Count=622330 Max=28835.84 Min=4.03 Avg=37.88 10=16.23 25=23.20 50=33.73 75=48.35 90=64.51 95=75.65 99=100.22 99.9=145.66 99.99=559.62]
2025-04-19 13:30:25 27 sec: 644345 operations; [INSERT: Count=644345 Max=28835.84 Min=4.03 Avg=37.96 10=16.34 25=23.28 50=33.79 75=48.41 90=64.61 95=75.71 99=100.29 99.9=146.18 99.99=569.86]
2025-04-19 13:30:26 28 sec: 665963 operations; [INSERT: Count=665963 Max=28835.84 Min=4.03 Avg=38.07 10=16.45 25=23.36 50=33.85 75=48.51 90=64.73 95=75.90 99=100.67 99.9=147.71 99.99=579.07]
2025-04-19 13:30:27 29 sec: 687678 operations; [INSERT: Count=687678 Max=28835.84 Min=4.03 Avg=38.16 10=16.56 25=23.44 50=33.95 75=48.61 90=64.80 95=75.97 99=100.80 99.9=150.01 99.99=585.73]
2025-04-19 13:30:28 30 sec: 708846 operations; [INSERT: Count=708846 Max=28835.84 Min=4.03 Avg=38.30 10=16.61 25=23.47 50=33.98 75=48.70 90=64.99 95=76.29 99=101.57 99.9=156.29 99.99=618.50]
2025-04-19 13:30:29 31 sec: 731378 operations; [INSERT: Count=731378 Max=28835.84 Min=4.03 Avg=38.36 10=16.59 25=23.42 50=33.95 75=48.70 90=65.09 95=76.48 99=102.27 99.9=173.31 99.99=660.48]
2025-04-19 13:30:30 32 sec: 753376 operations; [INSERT: Count=753376 Max=28835.84 Min=4.03 Avg=38.46 10=16.56 25=23.34 50=33.92 75=48.73 90=65.28 95=76.86 99=103.55 99.9=203.78 99.99=739.33]
2025-04-19 13:30:31 33 sec: 781782 operations; [INSERT: Count=781782 Max=28835.84 Min=4.03 Avg=38.22 10=16.50 25=23.20 50=33.66 75=48.41 90=64.89 95=76.42 99=102.91 99.9=196.48 99.99=724.99]
2025-04-19 13:30:32 34 sec: 809487 operations; [INSERT: Count=809487 Max=28835.84 Min=4.03 Avg=38.03 10=16.48 25=23.10 50=33.50 75=48.13 90=64.54 95=76.03 99=102.46 99.9=194.05 99.99=717.82]
2025-04-19 13:30:33 35 sec: 836482 operations; [INSERT: Count=836482 Max=28835.84 Min=4.03 Avg=37.89 10=16.48 25=23.04 50=33.38 75=47.94 90=64.25 95=75.65 99=102.08 99.9=193.02 99.99=711.68]
2025-04-19 13:30:34 36 sec: 862936 operations; [INSERT: Count=862936 Max=28835.84 Min=4.03 Avg=37.78 10=16.50 25=22.99 50=33.28 75=47.77 90=64.00 95=75.33 99=101.63 99.9=188.41 99.99=709.12]
2025-04-19 13:30:35 37 sec: 888730 operations; [INSERT: Count=888730 Max=28835.84 Min=4.03 Avg=37.71 10=16.53 25=22.98 50=33.22 75=47.68 90=63.84 95=75.07 99=101.31 99.9=185.85 99.99=697.86]
2025-04-19 13:30:36 38 sec: 911145 operations; [INSERT: Count=911145 Max=28835.84 Min=4.03 Avg=37.78 10=16.56 25=23.01 50=33.25 75=47.74 90=63.94 95=75.26 99=101.57 99.9=183.04 99.99=711.68]
2025-04-19 13:30:37 39 sec: 934627 operations; [INSERT: Count=934627 Max=28835.84 Min=4.03 Avg=37.79 10=16.56 25=23.01 50=33.28 75=47.74 90=64.00 95=75.33 99=101.57 99.9=181.76 99.99=709.12]
2025-04-19 13:30:38 40 sec: 954063 operations; [INSERT: Count=954063 Max=28835.84 Min=4.03 Avg=37.96 10=16.64 25=23.12 50=33.44 75=47.97 90=64.29 95=75.65 99=101.82 99.9=179.71 99.99=711.68]
2025-04-19 13:30:39 41 sec: 975855 operations; [INSERT: Count=975855 Max=28835.84 Min=4.03 Avg=38.02 10=16.70 25=23.18 50=33.50 75=48.03 90=64.35 95=75.71 99=101.76 99.9=177.79 99.99=706.56]
2025-04-19 13:30:40 42 sec: 1000000 operations; [INSERT: Count=1000000 Max=28835.84 Min=4.03 Avg=37.63 10=16.27 25=22.80 50=33.12 75=47.65 90=63.97 95=75.33 99=101.44 99.9=177.02 99.99=703.49]
2025-04-19 13:30:41 43 sec: 1000000 operations; [INSERT: Count=1000000 Max=28835.84 Min=4.03 Avg=37.63 10=16.27 25=22.80 50=33.12 75=47.65 90=63.97 95=75.33 99=101.44 99.9=177.02 99.99=703.49]
2025-04-19 13:30:42 44 sec: 1000000 operations; [INSERT: Count=1000000 Max=28835.84 Min=4.03 Avg=37.63 10=16.27 25=22.80 50=33.12 75=47.65 90=63.97 95=75.33 99=101.44 99.9=177.02 99.99=703.49]
2025-04-19 13:30:43 45 sec: 1000000 operations; [INSERT: Count=1000000 Max=28835.84 Min=4.03 Avg=37.63 10=16.27 25=22.80 50=33.12 75=47.65 90=63.97 95=75.33 99=101.44 99.9=177.02 99.99=703.49]
2025-04-19 13:30:44 46 sec: 1000000 operations; [INSERT: Count=1000000 Max=28835.84 Min=4.03 Avg=37.63 10=16.27 25=22.80 50=33.12 75=47.65 90=63.97 95=75.33 99=101.44 99.9=177.02 99.99=703.49]
2025-04-19 13:30:45 47 sec: 1000000 operations; [INSERT: Count=1000000 Max=28835.84 Min=4.03 Avg=37.63 10=16.27 25=22.80 50=33.12 75=47.65 90=63.97 95=75.33 99=101.44 99.9=177.02 99.99=703.49]
2025-04-19 13:30:46 48 sec: 1000000 operations; [INSERT: Count=1000000 Max=28835.84 Min=4.03 Avg=37.63 10=16.27 25=22.80 50=33.12 75=47.65 90=63.97 95=75.33 99=101.44 99.9=177.02 99.99=703.49]
2025-04-19 13:30:47 49 sec: 1000000 operations; [INSERT: Count=1000000 Max=28835.84 Min=4.03 Avg=37.63 10=16.27 25=22.80 50=33.12 75=47.65 90=63.97 95=75.33 99=101.44 99.9=177.02 99.99=703.49]
2025-04-19 13:30:48 50 sec: 1000000 operations; [INSERT: Count=1000000 Max=28835.84 Min=4.03 Avg=37.63 10=16.27 25=22.80 50=33.12 75=47.65 90=63.97 95=75.33 99=101.44 99.9=177.02 99.99=703.49]
2025-04-19 13:30:49 51 sec: 1000000 operations; [INSERT: Count=1000000 Max=28835.84 Min=4.03 Avg=37.63 10=16.27 25=22.80 50=33.12 75=47.65 90=63.97 95=75.33 99=101.44 99.9=177.02 99.99=703.49]
2025-04-19 13:30:50 51 sec: 1000000 operations; [INSERT: Count=1000000 Max=28835.84 Min=4.03 Avg=37.63 10=16.27 25=22.80 50=33.12 75=47.65 90=63.97 95=75.33 99=101.44 99.9=177.02 99.99=703.49]
Load runtime(sec): 51.5081
Load operations(ops): 1000000
Load throughput(ops/sec): 19414.4
