Running scope as unit: run-rfee0d405835d4465a28764d9ab3587f9.scope
load file:/home/user/DataFiles/silesia_data/silesia.tar
2025-04-22 06:14:36 0 sec: 0 operations;
2025-04-22 06:14:37 1 sec: 30117 operations; [INSERT: Count=30117 Max=7577.60 Min=5.22 Avg=28.79 10=13.49 25=18.06 50=25.57 75=36.16 90=47.23 95=54.98 99=69.89 99.9=101.25 99.99=248.96]
2025-04-22 06:14:38 2 sec: 61429 operations; [INSERT: Count=61429 Max=7577.60 Min=4.94 Avg=28.71 10=13.65 25=18.21 50=25.71 75=36.19 90=47.39 95=54.66 99=69.06 99.9=96.32 99.99=243.71]
2025-04-22 06:14:39 3 sec: 95212 operations; [INSERT: Count=95212 Max=7577.60 Min=4.94 Avg=27.85 10=13.41 25=17.74 50=24.96 75=35.07 90=45.92 95=53.02 99=67.01 99.9=92.48 99.99=241.79]
2025-04-22 06:14:40 4 sec: 130627 operations; [INSERT: Count=130627 Max=7577.60 Min=4.94 Avg=27.05 10=13.17 25=17.30 50=24.25 75=33.95 90=44.48 95=51.39 99=65.47 99.9=92.35 99.99=238.97]
2025-04-22 06:14:41 5 sec: 166569 operations; [INSERT: Count=166569 Max=7577.60 Min=4.94 Avg=26.49 10=12.96 25=16.96 50=23.74 75=33.12 90=43.49 95=50.24 99=64.16 99.9=93.76 99.99=238.97]
2025-04-22 06:14:42 6 sec: 203099 operations; [INSERT: Count=203099 Max=14778.37 Min=4.94 Avg=26.05 10=12.82 25=16.67 50=23.26 75=32.45 90=42.53 95=49.18 99=63.17 99.9=92.35 99.99=242.18]
2025-04-22 06:14:43 7 sec: 239267 operations; [INSERT: Count=239267 Max=14778.37 Min=4.94 Avg=25.79 10=12.81 25=16.57 50=23.04 75=32.08 90=41.98 95=48.54 99=62.46 99.9=91.14 99.99=239.36]
2025-04-22 06:14:44 8 sec: 275559 operations; [INSERT: Count=275559 Max=14778.37 Min=4.94 Avg=25.58 10=12.79 25=16.50 50=22.88 75=31.79 90=41.53 95=48.00 99=61.76 99.9=90.75 99.99=238.46]
2025-04-22 06:14:45 9 sec: 309857 operations; [INSERT: Count=309857 Max=14778.37 Min=4.94 Avg=25.59 10=12.81 25=16.50 50=22.85 75=31.76 90=41.47 95=48.03 99=62.43 99.9=98.56 99.99=239.36]
2025-04-22 06:14:46 10 sec: 332729 operations; [INSERT: Count=332729 Max=14778.37 Min=4.94 Avg=26.58 10=12.99 25=16.83 50=23.50 75=32.93 90=43.52 95=51.04 99=69.31 99.9=117.44 99.99=247.04]
2025-04-22 06:14:47 11 sec: 355775 operations; [INSERT: Count=355775 Max=14778.37 Min=4.94 Avg=27.45 10=13.16 25=17.14 50=24.11 75=33.95 90=45.34 95=53.79 99=74.81 99.9=119.68 99.99=255.62]
2025-04-22 06:14:48 12 sec: 378429 operations; [INSERT: Count=378429 Max=26263.55 Min=4.94 Avg=28.25 10=13.30 25=17.41 50=24.59 75=34.72 90=46.66 95=55.62 99=77.38 99.9=121.60 99.99=280.83]
2025-04-22 06:14:49 13 sec: 402386 operations; [INSERT: Count=402386 Max=26263.55 Min=4.94 Avg=28.85 10=13.45 25=17.66 50=25.05 75=35.49 90=47.94 95=57.28 99=79.55 99.9=128.51 99.99=294.91]
2025-04-22 06:14:50 14 sec: 434005 operations; [INSERT: Count=434005 Max=26263.55 Min=4.94 Avg=28.81 10=13.49 25=17.71 50=25.05 75=35.42 90=47.74 95=56.96 99=78.91 99.9=130.50 99.99=305.66]
2025-04-22 06:14:51 15 sec: 460149 operations; [INSERT: Count=460149 Max=26263.55 Min=4.94 Avg=29.16 10=13.60 25=17.90 50=25.36 75=35.90 90=48.48 95=57.79 99=79.55 99.9=129.34 99.99=300.80]
2025-04-22 06:14:52 16 sec: 485396 operations; [INSERT: Count=485396 Max=26263.55 Min=4.94 Avg=29.53 10=13.70 25=18.08 50=25.68 75=36.41 90=49.28 95=58.81 99=80.64 99.9=128.25 99.99=308.99]
2025-04-22 06:14:53 17 sec: 509401 operations; [INSERT: Count=509401 Max=26263.55 Min=4.94 Avg=29.94 10=13.79 25=18.25 50=26.00 75=36.96 90=50.21 95=60.06 99=82.05 99.9=129.34 99.99=309.25]
2025-04-22 06:14:54 18 sec: 532646 operations; [INSERT: Count=532646 Max=26263.55 Min=4.94 Avg=30.37 10=13.88 25=18.41 50=26.29 75=37.47 90=51.04 95=61.12 99=83.52 99.9=137.98 99.99=380.93]
2025-04-22 06:14:55 19 sec: 562437 operations; [INSERT: Count=562437 Max=26263.55 Min=4.94 Avg=30.36 10=13.87 25=18.41 50=26.29 75=37.47 90=51.01 95=61.02 99=83.26 99.9=141.57 99.99=483.33]
2025-04-22 06:14:56 20 sec: 597107 operations; [INSERT: Count=597107 Max=26263.55 Min=4.94 Avg=30.08 10=13.78 25=18.27 50=26.08 75=37.15 90=50.46 95=60.35 99=82.50 99.9=140.03 99.99=406.01]
2025-04-22 06:14:57 21 sec: 627279 operations; [INSERT: Count=627279 Max=26263.55 Min=4.94 Avg=30.07 10=13.79 25=18.29 50=26.08 75=37.15 90=50.46 95=60.26 99=82.24 99.9=138.50 99.99=363.52]
2025-04-22 06:14:58 22 sec: 651042 operations; [INSERT: Count=651042 Max=26263.55 Min=4.94 Avg=30.39 10=13.87 25=18.43 50=26.34 75=37.60 90=51.17 95=61.15 99=83.26 99.9=137.09 99.99=355.58]
2025-04-22 06:14:59 23 sec: 674413 operations; [INSERT: Count=674413 Max=26263.55 Min=4.94 Avg=30.70 10=13.96 25=18.57 50=26.57 75=38.02 90=51.84 95=61.92 99=84.16 99.9=137.09 99.99=380.93]
2025-04-22 06:15:00 24 sec: 720630 operations; [INSERT: Count=720630 Max=26263.55 Min=4.93 Avg=29.90 10=12.94 25=17.68 50=25.82 75=37.34 90=51.26 95=61.41 99=83.71 99.9=134.78 99.99=463.10]
2025-04-22 06:15:01 25 sec: 802708 operations; [INSERT: Count=802708 Max=26263.55 Min=4.26 Avg=27.76 10=9.72 25=15.12 50=23.82 75=35.65 90=49.66 95=59.90 99=82.24 99.9=127.61 99.99=438.01]
2025-04-22 06:15:02 26 sec: 881007 operations; [INSERT: Count=881007 Max=26263.55 Min=4.26 Avg=26.14 10=8.40 25=12.93 50=22.02 75=34.17 90=48.29 95=58.56 99=81.15 99.9=123.39 99.99=360.45]
2025-04-22 06:15:03 27 sec: 926304 operations; [INSERT: Count=926304 Max=26263.55 Min=4.26 Avg=25.78 10=8.43 25=12.75 50=21.58 75=33.66 90=47.71 95=57.92 99=80.51 99.9=122.56 99.99=348.42]
2025-04-22 06:15:04 28 sec: 967567 operations; [INSERT: Count=967567 Max=26263.55 Min=4.26 Avg=25.58 10=8.49 25=12.72 50=21.33 75=33.28 90=47.20 95=57.41 99=80.19 99.9=127.61 99.99=483.33]
2025-04-22 06:15:05 28 sec: 1000000 operations; [INSERT: Count=1000000 Max=26263.55 Min=4.26 Avg=25.07 10=8.14 25=12.12 50=20.73 75=32.77 90=46.72 95=56.96 99=79.87 99.9=130.18 99.99=593.92]
Load runtime(sec): 28.4796
Load operations(ops): 1000000
Load throughput(ops/sec): 35112.8
