Running scope as unit: run-r01471233fdf94f47bbce42b26213482b.scope
load file:/home/user/DataFiles/silesia_data/silesia.tar
2025-04-22 06:08:18 0 sec: 0 operations;
2025-04-22 06:08:19 1 sec: 47550 operations; [INSERT: Count=47550 Max=6205.44 Min=4.98 Avg=17.08 10=9.46 25=11.59 50=15.34 75=20.83 90=26.40 95=29.87 99=37.57 99.9=52.13 99.99=206.21]
2025-04-22 06:08:20 2 sec: 100297 operations; [INSERT: Count=100297 Max=6205.44 Min=4.98 Avg=16.35 10=9.34 25=11.30 50=14.74 75=19.93 90=25.15 95=28.37 99=35.42 99.9=50.30 99.99=184.83]
2025-04-22 06:08:21 3 sec: 153991 operations; [INSERT: Count=153991 Max=6205.44 Min=4.73 Avg=16.00 10=9.29 25=11.18 50=14.45 75=19.45 90=24.46 95=27.55 99=34.43 99.9=51.13 99.99=182.14]
2025-04-22 06:08:22 4 sec: 207828 operations; [INSERT: Count=207828 Max=6205.44 Min=4.73 Avg=15.82 10=9.29 25=11.12 50=14.28 75=19.18 90=24.06 95=27.10 99=33.79 99.9=51.26 99.99=183.29]
2025-04-22 06:08:23 5 sec: 262099 operations; [INSERT: Count=262099 Max=6205.44 Min=4.73 Avg=15.68 10=9.29 25=11.09 50=14.16 75=18.98 90=23.73 95=26.69 99=33.31 99.9=51.77 99.99=187.39]
2025-04-22 06:08:24 6 sec: 316830 operations; [INSERT: Count=316830 Max=6205.44 Min=4.73 Avg=15.56 10=9.29 25=11.06 50=14.07 75=18.78 90=23.47 95=26.37 99=32.90 99.9=52.09 99.99=186.11]
2025-04-22 06:08:25 7 sec: 372659 operations; [INSERT: Count=372659 Max=6205.44 Min=4.73 Avg=15.42 10=9.29 25=11.02 50=13.96 75=18.57 90=23.17 95=26.02 99=32.41 99.9=53.31 99.99=184.19]
2025-04-22 06:08:26 8 sec: 428611 operations; [INSERT: Count=428611 Max=6205.44 Min=4.73 Avg=15.31 10=9.29 25=10.98 50=13.88 75=18.40 90=22.91 95=25.73 99=32.05 99.9=53.63 99.99=183.42]
2025-04-22 06:08:27 9 sec: 468400 operations; [INSERT: Count=468400 Max=6205.44 Min=4.73 Avg=15.87 10=9.37 25=11.13 50=14.18 75=18.96 90=23.89 95=27.33 99=37.73 99.9=68.54 99.99=185.98]
2025-04-22 06:08:28 10 sec: 499983 operations; [INSERT: Count=499983 Max=6205.44 Min=4.73 Avg=16.66 10=9.46 25=11.29 50=14.57 75=19.73 90=25.41 95=30.27 99=46.75 99.9=79.36 99.99=189.95]
2025-04-22 06:08:29 11 sec: 529286 operations; [INSERT: Count=529286 Max=6205.44 Min=4.73 Avg=17.44 10=9.54 25=11.45 50=14.96 75=20.48 90=27.21 95=33.95 99=52.73 99.9=88.32 99.99=197.12]
2025-04-22 06:08:30 12 sec: 564955 operations; [INSERT: Count=564955 Max=6205.44 Min=4.73 Avg=17.90 10=9.60 25=11.57 50=15.22 75=20.94 90=28.21 95=35.52 99=54.56 99.9=104.96 99.99=258.05]
2025-04-22 06:08:31 13 sec: 609792 operations; [INSERT: Count=609792 Max=6205.44 Min=4.73 Avg=17.98 10=9.62 25=11.60 50=15.26 75=20.98 90=28.21 95=35.33 99=54.56 99.9=136.06 99.99=458.75]
2025-04-22 06:08:32 14 sec: 661540 operations; [INSERT: Count=661540 Max=6205.44 Min=4.73 Avg=17.83 10=9.56 25=11.51 50=15.11 75=20.77 90=27.81 95=34.75 99=54.05 99.9=139.52 99.99=631.81]
2025-04-22 06:08:33 15 sec: 715165 operations; [INSERT: Count=715165 Max=6205.44 Min=4.68 Avg=17.64 10=9.53 25=11.44 50=14.98 75=20.56 90=27.36 95=34.02 99=53.34 99.9=139.65 99.99=626.69]
2025-04-22 06:08:34 16 sec: 771984 operations; [INSERT: Count=771984 Max=6205.44 Min=4.68 Avg=17.40 10=9.46 25=11.34 50=14.81 75=20.30 90=26.85 95=33.22 99=52.48 99.9=137.60 99.99=552.45]
2025-04-22 06:08:35 17 sec: 828632 operations; [INSERT: Count=828632 Max=6205.44 Min=4.68 Avg=17.19 10=9.43 25=11.26 50=14.66 75=20.06 90=26.40 95=32.53 99=51.71 99.9=136.45 99.99=496.13]
2025-04-22 06:08:36 18 sec: 882118 operations; [INSERT: Count=882118 Max=6205.44 Min=4.68 Avg=17.09 10=9.42 25=11.25 50=14.62 75=19.97 90=26.18 95=32.06 99=51.10 99.9=135.29 99.99=421.12]
2025-04-22 06:08:37 19 sec: 920986 operations; [INSERT: Count=920986 Max=6205.44 Min=4.68 Avg=17.31 10=9.47 25=11.33 50=14.79 75=20.25 90=26.75 95=32.96 99=51.39 99.9=133.89 99.99=384.00]
2025-04-22 06:08:38 20 sec: 959983 operations; [INSERT: Count=959983 Max=6205.44 Min=4.68 Avg=17.52 10=9.50 25=11.40 50=14.94 75=20.50 90=27.30 95=33.70 99=51.68 99.9=137.34 99.99=370.18]
2025-04-22 06:08:39 21 sec: 1000000 operations; [INSERT: Count=1000000 Max=8257.53 Min=4.68 Avg=17.37 10=9.39 25=11.29 50=14.79 75=20.32 90=27.04 95=33.34 99=51.39 99.9=140.80 99.99=421.12]
2025-04-22 06:08:40 21 sec: 1000000 operations; [INSERT: Count=1000000 Max=8257.53 Min=4.68 Avg=17.37 10=9.39 25=11.29 50=14.79 75=20.32 90=27.04 95=33.34 99=51.39 99.9=140.80 99.99=421.12]
Load runtime(sec): 21.2908
Load operations(ops): 1000000
Load throughput(ops/sec): 46968.6
