Running scope as unit: run-rf2780a76bdb5453b86d7f00532d589c8.scope
load file:/home/user/DataFiles/silesia_data/silesia.tar
2025-04-22 06:11:26 0 sec: 0 operations;
2025-04-22 06:11:27 1 sec: 53379 operations; [INSERT: Count=53379 Max=4980.73 Min=5.14 Avg=15.13 10=8.71 25=10.45 50=13.46 75=18.45 90=23.25 95=26.19 99=32.48 99.9=51.90 99.99=178.43]
2025-04-22 06:11:28 2 sec: 106454 operations; [INSERT: Count=106454 Max=4980.73 Min=5.14 Avg=15.37 10=8.95 25=10.69 50=13.75 75=18.75 90=23.55 95=26.48 99=32.73 99.9=52.32 99.99=180.99]
2025-04-22 06:11:29 3 sec: 158225 operations; [INSERT: Count=158225 Max=4980.73 Min=5.14 Avg=15.60 10=9.11 25=10.87 50=13.97 75=19.01 90=23.86 95=26.83 99=33.22 99.9=63.58 99.99=180.35]
2025-04-22 06:11:30 4 sec: 208595 operations; [INSERT: Count=208595 Max=4980.73 Min=4.94 Avg=15.84 10=9.24 25=11.04 50=14.21 75=19.30 90=24.25 95=27.34 99=33.82 99.9=57.63 99.99=182.01]
2025-04-22 06:11:31 5 sec: 259104 operations; [INSERT: Count=259104 Max=12656.64 Min=4.94 Avg=15.97 10=9.30 25=11.12 50=14.29 75=19.38 90=24.32 95=27.42 99=33.82 99.9=57.28 99.99=186.75]
2025-04-22 06:11:32 6 sec: 308227 operations; [INSERT: Count=308227 Max=12656.64 Min=4.94 Avg=16.15 10=9.40 25=11.26 50=14.49 75=19.60 90=24.62 95=27.76 99=34.40 99.9=57.79 99.99=185.98]
2025-04-22 06:11:33 7 sec: 357664 operations; [INSERT: Count=357664 Max=12656.64 Min=4.94 Avg=16.26 10=9.48 25=11.35 50=14.61 75=19.74 90=24.78 95=27.92 99=34.53 99.9=59.10 99.99=185.34]
2025-04-22 06:11:34 8 sec: 407287 operations; [INSERT: Count=407287 Max=12656.64 Min=4.94 Avg=16.34 10=9.54 25=11.43 50=14.70 75=19.82 90=24.88 95=28.02 99=34.59 99.9=59.87 99.99=184.70]
2025-04-22 06:11:35 9 sec: 452230 operations; [INSERT: Count=452230 Max=12656.64 Min=4.94 Avg=16.60 10=9.63 25=11.57 50=14.91 75=20.13 90=25.34 95=28.64 99=35.71 99.9=58.85 99.99=188.03]
2025-04-22 06:11:36 10 sec: 488318 operations; [INSERT: Count=488318 Max=12656.64 Min=4.94 Avg=17.18 10=9.70 25=11.72 50=15.25 75=20.75 90=26.46 95=30.41 99=41.44 99.9=71.42 99.99=191.74]
2025-04-22 06:11:37 11 sec: 520348 operations; [INSERT: Count=520348 Max=12656.64 Min=4.94 Avg=17.84 10=9.79 25=11.89 50=15.62 75=21.44 90=27.77 95=32.72 99=47.90 99.9=81.34 99.99=209.02]
2025-04-22 06:11:38 12 sec: 550324 operations; [INSERT: Count=550324 Max=12656.64 Min=4.94 Avg=18.51 10=9.87 25=12.04 50=15.98 75=22.08 90=29.15 95=35.17 99=52.35 99.9=90.75 99.99=254.97]
2025-04-22 06:11:39 13 sec: 582421 operations; [INSERT: Count=582421 Max=12656.64 Min=4.94 Avg=19.03 10=9.94 25=12.16 50=16.22 75=22.51 90=30.03 95=36.54 99=54.72 99.9=114.37 99.99=326.14]
2025-04-22 06:11:40 14 sec: 621058 operations; [INSERT: Count=621058 Max=12656.64 Min=4.94 Avg=19.25 10=9.99 25=12.25 50=16.38 75=22.78 90=30.48 95=36.99 99=54.75 99.9=132.35 99.99=610.30]
2025-04-22 06:11:41 15 sec: 667140 operations; [INSERT: Count=667140 Max=12656.64 Min=4.94 Avg=19.20 10=9.99 25=12.26 50=16.40 75=22.78 90=30.35 95=36.67 99=54.05 99.9=126.72 99.99=444.16]
2025-04-22 06:11:42 16 sec: 714686 operations; [INSERT: Count=714686 Max=12656.64 Min=4.94 Avg=19.10 10=9.99 25=12.24 50=16.36 75=22.72 90=30.14 95=36.26 99=53.34 99.9=126.27 99.99=368.13]
2025-04-22 06:11:43 17 sec: 762413 operations; [INSERT: Count=762413 Max=12656.64 Min=4.94 Avg=19.01 10=9.99 25=12.23 50=16.32 75=22.66 90=29.97 95=35.90 99=52.67 99.9=126.27 99.99=326.91]
2025-04-22 06:11:44 18 sec: 811249 operations; [INSERT: Count=811249 Max=12656.64 Min=4.94 Avg=18.90 10=9.98 25=12.20 50=16.26 75=22.54 90=29.74 95=35.52 99=52.03 99.9=123.52 99.99=313.09]
2025-04-22 06:11:45 19 sec: 857257 operations; [INSERT: Count=857257 Max=12656.64 Min=4.94 Avg=18.88 10=10.00 25=12.21 50=16.27 75=22.54 90=29.70 95=35.33 99=51.62 99.9=120.13 99.99=292.86]
2025-04-22 06:11:46 20 sec: 899456 operations; [INSERT: Count=899456 Max=12656.64 Min=4.94 Avg=18.95 10=10.05 25=12.28 50=16.36 75=22.67 90=29.84 95=35.42 99=51.36 99.9=119.49 99.99=289.54]
2025-04-22 06:11:47 21 sec: 936539 operations; [INSERT: Count=936539 Max=12656.64 Min=4.94 Avg=19.14 10=10.07 25=12.34 50=16.50 75=22.91 90=30.27 95=36.06 99=52.09 99.9=118.08 99.99=289.02]
2025-04-22 06:11:48 22 sec: 968720 operations; [INSERT: Count=968720 Max=12656.64 Min=4.94 Avg=19.43 10=10.11 25=12.42 50=16.67 75=23.21 90=30.88 95=37.02 99=53.79 99.9=138.11 99.99=336.89]
2025-04-22 06:11:49 23 sec: 1000000 operations; [INSERT: Count=1000000 Max=12656.64 Min=4.72 Avg=19.43 10=10.10 25=12.40 50=16.66 75=23.21 90=30.91 95=37.09 99=53.85 99.9=144.13 99.99=351.74]
2025-04-22 06:11:49 23 sec: 1000000 operations; [INSERT: Count=1000000 Max=12656.64 Min=4.72 Avg=19.43 10=10.10 25=12.40 50=16.66 75=23.21 90=30.91 95=37.09 99=53.85 99.9=144.13 99.99=351.74]
Load runtime(sec): 23.1285
Load operations(ops): 1000000
Load throughput(ops/sec): 43236.6
