Running scope as unit: run-r558bdbad005f493fbf9fa014b75a2910.scope
load file:/home/user/DataFiles/silesia_data/silesia.tar
2025-04-22 06:11:26 0 sec: 0 operations;
2025-04-22 06:11:27 1 sec: 46763 operations; [INSERT: Count=46763 Max=3336.19 Min=4.96 Avg=17.38 10=9.63 25=11.82 50=15.54 75=21.34 90=27.04 95=30.54 99=38.11 99.9=78.40 99.99=207.23]
2025-04-22 06:11:28 2 sec: 98617 operations; [INSERT: Count=98617 Max=3336.19 Min=4.96 Avg=16.65 10=9.52 25=11.51 50=14.97 75=20.38 90=25.77 95=29.04 99=36.06 99.9=54.14 99.99=187.65]
2025-04-22 06:11:29 3 sec: 152512 operations; [INSERT: Count=152512 Max=3336.19 Min=4.78 Avg=16.16 10=9.41 25=11.28 50=14.54 75=19.68 90=24.82 95=27.97 99=34.88 99.9=54.11 99.99=184.83]
2025-04-22 06:11:30 4 sec: 204289 operations; [INSERT: Count=204289 Max=3336.19 Min=4.78 Avg=16.09 10=9.39 25=11.23 50=14.46 75=19.54 90=24.61 95=27.82 99=35.20 99.9=56.29 99.99=184.70]
2025-04-22 06:11:31 5 sec: 251610 operations; [INSERT: Count=251610 Max=12656.64 Min=4.78 Avg=16.38 10=9.51 25=11.41 50=14.70 75=19.82 90=24.94 95=28.21 99=35.58 99.9=58.46 99.99=198.27]
2025-04-22 06:11:32 6 sec: 299104 operations; [INSERT: Count=299104 Max=12656.64 Min=4.78 Avg=16.58 10=9.62 25=11.57 50=14.93 75=20.08 90=25.28 95=28.61 99=35.97 99.9=58.37 99.99=194.69]
2025-04-22 06:11:33 7 sec: 346999 operations; [INSERT: Count=346999 Max=12656.64 Min=4.78 Avg=16.71 10=9.71 25=11.68 50=15.06 75=20.24 90=25.47 95=28.83 99=36.13 99.9=61.38 99.99=192.51]
2025-04-22 06:11:34 8 sec: 395145 operations; [INSERT: Count=395145 Max=12656.64 Min=4.78 Avg=16.80 10=9.78 25=11.77 50=15.17 75=20.34 90=25.58 95=28.93 99=36.19 99.9=61.92 99.99=192.13]
2025-04-22 06:11:35 9 sec: 438490 operations; [INSERT: Count=438490 Max=12656.64 Min=4.78 Avg=17.09 10=9.87 25=11.91 50=15.41 75=20.67 90=26.06 95=29.61 99=37.47 99.9=61.50 99.99=196.22]
2025-04-22 06:11:36 10 sec: 472726 operations; [INSERT: Count=472726 Max=12656.64 Min=4.78 Avg=17.73 10=9.96 25=12.08 50=15.78 75=21.34 90=27.28 95=31.55 99=43.30 99.9=75.52 99.99=213.38]
2025-04-22 06:11:37 11 sec: 504316 operations; [INSERT: Count=504316 Max=12656.64 Min=4.78 Avg=18.39 10=10.04 25=12.25 50=16.15 75=22.03 90=28.66 95=33.95 99=49.41 99.9=82.94 99.99=233.85]
2025-04-22 06:11:38 12 sec: 533944 operations; [INSERT: Count=533944 Max=12656.64 Min=4.78 Avg=19.06 10=10.13 25=12.41 50=16.51 75=22.70 90=30.05 95=36.38 99=53.89 99.9=91.78 99.99=265.47]
2025-04-22 06:11:39 13 sec: 565590 operations; [INSERT: Count=565590 Max=12656.64 Min=4.78 Avg=19.57 10=10.19 25=12.53 50=16.77 75=23.14 90=30.98 95=37.76 99=55.90 99.9=121.28 99.99=316.42]
2025-04-22 06:11:40 14 sec: 602239 operations; [INSERT: Count=602239 Max=12656.64 Min=4.78 Avg=19.84 10=10.24 25=12.62 50=16.94 75=23.45 90=31.50 95=38.34 99=56.13 99.9=138.11 99.99=646.65]
2025-04-22 06:11:41 15 sec: 646429 operations; [INSERT: Count=646429 Max=12656.64 Min=4.78 Avg=19.81 10=10.26 25=12.64 50=16.98 75=23.47 90=31.42 95=38.02 99=55.42 99.9=138.11 99.99=506.88]
2025-04-22 06:11:42 16 sec: 692049 operations; [INSERT: Count=692049 Max=12656.64 Min=4.78 Avg=19.73 10=10.26 25=12.64 50=16.96 75=23.44 90=31.21 95=37.60 99=54.81 99.9=137.47 99.99=413.69]
2025-04-22 06:11:43 17 sec: 737891 operations; [INSERT: Count=737891 Max=12656.64 Min=4.78 Avg=19.65 10=10.27 25=12.64 50=16.94 75=23.39 90=31.02 95=37.22 99=54.21 99.9=137.34 99.99=346.37]
2025-04-22 06:11:44 18 sec: 785083 operations; [INSERT: Count=785083 Max=12656.64 Min=4.78 Avg=19.54 10=10.26 25=12.62 50=16.89 75=23.28 90=30.80 95=36.83 99=53.60 99.9=137.22 99.99=320.00]
2025-04-22 06:11:45 19 sec: 829281 operations; [INSERT: Count=829281 Max=12656.64 Min=4.78 Avg=19.53 10=10.28 25=12.64 50=16.91 75=23.30 90=30.77 95=36.67 99=53.12 99.9=134.27 99.99=314.37]
2025-04-22 06:11:46 20 sec: 869670 operations; [INSERT: Count=869670 Max=12656.64 Min=4.78 Avg=19.61 10=10.33 25=12.70 50=17.01 75=23.44 90=30.94 95=36.80 99=52.90 99.9=129.79 99.99=306.18]
2025-04-22 06:11:47 21 sec: 902861 operations; [INSERT: Count=902861 Max=12656.64 Min=4.78 Avg=19.87 10=10.38 25=12.81 50=17.20 75=23.76 90=31.52 95=37.63 99=54.05 99.9=129.79 99.99=304.38]
2025-04-22 06:11:48 22 sec: 934512 operations; [INSERT: Count=934512 Max=12656.64 Min=4.78 Avg=20.16 10=10.42 25=12.89 50=17.38 75=24.08 90=32.14 95=38.59 99=55.55 99.9=137.34 99.99=346.37]
2025-04-22 06:11:49 23 sec: 984225 operations; [INSERT: Count=984225 Max=12656.64 Min=4.61 Avg=19.99 10=10.24 25=12.71 50=17.18 75=23.92 90=32.00 95=38.43 99=55.42 99.9=144.90 99.99=417.02]
2025-04-22 06:11:50 23 sec: 1000000 operations; [INSERT: Count=1000000 Max=12656.64 Min=4.42 Avg=19.82 10=10.02 25=12.54 50=17.02 75=23.77 90=31.87 95=38.30 99=55.33 99.9=146.30 99.99=452.86]
Load runtime(sec): 23.4145
Load operations(ops): 1000000
Load throughput(ops/sec): 42708.6
