Running scope as unit: run-r40887fa2368d4d03a30a8b02169a895a.scope
load file:/home/user/DataFiles/silesia_data/silesia.tar
2025-04-19 12:03:30 0 sec: 0 operations;
2025-04-19 12:03:31 1 sec: 0 operations;
2025-04-19 12:03:32 2 sec: 0 operations;
2025-04-19 12:03:33 3 sec: 0 operations;
2025-04-19 12:03:34 4 sec: 0 operations;
2025-04-19 12:03:35 5 sec: 0 operations;
2025-04-19 12:03:36 6 sec: 0 operations;
2025-04-19 12:03:37 7 sec: 0 operations;
2025-04-19 12:03:38 8 sec: 0 operations;
2025-04-19 12:03:39 9 sec: 0 operations;
2025-04-19 12:03:40 10 sec: 0 operations;
2025-04-19 12:03:41 11 sec: 0 operations;
2025-04-19 12:03:42 12 sec: 0 operations;
2025-04-19 12:03:43 13 sec: 0 operations;
2025-04-19 12:03:44 14 sec: 0 operations;
2025-04-19 12:03:45 15 sec: 0 operations;
2025-04-19 12:03:46 16 sec: 0 operations;
2025-04-19 12:03:47 17 sec: 0 operations;
2025-04-19 12:03:48 18 sec: 0 operations;
2025-04-19 12:03:49 19 sec: 0 operations;
2025-04-19 12:03:50 20 sec: 0 operations;
2025-04-19 12:03:51 21 sec: 0 operations;
2025-04-19 12:03:52 22 sec: 0 operations;
2025-04-19 12:03:53 23 sec: 0 operations;
2025-04-19 12:03:54 24 sec: 0 operations;
2025-04-19 12:03:55 25 sec: 0 operations;
2025-04-19 12:03:56 26 sec: 0 operations;
2025-04-19 12:03:57 27 sec: 0 operations;
2025-04-19 12:03:58 28 sec: 0 operations;
2025-04-19 12:03:59 29 sec: 0 operations;
2025-04-19 12:04:00 30 sec: 0 operations;
2025-04-19 12:04:01 31 sec: 9411 operations; [READ: Count=6304 Max=687.62 Min=2.66 Avg=88.74 10=41.57 25=72.13 50=81.53 75=113.47 90=121.92 95=141.82 99=159.62 99.9=189.82 99.99=238.08] [UPDATE: Count=3107 Max=502.78 Min=7.20 Avg=14.54 10=10.70 25=11.60 50=12.89 75=15.05 90=17.71 95=19.31 99=27.49 99.9=297.73 99.99=502.78]
2025-04-19 12:04:02 32 sec: 25031 operations; [READ: Count=16690 Max=687.62 Min=2.52 Avg=88.26 10=41.05 25=72.06 50=81.98 75=113.86 90=123.01 95=141.69 99=160.38 99.9=189.95 99.99=220.03] [UPDATE: Count=8341 Max=1525.76 Min=6.98 Avg=14.59 10=10.77 25=11.71 50=13.02 75=15.24 90=17.92 95=19.57 99=25.71 99.9=256.64 99.99=766.46]
2025-04-19 12:04:03 33 sec: 39945 operations; [READ: Count=26620 Max=687.62 Min=2.52 Avg=88.29 10=41.09 25=72.19 50=82.17 75=113.98 90=123.58 95=142.46 99=160.51 99.9=187.26 99.99=213.50] [UPDATE: Count=13325 Max=19120.13 Min=6.98 Avg=17.61 10=10.82 25=11.77 50=13.07 75=15.32 90=18.03 95=19.73 99=27.25 99.9=256.64 99.99=13459.45]
2025-04-19 12:04:04 34 sec: 55685 operations; [READ: Count=37132 Max=687.62 Min=2.52 Avg=88.00 10=40.93 25=72.13 50=82.17 75=113.98 90=123.26 95=141.95 99=159.62 99.9=187.26 99.99=209.66] [UPDATE: Count=18553 Max=19120.13 Min=6.66 Avg=16.58 10=10.82 25=11.76 50=13.06 75=15.29 90=17.89 95=19.49 99=26.16 99.9=226.30 99.99=8708.09]
2025-04-19 12:04:05 35 sec: 71215 operations; [READ: Count=47461 Max=687.62 Min=2.52 Avg=88.01 10=40.80 25=72.13 50=82.37 75=114.24 90=123.71 95=142.72 99=160.25 99.9=188.16 99.99=209.66] [UPDATE: Count=23754 Max=19120.13 Min=6.66 Avg=16.33 10=10.86 25=11.80 50=13.12 75=15.35 90=18.02 95=19.66 99=26.56 99.9=229.63 99.99=8708.09]
2025-04-19 12:04:06 36 sec: 86688 operations; [READ: Count=57782 Max=687.62 Min=2.52 Avg=87.85 10=40.73 25=72.13 50=82.43 75=114.30 90=123.84 95=142.72 99=160.00 99.9=187.78 99.99=206.46] [UPDATE: Count=28906 Max=19120.13 Min=6.66 Avg=16.58 10=10.89 25=11.83 50=13.16 75=15.41 90=18.05 95=19.66 99=27.10 99.9=303.36 99.99=2781.18]
2025-04-19 12:04:07 37 sec: 102444 operations; [READ: Count=68285 Max=687.62 Min=2.52 Avg=87.67 10=40.58 25=72.06 50=82.37 75=114.37 90=123.84 95=142.72 99=160.13 99.9=187.78 99.99=206.21] [UPDATE: Count=34159 Max=19120.13 Min=6.66 Avg=16.36 10=10.90 25=11.86 50=13.18 75=15.41 90=18.03 95=19.63 99=27.10 99.9=297.21 99.99=2781.18]
2025-04-19 12:04:08 38 sec: 118068 operations; [READ: Count=78659 Max=687.62 Min=2.43 Avg=87.58 10=40.45 25=72.00 50=82.43 75=114.50 90=123.97 95=142.85 99=160.13 99.9=188.41 99.99=205.44] [UPDATE: Count=39409 Max=19120.13 Min=6.66 Avg=16.38 10=10.90 25=11.87 50=13.20 75=15.42 90=18.06 95=19.66 99=26.86 99.9=281.34 99.99=2781.18]
2025-04-19 12:04:09 39 sec: 133822 operations; [READ: Count=89161 Max=687.62 Min=2.43 Avg=87.49 10=40.32 25=72.00 50=82.56 75=114.62 90=124.16 95=142.59 99=160.38 99.9=188.54 99.99=205.31] [UPDATE: Count=44661 Max=19120.13 Min=6.66 Avg=16.21 10=10.90 25=11.89 50=13.23 75=15.46 90=18.11 95=19.73 99=27.10 99.9=279.55 99.99=2781.18]
2025-04-19 12:04:10 40 sec: 149780 operations; [READ: Count=99861 Max=687.62 Min=2.43 Avg=87.27 10=40.13 25=71.94 50=82.50 75=114.62 90=124.09 95=142.59 99=160.25 99.9=188.67 99.99=205.44] [UPDATE: Count=49919 Max=19120.13 Min=6.66 Avg=16.01 10=10.91 25=11.91 50=13.25 75=15.47 90=18.13 95=19.74 99=26.85 99.9=264.45 99.99=2396.16]
2025-04-19 12:04:11 41 sec: 165682 operations; [READ: Count=110426 Max=687.62 Min=2.43 Avg=87.19 10=40.00 25=71.94 50=82.56 75=114.69 90=124.22 95=142.85 99=160.13 99.9=188.54 99.99=205.44] [UPDATE: Count=55256 Max=19120.13 Min=6.66 Avg=15.85 10=10.92 25=11.93 50=13.26 75=15.48 90=18.14 95=19.74 99=26.53 99.9=256.64 99.99=2230.27]
2025-04-19 12:04:12 42 sec: 181755 operations; [READ: Count=121132 Max=687.62 Min=2.43 Avg=87.00 10=39.81 25=71.81 50=82.56 75=114.69 90=124.16 95=142.85 99=160.25 99.9=188.54 99.99=205.44] [UPDATE: Count=60623 Max=19120.13 Min=6.66 Avg=15.75 10=10.91 25=11.94 50=13.27 75=15.49 90=18.14 95=19.73 99=26.37 99.9=250.37 99.99=2230.27]
2025-04-19 12:04:13 43 sec: 197515 operations; [READ: Count=131615 Max=687.62 Min=2.43 Avg=86.87 10=39.65 25=71.74 50=82.56 75=114.75 90=124.29 95=142.85 99=160.38 99.9=188.80 99.99=205.44] [UPDATE: Count=65900 Max=19120.13 Min=6.55 Avg=15.93 10=10.91 25=11.94 50=13.29 75=15.49 90=18.16 95=19.76 99=26.53 99.9=256.64 99.99=2697.22]
2025-04-19 12:04:14 44 sec: 213286 operations; [READ: Count=142203 Max=687.62 Min=2.43 Avg=86.71 10=39.45 25=71.61 50=82.62 75=114.75 90=124.35 95=142.85 99=160.51 99.9=189.06 99.99=205.44] [UPDATE: Count=71083 Max=19120.13 Min=6.55 Avg=16.07 10=10.90 25=11.95 50=13.30 75=15.50 90=18.16 95=19.77 99=26.50 99.9=253.95 99.99=2781.18]
2025-04-19 12:04:15 45 sec: 229425 operations; [READ: Count=152977 Max=687.62 Min=2.43 Avg=86.56 10=39.26 25=71.55 50=82.62 75=114.81 90=124.48 95=142.97 99=160.64 99.9=189.31 99.99=205.31] [UPDATE: Count=76448 Max=19120.13 Min=6.55 Avg=15.97 10=10.90 25=11.96 50=13.32 75=15.53 90=18.19 95=19.81 99=26.32 99.9=254.72 99.99=2697.22]
2025-04-19 12:04:16 46 sec: 245575 operations; [READ: Count=163743 Max=687.62 Min=2.43 Avg=86.43 10=39.04 25=71.42 50=82.62 75=114.88 90=124.61 95=142.97 99=160.77 99.9=189.31 99.99=205.31] [UPDATE: Count=81832 Max=19120.13 Min=6.55 Avg=15.87 10=10.90 25=11.97 50=13.34 75=15.56 90=18.22 95=19.86 99=26.27 99.9=248.32 99.99=2697.22]
2025-04-19 12:04:17 47 sec: 261745 operations; [READ: Count=174496 Max=687.62 Min=2.43 Avg=86.28 10=38.88 25=71.36 50=82.62 75=114.88 90=124.67 95=142.85 99=160.90 99.9=189.57 99.99=205.31] [UPDATE: Count=87249 Max=19120.13 Min=6.55 Avg=15.88 10=10.89 25=11.97 50=13.34 75=15.56 90=18.24 95=19.89 99=26.19 99.9=248.32 99.99=2781.18]
2025-04-19 12:04:18 48 sec: 277915 operations; [READ: Count=185291 Max=687.62 Min=2.43 Avg=86.12 10=38.66 25=71.23 50=82.62 75=114.94 90=124.73 95=142.85 99=160.90 99.9=189.69 99.99=205.44] [UPDATE: Count=92624 Max=19120.13 Min=6.55 Avg=15.90 10=10.89 25=11.98 50=13.35 75=15.57 90=18.25 95=19.89 99=26.06 99.9=248.45 99.99=2914.30]
2025-04-19 12:04:19 49 sec: 294404 operations; [READ: Count=196283 Max=687.62 Min=2.26 Avg=85.94 10=38.40 25=71.10 50=82.56 75=114.94 90=124.73 95=142.85 99=160.90 99.9=189.69 99.99=205.44] [UPDATE: Count=98121 Max=19120.13 Min=6.55 Avg=15.81 10=10.88 25=11.98 50=13.36 75=15.57 90=18.25 95=19.90 99=26.00 99.9=244.48 99.99=2781.18]
2025-04-19 12:04:20 50 sec: 310876 operations; [READ: Count=207261 Max=687.62 Min=2.14 Avg=85.78 10=38.17 25=70.97 50=82.56 75=114.94 90=124.80 95=142.85 99=160.90 99.9=189.69 99.99=205.31] [UPDATE: Count=103615 Max=19120.13 Min=6.55 Avg=15.73 10=10.87 25=11.99 50=13.38 75=15.58 90=18.25 95=19.90 99=25.92 99.9=241.28 99.99=2781.18]
2025-04-19 12:04:21 51 sec: 327433 operations; [READ: Count=218298 Max=687.62 Min=2.14 Avg=85.60 10=37.89 25=70.91 50=82.50 75=114.94 90=124.80 95=142.85 99=160.77 99.9=189.57 99.99=205.31] [UPDATE: Count=109135 Max=19120.13 Min=6.55 Avg=15.70 10=10.86 25=12.00 50=13.38 75=15.60 90=18.27 95=19.90 99=25.87 99.9=241.28 99.99=2697.22]
2025-04-19 12:04:22 52 sec: 343854 operations; [READ: Count=229208 Max=687.62 Min=2.14 Avg=85.48 10=37.63 25=70.72 50=82.56 75=115.01 90=124.93 95=142.85 99=160.90 99.9=189.57 99.99=205.31] [UPDATE: Count=114646 Max=19120.13 Min=6.55 Avg=15.67 10=10.86 25=12.01 50=13.40 75=15.62 90=18.29 95=19.93 99=25.86 99.9=242.05 99.99=2697.22]
2025-04-19 12:04:23 53 sec: 360536 operations; [READ: Count=240329 Max=687.62 Min=2.14 Avg=85.31 10=37.31 25=70.59 50=82.56 75=115.01 90=124.93 95=142.85 99=160.90 99.9=189.57 99.99=205.06] [UPDATE: Count=120207 Max=19120.13 Min=6.55 Avg=15.60 10=10.86 25=12.01 50=13.41 75=15.62 90=18.29 95=19.93 99=25.79 99.9=241.15 99.99=2396.16]
2025-04-19 12:04:24 54 sec: 377151 operations; [READ: Count=251438 Max=687.62 Min=2.14 Avg=85.14 10=37.02 25=70.46 50=82.56 75=115.01 90=124.86 95=142.72 99=160.90 99.9=189.57 99.99=205.44] [UPDATE: Count=125713 Max=19120.13 Min=6.55 Avg=15.58 10=10.85 25=12.02 50=13.41 75=15.62 90=18.29 95=19.90 99=25.71 99.9=234.62 99.99=2396.16]
2025-04-19 12:04:25 55 sec: 393873 operations; [READ: Count=262535 Max=687.62 Min=2.14 Avg=85.00 10=36.70 25=70.27 50=82.50 75=115.01 90=124.93 95=142.59 99=160.90 99.9=189.57 99.99=205.44] [UPDATE: Count=131338 Max=19120.13 Min=6.55 Avg=15.55 10=10.84 25=12.02 50=13.42 75=15.62 90=18.30 95=19.92 99=25.70 99.9=234.62 99.99=2396.16]
2025-04-19 12:04:26 56 sec: 410536 operations; [READ: Count=273683 Max=687.62 Min=2.14 Avg=84.84 10=36.26 25=70.08 50=82.50 75=115.01 90=124.99 95=142.59 99=160.90 99.9=189.69 99.99=205.95] [UPDATE: Count=136853 Max=19120.13 Min=6.55 Avg=15.53 10=10.84 25=12.03 50=13.43 75=15.63 90=18.32 95=19.93 99=25.73 99.9=241.28 99.99=2377.73]
2025-04-19 12:04:27 57 sec: 427588 operations; [READ: Count=284985 Max=687.62 Min=2.14 Avg=84.66 10=35.81 25=69.89 50=82.50 75=115.07 90=124.93 95=142.59 99=160.90 99.9=189.69 99.99=205.95] [UPDATE: Count=142603 Max=19120.13 Min=6.55 Avg=15.48 10=10.82 25=12.03 50=13.44 75=15.64 90=18.32 95=19.95 99=25.61 99.9=238.21 99.99=2377.73]
2025-04-19 12:04:28 58 sec: 444516 operations; [READ: Count=296272 Max=687.62 Min=2.14 Avg=84.50 10=35.26 25=69.69 50=82.43 75=115.07 90=124.93 95=142.59 99=160.90 99.9=189.69 99.99=205.44] [UPDATE: Count=148244 Max=19120.13 Min=6.55 Avg=15.44 10=10.81 25=12.03 50=13.45 75=15.64 90=18.32 95=19.95 99=25.61 99.9=234.24 99.99=2230.27]
2025-04-19 12:04:29 59 sec: 461329 operations; [READ: Count=307473 Max=687.62 Min=2.14 Avg=84.36 10=34.66 25=69.44 50=82.50 75=115.07 90=125.06 95=142.59 99=161.02 99.9=189.69 99.99=205.95] [UPDATE: Count=153856 Max=19120.13 Min=6.55 Avg=15.42 10=10.80 25=12.04 50=13.46 75=15.66 90=18.35 95=19.98 99=25.60 99.9=234.50 99.99=2230.27]
2025-04-19 12:04:30 60 sec: 478562 operations; [READ: Count=318951 Max=687.62 Min=2.14 Avg=84.16 10=33.76 25=69.12 50=82.43 75=115.07 90=124.99 95=142.46 99=161.02 99.9=189.82 99.99=205.95] [UPDATE: Count=159611 Max=19120.13 Min=6.55 Avg=15.39 10=10.78 25=12.04 50=13.46 75=15.66 90=18.35 95=19.98 99=25.58 99.9=234.50 99.99=1942.53]
2025-04-19 12:04:31 61 sec: 495746 operations; [READ: Count=330408 Max=687.62 Min=2.14 Avg=83.99 10=32.35 25=68.86 50=82.37 75=115.07 90=124.99 95=142.46 99=161.02 99.9=189.69 99.99=206.21] [UPDATE: Count=165338 Max=19120.13 Min=6.55 Avg=15.36 10=10.77 25=12.04 50=13.46 75=15.65 90=18.35 95=19.98 99=25.54 99.9=234.24 99.99=1929.21]
2025-04-19 12:04:32 62 sec: 513027 operations; [READ: Count=341921 Max=687.62 Min=2.14 Avg=83.81 10=20.05 25=68.48 50=82.37 75=115.07 90=124.99 95=142.34 99=161.02 99.9=189.82 99.99=207.36] [UPDATE: Count=171106 Max=19120.13 Min=6.55 Avg=15.34 10=10.75 25=12.04 50=13.47 75=15.65 90=18.35 95=19.98 99=25.50 99.9=238.21 99.99=1929.21]
2025-04-19 12:04:33 63 sec: 529573 operations; [READ: Count=352889 Max=1494.02 Min=2.14 Avg=83.71 10=15.62 25=68.09 50=82.37 75=115.07 90=125.06 95=142.59 99=161.53 99.9=192.13 99.99=255.74] [UPDATE: Count=176684 Max=19120.13 Min=6.55 Avg=15.44 10=10.73 25=12.03 50=13.47 75=15.66 90=18.35 95=20.00 99=25.58 99.9=242.05 99.99=1942.53]
2025-04-19 12:04:34 64 sec: 546035 operations; [READ: Count=363833 Max=2191.36 Min=2.14 Avg=83.67 10=13.89 25=67.58 50=82.30 75=115.07 90=125.12 95=142.85 99=161.92 99.9=194.30 99.99=758.27] [UPDATE: Count=182202 Max=19120.13 Min=6.55 Avg=15.45 10=10.71 25=12.03 50=13.47 75=15.66 90=18.35 95=20.00 99=25.61 99.9=242.05 99.99=2230.27]
2025-04-19 12:04:35 65 sec: 562788 operations; [READ: Count=374969 Max=2480.13 Min=2.14 Avg=83.61 10=12.81 25=67.07 50=82.30 75=115.07 90=125.12 95=142.97 99=162.43 99.9=195.97 99.99=1196.03] [UPDATE: Count=187819 Max=19120.13 Min=6.55 Avg=15.42 10=10.69 25=12.03 50=13.48 75=15.66 90=18.35 95=20.00 99=25.66 99.9=241.15 99.99=1942.53]
2025-04-19 12:04:36 66 sec: 580059 operations; [READ: Count=386447 Max=2480.13 Min=2.14 Avg=83.45 10=11.88 25=66.30 50=82.24 75=115.07 90=125.18 95=143.10 99=162.69 99.9=197.38 99.99=1147.90] [UPDATE: Count=193612 Max=19120.13 Min=6.55 Avg=15.42 10=10.67 25=12.03 50=13.48 75=15.66 90=18.35 95=20.00 99=25.70 99.9=241.66 99.99=2230.27]
2025-04-19 12:04:37 67 sec: 605792 operations; [READ: Count=403607 Max=2480.13 Min=2.14 Avg=82.05 10=10.76 25=50.66 50=81.53 75=114.62 90=124.80 95=142.34 99=162.69 99.9=200.57 99.99=1147.90] [UPDATE: Count=202185 Max=19120.13 Min=6.55 Avg=15.36 10=10.49 25=11.94 50=13.43 75=15.58 90=18.30 95=19.93 99=25.61 99.9=241.66 99.99=2230.27]
2025-04-19 12:04:38 68 sec: 636388 operations; [READ: Count=424045 Max=2480.13 Min=2.14 Avg=80.13 10=9.71 25=46.62 50=80.64 75=113.86 90=124.35 95=140.80 99=162.43 99.9=204.80 99.99=1022.46] [UPDATE: Count=212343 Max=19120.13 Min=6.55 Avg=15.18 10=10.24 25=11.78 50=13.34 75=15.44 90=18.19 95=19.84 99=25.42 99.9=239.10 99.99=2201.60]
2025-04-19 12:04:39 69 sec: 663348 operations; [READ: Count=442000 Max=2480.13 Min=2.14 Avg=78.86 10=9.09 25=45.09 50=79.87 75=113.22 90=123.97 95=139.65 99=162.43 99.9=240.00 99.99=1287.17] [UPDATE: Count=221348 Max=19120.13 Min=6.55 Avg=15.05 10=10.10 25=11.64 50=13.26 75=15.32 90=18.09 95=19.76 99=25.31 99.9=233.98 99.99=1942.53]
2025-04-19 12:04:40 70 sec: 690803 operations; [READ: Count=460316 Max=2480.13 Min=2.14 Avg=77.59 10=8.73 25=44.45 50=79.10 75=112.58 90=123.58 95=138.37 99=162.43 99.9=276.48 99.99=1281.02] [UPDATE: Count=230487 Max=19120.13 Min=6.55 Avg=14.99 10=10.02 25=11.52 50=13.19 75=15.22 90=18.02 95=19.68 99=25.21 99.9=232.96 99.99=2201.60]
2025-04-19 12:04:41 71 sec: 719554 operations; [READ: Count=479477 Max=2480.13 Min=2.14 Avg=76.30 10=8.46 25=44.00 50=78.33 75=111.81 90=123.14 95=136.45 99=162.05 99.9=287.23 99.99=1274.88] [UPDATE: Count=240077 Max=19120.13 Min=6.55 Avg=14.88 10=9.94 25=11.41 50=13.12 75=15.13 90=17.92 95=19.60 99=25.10 99.9=232.96 99.99=1942.53]
2025-04-19 12:04:42 72 sec: 748279 operations; [READ: Count=498679 Max=2480.13 Min=2.14 Avg=75.10 10=8.23 25=43.68 50=77.63 75=111.04 90=122.75 95=134.78 99=161.66 99.9=298.24 99.99=1269.76] [UPDATE: Count=249600 Max=19120.13 Min=6.55 Avg=14.78 10=9.89 25=11.30 50=13.05 75=15.05 90=17.82 95=19.52 99=24.99 99.9=232.96 99.99=1929.21]
2025-04-19 12:04:43 73 sec: 776573 operations; [READ: Count=517596 Max=2480.13 Min=2.14 Avg=74.03 10=8.04 25=43.36 50=76.86 75=110.27 90=122.37 95=133.50 99=161.41 99.9=311.55 99.99=1250.30] [UPDATE: Count=258977 Max=19120.13 Min=6.55 Avg=14.69 10=9.84 25=11.21 50=12.98 75=14.97 90=17.74 95=19.45 99=24.89 99.9=233.22 99.99=1902.59]
2025-04-19 12:04:44 74 sec: 802166 operations; [READ: Count=534609 Max=2480.13 Min=1.95 Avg=73.32 10=7.89 25=43.13 50=76.22 75=109.63 90=122.11 95=132.74 99=161.53 99.9=365.06 99.99=1273.86] [UPDATE: Count=267557 Max=19120.13 Min=6.55 Avg=14.61 10=9.79 25=11.13 50=12.93 75=14.89 90=17.66 95=19.41 99=24.78 99.9=233.09 99.99=1848.32]
2025-04-19 12:04:45 75 sec: 828357 operations; [READ: Count=552124 Max=2480.13 Min=1.95 Avg=72.58 10=7.76 25=42.91 50=75.52 75=108.86 90=121.79 95=131.97 99=161.53 99.9=444.42 99.99=1267.71] [UPDATE: Count=276233 Max=19120.13 Min=6.55 Avg=14.54 10=9.75 25=11.06 50=12.86 75=14.83 90=17.60 95=19.33 99=24.70 99.9=232.83 99.99=1848.32]
2025-04-19 12:04:46 76 sec: 857381 operations; [READ: Count=571455 Max=2480.13 Min=1.95 Avg=71.65 10=7.62 25=42.69 50=74.62 75=107.97 90=121.47 95=131.01 99=161.15 99.9=427.26 99.99=1248.26] [UPDATE: Count=285926 Max=19120.13 Min=6.55 Avg=14.45 10=9.71 25=10.99 50=12.81 75=14.76 90=17.52 95=19.26 99=24.59 99.9=231.68 99.99=1750.02]
2025-04-19 12:04:47 77 sec: 886613 operations; [READ: Count=590970 Max=2480.13 Min=1.95 Avg=70.75 10=7.51 25=42.46 50=73.60 75=107.07 90=121.15 95=130.24 99=160.90 99.9=411.90 99.99=1234.94] [UPDATE: Count=295643 Max=19120.13 Min=6.54 Avg=14.37 10=9.66 25=10.92 50=12.74 75=14.70 90=17.44 95=19.20 99=24.48 99.9=231.68 99.99=1642.49]
2025-04-19 12:04:48 78 sec: 915855 operations; [READ: Count=610497 Max=2480.13 Min=1.95 Avg=69.90 10=7.42 25=42.27 50=72.38 75=106.11 90=120.83 95=129.53 99=160.51 99.9=397.82 99.99=1223.68] [UPDATE: Count=305358 Max=19120.13 Min=6.54 Avg=14.30 10=9.62 25=10.87 50=12.69 75=14.63 90=17.38 95=19.14 99=24.37 99.9=231.68 99.99=1634.30]
2025-04-19 12:04:49 79 sec: 943272 operations; [READ: Count=628829 Max=2480.13 Min=1.95 Avg=69.26 10=7.34 25=42.11 50=70.85 75=105.22 90=120.58 95=129.09 99=160.64 99.9=448.77 99.99=1223.68] [UPDATE: Count=314443 Max=19120.13 Min=6.47 Avg=14.23 10=9.59 25=10.82 50=12.63 75=14.59 90=17.31 95=19.09 99=24.25 99.9=231.68 99.99=1634.30]
2025-04-19 12:04:50 80 sec: 969671 operations; [READ: Count=646526 Max=2480.13 Min=1.95 Avg=68.71 10=7.27 25=41.95 50=68.54 75=104.38 90=120.32 95=128.77 99=160.77 99.9=526.85 99.99=1223.68] [UPDATE: Count=323145 Max=19120.13 Min=6.47 Avg=14.19 10=9.56 25=10.79 50=12.58 75=14.54 90=17.25 95=19.02 99=24.16 99.9=231.94 99.99=1634.30]
2025-04-19 12:04:51 81 sec: 999027 operations; [READ: Count=666040 Max=2480.13 Min=1.95 Avg=68.00 10=7.22 25=41.79 50=58.59 75=103.42 90=120.00 95=128.25 99=160.38 99.9=515.84 99.99=1216.51] [UPDATE: Count=332987 Max=19120.13 Min=6.47 Avg=14.13 10=9.52 25=10.75 50=12.54 75=14.50 90=17.18 95=18.96 99=24.05 99.9=231.94 99.99=1598.46]
2025-04-19 12:04:52 82 sec: 1029185 operations; [READ: Count=686175 Max=2480.13 Min=1.95 Avg=67.26 10=7.15 25=41.60 50=53.79 75=102.40 90=119.74 95=127.74 99=160.00 99.9=495.62 99.99=1214.46] [UPDATE: Count=343010 Max=19120.13 Min=6.47 Avg=14.07 10=9.48 25=10.72 50=12.48 75=14.46 90=17.10 95=18.91 99=23.95 99.9=231.94 99.99=1587.20]
2025-04-19 12:04:53 83 sec: 1059895 operations; [READ: Count=706651 Max=2480.13 Min=1.95 Avg=66.53 10=7.07 25=41.38 50=52.32 75=101.38 90=119.42 95=127.36 99=159.74 99.9=483.33 99.99=1208.32] [UPDATE: Count=353244 Max=19120.13 Min=6.46 Avg=14.00 10=9.43 25=10.67 50=12.42 75=14.41 90=17.04 95=18.85 99=23.86 99.9=231.68 99.99=1576.96]
2025-04-19 12:04:54 84 sec: 1086117 operations; [READ: Count=724121 Max=4554.75 Min=1.95 Avg=66.15 10=7.01 25=41.22 50=51.52 75=100.54 90=119.23 95=127.17 99=160.00 99.9=539.13 99.99=1296.38] [UPDATE: Count=361996 Max=19120.13 Min=6.46 Avg=13.94 10=9.40 25=10.64 50=12.37 75=14.37 90=16.99 95=18.80 99=23.79 99.9=230.78 99.99=1525.76]
2025-04-19 12:04:55 85 sec: 1113235 operations; [READ: Count=742111 Max=4554.75 Min=1.95 Avg=65.72 10=6.96 25=41.05 50=50.91 75=99.65 90=119.04 95=126.91 99=160.13 99.9=610.30 99.99=1328.13] [UPDATE: Count=371124 Max=19120.13 Min=6.46 Avg=13.89 10=9.36 25=10.61 50=12.32 75=14.33 90=16.93 95=18.73 99=23.73 99.9=230.40 99.99=1515.52]
2025-04-19 12:04:56 86 sec: 1144452 operations; [READ: Count=762876 Max=4554.75 Min=1.95 Avg=65.06 10=6.90 25=40.83 50=50.37 75=98.62 90=118.72 95=126.53 99=159.87 99.9=597.50 99.99=1325.06] [UPDATE: Count=381576 Max=19120.13 Min=6.21 Avg=13.83 10=9.32 25=10.57 50=12.26 75=14.29 90=16.86 95=18.69 99=23.68 99.9=229.63 99.99=1488.89]
2025-04-19 12:04:57 87 sec: 1175266 operations; [READ: Count=783507 Max=4554.75 Min=1.95 Avg=64.45 10=6.85 25=40.64 50=49.95 75=97.60 90=118.46 95=126.14 99=159.62 99.9=585.22 99.99=1323.01] [UPDATE: Count=391759 Max=19120.13 Min=6.21 Avg=13.78 10=9.27 25=10.54 50=12.21 75=14.24 90=16.80 95=18.64 99=23.63 99.9=229.38 99.99=1307.65]
2025-04-19 12:04:58 88 sec: 1206889 operations; [READ: Count=804700 Max=4554.75 Min=1.95 Avg=63.82 10=6.78 25=40.38 50=49.53 75=96.45 90=118.21 95=125.82 99=159.36 99.9=571.39 99.99=1315.84] [UPDATE: Count=402189 Max=19120.13 Min=6.21 Avg=13.72 10=9.22 25=10.50 50=12.15 75=14.20 90=16.73 95=18.57 99=23.57 99.9=228.86 99.99=1257.47]
2025-04-19 12:04:59 89 sec: 1237802 operations; [READ: Count=825298 Max=4554.75 Min=1.95 Avg=63.28 10=6.72 25=40.16 50=49.18 75=95.23 90=117.95 95=125.57 99=159.23 99.9=573.44 99.99=1311.74] [UPDATE: Count=412504 Max=19120.13 Min=6.21 Avg=13.67 10=9.18 25=10.48 50=12.10 75=14.16 90=16.67 95=18.53 99=23.52 99.9=228.86 99.99=1210.37]
2025-04-19 12:05:00 90 sec: 1267774 operations; [READ: Count=845080 Max=4554.75 Min=1.95 Avg=62.82 10=6.66 25=39.94 50=48.93 75=93.95 90=117.76 95=125.38 99=159.36 99.9=589.82 99.99=1324.03] [UPDATE: Count=422694 Max=19120.13 Min=6.21 Avg=13.62 10=9.13 25=10.45 50=12.05 75=14.12 90=16.61 95=18.48 99=23.45 99.9=228.22 99.99=1210.37]
2025-04-19 12:05:01 91 sec: 1300209 operations; [READ: Count=866771 Max=4554.75 Min=1.95 Avg=62.24 10=6.62 25=39.68 50=48.64 75=92.35 90=117.44 95=125.12 99=159.10 99.9=582.65 99.99=1323.01] [UPDATE: Count=433438 Max=19120.13 Min=6.21 Avg=13.57 10=9.09 25=10.41 50=12.00 75=14.08 90=16.56 95=18.43 99=23.41 99.9=227.71 99.99=1168.38]
2025-04-19 12:05:02 92 sec: 1333015 operations; [READ: Count=888620 Max=4554.75 Min=1.95 Avg=61.66 10=6.58 25=39.42 50=48.38 75=90.81 90=117.18 95=124.80 99=158.72 99.9=573.44 99.99=1315.84] [UPDATE: Count=444395 Max=19120.13 Min=6.21 Avg=13.54 10=9.06 25=10.39 50=11.97 75=14.05 90=16.51 95=18.40 99=23.39 99.9=227.71 99.99=1159.17]
2025-04-19 12:05:03 93 sec: 1366649 operations; [READ: Count=910979 Max=4554.75 Min=1.95 Avg=61.08 10=6.54 25=39.13 50=48.16 75=89.47 90=116.93 95=124.54 99=158.46 99.9=561.15 99.99=1299.45] [UPDATE: Count=455670 Max=19120.13 Min=6.21 Avg=13.50 10=9.03 25=10.37 50=11.94 75=14.02 90=16.45 95=18.35 99=23.36 99.9=227.97 99.99=1084.41]
2025-04-19 12:05:04 94 sec: 1398722 operations; [READ: Count=932366 Max=4554.75 Min=1.95 Avg=60.59 10=6.55 25=38.85 50=48.03 75=88.45 90=116.67 95=124.29 99=158.21 99.9=555.52 99.99=1296.38] [UPDATE: Count=466356 Max=19120.13 Min=6.21 Avg=13.46 10=9.00 25=10.34 50=11.90 75=13.99 90=16.40 95=18.30 99=23.33 99.9=227.97 99.99=996.86]
2025-04-19 12:05:05 95 sec: 1427738 operations; [READ: Count=951719 Max=4554.75 Min=1.95 Avg=60.27 10=6.57 25=38.59 50=47.90 75=87.68 90=116.42 95=124.09 99=158.34 99.9=582.14 99.99=1288.19] [UPDATE: Count=476019 Max=19120.13 Min=6.21 Avg=13.44 10=8.97 25=10.33 50=11.88 75=13.97 90=16.36 95=18.27 99=23.31 99.9=227.58 99.99=996.86]
2025-04-19 12:05:06 96 sec: 1457677 operations; [READ: Count=971644 Max=4554.75 Min=1.95 Avg=59.92 10=6.58 25=38.27 50=47.81 75=87.04 90=116.22 95=123.97 99=158.34 99.9=597.50 99.99=1281.02] [UPDATE: Count=486033 Max=19120.13 Min=6.21 Avg=13.41 10=8.94 25=10.31 50=11.85 75=13.94 90=16.32 95=18.24 99=23.33 99.9=226.81 99.99=906.75]
2025-04-19 12:05:07 97 sec: 1489935 operations; [READ: Count=993097 Max=4554.75 Min=1.95 Avg=59.48 10=6.59 25=37.89 50=47.71 75=86.46 90=115.97 95=123.71 99=158.08 99.9=590.85 99.99=1276.93] [UPDATE: Count=496838 Max=19120.13 Min=6.21 Avg=13.38 10=8.91 25=10.29 50=11.82 75=13.92 90=16.28 95=18.21 99=23.36 99.9=225.79 99.99=847.87]
2025-04-19 12:05:08 98 sec: 1500216 operations; [READ: Count=1000000 Max=4554.75 Min=1.95 Avg=59.35 10=6.59 25=37.76 50=47.68 75=86.27 90=115.90 95=123.65 99=157.95 99.9=587.77 99.99=1274.88] [UPDATE: Count=500216 Max=19120.13 Min=6.19 Avg=13.37 10=8.90 25=10.29 50=11.81 75=13.91 90=16.26 95=18.19 99=23.38 99.9=225.53 99.99=847.87]
2025-04-19 12:05:09 99 sec: 1500216 operations; [READ: Count=1000000 Max=4554.75 Min=1.95 Avg=59.35 10=6.59 25=37.76 50=47.68 75=86.27 90=115.90 95=123.65 99=157.95 99.9=587.77 99.99=1274.88] [UPDATE: Count=500216 Max=19120.13 Min=6.19 Avg=13.37 10=8.90 25=10.29 50=11.81 75=13.91 90=16.26 95=18.19 99=23.38 99.9=225.53 99.99=847.87]
2025-04-19 12:05:10 100 sec: 1500216 operations; [READ: Count=1000000 Max=4554.75 Min=1.95 Avg=59.35 10=6.59 25=37.76 50=47.68 75=86.27 90=115.90 95=123.65 99=157.95 99.9=587.77 99.99=1274.88] [UPDATE: Count=500216 Max=19120.13 Min=6.19 Avg=13.37 10=8.90 25=10.29 50=11.81 75=13.91 90=16.26 95=18.19 99=23.38 99.9=225.53 99.99=847.87]
2025-04-19 12:05:11 101 sec: 1500216 operations; [READ: Count=1000000 Max=4554.75 Min=1.95 Avg=59.35 10=6.59 25=37.76 50=47.68 75=86.27 90=115.90 95=123.65 99=157.95 99.9=587.77 99.99=1274.88] [UPDATE: Count=500216 Max=19120.13 Min=6.19 Avg=13.37 10=8.90 25=10.29 50=11.81 75=13.91 90=16.26 95=18.19 99=23.38 99.9=225.53 99.99=847.87]
2025-04-19 12:05:12 102 sec: 1500216 operations; [READ: Count=1000000 Max=4554.75 Min=1.95 Avg=59.35 10=6.59 25=37.76 50=47.68 75=86.27 90=115.90 95=123.65 99=157.95 99.9=587.77 99.99=1274.88] [UPDATE: Count=500216 Max=19120.13 Min=6.19 Avg=13.37 10=8.90 25=10.29 50=11.81 75=13.91 90=16.26 95=18.19 99=23.38 99.9=225.53 99.99=847.87]
2025-04-19 12:05:13 102 sec: 1500216 operations; [READ: Count=1000000 Max=4554.75 Min=1.95 Avg=59.35 10=6.59 25=37.76 50=47.68 75=86.27 90=115.90 95=123.65 99=157.95 99.9=587.77 99.99=1274.88] [UPDATE: Count=500216 Max=19120.13 Min=6.19 Avg=13.37 10=8.90 25=10.29 50=11.81 75=13.91 90=16.26 95=18.19 99=23.38 99.9=225.53 99.99=847.87]
Run runtime(sec): 102.56
Run operations(ops): 1000000
Run throughput(ops/sec): 9750.38
