Running scope as unit: run-r8a851dd8c3114a4591de40889d3a62b3.scope
load file:/home/user/DataFiles/silesia_data/silesia.tar
2025-04-22 18:48:52 0 sec: 0 operations;
2025-04-22 18:48:53 1 sec: 0 operations;
2025-04-22 18:48:54 2 sec: 0 operations;
2025-04-22 18:48:55 3 sec: 0 operations;
2025-04-22 18:48:56 4 sec: 0 operations;
2025-04-22 18:48:57 5 sec: 0 operations;
2025-04-22 18:48:58 6 sec: 0 operations;
2025-04-22 18:48:59 7 sec: 0 operations;
2025-04-22 18:49:00 8 sec: 0 operations;
2025-04-22 18:49:01 9 sec: 0 operations;
2025-04-22 18:49:02 10 sec: 0 operations;
2025-04-22 18:49:03 11 sec: 0 operations;
2025-04-22 18:49:04 12 sec: 0 operations;
2025-04-22 18:49:05 13 sec: 5168 operations; [READ: Count=2590 Max=605.18 Min=2.61 Avg=67.11 10=20.29 25=31.82 50=37.53 75=106.88 90=115.26 95=121.53 99=160.00 99.9=436.48 99.99=605.18] [UPDATE: Count=2578 Max=1590.27 Min=8.06 Avg=73.61 10=26.37 25=37.85 50=44.09 75=113.02 90=121.79 95=128.57 99=197.25 99.9=395.77 99.99=1590.27]
2025-04-22 18:49:06 14 sec: 19296 operations; [READ: Count=9645 Max=905.73 Min=2.52 Avg=66.64 10=20.64 25=32.96 50=39.10 75=108.03 90=117.12 95=123.78 99=181.50 99.9=436.48 99.99=605.18] [UPDATE: Count=9651 Max=1945.60 Min=7.48 Avg=73.47 10=26.70 25=38.91 50=45.98 75=113.98 90=123.90 95=130.62 99=190.34 99.9=562.69 99.99=1590.27]
2025-04-22 18:49:07 15 sec: 30040 operations; [READ: Count=14984 Max=2209.79 Min=2.49 Avg=72.83 10=21.86 25=34.08 50=49.98 75=110.66 90=128.32 95=147.71 99=260.22 99.9=626.69 99.99=1010.69] [UPDATE: Count=15056 Max=13434.88 Min=7.28 Avg=83.05 10=28.18 25=40.26 50=56.45 75=116.73 90=135.17 95=155.39 99=264.19 99.9=1590.27 99.99=4702.21]
2025-04-22 18:49:08 16 sec: 40452 operations; [READ: Count=20219 Max=2209.79 Min=2.48 Avg=77.35 10=23.10 25=34.98 50=56.22 75=112.70 90=141.57 95=159.74 99=294.91 99.9=687.62 99.99=994.30] [UPDATE: Count=20233 Max=13434.88 Min=7.28 Avg=87.41 10=30.02 25=41.38 50=63.62 75=119.36 90=148.48 95=167.68 99=323.33 99.9=1334.27 99.99=4702.21]
2025-04-22 18:49:09 17 sec: 49311 operations; [READ: Count=24669 Max=2209.79 Min=2.48 Avg=82.58 10=23.98 25=35.62 50=58.78 75=113.98 90=146.43 95=166.66 99=467.20 99.9=830.98 99.99=1081.34] [UPDATE: Count=24642 Max=13434.88 Min=7.28 Avg=92.77 10=31.28 25=42.21 50=66.69 75=120.64 90=154.37 95=175.87 99=506.62 99.9=1165.31 99.99=4702.21]
2025-04-22 18:49:10 18 sec: 60178 operations; [READ: Count=30064 Max=2209.79 Min=2.48 Avg=83.38 10=24.80 25=36.22 50=60.51 75=115.14 90=148.61 95=168.83 99=436.48 99.9=825.34 99.99=1050.62] [UPDATE: Count=30114 Max=13434.88 Min=7.28 Avg=93.21 10=32.49 25=43.10 50=68.67 75=121.73 90=156.29 95=177.66 99=468.74 99.9=1072.13 99.99=3325.95]
2025-04-22 18:49:11 19 sec: 71824 operations; [READ: Count=35777 Max=2209.79 Min=2.41 Avg=83.13 10=25.47 25=36.86 50=61.73 75=115.58 90=149.50 95=168.57 99=393.73 99.9=794.11 99.99=1034.24] [UPDATE: Count=36047 Max=13434.88 Min=7.17 Avg=92.34 10=33.02 25=43.84 50=69.76 75=122.05 90=156.54 95=176.64 99=427.77 99.9=992.25 99.99=2908.16]
2025-04-22 18:49:12 20 sec: 83421 operations; [READ: Count=41652 Max=2209.79 Min=2.34 Avg=82.97 10=26.09 25=37.63 50=62.85 75=115.52 90=149.89 95=168.45 99=372.99 99.9=781.31 99.99=1034.24] [UPDATE: Count=41769 Max=13434.88 Min=7.17 Avg=91.85 10=33.41 25=44.64 50=70.40 75=121.98 90=157.06 95=176.64 99=395.01 99.9=942.59 99.99=2908.16]
2025-04-22 18:49:13 21 sec: 93985 operations; [READ: Count=46869 Max=2209.79 Min=2.34 Avg=83.19 10=26.19 25=38.08 50=62.56 75=114.62 90=150.40 95=170.37 99=388.86 99.9=790.53 99.99=1034.24] [UPDATE: Count=47116 Max=13434.88 Min=6.78 Avg=93.04 10=33.44 25=45.25 50=70.33 75=121.47 90=158.08 95=178.94 99=413.44 99.9=1000.96 99.99=4747.26]
2025-04-22 18:49:14 22 sec: 108674 operations; [READ: Count=54223 Max=2209.79 Min=2.34 Avg=80.35 10=25.93 25=35.81 50=59.10 75=112.25 90=147.97 95=167.81 99=382.21 99.9=793.09 99.99=1050.62] [UPDATE: Count=54451 Max=13434.88 Min=6.78 Avg=90.18 10=32.99 25=43.04 50=67.01 75=119.17 90=155.65 95=176.64 99=402.43 99.9=1051.65 99.99=4747.26]
2025-04-22 18:49:15 23 sec: 124655 operations; [READ: Count=62250 Max=2209.79 Min=2.34 Avg=77.34 10=24.99 25=33.41 50=55.55 75=108.67 90=145.02 95=165.63 99=391.94 99.9=859.65 99.99=1139.71] [UPDATE: Count=62405 Max=13434.88 Min=6.78 Avg=87.15 10=31.90 25=40.90 50=63.33 75=115.52 90=152.96 95=174.59 99=404.48 99.9=1111.04 99.99=5234.69]
2025-04-22 18:49:16 24 sec: 144595 operations; [READ: Count=72275 Max=2209.79 Min=2.34 Avg=72.98 10=24.59 25=31.26 50=52.61 75=103.94 90=141.18 95=161.53 99=368.38 99.9=849.92 99.99=1125.38] [UPDATE: Count=72320 Max=13434.88 Min=6.78 Avg=82.41 10=31.20 25=38.88 50=60.03 75=110.72 90=148.99 95=170.37 99=384.00 99.9=1018.37 99.99=5201.92]
2025-04-22 18:49:17 25 sec: 164281 operations; [READ: Count=82119 Max=2209.79 Min=2.34 Avg=69.65 10=24.24 25=30.16 50=50.62 75=96.96 90=137.60 95=158.46 99=352.25 99.9=821.25 99.99=1119.23] [UPDATE: Count=82162 Max=13434.88 Min=6.78 Avg=79.08 10=30.73 25=37.70 50=57.98 75=104.45 90=145.79 95=167.68 99=368.89 99.9=992.25 99.99=4747.26]
2025-04-22 18:49:18 26 sec: 183915 operations; [READ: Count=91899 Max=2209.79 Min=2.34 Avg=67.06 10=24.09 25=29.58 50=49.44 75=86.33 90=133.89 95=155.52 99=339.45 99.9=849.92 99.99=1494.02] [UPDATE: Count=92016 Max=13434.88 Min=6.78 Avg=76.47 10=30.53 25=37.09 50=56.58 75=94.85 90=142.21 95=164.48 99=357.38 99.9=1037.31 99.99=4747.26]
2025-04-22 18:49:19 27 sec: 201955 operations; [READ: Count=100931 Max=2209.79 Min=2.34 Avg=65.55 10=24.03 25=29.87 50=48.86 75=79.94 90=131.20 95=153.22 99=328.96 99.9=825.86 99.99=1469.44] [UPDATE: Count=101024 Max=13434.88 Min=6.78 Avg=74.90 10=30.45 25=37.31 50=56.03 75=88.25 90=139.39 95=162.05 99=347.90 99.9=1018.37 99.99=4702.21]
2025-04-22 18:49:20 28 sec: 219197 operations; [READ: Count=109501 Max=2209.79 Min=2.34 Avg=64.62 10=23.90 25=30.03 50=48.22 75=75.65 90=128.77 95=151.55 99=328.96 99.9=880.13 99.99=1619.97] [UPDATE: Count=109696 Max=13434.88 Min=6.78 Avg=73.75 10=30.35 25=37.44 50=55.33 75=83.97 90=136.70 95=159.87 99=345.34 99.9=1111.04 99.99=3448.83]
2025-04-22 18:49:21 29 sec: 237960 operations; [READ: Count=118896 Max=2209.79 Min=2.34 Avg=63.33 10=23.68 25=30.29 50=47.52 75=72.83 90=126.08 95=149.38 99=312.32 99.9=865.28 99.99=1592.32] [UPDATE: Count=119064 Max=13434.88 Min=6.78 Avg=72.39 10=30.19 25=37.70 50=54.75 75=81.09 90=134.14 95=157.82 99=334.59 99.9=1070.08 99.99=3411.97]
2025-04-22 18:49:22 30 sec: 257184 operations; [READ: Count=128493 Max=2209.79 Min=2.34 Avg=62.12 10=23.44 25=30.50 50=46.78 75=70.85 90=123.39 95=147.46 99=296.19 99.9=855.55 99.99=1591.30] [UPDATE: Count=128691 Max=13434.88 Min=6.78 Avg=71.09 10=29.95 25=37.89 50=54.14 75=79.10 90=131.46 95=155.65 99=319.23 99.9=1018.37 99.99=3325.95]
2025-04-22 18:49:23 31 sec: 275825 operations; [READ: Count=137854 Max=2209.79 Min=2.34 Avg=61.12 10=23.04 25=30.67 50=46.11 75=69.63 90=120.96 95=145.53 99=278.78 99.9=849.92 99.99=1575.93] [UPDATE: Count=137971 Max=13434.88 Min=6.78 Avg=70.21 10=29.60 25=38.05 50=53.73 75=78.02 90=129.15 95=153.98 99=310.78 99.9=1007.10 99.99=3188.74]
2025-04-22 18:49:24 32 sec: 295237 operations; [READ: Count=147606 Max=2209.79 Min=2.34 Avg=60.14 10=22.43 25=30.82 50=45.28 75=68.73 90=118.66 95=143.49 99=260.86 99.9=835.07 99.99=1575.93] [UPDATE: Count=147631 Max=13434.88 Min=6.78 Avg=69.22 10=29.07 25=38.17 50=53.25 75=76.99 90=126.85 95=152.06 99=297.47 99.9=992.25 99.99=3104.77]
2025-04-22 18:49:25 33 sec: 313870 operations; [READ: Count=156937 Max=2519.04 Min=2.34 Avg=59.41 10=21.42 25=30.88 50=44.61 75=67.97 90=116.67 95=141.95 99=248.83 99.9=855.55 99.99=1705.98] [UPDATE: Count=156933 Max=13434.88 Min=6.78 Avg=68.52 10=28.25 25=38.24 50=52.77 75=76.29 90=124.73 95=150.27 99=285.95 99.9=1051.65 99.99=3188.74]
2025-04-22 18:49:26 34 sec: 334153 operations; [READ: Count=166968 Max=2519.04 Min=2.34 Avg=58.49 10=19.28 25=30.94 50=43.97 75=67.33 90=114.62 95=139.90 99=232.19 99.9=839.17 99.99=1698.82] [UPDATE: Count=167185 Max=13434.88 Min=6.78 Avg=67.54 10=27.07 25=38.30 50=52.26 75=75.58 90=122.43 95=148.48 99=263.68 99.9=1011.20 99.99=3104.77]
2025-04-22 18:49:27 35 sec: 355505 operations; [READ: Count=177669 Max=3252.22 Min=2.34 Avg=57.49 10=16.54 25=30.93 50=43.10 75=66.43 90=112.51 95=137.98 99=220.03 99.9=824.83 99.99=1698.82] [UPDATE: Count=177836 Max=13434.88 Min=6.78 Avg=66.49 10=25.39 25=38.27 50=51.62 75=74.69 90=120.25 95=146.56 99=247.94 99.9=987.65 99.99=3026.94]
2025-04-22 18:49:28 36 sec: 377727 operations; [READ: Count=188750 Max=3252.22 Min=2.34 Avg=56.43 10=13.50 25=30.82 50=42.24 75=65.41 90=110.46 95=135.94 99=207.87 99.9=800.77 99.99=1665.02] [UPDATE: Count=188977 Max=13434.88 Min=6.78 Avg=65.44 10=23.31 25=38.17 50=50.94 75=73.73 90=117.95 95=144.77 99=236.67 99.9=955.39 99.99=2930.69]
2025-04-22 18:49:29 37 sec: 401263 operations; [READ: Count=200494 Max=3252.22 Min=2.34 Avg=55.32 10=11.94 25=30.54 50=41.44 75=64.42 90=108.16 95=134.01 99=200.45 99.9=792.06 99.99=1665.02] [UPDATE: Count=200769 Max=13434.88 Min=6.78 Avg=64.28 10=21.60 25=37.89 50=50.24 75=72.70 90=115.58 95=142.72 99=224.25 99.9=926.21 99.99=2930.69]
2025-04-22 18:49:30 38 sec: 424477 operations; [READ: Count=212112 Max=3252.22 Min=2.34 Avg=54.34 10=11.03 25=30.32 50=40.73 75=63.52 90=105.73 95=132.22 99=195.07 99.9=786.94 99.99=1665.02] [UPDATE: Count=212365 Max=13434.88 Min=6.78 Avg=63.33 10=20.40 25=37.66 50=49.57 75=71.74 90=113.22 95=140.80 99=218.88 99.9=914.43 99.99=2908.16]
2025-04-22 18:49:31 39 sec: 447145 operations; [READ: Count=223373 Max=3252.22 Min=2.34 Avg=53.52 10=10.45 25=30.11 50=40.16 75=62.72 90=102.97 95=130.50 99=190.97 99.9=788.48 99.99=1727.49] [UPDATE: Count=223772 Max=13434.88 Min=6.78 Avg=62.56 10=19.65 25=37.47 50=49.05 75=70.97 90=110.72 95=139.13 99=214.27 99.9=923.65 99.99=2848.77]
2025-04-22 18:49:32 40 sec: 470979 operations; [READ: Count=235217 Max=3252.22 Min=2.34 Avg=52.67 10=9.97 25=29.92 50=39.65 75=61.98 90=99.52 95=128.64 99=186.88 99.9=778.75 99.99=1717.25] [UPDATE: Count=235762 Max=13434.88 Min=6.78 Avg=61.69 10=18.98 25=37.28 50=48.48 75=70.27 90=107.78 95=137.34 99=210.43 99.9=890.37 99.99=2742.27]
2025-04-22 18:49:33 41 sec: 500979 operations; [READ: Count=250410 Max=3252.22 Min=2.34 Avg=51.14 10=9.35 25=29.26 50=37.92 75=60.83 90=93.95 95=126.27 99=183.55 99.9=764.93 99.99=1705.98] [UPDATE: Count=250569 Max=13434.88 Min=6.78 Avg=60.26 10=18.14 25=36.54 50=46.59 75=69.12 90=103.49 95=135.42 99=206.85 99.9=877.05 99.99=2742.27]
2025-04-22 18:49:34 42 sec: 532159 operations; [READ: Count=266152 Max=3252.22 Min=2.34 Avg=49.72 10=8.86 25=28.61 50=36.51 75=59.74 90=89.86 95=123.90 99=180.74 99.9=764.41 99.99=1686.53] [UPDATE: Count=266007 Max=13434.88 Min=6.78 Avg=58.81 10=17.42 25=35.81 50=44.99 75=68.03 90=99.58 95=133.25 99=203.52 99.9=866.30 99.99=2725.89]
2025-04-22 18:49:35 43 sec: 563384 operations; [READ: Count=281672 Max=3252.22 Min=2.24 Avg=48.48 10=8.42 25=28.06 50=35.39 75=58.78 90=87.10 95=121.79 99=178.56 99.9=762.37 99.99=1665.02] [UPDATE: Count=281712 Max=13434.88 Min=6.78 Avg=57.49 10=16.78 25=35.13 50=43.71 75=67.01 90=96.45 95=131.20 99=200.96 99.9=854.01 99.99=2711.55]
2025-04-22 18:49:36 44 sec: 593396 operations; [READ: Count=296603 Max=3252.22 Min=2.24 Avg=47.46 10=8.11 25=27.66 50=34.53 75=57.89 90=85.12 95=120.00 99=177.15 99.9=756.22 99.99=1698.82] [UPDATE: Count=296793 Max=13434.88 Min=6.78 Avg=56.44 10=16.29 25=34.62 50=42.72 75=66.05 90=94.33 95=129.41 99=199.55 99.9=849.41 99.99=2637.82]
2025-04-22 18:49:37 45 sec: 625923 operations; [READ: Count=312986 Max=3252.22 Min=2.24 Avg=46.33 10=7.82 25=27.31 50=33.66 75=56.93 90=83.33 95=117.95 99=174.85 99.9=741.38 99.99=1686.53] [UPDATE: Count=312937 Max=13434.88 Min=6.78 Avg=55.28 10=15.86 25=34.17 50=41.82 75=65.06 90=92.61 95=127.36 99=195.84 99.9=828.93 99.99=2635.78]
2025-04-22 18:49:38 46 sec: 658632 operations; [READ: Count=329513 Max=3252.22 Min=2.24 Avg=45.30 10=7.58 25=27.02 50=32.99 75=56.00 90=81.92 95=116.16 99=172.93 99.9=730.62 99.99=1662.97] [UPDATE: Count=329119 Max=13434.88 Min=6.78 Avg=54.22 10=15.49 25=33.82 50=41.05 75=64.13 90=91.07 95=125.50 99=193.02 99.9=802.30 99.99=2584.57]
2025-04-22 18:49:39 47 sec: 689868 operations; [READ: Count=345284 Max=3252.22 Min=2.24 Avg=44.49 10=7.41 25=26.78 50=32.45 75=55.10 90=80.83 95=114.62 99=171.78 99.9=723.97 99.99=1629.18] [UPDATE: Count=344584 Max=13434.88 Min=6.78 Avg=53.35 10=15.19 25=33.50 50=40.45 75=63.26 90=89.98 95=123.90 99=191.62 99.9=790.53 99.99=2551.81]
2025-04-22 18:49:40 48 sec: 720614 operations; [READ: Count=360701 Max=3252.22 Min=2.24 Avg=43.76 10=7.27 25=26.57 50=32.00 75=54.17 90=79.74 95=113.22 99=170.75 99.9=719.87 99.99=1619.97] [UPDATE: Count=359913 Max=13434.88 Min=6.78 Avg=52.61 10=14.95 25=33.25 50=39.97 75=62.34 90=89.09 95=122.37 99=190.97 99.9=779.26 99.99=2531.33]
2025-04-22 18:49:41 49 sec: 751562 operations; [READ: Count=376070 Max=3252.22 Min=2.24 Avg=43.10 10=7.14 25=26.37 50=31.61 75=53.31 90=78.97 95=111.87 99=169.47 99.9=718.34 99.99=1592.32] [UPDATE: Count=375492 Max=13434.88 Min=6.78 Avg=51.90 10=14.73 25=32.99 50=39.52 75=61.41 90=88.25 95=120.96 99=190.34 99.9=766.46 99.99=2523.14]
2025-04-22 18:49:42 50 sec: 783441 operations; [READ: Count=392183 Max=3252.22 Min=2.23 Avg=42.42 10=7.03 25=26.18 50=31.30 75=52.38 90=78.21 95=110.46 99=167.94 99.9=714.24 99.99=1591.30] [UPDATE: Count=391258 Max=13434.88 Min=6.78 Avg=51.20 10=14.56 25=32.75 50=39.13 75=60.51 90=87.49 95=119.55 99=188.80 99.9=760.32 99.99=2494.46]
2025-04-22 18:49:43 51 sec: 815795 operations; [READ: Count=408364 Max=3252.22 Min=2.23 Avg=41.77 10=6.96 25=25.98 50=31.02 75=51.36 90=77.50 95=108.93 99=166.27 99.9=702.98 99.99=1577.98] [UPDATE: Count=407431 Max=13434.88 Min=6.78 Avg=50.52 10=14.43 25=32.53 50=38.85 75=59.49 90=86.85 95=118.02 99=187.39 99.9=748.03 99.99=2473.98]
2025-04-22 18:49:44 52 sec: 844373 operations; [READ: Count=422586 Max=3252.22 Min=2.23 Avg=41.36 10=6.90 25=25.81 50=30.85 75=50.46 90=76.99 95=107.84 99=166.27 99.9=708.61 99.99=1575.93] [UPDATE: Count=421787 Max=13434.88 Min=6.78 Avg=50.12 10=14.34 25=32.32 50=38.62 75=58.62 90=86.46 95=117.06 99=187.78 99.9=753.15 99.99=2433.02]
2025-04-22 18:49:45 53 sec: 872920 operations; [READ: Count=436872 Max=3252.22 Min=2.23 Avg=41.01 10=6.88 25=25.65 50=30.72 75=49.50 90=76.67 95=106.81 99=166.14 99.9=712.19 99.99=1540.10] [UPDATE: Count=436048 Max=13434.88 Min=6.78 Avg=49.71 10=14.28 25=32.14 50=38.46 75=57.73 90=86.08 95=116.03 99=187.90 99.9=750.08 99.99=2414.59]
2025-04-22 18:49:46 54 sec: 901960 operations; [READ: Count=451247 Max=3252.22 Min=2.23 Avg=40.62 10=6.83 25=25.44 50=30.56 75=48.48 90=76.35 95=105.73 99=166.01 99.9=707.07 99.99=1527.81] [UPDATE: Count=450713 Max=13434.88 Min=6.78 Avg=49.34 10=14.22 25=31.93 50=38.30 75=56.86 90=85.89 95=115.20 99=188.29 99.9=748.03 99.99=2398.21]
2025-04-22 18:49:47 55 sec: 927268 operations; [READ: Count=463897 Max=3252.22 Min=2.14 Avg=40.44 10=6.84 25=25.28 50=30.48 75=47.74 90=76.80 95=105.02 99=166.14 99.9=708.61 99.99=1511.42] [UPDATE: Count=463371 Max=13434.88 Min=6.72 Avg=49.18 10=14.18 25=31.74 50=38.17 75=56.32 90=86.40 95=114.62 99=189.82 99.9=750.08 99.99=2398.21]
2025-04-22 18:49:48 56 sec: 951169 operations; [READ: Count=475843 Max=3252.22 Min=2.11 Avg=40.34 10=6.85 25=25.10 50=30.43 75=47.39 90=78.08 95=104.45 99=166.53 99.9=703.49 99.99=1501.18] [UPDATE: Count=475326 Max=13434.88 Min=6.72 Avg=49.09 10=14.15 25=31.55 50=38.11 75=56.09 90=87.49 95=114.24 99=190.85 99.9=745.47 99.99=2336.77]
2025-04-22 18:49:49 57 sec: 972152 operations; [READ: Count=486143 Max=3252.22 Min=2.11 Avg=40.37 10=6.86 25=24.96 50=30.40 75=47.23 90=79.30 95=104.51 99=168.06 99.9=699.39 99.99=1494.02] [UPDATE: Count=486009 Max=13434.88 Min=6.72 Avg=49.14 10=14.13 25=31.42 50=38.08 75=56.06 90=88.64 95=114.50 99=193.28 99.9=741.38 99.99=2324.48]
2025-04-22 18:49:50 58 sec: 989955 operations; [READ: Count=495119 Max=3252.22 Min=2.11 Avg=40.59 10=6.89 25=24.93 50=30.43 75=47.42 90=80.38 95=105.47 99=168.57 99.9=694.78 99.99=1483.78] [UPDATE: Count=494836 Max=13434.88 Min=6.72 Avg=49.30 10=14.18 25=31.41 50=38.11 75=56.13 90=89.47 95=115.01 99=193.53 99.9=737.28 99.99=2265.09]
2025-04-22 18:49:51 58 sec: 1000000 operations; [READ: Count=500070 Max=3252.22 Min=2.11 Avg=40.70 10=6.90 25=24.89 50=30.46 75=47.45 90=80.83 95=105.86 99=169.09 99.9=692.74 99.99=1483.78] [UPDATE: Count=499930 Max=13434.88 Min=6.72 Avg=49.39 10=14.21 25=31.38 50=38.14 75=56.13 90=89.86 95=115.26 99=194.56 99.9=734.21 99.99=2265.09]
Run runtime(sec): 58.6174
Run operations(ops): 1000000
Run throughput(ops/sec): 17059.8
