Running scope as unit: run-r2e6556883779417d9e8cbf897ef04f69.scope
load file:/home/user/DataFiles/silesia_data/silesia.tar
2025-04-23 02:32:51 0 sec: 0 operations;
2025-04-23 02:32:52 1 sec: 63472 operations; [INSERT: Count=63472 Max=2275.33 Min=4.12 Avg=12.24 10=7.47 25=8.79 50=10.99 75=14.69 90=18.32 95=20.48 99=25.02 99.9=39.62 99.99=188.29]
2025-04-23 02:32:53 2 sec: 125908 operations; [INSERT: Count=125908 Max=2275.33 Min=4.12 Avg=12.49 10=7.71 25=9.05 50=11.29 75=14.97 90=18.59 95=20.73 99=25.14 99.9=37.28 99.99=184.57]
2025-04-23 02:32:54 3 sec: 187363 operations; [INSERT: Count=187363 Max=2275.33 Min=4.12 Avg=12.66 10=7.86 25=9.21 50=11.47 75=15.15 90=18.75 95=20.88 99=25.28 99.9=38.14 99.99=184.32]
2025-04-23 02:32:55 4 sec: 248089 operations; [INSERT: Count=248089 Max=2275.33 Min=4.12 Avg=12.78 10=7.95 25=9.33 50=11.60 75=15.28 90=18.89 95=21.04 99=25.60 99.9=38.81 99.99=191.74]
2025-04-23 02:32:56 5 sec: 307093 operations; [INSERT: Count=307093 Max=28622.85 Min=4.12 Avg=12.95 10=8.02 25=9.40 50=11.69 75=15.36 90=18.99 95=21.15 99=25.71 99.9=37.57 99.99=197.89]
2025-04-23 02:32:57 6 sec: 364019 operations; [INSERT: Count=364019 Max=28622.85 Min=4.12 Avg=13.16 10=8.10 25=9.52 50=11.87 75=15.61 90=19.33 95=21.60 99=26.57 99.9=46.78 99.99=196.61]
2025-04-23 02:32:58 7 sec: 421489 operations; [INSERT: Count=421489 Max=28622.85 Min=4.12 Avg=13.29 10=8.18 25=9.62 50=12.02 75=15.78 90=19.54 95=21.86 99=26.93 99.9=46.46 99.99=194.81]
2025-04-23 02:32:59 8 sec: 474469 operations; [INSERT: Count=474469 Max=28622.85 Min=4.12 Avg=13.54 10=8.22 25=9.70 50=12.18 75=16.04 90=19.95 95=22.43 99=28.19 99.9=47.33 99.99=204.03]
2025-04-23 02:33:00 9 sec: 526017 operations; [INSERT: Count=526017 Max=28622.85 Min=4.12 Avg=13.79 10=8.26 25=9.78 50=12.34 75=16.34 90=20.46 95=23.18 99=29.82 99.9=48.51 99.99=239.23]
2025-04-23 02:33:01 10 sec: 577303 operations; [INSERT: Count=577303 Max=28622.85 Min=4.12 Avg=14.01 10=8.32 25=9.86 50=12.49 75=16.61 90=20.91 95=23.81 99=31.02 99.9=49.63 99.99=290.05]
2025-04-23 02:33:02 11 sec: 631855 operations; [INSERT: Count=631855 Max=28622.85 Min=4.12 Avg=14.10 10=8.35 25=9.90 50=12.56 75=16.69 90=21.04 95=23.98 99=31.42 99.9=63.45 99.99=300.03]
2025-04-23 02:33:03 12 sec: 688056 operations; [INSERT: Count=688056 Max=28622.85 Min=4.12 Avg=14.13 10=8.38 25=9.95 50=12.61 75=16.73 90=21.09 95=24.02 99=31.30 99.9=61.57 99.99=308.22]
2025-04-23 02:33:04 13 sec: 739898 operations; [INSERT: Count=739898 Max=28622.85 Min=4.12 Avg=14.22 10=8.41 25=9.98 50=12.64 75=16.75 90=21.09 95=24.00 99=31.18 99.9=61.98 99.99=312.06]
2025-04-23 02:33:05 14 sec: 792601 operations; [INSERT: Count=792601 Max=28622.85 Min=4.12 Avg=14.29 10=8.42 25=10.00 50=12.65 75=16.73 90=21.07 95=24.00 99=31.47 99.9=80.19 99.99=339.97]
2025-04-23 02:33:06 15 sec: 846366 operations; [INSERT: Count=846366 Max=28622.85 Min=4.12 Avg=14.35 10=8.44 25=10.02 50=12.65 75=16.73 90=21.05 95=23.98 99=31.76 99.9=84.54 99.99=366.08]
2025-04-23 02:33:07 16 sec: 899451 operations; [INSERT: Count=899451 Max=28622.85 Min=4.12 Avg=14.42 10=8.46 25=10.04 50=12.68 75=16.73 90=21.05 95=24.00 99=32.17 99.9=89.15 99.99=383.23]
2025-04-23 02:33:08 17 sec: 941745 operations; [INSERT: Count=941745 Max=28622.85 Min=4.12 Avg=14.67 10=8.43 25=10.02 50=12.68 75=16.80 90=21.21 95=24.35 99=35.68 99.9=122.75 99.99=412.16]
2025-04-23 02:33:09 18 sec: 998643 operations; [INSERT: Count=998643 Max=28622.85 Min=4.12 Avg=14.64 10=8.30 25=9.90 50=12.55 75=16.66 90=21.14 95=24.35 99=37.89 99.9=130.05 99.99=419.84]
2025-04-23 02:33:10 19 sec: 1000000 operations; [INSERT: Count=1000000 Max=28622.85 Min=4.12 Avg=14.63 10=8.29 25=9.89 50=12.54 75=16.64 90=21.14 95=24.35 99=37.89 99.9=130.05 99.99=419.84]
2025-04-23 02:33:11 20 sec: 1000000 operations; [INSERT: Count=1000000 Max=28622.85 Min=4.12 Avg=14.63 10=8.29 25=9.89 50=12.54 75=16.64 90=21.14 95=24.35 99=37.89 99.9=130.05 99.99=419.84]
2025-04-23 02:33:12 21 sec: 1000000 operations; [INSERT: Count=1000000 Max=28622.85 Min=4.12 Avg=14.63 10=8.29 25=9.89 50=12.54 75=16.64 90=21.14 95=24.35 99=37.89 99.9=130.05 99.99=419.84]
2025-04-23 02:33:13 22 sec: 1000000 operations; [INSERT: Count=1000000 Max=28622.85 Min=4.12 Avg=14.63 10=8.29 25=9.89 50=12.54 75=16.64 90=21.14 95=24.35 99=37.89 99.9=130.05 99.99=419.84]
2025-04-23 02:33:14 23 sec: 1000000 operations; [INSERT: Count=1000000 Max=28622.85 Min=4.12 Avg=14.63 10=8.29 25=9.89 50=12.54 75=16.64 90=21.14 95=24.35 99=37.89 99.9=130.05 99.99=419.84]
2025-04-23 02:33:15 24 sec: 1000000 operations; [INSERT: Count=1000000 Max=28622.85 Min=4.12 Avg=14.63 10=8.29 25=9.89 50=12.54 75=16.64 90=21.14 95=24.35 99=37.89 99.9=130.05 99.99=419.84]
2025-04-23 02:33:16 25 sec: 1000000 operations; [INSERT: Count=1000000 Max=28622.85 Min=4.12 Avg=14.63 10=8.29 25=9.89 50=12.54 75=16.64 90=21.14 95=24.35 99=37.89 99.9=130.05 99.99=419.84]
2025-04-23 02:33:17 26 sec: 1000000 operations; [INSERT: Count=1000000 Max=28622.85 Min=4.12 Avg=14.63 10=8.29 25=9.89 50=12.54 75=16.64 90=21.14 95=24.35 99=37.89 99.9=130.05 99.99=419.84]
2025-04-23 02:33:18 27 sec: 1000000 operations; [INSERT: Count=1000000 Max=28622.85 Min=4.12 Avg=14.63 10=8.29 25=9.89 50=12.54 75=16.64 90=21.14 95=24.35 99=37.89 99.9=130.05 99.99=419.84]
2025-04-23 02:33:19 28 sec: 1000000 operations; [INSERT: Count=1000000 Max=28622.85 Min=4.12 Avg=14.63 10=8.29 25=9.89 50=12.54 75=16.64 90=21.14 95=24.35 99=37.89 99.9=130.05 99.99=419.84]
2025-04-23 02:33:19 28 sec: 1000000 operations; [INSERT: Count=1000000 Max=28622.85 Min=4.12 Avg=14.63 10=8.29 25=9.89 50=12.54 75=16.64 90=21.14 95=24.35 99=37.89 99.9=130.05 99.99=419.84]
Load runtime(sec): 28.1097
Load operations(ops): 1000000
Load throughput(ops/sec): 35574.9
