Running scope as unit: run-reb57f84256c847ab9c7247c6c9de68a9.scope
load file:/home/user/DataFiles/silesia_data/silesia.tar
2025-04-23 02:32:51 0 sec: 0 operations;
2025-04-23 02:32:52 1 sec: 59889 operations; [INSERT: Count=59889 Max=3577.86 Min=4.39 Avg=13.20 10=7.77 25=9.27 50=11.78 75=15.96 90=20.09 95=22.56 99=28.13 99.9=44.58 99.99=190.85]
2025-04-23 02:32:53 2 sec: 120752 operations; [INSERT: Count=120752 Max=3577.86 Min=4.39 Avg=13.19 10=7.94 25=9.41 50=11.88 75=15.88 90=19.87 95=22.29 99=27.50 99.9=42.14 99.99=189.82]
2025-04-23 02:32:54 3 sec: 182099 operations; [INSERT: Count=182099 Max=3577.86 Min=4.39 Avg=13.14 10=8.01 25=9.46 50=11.86 75=15.76 90=19.65 95=22.00 99=27.10 99.9=42.72 99.99=189.82]
2025-04-23 02:32:55 4 sec: 243058 operations; [INSERT: Count=243058 Max=3577.86 Min=4.39 Avg=13.13 10=8.06 25=9.50 50=11.89 75=15.66 90=19.49 95=21.84 99=26.98 99.9=44.09 99.99=192.38]
2025-04-23 02:32:56 5 sec: 304334 operations; [INSERT: Count=304334 Max=4304.90 Min=4.39 Avg=13.10 10=8.10 25=9.53 50=11.88 75=15.57 90=19.33 95=21.65 99=26.80 99.9=43.36 99.99=194.56]
2025-04-23 02:32:57 6 sec: 367727 operations; [INSERT: Count=367727 Max=4304.90 Min=4.39 Avg=13.00 10=8.10 25=9.50 50=11.80 75=15.38 90=19.05 95=21.38 99=26.69 99.9=50.24 99.99=193.02]
2025-04-23 02:32:58 7 sec: 431820 operations; [INSERT: Count=431820 Max=4304.90 Min=4.39 Avg=12.90 10=8.10 25=9.48 50=11.73 75=15.22 90=18.83 95=21.10 99=26.24 99.9=50.43 99.99=191.10]
2025-04-23 02:32:59 8 sec: 485395 operations; [INSERT: Count=485395 Max=16130.05 Min=4.39 Avg=13.07 10=8.12 25=9.51 50=11.80 75=15.34 90=18.99 95=21.33 99=26.69 99.9=49.73 99.99=201.73]
2025-04-23 02:33:00 9 sec: 536166 operations; [INSERT: Count=536166 Max=16130.05 Min=4.39 Avg=13.25 10=8.18 25=9.60 50=11.94 75=15.55 90=19.30 95=21.74 99=27.42 99.9=48.67 99.99=257.92]
2025-04-23 02:33:01 10 sec: 586793 operations; [INSERT: Count=586793 Max=16130.05 Min=4.39 Avg=13.41 10=8.26 25=9.69 50=12.08 75=15.74 90=19.57 95=22.08 99=27.90 99.9=47.30 99.99=306.69]
2025-04-23 02:33:02 11 sec: 634475 operations; [INSERT: Count=634475 Max=16130.05 Min=4.39 Avg=13.62 10=8.33 25=9.80 50=12.26 75=15.98 90=19.95 95=22.61 99=28.93 99.9=58.69 99.99=321.54]
2025-04-23 02:33:03 12 sec: 682901 operations; [INSERT: Count=682901 Max=16130.05 Min=4.39 Avg=13.78 10=8.40 25=9.90 50=12.41 75=16.19 90=20.22 95=22.94 99=29.38 99.9=56.58 99.99=332.29]
2025-04-23 02:33:04 13 sec: 730916 operations; [INSERT: Count=730916 Max=16130.05 Min=4.39 Avg=13.94 10=8.46 25=9.98 50=12.53 75=16.32 90=20.38 95=23.10 99=29.55 99.9=56.58 99.99=335.10]
2025-04-23 02:33:05 14 sec: 773249 operations; [INSERT: Count=773249 Max=30359.55 Min=4.39 Avg=14.19 10=8.51 25=10.07 50=12.66 75=16.51 90=20.66 95=23.47 99=30.48 99.9=76.42 99.99=362.50]
2025-04-23 02:33:06 15 sec: 822847 operations; [INSERT: Count=822847 Max=31834.11 Min=4.39 Avg=14.37 10=8.55 25=10.13 50=12.73 75=16.57 90=20.73 95=23.60 99=30.99 99.9=86.14 99.99=380.42]
2025-04-23 02:33:07 16 sec: 874154 operations; [INSERT: Count=874154 Max=31834.11 Min=4.39 Avg=14.47 10=8.59 25=10.18 50=12.79 75=16.64 90=20.80 95=23.70 99=31.55 99.9=100.35 99.99=397.57]
2025-04-23 02:33:08 17 sec: 913899 operations; [INSERT: Count=913899 Max=31834.11 Min=4.39 Avg=14.79 10=8.61 25=10.21 50=12.86 75=16.77 90=21.05 95=24.14 99=35.20 99.9=134.66 99.99=425.21]
2025-04-23 02:33:09 18 sec: 974960 operations; [INSERT: Count=974960 Max=31834.11 Min=4.38 Avg=14.69 10=8.41 25=10.03 50=12.68 75=16.59 90=20.91 95=24.06 99=36.64 99.9=137.09 99.99=431.10]
2025-04-23 02:33:10 19 sec: 1000000 operations; [INSERT: Count=1000000 Max=31834.11 Min=4.18 Avg=14.54 10=8.22 25=9.89 50=12.54 75=16.46 90=20.82 95=23.97 99=36.48 99.9=137.60 99.99=427.26]
2025-04-23 02:33:11 20 sec: 1000000 operations; [INSERT: Count=1000000 Max=31834.11 Min=4.18 Avg=14.54 10=8.22 25=9.89 50=12.54 75=16.46 90=20.82 95=23.97 99=36.48 99.9=137.60 99.99=427.26]
2025-04-23 02:33:12 21 sec: 1000000 operations; [INSERT: Count=1000000 Max=31834.11 Min=4.18 Avg=14.54 10=8.22 25=9.89 50=12.54 75=16.46 90=20.82 95=23.97 99=36.48 99.9=137.60 99.99=427.26]
2025-04-23 02:33:13 22 sec: 1000000 operations; [INSERT: Count=1000000 Max=31834.11 Min=4.18 Avg=14.54 10=8.22 25=9.89 50=12.54 75=16.46 90=20.82 95=23.97 99=36.48 99.9=137.60 99.99=427.26]
2025-04-23 02:33:14 23 sec: 1000000 operations; [INSERT: Count=1000000 Max=31834.11 Min=4.18 Avg=14.54 10=8.22 25=9.89 50=12.54 75=16.46 90=20.82 95=23.97 99=36.48 99.9=137.60 99.99=427.26]
2025-04-23 02:33:15 24 sec: 1000000 operations; [INSERT: Count=1000000 Max=31834.11 Min=4.18 Avg=14.54 10=8.22 25=9.89 50=12.54 75=16.46 90=20.82 95=23.97 99=36.48 99.9=137.60 99.99=427.26]
2025-04-23 02:33:16 24 sec: 1000000 operations; [INSERT: Count=1000000 Max=31834.11 Min=4.18 Avg=14.54 10=8.22 25=9.89 50=12.54 75=16.46 90=20.82 95=23.97 99=36.48 99.9=137.60 99.99=427.26]
Load runtime(sec): 24.8557
Load operations(ops): 1000000
Load throughput(ops/sec): 40232.2
