Running scope as unit: run-r0b9c6bd811134590a162e66c9058abb1.scope
load file:/home/user/DataFiles/silesia_data/silesia.tar
2025-04-22 06:24:49 0 sec: 0 operations;
2025-04-22 06:24:50 1 sec: 45336 operations; [INSERT: Count=45336 Max=2220.03 Min=4.18 Avg=18.43 10=9.26 25=11.88 50=16.24 75=22.78 90=30.18 95=34.88 99=44.77 99.9=91.78 99.99=234.75]
2025-04-22 06:24:51 2 sec: 87603 operations; [INSERT: Count=87603 Max=2220.03 Min=4.18 Avg=19.39 10=9.98 25=12.73 50=17.25 75=24.11 90=31.31 95=35.84 99=45.12 99.9=78.02 99.99=241.53]
2025-04-22 06:24:52 3 sec: 129515 operations; [INSERT: Count=129515 Max=2220.03 Min=4.18 Avg=19.78 10=10.38 25=13.11 50=17.66 75=24.56 90=31.68 95=36.09 99=45.41 99.9=89.15 99.99=245.25]
2025-04-22 06:24:53 4 sec: 172100 operations; [INSERT: Count=172100 Max=2220.03 Min=4.18 Avg=19.90 10=10.58 25=13.29 50=17.81 75=24.67 90=31.71 95=36.03 99=45.15 99.9=77.50 99.99=244.48]
2025-04-22 06:24:54 5 sec: 214472 operations; [INSERT: Count=214472 Max=2220.03 Min=4.18 Avg=19.99 10=10.73 25=13.44 50=17.92 75=24.73 90=31.70 95=36.00 99=45.09 99.9=73.79 99.99=245.89]
2025-04-22 06:24:55 6 sec: 255664 operations; [INSERT: Count=255664 Max=11001.85 Min=4.18 Avg=20.15 10=10.86 25=13.55 50=18.02 75=24.83 90=31.76 95=36.06 99=45.22 99.9=73.79 99.99=248.83]
2025-04-22 06:24:56 7 sec: 297226 operations; [INSERT: Count=297226 Max=11001.85 Min=4.18 Avg=20.24 10=10.97 25=13.65 50=18.13 75=24.93 90=31.82 95=36.09 99=45.22 99.9=71.61 99.99=246.78]
2025-04-22 06:24:57 8 sec: 339077 operations; [INSERT: Count=339077 Max=11001.85 Min=4.18 Avg=20.29 10=11.06 25=13.74 50=18.21 75=24.98 90=31.86 95=36.13 99=45.15 99.9=70.59 99.99=245.25]
2025-04-22 06:24:58 9 sec: 380898 operations; [INSERT: Count=380898 Max=11001.85 Min=4.18 Avg=20.33 10=11.13 25=13.80 50=18.24 75=25.01 90=31.86 95=36.09 99=45.12 99.9=70.97 99.99=244.09]
2025-04-22 06:24:59 10 sec: 422824 operations; [INSERT: Count=422824 Max=11001.85 Min=4.18 Avg=20.35 10=11.19 25=13.85 50=18.29 75=25.02 90=31.84 95=36.09 99=45.05 99.9=71.42 99.99=244.61]
2025-04-22 06:25:00 11 sec: 451362 operations; [INSERT: Count=451362 Max=11001.85 Min=4.18 Avg=21.05 10=11.30 25=14.03 50=18.64 75=25.70 90=32.99 95=37.95 99=51.77 99.9=112.19 99.99=248.57]
2025-04-22 06:25:01 12 sec: 477442 operations; [INSERT: Count=477442 Max=11001.85 Min=4.18 Avg=21.82 10=11.41 25=14.22 50=19.07 75=26.50 90=34.49 95=40.51 99=60.29 99.9=112.45 99.99=252.80]
2025-04-22 06:25:02 13 sec: 502951 operations; [INSERT: Count=502951 Max=11001.85 Min=4.18 Avg=22.54 10=11.52 25=14.42 50=19.52 75=27.31 90=36.03 95=43.23 99=65.31 99.9=112.13 99.99=259.84]
2025-04-22 06:25:03 14 sec: 528122 operations; [INSERT: Count=528122 Max=11001.85 Min=4.18 Avg=23.20 10=11.62 25=14.61 50=19.93 75=28.06 90=37.50 95=45.89 99=68.67 99.9=115.65 99.99=280.06]
2025-04-22 06:25:04 15 sec: 554289 operations; [INSERT: Count=554289 Max=11001.85 Min=4.18 Avg=23.75 10=11.70 25=14.78 50=20.30 75=28.67 90=38.75 95=47.90 99=70.78 99.9=124.54 99.99=356.61]
2025-04-22 06:25:05 16 sec: 582058 operations; [INSERT: Count=582058 Max=11001.85 Min=4.18 Avg=24.18 10=11.80 25=14.94 50=20.62 75=29.17 90=39.68 95=49.09 99=71.55 99.9=128.77 99.99=384.77]
2025-04-22 06:25:06 17 sec: 621093 operations; [INSERT: Count=621093 Max=11001.85 Min=4.18 Avg=24.07 10=11.74 25=14.87 50=20.50 75=29.01 90=39.42 95=48.77 99=71.49 99.9=137.09 99.99=410.88]
2025-04-22 06:25:07 18 sec: 656194 operations; [INSERT: Count=656194 Max=11001.85 Min=4.18 Avg=24.11 10=11.78 25=14.91 50=20.57 75=29.10 90=39.52 95=48.67 99=70.91 99.9=135.04 99.99=400.64]
2025-04-22 06:25:08 19 sec: 689541 operations; [INSERT: Count=689541 Max=11001.85 Min=4.18 Avg=24.23 10=11.83 25=15.01 50=20.73 75=29.31 90=39.81 95=48.83 99=70.53 99.9=131.71 99.99=384.77]
2025-04-22 06:25:09 20 sec: 721399 operations; [INSERT: Count=721399 Max=11001.85 Min=4.18 Avg=24.41 10=11.89 25=15.10 50=20.91 75=29.55 90=40.16 95=49.12 99=70.53 99.9=131.46 99.99=400.64]
2025-04-22 06:25:10 21 sec: 754353 operations; [INSERT: Count=754353 Max=11001.85 Min=4.18 Avg=24.52 10=11.94 25=15.17 50=21.01 75=29.70 90=40.41 95=49.31 99=70.66 99.9=133.76 99.99=431.36]
2025-04-22 06:25:11 22 sec: 790777 operations; [INSERT: Count=790777 Max=11001.85 Min=4.18 Avg=24.49 10=11.96 25=15.18 50=21.01 75=29.66 90=40.29 95=49.05 99=70.33 99.9=131.71 99.99=424.45]
2025-04-22 06:25:12 23 sec: 830277 operations; [INSERT: Count=830277 Max=11001.85 Min=4.18 Avg=24.37 10=11.94 25=15.13 50=20.91 75=29.52 90=40.00 95=48.67 99=69.95 99.9=132.99 99.99=430.08]
2025-04-22 06:25:13 24 sec: 868365 operations; [INSERT: Count=868365 Max=11001.85 Min=4.18 Avg=24.31 10=11.95 25=15.12 50=20.86 75=29.44 90=39.81 95=48.35 99=69.57 99.9=135.04 99.99=438.01]
2025-04-22 06:25:14 25 sec: 898848 operations; [INSERT: Count=898848 Max=11001.85 Min=4.18 Avg=24.49 10=12.00 25=15.20 50=21.01 75=29.68 90=40.19 95=48.80 99=69.89 99.9=136.45 99.99=440.57]
2025-04-22 06:25:15 26 sec: 926604 operations; [INSERT: Count=926604 Max=11001.85 Min=4.18 Avg=24.74 10=12.05 25=15.29 50=21.20 75=29.98 90=40.80 95=49.60 99=70.66 99.9=135.68 99.99=438.27]
2025-04-22 06:25:16 27 sec: 952689 operations; [INSERT: Count=952689 Max=11001.85 Min=4.18 Avg=25.02 10=12.10 25=15.38 50=21.39 75=30.34 90=41.47 95=50.53 99=71.87 99.9=147.58 99.99=436.48]
2025-04-22 06:25:17 28 sec: 977129 operations; [INSERT: Count=977129 Max=11001.85 Min=4.18 Avg=25.33 10=12.15 25=15.49 50=21.60 75=30.72 90=42.21 95=51.58 99=73.34 99.9=161.41 99.99=436.48]
2025-04-22 06:25:18 29 sec: 1000000 operations; [INSERT: Count=1000000 Max=11001.85 Min=4.18 Avg=25.54 10=12.18 25=15.54 50=21.73 75=30.94 90=42.66 95=52.16 99=74.30 99.9=173.31 99.99=472.57]
2025-04-22 06:25:18 29 sec: 1000000 operations; [INSERT: Count=1000000 Max=11001.85 Min=4.18 Avg=25.54 10=12.18 25=15.54 50=21.73 75=30.94 90=42.66 95=52.16 99=74.30 99.9=173.31 99.99=472.57]
Load runtime(sec): 29.3679
Load operations(ops): 1000000
Load throughput(ops/sec): 34050.8
