Running scope as unit: run-rba4ff0014fd54150bb7d7cabbb32b931.scope
load file:/home/user/DataFiles/silesia_data/silesia.tar
2025-04-22 06:24:49 0 sec: 0 operations;
2025-04-22 06:24:50 1 sec: 43534 operations; [INSERT: Count=43534 Max=2170.88 Min=4.14 Avg=18.65 10=5.76 25=6.53 50=9.29 75=25.93 90=45.12 95=57.09 99=79.68 99.9=121.79 99.99=307.71]
2025-04-22 06:24:51 2 sec: 68072 operations; [INSERT: Count=68072 Max=2170.88 Min=4.14 Avg=25.43 10=6.01 25=8.08 50=20.16 75=37.05 90=54.21 95=65.06 99=86.27 99.9=124.80 99.99=291.07]
2025-04-22 06:24:52 3 sec: 93726 operations; [INSERT: Count=93726 Max=2170.88 Min=4.14 Avg=28.23 10=6.29 25=9.81 50=24.77 75=39.94 90=55.90 95=66.30 99=86.46 99.9=121.28 99.99=289.79]
2025-04-22 06:24:53 4 sec: 119795 operations; [INSERT: Count=119795 Max=2170.88 Min=4.14 Avg=29.72 10=6.74 25=13.33 50=26.66 75=41.09 90=56.45 95=66.56 99=86.02 99.9=121.47 99.99=289.28]
2025-04-22 06:24:54 5 sec: 146456 operations; [INSERT: Count=146456 Max=2170.88 Min=4.14 Avg=30.53 10=7.50 25=15.89 50=27.54 75=41.44 90=56.58 95=66.37 99=85.50 99.9=121.22 99.99=286.46]
2025-04-22 06:24:55 6 sec: 175316 operations; [INSERT: Count=175316 Max=6610.94 Min=4.14 Avg=30.66 10=8.18 25=16.93 50=27.65 75=41.05 90=55.62 95=65.18 99=84.22 99.9=119.81 99.99=287.49]
2025-04-22 06:24:56 7 sec: 204077 operations; [INSERT: Count=204077 Max=6610.94 Min=4.14 Avg=30.77 10=8.83 25=17.57 50=27.74 75=40.80 90=55.07 95=64.42 99=83.26 99.9=116.22 99.99=286.46]
2025-04-22 06:24:57 8 sec: 232460 operations; [INSERT: Count=232460 Max=6610.94 Min=4.14 Avg=30.91 10=9.52 25=18.03 50=27.87 75=40.70 90=54.75 95=63.94 99=82.62 99.9=115.45 99.99=285.95]
2025-04-22 06:24:58 9 sec: 260933 operations; [INSERT: Count=260933 Max=6610.94 Min=4.14 Avg=31.00 10=10.35 25=18.40 50=27.97 75=40.61 90=54.43 95=63.58 99=82.11 99.9=115.45 99.99=283.39]
2025-04-22 06:24:59 10 sec: 289619 operations; [INSERT: Count=289619 Max=6610.94 Min=4.14 Avg=31.06 10=11.10 25=18.62 50=28.00 75=40.48 90=54.17 95=63.23 99=81.53 99.9=115.20 99.99=283.39]
2025-04-22 06:25:00 11 sec: 317597 operations; [INSERT: Count=317597 Max=6610.94 Min=4.14 Avg=31.17 10=11.70 25=18.83 50=28.09 75=40.48 90=54.05 95=62.98 99=81.22 99.9=115.33 99.99=284.93]
2025-04-22 06:25:01 12 sec: 343750 operations; [INSERT: Count=343750 Max=6610.94 Min=4.14 Avg=31.46 10=12.20 25=19.12 50=28.37 75=40.77 90=54.34 95=63.30 99=81.53 99.9=114.81 99.99=287.49]
2025-04-22 06:25:02 13 sec: 368078 operations; [INSERT: Count=368078 Max=6610.94 Min=4.14 Avg=31.88 10=12.62 25=19.42 50=28.72 75=41.22 90=54.98 95=64.03 99=82.37 99.9=115.33 99.99=291.07]
2025-04-22 06:25:03 14 sec: 391247 operations; [INSERT: Count=391247 Max=6610.94 Min=4.14 Avg=32.35 10=12.98 25=19.73 50=29.14 75=41.79 90=55.71 95=64.93 99=83.78 99.9=117.31 99.99=299.26]
2025-04-22 06:25:04 15 sec: 413096 operations; [INSERT: Count=413096 Max=6610.94 Min=4.14 Avg=32.88 10=13.30 25=20.02 50=29.52 75=42.40 90=56.61 95=66.11 99=85.69 99.9=125.57 99.99=327.17]
2025-04-22 06:25:05 16 sec: 433332 operations; [INSERT: Count=433332 Max=6610.94 Min=4.14 Avg=33.50 10=13.57 25=20.30 50=29.97 75=43.07 90=57.66 95=67.52 99=88.32 99.9=137.73 99.99=362.24]
2025-04-22 06:25:06 17 sec: 451507 operations; [INSERT: Count=451507 Max=10420.22 Min=4.14 Avg=34.23 10=13.81 25=20.56 50=30.38 75=43.77 90=58.88 95=69.31 99=92.48 99.9=159.62 99.99=444.93]
2025-04-22 06:25:07 18 sec: 470237 operations; [INSERT: Count=470237 Max=10420.22 Min=4.14 Avg=34.86 10=14.02 25=20.83 50=30.83 75=44.54 90=60.13 95=71.10 99=96.00 99.9=161.66 99.99=535.04]
2025-04-22 06:25:08 19 sec: 487879 operations; [INSERT: Count=487879 Max=10420.22 Min=4.14 Avg=35.52 10=14.22 25=21.10 50=31.30 75=45.34 90=61.47 95=72.96 99=99.71 99.9=161.53 99.99=535.55]
2025-04-22 06:25:09 20 sec: 505414 operations; [INSERT: Count=505414 Max=10420.22 Min=4.14 Avg=36.15 10=14.41 25=21.36 50=31.74 75=46.05 90=62.75 95=74.75 99=102.78 99.9=168.45 99.99=577.53]
2025-04-22 06:25:10 21 sec: 523561 operations; [INSERT: Count=523561 Max=10420.22 Min=4.14 Avg=36.69 10=14.61 25=21.60 50=32.13 75=46.69 90=63.81 95=76.22 99=104.89 99.9=172.67 99.99=679.93]
2025-04-22 06:25:11 22 sec: 542052 operations; [INSERT: Count=542052 Max=10420.22 Min=4.14 Avg=37.17 10=14.78 25=21.82 50=32.49 75=47.26 90=64.77 95=77.44 99=106.81 99.9=176.38 99.99=716.29]
2025-04-22 06:25:12 23 sec: 561606 operations; [INSERT: Count=561606 Max=10420.22 Min=4.14 Avg=37.53 10=14.92 25=21.98 50=32.72 75=47.68 90=65.47 95=78.40 99=108.22 99.9=182.91 99.99=740.35]
2025-04-22 06:25:13 24 sec: 585035 operations; [INSERT: Count=585035 Max=10420.22 Min=4.14 Avg=37.60 10=15.02 25=22.05 50=32.80 75=47.74 90=65.60 95=78.40 99=108.03 99.9=183.42 99.99=749.05]
2025-04-22 06:25:14 25 sec: 613370 operations; [INSERT: Count=613370 Max=10420.22 Min=4.14 Avg=37.34 10=14.98 25=21.87 50=32.54 75=47.39 90=65.02 95=77.82 99=107.45 99.9=186.37 99.99=778.24]
2025-04-22 06:25:15 26 sec: 642103 operations; [INSERT: Count=642103 Max=10420.22 Min=4.14 Avg=37.08 10=14.98 25=21.74 50=32.32 75=47.04 90=64.48 95=77.18 99=106.62 99.9=182.14 99.99=749.05]
2025-04-22 06:25:16 27 sec: 668843 operations; [INSERT: Count=668843 Max=10420.22 Min=4.14 Avg=36.96 10=15.02 25=21.71 50=32.22 75=46.85 90=64.19 95=76.73 99=105.98 99.9=180.22 99.99=736.25]
2025-04-22 06:25:17 28 sec: 694595 operations; [INSERT: Count=694595 Max=10420.22 Min=4.14 Avg=36.90 10=15.09 25=21.73 50=32.21 75=46.78 90=63.97 95=76.48 99=105.53 99.9=178.81 99.99=716.29]
2025-04-22 06:25:18 29 sec: 719795 operations; [INSERT: Count=719795 Max=10420.22 Min=4.14 Avg=36.88 10=15.13 25=21.73 50=32.19 75=46.75 90=63.87 95=76.29 99=105.22 99.9=178.81 99.99=749.05]
2025-04-22 06:25:19 30 sec: 778835 operations; [INSERT: Count=778835 Max=10420.22 Min=4.14 Avg=35.12 10=12.41 25=19.61 50=30.48 75=45.25 90=62.49 95=74.88 99=103.87 99.9=174.97 99.99=766.98]
2025-04-22 06:25:20 31 sec: 845203 operations; [INSERT: Count=845203 Max=10420.22 Min=4.14 Avg=33.28 10=10.30 25=17.17 50=28.53 75=43.62 90=60.99 95=73.47 99=102.53 99.9=169.73 99.99=739.84]
2025-04-22 06:25:21 32 sec: 912309 operations; [INSERT: Count=912309 Max=10420.22 Min=4.06 Avg=31.69 10=9.38 25=15.13 50=26.66 75=42.11 90=59.62 95=72.13 99=101.25 99.9=165.25 99.99=736.25]
2025-04-22 06:25:22 33 sec: 959872 operations; [INSERT: Count=959872 Max=10420.22 Min=4.06 Avg=30.99 10=9.26 25=14.55 50=25.76 75=41.18 90=58.75 95=71.30 99=100.48 99.9=166.27 99.99=710.65]
2025-04-22 06:25:23 34 sec: 1000000 operations; [INSERT: Count=1000000 Max=10420.22 Min=4.06 Avg=30.50 10=9.23 25=14.20 50=25.05 75=40.48 90=58.08 95=70.59 99=99.97 99.9=171.01 99.99=757.76]
2025-04-22 06:25:23 34 sec: 1000000 operations; [INSERT: Count=1000000 Max=10420.22 Min=4.06 Avg=30.50 10=9.23 25=14.20 50=25.05 75=40.48 90=58.08 95=70.59 99=99.97 99.9=171.01 99.99=757.76]
Load runtime(sec): 34.3468
Load operations(ops): 1000000
Load throughput(ops/sec): 29114.8
