Running scope as unit: run-rfe7051c6d50f43fcbd9afd850c484384.scope
load file:/home/user/DataFiles/silesia_data/silesia.tar
2025-04-22 20:13:12 0 sec: 0 operations;
2025-04-22 20:13:13 1 sec: 0 operations;
2025-04-22 20:13:14 2 sec: 0 operations;
2025-04-22 20:13:15 3 sec: 0 operations;
2025-04-22 20:13:16 4 sec: 0 operations;
2025-04-22 20:13:17 5 sec: 0 operations;
2025-04-22 20:13:18 6 sec: 0 operations;
2025-04-22 20:13:19 7 sec: 0 operations;
2025-04-22 20:13:20 8 sec: 0 operations;
2025-04-22 20:13:21 9 sec: 0 operations;
2025-04-22 20:13:22 10 sec: 0 operations;
2025-04-22 20:13:23 11 sec: 0 operations;
2025-04-22 20:13:24 12 sec: 0 operations;
2025-04-22 20:13:25 13 sec: 0 operations;
2025-04-22 20:13:26 14 sec: 0 operations;
2025-04-22 20:13:27 15 sec: 0 operations;
2025-04-22 20:13:28 16 sec: 0 operations;
2025-04-22 20:13:29 17 sec: 0 operations;
2025-04-22 20:13:30 18 sec: 0 operations;
2025-04-22 20:13:31 19 sec: 0 operations;
2025-04-22 20:13:32 20 sec: 0 operations;
2025-04-22 20:13:33 21 sec: 0 operations;
2025-04-22 20:13:34 22 sec: 3363 operations; [READ: Count=1680 Max=1583.10 Min=5.25 Avg=150.09 10=57.38 25=86.40 50=136.57 75=201.98 90=258.18 95=291.58 99=352.25 99.9=756.22 99.99=1583.10] [UPDATE: Count=1683 Max=782.85 Min=13.95 Avg=160.87 10=68.80 25=96.96 50=147.07 75=217.47 90=267.52 95=297.73 99=379.65 99.9=479.74 99.99=782.85]
2025-04-22 20:13:35 23 sec: 9663 operations; [READ: Count=4769 Max=1583.10 Min=4.06 Avg=150.45 10=57.22 25=86.97 50=137.09 75=204.16 90=258.56 95=292.35 99=363.52 99.9=527.87 99.99=1583.10] [UPDATE: Count=4894 Max=782.85 Min=10.54 Avg=162.60 10=67.07 25=98.50 50=148.35 75=218.88 90=274.43 95=308.99 99=379.65 99.9=552.45 99.99=782.85]
2025-04-22 20:13:36 24 sec: 15971 operations; [READ: Count=7894 Max=1583.10 Min=3.40 Avg=150.72 10=55.90 25=86.97 50=136.57 75=204.80 90=259.58 95=297.21 99=379.65 99.9=616.45 99.99=802.30] [UPDATE: Count=8077 Max=2224.13 Min=10.54 Avg=162.76 10=65.60 25=98.43 50=147.84 75=218.11 90=273.92 95=311.04 99=388.10 99.9=588.80 99.99=1018.37]
2025-04-22 20:13:37 25 sec: 22534 operations; [READ: Count=11234 Max=1583.10 Min=3.40 Avg=149.70 10=55.81 25=86.72 50=135.68 75=203.65 90=259.07 95=295.42 99=373.25 99.9=527.87 99.99=802.30] [UPDATE: Count=11300 Max=2224.13 Min=10.54 Avg=160.42 10=64.32 25=96.77 50=145.92 75=214.91 90=269.06 95=306.94 99=389.12 99.9=571.39 99.99=1018.37]
2025-04-22 20:13:38 26 sec: 28645 operations; [READ: Count=14261 Max=1583.10 Min=3.40 Avg=150.45 10=55.17 25=86.27 50=133.25 75=203.39 90=260.61 95=301.57 99=411.13 99.9=681.98 99.99=819.71] [UPDATE: Count=14384 Max=9240.58 Min=10.54 Avg=162.71 10=63.74 25=96.38 50=144.77 75=214.66 90=271.87 95=313.60 99=443.39 99.9=844.29 99.99=2224.13]
2025-04-22 20:13:39 27 sec: 33411 operations; [READ: Count=16739 Max=1583.10 Min=3.40 Avg=155.74 10=52.29 25=83.20 50=129.47 75=203.01 90=269.06 95=328.45 99=649.73 99.9=999.42 99.99=1248.26] [UPDATE: Count=16672 Max=13598.72 Min=10.38 Avg=172.30 10=62.02 25=93.95 50=141.44 75=214.53 90=280.57 95=340.74 99=665.09 99.9=1128.45 99.99=10969.09]
2025-04-22 20:13:40 28 sec: 40226 operations; [READ: Count=20141 Max=1583.10 Min=3.34 Avg=153.03 10=52.00 25=83.20 50=129.02 75=200.06 90=264.45 95=316.16 99=620.03 99.9=974.34 99.99=1248.26] [UPDATE: Count=20085 Max=13598.72 Min=10.38 Avg=168.69 10=61.60 25=93.38 50=140.41 75=211.97 90=275.97 95=331.26 99=638.98 99.9=1090.56 99.99=10969.09]
2025-04-22 20:13:41 29 sec: 46863 operations; [READ: Count=23517 Max=1583.10 Min=3.34 Avg=151.52 10=51.65 25=83.14 50=128.83 75=199.17 90=262.65 95=311.04 99=581.63 99.9=930.30 99.99=1248.26] [UPDATE: Count=23346 Max=13598.72 Min=10.11 Avg=166.95 10=61.47 25=93.63 50=140.54 75=211.33 90=274.18 95=325.89 99=616.45 99.9=1041.41 99.99=10969.09]
2025-04-22 20:13:42 30 sec: 53442 operations; [READ: Count=26805 Max=1583.10 Min=3.34 Avg=150.59 10=52.00 25=83.78 50=128.96 75=198.14 90=260.74 95=308.48 99=550.91 99.9=884.22 99.99=1238.02] [UPDATE: Count=26637 Max=13598.72 Min=10.11 Avg=165.72 10=61.85 25=94.21 50=140.80 75=210.69 90=272.89 95=322.81 99=583.17 99.9=1018.37 99.99=9240.58]
2025-04-22 20:13:43 31 sec: 60030 operations; [READ: Count=30020 Max=1583.10 Min=3.34 Avg=149.69 10=51.52 25=83.84 50=128.77 75=197.12 90=259.33 95=306.43 99=531.97 99.9=884.22 99.99=1238.02] [UPDATE: Count=30010 Max=13598.72 Min=9.62 Avg=164.89 10=61.57 25=94.27 50=140.67 75=210.56 90=272.64 95=321.02 99=568.32 99.9=1024.51 99.99=9240.58]
2025-04-22 20:13:44 32 sec: 66017 operations; [READ: Count=32972 Max=1584.13 Min=3.34 Avg=149.94 10=50.75 25=82.88 50=127.30 75=195.84 90=258.56 95=307.45 99=604.67 99.9=1014.27 99.99=1372.16] [UPDATE: Count=33045 Max=13598.72 Min=9.39 Avg=166.14 10=61.31 25=93.50 50=139.26 75=209.02 90=273.15 95=325.38 99=652.80 99.9=1226.75 99.99=9240.58]
2025-04-22 20:13:45 33 sec: 71925 operations; [READ: Count=35949 Max=1929.21 Min=3.34 Avg=150.42 10=49.98 25=82.11 50=126.14 75=194.18 90=258.18 95=309.25 99=659.97 99.9=1118.21 99.99=1424.38] [UPDATE: Count=35976 Max=13598.72 Min=8.26 Avg=167.28 10=60.54 25=92.35 50=137.73 75=207.10 90=273.15 95=329.21 99=698.37 99.9=1348.61 99.99=10469.38]
2025-04-22 20:13:46 34 sec: 78764 operations; [READ: Count=39469 Max=1929.21 Min=3.34 Avg=149.27 10=49.85 25=82.17 50=125.82 75=193.28 90=256.51 95=306.94 99=636.41 99.9=1114.11 99.99=1424.38] [UPDATE: Count=39295 Max=13598.72 Min=8.26 Avg=166.03 10=60.54 25=92.54 50=137.73 75=206.21 90=271.10 95=324.86 99=685.57 99.9=1348.61 99.99=10469.38]
2025-04-22 20:13:47 35 sec: 85891 operations; [READ: Count=43133 Max=1929.21 Min=2.57 Avg=147.65 10=49.31 25=81.79 50=124.93 75=191.36 90=254.59 95=302.59 99=619.52 99.9=1090.56 99.99=1424.38] [UPDATE: Count=42758 Max=13598.72 Min=8.26 Avg=164.60 10=60.06 25=92.03 50=136.45 75=204.41 90=269.57 95=322.30 99=676.35 99.9=1434.62 99.99=10469.38]
2025-04-22 20:13:48 36 sec: 95722 operations; [READ: Count=48008 Max=1929.21 Min=2.57 Avg=142.18 10=45.28 25=76.99 50=120.00 75=185.60 90=248.83 95=296.19 99=583.68 99.9=1084.41 99.99=1420.29] [UPDATE: Count=47714 Max=13598.72 Min=8.26 Avg=158.62 10=55.26 25=86.91 50=130.81 75=197.89 90=264.45 95=316.16 99=660.99 99.9=1456.13 99.99=9240.58]
2025-04-22 20:13:49 37 sec: 106027 operations; [READ: Count=53049 Max=2920.45 Min=2.57 Avg=137.18 10=41.34 25=70.91 50=114.17 75=179.20 90=244.22 95=292.10 99=598.01 99.9=1102.85 99.99=1582.08] [UPDATE: Count=52978 Max=13598.72 Min=8.26 Avg=153.00 10=50.81 25=80.83 50=124.73 75=191.36 90=258.94 95=311.30 99=664.58 99.9=1452.03 99.99=9240.58]
2025-04-22 20:13:50 38 sec: 116620 operations; [READ: Count=58402 Max=6041.60 Min=2.56 Avg=132.67 10=38.53 25=65.60 50=108.54 75=172.80 90=239.74 95=287.74 99=610.82 99.9=1168.38 99.99=1618.94] [UPDATE: Count=58218 Max=13598.72 Min=7.72 Avg=148.12 10=48.00 25=75.33 50=119.04 75=185.22 90=254.21 95=306.69 99=669.70 99.9=1443.84 99.99=9068.54]
2025-04-22 20:13:51 39 sec: 128060 operations; [READ: Count=64136 Max=6041.60 Min=2.56 Avg=127.99 10=37.66 25=61.79 50=103.74 75=166.53 90=234.37 95=282.11 99=575.49 99.9=1126.40 99.99=1618.94] [UPDATE: Count=63924 Max=13598.72 Min=7.72 Avg=143.13 10=47.10 25=72.00 50=114.69 75=179.07 90=249.09 95=300.03 99=644.10 99.9=1420.29 99.99=9068.54]
2025-04-22 20:13:52 40 sec: 139561 operations; [READ: Count=69911 Max=6041.60 Min=2.56 Avg=124.04 10=37.25 25=58.69 50=99.97 75=161.53 90=229.50 95=276.74 99=545.28 99.9=1114.11 99.99=1609.73] [UPDATE: Count=69650 Max=13598.72 Min=7.72 Avg=138.88 10=46.49 25=68.99 50=110.72 75=173.82 90=244.22 95=294.40 99=616.96 99.9=1348.61 99.99=7843.84]
2025-04-22 20:13:53 41 sec: 151540 operations; [READ: Count=75920 Max=6041.60 Min=2.56 Avg=120.30 10=36.51 25=55.97 50=96.32 75=156.29 90=224.77 95=271.62 99=518.65 99.9=1090.56 99.99=1584.13] [UPDATE: Count=75620 Max=13598.72 Min=7.48 Avg=134.87 10=45.53 25=66.37 50=107.07 75=168.70 90=239.23 95=288.51 99=594.94 99.9=1331.20 99.99=7843.84]
2025-04-22 20:13:54 42 sec: 162757 operations; [READ: Count=81448 Max=6041.60 Min=2.56 Avg=117.68 10=35.84 25=53.70 50=93.25 75=152.06 90=221.06 95=268.54 99=525.31 99.9=1134.59 99.99=1609.73] [UPDATE: Count=81309 Max=13598.72 Min=7.48 Avg=132.02 10=44.77 25=64.29 50=103.81 75=164.48 90=235.52 95=285.18 99=598.01 99.9=1391.62 99.99=7843.84]
2025-04-22 20:13:55 43 sec: 174177 operations; [READ: Count=87108 Max=6041.60 Min=2.56 Avg=115.27 10=35.45 25=51.97 50=90.81 75=148.22 90=217.09 95=264.70 99=518.65 99.9=1149.95 99.99=1867.78] [UPDATE: Count=87069 Max=13598.72 Min=7.48 Avg=129.36 10=44.26 25=62.56 50=101.06 75=160.25 90=231.55 95=281.09 99=591.87 99.9=1401.86 99.99=7323.65]
2025-04-22 20:13:56 44 sec: 186240 operations; [READ: Count=93128 Max=6041.60 Min=2.56 Avg=112.74 10=35.20 25=50.88 50=88.83 75=144.64 90=213.25 95=260.48 99=492.29 99.9=1126.40 99.99=1867.78] [UPDATE: Count=93112 Max=13598.72 Min=7.48 Avg=126.64 10=43.94 25=61.50 50=99.20 75=156.67 90=227.20 95=276.99 99=565.25 99.9=1370.11 99.99=7323.65]
2025-04-22 20:13:57 45 sec: 198350 operations; [READ: Count=99286 Max=6041.60 Min=2.56 Avg=110.42 10=34.91 25=50.02 50=87.17 75=141.18 90=209.41 95=256.13 99=474.62 99.9=1114.11 99.99=1787.90] [UPDATE: Count=99064 Max=13598.72 Min=7.48 Avg=124.28 10=43.74 25=60.73 50=97.60 75=153.34 90=223.23 95=271.87 99=542.72 99.9=1337.34 99.99=7061.50]
2025-04-22 20:13:58 46 sec: 210210 operations; [READ: Count=105252 Max=6041.60 Min=2.56 Avg=108.51 10=34.69 25=49.41 50=85.89 75=138.37 90=206.34 95=252.67 99=455.68 99.9=1102.85 99.99=1666.05] [UPDATE: Count=104958 Max=13598.72 Min=7.48 Avg=122.34 10=43.45 25=60.22 50=96.32 75=150.40 90=219.65 95=268.29 99=526.34 99.9=1329.15 99.99=7061.50]
2025-04-22 20:13:59 47 sec: 222128 operations; [READ: Count=111106 Max=6041.60 Min=2.56 Avg=106.82 10=34.37 25=48.80 50=84.67 75=135.68 90=203.13 95=249.09 99=446.72 99.9=1106.94 99.99=1787.90] [UPDATE: Count=111022 Max=13598.72 Min=7.48 Avg=120.49 10=43.17 25=59.58 50=95.04 75=147.58 90=216.32 95=264.96 99=515.84 99.9=1331.20 99.99=6950.91]
2025-04-22 20:14:00 48 sec: 233828 operations; [READ: Count=116949 Max=6041.60 Min=2.56 Avg=105.45 10=34.14 25=48.38 50=83.71 75=133.38 90=200.19 95=246.27 99=438.27 99.9=1114.11 99.99=1867.78] [UPDATE: Count=116879 Max=13598.72 Min=7.48 Avg=118.92 10=42.78 25=59.10 50=94.02 75=145.15 90=213.38 95=261.89 99=503.81 99.9=1329.15 99.99=6950.91]
2025-04-22 20:14:01 49 sec: 245762 operations; [READ: Count=122931 Max=6041.60 Min=2.56 Avg=104.05 10=33.85 25=48.03 50=82.81 75=131.33 90=197.12 95=243.07 99=429.57 99.9=1118.21 99.99=2010.11] [UPDATE: Count=122831 Max=13598.72 Min=7.48 Avg=117.45 10=42.43 25=58.72 50=93.18 75=143.10 90=210.43 95=258.81 99=489.21 99.9=1323.01 99.99=6950.91]
2025-04-22 20:14:02 50 sec: 257984 operations; [READ: Count=129042 Max=6041.60 Min=2.56 Avg=102.66 10=33.53 25=47.71 50=81.98 75=129.53 90=194.43 95=240.51 99=418.81 99.9=1114.11 99.99=1929.21] [UPDATE: Count=128942 Max=13598.72 Min=7.48 Avg=115.98 10=42.02 25=58.40 50=92.48 75=141.06 90=207.62 95=255.74 99=473.86 99.9=1301.50 99.99=6795.26]
2025-04-22 20:14:03 51 sec: 270407 operations; [READ: Count=135143 Max=6041.60 Min=2.56 Avg=101.34 10=33.15 25=47.39 50=81.22 75=127.74 90=191.87 95=237.69 99=409.09 99.9=1099.78 99.99=1867.78] [UPDATE: Count=135264 Max=13598.72 Min=7.48 Avg=114.53 10=41.53 25=58.11 50=91.71 75=139.26 90=204.80 95=252.80 99=463.36 99.9=1289.21 99.99=6656.00]
2025-04-22 20:14:04 52 sec: 283009 operations; [READ: Count=141447 Max=6041.60 Min=2.56 Avg=100.01 10=32.69 25=47.07 50=80.45 75=125.95 90=189.18 95=234.88 99=399.36 99.9=1089.54 99.99=1867.78] [UPDATE: Count=141562 Max=13598.72 Min=7.48 Avg=113.20 10=41.12 25=57.85 50=91.01 75=137.47 90=201.98 95=250.24 99=451.07 99.9=1266.69 99.99=6656.00]
2025-04-22 20:14:05 53 sec: 295397 operations; [READ: Count=147633 Max=6041.60 Min=2.56 Avg=98.91 10=32.24 25=46.78 50=79.74 75=124.48 90=186.88 95=232.32 99=390.91 99.9=1089.54 99.99=1864.70] [UPDATE: Count=147764 Max=13598.72 Min=7.48 Avg=112.03 10=40.58 25=57.60 50=90.37 75=135.94 90=199.42 95=247.55 99=440.57 99.9=1263.62 99.99=6410.24]
2025-04-22 20:14:06 54 sec: 308253 operations; [READ: Count=154034 Max=6041.60 Min=2.56 Avg=97.76 10=31.58 25=46.53 50=79.10 75=122.94 90=184.45 95=229.89 99=383.74 99.9=1084.41 99.99=1864.70] [UPDATE: Count=154219 Max=13598.72 Min=7.48 Avg=110.77 10=39.90 25=57.28 50=89.66 75=134.27 90=197.12 95=244.99 99=431.87 99.9=1255.42 99.99=6410.24]
2025-04-22 20:14:07 55 sec: 322359 operations; [READ: Count=161094 Max=6041.60 Min=2.56 Avg=96.28 10=30.67 25=46.08 50=78.14 75=120.89 90=181.63 95=227.07 99=376.32 99.9=1072.13 99.99=1827.84] [UPDATE: Count=161265 Max=13598.72 Min=7.48 Avg=109.22 10=38.91 25=56.80 50=88.64 75=132.22 90=194.18 95=242.05 99=422.65 99.9=1234.94 99.99=5955.58]
2025-04-22 20:14:08 56 sec: 337324 operations; [READ: Count=168604 Max=6041.60 Min=2.56 Avg=94.65 10=29.02 25=45.60 50=76.99 75=118.59 90=178.56 95=224.00 99=367.62 99.9=1057.79 99.99=1802.24] [UPDATE: Count=168720 Max=13598.72 Min=7.48 Avg=107.56 10=37.79 25=56.32 50=87.55 75=129.79 90=191.23 95=239.10 99=413.69 99.9=1213.44 99.99=5238.78]
2025-04-22 20:14:09 57 sec: 353261 operations; [READ: Count=176580 Max=6041.60 Min=2.56 Avg=92.88 10=24.48 25=44.99 50=75.58 75=116.09 90=175.49 95=221.06 99=359.94 99.9=1050.62 99.99=1787.90] [UPDATE: Count=176681 Max=13598.72 Min=7.48 Avg=105.76 10=35.90 25=55.62 50=86.08 75=127.23 90=188.16 95=236.16 99=405.76 99.9=1188.86 99.99=4255.74]
2025-04-22 20:14:10 58 sec: 371550 operations; [READ: Count=185834 Max=6041.60 Min=2.56 Avg=90.61 10=19.12 25=43.87 50=73.28 75=113.09 90=171.90 95=217.47 99=351.23 99.9=1038.85 99.99=1758.21] [UPDATE: Count=185716 Max=13598.72 Min=7.48 Avg=103.52 10=33.12 25=54.53 50=83.90 75=124.22 90=184.83 95=232.83 99=395.26 99.9=1177.60 99.99=3708.93]
2025-04-22 20:14:11 59 sec: 391211 operations; [READ: Count=195579 Max=6041.60 Min=2.56 Avg=88.28 10=16.77 25=42.66 50=70.59 75=110.02 90=168.45 95=214.27 99=344.06 99.9=1019.90 99.99=1747.97] [UPDATE: Count=195632 Max=13598.72 Min=7.48 Avg=101.09 10=29.97 25=53.15 50=81.28 75=121.15 90=181.25 95=229.50 99=386.30 99.9=1168.38 99.99=3563.52]
2025-04-22 20:14:12 60 sec: 411610 operations; [READ: Count=205742 Max=6041.60 Min=2.56 Avg=86.03 10=15.29 25=41.50 50=68.22 75=107.01 90=165.12 95=211.33 99=337.41 99.9=1004.03 99.99=1729.54] [UPDATE: Count=205868 Max=13598.72 Min=7.48 Avg=98.71 10=27.87 25=51.87 50=78.85 75=118.21 90=177.79 95=225.92 99=377.34 99.9=1150.97 99.99=3426.30]
2025-04-22 20:14:13 61 sec: 431963 operations; [READ: Count=215907 Max=6041.60 Min=2.56 Avg=83.98 10=14.26 25=40.51 50=66.30 75=104.32 90=161.92 95=208.13 99=331.52 99.9=993.28 99.99=1724.41] [UPDATE: Count=216056 Max=13598.72 Min=7.48 Avg=96.57 10=26.51 25=50.85 50=76.93 75=115.45 90=174.46 95=222.59 99=369.66 99.9=1128.45 99.99=3420.16]
2025-04-22 20:14:14 62 sec: 451345 operations; [READ: Count=225604 Max=6041.60 Min=2.56 Avg=82.25 10=13.54 25=39.68 50=64.73 75=101.89 90=159.10 95=205.44 99=327.68 99.9=990.21 99.99=1729.54] [UPDATE: Count=225741 Max=13598.72 Min=7.48 Avg=94.88 10=25.58 25=50.02 50=75.33 75=113.15 90=171.65 95=219.78 99=366.08 99.9=1133.57 99.99=3287.04]
2025-04-22 20:14:15 63 sec: 471288 operations; [READ: Count=235613 Max=6041.60 Min=2.56 Avg=80.60 10=12.95 25=38.85 50=63.20 75=99.58 90=156.29 95=202.88 99=324.10 99.9=993.28 99.99=1787.90] [UPDATE: Count=235675 Max=13598.72 Min=7.48 Avg=93.19 10=24.75 25=49.18 50=73.86 75=110.85 90=168.96 95=217.09 99=361.98 99.9=1143.81 99.99=3102.72]
2025-04-22 20:14:16 64 sec: 496219 operations; [READ: Count=248142 Max=6041.60 Min=2.56 Avg=78.20 10=12.22 25=37.02 50=60.73 75=96.96 90=152.96 95=199.68 99=320.00 99.9=999.42 99.99=1787.90] [UPDATE: Count=248077 Max=13598.72 Min=7.48 Avg=90.78 10=23.68 25=47.07 50=71.42 75=108.29 90=165.89 95=214.27 99=357.63 99.9=1144.83 99.99=3420.16]
2025-04-22 20:14:17 65 sec: 527529 operations; [READ: Count=263790 Max=6041.60 Min=2.34 Avg=75.15 10=11.26 25=34.75 50=57.28 75=93.82 90=148.99 95=195.46 99=314.11 99.9=983.04 99.99=1758.21] [UPDATE: Count=263739 Max=13598.72 Min=7.20 Avg=87.49 10=22.43 25=44.29 50=68.09 75=105.02 90=161.79 95=210.18 99=348.67 99.9=1116.16 99.99=3287.04]
2025-04-22 20:14:18 66 sec: 559032 operations; [READ: Count=279584 Max=6041.60 Min=2.34 Avg=72.43 10=10.51 25=32.56 50=53.38 75=91.07 90=145.15 95=191.62 99=307.97 99.9=959.49 99.99=1729.54] [UPDATE: Count=279448 Max=13598.72 Min=7.20 Avg=84.54 10=21.25 25=41.53 50=64.77 75=102.14 90=158.21 95=206.21 99=340.48 99.9=1087.49 99.99=3041.28]
2025-04-22 20:14:19 67 sec: 589210 operations; [READ: Count=294707 Max=6041.60 Min=2.32 Avg=70.17 10=9.88 25=30.83 50=49.95 75=88.83 90=141.95 95=188.41 99=304.38 99.9=942.08 99.99=1724.41] [UPDATE: Count=294503 Max=13598.72 Min=7.20 Avg=82.07 10=20.30 25=39.30 50=61.50 75=99.71 90=154.88 95=202.88 99=334.85 99.9=1059.84 99.99=3016.70]
2025-04-22 20:14:20 68 sec: 614905 operations; [READ: Count=307479 Max=6041.60 Min=2.32 Avg=68.64 10=9.41 25=29.74 50=47.49 75=87.17 90=139.39 95=186.24 99=304.38 99.9=939.01 99.99=1705.98] [UPDATE: Count=307426 Max=13598.72 Min=7.05 Avg=80.42 10=19.49 25=37.76 50=59.01 75=97.86 90=152.57 95=200.70 99=335.87 99.9=1052.67 99.99=3006.46]
2025-04-22 20:14:21 69 sec: 640344 operations; [READ: Count=320302 Max=6041.60 Min=2.32 Avg=67.28 10=9.02 25=28.98 50=45.50 75=85.69 90=137.09 95=184.19 99=304.13 99.9=951.29 99.99=1666.05] [UPDATE: Count=320042 Max=13598.72 Min=7.05 Avg=78.92 10=18.82 25=36.73 50=56.90 75=96.38 90=150.14 95=198.27 99=335.62 99.9=1053.69 99.99=2951.17]
2025-04-22 20:14:22 70 sec: 670217 operations; [READ: Count=335237 Max=6041.60 Min=2.32 Avg=65.56 10=8.65 25=28.30 50=43.55 75=84.22 90=134.27 95=181.12 99=298.75 99.9=937.47 99.99=1657.86] [UPDATE: Count=334980 Max=13598.72 Min=7.05 Avg=77.03 10=18.08 25=35.77 50=54.69 75=94.78 90=147.20 95=195.33 99=329.98 99.9=1041.41 99.99=2906.11]
2025-04-22 20:14:23 71 sec: 699992 operations; [READ: Count=350245 Max=6041.60 Min=2.32 Avg=63.98 10=8.31 25=27.77 50=41.85 75=82.88 90=131.46 95=178.18 99=294.65 99.9=927.74 99.99=1646.59] [UPDATE: Count=349747 Max=13598.72 Min=7.05 Avg=75.34 10=17.45 25=35.07 50=52.80 75=93.31 90=144.51 95=192.38 99=324.61 99.9=1027.07 99.99=2844.67]
2025-04-22 20:14:24 72 sec: 729095 operations; [READ: Count=364959 Max=6041.60 Min=2.16 Avg=62.61 10=8.02 25=27.33 50=40.38 75=81.79 90=129.02 95=175.49 99=291.33 99.9=915.97 99.99=1644.54] [UPDATE: Count=364136 Max=13598.72 Min=7.05 Avg=73.83 10=16.96 25=34.53 50=51.13 75=92.09 90=141.95 95=189.69 99=320.25 99.9=1019.90 99.99=2830.34]
2025-04-22 20:14:25 73 sec: 753983 operations; [READ: Count=377312 Max=6041.60 Min=2.16 Avg=61.73 10=7.82 25=26.99 50=39.26 75=80.96 90=127.42 95=174.08 99=292.35 99.9=913.41 99.99=1639.42] [UPDATE: Count=376671 Max=13598.72 Min=7.05 Avg=72.80 10=16.54 25=34.11 50=49.85 75=91.20 90=140.16 95=188.29 99=321.02 99.9=1015.29 99.99=2691.07]
2025-04-22 20:14:26 74 sec: 779560 operations; [READ: Count=390144 Max=6041.60 Min=2.16 Avg=60.84 10=7.65 25=26.72 50=38.24 75=80.13 90=125.50 95=172.16 99=291.58 99.9=918.53 99.99=1618.94] [UPDATE: Count=389416 Max=13598.72 Min=7.05 Avg=71.79 10=16.23 25=33.76 50=48.64 75=90.37 90=138.24 95=186.50 99=319.74 99.9=1016.83 99.99=2615.30]
2025-04-22 20:14:27 75 sec: 804172 operations; [READ: Count=402564 Max=6041.60 Min=2.16 Avg=60.07 10=7.58 25=26.56 50=37.38 75=79.42 90=123.84 95=170.37 99=290.81 99.9=917.50 99.99=1609.73] [UPDATE: Count=401608 Max=13598.72 Min=7.05 Avg=70.93 10=16.08 25=33.53 50=47.58 75=89.60 90=136.45 95=184.83 99=318.21 99.9=1011.71 99.99=2615.30]
2025-04-22 20:14:28 76 sec: 828594 operations; [READ: Count=414849 Max=6041.60 Min=2.16 Avg=59.33 10=7.59 25=26.45 50=36.80 75=78.66 90=122.24 95=168.57 99=288.77 99.9=907.26 99.99=1609.73] [UPDATE: Count=413745 Max=13598.72 Min=7.05 Avg=70.17 10=16.04 25=33.41 50=46.81 75=89.02 90=134.78 95=183.17 99=316.16 99.9=1000.45 99.99=2590.72]
2025-04-22 20:14:29 77 sec: 853705 operations; [READ: Count=427378 Max=6041.60 Min=2.16 Avg=58.60 10=7.52 25=26.25 50=36.13 75=77.89 90=120.70 95=167.04 99=288.00 99.9=900.61 99.99=1601.54] [UPDATE: Count=426327 Max=13598.72 Min=7.05 Avg=69.38 10=15.89 25=33.22 50=45.98 75=88.38 90=133.25 95=181.50 99=315.13 99.9=988.16 99.99=2490.37]
2025-04-22 20:14:30 78 sec: 876481 operations; [READ: Count=438768 Max=6041.60 Min=2.16 Avg=58.07 10=7.42 25=26.06 50=35.49 75=77.12 90=119.55 95=166.01 99=289.54 99.9=902.14 99.99=1597.44] [UPDATE: Count=437713 Max=13598.72 Min=7.05 Avg=68.82 10=15.71 25=32.96 50=45.25 75=87.81 90=132.22 95=180.61 99=317.18 99.9=983.55 99.99=2467.84]
2025-04-22 20:14:31 79 sec: 900907 operations; [READ: Count=450940 Max=6041.60 Min=2.16 Avg=57.45 10=7.33 25=25.87 50=34.94 75=76.29 90=118.27 95=164.74 99=289.54 99.9=899.58 99.99=1585.15] [UPDATE: Count=449967 Max=13598.72 Min=7.05 Avg=68.18 10=15.58 25=32.72 50=44.54 75=87.17 90=130.81 95=179.33 99=317.18 99.9=979.97 99.99=2437.12]
2025-04-22 20:14:32 80 sec: 925561 operations; [READ: Count=463203 Max=6041.60 Min=2.16 Avg=56.85 10=7.33 25=25.70 50=34.46 75=75.65 90=116.80 95=163.20 99=288.25 99.9=897.02 99.99=1584.13] [UPDATE: Count=462358 Max=13598.72 Min=7.05 Avg=67.54 10=15.49 25=32.49 50=43.94 75=86.59 90=129.41 95=177.92 99=315.65 99.9=975.87 99.99=2467.84]
2025-04-22 20:14:33 81 sec: 951021 operations; [READ: Count=475950 Max=6041.60 Min=2.16 Avg=56.23 10=7.34 25=25.50 50=34.08 75=74.94 90=115.33 95=161.53 99=286.21 99.9=891.90 99.99=1583.10] [UPDATE: Count=475071 Max=13598.72 Min=6.76 Avg=66.89 10=15.42 25=32.29 50=43.39 75=86.02 90=127.94 95=176.25 99=313.60 99.9=967.68 99.99=2422.78]
2025-04-22 20:14:34 82 sec: 977157 operations; [READ: Count=488916 Max=6041.60 Min=2.16 Avg=55.62 10=7.33 25=25.28 50=33.66 75=74.17 90=113.98 95=160.13 99=284.93 99.9=886.78 99.99=1582.08] [UPDATE: Count=488241 Max=13598.72 Min=6.76 Avg=66.20 10=15.32 25=32.02 50=42.81 75=85.38 90=126.59 95=174.97 99=312.57 99.9=962.05 99.99=2408.45]
2025-04-22 20:14:35 83 sec: 1000000 operations; [READ: Count=500125 Max=6041.60 Min=2.16 Avg=55.22 10=7.31 25=25.01 50=33.31 75=73.47 90=113.28 95=159.49 99=287.74 99.9=883.71 99.99=1579.01] [UPDATE: Count=499875 Max=13598.72 Min=6.76 Avg=65.74 10=15.21 25=31.71 50=42.34 75=84.73 90=125.89 95=174.34 99=313.86 99.9=954.88 99.99=2408.45]
2025-04-22 20:14:36 84 sec: 1000000 operations; [READ: Count=500125 Max=6041.60 Min=2.16 Avg=55.22 10=7.31 25=25.01 50=33.31 75=73.47 90=113.28 95=159.49 99=287.74 99.9=883.71 99.99=1579.01] [UPDATE: Count=499875 Max=13598.72 Min=6.76 Avg=65.74 10=15.21 25=31.71 50=42.34 75=84.73 90=125.89 95=174.34 99=313.86 99.9=954.88 99.99=2408.45]
2025-04-22 20:14:37 85 sec: 1000000 operations; [READ: Count=500125 Max=6041.60 Min=2.16 Avg=55.22 10=7.31 25=25.01 50=33.31 75=73.47 90=113.28 95=159.49 99=287.74 99.9=883.71 99.99=1579.01] [UPDATE: Count=499875 Max=13598.72 Min=6.76 Avg=65.74 10=15.21 25=31.71 50=42.34 75=84.73 90=125.89 95=174.34 99=313.86 99.9=954.88 99.99=2408.45]
2025-04-22 20:14:38 85 sec: 1000000 operations; [READ: Count=500125 Max=6041.60 Min=2.16 Avg=55.22 10=7.31 25=25.01 50=33.31 75=73.47 90=113.28 95=159.49 99=287.74 99.9=883.71 99.99=1579.01] [UPDATE: Count=499875 Max=13598.72 Min=6.76 Avg=65.74 10=15.21 25=31.71 50=42.34 75=84.73 90=125.89 95=174.34 99=313.86 99.9=954.88 99.99=2408.45]
Run runtime(sec): 85.8854
Run operations(ops): 1000000
Run throughput(ops/sec): 11643.4
