Running scope as unit: run-r0ee23ddbcb1543c4a36e6326e1080fc7.scope
load file:/home/user/DataFiles/silesia_data/silesia.tar
2025-04-22 20:13:12 0 sec: 0 operations;
2025-04-22 20:13:13 1 sec: 0 operations;
2025-04-22 20:13:14 2 sec: 0 operations;
2025-04-22 20:13:15 3 sec: 0 operations;
2025-04-22 20:13:16 4 sec: 0 operations;
2025-04-22 20:13:17 5 sec: 0 operations;
2025-04-22 20:13:18 6 sec: 0 operations;
2025-04-22 20:13:19 7 sec: 0 operations;
2025-04-22 20:13:20 8 sec: 0 operations;
2025-04-22 20:13:21 9 sec: 0 operations;
2025-04-22 20:13:22 10 sec: 0 operations;
2025-04-22 20:13:23 11 sec: 0 operations;
2025-04-22 20:13:24 12 sec: 0 operations;
2025-04-22 20:13:25 13 sec: 0 operations;
2025-04-22 20:13:26 14 sec: 0 operations;
2025-04-22 20:13:27 15 sec: 0 operations;
2025-04-22 20:13:28 16 sec: 0 operations;
2025-04-22 20:13:29 17 sec: 0 operations;
2025-04-22 20:13:30 18 sec: 0 operations;
2025-04-22 20:13:31 19 sec: 0 operations;
2025-04-22 20:13:32 20 sec: 0 operations;
2025-04-22 20:13:33 21 sec: 0 operations;
2025-04-22 20:13:34 22 sec: 4723 operations; [READ: Count=2362 Max=670.72 Min=6.61 Avg=130.38 10=49.63 25=74.81 50=116.29 75=176.64 90=229.76 95=265.21 99=332.80 99.9=482.05 99.99=670.72] [UPDATE: Count=2361 Max=865.79 Min=10.88 Avg=139.79 10=57.34 25=81.22 50=127.61 75=184.19 90=239.10 95=275.71 99=353.02 99.9=475.39 99.99=865.79]
2025-04-22 20:13:35 23 sec: 11787 operations; [READ: Count=5830 Max=670.72 Min=3.91 Avg=134.54 10=48.77 25=76.42 50=121.41 75=183.42 90=238.59 95=272.13 99=346.62 99.9=465.66 99.99=650.24] [UPDATE: Count=5957 Max=865.79 Min=10.88 Avg=141.83 10=57.73 25=84.67 50=127.68 75=187.78 90=242.81 95=278.78 99=365.06 99.9=511.49 99.99=623.10]
2025-04-22 20:13:36 24 sec: 18916 operations; [READ: Count=9463 Max=670.72 Min=3.91 Avg=133.98 10=47.74 25=76.48 50=119.74 75=182.40 90=237.44 95=272.38 99=350.21 99.9=491.52 99.99=650.24] [UPDATE: Count=9453 Max=2158.59 Min=10.88 Avg=143.11 10=57.73 25=85.44 50=128.77 75=189.95 90=243.84 95=279.30 99=365.82 99.9=511.49 99.99=865.79]
2025-04-22 20:13:37 25 sec: 26101 operations; [READ: Count=13072 Max=670.72 Min=3.47 Avg=134.20 10=47.42 25=77.06 50=120.51 75=182.53 90=237.18 95=272.64 99=349.18 99.9=482.05 99.99=650.24] [UPDATE: Count=13029 Max=2158.59 Min=9.79 Avg=142.58 10=57.05 25=85.69 50=128.70 75=189.69 90=243.84 95=277.76 99=354.56 99.9=502.53 99.99=865.79]
2025-04-22 20:13:38 26 sec: 32804 operations; [READ: Count=16482 Max=938.50 Min=3.23 Avg=135.65 10=47.23 25=76.61 50=119.55 75=182.01 90=239.49 95=277.50 99=396.29 99.9=712.19 99.99=844.80] [UPDATE: Count=16322 Max=8429.57 Min=9.62 Avg=145.10 10=56.19 25=85.50 50=128.45 75=189.82 90=245.76 95=283.65 99=408.57 99.9=766.46 99.99=1247.23]
2025-04-22 20:13:39 27 sec: 38607 operations; [READ: Count=19310 Max=1209.34 Min=3.23 Avg=137.77 10=45.25 25=73.09 50=114.62 75=179.58 90=243.07 95=292.35 99=579.07 99.9=876.54 99.99=1031.17] [UPDATE: Count=19297 Max=24723.46 Min=9.02 Avg=152.20 10=54.34 25=82.05 50=124.16 75=187.26 90=250.24 95=303.62 99=605.70 99.9=1034.24 99.99=11157.50]
2025-04-22 20:13:40 28 sec: 45826 operations; [READ: Count=22941 Max=1209.34 Min=3.23 Avg=136.80 10=45.47 25=73.86 50=115.14 75=179.07 90=240.38 95=288.51 99=539.65 99.9=861.18 99.99=1031.17] [UPDATE: Count=22885 Max=24723.46 Min=9.02 Avg=150.76 10=54.34 25=82.62 50=125.06 75=187.52 90=249.98 95=299.26 99=573.44 99.9=965.12 99.99=11157.50]
2025-04-22 20:13:41 29 sec: 53019 operations; [READ: Count=26495 Max=1209.34 Min=3.22 Avg=136.34 10=45.85 25=74.43 50=116.16 75=179.07 90=239.36 95=284.42 99=512.00 99.9=853.50 99.99=1031.17] [UPDATE: Count=26524 Max=24723.46 Min=9.02 Avg=149.60 10=54.78 25=83.65 50=125.76 75=187.65 90=248.45 95=294.40 99=550.91 99.9=935.93 99.99=8429.57]
2025-04-22 20:13:42 30 sec: 60163 operations; [READ: Count=30012 Max=1209.34 Min=3.22 Avg=136.12 10=45.95 25=75.07 50=117.25 75=179.58 90=238.59 95=281.86 99=491.52 99.9=828.41 99.99=1031.17] [UPDATE: Count=30151 Max=24723.46 Min=9.02 Avg=148.79 10=54.69 25=84.09 50=126.40 75=188.03 90=247.81 95=291.84 99=524.29 99.9=925.18 99.99=8429.57]
2025-04-22 20:13:43 31 sec: 67162 operations; [READ: Count=33477 Max=1209.34 Min=3.22 Avg=135.54 10=45.60 25=75.07 50=117.38 75=178.81 90=238.21 95=280.06 99=478.46 99.9=821.25 99.99=1031.17] [UPDATE: Count=33685 Max=24723.46 Min=9.02 Avg=149.09 10=54.94 25=84.67 50=127.30 75=188.29 90=248.19 95=291.58 99=523.26 99.9=964.61 99.99=8429.57]
2025-04-22 20:13:44 32 sec: 73686 operations; [READ: Count=36662 Max=1257.47 Min=3.22 Avg=136.51 10=45.47 25=74.94 50=117.12 75=178.05 90=238.21 95=281.86 99=519.17 99.9=974.85 99.99=1177.60] [UPDATE: Count=37024 Max=24723.46 Min=9.02 Avg=149.92 10=54.69 25=84.73 50=126.66 75=187.52 90=248.32 95=293.12 99=569.86 99.9=1090.56 99.99=7946.24]
2025-04-22 20:13:45 33 sec: 79859 operations; [READ: Count=39781 Max=3110.91 Min=3.22 Avg=137.42 10=45.05 25=74.56 50=116.29 75=177.28 90=238.08 95=283.65 99=582.14 99.9=1111.04 99.99=1400.83] [UPDATE: Count=40078 Max=24723.46 Min=9.02 Avg=151.72 10=54.30 25=84.42 50=126.21 75=186.62 90=248.57 95=295.42 99=622.08 99.9=1298.43 99.99=9633.79]
2025-04-22 20:13:46 34 sec: 86832 operations; [READ: Count=43251 Max=3110.91 Min=3.22 Avg=137.19 10=45.09 25=74.88 50=116.73 75=177.28 90=238.21 95=283.39 99=556.54 99.9=1101.82 99.99=1400.83] [UPDATE: Count=43581 Max=24723.46 Min=9.02 Avg=151.57 10=54.30 25=84.93 50=127.04 75=187.13 90=248.96 95=295.17 99=605.18 99.9=1267.71 99.99=9633.79]
2025-04-22 20:13:47 35 sec: 94506 operations; [READ: Count=47019 Max=3110.91 Min=3.22 Avg=135.67 10=43.90 25=73.79 50=115.52 75=175.74 90=237.31 95=282.11 99=530.94 99.9=1056.77 99.99=1374.21] [UPDATE: Count=47487 Max=24723.46 Min=9.02 Avg=150.58 10=53.41 25=83.90 50=126.21 75=186.11 90=248.57 95=295.17 99=598.53 99.9=1347.58 99.99=8486.91]
2025-04-22 20:13:48 36 sec: 105967 operations; [READ: Count=52795 Max=3110.91 Min=2.58 Avg=129.48 10=40.48 25=68.16 50=108.99 75=169.09 90=230.78 95=275.97 99=503.04 99.9=1049.60 99.99=1334.27] [UPDATE: Count=53172 Max=24723.46 Min=7.69 Avg=144.46 10=49.92 25=78.14 50=120.00 75=180.22 90=242.81 95=289.02 99=576.00 99.9=1347.58 99.99=8486.91]
2025-04-22 20:13:49 37 sec: 117213 operations; [READ: Count=58378 Max=3110.91 Min=2.58 Avg=124.83 10=38.11 25=63.17 50=103.30 75=163.20 90=225.92 95=271.36 99=507.65 99.9=1056.77 99.99=1400.83] [UPDATE: Count=58835 Max=24723.46 Min=7.69 Avg=139.66 10=47.49 25=72.77 50=114.11 75=174.08 90=238.21 95=285.44 99=588.29 99.9=1350.65 99.99=8429.57]
2025-04-22 20:13:50 38 sec: 128448 operations; [READ: Count=63948 Max=3110.91 Min=2.58 Avg=121.16 10=36.64 25=59.33 50=98.37 75=157.82 90=221.57 95=266.75 99=511.23 99.9=1115.13 99.99=1597.44] [UPDATE: Count=64500 Max=24723.46 Min=7.69 Avg=135.56 10=45.70 25=68.61 50=108.99 75=168.57 90=233.09 95=280.57 99=592.38 99.9=1452.03 99.99=8486.91]
2025-04-22 20:13:51 39 sec: 140604 operations; [READ: Count=69980 Max=3110.91 Min=2.58 Avg=117.12 10=36.13 25=56.13 50=94.46 75=152.70 90=216.70 95=260.99 99=486.91 99.9=1103.87 99.99=1560.58] [UPDATE: Count=70624 Max=24723.46 Min=7.69 Avg=131.41 10=45.15 25=66.17 50=105.47 75=163.58 90=227.97 95=274.69 99=562.17 99.9=1372.16 99.99=8429.57]
2025-04-22 20:13:52 40 sec: 152626 operations; [READ: Count=75967 Max=3110.91 Min=2.58 Avg=113.86 10=35.71 25=53.98 50=91.58 75=148.35 90=212.48 95=256.25 99=461.31 99.9=1078.27 99.99=1547.26] [UPDATE: Count=76659 Max=24723.46 Min=7.69 Avg=128.00 10=44.73 25=64.35 50=102.53 75=158.85 90=223.23 95=269.57 99=534.01 99.9=1347.58 99.99=7946.24]
2025-04-22 20:13:53 41 sec: 164773 operations; [READ: Count=82024 Max=3110.91 Min=2.58 Avg=111.00 10=35.36 25=52.32 50=88.96 75=144.51 90=208.00 95=251.90 99=442.37 99.9=1055.74 99.99=1547.26] [UPDATE: Count=82749 Max=24723.46 Min=7.69 Avg=124.99 10=44.45 25=62.88 50=99.84 75=155.01 90=219.13 95=264.96 99=511.49 99.9=1340.41 99.99=7946.24]
2025-04-22 20:13:54 42 sec: 176945 operations; [READ: Count=88045 Max=3110.91 Min=2.58 Avg=108.54 10=34.98 25=50.72 50=86.27 75=140.29 90=204.03 95=248.45 99=437.50 99.9=1101.82 99.99=1560.58] [UPDATE: Count=88900 Max=24723.46 Min=7.69 Avg=122.35 10=43.94 25=61.15 50=97.15 75=150.91 90=215.17 95=261.63 99=506.62 99.9=1354.75 99.99=7565.31]
2025-04-22 20:13:55 43 sec: 189188 operations; [READ: Count=94179 Max=3110.91 Min=2.58 Avg=106.25 10=34.59 25=49.53 50=84.35 75=136.70 90=200.32 95=244.86 99=427.77 99.9=1101.82 99.99=1596.41] [UPDATE: Count=95009 Max=24723.46 Min=7.69 Avg=120.12 10=43.58 25=60.13 50=95.17 75=147.33 90=211.58 95=257.41 99=495.36 99.9=1360.89 99.99=7565.31]
2025-04-22 20:13:56 44 sec: 201083 operations; [READ: Count=100135 Max=3110.91 Min=2.58 Avg=104.51 10=34.37 25=49.12 50=83.33 75=134.01 90=196.99 95=241.02 99=413.44 99.9=1068.03 99.99=1560.58] [UPDATE: Count=100948 Max=24723.46 Min=7.69 Avg=118.28 10=43.33 25=59.68 50=94.21 75=145.02 90=208.51 95=253.95 99=478.21 99.9=1341.44 99.99=7565.31]
2025-04-22 20:13:57 45 sec: 213030 operations; [READ: Count=106172 Max=3110.91 Min=2.58 Avg=102.93 10=34.21 25=48.77 50=82.43 75=131.71 90=193.92 95=237.82 99=402.94 99.9=1052.67 99.99=1547.26] [UPDATE: Count=106858 Max=24723.46 Min=7.69 Avg=116.62 10=43.10 25=59.36 50=93.18 75=142.85 90=205.69 95=250.88 99=463.10 99.9=1320.96 99.99=7495.68]
2025-04-22 20:13:58 46 sec: 225007 operations; [READ: Count=112208 Max=3110.91 Min=2.58 Avg=101.47 10=33.98 25=48.48 50=81.66 75=129.34 90=191.10 95=234.75 99=394.24 99.9=1046.53 99.99=1547.26] [UPDATE: Count=112799 Max=24723.46 Min=7.69 Avg=115.16 10=42.85 25=59.10 50=92.42 75=140.80 90=203.13 95=247.68 99=451.33 99.9=1311.74 99.99=7495.68]
2025-04-22 20:13:59 47 sec: 237103 operations; [READ: Count=118236 Max=3110.91 Min=2.58 Avg=100.20 10=33.76 25=48.16 50=80.89 75=127.30 90=188.29 95=231.81 99=385.79 99.9=1050.62 99.99=1596.41] [UPDATE: Count=118867 Max=24723.46 Min=7.69 Avg=113.69 10=42.53 25=58.78 50=91.65 75=138.75 90=200.57 95=244.74 99=442.11 99.9=1293.31 99.99=7213.06]
2025-04-22 20:14:00 48 sec: 249222 operations; [READ: Count=124337 Max=3110.91 Min=2.58 Avg=98.92 10=33.47 25=47.87 50=80.13 75=125.50 90=185.73 95=228.99 99=375.30 99.9=1042.94 99.99=1560.58] [UPDATE: Count=124885 Max=24723.46 Min=7.69 Avg=112.48 10=42.27 25=58.49 50=90.88 75=136.96 90=197.89 95=242.05 99=428.80 99.9=1291.26 99.99=7495.68]
2025-04-22 20:14:01 49 sec: 261309 operations; [READ: Count=130383 Max=3110.91 Min=2.58 Avg=97.79 10=33.12 25=47.62 50=79.49 75=123.97 90=183.42 95=226.43 99=366.59 99.9=1038.34 99.99=1596.41] [UPDATE: Count=130926 Max=24723.46 Min=7.69 Avg=111.38 10=41.98 25=58.34 50=90.30 75=135.42 90=195.33 95=239.36 99=419.07 99.9=1275.90 99.99=7213.06]
2025-04-22 20:14:02 50 sec: 273623 operations; [READ: Count=136659 Max=3110.91 Min=2.58 Avg=96.69 10=32.64 25=47.39 50=78.91 75=122.62 90=181.25 95=223.74 99=358.91 99.9=1028.61 99.99=1560.58] [UPDATE: Count=136964 Max=24723.46 Min=7.69 Avg=110.27 10=41.60 25=58.17 50=89.86 75=134.14 90=193.15 95=236.80 99=409.34 99.9=1249.28 99.99=7036.93]
2025-04-22 20:14:03 51 sec: 286866 operations; [READ: Count=143384 Max=3110.91 Min=2.58 Avg=95.34 10=32.09 25=47.04 50=78.08 75=120.77 90=178.43 95=221.06 99=351.74 99.9=1025.02 99.99=1560.58] [UPDATE: Count=143482 Max=24723.46 Min=7.69 Avg=108.93 10=41.12 25=57.85 50=89.09 75=132.48 90=190.72 95=233.85 99=399.10 99.9=1232.89 99.99=7036.93]
2025-04-22 20:14:04 52 sec: 300299 operations; [READ: Count=150087 Max=3110.91 Min=2.58 Avg=94.07 10=31.42 25=46.72 50=77.38 75=119.04 90=175.87 95=218.37 99=345.86 99.9=1016.32 99.99=1547.26] [UPDATE: Count=150212 Max=24723.46 Min=7.69 Avg=107.61 10=40.48 25=57.47 50=88.32 75=130.75 90=187.90 95=231.17 99=390.14 99.9=1214.46 99.99=6828.03]
2025-04-22 20:14:05 53 sec: 313452 operations; [READ: Count=156723 Max=3110.91 Min=2.58 Avg=92.98 10=30.56 25=46.46 50=76.80 75=117.50 90=173.44 95=215.94 99=340.74 99.9=999.42 99.99=1539.07] [UPDATE: Count=156729 Max=24723.46 Min=7.69 Avg=106.52 10=39.77 25=57.25 50=87.74 75=129.41 90=185.60 95=228.74 99=383.23 99.9=1204.22 99.99=5869.57]
2025-04-22 20:14:06 54 sec: 327483 operations; [READ: Count=163806 Max=3110.91 Min=2.58 Avg=91.75 10=29.31 25=46.17 50=76.03 75=115.84 90=171.13 95=213.25 99=335.36 99.9=990.72 99.99=1539.07] [UPDATE: Count=163677 Max=24723.46 Min=7.69 Avg=105.21 10=38.91 25=56.86 50=86.97 75=127.68 90=183.29 95=225.92 99=375.04 99.9=1172.48 99.99=5869.57]
2025-04-22 20:14:07 55 sec: 342556 operations; [READ: Count=171364 Max=3110.91 Min=2.58 Avg=90.31 10=26.70 25=45.70 50=74.94 75=113.79 90=168.57 95=210.56 99=329.98 99.9=985.60 99.99=1523.71] [UPDATE: Count=171192 Max=24723.46 Min=7.69 Avg=103.72 10=37.66 25=56.35 50=85.95 75=125.69 90=180.74 95=223.23 99=366.33 99.9=1147.90 99.99=5279.74]
2025-04-22 20:14:08 56 sec: 358367 operations; [READ: Count=179295 Max=3110.91 Min=2.58 Avg=88.80 10=21.23 25=45.18 50=73.79 75=111.55 90=166.01 95=207.62 99=324.35 99.9=975.87 99.99=1518.59] [UPDATE: Count=179072 Max=24723.46 Min=7.69 Avg=102.15 10=35.81 25=55.81 50=84.80 75=123.58 90=178.05 95=220.67 99=360.19 99.9=1135.62 99.99=4784.13]
2025-04-22 20:14:09 57 sec: 374822 operations; [READ: Count=187600 Max=3110.91 Min=2.58 Avg=87.24 10=18.11 25=44.58 50=72.58 75=109.31 90=163.07 95=204.93 99=318.72 99.9=963.58 99.99=1512.45] [UPDATE: Count=187222 Max=24723.46 Min=7.69 Avg=100.56 10=33.15 25=55.23 50=83.58 75=121.47 90=175.23 95=217.98 99=353.28 99.9=1118.21 99.99=4464.64]
2025-04-22 20:14:10 58 sec: 392574 operations; [READ: Count=196453 Max=3110.91 Min=2.58 Avg=85.53 10=16.41 25=43.81 50=71.04 75=106.88 90=160.13 95=202.11 99=314.37 99.9=958.46 99.99=1509.38] [UPDATE: Count=196121 Max=24723.46 Min=7.69 Avg=98.76 10=30.34 25=54.34 50=81.98 75=119.04 90=172.67 95=215.17 99=347.13 99.9=1110.02 99.99=3950.59]
2025-04-22 20:14:11 59 sec: 411752 operations; [READ: Count=206016 Max=3110.91 Min=2.58 Avg=83.66 10=15.18 25=42.81 50=69.06 75=104.45 90=157.18 95=199.04 99=310.01 99.9=941.05 99.99=1473.54] [UPDATE: Count=205736 Max=24723.46 Min=7.69 Avg=96.80 10=28.46 25=53.28 50=79.94 75=116.54 90=169.73 95=212.22 99=341.25 99.9=1102.85 99.99=3887.10]
2025-04-22 20:14:12 60 sec: 432276 operations; [READ: Count=216155 Max=3110.91 Min=2.58 Avg=81.72 10=14.16 25=41.79 50=67.07 75=101.95 90=154.24 95=196.22 99=305.92 99.9=926.72 99.99=1473.54] [UPDATE: Count=216121 Max=24723.46 Min=7.69 Avg=94.69 10=26.98 25=52.13 50=77.89 75=113.92 90=166.78 95=209.28 99=335.62 99.9=1082.37 99.99=3532.80]
2025-04-22 20:14:13 61 sec: 454228 operations; [READ: Count=227138 Max=3110.91 Min=2.58 Avg=79.70 10=13.22 25=40.67 50=64.93 75=99.39 90=151.29 95=193.28 99=301.82 99.9=906.75 99.99=1459.20] [UPDATE: Count=227090 Max=24723.46 Min=7.69 Avg=92.50 10=25.60 25=50.85 50=75.65 75=111.36 90=163.84 95=206.46 99=329.73 99.9=1053.69 99.99=3522.56]
2025-04-22 20:14:14 62 sec: 476697 operations; [READ: Count=238431 Max=3110.91 Min=2.58 Avg=77.75 10=12.46 25=39.55 50=62.88 75=97.02 90=148.48 95=190.34 99=297.21 99.9=889.34 99.99=1446.91] [UPDATE: Count=238266 Max=24723.46 Min=7.69 Avg=90.44 10=24.46 25=49.57 50=73.47 75=108.93 90=160.90 95=203.78 99=324.61 99.9=1043.45 99.99=3352.57]
2025-04-22 20:14:15 63 sec: 498811 operations; [READ: Count=249429 Max=3110.91 Min=2.58 Avg=76.04 10=11.86 25=38.53 50=61.05 75=94.91 90=145.92 95=187.78 99=294.14 99.9=888.83 99.99=1473.54] [UPDATE: Count=249382 Max=24723.46 Min=7.68 Avg=88.61 10=23.42 25=48.32 50=71.55 75=106.75 90=158.08 95=201.22 99=321.28 99.9=1043.45 99.99=3352.57]
2025-04-22 20:14:16 64 sec: 527253 operations; [READ: Count=263645 Max=3110.91 Min=2.33 Avg=73.53 10=11.06 25=36.13 50=58.34 75=92.35 90=142.72 95=184.57 99=290.30 99.9=884.22 99.99=1482.75] [UPDATE: Count=263608 Max=24723.46 Min=7.68 Avg=85.95 10=22.22 25=45.44 50=68.80 75=104.13 90=155.01 95=198.27 99=317.18 99.9=1037.82 99.99=3522.56]
2025-04-22 20:14:17 65 sec: 558289 operations; [READ: Count=279209 Max=3110.91 Min=2.22 Avg=70.94 10=10.41 25=33.66 50=55.33 75=89.79 90=139.13 95=181.25 99=285.95 99.9=864.77 99.99=1473.54] [UPDATE: Count=279080 Max=24723.46 Min=7.68 Avg=83.17 10=21.10 25=42.40 50=65.98 75=101.44 90=151.68 95=194.81 99=311.04 99.9=1020.41 99.99=3287.04]
2025-04-22 20:14:18 66 sec: 588854 operations; [READ: Count=294560 Max=3110.91 Min=2.17 Avg=68.69 10=9.94 25=31.92 50=52.32 75=87.55 90=136.06 95=177.92 99=281.34 99.9=841.73 99.99=1468.41] [UPDATE: Count=294294 Max=24723.46 Min=7.54 Avg=80.73 10=20.21 25=40.19 50=63.23 75=99.07 90=148.48 95=191.74 99=306.18 99.9=998.40 99.99=3108.86]
2025-04-22 20:14:19 67 sec: 618270 operations; [READ: Count=309249 Max=3110.91 Min=2.17 Avg=66.79 10=9.57 25=30.77 50=49.63 75=85.76 90=133.25 95=175.10 99=278.53 99.9=820.74 99.99=1447.93] [UPDATE: Count=309021 Max=24723.46 Min=7.54 Avg=78.67 10=19.44 25=38.75 50=60.73 75=97.15 90=145.79 95=189.06 99=303.62 99.9=985.09 99.99=2871.30]
2025-04-22 20:14:20 68 sec: 643708 operations; [READ: Count=322047 Max=3110.91 Min=2.17 Avg=65.49 10=9.29 25=30.03 50=47.49 75=84.35 90=131.20 95=173.18 99=278.78 99.9=833.53 99.99=1446.91] [UPDATE: Count=321661 Max=24723.46 Min=7.54 Avg=77.27 10=18.89 25=37.82 50=58.66 75=95.68 90=143.87 95=187.01 99=304.13 99.9=976.38 99.99=2869.25]
2025-04-22 20:14:21 69 sec: 668621 operations; [READ: Count=334492 Max=3110.91 Min=2.17 Avg=64.37 10=9.05 25=29.49 50=45.76 75=83.14 90=129.28 95=171.52 99=279.04 99.9=835.07 99.99=1437.69] [UPDATE: Count=334129 Max=24723.46 Min=7.54 Avg=76.00 10=18.46 25=37.12 50=56.80 75=94.40 90=141.95 95=185.22 99=304.13 99.9=975.36 99.99=2861.05]
2025-04-22 20:14:22 70 sec: 697218 operations; [READ: Count=348735 Max=3110.91 Min=2.17 Avg=62.96 10=8.85 25=28.98 50=43.97 75=81.98 90=126.78 95=169.09 99=275.97 99.9=821.76 99.99=1432.58] [UPDATE: Count=348483 Max=24723.46 Min=7.54 Avg=74.45 10=18.00 25=36.51 50=54.85 75=92.99 90=139.52 95=182.91 99=300.29 99.9=964.10 99.99=2707.45]
2025-04-22 20:14:23 71 sec: 725339 operations; [READ: Count=362756 Max=3110.91 Min=2.17 Avg=61.71 10=8.68 25=28.57 50=42.43 75=80.96 90=124.67 95=166.78 99=273.15 99.9=814.08 99.99=1418.24] [UPDATE: Count=362583 Max=24723.46 Min=7.48 Avg=73.06 10=17.61 25=35.97 50=53.12 75=91.84 90=137.34 95=180.61 99=296.70 99.9=946.69 99.99=2705.41]
2025-04-22 20:14:24 72 sec: 751913 operations; [READ: Count=376115 Max=3110.91 Min=2.17 Avg=60.67 10=8.54 25=28.22 50=41.15 75=80.13 90=122.75 95=164.74 99=271.10 99.9=803.84 99.99=1404.93] [UPDATE: Count=375798 Max=24723.46 Min=7.48 Avg=71.94 10=17.31 25=35.55 50=51.65 75=90.94 90=135.55 95=178.69 99=294.40 99.9=938.50 99.99=2605.05]
2025-04-22 20:14:25 73 sec: 774820 operations; [READ: Count=387632 Max=3110.91 Min=2.17 Avg=60.00 10=8.44 25=27.93 50=40.13 75=79.42 90=121.41 95=163.58 99=272.13 99.9=812.54 99.99=1401.86] [UPDATE: Count=387188 Max=24723.46 Min=7.48 Avg=71.23 10=17.09 25=35.20 50=50.49 75=90.30 90=134.27 95=177.66 99=296.45 99.9=940.03 99.99=2539.52]
2025-04-22 20:14:26 74 sec: 798206 operations; [READ: Count=399342 Max=3110.91 Min=2.17 Avg=59.34 10=8.35 25=27.70 50=39.26 75=78.85 90=119.94 95=161.92 99=271.87 99.9=819.71 99.99=1401.86] [UPDATE: Count=398864 Max=24723.46 Min=7.48 Avg=70.49 10=16.89 25=34.91 50=49.44 75=89.73 90=132.86 95=176.13 99=296.19 99.9=938.50 99.99=2480.13]
2025-04-22 20:14:27 75 sec: 822031 operations; [READ: Count=411363 Max=3110.91 Min=2.17 Avg=58.68 10=8.28 25=27.49 50=38.43 75=78.33 90=118.53 95=160.51 99=271.10 99.9=818.17 99.99=1400.83] [UPDATE: Count=410668 Max=24723.46 Min=7.48 Avg=69.77 10=16.77 25=34.66 50=48.45 75=89.22 90=131.46 95=174.85 99=294.91 99.9=936.45 99.99=2480.13]
2025-04-22 20:14:28 76 sec: 845740 operations; [READ: Count=423285 Max=3110.91 Min=2.17 Avg=58.07 10=8.26 25=27.34 50=37.79 75=77.76 90=117.06 95=158.85 99=270.33 99.9=811.52 99.99=1389.57] [UPDATE: Count=422455 Max=24723.46 Min=7.48 Avg=69.10 10=16.69 25=34.46 50=47.62 75=88.77 90=130.11 95=173.44 99=293.89 99.9=933.38 99.99=2435.07]
2025-04-22 20:14:29 77 sec: 869110 operations; [READ: Count=435033 Max=3110.91 Min=2.17 Avg=57.52 10=8.24 25=27.17 50=37.22 75=77.18 90=115.90 95=157.69 99=270.33 99.9=805.89 99.99=1374.21] [UPDATE: Count=434077 Max=24723.46 Min=7.48 Avg=68.48 10=16.64 25=34.24 50=46.88 75=88.19 90=128.77 95=172.16 99=293.38 99.9=927.23 99.99=2408.45]
2025-04-22 20:14:30 78 sec: 890776 operations; [READ: Count=445921 Max=3110.91 Min=2.17 Avg=57.11 10=8.12 25=26.93 50=36.64 75=76.61 90=115.01 95=156.93 99=272.64 99.9=812.54 99.99=1375.23] [UPDATE: Count=444855 Max=24723.46 Min=7.48 Avg=68.03 10=16.48 25=34.02 50=46.21 75=87.68 90=127.87 95=171.52 99=296.45 99.9=931.84 99.99=2308.09]
2025-04-22 20:14:31 79 sec: 914001 operations; [READ: Count=457472 Max=3110.91 Min=2.17 Avg=56.59 10=8.05 25=26.73 50=36.13 75=75.97 90=113.86 95=155.78 99=272.64 99.9=816.13 99.99=1374.21] [UPDATE: Count=456529 Max=24723.46 Min=6.85 Avg=67.51 10=16.37 25=33.76 50=45.60 75=87.10 90=126.72 95=170.50 99=296.96 99.9=933.38 99.99=2279.42]
2025-04-22 20:14:32 80 sec: 937029 operations; [READ: Count=468933 Max=3110.91 Min=2.17 Avg=56.13 10=8.06 25=26.57 50=35.77 75=75.39 90=112.64 95=154.50 99=272.13 99.9=815.62 99.99=1374.21] [UPDATE: Count=468096 Max=24723.46 Min=6.85 Avg=67.01 10=16.33 25=33.57 50=45.15 75=86.59 90=125.63 95=169.22 99=296.45 99.9=928.77 99.99=2408.45]
2025-04-22 20:14:33 81 sec: 962282 operations; [READ: Count=481611 Max=3110.91 Min=2.14 Avg=55.55 10=8.04 25=26.32 50=35.36 75=74.75 90=111.36 95=153.09 99=270.59 99.9=808.96 99.99=1353.73] [UPDATE: Count=480671 Max=24723.46 Min=6.85 Avg=66.39 10=16.20 25=33.28 50=44.61 75=86.02 90=124.42 95=167.81 99=294.91 99.9=922.62 99.99=2308.09]
2025-04-22 20:14:34 82 sec: 987497 operations; [READ: Count=494200 Max=3110.91 Min=2.14 Avg=55.01 10=8.01 25=26.05 50=34.94 75=74.05 90=110.33 95=151.81 99=270.33 99.9=802.82 99.99=1350.65] [UPDATE: Count=493297 Max=24723.46 Min=6.85 Avg=65.80 10=16.08 25=32.96 50=44.09 75=85.50 90=123.39 95=166.78 99=294.40 99.9=916.48 99.99=2279.42]
2025-04-22 20:14:35 83 sec: 1000000 operations; [READ: Count=500403 Max=3110.91 Min=2.14 Avg=54.83 10=7.98 25=25.89 50=34.75 75=73.79 90=110.02 95=151.68 99=271.87 99.9=802.30 99.99=1350.65] [UPDATE: Count=499597 Max=24723.46 Min=6.85 Avg=65.58 10=16.02 25=32.80 50=43.84 75=85.18 90=123.07 95=166.53 99=296.45 99.9=912.38 99.99=2263.04]
2025-04-22 20:14:36 84 sec: 1000000 operations; [READ: Count=500403 Max=3110.91 Min=2.14 Avg=54.83 10=7.98 25=25.89 50=34.75 75=73.79 90=110.02 95=151.68 99=271.87 99.9=802.30 99.99=1350.65] [UPDATE: Count=499597 Max=24723.46 Min=6.85 Avg=65.58 10=16.02 25=32.80 50=43.84 75=85.18 90=123.07 95=166.53 99=296.45 99.9=912.38 99.99=2263.04]
2025-04-22 20:14:37 85 sec: 1000000 operations; [READ: Count=500403 Max=3110.91 Min=2.14 Avg=54.83 10=7.98 25=25.89 50=34.75 75=73.79 90=110.02 95=151.68 99=271.87 99.9=802.30 99.99=1350.65] [UPDATE: Count=499597 Max=24723.46 Min=6.85 Avg=65.58 10=16.02 25=32.80 50=43.84 75=85.18 90=123.07 95=166.53 99=296.45 99.9=912.38 99.99=2263.04]
2025-04-22 20:14:38 85 sec: 1000000 operations; [READ: Count=500403 Max=3110.91 Min=2.14 Avg=54.83 10=7.98 25=25.89 50=34.75 75=73.79 90=110.02 95=151.68 99=271.87 99.9=802.30 99.99=1350.65] [UPDATE: Count=499597 Max=24723.46 Min=6.85 Avg=65.58 10=16.02 25=32.80 50=43.84 75=85.18 90=123.07 95=166.53 99=296.45 99.9=912.38 99.99=2263.04]
Run runtime(sec): 85.4943
Run operations(ops): 1000000
Run throughput(ops/sec): 11696.7
