Running scope as unit: run-r5dfe32b8ac494e649f478e8596146999.scope
load file:/home/user/DataFiles/silesia_data/silesia.tar
2025-04-22 20:13:12 0 sec: 0 operations;
2025-04-22 20:13:13 1 sec: 0 operations;
2025-04-22 20:13:14 2 sec: 0 operations;
2025-04-22 20:13:15 3 sec: 0 operations;
2025-04-22 20:13:16 4 sec: 0 operations;
2025-04-22 20:13:17 5 sec: 0 operations;
2025-04-22 20:13:18 6 sec: 0 operations;
2025-04-22 20:13:19 7 sec: 0 operations;
2025-04-22 20:13:20 8 sec: 0 operations;
2025-04-22 20:13:21 9 sec: 0 operations;
2025-04-22 20:13:22 10 sec: 0 operations;
2025-04-22 20:13:23 11 sec: 0 operations;
2025-04-22 20:13:24 12 sec: 0 operations;
2025-04-22 20:13:25 13 sec: 0 operations;
2025-04-22 20:13:26 14 sec: 0 operations;
2025-04-22 20:13:27 15 sec: 0 operations;
2025-04-22 20:13:28 16 sec: 0 operations;
2025-04-22 20:13:29 17 sec: 0 operations;
2025-04-22 20:13:30 18 sec: 0 operations;
2025-04-22 20:13:31 19 sec: 0 operations;
2025-04-22 20:13:32 20 sec: 0 operations;
2025-04-22 20:13:33 21 sec: 0 operations;
2025-04-22 20:13:34 22 sec: 7138 operations; [READ: Count=3573 Max=2073.60 Min=3.26 Avg=101.05 10=30.40 25=42.75 50=60.77 75=119.74 90=166.27 95=236.41 99=957.44 99.9=1577.98 99.99=2073.60] [UPDATE: Count=3565 Max=11468.80 Min=9.71 Avg=120.39 10=40.22 25=50.81 50=70.46 75=125.89 90=174.46 95=283.90 99=1069.06 99.9=2551.81 99.99=11468.80]
2025-04-22 20:13:35 23 sec: 13940 operations; [READ: Count=6945 Max=2073.60 Min=3.26 Avg=119.52 10=37.79 25=51.55 50=90.43 75=153.85 90=221.18 95=274.43 99=543.23 99.9=1508.35 99.99=1875.97] [UPDATE: Count=6995 Max=11468.80 Min=9.71 Avg=135.98 10=45.50 25=62.46 50=102.59 75=164.48 90=239.49 95=284.16 99=679.42 99.9=2375.68 99.99=3710.97]
2025-04-22 20:13:36 24 sec: 20903 operations; [READ: Count=10436 Max=2073.60 Min=3.26 Avg=124.66 10=39.77 25=58.75 50=103.04 75=163.84 90=227.58 95=274.43 99=416.51 99.9=1342.46 99.99=1875.97] [UPDATE: Count=10467 Max=11468.80 Min=9.52 Avg=140.60 10=47.39 25=69.18 50=114.88 75=177.92 90=245.63 95=288.00 99=514.56 99.9=1885.18 99.99=3710.97]
2025-04-22 20:13:37 25 sec: 27867 operations; [READ: Count=13967 Max=2073.60 Min=3.26 Avg=127.96 10=40.77 25=63.39 50=109.89 75=169.98 90=230.91 95=274.43 99=386.30 99.9=1193.98 99.99=1875.97] [UPDATE: Count=13900 Max=11468.80 Min=9.06 Avg=142.27 10=48.83 25=74.11 50=120.25 75=182.27 90=245.89 95=286.72 99=452.10 99.9=1640.45 99.99=3710.97]
2025-04-22 20:13:38 26 sec: 34870 operations; [READ: Count=17411 Max=2073.60 Min=3.26 Avg=129.63 10=41.47 25=66.37 50=112.51 75=172.80 90=233.22 95=274.18 99=380.93 99.9=1160.19 99.99=1654.78] [UPDATE: Count=17459 Max=11468.80 Min=8.46 Avg=143.14 10=50.17 25=77.44 50=123.01 75=184.57 90=246.53 95=286.72 99=428.80 99.9=1572.86 99.99=3297.28]
2025-04-22 20:13:39 27 sec: 41049 operations; [READ: Count=20460 Max=2073.60 Min=3.24 Avg=132.71 10=41.76 25=67.58 50=111.94 75=172.93 90=237.44 95=282.11 99=533.50 99.9=1126.40 99.99=1654.78] [UPDATE: Count=20589 Max=11468.80 Min=8.46 Avg=147.31 10=50.49 25=78.27 50=122.56 75=184.70 90=249.60 95=297.21 99=556.03 99.9=1605.63 99.99=9003.01]
2025-04-22 20:13:40 28 sec: 47490 operations; [READ: Count=23677 Max=2073.60 Min=3.24 Avg=133.49 10=41.66 25=67.65 50=110.59 75=171.52 90=238.21 95=286.72 99=593.92 99.9=1123.33 99.99=1654.78] [UPDATE: Count=23813 Max=13402.11 Min=8.46 Avg=150.33 10=50.46 25=78.02 50=121.22 75=183.17 90=249.85 95=301.31 99=636.93 99.9=1750.02 99.99=11468.80]
2025-04-22 20:13:41 29 sec: 54893 operations; [READ: Count=27415 Max=2073.60 Min=3.24 Avg=132.90 10=42.05 25=68.86 50=111.94 75=171.65 90=236.80 95=282.37 99=561.66 99.9=1102.85 99.99=1624.06] [UPDATE: Count=27478 Max=13402.11 Min=8.46 Avg=148.74 10=50.88 25=79.10 50=121.73 75=183.17 90=248.06 95=296.70 99=592.38 99.9=1624.06 99.99=11132.93]
2025-04-22 20:13:42 30 sec: 62245 operations; [READ: Count=31036 Max=2073.60 Min=3.24 Avg=132.52 10=42.17 25=69.57 50=112.70 75=172.03 90=235.65 95=279.55 99=533.50 99.9=1080.32 99.99=1624.06] [UPDATE: Count=31209 Max=13402.11 Min=8.46 Avg=147.66 10=51.20 25=80.06 50=122.69 75=183.55 90=246.91 95=292.86 99=557.05 99.9=1397.76 99.99=11132.93]
2025-04-22 20:13:43 31 sec: 69798 operations; [READ: Count=34863 Max=2073.60 Min=3.24 Avg=131.71 10=42.17 25=70.08 50=112.51 75=171.52 90=234.37 95=277.76 99=496.13 99.9=1052.67 99.99=1624.06] [UPDATE: Count=34935 Max=13402.11 Min=8.46 Avg=146.56 10=51.20 25=80.45 50=123.01 75=183.42 90=245.89 95=290.05 99=539.13 99.9=1313.79 99.99=11132.93]
2025-04-22 20:13:44 32 sec: 76780 operations; [READ: Count=38405 Max=2073.60 Min=3.24 Avg=131.77 10=42.02 25=70.08 50=112.06 75=170.88 90=233.73 95=278.27 99=532.48 99.9=1085.44 99.99=1577.98] [UPDATE: Count=38375 Max=13402.11 Min=8.46 Avg=147.04 10=51.10 25=80.25 50=122.50 75=182.53 90=245.89 95=290.81 99=559.62 99.9=1412.10 99.99=9478.14]
2025-04-22 20:13:45 33 sec: 83171 operations; [READ: Count=41612 Max=2299.90 Min=3.24 Avg=132.96 10=41.60 25=69.31 50=110.53 75=169.34 90=233.60 95=280.32 99=616.96 99.9=1188.86 99.99=1654.78] [UPDATE: Count=41559 Max=13402.11 Min=8.46 Avg=148.29 10=50.81 25=79.55 50=121.22 75=181.25 90=245.38 95=292.61 99=656.89 99.9=1457.15 99.99=11132.93]
2025-04-22 20:13:46 34 sec: 90493 operations; [READ: Count=45254 Max=2299.90 Min=3.24 Avg=132.54 10=41.66 25=69.82 50=111.10 75=169.22 90=232.57 95=278.78 99=593.92 99.9=1160.19 99.99=1624.06] [UPDATE: Count=45239 Max=13402.11 Min=8.46 Avg=147.85 10=51.01 25=80.19 50=121.92 75=181.25 90=244.74 95=290.81 99=638.46 99.9=1457.15 99.99=10174.46]
2025-04-22 20:13:47 35 sec: 97675 operations; [READ: Count=48780 Max=2299.90 Min=3.24 Avg=132.48 10=41.82 25=70.53 50=111.74 75=169.73 90=232.32 95=277.25 99=573.95 99.9=1145.86 99.99=1624.06] [UPDATE: Count=48895 Max=13402.11 Min=8.46 Avg=147.58 10=51.33 25=80.96 50=122.69 75=181.25 90=243.97 95=289.54 99=613.89 99.9=1457.15 99.99=10174.46]
2025-04-22 20:13:48 36 sec: 106945 operations; [READ: Count=53377 Max=2299.90 Min=3.24 Avg=129.40 10=41.12 25=68.48 50=108.73 75=165.89 90=228.86 95=274.18 99=545.79 99.9=1130.49 99.99=1624.06] [UPDATE: Count=53568 Max=13402.11 Min=8.46 Avg=144.89 10=50.34 25=78.59 50=120.00 75=178.18 90=240.64 95=286.46 99=603.65 99.9=1594.37 99.99=10174.46]
2025-04-22 20:13:49 37 sec: 118255 operations; [READ: Count=59063 Max=2299.90 Min=3.24 Avg=124.82 10=39.42 25=63.90 50=103.68 75=160.64 90=223.62 95=268.80 99=533.50 99.9=1126.40 99.99=1577.98] [UPDATE: Count=59192 Max=13402.11 Min=8.46 Avg=139.95 10=48.16 25=74.24 50=115.07 75=172.67 90=235.39 95=282.11 99=589.82 99.9=1457.15 99.99=9478.14]
2025-04-22 20:13:50 38 sec: 129419 operations; [READ: Count=64645 Max=2299.90 Min=3.08 Avg=121.17 10=37.70 25=59.84 50=99.14 75=155.26 90=219.13 95=265.47 99=542.72 99.9=1146.88 99.99=1793.02] [UPDATE: Count=64774 Max=13402.11 Min=8.46 Avg=135.99 10=46.49 25=70.27 50=110.21 75=167.68 90=231.17 95=278.01 99=595.46 99.9=1517.57 99.99=9478.14]
2025-04-22 20:13:51 39 sec: 141456 operations; [READ: Count=70594 Max=2299.90 Min=3.05 Avg=117.43 10=36.67 25=56.77 50=95.42 75=150.27 90=214.14 95=259.71 99=521.22 99.9=1145.86 99.99=1793.02] [UPDATE: Count=70862 Max=13402.11 Min=8.46 Avg=131.79 10=45.38 25=67.14 50=106.24 75=162.69 90=225.66 95=272.13 99=564.74 99.9=1457.15 99.99=9003.01]
2025-04-22 20:13:52 40 sec: 153265 operations; [READ: Count=76451 Max=2299.90 Min=3.05 Avg=114.36 10=36.29 25=54.94 50=92.54 75=146.18 90=209.79 95=254.72 99=493.82 99.9=1130.49 99.99=1654.78] [UPDATE: Count=76814 Max=13402.11 Min=8.46 Avg=128.50 10=45.05 25=65.44 50=103.55 75=158.59 90=221.06 95=267.26 99=541.18 99.9=1408.00 99.99=8310.78]
2025-04-22 20:13:53 41 sec: 164747 operations; [READ: Count=82217 Max=2299.90 Min=3.05 Avg=111.95 10=36.13 25=53.82 50=90.50 75=142.97 90=205.95 95=250.75 99=474.11 99.9=1123.33 99.99=1654.78] [UPDATE: Count=82530 Max=13402.11 Min=8.46 Avg=125.96 10=44.96 25=64.48 50=101.57 75=155.26 90=217.34 95=263.42 99=523.01 99.9=1348.61 99.99=8310.78]
2025-04-22 20:13:54 42 sec: 176520 operations; [READ: Count=88071 Max=2299.90 Min=3.05 Avg=109.67 10=35.68 25=52.35 50=88.25 75=139.65 90=202.75 95=247.42 99=463.87 99.9=1127.42 99.99=1654.78] [UPDATE: Count=88449 Max=13402.11 Min=8.04 Avg=123.55 10=44.38 25=63.17 50=99.26 75=151.94 90=213.89 95=259.71 99=514.05 99.9=1364.99 99.99=7987.20]
2025-04-22 20:13:55 43 sec: 188423 operations; [READ: Count=94132 Max=2299.90 Min=3.05 Avg=107.61 10=35.42 25=51.17 50=86.40 75=136.57 90=199.17 95=243.97 99=447.23 99.9=1137.66 99.99=1748.99] [UPDATE: Count=94291 Max=13402.11 Min=8.04 Avg=121.35 10=44.06 25=61.98 50=97.34 75=148.74 90=210.56 95=256.25 99=501.25 99.9=1364.99 99.99=7987.20]
2025-04-22 20:13:56 44 sec: 200170 operations; [READ: Count=100084 Max=2299.90 Min=3.05 Avg=105.76 10=35.10 25=50.37 50=84.93 75=134.01 90=195.97 95=240.51 99=436.22 99.9=1137.66 99.99=1748.99] [UPDATE: Count=100086 Max=13402.11 Min=8.04 Avg=119.61 10=43.71 25=61.15 50=95.94 75=146.05 90=207.62 95=253.06 99=489.73 99.9=1408.00 99.99=7987.20]
2025-04-22 20:13:57 45 sec: 211956 operations; [READ: Count=105946 Max=2299.90 Min=3.05 Avg=104.21 10=34.94 25=49.98 50=83.97 75=131.84 90=193.28 95=237.44 99=422.40 99.9=1126.40 99.99=1691.65] [UPDATE: Count=106010 Max=13402.11 Min=8.04 Avg=117.93 10=43.45 25=60.67 50=94.97 75=144.00 90=204.93 95=249.98 99=472.83 99.9=1359.87 99.99=7942.14]
2025-04-22 20:13:58 46 sec: 223786 operations; [READ: Count=111950 Max=2299.90 Min=2.88 Avg=102.76 10=34.62 25=49.66 50=83.07 75=129.85 90=190.59 95=234.24 99=408.57 99.9=1114.11 99.99=1691.65] [UPDATE: Count=111836 Max=13402.11 Min=8.04 Avg=116.45 10=43.17 25=60.29 50=94.08 75=142.21 90=202.24 95=246.91 99=460.03 99.9=1348.61 99.99=7942.14]
2025-04-22 20:13:59 47 sec: 235550 operations; [READ: Count=117823 Max=2299.90 Min=2.88 Avg=101.54 10=34.34 25=49.41 50=82.37 75=128.38 90=188.16 95=231.17 99=397.06 99.9=1101.82 99.99=1654.78] [UPDATE: Count=117727 Max=13402.11 Min=8.04 Avg=115.09 10=42.85 25=60.03 50=93.31 75=140.41 90=199.94 95=244.22 99=448.00 99.9=1328.13 99.99=7876.61]
2025-04-22 20:14:00 48 sec: 247600 operations; [READ: Count=123852 Max=2299.90 Min=2.88 Avg=100.36 10=34.08 25=49.05 50=81.66 75=126.59 90=185.85 95=228.61 99=387.33 99.9=1100.80 99.99=1657.86] [UPDATE: Count=123748 Max=13402.11 Min=8.04 Avg=113.68 10=42.49 25=59.65 50=92.48 75=138.62 90=197.50 95=241.28 99=435.71 99.9=1312.77 99.99=7876.61]
2025-04-22 20:14:01 49 sec: 259746 operations; [READ: Count=130022 Max=2299.90 Min=2.88 Avg=99.08 10=33.76 25=48.67 50=80.96 75=124.99 90=183.17 95=225.79 99=375.81 99.9=1094.65 99.99=1654.78] [UPDATE: Count=129724 Max=13402.11 Min=8.04 Avg=112.54 10=42.11 25=59.23 50=91.71 75=137.09 90=195.07 95=238.46 99=427.77 99.9=1317.89 99.99=7876.61]
2025-04-22 20:14:02 50 sec: 271907 operations; [READ: Count=136062 Max=2299.90 Min=2.88 Avg=97.99 10=33.41 25=48.38 50=80.38 75=123.65 90=180.99 95=223.36 99=366.08 99.9=1087.49 99.99=1646.59] [UPDATE: Count=135845 Max=13402.11 Min=8.04 Avg=111.41 10=41.63 25=58.98 50=91.14 75=135.81 90=193.02 95=235.90 99=416.25 99.9=1293.31 99.99=7544.83]
2025-04-22 20:14:03 51 sec: 284624 operations; [READ: Count=142433 Max=2299.90 Min=2.88 Avg=96.80 10=32.86 25=48.06 50=79.74 75=122.24 90=178.69 95=220.54 99=358.14 99.9=1081.34 99.99=1646.59] [UPDATE: Count=142191 Max=13402.11 Min=8.04 Avg=110.15 10=41.05 25=58.66 50=90.43 75=134.27 90=190.72 95=233.34 99=405.25 99.9=1273.86 99.99=7544.83]
2025-04-22 20:14:04 52 sec: 297357 operations; [READ: Count=148716 Max=2299.90 Min=2.88 Avg=95.71 10=32.21 25=47.74 50=79.10 75=120.89 90=176.77 95=218.24 99=352.77 99.9=1070.08 99.99=1624.06] [UPDATE: Count=148641 Max=13402.11 Min=8.04 Avg=109.00 10=40.45 25=58.30 50=89.79 75=132.86 90=188.67 95=231.04 99=396.29 99.9=1263.62 99.99=7540.73]
2025-04-22 20:14:05 53 sec: 310143 operations; [READ: Count=155034 Max=2299.90 Min=2.88 Avg=94.70 10=31.39 25=47.39 50=78.46 75=119.74 90=174.72 95=215.94 99=346.88 99.9=1055.74 99.99=1620.99] [UPDATE: Count=155109 Max=13402.11 Min=8.04 Avg=107.91 10=39.71 25=57.98 50=89.15 75=131.71 90=186.88 95=228.61 99=387.84 99.9=1252.35 99.99=7028.73]
2025-04-22 20:14:06 54 sec: 323157 operations; [READ: Count=161548 Max=2299.90 Min=2.88 Avg=93.68 10=30.30 25=47.07 50=77.89 75=118.59 90=172.80 95=213.50 99=340.74 99.9=1050.62 99.99=1620.99] [UPDATE: Count=161609 Max=13402.11 Min=8.04 Avg=106.86 10=38.62 25=57.73 50=88.51 75=130.50 90=184.96 95=226.05 99=379.65 99.9=1233.92 99.99=7028.73]
2025-04-22 20:14:07 55 sec: 336573 operations; [READ: Count=168272 Max=2299.90 Min=2.88 Avg=92.65 10=28.62 25=46.78 50=77.25 75=117.38 90=170.88 95=211.07 99=334.59 99.9=1043.45 99.99=1619.97] [UPDATE: Count=168301 Max=13402.11 Min=8.04 Avg=105.74 10=37.22 25=57.38 50=87.87 75=129.09 90=182.91 95=223.74 99=370.43 99.9=1228.80 99.99=6549.50]
2025-04-22 20:14:08 56 sec: 352398 operations; [READ: Count=176104 Max=2299.90 Min=2.57 Avg=91.05 10=23.31 25=46.02 50=75.90 75=115.39 90=168.19 95=208.64 99=328.45 99.9=1031.68 99.99=1617.92] [UPDATE: Count=176294 Max=13402.11 Min=8.04 Avg=104.00 10=34.66 25=56.54 50=86.53 75=126.91 90=180.35 95=221.06 99=362.50 99.9=1206.27 99.99=6311.94]
2025-04-22 20:14:09 57 sec: 368991 operations; [READ: Count=184503 Max=2299.90 Min=2.57 Avg=89.40 10=19.31 25=45.25 50=74.56 75=113.34 90=165.50 95=205.95 99=323.33 99.9=1021.95 99.99=1617.92] [UPDATE: Count=184488 Max=13402.11 Min=8.04 Avg=102.22 10=31.73 25=55.62 50=85.06 75=124.67 90=177.79 95=218.37 99=356.10 99.9=1192.96 99.99=6311.94]
2025-04-22 20:14:10 58 sec: 387656 operations; [READ: Count=193752 Max=2299.90 Min=2.47 Avg=87.41 10=16.75 25=44.13 50=72.51 75=110.78 90=162.69 95=203.01 99=317.18 99.9=1012.22 99.99=1596.41] [UPDATE: Count=193904 Max=13402.11 Min=8.04 Avg=100.04 10=29.14 25=54.27 50=82.81 75=122.05 90=174.85 95=215.55 99=347.65 99.9=1175.55 99.99=5140.48]
2025-04-22 20:14:11 59 sec: 408434 operations; [READ: Count=204093 Max=2299.90 Min=2.32 Avg=85.11 10=14.98 25=42.72 50=69.89 75=107.97 90=159.62 95=199.81 99=311.55 99.9=993.79 99.99=1577.98] [UPDATE: Count=204341 Max=13402.11 Min=7.51 Avg=97.61 10=27.05 25=52.67 50=80.06 75=119.30 90=171.90 95=212.48 99=341.50 99.9=1166.34 99.99=4898.81]
2025-04-22 20:14:12 60 sec: 430390 operations; [READ: Count=214993 Max=2299.90 Min=2.32 Avg=82.83 10=13.74 25=41.28 50=67.26 75=105.22 90=156.54 95=196.86 99=306.18 99.9=967.68 99.99=1571.84] [UPDATE: Count=215397 Max=13402.11 Min=7.42 Avg=95.11 10=25.30 25=51.01 50=77.31 75=116.42 90=168.83 95=209.41 99=332.80 99.9=1136.64 99.99=4603.90]
2025-04-22 20:14:13 61 sec: 452929 operations; [READ: Count=226342 Max=2299.90 Min=2.32 Avg=80.63 10=12.72 25=39.97 50=64.86 75=102.46 90=153.34 95=194.05 99=301.57 99.9=957.44 99.99=1545.21] [UPDATE: Count=226587 Max=13402.11 Min=7.42 Avg=92.78 10=23.93 25=49.50 50=74.81 75=113.53 90=165.89 95=206.46 99=326.40 99.9=1104.89 99.99=4395.01]
2025-04-22 20:14:14 62 sec: 475552 operations; [READ: Count=237604 Max=2299.90 Min=2.32 Avg=78.63 10=11.99 25=38.78 50=62.88 75=99.90 90=150.40 95=191.23 99=297.21 99.9=937.98 99.99=1545.21] [UPDATE: Count=237948 Max=13402.11 Min=7.42 Avg=90.65 10=22.96 25=48.09 50=72.77 75=110.91 90=163.20 95=203.78 99=321.54 99.9=1086.46 99.99=3710.97]
2025-04-22 20:14:15 63 sec: 498149 operations; [READ: Count=249035 Max=2652.16 Min=2.32 Avg=76.79 10=11.42 25=37.66 50=61.09 75=97.41 90=147.58 95=188.54 99=293.38 99.9=923.65 99.99=1545.21] [UPDATE: Count=249114 Max=13402.11 Min=7.42 Avg=88.75 10=22.03 25=46.78 50=70.85 75=108.48 90=160.51 95=201.22 99=317.69 99.9=1085.44 99.99=4083.71]
2025-04-22 20:14:16 64 sec: 527488 operations; [READ: Count=263524 Max=2652.16 Min=2.32 Avg=74.10 10=10.70 25=35.36 50=58.49 75=94.40 90=144.38 95=185.47 99=288.77 99.9=911.87 99.99=1545.21] [UPDATE: Count=263964 Max=13402.11 Min=7.42 Avg=85.92 10=20.96 25=43.97 50=68.16 75=105.53 90=157.18 95=198.27 99=313.60 99.9=1081.34 99.99=4083.71]
2025-04-22 20:14:17 65 sec: 560433 operations; [READ: Count=280093 Max=2652.16 Min=2.25 Avg=71.21 10=9.95 25=32.93 50=55.39 75=91.39 90=140.93 95=181.76 99=284.16 99.9=897.53 99.99=1523.71] [UPDATE: Count=280340 Max=13402.11 Min=7.42 Avg=82.89 10=19.90 25=41.09 50=65.15 75=102.33 90=153.73 95=194.94 99=308.74 99.9=1064.96 99.99=3641.34]
2025-04-22 20:14:18 66 sec: 593680 operations; [READ: Count=296824 Max=2652.16 Min=2.25 Avg=68.60 10=9.34 25=31.02 50=51.90 75=88.51 90=137.60 95=178.30 99=279.55 99.9=885.25 99.99=1508.35] [UPDATE: Count=296856 Max=13402.11 Min=7.42 Avg=80.14 10=18.89 25=38.91 50=62.17 75=99.33 90=150.53 95=191.74 99=304.64 99.9=1040.89 99.99=3567.61]
2025-04-22 20:14:19 67 sec: 626340 operations; [READ: Count=313253 Max=2652.16 Min=2.25 Avg=66.35 10=8.82 25=29.79 50=48.58 75=86.08 90=134.53 95=175.36 99=275.71 99.9=872.45 99.99=1508.35] [UPDATE: Count=313087 Max=13402.11 Min=7.42 Avg=77.75 10=18.13 25=37.41 50=59.20 75=96.83 90=147.58 95=188.80 99=300.03 99.9=1016.83 99.99=3532.80]
2025-04-22 20:14:20 68 sec: 653085 operations; [READ: Count=326658 Max=2652.16 Min=2.25 Avg=64.98 10=8.51 25=29.17 50=46.21 75=84.48 90=132.61 95=173.44 99=276.22 99.9=865.28 99.99=1481.73] [UPDATE: Count=326427 Max=13402.11 Min=7.42 Avg=76.21 10=17.61 25=36.61 50=56.83 75=95.04 90=145.53 95=186.88 99=299.26 99.9=995.84 99.99=3440.64]
2025-04-22 20:14:21 69 sec: 681251 operations; [READ: Count=340838 Max=2652.16 Min=2.25 Avg=63.55 10=8.21 25=28.51 50=44.03 75=82.81 90=130.43 95=171.39 99=275.20 99.9=865.79 99.99=1479.68] [UPDATE: Count=340413 Max=13402.11 Min=7.42 Avg=74.67 10=17.07 25=35.84 50=54.46 75=93.44 90=143.36 95=184.96 99=298.24 99.9=987.13 99.99=3297.28]
2025-04-22 20:14:22 70 sec: 708675 operations; [READ: Count=354571 Max=2652.16 Min=2.25 Avg=62.34 10=7.94 25=28.02 50=42.24 75=81.60 90=128.45 95=169.47 99=274.43 99.9=875.52 99.99=1503.23] [UPDATE: Count=354104 Max=13402.11 Min=7.42 Avg=73.29 10=16.59 25=35.20 50=52.41 75=92.03 90=141.31 95=182.91 99=296.96 99.9=989.70 99.99=3282.94]
2025-04-22 20:14:23 71 sec: 738742 operations; [READ: Count=369735 Max=2652.16 Min=2.25 Avg=60.96 10=7.69 25=27.57 50=40.48 75=80.32 90=126.02 95=166.78 99=271.87 99.9=863.23 99.99=1479.68] [UPDATE: Count=369007 Max=13402.11 Min=7.34 Avg=71.80 10=16.14 25=34.62 50=50.46 75=90.69 90=139.01 95=180.61 99=293.38 99.9=970.75 99.99=3010.56]
2025-04-22 20:14:24 72 sec: 768315 operations; [READ: Count=384604 Max=2652.16 Min=2.25 Avg=59.72 10=7.50 25=27.18 50=39.01 75=79.23 90=123.97 95=164.61 99=268.54 99.9=852.99 99.99=1479.68] [UPDATE: Count=383711 Max=13402.11 Min=7.34 Avg=70.47 10=15.78 25=34.17 50=48.73 75=89.53 90=136.83 95=178.43 99=290.30 99.9=956.93 99.99=2932.74]
2025-04-22 20:14:25 73 sec: 795069 operations; [READ: Count=397863 Max=2652.16 Min=2.25 Avg=58.80 10=7.33 25=26.86 50=37.76 75=78.21 90=122.50 95=163.07 99=268.29 99.9=842.24 99.99=1475.58] [UPDATE: Count=397206 Max=13402.11 Min=7.34 Avg=69.47 10=15.49 25=33.76 50=47.23 75=88.51 90=135.29 95=177.02 99=290.81 99.9=945.15 99.99=2848.77]
2025-04-22 20:14:26 74 sec: 821987 operations; [READ: Count=411338 Max=2652.16 Min=2.25 Avg=57.93 10=7.21 25=26.56 50=36.64 75=77.12 90=120.77 95=161.53 99=267.77 99.9=858.11 99.99=1465.34] [UPDATE: Count=410649 Max=13402.11 Min=7.20 Avg=68.51 10=15.24 25=33.38 50=45.92 75=87.55 90=133.63 95=175.36 99=290.30 99.9=958.46 99.99=2848.77]
2025-04-22 20:14:27 75 sec: 849449 operations; [READ: Count=425182 Max=2652.16 Min=2.25 Avg=57.07 10=7.10 25=26.30 50=35.65 75=75.97 90=119.17 95=159.74 99=267.01 99.9=864.25 99.99=1453.06] [UPDATE: Count=424267 Max=13402.11 Min=7.20 Avg=67.59 10=15.05 25=33.09 50=44.77 75=86.53 90=131.84 95=173.82 99=289.28 99.9=960.51 99.99=2822.14]
2025-04-22 20:14:28 76 sec: 877490 operations; [READ: Count=439064 Max=2652.16 Min=2.25 Avg=56.22 10=7.03 25=26.08 50=34.85 75=74.94 90=117.57 95=158.08 99=265.21 99.9=858.11 99.99=1452.03] [UPDATE: Count=438426 Max=13402.11 Min=7.20 Avg=66.68 10=14.94 25=32.83 50=43.84 75=85.57 90=130.18 95=172.29 99=287.23 99.9=952.83 99.99=2701.31]
2025-04-22 20:14:29 77 sec: 903557 operations; [READ: Count=452039 Max=2652.16 Min=2.25 Avg=55.55 10=6.97 25=25.89 50=34.27 75=73.98 90=116.35 95=156.67 99=264.19 99.9=854.01 99.99=1447.93] [UPDATE: Count=451518 Max=13402.11 Min=7.20 Avg=65.97 10=14.87 25=32.62 50=43.23 75=84.67 90=128.77 95=171.01 99=286.72 99.9=940.03 99.99=2678.78]
2025-04-22 20:14:30 78 sec: 926497 operations; [READ: Count=463522 Max=2652.16 Min=2.18 Avg=55.12 10=6.98 25=25.73 50=33.92 75=73.34 90=115.39 95=155.78 99=265.21 99.9=851.97 99.99=1445.89] [UPDATE: Count=462975 Max=13402.11 Min=6.90 Avg=65.50 10=14.83 25=32.45 50=42.75 75=84.09 90=127.87 95=170.11 99=287.49 99.9=935.93 99.99=2652.16]
2025-04-22 20:14:31 79 sec: 946062 operations; [READ: Count=473341 Max=2652.16 Min=2.18 Avg=54.90 10=7.02 25=25.58 50=33.76 75=72.89 90=114.62 95=155.13 99=266.75 99.9=857.60 99.99=1406.97] [UPDATE: Count=472721 Max=13402.11 Min=6.90 Avg=65.30 10=14.84 25=32.29 50=42.56 75=83.71 90=127.17 95=169.47 99=290.30 99.9=939.01 99.99=2656.26]
2025-04-22 20:14:32 80 sec: 968039 operations; [READ: Count=484302 Max=2652.16 Min=2.18 Avg=54.56 10=7.05 25=25.44 50=33.60 75=72.38 90=113.66 95=153.98 99=266.75 99.9=858.62 99.99=1406.97] [UPDATE: Count=483737 Max=13402.11 Min=6.90 Avg=64.93 10=14.85 25=32.09 50=42.34 75=83.20 90=126.14 95=168.70 99=290.30 99.9=936.96 99.99=2678.78]
2025-04-22 20:14:33 81 sec: 993379 operations; [READ: Count=496972 Max=2652.16 Min=2.18 Avg=54.05 10=7.07 25=25.21 50=33.34 75=71.68 90=112.51 95=152.57 99=265.21 99.9=852.99 99.99=1401.86] [UPDATE: Count=496407 Max=13402.11 Min=6.85 Avg=64.37 10=14.83 25=31.86 50=41.98 75=82.62 90=124.93 95=167.42 99=288.51 99.9=928.25 99.99=2652.16]
2025-04-22 20:14:34 82 sec: 1000000 operations; [READ: Count=500231 Max=2652.16 Min=2.18 Avg=53.91 10=7.07 25=25.15 50=33.28 75=71.49 90=112.19 95=152.19 99=264.70 99.9=852.48 99.99=1401.86] [UPDATE: Count=499769 Max=13402.11 Min=6.76 Avg=64.22 10=14.82 25=31.79 50=41.89 75=82.50 90=124.61 95=167.04 99=288.25 99.9=925.70 99.99=2652.16]
2025-04-22 20:14:35 83 sec: 1000000 operations; [READ: Count=500231 Max=2652.16 Min=2.18 Avg=53.91 10=7.07 25=25.15 50=33.28 75=71.49 90=112.19 95=152.19 99=264.70 99.9=852.48 99.99=1401.86] [UPDATE: Count=499769 Max=13402.11 Min=6.76 Avg=64.22 10=14.82 25=31.79 50=41.89 75=82.50 90=124.61 95=167.04 99=288.25 99.9=925.70 99.99=2652.16]
2025-04-22 20:14:36 84 sec: 1000000 operations; [READ: Count=500231 Max=2652.16 Min=2.18 Avg=53.91 10=7.07 25=25.15 50=33.28 75=71.49 90=112.19 95=152.19 99=264.70 99.9=852.48 99.99=1401.86] [UPDATE: Count=499769 Max=13402.11 Min=6.76 Avg=64.22 10=14.82 25=31.79 50=41.89 75=82.50 90=124.61 95=167.04 99=288.25 99.9=925.70 99.99=2652.16]
2025-04-22 20:14:36 84 sec: 1000000 operations; [READ: Count=500231 Max=2652.16 Min=2.18 Avg=53.91 10=7.07 25=25.15 50=33.28 75=71.49 90=112.19 95=152.19 99=264.70 99.9=852.48 99.99=1401.86] [UPDATE: Count=499769 Max=13402.11 Min=6.76 Avg=64.22 10=14.82 25=31.79 50=41.89 75=82.50 90=124.61 95=167.04 99=288.25 99.9=925.70 99.99=2652.16]
Run runtime(sec): 84.0679
Run operations(ops): 1000000
Run throughput(ops/sec): 11895.1
