Running scope as unit: run-rd22d73191f754073b8ae50a68fc082d8.scope
load file:/home/user/DataFiles/silesia_data/silesia.tar
2025-04-23 02:58:32 0 sec: 0 operations;
2025-04-23 02:58:33 1 sec: 39178 operations; [INSERT: Count=39178 Max=9527.30 Min=4.74 Avg=21.05 10=10.34 25=13.18 50=18.22 75=26.03 90=34.43 95=40.13 99=52.32 99.9=74.81 99.99=266.24]
2025-04-23 02:58:34 2 sec: 79605 operations; [INSERT: Count=79605 Max=9527.30 Min=4.74 Avg=21.25 10=10.62 25=13.46 50=18.62 75=26.37 90=34.78 95=40.41 99=52.77 99.9=73.98 99.99=262.91]
2025-04-23 02:58:35 3 sec: 119616 operations; [INSERT: Count=119616 Max=9527.30 Min=4.74 Avg=21.40 10=10.78 25=13.65 50=18.82 75=26.57 90=34.94 95=40.58 99=52.77 99.9=74.50 99.99=256.38]
2025-04-23 02:58:36 4 sec: 159218 operations; [INSERT: Count=159218 Max=9527.30 Min=4.74 Avg=21.54 10=10.89 25=13.78 50=18.96 75=26.75 90=35.10 95=40.77 99=52.93 99.9=76.67 99.99=260.61]
2025-04-23 02:58:37 5 sec: 199523 operations; [INSERT: Count=199523 Max=9527.30 Min=4.74 Avg=21.53 10=10.97 25=13.84 50=18.99 75=26.73 90=34.98 95=40.64 99=52.80 99.9=76.03 99.99=262.91]
2025-04-23 02:58:38 6 sec: 243636 operations; [INSERT: Count=243636 Max=9527.30 Min=4.74 Avg=21.13 10=10.85 25=13.62 50=18.56 75=26.06 90=34.27 95=39.87 99=52.26 99.9=86.72 99.99=267.01]
2025-04-23 02:58:39 7 sec: 288133 operations; [INSERT: Count=288133 Max=9527.30 Min=4.74 Avg=20.82 10=10.80 25=13.49 50=18.30 75=25.65 90=33.63 95=39.10 99=51.30 99.9=80.77 99.99=262.91]
2025-04-23 02:58:40 8 sec: 332764 operations; [INSERT: Count=332764 Max=9527.30 Min=4.74 Avg=20.59 10=10.79 25=13.43 50=18.13 75=25.31 90=33.12 95=38.49 99=50.49 99.9=80.58 99.99=262.40]
2025-04-23 02:58:41 9 sec: 376535 operations; [INSERT: Count=376535 Max=9527.30 Min=4.74 Avg=20.46 10=10.80 25=13.41 50=18.03 75=25.12 90=32.83 95=38.17 99=50.11 99.9=78.14 99.99=265.21]
2025-04-23 02:58:42 10 sec: 417166 operations; [INSERT: Count=417166 Max=9527.30 Min=4.74 Avg=20.55 10=10.86 25=13.48 50=18.13 75=25.21 90=32.96 95=38.30 99=50.24 99.9=76.61 99.99=266.24]
2025-04-23 02:58:43 11 sec: 468253 operations; [INSERT: Count=468253 Max=12328.96 Min=4.71 Avg=20.08 10=10.54 25=13.12 50=17.60 75=24.53 90=32.29 95=37.63 99=49.73 99.9=78.91 99.99=280.83]
2025-04-23 02:58:44 12 sec: 523321 operations; [INSERT: Count=523321 Max=12328.96 Min=4.56 Avg=19.53 10=10.13 25=12.72 50=17.07 75=23.86 90=31.54 95=36.90 99=48.96 99.9=76.35 99.99=311.81]
2025-04-23 02:58:45 13 sec: 577882 operations; [INSERT: Count=577882 Max=12328.96 Min=4.56 Avg=19.10 10=9.89 25=12.42 50=16.67 75=23.30 90=30.89 95=36.22 99=48.29 99.9=74.24 99.99=329.73]
2025-04-23 02:58:46 14 sec: 631326 operations; [INSERT: Count=631326 Max=12328.96 Min=4.56 Avg=18.78 10=9.75 25=12.22 50=16.38 75=22.86 90=30.37 95=35.65 99=47.71 99.9=72.51 99.99=348.67]
2025-04-23 02:58:47 15 sec: 682824 operations; [INSERT: Count=682824 Max=12328.96 Min=4.56 Avg=18.57 10=9.67 25=12.11 50=16.20 75=22.56 90=29.98 95=35.26 99=47.23 99.9=71.49 99.99=361.73]
2025-04-23 02:58:48 16 sec: 716512 operations; [INSERT: Count=716512 Max=12328.96 Min=4.56 Avg=18.92 10=9.73 25=12.21 50=16.40 75=22.94 90=30.69 95=36.35 99=49.73 99.9=86.66 99.99=364.03]
2025-04-23 02:58:49 17 sec: 750001 operations; [INSERT: Count=750001 Max=12328.96 Min=4.56 Avg=19.25 10=9.81 25=12.34 50=16.62 75=23.34 90=31.38 95=37.31 99=51.81 99.9=90.62 99.99=360.96]
2025-04-23 02:58:50 18 sec: 785875 operations; [INSERT: Count=785875 Max=12328.96 Min=4.56 Avg=19.48 10=9.87 25=12.42 50=16.75 75=23.54 90=31.68 95=37.76 99=53.12 99.9=99.39 99.99=386.05]
2025-04-23 02:58:51 19 sec: 818451 operations; [INSERT: Count=818451 Max=19365.89 Min=4.56 Avg=19.78 10=9.90 25=12.46 50=16.80 75=23.63 90=32.05 95=38.56 99=57.53 99.9=128.90 99.99=432.13]
2025-04-23 02:58:52 20 sec: 862627 operations; [INSERT: Count=862627 Max=19365.89 Min=4.56 Avg=19.75 10=9.93 25=12.46 50=16.73 75=23.47 90=31.86 95=38.46 99=58.94 99.9=135.68 99.99=456.19]
2025-04-23 02:58:53 21 sec: 908846 operations; [INSERT: Count=908846 Max=19365.89 Min=4.34 Avg=19.68 10=9.92 25=12.43 50=16.67 75=23.30 90=31.55 95=38.14 99=59.39 99.9=141.06 99.99=492.29]
2025-04-23 02:58:54 22 sec: 964425 operations; [INSERT: Count=964425 Max=33685.50 Min=4.34 Avg=19.39 10=9.65 25=12.15 50=16.33 75=22.86 90=31.12 95=37.76 99=59.84 99.9=141.69 99.99=502.01]
2025-04-23 02:58:55 23 sec: 1000000 operations; [INSERT: Count=1000000 Max=33685.50 Min=4.34 Avg=19.15 10=9.46 25=11.94 50=16.07 75=22.57 90=30.83 95=37.50 99=60.13 99.9=142.59 99.99=504.57]
2025-04-23 02:58:56 24 sec: 1000000 operations; [INSERT: Count=1000000 Max=33685.50 Min=4.34 Avg=19.15 10=9.46 25=11.94 50=16.07 75=22.57 90=30.83 95=37.50 99=60.13 99.9=142.59 99.99=504.57]
2025-04-23 02:58:57 25 sec: 1000000 operations; [INSERT: Count=1000000 Max=33685.50 Min=4.34 Avg=19.15 10=9.46 25=11.94 50=16.07 75=22.57 90=30.83 95=37.50 99=60.13 99.9=142.59 99.99=504.57]
2025-04-23 02:58:58 26 sec: 1000000 operations; [INSERT: Count=1000000 Max=33685.50 Min=4.34 Avg=19.15 10=9.46 25=11.94 50=16.07 75=22.57 90=30.83 95=37.50 99=60.13 99.9=142.59 99.99=504.57]
2025-04-23 02:58:59 27 sec: 1000000 operations; [INSERT: Count=1000000 Max=33685.50 Min=4.34 Avg=19.15 10=9.46 25=11.94 50=16.07 75=22.57 90=30.83 95=37.50 99=60.13 99.9=142.59 99.99=504.57]
2025-04-23 02:59:00 28 sec: 1000000 operations; [INSERT: Count=1000000 Max=33685.50 Min=4.34 Avg=19.15 10=9.46 25=11.94 50=16.07 75=22.57 90=30.83 95=37.50 99=60.13 99.9=142.59 99.99=504.57]
2025-04-23 02:59:01 29 sec: 1000000 operations; [INSERT: Count=1000000 Max=33685.50 Min=4.34 Avg=19.15 10=9.46 25=11.94 50=16.07 75=22.57 90=30.83 95=37.50 99=60.13 99.9=142.59 99.99=504.57]
2025-04-23 02:59:02 30 sec: 1000000 operations; [INSERT: Count=1000000 Max=33685.50 Min=4.34 Avg=19.15 10=9.46 25=11.94 50=16.07 75=22.57 90=30.83 95=37.50 99=60.13 99.9=142.59 99.99=504.57]
2025-04-23 02:59:03 31 sec: 1000000 operations; [INSERT: Count=1000000 Max=33685.50 Min=4.34 Avg=19.15 10=9.46 25=11.94 50=16.07 75=22.57 90=30.83 95=37.50 99=60.13 99.9=142.59 99.99=504.57]
2025-04-23 02:59:04 32 sec: 1000000 operations; [INSERT: Count=1000000 Max=33685.50 Min=4.34 Avg=19.15 10=9.46 25=11.94 50=16.07 75=22.57 90=30.83 95=37.50 99=60.13 99.9=142.59 99.99=504.57]
2025-04-23 02:59:05 33 sec: 1000000 operations; [INSERT: Count=1000000 Max=33685.50 Min=4.34 Avg=19.15 10=9.46 25=11.94 50=16.07 75=22.57 90=30.83 95=37.50 99=60.13 99.9=142.59 99.99=504.57]
2025-04-23 02:59:06 34 sec: 1000000 operations; [INSERT: Count=1000000 Max=33685.50 Min=4.34 Avg=19.15 10=9.46 25=11.94 50=16.07 75=22.57 90=30.83 95=37.50 99=60.13 99.9=142.59 99.99=504.57]
2025-04-23 02:59:07 35 sec: 1000000 operations; [INSERT: Count=1000000 Max=33685.50 Min=4.34 Avg=19.15 10=9.46 25=11.94 50=16.07 75=22.57 90=30.83 95=37.50 99=60.13 99.9=142.59 99.99=504.57]
2025-04-23 02:59:08 36 sec: 1000000 operations; [INSERT: Count=1000000 Max=33685.50 Min=4.34 Avg=19.15 10=9.46 25=11.94 50=16.07 75=22.57 90=30.83 95=37.50 99=60.13 99.9=142.59 99.99=504.57]
2025-04-23 02:59:09 36 sec: 1000000 operations; [INSERT: Count=1000000 Max=33685.50 Min=4.34 Avg=19.15 10=9.46 25=11.94 50=16.07 75=22.57 90=30.83 95=37.50 99=60.13 99.9=142.59 99.99=504.57]
Load runtime(sec): 36.9189
Load operations(ops): 1000000
Load throughput(ops/sec): 27086.4
