Running scope as unit: run-racd14038423940acb88a9d96afec639b.scope
load file:/home/user/DataFiles/silesia_data/silesia.tar
2025-04-23 02:49:39 0 sec: 0 operations;
2025-04-23 02:49:40 1 sec: 0 operations;
2025-04-23 02:49:41 2 sec: 0 operations;
2025-04-23 02:49:42 3 sec: 0 operations;
2025-04-23 02:49:43 4 sec: 0 operations;
2025-04-23 02:49:44 5 sec: 0 operations;
2025-04-23 02:49:45 6 sec: 0 operations;
2025-04-23 02:49:46 7 sec: 0 operations;
2025-04-23 02:49:47 8 sec: 0 operations;
2025-04-23 02:49:48 9 sec: 0 operations;
2025-04-23 02:49:49 10 sec: 0 operations;
2025-04-23 02:49:50 11 sec: 0 operations;
2025-04-23 02:49:51 12 sec: 0 operations;
2025-04-23 02:49:52 13 sec: 0 operations;
2025-04-23 02:49:53 14 sec: 13092 operations; [READ: Count=8755 Max=2031.62 Min=3.06 Avg=84.98 10=30.34 25=51.62 50=58.34 75=134.27 90=146.56 95=158.08 99=188.67 99.9=516.10 99.99=630.78] [UPDATE: Count=4337 Max=481.28 Min=6.70 Avg=13.86 10=10.29 25=11.36 50=12.73 75=14.62 90=16.66 95=18.02 99=22.83 99.9=249.60 99.99=481.28]
2025-04-23 02:49:54 15 sec: 24423 operations; [READ: Count=16241 Max=2031.62 Min=2.66 Avg=100.83 10=33.05 25=53.53 50=82.62 75=140.03 90=179.07 95=210.43 99=286.72 99.9=671.74 99.99=1100.80] [UPDATE: Count=8182 Max=2244.61 Min=6.70 Avg=19.31 10=10.51 25=11.81 50=13.24 75=15.34 90=17.54 95=19.05 99=27.42 99.9=1997.82 99.99=2172.93]
2025-04-23 02:49:55 16 sec: 35414 operations; [READ: Count=23526 Max=2170.88 Min=2.34 Avg=109.65 10=37.92 25=55.81 50=96.58 75=146.43 90=199.55 95=222.85 99=281.09 99.9=671.74 99.99=2017.28] [UPDATE: Count=11888 Max=2244.61 Min=6.26 Avg=17.47 10=10.51 25=11.62 50=13.07 75=15.13 90=17.21 95=18.73 99=24.18 99.9=1392.64 99.99=2172.93]
2025-04-23 02:49:56 17 sec: 44304 operations; [READ: Count=29450 Max=2310.14 Min=2.34 Avg=119.91 10=41.70 25=57.44 50=100.86 75=151.68 90=207.10 95=232.57 99=512.25 99.9=1489.92 99.99=2031.62] [UPDATE: Count=14854 Max=3901.44 Min=6.26 Avg=16.89 10=10.49 25=11.52 50=12.96 75=14.96 90=16.99 95=18.50 99=23.38 99.9=1206.27 99.99=2244.61]
2025-04-23 02:49:57 18 sec: 55611 operations; [READ: Count=36993 Max=2310.14 Min=2.34 Avg=120.94 10=44.00 25=60.06 50=103.68 75=156.41 90=208.51 95=231.94 99=437.50 99.9=1412.10 99.99=2017.28] [UPDATE: Count=18618 Max=3901.44 Min=6.26 Avg=16.13 10=10.48 25=11.43 50=12.88 75=14.78 90=16.75 95=18.21 99=22.78 99.9=1060.86 99.99=2172.93]
2025-04-23 02:49:58 19 sec: 66880 operations; [READ: Count=44519 Max=2310.14 Min=2.34 Avg=121.66 10=44.61 25=63.42 50=105.60 75=159.74 90=209.66 95=231.55 99=392.45 99.9=1353.73 99.99=2017.28] [UPDATE: Count=22361 Max=3901.44 Min=6.26 Avg=15.68 10=10.46 25=11.38 50=12.84 75=14.68 90=16.62 95=18.00 99=22.38 99.9=937.47 99.99=2172.93]
2025-04-23 02:49:59 20 sec: 78240 operations; [READ: Count=52096 Max=2310.14 Min=2.34 Avg=122.05 10=45.02 25=66.94 50=106.75 75=161.28 90=210.05 95=231.68 99=371.97 99.9=1300.48 99.99=2006.02] [UPDATE: Count=26144 Max=3901.44 Min=6.26 Avg=15.34 10=10.46 25=11.36 50=12.81 75=14.62 90=16.57 95=17.89 99=22.21 99.9=716.29 99.99=2119.68]
2025-04-23 02:50:00 21 sec: 89335 operations; [READ: Count=59497 Max=2310.14 Min=2.34 Avg=122.63 10=45.28 25=69.38 50=107.58 75=162.43 90=210.94 95=232.70 99=372.99 99.9=1252.35 99.99=1989.63] [UPDATE: Count=29838 Max=3901.44 Min=6.26 Avg=15.27 10=10.46 25=11.35 50=12.80 75=14.57 90=16.50 95=17.82 99=22.13 99.9=716.29 99.99=2172.93]
2025-04-23 02:50:01 22 sec: 99854 operations; [READ: Count=66522 Max=2310.14 Min=2.34 Avg=123.85 10=45.34 25=70.78 50=108.03 75=162.81 90=211.46 95=233.85 99=427.77 99.9=1196.03 99.99=1897.47] [UPDATE: Count=33332 Max=4132.86 Min=6.26 Avg=15.19 10=10.46 25=11.34 50=12.79 75=14.54 90=16.48 95=17.74 99=21.97 99.9=643.58 99.99=2244.61]
2025-04-23 02:50:02 23 sec: 110950 operations; [READ: Count=73869 Max=2310.14 Min=2.34 Avg=124.30 10=45.22 25=71.81 50=108.22 75=162.69 90=211.20 95=233.85 99=450.30 99.9=1111.04 99.99=1989.63] [UPDATE: Count=37081 Max=4132.86 Min=6.26 Avg=14.98 10=10.44 25=11.33 50=12.78 75=14.50 90=16.43 95=17.70 99=21.70 99.9=505.34 99.99=2172.93]
2025-04-23 02:50:03 24 sec: 122753 operations; [READ: Count=81723 Max=2310.14 Min=2.34 Avg=123.85 10=45.12 25=72.58 50=108.67 75=162.69 90=210.69 95=232.83 99=418.81 99.9=1067.01 99.99=1897.47] [UPDATE: Count=41030 Max=4132.86 Min=6.26 Avg=14.83 10=10.43 25=11.32 50=12.78 75=14.47 90=16.40 95=17.65 99=21.55 99.9=448.00 99.99=2172.93]
2025-04-23 02:50:04 25 sec: 134642 operations; [READ: Count=89676 Max=2310.14 Min=2.34 Avg=123.35 10=44.83 25=73.09 50=108.80 75=162.18 90=210.05 95=232.06 99=397.06 99.9=1024.00 99.99=1873.92] [UPDATE: Count=44966 Max=4132.86 Min=6.26 Avg=14.69 10=10.42 25=11.31 50=12.77 75=14.45 90=16.38 95=17.61 99=21.42 99.9=422.91 99.99=2172.93]
2025-04-23 02:50:05 26 sec: 147088 operations; [READ: Count=97946 Max=2310.14 Min=2.34 Avg=122.49 10=44.38 25=72.77 50=108.48 75=161.15 90=209.28 95=231.17 99=380.67 99.9=993.28 99.99=1826.82] [UPDATE: Count=49142 Max=4132.86 Min=6.26 Avg=14.57 10=10.39 25=11.29 50=12.75 75=14.41 90=16.36 95=17.60 99=21.30 99.9=409.86 99.99=2119.68]
2025-04-23 02:50:06 27 sec: 162221 operations; [READ: Count=108074 Max=2310.14 Min=2.34 Avg=119.52 10=42.34 25=65.47 50=104.83 75=156.67 90=206.85 95=229.38 99=392.70 99.9=1107.97 99.99=1897.47] [UPDATE: Count=54147 Max=5251.07 Min=6.26 Avg=14.51 10=10.16 25=11.18 50=12.64 75=14.29 90=16.25 95=17.50 99=21.23 99.9=422.91 99.99=2172.93]
2025-04-23 02:50:07 28 sec: 176573 operations; [READ: Count=117664 Max=5115.90 Min=2.34 Avg=117.53 10=40.67 25=61.70 50=102.08 75=152.83 90=204.41 95=227.58 99=400.38 99.9=1354.75 99.99=2170.88] [UPDATE: Count=58909 Max=8110.08 Min=6.26 Avg=14.67 10=10.08 25=11.16 50=12.62 75=14.32 90=16.29 95=17.58 99=21.45 99.9=409.86 99.99=2265.09]
2025-04-23 02:50:08 29 sec: 194217 operations; [READ: Count=129358 Max=5115.90 Min=2.34 Avg=113.84 10=38.98 25=59.45 50=99.20 75=148.61 90=201.09 95=225.15 99=378.11 99.9=1304.58 99.99=2170.88] [UPDATE: Count=64859 Max=8110.08 Min=6.26 Avg=14.69 10=10.10 25=11.21 50=12.67 75=14.45 90=16.46 95=17.77 99=21.95 99.9=401.66 99.99=2265.09]
2025-04-23 02:50:09 30 sec: 214067 operations; [READ: Count=142563 Max=5115.90 Min=2.34 Avg=109.60 10=36.80 25=56.67 50=95.30 75=143.74 90=197.25 95=222.21 99=347.39 99.9=1268.73 99.99=2168.83] [UPDATE: Count=71504 Max=8110.08 Min=6.26 Avg=14.56 10=9.96 25=11.12 50=12.58 75=14.36 90=16.38 95=17.73 99=22.00 99.9=406.53 99.99=2244.61]
2025-04-23 02:50:10 31 sec: 234201 operations; [READ: Count=156043 Max=5115.90 Min=2.34 Avg=105.91 10=35.52 25=53.82 50=91.52 75=139.39 90=193.41 95=219.52 99=325.12 99.9=1239.04 99.99=2131.97] [UPDATE: Count=78158 Max=8110.08 Min=6.26 Avg=14.40 10=9.88 25=11.05 50=12.50 75=14.29 90=16.32 95=17.68 99=21.92 99.9=389.12 99.99=2172.93]
2025-04-23 02:50:11 32 sec: 253783 operations; [READ: Count=169135 Max=5115.90 Min=2.34 Avg=103.07 10=34.69 25=51.74 50=88.51 75=135.29 90=189.95 95=217.22 99=319.23 99.9=1225.73 99.99=2089.98] [UPDATE: Count=84648 Max=8110.08 Min=6.26 Avg=14.26 10=9.82 25=10.98 50=12.44 75=14.23 90=16.26 95=17.63 99=21.89 99.9=383.74 99.99=2172.93]
2025-04-23 02:50:12 33 sec: 272566 operations; [READ: Count=181656 Max=5115.90 Min=2.24 Avg=100.95 10=34.05 25=50.21 50=85.82 75=131.58 90=186.75 95=215.04 99=316.16 99.9=1302.53 99.99=2381.82] [UPDATE: Count=90910 Max=8110.08 Min=6.26 Avg=14.17 10=9.78 25=10.94 50=12.38 75=14.18 90=16.21 95=17.60 99=21.86 99.9=369.41 99.99=2164.74]
2025-04-23 02:50:13 34 sec: 293693 operations; [READ: Count=195772 Max=5115.90 Min=2.24 Avg=98.26 10=33.66 25=48.99 50=83.14 75=127.42 90=182.91 95=212.74 99=299.26 99.9=1269.76 99.99=2349.05] [UPDATE: Count=97921 Max=8110.08 Min=6.26 Avg=14.06 10=9.75 25=10.88 50=12.33 75=14.13 90=16.17 95=17.54 99=21.76 99.9=352.77 99.99=2119.68]
2025-04-23 02:50:14 35 sec: 315089 operations; [READ: Count=209988 Max=5115.90 Min=2.24 Avg=95.88 10=33.34 25=48.13 50=80.77 75=123.14 90=179.20 95=210.30 99=289.79 99.9=1252.35 99.99=2312.19] [UPDATE: Count=105101 Max=8110.08 Min=6.26 Avg=13.94 10=9.73 25=10.83 50=12.28 75=14.10 90=16.14 95=17.52 99=21.74 99.9=345.86 99.99=2075.65]
2025-04-23 02:50:15 36 sec: 336699 operations; [READ: Count=224391 Max=5115.90 Min=2.24 Avg=93.72 10=32.99 25=47.45 50=78.78 75=119.23 90=175.36 95=208.00 99=282.62 99.9=1219.58 99.99=2310.14] [UPDATE: Count=112308 Max=8110.08 Min=6.26 Avg=13.84 10=9.71 25=10.80 50=12.24 75=14.05 90=16.09 95=17.49 99=21.74 99.9=335.62 99.99=2075.65]
2025-04-23 02:50:16 37 sec: 357805 operations; [READ: Count=238489 Max=5115.90 Min=2.24 Avg=91.94 10=32.70 25=46.94 50=77.25 75=116.22 90=171.90 95=205.95 99=278.27 99.9=1199.10 99.99=2267.14] [UPDATE: Count=119316 Max=8110.08 Min=6.26 Avg=13.79 10=9.70 25=10.77 50=12.21 75=14.04 90=16.08 95=17.47 99=21.71 99.9=333.06 99.99=2071.55]
2025-04-23 02:50:17 38 sec: 379580 operations; [READ: Count=253001 Max=5115.90 Min=2.24 Avg=90.20 10=32.41 25=46.46 50=75.84 75=113.60 90=168.70 95=203.78 99=273.66 99.9=1158.14 99.99=2254.85] [UPDATE: Count=126579 Max=8110.08 Min=6.26 Avg=13.72 10=9.68 25=10.74 50=12.19 75=14.02 90=16.06 95=17.47 99=21.70 99.9=321.28 99.99=2030.59]
2025-04-23 02:50:18 39 sec: 399704 operations; [READ: Count=266433 Max=5115.90 Min=2.06 Avg=89.00 10=32.13 25=46.02 50=74.56 75=111.49 90=166.01 95=201.85 99=271.62 99.9=1231.87 99.99=2396.16] [UPDATE: Count=133271 Max=9805.82 Min=6.26 Avg=13.73 10=9.66 25=10.71 50=12.17 75=14.00 90=16.05 95=17.44 99=21.68 99.9=319.23 99.99=2071.55]
2025-04-23 02:50:19 40 sec: 421934 operations; [READ: Count=281299 Max=5115.90 Min=2.06 Avg=87.46 10=31.76 25=45.60 50=73.22 75=109.44 90=163.20 95=199.55 99=267.77 99.9=1199.10 99.99=2385.92] [UPDATE: Count=140635 Max=9805.82 Min=6.26 Avg=13.69 10=9.65 25=10.70 50=12.15 75=13.99 90=16.05 95=17.45 99=21.74 99.9=309.25 99.99=2030.59]
2025-04-23 02:50:20 41 sec: 443519 operations; [READ: Count=295776 Max=5115.90 Min=2.06 Avg=86.18 10=31.42 25=45.31 50=72.06 75=107.84 90=160.64 95=197.50 99=263.94 99.9=1158.14 99.99=2363.39] [UPDATE: Count=147743 Max=9805.82 Min=6.26 Avg=13.69 10=9.65 25=10.70 50=12.16 75=14.01 90=16.09 95=17.50 99=21.89 99.9=313.09 99.99=2004.99]
2025-04-23 02:50:21 42 sec: 463818 operations; [READ: Count=309289 Max=5115.90 Min=2.06 Avg=85.24 10=30.99 25=45.12 50=71.10 75=106.81 90=158.34 95=195.58 99=261.50 99.9=1143.81 99.99=2361.34] [UPDATE: Count=154529 Max=9805.82 Min=6.26 Avg=13.80 10=9.66 25=10.72 50=12.19 75=14.06 90=16.20 95=17.68 99=22.27 99.9=313.09 99.99=2075.65]
2025-04-23 02:50:22 43 sec: 485166 operations; [READ: Count=323546 Max=5115.90 Min=2.06 Avg=84.22 10=30.25 25=44.86 50=70.02 75=105.73 90=156.03 95=193.66 99=258.94 99.9=1118.21 99.99=2349.05] [UPDATE: Count=161620 Max=9805.82 Min=6.26 Avg=13.82 10=9.67 25=10.73 50=12.22 75=14.10 90=16.27 95=17.76 99=22.41 99.9=308.48 99.99=2075.65]
2025-04-23 02:50:23 44 sec: 507026 operations; [READ: Count=338164 Max=5115.90 Min=2.06 Avg=83.22 10=28.27 25=44.58 50=68.99 75=104.64 90=153.73 95=191.62 99=256.25 99.9=1107.97 99.99=2316.29] [UPDATE: Count=168862 Max=9805.82 Min=6.26 Avg=13.78 10=9.66 25=10.74 50=12.22 75=14.12 90=16.30 95=17.79 99=22.40 99.9=295.94 99.99=2071.55]
2025-04-23 02:50:24 45 sec: 529239 operations; [READ: Count=352923 Max=5115.90 Min=2.06 Avg=82.19 10=15.59 25=44.22 50=68.03 75=103.61 90=151.55 95=189.44 99=253.57 99.9=1086.46 99.99=2349.05] [UPDATE: Count=176316 Max=9805.82 Min=6.26 Avg=13.88 10=9.65 25=10.72 50=12.21 75=14.10 90=16.29 95=17.77 99=22.40 99.9=299.77 99.99=2172.93]
2025-04-23 02:50:25 46 sec: 551890 operations; [READ: Count=367980 Max=5115.90 Min=2.06 Avg=81.16 10=12.77 25=43.90 50=67.07 75=102.59 90=149.50 95=187.39 99=251.65 99.9=1072.13 99.99=2316.29] [UPDATE: Count=183910 Max=26214.40 Min=6.26 Avg=13.99 10=9.63 25=10.70 50=12.19 75=14.09 90=16.27 95=17.76 99=22.45 99.9=293.38 99.99=2265.09]
2025-04-23 02:50:26 47 sec: 575521 operations; [READ: Count=383738 Max=5115.90 Min=2.06 Avg=80.14 10=11.26 25=43.52 50=66.24 75=101.63 90=147.33 95=185.22 99=249.47 99.9=1038.85 99.99=2312.19] [UPDATE: Count=191783 Max=26214.40 Min=6.26 Avg=13.92 10=9.62 25=10.68 50=12.17 75=14.06 90=16.25 95=17.73 99=22.38 99.9=286.98 99.99=2244.61]
2025-04-23 02:50:27 48 sec: 599061 operations; [READ: Count=399448 Max=5115.90 Min=2.06 Avg=79.21 10=10.34 25=43.13 50=65.53 75=100.73 90=145.28 95=183.17 99=247.55 99.9=1016.83 99.99=2304.00] [UPDATE: Count=199613 Max=26214.40 Min=6.26 Avg=13.87 10=9.60 25=10.66 50=12.15 75=14.05 90=16.23 95=17.71 99=22.35 99.9=281.60 99.99=2172.93]
2025-04-23 02:50:28 49 sec: 622676 operations; [READ: Count=415187 Max=5115.90 Min=2.06 Avg=78.33 10=9.65 25=42.78 50=64.96 75=99.97 90=143.36 95=181.12 99=245.76 99.9=992.25 99.99=2254.85] [UPDATE: Count=207489 Max=26214.40 Min=6.26 Avg=13.84 10=9.58 25=10.65 50=12.14 75=14.03 90=16.22 95=17.70 99=22.32 99.9=277.50 99.99=2172.93]
2025-04-23 02:50:29 50 sec: 646521 operations; [READ: Count=431110 Max=5115.90 Min=2.06 Avg=77.48 10=9.09 25=42.40 50=64.42 75=99.14 90=141.69 95=179.07 99=244.22 99.9=975.36 99.99=2232.32] [UPDATE: Count=215411 Max=26214.40 Min=6.26 Avg=13.80 10=9.56 25=10.62 50=12.13 75=14.02 90=16.21 95=17.68 99=22.30 99.9=281.60 99.99=2164.74]
2025-04-23 02:50:30 51 sec: 670342 operations; [READ: Count=446908 Max=5115.90 Min=2.06 Avg=76.69 10=8.69 25=42.02 50=63.94 75=98.43 90=139.90 95=177.02 99=242.56 99.9=946.69 99.99=2205.70] [UPDATE: Count=223434 Max=26214.40 Min=6.26 Avg=13.82 10=9.55 25=10.62 50=12.11 75=14.01 90=16.20 95=17.68 99=22.40 99.9=297.21 99.99=2164.74]
2025-04-23 02:50:31 52 sec: 693546 operations; [READ: Count=462426 Max=5115.90 Min=2.06 Avg=75.98 10=8.38 25=41.70 50=63.52 75=97.79 90=138.37 95=175.10 99=241.15 99.9=928.25 99.99=2205.70] [UPDATE: Count=231120 Max=26214.40 Min=6.26 Avg=13.89 10=9.54 25=10.60 50=12.11 75=14.00 90=16.20 95=17.70 99=22.51 99.9=308.74 99.99=2164.74]
2025-04-23 02:50:32 53 sec: 717938 operations; [READ: Count=478719 Max=5115.90 Min=2.06 Avg=75.20 10=8.10 25=41.22 50=63.04 75=97.09 90=136.70 95=173.06 99=239.87 99.9=908.29 99.99=2195.45] [UPDATE: Count=239219 Max=26214.40 Min=6.26 Avg=13.93 10=9.52 25=10.59 50=12.10 75=13.99 90=16.20 95=17.70 99=22.62 99.9=320.25 99.99=2164.74]
2025-04-23 02:50:33 54 sec: 750632 operations; [READ: Count=500484 Max=5115.90 Min=2.06 Avg=73.59 10=7.72 25=39.04 50=61.53 75=95.74 90=134.40 95=170.62 99=238.46 99.9=881.15 99.99=2170.88] [UPDATE: Count=250148 Max=26214.40 Min=6.26 Avg=13.90 10=9.46 25=10.52 50=12.05 75=13.94 90=16.15 95=17.65 99=22.69 99.9=325.63 99.99=2119.68]
2025-04-23 02:50:34 55 sec: 779008 operations; [READ: Count=519392 Max=5115.90 Min=2.06 Avg=72.51 10=7.46 25=37.25 50=59.94 75=94.72 90=132.86 95=169.22 99=238.46 99.9=1001.47 99.99=2187.26] [UPDATE: Count=259616 Max=29736.96 Min=6.25 Avg=13.99 10=9.41 25=10.44 50=11.99 75=13.87 90=16.09 95=17.61 99=22.80 99.9=331.26 99.99=2164.74]
2025-04-23 02:50:35 56 sec: 815202 operations; [READ: Count=543506 Max=5115.90 Min=1.90 Avg=70.81 10=7.17 25=35.77 50=57.53 75=93.50 90=130.50 95=166.91 99=236.93 99.9=975.36 99.99=2170.88] [UPDATE: Count=271696 Max=29736.96 Min=6.15 Avg=13.92 10=9.34 25=10.36 50=11.93 75=13.80 90=16.03 95=17.55 99=22.86 99.9=333.06 99.99=2119.68]
2025-04-23 02:50:36 57 sec: 851614 operations; [READ: Count=567774 Max=5115.90 Min=1.90 Avg=69.25 10=6.90 25=34.78 50=54.91 75=92.35 90=128.19 95=164.61 99=235.13 99.9=943.10 99.99=2156.54] [UPDATE: Count=283840 Max=29736.96 Min=6.15 Avg=13.84 10=9.29 25=10.28 50=11.86 75=13.73 90=15.96 95=17.49 99=22.86 99.9=335.62 99.99=2075.65]
2025-04-23 02:50:37 58 sec: 886572 operations; [READ: Count=591123 Max=5115.90 Min=1.90 Avg=67.92 10=6.74 25=34.27 50=52.93 75=91.39 90=126.08 95=162.56 99=233.85 99.9=912.89 99.99=2131.97] [UPDATE: Count=295449 Max=29736.96 Min=6.15 Avg=13.79 10=9.26 25=10.25 50=11.82 75=13.69 90=15.93 95=17.44 99=22.80 99.9=338.94 99.99=2067.45]
2025-04-23 02:50:38 59 sec: 916591 operations; [READ: Count=610997 Max=5115.90 Min=1.90 Avg=67.05 10=6.62 25=34.02 50=51.65 75=90.75 90=124.73 95=161.53 99=234.75 99.9=894.98 99.99=2092.03] [UPDATE: Count=305594 Max=29736.96 Min=6.12 Avg=13.86 10=9.26 25=10.23 50=11.82 75=13.68 90=15.93 95=17.44 99=22.77 99.9=340.22 99.99=2067.45]
2025-04-23 02:50:39 60 sec: 953148 operations; [READ: Count=635381 Max=5115.90 Min=1.90 Avg=65.80 10=6.47 25=33.57 50=50.37 75=89.86 90=122.62 95=159.62 99=233.34 99.9=870.91 99.99=2086.91] [UPDATE: Count=317767 Max=29736.96 Min=6.12 Avg=13.77 10=9.20 25=10.18 50=11.75 75=13.62 90=15.86 95=17.38 99=22.64 99.9=338.94 99.99=2030.59]
2025-04-23 02:50:40 61 sec: 990376 operations; [READ: Count=660209 Max=5115.90 Min=1.90 Avg=64.58 10=6.33 25=33.22 50=49.18 75=89.02 90=120.70 95=157.57 99=232.06 99.9=857.09 99.99=2075.65] [UPDATE: Count=330167 Max=29736.96 Min=6.12 Avg=13.69 10=9.14 25=10.13 50=11.69 75=13.57 90=15.78 95=17.31 99=22.57 99.9=340.22 99.99=2030.59]
2025-04-23 02:50:41 62 sec: 1028083 operations; [READ: Count=685369 Max=5115.90 Min=1.90 Avg=63.43 10=6.20 25=32.90 50=48.06 75=88.19 90=118.91 95=155.65 99=230.78 99.9=843.77 99.99=2054.14] [UPDATE: Count=342714 Max=29736.96 Min=6.12 Avg=13.62 10=9.09 25=10.09 50=11.62 75=13.50 90=15.72 95=17.25 99=22.51 99.9=340.22 99.99=2004.99]
2025-04-23 02:50:42 63 sec: 1067075 operations; [READ: Count=711341 Max=5115.90 Min=1.90 Avg=62.27 10=6.08 25=32.61 50=46.88 75=87.30 90=117.25 95=153.73 99=229.38 99.9=822.27 99.99=2045.95] [UPDATE: Count=355734 Max=29736.96 Min=6.12 Avg=13.54 10=9.02 25=10.05 50=11.55 75=13.45 90=15.65 95=17.18 99=22.43 99.9=340.22 99.99=1997.82]
2025-04-23 02:50:43 64 sec: 1100753 operations; [READ: Count=733774 Max=5115.90 Min=1.90 Avg=61.52 10=6.01 25=32.40 50=45.82 75=86.59 90=116.35 95=152.96 99=230.78 99.9=810.50 99.99=2031.62] [UPDATE: Count=366979 Max=29736.96 Min=6.12 Avg=13.49 10=8.97 25=10.02 50=11.50 75=13.41 90=15.61 95=17.14 99=22.38 99.9=340.74 99.99=1965.06]
2025-04-23 02:50:44 65 sec: 1138944 operations; [READ: Count=759175 Max=5115.90 Min=1.90 Avg=60.54 10=5.95 25=32.24 50=44.45 75=85.89 90=114.94 95=151.29 99=229.76 99.9=791.55 99.99=2027.52] [UPDATE: Count=379769 Max=29736.96 Min=6.12 Avg=13.45 10=8.94 25=10.00 50=11.48 75=13.38 90=15.57 95=17.10 99=22.34 99.9=340.22 99.99=1908.73]
2025-04-23 02:50:45 66 sec: 1178351 operations; [READ: Count=785533 Max=5115.90 Min=1.90 Avg=59.54 10=5.89 25=32.05 50=42.85 75=85.06 90=113.47 95=149.63 99=228.48 99.9=774.65 99.99=2006.02] [UPDATE: Count=392818 Max=29736.96 Min=6.12 Avg=13.42 10=8.91 25=9.98 50=11.45 75=13.37 90=15.55 95=17.09 99=22.29 99.9=340.74 99.99=1896.45]
2025-04-23 02:50:46 67 sec: 1217954 operations; [READ: Count=811855 Max=5115.90 Min=1.90 Avg=58.60 10=5.86 25=31.90 50=41.15 75=84.22 90=112.13 95=147.84 99=227.33 99.9=762.37 99.99=1990.65] [UPDATE: Count=406099 Max=29736.96 Min=6.12 Avg=13.40 10=8.89 25=9.97 50=11.44 75=13.36 90=15.54 95=17.07 99=22.25 99.9=343.30 99.99=1504.26]
2025-04-23 02:50:47 68 sec: 1259784 operations; [READ: Count=839848 Max=5115.90 Min=1.90 Avg=57.62 10=5.79 25=31.71 50=39.58 75=83.26 90=110.85 95=146.05 99=226.30 99.9=745.47 99.99=1985.54] [UPDATE: Count=419936 Max=29736.96 Min=6.11 Avg=13.34 10=8.83 25=9.95 50=11.39 75=13.32 90=15.49 95=17.02 99=22.21 99.9=341.50 99.99=1392.64]
2025-04-23 02:50:48 69 sec: 1299391 operations; [READ: Count=866254 Max=5115.90 Min=1.90 Avg=56.77 10=5.78 25=31.60 50=38.59 75=82.24 90=109.69 95=144.51 99=225.28 99.9=732.67 99.99=1977.34] [UPDATE: Count=433137 Max=29736.96 Min=6.11 Avg=13.36 10=8.85 25=9.96 50=11.41 75=13.34 90=15.52 95=17.05 99=22.21 99.9=344.57 99.99=1380.35]
2025-04-23 02:50:49 70 sec: 1329522 operations; [READ: Count=886330 Max=6000.64 Min=1.90 Avg=56.40 10=5.78 25=31.50 50=38.08 75=81.28 90=109.06 95=143.74 99=226.05 99.9=777.73 99.99=2038.78] [UPDATE: Count=443192 Max=29736.96 Min=6.11 Avg=13.43 10=8.85 25=9.96 50=11.43 75=13.35 90=15.54 95=17.07 99=22.30 99.9=350.46 99.99=1380.35]
2025-04-23 02:50:50 71 sec: 1370802 operations; [READ: Count=913917 Max=6000.64 Min=1.90 Avg=55.57 10=5.76 25=31.34 50=37.53 75=80.00 90=108.03 95=142.21 99=224.77 99.9=763.39 99.99=2031.62] [UPDATE: Count=456885 Max=29736.96 Min=6.09 Avg=13.43 10=8.81 25=9.94 50=11.41 75=13.34 90=15.51 95=17.05 99=22.41 99.9=350.98 99.99=1288.19]
2025-04-23 02:50:51 72 sec: 1407489 operations; [READ: Count=938344 Max=6000.64 Min=1.79 Avg=54.96 10=5.79 25=31.21 50=37.44 75=78.85 90=107.20 95=140.93 99=223.74 99.9=754.69 99.99=2027.52] [UPDATE: Count=469145 Max=29736.96 Min=6.09 Avg=13.47 10=8.80 25=9.94 50=11.41 75=13.36 90=15.55 95=17.10 99=22.54 99.9=355.84 99.99=1265.66]
2025-04-23 02:50:52 73 sec: 1432353 operations; [READ: Count=954977 Max=6000.64 Min=1.79 Avg=54.90 10=5.82 25=31.14 50=37.38 75=78.14 90=106.81 95=140.29 99=224.51 99.9=852.99 99.99=2066.43] [UPDATE: Count=477376 Max=29736.96 Min=6.09 Avg=13.51 10=8.80 25=9.94 50=11.43 75=13.38 90=15.58 95=17.12 99=22.66 99.9=358.91 99.99=1265.66]
2025-04-23 02:50:53 74 sec: 1470877 operations; [READ: Count=980636 Max=6000.64 Min=1.79 Avg=54.27 10=5.85 25=30.96 50=37.22 75=76.93 90=105.98 95=139.01 99=223.62 99.9=843.26 99.99=2048.00] [UPDATE: Count=490241 Max=29736.96 Min=6.06 Avg=13.52 10=8.77 25=9.94 50=11.41 75=13.38 90=15.58 95=17.14 99=22.78 99.9=361.98 99.99=1220.61]
2025-04-23 02:50:54 75 sec: 1499856 operations; [READ: Count=1000000 Max=6000.64 Min=1.79 Avg=53.80 10=5.86 25=30.82 50=37.02 75=76.03 90=105.41 95=137.98 99=222.85 99.9=835.07 99.99=2042.88] [UPDATE: Count=499856 Max=29736.96 Min=6.06 Avg=13.52 10=8.74 25=9.94 50=11.40 75=13.37 90=15.57 95=17.12 99=22.82 99.9=362.24 99.99=1206.27]
2025-04-23 02:50:55 76 sec: 1499856 operations; [READ: Count=1000000 Max=6000.64 Min=1.79 Avg=53.80 10=5.86 25=30.82 50=37.02 75=76.03 90=105.41 95=137.98 99=222.85 99.9=835.07 99.99=2042.88] [UPDATE: Count=499856 Max=29736.96 Min=6.06 Avg=13.52 10=8.74 25=9.94 50=11.40 75=13.37 90=15.57 95=17.12 99=22.82 99.9=362.24 99.99=1206.27]
2025-04-23 02:50:56 77 sec: 1499856 operations; [READ: Count=1000000 Max=6000.64 Min=1.79 Avg=53.80 10=5.86 25=30.82 50=37.02 75=76.03 90=105.41 95=137.98 99=222.85 99.9=835.07 99.99=2042.88] [UPDATE: Count=499856 Max=29736.96 Min=6.06 Avg=13.52 10=8.74 25=9.94 50=11.40 75=13.37 90=15.57 95=17.12 99=22.82 99.9=362.24 99.99=1206.27]
2025-04-23 02:50:56 77 sec: 1499856 operations; [READ: Count=1000000 Max=6000.64 Min=1.79 Avg=53.80 10=5.86 25=30.82 50=37.02 75=76.03 90=105.41 95=137.98 99=222.85 99.9=835.07 99.99=2042.88] [UPDATE: Count=499856 Max=29736.96 Min=6.06 Avg=13.52 10=8.74 25=9.94 50=11.40 75=13.37 90=15.57 95=17.12 99=22.82 99.9=362.24 99.99=1206.27]
Run runtime(sec): 77.6607
Run operations(ops): 1000000
Run throughput(ops/sec): 12876.5
