Running scope as unit: run-r1f3f763963d749d79bfcb533fd921689.scope
load file:/home/user/DataFiles/silesia_data/silesia.tar
2025-04-21 14:30:22 0 sec: 0 operations;
2025-04-21 14:30:23 1 sec: 37934 operations; [INSERT: Count=37934 Max=3450.88 Min=4.10 Avg=20.85 10=11.08 25=14.29 50=18.89 75=25.33 90=32.13 95=36.80 99=48.96 99.9=105.73 99.99=289.28]
2025-04-21 14:30:24 2 sec: 76761 operations; [INSERT: Count=76761 Max=3450.88 Min=4.10 Avg=21.01 10=11.62 25=14.72 50=19.23 75=25.54 90=32.09 95=36.45 99=46.11 99.9=86.97 99.99=290.30]
2025-04-21 14:30:25 3 sec: 115667 operations; [INSERT: Count=115667 Max=3450.88 Min=4.10 Avg=21.05 10=11.83 25=14.86 50=19.33 75=25.52 90=32.00 95=36.16 99=45.12 99.9=81.47 99.99=295.94]
2025-04-21 14:30:26 4 sec: 154759 operations; [INSERT: Count=154759 Max=3450.88 Min=4.10 Avg=21.05 10=11.94 25=14.93 50=19.36 75=25.49 90=31.86 95=35.90 99=44.61 99.9=78.85 99.99=299.26]
2025-04-21 14:30:27 5 sec: 193752 operations; [INSERT: Count=193752 Max=3450.88 Min=4.10 Avg=21.06 10=12.02 25=14.98 50=19.39 75=25.49 90=31.77 95=35.74 99=44.22 99.9=75.01 99.99=308.74]
2025-04-21 14:30:28 6 sec: 224145 operations; [INSERT: Count=224145 Max=12443.65 Min=4.10 Avg=22.03 10=12.23 25=15.32 50=20.02 75=26.57 90=33.57 95=38.30 99=50.43 99.9=86.27 99.99=317.69]
2025-04-21 14:30:29 7 sec: 253840 operations; [INSERT: Count=253840 Max=12443.65 Min=4.10 Avg=22.83 10=12.44 25=15.65 50=20.62 75=27.60 90=35.23 95=40.67 99=54.46 99.9=85.25 99.99=319.74]
2025-04-21 14:30:30 8 sec: 284013 operations; [INSERT: Count=284013 Max=12443.65 Min=4.10 Avg=23.42 10=12.62 25=15.94 50=21.14 75=28.40 90=36.38 95=42.24 99=56.29 99.9=84.73 99.99=320.00]
2025-04-21 14:30:31 9 sec: 312391 operations; [INSERT: Count=312391 Max=12443.65 Min=4.10 Avg=24.06 10=12.79 25=16.20 50=21.65 75=29.20 90=37.70 95=43.97 99=58.81 99.9=88.77 99.99=328.96]
2025-04-21 14:30:32 10 sec: 336275 operations; [INSERT: Count=336275 Max=12443.65 Min=4.10 Avg=24.98 10=12.96 25=16.50 50=22.25 75=30.30 90=39.68 95=46.94 99=64.03 99.9=98.11 99.99=342.27]
2025-04-21 14:30:33 11 sec: 364682 operations; [INSERT: Count=364682 Max=12443.65 Min=4.10 Avg=25.41 10=13.07 25=16.69 50=22.59 75=30.85 90=40.58 95=47.97 99=65.44 99.9=105.73 99.99=364.80]
2025-04-21 14:30:34 12 sec: 404575 operations; [INSERT: Count=404575 Max=12443.65 Min=4.10 Avg=25.03 10=12.79 25=16.37 50=22.22 75=30.40 90=40.00 95=47.33 99=64.61 99.9=103.87 99.99=361.73]
2025-04-21 14:30:35 13 sec: 448084 operations; [INSERT: Count=448084 Max=12443.65 Min=4.10 Avg=24.51 10=12.48 25=15.97 50=21.73 75=29.79 90=39.26 95=46.43 99=63.58 99.9=102.27 99.99=360.70]
2025-04-21 14:30:36 14 sec: 493057 operations; [INSERT: Count=493057 Max=12443.65 Min=4.10 Avg=24.01 10=12.02 25=15.53 50=21.26 75=29.30 90=38.66 95=45.73 99=62.72 99.9=100.80 99.99=364.80]
2025-04-21 14:30:37 15 sec: 536691 operations; [INSERT: Count=536691 Max=12443.65 Min=4.10 Avg=23.65 10=11.74 25=15.22 50=20.93 75=28.93 90=38.21 95=45.18 99=62.08 99.9=99.14 99.99=368.38]
2025-04-21 14:30:38 16 sec: 594664 operations; [INSERT: Count=594664 Max=12443.65 Min=4.10 Avg=22.70 10=10.86 25=14.29 50=19.90 75=27.95 90=37.31 95=44.29 99=61.18 99.9=97.34 99.99=367.87]
2025-04-21 14:30:39 17 sec: 655074 operations; [INSERT: Count=655074 Max=12443.65 Min=4.10 Avg=21.82 10=10.22 25=13.49 50=18.93 75=26.96 90=36.35 95=43.33 99=60.19 99.9=95.10 99.99=367.87]
2025-04-21 14:30:40 18 sec: 702451 operations; [INSERT: Count=702451 Max=42532.86 Min=4.10 Avg=21.54 10=10.05 25=13.16 50=18.45 75=26.37 90=35.71 95=42.69 99=59.49 99.9=94.21 99.99=379.65]
2025-04-21 14:30:41 19 sec: 756851 operations; [INSERT: Count=756851 Max=42532.86 Min=4.10 Avg=21.07 10=9.91 25=12.86 50=17.97 75=25.70 90=35.01 95=41.92 99=58.72 99.9=92.61 99.99=377.86]
2025-04-21 14:30:42 20 sec: 807087 operations; [INSERT: Count=807087 Max=42532.86 Min=4.10 Avg=20.79 10=9.86 25=12.69 50=17.66 75=25.23 90=34.53 95=41.50 99=58.98 99.9=93.57 99.99=403.97]
2025-04-21 14:30:43 21 sec: 846796 operations; [INSERT: Count=846796 Max=42532.86 Min=4.10 Avg=20.84 10=9.89 25=12.70 50=17.65 75=25.17 90=34.49 95=41.57 99=59.84 99.9=98.24 99.99=432.64]
2025-04-21 14:30:44 22 sec: 893956 operations; [INSERT: Count=893956 Max=42532.86 Min=4.10 Avg=20.68 10=9.85 25=12.58 50=17.41 75=24.83 90=34.17 95=41.38 99=60.35 99.9=100.29 99.99=480.51]
2025-04-21 14:30:45 23 sec: 942650 operations; [INSERT: Count=942650 Max=42532.86 Min=4.10 Avg=20.45 10=9.68 25=12.35 50=17.09 75=24.43 90=33.79 95=41.05 99=60.77 99.9=105.15 99.99=525.31]
2025-04-21 14:30:46 24 sec: 979108 operations; [INSERT: Count=979108 Max=42532.86 Min=4.10 Avg=20.54 10=9.70 25=12.36 50=17.09 75=24.45 90=33.89 95=41.34 99=62.30 99.9=115.45 99.99=540.67]
2025-04-21 14:30:47 25 sec: 1000000 operations; [INSERT: Count=1000000 Max=42532.86 Min=4.10 Avg=20.60 10=9.65 25=12.29 50=16.99 75=24.32 90=33.82 95=41.31 99=62.81 99.9=122.05 99.99=562.69]
2025-04-21 14:30:48 26 sec: 1000000 operations; [INSERT: Count=1000000 Max=42532.86 Min=4.10 Avg=20.60 10=9.65 25=12.29 50=16.99 75=24.32 90=33.82 95=41.31 99=62.81 99.9=122.05 99.99=562.69]
2025-04-21 14:30:49 27 sec: 1000000 operations; [INSERT: Count=1000000 Max=42532.86 Min=4.10 Avg=20.60 10=9.65 25=12.29 50=16.99 75=24.32 90=33.82 95=41.31 99=62.81 99.9=122.05 99.99=562.69]
2025-04-21 14:30:50 28 sec: 1000000 operations; [INSERT: Count=1000000 Max=42532.86 Min=4.10 Avg=20.60 10=9.65 25=12.29 50=16.99 75=24.32 90=33.82 95=41.31 99=62.81 99.9=122.05 99.99=562.69]
2025-04-21 14:30:51 29 sec: 1000000 operations; [INSERT: Count=1000000 Max=42532.86 Min=4.10 Avg=20.60 10=9.65 25=12.29 50=16.99 75=24.32 90=33.82 95=41.31 99=62.81 99.9=122.05 99.99=562.69]
2025-04-21 14:30:52 30 sec: 1000000 operations; [INSERT: Count=1000000 Max=42532.86 Min=4.10 Avg=20.60 10=9.65 25=12.29 50=16.99 75=24.32 90=33.82 95=41.31 99=62.81 99.9=122.05 99.99=562.69]
2025-04-21 14:30:53 31 sec: 1000000 operations; [INSERT: Count=1000000 Max=42532.86 Min=4.10 Avg=20.60 10=9.65 25=12.29 50=16.99 75=24.32 90=33.82 95=41.31 99=62.81 99.9=122.05 99.99=562.69]
2025-04-21 14:30:54 32 sec: 1000000 operations; [INSERT: Count=1000000 Max=42532.86 Min=4.10 Avg=20.60 10=9.65 25=12.29 50=16.99 75=24.32 90=33.82 95=41.31 99=62.81 99.9=122.05 99.99=562.69]
2025-04-21 14:30:55 33 sec: 1000000 operations; [INSERT: Count=1000000 Max=42532.86 Min=4.10 Avg=20.60 10=9.65 25=12.29 50=16.99 75=24.32 90=33.82 95=41.31 99=62.81 99.9=122.05 99.99=562.69]
2025-04-21 14:30:56 34 sec: 1000000 operations; [INSERT: Count=1000000 Max=42532.86 Min=4.10 Avg=20.60 10=9.65 25=12.29 50=16.99 75=24.32 90=33.82 95=41.31 99=62.81 99.9=122.05 99.99=562.69]
2025-04-21 14:30:57 35 sec: 1000000 operations; [INSERT: Count=1000000 Max=42532.86 Min=4.10 Avg=20.60 10=9.65 25=12.29 50=16.99 75=24.32 90=33.82 95=41.31 99=62.81 99.9=122.05 99.99=562.69]
2025-04-21 14:30:58 36 sec: 1000000 operations; [INSERT: Count=1000000 Max=42532.86 Min=4.10 Avg=20.60 10=9.65 25=12.29 50=16.99 75=24.32 90=33.82 95=41.31 99=62.81 99.9=122.05 99.99=562.69]
2025-04-21 14:30:58 36 sec: 1000000 operations; [INSERT: Count=1000000 Max=42532.86 Min=4.10 Avg=20.60 10=9.65 25=12.29 50=16.99 75=24.32 90=33.82 95=41.31 99=62.81 99.9=122.05 99.99=562.69]
Load runtime(sec): 36.584
Load operations(ops): 1000000
Load throughput(ops/sec): 27334.4
