Running scope as unit: run-r84bece67e53e4f24aba2e1fa03eb87c9.scope
load file:/home/user/DataFiles/silesia_data/silesia.tar
2025-04-23 03:00:27 0 sec: 0 operations;
2025-04-23 03:00:28 1 sec: 0 operations;
2025-04-23 03:00:29 2 sec: 0 operations;
2025-04-23 03:00:30 3 sec: 0 operations;
2025-04-23 03:00:31 4 sec: 0 operations;
2025-04-23 03:00:32 5 sec: 0 operations;
2025-04-23 03:00:33 6 sec: 0 operations;
2025-04-23 03:00:34 7 sec: 0 operations;
2025-04-23 03:00:35 8 sec: 0 operations;
2025-04-23 03:00:36 9 sec: 0 operations;
2025-04-23 03:00:37 10 sec: 0 operations;
2025-04-23 03:00:38 11 sec: 0 operations;
2025-04-23 03:00:39 12 sec: 0 operations;
2025-04-23 03:00:40 13 sec: 0 operations;
2025-04-23 03:00:41 14 sec: 0 operations;
2025-04-23 03:00:42 15 sec: 0 operations;
2025-04-23 03:00:43 16 sec: 0 operations;
2025-04-23 03:00:44 17 sec: 0 operations;
2025-04-23 03:00:45 18 sec: 0 operations;
2025-04-23 03:00:46 19 sec: 0 operations;
2025-04-23 03:00:47 20 sec: 0 operations;
2025-04-23 03:00:48 21 sec: 0 operations;
2025-04-23 03:00:49 22 sec: 0 operations;
2025-04-23 03:00:50 23 sec: 0 operations;
2025-04-23 03:00:51 24 sec: 0 operations;
2025-04-23 03:00:52 25 sec: 0 operations;
2025-04-23 03:00:53 26 sec: 0 operations;
2025-04-23 03:00:54 27 sec: 0 operations;
2025-04-23 03:00:55 28 sec: 0 operations;
2025-04-23 03:00:56 29 sec: 0 operations;
2025-04-23 03:00:57 30 sec: 0 operations;
2025-04-23 03:00:58 31 sec: 0 operations;
2025-04-23 03:00:59 32 sec: 0 operations;
2025-04-23 03:01:00 33 sec: 0 operations;
2025-04-23 03:01:01 34 sec: 0 operations;
2025-04-23 03:01:02 35 sec: 0 operations;
2025-04-23 03:01:03 36 sec: 0 operations;
2025-04-23 03:01:04 37 sec: 0 operations;
2025-04-23 03:01:05 38 sec: 0 operations;
2025-04-23 03:01:06 39 sec: 0 operations;
2025-04-23 03:01:07 40 sec: 0 operations;
2025-04-23 03:01:08 41 sec: 0 operations;
2025-04-23 03:01:09 42 sec: 0 operations;
2025-04-23 03:01:10 43 sec: 0 operations;
2025-04-23 03:01:11 44 sec: 0 operations;
2025-04-23 03:01:12 45 sec: 0 operations;
2025-04-23 03:01:13 46 sec: 0 operations;
2025-04-23 03:01:14 47 sec: 0 operations;
2025-04-23 03:01:15 48 sec: 0 operations;
2025-04-23 03:01:16 49 sec: 0 operations;
2025-04-23 03:01:17 50 sec: 0 operations;
2025-04-23 03:01:18 51 sec: 0 operations;
2025-04-23 03:01:19 52 sec: 0 operations;
2025-04-23 03:01:20 53 sec: 0 operations;
2025-04-23 03:01:21 54 sec: 0 operations;
2025-04-23 03:01:22 55 sec: 0 operations;
2025-04-23 03:01:23 56 sec: 0 operations;
2025-04-23 03:01:24 57 sec: 0 operations;
2025-04-23 03:01:25 58 sec: 0 operations;
2025-04-23 03:01:26 59 sec: 0 operations;
2025-04-23 03:01:27 60 sec: 0 operations;
2025-04-23 03:01:28 61 sec: 0 operations;
2025-04-23 03:01:29 62 sec: 0 operations;
2025-04-23 03:01:30 63 sec: 0 operations;
2025-04-23 03:01:31 64 sec: 0 operations;
2025-04-23 03:01:32 65 sec: 0 operations;
2025-04-23 03:01:33 66 sec: 0 operations;
2025-04-23 03:01:34 67 sec: 0 operations;
2025-04-23 03:01:35 68 sec: 0 operations;
2025-04-23 03:01:36 69 sec: 0 operations;
2025-04-23 03:01:37 70 sec: 0 operations;
2025-04-23 03:01:38 71 sec: 0 operations;
2025-04-23 03:01:39 72 sec: 0 operations;
2025-04-23 03:01:40 73 sec: 0 operations;
2025-04-23 03:01:41 74 sec: 0 operations;
2025-04-23 03:01:42 75 sec: 0 operations;
2025-04-23 03:01:43 76 sec: 0 operations;
2025-04-23 03:01:44 77 sec: 0 operations;
2025-04-23 03:01:45 78 sec: 0 operations;
2025-04-23 03:01:46 79 sec: 0 operations;
2025-04-23 03:01:47 80 sec: 0 operations;
2025-04-23 03:01:48 81 sec: 0 operations;
2025-04-23 03:01:49 82 sec: 15368 operations; [READ: Count=10201 Max=2028.54 Min=2.99 Avg=87.18 10=35.84 25=53.15 50=73.79 75=101.50 90=143.87 95=181.50 99=316.16 99.9=1075.20 99.99=1461.25] [UPDATE: Count=5167 Max=1934.34 Min=6.31 Avg=15.45 10=10.70 25=11.90 50=13.65 75=15.84 90=18.27 95=20.11 99=25.61 99.9=391.68 99.99=842.75]
2025-04-23 03:01:50 83 sec: 32382 operations; [READ: Count=21577 Max=2028.54 Min=2.87 Avg=82.90 10=34.75 25=52.29 50=71.94 75=98.37 90=140.16 95=174.08 99=247.42 99.9=856.06 99.99=1453.06] [UPDATE: Count=10805 Max=1934.34 Min=6.31 Avg=15.53 10=10.86 25=12.18 50=13.97 75=16.25 90=18.86 95=20.80 99=27.45 99.9=315.90 99.99=842.75]
2025-04-23 03:01:51 84 sec: 50184 operations; [READ: Count=33375 Max=2028.54 Min=2.85 Avg=80.49 10=34.05 25=51.49 50=70.59 75=96.06 90=136.96 95=169.73 99=232.19 99.9=702.98 99.99=1406.97] [UPDATE: Count=16809 Max=1934.34 Min=6.31 Avg=15.34 10=10.81 25=11.99 50=13.70 75=15.97 90=18.54 95=20.50 99=26.99 99.9=298.24 99.99=1410.05]
2025-04-23 03:01:52 85 sec: 68019 operations; [READ: Count=45337 Max=2028.54 Min=2.78 Avg=79.25 10=33.41 25=50.88 50=69.95 75=95.10 90=134.66 95=168.19 99=227.71 99.9=580.61 99.99=1291.26] [UPDATE: Count=22682 Max=1934.34 Min=6.22 Avg=14.94 10=10.76 25=11.87 50=13.50 75=15.76 90=18.27 95=20.22 99=26.56 99.9=266.75 99.99=1410.05]
2025-04-23 03:01:53 86 sec: 85441 operations; [READ: Count=56959 Max=2028.54 Min=2.78 Avg=78.90 10=33.31 25=50.85 50=69.95 75=94.97 90=133.76 95=167.04 99=225.79 99.9=502.01 99.99=1206.27] [UPDATE: Count=28482 Max=1934.34 Min=6.22 Avg=14.96 10=10.74 25=11.83 50=13.45 75=15.68 90=18.19 95=20.09 99=26.64 99.9=271.87 99.99=1594.37]
2025-04-23 03:01:54 87 sec: 102193 operations; [READ: Count=68135 Max=2028.54 Min=2.78 Avg=78.79 10=33.05 25=50.49 50=69.50 75=94.53 90=132.74 95=166.27 99=229.76 99.9=651.26 99.99=1206.27] [UPDATE: Count=34058 Max=13983.74 Min=6.22 Avg=15.88 10=10.73 25=11.83 50=13.41 75=15.64 90=18.11 95=20.03 99=26.54 99.9=272.64 99.99=3991.55]
2025-04-23 03:01:55 88 sec: 119966 operations; [READ: Count=79966 Max=2028.54 Min=2.78 Avg=78.42 10=32.83 25=50.40 50=69.50 75=94.40 90=131.71 95=165.12 99=225.66 99.9=631.29 99.99=1172.48] [UPDATE: Count=40000 Max=13983.74 Min=6.22 Avg=15.65 10=10.74 25=11.84 50=13.41 75=15.65 90=18.13 95=20.06 99=26.66 99.9=257.79 99.99=1934.34]
2025-04-23 03:01:56 89 sec: 138094 operations; [READ: Count=92101 Max=2028.54 Min=2.78 Avg=77.89 10=32.45 25=50.27 50=69.38 75=94.14 90=130.69 95=163.58 99=222.72 99.9=595.46 99.99=1098.75] [UPDATE: Count=45993 Max=13983.74 Min=6.22 Avg=15.45 10=10.74 25=11.84 50=13.39 75=15.62 90=18.09 95=20.05 99=26.69 99.9=249.98 99.99=1902.59]
2025-04-23 03:01:57 90 sec: 156291 operations; [READ: Count=104206 Max=2028.54 Min=2.78 Avg=77.42 10=31.98 25=50.02 50=69.18 75=93.82 90=129.92 95=162.56 99=220.16 99.9=569.86 99.99=1086.46] [UPDATE: Count=52085 Max=13983.74 Min=6.22 Avg=15.45 10=10.74 25=11.84 50=13.38 75=15.59 90=18.06 95=20.03 99=26.80 99.9=257.79 99.99=1902.59]
2025-04-23 03:01:58 91 sec: 173492 operations; [READ: Count=115662 Max=2028.54 Min=2.78 Avg=77.48 10=31.60 25=49.89 50=69.25 75=94.08 90=130.30 95=162.18 99=221.06 99.9=572.93 99.99=1075.20] [UPDATE: Count=57830 Max=13983.74 Min=6.22 Avg=15.54 10=10.75 25=11.86 50=13.43 75=15.68 90=18.19 95=20.22 99=27.33 99.9=288.25 99.99=1625.09]
2025-04-23 03:01:59 92 sec: 190565 operations; [READ: Count=126994 Max=2028.54 Min=2.77 Avg=77.62 10=31.25 25=49.60 50=69.18 75=94.33 90=130.81 95=162.05 99=225.41 99.9=606.21 99.99=1086.46] [UPDATE: Count=63571 Max=13983.74 Min=6.22 Avg=15.59 10=10.75 25=11.86 50=13.41 75=15.65 90=18.16 95=20.16 99=27.36 99.9=301.82 99.99=1934.34]
2025-04-23 03:02:00 93 sec: 206796 operations; [READ: Count=137829 Max=2028.54 Min=2.52 Avg=78.09 10=30.75 25=49.18 50=68.93 75=94.46 90=131.46 95=162.43 99=232.70 99.9=754.69 99.99=1291.26] [UPDATE: Count=68967 Max=13983.74 Min=6.18 Avg=15.57 10=10.73 25=11.85 50=13.41 75=15.63 90=18.11 95=20.08 99=27.38 99.9=325.89 99.99=1902.59]
2025-04-23 03:02:01 94 sec: 223940 operations; [READ: Count=149250 Max=2028.54 Min=2.52 Avg=78.14 10=30.27 25=48.96 50=68.86 75=94.85 90=132.74 95=162.94 99=232.83 99.9=743.42 99.99=1220.61] [UPDATE: Count=74690 Max=13983.74 Min=6.18 Avg=15.57 10=10.73 25=11.85 50=13.41 75=15.62 90=18.09 95=20.05 99=27.42 99.9=338.18 99.99=1902.59]
2025-04-23 03:02:02 95 sec: 240248 operations; [READ: Count=160105 Max=2028.54 Min=2.52 Avg=78.47 10=29.74 25=48.80 50=68.86 75=95.30 90=134.27 95=164.35 99=243.84 99.9=737.79 99.99=1211.39] [UPDATE: Count=80143 Max=13983.74 Min=6.18 Avg=15.61 10=10.72 25=11.86 50=13.41 75=15.62 90=18.09 95=20.03 99=27.61 99.9=351.49 99.99=1694.72]
2025-04-23 03:02:03 96 sec: 256850 operations; [READ: Count=171206 Max=2028.54 Min=2.52 Avg=78.66 10=29.18 25=48.67 50=68.86 75=95.61 90=135.17 95=165.38 99=249.60 99.9=723.46 99.99=1206.27] [UPDATE: Count=85644 Max=13983.74 Min=6.18 Avg=15.60 10=10.71 25=11.86 50=13.41 75=15.62 90=18.08 95=20.02 99=27.66 99.9=353.79 99.99=1625.09]
2025-04-23 03:02:04 97 sec: 274101 operations; [READ: Count=182712 Max=2028.54 Min=2.52 Avg=78.63 10=28.37 25=48.51 50=68.86 75=95.81 90=135.42 95=165.50 99=252.54 99.9=705.02 99.99=1172.48] [UPDATE: Count=91389 Max=13983.74 Min=6.18 Avg=15.58 10=10.70 25=11.85 50=13.41 75=15.61 90=18.06 95=19.98 99=27.68 99.9=353.79 99.99=1625.09]
2025-04-23 03:02:05 98 sec: 290430 operations; [READ: Count=193667 Max=2028.54 Min=2.52 Avg=78.80 10=27.42 25=48.26 50=68.61 75=95.61 90=135.42 95=165.89 99=269.82 99.9=745.47 99.99=1206.27] [UPDATE: Count=96763 Max=13983.74 Min=6.18 Avg=15.69 10=10.69 25=11.85 50=13.40 75=15.60 90=18.05 95=19.95 99=27.71 99.9=356.35 99.99=1902.59]
2025-04-23 03:02:06 99 sec: 308332 operations; [READ: Count=205619 Max=2028.54 Min=2.52 Avg=78.58 10=26.46 25=48.19 50=68.67 75=95.81 90=135.04 95=164.99 99=263.94 99.9=736.77 99.99=1172.48] [UPDATE: Count=102713 Max=13983.74 Min=6.18 Avg=15.68 10=10.68 25=11.86 50=13.40 75=15.61 90=18.06 95=19.95 99=27.81 99.9=360.96 99.99=1902.59]
2025-04-23 03:02:07 100 sec: 327439 operations; [READ: Count=218322 Max=2028.54 Min=2.34 Avg=78.05 10=25.14 25=47.84 50=68.42 75=95.42 90=134.14 95=163.84 99=261.63 99.9=717.31 99.99=1166.34] [UPDATE: Count=109117 Max=13983.74 Min=6.18 Avg=15.71 10=10.66 25=11.85 50=13.40 75=15.64 90=18.09 95=20.02 99=27.93 99.9=366.08 99.99=1902.59]
2025-04-23 03:02:08 101 sec: 348640 operations; [READ: Count=232432 Max=2028.54 Min=2.34 Avg=77.08 10=23.81 25=47.20 50=67.71 75=94.59 90=132.35 95=162.05 99=256.64 99.9=705.53 99.99=1150.97] [UPDATE: Count=116208 Max=13983.74 Min=6.18 Avg=15.68 10=10.62 25=11.80 50=13.34 75=15.57 90=18.00 95=19.89 99=27.93 99.9=377.09 99.99=1902.59]
2025-04-23 03:02:09 102 sec: 370571 operations; [READ: Count=247092 Max=2028.54 Min=2.34 Avg=76.07 10=22.80 25=46.53 50=67.07 75=93.69 90=130.37 95=160.00 99=251.90 99.9=693.76 99.99=1116.16] [UPDATE: Count=123479 Max=13983.74 Min=6.18 Avg=15.60 10=10.55 25=11.75 50=13.28 75=15.50 90=17.90 95=19.77 99=27.93 99.9=372.99 99.99=1902.59]
2025-04-23 03:02:10 103 sec: 388485 operations; [READ: Count=259041 Max=2028.54 Min=2.34 Avg=76.04 10=22.38 25=45.44 50=66.88 75=93.95 90=129.53 95=160.25 99=273.92 99.9=718.85 99.99=1116.16] [UPDATE: Count=129444 Max=13983.74 Min=6.18 Avg=15.57 10=10.20 25=11.60 50=13.18 75=15.38 90=17.79 95=19.66 99=27.90 99.9=379.65 99.99=1934.34]
2025-04-23 03:02:11 104 sec: 410902 operations; [READ: Count=273915 Max=2028.54 Min=2.34 Avg=75.18 10=21.55 25=43.94 50=66.62 75=93.69 90=127.74 95=158.59 99=272.38 99.9=709.12 99.99=1113.09] [UPDATE: Count=136987 Max=13983.74 Min=6.18 Avg=15.36 10=9.91 25=11.41 50=13.05 75=15.24 90=17.66 95=19.52 99=27.71 99.9=372.99 99.99=1902.59]
2025-04-23 03:02:12 105 sec: 433624 operations; [READ: Count=289082 Max=2028.54 Min=2.28 Avg=74.34 10=20.67 25=42.21 50=66.30 75=93.44 90=125.82 95=156.93 99=272.13 99.9=698.37 99.99=1110.02] [UPDATE: Count=144542 Max=13983.74 Min=6.18 Avg=15.18 10=9.72 25=11.21 50=12.92 75=15.09 90=17.55 95=19.41 99=27.60 99.9=370.43 99.99=1902.59]
2025-04-23 03:02:13 106 sec: 457203 operations; [READ: Count=304835 Max=2028.54 Min=2.28 Avg=73.43 10=19.74 25=40.06 50=65.98 75=93.12 90=123.90 95=155.13 99=267.01 99.9=684.03 99.99=1110.02] [UPDATE: Count=152368 Max=13983.74 Min=6.18 Avg=15.01 10=9.62 25=11.02 50=12.80 75=14.94 90=17.42 95=19.26 99=27.41 99.9=366.08 99.99=1694.72]
2025-04-23 03:02:14 107 sec: 481232 operations; [READ: Count=320803 Max=2028.54 Min=2.22 Avg=72.55 10=18.75 25=37.31 50=65.53 75=92.86 90=122.05 95=153.22 99=263.17 99.9=675.33 99.99=1104.89] [UPDATE: Count=160429 Max=13983.74 Min=6.18 Avg=14.83 10=9.54 25=10.80 50=12.69 75=14.81 90=17.30 95=19.14 99=27.17 99.9=360.70 99.99=1625.09]
2025-04-23 03:02:15 108 sec: 503636 operations; [READ: Count=335733 Max=2028.54 Min=2.22 Avg=72.00 10=17.55 25=35.30 50=65.02 75=92.73 90=121.02 95=152.45 99=273.92 99.9=670.21 99.99=1089.54] [UPDATE: Count=167903 Max=13983.74 Min=6.18 Avg=14.70 10=9.48 25=10.62 50=12.59 75=14.70 90=17.20 95=19.04 99=27.02 99.9=358.65 99.99=1602.56]
2025-04-23 03:02:16 109 sec: 529019 operations; [READ: Count=352724 Max=2028.54 Min=2.18 Avg=71.05 10=15.70 25=34.11 50=64.35 75=92.42 90=119.36 95=150.40 99=269.06 99.9=659.97 99.99=1086.46] [UPDATE: Count=176295 Max=13983.74 Min=6.18 Avg=14.54 10=9.42 25=10.44 50=12.49 75=14.57 90=17.10 95=18.91 99=26.85 99.9=356.10 99.99=1594.37]
2025-04-23 03:02:17 110 sec: 555267 operations; [READ: Count=370248 Max=2028.54 Min=2.14 Avg=70.07 10=13.03 25=33.41 50=63.49 75=92.09 90=117.63 95=148.48 99=262.91 99.9=651.26 99.99=1083.39] [UPDATE: Count=185019 Max=13983.74 Min=6.18 Avg=14.42 10=9.38 25=10.30 50=12.38 75=14.44 90=16.99 95=18.82 99=26.70 99.9=353.79 99.99=1507.33]
2025-04-23 03:02:18 111 sec: 582190 operations; [READ: Count=388255 Max=2028.54 Min=2.14 Avg=69.09 10=10.83 25=32.93 50=62.56 75=91.78 90=115.97 95=146.43 99=257.02 99.9=643.07 99.99=1073.15] [UPDATE: Count=193935 Max=13983.74 Min=6.18 Avg=14.29 10=9.34 25=10.20 50=12.29 75=14.32 90=16.88 95=18.70 99=26.56 99.9=351.23 99.99=1507.33]
2025-04-23 03:02:19 112 sec: 610281 operations; [READ: Count=406924 Max=2028.54 Min=2.14 Avg=68.05 10=9.59 25=32.59 50=61.38 75=91.45 90=114.24 95=144.64 99=251.90 99.9=634.37 99.99=1064.96] [UPDATE: Count=203357 Max=13983.74 Min=6.18 Avg=14.19 10=9.31 25=10.13 50=12.18 75=14.21 90=16.78 95=18.59 99=26.51 99.9=346.11 99.99=1425.41]
2025-04-23 03:02:20 113 sec: 637002 operations; [READ: Count=424744 Max=2028.54 Min=2.14 Avg=67.26 10=8.81 25=32.32 50=60.13 75=91.07 90=113.09 95=143.74 99=258.18 99.9=631.29 99.99=1057.79] [UPDATE: Count=212258 Max=13983.74 Min=6.18 Avg=14.10 10=9.28 25=10.07 50=12.09 75=14.11 90=16.69 95=18.50 99=26.45 99.9=342.01 99.99=1425.41]
2025-04-23 03:02:21 114 sec: 667760 operations; [READ: Count=445156 Max=2028.54 Min=2.00 Avg=66.11 10=8.22 25=32.06 50=58.53 75=90.62 90=111.42 95=141.69 99=252.67 99.9=623.10 99.99=1049.60] [UPDATE: Count=222604 Max=13983.74 Min=6.18 Avg=13.99 10=9.24 25=10.02 50=11.98 75=14.00 90=16.57 95=18.40 99=26.37 99.9=336.89 99.99=1410.05]
2025-04-23 03:02:22 115 sec: 699275 operations; [READ: Count=466223 Max=2028.54 Min=2.00 Avg=64.96 10=7.75 25=31.86 50=56.70 75=90.11 90=109.69 95=139.78 99=247.04 99.9=616.96 99.99=1036.29] [UPDATE: Count=233052 Max=13983.74 Min=6.18 Avg=13.89 10=9.21 25=9.97 50=11.88 75=13.91 90=16.48 95=18.30 99=26.34 99.9=334.59 99.99=1292.29]
2025-04-23 03:02:23 116 sec: 732573 operations; [READ: Count=488372 Max=2028.54 Min=2.00 Avg=63.75 10=7.31 25=31.70 50=54.46 75=89.53 90=108.03 95=137.85 99=242.05 99.9=608.77 99.99=1034.75] [UPDATE: Count=244201 Max=13983.74 Min=6.18 Avg=13.81 10=9.18 25=9.94 50=11.78 75=13.82 90=16.38 95=18.21 99=26.35 99.9=332.54 99.99=1251.33]
2025-04-23 03:02:24 117 sec: 767766 operations; [READ: Count=511857 Max=2028.54 Min=2.00 Avg=62.47 10=6.95 25=31.52 50=51.68 75=88.96 90=106.37 95=135.94 99=236.80 99.9=602.11 99.99=1032.19] [UPDATE: Count=255909 Max=13983.74 Min=6.17 Avg=13.71 10=9.14 25=9.90 50=11.67 75=13.73 90=16.27 95=18.13 99=26.29 99.9=328.19 99.99=1069.06]
2025-04-23 03:02:25 118 sec: 803384 operations; [READ: Count=535629 Max=2028.54 Min=2.00 Avg=61.25 10=6.65 25=31.38 50=48.51 75=88.38 90=105.02 95=134.27 99=235.13 99.9=596.48 99.99=1021.44] [UPDATE: Count=267755 Max=13983.74 Min=6.17 Avg=13.65 10=9.10 25=9.86 50=11.56 75=13.65 90=16.18 95=18.03 99=26.25 99.9=324.10 99.99=1069.06]
2025-04-23 03:02:26 119 sec: 840789 operations; [READ: Count=560533 Max=2028.54 Min=2.00 Avg=60.01 10=6.41 25=31.25 50=45.34 75=87.74 90=103.81 95=132.48 99=232.83 99.9=591.36 99.99=1014.78] [UPDATE: Count=280256 Max=13983.74 Min=6.17 Avg=13.57 10=9.06 25=9.83 50=11.44 75=13.57 90=16.08 95=17.93 99=26.22 99.9=321.02 99.99=1043.45]
2025-04-23 03:02:27 120 sec: 876953 operations; [READ: Count=584563 Max=53116.93 Min=2.00 Avg=58.89 10=6.22 25=31.14 50=41.89 75=87.17 90=102.78 95=130.62 99=229.25 99.9=581.12 99.99=1009.15] [UPDATE: Count=292390 Max=44859.39 Min=6.17 Avg=13.65 10=9.02 25=9.81 50=11.34 75=13.51 90=15.97 95=17.84 99=26.18 99.9=318.46 99.99=1043.45]
2025-04-23 03:02:28 121 sec: 915800 operations; [READ: Count=610452 Max=53116.93 Min=2.00 Avg=57.64 10=6.06 25=31.01 50=37.60 75=86.59 90=101.76 95=128.64 99=225.41 99.9=572.41 99.99=1004.03] [UPDATE: Count=305348 Max=60424.19 Min=6.17 Avg=13.77 10=8.97 25=9.79 50=11.24 75=13.44 90=15.89 95=17.74 99=26.21 99.9=315.90 99.99=1031.68]
2025-04-23 03:02:29 122 sec: 952392 operations; [READ: Count=634875 Max=53116.93 Min=2.00 Avg=56.53 10=5.93 25=30.91 50=35.77 75=85.95 90=100.93 95=126.91 99=222.34 99.9=566.78 99.99=1000.96] [UPDATE: Count=317517 Max=60424.19 Min=6.17 Avg=14.12 10=8.94 25=9.78 50=11.17 75=13.40 90=15.82 95=17.70 99=26.86 99.9=351.49 99.99=2265.09]
2025-04-23 03:02:30 123 sec: 981388 operations; [READ: Count=654195 Max=53116.93 Min=2.00 Avg=55.72 10=5.86 25=30.86 50=35.13 75=85.44 90=100.35 95=125.63 99=220.54 99.9=562.17 99.99=996.86] [UPDATE: Count=327193 Max=60424.19 Min=6.17 Avg=15.00 10=8.92 25=9.77 50=11.14 75=13.38 90=15.81 95=17.74 99=29.77 99.9=460.80 99.99=2684.93]
2025-04-23 03:02:31 124 sec: 1010681 operations; [READ: Count=673758 Max=53116.93 Min=2.00 Avg=54.92 10=5.79 25=30.82 50=34.75 75=84.86 90=99.78 95=124.42 99=218.50 99.9=555.52 99.99=992.77] [UPDATE: Count=336923 Max=60424.19 Min=6.17 Avg=15.84 10=8.90 25=9.76 50=11.12 75=13.36 90=15.80 95=17.77 99=70.33 99.9=561.15 99.99=2842.62]
2025-04-23 03:02:32 125 sec: 1053315 operations; [READ: Count=702238 Max=53116.93 Min=2.00 Avg=53.77 10=5.69 25=30.72 50=34.37 75=83.84 90=99.07 95=122.62 99=215.04 99.9=547.33 99.99=991.74] [UPDATE: Count=351077 Max=60424.19 Min=6.17 Avg=15.81 10=8.83 25=9.74 50=11.04 75=13.30 90=15.71 95=17.70 99=81.86 99.9=570.37 99.99=2840.57]
2025-04-23 03:02:33 126 sec: 1098448 operations; [READ: Count=732382 Max=53116.93 Min=2.00 Avg=52.65 10=5.59 25=30.62 50=34.08 75=82.05 90=98.37 95=120.89 99=211.33 99.9=541.18 99.99=976.38] [UPDATE: Count=366066 Max=60424.19 Min=6.17 Avg=15.65 10=8.78 25=9.73 50=10.97 75=13.25 90=15.63 95=17.61 99=79.61 99.9=545.79 99.99=2824.19]
2025-04-23 03:02:34 127 sec: 1143152 operations; [READ: Count=762249 Max=53116.93 Min=2.00 Avg=51.62 10=5.54 25=30.53 50=33.92 75=79.23 90=97.73 95=119.30 99=207.87 99.9=533.50 99.99=972.80] [UPDATE: Count=380903 Max=60424.19 Min=6.17 Avg=15.52 10=8.73 25=9.72 50=10.94 75=13.22 90=15.58 95=17.55 99=78.27 99.9=534.01 99.99=2793.47]
2025-04-23 03:02:35 128 sec: 1188196 operations; [READ: Count=792258 Max=53116.93 Min=2.00 Avg=50.67 10=5.47 25=30.45 50=33.79 75=76.42 90=97.15 95=117.76 99=204.41 99.9=526.85 99.99=965.12] [UPDATE: Count=395938 Max=60424.19 Min=6.17 Avg=15.38 10=8.65 25=9.70 50=10.88 75=13.18 90=15.50 95=17.45 99=76.93 99.9=521.47 99.99=2770.94]
2025-04-23 03:02:36 129 sec: 1233118 operations; [READ: Count=822177 Max=53116.93 Min=2.00 Avg=49.80 10=5.42 25=30.35 50=33.66 75=73.73 90=96.64 95=116.35 99=202.24 99.9=528.38 99.99=960.51] [UPDATE: Count=410941 Max=60424.19 Min=6.17 Avg=15.24 10=8.58 25=9.69 50=10.82 75=13.13 90=15.43 95=17.38 99=75.20 99.9=516.61 99.99=2764.80]
2025-04-23 03:02:37 130 sec: 1279306 operations; [READ: Count=852995 Max=53116.93 Min=2.00 Avg=48.93 10=5.36 25=30.24 50=33.60 75=71.17 90=96.13 95=114.81 99=199.17 99.9=521.47 99.99=956.93] [UPDATE: Count=426311 Max=60424.19 Min=6.17 Avg=15.11 10=8.52 25=9.67 50=10.77 75=13.10 90=15.37 95=17.30 99=71.10 99.9=506.37 99.99=2752.51]
2025-04-23 03:02:38 131 sec: 1322509 operations; [READ: Count=881802 Max=53116.93 Min=2.00 Avg=48.24 10=5.33 25=30.13 50=33.57 75=68.80 90=95.68 95=113.47 99=196.86 99.9=515.84 99.99=947.71] [UPDATE: Count=440707 Max=60424.19 Min=6.17 Avg=15.02 10=8.48 25=9.65 50=10.74 75=13.07 90=15.32 95=17.25 99=76.93 99.9=496.89 99.99=2752.51]
2025-04-23 03:02:39 132 sec: 1362812 operations; [READ: Count=908612 Max=53116.93 Min=2.00 Avg=47.69 10=5.30 25=30.02 50=33.57 75=66.88 90=95.30 95=112.25 99=194.69 99.9=511.23 99.99=945.66] [UPDATE: Count=454200 Max=60424.19 Min=6.17 Avg=14.97 10=8.45 25=9.65 50=10.73 75=13.05 90=15.29 95=17.21 99=81.09 99.9=491.01 99.99=2725.89]
2025-04-23 03:02:40 133 sec: 1408951 operations; [READ: Count=939408 Max=53116.93 Min=1.95 Avg=46.95 10=5.33 25=29.87 50=33.53 75=64.48 90=94.85 95=110.91 99=192.38 99.9=505.34 99.99=930.82] [UPDATE: Count=469543 Max=60424.19 Min=6.17 Avg=14.90 10=8.41 25=9.64 50=10.71 75=13.04 90=15.26 95=17.18 99=82.43 99.9=481.54 99.99=2697.22]
2025-04-23 03:02:41 134 sec: 1453545 operations; [READ: Count=969052 Max=53116.93 Min=1.95 Avg=46.32 10=5.37 25=29.68 50=33.57 75=62.40 90=94.46 95=109.69 99=190.46 99.9=502.78 99.99=930.82] [UPDATE: Count=484493 Max=60424.19 Min=5.94 Avg=14.84 10=8.39 25=9.64 50=10.70 75=13.03 90=15.24 95=17.17 99=83.71 99.9=474.37 99.99=2697.22]
2025-04-23 03:02:42 135 sec: 1499205 operations; [READ: Count=999492 Max=53116.93 Min=1.95 Avg=45.69 10=5.40 25=29.44 50=33.57 75=60.38 90=94.08 95=108.48 99=188.54 99.9=497.66 99.99=924.67] [UPDATE: Count=499713 Max=60424.19 Min=5.94 Avg=14.78 10=8.37 25=9.63 50=10.70 75=13.02 90=15.22 95=17.14 99=84.61 99.9=467.97 99.99=2689.02]
2025-04-23 03:02:43 136 sec: 1499956 operations; [READ: Count=1000000 Max=53116.93 Min=1.95 Avg=45.68 10=5.40 25=29.44 50=33.57 75=60.35 90=94.08 95=108.48 99=188.54 99.9=497.66 99.99=924.67] [UPDATE: Count=499956 Max=60424.19 Min=5.94 Avg=14.78 10=8.37 25=9.63 50=10.70 75=13.02 90=15.22 95=17.14 99=84.61 99.9=467.97 99.99=2689.02]
2025-04-23 03:02:44 137 sec: 1499956 operations; [READ: Count=1000000 Max=53116.93 Min=1.95 Avg=45.68 10=5.40 25=29.44 50=33.57 75=60.35 90=94.08 95=108.48 99=188.54 99.9=497.66 99.99=924.67] [UPDATE: Count=499956 Max=60424.19 Min=5.94 Avg=14.78 10=8.37 25=9.63 50=10.70 75=13.02 90=15.22 95=17.14 99=84.61 99.9=467.97 99.99=2689.02]
2025-04-23 03:02:45 138 sec: 1499956 operations; [READ: Count=1000000 Max=53116.93 Min=1.95 Avg=45.68 10=5.40 25=29.44 50=33.57 75=60.35 90=94.08 95=108.48 99=188.54 99.9=497.66 99.99=924.67] [UPDATE: Count=499956 Max=60424.19 Min=5.94 Avg=14.78 10=8.37 25=9.63 50=10.70 75=13.02 90=15.22 95=17.14 99=84.61 99.9=467.97 99.99=2689.02]
Run runtime(sec): 138.033
Run operations(ops): 1000000
Run throughput(ops/sec): 7244.67
