Running scope as unit: run-rdadc1372f6604454b9d5f83cd8151459.scope
load file:/home/user/DataFiles/silesia_data/silesia.tar
2025-04-21 14:46:49 0 sec: 0 operations;
2025-04-21 14:46:50 1 sec: 0 operations;
2025-04-21 14:46:51 2 sec: 0 operations;
2025-04-21 14:46:52 3 sec: 0 operations;
2025-04-21 14:46:53 4 sec: 0 operations;
2025-04-21 14:46:54 5 sec: 0 operations;
2025-04-21 14:46:55 6 sec: 0 operations;
2025-04-21 14:46:56 7 sec: 0 operations;
2025-04-21 14:46:57 8 sec: 0 operations;
2025-04-21 14:46:58 9 sec: 0 operations;
2025-04-21 14:46:59 10 sec: 0 operations;
2025-04-21 14:47:00 11 sec: 0 operations;
2025-04-21 14:47:01 12 sec: 0 operations;
2025-04-21 14:47:02 13 sec: 0 operations;
2025-04-21 14:47:03 14 sec: 0 operations;
2025-04-21 14:47:04 15 sec: 0 operations;
2025-04-21 14:47:05 16 sec: 0 operations;
2025-04-21 14:47:06 17 sec: 0 operations;
2025-04-21 14:47:07 18 sec: 0 operations;
2025-04-21 14:47:08 19 sec: 0 operations;
2025-04-21 14:47:09 20 sec: 0 operations;
2025-04-21 14:47:10 21 sec: 0 operations;
2025-04-21 14:47:11 22 sec: 0 operations;
2025-04-21 14:47:12 23 sec: 0 operations;
2025-04-21 14:47:13 24 sec: 0 operations;
2025-04-21 14:47:14 25 sec: 0 operations;
2025-04-21 14:47:15 26 sec: 4630 operations; [READ: Count=2381 Max=2529.28 Min=5.71 Avg=174.35 10=66.24 25=93.44 50=139.26 75=212.86 90=283.39 95=344.32 99=945.15 99.9=1734.65 99.99=2529.28] [UPDATE: Count=2249 Max=12206.08 Min=9.99 Avg=208.41 10=70.14 25=98.75 50=145.66 75=223.74 90=303.62 95=399.62 99=1603.58 99.9=4362.24 99.99=12206.08]
2025-04-21 14:47:16 27 sec: 8894 operations; [READ: Count=4495 Max=2934.78 Min=3.82 Avg=202.59 10=70.02 25=103.49 50=161.02 75=243.84 90=335.87 95=414.72 99=1189.89 99.9=2082.82 99.99=2934.78] [UPDATE: Count=4399 Max=12206.08 Min=9.38 Avg=220.44 10=77.06 25=113.02 50=172.29 75=253.44 90=346.62 95=438.78 99=1268.73 99.9=3489.79 99.99=12206.08]
2025-04-21 14:47:17 28 sec: 13717 operations; [READ: Count=6920 Max=2934.78 Min=3.82 Avg=201.41 10=71.17 25=111.94 50=170.75 75=254.97 90=333.31 95=389.63 99=935.93 99.9=1910.78 99.99=2529.28] [UPDATE: Count=6797 Max=12206.08 Min=8.97 Avg=217.81 10=80.32 25=122.50 50=182.01 75=268.03 90=345.60 95=403.45 99=962.05 99.9=3188.74 99.99=6070.27]
2025-04-21 14:47:18 29 sec: 18629 operations; [READ: Count=9411 Max=2934.78 Min=3.44 Avg=201.14 10=72.58 25=116.16 50=175.10 75=259.97 90=333.31 95=382.72 99=732.67 99.9=1846.27 99.99=2529.28] [UPDATE: Count=9218 Max=12206.08 Min=8.36 Avg=214.37 10=80.77 25=125.50 50=184.19 75=272.38 90=340.99 95=393.47 99=790.53 99.9=2633.73 99.99=6070.27]
2025-04-21 14:47:19 30 sec: 23615 operations; [READ: Count=11954 Max=2934.78 Min=3.44 Avg=199.23 10=72.00 25=117.76 50=176.13 75=260.48 90=331.52 95=377.09 99=609.28 99.9=1734.65 99.99=2529.28] [UPDATE: Count=11661 Max=12206.08 Min=8.36 Avg=212.83 10=81.92 25=128.06 50=186.24 75=273.66 90=340.48 95=390.14 99=642.05 99.9=2187.26 99.99=6070.27]
2025-04-21 14:47:20 31 sec: 28476 operations; [READ: Count=14384 Max=2934.78 Min=3.44 Avg=199.34 10=72.58 25=119.30 50=177.79 75=261.50 90=331.26 95=377.34 99=553.98 99.9=1710.08 99.99=2529.28] [UPDATE: Count=14092 Max=12206.08 Min=8.36 Avg=212.24 10=82.24 25=129.22 50=187.52 75=275.45 90=340.74 95=388.35 99=588.80 99.9=2115.58 99.99=6070.27]
2025-04-21 14:47:21 32 sec: 32916 operations; [READ: Count=16575 Max=2934.78 Min=3.44 Avg=201.62 10=72.32 25=119.49 50=177.15 75=262.65 90=336.13 95=391.42 99=659.97 99.9=1611.78 99.99=2215.93] [UPDATE: Count=16341 Max=12206.08 Min=8.36 Avg=214.85 10=82.05 25=129.34 50=187.13 75=277.25 90=347.39 95=404.99 99=698.37 99.9=1866.75 99.99=4362.24]
2025-04-21 14:47:22 33 sec: 37765 operations; [READ: Count=18951 Max=2934.78 Min=3.29 Avg=201.21 10=72.06 25=119.87 50=177.28 75=262.91 90=335.10 95=390.14 99=662.01 99.9=1586.17 99.99=2215.93] [UPDATE: Count=18814 Max=12206.08 Min=8.36 Avg=214.44 10=81.60 25=129.85 50=187.78 75=277.25 90=346.88 95=403.20 99=698.37 99.9=1817.60 99.99=4362.24]
2025-04-21 14:47:23 34 sec: 42774 operations; [READ: Count=21465 Max=2934.78 Min=3.29 Avg=200.32 10=72.00 25=120.25 50=177.28 75=262.91 90=334.33 95=386.81 99=628.74 99.9=1509.38 99.99=2215.93] [UPDATE: Count=21309 Max=12206.08 Min=8.36 Avg=213.13 10=81.73 25=130.30 50=187.90 75=276.48 90=345.09 95=397.82 99=669.18 99.9=1808.38 99.99=4362.24]
2025-04-21 14:47:24 35 sec: 47775 operations; [READ: Count=23918 Max=2934.78 Min=3.23 Avg=199.47 10=71.74 25=120.58 50=177.28 75=262.65 90=333.31 95=384.77 99=616.45 99.9=1446.91 99.99=2215.93] [UPDATE: Count=23857 Max=12206.08 Min=8.36 Avg=212.28 10=81.22 25=130.62 50=188.29 75=275.97 90=344.57 95=396.54 99=643.07 99.9=1737.73 99.99=4362.24]
2025-04-21 14:47:25 36 sec: 52772 operations; [READ: Count=26467 Max=2934.78 Min=3.23 Avg=198.78 10=71.61 25=120.70 50=177.28 75=262.14 90=333.06 95=383.49 99=604.16 99.9=1444.86 99.99=2203.65] [UPDATE: Count=26305 Max=12206.08 Min=8.36 Avg=211.71 10=81.15 25=131.20 50=188.41 75=275.45 90=344.06 95=396.54 99=634.88 99.9=1680.38 99.99=3774.46]
2025-04-21 14:47:26 37 sec: 57407 operations; [READ: Count=28843 Max=2934.78 Min=3.23 Avg=199.22 10=71.42 25=120.77 50=176.90 75=262.01 90=333.57 95=385.02 99=626.17 99.9=1413.12 99.99=2203.65] [UPDATE: Count=28564 Max=17006.59 Min=8.36 Avg=212.80 10=80.96 25=131.07 50=188.16 75=275.20 90=344.83 95=398.33 99=669.18 99.9=1680.38 99.99=4362.24]
2025-04-21 14:47:27 38 sec: 62014 operations; [READ: Count=31153 Max=3305.47 Min=3.23 Avg=200.30 10=71.68 25=121.15 50=177.28 75=262.65 90=334.59 95=386.56 99=645.63 99.9=1444.86 99.99=2215.93] [UPDATE: Count=30861 Max=17006.59 Min=8.36 Avg=213.20 10=80.89 25=131.46 50=188.93 75=275.20 90=344.83 95=397.82 99=677.89 99.9=1605.63 99.99=4362.24]
2025-04-21 14:47:28 39 sec: 66719 operations; [READ: Count=33559 Max=3305.47 Min=3.23 Avg=200.77 10=71.87 25=121.60 50=178.43 75=263.94 90=336.38 95=388.61 99=626.69 99.9=1424.38 99.99=2215.93] [UPDATE: Count=33160 Max=17006.59 Min=8.36 Avg=213.39 10=81.28 25=131.97 50=189.82 75=275.97 90=345.86 95=398.59 99=659.97 99.9=1603.58 99.99=4362.24]
2025-04-21 14:47:29 40 sec: 71223 operations; [READ: Count=35765 Max=3305.47 Min=3.23 Avg=201.60 10=71.94 25=121.98 50=179.84 75=265.47 90=339.20 95=391.42 99=617.47 99.9=1409.02 99.99=2203.65] [UPDATE: Count=35458 Max=17006.59 Min=8.36 Avg=214.27 10=81.41 25=132.74 50=191.74 75=277.50 90=348.42 95=401.66 99=647.17 99.9=1550.34 99.99=4079.61]
2025-04-21 14:47:30 41 sec: 75652 operations; [READ: Count=37976 Max=3305.47 Min=3.23 Avg=202.76 10=72.06 25=122.62 50=181.63 75=267.26 90=341.25 95=395.01 99=610.30 99.9=1409.02 99.99=2203.65] [UPDATE: Count=37676 Max=17006.59 Min=8.36 Avg=215.05 10=81.47 25=133.25 50=193.15 75=279.04 90=350.72 95=403.97 99=642.05 99.9=1480.70 99.99=4079.61]
2025-04-21 14:47:31 42 sec: 79649 operations; [READ: Count=39938 Max=3305.47 Min=3.23 Avg=204.43 10=72.13 25=123.14 50=182.66 75=268.29 90=343.04 95=399.10 99=641.53 99.9=1445.89 99.99=2203.65] [UPDATE: Count=39711 Max=17006.59 Min=8.36 Avg=217.39 10=81.47 25=133.63 50=193.92 75=280.57 90=353.54 95=409.34 99=676.86 99.9=1660.93 99.99=6070.27]
2025-04-21 14:47:32 43 sec: 83790 operations; [READ: Count=41987 Max=3305.47 Min=3.23 Avg=206.13 10=72.06 25=123.26 50=183.04 75=268.80 90=344.57 95=402.94 99=674.30 99.9=1579.01 99.99=2220.03] [UPDATE: Count=41803 Max=17006.59 Min=8.36 Avg=218.59 10=81.28 25=133.76 50=194.43 75=280.83 90=354.81 95=411.90 99=700.93 99.9=1741.82 99.99=7221.25]
2025-04-21 14:47:33 44 sec: 88461 operations; [READ: Count=44305 Max=3305.47 Min=3.23 Avg=206.30 10=71.81 25=123.58 50=183.81 75=269.57 90=345.86 95=404.48 99=662.01 99.9=1550.34 99.99=2215.93] [UPDATE: Count=44156 Max=17006.59 Min=8.36 Avg=218.48 10=81.15 25=133.89 50=194.81 75=281.09 90=355.58 95=412.42 99=686.08 99.9=1729.54 99.99=7221.25]
2025-04-21 14:47:34 45 sec: 93087 operations; [READ: Count=46626 Max=3305.47 Min=3.23 Avg=206.49 10=71.74 25=123.84 50=184.70 75=269.82 90=346.62 95=405.25 99=648.19 99.9=1525.76 99.99=2215.93] [UPDATE: Count=46461 Max=17006.59 Min=8.36 Avg=218.55 10=81.02 25=134.01 50=195.84 75=281.86 90=356.10 95=412.67 99=675.84 99.9=1723.39 99.99=6070.27]
2025-04-21 14:47:35 46 sec: 97784 operations; [READ: Count=48928 Max=3305.47 Min=3.23 Avg=206.41 10=71.49 25=123.90 50=184.83 75=270.08 90=346.88 95=405.25 99=642.05 99.9=1525.76 99.99=2215.93] [UPDATE: Count=48856 Max=17006.59 Min=8.36 Avg=218.55 10=80.89 25=134.14 50=196.22 75=282.11 90=356.86 95=413.69 99=669.18 99.9=1660.93 99.99=6070.27]
2025-04-21 14:47:36 47 sec: 102461 operations; [READ: Count=51298 Max=3305.47 Min=3.23 Avg=206.39 10=71.17 25=123.71 50=184.96 75=270.08 90=347.39 95=405.76 99=648.19 99.9=1525.76 99.99=2220.03] [UPDATE: Count=51163 Max=17006.59 Min=8.36 Avg=218.58 10=80.83 25=134.14 50=196.22 75=281.86 90=357.12 95=414.21 99=669.18 99.9=1701.89 99.99=6070.27]
2025-04-21 14:47:37 48 sec: 107073 operations; [READ: Count=53657 Max=3305.47 Min=3.15 Avg=206.34 10=70.85 25=123.45 50=184.45 75=269.31 90=346.62 95=405.50 99=660.48 99.9=1601.54 99.99=2256.89] [UPDATE: Count=53416 Max=17006.59 Min=8.36 Avg=218.91 10=80.58 25=134.01 50=196.22 75=281.60 90=357.38 95=414.72 99=677.89 99.9=1724.41 99.99=7221.25]
2025-04-21 14:47:38 49 sec: 111984 operations; [READ: Count=56118 Max=3305.47 Min=3.15 Avg=205.83 10=70.72 25=123.26 50=184.19 75=268.80 90=346.11 95=404.22 99=654.85 99.9=1604.61 99.99=2242.56] [UPDATE: Count=55866 Max=17006.59 Min=8.36 Avg=218.55 10=80.25 25=133.76 50=195.84 75=281.09 90=356.86 95=413.69 99=677.89 99.9=1737.73 99.99=6070.27]
2025-04-21 14:47:39 50 sec: 117319 operations; [READ: Count=58824 Max=3305.47 Min=2.66 Avg=204.59 10=70.33 25=122.81 50=183.42 75=267.77 90=344.57 95=401.15 99=642.05 99.9=1587.20 99.99=2242.56] [UPDATE: Count=58495 Max=17006.59 Min=8.36 Avg=217.44 10=79.81 25=133.38 50=195.20 75=279.55 90=355.33 95=412.16 99=671.74 99.9=1737.73 99.99=6070.27]
2025-04-21 14:47:40 51 sec: 123206 operations; [READ: Count=61806 Max=3305.47 Min=2.66 Avg=202.63 10=69.57 25=121.53 50=181.63 75=265.47 90=342.01 95=397.57 99=628.74 99.9=1579.01 99.99=2242.56] [UPDATE: Count=61400 Max=17006.59 Min=8.36 Avg=215.37 10=78.78 25=131.84 50=193.41 75=277.50 90=352.77 95=409.09 99=654.85 99.9=1723.39 99.99=6070.27]
2025-04-21 14:47:41 52 sec: 130773 operations; [READ: Count=65618 Max=3305.47 Min=2.66 Avg=198.11 10=67.07 25=116.42 50=176.51 75=260.86 90=338.43 95=393.98 99=621.05 99.9=1541.12 99.99=2220.03] [UPDATE: Count=65155 Max=17006.59 Min=8.36 Avg=210.86 10=76.03 25=126.40 50=188.03 75=272.64 90=349.44 95=405.76 99=648.19 99.9=1682.43 99.99=5947.39]
2025-04-21 14:47:42 53 sec: 138111 operations; [READ: Count=69221 Max=3305.47 Min=2.66 Avg=194.50 10=65.28 25=111.36 50=172.16 75=256.77 90=334.85 95=390.65 99=622.08 99.9=1564.67 99.99=2242.56] [UPDATE: Count=68890 Max=17006.59 Min=8.36 Avg=207.08 10=74.05 25=121.22 50=183.29 75=268.29 90=346.11 95=402.94 99=655.87 99.9=1680.38 99.99=5947.39]
2025-04-21 14:47:43 54 sec: 145508 operations; [READ: Count=72951 Max=3305.47 Min=2.66 Avg=191.02 10=64.00 25=106.11 50=168.06 75=252.67 90=331.77 95=387.33 99=617.47 99.9=1564.67 99.99=2242.56] [UPDATE: Count=72557 Max=17006.59 Min=8.36 Avg=203.78 10=72.89 25=116.03 50=178.94 75=264.19 90=343.04 95=399.62 99=660.48 99.9=1679.36 99.99=5947.39]
2025-04-21 14:47:44 55 sec: 153266 operations; [READ: Count=76850 Max=3305.47 Min=2.66 Avg=187.56 10=63.58 25=101.38 50=164.35 75=248.32 90=327.68 95=383.23 99=604.16 99.9=1540.10 99.99=2220.03] [UPDATE: Count=76416 Max=17006.59 Min=8.36 Avg=200.18 10=72.64 25=111.36 50=175.36 75=259.97 90=339.20 95=395.77 99=644.10 99.9=1654.78 99.99=4362.24]
2025-04-21 14:47:45 56 sec: 161076 operations; [READ: Count=80776 Max=3305.47 Min=2.66 Avg=184.36 10=63.07 25=96.89 50=161.02 75=244.48 90=324.10 95=378.88 99=592.38 99.9=1525.76 99.99=2220.03] [UPDATE: Count=80300 Max=17006.59 Min=8.36 Avg=196.88 10=72.06 25=107.45 50=171.78 75=255.87 90=336.13 95=391.68 99=634.37 99.9=1625.09 99.99=4362.24]
2025-04-21 14:47:46 57 sec: 168756 operations; [READ: Count=84593 Max=3305.47 Min=2.66 Avg=181.58 10=62.49 25=94.02 50=158.34 75=240.64 90=321.02 95=375.81 99=582.65 99.9=1509.38 99.99=2220.03] [UPDATE: Count=84163 Max=17006.59 Min=8.36 Avg=194.04 10=71.68 25=104.32 50=168.96 75=252.29 90=332.54 95=388.35 99=623.62 99.9=1616.89 99.99=4362.24]
2025-04-21 14:47:47 58 sec: 176177 operations; [READ: Count=88214 Max=4980.73 Min=2.66 Avg=179.34 10=61.85 25=91.20 50=155.65 75=237.18 90=318.21 95=373.50 99=584.70 99.9=1531.90 99.99=2220.03] [UPDATE: Count=87963 Max=17006.59 Min=8.36 Avg=191.70 10=70.91 25=101.69 50=166.14 75=248.83 90=329.98 95=385.79 99=623.62 99.9=1625.09 99.99=4362.24]
2025-04-21 14:47:48 59 sec: 184045 operations; [READ: Count=92089 Max=4980.73 Min=2.66 Avg=176.79 10=61.25 25=88.96 50=153.47 75=233.85 90=314.88 95=370.43 99=573.95 99.9=1524.73 99.99=2220.03] [UPDATE: Count=91956 Max=17006.59 Min=8.36 Avg=189.15 10=70.33 25=99.45 50=163.58 75=245.50 90=327.17 95=382.72 99=615.93 99.9=1622.02 99.99=4362.24]
2025-04-21 14:47:49 60 sec: 191986 operations; [READ: Count=96013 Max=4980.73 Min=2.66 Avg=174.41 10=60.83 25=87.30 50=151.29 75=230.78 90=312.32 95=367.10 99=565.76 99.9=1509.38 99.99=2220.03] [UPDATE: Count=95973 Max=17006.59 Min=8.36 Avg=186.70 10=69.89 25=97.79 50=161.53 75=242.43 90=324.35 95=379.90 99=604.67 99.9=1599.49 99.99=4345.85]
2025-04-21 14:47:50 61 sec: 199898 operations; [READ: Count=99979 Max=4980.73 Min=2.66 Avg=172.24 10=60.48 25=86.02 50=149.50 75=227.84 90=309.50 95=364.03 99=557.05 99.9=1492.99 99.99=2220.03] [UPDATE: Count=99919 Max=17006.59 Min=8.36 Avg=184.49 10=69.38 25=96.58 50=159.74 75=239.23 90=321.28 95=376.83 99=593.92 99.9=1589.25 99.99=4345.85]
2025-04-21 14:47:51 62 sec: 207858 operations; [READ: Count=103994 Max=4980.73 Min=2.66 Avg=170.16 10=60.06 25=84.93 50=147.97 75=224.90 90=306.69 95=361.21 99=551.42 99.9=1485.82 99.99=2220.03] [UPDATE: Count=103864 Max=17006.59 Min=8.36 Avg=182.44 10=68.86 25=95.42 50=158.08 75=236.54 90=318.72 95=374.53 99=589.82 99.9=1571.84 99.99=4345.85]
2025-04-21 14:47:52 63 sec: 215500 operations; [READ: Count=107891 Max=4980.73 Min=2.66 Avg=168.46 10=59.52 25=83.84 50=146.18 75=222.34 90=304.38 95=359.17 99=551.42 99.9=1492.99 99.99=2215.93] [UPDATE: Count=107609 Max=17006.59 Min=8.36 Avg=180.84 10=68.29 25=94.27 50=156.16 75=233.73 90=316.67 95=372.48 99=590.85 99.9=1598.46 99.99=4362.24]
2025-04-21 14:47:53 64 sec: 223595 operations; [READ: Count=111980 Max=4980.73 Min=2.66 Avg=166.57 10=58.98 25=82.88 50=144.51 75=219.65 90=301.82 95=356.61 99=545.79 99.9=1485.82 99.99=2215.93] [UPDATE: Count=111615 Max=17006.59 Min=8.36 Avg=178.95 10=67.84 25=93.38 50=154.62 75=231.04 90=314.11 95=369.92 99=583.68 99.9=1589.25 99.99=4362.24]
2025-04-21 14:47:54 65 sec: 231802 operations; [READ: Count=116147 Max=4980.73 Min=2.66 Avg=164.77 10=58.59 25=82.11 50=143.10 75=216.96 90=299.26 95=354.05 99=537.60 99.9=1474.56 99.99=2203.65] [UPDATE: Count=115655 Max=17006.59 Min=8.36 Avg=177.08 10=67.33 25=92.42 50=153.34 75=228.48 90=311.55 95=366.59 99=573.95 99.9=1571.84 99.99=4345.85]
2025-04-21 14:47:55 66 sec: 240032 operations; [READ: Count=120254 Max=4980.73 Min=2.66 Avg=163.09 10=58.21 25=81.41 50=141.95 75=214.66 90=296.96 95=351.49 99=530.94 99.9=1460.22 99.99=2203.65] [UPDATE: Count=119778 Max=17006.59 Min=8.36 Avg=175.28 10=66.69 25=91.52 50=151.94 75=226.30 90=309.50 95=364.03 99=568.83 99.9=1560.58 99.99=4345.85]
2025-04-21 14:47:56 67 sec: 248139 operations; [READ: Count=124302 Max=4980.73 Min=2.66 Avg=161.56 10=57.76 25=80.70 50=140.80 75=212.48 90=294.40 95=349.18 99=525.82 99.9=1445.89 99.99=2215.93] [UPDATE: Count=123837 Max=17006.59 Min=8.36 Avg=173.74 10=66.30 25=90.81 50=150.66 75=224.13 90=307.45 95=361.73 99=563.20 99.9=1539.07 99.99=4345.85]
2025-04-21 14:47:57 68 sec: 256390 operations; [READ: Count=128423 Max=4980.73 Min=2.66 Avg=160.03 10=57.31 25=80.00 50=139.52 75=210.43 90=292.35 95=347.13 99=520.70 99.9=1455.10 99.99=2203.65] [UPDATE: Count=127967 Max=17006.59 Min=8.34 Avg=172.21 10=65.79 25=90.05 50=149.38 75=221.82 90=305.15 95=359.68 99=560.64 99.9=1539.07 99.99=4155.39]
2025-04-21 14:47:58 69 sec: 264542 operations; [READ: Count=132576 Max=4980.73 Min=2.66 Avg=158.60 10=56.86 25=79.42 50=138.24 75=208.51 90=290.30 95=345.09 99=514.56 99.9=1436.67 99.99=2203.65] [UPDATE: Count=131966 Max=17006.59 Min=8.34 Avg=170.89 10=65.25 25=89.47 50=148.35 75=219.90 90=303.10 95=357.63 99=556.54 99.9=1550.34 99.99=4345.85]
2025-04-21 14:47:59 70 sec: 272886 operations; [READ: Count=136764 Max=4980.73 Min=2.66 Avg=157.22 10=56.41 25=79.04 50=137.34 75=206.59 90=288.25 95=342.78 99=508.67 99.9=1427.45 99.99=2193.41] [UPDATE: Count=136122 Max=17006.59 Min=8.34 Avg=169.45 10=64.77 25=88.96 50=147.20 75=217.98 90=301.31 95=355.58 99=547.33 99.9=1528.83 99.99=4155.39]
2025-04-21 14:48:00 71 sec: 281524 operations; [READ: Count=141058 Max=4980.73 Min=2.66 Avg=155.82 10=56.00 25=78.53 50=136.32 75=204.67 90=286.21 95=340.74 99=503.55 99.9=1424.38 99.99=2197.50] [UPDATE: Count=140466 Max=17006.59 Min=8.34 Avg=167.87 10=63.94 25=88.38 50=146.05 75=215.94 90=299.01 95=353.28 99=541.70 99.9=1518.59 99.99=4155.39]
2025-04-21 14:48:01 72 sec: 289962 operations; [READ: Count=145337 Max=4980.73 Min=2.66 Avg=154.47 10=55.49 25=78.02 50=135.29 75=202.88 90=284.16 95=338.69 99=499.20 99.9=1415.17 99.99=2193.41] [UPDATE: Count=144625 Max=17006.59 Min=8.30 Avg=166.64 10=63.45 25=88.00 50=145.15 75=214.01 90=297.21 95=351.23 99=536.06 99.9=1502.21 99.99=4155.39]
2025-04-21 14:48:02 73 sec: 298206 operations; [READ: Count=149456 Max=4980.73 Min=2.66 Avg=153.31 10=54.88 25=77.57 50=134.40 75=201.22 90=282.62 95=336.64 99=495.87 99.9=1411.07 99.99=2193.41] [UPDATE: Count=148750 Max=17006.59 Min=8.06 Avg=165.58 10=62.88 25=87.61 50=144.38 75=212.48 90=295.17 95=349.18 99=532.99 99.9=1498.11 99.99=4155.39]
2025-04-21 14:48:03 74 sec: 306573 operations; [READ: Count=153586 Max=4980.73 Min=2.66 Avg=152.22 10=54.11 25=77.31 50=133.63 75=199.81 90=280.83 95=334.59 99=492.54 99.9=1411.07 99.99=2193.41] [UPDATE: Count=152987 Max=17006.59 Min=8.06 Avg=164.43 10=62.17 25=87.23 50=143.62 75=210.81 90=293.63 95=347.39 99=529.92 99.9=1488.89 99.99=4155.39]
2025-04-21 14:48:04 75 sec: 315059 operations; [READ: Count=157847 Max=4980.73 Min=2.66 Avg=151.11 10=53.34 25=76.86 50=132.86 75=198.40 90=279.04 95=332.80 99=489.47 99.9=1403.90 99.99=2189.31] [UPDATE: Count=157212 Max=17006.59 Min=8.06 Avg=163.28 10=61.41 25=86.91 50=142.72 75=209.41 90=291.84 95=345.60 99=525.31 99.9=1480.70 99.99=4079.61]
2025-04-21 14:48:05 76 sec: 323787 operations; [READ: Count=162156 Max=4980.73 Min=2.66 Avg=149.98 10=52.29 25=76.48 50=131.97 75=196.86 90=277.25 95=331.01 99=486.40 99.9=1389.57 99.99=2189.31] [UPDATE: Count=161631 Max=17006.59 Min=8.06 Avg=162.06 10=60.19 25=86.53 50=141.82 75=207.87 90=290.05 95=343.55 99=519.68 99.9=1471.49 99.99=4079.61]
2025-04-21 14:48:06 77 sec: 332109 operations; [READ: Count=166312 Max=4980.73 Min=2.66 Avg=149.02 10=50.53 25=76.22 50=131.20 75=195.71 90=275.71 95=329.21 99=483.84 99.9=1382.40 99.99=2131.97] [UPDATE: Count=165797 Max=17006.59 Min=7.83 Avg=161.16 10=58.69 25=86.27 50=141.18 75=206.72 90=288.51 95=342.01 99=516.86 99.9=1467.39 99.99=4079.61]
2025-04-21 14:48:07 78 sec: 340496 operations; [READ: Count=170516 Max=4980.73 Min=2.66 Avg=148.12 10=40.99 25=75.97 50=130.50 75=194.43 90=274.18 95=327.42 99=482.30 99.9=1374.21 99.99=2131.97] [UPDATE: Count=169980 Max=17006.59 Min=7.83 Avg=160.23 10=55.77 25=86.02 50=140.41 75=205.57 90=286.72 95=340.48 99=512.51 99.9=1464.32 99.99=4079.61]
2025-04-21 14:48:08 79 sec: 349018 operations; [READ: Count=174862 Max=4980.73 Min=2.66 Avg=147.17 10=25.60 25=75.71 50=129.73 75=193.15 90=272.38 95=325.89 99=478.46 99.9=1376.26 99.99=2131.97] [UPDATE: Count=174156 Max=17006.59 Min=7.83 Avg=159.33 10=44.58 25=85.76 50=139.78 75=204.29 90=285.18 95=338.94 99=509.44 99.9=1451.01 99.99=4155.39]
2025-04-21 14:48:09 80 sec: 357978 operations; [READ: Count=179401 Max=4980.73 Min=2.66 Avg=146.14 10=23.02 25=75.33 50=128.83 75=191.87 90=270.59 95=323.84 99=474.37 99.9=1366.02 99.99=2125.82] [UPDATE: Count=178577 Max=17006.59 Min=7.83 Avg=158.22 10=36.99 25=85.38 50=138.88 75=202.88 90=283.39 95=337.15 99=506.37 99.9=1437.69 99.99=4079.61]
2025-04-21 14:48:10 81 sec: 367212 operations; [READ: Count=183927 Max=4980.73 Min=2.66 Avg=145.05 10=20.66 25=74.94 50=128.06 75=190.34 90=268.80 95=322.30 99=471.04 99.9=1354.75 99.99=2125.82] [UPDATE: Count=183285 Max=17006.59 Min=7.83 Avg=157.04 10=33.73 25=84.93 50=137.98 75=201.47 90=281.86 95=335.62 99=502.01 99.9=1423.36 99.99=4079.61]
2025-04-21 14:48:11 82 sec: 376735 operations; [READ: Count=188700 Max=4980.73 Min=2.66 Avg=143.89 10=19.25 25=74.56 50=127.10 75=188.67 90=267.01 95=320.25 99=468.22 99.9=1344.51 99.99=2082.82] [UPDATE: Count=188035 Max=17006.59 Min=7.83 Avg=155.81 10=31.86 25=84.48 50=136.96 75=199.81 90=279.81 95=333.57 99=498.43 99.9=1416.19 99.99=3940.35]
2025-04-21 14:48:12 83 sec: 386318 operations; [READ: Count=193547 Max=4980.73 Min=2.66 Avg=142.73 10=18.02 25=74.11 50=126.14 75=187.13 90=265.21 95=318.21 99=465.15 99.9=1333.25 99.99=2082.82] [UPDATE: Count=192771 Max=17006.59 Min=7.83 Avg=154.65 10=30.57 25=84.03 50=136.06 75=198.27 90=277.76 95=331.52 99=493.31 99.9=1413.12 99.99=3940.35]
2025-04-21 14:48:13 84 sec: 395755 operations; [READ: Count=198241 Max=4980.73 Min=2.66 Avg=141.68 10=17.23 25=73.73 50=125.25 75=185.73 90=263.42 95=316.42 99=462.59 99.9=1331.20 99.99=2069.50] [UPDATE: Count=197514 Max=17006.59 Min=7.83 Avg=153.61 10=29.50 25=83.65 50=135.04 75=196.74 90=275.97 95=329.98 99=489.98 99.9=1408.00 99.99=3940.35]
2025-04-21 14:48:14 85 sec: 405296 operations; [READ: Count=203079 Max=4980.73 Min=2.66 Avg=140.64 10=16.62 25=73.34 50=124.35 75=184.32 90=261.63 95=314.62 99=459.26 99.9=1320.96 99.99=2069.50] [UPDATE: Count=202217 Max=17006.59 Min=7.83 Avg=152.58 10=28.59 25=83.26 50=134.27 75=195.46 90=273.92 95=328.45 99=486.91 99.9=1397.76 99.99=3940.35]
2025-04-21 14:48:15 86 sec: 414923 operations; [READ: Count=207984 Max=4980.73 Min=2.66 Avg=139.62 10=16.06 25=72.96 50=123.45 75=183.17 90=260.10 95=313.09 99=456.70 99.9=1299.45 99.99=2030.59] [UPDATE: Count=206939 Max=17006.59 Min=7.83 Avg=151.57 10=27.86 25=82.94 50=133.38 75=194.18 90=272.13 95=326.91 99=483.33 99.9=1389.57 99.99=3784.70]
2025-04-21 14:48:16 87 sec: 424967 operations; [READ: Count=212977 Max=4980.73 Min=2.66 Avg=138.53 10=15.54 25=72.58 50=122.50 75=181.76 90=258.43 95=311.55 99=453.89 99.9=1292.29 99.99=2030.59] [UPDATE: Count=211990 Max=17006.59 Min=7.83 Avg=150.42 10=27.10 25=82.50 50=132.48 75=192.77 90=270.33 95=325.12 99=479.23 99.9=1375.23 99.99=3784.70]
2025-04-21 14:48:17 88 sec: 436328 operations; [READ: Count=218655 Max=4980.73 Min=2.66 Avg=137.04 10=15.02 25=71.81 50=120.96 75=179.58 90=256.38 95=309.50 99=451.07 99.9=1277.95 99.99=2029.57] [UPDATE: Count=217673 Max=17006.59 Min=7.83 Avg=148.91 10=26.35 25=81.73 50=130.94 75=190.72 90=268.03 95=323.07 99=475.39 99.9=1369.09 99.99=3774.46]
2025-04-21 14:48:18 89 sec: 449001 operations; [READ: Count=225090 Max=4980.73 Min=2.66 Avg=135.18 10=14.57 25=70.72 50=118.53 75=177.41 90=254.08 95=307.20 99=447.74 99.9=1267.71 99.99=2019.33] [UPDATE: Count=223911 Max=17006.59 Min=7.83 Avg=147.10 10=25.76 25=80.58 50=128.45 75=188.29 90=265.73 95=320.77 99=472.32 99.9=1367.04 99.99=3940.35]
2025-04-21 14:48:19 90 sec: 464050 operations; [READ: Count=232484 Max=4980.73 Min=2.66 Avg=132.79 10=14.06 25=69.25 50=114.75 75=174.72 90=251.39 95=304.89 99=442.88 99.9=1253.38 99.99=2019.33] [UPDATE: Count=231566 Max=17006.59 Min=7.83 Avg=144.57 10=25.12 25=78.91 50=124.80 75=185.60 90=263.17 95=318.46 99=467.45 99.9=1349.63 99.99=3784.70]
2025-04-21 14:48:20 91 sec: 479616 operations; [READ: Count=240302 Max=4980.73 Min=2.66 Avg=130.35 10=13.60 25=67.52 50=110.59 75=171.90 90=248.57 95=302.33 99=439.55 99.9=1244.16 99.99=2009.09] [UPDATE: Count=239314 Max=17006.59 Min=7.83 Avg=142.10 10=24.45 25=77.25 50=121.02 75=182.78 90=260.35 95=315.90 99=463.10 99.9=1337.34 99.99=3774.46]
2025-04-21 14:48:21 92 sec: 495149 operations; [READ: Count=248070 Max=4980.73 Min=2.66 Avg=128.10 10=13.18 25=65.92 50=106.88 75=169.47 90=245.89 95=300.03 99=435.71 99.9=1229.82 99.99=2009.09] [UPDATE: Count=247079 Max=17006.59 Min=7.83 Avg=139.77 10=23.87 25=75.65 50=117.38 75=180.22 90=257.66 95=313.34 99=459.01 99.9=1321.98 99.99=3559.42]
2025-04-21 14:48:22 93 sec: 510539 operations; [READ: Count=255794 Max=4980.73 Min=2.66 Avg=125.98 10=12.82 25=64.42 50=103.68 75=166.91 90=243.33 95=297.47 99=432.38 99.9=1216.51 99.99=2006.02] [UPDATE: Count=254745 Max=17006.59 Min=7.83 Avg=137.66 10=23.34 25=74.11 50=114.11 75=177.66 90=255.23 95=311.30 99=455.94 99.9=1315.84 99.99=3559.42]
2025-04-21 14:48:23 94 sec: 525883 operations; [READ: Count=263552 Max=4980.73 Min=2.66 Avg=123.98 10=12.52 25=62.91 50=101.12 75=164.48 90=240.90 95=295.17 99=428.80 99.9=1204.22 99.99=2006.02] [UPDATE: Count=262331 Max=17006.59 Min=7.83 Avg=135.72 10=22.98 25=72.64 50=111.55 75=175.36 90=252.80 95=309.25 99=452.35 99.9=1303.55 99.99=3489.79]
2025-04-21 14:48:24 95 sec: 541278 operations; [READ: Count=271160 Max=4980.73 Min=2.66 Avg=122.11 10=12.28 25=61.53 50=98.94 75=162.18 90=238.59 95=293.12 99=425.73 99.9=1191.93 99.99=2003.97] [UPDATE: Count=270118 Max=17006.59 Min=7.83 Avg=133.82 10=22.61 25=71.17 50=109.38 75=173.06 90=250.37 95=307.20 99=449.02 99.9=1289.21 99.99=3391.49]
2025-04-21 14:48:25 96 sec: 556865 operations; [READ: Count=278964 Max=4980.73 Min=2.66 Avg=120.29 10=12.05 25=60.29 50=97.09 75=160.00 90=236.29 95=291.07 99=422.40 99.9=1181.69 99.99=1989.63] [UPDATE: Count=277901 Max=17006.59 Min=7.83 Avg=132.01 10=22.32 25=69.89 50=107.52 75=170.88 90=248.19 95=305.15 99=446.21 99.9=1275.90 99.99=3246.08]
2025-04-21 14:48:26 97 sec: 572752 operations; [READ: Count=286886 Max=4980.73 Min=2.66 Avg=118.52 10=11.81 25=59.07 50=95.42 75=157.82 90=233.98 95=288.77 99=419.58 99.9=1160.19 99.99=1976.32] [UPDATE: Count=285866 Max=17006.59 Min=7.83 Avg=130.21 10=22.00 25=68.61 50=105.86 75=168.70 90=245.89 95=302.85 99=443.13 99.9=1264.64 99.99=3188.74]
2025-04-21 14:48:27 98 sec: 589054 operations; [READ: Count=295088 Max=4980.73 Min=2.66 Avg=116.75 10=11.61 25=57.92 50=93.82 75=155.65 90=231.55 95=286.72 99=416.77 99.9=1140.73 99.99=1964.03] [UPDATE: Count=293966 Max=17006.59 Min=7.83 Avg=128.42 10=21.66 25=67.33 50=104.25 75=166.40 90=243.71 95=300.80 99=439.30 99.9=1251.33 99.99=3188.74]
2025-04-21 14:48:28 99 sec: 604965 operations; [READ: Count=303108 Max=4980.73 Min=2.66 Avg=115.11 10=11.41 25=56.96 50=92.35 75=153.60 90=229.38 95=284.67 99=414.46 99.9=1130.49 99.99=1964.03] [UPDATE: Count=301857 Max=17006.59 Min=7.83 Avg=126.86 10=21.39 25=66.30 50=102.72 75=164.35 90=241.66 95=298.75 99=437.25 99.9=1251.33 99.99=3246.08]
2025-04-21 14:48:29 100 sec: 622377 operations; [READ: Count=311853 Max=4980.73 Min=2.66 Avg=113.31 10=11.15 25=55.71 50=90.75 75=151.42 90=227.07 95=282.62 99=412.42 99.9=1121.28 99.99=1960.96] [UPDATE: Count=310524 Max=17006.59 Min=7.83 Avg=125.06 10=20.99 25=64.83 50=101.12 75=162.18 90=239.23 95=296.96 99=435.45 99.9=1248.26 99.99=3391.49]
2025-04-21 14:48:30 101 sec: 641128 operations; [READ: Count=321243 Max=4980.73 Min=2.66 Avg=111.40 10=10.88 25=54.11 50=89.15 75=149.25 90=224.64 95=280.83 99=409.86 99.9=1112.06 99.99=1960.96] [UPDATE: Count=319885 Max=17006.59 Min=7.74 Avg=123.06 10=20.56 25=63.01 50=99.52 75=160.00 90=236.93 95=294.65 99=433.15 99.9=1233.92 99.99=3246.08]
2025-04-21 14:48:31 102 sec: 659930 operations; [READ: Count=330602 Max=4980.73 Min=2.42 Avg=109.60 10=10.64 25=52.70 50=87.61 75=147.33 90=222.34 95=278.53 99=407.81 99.9=1102.85 99.99=1941.50] [UPDATE: Count=329328 Max=17006.59 Min=7.63 Avg=121.15 10=20.16 25=61.34 50=97.86 75=157.95 90=234.62 95=292.86 99=431.36 99.9=1224.70 99.99=3188.74]
2025-04-21 14:48:32 103 sec: 677221 operations; [READ: Count=339150 Max=4980.73 Min=2.42 Avg=108.13 10=10.49 25=51.62 50=86.21 75=145.53 90=220.41 95=276.99 99=406.27 99.9=1094.65 99.99=1941.50] [UPDATE: Count=338071 Max=17006.59 Min=7.63 Avg=119.63 10=19.93 25=60.19 50=96.51 75=156.03 90=232.57 95=291.07 99=430.08 99.9=1213.44 99.99=3117.05]
2025-04-21 14:48:33 104 sec: 693121 operations; [READ: Count=347146 Max=4980.73 Min=2.42 Avg=106.92 10=10.35 25=50.53 50=84.99 75=143.87 90=218.50 95=275.71 99=406.53 99.9=1095.68 99.99=1910.78] [UPDATE: Count=345975 Max=17006.59 Min=7.63 Avg=118.45 10=19.74 25=59.13 50=95.23 75=154.37 90=230.91 95=289.79 99=431.10 99.9=1215.49 99.99=3059.71]
2025-04-21 14:48:34 105 sec: 709580 operations; [READ: Count=355344 Max=4980.73 Min=2.38 Avg=105.74 10=10.21 25=49.31 50=83.65 75=142.21 90=216.96 95=274.43 99=407.30 99.9=1102.85 99.99=1910.78] [UPDATE: Count=354236 Max=17006.59 Min=7.63 Avg=117.17 10=19.50 25=57.89 50=93.89 75=152.70 90=229.25 95=288.51 99=431.62 99.9=1216.51 99.99=3117.05]
2025-04-21 14:48:35 106 sec: 728401 operations; [READ: Count=364775 Max=4980.73 Min=2.38 Avg=104.22 10=10.05 25=47.90 50=82.11 75=140.29 90=214.66 95=272.38 99=405.25 99.9=1093.63 99.99=1910.78] [UPDATE: Count=363626 Max=17006.59 Min=7.63 Avg=115.63 10=19.25 25=56.58 50=92.48 75=150.78 90=227.20 95=286.21 99=429.82 99.9=1202.17 99.99=3059.71]
2025-04-21 14:48:36 107 sec: 746526 operations; [READ: Count=373797 Max=4980.73 Min=2.38 Avg=102.87 10=9.95 25=46.78 50=80.64 75=138.37 90=212.74 95=270.33 99=402.43 99.9=1081.34 99.99=1904.64] [UPDATE: Count=372729 Max=17006.59 Min=7.63 Avg=114.26 10=19.12 25=55.58 50=91.07 75=148.99 90=225.15 95=284.42 99=427.77 99.9=1195.01 99.99=2971.65]
2025-04-21 14:48:37 108 sec: 763245 operations; [READ: Count=382125 Max=4980.73 Min=2.38 Avg=101.77 10=9.88 25=45.76 50=79.36 75=136.83 90=211.07 95=269.06 99=401.66 99.9=1078.27 99.99=1898.49] [UPDATE: Count=381120 Max=17006.59 Min=7.63 Avg=113.17 10=19.01 25=54.72 50=89.79 75=147.33 90=223.49 95=283.13 99=427.52 99.9=1189.89 99.99=2916.35]
2025-04-21 14:48:38 109 sec: 778880 operations; [READ: Count=389899 Max=4980.73 Min=2.38 Avg=100.89 10=9.81 25=44.86 50=78.14 75=135.29 90=209.66 95=267.77 99=402.43 99.9=1095.68 99.99=1892.35] [UPDATE: Count=388981 Max=17006.59 Min=7.63 Avg=112.26 10=18.86 25=53.82 50=88.51 75=145.92 90=222.08 95=282.11 99=428.03 99.9=1200.13 99.99=3059.71]
2025-04-21 14:48:39 110 sec: 796174 operations; [READ: Count=398501 Max=4980.73 Min=2.38 Avg=99.84 10=9.70 25=43.77 50=76.73 75=133.76 90=208.25 95=266.75 99=401.92 99.9=1102.85 99.99=1889.28] [UPDATE: Count=397673 Max=17006.59 Min=7.63 Avg=111.15 10=18.66 25=52.67 50=87.17 75=144.38 90=220.67 95=281.09 99=427.77 99.9=1206.27 99.99=2971.65]
2025-04-21 14:48:40 111 sec: 816446 operations; [READ: Count=408684 Max=4980.73 Min=2.38 Avg=98.46 10=9.57 25=42.78 50=75.20 75=131.58 90=206.08 95=264.70 99=399.10 99.9=1093.63 99.99=1881.09] [UPDATE: Count=407762 Max=17006.59 Min=7.63 Avg=109.70 10=18.41 25=51.45 50=85.57 75=142.34 90=218.62 95=278.78 99=424.70 99.9=1196.03 99.99=2916.35]
2025-04-21 14:48:41 112 sec: 836642 operations; [READ: Count=418738 Max=4980.73 Min=2.38 Avg=97.16 10=9.46 25=41.82 50=73.53 75=129.53 90=204.16 95=262.91 99=396.54 99.9=1082.37 99.99=1879.04] [UPDATE: Count=417904 Max=17006.59 Min=7.63 Avg=108.32 10=18.19 25=50.37 50=83.97 75=140.29 90=216.57 95=276.74 99=422.65 99.9=1186.82 99.99=2863.10]
2025-04-21 14:48:42 113 sec: 856700 operations; [READ: Count=428819 Max=4980.73 Min=2.38 Avg=95.91 10=9.35 25=41.02 50=71.87 75=127.61 90=202.50 95=261.25 99=395.26 99.9=1076.22 99.99=1863.68] [UPDATE: Count=427881 Max=17006.59 Min=7.63 Avg=107.05 10=18.02 25=49.41 50=82.30 75=138.50 90=214.78 95=275.20 99=421.12 99.9=1180.67 99.99=2850.82]
2025-04-21 14:48:43 114 sec: 873279 operations; [READ: Count=436984 Max=4980.73 Min=2.38 Avg=95.10 10=9.32 25=40.61 50=70.59 75=126.21 90=201.22 95=260.35 99=396.03 99.9=1079.30 99.99=1861.63] [UPDATE: Count=436295 Max=17006.59 Min=7.63 Avg=106.25 10=17.97 25=48.93 50=80.96 75=137.09 90=213.38 95=274.18 99=422.40 99.9=1182.72 99.99=2834.43]
2025-04-21 14:48:44 115 sec: 889135 operations; [READ: Count=444909 Max=4980.73 Min=2.38 Avg=94.40 10=9.29 25=40.26 50=69.38 75=124.80 90=199.94 95=259.58 99=396.80 99.9=1095.68 99.99=1863.68] [UPDATE: Count=444226 Max=17006.59 Min=7.63 Avg=105.57 10=17.95 25=48.51 50=79.74 75=135.68 90=212.22 95=273.15 99=423.42 99.9=1197.06 99.99=2850.82]
2025-04-21 14:48:45 116 sec: 908665 operations; [READ: Count=454763 Max=4980.73 Min=2.38 Avg=93.29 10=9.29 25=39.81 50=67.78 75=123.01 90=198.27 95=257.79 99=394.75 99.9=1091.58 99.99=1861.63] [UPDATE: Count=453902 Max=17006.59 Min=7.63 Avg=104.54 10=17.92 25=48.00 50=78.21 75=134.01 90=210.56 95=271.62 99=422.40 99.9=1193.98 99.99=2834.43]
2025-04-21 14:48:46 117 sec: 928296 operations; [READ: Count=464512 Max=4980.73 Min=2.38 Avg=92.24 10=9.30 25=39.42 50=66.24 75=121.34 90=196.48 95=256.13 99=392.96 99.9=1081.34 99.99=1856.51] [UPDATE: Count=463784 Max=17006.59 Min=7.63 Avg=103.51 10=17.92 25=47.52 50=76.80 75=132.22 90=209.02 95=270.08 99=420.61 99.9=1186.82 99.99=2807.81]
2025-04-21 14:48:47 118 sec: 948110 operations; [READ: Count=474437 Max=4980.73 Min=2.38 Avg=91.23 10=9.33 25=39.04 50=64.77 75=119.74 90=194.81 95=254.59 99=391.42 99.9=1076.22 99.99=1856.51] [UPDATE: Count=473673 Max=17006.59 Min=7.63 Avg=102.49 10=17.90 25=47.04 50=75.33 75=130.62 90=207.49 95=268.54 99=419.58 99.9=1181.69 99.99=2707.45]
2025-04-21 14:48:48 119 sec: 965630 operations; [READ: Count=483293 Max=4980.73 Min=2.38 Avg=90.48 10=9.31 25=38.56 50=63.45 75=118.46 90=193.53 95=253.82 99=392.96 99.9=1079.30 99.99=1861.63] [UPDATE: Count=482337 Max=17006.59 Min=6.89 Avg=101.76 10=17.84 25=46.43 50=74.05 75=129.34 90=206.46 95=268.03 99=421.89 99.9=1181.69 99.99=2703.36]
2025-04-21 14:48:49 120 sec: 981599 operations; [READ: Count=491249 Max=4980.73 Min=2.22 Avg=89.89 10=9.32 25=38.27 50=62.43 75=117.38 90=192.64 95=253.18 99=394.50 99.9=1079.30 99.99=1856.51] [UPDATE: Count=490350 Max=17006.59 Min=6.89 Avg=101.23 10=17.81 25=46.02 50=72.89 75=128.25 90=205.57 95=267.52 99=424.96 99.9=1190.91 99.99=2850.82]
2025-04-21 14:48:50 121 sec: 1000000 operations; [READ: Count=500489 Max=4980.73 Min=2.10 Avg=89.00 10=9.33 25=37.89 50=61.31 75=116.09 90=191.23 95=251.65 99=393.21 99.9=1073.15 99.99=1850.37] [UPDATE: Count=499511 Max=17006.59 Min=6.66 Avg=100.35 10=17.77 25=45.53 50=71.74 75=126.97 90=204.16 95=265.98 99=424.19 99.9=1184.77 99.99=2834.43]
2025-04-21 14:48:51 122 sec: 1000000 operations; [READ: Count=500489 Max=4980.73 Min=2.10 Avg=89.00 10=9.33 25=37.89 50=61.31 75=116.09 90=191.23 95=251.65 99=393.21 99.9=1073.15 99.99=1850.37] [UPDATE: Count=499511 Max=17006.59 Min=6.66 Avg=100.35 10=17.77 25=45.53 50=71.74 75=126.97 90=204.16 95=265.98 99=424.19 99.9=1184.77 99.99=2834.43]
2025-04-21 14:48:52 123 sec: 1000000 operations; [READ: Count=500489 Max=4980.73 Min=2.10 Avg=89.00 10=9.33 25=37.89 50=61.31 75=116.09 90=191.23 95=251.65 99=393.21 99.9=1073.15 99.99=1850.37] [UPDATE: Count=499511 Max=17006.59 Min=6.66 Avg=100.35 10=17.77 25=45.53 50=71.74 75=126.97 90=204.16 95=265.98 99=424.19 99.9=1184.77 99.99=2834.43]
2025-04-21 14:48:53 124 sec: 1000000 operations; [READ: Count=500489 Max=4980.73 Min=2.10 Avg=89.00 10=9.33 25=37.89 50=61.31 75=116.09 90=191.23 95=251.65 99=393.21 99.9=1073.15 99.99=1850.37] [UPDATE: Count=499511 Max=17006.59 Min=6.66 Avg=100.35 10=17.77 25=45.53 50=71.74 75=126.97 90=204.16 95=265.98 99=424.19 99.9=1184.77 99.99=2834.43]
2025-04-21 14:48:54 125 sec: 1000000 operations; [READ: Count=500489 Max=4980.73 Min=2.10 Avg=89.00 10=9.33 25=37.89 50=61.31 75=116.09 90=191.23 95=251.65 99=393.21 99.9=1073.15 99.99=1850.37] [UPDATE: Count=499511 Max=17006.59 Min=6.66 Avg=100.35 10=17.77 25=45.53 50=71.74 75=126.97 90=204.16 95=265.98 99=424.19 99.9=1184.77 99.99=2834.43]
2025-04-21 14:48:55 126 sec: 1000000 operations; [READ: Count=500489 Max=4980.73 Min=2.10 Avg=89.00 10=9.33 25=37.89 50=61.31 75=116.09 90=191.23 95=251.65 99=393.21 99.9=1073.15 99.99=1850.37] [UPDATE: Count=499511 Max=17006.59 Min=6.66 Avg=100.35 10=17.77 25=45.53 50=71.74 75=126.97 90=204.16 95=265.98 99=424.19 99.9=1184.77 99.99=2834.43]
2025-04-21 14:48:56 127 sec: 1000000 operations; [READ: Count=500489 Max=4980.73 Min=2.10 Avg=89.00 10=9.33 25=37.89 50=61.31 75=116.09 90=191.23 95=251.65 99=393.21 99.9=1073.15 99.99=1850.37] [UPDATE: Count=499511 Max=17006.59 Min=6.66 Avg=100.35 10=17.77 25=45.53 50=71.74 75=126.97 90=204.16 95=265.98 99=424.19 99.9=1184.77 99.99=2834.43]
2025-04-21 14:48:56 127 sec: 1000000 operations; [READ: Count=500489 Max=4980.73 Min=2.10 Avg=89.00 10=9.33 25=37.89 50=61.31 75=116.09 90=191.23 95=251.65 99=393.21 99.9=1073.15 99.99=1850.37] [UPDATE: Count=499511 Max=17006.59 Min=6.66 Avg=100.35 10=17.77 25=45.53 50=71.74 75=126.97 90=204.16 95=265.98 99=424.19 99.9=1184.77 99.99=2834.43]
Run runtime(sec): 127.225
Run operations(ops): 1000000
Run throughput(ops/sec): 7860.08
