Running scope as unit: run-re1ec7e3053f0400580a0e6adc84aabec.scope
load file:/home/user/DataFiles/silesia_data/silesia.tar
2025-04-22 18:34:06 0 sec: 0 operations;
2025-04-22 18:34:07 1 sec: 86799 operations; [INSERT: Count=86799 Max=2652.16 Min=4.05 Avg=8.04 10=5.50 25=6.14 50=7.38 75=9.34 90=11.15 95=12.22 99=14.78 99.9=37.57 99.99=105.47]
2025-04-22 18:34:08 2 sec: 170666 operations; [INSERT: Count=170666 Max=2652.16 Min=4.05 Avg=8.34 10=5.69 25=6.40 50=7.70 75=9.67 90=11.53 95=12.63 99=15.34 99.9=40.70 99.99=106.81]
2025-04-22 18:34:09 3 sec: 251252 operations; [INSERT: Count=251252 Max=2652.16 Min=4.05 Avg=8.58 10=5.82 25=6.59 50=7.95 75=9.94 90=11.85 95=13.03 99=16.02 99.9=40.70 99.99=111.10]
2025-04-22 18:34:10 4 sec: 331119 operations; [INSERT: Count=331119 Max=8511.49 Min=4.05 Avg=8.74 10=5.92 25=6.72 50=8.10 75=10.09 90=12.00 95=13.19 99=16.14 99.9=41.18 99.99=109.95]
2025-04-22 18:34:11 5 sec: 410844 operations; [INSERT: Count=410844 Max=8511.49 Min=4.05 Avg=8.84 10=6.00 25=6.82 50=8.22 75=10.21 90=12.12 95=13.32 99=16.25 99.9=39.07 99.99=108.48]
2025-04-22 18:34:12 6 sec: 494296 operations; [INSERT: Count=494296 Max=8511.49 Min=3.90 Avg=8.81 10=5.95 25=6.79 50=8.21 75=10.19 90=12.11 95=13.33 99=16.31 99.9=38.75 99.99=112.06]
2025-04-22 18:34:13 7 sec: 576275 operations; [INSERT: Count=576275 Max=8511.49 Min=3.90 Avg=8.83 10=5.96 25=6.79 50=8.21 75=10.21 90=12.16 95=13.38 99=16.41 99.9=38.56 99.99=115.39]
2025-04-22 18:34:14 8 sec: 655423 operations; [INSERT: Count=655423 Max=8511.49 Min=3.90 Avg=8.89 10=5.99 25=6.83 50=8.26 75=10.29 90=12.25 95=13.49 99=16.56 99.9=36.77 99.99=119.17]
2025-04-22 18:34:15 9 sec: 731870 operations; [INSERT: Count=731870 Max=8511.49 Min=3.90 Avg=8.98 10=6.03 25=6.89 50=8.33 75=10.37 90=12.36 95=13.63 99=16.83 99.9=49.15 99.99=126.91]
2025-04-22 18:34:16 10 sec: 805337 operations; [INSERT: Count=805337 Max=8511.49 Min=3.90 Avg=9.10 10=6.08 25=6.94 50=8.41 75=10.46 90=12.46 95=13.75 99=17.14 99.9=101.89 99.99=133.50]
2025-04-22 18:34:17 11 sec: 880373 operations; [INSERT: Count=880373 Max=8511.49 Min=3.90 Avg=9.18 10=6.11 25=6.97 50=8.43 75=10.49 90=12.49 95=13.81 99=17.38 99.9=105.92 99.99=138.88]
2025-04-22 18:34:18 12 sec: 966884 operations; [INSERT: Count=966884 Max=8511.49 Min=3.90 Avg=9.10 10=6.05 25=6.89 50=8.35 75=10.41 90=12.41 95=13.72 99=17.28 99.9=104.64 99.99=138.88]
2025-04-22 18:34:19 13 sec: 1000000 operations; [INSERT: Count=1000000 Max=8511.49 Min=3.90 Avg=9.08 10=6.04 25=6.87 50=8.32 75=10.38 90=12.38 95=13.69 99=17.25 99.9=105.09 99.99=138.62]
2025-04-22 18:34:20 14 sec: 1000000 operations; [INSERT: Count=1000000 Max=8511.49 Min=3.90 Avg=9.08 10=6.04 25=6.87 50=8.32 75=10.38 90=12.38 95=13.69 99=17.25 99.9=105.09 99.99=138.62]
2025-04-22 18:34:21 15 sec: 1000000 operations; [INSERT: Count=1000000 Max=8511.49 Min=3.90 Avg=9.08 10=6.04 25=6.87 50=8.32 75=10.38 90=12.38 95=13.69 99=17.25 99.9=105.09 99.99=138.62]
2025-04-22 18:34:22 16 sec: 1000000 operations; [INSERT: Count=1000000 Max=8511.49 Min=3.90 Avg=9.08 10=6.04 25=6.87 50=8.32 75=10.38 90=12.38 95=13.69 99=17.25 99.9=105.09 99.99=138.62]
2025-04-22 18:34:23 16 sec: 1000000 operations; [INSERT: Count=1000000 Max=8511.49 Min=3.90 Avg=9.08 10=6.04 25=6.87 50=8.32 75=10.38 90=12.38 95=13.69 99=17.25 99.9=105.09 99.99=138.62]
Load runtime(sec): 16.1996
Load operations(ops): 1000000
Load throughput(ops/sec): 61729.9
