Running scope as unit: run-r28c2692706d842a89c89c000660c59ab.scope
load file:/home/user/DataFiles/silesia_data/silesia.tar
2025-04-22 06:04:02 0 sec: 0 operations;
2025-04-22 06:04:03 1 sec: 0 operations;
2025-04-22 06:04:04 2 sec: 0 operations;
2025-04-22 06:04:05 3 sec: 0 operations;
2025-04-22 06:04:06 4 sec: 0 operations;
2025-04-22 06:04:07 5 sec: 8287 operations; [READ: Count=4129 Max=1588.22 Min=3.12 Avg=59.85 10=13.65 25=17.15 50=22.98 75=33.73 90=114.88 95=170.24 99=795.65 99.9=1289.21 99.99=1588.22] [UPDATE: Count=4158 Max=9969.66 Min=9.10 Avg=79.02 10=21.34 25=25.49 50=33.05 75=46.34 90=128.51 95=214.53 99=859.13 99.9=2254.85 99.99=9969.66]
2025-04-22 06:04:08 6 sec: 20248 operations; [READ: Count=10134 Max=1964.03 Min=2.66 Avg=64.57 10=13.81 25=17.79 50=23.70 75=34.34 90=122.56 95=240.38 99=832.00 99.9=1310.72 99.99=1665.02] [UPDATE: Count=10114 Max=10969.09 Min=8.34 Avg=89.87 10=22.21 25=26.94 50=34.56 75=47.42 90=140.41 95=314.88 99=958.46 99.9=4681.73 99.99=9969.66]
2025-04-22 06:04:09 7 sec: 33148 operations; [READ: Count=16438 Max=1964.03 Min=2.62 Avg=65.54 10=13.76 25=17.86 50=23.74 75=33.82 90=118.53 95=262.40 99=851.46 99.9=1370.11 99.99=1892.35] [UPDATE: Count=16710 Max=10969.09 Min=8.10 Avg=88.14 10=22.06 25=26.70 50=34.14 75=46.43 90=137.09 95=345.34 99=953.34 99.9=3006.46 99.99=9781.25]
2025-04-22 06:04:10 8 sec: 54240 operations; [READ: Count=27151 Max=2308.09 Min=2.34 Avg=55.67 10=12.32 25=15.72 50=21.58 75=31.54 90=111.61 95=183.42 99=725.50 99.9=1298.43 99.99=1892.35] [UPDATE: Count=27089 Max=10969.09 Min=8.02 Avg=74.52 10=19.60 25=24.14 50=31.21 75=42.88 90=125.31 95=220.41 99=836.10 99.9=2172.93 99.99=9109.50]
2025-04-22 06:04:11 9 sec: 77145 operations; [READ: Count=38514 Max=2308.09 Min=2.34 Avg=49.99 10=12.01 25=14.49 50=20.54 75=29.23 90=106.37 95=156.93 99=647.68 99.9=1310.72 99.99=1897.47] [UPDATE: Count=38631 Max=10969.09 Min=7.59 Avg=66.86 10=18.89 25=22.77 50=29.44 75=39.68 90=117.89 95=188.54 99=776.19 99.9=1922.05 99.99=9109.50]
2025-04-22 06:04:12 10 sec: 104287 operations; [READ: Count=51987 Max=2308.09 Min=2.32 Avg=45.17 10=11.96 25=14.21 50=20.05 75=27.79 90=101.12 95=136.45 99=576.51 99.9=1261.57 99.99=1892.35] [UPDATE: Count=52300 Max=10969.09 Min=7.52 Avg=59.91 10=18.77 25=22.27 50=28.70 75=37.70 90=111.36 95=159.62 99=682.50 99.9=1784.83 99.99=8577.02]
2025-04-22 06:04:13 11 sec: 136170 operations; [READ: Count=67905 Max=2308.09 Min=2.32 Avg=40.67 10=11.88 25=14.07 50=19.66 75=26.69 90=94.02 95=120.96 99=500.74 99.9=1208.32 99.99=1772.54] [UPDATE: Count=68265 Max=10969.09 Min=7.42 Avg=54.04 10=18.62 25=21.93 50=28.13 75=36.26 90=103.74 95=137.09 99=598.53 99.9=1617.92 99.99=7569.41]
2025-04-22 06:04:14 12 sec: 165225 operations; [READ: Count=82481 Max=2308.09 Min=2.16 Avg=38.38 10=11.81 25=14.02 50=19.50 75=26.34 90=87.87 95=115.90 99=442.37 99.9=1164.29 99.99=1741.82] [UPDATE: Count=82744 Max=10969.09 Min=7.42 Avg=51.46 10=18.51 25=21.81 50=27.95 75=35.81 90=98.11 95=130.62 99=536.58 99.9=1499.13 99.99=7327.74]
2025-04-22 06:04:15 13 sec: 182560 operations; [READ: Count=91225 Max=2308.09 Min=2.16 Avg=39.77 10=11.78 25=14.05 50=19.70 75=26.72 90=93.89 95=122.17 99=434.18 99.9=1123.33 99.99=1665.02] [UPDATE: Count=91335 Max=10969.09 Min=7.39 Avg=52.32 10=18.45 25=21.77 50=28.05 75=36.16 90=103.10 95=137.22 99=512.77 99.9=1444.86 99.99=7282.69]
2025-04-22 06:04:16 14 sec: 194252 operations; [READ: Count=97079 Max=2308.09 Min=2.16 Avg=42.10 10=11.75 25=14.11 50=19.97 75=27.36 90=97.92 95=130.62 99=449.54 99.9=1168.38 99.99=1770.49] [UPDATE: Count=97173 Max=10969.09 Min=7.39 Avg=54.62 10=18.43 25=21.86 50=28.29 75=36.96 90=107.39 95=146.94 99=536.58 99.9=1480.70 99.99=7196.67]
2025-04-22 06:04:17 15 sec: 207252 operations; [READ: Count=103581 Max=2308.09 Min=2.16 Avg=43.88 10=11.72 25=14.17 50=20.25 75=28.11 90=100.54 95=137.60 99=455.94 99.9=1170.43 99.99=1772.54] [UPDATE: Count=103671 Max=10969.09 Min=7.39 Avg=56.31 10=18.40 25=21.92 50=28.51 75=37.89 90=110.08 95=154.50 99=536.58 99.9=1481.73 99.99=7196.67]
2025-04-22 06:04:18 16 sec: 221940 operations; [READ: Count=111002 Max=2308.09 Min=2.16 Avg=45.10 10=11.68 25=14.20 50=20.43 75=28.66 90=102.53 95=145.15 99=449.79 99.9=1162.24 99.99=1770.49] [UPDATE: Count=110938 Max=10969.09 Min=7.28 Avg=57.34 10=18.37 25=21.95 50=28.66 75=38.62 90=112.06 95=163.20 99=524.80 99.9=1453.06 99.99=7159.81]
2025-04-22 06:04:19 17 sec: 239174 operations; [READ: Count=119696 Max=2308.09 Min=2.16 Avg=45.60 10=11.61 25=14.19 50=20.48 75=28.94 90=103.30 95=150.01 99=443.13 99.9=1139.71 99.99=1770.49] [UPDATE: Count=119478 Max=10969.09 Min=7.28 Avg=57.69 10=18.27 25=21.89 50=28.67 75=39.04 90=112.96 95=166.53 99=510.21 99.9=1448.96 99.99=6721.53]
2025-04-22 06:04:20 18 sec: 258706 operations; [READ: Count=129454 Max=2308.09 Min=2.16 Avg=45.61 10=11.50 25=14.13 50=20.41 75=28.96 90=103.49 95=151.81 99=439.04 99.9=1123.33 99.99=1741.82] [UPDATE: Count=129252 Max=10969.09 Min=7.28 Avg=57.47 10=18.14 25=21.76 50=28.56 75=39.04 90=113.15 95=168.19 99=498.43 99.9=1434.62 99.99=6107.14]
2025-04-22 06:04:21 19 sec: 273128 operations; [READ: Count=136717 Max=2308.09 Min=2.16 Avg=46.55 10=11.42 25=14.10 50=20.41 75=29.82 90=104.25 95=153.98 99=434.18 99.9=1092.61 99.99=1708.03] [UPDATE: Count=136411 Max=10969.09 Min=7.28 Avg=58.31 10=18.05 25=21.65 50=28.56 75=40.19 90=114.05 95=170.50 99=491.52 99.9=1406.97 99.99=5869.57]
2025-04-22 06:04:22 20 sec: 287241 operations; [READ: Count=143662 Max=2308.09 Min=2.16 Avg=47.47 10=11.33 25=14.05 50=20.37 75=30.88 90=104.64 95=155.13 99=436.99 99.9=1111.04 99.99=1708.03] [UPDATE: Count=143579 Max=10969.09 Min=7.28 Avg=59.11 10=17.90 25=21.50 50=28.51 75=41.63 90=114.50 95=171.65 99=492.03 99.9=1396.73 99.99=5869.57]
2025-04-22 06:04:23 21 sec: 305424 operations; [READ: Count=152816 Max=2308.09 Min=2.16 Avg=47.60 10=11.19 25=13.94 50=20.24 75=32.49 90=103.94 95=151.04 99=425.98 99.9=1084.41 99.99=1688.58] [UPDATE: Count=152608 Max=10969.09 Min=6.95 Avg=59.09 10=17.70 25=21.26 50=28.43 75=43.97 90=113.73 95=168.32 99=476.67 99.9=1359.87 99.99=5840.90]
2025-04-22 06:04:24 22 sec: 326241 operations; [READ: Count=163191 Max=2308.09 Min=2.16 Avg=47.32 10=10.99 25=13.79 50=19.98 75=34.46 90=102.85 95=145.02 99=413.69 99.9=1065.98 99.99=1684.48] [UPDATE: Count=163050 Max=10969.09 Min=6.95 Avg=58.58 10=17.44 25=20.98 50=28.24 75=47.39 90=112.25 95=162.30 99=457.98 99.9=1333.25 99.99=4681.73]
2025-04-22 06:04:25 23 sec: 349121 operations; [READ: Count=174723 Max=2308.09 Min=2.16 Avg=46.79 10=10.68 25=13.64 50=19.61 75=37.63 90=101.31 95=138.50 99=403.20 99.9=1037.82 99.99=1674.24] [UPDATE: Count=174398 Max=10969.09 Min=6.75 Avg=57.79 10=17.18 25=20.67 50=27.93 75=53.50 90=110.72 95=155.26 99=441.09 99.9=1301.50 99.99=4395.01]
2025-04-22 06:04:26 24 sec: 373895 operations; [READ: Count=187147 Max=2308.09 Min=2.16 Avg=46.10 10=10.22 25=13.48 50=19.07 75=43.13 90=99.90 95=132.48 99=393.73 99.9=1022.46 99.99=1654.78] [UPDATE: Count=186748 Max=10969.09 Min=6.75 Avg=56.80 10=16.88 25=20.35 50=27.50 75=75.20 90=109.12 95=148.09 99=426.75 99.9=1262.59 99.99=4073.47]
2025-04-22 06:04:27 25 sec: 398332 operations; [READ: Count=199442 Max=2308.09 Min=2.16 Avg=45.55 10=9.55 25=13.32 50=18.50 75=67.33 90=98.75 95=128.64 99=390.14 99.9=1015.81 99.99=1634.30] [UPDATE: Count=198890 Max=10969.09 Min=6.74 Avg=55.95 10=16.53 25=20.06 50=27.02 75=77.31 90=107.84 95=143.36 99=419.07 99.9=1241.09 99.99=3938.30]
2025-04-22 06:04:28 26 sec: 428028 operations; [READ: Count=214327 Max=2308.09 Min=2.16 Avg=44.44 10=8.43 25=13.16 50=17.71 75=67.45 90=97.15 95=123.71 99=378.62 99.9=998.40 99.99=1624.06] [UPDATE: Count=213701 Max=10969.09 Min=6.74 Avg=54.58 10=15.99 25=19.76 50=26.32 75=76.67 90=105.92 95=137.47 99=407.04 99.9=1205.25 99.99=3598.34]
2025-04-22 06:04:29 27 sec: 460258 operations; [READ: Count=230409 Max=2308.09 Min=2.16 Avg=43.21 10=7.41 25=12.99 50=16.91 75=43.81 90=95.74 95=119.23 99=368.38 99.9=972.29 99.99=1589.25] [UPDATE: Count=229849 Max=10969.09 Min=6.74 Avg=53.10 10=15.33 25=19.47 50=25.49 75=74.24 90=104.32 95=132.22 99=395.26 99.9=1175.55 99.99=3483.65]
2025-04-22 06:04:30 28 sec: 496058 operations; [READ: Count=248494 Max=2308.09 Min=2.16 Avg=41.79 10=6.67 25=12.84 50=16.20 75=36.67 90=94.27 95=115.45 99=357.12 99.9=953.34 99.99=1584.13] [UPDATE: Count=247564 Max=10969.09 Min=6.74 Avg=51.49 10=14.54 25=19.18 50=24.59 75=51.33 90=102.66 95=127.74 99=383.23 99.9=1149.95 99.99=3315.71]
2025-04-22 06:04:31 29 sec: 534641 operations; [READ: Count=267951 Max=2308.09 Min=2.16 Avg=40.36 10=6.19 25=12.67 50=15.63 75=33.15 90=92.86 95=112.45 99=345.86 99.9=921.09 99.99=1559.55] [UPDATE: Count=266690 Max=10969.09 Min=6.74 Avg=49.83 10=13.83 25=18.91 50=23.73 75=45.15 90=101.06 95=124.22 99=371.20 99.9=1124.35 99.99=3227.65]
2025-04-22 06:04:32 30 sec: 571337 operations; [READ: Count=286271 Max=2308.09 Min=2.16 Avg=39.22 10=5.89 25=12.54 50=15.25 75=30.96 90=91.78 95=110.59 99=338.43 99.9=903.17 99.99=1549.31] [UPDATE: Count=285066 Max=10969.09 Min=6.68 Avg=48.57 10=13.33 25=18.69 50=23.10 75=42.11 90=99.90 95=122.11 99=363.77 99.9=1106.94 99.99=3182.59]
2025-04-22 06:04:33 31 sec: 610611 operations; [READ: Count=306059 Max=2308.09 Min=2.06 Avg=38.05 10=5.67 25=12.43 50=14.96 75=29.45 90=90.69 95=108.54 99=326.14 99.9=886.27 99.99=1523.71] [UPDATE: Count=304552 Max=10969.09 Min=6.68 Avg=47.27 10=12.92 25=18.51 50=22.61 75=40.13 90=98.69 95=119.55 99=350.98 99.9=1075.20 99.99=3180.54]
2025-04-22 06:04:34 32 sec: 648108 operations; [READ: Count=324752 Max=2308.09 Min=2.06 Avg=37.13 10=5.53 25=12.34 50=14.77 75=28.54 90=89.86 95=106.69 99=313.86 99.9=871.93 99.99=1523.71] [UPDATE: Count=323356 Max=10969.09 Min=6.68 Avg=46.24 10=12.64 25=18.37 50=22.27 75=38.91 90=97.73 95=117.38 99=340.74 99.9=1052.67 99.99=3006.46]
2025-04-22 06:04:35 33 sec: 684577 operations; [READ: Count=342851 Max=2308.09 Min=2.06 Avg=36.38 10=5.42 25=12.26 50=14.62 75=27.90 90=89.15 95=105.22 99=302.33 99.9=853.50 99.99=1516.54] [UPDATE: Count=341726 Max=10969.09 Min=6.68 Avg=45.38 10=12.40 25=18.25 50=22.00 75=37.98 90=96.96 95=115.71 99=329.21 99.9=1027.58 99.99=2936.83]
2025-04-22 06:04:36 34 sec: 719066 operations; [READ: Count=360135 Max=2308.09 Min=2.06 Avg=35.81 10=5.32 25=12.18 50=14.52 75=27.41 90=88.58 95=104.06 99=292.10 99.9=842.24 99.99=1472.51] [UPDATE: Count=358931 Max=10969.09 Min=6.68 Avg=44.73 10=12.21 25=18.14 50=21.82 75=37.41 90=96.38 95=114.43 99=320.00 99.9=1012.74 99.99=2760.70]
2025-04-22 06:04:37 35 sec: 748388 operations; [READ: Count=374827 Max=2308.09 Min=2.06 Avg=35.57 10=5.28 25=12.13 50=14.47 75=27.12 90=88.32 95=103.61 99=290.05 99.9=830.98 99.99=1472.51] [UPDATE: Count=373561 Max=10969.09 Min=6.68 Avg=44.43 10=12.12 25=18.08 50=21.74 75=37.05 90=96.06 95=113.92 99=316.93 99.9=997.89 99.99=2760.70]
2025-04-22 06:04:38 36 sec: 783252 operations; [READ: Count=392434 Max=2308.09 Min=2.06 Avg=35.06 10=5.24 25=12.05 50=14.41 75=26.70 90=87.87 95=102.53 99=279.30 99.9=818.69 99.99=1459.20] [UPDATE: Count=390818 Max=10969.09 Min=6.68 Avg=43.87 10=12.04 25=18.00 50=21.63 75=36.54 90=95.55 95=112.64 99=307.71 99.9=977.41 99.99=2680.83]
2025-04-22 06:04:39 37 sec: 818984 operations; [READ: Count=410185 Max=2308.09 Min=2.06 Avg=34.57 10=5.19 25=11.97 50=14.34 75=26.22 90=87.49 95=101.63 99=272.64 99.9=803.84 99.99=1448.96] [UPDATE: Count=408799 Max=10969.09 Min=6.68 Avg=43.28 10=11.92 25=17.89 50=21.50 75=35.87 90=95.04 95=111.61 99=298.75 99.9=952.83 99.99=2656.26]
2025-04-22 06:04:40 38 sec: 857878 operations; [READ: Count=429527 Max=2308.09 Min=2.06 Avg=33.98 10=5.13 25=11.88 50=14.26 75=25.63 90=87.04 95=100.67 99=263.94 99.9=792.06 99.99=1443.84] [UPDATE: Count=428351 Max=10969.09 Min=6.68 Avg=42.60 10=11.81 25=17.77 50=21.36 75=35.07 90=94.53 95=110.46 99=290.30 99.9=936.45 99.99=2613.25]
2025-04-22 06:04:41 39 sec: 894433 operations; [READ: Count=447593 Max=2308.09 Min=2.06 Avg=33.51 10=5.09 25=11.78 50=14.21 75=25.10 90=86.66 95=99.97 99=258.18 99.9=781.82 99.99=1435.65] [UPDATE: Count=446840 Max=10969.09 Min=6.68 Avg=42.11 10=11.73 25=17.68 50=21.26 75=34.43 90=94.21 95=109.69 99=284.93 99.9=916.99 99.99=2557.95]
2025-04-22 06:04:42 40 sec: 921675 operations; [READ: Count=461130 Max=2308.09 Min=1.97 Avg=33.48 10=5.09 25=11.72 50=14.19 75=24.94 90=86.59 95=99.84 99=261.38 99.9=780.80 99.99=1426.43] [UPDATE: Count=460545 Max=10969.09 Min=6.68 Avg=42.03 10=11.70 25=17.61 50=21.21 75=34.21 90=94.14 95=109.57 99=286.46 99.9=909.82 99.99=2555.90]
2025-04-22 06:04:43 41 sec: 944504 operations; [READ: Count=472526 Max=2308.09 Min=1.97 Avg=33.60 10=5.13 25=11.69 50=14.21 75=25.09 90=86.85 95=99.97 99=259.58 99.9=774.14 99.99=1425.41] [UPDATE: Count=471978 Max=10969.09 Min=6.68 Avg=42.15 10=11.76 25=17.61 50=21.26 75=34.46 90=94.40 95=109.69 99=284.93 99.9=900.61 99.99=2535.42]
2025-04-22 06:04:44 42 sec: 959809 operations; [READ: Count=480283 Max=2308.09 Min=1.97 Avg=34.05 10=5.15 25=11.70 50=14.26 75=25.54 90=87.36 95=100.73 99=261.63 99.9=773.12 99.99=1419.26] [UPDATE: Count=479526 Max=10969.09 Min=6.68 Avg=42.56 10=11.81 25=17.63 50=21.33 75=35.04 90=94.91 95=110.53 99=285.95 99.9=893.95 99.99=2533.38]
2025-04-22 06:04:45 43 sec: 970643 operations; [READ: Count=485682 Max=2308.09 Min=1.97 Avg=34.64 10=5.17 25=11.73 50=14.29 75=26.11 90=88.00 95=102.08 99=268.80 99.9=771.58 99.99=1413.12] [UPDATE: Count=484961 Max=10969.09 Min=6.68 Avg=43.15 10=11.83 25=17.66 50=21.39 75=35.81 90=95.61 95=112.06 99=291.58 99.9=890.88 99.99=2533.38]
2025-04-22 06:04:46 44 sec: 981415 operations; [READ: Count=491045 Max=2308.09 Min=1.97 Avg=35.23 10=5.18 25=11.75 50=14.33 75=26.77 90=88.58 95=103.68 99=272.38 99.9=769.53 99.99=1413.12] [UPDATE: Count=490370 Max=10969.09 Min=6.68 Avg=43.72 10=11.86 25=17.70 50=21.45 75=36.64 90=96.25 95=113.92 99=293.38 99.9=890.88 99.99=2533.38]
2025-04-22 06:04:47 45 sec: 991500 operations; [READ: Count=496153 Max=2308.09 Min=1.97 Avg=35.84 10=5.20 25=11.78 50=14.37 75=27.39 90=89.09 95=105.34 99=278.78 99.9=783.87 99.99=1425.41] [UPDATE: Count=495347 Max=10969.09 Min=6.66 Avg=44.31 10=11.89 25=17.73 50=21.50 75=37.50 90=96.77 95=115.78 99=299.26 99.9=903.17 99.99=2527.23]
2025-04-22 06:04:47 45 sec: 1000000 operations; [READ: Count=500488 Max=2308.09 Min=1.97 Avg=36.22 10=5.21 25=11.79 50=14.40 75=28.00 90=89.47 95=106.56 99=279.81 99.9=781.31 99.99=1425.41] [UPDATE: Count=499512 Max=10969.09 Min=6.66 Avg=44.65 10=11.91 25=17.74 50=21.55 75=38.27 90=97.22 95=117.12 99=299.77 99.9=900.10 99.99=2527.23]
Run runtime(sec): 45.7856
Run operations(ops): 1000000
Run throughput(ops/sec): 21840.9
