Running scope as unit: run-rf9162769d66342b38494b56eaca29d5b.scope
load file:/home/user/DataFiles/silesia_data/silesia.tar
2025-04-22 06:28:24 0 sec: 0 operations;
2025-04-22 06:28:25 1 sec: 25759 operations; [INSERT: Count=25759 Max=6533.12 Min=4.85 Avg=34.62 10=14.86 25=20.78 50=30.46 75=44.00 90=58.94 95=68.80 99=90.11 99.9=130.56 99.99=307.71]
2025-04-22 06:28:26 2 sec: 48713 operations; [INSERT: Count=48713 Max=6533.12 Min=4.85 Avg=37.30 10=16.30 25=22.78 50=33.05 75=47.49 90=63.62 95=74.11 99=95.42 99.9=130.56 99.99=338.69]
2025-04-22 06:28:27 3 sec: 71575 operations; [INSERT: Count=71575 Max=6533.12 Min=4.85 Avg=38.30 10=16.94 25=23.60 50=34.05 75=48.70 90=65.28 95=75.65 99=96.77 99.9=129.60 99.99=321.02]
2025-04-22 06:28:28 4 sec: 93618 operations; [INSERT: Count=93618 Max=6533.12 Min=4.85 Avg=39.18 10=17.44 25=24.27 50=34.91 75=49.79 90=66.56 95=77.25 99=98.50 99.9=131.58 99.99=329.47]
2025-04-22 06:28:29 5 sec: 116625 operations; [INSERT: Count=116625 Max=6533.12 Min=4.85 Avg=39.36 10=17.65 25=24.46 50=35.13 75=50.02 90=66.75 95=77.31 99=98.37 99.9=135.29 99.99=329.47]
2025-04-22 06:28:30 6 sec: 140346 operations; [INSERT: Count=140346 Max=18481.15 Min=4.85 Avg=39.28 10=17.61 25=24.27 50=34.85 75=49.57 90=66.11 95=76.67 99=97.66 99.9=135.81 99.99=335.36]
2025-04-22 06:28:31 7 sec: 164370 operations; [INSERT: Count=164370 Max=18481.15 Min=4.85 Avg=39.14 10=17.65 25=24.22 50=34.75 75=49.44 90=65.86 95=76.29 99=97.15 99.9=131.97 99.99=333.57]
2025-04-22 06:28:32 8 sec: 188464 operations; [INSERT: Count=188464 Max=18481.15 Min=4.85 Avg=39.02 10=17.68 25=24.19 50=34.72 75=49.34 90=65.60 95=76.03 99=96.70 99.9=129.98 99.99=330.24]
2025-04-22 06:28:33 9 sec: 212829 operations; [INSERT: Count=212829 Max=18481.15 Min=4.85 Avg=38.88 10=17.68 25=24.14 50=34.62 75=49.18 90=65.31 95=75.65 99=96.32 99.9=129.47 99.99=329.47]
2025-04-22 06:28:34 10 sec: 237102 operations; [INSERT: Count=237102 Max=18481.15 Min=4.85 Avg=38.78 10=17.70 25=24.11 50=34.56 75=49.05 90=65.06 95=75.39 99=96.00 99.9=129.73 99.99=327.17]
2025-04-22 06:28:35 11 sec: 261499 operations; [INSERT: Count=261499 Max=18481.15 Min=4.85 Avg=38.67 10=17.70 25=24.06 50=34.46 75=48.90 90=64.80 95=75.07 99=95.81 99.9=129.92 99.99=327.17]
2025-04-22 06:28:36 12 sec: 286907 operations; [INSERT: Count=286907 Max=18481.15 Min=4.85 Avg=38.44 10=17.66 25=23.93 50=34.27 75=48.61 90=64.42 95=74.62 99=95.30 99.9=128.83 99.99=327.17]
2025-04-22 06:28:37 13 sec: 310579 operations; [INSERT: Count=310579 Max=18481.15 Min=4.85 Avg=38.48 10=17.71 25=24.00 50=34.34 75=48.67 90=64.45 95=74.62 99=95.17 99.9=128.57 99.99=327.17]
2025-04-22 06:28:38 14 sec: 332196 operations; [INSERT: Count=332196 Max=18481.15 Min=4.85 Avg=38.77 10=17.84 25=24.19 50=34.59 75=49.02 90=64.96 95=75.26 99=96.00 99.9=129.60 99.99=333.82]
2025-04-22 06:28:39 15 sec: 353092 operations; [INSERT: Count=353092 Max=18481.15 Min=4.85 Avg=39.11 10=17.97 25=24.41 50=34.91 75=49.47 90=65.60 95=75.97 99=97.02 99.9=130.30 99.99=341.50]
2025-04-22 06:28:40 16 sec: 373292 operations; [INSERT: Count=373292 Max=18481.15 Min=4.85 Avg=39.50 10=18.11 25=24.62 50=35.26 75=49.95 90=66.30 95=76.86 99=98.50 99.9=134.40 99.99=347.90]
2025-04-22 06:28:41 17 sec: 392715 operations; [INSERT: Count=392715 Max=18481.15 Min=4.85 Avg=39.92 10=18.25 25=24.85 50=35.58 75=50.46 90=67.07 95=77.82 99=100.16 99.9=139.26 99.99=352.77]
2025-04-22 06:28:42 18 sec: 411680 operations; [INSERT: Count=411680 Max=18481.15 Min=4.85 Avg=40.36 10=18.37 25=25.02 50=35.90 75=50.91 90=67.78 95=78.72 99=101.89 99.9=149.38 99.99=414.72]
2025-04-22 06:28:43 19 sec: 429799 operations; [INSERT: Count=429799 Max=18481.15 Min=4.85 Avg=40.84 10=18.48 25=25.26 50=36.26 75=51.52 90=68.61 95=79.94 99=104.13 99.9=156.93 99.99=444.16]
2025-04-22 06:28:44 20 sec: 442733 operations; [INSERT: Count=442733 Max=18481.15 Min=4.85 Avg=41.76 10=18.57 25=25.47 50=36.64 75=52.35 90=70.27 95=82.62 99=112.77 99.9=211.46 99.99=528.38]
2025-04-22 06:28:45 21 sec: 453176 operations; [INSERT: Count=453176 Max=18481.15 Min=4.85 Avg=42.84 10=18.69 25=25.71 50=37.18 75=53.44 90=72.38 95=86.02 99=123.71 99.9=224.64 99.99=626.17]
2025-04-22 06:28:46 22 sec: 464566 operations; [INSERT: Count=464566 Max=18481.15 Min=4.85 Avg=43.78 10=18.82 25=25.97 50=37.70 75=54.49 90=74.43 95=89.41 99=132.48 99.9=227.20 99.99=626.17]
2025-04-22 06:28:47 23 sec: 475975 operations; [INSERT: Count=475975 Max=18481.15 Min=4.85 Avg=44.68 10=18.93 25=26.21 50=38.21 75=55.52 90=76.48 95=92.54 99=139.52 99.9=232.45 99.99=674.82]
2025-04-22 06:28:48 24 sec: 487305 operations; [INSERT: Count=487305 Max=18481.15 Min=4.85 Avg=45.53 10=19.05 25=26.45 50=38.72 75=56.54 90=78.46 95=95.68 99=144.51 99.9=237.06 99.99=781.31]
2025-04-22 06:28:49 25 sec: 498781 operations; [INSERT: Count=498781 Max=18481.15 Min=4.85 Avg=46.34 10=19.15 25=26.67 50=39.20 75=57.50 90=80.25 95=98.56 99=149.38 99.9=244.48 99.99=881.15]
2025-04-22 06:28:50 26 sec: 516474 operations; [INSERT: Count=516474 Max=18481.15 Min=4.85 Avg=46.57 10=19.23 25=26.80 50=39.39 75=57.82 90=80.70 95=99.01 99=149.63 99.9=247.04 99.99=882.69]
2025-04-22 06:28:51 27 sec: 535430 operations; [INSERT: Count=535430 Max=18481.15 Min=4.85 Avg=46.67 10=19.30 25=26.89 50=39.55 75=58.02 90=80.89 95=98.94 99=148.86 99.9=247.04 99.99=916.48]
2025-04-22 06:28:52 28 sec: 556875 operations; [INSERT: Count=556875 Max=18481.15 Min=4.85 Avg=46.54 10=19.25 25=26.85 50=39.45 75=57.85 90=80.58 95=98.43 99=148.09 99.9=249.60 99.99=964.10]
2025-04-22 06:28:53 29 sec: 579554 operations; [INSERT: Count=579554 Max=18481.15 Min=4.85 Avg=46.32 10=19.21 25=26.78 50=39.33 75=57.60 90=80.06 95=97.66 99=146.94 99.9=248.70 99.99=941.57]
2025-04-22 06:28:54 30 sec: 601619 operations; [INSERT: Count=601619 Max=18481.15 Min=4.85 Avg=46.16 10=19.18 25=26.73 50=39.26 75=57.47 90=79.68 95=97.09 99=145.79 99.9=247.04 99.99=934.40]
2025-04-22 06:28:55 31 sec: 621665 operations; [INSERT: Count=621665 Max=18481.15 Min=4.85 Avg=46.18 10=19.25 25=26.82 50=39.36 75=57.53 90=79.68 95=96.83 99=144.64 99.9=245.76 99.99=882.69]
2025-04-22 06:28:56 32 sec: 641009 operations; [INSERT: Count=641009 Max=18481.15 Min=4.85 Avg=46.24 10=19.31 25=26.91 50=39.45 75=57.66 90=79.74 95=96.70 99=144.00 99.9=245.50 99.99=882.69]
2025-04-22 06:28:57 33 sec: 660290 operations; [INSERT: Count=660290 Max=18481.15 Min=4.85 Avg=46.31 10=19.38 25=27.01 50=39.58 75=57.79 90=79.81 95=96.64 99=143.36 99.9=244.99 99.99=897.02]
2025-04-22 06:28:58 34 sec: 679902 operations; [INSERT: Count=679902 Max=18481.15 Min=4.85 Avg=46.35 10=19.42 25=27.09 50=39.65 75=57.85 90=79.81 95=96.45 99=142.59 99.9=244.48 99.99=916.48]
2025-04-22 06:28:59 35 sec: 702004 operations; [INSERT: Count=702004 Max=18481.15 Min=4.85 Avg=46.21 10=19.36 25=27.01 50=39.55 75=57.70 90=79.55 95=96.06 99=141.95 99.9=244.48 99.99=951.29]
2025-04-22 06:29:00 36 sec: 756010 operations; [INSERT: Count=756010 Max=18481.15 Min=4.85 Avg=44.00 10=16.43 25=24.54 50=37.50 75=55.84 90=77.82 95=94.27 99=139.78 99.9=237.69 99.99=916.48]
2025-04-22 06:29:01 37 sec: 811521 operations; [INSERT: Count=811521 Max=18481.15 Min=4.85 Avg=42.00 10=14.06 25=22.11 50=35.52 75=54.08 90=76.16 95=92.54 99=137.60 99.9=230.53 99.99=881.15]
2025-04-22 06:29:02 38 sec: 872423 operations; [INSERT: Count=872423 Max=18481.15 Min=4.85 Avg=39.98 10=12.12 25=19.57 50=33.38 75=52.26 90=74.50 95=90.81 99=135.55 99.9=225.41 99.99=824.32]
2025-04-22 06:29:03 39 sec: 907511 operations; [INSERT: Count=907511 Max=18481.15 Min=4.85 Avg=39.39 10=12.03 25=19.09 50=32.66 75=51.52 90=73.73 95=90.05 99=134.40 99.9=222.21 99.99=781.31]
2025-04-22 06:29:04 40 sec: 938673 operations; [INSERT: Count=938673 Max=18481.15 Min=4.78 Avg=39.03 10=11.97 25=18.86 50=32.24 75=50.98 90=73.15 95=89.34 99=133.63 99.9=223.49 99.99=865.79]
2025-04-22 06:29:05 40 sec: 1000000 operations; [INSERT: Count=1000000 Max=18481.15 Min=4.42 Avg=37.33 10=10.50 25=16.85 50=30.40 75=49.41 90=71.68 95=87.94 99=131.84 99.9=221.82 99.99=881.15]
Load runtime(sec): 40.9821
Load operations(ops): 1000000
Load throughput(ops/sec): 24400.9
