Running scope as unit: run-r606881875315468f8dcc53243b675c29.scope
load file:/home/user/DataFiles/silesia_data/silesia.tar
2025-04-21 20:39:28 0 sec: 0 operations;
2025-04-21 20:39:29 1 sec: 0 operations;
2025-04-21 20:39:30 2 sec: 0 operations;
2025-04-21 20:39:31 3 sec: 0 operations;
2025-04-21 20:39:32 4 sec: 8131 operations; [READ: Count=5437 Max=4804.61 Min=2.86 Avg=53.82 10=12.62 25=15.72 50=21.12 75=29.12 90=97.02 95=146.94 99=797.18 99.9=1197.06 99.99=4130.81] [UPDATE: Count=2694 Max=15441.92 Min=8.64 Avg=29.87 10=11.49 25=12.93 50=15.11 75=18.29 90=21.97 95=25.04 99=39.77 99.9=3858.43 99.99=15441.92]
2025-04-21 20:39:33 5 sec: 30463 operations; [READ: Count=20307 Max=4804.61 Min=2.82 Avg=54.09 10=13.83 25=17.55 50=23.87 75=34.59 90=102.33 95=135.81 99=754.17 99.9=1395.71 99.99=3037.18] [UPDATE: Count=10156 Max=15441.92 Min=7.14 Avg=25.14 10=12.05 25=13.85 50=16.70 75=20.48 90=24.88 95=28.21 99=37.25 99.9=1604.61 99.99=7913.47]
2025-04-21 20:39:34 6 sec: 48362 operations; [READ: Count=32278 Max=4804.61 Min=2.75 Avg=60.21 10=14.17 25=18.25 50=24.61 75=35.39 90=103.42 95=145.41 99=921.60 99.9=1528.83 99.99=3037.18] [UPDATE: Count=16084 Max=15441.92 Min=7.14 Avg=24.60 10=12.21 25=14.16 50=17.15 75=21.02 90=25.58 95=29.02 99=37.98 99.9=1604.61 99.99=7827.45]
2025-04-21 20:39:35 7 sec: 79375 operations; [READ: Count=52915 Max=4804.61 Min=2.46 Avg=51.77 10=12.32 25=15.86 50=22.08 75=32.24 90=98.56 95=127.55 99=775.17 99.9=1453.06 99.99=2263.04] [UPDATE: Count=26460 Max=15441.92 Min=6.74 Avg=21.82 10=11.02 25=12.73 50=15.54 75=19.38 90=23.76 95=27.30 99=36.90 99.9=1381.38 99.99=7512.06]
2025-04-21 20:39:36 8 sec: 120683 operations; [READ: Count=80434 Max=4804.61 Min=2.39 Avg=43.75 10=11.78 25=14.16 50=20.46 75=28.77 90=92.48 95=112.38 99=556.03 99.9=1339.39 99.99=1971.20] [UPDATE: Count=40249 Max=15441.92 Min=6.54 Avg=19.13 10=10.37 25=11.82 50=14.31 75=17.95 90=22.41 95=25.71 99=34.56 99.9=835.58 99.99=6426.62]
2025-04-21 20:39:37 9 sec: 163208 operations; [READ: Count=108831 Max=4804.61 Min=2.39 Avg=39.44 10=11.62 25=13.70 50=19.74 75=26.75 90=86.46 95=105.34 99=462.59 99.9=1317.89 99.99=1951.74] [UPDATE: Count=54377 Max=15441.92 Min=6.33 Avg=17.81 10=10.07 25=11.43 50=13.68 75=17.15 90=21.42 95=24.56 99=32.96 99.9=706.56 99.99=5816.32]
2025-04-21 20:39:38 10 sec: 212926 operations; [READ: Count=141959 Max=4804.61 Min=2.39 Avg=35.42 10=11.53 25=13.52 50=19.23 75=25.60 90=44.22 95=99.52 99=374.27 99.9=1242.11 99.99=1853.44] [UPDATE: Count=70967 Max=15441.92 Min=6.33 Avg=16.90 10=9.93 25=11.19 50=13.28 75=16.61 90=20.73 95=23.89 99=32.11 99.9=497.92 99.99=4653.06]
2025-04-21 20:39:39 11 sec: 240881 operations; [READ: Count=160587 Max=4804.61 Min=2.39 Avg=36.47 10=11.50 25=13.56 50=19.34 75=25.92 90=80.00 95=101.31 99=377.34 99.9=1234.94 99.99=1884.16] [UPDATE: Count=80294 Max=15441.92 Min=6.33 Avg=16.82 10=9.93 25=11.18 50=13.21 75=16.46 90=20.48 95=23.65 99=32.11 99.9=523.26 99.99=3858.43]
2025-04-21 20:39:40 12 sec: 261724 operations; [READ: Count=174529 Max=4804.61 Min=2.33 Avg=38.60 10=11.48 25=13.61 50=19.70 75=26.82 90=86.21 95=105.09 99=380.67 99.9=1216.51 99.99=1853.44] [UPDATE: Count=87195 Max=15441.92 Min=6.33 Avg=16.70 10=9.91 25=11.13 50=13.12 75=16.30 90=20.29 95=23.45 99=32.11 99.9=488.96 99.99=3801.09]
2025-04-21 20:39:41 13 sec: 282339 operations; [READ: Count=188291 Max=4804.61 Min=2.33 Avg=40.50 10=11.46 25=13.66 50=20.02 75=27.82 90=88.77 95=109.12 99=382.98 99.9=1197.06 99.99=1831.93] [UPDATE: Count=94048 Max=15441.92 Min=6.33 Avg=16.52 10=9.91 25=11.11 50=13.05 75=16.18 90=20.09 95=23.28 99=31.89 99.9=426.75 99.99=3801.09]
2025-04-21 20:39:42 14 sec: 301974 operations; [READ: Count=201401 Max=4804.61 Min=2.33 Avg=42.23 10=11.42 25=13.68 50=20.16 75=28.54 90=89.98 95=113.41 99=399.62 99.9=1257.47 99.99=1999.87] [UPDATE: Count=100573 Max=15441.92 Min=6.33 Avg=16.50 10=9.90 25=11.10 50=13.00 75=16.06 90=19.93 95=23.12 99=31.82 99.9=439.04 99.99=3364.86]
2025-04-21 20:39:43 15 sec: 328198 operations; [READ: Count=218909 Max=4804.61 Min=2.27 Avg=42.76 10=11.36 25=13.65 50=20.21 75=28.99 90=90.69 95=117.76 99=395.52 99.9=1230.85 99.99=1982.46] [UPDATE: Count=109289 Max=15441.92 Min=6.33 Avg=16.34 10=9.89 25=11.06 50=12.94 75=15.97 90=19.74 95=22.93 99=31.66 99.9=403.45 99.99=3137.53]
2025-04-21 20:39:44 16 sec: 354963 operations; [READ: Count=236804 Max=4804.61 Min=2.27 Avg=43.15 10=11.29 25=13.61 50=20.14 75=29.77 90=90.62 95=119.17 99=389.89 99.9=1213.44 99.99=1968.13] [UPDATE: Count=118159 Max=15441.92 Min=6.21 Avg=16.19 10=9.80 25=10.93 50=12.78 75=15.78 90=19.52 95=22.72 99=31.61 99.9=413.44 99.99=3057.66]
2025-04-21 20:39:45 17 sec: 379879 operations; [READ: Count=253438 Max=4804.61 Min=2.27 Avg=43.81 10=11.21 25=13.56 50=20.16 75=31.95 90=90.43 95=119.10 99=380.16 99.9=1191.93 99.99=1951.74] [UPDATE: Count=126441 Max=15441.92 Min=6.04 Avg=15.90 10=9.70 25=10.72 50=12.59 75=15.54 90=19.25 95=22.45 99=31.44 99.9=357.89 99.99=3051.52]
2025-04-21 20:39:46 18 sec: 404747 operations; [READ: Count=269968 Max=4804.61 Min=2.27 Avg=44.42 10=11.11 25=13.50 50=20.19 75=35.71 90=90.30 95=119.61 99=372.48 99.9=1162.24 99.99=1899.52] [UPDATE: Count=134779 Max=15441.92 Min=6.04 Avg=15.63 10=9.62 25=10.55 50=12.42 75=15.31 90=18.99 95=22.19 99=31.31 99.9=311.81 99.99=3051.52]
2025-04-21 20:39:47 19 sec: 430334 operations; [READ: Count=286966 Max=4804.61 Min=2.27 Avg=44.88 10=10.98 25=13.45 50=20.21 75=65.18 90=89.86 95=118.97 99=369.66 99.9=1142.78 99.99=1871.87] [UPDATE: Count=143368 Max=15441.92 Min=6.04 Avg=15.36 10=9.55 25=10.40 50=12.26 75=15.09 90=18.75 95=21.95 99=31.17 99.9=285.18 99.99=3049.47]
2025-04-21 20:39:48 20 sec: 458233 operations; [READ: Count=305588 Max=4804.61 Min=2.17 Avg=45.03 10=10.82 25=13.40 50=20.27 75=70.21 90=89.02 95=116.03 99=361.47 99.9=1119.23 99.99=1848.32] [UPDATE: Count=152645 Max=15441.92 Min=6.04 Avg=15.10 10=9.49 25=10.27 50=12.10 75=14.86 90=18.51 95=21.71 99=31.04 99.9=241.41 99.99=2871.30]
2025-04-21 20:39:49 21 sec: 485686 operations; [READ: Count=323855 Max=4804.61 Min=2.17 Avg=45.20 10=10.63 25=13.38 50=20.38 75=71.49 90=88.25 95=113.28 99=352.77 99.9=1101.82 99.99=1831.93] [UPDATE: Count=161831 Max=15441.92 Min=6.04 Avg=14.89 10=9.44 25=10.20 50=12.00 75=14.66 90=18.27 95=21.47 99=30.88 99.9=210.94 99.99=2838.53]
2025-04-21 20:39:50 22 sec: 513750 operations; [READ: Count=342548 Max=4804.61 Min=2.17 Avg=45.30 10=10.35 25=13.34 50=20.46 75=72.06 90=87.49 95=110.97 99=345.60 99.9=1083.39 99.99=1822.72] [UPDATE: Count=171202 Max=15441.92 Min=6.04 Avg=14.68 10=9.40 25=10.12 50=11.88 75=14.46 90=18.06 95=21.23 99=30.73 99.9=198.40 99.99=2764.80]
2025-04-21 20:39:51 23 sec: 541423 operations; [READ: Count=361042 Max=4804.61 Min=2.17 Avg=45.42 10=10.00 25=13.30 50=20.57 75=72.51 90=86.85 95=109.18 99=338.18 99.9=1070.08 99.99=1805.31] [UPDATE: Count=180381 Max=15441.92 Min=6.03 Avg=14.49 10=9.36 25=10.05 50=11.77 75=14.27 90=17.86 95=21.01 99=30.59 99.9=192.90 99.99=2713.60]
2025-04-21 20:39:52 24 sec: 568111 operations; [READ: Count=378805 Max=10690.56 Min=2.17 Avg=45.63 10=9.53 25=13.29 50=20.64 75=72.89 90=86.40 95=107.65 99=333.31 99.9=1054.72 99.99=1789.95] [UPDATE: Count=189306 Max=15441.92 Min=6.03 Avg=14.34 10=9.34 25=10.02 50=11.66 75=14.10 90=17.68 95=20.82 99=30.35 99.9=192.90 99.99=2699.26]
2025-04-21 20:39:53 25 sec: 596526 operations; [READ: Count=397787 Max=10690.56 Min=2.17 Avg=45.66 10=8.89 25=13.23 50=20.64 75=73.02 90=85.89 95=106.24 99=330.75 99.9=1037.82 99.99=1789.95] [UPDATE: Count=198739 Max=15441.92 Min=6.03 Avg=14.18 10=9.31 25=9.97 50=11.57 75=13.94 90=17.50 95=20.61 99=30.08 99.9=190.59 99.99=2643.97]
2025-04-21 20:39:54 26 sec: 628910 operations; [READ: Count=419278 Max=10690.56 Min=2.17 Avg=45.37 10=8.21 25=13.15 50=20.53 75=73.02 90=85.25 95=104.13 99=324.86 99.9=1022.98 99.99=1759.23] [UPDATE: Count=209632 Max=15441.92 Min=6.03 Avg=14.00 10=9.28 25=9.94 50=11.45 75=13.78 90=17.31 95=20.38 99=29.77 99.9=190.34 99.99=2623.49]
2025-04-21 20:39:55 27 sec: 663458 operations; [READ: Count=442286 Max=10690.56 Min=2.17 Avg=44.94 10=7.55 25=13.05 50=20.29 75=72.89 90=84.61 95=102.27 99=318.46 99.9=999.42 99.99=1757.18] [UPDATE: Count=221172 Max=15441.92 Min=6.03 Avg=13.84 10=9.24 25=9.90 50=11.34 75=13.62 90=17.10 95=20.16 99=29.54 99.9=190.46 99.99=2615.30]
2025-04-21 20:39:56 28 sec: 700117 operations; [READ: Count=466785 Max=10690.56 Min=2.17 Avg=44.39 10=7.01 25=12.96 50=19.90 75=72.70 90=83.97 95=100.54 99=311.81 99.9=974.85 99.99=1743.87] [UPDATE: Count=233332 Max=15441.92 Min=6.03 Avg=13.70 10=9.21 25=9.87 50=11.23 75=13.49 90=16.91 95=19.93 99=29.26 99.9=188.93 99.99=2592.77]
2025-04-21 20:39:57 29 sec: 738249 operations; [READ: Count=492139 Max=10690.56 Min=2.01 Avg=43.80 10=6.62 25=12.87 50=19.28 75=72.51 90=83.45 95=99.07 99=307.71 99.9=961.53 99.99=1718.27] [UPDATE: Count=246110 Max=15441.92 Min=6.03 Avg=13.56 10=9.18 25=9.85 50=11.15 75=13.38 90=16.72 95=19.71 99=29.02 99.9=188.29 99.99=2562.05]
2025-04-21 20:39:58 30 sec: 778998 operations; [READ: Count=519309 Max=10690.56 Min=2.01 Avg=43.10 10=6.28 25=12.74 50=18.45 75=72.19 90=82.94 95=97.73 99=304.38 99.9=946.69 99.99=1696.77] [UPDATE: Count=259689 Max=15441.92 Min=6.03 Avg=13.42 10=9.14 25=9.81 50=11.05 75=13.26 90=16.54 95=19.50 99=28.77 99.9=188.29 99.99=2557.95]
2025-04-21 20:39:59 31 sec: 824505 operations; [READ: Count=549663 Max=10690.56 Min=2.01 Avg=42.19 10=6.00 25=12.62 50=17.47 75=71.74 90=82.43 95=96.19 99=294.40 99.9=920.06 99.99=1664.00] [UPDATE: Count=274842 Max=15441.92 Min=6.03 Avg=13.29 10=9.10 25=9.79 50=10.95 75=13.15 90=16.34 95=19.26 99=28.56 99.9=188.67 99.99=2414.59]
2025-04-21 20:40:00 32 sec: 871879 operations; [READ: Count=581090 Max=10690.56 Min=2.01 Avg=41.28 10=5.79 25=12.50 50=16.69 75=71.30 90=81.92 95=94.72 99=284.93 99.9=902.14 99.99=1644.54] [UPDATE: Count=290789 Max=15441.92 Min=6.03 Avg=13.16 10=9.05 25=9.76 50=10.86 75=13.05 90=16.14 95=19.05 99=28.35 99.9=186.75 99.99=2334.72]
2025-04-21 20:40:01 33 sec: 921933 operations; [READ: Count=614472 Max=10690.56 Min=2.01 Avg=40.32 10=5.62 25=12.38 50=16.06 75=70.78 90=81.41 95=93.38 99=274.94 99.9=884.74 99.99=1630.21] [UPDATE: Count=307461 Max=15441.92 Min=6.03 Avg=13.04 10=8.99 25=9.74 50=10.78 75=12.96 90=15.94 95=18.83 99=28.14 99.9=187.26 99.99=2285.57]
2025-04-21 20:40:02 34 sec: 972443 operations; [READ: Count=648126 Max=10690.56 Min=2.01 Avg=39.44 10=5.48 25=12.28 50=15.60 75=70.27 90=80.96 95=92.16 99=267.01 99.9=866.82 99.99=1612.80] [UPDATE: Count=324317 Max=15441.92 Min=6.03 Avg=12.93 10=8.94 25=9.72 50=10.72 75=12.88 90=15.76 95=18.61 99=27.90 99.9=185.60 99.99=2260.99]
2025-04-21 20:40:03 35 sec: 1022288 operations; [READ: Count=681254 Max=10690.56 Min=2.01 Avg=38.68 10=5.38 25=12.18 50=15.26 75=69.69 90=80.58 95=91.26 99=262.91 99.9=859.65 99.99=1606.65] [UPDATE: Count=341034 Max=15441.92 Min=6.03 Avg=12.82 10=8.87 25=9.70 50=10.66 75=12.81 90=15.59 95=18.40 99=27.70 99.9=182.91 99.99=2232.32]
2025-04-21 20:40:04 36 sec: 1077687 operations; [READ: Count=718204 Max=10690.56 Min=2.01 Avg=37.76 10=5.26 25=12.06 50=14.96 75=69.06 90=80.13 95=90.11 99=254.08 99.9=842.75 99.99=1591.30] [UPDATE: Count=359483 Max=15441.92 Min=6.03 Avg=12.72 10=8.78 25=9.68 50=10.62 75=12.73 90=15.41 95=18.21 99=27.60 99.9=179.71 99.99=2170.88]
2025-04-21 20:40:05 37 sec: 1132367 operations; [READ: Count=754647 Max=10690.56 Min=2.01 Avg=36.96 10=5.18 25=11.96 50=14.74 75=68.54 90=79.74 95=89.22 99=246.14 99.9=828.93 99.99=1574.91] [UPDATE: Count=377720 Max=15441.92 Min=6.03 Avg=12.62 10=8.70 25=9.66 50=10.57 75=12.68 90=15.26 95=18.03 99=27.42 99.9=177.28 99.99=1928.19]
2025-04-21 20:40:06 38 sec: 1185360 operations; [READ: Count=789936 Max=10690.56 Min=2.01 Avg=36.29 10=5.13 25=11.87 50=14.59 75=68.09 90=79.36 95=88.45 99=238.59 99.9=816.13 99.99=1562.62] [UPDATE: Count=395424 Max=15441.92 Min=6.03 Avg=12.55 10=8.62 25=9.65 50=10.54 75=12.63 90=15.12 95=17.86 99=27.30 99.9=175.49 99.99=1857.54]
2025-04-21 20:40:07 39 sec: 1236433 operations; [READ: Count=823955 Max=10690.56 Min=2.01 Avg=35.75 10=5.08 25=11.78 50=14.47 75=67.71 90=79.10 95=87.87 99=233.73 99.9=803.84 99.99=1555.45] [UPDATE: Count=412478 Max=15441.92 Min=6.03 Avg=12.48 10=8.54 25=9.63 50=10.52 75=12.58 90=14.99 95=17.71 99=27.17 99.9=172.54 99.99=1820.67]
2025-04-21 20:40:08 40 sec: 1284979 operations; [READ: Count=856401 Max=10690.56 Min=2.01 Avg=35.33 10=5.04 25=11.70 50=14.38 75=67.39 90=78.85 95=87.36 99=231.42 99.9=799.23 99.99=1550.34] [UPDATE: Count=428578 Max=15441.92 Min=6.03 Avg=12.41 10=8.49 25=9.62 50=10.49 75=12.54 90=14.88 95=17.57 99=27.07 99.9=171.13 99.99=1780.73]
2025-04-21 20:40:09 41 sec: 1338858 operations; [READ: Count=892248 Max=10690.56 Min=2.01 Avg=34.76 10=5.00 25=11.60 50=14.28 75=67.01 90=78.59 95=86.85 99=225.41 99.9=785.92 99.99=1534.97] [UPDATE: Count=446610 Max=15441.92 Min=6.03 Avg=12.37 10=8.44 25=9.61 50=10.48 75=12.52 90=14.80 95=17.44 99=27.07 99.9=169.22 99.99=1660.93]
2025-04-21 20:40:10 42 sec: 1386154 operations; [READ: Count=923760 Max=10690.56 Min=2.01 Avg=34.42 10=5.01 25=11.51 50=14.25 75=66.75 90=78.53 95=86.59 99=224.51 99.9=777.22 99.99=1528.83] [UPDATE: Count=462394 Max=15441.92 Min=6.03 Avg=12.37 10=8.41 25=9.60 50=10.48 75=12.51 90=14.76 95=17.36 99=27.09 99.9=168.70 99.99=1780.73]
2025-04-21 20:40:11 43 sec: 1409464 operations; [READ: Count=939341 Max=10690.56 Min=2.01 Avg=34.78 10=5.03 25=11.52 50=14.29 75=67.01 90=78.85 95=87.55 99=232.06 99.9=774.14 99.99=1525.76] [UPDATE: Count=470123 Max=15441.92 Min=6.03 Avg=12.39 10=8.43 25=9.61 50=10.49 75=12.54 90=14.81 95=17.39 99=27.09 99.9=168.70 99.99=1780.73]
2025-04-21 20:40:12 44 sec: 1425479 operations; [READ: Count=950075 Max=10690.56 Min=2.01 Avg=35.35 10=5.05 25=11.56 50=14.34 75=67.39 90=79.36 95=88.83 99=239.36 99.9=774.65 99.99=1525.76] [UPDATE: Count=475404 Max=15441.92 Min=6.03 Avg=12.41 10=8.45 25=9.62 50=10.52 75=12.56 90=14.86 95=17.42 99=27.09 99.9=168.83 99.99=1780.73]
2025-04-21 20:40:13 45 sec: 1436895 operations; [READ: Count=957712 Max=10690.56 Min=2.01 Avg=36.03 10=5.05 25=11.58 50=14.38 75=67.78 90=79.81 95=90.30 99=250.88 99.9=782.85 99.99=1552.38] [UPDATE: Count=479183 Max=15441.92 Min=6.03 Avg=12.47 10=8.46 25=9.62 50=10.54 75=12.58 90=14.92 95=17.47 99=27.15 99.9=170.50 99.99=1926.14]
2025-04-21 20:40:14 46 sec: 1450778 operations; [READ: Count=966978 Max=10690.56 Min=2.01 Avg=36.64 10=5.06 25=11.62 50=14.43 75=68.16 90=80.32 95=91.84 99=258.30 99.9=784.89 99.99=1552.38] [UPDATE: Count=483800 Max=15441.92 Min=6.03 Avg=12.49 10=8.47 25=9.63 50=10.55 75=12.61 90=14.97 95=17.50 99=27.15 99.9=171.26 99.99=1926.14]
2025-04-21 20:40:15 47 sec: 1464853 operations; [READ: Count=976355 Max=10690.56 Min=2.01 Avg=37.22 10=5.08 25=11.64 50=14.48 75=68.48 90=80.77 95=93.50 99=267.01 99.9=784.89 99.99=1550.34] [UPDATE: Count=488498 Max=15441.92 Min=6.03 Avg=12.52 10=8.49 25=9.64 50=10.57 75=12.62 90=15.01 95=17.54 99=27.15 99.9=172.16 99.99=2103.30]
2025-04-21 20:40:16 48 sec: 1480589 operations; [READ: Count=986866 Max=10690.56 Min=2.01 Avg=37.74 10=5.09 25=11.66 50=14.53 75=68.73 90=81.15 95=95.17 99=274.69 99.9=785.41 99.99=1542.14] [UPDATE: Count=493723 Max=15441.92 Min=6.03 Avg=12.56 10=8.50 25=9.65 50=10.59 75=12.65 90=15.04 95=17.55 99=27.15 99.9=172.67 99.99=2136.06]
2025-04-21 20:40:17 49 sec: 1498179 operations; [READ: Count=998542 Max=10690.56 Min=2.01 Avg=38.21 10=5.10 25=11.69 50=14.57 75=68.99 90=81.60 95=96.96 99=280.32 99.9=784.89 99.99=1541.12] [UPDATE: Count=499637 Max=15441.92 Min=6.03 Avg=12.57 10=8.53 25=9.65 50=10.61 75=12.67 90=15.08 95=17.57 99=27.17 99.9=173.06 99.99=2117.63]
2025-04-21 20:40:17 49 sec: 1500370 operations; [READ: Count=1000000 Max=10690.56 Min=2.01 Avg=38.25 10=5.11 25=11.69 50=14.57 75=69.06 90=81.60 95=97.09 99=280.32 99.9=784.89 99.99=1541.12] [UPDATE: Count=500370 Max=15441.92 Min=6.03 Avg=12.57 10=8.53 25=9.65 50=10.62 75=12.67 90=15.09 95=17.57 99=27.17 99.9=173.18 99.99=2117.63]
Run runtime(sec): 49.2069
Run operations(ops): 1000000
Run throughput(ops/sec): 20322.4
