Running scope as unit: run-r0de7ad0726e241e7944d5c813b4200a7.scope
load file:/home/user/DataFiles/silesia_data/silesia.tar
2025-04-19 11:41:18 0 sec: 0 operations;
2025-04-19 11:41:19 1 sec: 0 operations;
2025-04-19 11:41:20 2 sec: 0 operations;
2025-04-19 11:41:21 3 sec: 0 operations;
2025-04-19 11:41:22 4 sec: 0 operations;
2025-04-19 11:41:23 5 sec: 0 operations;
2025-04-19 11:41:24 6 sec: 0 operations;
2025-04-19 11:41:25 7 sec: 0 operations;
2025-04-19 11:41:26 8 sec: 0 operations;
2025-04-19 11:41:27 9 sec: 0 operations;
2025-04-19 11:41:28 10 sec: 0 operations;
2025-04-19 11:41:29 11 sec: 0 operations;
2025-04-19 11:41:30 12 sec: 0 operations;
2025-04-19 11:41:31 13 sec: 0 operations;
2025-04-19 11:41:32 14 sec: 0 operations;
2025-04-19 11:41:33 15 sec: 0 operations;
2025-04-19 11:41:34 16 sec: 0 operations;
2025-04-19 11:41:35 17 sec: 0 operations;
2025-04-19 11:41:36 18 sec: 0 operations;
2025-04-19 11:41:37 19 sec: 0 operations;
2025-04-19 11:41:38 20 sec: 0 operations;
2025-04-19 11:41:39 21 sec: 0 operations;
2025-04-19 11:41:40 22 sec: 0 operations;
2025-04-19 11:41:41 23 sec: 0 operations;
2025-04-19 11:41:42 24 sec: 0 operations;
2025-04-19 11:41:43 25 sec: 0 operations;
2025-04-19 11:41:44 26 sec: 0 operations;
2025-04-19 11:41:45 27 sec: 0 operations;
2025-04-19 11:41:46 28 sec: 0 operations;
2025-04-19 11:41:47 29 sec: 0 operations;
2025-04-19 11:41:48 30 sec: 8334 operations; [READ: Count=5565 Max=487.17 Min=2.78 Avg=85.63 10=39.87 25=69.95 50=78.72 75=109.50 90=116.86 95=135.04 99=150.66 99.9=177.02 99.99=382.72] [UPDATE: Count=2769 Max=485.38 Min=7.08 Avg=13.02 10=10.18 25=10.90 50=12.04 75=13.42 90=15.09 95=16.03 99=22.18 99.9=155.65 99.99=485.38]
2025-04-19 11:41:49 31 sec: 24836 operations; [READ: Count=16530 Max=487.17 Min=2.51 Avg=84.54 10=39.23 25=69.50 50=78.27 75=109.50 90=117.25 95=135.42 99=151.04 99.9=179.84 99.99=259.20] [UPDATE: Count=8306 Max=485.38 Min=6.66 Avg=12.73 10=10.21 25=10.94 50=12.07 75=13.49 90=15.19 95=16.11 99=20.46 99.9=116.93 99.99=284.16]
2025-04-19 11:41:50 32 sec: 41145 operations; [READ: Count=27376 Max=487.17 Min=2.49 Avg=84.33 10=39.20 25=69.44 50=78.27 75=109.44 90=117.44 95=136.45 99=151.81 99.9=180.74 99.99=217.34] [UPDATE: Count=13769 Max=10403.84 Min=6.66 Avg=13.47 10=10.24 25=10.97 50=12.10 75=13.52 90=15.26 95=16.21 99=20.46 99.9=114.94 99.99=485.38]
2025-04-19 11:41:51 33 sec: 57524 operations; [READ: Count=38365 Max=487.17 Min=2.49 Avg=84.21 10=39.10 25=69.44 50=78.33 75=109.63 90=117.63 95=136.70 99=152.19 99.9=180.86 99.99=198.91] [UPDATE: Count=19159 Max=10403.84 Min=6.66 Avg=13.26 10=10.27 25=11.01 50=12.14 75=13.57 90=15.34 95=16.26 99=20.13 99.9=111.30 99.99=284.16]
2025-04-19 11:41:52 34 sec: 74044 operations; [READ: Count=49394 Max=487.17 Min=2.46 Avg=84.03 10=38.91 25=69.31 50=78.40 75=109.69 90=117.76 95=136.70 99=152.45 99.9=181.76 99.99=195.58] [UPDATE: Count=24650 Max=10403.84 Min=6.50 Avg=13.19 10=10.27 25=11.02 50=12.16 75=13.58 90=15.37 95=16.30 99=20.29 99.9=110.66 99.99=485.38]
2025-04-19 11:41:53 35 sec: 90677 operations; [READ: Count=60458 Max=487.17 Min=2.43 Avg=83.86 10=38.75 25=69.31 50=78.40 75=109.76 90=117.82 95=136.96 99=152.45 99.9=181.12 99.99=192.90] [UPDATE: Count=30219 Max=10403.84 Min=6.50 Avg=13.10 10=10.28 25=11.04 50=12.19 75=13.61 90=15.39 95=16.33 99=20.30 99.9=109.82 99.99=284.16]
2025-04-19 11:41:54 36 sec: 107454 operations; [READ: Count=71655 Max=487.17 Min=2.43 Avg=83.60 10=38.56 25=69.18 50=78.40 75=109.76 90=117.82 95=136.57 99=152.45 99.9=181.25 99.99=194.18] [UPDATE: Count=35799 Max=10403.84 Min=6.50 Avg=13.05 10=10.29 25=11.06 50=12.21 75=13.62 90=15.42 95=16.38 99=20.11 99.9=102.72 99.99=249.73]
2025-04-19 11:41:55 37 sec: 124129 operations; [READ: Count=82727 Max=487.17 Min=2.43 Avg=83.45 10=38.40 25=69.12 50=78.40 75=109.82 90=117.82 95=136.57 99=152.57 99.9=181.25 99.99=193.79] [UPDATE: Count=41402 Max=10403.84 Min=6.50 Avg=13.16 10=10.29 25=11.08 50=12.23 75=13.64 90=15.44 95=16.41 99=19.79 99.9=103.30 99.99=284.16]
2025-04-19 11:41:56 38 sec: 140887 operations; [READ: Count=93892 Max=487.17 Min=2.42 Avg=83.31 10=38.27 25=69.06 50=78.40 75=109.82 90=117.89 95=136.70 99=152.70 99.9=181.12 99.99=192.90] [UPDATE: Count=46995 Max=10403.84 Min=6.50 Avg=13.12 10=10.30 25=11.10 50=12.25 75=13.66 90=15.47 95=16.43 99=19.73 99.9=101.89 99.99=249.73]
2025-04-19 11:41:57 39 sec: 157694 operations; [READ: Count=105104 Max=487.17 Min=2.42 Avg=83.17 10=38.14 25=68.99 50=78.46 75=109.89 90=117.95 95=136.83 99=152.70 99.9=180.86 99.99=192.51] [UPDATE: Count=52590 Max=10403.84 Min=6.50 Avg=13.08 10=10.30 25=11.11 50=12.26 75=13.67 90=15.49 95=16.46 99=19.58 99.9=101.89 99.99=249.73]
2025-04-19 11:41:58 40 sec: 174572 operations; [READ: Count=116413 Max=487.17 Min=2.42 Avg=82.98 10=37.95 25=68.86 50=78.46 75=109.89 90=118.02 95=136.96 99=152.83 99.9=181.25 99.99=192.51] [UPDATE: Count=58159 Max=10403.84 Min=6.50 Avg=13.06 10=10.30 25=11.12 50=12.28 75=13.69 90=15.51 95=16.50 99=19.58 99.9=103.61 99.99=188.29]
2025-04-19 11:41:59 41 sec: 191575 operations; [READ: Count=127780 Max=487.17 Min=2.42 Avg=82.79 10=37.79 25=68.80 50=78.40 75=109.89 90=118.02 95=137.09 99=152.83 99.9=180.86 99.99=192.51] [UPDATE: Count=63795 Max=10403.84 Min=6.50 Avg=13.03 10=10.29 25=11.13 50=12.29 75=13.70 90=15.53 95=16.51 99=19.54 99.9=103.61 99.99=188.29]
2025-04-19 11:42:00 42 sec: 208609 operations; [READ: Count=139160 Max=487.17 Min=2.15 Avg=82.57 10=37.57 25=68.61 50=78.33 75=109.89 90=118.08 95=137.22 99=152.83 99.9=180.99 99.99=192.00] [UPDATE: Count=69449 Max=10403.84 Min=6.50 Avg=13.11 10=10.29 25=11.13 50=12.29 75=13.70 90=15.54 95=16.53 99=19.52 99.9=108.61 99.99=284.16]
2025-04-19 11:42:01 43 sec: 225680 operations; [READ: Count=150579 Max=487.17 Min=2.15 Avg=82.41 10=37.41 25=68.54 50=78.33 75=109.89 90=118.08 95=137.09 99=152.83 99.9=181.25 99.99=192.00] [UPDATE: Count=75101 Max=10403.84 Min=6.50 Avg=13.08 10=10.28 25=11.13 50=12.30 75=13.70 90=15.54 95=16.51 99=19.50 99.9=108.73 99.99=249.73]
2025-04-19 11:42:02 44 sec: 242882 operations; [READ: Count=162066 Max=487.17 Min=2.15 Avg=82.23 10=37.18 25=68.42 50=78.33 75=109.89 90=118.08 95=137.09 99=152.83 99.9=181.25 99.99=192.00] [UPDATE: Count=80816 Max=10403.84 Min=6.50 Avg=13.06 10=10.27 25=11.14 50=12.31 75=13.71 90=15.54 95=16.53 99=19.47 99.9=109.82 99.99=249.73]
2025-04-19 11:42:03 45 sec: 260124 operations; [READ: Count=173533 Max=487.17 Min=2.15 Avg=82.08 10=37.02 25=68.35 50=78.33 75=109.89 90=118.08 95=137.09 99=152.83 99.9=181.25 99.99=192.00] [UPDATE: Count=86591 Max=10403.84 Min=6.50 Avg=13.05 10=10.26 25=11.14 50=12.31 75=13.71 90=15.54 95=16.53 99=19.42 99.9=108.73 99.99=249.73]
2025-04-19 11:42:04 46 sec: 277549 operations; [READ: Count=185156 Max=487.17 Min=2.15 Avg=81.85 10=36.80 25=68.22 50=78.27 75=109.89 90=118.08 95=136.96 99=152.83 99.9=181.25 99.99=192.00] [UPDATE: Count=92393 Max=10403.84 Min=6.50 Avg=13.08 10=10.25 25=11.14 50=12.32 75=13.72 90=15.55 95=16.54 99=19.39 99.9=111.30 99.99=485.38]
2025-04-19 11:42:05 47 sec: 294975 operations; [READ: Count=196829 Max=487.17 Min=2.15 Avg=81.65 10=36.51 25=68.09 50=78.21 75=109.89 90=118.14 95=136.83 99=152.83 99.9=181.25 99.99=192.51] [UPDATE: Count=98146 Max=10403.84 Min=6.50 Avg=13.06 10=10.23 25=11.15 50=12.33 75=13.73 90=15.56 95=16.56 99=19.39 99.9=111.04 99.99=284.16]
2025-04-19 11:42:06 48 sec: 312529 operations; [READ: Count=208490 Max=487.17 Min=2.15 Avg=81.47 10=36.26 25=67.90 50=78.21 75=109.89 90=118.14 95=136.83 99=152.83 99.9=180.99 99.99=192.90] [UPDATE: Count=104039 Max=10403.84 Min=6.50 Avg=13.05 10=10.21 25=11.15 50=12.34 75=13.73 90=15.57 95=16.57 99=19.39 99.9=111.30 99.99=284.16]
2025-04-19 11:42:07 49 sec: 330092 operations; [READ: Count=220292 Max=487.17 Min=2.13 Avg=81.26 10=36.00 25=67.78 50=78.21 75=109.89 90=118.08 95=136.70 99=152.83 99.9=180.99 99.99=192.90] [UPDATE: Count=109800 Max=10403.84 Min=6.50 Avg=13.06 10=10.21 25=11.16 50=12.34 75=13.74 90=15.57 95=16.57 99=19.38 99.9=112.70 99.99=505.09]
2025-04-19 11:42:08 50 sec: 347838 operations; [READ: Count=232137 Max=487.17 Min=2.13 Avg=81.05 10=35.65 25=67.58 50=78.14 75=109.89 90=118.14 95=136.70 99=152.96 99.9=180.99 99.99=192.64] [UPDATE: Count=115701 Max=10403.84 Min=6.50 Avg=13.05 10=10.19 25=11.16 50=12.35 75=13.74 90=15.58 95=16.59 99=19.38 99.9=112.70 99.99=485.38]
2025-04-19 11:42:09 51 sec: 365623 operations; [READ: Count=243992 Max=487.17 Min=2.13 Avg=80.86 10=35.30 25=67.45 50=78.14 75=109.89 90=118.14 95=136.57 99=152.96 99.9=180.99 99.99=193.66] [UPDATE: Count=121631 Max=10403.84 Min=6.50 Avg=13.03 10=10.18 25=11.16 50=12.35 75=13.75 90=15.59 95=16.59 99=19.38 99.9=112.70 99.99=485.38]
2025-04-19 11:42:10 52 sec: 383565 operations; [READ: Count=255897 Max=487.17 Min=2.13 Avg=80.67 10=34.94 25=67.20 50=78.08 75=109.89 90=118.14 95=136.45 99=152.83 99.9=180.99 99.99=193.66] [UPDATE: Count=127668 Max=10403.84 Min=6.50 Avg=13.02 10=10.15 25=11.17 50=12.36 75=13.76 90=15.59 95=16.61 99=19.38 99.9=112.32 99.99=284.16]
2025-04-19 11:42:11 53 sec: 401136 operations; [READ: Count=267626 Max=487.17 Min=2.13 Avg=80.50 10=34.59 25=67.01 50=78.08 75=109.89 90=118.14 95=136.45 99=152.83 99.9=180.99 99.99=192.90] [UPDATE: Count=133510 Max=10403.84 Min=6.50 Avg=13.12 10=10.13 25=11.17 50=12.36 75=13.76 90=15.60 95=16.62 99=19.39 99.9=113.15 99.99=926.72]
2025-04-19 11:42:12 54 sec: 419115 operations; [READ: Count=279618 Max=487.17 Min=2.13 Avg=80.31 10=34.14 25=66.81 50=78.08 75=109.89 90=118.14 95=136.45 99=152.83 99.9=180.99 99.99=192.90] [UPDATE: Count=139497 Max=10403.84 Min=6.50 Avg=13.10 10=10.11 25=11.17 50=12.36 75=13.77 90=15.60 95=16.62 99=19.36 99.9=114.94 99.99=867.33]
2025-04-19 11:42:13 55 sec: 437302 operations; [READ: Count=291682 Max=487.17 Min=2.13 Avg=80.12 10=33.63 25=66.56 50=78.02 75=109.89 90=118.14 95=136.32 99=152.83 99.9=180.99 99.99=192.90] [UPDATE: Count=145620 Max=10403.84 Min=6.50 Avg=13.08 10=10.10 25=11.16 50=12.36 75=13.77 90=15.61 95=16.62 99=19.33 99.9=112.70 99.99=672.77]
2025-04-19 11:42:15 56 sec: 455533 operations; [READ: Count=303816 Max=487.17 Min=2.13 Avg=79.93 10=32.99 25=66.30 50=78.02 75=109.89 90=118.14 95=136.32 99=152.96 99.9=180.99 99.99=192.64] [UPDATE: Count=151717 Max=10403.84 Min=6.50 Avg=13.06 10=10.07 25=11.16 50=12.37 75=13.77 90=15.61 95=16.62 99=19.30 99.9=111.61 99.99=672.77]
2025-04-19 11:42:16 57 sec: 473792 operations; [READ: Count=316024 Max=487.17 Min=2.13 Avg=79.72 10=32.21 25=65.98 50=77.95 75=109.82 90=118.14 95=136.32 99=152.96 99.9=181.38 99.99=193.15] [UPDATE: Count=157768 Max=10403.84 Min=6.12 Avg=13.07 10=10.05 25=11.16 50=12.37 75=13.77 90=15.61 95=16.62 99=19.28 99.9=112.70 99.99=739.84]
2025-04-19 11:42:17 58 sec: 492162 operations; [READ: Count=328246 Max=487.17 Min=2.13 Avg=79.53 10=30.94 25=65.60 50=77.95 75=109.82 90=118.14 95=136.19 99=152.96 99.9=181.25 99.99=192.90] [UPDATE: Count=163916 Max=10403.84 Min=6.12 Avg=13.05 10=10.02 25=11.16 50=12.37 75=13.77 90=15.61 95=16.62 99=19.25 99.9=113.09 99.99=739.84]
2025-04-19 11:42:18 59 sec: 510708 operations; [READ: Count=340619 Max=487.17 Min=2.10 Avg=79.32 10=13.61 25=65.18 50=77.89 75=109.82 90=118.14 95=136.06 99=152.96 99.9=181.38 99.99=193.15] [UPDATE: Count=170089 Max=10403.84 Min=6.12 Avg=13.04 10=10.00 25=11.16 50=12.37 75=13.77 90=15.61 95=16.62 99=19.23 99.9=112.70 99.99=672.77]
2025-04-19 11:42:19 60 sec: 529168 operations; [READ: Count=352896 Max=487.17 Min=2.10 Avg=79.14 10=11.20 25=64.73 50=77.89 75=109.82 90=118.14 95=136.06 99=153.09 99.9=181.63 99.99=194.18] [UPDATE: Count=176272 Max=10403.84 Min=6.12 Avg=13.03 10=9.97 25=11.15 50=12.37 75=13.78 90=15.61 95=16.64 99=19.23 99.9=115.20 99.99=505.09]
2025-04-19 11:42:20 61 sec: 547063 operations; [READ: Count=364783 Max=1364.99 Min=2.10 Avg=79.03 10=10.11 25=64.25 50=77.82 75=109.82 90=118.21 95=136.45 99=153.60 99.9=183.29 99.99=218.37] [UPDATE: Count=182280 Max=10403.84 Min=6.12 Avg=13.09 10=9.95 25=11.15 50=12.38 75=13.78 90=15.62 95=16.64 99=19.26 99.9=116.93 99.99=867.33]
2025-04-19 11:42:21 62 sec: 565467 operations; [READ: Count=377068 Max=1364.99 Min=2.10 Avg=78.86 10=9.24 25=63.52 50=77.82 75=109.82 90=118.27 95=136.70 99=153.85 99.9=184.57 99.99=227.07] [UPDATE: Count=188399 Max=10403.84 Min=6.12 Avg=13.09 10=9.92 25=11.15 50=12.38 75=13.78 90=15.62 95=16.66 99=19.26 99.9=119.23 99.99=822.27]
2025-04-19 11:42:22 63 sec: 583705 operations; [READ: Count=389233 Max=1779.71 Min=2.10 Avg=78.73 10=8.53 25=62.43 50=77.76 75=109.82 90=118.33 95=136.83 99=154.24 99.9=185.73 99.99=294.91] [UPDATE: Count=194472 Max=10403.84 Min=6.12 Avg=13.11 10=9.89 25=11.15 50=12.38 75=13.79 90=15.62 95=16.66 99=19.30 99.9=121.60 99.99=867.33]
2025-04-19 11:42:23 64 sec: 606497 operations; [READ: Count=404451 Max=1779.71 Min=2.10 Avg=77.97 10=7.83 25=48.00 50=77.50 75=109.63 90=118.21 95=136.45 99=154.24 99.9=186.62 99.99=320.51] [UPDATE: Count=202046 Max=10403.84 Min=6.12 Avg=13.09 10=9.80 25=11.10 50=12.36 75=13.76 90=15.62 95=16.64 99=19.33 99.9=125.63 99.99=867.33]
2025-04-19 11:42:24 65 sec: 638831 operations; [READ: Count=425957 Max=1779.71 Min=2.04 Avg=76.07 10=7.17 25=44.03 50=76.67 75=108.93 90=117.76 95=134.53 99=153.98 99.9=187.01 99.99=336.38] [UPDATE: Count=212874 Max=10403.84 Min=6.12 Avg=12.98 10=9.62 25=10.97 50=12.28 75=13.67 90=15.54 95=16.57 99=19.26 99.9=129.66 99.99=822.27]
2025-04-19 11:42:25 66 sec: 671054 operations; [READ: Count=447370 Max=1779.71 Min=2.04 Avg=74.36 10=6.74 25=42.53 50=75.90 75=108.22 90=117.31 95=131.71 99=153.73 99.9=187.13 99.99=329.73] [UPDATE: Count=223684 Max=10403.84 Min=6.12 Avg=12.89 10=9.50 25=10.84 50=12.20 75=13.59 90=15.46 95=16.51 99=19.20 99.9=132.09 99.99=739.84]
2025-04-19 11:42:26 67 sec: 702929 operations; [READ: Count=468639 Max=1779.71 Min=2.04 Avg=72.83 10=6.45 25=41.63 50=75.20 75=107.52 90=116.93 95=128.57 99=153.34 99.9=187.39 99.99=336.38] [UPDATE: Count=234290 Max=10403.84 Min=6.12 Avg=12.80 10=9.42 25=10.71 50=12.13 75=13.53 90=15.39 95=16.46 99=19.17 99.9=135.29 99.99=672.77]
2025-04-19 11:42:27 68 sec: 734390 operations; [READ: Count=489708 Max=1779.71 Min=1.96 Avg=71.48 10=6.18 25=41.05 50=74.50 75=106.81 90=116.61 95=126.21 99=153.09 99.9=188.67 99.99=368.38] [UPDATE: Count=244682 Max=10403.84 Min=6.12 Avg=12.72 10=9.36 25=10.59 50=12.06 75=13.46 90=15.33 95=16.41 99=19.15 99.9=136.45 99.99=505.09]
2025-04-19 11:42:28 69 sec: 765174 operations; [READ: Count=510232 Max=1779.71 Min=1.96 Avg=70.30 10=5.99 25=40.64 50=73.79 75=106.11 90=116.29 95=124.86 99=152.96 99.9=192.90 99.99=401.41] [UPDATE: Count=254942 Max=10403.84 Min=6.12 Avg=12.67 10=9.30 25=10.48 50=11.99 75=13.41 90=15.26 95=16.35 99=19.14 99.9=137.34 99.99=505.09]
2025-04-19 11:42:29 70 sec: 796929 operations; [READ: Count=531334 Max=1779.71 Min=1.96 Avg=69.14 10=5.82 25=40.29 50=73.09 75=105.28 90=115.97 95=123.78 99=152.70 99.9=193.79 99.99=399.62] [UPDATE: Count=265595 Max=10403.84 Min=6.12 Avg=12.60 10=9.25 25=10.38 50=11.93 75=13.35 90=15.21 95=16.30 99=19.09 99.9=137.85 99.99=485.38]
2025-04-19 11:42:30 71 sec: 828532 operations; [READ: Count=552402 Max=1779.71 Min=1.96 Avg=68.07 10=5.69 25=39.97 50=72.32 75=104.45 90=115.65 95=123.01 99=152.32 99.9=195.46 99.99=398.33] [UPDATE: Count=276130 Max=10403.84 Min=6.12 Avg=12.54 10=9.19 25=10.30 50=11.86 75=13.30 90=15.14 95=16.26 99=19.05 99.9=137.98 99.99=421.38]
2025-04-19 11:42:31 72 sec: 860093 operations; [READ: Count=573392 Max=1779.71 Min=1.96 Avg=67.09 10=5.56 25=39.68 50=71.49 75=103.61 90=115.33 95=122.37 99=152.19 99.9=199.29 99.99=400.38] [UPDATE: Count=286701 Max=10403.84 Min=6.12 Avg=12.48 10=9.14 25=10.24 50=11.80 75=13.26 90=15.09 95=16.21 99=19.01 99.9=137.85 99.99=328.45]
2025-04-19 11:42:32 73 sec: 891384 operations; [READ: Count=594276 Max=1779.71 Min=1.96 Avg=66.20 10=5.46 25=39.45 50=70.59 75=102.72 90=115.01 95=121.86 99=151.94 99.9=209.66 99.99=414.72] [UPDATE: Count=297108 Max=10403.84 Min=6.12 Avg=12.42 10=9.09 25=10.18 50=11.73 75=13.22 90=15.03 95=16.18 99=18.96 99.9=137.85 99.99=284.16]
2025-04-19 11:42:33 74 sec: 922407 operations; [READ: Count=614965 Max=1779.71 Min=1.96 Avg=65.39 10=5.38 25=39.23 50=69.50 75=101.82 90=114.81 95=121.47 99=151.94 99.9=218.75 99.99=434.69] [UPDATE: Count=307442 Max=10403.84 Min=6.12 Avg=12.38 10=9.02 25=10.13 50=11.67 75=13.18 90=14.97 95=16.13 99=18.94 99.9=137.73 99.99=284.16]
2025-04-19 11:42:34 75 sec: 954219 operations; [READ: Count=636187 Max=1779.71 Min=1.96 Avg=64.57 10=5.30 25=39.01 50=68.09 75=100.86 90=114.50 95=121.02 99=151.68 99.9=219.13 99.99=430.85] [UPDATE: Count=318032 Max=10403.84 Min=6.12 Avg=12.33 10=8.96 25=10.09 50=11.62 75=13.14 90=14.93 95=16.09 99=18.93 99.9=137.60 99.99=278.01]
2025-04-19 11:42:35 76 sec: 986152 operations; [READ: Count=657452 Max=1779.71 Min=1.96 Avg=63.80 10=5.24 25=38.81 50=65.98 75=99.90 90=114.24 95=120.64 99=151.42 99.9=218.88 99.99=427.77] [UPDATE: Count=328700 Max=10403.84 Min=6.12 Avg=12.29 10=8.89 25=10.05 50=11.56 75=13.11 90=14.87 95=16.05 99=18.89 99.9=137.60 99.99=275.20]
2025-04-19 11:42:36 77 sec: 1018258 operations; [READ: Count=678916 Max=1779.71 Min=1.96 Avg=63.06 10=5.17 25=38.62 50=55.33 75=98.94 90=113.98 95=120.25 99=151.17 99.9=220.16 99.99=427.77] [UPDATE: Count=339342 Max=10403.84 Min=6.12 Avg=12.24 10=8.83 25=10.02 50=11.50 75=13.08 90=14.82 95=16.00 99=18.86 99.9=137.60 99.99=257.41]
2025-04-19 11:42:37 78 sec: 1050754 operations; [READ: Count=700624 Max=1779.71 Min=1.96 Avg=62.34 10=5.13 25=38.40 50=48.41 75=97.98 90=113.73 95=119.94 99=151.04 99.9=219.52 99.99=424.96] [UPDATE: Count=350130 Max=10403.84 Min=6.12 Avg=12.20 10=8.77 25=10.00 50=11.45 75=13.05 90=14.78 95=15.96 99=18.86 99.9=137.34 99.99=252.67]
2025-04-19 11:42:38 79 sec: 1081960 operations; [READ: Count=721504 Max=1779.71 Min=1.96 Avg=61.74 10=5.08 25=38.21 50=47.36 75=97.15 90=113.47 95=119.74 99=151.04 99.9=227.07 99.99=443.90] [UPDATE: Count=360456 Max=10403.84 Min=6.12 Avg=12.17 10=8.70 25=9.97 50=11.40 75=13.02 90=14.73 95=15.93 99=18.83 99.9=137.22 99.99=249.73]
2025-04-19 11:42:39 80 sec: 1114720 operations; [READ: Count=743320 Max=1779.71 Min=1.96 Avg=61.09 10=5.03 25=38.02 50=46.66 75=96.25 90=113.22 95=119.42 99=150.91 99.9=226.43 99.99=437.25] [UPDATE: Count=371400 Max=10403.84 Min=6.12 Avg=12.13 10=8.64 25=9.95 50=11.35 75=12.99 90=14.69 95=15.89 99=18.82 99.9=136.83 99.99=248.06]
2025-04-19 11:42:40 81 sec: 1148008 operations; [READ: Count=765443 Max=1779.71 Min=1.96 Avg=60.45 10=4.99 25=37.79 50=46.14 75=95.36 90=112.96 95=119.17 99=150.66 99.9=225.15 99.99=434.69] [UPDATE: Count=382565 Max=10403.84 Min=6.12 Avg=12.10 10=8.59 25=9.94 50=11.29 75=12.96 90=14.64 95=15.86 99=18.78 99.9=136.32 99.99=247.42]
2025-04-19 11:42:41 82 sec: 1180963 operations; [READ: Count=787358 Max=1779.71 Min=1.96 Avg=59.86 10=4.96 25=37.60 50=45.79 75=94.53 90=112.77 95=118.91 99=150.40 99.9=225.28 99.99=431.87] [UPDATE: Count=393605 Max=10403.84 Min=6.12 Avg=12.06 10=8.54 25=9.91 50=11.26 75=12.94 90=14.60 95=15.82 99=18.77 99.9=136.32 99.99=243.97]
2025-04-19 11:42:42 83 sec: 1214651 operations; [READ: Count=809739 Max=1779.71 Min=1.96 Avg=59.27 10=4.93 25=37.38 50=45.44 75=93.63 90=112.51 95=118.66 99=150.27 99.9=224.90 99.99=430.85] [UPDATE: Count=404912 Max=10403.84 Min=6.12 Avg=12.04 10=8.49 25=9.89 50=11.21 75=12.91 90=14.56 95=15.79 99=18.75 99.9=136.83 99.99=234.11]
2025-04-19 11:42:43 84 sec: 1246697 operations; [READ: Count=831074 Max=1779.71 Min=1.96 Avg=58.78 10=4.90 25=37.15 50=45.18 75=92.73 90=112.32 95=118.46 99=150.27 99.9=231.68 99.99=448.77] [UPDATE: Count=415623 Max=10403.84 Min=6.12 Avg=12.03 10=8.46 25=9.87 50=11.17 75=12.89 90=14.52 95=15.77 99=18.73 99.9=137.34 99.99=232.96]
2025-04-19 11:42:44 85 sec: 1281823 operations; [READ: Count=854462 Max=1779.71 Min=1.96 Avg=58.17 10=4.87 25=36.90 50=44.90 75=91.52 90=112.06 95=118.21 99=150.01 99.9=232.06 99.99=445.44] [UPDATE: Count=427361 Max=10403.84 Min=6.12 Avg=11.99 10=8.42 25=9.86 50=11.12 75=12.86 90=14.48 95=15.73 99=18.72 99.9=137.47 99.99=231.68]
2025-04-19 11:42:45 86 sec: 1317445 operations; [READ: Count=878193 Max=1779.71 Min=1.96 Avg=57.56 10=4.85 25=36.64 50=44.67 75=89.79 90=111.81 95=118.02 99=149.76 99.9=231.29 99.99=443.13] [UPDATE: Count=439252 Max=10403.84 Min=6.12 Avg=11.97 10=8.39 25=9.84 50=11.10 75=12.85 90=14.45 95=15.70 99=18.72 99.9=138.50 99.99=231.55]
2025-04-19 11:42:46 87 sec: 1353302 operations; [READ: Count=902032 Max=1779.71 Min=1.96 Avg=56.97 10=4.83 25=36.35 50=44.45 75=87.42 90=111.55 95=117.76 99=149.63 99.9=231.68 99.99=443.90] [UPDATE: Count=451270 Max=10403.84 Min=6.12 Avg=11.96 10=8.38 25=9.83 50=11.08 75=12.83 90=14.43 95=15.67 99=18.72 99.9=139.52 99.99=222.85]
2025-04-19 11:42:47 88 sec: 1388226 operations; [READ: Count=925293 Max=1779.71 Min=1.96 Avg=56.46 10=4.86 25=36.09 50=44.29 75=85.44 90=111.30 95=117.50 99=149.38 99.9=231.04 99.99=442.62] [UPDATE: Count=462933 Max=10403.84 Min=6.12 Avg=11.95 10=8.36 25=9.81 50=11.05 75=12.81 90=14.41 95=15.65 99=18.72 99.9=140.03 99.99=222.85]
2025-04-19 11:42:48 89 sec: 1420264 operations; [READ: Count=946630 Max=1779.71 Min=1.96 Avg=56.09 10=4.87 25=35.81 50=44.22 75=84.16 90=111.17 95=117.44 99=149.50 99.9=240.25 99.99=471.04] [UPDATE: Count=473634 Max=10403.84 Min=6.12 Avg=11.96 10=8.34 25=9.81 50=11.04 75=12.81 90=14.40 95=15.64 99=18.73 99.9=140.29 99.99=222.85]
2025-04-19 11:42:49 90 sec: 1454313 operations; [READ: Count=969212 Max=1779.71 Min=1.96 Avg=55.65 10=4.89 25=35.52 50=44.13 75=83.26 90=110.91 95=117.25 99=149.25 99.9=239.62 99.99=463.36] [UPDATE: Count=485101 Max=10403.84 Min=6.12 Avg=11.95 10=8.33 25=9.81 50=11.02 75=12.80 90=14.39 95=15.63 99=18.75 99.9=140.41 99.99=218.75]
2025-04-19 11:42:50 91 sec: 1488286 operations; [READ: Count=991865 Max=1779.71 Min=1.91 Avg=55.24 10=4.91 25=35.17 50=44.06 75=82.56 90=110.72 95=117.06 99=149.12 99.9=239.74 99.99=458.75] [UPDATE: Count=496421 Max=10403.84 Min=6.12 Avg=11.95 10=8.32 25=9.81 50=11.02 75=12.79 90=14.38 95=15.62 99=18.75 99.9=141.69 99.99=218.11]
2025-04-19 11:42:51 92 sec: 1500345 operations; [READ: Count=1000000 Max=1779.71 Min=1.91 Avg=55.09 10=4.92 25=35.01 50=44.03 75=82.37 90=110.66 95=116.99 99=148.99 99.9=239.74 99.99=458.50] [UPDATE: Count=500345 Max=10403.84 Min=6.12 Avg=11.95 10=8.31 25=9.81 50=11.01 75=12.78 90=14.38 95=15.62 99=18.77 99.9=142.34 99.99=218.11]
2025-04-19 11:42:52 93 sec: 1500345 operations; [READ: Count=1000000 Max=1779.71 Min=1.91 Avg=55.09 10=4.92 25=35.01 50=44.03 75=82.37 90=110.66 95=116.99 99=148.99 99.9=239.74 99.99=458.50] [UPDATE: Count=500345 Max=10403.84 Min=6.12 Avg=11.95 10=8.31 25=9.81 50=11.01 75=12.78 90=14.38 95=15.62 99=18.77 99.9=142.34 99.99=218.11]
2025-04-19 11:42:53 94 sec: 1500345 operations; [READ: Count=1000000 Max=1779.71 Min=1.91 Avg=55.09 10=4.92 25=35.01 50=44.03 75=82.37 90=110.66 95=116.99 99=148.99 99.9=239.74 99.99=458.50] [UPDATE: Count=500345 Max=10403.84 Min=6.12 Avg=11.95 10=8.31 25=9.81 50=11.01 75=12.78 90=14.38 95=15.62 99=18.77 99.9=142.34 99.99=218.11]
2025-04-19 11:42:54 95 sec: 1500345 operations; [READ: Count=1000000 Max=1779.71 Min=1.91 Avg=55.09 10=4.92 25=35.01 50=44.03 75=82.37 90=110.66 95=116.99 99=148.99 99.9=239.74 99.99=458.50] [UPDATE: Count=500345 Max=10403.84 Min=6.12 Avg=11.95 10=8.31 25=9.81 50=11.01 75=12.78 90=14.38 95=15.62 99=18.77 99.9=142.34 99.99=218.11]
2025-04-19 11:42:55 96 sec: 1500345 operations; [READ: Count=1000000 Max=1779.71 Min=1.91 Avg=55.09 10=4.92 25=35.01 50=44.03 75=82.37 90=110.66 95=116.99 99=148.99 99.9=239.74 99.99=458.50] [UPDATE: Count=500345 Max=10403.84 Min=6.12 Avg=11.95 10=8.31 25=9.81 50=11.01 75=12.78 90=14.38 95=15.62 99=18.77 99.9=142.34 99.99=218.11]
2025-04-19 11:42:55 96 sec: 1500345 operations; [READ: Count=1000000 Max=1779.71 Min=1.91 Avg=55.09 10=4.92 25=35.01 50=44.03 75=82.37 90=110.66 95=116.99 99=148.99 99.9=239.74 99.99=458.50] [UPDATE: Count=500345 Max=10403.84 Min=6.12 Avg=11.95 10=8.31 25=9.81 50=11.01 75=12.78 90=14.38 95=15.62 99=18.77 99.9=142.34 99.99=218.11]
Run runtime(sec): 96.9049
Run operations(ops): 1000000
Run throughput(ops/sec): 10319.4
