Running scope as unit: run-rea16dcaeabac43c990010d9d6193a689.scope
load file:/home/user/DataFiles/silesia_data/silesia.tar
2025-04-22 06:23:09 0 sec: 0 operations;
2025-04-22 06:23:10 1 sec: 3545 operations; [READ: Count=1779 Max=412.67 Min=6.09 Avg=41.79 10=16.61 25=20.41 50=26.45 75=36.64 90=108.42 95=122.37 99=182.91 99.9=293.12 99.99=412.67] [UPDATE: Count=1766 Max=807.93 Min=10.22 Avg=51.11 10=22.88 25=27.39 50=34.88 75=45.79 90=117.50 95=130.94 99=205.06 99.9=410.37 99.99=807.93]
2025-04-22 06:23:11 2 sec: 23909 operations; [READ: Count=11942 Max=1314.82 Min=2.76 Avg=43.21 10=16.57 25=21.61 50=28.34 75=38.17 90=109.82 95=124.93 99=231.55 99.9=503.30 99.99=1294.34] [UPDATE: Count=11967 Max=2024.45 Min=8.49 Avg=52.39 10=24.00 25=29.31 50=37.18 75=47.77 90=120.45 95=136.70 99=277.50 99.9=519.17 99.99=1230.85]
2025-04-22 06:23:12 3 sec: 42914 operations; [READ: Count=21398 Max=1715.20 Min=2.68 Avg=44.08 10=15.61 25=20.83 50=27.55 75=36.48 90=105.47 95=122.56 99=359.68 99.9=981.50 99.99=1448.96] [UPDATE: Count=21516 Max=2359.30 Min=8.49 Avg=54.94 10=24.75 25=30.18 50=38.08 75=48.22 90=116.22 95=135.04 99=367.36 99.9=947.71 99.99=2275.33]
2025-04-22 06:23:13 4 sec: 51060 operations; [READ: Count=25438 Max=4374.53 Min=2.49 Avg=57.03 10=15.38 25=20.62 50=27.15 75=35.68 90=103.30 95=123.14 99=613.38 99.9=3659.78 99.99=4128.77] [UPDATE: Count=25622 Max=4288.51 Min=8.49 Avg=64.97 10=24.99 25=30.61 50=38.40 75=48.29 90=114.17 95=135.42 99=517.12 99.9=3096.57 99.99=4028.41]
2025-04-22 06:23:14 5 sec: 59644 operations; [READ: Count=29713 Max=6176.77 Min=2.49 Avg=63.25 10=14.79 25=20.05 50=26.34 75=34.69 90=100.67 95=125.50 99=797.18 99.9=4116.48 99.99=5664.77] [UPDATE: Count=29931 Max=23838.72 Min=7.62 Avg=74.53 10=23.81 25=29.49 50=37.15 75=47.10 90=111.68 95=137.85 99=748.54 99.9=4288.51 99.99=14155.77]
2025-04-22 06:23:15 6 sec: 76122 operations; [READ: Count=37838 Max=6176.77 Min=2.49 Avg=59.82 10=14.94 25=20.29 50=26.91 75=35.52 90=69.50 95=123.71 99=715.26 99.9=3958.78 99.99=5541.89] [UPDATE: Count=38284 Max=23838.72 Min=7.62 Avg=73.91 10=24.19 25=30.14 50=38.27 75=48.77 90=103.17 95=137.85 99=774.65 99.9=4042.75 99.99=12853.25]
2025-04-22 06:23:16 7 sec: 92155 operations; [READ: Count=45832 Max=6176.77 Min=2.49 Avg=57.35 10=14.99 25=20.48 50=27.33 75=36.09 90=57.76 95=121.28 99=690.17 99.9=3850.24 99.99=5541.89] [UPDATE: Count=46323 Max=23838.72 Min=7.62 Avg=74.44 10=24.57 25=30.69 50=39.13 75=50.30 90=86.59 95=137.47 99=797.70 99.9=4032.51 99.99=11304.96]
2025-04-22 06:23:17 8 sec: 111050 operations; [READ: Count=55317 Max=6176.77 Min=2.49 Avg=54.06 10=14.73 25=20.43 50=27.25 75=35.71 90=51.74 95=116.99 99=649.22 99.9=3698.69 99.99=5492.73] [UPDATE: Count=55733 Max=23838.72 Min=7.62 Avg=73.01 10=24.54 25=30.72 50=39.10 75=50.08 90=76.03 95=132.74 99=789.50 99.9=4069.38 99.99=11993.09]
2025-04-22 06:23:18 9 sec: 132928 operations; [READ: Count=66243 Max=7696.38 Min=2.49 Avg=51.34 10=14.44 25=20.25 50=27.07 75=35.30 90=49.02 95=111.74 99=627.71 99.9=3518.46 99.99=5492.73] [UPDATE: Count=66685 Max=23838.72 Min=7.62 Avg=69.54 10=24.18 25=30.38 50=38.72 75=49.38 90=70.59 95=127.42 99=751.62 99.9=3829.76 99.99=11304.96]
2025-04-22 06:23:19 10 sec: 163858 operations; [READ: Count=81694 Max=7696.38 Min=2.26 Avg=46.47 10=13.80 25=19.76 50=26.38 75=34.21 90=45.60 95=102.91 99=513.28 99.9=3162.11 99.99=5492.73] [UPDATE: Count=82164 Max=23838.72 Min=7.41 Avg=63.46 10=23.15 25=29.41 50=37.41 75=47.42 90=64.51 95=118.85 99=650.24 99.9=3493.89 99.99=10182.66]
2025-04-22 06:23:20 11 sec: 190417 operations; [READ: Count=94924 Max=7696.38 Min=2.26 Avg=43.93 10=13.62 25=19.84 50=26.59 75=34.46 90=45.02 95=70.02 99=430.85 99.9=2955.26 99.99=5406.72] [UPDATE: Count=95493 Max=23838.72 Min=7.41 Avg=60.90 10=22.93 25=29.38 50=37.44 75=47.39 90=62.59 95=110.66 99=588.80 99.9=3426.30 99.99=10264.58]
2025-04-22 06:23:21 12 sec: 215822 operations; [READ: Count=107541 Max=7696.38 Min=2.26 Avg=42.40 10=13.56 25=20.03 50=26.98 75=35.10 90=45.66 95=62.21 99=386.81 99.9=2699.26 99.99=5152.77] [UPDATE: Count=108281 Max=23838.72 Min=7.41 Avg=59.11 10=22.93 25=29.60 50=37.89 75=48.06 90=62.81 95=94.78 99=521.22 99.9=3172.35 99.99=10182.66]
2025-04-22 06:23:22 13 sec: 242058 operations; [READ: Count=120716 Max=7696.38 Min=2.26 Avg=41.06 10=13.32 25=20.13 50=27.25 75=35.49 90=45.95 95=59.45 99=342.53 99.9=2463.74 99.99=5107.71] [UPDATE: Count=121342 Max=23838.72 Min=7.41 Avg=57.51 10=22.88 25=29.73 50=38.14 75=48.45 90=62.85 95=86.02 99=458.50 99.9=3047.42 99.99=8749.06]
2025-04-22 06:23:23 14 sec: 273000 operations; [READ: Count=136116 Max=7696.38 Min=2.26 Avg=39.24 10=12.92 25=20.02 50=26.86 75=34.98 90=45.05 95=56.58 99=275.97 99.9=2248.70 99.99=4837.38] [UPDATE: Count=136884 Max=23838.72 Min=7.41 Avg=55.27 10=22.53 25=29.41 50=37.66 75=47.87 90=61.63 95=80.58 99=405.76 99.9=2803.71 99.99=8142.85]
2025-04-22 06:23:24 15 sec: 307035 operations; [READ: Count=153143 Max=7696.38 Min=2.26 Avg=37.35 10=12.41 25=19.86 50=26.25 75=33.95 90=43.68 95=53.98 99=209.53 99.9=2007.04 99.99=4681.73] [UPDATE: Count=153892 Max=23838.72 Min=7.41 Avg=53.00 10=22.08 25=29.01 50=36.93 75=46.81 90=59.97 95=76.16 99=362.50 99.9=2654.21 99.99=7872.51]
2025-04-22 06:23:25 16 sec: 342068 operations; [READ: Count=170691 Max=7696.38 Min=2.26 Avg=35.67 10=11.81 25=19.52 50=25.60 75=33.05 90=42.53 95=52.03 99=174.46 99.9=1847.30 99.99=4665.34] [UPDATE: Count=171377 Max=23838.72 Min=7.26 Avg=51.10 10=21.47 25=28.38 50=36.13 75=45.85 90=58.59 95=73.15 99=315.39 99.9=2498.56 99.99=8142.85]
2025-04-22 06:23:26 17 sec: 376313 operations; [READ: Count=187738 Max=7696.38 Min=2.26 Avg=34.41 10=11.26 25=19.38 50=25.30 75=32.41 90=41.57 95=50.46 99=153.47 99.9=1672.19 99.99=4513.79] [UPDATE: Count=188575 Max=23838.72 Min=7.26 Avg=49.61 10=20.94 25=28.16 50=35.65 75=45.05 90=57.41 95=70.97 99=275.45 99.9=2359.30 99.99=7815.17]
2025-04-22 06:23:27 18 sec: 412141 operations; [READ: Count=205749 Max=7696.38 Min=2.26 Avg=33.31 10=10.62 25=19.18 50=24.98 75=31.79 90=40.67 95=49.09 99=142.97 99.9=1536.00 99.99=4468.73] [UPDATE: Count=206392 Max=23838.72 Min=7.04 Avg=48.11 10=20.27 25=27.82 50=35.07 75=44.19 90=56.22 95=69.06 99=240.90 99.9=2240.51 99.99=7704.57]
2025-04-22 06:23:28 19 sec: 445178 operations; [READ: Count=222404 Max=7696.38 Min=2.26 Avg=32.63 10=9.93 25=19.04 50=24.72 75=31.33 90=40.13 95=48.45 99=142.21 99.9=1461.25 99.99=4456.45] [UPDATE: Count=222774 Max=23838.72 Min=7.04 Avg=47.12 10=19.68 25=27.58 50=34.66 75=43.55 90=55.45 95=68.22 99=226.81 99.9=2103.30 99.99=7192.57]
2025-04-22 06:23:29 20 sec: 476951 operations; [READ: Count=238291 Max=7696.38 Min=2.26 Avg=32.15 10=9.26 25=18.85 50=24.51 75=30.93 90=39.65 95=48.09 99=144.25 99.9=1380.35 99.99=4382.72] [UPDATE: Count=238660 Max=23838.72 Min=7.04 Avg=46.36 10=19.15 25=27.31 50=34.24 75=42.98 90=54.85 95=67.71 99=224.25 99.9=2043.90 99.99=6799.36]
2025-04-22 06:23:30 21 sec: 502560 operations; [READ: Count=251199 Max=7696.38 Min=2.26 Avg=32.19 10=8.83 25=18.70 50=24.32 75=30.66 90=39.33 95=47.94 99=153.60 99.9=1368.06 99.99=4374.53] [UPDATE: Count=251361 Max=23838.72 Min=7.04 Avg=46.21 10=18.75 25=27.09 50=33.95 75=42.59 90=54.46 95=67.65 99=245.12 99.9=2001.92 99.99=6799.36]
2025-04-22 06:23:31 22 sec: 532618 operations; [READ: Count=266246 Max=7696.38 Min=2.26 Avg=31.89 10=8.51 25=18.54 50=24.22 75=30.41 90=39.04 95=47.90 99=156.67 99.9=1311.74 99.99=4284.41] [UPDATE: Count=266372 Max=23838.72 Min=7.04 Avg=45.74 10=18.34 25=26.91 50=33.76 75=42.24 90=54.08 95=67.71 99=243.20 99.9=1896.45 99.99=6242.30]
2025-04-22 06:23:32 23 sec: 561328 operations; [READ: Count=280575 Max=7696.38 Min=2.26 Avg=31.74 10=8.26 25=18.38 50=24.14 75=30.24 90=38.85 95=47.97 99=163.58 99.9=1286.14 99.99=4206.59] [UPDATE: Count=280753 Max=23838.72 Min=6.98 Avg=45.38 10=18.00 25=26.75 50=33.60 75=41.95 90=53.79 95=67.97 99=248.83 99.9=1821.69 99.99=6164.48]
2025-04-22 06:23:33 24 sec: 589764 operations; [READ: Count=294738 Max=7696.38 Min=2.26 Avg=31.64 10=8.06 25=18.24 50=24.06 75=30.09 90=38.69 95=48.19 99=168.83 99.9=1247.23 99.99=4184.06] [UPDATE: Count=295026 Max=23838.72 Min=6.98 Avg=45.07 10=17.70 25=26.56 50=33.44 75=41.66 90=53.53 95=68.35 99=249.60 99.9=1734.65 99.99=5996.54]
2025-04-22 06:23:34 25 sec: 616454 operations; [READ: Count=308056 Max=7696.38 Min=2.25 Avg=31.63 10=7.93 25=18.09 50=24.03 75=30.02 90=38.56 95=48.54 99=179.46 99.9=1208.32 99.99=4116.48] [UPDATE: Count=308398 Max=23838.72 Min=6.98 Avg=44.92 10=17.47 25=26.45 50=33.34 75=41.50 90=53.41 95=68.99 99=258.18 99.9=1676.29 99.99=5988.35]
2025-04-22 06:23:35 26 sec: 640893 operations; [READ: Count=320447 Max=7696.38 Min=2.25 Avg=31.71 10=7.80 25=17.93 50=23.97 75=29.90 90=38.46 95=48.83 99=190.59 99.9=1192.96 99.99=4079.61] [UPDATE: Count=320446 Max=23838.72 Min=6.98 Avg=44.97 10=17.28 25=26.30 50=33.25 75=41.34 90=53.31 95=69.89 99=273.92 99.9=1637.38 99.99=5988.35]
2025-04-22 06:23:36 27 sec: 665762 operations; [READ: Count=332756 Max=7696.38 Min=2.25 Avg=31.75 10=7.69 25=17.77 50=23.92 75=29.86 90=38.40 95=49.25 99=199.17 99.9=1157.12 99.99=4026.37] [UPDATE: Count=333006 Max=23838.72 Min=6.98 Avg=45.00 10=17.10 25=26.16 50=33.18 75=41.25 90=53.22 95=70.66 99=281.34 99.9=1624.06 99.99=5996.54]
2025-04-22 06:23:37 28 sec: 693164 operations; [READ: Count=346333 Max=7696.38 Min=2.25 Avg=31.63 10=7.58 25=17.58 50=23.86 75=29.73 90=38.27 95=49.63 99=201.22 99.9=1137.66 99.99=4009.98] [UPDATE: Count=346831 Max=23838.72 Min=6.98 Avg=44.89 10=16.86 25=26.00 50=33.05 75=41.05 90=53.09 95=71.49 99=283.65 99.9=1628.16 99.99=5976.06]
2025-04-22 06:23:38 29 sec: 725486 operations; [READ: Count=362405 Max=7696.38 Min=2.25 Avg=31.34 10=7.39 25=17.30 50=23.70 75=29.52 90=38.11 95=50.08 99=197.12 99.9=1111.04 99.99=3993.60] [UPDATE: Count=363081 Max=23838.72 Min=6.98 Avg=44.45 10=16.53 25=25.73 50=32.80 75=40.70 90=52.90 95=72.70 99=279.30 99.9=1575.93 99.99=5947.39]
2025-04-22 06:23:39 30 sec: 760062 operations; [READ: Count=379620 Max=7696.38 Min=2.25 Avg=30.98 10=7.17 25=16.93 50=23.45 75=29.28 90=37.98 95=50.94 99=191.74 99.9=1073.15 99.99=3960.83] [UPDATE: Count=380442 Max=23838.72 Min=6.98 Avg=43.91 10=16.09 25=25.34 50=32.45 75=40.38 90=52.80 95=74.81 99=271.36 99.9=1530.88 99.99=5922.81]
2025-04-22 06:23:40 31 sec: 793499 operations; [READ: Count=396445 Max=7696.38 Min=2.25 Avg=30.71 10=7.00 25=16.56 50=23.25 75=29.07 90=37.89 95=51.90 99=187.65 99.9=1046.53 99.99=3946.49] [UPDATE: Count=397054 Max=23838.72 Min=6.94 Avg=43.48 10=15.75 25=25.01 50=32.16 75=40.09 90=52.73 95=77.50 99=264.70 99.9=1476.61 99.99=5722.11]
2025-04-22 06:23:41 32 sec: 826226 operations; [READ: Count=412783 Max=7696.38 Min=2.05 Avg=30.49 10=6.84 25=16.13 50=23.04 75=28.86 90=37.82 95=53.12 99=186.62 99.9=1025.54 99.99=3942.40] [UPDATE: Count=413443 Max=23838.72 Min=6.94 Avg=43.11 10=15.43 25=24.66 50=31.86 75=39.84 90=52.67 95=81.22 99=262.40 99.9=1444.86 99.99=5578.75]
2025-04-22 06:23:42 33 sec: 860588 operations; [READ: Count=429987 Max=7696.38 Min=2.05 Avg=30.23 10=6.70 25=15.68 50=22.85 75=28.69 90=37.82 95=55.13 99=180.86 99.9=998.91 99.99=3907.58] [UPDATE: Count=430601 Max=23838.72 Min=6.94 Avg=42.70 10=15.13 25=24.29 50=31.58 75=39.58 90=52.67 95=86.59 99=256.64 99.9=1384.45 99.99=5525.50]
2025-04-22 06:23:43 34 sec: 893931 operations; [READ: Count=446598 Max=7696.38 Min=2.05 Avg=30.01 10=6.58 25=15.21 50=22.69 75=28.53 90=37.85 95=58.43 99=177.02 99.9=981.50 99.99=3866.62] [UPDATE: Count=447333 Max=23838.72 Min=6.94 Avg=42.37 10=14.89 25=23.92 50=31.36 75=39.36 90=52.77 95=91.45 99=252.41 99.9=1341.44 99.99=5361.66]
2025-04-22 06:23:44 35 sec: 921158 operations; [READ: Count=460125 Max=7696.38 Min=2.05 Avg=30.06 10=6.56 25=14.86 50=22.62 75=28.46 90=38.14 95=70.40 99=176.13 99.9=966.14 99.99=3860.48] [UPDATE: Count=461033 Max=23838.72 Min=6.94 Avg=42.31 10=14.77 25=23.66 50=31.23 75=39.23 90=53.15 95=95.42 99=252.41 99.9=1308.67 99.99=5349.38]
2025-04-22 06:23:45 36 sec: 935727 operations; [READ: Count=467381 Max=7696.38 Min=2.05 Avg=30.58 10=6.58 25=14.78 50=22.64 75=28.54 90=38.72 95=86.02 99=189.44 99.9=981.50 99.99=3850.24] [UPDATE: Count=468346 Max=23838.72 Min=6.94 Avg=42.77 10=14.78 25=23.58 50=31.25 75=39.33 90=53.95 95=99.07 99=262.65 99.9=1314.82 99.99=5283.84]
2025-04-22 06:23:46 37 sec: 947412 operations; [READ: Count=473206 Max=7696.38 Min=2.05 Avg=31.19 10=6.61 25=14.86 50=22.69 75=28.70 90=39.42 95=90.37 99=202.88 99.9=998.40 99.99=3850.24] [UPDATE: Count=474206 Max=23838.72 Min=6.94 Avg=43.34 10=14.82 25=23.61 50=31.31 75=39.49 90=54.94 95=102.33 99=271.36 99.9=1335.30 99.99=5283.84]
2025-04-22 06:23:47 38 sec: 957837 operations; [READ: Count=478391 Max=7696.38 Min=2.05 Avg=31.85 10=6.63 25=14.91 50=22.73 75=28.85 90=40.38 95=93.95 99=219.01 99.9=995.33 99.99=3835.90] [UPDATE: Count=479446 Max=23838.72 Min=6.94 Avg=43.94 10=14.86 25=23.65 50=31.38 75=39.68 90=56.41 95=105.53 99=279.04 99.9=1328.13 99.99=5271.55]
2025-04-22 06:23:48 39 sec: 966529 operations; [READ: Count=482828 Max=7696.38 Min=2.05 Avg=32.56 10=6.65 25=14.97 50=22.78 75=29.01 90=41.53 95=96.83 99=237.31 99.9=995.33 99.99=3835.90] [UPDATE: Count=483701 Max=23838.72 Min=6.94 Avg=44.60 10=14.89 25=23.68 50=31.42 75=39.87 90=58.11 95=108.35 99=290.56 99.9=1324.03 99.99=5271.55]
2025-04-22 06:23:49 40 sec: 976824 operations; [READ: Count=488075 Max=7696.38 Min=2.05 Avg=33.18 10=6.67 25=15.01 50=22.83 75=29.17 90=42.88 95=99.45 99=246.40 99.9=989.70 99.99=3803.14] [UPDATE: Count=488749 Max=23838.72 Min=6.94 Avg=45.19 10=14.93 25=23.70 50=31.49 75=40.06 90=60.19 95=110.97 99=296.19 99.9=1318.91 99.99=5234.69]
2025-04-22 06:23:50 41 sec: 986955 operations; [READ: Count=493176 Max=7696.38 Min=2.05 Avg=33.80 10=6.69 25=15.03 50=22.88 75=29.31 90=44.26 95=101.44 99=255.62 99.9=1006.59 99.99=3803.14] [UPDATE: Count=493779 Max=23838.72 Min=6.94 Avg=45.78 10=14.97 25=23.71 50=31.54 75=40.26 90=62.43 95=113.02 99=302.59 99.9=1335.30 99.99=5271.55]
2025-04-22 06:23:51 42 sec: 997372 operations; [READ: Count=498458 Max=7696.38 Min=1.98 Avg=34.37 10=6.70 25=15.03 50=22.91 75=29.44 90=45.95 95=103.30 99=264.70 99.9=1023.49 99.99=3770.37] [UPDATE: Count=498914 Max=23838.72 Min=6.94 Avg=46.36 10=14.99 25=23.71 50=31.57 75=40.38 90=65.15 95=114.75 99=308.74 99.9=1355.78 99.99=5283.84]
2025-04-22 06:23:51 42 sec: 1000000 operations; [READ: Count=499774 Max=7696.38 Min=1.98 Avg=34.51 10=6.71 25=15.03 50=22.91 75=29.47 90=46.43 95=103.81 99=266.75 99.9=1022.46 99.99=3770.37] [UPDATE: Count=500226 Max=23838.72 Min=6.94 Avg=46.47 10=15.00 25=23.70 50=31.58 75=40.45 90=65.98 95=115.20 99=310.01 99.9=1348.61 99.99=5283.84]
Run runtime(sec): 42.3602
Run operations(ops): 1000000
Run throughput(ops/sec): 23607.1
