Running scope as unit: run-r1e1d062e3ebb426698456b97f4d4049e.scope
load file:/home/user/DataFiles/silesia_data/silesia.tar
2025-04-22 19:00:06 0 sec: 0 operations;
2025-04-22 19:00:07 1 sec: 40421 operations; [INSERT: Count=40421 Max=6311.94 Min=4.66 Avg=20.97 10=9.97 25=12.82 50=18.25 75=26.18 90=35.01 95=40.99 99=53.73 99.9=103.55 99.99=252.41]
2025-04-22 19:00:08 2 sec: 79415 operations; [INSERT: Count=79415 Max=6311.94 Min=4.66 Avg=21.66 10=10.54 25=13.61 50=19.18 75=27.12 90=35.68 95=41.38 99=53.34 99.9=88.19 99.99=252.29]
2025-04-22 19:00:09 3 sec: 117472 operations; [INSERT: Count=117472 Max=6311.94 Min=4.66 Avg=22.10 10=10.87 25=14.04 50=19.65 75=27.68 90=36.26 95=41.82 99=53.70 99.9=82.05 99.99=245.76]
2025-04-22 19:00:10 4 sec: 154531 operations; [INSERT: Count=154531 Max=6311.94 Min=4.66 Avg=22.48 10=11.13 25=14.35 50=20.02 75=28.14 90=36.73 95=42.37 99=54.37 99.9=84.09 99.99=249.22]
2025-04-22 19:00:11 5 sec: 191439 operations; [INSERT: Count=191439 Max=6311.94 Min=4.66 Avg=22.73 10=11.31 25=14.57 50=20.30 75=28.45 90=37.05 95=42.66 99=54.56 99.9=81.34 99.99=256.64]
2025-04-22 19:00:12 6 sec: 227359 operations; [INSERT: Count=227359 Max=14745.60 Min=4.66 Avg=23.01 10=11.47 25=14.77 50=20.50 75=28.69 90=37.31 95=42.94 99=55.01 99.9=83.65 99.99=261.12]
2025-04-22 19:00:13 7 sec: 263337 operations; [INSERT: Count=263337 Max=14745.60 Min=4.66 Avg=23.21 10=11.65 25=14.94 50=20.70 75=28.93 90=37.63 95=43.26 99=55.30 99.9=81.60 99.99=260.86]
2025-04-22 19:00:14 8 sec: 299418 operations; [INSERT: Count=299418 Max=14745.60 Min=4.66 Avg=23.35 10=11.78 25=15.09 50=20.85 75=29.12 90=37.85 95=43.45 99=55.39 99.9=81.02 99.99=258.81]
2025-04-22 19:00:15 9 sec: 335483 operations; [INSERT: Count=335483 Max=14745.60 Min=4.66 Avg=23.46 10=11.88 25=15.21 50=20.99 75=29.26 90=37.98 95=43.58 99=55.42 99.9=80.38 99.99=257.02]
2025-04-22 19:00:16 10 sec: 371089 operations; [INSERT: Count=371089 Max=14745.60 Min=4.66 Avg=23.59 10=11.98 25=15.33 50=21.10 75=29.41 90=38.17 95=43.81 99=55.55 99.9=79.94 99.99=259.58]
2025-04-22 19:00:17 11 sec: 403973 operations; [INSERT: Count=403973 Max=14745.60 Min=4.66 Avg=23.87 10=12.09 25=15.47 50=21.33 75=29.76 90=38.66 95=44.45 99=56.70 99.9=82.75 99.99=266.50]
2025-04-22 19:00:18 12 sec: 435600 operations; [INSERT: Count=435600 Max=14745.60 Min=4.66 Avg=24.19 10=12.20 25=15.64 50=21.60 75=30.16 90=39.23 95=45.22 99=58.05 99.9=83.97 99.99=269.31]
2025-04-22 19:00:19 13 sec: 466650 operations; [INSERT: Count=466650 Max=14745.60 Min=4.66 Avg=24.50 10=12.27 25=15.78 50=21.84 75=30.53 90=39.84 95=45.98 99=59.39 99.9=86.33 99.99=283.39]
2025-04-22 19:00:20 14 sec: 497897 operations; [INSERT: Count=497897 Max=14745.60 Min=4.66 Avg=24.77 10=12.34 25=15.88 50=22.05 75=30.86 90=40.35 95=46.69 99=60.67 99.9=87.42 99.99=299.52]
2025-04-22 19:00:21 15 sec: 529724 operations; [INSERT: Count=529724 Max=14745.60 Min=4.66 Avg=24.96 10=12.38 25=15.97 50=22.21 75=31.12 90=40.77 95=47.17 99=61.41 99.9=88.13 99.99=306.94]
2025-04-22 19:00:22 16 sec: 561400 operations; [INSERT: Count=561400 Max=14745.60 Min=4.66 Avg=25.14 10=12.44 25=16.05 50=22.35 75=31.34 90=41.09 95=47.58 99=62.02 99.9=89.92 99.99=316.42]
2025-04-22 19:00:23 17 sec: 595163 operations; [INSERT: Count=595163 Max=14745.60 Min=4.66 Avg=25.20 10=12.46 25=16.09 50=22.40 75=31.42 90=41.22 95=47.74 99=62.17 99.9=89.92 99.99=332.80]
2025-04-22 19:00:24 18 sec: 629023 operations; [INSERT: Count=629023 Max=14745.60 Min=4.66 Avg=25.25 10=12.49 25=16.12 50=22.45 75=31.50 90=41.31 95=47.84 99=62.21 99.9=89.79 99.99=337.92]
2025-04-22 19:00:25 19 sec: 663997 operations; [INSERT: Count=663997 Max=14745.60 Min=4.66 Avg=25.25 10=12.52 25=16.13 50=22.45 75=31.49 90=41.28 95=47.81 99=62.05 99.9=89.34 99.99=341.76]
2025-04-22 19:00:26 20 sec: 697007 operations; [INSERT: Count=697007 Max=14745.60 Min=4.66 Avg=25.33 10=12.54 25=16.16 50=22.50 75=31.55 90=41.44 95=48.00 99=62.66 99.9=94.72 99.99=348.42]
2025-04-22 19:00:27 21 sec: 729603 operations; [INSERT: Count=729603 Max=14745.60 Min=4.66 Avg=25.42 10=12.56 25=16.18 50=22.53 75=31.63 90=41.57 95=48.26 99=63.30 99.9=103.55 99.99=362.50]
2025-04-22 19:00:28 22 sec: 762837 operations; [INSERT: Count=762837 Max=14745.60 Min=4.66 Avg=25.47 10=12.57 25=16.18 50=22.51 75=31.63 90=41.60 95=48.35 99=63.90 99.9=124.80 99.99=371.45]
2025-04-22 19:00:29 23 sec: 795842 operations; [INSERT: Count=795842 Max=14745.60 Min=4.66 Avg=25.54 10=12.57 25=16.14 50=22.45 75=31.60 90=41.66 95=48.58 99=65.22 99.9=175.74 99.99=384.77]
2025-04-22 19:00:30 24 sec: 836166 operations; [INSERT: Count=836166 Max=14745.60 Min=4.66 Avg=25.34 10=12.44 25=15.95 50=22.16 75=31.26 90=41.34 95=48.32 99=65.34 99.9=196.61 99.99=415.74]
2025-04-22 19:00:31 25 sec: 889536 operations; [INSERT: Count=889536 Max=14745.60 Min=4.64 Avg=24.75 10=11.86 25=15.33 50=21.45 75=30.61 90=40.80 95=47.81 99=65.02 99.9=202.88 99.99=445.18]
2025-04-22 19:00:32 26 sec: 957390 operations; [INSERT: Count=957390 Max=14745.60 Min=4.14 Avg=23.81 10=10.65 25=14.30 50=20.48 75=29.76 90=40.06 95=47.13 99=64.45 99.9=206.08 99.99=559.62]
2025-04-22 19:00:33 27 sec: 1000000 operations; [INSERT: Count=1000000 Max=14745.60 Min=4.14 Avg=23.24 10=9.96 25=13.70 50=19.87 75=29.23 90=39.62 95=46.72 99=64.00 99.9=205.06 99.99=550.91]
2025-04-22 19:00:34 28 sec: 1000000 operations; [INSERT: Count=1000000 Max=14745.60 Min=4.14 Avg=23.24 10=9.96 25=13.70 50=19.87 75=29.23 90=39.62 95=46.72 99=64.00 99.9=205.06 99.99=550.91]
2025-04-22 19:00:35 28 sec: 1000000 operations; [INSERT: Count=1000000 Max=14745.60 Min=4.14 Avg=23.24 10=9.96 25=13.70 50=19.87 75=29.23 90=39.62 95=46.72 99=64.00 99.9=205.06 99.99=550.91]
Load runtime(sec): 28.4912
Load operations(ops): 1000000
Load throughput(ops/sec): 35098.5
