Running scope as unit: run-ra7d140af3eeb448a80f4aa4bf5642c1e.scope
load file:/home/user/DataFiles/silesia_data/silesia.tar
2025-04-19 13:34:46 0 sec: 0 operations;
2025-04-19 13:34:47 1 sec: 18489 operations; [INSERT: Count=18489 Max=15097.85 Min=7.12 Avg=44.86 10=20.45 25=27.60 50=39.04 75=55.42 90=73.86 95=86.78 99=112.38 99.9=144.38 99.99=581.12]
2025-04-19 13:34:48 2 sec: 41633 operations; [INSERT: Count=41633 Max=15097.85 Min=7.11 Avg=42.04 10=19.81 25=26.48 50=37.12 75=52.48 90=69.31 95=80.38 99=104.70 99.9=138.11 99.99=550.91]
2025-04-19 13:34:49 3 sec: 64757 operations; [INSERT: Count=64757 Max=15097.85 Min=6.11 Avg=41.25 10=19.73 25=26.22 50=36.58 75=51.58 90=68.09 95=78.40 99=100.99 99.9=135.68 99.99=529.41]
2025-04-19 13:34:50 4 sec: 88042 operations; [INSERT: Count=88042 Max=15097.85 Min=5.94 Avg=40.79 10=19.63 25=26.11 50=36.29 75=51.10 90=67.39 95=77.44 99=98.88 99.9=131.46 99.99=491.52]
2025-04-19 13:34:51 5 sec: 111622 operations; [INSERT: Count=111622 Max=15097.85 Min=5.94 Avg=40.41 10=19.57 25=25.97 50=35.97 75=50.66 90=66.69 95=76.54 99=97.41 99.9=130.62 99.99=491.52]
2025-04-19 13:34:52 6 sec: 136025 operations; [INSERT: Count=136025 Max=15097.85 Min=5.94 Avg=39.89 10=19.25 25=25.57 50=35.42 75=49.89 90=65.66 95=75.52 99=96.13 99.9=130.75 99.99=484.86]
2025-04-19 13:34:53 7 sec: 155849 operations; [INSERT: Count=155849 Max=15097.85 Min=5.94 Avg=40.62 10=19.42 25=25.86 50=36.06 75=50.85 90=67.14 95=77.38 99=99.78 99.9=137.09 99.99=484.86]
2025-04-19 13:34:54 8 sec: 171316 operations; [INSERT: Count=171316 Max=15097.85 Min=5.94 Avg=42.25 10=19.82 25=26.56 50=37.38 75=52.90 90=70.14 95=81.60 99=107.45 99.9=149.76 99.99=529.41]
2025-04-19 13:34:55 9 sec: 186949 operations; [INSERT: Count=186949 Max=15097.85 Min=5.94 Avg=43.55 10=20.22 25=27.25 50=38.59 75=54.66 90=72.51 95=84.61 99=111.10 99.9=152.19 99.99=543.74]
2025-04-19 13:34:56 10 sec: 204823 operations; [INSERT: Count=204823 Max=15097.85 Min=5.94 Avg=44.17 10=20.41 25=27.58 50=39.20 75=55.45 90=73.66 95=86.14 99=112.70 99.9=153.60 99.99=564.22]
2025-04-19 13:34:57 11 sec: 229846 operations; [INSERT: Count=229846 Max=15097.85 Min=5.94 Avg=43.34 10=20.08 25=27.05 50=38.40 75=54.40 90=72.32 95=84.61 99=111.17 99.9=153.22 99.99=543.74]
2025-04-19 13:34:58 12 sec: 255137 operations; [INSERT: Count=255137 Max=15097.85 Min=5.94 Avg=42.62 10=19.81 25=26.62 50=37.73 75=53.47 90=71.04 95=83.20 99=109.76 99.9=151.81 99.99=534.53]
2025-04-19 13:34:59 13 sec: 280371 operations; [INSERT: Count=280371 Max=25198.59 Min=5.94 Avg=42.04 10=19.52 25=26.22 50=37.09 75=52.61 90=69.95 95=81.92 99=108.54 99.9=150.78 99.99=529.41]
2025-04-19 13:35:00 14 sec: 306575 operations; [INSERT: Count=306575 Max=25198.59 Min=5.94 Avg=41.41 10=19.25 25=25.82 50=36.51 75=51.77 90=68.99 95=80.83 99=107.33 99.9=150.66 99.99=521.22]
2025-04-19 13:35:01 15 sec: 331887 operations; [INSERT: Count=331887 Max=25198.59 Min=5.94 Avg=41.01 10=19.15 25=25.63 50=36.16 75=51.26 90=68.29 95=79.87 99=106.17 99.9=149.50 99.99=508.16]
2025-04-19 13:35:02 16 sec: 357302 operations; [INSERT: Count=357302 Max=25198.59 Min=5.94 Avg=40.64 10=19.04 25=25.44 50=35.84 75=50.78 90=67.58 95=79.04 99=105.15 99.9=149.12 99.99=501.50]
2025-04-19 13:35:03 17 sec: 382330 operations; [INSERT: Count=382330 Max=25198.59 Min=5.94 Avg=40.37 10=18.96 25=25.33 50=35.65 75=50.43 90=67.07 95=78.33 99=104.19 99.9=148.61 99.99=493.31]
2025-04-19 13:35:04 18 sec: 399957 operations; [INSERT: Count=399957 Max=25198.59 Min=5.94 Avg=40.85 10=19.14 25=25.58 50=36.03 75=51.01 90=67.97 95=79.61 99=106.17 99.9=151.68 99.99=506.11]
2025-04-19 13:35:05 19 sec: 417739 operations; [INSERT: Count=417739 Max=25198.59 Min=5.94 Avg=41.28 10=19.30 25=25.82 50=36.41 75=51.55 90=68.73 95=80.58 99=107.65 99.9=154.24 99.99=508.16]
2025-04-19 13:35:06 20 sec: 436663 operations; [INSERT: Count=436663 Max=25198.59 Min=5.94 Avg=41.55 10=19.45 25=26.02 50=36.67 75=51.90 90=69.18 95=81.09 99=108.16 99.9=155.26 99.99=521.73]
2025-04-19 13:35:07 21 sec: 456561 operations; [INSERT: Count=456561 Max=25198.59 Min=5.94 Avg=41.72 10=19.54 25=26.13 50=36.80 75=52.09 90=69.44 95=81.34 99=108.61 99.9=156.03 99.99=525.31]
2025-04-19 13:35:08 22 sec: 477598 operations; [INSERT: Count=477598 Max=25198.59 Min=5.94 Avg=41.75 10=19.57 25=26.16 50=36.83 75=52.13 90=69.50 95=81.41 99=108.61 99.9=155.52 99.99=525.31]
2025-04-19 13:35:09 23 sec: 498807 operations; [INSERT: Count=498807 Max=25198.59 Min=5.94 Avg=41.78 10=19.60 25=26.19 50=36.86 75=52.19 90=69.57 95=81.41 99=108.61 99.9=155.39 99.99=533.50]
2025-04-19 13:35:10 24 sec: 518880 operations; [INSERT: Count=518880 Max=25198.59 Min=5.94 Avg=41.89 10=19.65 25=26.22 50=36.86 75=52.22 90=69.57 95=81.41 99=108.73 99.9=160.77 99.99=576.51]
2025-04-19 13:35:11 25 sec: 537690 operations; [INSERT: Count=537690 Max=25198.59 Min=5.94 Avg=42.07 10=19.70 25=26.30 50=36.99 75=52.38 90=69.76 95=81.53 99=108.73 99.9=160.00 99.99=581.12]
2025-04-19 13:35:12 26 sec: 556317 operations; [INSERT: Count=556317 Max=25198.59 Min=5.94 Avg=42.27 10=19.79 25=26.43 50=37.18 75=52.67 90=70.08 95=81.92 99=108.93 99.9=160.25 99.99=581.12]
2025-04-19 13:35:13 27 sec: 575500 operations; [INSERT: Count=575500 Max=25198.59 Min=5.94 Avg=42.41 10=19.87 25=26.56 50=37.38 75=52.83 90=70.27 95=82.05 99=108.93 99.9=159.23 99.99=589.31]
2025-04-19 13:35:14 28 sec: 594897 operations; [INSERT: Count=594897 Max=25198.59 Min=5.94 Avg=42.50 10=19.93 25=26.66 50=37.50 75=52.99 90=70.40 95=82.17 99=108.86 99.9=158.46 99.99=596.99]
2025-04-19 13:35:15 29 sec: 617983 operations; [INSERT: Count=617983 Max=25198.59 Min=5.94 Avg=42.36 10=19.84 25=26.51 50=37.31 75=52.70 90=70.08 95=81.86 99=108.54 99.9=158.72 99.99=626.69]
2025-04-19 13:35:16 30 sec: 640562 operations; [INSERT: Count=640562 Max=25198.59 Min=5.94 Avg=42.25 10=19.76 25=26.41 50=37.18 75=52.58 90=69.95 95=81.73 99=108.67 99.9=161.15 99.99=646.14]
2025-04-19 13:35:17 31 sec: 661787 operations; [INSERT: Count=661787 Max=25198.59 Min=5.94 Avg=42.25 10=19.74 25=26.38 50=37.15 75=52.54 90=69.95 95=81.79 99=109.06 99.9=165.50 99.99=655.36]
2025-04-19 13:35:18 32 sec: 682130 operations; [INSERT: Count=682130 Max=25198.59 Min=5.94 Avg=42.31 10=19.76 25=26.40 50=37.15 75=52.58 90=70.02 95=81.92 99=109.63 99.9=170.11 99.99=671.23]
2025-04-19 13:35:19 33 sec: 700263 operations; [INSERT: Count=700263 Max=25198.59 Min=5.94 Avg=42.53 10=19.71 25=26.38 50=37.22 75=52.73 90=70.40 95=82.56 99=111.74 99.9=192.51 99.99=858.11]
2025-04-19 13:35:20 34 sec: 721973 operations; [INSERT: Count=721973 Max=25198.59 Min=5.94 Avg=42.53 10=19.66 25=26.30 50=37.12 75=52.67 90=70.40 95=82.69 99=112.38 99.9=202.88 99.99=1012.22]
2025-04-19 13:35:21 35 sec: 745252 operations; [INSERT: Count=745252 Max=25198.59 Min=5.94 Avg=42.43 10=19.65 25=26.27 50=37.05 75=52.54 90=70.21 95=82.43 99=111.81 99.9=199.29 99.99=963.58]
2025-04-19 13:35:22 36 sec: 768459 operations; [INSERT: Count=768459 Max=25198.59 Min=5.94 Avg=42.35 10=19.65 25=26.24 50=36.99 75=52.45 90=70.02 95=82.24 99=111.42 99.9=198.27 99.99=946.17]
2025-04-19 13:35:23 37 sec: 789674 operations; [INSERT: Count=789674 Max=25198.59 Min=5.94 Avg=42.37 10=19.66 25=26.24 50=37.02 75=52.48 90=70.08 95=82.30 99=111.68 99.9=202.88 99.99=942.59]
2025-04-19 13:35:24 38 sec: 810020 operations; [INSERT: Count=810020 Max=25198.59 Min=5.94 Avg=42.43 10=19.68 25=26.27 50=37.05 75=52.54 90=70.14 95=82.43 99=112.06 99.9=207.10 99.99=942.59]
2025-04-19 13:35:25 39 sec: 830071 operations; [INSERT: Count=830071 Max=25198.59 Min=5.94 Avg=42.51 10=19.71 25=26.32 50=37.12 75=52.64 90=70.33 95=82.62 99=112.58 99.9=210.30 99.99=942.08]
2025-04-19 13:35:26 40 sec: 849758 operations; [INSERT: Count=849758 Max=25198.59 Min=5.94 Avg=42.61 10=19.76 25=26.37 50=37.18 75=52.77 90=70.46 95=82.81 99=112.89 99.9=215.68 99.99=940.03]
2025-04-19 13:35:27 41 sec: 866705 operations; [INSERT: Count=866705 Max=25198.59 Min=5.94 Avg=42.82 10=19.82 25=26.50 50=37.38 75=53.02 90=70.85 95=83.33 99=113.66 99.9=221.18 99.99=945.66]
2025-04-19 13:35:28 42 sec: 881674 operations; [INSERT: Count=881674 Max=25198.59 Min=5.94 Avg=43.13 10=19.90 25=26.64 50=37.63 75=53.44 90=71.42 95=84.09 99=114.69 99.9=230.91 99.99=942.59]
2025-04-19 13:35:29 43 sec: 897901 operations; [INSERT: Count=897901 Max=25198.59 Min=5.94 Avg=43.36 10=19.98 25=26.77 50=37.85 75=53.73 90=71.81 95=84.61 99=115.33 99.9=247.04 99.99=942.08]
2025-04-19 13:35:30 44 sec: 917226 operations; [INSERT: Count=917226 Max=25198.59 Min=5.94 Avg=43.42 10=20.02 25=26.82 50=37.92 75=53.79 90=71.87 95=84.61 99=115.26 99.9=254.59 99.99=942.08]
2025-04-19 13:35:31 45 sec: 943718 operations; [INSERT: Count=943718 Max=25198.59 Min=5.94 Avg=43.13 10=19.77 25=26.56 50=37.63 75=53.47 90=71.55 95=84.29 99=115.01 99.9=257.79 99.99=932.86]
2025-04-19 13:35:32 46 sec: 997515 operations; [INSERT: Count=997515 Max=25198.59 Min=4.58 Avg=41.62 10=17.61 25=24.98 50=36.29 75=52.32 90=70.59 95=83.39 99=114.37 99.9=249.85 99.99=904.19]
2025-04-19 13:35:33 47 sec: 1000000 operations; [INSERT: Count=1000000 Max=25198.59 Min=4.58 Avg=41.55 10=17.49 25=24.89 50=36.22 75=52.26 90=70.53 95=83.33 99=114.30 99.9=249.98 99.99=904.19]
2025-04-19 13:35:34 48 sec: 1000000 operations; [INSERT: Count=1000000 Max=25198.59 Min=4.58 Avg=41.55 10=17.49 25=24.89 50=36.22 75=52.26 90=70.53 95=83.33 99=114.30 99.9=249.98 99.99=904.19]
2025-04-19 13:35:35 49 sec: 1000000 operations; [INSERT: Count=1000000 Max=25198.59 Min=4.58 Avg=41.55 10=17.49 25=24.89 50=36.22 75=52.26 90=70.53 95=83.33 99=114.30 99.9=249.98 99.99=904.19]
2025-04-19 13:35:36 50 sec: 1000000 operations; [INSERT: Count=1000000 Max=25198.59 Min=4.58 Avg=41.55 10=17.49 25=24.89 50=36.22 75=52.26 90=70.53 95=83.33 99=114.30 99.9=249.98 99.99=904.19]
2025-04-19 13:35:37 51 sec: 1000000 operations; [INSERT: Count=1000000 Max=25198.59 Min=4.58 Avg=41.55 10=17.49 25=24.89 50=36.22 75=52.26 90=70.53 95=83.33 99=114.30 99.9=249.98 99.99=904.19]
2025-04-19 13:35:38 52 sec: 1000000 operations; [INSERT: Count=1000000 Max=25198.59 Min=4.58 Avg=41.55 10=17.49 25=24.89 50=36.22 75=52.26 90=70.53 95=83.33 99=114.30 99.9=249.98 99.99=904.19]
2025-04-19 13:35:39 53 sec: 1000000 operations; [INSERT: Count=1000000 Max=25198.59 Min=4.58 Avg=41.55 10=17.49 25=24.89 50=36.22 75=52.26 90=70.53 95=83.33 99=114.30 99.9=249.98 99.99=904.19]
2025-04-19 13:35:40 54 sec: 1000000 operations; [INSERT: Count=1000000 Max=25198.59 Min=4.58 Avg=41.55 10=17.49 25=24.89 50=36.22 75=52.26 90=70.53 95=83.33 99=114.30 99.9=249.98 99.99=904.19]
2025-04-19 13:35:41 55 sec: 1000000 operations; [INSERT: Count=1000000 Max=25198.59 Min=4.58 Avg=41.55 10=17.49 25=24.89 50=36.22 75=52.26 90=70.53 95=83.33 99=114.30 99.9=249.98 99.99=904.19]
2025-04-19 13:35:42 56 sec: 1000000 operations; [INSERT: Count=1000000 Max=25198.59 Min=4.58 Avg=41.55 10=17.49 25=24.89 50=36.22 75=52.26 90=70.53 95=83.33 99=114.30 99.9=249.98 99.99=904.19]
2025-04-19 13:35:43 57 sec: 1000000 operations; [INSERT: Count=1000000 Max=25198.59 Min=4.58 Avg=41.55 10=17.49 25=24.89 50=36.22 75=52.26 90=70.53 95=83.33 99=114.30 99.9=249.98 99.99=904.19]
2025-04-19 13:35:44 58 sec: 1000000 operations; [INSERT: Count=1000000 Max=25198.59 Min=4.58 Avg=41.55 10=17.49 25=24.89 50=36.22 75=52.26 90=70.53 95=83.33 99=114.30 99.9=249.98 99.99=904.19]
2025-04-19 13:35:45 59 sec: 1000000 operations; [INSERT: Count=1000000 Max=25198.59 Min=4.58 Avg=41.55 10=17.49 25=24.89 50=36.22 75=52.26 90=70.53 95=83.33 99=114.30 99.9=249.98 99.99=904.19]
2025-04-19 13:35:45 59 sec: 1000000 operations; [INSERT: Count=1000000 Max=25198.59 Min=4.58 Avg=41.55 10=17.49 25=24.89 50=36.22 75=52.26 90=70.53 95=83.33 99=114.30 99.9=249.98 99.99=904.19]
Load runtime(sec): 59.19
Load operations(ops): 1000000
Load throughput(ops/sec): 16894.7
