Running scope as unit: run-r5bf400adb05a4b44811b447946a8a5bc.scope
load file:/home/user/DataFiles/silesia_data/silesia.tar
2025-04-19 13:34:45 0 sec: 0 operations;
2025-04-19 13:34:46 1 sec: 22988 operations; [INSERT: Count=22988 Max=9281.53 Min=4.74 Avg=38.43 10=16.21 25=22.89 50=33.47 75=48.70 90=66.17 95=76.93 99=101.63 99.9=159.10 99.99=426.75]
2025-04-19 13:34:47 2 sec: 45551 operations; [INSERT: Count=45551 Max=9281.53 Min=4.74 Avg=39.75 10=17.81 25=24.56 50=35.13 75=50.43 90=67.39 95=77.63 99=99.90 99.9=147.58 99.99=445.44]
2025-04-19 13:34:48 3 sec: 67749 operations; [INSERT: Count=67749 Max=9281.53 Min=4.74 Avg=40.43 10=18.56 25=25.34 50=35.87 75=51.26 90=67.97 95=78.33 99=99.45 99.9=141.57 99.99=458.24]
2025-04-19 13:34:49 4 sec: 89464 operations; [INSERT: Count=89464 Max=9281.53 Min=4.74 Avg=41.00 10=19.09 25=25.93 50=36.48 75=51.94 90=68.67 95=79.17 99=99.78 99.9=136.70 99.99=473.60]
2025-04-19 13:34:50 5 sec: 111208 operations; [INSERT: Count=111208 Max=9281.53 Min=4.74 Avg=41.34 10=19.42 25=26.30 50=36.83 75=52.32 90=68.99 95=79.49 99=100.03 99.9=135.81 99.99=474.11]
2025-04-19 13:34:51 6 sec: 131953 operations; [INSERT: Count=131953 Max=12189.69 Min=4.74 Avg=41.89 10=19.74 25=26.69 50=37.31 75=52.86 90=69.69 95=80.25 99=100.73 99.9=137.98 99.99=494.59]
2025-04-19 13:34:52 7 sec: 150412 operations; [INSERT: Count=150412 Max=25886.72 Min=4.74 Avg=42.88 10=20.06 25=27.14 50=37.95 75=53.79 90=70.78 95=81.53 99=102.91 99.9=141.57 99.99=500.99]
2025-04-19 13:34:53 8 sec: 165514 operations; [INSERT: Count=165514 Max=25886.72 Min=4.74 Avg=44.47 10=20.54 25=27.93 50=39.36 75=55.87 90=73.66 95=85.38 99=109.44 99.9=150.53 99.99=519.42]
2025-04-19 13:34:54 9 sec: 180688 operations; [INSERT: Count=180688 Max=25886.72 Min=4.74 Avg=45.76 10=21.01 25=28.67 50=40.54 75=57.57 90=75.97 95=88.13 99=113.66 99.9=154.11 99.99=527.36]
2025-04-19 13:34:55 10 sec: 196137 operations; [INSERT: Count=196137 Max=25886.72 Min=4.74 Avg=46.78 10=21.39 25=29.31 50=41.60 75=58.94 90=77.69 95=90.05 99=115.97 99.9=155.90 99.99=546.82]
2025-04-19 13:34:56 11 sec: 221018 operations; [INSERT: Count=221018 Max=25886.72 Min=4.74 Avg=45.65 10=20.89 25=28.53 50=40.51 75=57.47 90=76.03 95=88.38 99=114.50 99.9=154.37 99.99=534.53]
2025-04-19 13:34:57 12 sec: 246304 operations; [INSERT: Count=246304 Max=25886.72 Min=4.74 Avg=44.67 10=20.48 25=27.86 50=39.55 75=56.16 90=74.50 95=86.85 99=113.02 99.9=154.24 99.99=523.52]
2025-04-19 13:34:58 13 sec: 271844 operations; [INSERT: Count=271844 Max=25886.72 Min=4.74 Avg=43.79 10=20.09 25=27.25 50=38.69 75=55.01 90=73.15 95=85.50 99=111.61 99.9=154.11 99.99=519.42]
2025-04-19 13:34:59 14 sec: 293191 operations; [INSERT: Count=293191 Max=27475.97 Min=4.74 Avg=43.72 10=20.08 25=27.20 50=38.59 75=54.78 90=72.77 95=85.12 99=111.04 99.9=153.60 99.99=519.42]
2025-04-19 13:35:00 15 sec: 318618 operations; [INSERT: Count=318618 Max=27475.97 Min=4.74 Avg=43.10 10=19.87 25=26.83 50=38.05 75=53.95 90=71.74 95=83.97 99=109.95 99.9=152.19 99.99=502.78]
2025-04-19 13:35:01 16 sec: 344427 operations; [INSERT: Count=344427 Max=27475.97 Min=4.74 Avg=42.52 10=19.65 25=26.46 50=37.53 75=53.22 90=70.78 95=82.81 99=108.80 99.9=152.06 99.99=500.99]
2025-04-19 13:35:02 17 sec: 370276 operations; [INSERT: Count=370276 Max=27475.97 Min=4.74 Avg=42.02 10=19.47 25=26.18 50=37.09 75=52.54 90=69.95 95=81.86 99=107.78 99.9=151.42 99.99=494.59]
2025-04-19 13:35:03 18 sec: 394349 operations; [INSERT: Count=394349 Max=27475.97 Min=4.74 Avg=41.79 10=19.45 25=26.09 50=36.86 75=52.26 90=69.44 95=81.22 99=106.94 99.9=150.78 99.99=492.03]
2025-04-19 13:35:04 19 sec: 413872 operations; [INSERT: Count=413872 Max=27475.97 Min=4.74 Avg=42.03 10=19.55 25=26.22 50=37.09 75=52.58 90=69.89 95=81.79 99=107.84 99.9=152.32 99.99=494.59]
2025-04-19 13:35:05 20 sec: 429533 operations; [INSERT: Count=429533 Max=27475.97 Min=4.74 Avg=42.62 10=19.71 25=26.53 50=37.63 75=53.38 90=71.04 95=83.20 99=109.82 99.9=154.37 99.99=498.18]
2025-04-19 13:35:06 21 sec: 447175 operations; [INSERT: Count=447175 Max=27475.97 Min=4.74 Avg=42.97 10=19.84 25=26.73 50=37.92 75=53.82 90=71.61 95=84.03 99=110.91 99.9=156.29 99.99=519.42]
2025-04-19 13:35:07 22 sec: 468759 operations; [INSERT: Count=468759 Max=27475.97 Min=4.74 Avg=42.90 10=19.81 25=26.69 50=37.85 75=53.76 90=71.49 95=83.84 99=110.66 99.9=156.03 99.99=523.52]
2025-04-19 13:35:08 23 sec: 490779 operations; [INSERT: Count=490779 Max=27475.97 Min=4.74 Avg=42.80 10=19.77 25=26.64 50=37.79 75=53.63 90=71.30 95=83.58 99=110.33 99.9=155.78 99.99=523.77]
2025-04-19 13:35:09 24 sec: 513009 operations; [INSERT: Count=513009 Max=27475.97 Min=4.74 Avg=42.69 10=19.74 25=26.57 50=37.70 75=53.50 90=71.10 95=83.26 99=109.95 99.9=154.75 99.99=527.36]
2025-04-19 13:35:10 25 sec: 536171 operations; [INSERT: Count=536171 Max=27475.97 Min=4.74 Avg=42.50 10=19.70 25=26.48 50=37.53 75=53.28 90=70.78 95=82.88 99=109.50 99.9=154.37 99.99=527.36]
2025-04-19 13:35:11 26 sec: 559235 operations; [INSERT: Count=559235 Max=27475.97 Min=4.74 Avg=42.34 10=19.63 25=26.37 50=37.38 75=53.05 90=70.46 95=82.56 99=109.12 99.9=154.37 99.99=546.82]
2025-04-19 13:35:12 27 sec: 583160 operations; [INSERT: Count=583160 Max=27475.97 Min=4.74 Avg=42.12 10=19.57 25=26.24 50=37.18 75=52.77 90=70.14 95=82.11 99=108.61 99.9=153.60 99.99=545.28]
2025-04-19 13:35:13 28 sec: 607258 operations; [INSERT: Count=607258 Max=27475.97 Min=4.74 Avg=41.90 10=19.49 25=26.11 50=36.99 75=52.48 90=69.76 95=81.66 99=108.16 99.9=152.45 99.99=545.28]
2025-04-19 13:35:14 29 sec: 631428 operations; [INSERT: Count=631428 Max=27475.97 Min=4.74 Avg=41.70 10=19.42 25=26.00 50=36.80 75=52.19 90=69.38 95=81.28 99=107.71 99.9=151.94 99.99=545.28]
2025-04-19 13:35:15 30 sec: 650063 operations; [INSERT: Count=650063 Max=27475.97 Min=4.74 Avg=41.85 10=19.42 25=26.02 50=36.80 75=52.26 90=69.44 95=81.41 99=108.16 99.9=156.67 99.99=615.93]
2025-04-19 13:35:16 31 sec: 671153 operations; [INSERT: Count=671153 Max=27475.97 Min=4.74 Avg=41.87 10=19.42 25=26.00 50=36.80 75=52.22 90=69.44 95=81.47 99=108.61 99.9=159.87 99.99=622.08]
2025-04-19 13:35:17 32 sec: 691402 operations; [INSERT: Count=691402 Max=27475.97 Min=4.74 Avg=41.94 10=19.45 25=26.03 50=36.83 75=52.29 90=69.50 95=81.60 99=109.06 99.9=165.50 99.99=680.45]
2025-04-19 13:35:18 33 sec: 708788 operations; [INSERT: Count=708788 Max=27475.97 Min=4.74 Avg=42.20 10=19.45 25=26.06 50=36.93 75=52.48 90=69.95 95=82.30 99=111.17 99.9=181.63 99.99=810.50]
2025-04-19 13:35:19 34 sec: 728467 operations; [INSERT: Count=728467 Max=27475.97 Min=4.74 Avg=42.33 10=19.41 25=26.00 50=36.90 75=52.54 90=70.21 95=82.81 99=112.70 99.9=199.94 99.99=991.74]
2025-04-19 13:35:20 35 sec: 752901 operations; [INSERT: Count=752901 Max=27475.97 Min=4.74 Avg=42.17 10=19.38 25=25.93 50=36.80 75=52.35 90=69.89 95=82.43 99=112.13 99.9=198.01 99.99=983.55]
2025-04-19 13:35:21 36 sec: 776783 operations; [INSERT: Count=776783 Max=27475.97 Min=4.74 Avg=42.06 10=19.34 25=25.89 50=36.70 75=52.19 90=69.69 95=82.11 99=111.61 99.9=203.01 99.99=972.80]
2025-04-19 13:35:22 37 sec: 797954 operations; [INSERT: Count=797954 Max=27475.97 Min=4.74 Avg=42.09 10=19.36 25=25.90 50=36.70 75=52.22 90=69.76 95=82.17 99=111.87 99.9=212.74 99.99=948.22]
2025-04-19 13:35:23 38 sec: 818027 operations; [INSERT: Count=818027 Max=27475.97 Min=4.74 Avg=42.18 10=19.39 25=25.95 50=36.77 75=52.32 90=69.89 95=82.37 99=112.25 99.9=224.38 99.99=948.22]
2025-04-19 13:35:24 39 sec: 837832 operations; [INSERT: Count=837832 Max=27475.97 Min=4.74 Avg=42.27 10=19.42 25=25.98 50=36.86 75=52.41 90=70.08 95=82.62 99=112.77 99.9=233.60 99.99=958.98]
2025-04-19 13:35:25 40 sec: 857209 operations; [INSERT: Count=857209 Max=27475.97 Min=4.74 Avg=42.38 10=19.47 25=26.06 50=36.96 75=52.54 90=70.27 95=82.88 99=113.15 99.9=239.10 99.99=972.80]
2025-04-19 13:35:26 41 sec: 876808 operations; [INSERT: Count=876808 Max=27475.97 Min=4.74 Avg=42.48 10=19.52 25=26.13 50=37.05 75=52.67 90=70.40 95=83.07 99=113.41 99.9=245.12 99.99=958.98]
2025-04-19 13:35:27 42 sec: 895753 operations; [INSERT: Count=895753 Max=27475.97 Min=4.74 Avg=42.61 10=19.57 25=26.19 50=37.15 75=52.83 90=70.59 95=83.26 99=113.66 99.9=255.36 99.99=958.98]
2025-04-19 13:35:28 43 sec: 912905 operations; [INSERT: Count=912905 Max=27475.97 Min=4.74 Avg=42.80 10=19.63 25=26.30 50=37.31 75=53.05 90=70.91 95=83.71 99=113.98 99.9=265.47 99.99=958.98]
2025-04-19 13:35:29 44 sec: 933334 operations; [INSERT: Count=933334 Max=27475.97 Min=4.74 Avg=42.82 10=19.65 25=26.34 50=37.34 75=53.09 90=70.97 95=83.71 99=113.86 99.9=281.09 99.99=944.13]
2025-04-19 13:35:30 45 sec: 956295 operations; [INSERT: Count=956295 Max=27475.97 Min=4.74 Avg=42.71 10=19.61 25=26.27 50=37.25 75=52.93 90=70.72 95=83.45 99=113.53 99.9=291.33 99.99=939.01]
2025-04-19 13:35:31 46 sec: 992763 operations; [INSERT: Count=992763 Max=27475.97 Min=4.74 Avg=41.98 10=18.83 25=25.52 50=36.51 75=52.22 90=70.14 95=82.81 99=113.02 99.9=294.91 99.99=911.87]
2025-04-19 13:35:32 47 sec: 1000000 operations; [INSERT: Count=1000000 Max=27475.97 Min=4.74 Avg=41.78 10=18.54 25=25.30 50=36.32 75=52.06 90=69.95 95=82.69 99=112.96 99.9=293.63 99.99=907.77]
2025-04-19 13:35:33 48 sec: 1000000 operations; [INSERT: Count=1000000 Max=27475.97 Min=4.74 Avg=41.78 10=18.54 25=25.30 50=36.32 75=52.06 90=69.95 95=82.69 99=112.96 99.9=293.63 99.99=907.77]
2025-04-19 13:35:34 49 sec: 1000000 operations; [INSERT: Count=1000000 Max=27475.97 Min=4.74 Avg=41.78 10=18.54 25=25.30 50=36.32 75=52.06 90=69.95 95=82.69 99=112.96 99.9=293.63 99.99=907.77]
2025-04-19 13:35:35 50 sec: 1000000 operations; [INSERT: Count=1000000 Max=27475.97 Min=4.74 Avg=41.78 10=18.54 25=25.30 50=36.32 75=52.06 90=69.95 95=82.69 99=112.96 99.9=293.63 99.99=907.77]
2025-04-19 13:35:36 51 sec: 1000000 operations; [INSERT: Count=1000000 Max=27475.97 Min=4.74 Avg=41.78 10=18.54 25=25.30 50=36.32 75=52.06 90=69.95 95=82.69 99=112.96 99.9=293.63 99.99=907.77]
2025-04-19 13:35:37 52 sec: 1000000 operations; [INSERT: Count=1000000 Max=27475.97 Min=4.74 Avg=41.78 10=18.54 25=25.30 50=36.32 75=52.06 90=69.95 95=82.69 99=112.96 99.9=293.63 99.99=907.77]
2025-04-19 13:35:38 53 sec: 1000000 operations; [INSERT: Count=1000000 Max=27475.97 Min=4.74 Avg=41.78 10=18.54 25=25.30 50=36.32 75=52.06 90=69.95 95=82.69 99=112.96 99.9=293.63 99.99=907.77]
2025-04-19 13:35:39 54 sec: 1000000 operations; [INSERT: Count=1000000 Max=27475.97 Min=4.74 Avg=41.78 10=18.54 25=25.30 50=36.32 75=52.06 90=69.95 95=82.69 99=112.96 99.9=293.63 99.99=907.77]
2025-04-19 13:35:40 55 sec: 1000000 operations; [INSERT: Count=1000000 Max=27475.97 Min=4.74 Avg=41.78 10=18.54 25=25.30 50=36.32 75=52.06 90=69.95 95=82.69 99=112.96 99.9=293.63 99.99=907.77]
2025-04-19 13:35:41 56 sec: 1000000 operations; [INSERT: Count=1000000 Max=27475.97 Min=4.74 Avg=41.78 10=18.54 25=25.30 50=36.32 75=52.06 90=69.95 95=82.69 99=112.96 99.9=293.63 99.99=907.77]
2025-04-19 13:35:42 57 sec: 1000000 operations; [INSERT: Count=1000000 Max=27475.97 Min=4.74 Avg=41.78 10=18.54 25=25.30 50=36.32 75=52.06 90=69.95 95=82.69 99=112.96 99.9=293.63 99.99=907.77]
2025-04-19 13:35:43 58 sec: 1000000 operations; [INSERT: Count=1000000 Max=27475.97 Min=4.74 Avg=41.78 10=18.54 25=25.30 50=36.32 75=52.06 90=69.95 95=82.69 99=112.96 99.9=293.63 99.99=907.77]
2025-04-19 13:35:44 58 sec: 1000000 operations; [INSERT: Count=1000000 Max=27475.97 Min=4.74 Avg=41.78 10=18.54 25=25.30 50=36.32 75=52.06 90=69.95 95=82.69 99=112.96 99.9=293.63 99.99=907.77]
Load runtime(sec): 58.6797
Load operations(ops): 1000000
Load throughput(ops/sec): 17041.7
