Running scope as unit: run-r49d67ae1a1254c43a7806c451c5911a9.scope
load file:/home/user/DataFiles/silesia_data/silesia.tar
2025-04-19 12:15:47 0 sec: 0 operations;
2025-04-19 12:15:48 1 sec: 0 operations;
2025-04-19 12:15:49 2 sec: 0 operations;
2025-04-19 12:15:50 3 sec: 0 operations;
2025-04-19 12:15:51 4 sec: 0 operations;
2025-04-19 12:15:52 5 sec: 0 operations;
2025-04-19 12:15:53 6 sec: 0 operations;
2025-04-19 12:15:54 7 sec: 0 operations;
2025-04-19 12:15:55 8 sec: 0 operations;
2025-04-19 12:15:56 9 sec: 0 operations;
2025-04-19 12:15:57 10 sec: 0 operations;
2025-04-19 12:15:58 11 sec: 0 operations;
2025-04-19 12:15:59 12 sec: 0 operations;
2025-04-19 12:16:00 13 sec: 0 operations;
2025-04-19 12:16:01 14 sec: 0 operations;
2025-04-19 12:16:02 15 sec: 0 operations;
2025-04-19 12:16:03 16 sec: 0 operations;
2025-04-19 12:16:04 17 sec: 0 operations;
2025-04-19 12:16:05 18 sec: 6681 operations; [READ: Count=3356 Max=2650.11 Min=4.29 Avg=119.07 10=49.63 25=82.11 50=99.52 75=147.33 90=200.57 95=217.34 99=272.13 99.9=606.21 99.99=2650.11] [UPDATE: Count=3325 Max=2428.93 Min=8.55 Avg=134.74 10=58.59 25=88.89 50=110.85 75=160.51 90=212.09 95=230.91 99=421.12 99.9=2242.56 99.99=2428.93]
2025-04-19 12:16:06 19 sec: 15006 operations; [READ: Count=7532 Max=2650.11 Min=3.90 Avg=116.78 10=47.58 25=79.36 50=97.79 75=146.30 90=198.01 95=214.66 99=274.94 99.9=729.09 99.99=792.58] [UPDATE: Count=7474 Max=2428.93 Min=7.78 Avg=128.41 10=57.05 25=87.87 50=108.48 75=156.67 90=208.13 95=226.05 99=337.15 99.9=1488.89 99.99=2322.43]
2025-04-19 12:16:07 20 sec: 23009 operations; [READ: Count=11525 Max=2650.11 Min=3.90 Avg=117.49 10=48.58 25=81.34 50=99.71 75=147.84 90=199.81 95=215.29 99=264.45 99.9=725.50 99.99=842.24] [UPDATE: Count=11484 Max=2428.93 Min=7.78 Avg=128.48 10=58.30 25=89.53 50=110.14 75=157.95 90=210.30 95=227.20 99=282.37 99.9=936.45 99.99=2322.43]
2025-04-19 12:16:08 21 sec: 31062 operations; [READ: Count=15564 Max=2650.11 Min=3.30 Avg=117.97 10=48.73 25=80.83 50=99.97 75=147.20 90=199.94 95=217.09 99=310.01 99.9=725.50 99.99=842.24] [UPDATE: Count=15498 Max=2428.93 Min=7.78 Avg=128.10 10=58.17 25=88.64 50=110.14 75=157.18 90=209.79 95=227.58 99=338.43 99.9=896.00 99.99=2306.05]
2025-04-19 12:16:09 22 sec: 37886 operations; [READ: Count=18880 Max=2650.11 Min=3.30 Avg=121.21 10=49.31 25=81.34 50=100.67 75=148.22 90=201.98 95=220.54 99=476.67 99.9=805.89 99.99=1323.01] [UPDATE: Count=19006 Max=12320.77 Min=7.78 Avg=132.88 10=58.56 25=89.28 50=111.30 75=158.97 90=212.74 95=232.83 99=498.94 99.9=1055.74 99.99=2609.15]
2025-04-19 12:16:10 23 sec: 45558 operations; [READ: Count=22742 Max=2650.11 Min=3.30 Avg=121.68 10=50.08 25=82.24 50=103.10 75=150.40 90=203.52 95=221.95 99=433.41 99.9=782.34 99.99=1323.01] [UPDATE: Count=22816 Max=12320.77 Min=7.78 Avg=133.16 10=59.49 25=90.30 50=113.92 75=161.02 90=213.76 95=233.73 99=460.29 99.9=936.45 99.99=2609.15]
2025-04-19 12:16:11 24 sec: 53472 operations; [READ: Count=26735 Max=2650.11 Min=3.30 Avg=121.36 10=50.62 25=82.88 50=104.06 75=150.66 90=203.52 95=221.82 99=386.30 99.9=770.05 99.99=1163.26] [UPDATE: Count=26737 Max=12320.77 Min=7.78 Avg=132.85 10=59.97 25=91.39 50=114.81 75=161.41 90=213.89 95=233.47 99=425.73 99.9=896.51 99.99=2496.51]
2025-04-19 12:16:12 25 sec: 61267 operations; [READ: Count=30637 Max=2650.11 Min=3.30 Avg=121.30 10=50.85 25=83.45 50=105.09 75=151.17 90=203.78 95=222.34 99=348.42 99.9=756.74 99.99=1163.26] [UPDATE: Count=30630 Max=12320.77 Min=7.78 Avg=132.93 10=60.48 25=92.09 50=115.84 75=162.18 90=214.27 95=234.24 99=411.65 99.9=888.32 99.99=2496.51]
2025-04-19 12:16:13 26 sec: 68742 operations; [READ: Count=34350 Max=2650.11 Min=3.25 Avg=121.92 10=51.04 25=83.58 50=105.73 75=151.42 90=203.78 95=223.36 99=399.36 99.9=780.29 99.99=1323.01] [UPDATE: Count=34392 Max=12320.77 Min=7.78 Avg=133.51 10=60.61 25=92.54 50=116.61 75=162.56 90=214.78 95=235.39 99=419.58 99.9=889.34 99.99=2609.15]
2025-04-19 12:16:14 27 sec: 76121 operations; [READ: Count=38065 Max=2650.11 Min=3.21 Avg=121.88 10=50.78 25=83.33 50=105.66 75=150.78 90=203.01 95=223.23 99=426.24 99.9=814.59 99.99=1163.26] [UPDATE: Count=38056 Max=17727.49 Min=7.78 Avg=134.88 10=60.41 25=92.35 50=116.35 75=161.92 90=214.27 95=235.65 99=447.74 99.9=1027.07 99.99=3358.72]
2025-04-19 12:16:15 28 sec: 83952 operations; [READ: Count=41895 Max=2650.11 Min=3.21 Avg=121.67 10=50.94 25=83.78 50=106.05 75=151.04 90=202.62 95=222.72 99=407.55 99.9=814.59 99.99=1163.26] [UPDATE: Count=42057 Max=17727.49 Min=7.78 Avg=134.74 10=60.58 25=92.80 50=116.93 75=162.18 90=214.14 95=235.39 99=430.33 99.9=996.35 99.99=7360.51]
2025-04-19 12:16:16 29 sec: 92175 operations; [READ: Count=45993 Max=2650.11 Min=3.21 Avg=121.06 10=50.85 25=83.97 50=106.17 75=150.91 90=201.73 95=221.95 99=373.50 99.9=805.38 99.99=1098.75] [UPDATE: Count=46182 Max=17727.49 Min=7.78 Avg=133.98 10=60.48 25=92.99 50=117.06 75=162.05 90=213.50 95=234.50 99=414.72 99.9=937.98 99.99=3569.66]
2025-04-19 12:16:17 30 sec: 100364 operations; [READ: Count=50110 Max=2650.11 Min=3.21 Avg=120.67 10=50.85 25=84.22 50=106.43 75=150.91 90=201.09 95=221.31 99=340.48 99.9=788.99 99.99=1098.75] [UPDATE: Count=50254 Max=17727.49 Min=7.78 Avg=133.33 10=60.48 25=93.25 50=117.18 75=161.92 90=212.74 95=233.47 99=382.46 99.9=918.53 99.99=3569.66]
2025-04-19 12:16:18 31 sec: 108535 operations; [READ: Count=54223 Max=2650.11 Min=3.21 Avg=120.23 10=50.75 25=84.22 50=106.62 75=150.78 90=200.32 95=220.80 99=316.93 99.9=780.80 99.99=1088.51] [UPDATE: Count=54312 Max=17727.49 Min=7.78 Avg=132.91 10=60.45 25=93.31 50=117.44 75=161.92 90=212.22 95=233.09 99=360.45 99.9=896.00 99.99=3569.66]
2025-04-19 12:16:19 32 sec: 116205 operations; [READ: Count=58053 Max=2650.11 Min=3.21 Avg=120.56 10=50.81 25=84.48 50=107.01 75=150.91 90=199.94 95=220.93 99=328.45 99.9=811.01 99.99=1125.38] [UPDATE: Count=58152 Max=17727.49 Min=7.78 Avg=132.94 10=60.29 25=93.18 50=117.82 75=161.92 90=211.71 95=233.09 99=382.72 99.9=918.53 99.99=3358.72]
2025-04-19 12:16:20 33 sec: 123841 operations; [READ: Count=61817 Max=2650.11 Min=3.21 Avg=120.59 10=50.72 25=84.35 50=106.94 75=150.66 90=199.17 95=220.54 99=353.02 99.9=855.04 99.99=1185.79] [UPDATE: Count=62024 Max=17727.49 Min=7.78 Avg=133.30 10=60.19 25=93.12 50=117.69 75=161.53 90=210.94 95=232.57 99=412.42 99.9=1024.51 99.99=7360.51]
2025-04-19 12:16:21 34 sec: 132230 operations; [READ: Count=66090 Max=2650.11 Min=3.21 Avg=120.12 10=50.62 25=84.35 50=107.01 75=150.66 90=198.66 95=219.65 99=323.07 99.9=848.89 99.99=1164.29] [UPDATE: Count=66140 Max=17727.49 Min=7.78 Avg=132.67 10=60.06 25=92.93 50=117.76 75=161.41 90=210.05 95=232.06 99=384.77 99.9=980.48 99.99=6852.61]
2025-04-19 12:16:22 35 sec: 140473 operations; [READ: Count=70213 Max=2650.11 Min=3.21 Avg=119.76 10=50.49 25=84.29 50=107.20 75=150.66 90=197.89 95=219.26 99=307.97 99.9=845.82 99.99=1164.29] [UPDATE: Count=70260 Max=17727.49 Min=7.78 Avg=132.31 10=59.94 25=92.93 50=117.95 75=161.41 90=209.41 95=231.68 99=366.85 99.9=972.29 99.99=6852.61]
2025-04-19 12:16:23 36 sec: 148616 operations; [READ: Count=74308 Max=2650.11 Min=3.21 Avg=119.50 10=50.46 25=84.35 50=107.33 75=150.66 90=196.99 95=218.88 99=302.33 99.9=840.70 99.99=1164.29] [UPDATE: Count=74308 Max=17727.49 Min=7.78 Avg=132.10 10=59.84 25=92.80 50=118.08 75=161.41 90=208.90 95=231.42 99=361.47 99.9=995.33 99.99=6852.61]
2025-04-19 12:16:24 37 sec: 158616 operations; [READ: Count=79338 Max=2650.11 Min=3.21 Avg=117.62 10=49.89 25=79.61 50=106.17 75=149.38 90=194.56 95=217.73 99=300.80 99.9=848.89 99.99=1185.79] [UPDATE: Count=79278 Max=17727.49 Min=7.78 Avg=130.61 10=59.01 25=88.38 50=116.86 75=160.00 90=206.97 95=230.40 99=370.18 99.9=1060.86 99.99=3569.66]
2025-04-19 12:16:25 38 sec: 169772 operations; [READ: Count=84905 Max=2650.11 Min=3.21 Avg=115.31 10=49.50 25=70.91 50=104.89 75=147.58 90=191.49 95=216.19 99=294.14 99.9=859.13 99.99=1351.68] [UPDATE: Count=84867 Max=17727.49 Min=7.78 Avg=128.24 10=58.53 25=81.41 50=115.39 75=158.21 90=203.78 95=228.74 99=355.33 99.9=1084.41 99.99=6852.61]
2025-04-19 12:16:26 39 sec: 182548 operations; [READ: Count=91308 Max=2650.11 Min=3.21 Avg=112.31 10=48.41 25=64.73 50=103.17 75=145.53 90=187.78 95=214.40 99=284.67 99.9=850.43 99.99=1323.01] [UPDATE: Count=91240 Max=17727.49 Min=7.78 Avg=125.03 10=57.12 25=75.33 50=113.41 75=155.78 90=199.81 95=226.81 99=336.89 99.9=1062.91 99.99=3569.66]
2025-04-19 12:16:27 40 sec: 194160 operations; [READ: Count=97132 Max=2650.11 Min=2.98 Avg=110.23 10=48.26 25=62.53 50=102.27 75=143.62 90=184.32 95=212.86 99=279.04 99.9=845.82 99.99=1316.86] [UPDATE: Count=97028 Max=17727.49 Min=7.78 Avg=123.11 10=56.86 25=73.09 50=112.38 75=153.98 90=196.99 95=225.53 99=329.47 99.9=1069.06 99.99=3569.66]
2025-04-19 12:16:28 41 sec: 206116 operations; [READ: Count=103191 Max=2650.11 Min=2.98 Avg=108.25 10=48.00 25=61.02 50=101.38 75=141.57 90=180.61 95=211.33 99=274.94 99.9=840.19 99.99=1316.86] [UPDATE: Count=102925 Max=17727.49 Min=7.78 Avg=121.15 10=56.51 25=71.49 50=111.36 75=151.81 90=193.79 95=224.13 99=322.05 99.9=1061.89 99.99=3762.18]
2025-04-19 12:16:29 42 sec: 218059 operations; [READ: Count=109252 Max=2650.11 Min=2.98 Avg=106.53 10=47.68 25=60.00 50=100.61 75=139.13 90=177.53 95=209.79 99=273.15 99.9=842.24 99.99=1351.68] [UPDATE: Count=108807 Max=17727.49 Min=7.78 Avg=119.38 10=56.19 25=70.33 50=110.46 75=149.63 90=190.72 95=222.72 99=314.88 99.9=1056.77 99.99=3569.66]
2025-04-19 12:16:30 43 sec: 230463 operations; [READ: Count=115484 Max=2650.11 Min=2.98 Avg=104.76 10=46.94 25=59.10 50=99.52 75=136.19 90=174.34 95=208.13 99=270.59 99.9=848.89 99.99=1383.42] [UPDATE: Count=114979 Max=17727.49 Min=7.78 Avg=117.57 10=55.17 25=69.25 50=109.31 75=146.81 90=187.78 95=221.31 99=307.97 99.9=1061.89 99.99=3762.18]
2025-04-19 12:16:31 44 sec: 242893 operations; [READ: Count=121825 Max=2650.11 Min=2.98 Avg=103.14 10=46.56 25=58.56 50=98.81 75=132.74 90=171.52 95=206.59 99=266.24 99.9=842.24 99.99=1383.42] [UPDATE: Count=121068 Max=17727.49 Min=7.78 Avg=115.96 10=54.91 25=68.73 50=108.61 75=143.87 90=184.96 95=219.90 99=300.29 99.9=1053.69 99.99=3569.66]
2025-04-19 12:16:32 45 sec: 255445 operations; [READ: Count=128164 Max=2650.11 Min=2.98 Avg=101.66 10=46.17 25=58.11 50=98.11 75=128.51 90=168.96 95=205.06 99=263.68 99.9=835.58 99.99=1351.68] [UPDATE: Count=127281 Max=17727.49 Min=7.78 Avg=114.41 10=54.46 25=68.22 50=107.84 75=140.41 90=182.27 95=218.37 99=294.65 99.9=1031.68 99.99=3358.72]
2025-04-19 12:16:33 46 sec: 268031 operations; [READ: Count=134468 Max=2650.11 Min=2.98 Avg=100.29 10=45.70 25=57.73 50=97.47 75=124.61 90=166.78 95=203.39 99=260.99 99.9=822.27 99.99=1351.68] [UPDATE: Count=133563 Max=17727.49 Min=7.78 Avg=113.00 10=53.92 25=67.78 50=107.07 75=136.83 90=179.84 95=216.70 99=289.79 99.9=1024.00 99.99=3383.30]
2025-04-19 12:16:34 47 sec: 280593 operations; [READ: Count=140789 Max=2650.11 Min=2.98 Avg=99.06 10=45.25 25=57.44 50=96.83 75=121.66 90=165.12 95=201.73 99=259.07 99.9=820.22 99.99=1383.42] [UPDATE: Count=139804 Max=17727.49 Min=7.78 Avg=111.72 10=53.47 25=67.45 50=106.37 75=133.89 90=177.92 95=215.04 99=285.69 99.9=1016.83 99.99=3358.72]
2025-04-19 12:16:35 48 sec: 292893 operations; [READ: Count=146889 Max=2650.11 Min=2.98 Avg=98.06 10=44.67 25=57.18 50=96.25 75=119.61 90=163.58 95=200.06 99=257.66 99.9=832.00 99.99=1572.86] [UPDATE: Count=146004 Max=17727.49 Min=7.78 Avg=110.61 10=52.83 25=67.07 50=105.66 75=131.84 90=176.13 95=213.38 99=282.88 99.9=1020.41 99.99=3383.30]
2025-04-19 12:16:36 49 sec: 305482 operations; [READ: Count=153374 Max=2650.11 Min=2.98 Avg=96.96 10=43.71 25=56.96 50=95.61 75=118.14 90=162.18 95=198.66 99=255.49 99.9=820.22 99.99=1572.86] [UPDATE: Count=152108 Max=17727.49 Min=7.78 Avg=109.58 10=51.97 25=66.88 50=105.02 75=130.30 90=174.72 95=211.84 99=280.83 99.9=1020.41 99.99=3411.97]
2025-04-19 12:16:37 50 sec: 318138 operations; [READ: Count=159651 Max=2650.11 Min=2.98 Avg=96.01 10=42.72 25=56.86 50=95.04 75=116.99 90=160.64 95=196.48 99=253.44 99.9=811.01 99.99=1567.74] [UPDATE: Count=158487 Max=17727.49 Min=7.78 Avg=108.52 10=50.72 25=66.69 50=104.32 75=128.96 90=173.18 95=210.05 99=278.53 99.9=1013.25 99.99=3383.30]
2025-04-19 12:16:38 51 sec: 331125 operations; [READ: Count=166152 Max=2650.11 Min=2.98 Avg=95.02 10=41.15 25=56.67 50=94.33 75=115.97 90=159.36 95=194.69 99=251.39 99.9=805.38 99.99=1563.65] [UPDATE: Count=164973 Max=17727.49 Min=7.78 Avg=107.46 10=48.86 25=66.50 50=103.61 75=127.81 90=171.78 95=208.25 99=275.45 99.9=986.62 99.99=3383.30]
2025-04-19 12:16:39 52 sec: 344054 operations; [READ: Count=172600 Max=2650.11 Min=2.98 Avg=94.09 10=37.22 25=56.48 50=93.63 75=115.14 90=158.21 95=192.90 99=249.60 99.9=791.55 99.99=1563.65] [UPDATE: Count=171454 Max=17727.49 Min=7.78 Avg=106.51 10=45.85 25=66.30 50=102.91 75=126.91 90=170.50 95=206.59 99=272.89 99.9=978.43 99.99=3358.72]
2025-04-19 12:16:40 53 sec: 357005 operations; [READ: Count=179058 Max=2650.11 Min=2.98 Avg=93.18 10=25.02 25=56.29 50=92.80 75=114.43 90=157.06 95=191.10 99=247.94 99.9=782.34 99.99=1557.50] [UPDATE: Count=177947 Max=17727.49 Min=7.78 Avg=105.67 10=38.59 25=66.11 50=102.08 75=126.02 90=169.22 95=204.67 99=271.10 99.9=972.29 99.99=3383.30]
2025-04-19 12:16:41 54 sec: 370055 operations; [READ: Count=185511 Max=2650.11 Min=2.98 Avg=92.36 10=20.98 25=56.16 50=92.03 75=113.79 90=156.03 95=189.06 99=246.01 99.9=776.70 99.99=1454.08] [UPDATE: Count=184544 Max=17727.49 Min=7.78 Avg=104.81 10=33.95 25=65.92 50=101.31 75=125.38 90=167.94 95=202.62 99=269.31 99.9=953.34 99.99=3411.97]
2025-04-19 12:16:42 55 sec: 383025 operations; [READ: Count=191943 Max=2650.11 Min=2.98 Avg=91.61 10=18.86 25=56.06 50=91.14 75=113.41 90=155.13 95=187.26 99=244.48 99.9=764.93 99.99=1454.08] [UPDATE: Count=191082 Max=17727.49 Min=7.78 Avg=104.03 10=31.58 25=65.86 50=100.48 75=124.86 90=166.91 95=200.70 99=267.77 99.9=936.96 99.99=3383.30]
2025-04-19 12:16:43 56 sec: 396351 operations; [READ: Count=198600 Max=2650.11 Min=2.98 Avg=90.82 10=17.44 25=55.87 50=90.17 75=112.83 90=154.11 95=185.22 99=243.07 99.9=755.20 99.99=1443.84] [UPDATE: Count=197751 Max=17727.49 Min=7.78 Avg=103.22 10=30.09 25=65.66 50=99.58 75=124.29 90=165.89 95=198.78 99=265.73 99.9=925.18 99.99=3358.72]
2025-04-19 12:16:44 57 sec: 409544 operations; [READ: Count=205304 Max=2650.11 Min=2.98 Avg=90.10 10=16.38 25=55.74 50=88.96 75=112.51 90=153.34 95=183.42 99=241.53 99.9=747.01 99.99=1417.21] [UPDATE: Count=204240 Max=17727.49 Min=7.78 Avg=102.52 10=28.88 25=65.53 50=98.62 75=123.84 90=164.99 95=197.12 99=264.19 99.9=918.53 99.99=3358.72]
2025-04-19 12:16:45 58 sec: 422649 operations; [READ: Count=211879 Max=2650.11 Min=2.98 Avg=89.47 10=15.55 25=55.68 50=87.74 75=112.19 90=152.57 95=181.38 99=240.25 99.9=739.84 99.99=1417.21] [UPDATE: Count=210770 Max=17727.49 Min=7.78 Avg=101.85 10=28.02 25=65.44 50=97.47 75=123.52 90=164.09 95=195.33 99=262.65 99.9=909.82 99.99=3074.05]
2025-04-19 12:16:46 59 sec: 435801 operations; [READ: Count=218457 Max=2650.11 Min=2.98 Avg=88.86 10=15.00 25=55.58 50=86.21 75=111.94 90=151.81 95=179.58 99=238.85 99.9=733.70 99.99=1413.12] [UPDATE: Count=217344 Max=17727.49 Min=7.78 Avg=101.21 10=27.25 25=65.31 50=96.19 75=123.26 90=163.33 95=193.66 99=260.99 99.9=905.73 99.99=2947.07]
2025-04-19 12:16:47 60 sec: 449068 operations; [READ: Count=225194 Max=2650.11 Min=2.98 Avg=88.25 10=14.50 25=55.49 50=84.35 75=111.68 90=151.17 95=177.92 99=237.57 99.9=728.06 99.99=1383.42] [UPDATE: Count=223874 Max=17727.49 Min=7.78 Avg=100.60 10=26.69 25=65.22 50=94.72 75=122.88 90=162.56 95=191.87 99=259.71 99.9=895.49 99.99=2947.07]
2025-04-19 12:16:48 61 sec: 462239 operations; [READ: Count=231811 Max=2650.11 Min=2.98 Avg=87.71 10=14.15 25=55.39 50=82.11 75=111.49 90=150.40 95=176.25 99=236.29 99.9=723.46 99.99=1383.42] [UPDATE: Count=230428 Max=17727.49 Min=7.78 Avg=100.03 10=26.13 25=65.09 50=93.12 75=122.69 90=161.92 95=190.34 99=258.43 99.9=888.32 99.99=2887.68]
2025-04-19 12:16:49 62 sec: 475730 operations; [READ: Count=238625 Max=2650.11 Min=2.98 Avg=87.13 10=13.77 25=55.30 50=79.61 75=111.17 90=149.63 95=174.72 99=235.13 99.9=718.85 99.99=1375.23] [UPDATE: Count=237105 Max=17727.49 Min=7.78 Avg=99.44 10=25.63 25=64.96 50=91.39 75=122.43 90=161.15 95=188.80 99=257.02 99.9=880.64 99.99=2861.05]
2025-04-19 12:16:50 63 sec: 489114 operations; [READ: Count=245305 Max=2650.11 Min=2.98 Avg=86.59 10=13.41 25=55.20 50=77.38 75=111.04 90=148.99 95=173.18 99=234.24 99.9=713.22 99.99=1368.06] [UPDATE: Count=243809 Max=17727.49 Min=7.78 Avg=98.90 10=25.25 25=64.89 50=89.79 75=122.17 90=160.38 95=187.26 99=255.74 99.9=871.93 99.99=2861.05]
2025-04-19 12:16:52 64 sec: 502717 operations; [READ: Count=252090 Max=2650.11 Min=2.98 Avg=86.04 10=13.15 25=55.10 50=75.33 75=110.78 90=148.22 95=171.90 99=233.22 99.9=708.10 99.99=1368.06] [UPDATE: Count=250627 Max=17727.49 Min=7.78 Avg=98.36 10=24.89 25=64.77 50=88.38 75=121.92 90=159.74 95=185.85 99=254.21 99.9=867.33 99.99=2795.52]
2025-04-19 12:16:53 65 sec: 516285 operations; [READ: Count=258865 Max=2650.11 Min=2.98 Avg=85.55 10=12.94 25=54.98 50=73.98 75=110.53 90=147.71 95=170.62 99=232.19 99.9=698.37 99.99=1351.68] [UPDATE: Count=257420 Max=17727.49 Min=7.78 Avg=97.83 10=24.56 25=64.67 50=87.10 75=121.73 90=158.97 95=184.57 99=253.18 99.9=851.46 99.99=2783.23]
2025-04-19 12:16:54 66 sec: 530121 operations; [READ: Count=265757 Max=2650.11 Min=2.98 Avg=85.02 10=12.71 25=54.85 50=72.64 75=110.33 90=147.07 95=169.34 99=231.29 99.9=690.69 99.99=1342.46] [UPDATE: Count=264364 Max=17727.49 Min=7.78 Avg=97.29 10=24.30 25=64.51 50=85.89 75=121.47 90=158.21 95=183.17 99=252.03 99.9=845.31 99.99=2783.23]
2025-04-19 12:16:55 67 sec: 544049 operations; [READ: Count=272723 Max=2650.11 Min=2.98 Avg=84.52 10=12.51 25=54.75 50=71.68 75=110.08 90=146.30 95=168.19 99=230.40 99.9=679.93 99.99=1323.01] [UPDATE: Count=271326 Max=17727.49 Min=7.78 Avg=96.74 10=23.95 25=64.35 50=84.86 75=121.22 90=157.57 95=182.01 99=250.88 99.9=841.22 99.99=2772.99]
2025-04-19 12:16:56 68 sec: 557902 operations; [READ: Count=279695 Max=2650.11 Min=2.98 Avg=84.02 10=12.34 25=54.59 50=70.85 75=109.89 90=145.66 95=167.17 99=229.50 99.9=673.28 99.99=1323.01] [UPDATE: Count=278207 Max=17727.49 Min=7.78 Avg=96.28 10=23.68 25=64.19 50=83.97 75=120.96 90=156.80 95=180.86 99=249.85 99.9=838.14 99.99=2783.23]
2025-04-19 12:16:57 69 sec: 571678 operations; [READ: Count=286577 Max=2650.11 Min=2.92 Avg=83.58 10=12.18 25=54.49 50=70.27 75=109.69 90=145.02 95=166.40 99=228.61 99.9=667.65 99.99=1316.86] [UPDATE: Count=285101 Max=17727.49 Min=7.78 Avg=95.82 10=23.42 25=64.03 50=83.20 75=120.77 90=156.16 95=179.84 99=248.83 99.9=836.10 99.99=2861.05]
2025-04-19 12:16:58 70 sec: 585555 operations; [READ: Count=293560 Max=2650.11 Min=2.92 Avg=83.12 10=12.01 25=54.37 50=69.69 75=109.57 90=144.38 95=165.63 99=227.84 99.9=663.04 99.99=1316.86] [UPDATE: Count=291995 Max=17727.49 Min=7.78 Avg=95.40 10=23.25 25=63.90 50=82.69 75=120.58 90=155.52 95=179.07 99=247.68 99.9=827.39 99.99=2861.05]
2025-04-19 12:16:59 71 sec: 599755 operations; [READ: Count=300670 Max=2650.11 Min=2.65 Avg=82.65 10=11.82 25=54.24 50=69.12 75=109.38 90=143.62 95=164.86 99=227.20 99.9=656.89 99.99=1293.31] [UPDATE: Count=299085 Max=17727.49 Min=7.78 Avg=94.93 10=23.01 25=63.74 50=82.05 75=120.38 90=154.88 95=178.18 99=246.78 99.9=817.66 99.99=2795.52]
2025-04-19 12:17:00 72 sec: 613619 operations; [READ: Count=307596 Max=2650.11 Min=2.65 Avg=82.25 10=11.68 25=54.11 50=68.73 75=109.31 90=142.97 95=164.22 99=226.43 99.9=652.80 99.99=1274.88] [UPDATE: Count=306023 Max=17727.49 Min=7.78 Avg=94.53 10=22.83 25=63.62 50=81.60 75=120.25 90=154.24 95=177.53 99=246.14 99.9=814.08 99.99=2783.23]
2025-04-19 12:17:01 73 sec: 628708 operations; [READ: Count=315225 Max=2650.11 Min=2.65 Avg=81.69 10=11.50 25=53.82 50=68.22 75=108.99 90=142.21 95=163.46 99=225.79 99.9=652.29 99.99=1274.88] [UPDATE: Count=313483 Max=17727.49 Min=7.78 Avg=93.99 10=22.54 25=63.30 50=80.96 75=119.94 90=153.60 95=176.77 99=245.76 99.9=816.13 99.99=2795.52]
2025-04-19 12:17:02 74 sec: 644210 operations; [READ: Count=322964 Max=2650.11 Min=2.65 Avg=81.08 10=11.33 25=53.50 50=67.78 75=108.67 90=141.31 95=162.69 99=225.28 99.9=643.58 99.99=1274.88] [UPDATE: Count=321246 Max=17973.25 Min=7.78 Avg=93.44 10=22.30 25=62.91 50=80.38 75=119.55 90=152.70 95=175.87 99=245.12 99.9=816.13 99.99=2887.68]
2025-04-19 12:17:03 75 sec: 661680 operations; [READ: Count=331675 Max=6197.25 Min=2.32 Avg=80.24 10=11.10 25=52.77 50=66.88 75=108.16 90=140.16 95=161.79 99=224.77 99.9=643.58 99.99=1316.86] [UPDATE: Count=330005 Max=31670.27 Min=7.78 Avg=92.66 10=21.87 25=62.08 50=79.30 75=119.04 90=151.68 95=175.10 99=244.35 99.9=816.13 99.99=3028.99]
2025-04-19 12:17:04 76 sec: 680672 operations; [READ: Count=341042 Max=6197.25 Min=2.32 Avg=79.30 10=10.88 25=52.35 50=65.73 75=107.71 90=138.75 95=160.90 99=223.87 99.9=635.90 99.99=1305.60] [UPDATE: Count=339630 Max=31670.27 Min=7.78 Avg=91.65 10=21.55 25=61.60 50=77.82 75=118.53 90=150.53 95=174.21 99=243.33 99.9=807.42 99.99=2947.07]
2025-04-19 12:17:05 77 sec: 699323 operations; [READ: Count=350298 Max=6197.25 Min=2.32 Avg=78.43 10=10.67 25=51.97 50=64.80 75=107.33 90=137.47 95=160.25 99=223.49 99.9=626.17 99.99=1293.31] [UPDATE: Count=349025 Max=31670.27 Min=7.78 Avg=90.76 10=21.26 25=61.15 50=76.67 75=118.02 90=149.25 95=173.31 99=242.81 99.9=805.89 99.99=2887.68]
2025-04-19 12:17:06 78 sec: 718362 operations; [READ: Count=359723 Max=6197.25 Min=2.32 Avg=77.57 10=10.45 25=51.26 50=63.97 75=106.88 90=136.06 95=159.49 99=223.36 99.9=648.70 99.99=1305.60] [UPDATE: Count=358639 Max=31670.27 Min=7.78 Avg=89.87 10=20.94 25=60.38 50=75.65 75=117.50 90=148.09 95=172.67 99=242.94 99.9=817.66 99.99=2861.05]
2025-04-19 12:17:07 79 sec: 736598 operations; [READ: Count=368905 Max=6197.25 Min=2.32 Avg=76.85 10=10.28 25=50.94 50=63.33 75=106.50 90=134.78 95=158.85 99=222.85 99.9=648.70 99.99=1295.36] [UPDATE: Count=367693 Max=31670.27 Min=7.78 Avg=89.12 10=20.72 25=60.03 50=74.88 75=117.12 90=146.94 95=171.90 99=242.43 99.9=816.13 99.99=2795.52]
2025-04-19 12:17:08 80 sec: 752641 operations; [READ: Count=376945 Max=6197.25 Min=2.32 Avg=76.40 10=10.11 25=50.40 50=62.78 75=106.11 90=133.63 95=158.46 99=223.23 99.9=714.24 99.99=1557.50] [UPDATE: Count=375696 Max=31670.27 Min=7.38 Avg=88.66 10=20.45 25=59.39 50=74.17 75=116.67 90=146.05 95=171.39 99=243.33 99.9=881.15 99.99=2887.68]
2025-04-19 12:17:09 81 sec: 775403 operations; [READ: Count=388361 Max=6197.25 Min=2.32 Avg=75.29 10=9.83 25=49.09 50=62.05 75=105.60 90=131.84 95=157.57 99=222.46 99.9=708.10 99.99=1536.00] [UPDATE: Count=387042 Max=31670.27 Min=7.38 Avg=87.46 10=19.98 25=57.85 50=73.28 75=116.09 90=144.51 95=170.50 99=242.30 99.9=875.01 99.99=2861.05]
2025-04-19 12:17:10 82 sec: 798064 operations; [READ: Count=399590 Max=6197.25 Min=2.32 Avg=74.27 10=9.57 25=47.77 50=61.38 75=105.09 90=130.11 95=156.80 99=221.82 99.9=695.81 99.99=1530.88] [UPDATE: Count=398474 Max=31670.27 Min=7.38 Avg=86.32 10=19.52 25=56.26 50=72.45 75=115.45 90=143.10 95=169.60 99=241.41 99.9=866.82 99.99=2795.52]
2025-04-19 12:17:11 83 sec: 819593 operations; [READ: Count=410376 Max=6197.25 Min=2.06 Avg=73.42 10=9.34 25=46.62 50=60.80 75=104.64 90=128.51 95=156.16 99=221.57 99.9=711.17 99.99=1524.73] [UPDATE: Count=409217 Max=31670.27 Min=7.38 Avg=85.35 10=19.12 25=54.85 50=71.68 75=114.88 90=141.82 95=168.83 99=241.28 99.9=867.84 99.99=2783.23]
2025-04-19 12:17:12 84 sec: 841855 operations; [READ: Count=421375 Max=6197.25 Min=2.06 Avg=72.55 10=9.13 25=45.63 50=60.22 75=104.13 90=127.10 95=155.52 99=221.18 99.9=703.49 99.99=1513.47] [UPDATE: Count=420480 Max=31670.27 Min=7.38 Avg=84.36 10=18.72 25=53.60 50=70.97 75=114.30 90=140.41 95=168.19 99=240.64 99.9=861.18 99.99=2783.23]
2025-04-19 12:17:13 85 sec: 860579 operations; [READ: Count=430744 Max=6197.25 Min=2.06 Avg=71.99 10=8.96 25=44.90 50=59.74 75=103.74 90=126.14 95=155.13 99=221.57 99.9=726.53 99.99=1557.50] [UPDATE: Count=429835 Max=31670.27 Min=7.38 Avg=83.80 10=18.40 25=52.70 50=70.40 75=113.86 90=139.52 95=167.68 99=241.66 99.9=896.00 99.99=2783.23]
2025-04-19 12:17:14 86 sec: 883577 operations; [READ: Count=442069 Max=6197.25 Min=2.06 Avg=71.13 10=8.77 25=44.13 50=59.20 75=103.30 90=124.99 95=154.37 99=220.80 99.9=719.87 99.99=1557.50] [UPDATE: Count=441508 Max=31670.27 Min=7.38 Avg=82.83 10=18.06 25=51.84 50=69.69 75=113.34 90=138.24 95=166.91 99=240.51 99.9=884.74 99.99=2772.99]
2025-04-19 12:17:15 87 sec: 904721 operations; [READ: Count=452529 Max=6197.25 Min=2.06 Avg=70.45 10=8.65 25=43.71 50=58.78 75=102.91 90=124.03 95=153.73 99=220.03 99.9=714.24 99.99=1536.00] [UPDATE: Count=452192 Max=31670.27 Min=7.38 Avg=82.08 10=17.86 25=51.33 50=69.18 75=112.96 90=137.22 95=166.14 99=240.00 99.9=878.59 99.99=2703.36]
2025-04-19 12:17:16 88 sec: 922636 operations; [READ: Count=461384 Max=6197.25 Min=2.06 Avg=70.04 10=8.65 25=43.42 50=58.53 75=102.66 90=123.45 95=153.34 99=220.03 99.9=719.36 99.99=1536.00] [UPDATE: Count=461252 Max=31670.27 Min=7.27 Avg=81.66 10=17.76 25=51.01 50=68.86 75=112.64 90=136.57 95=165.76 99=240.13 99.9=884.22 99.99=2703.36]
2025-04-19 12:17:17 89 sec: 939381 operations; [READ: Count=469667 Max=6197.25 Min=2.06 Avg=69.75 10=8.68 25=43.20 50=58.46 75=102.46 90=123.26 95=152.96 99=219.90 99.9=719.87 99.99=1534.97] [UPDATE: Count=469714 Max=31670.27 Min=7.12 Avg=81.33 10=17.77 25=50.72 50=68.73 75=112.45 90=136.32 95=165.38 99=240.13 99.9=880.64 99.99=2658.30]
2025-04-19 12:17:18 90 sec: 956464 operations; [READ: Count=478187 Max=6197.25 Min=2.06 Avg=69.44 10=8.70 25=42.91 50=58.40 75=102.27 90=123.14 95=152.45 99=219.39 99.9=717.31 99.99=1530.88] [UPDATE: Count=478277 Max=31670.27 Min=7.12 Avg=81.00 10=17.77 25=50.43 50=68.61 75=112.25 90=136.06 95=164.99 99=239.74 99.9=876.03 99.99=2656.26]
2025-04-19 12:17:19 91 sec: 965406 operations; [READ: Count=482671 Max=6197.25 Min=2.06 Avg=69.75 10=8.73 25=42.75 50=58.37 75=102.21 90=123.20 95=152.57 99=221.18 99.9=805.38 99.99=1687.55] [UPDATE: Count=482735 Max=34111.49 Min=7.12 Avg=81.36 10=17.79 25=50.27 50=68.54 75=112.19 90=136.06 95=164.99 99=242.30 99.9=967.17 99.99=2772.99]
2025-04-19 12:17:20 92 sec: 981718 operations; [READ: Count=490873 Max=6197.25 Min=2.06 Avg=69.50 10=8.75 25=42.46 50=58.34 75=102.14 90=123.26 95=152.19 99=220.67 99.9=795.65 99.99=1684.48] [UPDATE: Count=490845 Max=34111.49 Min=7.12 Avg=81.10 10=17.81 25=49.95 50=68.48 75=112.06 90=135.94 95=164.61 99=242.05 99.9=963.58 99.99=2703.36]
2025-04-19 12:17:21 93 sec: 997393 operations; [READ: Count=498740 Max=6197.25 Min=2.01 Avg=69.33 10=8.74 25=42.11 50=58.14 75=102.02 90=123.01 95=151.94 99=221.44 99.9=818.17 99.99=1683.45] [UPDATE: Count=498653 Max=34111.49 Min=7.12 Avg=80.89 10=17.73 25=49.57 50=68.29 75=111.94 90=135.68 95=164.35 99=243.20 99.9=974.85 99.99=2703.36]
2025-04-19 12:17:22 94 sec: 1000000 operations; [READ: Count=500020 Max=6197.25 Min=2.01 Avg=69.29 10=8.74 25=42.08 50=58.14 75=102.02 90=123.01 95=151.81 99=221.31 99.9=818.17 99.99=1683.45] [UPDATE: Count=499980 Max=34111.49 Min=7.12 Avg=80.84 10=17.73 25=49.50 50=68.29 75=111.94 90=135.68 95=164.35 99=243.07 99.9=972.29 99.99=2703.36]
2025-04-19 12:17:23 95 sec: 1000000 operations; [READ: Count=500020 Max=6197.25 Min=2.01 Avg=69.29 10=8.74 25=42.08 50=58.14 75=102.02 90=123.01 95=151.81 99=221.31 99.9=818.17 99.99=1683.45] [UPDATE: Count=499980 Max=34111.49 Min=7.12 Avg=80.84 10=17.73 25=49.50 50=68.29 75=111.94 90=135.68 95=164.35 99=243.07 99.9=972.29 99.99=2703.36]
2025-04-19 12:17:24 96 sec: 1000000 operations; [READ: Count=500020 Max=6197.25 Min=2.01 Avg=69.29 10=8.74 25=42.08 50=58.14 75=102.02 90=123.01 95=151.81 99=221.31 99.9=818.17 99.99=1683.45] [UPDATE: Count=499980 Max=34111.49 Min=7.12 Avg=80.84 10=17.73 25=49.50 50=68.29 75=111.94 90=135.68 95=164.35 99=243.07 99.9=972.29 99.99=2703.36]
2025-04-19 12:17:25 97 sec: 1000000 operations; [READ: Count=500020 Max=6197.25 Min=2.01 Avg=69.29 10=8.74 25=42.08 50=58.14 75=102.02 90=123.01 95=151.81 99=221.31 99.9=818.17 99.99=1683.45] [UPDATE: Count=499980 Max=34111.49 Min=7.12 Avg=80.84 10=17.73 25=49.50 50=68.29 75=111.94 90=135.68 95=164.35 99=243.07 99.9=972.29 99.99=2703.36]
2025-04-19 12:17:25 97 sec: 1000000 operations; [READ: Count=500020 Max=6197.25 Min=2.01 Avg=69.29 10=8.74 25=42.08 50=58.14 75=102.02 90=123.01 95=151.81 99=221.31 99.9=818.17 99.99=1683.45] [UPDATE: Count=499980 Max=34111.49 Min=7.12 Avg=80.84 10=17.73 25=49.50 50=68.29 75=111.94 90=135.68 95=164.35 99=243.07 99.9=972.29 99.99=2703.36]
Run runtime(sec): 97.3094
Run operations(ops): 1000000
Run throughput(ops/sec): 10276.5
