Running scope as unit: run-rc21defba145d4c9192871238a3084f7a.scope
load file:/home/user/DataFiles/silesia_data/silesia.tar
2025-04-19 12:15:47 0 sec: 0 operations;
2025-04-19 12:15:48 1 sec: 0 operations;
2025-04-19 12:15:49 2 sec: 0 operations;
2025-04-19 12:15:50 3 sec: 0 operations;
2025-04-19 12:15:51 4 sec: 0 operations;
2025-04-19 12:15:52 5 sec: 0 operations;
2025-04-19 12:15:53 6 sec: 0 operations;
2025-04-19 12:15:54 7 sec: 0 operations;
2025-04-19 12:15:55 8 sec: 0 operations;
2025-04-19 12:15:56 9 sec: 0 operations;
2025-04-19 12:15:57 10 sec: 0 operations;
2025-04-19 12:15:58 11 sec: 0 operations;
2025-04-19 12:15:59 12 sec: 0 operations;
2025-04-19 12:16:00 13 sec: 0 operations;
2025-04-19 12:16:01 14 sec: 0 operations;
2025-04-19 12:16:02 15 sec: 0 operations;
2025-04-19 12:16:03 16 sec: 0 operations;
2025-04-19 12:16:04 17 sec: 0 operations;
2025-04-19 12:16:05 18 sec: 3894 operations; [READ: Count=1935 Max=1320.96 Min=5.05 Avg=123.68 10=51.74 25=83.90 50=103.10 75=174.46 90=210.05 95=224.51 99=255.74 99.9=283.90 99.99=1320.96] [UPDATE: Count=1959 Max=878.59 Min=14.95 Avg=135.24 10=64.38 25=93.63 50=113.79 75=186.75 90=219.39 95=233.85 99=269.82 99.9=670.72 99.99=878.59]
2025-04-19 12:16:06 19 sec: 11641 operations; [READ: Count=5773 Max=1320.96 Min=3.78 Avg=123.07 10=50.78 25=83.90 50=103.49 75=169.22 90=210.43 95=225.02 99=259.07 99.9=664.58 99.99=1058.82] [UPDATE: Count=5868 Max=878.59 Min=9.02 Avg=133.74 10=61.60 25=93.25 50=115.52 75=178.56 90=220.80 95=234.24 99=272.38 99.9=582.65 99.99=854.01]
2025-04-19 12:16:07 20 sec: 19637 operations; [READ: Count=9764 Max=1320.96 Min=3.08 Avg=121.36 10=49.53 25=82.17 50=102.46 75=162.43 90=208.00 95=223.23 99=259.71 99.9=754.17 99.99=1190.91] [UPDATE: Count=9873 Max=993.79 Min=9.02 Avg=131.91 10=59.81 25=91.39 50=113.92 75=174.21 90=218.37 95=232.19 99=273.92 99.9=688.64 99.99=878.59]
2025-04-19 12:16:08 21 sec: 27432 operations; [READ: Count=13728 Max=1320.96 Min=2.73 Avg=121.62 10=49.05 25=81.34 50=102.02 75=159.36 90=207.87 95=224.90 99=288.00 99.9=760.83 99.99=1315.84] [UPDATE: Count=13704 Max=993.79 Min=9.02 Avg=132.07 10=59.36 25=90.17 50=113.15 75=169.73 90=218.24 95=235.01 99=344.32 99.9=725.50 99.99=878.59]
2025-04-19 12:16:09 22 sec: 33929 operations; [READ: Count=16966 Max=3401.73 Min=2.73 Avg=126.62 10=49.57 25=81.98 50=102.97 75=160.00 90=210.69 95=230.53 99=511.23 99.9=897.53 99.99=1927.17] [UPDATE: Count=16963 Max=2856.96 Min=8.95 Avg=137.01 10=59.81 25=90.75 50=114.17 75=170.11 90=221.57 95=241.41 99=540.67 99.9=843.77 99.99=1382.40]
2025-04-19 12:16:10 23 sec: 41480 operations; [READ: Count=20665 Max=3401.73 Min=2.73 Avg=126.28 10=50.43 25=82.69 50=104.64 75=159.87 90=211.58 95=229.63 99=464.89 99.9=860.67 99.99=1927.17] [UPDATE: Count=20815 Max=2856.96 Min=8.95 Avg=137.13 10=60.77 25=91.58 50=115.97 75=171.90 90=223.49 95=242.18 99=490.75 99.9=839.68 99.99=1382.40]
2025-04-19 12:16:11 24 sec: 49736 operations; [READ: Count=24849 Max=3401.73 Min=2.73 Avg=124.46 10=50.08 25=82.37 50=104.32 75=157.95 90=210.18 95=227.33 99=419.33 99.9=851.46 99.99=1927.17] [UPDATE: Count=24887 Max=2856.96 Min=8.95 Avg=135.10 10=60.13 25=91.07 50=115.39 75=168.83 90=221.57 95=239.49 99=446.72 99.9=822.27 99.99=1382.40]
2025-04-19 12:16:12 25 sec: 57494 operations; [READ: Count=28685 Max=3401.73 Min=2.73 Avg=124.12 10=50.34 25=82.88 50=104.77 75=157.44 90=210.30 95=226.94 99=388.61 99.9=825.34 99.99=1320.96] [UPDATE: Count=28809 Max=2856.96 Min=8.95 Avg=134.88 10=60.41 25=91.52 50=115.65 75=168.32 90=221.69 95=239.74 99=426.75 99.9=815.62 99.99=1382.40]
2025-04-19 12:16:13 26 sec: 64872 operations; [READ: Count=32262 Max=3401.73 Min=2.73 Avg=124.54 10=50.40 25=83.14 50=105.02 75=156.67 90=210.69 95=227.97 99=413.95 99.9=830.98 99.99=1320.96] [UPDATE: Count=32610 Max=3082.24 Min=8.95 Avg=135.54 10=60.51 25=91.90 50=115.71 75=167.55 90=221.82 95=241.28 99=453.12 99.9=824.83 99.99=1613.82]
2025-04-19 12:16:14 27 sec: 71960 operations; [READ: Count=35872 Max=3401.73 Min=2.73 Avg=124.77 10=50.24 25=83.07 50=104.77 75=155.78 90=210.69 95=228.99 99=452.35 99.9=848.38 99.99=1315.84] [UPDATE: Count=36088 Max=17104.90 Min=8.95 Avg=137.29 10=60.29 25=92.03 50=115.52 75=166.40 90=221.69 95=242.05 99=495.36 99.9=878.59 99.99=3082.24]
2025-04-19 12:16:15 28 sec: 79745 operations; [READ: Count=39792 Max=3401.73 Min=2.73 Avg=124.31 10=50.21 25=83.20 50=105.09 75=155.26 90=210.30 95=228.35 99=439.04 99.9=846.85 99.99=1315.84] [UPDATE: Count=39953 Max=17104.90 Min=8.95 Avg=137.03 10=60.41 25=92.54 50=115.84 75=166.40 90=221.57 95=241.53 99=472.83 99.9=876.54 99.99=3840.00]
2025-04-19 12:16:16 29 sec: 87867 operations; [READ: Count=43788 Max=3401.73 Min=2.73 Avg=123.60 10=50.24 25=83.39 50=105.22 75=154.75 90=209.66 95=227.20 99=414.21 99.9=835.07 99.99=1315.84] [UPDATE: Count=44079 Max=17104.90 Min=8.95 Avg=136.12 10=60.22 25=92.61 50=115.97 75=166.01 90=220.80 95=240.25 99=453.38 99.9=866.82 99.99=3840.00]
2025-04-19 12:16:17 30 sec: 95913 operations; [READ: Count=47780 Max=3401.73 Min=2.73 Avg=123.08 10=50.21 25=83.65 50=105.41 75=154.50 90=209.15 95=226.81 99=387.33 99.9=822.78 99.99=1208.32] [UPDATE: Count=48133 Max=17104.90 Min=8.95 Avg=135.49 10=60.22 25=92.93 50=116.16 75=165.63 90=220.41 95=239.36 99=438.53 99.9=854.01 99.99=3117.05]
2025-04-19 12:16:18 31 sec: 104114 operations; [READ: Count=51859 Max=3401.73 Min=2.73 Avg=122.47 10=50.17 25=83.65 50=105.47 75=154.11 90=208.64 95=226.18 99=363.26 99.9=811.01 99.99=1208.32] [UPDATE: Count=52255 Max=17104.90 Min=8.95 Avg=134.76 10=60.00 25=92.93 50=116.16 75=165.12 90=219.65 95=238.59 99=421.12 99.9=843.77 99.99=3117.05]
2025-04-19 12:16:19 32 sec: 111709 operations; [READ: Count=55740 Max=3401.73 Min=2.73 Avg=122.70 10=50.11 25=83.71 50=105.53 75=153.73 90=208.25 95=226.30 99=392.96 99.9=846.85 99.99=1264.64] [UPDATE: Count=55969 Max=17104.90 Min=8.95 Avg=134.81 10=59.77 25=92.93 50=116.42 75=164.86 90=219.26 95=238.59 99=433.92 99.9=872.96 99.99=3117.05]
2025-04-19 12:16:20 33 sec: 119357 operations; [READ: Count=59575 Max=3401.73 Min=2.73 Avg=122.68 10=49.82 25=83.14 50=105.34 75=152.96 90=207.62 95=226.18 99=422.14 99.9=914.43 99.99=1372.16] [UPDATE: Count=59782 Max=17104.90 Min=8.14 Avg=134.95 10=59.36 25=92.29 50=116.29 75=164.22 90=218.62 95=238.46 99=453.12 99.9=942.59 99.99=3840.00]
2025-04-19 12:16:21 34 sec: 127693 operations; [READ: Count=63720 Max=3401.73 Min=2.73 Avg=122.07 10=49.73 25=83.07 50=105.34 75=152.70 90=206.85 95=225.41 99=403.45 99.9=911.36 99.99=1372.16] [UPDATE: Count=63973 Max=17104.90 Min=8.14 Avg=134.26 10=59.30 25=92.29 50=116.35 75=163.71 90=217.98 95=237.44 99=440.06 99.9=933.38 99.99=3840.00]
2025-04-19 12:16:22 35 sec: 136016 operations; [READ: Count=67842 Max=3401.73 Min=2.73 Avg=121.39 10=49.57 25=82.81 50=105.34 75=152.19 90=206.21 95=224.77 99=378.11 99.9=897.53 99.99=1320.96] [UPDATE: Count=68174 Max=17104.90 Min=8.14 Avg=133.82 10=59.23 25=92.42 50=116.48 75=163.46 90=217.34 95=236.93 99=429.82 99.9=932.86 99.99=3573.76]
2025-04-19 12:16:23 36 sec: 144211 operations; [READ: Count=71902 Max=3401.73 Min=2.73 Avg=120.99 10=49.47 25=82.75 50=105.41 75=152.06 90=205.44 95=224.25 99=366.08 99.9=892.93 99.99=1320.96] [UPDATE: Count=72309 Max=17104.90 Min=8.14 Avg=133.44 10=59.01 25=92.22 50=116.54 75=163.20 90=216.83 95=236.54 99=425.21 99.9=935.42 99.99=3573.76]
2025-04-19 12:16:24 37 sec: 151904 operations; [READ: Count=75717 Max=3401.73 Min=2.73 Avg=120.82 10=49.28 25=82.56 50=105.41 75=151.81 90=204.93 95=223.87 99=378.11 99.9=915.46 99.99=1388.54] [UPDATE: Count=76187 Max=17104.90 Min=8.14 Avg=133.77 10=58.81 25=92.03 50=116.54 75=163.07 90=216.19 95=236.16 99=436.74 99.9=1073.15 99.99=3573.76]
2025-04-19 12:16:25 38 sec: 159912 operations; [READ: Count=79712 Max=3401.73 Min=2.73 Avg=120.69 10=49.05 25=82.37 50=105.41 75=151.55 90=204.16 95=223.49 99=383.74 99.9=947.71 99.99=1446.91] [UPDATE: Count=80200 Max=17104.90 Min=8.14 Avg=133.55 10=58.69 25=91.90 50=116.61 75=162.69 90=215.42 95=235.65 99=436.22 99.9=1144.83 99.99=3573.76]
2025-04-19 12:16:26 39 sec: 171393 operations; [READ: Count=85408 Max=3401.73 Min=2.73 Avg=117.98 10=48.77 25=73.53 50=104.19 75=149.89 90=201.73 95=221.69 99=350.21 99.9=931.84 99.99=1396.73] [UPDATE: Count=85985 Max=17104.90 Min=8.14 Avg=130.75 10=58.11 25=85.38 50=115.07 75=160.77 90=212.99 95=233.85 99=418.56 99.9=1128.45 99.99=3117.05]
2025-04-19 12:16:27 40 sec: 183082 operations; [READ: Count=91280 Max=3401.73 Min=2.73 Avg=115.33 10=48.38 25=65.06 50=102.97 75=148.09 90=199.29 95=220.41 99=324.35 99.9=918.53 99.99=1396.73] [UPDATE: Count=91802 Max=17104.90 Min=8.14 Avg=128.31 10=57.66 25=78.02 50=113.73 75=158.85 90=210.69 95=232.57 99=409.60 99.9=1144.83 99.99=3573.76]
2025-04-19 12:16:28 41 sec: 196845 operations; [READ: Count=98042 Max=3401.73 Min=2.73 Avg=111.94 10=46.14 25=61.18 50=101.06 75=145.79 90=195.84 95=218.75 99=304.38 99.9=911.36 99.99=1388.54] [UPDATE: Count=98803 Max=17104.90 Min=7.61 Avg=124.70 10=54.85 25=72.70 50=111.49 75=156.29 90=207.23 95=230.66 99=394.75 99.9=1127.42 99.99=3573.76]
2025-04-19 12:16:29 42 sec: 209653 operations; [READ: Count=104421 Max=3401.73 Min=2.73 Avg=109.56 10=45.22 25=59.13 50=99.65 75=143.62 90=192.64 95=217.34 99=301.06 99.9=918.53 99.99=1448.96] [UPDATE: Count=105232 Max=17104.90 Min=7.61 Avg=122.04 10=53.50 25=70.08 50=109.82 75=153.73 90=203.78 95=229.38 99=383.23 99.9=1131.52 99.99=3117.05]
2025-04-19 12:16:30 43 sec: 222213 operations; [READ: Count=110741 Max=3401.73 Min=2.73 Avg=107.44 10=44.67 25=57.57 50=98.37 75=141.31 90=189.44 95=215.94 99=295.42 99.9=933.89 99.99=1481.73] [UPDATE: Count=111472 Max=17104.90 Min=7.61 Avg=119.98 10=52.80 25=68.16 50=108.42 75=151.55 90=200.83 95=227.97 99=377.09 99.9=1164.29 99.99=3573.76]
2025-04-19 12:16:31 44 sec: 234668 operations; [READ: Count=117007 Max=3401.73 Min=2.73 Avg=105.64 10=44.41 25=57.02 50=97.73 75=139.01 90=186.11 95=214.40 99=286.98 99.9=928.25 99.99=1474.56] [UPDATE: Count=117661 Max=17104.90 Min=7.61 Avg=118.12 10=52.58 25=67.33 50=107.71 75=149.25 90=197.76 95=226.56 99=358.65 99.9=1134.59 99.99=3117.05]
2025-04-19 12:16:32 45 sec: 247157 operations; [READ: Count=123213 Max=3401.73 Min=2.73 Avg=104.03 10=44.19 25=56.58 50=97.15 75=136.32 90=182.91 95=213.12 99=281.09 99.9=915.46 99.99=1474.56] [UPDATE: Count=123944 Max=17104.90 Min=7.61 Avg=116.40 10=52.32 25=66.81 50=107.01 75=146.56 90=194.69 95=225.15 99=341.50 99.9=1119.23 99.99=3117.05]
2025-04-19 12:16:33 46 sec: 259842 operations; [READ: Count=129540 Max=3401.73 Min=2.73 Avg=102.47 10=43.87 25=56.19 50=96.51 75=132.86 90=179.58 95=211.84 99=276.48 99.9=908.80 99.99=1458.17] [UPDATE: Count=130302 Max=17104.90 Min=7.61 Avg=114.79 10=51.97 25=66.24 50=106.24 75=143.36 90=191.49 95=223.74 99=326.91 99.9=1093.63 99.99=3117.05]
2025-04-19 12:16:34 47 sec: 272476 operations; [READ: Count=135860 Max=3401.73 Min=2.73 Avg=101.13 10=43.45 25=55.87 50=96.00 75=128.32 90=176.38 95=210.56 99=273.66 99.9=908.80 99.99=1474.56] [UPDATE: Count=136616 Max=17104.90 Min=7.61 Avg=113.30 10=51.49 25=65.73 50=105.53 75=139.52 90=188.54 95=222.59 99=317.69 99.9=1090.56 99.99=3082.24]
2025-04-19 12:16:35 48 sec: 284849 operations; [READ: Count=142156 Max=3401.73 Min=2.73 Avg=99.97 10=42.88 25=55.55 50=95.36 75=124.03 90=173.57 95=209.41 99=271.36 99.9=920.06 99.99=1585.15] [UPDATE: Count=142693 Max=17104.90 Min=7.61 Avg=112.09 10=50.88 25=65.41 50=104.89 75=135.81 90=185.73 95=221.44 99=310.53 99.9=1100.80 99.99=3117.05]
2025-04-19 12:16:36 49 sec: 297726 operations; [READ: Count=148516 Max=3401.73 Min=2.73 Avg=98.72 10=42.17 25=55.30 50=94.59 75=120.64 90=171.01 95=208.13 99=267.77 99.9=917.50 99.99=1585.15] [UPDATE: Count=149210 Max=17104.90 Min=7.61 Avg=110.79 10=49.98 25=65.06 50=104.13 75=132.48 90=183.17 95=220.03 99=302.33 99.9=1100.80 99.99=3117.05]
2025-04-19 12:16:37 50 sec: 310342 operations; [READ: Count=154798 Max=4255.74 Min=2.73 Avg=97.66 10=41.31 25=55.20 50=94.02 75=118.46 90=168.32 95=206.72 99=265.47 99.9=911.36 99.99=1601.54] [UPDATE: Count=155544 Max=17104.90 Min=7.61 Avg=109.69 10=49.18 25=64.89 50=103.55 75=130.30 90=180.86 95=218.75 99=296.96 99.9=1082.37 99.99=3082.24]
2025-04-19 12:16:38 51 sec: 323484 operations; [READ: Count=161406 Max=4255.74 Min=2.73 Avg=96.51 10=40.00 25=55.04 50=93.38 75=116.61 90=166.01 95=205.44 99=263.42 99.9=899.58 99.99=1585.15] [UPDATE: Count=162078 Max=17104.90 Min=7.61 Avg=108.51 10=47.81 25=64.70 50=102.85 75=128.51 90=178.69 95=217.47 99=291.58 99.9=1064.96 99.99=3082.24]
2025-04-19 12:16:39 52 sec: 336433 operations; [READ: Count=167886 Max=4255.74 Min=2.73 Avg=95.50 10=37.73 25=54.91 50=92.80 75=115.33 90=164.09 95=204.03 99=261.38 99.9=892.93 99.99=1529.86] [UPDATE: Count=168547 Max=17104.90 Min=7.61 Avg=107.50 10=45.50 25=64.54 50=102.21 75=127.30 90=176.64 95=216.19 99=288.51 99.9=1059.84 99.99=3008.51]
2025-04-19 12:16:40 53 sec: 349171 operations; [READ: Count=174154 Max=4255.74 Min=2.73 Avg=94.63 10=24.09 25=54.81 50=92.16 75=114.43 90=162.30 95=202.75 99=259.71 99.9=895.49 99.99=1585.15] [UPDATE: Count=175017 Max=17104.90 Min=7.61 Avg=106.60 10=37.82 25=64.38 50=101.44 75=126.27 90=174.85 95=214.78 99=284.93 99.9=1062.91 99.99=3082.24]
2025-04-19 12:16:41 54 sec: 362332 operations; [READ: Count=180703 Max=4255.74 Min=2.73 Avg=93.69 10=19.50 25=54.69 50=91.39 75=113.66 90=160.64 95=201.34 99=257.92 99.9=884.22 99.99=1557.50] [UPDATE: Count=181629 Max=17104.90 Min=7.61 Avg=105.67 10=32.43 25=64.22 50=100.73 75=125.38 90=173.31 95=213.25 99=282.37 99.9=1039.87 99.99=3117.05]
2025-04-19 12:16:42 55 sec: 375401 operations; [READ: Count=187181 Max=4255.74 Min=2.73 Avg=92.85 10=17.50 25=54.62 50=90.62 75=113.09 90=159.36 95=199.81 99=256.38 99.9=878.08 99.99=1529.86] [UPDATE: Count=188220 Max=17104.90 Min=7.61 Avg=104.82 10=29.76 25=64.13 50=100.03 75=124.73 90=171.90 95=211.84 99=279.81 99.9=1009.66 99.99=3082.24]
2025-04-19 12:16:43 56 sec: 388901 operations; [READ: Count=193915 Max=4255.74 Min=2.73 Avg=91.98 10=15.86 25=54.46 50=89.79 75=112.45 90=158.08 95=198.14 99=254.59 99.9=860.67 99.99=1529.86] [UPDATE: Count=194986 Max=17104.90 Min=7.61 Avg=103.89 10=28.02 25=63.94 50=99.20 75=124.03 90=170.37 95=210.30 99=277.25 99.9=989.18 99.99=3082.24]
2025-04-19 12:16:44 57 sec: 402259 operations; [READ: Count=200589 Max=4255.74 Min=2.73 Avg=91.19 10=14.79 25=54.37 50=88.89 75=112.00 90=156.93 95=196.61 99=253.31 99.9=856.06 99.99=1504.26] [UPDATE: Count=201670 Max=17104.90 Min=7.61 Avg=103.08 10=26.98 25=63.84 50=98.30 75=123.45 90=168.96 95=208.51 99=275.20 99.9=976.89 99.99=3008.51]
2025-04-19 12:16:45 58 sec: 415599 operations; [READ: Count=207281 Max=4255.74 Min=2.73 Avg=90.44 10=14.01 25=54.27 50=87.81 75=111.55 90=155.78 95=194.94 99=251.65 99.9=854.53 99.99=1504.26] [UPDATE: Count=208318 Max=17104.90 Min=7.61 Avg=102.34 10=26.05 25=63.71 50=97.28 75=122.94 90=167.81 95=206.97 99=273.66 99.9=968.70 99.99=3008.51]
2025-04-19 12:16:46 59 sec: 429250 operations; [READ: Count=214207 Max=4255.74 Min=2.73 Avg=89.67 10=13.35 25=54.14 50=86.59 75=111.17 90=154.75 95=193.02 99=250.24 99.9=848.38 99.99=1504.26] [UPDATE: Count=215043 Max=17104.90 Min=7.61 Avg=101.58 10=25.20 25=63.58 50=96.19 75=122.50 90=166.78 95=205.18 99=271.87 99.9=951.81 99.99=2867.20]
2025-04-19 12:16:47 60 sec: 442953 operations; [READ: Count=221085 Max=4255.74 Min=2.73 Avg=88.93 10=12.78 25=54.02 50=85.25 75=110.78 90=153.73 95=191.10 99=248.57 99.9=842.75 99.99=1483.78] [UPDATE: Count=221868 Max=17104.90 Min=7.61 Avg=100.85 10=24.61 25=63.45 50=95.04 75=122.05 90=165.76 95=203.39 99=270.33 99.9=945.66 99.99=2867.20]
2025-04-19 12:16:48 61 sec: 456601 operations; [READ: Count=227893 Max=4255.74 Min=2.73 Avg=88.28 10=12.40 25=53.95 50=83.65 75=110.46 90=152.96 95=189.31 99=247.17 99.9=827.39 99.99=1481.73] [UPDATE: Count=228708 Max=17104.90 Min=7.61 Avg=100.15 10=24.11 25=63.33 50=93.69 75=121.66 90=164.74 95=201.85 99=268.03 99.9=939.01 99.99=2856.96]
2025-04-19 12:16:49 62 sec: 470487 operations; [READ: Count=234826 Max=4255.74 Min=2.73 Avg=87.60 10=12.03 25=53.82 50=81.53 75=110.08 90=152.06 95=187.52 99=245.63 99.9=817.66 99.99=1481.73] [UPDATE: Count=235661 Max=17104.90 Min=7.61 Avg=99.46 10=23.66 25=63.17 50=92.22 75=121.28 90=163.84 95=200.06 99=266.50 99.9=928.25 99.99=2828.29]
2025-04-19 12:16:50 63 sec: 484267 operations; [READ: Count=241658 Max=4255.74 Min=2.73 Avg=86.99 10=11.73 25=53.73 50=79.04 75=109.82 90=151.29 95=185.73 99=244.48 99.9=813.57 99.99=1474.56] [UPDATE: Count=242609 Max=17104.90 Min=7.61 Avg=98.81 10=23.28 25=63.04 50=90.50 75=120.96 90=162.94 95=198.40 99=265.21 99.9=924.16 99.99=2828.29]
2025-04-19 12:16:51 64 sec: 498260 operations; [READ: Count=248620 Max=4255.74 Min=2.73 Avg=86.37 10=11.48 25=53.63 50=76.16 75=109.57 90=150.53 95=184.06 99=243.20 99.9=810.50 99.99=1458.17] [UPDATE: Count=249640 Max=17104.90 Min=7.61 Avg=98.16 10=22.89 25=62.88 50=88.83 75=120.64 90=162.05 95=196.74 99=263.68 99.9=910.85 99.99=2826.24]
2025-04-19 12:16:53 65 sec: 512314 operations; [READ: Count=255634 Max=4255.74 Min=2.73 Avg=85.77 10=11.27 25=53.50 50=73.60 75=109.31 90=149.89 95=182.27 99=241.92 99.9=799.74 99.99=1449.98] [UPDATE: Count=256680 Max=17104.90 Min=7.61 Avg=97.54 10=22.54 25=62.78 50=87.17 75=120.32 90=161.28 95=195.07 99=262.14 99.9=899.58 99.99=2813.95]
2025-04-19 12:16:54 66 sec: 526424 operations; [READ: Count=262621 Max=4255.74 Min=2.73 Avg=85.18 10=11.07 25=53.38 50=71.61 75=109.06 90=149.12 95=180.48 99=240.51 99.9=792.58 99.99=1449.98] [UPDATE: Count=263803 Max=17104.90 Min=7.61 Avg=96.97 10=22.27 25=62.66 50=85.69 75=120.06 90=160.38 95=193.41 99=261.12 99.9=890.88 99.99=2813.95]
2025-04-19 12:16:55 67 sec: 540795 operations; [READ: Count=269862 Max=4255.74 Min=2.73 Avg=84.58 10=10.86 25=53.25 50=70.21 75=108.73 90=148.35 95=178.69 99=239.36 99.9=786.94 99.99=1448.96] [UPDATE: Count=270933 Max=17104.90 Min=7.61 Avg=96.37 10=22.00 25=62.49 50=84.29 75=119.74 90=159.62 95=191.62 99=259.84 99.9=878.59 99.99=2793.47]
2025-04-19 12:16:56 68 sec: 555049 operations; [READ: Count=276970 Max=4255.74 Min=2.73 Avg=84.03 10=10.67 25=53.12 50=69.18 75=108.54 90=147.71 95=176.90 99=238.21 99.9=776.70 99.99=1448.96] [UPDATE: Count=278079 Max=17104.90 Min=7.61 Avg=95.82 10=21.76 25=62.34 50=82.94 75=119.49 90=158.97 95=190.08 99=258.43 99.9=876.54 99.99=2813.95]
2025-04-19 12:16:57 69 sec: 569175 operations; [READ: Count=284006 Max=4255.74 Min=2.73 Avg=83.50 10=10.52 25=52.99 50=68.35 75=108.35 90=146.94 95=175.23 99=237.06 99.9=768.00 99.99=1448.96] [UPDATE: Count=285169 Max=17104.90 Min=7.61 Avg=95.35 10=21.54 25=62.21 50=81.92 75=119.23 90=158.21 95=188.54 99=257.28 99.9=875.52 99.99=2828.29]
2025-04-19 12:16:58 70 sec: 583401 operations; [READ: Count=291142 Max=4255.74 Min=2.73 Avg=83.00 10=10.39 25=52.90 50=67.71 75=108.16 90=146.30 95=173.69 99=236.03 99.9=762.88 99.99=1446.91] [UPDATE: Count=292259 Max=17104.90 Min=7.61 Avg=94.86 10=21.34 25=62.08 50=81.22 75=119.04 90=157.57 95=187.13 99=256.25 99.9=866.82 99.99=2828.29]
2025-04-19 12:16:59 71 sec: 597878 operations; [READ: Count=298457 Max=4255.74 Min=2.73 Avg=82.50 10=10.25 25=52.77 50=67.20 75=107.97 90=145.66 95=172.16 99=234.75 99.9=755.20 99.99=1421.31] [UPDATE: Count=299421 Max=17104.90 Min=7.61 Avg=94.36 10=21.10 25=61.95 50=80.45 75=118.85 90=156.80 95=185.60 99=255.23 99.9=858.11 99.99=2826.24]
2025-04-19 12:17:00 72 sec: 611997 operations; [READ: Count=305407 Max=4255.74 Min=2.73 Avg=82.08 10=10.15 25=52.67 50=66.81 75=107.90 90=145.02 95=170.88 99=233.85 99.9=748.54 99.99=1417.21] [UPDATE: Count=306590 Max=17104.90 Min=7.61 Avg=93.91 10=20.94 25=61.82 50=79.87 75=118.78 90=156.16 95=184.32 99=254.46 99.9=844.80 99.99=2813.95]
2025-04-19 12:17:01 73 sec: 626318 operations; [READ: Count=312598 Max=4255.74 Min=2.73 Avg=81.63 10=10.05 25=52.58 50=66.37 75=107.71 90=144.38 95=169.47 99=232.96 99.9=746.50 99.99=1417.21] [UPDATE: Count=313720 Max=17104.90 Min=7.61 Avg=93.48 10=20.77 25=61.66 50=79.23 75=118.59 90=155.52 95=183.17 99=253.57 99.9=852.48 99.99=2813.95]
2025-04-19 12:17:02 74 sec: 639931 operations; [READ: Count=319451 Max=4255.74 Min=2.73 Avg=81.25 10=9.97 25=52.45 50=66.11 75=107.65 90=143.74 95=168.45 99=232.19 99.9=743.93 99.99=1446.91] [UPDATE: Count=320480 Max=17874.94 Min=7.61 Avg=93.21 10=20.66 25=61.53 50=78.85 75=118.46 90=154.88 95=182.27 99=253.18 99.9=854.53 99.99=2828.29]
2025-04-19 12:17:03 75 sec: 653602 operations; [READ: Count=326294 Max=4255.74 Min=2.73 Avg=80.86 10=9.88 25=52.35 50=65.79 75=107.52 90=143.10 95=167.42 99=231.68 99.9=743.93 99.99=1449.98] [UPDATE: Count=327308 Max=26279.94 Min=7.61 Avg=92.98 10=20.53 25=61.41 50=78.46 75=118.33 90=154.37 95=181.38 99=252.41 99.9=856.06 99.99=2856.96]
2025-04-19 12:17:04 76 sec: 668255 operations; [READ: Count=333570 Max=4255.74 Min=2.73 Avg=80.43 10=9.78 25=52.22 50=65.44 75=107.39 90=142.46 95=166.40 99=230.91 99.9=735.23 99.99=1449.98] [UPDATE: Count=334685 Max=26279.94 Min=7.61 Avg=92.54 10=20.38 25=61.28 50=78.02 75=118.21 90=153.60 95=180.35 99=251.65 99.9=844.29 99.99=2856.96]
2025-04-19 12:17:05 77 sec: 683037 operations; [READ: Count=340966 Max=4255.74 Min=2.73 Avg=79.99 10=9.70 25=52.06 50=65.15 75=107.26 90=141.69 95=165.25 99=230.14 99.9=729.60 99.99=1448.96] [UPDATE: Count=342071 Max=26279.94 Min=7.61 Avg=92.12 10=20.24 25=61.12 50=77.63 75=118.02 90=153.09 95=179.33 99=251.01 99.9=844.80 99.99=2828.29]
2025-04-19 12:17:06 78 sec: 699759 operations; [READ: Count=349249 Max=4255.74 Min=2.73 Avg=79.35 10=9.57 25=51.84 50=64.48 75=106.94 90=140.80 95=164.35 99=229.76 99.9=736.77 99.99=1446.91] [UPDATE: Count=350510 Max=26279.94 Min=7.61 Avg=91.45 10=20.02 25=60.90 50=76.67 75=117.69 90=152.19 95=178.30 99=250.37 99.9=852.48 99.99=2828.29]
2025-04-19 12:17:07 79 sec: 718346 operations; [READ: Count=358472 Max=4255.74 Min=2.73 Avg=78.54 10=9.43 25=51.58 50=63.71 75=106.56 90=139.65 95=163.33 99=229.12 99.9=736.77 99.99=1448.96] [UPDATE: Count=359874 Max=26279.94 Min=7.61 Avg=90.57 10=19.76 25=60.54 50=75.58 75=117.25 90=151.17 95=177.15 99=249.34 99.9=843.77 99.99=2826.24]
2025-04-19 12:17:08 80 sec: 734113 operations; [READ: Count=366322 Max=4255.74 Min=2.73 Avg=78.07 10=9.31 25=51.33 50=63.10 75=106.24 90=138.75 95=162.69 99=229.38 99.9=786.94 99.99=1530.88] [UPDATE: Count=367791 Max=26279.94 Min=7.61 Avg=90.09 10=19.55 25=60.26 50=74.75 75=116.86 90=150.40 95=176.38 99=249.85 99.9=910.85 99.99=2828.29]
2025-04-19 12:17:09 81 sec: 755332 operations; [READ: Count=376903 Max=4255.74 Min=2.57 Avg=77.06 10=9.11 25=50.75 50=62.34 75=105.73 90=137.09 95=161.41 99=228.48 99.9=775.17 99.99=1529.86] [UPDATE: Count=378429 Max=26279.94 Min=7.61 Avg=88.98 10=19.23 25=59.52 50=73.73 75=116.35 90=148.99 95=175.23 99=248.57 99.9=896.51 99.99=2826.24]
2025-04-19 12:17:10 82 sec: 778584 operations; [READ: Count=388523 Max=4255.74 Min=2.24 Avg=75.89 10=8.89 25=49.66 50=61.53 75=105.22 90=135.17 95=160.38 99=227.58 99.9=762.88 99.99=1525.76] [UPDATE: Count=390061 Max=26279.94 Min=7.61 Avg=87.72 10=18.82 25=58.34 50=72.70 75=115.71 90=147.46 95=174.08 99=247.29 99.9=879.10 99.99=2813.95]
2025-04-19 12:17:11 83 sec: 802963 operations; [READ: Count=400675 Max=4255.74 Min=2.24 Avg=74.69 10=8.65 25=48.16 50=60.77 75=104.64 90=133.12 95=159.49 99=226.94 99.9=762.88 99.99=1524.73] [UPDATE: Count=402288 Max=26279.94 Min=7.58 Avg=86.40 10=18.37 25=56.61 50=71.68 75=115.01 90=145.66 95=172.80 99=246.53 99.9=875.52 99.99=2793.47]
2025-04-19 12:17:12 84 sec: 828489 operations; [READ: Count=413579 Max=4255.74 Min=2.24 Avg=73.43 10=8.40 25=46.66 50=60.00 75=104.00 90=130.56 95=158.34 99=226.30 99.9=754.17 99.99=1505.28] [UPDATE: Count=414910 Max=26279.94 Min=7.58 Avg=85.07 10=17.92 25=54.75 50=70.78 75=114.37 90=143.87 95=171.65 99=245.25 99.9=859.13 99.99=2762.75]
2025-04-19 12:17:13 85 sec: 852748 operations; [READ: Count=425767 Max=4255.74 Min=2.24 Avg=72.39 10=8.18 25=45.44 50=59.33 75=103.42 90=128.45 95=157.44 99=226.05 99.9=767.49 99.99=1515.52] [UPDATE: Count=426981 Max=26279.94 Min=7.58 Avg=83.90 10=17.50 25=53.22 50=69.89 75=113.66 90=142.21 95=170.62 99=244.86 99.9=860.67 99.99=2711.55]
2025-04-19 12:17:14 86 sec: 879416 operations; [READ: Count=439133 Max=4255.74 Min=2.24 Avg=71.19 10=7.96 25=44.38 50=58.62 75=102.78 90=126.40 95=156.41 99=225.15 99.9=758.27 99.99=1505.28] [UPDATE: Count=440283 Max=26279.94 Min=7.58 Avg=82.60 10=17.10 25=51.90 50=69.06 75=112.96 90=140.16 95=169.47 99=243.46 99.9=851.97 99.99=2707.45]
2025-04-19 12:17:15 87 sec: 905835 operations; [READ: Count=452349 Max=4255.74 Min=2.24 Avg=70.07 10=7.79 25=43.55 50=57.95 75=102.08 90=124.54 95=155.52 99=224.25 99.9=748.54 99.99=1504.26] [UPDATE: Count=453486 Max=26279.94 Min=6.98 Avg=81.40 10=16.80 25=50.98 50=68.22 75=112.19 90=138.37 95=168.32 99=242.18 99.9=841.73 99.99=2693.12]
2025-04-19 12:17:16 88 sec: 929361 operations; [READ: Count=464148 Max=4255.74 Min=2.22 Avg=69.25 10=7.78 25=43.10 50=57.47 75=101.44 90=123.33 95=154.75 99=223.62 99.9=747.01 99.99=1505.28] [UPDATE: Count=465213 Max=26279.94 Min=6.98 Avg=80.50 10=16.67 25=50.46 50=67.58 75=111.55 90=136.96 95=167.55 99=241.41 99.9=833.02 99.99=2637.82]
2025-04-19 12:17:17 89 sec: 950723 operations; [READ: Count=474908 Max=4255.74 Min=2.22 Avg=68.61 10=7.82 25=42.78 50=57.31 75=100.86 90=122.30 95=154.11 99=222.85 99.9=742.91 99.99=1504.26] [UPDATE: Count=475815 Max=26279.94 Min=6.98 Avg=79.84 10=16.67 25=50.11 50=67.33 75=110.91 90=135.81 95=166.78 99=240.38 99.9=827.39 99.99=2631.68]
2025-04-19 12:17:18 90 sec: 972109 operations; [READ: Count=485660 Max=4255.74 Min=2.22 Avg=68.00 10=7.85 25=42.43 50=57.15 75=100.29 90=121.47 95=153.34 99=222.21 99.9=736.77 99.99=1483.78] [UPDATE: Count=486449 Max=26279.94 Min=6.98 Avg=79.20 10=16.69 25=49.73 50=67.07 75=110.27 90=134.91 95=166.01 99=239.49 99.9=823.81 99.99=2615.30]
2025-04-19 12:17:19 91 sec: 991093 operations; [READ: Count=495328 Max=4255.74 Min=2.22 Avg=67.61 10=7.87 25=42.05 50=57.02 75=99.71 90=120.77 95=152.96 99=221.95 99.9=758.27 99.99=1604.61] [UPDATE: Count=495765 Max=26279.94 Min=6.98 Avg=78.76 10=16.67 25=49.34 50=66.88 75=109.69 90=134.01 95=165.50 99=239.10 99.9=836.61 99.99=2615.30]
2025-04-19 12:17:20 92 sec: 1000000 operations; [READ: Count=499706 Max=4255.74 Min=2.22 Avg=67.37 10=7.88 25=41.82 50=56.96 75=99.45 90=120.51 95=152.57 99=221.82 99.9=754.69 99.99=1604.61] [UPDATE: Count=500294 Max=26279.94 Min=6.98 Avg=78.48 10=16.67 25=49.12 50=66.81 75=109.44 90=133.63 95=165.25 99=238.72 99.9=832.51 99.99=2615.30]
2025-04-19 12:17:21 93 sec: 1000000 operations; [READ: Count=499706 Max=4255.74 Min=2.22 Avg=67.37 10=7.88 25=41.82 50=56.96 75=99.45 90=120.51 95=152.57 99=221.82 99.9=754.69 99.99=1604.61] [UPDATE: Count=500294 Max=26279.94 Min=6.98 Avg=78.48 10=16.67 25=49.12 50=66.81 75=109.44 90=133.63 95=165.25 99=238.72 99.9=832.51 99.99=2615.30]
2025-04-19 12:17:22 94 sec: 1000000 operations; [READ: Count=499706 Max=4255.74 Min=2.22 Avg=67.37 10=7.88 25=41.82 50=56.96 75=99.45 90=120.51 95=152.57 99=221.82 99.9=754.69 99.99=1604.61] [UPDATE: Count=500294 Max=26279.94 Min=6.98 Avg=78.48 10=16.67 25=49.12 50=66.81 75=109.44 90=133.63 95=165.25 99=238.72 99.9=832.51 99.99=2615.30]
2025-04-19 12:17:23 95 sec: 1000000 operations; [READ: Count=499706 Max=4255.74 Min=2.22 Avg=67.37 10=7.88 25=41.82 50=56.96 75=99.45 90=120.51 95=152.57 99=221.82 99.9=754.69 99.99=1604.61] [UPDATE: Count=500294 Max=26279.94 Min=6.98 Avg=78.48 10=16.67 25=49.12 50=66.81 75=109.44 90=133.63 95=165.25 99=238.72 99.9=832.51 99.99=2615.30]
2025-04-19 12:17:24 96 sec: 1000000 operations; [READ: Count=499706 Max=4255.74 Min=2.22 Avg=67.37 10=7.88 25=41.82 50=56.96 75=99.45 90=120.51 95=152.57 99=221.82 99.9=754.69 99.99=1604.61] [UPDATE: Count=500294 Max=26279.94 Min=6.98 Avg=78.48 10=16.67 25=49.12 50=66.81 75=109.44 90=133.63 95=165.25 99=238.72 99.9=832.51 99.99=2615.30]
2025-04-19 12:17:24 96 sec: 1000000 operations; [READ: Count=499706 Max=4255.74 Min=2.22 Avg=67.37 10=7.88 25=41.82 50=56.96 75=99.45 90=120.51 95=152.57 99=221.82 99.9=754.69 99.99=1604.61] [UPDATE: Count=500294 Max=26279.94 Min=6.98 Avg=78.48 10=16.67 25=49.12 50=66.81 75=109.44 90=133.63 95=165.25 99=238.72 99.9=832.51 99.99=2615.30]
Run runtime(sec): 96.9145
Run operations(ops): 1000000
Run throughput(ops/sec): 10318.4
