Running scope as unit: run-r7bddc24b3ae947b99b0c5866b31c5293.scope
load file:/home/user/DataFiles/silesia_data/silesia.tar
2025-04-23 03:12:37 0 sec: 0 operations;
2025-04-23 03:12:38 1 sec: 0 operations;
2025-04-23 03:12:39 2 sec: 0 operations;
2025-04-23 03:12:40 3 sec: 0 operations;
2025-04-23 03:12:41 4 sec: 0 operations;
2025-04-23 03:12:42 5 sec: 0 operations;
2025-04-23 03:12:43 6 sec: 0 operations;
2025-04-23 03:12:44 7 sec: 0 operations;
2025-04-23 03:12:45 8 sec: 0 operations;
2025-04-23 03:12:46 9 sec: 0 operations;
2025-04-23 03:12:47 10 sec: 0 operations;
2025-04-23 03:12:48 11 sec: 0 operations;
2025-04-23 03:12:49 12 sec: 0 operations;
2025-04-23 03:12:50 13 sec: 0 operations;
2025-04-23 03:12:51 14 sec: 0 operations;
2025-04-23 03:12:52 15 sec: 0 operations;
2025-04-23 03:12:53 16 sec: 0 operations;
2025-04-23 03:12:54 17 sec: 0 operations;
2025-04-23 03:12:55 18 sec: 0 operations;
2025-04-23 03:12:56 19 sec: 0 operations;
2025-04-23 03:12:57 20 sec: 0 operations;
2025-04-23 03:12:58 21 sec: 8497 operations; [READ: Count=4274 Max=3100.67 Min=2.87 Avg=66.93 10=31.84 25=54.17 50=61.25 75=83.90 90=91.14 95=106.30 99=118.02 99.9=142.34 99.99=3100.67] [UPDATE: Count=4223 Max=2488.32 Min=7.28 Avg=74.95 10=38.85 25=60.26 50=68.09 75=89.79 90=98.05 95=112.58 99=128.83 99.9=802.82 99.99=2488.32]
2025-04-23 03:12:59 22 sec: 19023 operations; [READ: Count=9551 Max=3100.67 Min=2.73 Avg=79.98 10=34.88 25=56.38 50=79.55 75=100.09 90=127.42 95=143.49 99=173.31 99.9=209.92 99.99=244.48] [UPDATE: Count=9472 Max=2488.32 Min=7.28 Avg=87.56 10=42.08 25=62.81 50=86.21 75=106.94 90=133.76 95=149.12 99=183.42 99.9=439.81 99.99=1421.31]
2025-04-23 03:13:00 23 sec: 29457 operations; [READ: Count=14787 Max=3100.67 Min=2.64 Avg=84.11 10=36.13 25=58.11 50=82.50 75=106.88 90=133.12 95=148.61 99=178.81 99.9=213.12 99.99=244.48] [UPDATE: Count=14670 Max=2488.32 Min=7.06 Avg=91.38 10=43.39 25=64.64 50=88.58 75=114.17 90=140.03 95=155.01 99=188.80 99.9=338.43 99.99=1298.43]
2025-04-23 03:13:01 24 sec: 39922 operations; [READ: Count=20007 Max=3100.67 Min=2.50 Avg=85.75 10=36.70 25=59.20 50=83.90 75=109.82 90=135.04 95=150.40 99=180.86 99.9=218.50 99.99=340.74] [UPDATE: Count=19915 Max=4382.72 Min=7.06 Avg=93.37 10=43.84 25=65.53 50=90.17 75=117.12 90=142.72 95=157.95 99=189.69 99.9=338.43 99.99=1421.31]
2025-04-23 03:13:02 25 sec: 50528 operations; [READ: Count=25332 Max=3100.67 Min=2.50 Avg=86.81 10=36.99 25=60.13 50=84.99 75=111.68 90=136.57 95=151.55 99=181.63 99.9=220.93 99.99=274.94] [UPDATE: Count=25196 Max=4382.72 Min=7.06 Avg=93.95 10=43.65 25=66.05 50=91.20 75=118.53 90=143.49 95=158.72 99=190.34 99.9=287.49 99.99=1348.61]
2025-04-23 03:13:03 26 sec: 61136 operations; [READ: Count=30654 Max=3100.67 Min=2.50 Avg=87.16 10=37.02 25=60.54 50=85.50 75=112.58 90=137.09 95=151.81 99=181.50 99.9=217.85 99.99=274.94] [UPDATE: Count=30482 Max=4382.72 Min=7.06 Avg=94.64 10=43.68 25=66.81 50=92.16 75=119.61 90=144.77 95=159.62 99=191.74 99.9=287.49 99.99=1348.61]
2025-04-23 03:13:04 27 sec: 71846 operations; [READ: Count=36056 Max=3100.67 Min=2.50 Avg=87.36 10=36.93 25=60.86 50=85.95 75=113.15 90=137.60 95=152.19 99=181.12 99.9=219.65 99.99=274.94] [UPDATE: Count=35790 Max=9682.94 Min=7.06 Avg=94.95 10=43.36 25=67.01 50=92.42 75=120.00 90=145.15 95=159.87 99=191.49 99.9=279.30 99.99=1421.31]
2025-04-23 03:13:05 28 sec: 82546 operations; [READ: Count=41342 Max=3100.67 Min=2.50 Avg=87.59 10=36.83 25=61.09 50=86.33 75=113.73 90=138.24 95=152.57 99=181.76 99.9=219.65 99.99=340.74] [UPDATE: Count=41204 Max=9682.94 Min=7.06 Avg=95.08 10=43.26 25=67.26 50=92.93 75=120.38 90=145.53 95=160.51 99=192.51 99.9=271.62 99.99=1421.31]
2025-04-23 03:13:06 29 sec: 93311 operations; [READ: Count=46780 Max=3100.67 Min=2.29 Avg=87.63 10=36.58 25=61.18 50=86.59 75=113.98 90=138.37 95=152.83 99=181.63 99.9=218.37 99.99=300.80] [UPDATE: Count=46531 Max=9682.94 Min=7.06 Avg=95.21 10=43.13 25=67.52 50=93.31 75=120.77 90=145.79 95=160.51 99=192.64 99.9=274.43 99.99=1421.31]
2025-04-23 03:13:07 30 sec: 104143 operations; [READ: Count=52191 Max=3100.67 Min=2.29 Avg=87.67 10=36.45 25=61.22 50=86.78 75=114.24 90=138.62 95=153.09 99=182.27 99.9=221.82 99.99=300.80] [UPDATE: Count=51952 Max=9682.94 Min=7.06 Avg=95.16 10=42.94 25=67.58 50=93.50 75=121.15 90=145.79 95=160.64 99=192.64 99.9=268.29 99.99=1421.31]
2025-04-23 03:13:08 31 sec: 115023 operations; [READ: Count=57611 Max=3100.67 Min=2.29 Avg=87.56 10=36.19 25=61.12 50=86.85 75=114.30 90=138.62 95=153.34 99=182.27 99.9=219.26 99.99=287.49] [UPDATE: Count=57412 Max=9682.94 Min=7.06 Avg=95.21 10=42.72 25=67.71 50=93.69 75=121.41 90=146.05 95=160.77 99=192.77 99.9=271.62 99.99=1421.31]
2025-04-23 03:13:09 32 sec: 125819 operations; [READ: Count=62974 Max=3100.67 Min=2.29 Avg=87.53 10=36.03 25=61.15 50=86.97 75=114.43 90=138.75 95=153.34 99=182.14 99.9=219.26 99.99=287.49] [UPDATE: Count=62845 Max=11780.09 Min=6.64 Avg=95.30 10=42.53 25=67.71 50=93.82 75=121.53 90=146.18 95=160.90 99=192.51 99.9=271.62 99.99=1992.70]
2025-04-23 03:13:10 33 sec: 136862 operations; [READ: Count=68498 Max=3100.67 Min=2.29 Avg=87.42 10=35.74 25=61.12 50=87.04 75=114.56 90=138.88 95=153.47 99=182.27 99.9=219.65 99.99=283.65] [UPDATE: Count=68364 Max=11780.09 Min=6.64 Avg=95.13 10=42.24 25=67.65 50=93.82 75=121.66 90=146.18 95=161.02 99=192.38 99.9=268.29 99.99=1421.31]
2025-04-23 03:13:11 34 sec: 147935 operations; [READ: Count=74013 Max=3100.67 Min=2.29 Avg=87.32 10=35.49 25=61.05 50=87.10 75=114.62 90=138.88 95=153.47 99=182.14 99.9=219.26 99.99=287.49] [UPDATE: Count=73922 Max=11780.09 Min=6.64 Avg=94.96 10=41.95 25=67.58 50=93.89 75=121.73 90=146.18 95=160.90 99=192.38 99.9=265.47 99.99=1421.31]
2025-04-23 03:13:12 35 sec: 158976 operations; [READ: Count=79535 Max=3100.67 Min=2.29 Avg=87.22 10=35.23 25=61.02 50=87.17 75=114.62 90=138.88 95=153.47 99=182.27 99.9=219.26 99.99=300.80] [UPDATE: Count=79441 Max=11780.09 Min=6.64 Avg=94.86 10=41.76 25=67.52 50=94.02 75=121.86 90=146.30 95=161.02 99=192.25 99.9=264.19 99.99=1348.61]
2025-04-23 03:13:13 36 sec: 170105 operations; [READ: Count=85085 Max=3100.67 Min=2.29 Avg=87.10 10=34.98 25=60.96 50=87.17 75=114.62 90=138.75 95=153.47 99=182.14 99.9=219.65 99.99=300.80] [UPDATE: Count=85020 Max=11780.09 Min=6.64 Avg=94.71 10=41.47 25=67.39 50=94.02 75=121.86 90=146.30 95=161.15 99=192.25 99.9=262.40 99.99=1298.43]
2025-04-23 03:13:14 37 sec: 181341 operations; [READ: Count=90585 Max=3100.67 Min=2.29 Avg=86.97 10=34.69 25=60.83 50=87.23 75=114.69 90=138.88 95=153.47 99=182.14 99.9=219.26 99.99=305.41] [UPDATE: Count=90756 Max=11780.09 Min=6.64 Avg=94.49 10=41.18 25=67.26 50=93.95 75=121.86 90=146.18 95=161.02 99=191.87 99.9=258.18 99.99=1298.43]
2025-04-23 03:13:15 38 sec: 192572 operations; [READ: Count=96214 Max=3100.67 Min=2.29 Avg=86.86 10=34.30 25=60.73 50=87.17 75=114.69 90=139.01 95=153.60 99=182.27 99.9=219.26 99.99=300.80] [UPDATE: Count=96358 Max=11780.09 Min=6.64 Avg=94.31 10=40.86 25=67.14 50=93.89 75=121.92 90=146.30 95=161.15 99=192.13 99.9=255.62 99.99=1250.30]
2025-04-23 03:13:16 39 sec: 203763 operations; [READ: Count=101854 Max=3100.67 Min=2.29 Avg=86.76 10=34.08 25=60.67 50=87.17 75=114.75 90=139.13 95=153.60 99=182.40 99.9=219.65 99.99=300.80] [UPDATE: Count=101909 Max=11780.09 Min=6.64 Avg=94.19 10=40.51 25=67.07 50=93.95 75=121.98 90=146.30 95=161.15 99=192.38 99.9=255.62 99.99=1250.30]
2025-04-23 03:13:17 40 sec: 215143 operations; [READ: Count=107461 Max=3100.67 Min=2.29 Avg=86.58 10=33.76 25=60.51 50=87.17 75=114.69 90=139.01 95=153.47 99=182.40 99.9=219.26 99.99=299.01] [UPDATE: Count=107682 Max=11780.09 Min=6.64 Avg=93.99 10=40.19 25=66.94 50=93.95 75=121.98 90=146.30 95=161.02 99=192.13 99.9=251.26 99.99=1215.49]
2025-04-23 03:13:18 41 sec: 226562 operations; [READ: Count=113125 Max=3100.67 Min=2.26 Avg=86.40 10=33.41 25=60.38 50=87.04 75=114.69 90=139.13 95=153.60 99=182.40 99.9=218.88 99.99=299.01] [UPDATE: Count=113437 Max=11780.09 Min=6.64 Avg=93.81 10=39.84 25=66.81 50=93.89 75=121.92 90=146.18 95=160.90 99=191.87 99.9=251.26 99.99=1215.49]
2025-04-23 03:13:19 42 sec: 238413 operations; [READ: Count=119129 Max=3100.67 Min=2.26 Avg=86.06 10=32.99 25=60.13 50=86.85 75=114.43 90=138.75 95=153.22 99=182.27 99.9=219.78 99.99=303.62] [UPDATE: Count=119284 Max=11780.09 Min=6.64 Avg=93.50 10=39.33 25=66.62 50=93.69 75=121.66 90=146.05 95=160.77 99=191.74 99.9=257.54 99.99=1176.58]
2025-04-23 03:13:20 43 sec: 258026 operations; [READ: Count=128861 Max=3100.67 Min=2.03 Avg=83.05 10=31.52 25=54.46 50=83.84 75=112.06 90=137.09 95=151.94 99=181.38 99.9=220.80 99.99=319.74] [UPDATE: Count=129165 Max=11780.09 Min=6.64 Avg=90.48 10=37.41 25=61.12 50=90.88 75=119.42 90=144.51 95=159.49 99=191.23 99.9=263.94 99.99=1097.73]
2025-04-23 03:13:21 44 sec: 285186 operations; [READ: Count=142204 Max=3100.67 Min=2.03 Avg=78.25 10=30.25 25=38.72 50=78.27 75=108.48 90=134.78 95=150.14 99=180.48 99.9=222.59 99.99=350.98] [UPDATE: Count=142982 Max=11780.09 Min=6.64 Avg=85.60 10=35.94 25=45.57 50=85.12 75=115.78 90=142.21 95=157.57 99=190.21 99.9=271.87 99.99=1034.24]
2025-04-23 03:13:22 45 sec: 312618 operations; [READ: Count=155889 Max=3100.67 Min=2.03 Avg=74.20 10=29.41 25=34.30 50=73.09 75=105.22 90=132.74 95=148.48 99=179.07 99.9=222.85 99.99=364.80] [UPDATE: Count=156729 Max=11780.09 Min=6.64 Avg=81.54 10=34.98 25=41.18 50=80.00 75=112.51 90=140.16 95=155.90 99=188.80 99.9=274.69 99.99=892.93]
2025-04-23 03:13:23 46 sec: 339683 operations; [READ: Count=169404 Max=3100.67 Min=2.03 Avg=70.88 10=28.03 25=33.22 50=67.65 75=102.33 90=130.75 95=146.81 99=177.66 99.9=222.59 99.99=364.80] [UPDATE: Count=170279 Max=11780.09 Min=6.64 Avg=78.21 10=32.70 25=39.74 50=74.69 75=109.63 90=138.24 95=154.37 99=187.90 99.9=282.62 99.99=876.03]
2025-04-23 03:13:24 47 sec: 365323 operations; [READ: Count=182440 Max=3100.67 Min=2.03 Avg=68.26 10=12.06 25=32.75 50=63.07 75=99.71 90=129.02 95=145.41 99=177.15 99.9=234.75 99.99=389.63] [UPDATE: Count=182883 Max=11780.09 Min=6.64 Avg=75.73 10=19.25 25=39.10 50=70.14 75=107.14 90=136.70 95=153.22 99=188.03 99.9=322.56 99.99=873.47]
2025-04-23 03:13:25 48 sec: 391945 operations; [READ: Count=195818 Max=3100.67 Min=2.03 Avg=65.87 10=9.49 25=32.45 50=58.66 75=97.02 90=127.17 95=144.00 99=176.13 99.9=234.88 99.99=394.24] [UPDATE: Count=196127 Max=11780.09 Min=6.64 Avg=73.35 10=16.85 25=38.66 50=65.44 75=104.45 90=134.91 95=151.81 99=187.01 99.9=323.33 99.99=802.82]
2025-04-23 03:13:26 49 sec: 418371 operations; [READ: Count=208971 Max=3100.67 Min=2.03 Avg=63.82 10=8.36 25=32.21 50=49.98 75=94.72 90=125.38 95=142.46 99=174.85 99.9=236.03 99.99=406.53] [UPDATE: Count=209400 Max=11780.09 Min=6.64 Avg=71.28 10=15.71 25=38.37 50=57.76 75=102.08 90=133.12 95=150.53 99=186.24 99.9=328.19 99.99=691.71]
2025-04-23 03:13:27 50 sec: 444722 operations; [READ: Count=222112 Max=3100.67 Min=2.03 Avg=62.01 10=7.66 25=32.05 50=41.57 75=92.86 90=123.65 95=141.18 99=173.82 99.9=235.01 99.99=407.04] [UPDATE: Count=222610 Max=11780.09 Min=6.64 Avg=69.49 10=14.93 25=38.14 50=49.41 75=100.16 90=131.58 95=149.25 99=185.47 99.9=330.24 99.99=630.78]
2025-04-23 03:13:28 51 sec: 470784 operations; [READ: Count=235195 Max=3100.67 Min=2.03 Avg=60.44 10=7.24 25=31.92 50=37.89 75=91.39 90=122.05 95=139.78 99=172.93 99.9=236.03 99.99=407.04] [UPDATE: Count=235589 Max=11780.09 Min=6.64 Avg=67.95 10=14.43 25=37.98 50=45.50 75=98.56 90=129.92 95=148.09 99=184.83 99.9=331.01 99.99=627.71]
2025-04-23 03:13:29 52 sec: 495627 operations; [READ: Count=247668 Max=3100.67 Min=2.03 Avg=59.23 10=6.91 25=31.84 50=36.48 75=90.11 90=120.77 95=138.88 99=173.06 99.9=270.85 99.99=443.65] [UPDATE: Count=247959 Max=11780.09 Min=6.64 Avg=66.68 10=14.02 25=37.85 50=44.00 75=97.28 90=128.64 95=147.07 99=184.83 99.9=342.27 99.99=629.25]
2025-04-23 03:13:30 53 sec: 521951 operations; [READ: Count=260845 Max=3100.67 Min=2.03 Avg=57.91 10=6.62 25=31.73 50=35.68 75=88.89 90=119.30 95=137.60 99=172.16 99.9=270.08 99.99=443.65] [UPDATE: Count=261106 Max=11780.09 Min=6.64 Avg=65.40 10=13.69 25=37.73 50=43.13 75=96.00 90=127.23 95=146.05 99=184.19 99.9=343.55 99.99=627.71]
2025-04-23 03:13:31 54 sec: 548224 operations; [READ: Count=273882 Max=3100.67 Min=2.03 Avg=56.73 10=6.42 25=31.65 50=35.20 75=87.81 90=117.89 95=136.32 99=171.01 99.9=266.50 99.99=443.65] [UPDATE: Count=274342 Max=11780.09 Min=6.64 Avg=64.25 10=13.44 25=37.60 50=42.56 75=94.91 90=125.89 95=144.90 99=183.68 99.9=343.81 99.99=624.64]
2025-04-23 03:13:32 55 sec: 574539 operations; [READ: Count=286979 Max=3100.67 Min=2.03 Avg=55.68 10=6.27 25=31.57 50=34.85 75=86.85 90=116.54 95=135.29 99=170.24 99.9=269.82 99.99=437.76] [UPDATE: Count=287560 Max=11780.09 Min=6.64 Avg=63.17 10=13.22 25=37.50 50=42.14 75=93.82 90=124.54 95=143.87 99=182.91 99.9=344.83 99.99=613.38]
2025-04-23 03:13:33 56 sec: 601234 operations; [READ: Count=300348 Max=3100.67 Min=2.03 Avg=54.67 10=6.13 25=31.49 50=34.59 75=85.95 90=115.14 95=134.27 99=169.47 99.9=269.82 99.99=438.01] [UPDATE: Count=300886 Max=11780.09 Min=6.64 Avg=62.15 10=13.03 25=37.41 50=41.76 75=92.86 90=123.26 95=142.85 99=182.40 99.9=345.09 99.99=601.60]
2025-04-23 03:13:34 57 sec: 625789 operations; [READ: Count=312717 Max=3100.67 Min=2.03 Avg=53.93 10=6.05 25=31.42 50=34.46 75=85.25 90=114.05 95=133.63 99=169.60 99.9=312.57 99.99=462.59] [UPDATE: Count=313072 Max=11780.09 Min=6.64 Avg=61.45 10=12.90 25=37.31 50=41.57 75=92.09 90=122.17 95=142.08 99=182.78 99.9=358.40 99.99=677.89]
2025-04-23 03:13:35 58 sec: 653299 operations; [READ: Count=326512 Max=3100.67 Min=2.03 Avg=52.99 10=5.95 25=31.34 50=34.27 75=84.29 90=112.51 95=132.61 99=168.83 99.9=308.99 99.99=461.57] [UPDATE: Count=326787 Max=11780.09 Min=6.64 Avg=60.52 10=12.74 25=37.22 50=41.34 75=91.14 90=120.83 95=141.18 99=182.27 99.9=359.17 99.99=630.78]
2025-04-23 03:13:36 59 sec: 681854 operations; [READ: Count=340854 Max=3100.67 Min=2.03 Avg=52.05 10=5.87 25=31.26 50=34.14 75=82.88 90=110.97 95=131.58 99=167.94 99.9=308.99 99.99=468.74] [UPDATE: Count=341000 Max=11780.09 Min=6.64 Avg=59.58 10=12.60 25=37.12 50=41.12 75=89.98 90=119.36 95=140.16 99=181.63 99.9=359.42 99.99=629.25]
2025-04-23 03:13:37 60 sec: 711627 operations; [READ: Count=355752 Max=3100.67 Min=2.03 Avg=51.09 10=5.78 25=31.18 50=33.98 75=80.70 90=109.38 95=130.43 99=167.17 99.9=308.48 99.99=468.74] [UPDATE: Count=355875 Max=11780.09 Min=6.64 Avg=58.62 10=12.46 25=37.02 50=40.93 75=88.19 90=117.89 95=139.13 99=180.86 99.9=359.17 99.99=624.64]
2025-04-23 03:13:38 61 sec: 742195 operations; [READ: Count=371258 Max=3100.67 Min=2.03 Avg=50.13 10=5.73 25=31.10 50=33.89 75=78.02 90=107.84 95=129.34 99=166.27 99.9=305.41 99.99=465.92] [UPDATE: Count=370937 Max=11780.09 Min=6.64 Avg=57.70 10=12.35 25=36.93 50=40.77 75=85.82 90=116.42 95=138.24 99=180.09 99.9=359.94 99.99=617.98]
2025-04-23 03:13:39 62 sec: 772931 operations; [READ: Count=386661 Max=3100.67 Min=2.03 Avg=49.24 10=5.67 25=31.02 50=33.79 75=75.39 90=106.43 95=128.32 99=165.63 99.9=307.20 99.99=465.92] [UPDATE: Count=386270 Max=11780.09 Min=6.64 Avg=56.82 10=12.26 25=36.80 50=40.61 75=83.20 90=115.01 95=137.22 99=179.58 99.9=361.21 99.99=603.13]
2025-04-23 03:13:40 63 sec: 804557 operations; [READ: Count=402464 Max=3100.67 Min=2.03 Avg=48.38 10=5.62 25=30.94 50=33.73 75=72.51 90=105.15 95=127.30 99=164.99 99.9=307.20 99.99=462.59] [UPDATE: Count=402093 Max=11780.09 Min=6.64 Avg=55.95 10=12.19 25=36.70 50=40.48 75=80.38 90=113.60 95=136.32 99=178.94 99.9=361.98 99.99=601.60]
2025-04-23 03:13:41 64 sec: 837346 operations; [READ: Count=418731 Max=3100.67 Min=2.03 Avg=47.51 10=5.58 25=30.83 50=33.63 75=69.18 90=103.87 95=126.21 99=164.09 99.9=304.64 99.99=461.82] [UPDATE: Count=418615 Max=11780.09 Min=6.64 Avg=55.05 10=12.10 25=36.58 50=40.35 75=77.18 90=112.19 95=135.17 99=178.05 99.9=361.21 99.99=588.80]
2025-04-23 03:13:42 65 sec: 870762 operations; [READ: Count=435634 Max=3100.67 Min=2.03 Avg=46.65 10=5.54 25=30.72 50=33.57 75=65.73 90=102.53 95=125.06 99=163.20 99.9=300.80 99.99=461.82] [UPDATE: Count=435128 Max=11780.09 Min=6.64 Avg=54.22 10=12.04 25=36.45 50=40.26 75=73.79 90=110.91 95=134.14 99=177.28 99.9=360.96 99.99=572.93]
2025-04-23 03:13:43 66 sec: 903531 operations; [READ: Count=452070 Max=3100.67 Min=2.03 Avg=45.87 10=5.53 25=30.61 50=33.53 75=62.66 90=101.31 95=123.90 99=162.43 99.9=294.40 99.99=461.57] [UPDATE: Count=451461 Max=11780.09 Min=6.64 Avg=53.50 10=12.02 25=36.35 50=40.22 75=70.66 90=109.76 95=133.12 99=176.77 99.9=360.96 99.99=572.93]
2025-04-23 03:13:44 67 sec: 934831 operations; [READ: Count=467597 Max=3100.67 Min=1.90 Avg=45.24 10=5.57 25=30.50 50=33.53 75=59.90 90=100.29 95=123.07 99=161.79 99.9=293.63 99.99=460.29] [UPDATE: Count=467234 Max=11780.09 Min=6.28 Avg=52.89 10=12.03 25=36.22 50=40.22 75=67.78 90=108.73 95=132.35 99=176.38 99.9=359.68 99.99=564.22]
2025-04-23 03:13:45 68 sec: 965306 operations; [READ: Count=482871 Max=3100.67 Min=1.90 Avg=44.69 10=5.60 25=30.37 50=33.57 75=56.03 90=99.33 95=122.11 99=161.28 99.9=294.40 99.99=475.90] [UPDATE: Count=482435 Max=11780.09 Min=6.28 Avg=52.36 10=12.06 25=36.06 50=40.26 75=64.77 90=107.84 95=131.58 99=176.00 99.9=359.42 99.99=605.70]
2025-04-23 03:13:46 69 sec: 997492 operations; [READ: Count=498842 Max=3100.67 Min=1.90 Avg=44.10 10=5.63 25=30.22 50=33.60 75=49.79 90=98.37 95=121.22 99=160.64 99.9=287.23 99.99=473.09] [UPDATE: Count=498650 Max=11780.09 Min=6.28 Avg=51.78 10=12.08 25=35.90 50=40.26 75=60.26 90=106.88 95=130.62 99=175.49 99.9=356.86 99.99=601.60]
2025-04-23 03:13:47 70 sec: 1000000 operations; [READ: Count=500084 Max=3100.67 Min=1.90 Avg=44.05 10=5.63 25=30.21 50=33.60 75=49.31 90=98.30 95=121.15 99=160.51 99.9=286.98 99.99=473.09] [UPDATE: Count=499916 Max=11780.09 Min=6.28 Avg=51.74 10=12.08 25=35.90 50=40.26 75=59.84 90=106.81 95=130.56 99=175.49 99.9=356.86 99.99=601.60]
2025-04-23 03:13:48 70 sec: 1000000 operations; [READ: Count=500084 Max=3100.67 Min=1.90 Avg=44.05 10=5.63 25=30.21 50=33.60 75=49.31 90=98.30 95=121.15 99=160.51 99.9=286.98 99.99=473.09] [UPDATE: Count=499916 Max=11780.09 Min=6.28 Avg=51.74 10=12.08 25=35.90 50=40.26 75=59.84 90=106.81 95=130.56 99=175.49 99.9=356.86 99.99=601.60]
Run runtime(sec): 70.6852
Run operations(ops): 1000000
Run throughput(ops/sec): 14147.2
