Running scope as unit: run-rae59ca7bcdca4beeaa7185986b4c6e5c.scope
load file:/home/user/DataFiles/silesia_data/silesia.tar
2025-04-22 18:51:58 0 sec: 0 operations;
2025-04-22 18:51:59 1 sec: 0 operations;
2025-04-22 18:52:00 2 sec: 0 operations;
2025-04-22 18:52:01 3 sec: 0 operations;
2025-04-22 18:52:02 4 sec: 0 operations;
2025-04-22 18:52:03 5 sec: 0 operations;
2025-04-22 18:52:04 6 sec: 0 operations;
2025-04-22 18:52:05 7 sec: 0 operations;
2025-04-22 18:52:06 8 sec: 0 operations;
2025-04-22 18:52:07 9 sec: 0 operations;
2025-04-22 18:52:08 10 sec: 0 operations;
2025-04-22 18:52:09 11 sec: 0 operations;
2025-04-22 18:52:10 12 sec: 0 operations;
2025-04-22 18:52:11 13 sec: 0 operations;
2025-04-22 18:52:12 14 sec: 166 operations; [READ: Count=108 Max=9625.60 Min=20.82 Avg=184.07 10=39.36 25=58.78 50=84.93 75=145.66 90=191.49 95=204.29 99=241.15 99.9=9625.60 99.99=9625.60] [UPDATE: Count=58 Max=760.83 Min=8.26 Avg=26.89 10=10.39 25=11.75 50=13.80 75=15.98 90=18.50 95=27.33 99=42.69 99.9=760.83 99.99=760.83]
2025-04-22 18:52:13 15 sec: 14729 operations; [READ: Count=9778 Max=9625.60 Min=2.58 Avg=96.22 10=36.13 25=56.13 50=81.47 75=127.87 90=169.73 95=193.02 99=251.65 99.9=485.38 99.99=639.49] [UPDATE: Count=4951 Max=760.83 Min=7.05 Avg=14.31 10=10.72 25=11.70 50=13.20 75=15.38 90=17.84 95=19.45 99=24.54 99.9=210.94 99.99=760.83]
2025-04-22 18:52:14 16 sec: 29056 operations; [READ: Count=19334 Max=9625.60 Min=2.58 Avg=96.35 10=35.81 25=56.64 50=81.86 75=126.78 90=169.47 95=191.62 99=258.56 99.9=625.15 99.99=1020.93] [UPDATE: Count=9722 Max=760.83 Min=6.64 Avg=14.22 10=10.76 25=11.77 50=13.30 75=15.50 90=17.98 95=19.41 99=24.61 99.9=165.25 99.99=315.65]
2025-04-22 18:52:15 17 sec: 41378 operations; [READ: Count=27521 Max=9625.60 Min=2.58 Avg=99.91 10=35.45 25=56.29 50=81.02 75=124.73 90=170.11 95=196.48 99=505.09 99.9=858.62 99.99=1222.65] [UPDATE: Count=13857 Max=15769.60 Min=6.64 Avg=17.48 10=10.81 25=11.88 50=13.48 75=15.86 90=18.32 95=19.90 99=26.19 99.9=223.49 99.99=11182.08]
2025-04-22 18:52:16 18 sec: 56126 operations; [READ: Count=37367 Max=9625.60 Min=2.58 Avg=98.08 10=35.33 25=56.48 50=81.28 75=123.97 90=169.22 95=193.79 99=425.98 99.9=826.88 99.99=1221.63] [UPDATE: Count=18759 Max=15769.60 Min=6.64 Avg=16.82 10=10.88 25=12.01 50=13.62 75=16.08 90=18.54 95=20.22 99=26.16 99.9=199.94 99.99=9994.24]
2025-04-22 18:52:17 19 sec: 70648 operations; [READ: Count=47043 Max=9625.60 Min=2.58 Avg=97.17 10=34.98 25=56.38 50=81.15 75=123.01 90=168.19 95=192.90 99=388.35 99.9=826.88 99.99=1191.93] [UPDATE: Count=23605 Max=15769.60 Min=6.62 Avg=16.89 10=10.89 25=12.04 50=13.63 75=16.05 90=18.54 95=20.19 99=26.06 99.9=231.94 99.99=9994.24]
2025-04-22 18:52:18 20 sec: 84959 operations; [READ: Count=56542 Max=9625.60 Min=2.58 Avg=96.92 10=35.13 25=56.80 50=81.53 75=122.56 90=167.94 95=192.51 99=364.03 99.9=809.98 99.99=1099.78] [UPDATE: Count=28417 Max=15769.60 Min=6.62 Avg=16.83 10=10.97 25=12.15 50=13.81 75=16.46 90=19.09 95=21.07 99=27.60 99.9=229.25 99.99=4038.66]
2025-04-22 18:52:19 21 sec: 100728 operations; [READ: Count=67041 Max=9625.60 Min=2.58 Avg=94.83 10=34.69 25=55.10 50=79.55 75=119.23 90=165.63 95=190.59 99=365.06 99.9=805.38 99.99=1154.05] [UPDATE: Count=33687 Max=15769.60 Min=6.62 Avg=17.36 10=11.13 25=12.39 50=14.24 75=17.23 90=20.14 95=22.53 99=29.10 99.9=239.23 99.99=4038.66]
2025-04-22 18:52:20 22 sec: 117382 operations; [READ: Count=78132 Max=9625.60 Min=2.58 Avg=92.20 10=33.12 25=50.43 50=74.94 75=113.53 90=161.92 95=188.54 99=425.21 99.9=946.17 99.99=1325.06] [UPDATE: Count=39250 Max=15769.60 Min=6.62 Avg=18.42 10=11.18 25=12.53 50=14.42 75=17.42 90=20.46 95=22.88 99=30.14 99.9=275.45 99.99=8028.16]
2025-04-22 18:52:21 23 sec: 139463 operations; [READ: Count=92872 Max=9625.60 Min=2.58 Avg=86.74 10=32.51 25=44.54 50=69.89 75=106.69 90=156.03 95=182.66 99=374.01 99.9=914.43 99.99=1323.01] [UPDATE: Count=46591 Max=15769.60 Min=6.62 Avg=18.25 10=11.32 25=12.73 50=14.72 75=17.70 90=20.78 95=23.12 99=30.16 99.9=269.06 99.99=6934.53]
2025-04-22 18:52:22 24 sec: 162941 operations; [READ: Count=108604 Max=9625.60 Min=2.58 Avg=81.73 10=31.65 25=40.35 50=65.47 75=99.84 90=150.14 95=177.15 99=334.59 99.9=888.32 99.99=1285.12] [UPDATE: Count=54337 Max=15769.60 Min=6.62 Avg=18.55 10=11.42 25=12.87 50=14.91 75=17.84 90=20.99 95=23.34 99=30.59 99.9=344.06 99.99=6934.53]
2025-04-22 18:52:23 25 sec: 187889 operations; [READ: Count=125200 Max=9625.60 Min=2.58 Avg=77.55 10=31.17 25=38.37 50=62.69 75=93.12 90=144.77 95=172.41 99=301.82 99.9=862.21 99.99=1263.62] [UPDATE: Count=62689 Max=15769.60 Min=6.62 Avg=18.38 10=11.53 25=12.99 50=15.08 75=17.95 90=21.12 95=23.42 99=30.50 99.9=315.13 99.99=4038.66]
2025-04-22 18:52:24 26 sec: 212406 operations; [READ: Count=141547 Max=9625.60 Min=2.58 Avg=74.49 10=30.78 25=37.34 50=60.83 75=87.81 90=139.78 95=168.19 99=276.22 99.9=872.45 99.99=1325.06] [UPDATE: Count=70859 Max=15769.60 Min=6.62 Avg=18.28 10=11.61 25=13.10 50=15.21 75=18.03 90=21.23 95=23.49 99=30.34 99.9=295.17 99.99=3966.97]
2025-04-22 18:52:25 27 sec: 236227 operations; [READ: Count=157461 Max=9625.60 Min=2.58 Avg=72.25 10=30.32 25=36.80 50=59.33 75=83.52 90=135.29 95=164.74 99=266.75 99.9=907.77 99.99=2123.78] [UPDATE: Count=78766 Max=15769.60 Min=6.62 Avg=18.28 10=11.61 25=13.13 50=15.26 75=18.08 90=21.31 95=23.60 99=30.50 99.9=295.17 99.99=3966.97]
2025-04-22 18:52:26 28 sec: 264008 operations; [READ: Count=175993 Max=9625.60 Min=2.58 Avg=69.47 10=29.74 25=36.03 50=57.57 75=79.23 90=129.85 95=160.25 99=247.68 99.9=888.32 99.99=2129.92] [UPDATE: Count=88015 Max=15769.60 Min=6.62 Avg=17.86 10=11.32 25=12.88 50=14.99 75=17.84 90=21.04 95=23.34 99=30.06 99.9=289.54 99.99=3805.18]
2025-04-22 18:52:27 29 sec: 291337 operations; [READ: Count=194186 Max=9625.60 Min=2.50 Avg=67.27 10=29.44 25=35.68 50=56.32 75=76.22 90=125.18 95=156.41 99=235.78 99.9=863.74 99.99=2123.78] [UPDATE: Count=97151 Max=15769.60 Min=6.62 Avg=17.63 10=11.23 25=12.78 50=14.89 75=17.76 90=20.94 95=23.21 99=29.84 99.9=285.69 99.99=3758.08]
2025-04-22 18:52:28 30 sec: 318902 operations; [READ: Count=212551 Max=9625.60 Min=2.50 Avg=65.40 10=29.14 25=35.39 50=55.07 75=73.98 90=120.25 95=152.83 99=227.97 99.9=840.19 99.99=1841.15] [UPDATE: Count=106351 Max=15769.60 Min=6.54 Avg=17.43 10=11.13 25=12.69 50=14.81 75=17.68 90=20.86 95=23.12 99=29.71 99.9=285.95 99.99=3155.97]
2025-04-22 18:52:29 31 sec: 347467 operations; [READ: Count=231608 Max=9625.60 Min=2.50 Avg=63.66 10=28.72 25=35.07 50=53.73 75=72.19 90=114.81 95=148.99 99=221.44 99.9=824.83 99.99=1658.88] [UPDATE: Count=115859 Max=15769.60 Min=6.40 Avg=17.16 10=11.02 25=12.56 50=14.65 75=17.54 90=20.70 95=22.99 99=29.44 99.9=282.37 99.99=3137.53]
2025-04-22 18:52:30 32 sec: 375635 operations; [READ: Count=250356 Max=9625.60 Min=2.50 Avg=62.26 10=28.35 25=34.88 50=52.45 75=71.04 90=109.63 95=145.92 99=216.19 99.9=804.86 99.99=1615.87] [UPDATE: Count=125279 Max=15769.60 Min=6.40 Avg=16.97 10=10.94 25=12.46 50=14.54 75=17.42 90=20.61 95=22.88 99=29.30 99.9=279.81 99.99=3094.53]
2025-04-22 18:52:31 33 sec: 404921 operations; [READ: Count=269865 Max=9625.60 Min=2.37 Avg=60.87 10=27.81 25=34.59 50=50.91 75=69.89 90=104.83 95=142.59 99=211.33 99.9=783.36 99.99=1433.60] [UPDATE: Count=135056 Max=15769.60 Min=6.40 Avg=16.77 10=10.86 25=12.36 50=14.42 75=17.31 90=20.50 95=22.77 99=29.14 99.9=274.18 99.99=2547.71]
2025-04-22 18:52:32 34 sec: 433229 operations; [READ: Count=288754 Max=9625.60 Min=2.37 Avg=59.80 10=27.31 25=34.43 50=49.53 75=69.18 90=101.18 95=139.65 99=207.36 99.9=768.00 99.99=1405.95] [UPDATE: Count=144475 Max=15769.60 Min=6.40 Avg=16.64 10=10.79 25=12.29 50=14.34 75=17.23 90=20.41 95=22.69 99=29.09 99.9=269.06 99.99=3031.04]
2025-04-22 18:52:33 35 sec: 462460 operations; [READ: Count=308189 Max=9625.60 Min=2.37 Avg=58.74 10=26.56 25=34.24 50=48.26 75=68.48 90=97.98 95=136.57 99=203.78 99.9=754.17 99.99=1392.64] [UPDATE: Count=154271 Max=15769.60 Min=6.40 Avg=16.51 10=10.74 25=12.24 50=14.26 75=17.14 90=20.34 95=22.61 99=29.02 99.9=268.29 99.99=2660.35]
2025-04-22 18:52:34 36 sec: 492416 operations; [READ: Count=328214 Max=9625.60 Min=2.37 Avg=57.70 10=25.34 25=33.98 50=46.98 75=67.71 90=95.10 95=133.50 99=200.83 99.9=740.86 99.99=1379.33] [UPDATE: Count=164202 Max=15769.60 Min=6.40 Avg=16.39 10=10.70 25=12.18 50=14.18 75=17.04 90=20.22 95=22.50 99=28.91 99.9=268.29 99.99=2547.71]
2025-04-22 18:52:35 37 sec: 523796 operations; [READ: Count=349178 Max=9625.60 Min=2.37 Avg=56.61 10=21.82 25=33.63 50=45.79 75=66.94 90=92.54 95=130.43 99=198.01 99.9=727.55 99.99=1363.97] [UPDATE: Count=174618 Max=15769.60 Min=6.40 Avg=16.27 10=10.64 25=12.11 50=14.10 75=16.96 90=20.13 95=22.41 99=28.85 99.9=264.96 99.99=2484.22]
2025-04-22 18:52:36 38 sec: 556778 operations; [READ: Count=371317 Max=9625.60 Min=2.37 Avg=55.43 10=16.98 25=33.22 50=44.67 75=66.05 90=90.17 95=127.49 99=195.20 99.9=716.29 99.99=1354.75] [UPDATE: Count=185461 Max=15769.60 Min=6.40 Avg=16.18 10=10.59 25=12.05 50=14.02 75=16.86 90=20.02 95=22.32 99=28.72 99.9=258.94 99.99=2457.60]
2025-04-22 18:52:37 39 sec: 592651 operations; [READ: Count=395200 Max=9625.60 Min=2.37 Avg=54.14 10=14.76 25=32.56 50=43.13 75=65.18 90=87.87 95=124.42 99=192.25 99.9=700.93 99.99=1325.06] [UPDATE: Count=197451 Max=15769.60 Min=6.40 Avg=16.03 10=10.49 25=11.94 50=13.91 75=16.73 90=19.89 95=22.19 99=28.54 99.9=254.72 99.99=2412.54]
2025-04-22 18:52:38 40 sec: 639982 operations; [READ: Count=426654 Max=9625.60 Min=2.37 Avg=51.98 10=12.69 25=31.12 50=40.16 75=63.94 90=85.18 95=120.19 99=189.18 99.9=676.35 99.99=1314.82] [UPDATE: Count=213328 Max=15769.60 Min=6.29 Avg=15.72 10=10.24 25=11.65 50=13.69 75=16.50 90=19.65 95=21.97 99=28.24 99.9=249.98 99.99=2347.01]
2025-04-22 18:52:39 41 sec: 688743 operations; [READ: Count=459177 Max=9625.60 Min=2.11 Avg=49.97 10=11.26 25=29.71 50=38.17 75=62.66 90=82.69 95=115.71 99=186.24 99.9=656.38 99.99=1281.02] [UPDATE: Count=229566 Max=15769.60 Min=6.29 Avg=15.50 10=10.05 25=11.37 50=13.48 75=16.25 90=19.42 95=21.74 99=28.03 99.9=248.45 99.99=2457.60]
2025-04-22 18:52:40 42 sec: 739430 operations; [READ: Count=492987 Max=9625.60 Min=2.11 Avg=48.09 10=10.18 25=28.45 50=36.61 75=61.38 90=80.32 95=110.85 99=183.42 99.9=637.44 99.99=1263.62] [UPDATE: Count=246443 Max=15769.60 Min=6.29 Avg=15.26 10=9.91 25=11.13 50=13.29 75=16.01 90=19.21 95=21.55 99=27.82 99.9=257.28 99.99=2347.01]
2025-04-22 18:52:41 43 sec: 790499 operations; [READ: Count=527028 Max=9625.60 Min=2.11 Avg=46.44 10=9.39 25=27.55 50=35.30 75=60.09 90=78.27 95=106.62 99=180.86 99.9=612.86 99.99=1232.89] [UPDATE: Count=263471 Max=15769.60 Min=6.29 Avg=15.06 10=9.81 25=10.95 50=13.11 75=15.79 90=19.01 95=21.36 99=27.63 99.9=271.87 99.99=2301.95]
2025-04-22 18:52:42 44 sec: 841999 operations; [READ: Count=561279 Max=9625.60 Min=2.11 Avg=44.94 10=8.78 25=26.89 50=34.11 75=58.75 90=76.54 95=102.97 99=177.92 99.9=595.46 99.99=1223.68] [UPDATE: Count=280720 Max=15769.60 Min=6.29 Avg=14.91 10=9.73 25=10.81 50=12.95 75=15.59 90=18.82 95=21.17 99=27.45 99.9=282.11 99.99=2271.23]
2025-04-22 18:52:43 45 sec: 893978 operations; [READ: Count=595927 Max=9625.60 Min=2.11 Avg=43.60 10=8.34 25=26.41 50=33.05 75=57.31 90=74.94 95=99.84 99=175.49 99.9=577.02 99.99=1200.13] [UPDATE: Count=298051 Max=15769.60 Min=6.29 Avg=14.75 10=9.65 25=10.71 50=12.80 75=15.40 90=18.64 95=20.99 99=27.28 99.9=282.37 99.99=2195.45]
2025-04-22 18:52:44 46 sec: 944908 operations; [READ: Count=629955 Max=9625.60 Min=2.11 Avg=42.47 10=8.00 25=26.05 50=32.16 75=55.77 90=73.73 95=97.22 99=173.57 99.9=561.15 99.99=1168.38] [UPDATE: Count=314953 Max=15769.60 Min=6.29 Avg=14.59 10=9.59 25=10.63 50=12.65 75=15.23 90=18.46 95=20.83 99=27.09 99.9=279.30 99.99=2138.11]
2025-04-22 18:52:45 47 sec: 995032 operations; [READ: Count=663411 Max=9625.60 Min=2.11 Avg=41.50 10=7.74 25=25.76 50=31.44 75=54.14 90=72.83 95=94.97 99=171.65 99.9=543.74 99.99=1161.21] [UPDATE: Count=331621 Max=15769.60 Min=6.29 Avg=14.44 10=9.53 25=10.56 50=12.53 75=15.07 90=18.30 95=20.67 99=26.94 99.9=270.85 99.99=2019.33]
2025-04-22 18:52:46 48 sec: 1044261 operations; [READ: Count=696231 Max=9625.60 Min=2.11 Avg=40.66 10=7.52 25=25.50 50=30.88 75=52.35 90=72.19 95=93.12 99=169.85 99.9=525.82 99.99=1141.76] [UPDATE: Count=348030 Max=15769.60 Min=6.29 Avg=14.31 10=9.46 25=10.51 50=12.40 75=14.94 90=18.16 95=20.54 99=26.80 99.9=264.96 99.99=1792.00]
2025-04-22 18:52:47 49 sec: 1088849 operations; [READ: Count=725952 Max=9625.60 Min=2.11 Avg=40.09 10=7.38 25=25.31 50=30.46 75=50.37 90=71.68 95=92.09 99=169.60 99.9=524.80 99.99=1165.31] [UPDATE: Count=362897 Max=15769.60 Min=6.29 Avg=14.22 10=9.41 25=10.47 50=12.29 75=14.82 90=18.02 95=20.41 99=26.67 99.9=255.23 99.99=1792.00]
2025-04-22 18:52:48 50 sec: 1135917 operations; [READ: Count=757374 Max=9625.60 Min=2.11 Avg=39.46 10=7.26 25=25.14 50=30.13 75=48.00 90=71.30 95=90.94 99=167.94 99.9=509.69 99.99=1154.05] [UPDATE: Count=378543 Max=15769.60 Min=6.29 Avg=14.13 10=9.36 25=10.44 50=12.21 75=14.73 90=17.90 95=20.29 99=26.57 99.9=252.29 99.99=1700.86]
2025-04-22 18:52:49 51 sec: 1182069 operations; [READ: Count=788217 Max=9625.60 Min=2.11 Avg=38.92 10=7.17 25=24.96 50=29.86 75=45.73 90=70.91 95=90.17 99=167.04 99.9=500.99 99.99=1136.64] [UPDATE: Count=393852 Max=15769.60 Min=6.29 Avg=14.04 10=9.30 25=10.41 50=12.13 75=14.65 90=17.79 95=20.18 99=26.45 99.9=249.60 99.99=1636.35]
2025-04-22 18:52:50 52 sec: 1228260 operations; [READ: Count=819011 Max=9625.60 Min=2.11 Avg=38.42 10=7.07 25=24.77 50=29.61 75=43.90 90=70.66 95=89.53 99=165.89 99.9=497.41 99.99=1129.47] [UPDATE: Count=409249 Max=15769.60 Min=6.29 Avg=13.96 10=9.25 25=10.38 50=12.05 75=14.57 90=17.68 95=20.05 99=26.34 99.9=246.53 99.99=1551.36]
2025-04-22 18:52:51 53 sec: 1274599 operations; [READ: Count=849825 Max=9625.60 Min=2.11 Avg=37.96 10=7.00 25=24.59 50=29.41 75=42.53 90=70.40 95=89.09 99=164.86 99.9=486.65 99.99=1122.30] [UPDATE: Count=424774 Max=15769.60 Min=6.29 Avg=13.88 10=9.19 25=10.36 50=11.97 75=14.49 90=17.57 95=19.93 99=26.22 99.9=242.81 99.99=1512.45]
2025-04-22 18:52:52 54 sec: 1311355 operations; [READ: Count=874319 Max=9625.60 Min=2.11 Avg=37.82 10=6.97 25=24.46 50=29.30 75=41.70 90=70.21 95=88.89 99=165.12 99.9=539.13 99.99=1224.70] [UPDATE: Count=437036 Max=15769.60 Min=6.29 Avg=13.89 10=9.16 25=10.34 50=11.92 75=14.45 90=17.50 95=19.87 99=26.16 99.9=241.92 99.99=1630.21]
2025-04-22 18:52:53 55 sec: 1354932 operations; [READ: Count=903441 Max=9625.60 Min=2.11 Avg=37.47 10=6.94 25=24.30 50=29.21 75=40.86 90=70.08 95=88.64 99=163.97 99.9=526.34 99.99=1221.63] [UPDATE: Count=451491 Max=15769.60 Min=6.29 Avg=13.86 10=9.13 25=10.34 50=11.89 75=14.41 90=17.44 95=19.79 99=26.14 99.9=240.25 99.99=1551.36]
2025-04-22 18:52:54 56 sec: 1391750 operations; [READ: Count=927899 Max=9625.60 Min=2.11 Avg=37.36 10=6.97 25=24.16 50=29.20 75=40.41 90=70.27 95=88.89 99=164.35 99.9=524.80 99.99=1203.20] [UPDATE: Count=463851 Max=15769.60 Min=6.13 Avg=13.82 10=9.10 25=10.32 50=11.86 75=14.37 90=17.38 95=19.73 99=26.13 99.9=239.49 99.99=1512.45]
2025-04-22 18:52:55 57 sec: 1427136 operations; [READ: Count=951470 Max=9625.60 Min=2.11 Avg=37.31 10=7.00 25=24.02 50=29.18 75=40.09 90=70.46 95=89.22 99=164.86 99.9=529.41 99.99=1200.13] [UPDATE: Count=475666 Max=15769.60 Min=6.13 Avg=13.80 10=9.06 25=10.30 50=11.83 75=14.33 90=17.31 95=19.66 99=26.14 99.9=239.36 99.99=1471.49]
2025-04-22 18:52:56 58 sec: 1464892 operations; [READ: Count=976660 Max=9625.60 Min=1.91 Avg=37.19 10=7.02 25=23.84 50=29.17 75=39.71 90=70.66 95=89.47 99=164.86 99.9=531.97 99.99=1192.96] [UPDATE: Count=488232 Max=15769.60 Min=6.13 Avg=13.76 10=9.02 25=10.29 50=11.80 75=14.29 90=17.25 95=19.60 99=26.16 99.9=237.69 99.99=1458.17]
2025-04-22 18:52:57 59 sec: 1499876 operations; [READ: Count=999936 Max=9625.60 Min=1.91 Avg=37.15 10=7.04 25=23.68 50=29.17 75=39.62 90=70.78 95=89.66 99=165.25 99.9=536.06 99.99=1191.93] [UPDATE: Count=499940 Max=15769.60 Min=6.13 Avg=13.73 10=9.01 25=10.28 50=11.77 75=14.25 90=17.18 95=19.54 99=26.16 99.9=236.80 99.99=1458.17]
2025-04-22 18:52:57 59 sec: 1499972 operations; [READ: Count=1000000 Max=9625.60 Min=1.91 Avg=37.15 10=7.04 25=23.68 50=29.17 75=39.62 90=70.78 95=89.66 99=165.25 99.9=536.06 99.99=1191.93] [UPDATE: Count=499972 Max=15769.60 Min=6.13 Avg=13.73 10=9.01 25=10.28 50=11.77 75=14.25 90=17.18 95=19.54 99=26.16 99.9=236.80 99.99=1458.17]
Run runtime(sec): 59.0419
Run operations(ops): 1000000
Run throughput(ops/sec): 16937.1
