Running scope as unit: run-r2ef6c05c6b5a468497d4f0b68cb4d3b0.scope
load file:/home/user/DataFiles/silesia_data/silesia.tar
2025-04-21 20:47:59 0 sec: 0 operations;
2025-04-21 20:48:00 1 sec: 0 operations;
2025-04-21 20:48:01 2 sec: 0 operations;
2025-04-21 20:48:02 3 sec: 0 operations;
2025-04-21 20:48:03 4 sec: 0 operations;
2025-04-21 20:48:04 5 sec: 3347 operations; [READ: Count=1644 Max=4145.15 Min=4.93 Avg=115.62 10=13.24 25=15.78 50=18.98 75=87.30 90=153.98 95=363.26 99=2566.14 99.9=3049.47 99.99=4145.15] [UPDATE: Count=1703 Max=5566.46 Min=10.45 Avg=126.19 10=18.86 25=22.25 50=28.11 75=95.74 90=199.94 95=456.19 99=1692.67 99.9=3950.59 99.99=5566.46]
2025-04-21 20:48:05 6 sec: 11754 operations; [READ: Count=5795 Max=4145.15 Min=2.87 Avg=100.27 10=13.57 25=17.33 50=23.49 75=94.14 90=180.22 95=391.94 99=1024.00 99.9=2904.06 99.99=3209.22] [UPDATE: Count=5959 Max=17973.25 Min=9.65 Avg=137.00 10=21.55 25=26.05 50=36.03 75=105.98 90=235.65 95=539.65 99=1179.65 99.9=8896.51 99.99=15368.19]
2025-04-21 20:48:06 7 sec: 18765 operations; [READ: Count=9225 Max=4145.15 Min=2.60 Avg=108.10 10=13.71 25=17.95 50=24.13 75=95.10 90=214.14 95=529.41 99=1217.54 99.9=2752.51 99.99=3209.22] [UPDATE: Count=9540 Max=17973.25 Min=9.50 Avg=146.12 10=22.25 25=27.36 50=37.57 75=107.33 90=249.98 95=616.45 99=1328.13 99.9=9388.03 99.99=15368.19]
2025-04-21 20:48:07 8 sec: 22904 operations; [READ: Count=11286 Max=5201.92 Min=2.60 Avg=123.46 10=13.16 25=17.68 50=23.90 75=95.61 90=284.93 95=720.38 99=1348.61 99.9=2752.51 99.99=5025.79] [UPDATE: Count=11618 Max=17973.25 Min=9.34 Avg=170.66 10=21.93 25=27.07 50=36.99 75=108.03 90=325.12 95=750.08 99=1615.87 99.9=11083.77 99.99=17072.13]
2025-04-21 20:48:08 9 sec: 33799 operations; [READ: Count=16763 Max=5201.92 Min=2.60 Avg=107.94 10=11.99 25=15.63 50=22.48 75=93.95 90=228.61 95=558.59 99=1239.04 99.9=2660.35 99.99=4145.15] [UPDATE: Count=17036 Max=17973.25 Min=7.58 Avg=150.71 10=19.84 25=24.70 50=34.46 75=105.22 90=275.71 95=644.61 99=1508.35 99.9=10764.29 99.99=15368.19]
2025-04-21 20:48:09 10 sec: 46251 operations; [READ: Count=22894 Max=5201.92 Min=2.60 Avg=97.95 10=11.86 25=14.67 50=21.45 75=92.67 90=180.22 95=435.45 99=1190.91 99.9=2396.16 99.99=4145.15] [UPDATE: Count=23357 Max=17973.25 Min=7.58 Avg=133.73 10=19.17 25=23.49 50=32.51 75=103.23 90=227.97 95=529.41 99=1371.13 99.9=9576.45 99.99=15368.19]
2025-04-21 20:48:10 11 sec: 62784 operations; [READ: Count=31220 Max=5201.92 Min=2.45 Avg=86.43 10=11.74 25=14.06 50=20.51 75=90.11 90=139.90 95=368.13 99=1060.86 99.9=2256.89 99.99=3209.22] [UPDATE: Count=31564 Max=17973.25 Min=7.58 Avg=115.72 10=18.77 25=22.56 50=30.57 75=100.16 90=166.40 95=409.86 99=1211.39 99.9=7348.22 99.99=14663.68]
2025-04-21 20:48:11 12 sec: 80019 operations; [READ: Count=39818 Max=5201.92 Min=2.33 Avg=78.97 10=11.71 25=13.90 50=20.05 75=87.81 90=125.44 95=343.81 99=978.43 99.9=2071.55 99.99=3049.47] [UPDATE: Count=40201 Max=17973.25 Min=7.51 Avg=104.25 10=18.57 25=22.14 50=29.63 75=97.15 90=143.49 95=370.94 99=1094.65 99.9=5566.46 99.99=14401.53]
2025-04-21 20:48:12 13 sec: 96568 operations; [READ: Count=48141 Max=5201.92 Min=2.33 Avg=74.82 10=11.73 25=13.90 50=19.89 75=85.95 90=119.36 95=329.47 99=922.62 99.9=1837.06 99.99=3012.61] [UPDATE: Count=48427 Max=17973.25 Min=7.51 Avg=97.44 10=18.57 25=22.03 50=29.33 75=94.72 90=134.78 95=352.00 99=1020.93 99.9=4546.56 99.99=13910.01]
2025-04-21 20:48:13 14 sec: 109530 operations; [READ: Count=54621 Max=5201.92 Min=2.33 Avg=73.95 10=11.73 25=13.91 50=19.95 75=85.76 90=120.96 95=325.63 99=899.07 99.9=1788.93 99.99=3012.61] [UPDATE: Count=54909 Max=17973.25 Min=7.51 Avg=95.96 10=18.53 25=22.02 50=29.31 75=94.66 90=136.70 95=349.18 99=1003.52 99.9=4098.05 99.99=13910.01]
2025-04-21 20:48:14 15 sec: 120837 operations; [READ: Count=60270 Max=5201.92 Min=2.33 Avg=74.71 10=11.70 25=13.92 50=20.13 75=86.27 90=124.67 95=326.91 99=891.39 99.9=1786.88 99.99=2994.18] [UPDATE: Count=60567 Max=17973.25 Min=7.47 Avg=95.69 10=18.48 25=22.00 50=29.44 75=95.17 90=140.80 95=348.42 99=992.77 99.9=3653.63 99.99=13746.17]
2025-04-21 20:48:15 16 sec: 132439 operations; [READ: Count=66022 Max=5201.92 Min=2.33 Avg=75.51 10=11.68 25=13.94 50=20.35 75=86.78 90=128.57 95=325.12 99=896.00 99.9=1782.78 99.99=2961.41] [UPDATE: Count=66417 Max=17973.25 Min=7.47 Avg=94.89 10=18.43 25=21.98 50=29.57 75=95.55 90=144.90 95=345.09 99=982.53 99.9=3477.50 99.99=13598.72]
2025-04-21 20:48:16 17 sec: 143544 operations; [READ: Count=71607 Max=5201.92 Min=2.33 Avg=76.16 10=11.66 25=13.97 50=20.64 75=87.36 90=137.22 95=326.14 99=878.59 99.9=1736.70 99.99=2961.41] [UPDATE: Count=71937 Max=17973.25 Min=7.47 Avg=94.88 10=18.37 25=22.00 50=29.79 75=96.06 90=153.34 95=344.06 99=962.56 99.9=3268.61 99.99=13598.72]
2025-04-21 20:48:17 18 sec: 154691 operations; [READ: Count=77170 Max=5201.92 Min=2.33 Avg=76.58 10=11.64 25=14.02 50=20.96 75=87.87 90=146.18 95=325.63 99=858.11 99.9=1709.06 99.99=2959.36] [UPDATE: Count=77521 Max=17973.25 Min=7.47 Avg=94.94 10=18.37 25=22.06 50=30.08 75=96.70 90=161.41 95=344.06 99=937.98 99.9=3092.48 99.99=13262.85]
2025-04-21 20:48:18 19 sec: 165249 operations; [READ: Count=82344 Max=5201.92 Min=2.33 Avg=77.32 10=11.64 25=14.08 50=21.26 75=88.38 90=152.32 95=326.40 99=847.36 99.9=1700.86 99.99=2959.36] [UPDATE: Count=82905 Max=17973.25 Min=7.47 Avg=95.20 10=18.37 25=22.13 50=30.38 75=97.28 90=166.14 95=343.81 99=919.55 99.9=3059.71 99.99=13262.85]
2025-04-21 20:48:19 20 sec: 176312 operations; [READ: Count=87896 Max=5201.92 Min=2.33 Avg=77.61 10=11.62 25=14.11 50=21.45 75=88.51 90=155.13 95=325.63 99=837.12 99.9=1676.29 99.99=2904.06] [UPDATE: Count=88416 Max=17973.25 Min=7.47 Avg=95.33 10=18.34 25=22.14 50=30.50 75=97.41 90=168.32 95=342.78 99=911.36 99.9=3092.48 99.99=13172.74]
2025-04-21 20:48:20 21 sec: 189297 operations; [READ: Count=94401 Max=5201.92 Min=2.33 Avg=77.31 10=11.57 25=14.11 50=21.55 75=88.45 90=155.26 95=322.30 99=825.86 99.9=1658.88 99.99=2904.06] [UPDATE: Count=94896 Max=17973.25 Min=7.47 Avg=94.21 10=18.27 25=22.11 50=30.53 75=97.28 90=168.19 95=337.15 99=885.76 99.9=2981.89 99.99=13172.74]
2025-04-21 20:48:21 22 sec: 203047 operations; [READ: Count=101184 Max=5201.92 Min=2.33 Avg=76.54 10=11.54 25=14.10 50=21.63 75=88.38 90=155.13 95=316.42 99=803.33 99.9=1618.94 99.99=2889.73] [UPDATE: Count=101863 Max=17973.25 Min=7.47 Avg=93.08 10=18.22 25=22.08 50=30.56 75=97.15 90=167.68 95=332.03 99=869.89 99.9=2906.11 99.99=13164.54]
2025-04-21 20:48:22 23 sec: 216923 operations; [READ: Count=108133 Max=5201.92 Min=2.33 Avg=75.79 10=11.49 25=14.09 50=21.70 75=88.19 90=154.62 95=312.06 99=783.87 99.9=1583.10 99.99=2867.20] [UPDATE: Count=108790 Max=17973.25 Min=7.47 Avg=92.09 10=18.16 25=22.03 50=30.57 75=97.09 90=167.29 95=327.94 99=854.53 99.9=2859.01 99.99=12804.09]
2025-04-21 20:48:23 24 sec: 233383 operations; [READ: Count=116292 Max=5201.92 Min=2.33 Avg=74.41 10=11.43 25=14.05 50=21.71 75=87.42 90=151.29 95=302.08 99=760.32 99.9=1548.29 99.99=2805.76] [UPDATE: Count=117091 Max=17973.25 Min=7.47 Avg=90.08 10=18.05 25=21.84 50=30.57 75=96.06 90=163.20 95=317.69 99=830.98 99.9=2779.14 99.99=12771.33]
2025-04-21 20:48:24 25 sec: 250287 operations; [READ: Count=124780 Max=5201.92 Min=2.33 Avg=73.09 10=11.38 25=14.02 50=21.82 75=86.33 90=145.79 95=291.07 99=736.77 99.9=1539.07 99.99=2805.76] [UPDATE: Count=125507 Max=17973.25 Min=7.27 Avg=88.18 10=17.93 25=21.66 50=30.72 75=94.78 90=157.95 95=306.43 99=803.84 99.9=2629.63 99.99=11755.52]
2025-04-21 20:48:25 26 sec: 267129 operations; [READ: Count=133193 Max=5201.92 Min=2.23 Avg=71.98 10=11.30 25=13.98 50=21.93 75=85.31 90=139.13 95=279.55 99=714.24 99.9=1519.62 99.99=2752.51] [UPDATE: Count=133936 Max=17973.25 Min=7.27 Avg=86.50 10=17.81 25=21.50 50=30.86 75=93.57 90=152.70 95=295.17 99=773.63 99.9=2457.60 99.99=11755.52]
2025-04-21 20:48:26 27 sec: 285860 operations; [READ: Count=142612 Max=5201.92 Min=2.23 Avg=70.48 10=11.21 25=13.94 50=22.03 75=84.16 90=129.02 95=263.17 99=689.66 99.9=1498.11 99.99=2742.27] [UPDATE: Count=143248 Max=17973.25 Min=7.14 Avg=84.51 10=17.65 25=21.34 50=30.96 75=92.29 90=144.51 95=278.78 99=749.05 99.9=2390.01 99.99=11231.23]
2025-04-21 20:48:27 28 sec: 305035 operations; [READ: Count=152104 Max=5201.92 Min=2.23 Avg=69.07 10=11.08 25=13.89 50=22.14 75=83.26 90=120.70 95=245.76 99=667.13 99.9=1476.61 99.99=2717.70] [UPDATE: Count=152931 Max=17973.25 Min=7.14 Avg=82.63 10=17.47 25=21.20 50=31.07 75=91.14 90=135.42 95=260.10 99=716.29 99.9=2291.71 99.99=11083.77]
2025-04-21 20:48:28 29 sec: 323855 operations; [READ: Count=161330 Max=5201.92 Min=2.23 Avg=67.86 10=10.93 25=13.85 50=22.22 75=82.56 90=115.45 95=229.76 99=644.10 99.9=1453.06 99.99=2707.45] [UPDATE: Count=162525 Max=17973.25 Min=7.02 Avg=81.10 10=17.34 25=21.09 50=31.26 75=90.24 90=128.96 95=245.63 99=693.25 99.9=2154.49 99.99=10870.78]
2025-04-21 20:48:29 30 sec: 341669 operations; [READ: Count=170291 Max=5201.92 Min=2.23 Avg=67.00 10=10.73 25=13.81 50=22.25 75=82.05 90=112.32 95=220.93 99=622.08 99.9=1438.72 99.99=2689.02] [UPDATE: Count=171378 Max=17973.25 Min=7.02 Avg=79.97 10=17.18 25=20.98 50=31.31 75=89.60 90=125.50 95=236.41 99=675.84 99.9=2111.49 99.99=10764.29]
2025-04-21 20:48:30 31 sec: 358201 operations; [READ: Count=178551 Max=5201.92 Min=2.23 Avg=66.49 10=10.52 25=13.78 50=22.27 75=81.73 90=110.85 95=216.45 99=607.23 99.9=1418.24 99.99=2689.02] [UPDATE: Count=179650 Max=17973.25 Min=6.66 Avg=79.20 10=17.02 25=20.88 50=31.33 75=89.22 90=123.65 95=231.94 99=657.92 99.9=2060.29 99.99=10674.17]
2025-04-21 20:48:31 32 sec: 377421 operations; [READ: Count=187968 Max=5201.92 Min=2.23 Avg=65.52 10=10.19 25=13.73 50=22.30 75=81.28 90=108.03 95=203.78 99=594.43 99.9=1399.81 99.99=2660.35] [UPDATE: Count=189453 Max=17973.25 Min=6.66 Avg=77.95 10=16.83 25=20.78 50=31.39 75=88.70 90=120.45 95=221.18 99=638.46 99.9=1992.70 99.99=10665.98]
2025-04-21 20:48:32 33 sec: 397072 operations; [READ: Count=197687 Max=5201.92 Min=2.23 Avg=64.54 10=9.77 25=13.72 50=22.27 75=80.89 90=105.34 95=191.74 99=578.56 99.9=1383.42 99.99=2639.87] [UPDATE: Count=199385 Max=17973.25 Min=6.66 Avg=76.79 10=16.61 25=20.72 50=31.36 75=88.25 90=117.57 95=209.92 99=620.03 99.9=1952.77 99.99=10665.98]
2025-04-21 20:48:33 34 sec: 417329 operations; [READ: Count=207693 Max=5201.92 Min=2.23 Avg=63.60 10=9.21 25=13.66 50=22.06 75=80.51 90=103.61 95=183.81 99=563.71 99.9=1361.92 99.99=2590.72] [UPDATE: Count=209636 Max=17973.25 Min=6.66 Avg=75.58 10=16.34 25=20.61 50=31.09 75=87.81 90=115.39 95=201.73 99=603.65 99.9=1878.02 99.99=10518.53]
2025-04-21 20:48:34 35 sec: 439025 operations; [READ: Count=218467 Max=5201.92 Min=2.23 Avg=62.53 10=8.45 25=13.60 50=21.71 75=80.06 90=101.89 95=175.87 99=548.86 99.9=1350.65 99.99=2570.24] [UPDATE: Count=220558 Max=17973.25 Min=6.66 Avg=74.25 10=15.99 25=20.48 50=30.64 75=87.30 90=113.41 95=193.66 99=588.80 99.9=1815.55 99.99=10182.66]
2025-04-21 20:48:35 36 sec: 459621 operations; [READ: Count=228780 Max=5201.92 Min=2.23 Avg=61.72 10=7.87 25=13.53 50=21.25 75=79.61 90=100.73 95=172.16 99=543.23 99.9=1340.41 99.99=2566.14] [UPDATE: Count=230841 Max=17973.25 Min=6.66 Avg=73.20 10=15.64 25=20.34 50=30.06 75=86.85 90=112.06 95=189.82 99=579.58 99.9=1767.42 99.99=10108.93]
2025-04-21 20:48:36 37 sec: 485355 operations; [READ: Count=241679 Max=5201.92 Min=2.23 Avg=60.26 10=7.31 25=13.43 50=20.46 75=79.10 90=99.20 95=165.76 99=528.38 99.9=1327.10 99.99=2555.90] [UPDATE: Count=243676 Max=17973.25 Min=6.66 Avg=71.55 10=15.14 25=20.16 50=29.23 75=86.27 90=110.21 95=182.27 99=561.15 99.9=1734.65 99.99=9576.45]
2025-04-21 20:48:37 38 sec: 514562 operations; [READ: Count=256349 Max=5201.92 Min=2.23 Avg=58.51 10=6.87 25=13.30 50=19.41 75=78.46 90=97.28 95=159.62 99=511.49 99.9=1310.72 99.99=2396.16] [UPDATE: Count=258213 Max=17973.25 Min=6.66 Avg=69.62 10=14.66 25=19.95 50=28.19 75=85.63 90=108.09 95=174.59 99=542.21 99.9=1692.67 99.99=9388.03]
2025-04-21 20:48:38 39 sec: 544154 operations; [READ: Count=271155 Max=5201.92 Min=2.23 Avg=56.89 10=6.57 25=13.20 50=18.32 75=77.82 90=95.94 95=155.39 99=493.82 99.9=1282.05 99.99=2390.01] [UPDATE: Count=272999 Max=17973.25 Min=6.66 Avg=67.86 10=14.25 25=19.77 50=27.18 75=85.06 90=106.43 95=169.73 99=523.52 99.9=1627.13 99.99=9355.26]
2025-04-21 20:48:39 40 sec: 574402 operations; [READ: Count=286178 Max=5201.92 Min=2.23 Avg=55.38 10=6.33 25=13.10 50=17.45 75=77.25 90=94.72 95=152.32 99=480.77 99.9=1256.45 99.99=2377.73] [UPDATE: Count=288224 Max=17973.25 Min=6.66 Avg=66.20 10=13.92 25=19.61 50=26.25 75=84.42 90=104.96 95=166.14 99=510.98 99.9=1591.30 99.99=8896.51]
2025-04-21 20:48:40 41 sec: 602935 operations; [READ: Count=300338 Max=5201.92 Min=2.23 Avg=54.18 10=6.19 25=13.04 50=16.94 75=76.73 90=93.82 95=150.14 99=473.34 99.9=1239.04 99.99=2308.09] [UPDATE: Count=302597 Max=17973.25 Min=6.66 Avg=64.88 10=13.70 25=19.50 50=25.58 75=83.90 90=103.87 95=164.09 99=502.01 99.9=1550.34 99.99=8880.13]
2025-04-21 20:48:41 42 sec: 638331 operations; [READ: Count=317970 Max=5201.92 Min=2.23 Avg=52.50 10=6.04 25=12.93 50=16.48 75=76.09 90=92.54 95=145.15 99=458.24 99.9=1219.58 99.99=2293.76] [UPDATE: Count=320361 Max=17973.25 Min=6.66 Avg=63.00 10=13.42 25=19.36 50=24.89 75=83.20 90=102.33 95=159.62 99=487.42 99.9=1508.35 99.99=8093.69]
2025-04-21 20:48:42 43 sec: 673836 operations; [READ: Count=335603 Max=5201.92 Min=2.23 Avg=50.97 10=5.91 25=12.83 50=16.18 75=75.52 90=91.33 95=138.50 99=442.37 99.9=1198.08 99.99=2263.04] [UPDATE: Count=338233 Max=17973.25 Min=6.66 Avg=61.32 10=13.21 25=19.21 50=24.40 75=82.56 90=100.93 95=155.26 99=471.55 99.9=1464.32 99.99=7520.26]
2025-04-21 20:48:43 44 sec: 708650 operations; [READ: Count=352998 Max=5201.92 Min=2.23 Avg=49.65 10=5.79 25=12.73 50=15.93 75=74.94 90=90.37 95=131.58 99=429.82 99.9=1182.72 99.99=2256.89] [UPDATE: Count=355652 Max=17973.25 Min=6.66 Avg=59.87 10=13.01 25=19.07 50=24.02 75=81.98 90=99.71 95=150.91 99=456.96 99.9=1423.36 99.99=6209.53]
2025-04-21 20:48:44 45 sec: 741499 operations; [READ: Count=369398 Max=5201.92 Min=2.23 Avg=48.60 10=5.70 25=12.64 50=15.73 75=74.50 90=89.60 95=126.40 99=421.38 99.9=1167.36 99.99=2205.70] [UPDATE: Count=372101 Max=17973.25 Min=6.66 Avg=58.70 10=12.86 25=18.96 50=23.73 75=81.47 90=98.81 95=146.81 99=444.16 99.9=1383.42 99.99=6184.96]
2025-04-21 20:48:45 46 sec: 770695 operations; [READ: Count=383971 Max=5201.92 Min=2.23 Avg=47.87 10=5.64 25=12.56 50=15.61 75=74.11 90=88.96 95=123.14 99=418.81 99.9=1161.21 99.99=2179.07] [UPDATE: Count=386724 Max=17973.25 Min=6.66 Avg=57.90 10=12.72 25=18.86 50=23.52 75=81.09 90=98.11 95=143.49 99=439.55 99.9=1367.04 99.99=6115.33]
2025-04-21 20:48:46 47 sec: 801742 operations; [READ: Count=399295 Max=5201.92 Min=2.07 Avg=47.10 10=5.58 25=12.49 50=15.50 75=73.66 90=88.38 95=119.87 99=412.67 99.9=1153.02 99.99=2123.78] [UPDATE: Count=402447 Max=17973.25 Min=6.66 Avg=57.00 10=12.60 25=18.75 50=23.33 75=80.70 90=97.34 95=139.52 99=432.38 99.9=1352.70 99.99=5996.54]
2025-04-21 20:48:47 48 sec: 833619 operations; [READ: Count=415263 Max=5201.92 Min=2.07 Avg=46.30 10=5.55 25=12.41 50=15.43 75=73.28 90=87.87 95=117.38 99=403.20 99.9=1137.66 99.99=2101.25] [UPDATE: Count=418356 Max=17973.25 Min=6.66 Avg=56.15 10=12.54 25=18.67 50=23.21 75=80.32 90=96.77 95=135.42 99=423.94 99.9=1332.22 99.99=5816.32]
2025-04-21 20:48:48 49 sec: 867980 operations; [READ: Count=432567 Max=5201.92 Min=2.07 Avg=45.44 10=5.50 25=12.30 50=15.34 75=72.89 90=87.30 95=114.62 99=394.75 99.9=1113.09 99.99=2085.89] [UPDATE: Count=435413 Max=17973.25 Min=6.66 Avg=55.21 10=12.43 25=18.56 50=23.04 75=79.87 90=96.13 95=131.71 99=414.21 99.9=1297.41 99.99=5578.75]
2025-04-21 20:48:49 50 sec: 902226 operations; [READ: Count=449826 Max=5201.92 Min=2.07 Avg=44.63 10=5.45 25=12.18 50=15.24 75=72.45 90=86.72 95=112.32 99=387.33 99.9=1093.63 99.99=2078.72] [UPDATE: Count=452400 Max=17973.25 Min=6.66 Avg=54.36 10=12.35 25=18.43 50=22.89 75=79.49 90=95.49 95=128.64 99=404.74 99.9=1278.97 99.99=5566.46]
2025-04-21 20:48:50 51 sec: 928887 operations; [READ: Count=463116 Max=5201.92 Min=2.03 Avg=44.25 10=5.46 25=12.11 50=15.23 75=72.25 90=86.46 95=111.36 99=384.77 99.9=1086.46 99.99=2076.67] [UPDATE: Count=465771 Max=17973.25 Min=6.66 Avg=54.00 10=12.33 25=18.37 50=22.83 75=79.30 90=95.17 95=127.49 99=402.94 99.9=1269.76 99.99=5562.37]
2025-04-21 20:48:51 52 sec: 941047 operations; [READ: Count=469178 Max=5201.92 Min=2.03 Avg=44.68 10=5.49 25=12.13 50=15.29 75=72.51 90=86.91 95=113.79 99=386.56 99.9=1092.61 99.99=2074.62] [UPDATE: Count=471869 Max=17973.25 Min=6.66 Avg=54.41 10=12.37 25=18.40 50=22.91 75=79.55 90=95.68 95=130.50 99=404.74 99.9=1271.81 99.99=5562.37]
2025-04-21 20:48:52 53 sec: 951149 operations; [READ: Count=474258 Max=5201.92 Min=2.03 Avg=45.19 10=5.50 25=12.17 50=15.34 75=72.83 90=87.42 95=117.06 99=389.89 99.9=1088.51 99.99=2074.62] [UPDATE: Count=476891 Max=17973.25 Min=6.66 Avg=54.92 10=12.39 25=18.43 50=22.99 75=79.87 90=96.32 95=135.68 99=409.34 99.9=1271.81 99.99=5500.93]
2025-04-21 20:48:53 54 sec: 961165 operations; [READ: Count=479294 Max=5201.92 Min=2.03 Avg=45.71 10=5.53 25=12.21 50=15.39 75=73.22 90=88.00 95=120.96 99=390.91 99.9=1086.46 99.99=2071.55] [UPDATE: Count=481871 Max=17973.25 Min=6.66 Avg=55.43 10=12.42 25=18.48 50=23.07 75=80.25 90=96.96 95=141.44 99=410.62 99.9=1266.69 99.99=5500.93]
2025-04-21 20:48:54 55 sec: 970835 operations; [READ: Count=484101 Max=5201.92 Min=2.03 Avg=46.23 10=5.54 25=12.25 50=15.45 75=73.53 90=88.64 95=126.40 99=393.47 99.9=1085.44 99.99=2071.55] [UPDATE: Count=486734 Max=17973.25 Min=6.66 Avg=55.93 10=12.46 25=18.51 50=23.17 75=80.64 90=97.66 95=146.43 99=413.44 99.9=1263.62 99.99=5451.77]
2025-04-21 20:48:55 56 sec: 981129 operations; [READ: Count=489250 Max=5201.92 Min=2.03 Avg=46.72 10=5.55 25=12.28 50=15.51 75=73.86 90=89.15 95=132.74 99=395.52 99.9=1082.37 99.99=2055.17] [UPDATE: Count=491879 Max=17973.25 Min=6.66 Avg=56.39 10=12.48 25=18.54 50=23.25 75=80.96 90=98.24 95=149.38 99=415.74 99.9=1264.64 99.99=5451.77]
2025-04-21 20:48:56 57 sec: 992278 operations; [READ: Count=494735 Max=5201.92 Min=2.03 Avg=47.16 10=5.57 25=12.30 50=15.57 75=74.17 90=89.66 95=137.09 99=396.03 99.9=1075.20 99.99=2055.17] [UPDATE: Count=497543 Max=17973.25 Min=6.66 Avg=56.80 10=12.50 25=18.59 50=23.34 75=81.28 90=98.75 95=151.42 99=415.74 99.9=1258.49 99.99=5447.68]
2025-04-21 20:48:56 57 sec: 1000000 operations; [READ: Count=498648 Max=5201.92 Min=2.03 Avg=47.43 10=5.58 25=12.33 50=15.62 75=74.37 90=89.98 95=139.13 99=395.77 99.9=1073.15 99.99=2002.94] [UPDATE: Count=501352 Max=17973.25 Min=6.66 Avg=57.06 10=12.53 25=18.61 50=23.41 75=81.47 90=99.20 95=152.57 99=415.49 99.9=1255.42 99.99=5447.68]
Run runtime(sec): 57.7483
Run operations(ops): 1000000
Run throughput(ops/sec): 17316.5
