Running scope as unit: run-rb886e3164fd547c893bb50d6a0287a2d.scope
load file:/home/user/DataFiles/silesia_data/silesia.tar
2025-04-21 20:47:59 0 sec: 0 operations;
2025-04-21 20:48:00 1 sec: 0 operations;
2025-04-21 20:48:01 2 sec: 0 operations;
2025-04-21 20:48:02 3 sec: 0 operations;
2025-04-21 20:48:03 4 sec: 0 operations;
2025-04-21 20:48:04 5 sec: 5183 operations; [READ: Count=2603 Max=1065.98 Min=3.15 Avg=68.00 10=13.62 25=17.25 50=21.68 75=91.65 90=134.01 95=299.26 99=525.31 99.9=980.99 99.99=1065.98] [UPDATE: Count=2580 Max=1900.54 Min=12.89 Avg=81.89 10=22.51 25=26.45 50=35.01 75=102.59 90=144.00 95=302.08 99=621.57 99.9=1108.99 99.99=1900.54]
2025-04-21 20:48:05 6 sec: 11976 operations; [READ: Count=6058 Max=2760.70 Min=3.15 Avg=95.10 10=13.89 25=17.95 50=23.66 75=93.95 90=157.44 95=477.69 99=1058.82 99.9=1543.17 99.99=1958.91] [UPDATE: Count=5918 Max=16474.11 Min=9.14 Avg=136.04 10=22.78 25=27.34 50=36.32 75=105.92 90=205.57 95=523.52 99=1253.38 99.9=10059.77 99.99=15761.41]
2025-04-21 20:48:06 7 sec: 17309 operations; [READ: Count=8695 Max=3057.66 Min=2.71 Avg=112.16 10=13.84 25=18.18 50=23.87 75=94.27 90=250.88 95=629.25 99=1331.20 99.9=1958.91 99.99=3049.47] [UPDATE: Count=8614 Max=17055.74 Min=9.14 Avg=162.60 10=22.99 25=27.70 50=36.67 75=106.81 90=296.96 95=712.19 99=1526.78 99.9=11034.62 99.99=16474.11]
2025-04-21 20:48:07 8 sec: 25690 operations; [READ: Count=12968 Max=4345.85 Min=2.44 Avg=106.76 10=12.13 25=16.99 50=22.69 75=92.54 90=232.32 95=594.43 99=1262.59 99.9=1952.77 99.99=3057.66] [UPDATE: Count=12722 Max=17055.74 Min=8.10 Avg=155.86 10=21.01 25=26.27 50=35.17 75=104.45 90=290.81 95=680.45 99=1464.32 99.9=11149.31 99.99=16474.11]
2025-04-21 20:48:08 9 sec: 39853 operations; [READ: Count=20037 Max=4345.85 Min=2.44 Avg=90.66 10=11.21 25=13.75 50=20.72 75=88.89 90=151.55 95=427.26 99=1119.23 99.9=1752.06 99.99=3049.47] [UPDATE: Count=19816 Max=17055.74 Min=7.56 Avg=128.02 10=18.38 25=22.77 50=31.30 75=99.01 90=200.70 95=492.03 99=1324.03 99.9=10690.56 99.99=15761.41]
2025-04-21 20:48:09 10 sec: 55402 operations; [READ: Count=27823 Max=4345.85 Min=2.34 Avg=81.22 10=11.05 25=13.01 50=19.54 75=85.50 90=124.86 95=360.19 99=1073.15 99.9=1752.06 99.99=2914.30] [UPDATE: Count=27579 Max=17055.74 Min=7.56 Avg=111.61 10=18.00 25=21.38 50=29.04 75=95.10 90=147.07 95=395.52 99=1201.15 99.9=7491.58 99.99=14835.71]
2025-04-21 20:48:10 11 sec: 73717 operations; [READ: Count=37020 Max=4345.85 Min=2.34 Avg=73.06 10=11.00 25=12.82 50=18.70 75=82.05 90=114.17 95=330.50 99=987.13 99.9=1695.74 99.99=2760.70] [UPDATE: Count=36697 Max=17055.74 Min=7.56 Avg=98.50 10=17.89 25=20.93 50=27.74 75=91.07 90=131.84 95=354.81 99=1080.32 99.9=6094.85 99.99=14458.88]
2025-04-21 20:48:11 12 sec: 93873 operations; [READ: Count=47098 Max=4345.85 Min=2.34 Avg=66.77 10=11.01 25=12.82 50=18.21 75=36.29 90=106.56 95=303.36 99=902.14 99.9=1604.61 99.99=2656.26] [UPDATE: Count=46775 Max=17055.74 Min=7.56 Avg=88.82 10=17.84 25=20.82 50=27.17 75=83.65 90=121.73 95=329.73 99=997.38 99.9=5050.37 99.99=13869.06]
2025-04-21 20:48:12 13 sec: 109187 operations; [READ: Count=54845 Max=4345.85 Min=2.34 Avg=65.33 10=11.04 25=12.92 50=18.30 75=38.11 90=106.05 95=296.45 99=869.89 99.9=1580.03 99.99=2656.26] [UPDATE: Count=54342 Max=17055.74 Min=7.36 Avg=86.51 10=17.87 25=20.86 50=27.20 75=83.39 90=121.47 95=320.51 99=953.86 99.9=4007.93 99.99=13869.06]
2025-04-21 20:48:13 14 sec: 121377 operations; [READ: Count=60919 Max=4345.85 Min=2.34 Avg=66.29 10=11.05 25=12.99 50=18.56 75=77.06 90=109.57 95=301.31 99=848.89 99.9=1561.60 99.99=2594.82] [UPDATE: Count=60458 Max=17055.74 Min=7.36 Avg=86.57 10=17.82 25=20.88 50=27.34 75=86.85 90=125.50 95=322.05 99=927.23 99.9=3627.01 99.99=13656.06]
2025-04-21 20:48:14 15 sec: 131166 operations; [READ: Count=65765 Max=4345.85 Min=2.34 Avg=68.68 10=11.06 25=13.04 50=18.83 75=79.17 90=115.14 95=307.20 99=876.03 99.9=1658.88 99.99=2760.70] [UPDATE: Count=65401 Max=17055.74 Min=7.36 Avg=87.86 10=17.81 25=20.89 50=27.49 75=88.38 90=130.88 95=326.40 99=942.08 99.9=3450.88 99.99=12402.69]
2025-04-21 20:48:15 16 sec: 141686 operations; [READ: Count=71019 Max=4345.85 Min=2.34 Avg=70.24 10=11.05 25=13.11 50=19.23 75=81.22 90=124.03 95=311.81 99=863.74 99.9=1652.73 99.99=2760.70] [UPDATE: Count=70667 Max=17055.74 Min=7.36 Avg=88.63 10=17.79 25=20.98 50=27.79 75=90.05 90=139.39 95=327.68 99=925.70 99.9=3119.10 99.99=12402.69]
2025-04-21 20:48:16 17 sec: 153012 operations; [READ: Count=76707 Max=4345.85 Min=2.34 Avg=70.97 10=11.05 25=13.18 50=19.58 75=82.37 90=131.71 95=312.06 99=843.26 99.9=1618.94 99.99=2742.27] [UPDATE: Count=76305 Max=17055.74 Min=7.36 Avg=89.09 10=17.77 25=21.04 50=28.11 75=91.14 90=148.99 95=326.65 99=901.12 99.9=3016.70 99.99=12222.46]
2025-04-21 20:48:17 18 sec: 165119 operations; [READ: Count=82747 Max=4345.85 Min=2.34 Avg=71.37 10=11.03 25=13.22 50=19.81 75=83.07 90=140.16 95=311.30 99=812.54 99.9=1595.39 99.99=2742.27] [UPDATE: Count=82372 Max=17055.74 Min=7.36 Avg=88.92 10=17.73 25=21.04 50=28.24 75=91.84 90=154.88 95=326.40 99=878.59 99.9=2840.57 99.99=12222.46]
2025-04-21 20:48:18 19 sec: 178513 operations; [READ: Count=89407 Max=4345.85 Min=2.22 Avg=71.09 10=11.00 25=13.21 50=19.86 75=83.20 90=142.85 95=308.99 99=794.62 99.9=1586.17 99.99=2656.26] [UPDATE: Count=89106 Max=17055.74 Min=7.26 Avg=88.22 10=17.68 25=21.01 50=28.24 75=91.97 90=156.93 95=323.84 99=861.18 99.9=2781.18 99.99=12140.54]
2025-04-21 20:48:19 20 sec: 193655 operations; [READ: Count=96884 Max=4345.85 Min=2.22 Avg=70.14 10=10.94 25=13.18 50=19.81 75=82.88 90=141.69 95=302.85 99=780.80 99.9=1559.55 99.99=2594.82] [UPDATE: Count=96771 Max=17055.74 Min=7.26 Avg=86.88 10=17.55 25=20.88 50=28.06 75=91.39 90=155.13 95=318.21 99=839.17 99.9=2768.89 99.99=11763.71]
2025-04-21 20:48:20 21 sec: 210477 operations; [READ: Count=105313 Max=4345.85 Min=2.22 Avg=68.94 10=10.86 25=13.11 50=19.66 75=82.43 90=139.78 95=297.73 99=759.81 99.9=1547.26 99.99=2537.47] [UPDATE: Count=105164 Max=17055.74 Min=7.26 Avg=84.89 10=17.39 25=20.72 50=27.81 75=90.75 90=152.70 95=312.57 99=818.69 99.9=2643.97 99.99=11681.79]
2025-04-21 20:48:21 22 sec: 227780 operations; [READ: Count=113976 Max=4345.85 Min=2.22 Avg=67.62 10=10.78 25=13.06 50=19.54 75=81.92 90=138.50 95=288.77 99=735.74 99.9=1513.47 99.99=2537.47] [UPDATE: Count=113804 Max=17055.74 Min=7.26 Avg=83.15 10=17.26 25=20.61 50=27.63 75=90.37 90=151.94 95=305.15 99=795.65 99.9=2541.57 99.99=11681.79]
2025-04-21 20:48:22 23 sec: 242349 operations; [READ: Count=121260 Max=4345.85 Min=2.22 Avg=67.35 10=10.75 25=13.05 50=19.60 75=81.98 90=135.04 95=283.39 99=716.80 99.9=1502.21 99.99=2529.28] [UPDATE: Count=121089 Max=17055.74 Min=7.26 Avg=82.51 10=17.18 25=20.53 50=27.71 75=90.24 90=150.01 95=299.77 99=772.10 99.9=2441.22 99.99=11255.81]
2025-04-21 20:48:23 24 sec: 259612 operations; [READ: Count=129858 Max=4345.85 Min=2.22 Avg=66.39 10=10.69 25=13.01 50=19.70 75=81.41 90=125.63 95=269.31 99=692.74 99.9=1465.34 99.99=2461.70] [UPDATE: Count=129754 Max=17055.74 Min=7.19 Avg=81.10 10=17.07 25=20.40 50=27.84 75=89.53 90=142.34 95=286.72 99=746.50 99.9=2363.39 99.99=11149.31]
2025-04-21 20:48:24 25 sec: 276586 operations; [READ: Count=138385 Max=4345.85 Min=2.22 Avg=65.65 10=10.60 25=12.96 50=19.79 75=80.89 90=118.66 95=257.79 99=672.77 99.9=1457.15 99.99=2412.54] [UPDATE: Count=138201 Max=17055.74 Min=7.19 Avg=79.92 10=16.94 25=20.27 50=27.98 75=88.77 90=134.78 95=276.48 99=720.38 99.9=2283.52 99.99=11034.62]
2025-04-21 20:48:25 26 sec: 294534 operations; [READ: Count=147393 Max=4345.85 Min=2.22 Avg=64.73 10=10.50 25=12.90 50=19.84 75=80.32 90=113.47 95=243.84 99=645.63 99.9=1434.62 99.99=2408.45] [UPDATE: Count=147141 Max=17055.74 Min=7.16 Avg=78.66 10=16.78 25=20.13 50=28.05 75=88.06 90=128.45 95=263.94 99=700.93 99.9=2203.65 99.99=10993.66]
2025-04-21 20:48:26 27 sec: 314108 operations; [READ: Count=157291 Max=4345.85 Min=2.22 Avg=63.59 10=10.37 25=12.86 50=19.90 75=79.81 90=108.09 95=226.05 99=622.08 99.9=1410.05 99.99=2402.30] [UPDATE: Count=156817 Max=17055.74 Min=7.16 Avg=77.13 10=16.62 25=20.00 50=28.16 75=87.36 90=121.98 95=247.17 99=675.84 99.9=2113.53 99.99=10993.66]
2025-04-21 20:48:27 28 sec: 333888 operations; [READ: Count=167199 Max=4345.85 Min=2.22 Avg=62.56 10=10.21 25=12.81 50=19.98 75=79.30 90=104.32 95=212.22 99=603.13 99.9=1388.54 99.99=2353.15] [UPDATE: Count=166689 Max=17055.74 Min=7.16 Avg=75.72 10=16.48 25=19.87 50=28.24 75=86.72 90=117.25 95=231.55 99=654.85 99.9=2021.38 99.99=10887.17]
2025-04-21 20:48:28 29 sec: 353036 operations; [READ: Count=176806 Max=4345.85 Min=2.22 Avg=61.74 10=9.98 25=12.77 50=20.02 75=78.91 90=101.95 95=201.47 99=587.77 99.9=1379.33 99.99=2310.14] [UPDATE: Count=176230 Max=17055.74 Min=7.16 Avg=74.62 10=16.33 25=19.77 50=28.34 75=86.33 90=114.24 95=219.78 99=631.29 99.9=1965.06 99.99=10829.82]
2025-04-21 20:48:29 30 sec: 369772 operations; [READ: Count=185109 Max=4345.85 Min=2.22 Avg=61.43 10=9.75 25=12.74 50=20.06 75=78.78 90=101.06 95=198.66 99=576.00 99.9=1368.06 99.99=2263.04] [UPDATE: Count=184663 Max=17055.74 Min=7.16 Avg=74.08 10=16.18 25=19.71 50=28.38 75=86.08 90=113.09 95=215.94 99=616.45 99.9=1902.59 99.99=10829.82]
2025-04-21 20:48:30 31 sec: 388059 operations; [READ: Count=194280 Max=4345.85 Min=2.14 Avg=60.90 10=9.40 25=12.72 50=20.08 75=78.53 90=99.65 95=192.90 99=562.17 99.9=1353.73 99.99=2263.04] [UPDATE: Count=193779 Max=17055.74 Min=7.16 Avg=73.30 10=16.03 25=19.63 50=28.43 75=85.82 90=111.42 95=209.41 99=600.58 99.9=1837.06 99.99=10747.90]
2025-04-21 20:48:31 32 sec: 407587 operations; [READ: Count=203894 Max=4345.85 Min=2.14 Avg=60.25 10=8.97 25=12.69 50=20.14 75=78.33 90=98.24 95=185.47 99=548.35 99.9=1338.37 99.99=2254.85] [UPDATE: Count=203693 Max=17055.74 Min=7.14 Avg=72.34 10=15.80 25=19.55 50=28.48 75=85.57 90=109.38 95=202.24 99=585.22 99.9=1807.36 99.99=10690.56]
2025-04-21 20:48:32 33 sec: 427534 operations; [READ: Count=213887 Max=4345.85 Min=2.14 Avg=59.56 10=8.44 25=12.65 50=20.14 75=78.08 90=96.89 95=175.87 99=536.06 99.9=1328.13 99.99=2244.61] [UPDATE: Count=213647 Max=17055.74 Min=7.14 Avg=71.44 10=15.58 25=19.49 50=28.53 75=85.31 90=107.65 95=195.58 99=572.41 99.9=1752.06 99.99=10461.18]
2025-04-21 20:48:33 34 sec: 446268 operations; [READ: Count=223252 Max=4345.85 Min=2.14 Avg=59.14 10=7.97 25=12.63 50=20.19 75=77.95 90=96.13 95=170.75 99=525.31 99.9=1314.82 99.99=2234.37] [UPDATE: Count=223016 Max=17055.74 Min=7.14 Avg=70.77 10=15.34 25=19.42 50=28.53 75=85.18 90=106.56 95=190.46 99=559.10 99.9=1740.80 99.99=10059.77]
2025-04-21 20:48:34 35 sec: 463403 operations; [READ: Count=231794 Max=4345.85 Min=2.14 Avg=58.94 10=7.63 25=12.62 50=20.22 75=77.89 90=95.55 95=167.94 99=519.17 99.9=1303.55 99.99=2183.17] [UPDATE: Count=231609 Max=17055.74 Min=6.97 Avg=70.42 10=15.10 25=19.38 50=28.59 75=85.06 90=105.86 95=188.03 99=552.45 99.9=1702.91 99.99=9379.84]
2025-04-21 20:48:35 36 sec: 481398 operations; [READ: Count=240808 Max=4345.85 Min=2.14 Avg=58.64 10=7.33 25=12.59 50=20.24 75=77.76 90=94.85 95=164.86 99=512.00 99.9=1296.38 99.99=2183.17] [UPDATE: Count=240590 Max=17055.74 Min=6.97 Avg=69.98 10=14.85 25=19.31 50=28.59 75=84.93 90=105.09 95=184.70 99=546.82 99.9=1669.12 99.99=9297.92]
2025-04-21 20:48:36 37 sec: 501306 operations; [READ: Count=250703 Max=4345.85 Min=2.14 Avg=58.11 10=7.05 25=12.56 50=20.22 75=77.57 90=94.02 95=159.62 99=501.50 99.9=1283.07 99.99=2148.35] [UPDATE: Count=250603 Max=17055.74 Min=6.97 Avg=69.31 10=14.60 25=19.26 50=28.59 75=84.80 90=104.06 95=178.81 99=535.04 99.9=1639.42 99.99=9265.15]
2025-04-21 20:48:37 38 sec: 521166 operations; [READ: Count=260722 Max=4345.85 Min=2.14 Avg=57.64 10=6.85 25=12.53 50=20.21 75=77.44 90=93.31 95=156.03 99=489.21 99.9=1264.64 99.99=2131.97] [UPDATE: Count=260444 Max=17055.74 Min=6.97 Avg=68.71 10=14.38 25=19.21 50=28.59 75=84.61 90=103.17 95=173.44 99=521.47 99.9=1616.89 99.99=9199.61]
2025-04-21 20:48:38 39 sec: 539745 operations; [READ: Count=270012 Max=4345.85 Min=2.13 Avg=57.34 10=6.68 25=12.49 50=20.16 75=77.38 90=92.86 95=154.50 99=478.98 99.9=1255.42 99.99=2107.39] [UPDATE: Count=269733 Max=17055.74 Min=6.97 Avg=68.30 10=14.17 25=19.17 50=28.54 75=84.54 90=102.66 95=171.26 99=512.25 99.9=1579.01 99.99=8200.19]
2025-04-21 20:48:39 40 sec: 556531 operations; [READ: Count=278444 Max=4345.85 Min=2.13 Avg=57.27 10=6.56 25=12.48 50=20.13 75=77.31 90=92.73 95=154.50 99=476.67 99.9=1243.13 99.99=2095.10] [UPDATE: Count=278087 Max=17055.74 Min=6.97 Avg=68.13 10=14.02 25=19.12 50=28.51 75=84.54 90=102.46 95=171.01 99=508.67 99.9=1545.21 99.99=7958.53]
2025-04-21 20:48:40 41 sec: 575057 operations; [READ: Count=287695 Max=4345.85 Min=2.13 Avg=56.99 10=6.44 25=12.45 50=20.08 75=77.25 90=92.29 95=152.70 99=470.53 99.9=1232.89 99.99=2055.17] [UPDATE: Count=287362 Max=17055.74 Min=6.97 Avg=67.80 10=13.86 25=19.07 50=28.48 75=84.48 90=101.89 95=169.34 99=503.04 99.9=1523.71 99.99=7483.39]
2025-04-21 20:48:41 42 sec: 595591 operations; [READ: Count=297885 Max=4345.85 Min=2.13 Avg=56.52 10=6.32 25=12.41 50=20.00 75=77.18 90=91.65 95=149.25 99=462.85 99.9=1227.78 99.99=2055.17] [UPDATE: Count=297706 Max=17055.74 Min=6.97 Avg=67.26 10=13.69 25=19.02 50=28.41 75=84.35 90=101.18 95=165.89 99=492.29 99.9=1498.11 99.99=7483.39]
2025-04-21 20:48:42 43 sec: 616944 operations; [READ: Count=308786 Max=4345.85 Min=2.13 Avg=56.03 10=6.22 25=12.38 50=19.90 75=76.99 90=91.01 95=145.79 99=454.14 99.9=1218.56 99.99=1994.75] [UPDATE: Count=308158 Max=17055.74 Min=6.97 Avg=66.66 10=13.54 25=18.96 50=28.30 75=84.22 90=100.48 95=162.05 99=480.77 99.9=1472.51 99.99=7483.39]
2025-04-21 20:48:43 44 sec: 635325 operations; [READ: Count=318081 Max=4345.85 Min=2.13 Avg=55.85 10=6.15 25=12.34 50=19.82 75=76.99 90=90.81 95=145.15 99=448.77 99.9=1206.27 99.99=1978.37] [UPDATE: Count=317244 Max=17055.74 Min=6.97 Avg=66.39 10=13.44 25=18.91 50=28.19 75=84.22 90=100.29 95=161.53 99=474.11 99.9=1454.08 99.99=7311.36]
2025-04-21 20:48:44 45 sec: 655021 operations; [READ: Count=328002 Max=4345.85 Min=2.13 Avg=55.55 10=6.09 25=12.30 50=19.71 75=76.86 90=90.50 95=142.59 99=443.39 99.9=1191.93 99.99=1970.17] [UPDATE: Count=327019 Max=17055.74 Min=6.97 Avg=66.02 10=13.32 25=18.85 50=28.05 75=84.16 90=99.84 95=159.49 99=470.27 99.9=1440.77 99.99=7270.40]
2025-04-21 20:48:45 46 sec: 670865 operations; [READ: Count=335853 Max=4345.85 Min=2.13 Avg=55.65 10=6.04 25=12.28 50=19.65 75=76.86 90=90.37 95=142.59 99=448.00 99.9=1195.01 99.99=1994.75] [UPDATE: Count=335012 Max=17055.74 Min=6.97 Avg=65.99 10=13.24 25=18.82 50=27.93 75=84.09 90=99.71 95=159.62 99=474.11 99.9=1435.65 99.99=7065.60]
2025-04-21 20:48:46 47 sec: 690965 operations; [READ: Count=345855 Max=4345.85 Min=2.13 Avg=55.34 10=6.00 25=12.24 50=19.49 75=76.80 90=90.11 95=140.41 99=440.32 99.9=1178.62 99.99=1978.37] [UPDATE: Count=345110 Max=17055.74 Min=6.97 Avg=65.61 10=13.15 25=18.75 50=27.77 75=84.03 90=99.39 95=158.21 99=467.97 99.9=1418.24 99.99=6918.14]
2025-04-21 20:48:47 48 sec: 711170 operations; [READ: Count=355918 Max=4345.85 Min=2.13 Avg=55.02 10=5.93 25=12.20 50=19.33 75=76.73 90=89.86 95=138.11 99=433.41 99.9=1162.24 99.99=1970.17] [UPDATE: Count=355252 Max=17055.74 Min=6.97 Avg=65.25 10=13.05 25=18.70 50=27.63 75=84.03 90=99.01 95=156.93 99=460.54 99.9=1400.83 99.99=6774.78]
2025-04-21 20:48:48 49 sec: 731706 operations; [READ: Count=366207 Max=4345.85 Min=2.13 Avg=54.71 10=5.89 25=12.15 50=19.14 75=76.67 90=89.60 95=135.17 99=427.26 99.9=1155.07 99.99=1960.96] [UPDATE: Count=365499 Max=17055.74 Min=6.97 Avg=64.87 10=12.97 25=18.62 50=27.45 75=83.97 90=98.75 95=155.39 99=454.91 99.9=1385.47 99.99=6635.52]
2025-04-21 20:48:49 50 sec: 751191 operations; [READ: Count=375996 Max=4345.85 Min=2.13 Avg=54.48 10=5.85 25=12.11 50=18.96 75=76.61 90=89.41 95=133.76 99=423.68 99.9=1140.73 99.99=1958.91] [UPDATE: Count=375195 Max=17055.74 Min=6.97 Avg=64.62 10=12.89 25=18.56 50=27.30 75=83.90 90=98.56 95=154.62 99=451.84 99.9=1371.13 99.99=6610.94]
2025-04-21 20:48:50 51 sec: 769560 operations; [READ: Count=385287 Max=4345.85 Min=2.07 Avg=54.37 10=5.82 25=12.07 50=18.80 75=76.61 90=89.28 95=132.48 99=423.68 99.9=1140.73 99.99=1952.77] [UPDATE: Count=384273 Max=17055.74 Min=6.97 Avg=64.45 10=12.83 25=18.51 50=27.15 75=83.84 90=98.37 95=153.60 99=451.33 99.9=1361.92 99.99=6610.94]
2025-04-21 20:48:51 52 sec: 787625 operations; [READ: Count=394363 Max=4345.85 Min=2.07 Avg=54.27 10=5.80 25=12.03 50=18.61 75=76.61 90=89.28 95=133.50 99=420.10 99.9=1134.59 99.99=1952.77] [UPDATE: Count=393262 Max=17055.74 Min=6.97 Avg=64.33 10=12.78 25=18.46 50=26.99 75=83.84 90=98.43 95=154.62 99=447.49 99.9=1349.63 99.99=6094.85]
2025-04-21 20:48:52 53 sec: 806639 operations; [READ: Count=403908 Max=4345.85 Min=2.07 Avg=54.11 10=5.77 25=11.99 50=18.40 75=76.54 90=89.28 95=133.76 99=416.77 99.9=1125.38 99.99=1949.69] [UPDATE: Count=402731 Max=17055.74 Min=6.97 Avg=64.13 10=12.72 25=18.41 50=26.85 75=83.84 90=98.37 95=154.50 99=443.65 99.9=1333.25 99.99=6074.37]
2025-04-21 20:48:53 54 sec: 826665 operations; [READ: Count=414010 Max=4345.85 Min=2.07 Avg=53.90 10=5.74 25=11.94 50=18.22 75=76.54 90=89.15 95=132.74 99=411.65 99.9=1113.09 99.99=1948.67] [UPDATE: Count=412655 Max=17055.74 Min=6.97 Avg=63.86 10=12.67 25=18.35 50=26.70 75=83.84 90=98.24 95=153.85 99=438.01 99.9=1324.03 99.99=6066.18]
2025-04-21 20:48:54 55 sec: 846911 operations; [READ: Count=424210 Max=4345.85 Min=2.07 Avg=53.74 10=5.71 25=11.89 50=18.06 75=76.54 90=89.09 95=132.22 99=407.81 99.9=1105.92 99.99=1932.29] [UPDATE: Count=422701 Max=17055.74 Min=6.97 Avg=63.60 10=12.62 25=18.29 50=26.54 75=83.78 90=98.11 95=153.09 99=433.66 99.9=1316.86 99.99=6049.79]
2025-04-21 20:48:55 56 sec: 866997 operations; [READ: Count=434207 Max=4345.85 Min=2.07 Avg=53.55 10=5.69 25=11.83 50=17.86 75=76.48 90=88.96 95=131.46 99=405.76 99.9=1097.73 99.99=1891.33] [UPDATE: Count=432790 Max=17055.74 Min=6.94 Avg=63.34 10=12.55 25=18.22 50=26.35 75=83.78 90=97.92 95=152.19 99=431.10 99.9=1306.62 99.99=5738.49]
2025-04-21 20:48:56 57 sec: 888468 operations; [READ: Count=444948 Max=4345.85 Min=2.07 Avg=53.25 10=5.66 25=11.77 50=17.65 75=76.42 90=88.77 95=129.66 99=400.89 99.9=1091.58 99.99=1888.26] [UPDATE: Count=443520 Max=17055.74 Min=6.94 Avg=63.02 10=12.51 25=18.16 50=26.19 75=83.71 90=97.73 95=151.04 99=425.47 99.9=1297.41 99.99=5623.81]
2025-04-21 20:48:57 58 sec: 908503 operations; [READ: Count=454883 Max=10600.45 Min=2.07 Avg=53.06 10=5.66 25=11.71 50=17.54 75=76.42 90=88.64 95=128.51 99=397.06 99.9=1085.44 99.99=1888.26] [UPDATE: Count=453620 Max=17055.74 Min=6.94 Avg=62.81 10=12.51 25=18.13 50=26.11 75=83.71 90=97.60 95=150.27 99=421.63 99.9=1280.00 99.99=5378.05]
2025-04-21 20:48:58 59 sec: 922042 operations; [READ: Count=461602 Max=10600.45 Min=2.06 Avg=53.28 10=5.68 25=11.70 50=17.61 75=76.48 90=88.89 95=130.75 99=398.59 99.9=1081.34 99.99=1872.89] [UPDATE: Count=460440 Max=17055.74 Min=6.62 Avg=63.03 10=12.53 25=18.11 50=26.16 75=83.84 90=97.98 95=152.06 99=422.91 99.9=1269.76 99.99=5292.03]
2025-04-21 20:48:59 60 sec: 936785 operations; [READ: Count=469046 Max=10600.45 Min=2.06 Avg=53.45 10=5.71 25=11.70 50=17.77 75=76.73 90=89.22 95=130.50 99=398.33 99.9=1076.22 99.99=1864.70] [UPDATE: Count=467739 Max=17055.74 Min=6.62 Avg=63.14 10=12.57 25=18.13 50=26.27 75=83.97 90=98.24 95=151.68 99=422.14 99.9=1256.45 99.99=5189.63]
2025-04-21 20:49:00 61 sec: 952786 operations; [READ: Count=477123 Max=10600.45 Min=2.06 Avg=53.53 10=5.74 25=11.72 50=17.90 75=76.86 90=89.53 95=130.43 99=396.03 99.9=1071.10 99.99=1864.70] [UPDATE: Count=475663 Max=17055.74 Min=6.62 Avg=63.17 10=12.62 25=18.14 50=26.35 75=84.16 90=98.43 95=151.04 99=419.33 99.9=1254.40 99.99=5169.15]
2025-04-21 20:49:01 62 sec: 970882 operations; [READ: Count=486227 Max=10600.45 Min=2.06 Avg=53.49 10=5.78 25=11.74 50=18.05 75=76.99 90=89.73 95=129.41 99=392.70 99.9=1065.98 99.99=1856.51] [UPDATE: Count=484655 Max=17055.74 Min=6.62 Avg=63.06 10=12.68 25=18.16 50=26.40 75=84.29 90=98.50 95=149.89 99=416.51 99.9=1239.04 99.99=5169.15]
2025-04-21 20:49:02 63 sec: 988012 operations; [READ: Count=494697 Max=10600.45 Min=2.06 Avg=53.50 10=5.80 25=11.77 50=18.19 75=77.12 90=89.86 95=129.60 99=389.89 99.9=1058.82 99.99=1856.51] [UPDATE: Count=493315 Max=17055.74 Min=6.62 Avg=63.03 10=12.72 25=18.18 50=26.46 75=84.35 90=98.62 95=149.63 99=413.69 99.9=1226.75 99.99=5156.86]
2025-04-21 20:49:03 64 sec: 1000000 operations; [READ: Count=500620 Max=10600.45 Min=2.06 Avg=53.70 10=5.82 25=11.79 50=18.38 75=77.25 90=90.11 95=134.27 99=389.12 99.9=1056.77 99.99=1846.27] [UPDATE: Count=499380 Max=17055.74 Min=6.62 Avg=63.19 10=12.75 25=18.21 50=26.62 75=84.48 90=98.94 95=152.06 99=412.16 99.9=1220.61 99.99=5054.46]
Run runtime(sec): 64.0309
Run operations(ops): 1000000
Run throughput(ops/sec): 15617.5
