Running scope as unit: run-r63e1e7a4b472463a84ffedda29198b6c.scope
load file:/home/user/DataFiles/silesia_data/silesia.tar
2025-04-21 20:47:59 0 sec: 0 operations;
2025-04-21 20:48:00 1 sec: 0 operations;
2025-04-21 20:48:01 2 sec: 0 operations;
2025-04-21 20:48:02 3 sec: 0 operations;
2025-04-21 20:48:03 4 sec: 0 operations;
2025-04-21 20:48:04 5 sec: 5119 operations; [READ: Count=2558 Max=1022.46 Min=3.23 Avg=64.45 10=13.32 25=17.20 50=21.47 75=91.20 90=122.30 95=267.01 99=471.81 99.9=823.81 99.99=1022.46] [UPDATE: Count=2561 Max=5218.30 Min=10.30 Avg=86.15 10=23.12 25=26.86 50=36.16 75=104.38 90=150.66 95=308.48 99=630.27 99.9=1177.60 99.99=5218.30]
2025-04-21 20:48:05 6 sec: 11512 operations; [READ: Count=5731 Max=2981.89 Min=2.82 Avg=98.19 10=14.77 25=18.29 50=25.76 75=95.30 90=163.58 95=474.88 99=1102.85 99.9=1511.42 99.99=2181.12] [UPDATE: Count=5781 Max=17776.64 Min=9.59 Avg=141.06 10=23.58 25=28.72 50=39.45 75=109.95 90=202.24 95=512.51 99=1183.74 99.9=9936.90 99.99=15441.92]
2025-04-21 20:48:06 7 sec: 16685 operations; [READ: Count=8352 Max=3037.18 Min=2.54 Avg=119.98 10=14.50 25=18.46 50=25.60 75=95.81 90=275.97 95=719.87 99=1335.30 99.9=2422.78 99.99=2981.89] [UPDATE: Count=8333 Max=17776.64 Min=8.92 Avg=164.60 10=23.55 25=28.66 50=39.01 75=109.69 90=271.62 95=705.02 99=1544.19 99.9=12263.42 99.99=15441.92]
2025-04-21 20:48:07 8 sec: 24627 operations; [READ: Count=12317 Max=4024.32 Min=2.54 Avg=114.64 10=13.02 25=17.60 50=24.37 75=94.21 90=246.53 95=678.91 99=1294.34 99.9=2422.78 99.99=3635.20] [UPDATE: Count=12310 Max=17776.64 Min=8.47 Avg=158.65 10=22.16 25=27.44 50=37.31 75=107.52 90=274.94 95=685.05 99=1500.16 99.9=11583.49 99.99=15441.92]
2025-04-21 20:48:08 9 sec: 37945 operations; [READ: Count=18960 Max=4024.32 Min=2.54 Avg=96.16 10=12.10 25=15.23 50=22.08 75=91.45 90=165.12 95=461.82 99=1161.21 99.9=2177.02 99.99=3037.18] [UPDATE: Count=18985 Max=17776.64 Min=8.11 Avg=133.17 10=19.73 25=24.43 50=33.76 75=103.10 90=200.83 95=517.63 99=1309.69 99.9=10231.81 99.99=15089.66]
2025-04-21 20:48:09 10 sec: 52124 operations; [READ: Count=26027 Max=4024.32 Min=2.54 Avg=87.35 10=12.06 25=14.63 50=21.01 75=89.02 90=136.19 95=378.11 99=1119.23 99.9=2030.59 99.99=2981.89] [UPDATE: Count=26097 Max=17776.64 Min=7.57 Avg=117.33 10=19.31 25=23.47 50=31.60 75=99.78 90=153.22 95=413.44 99=1222.65 99.9=8658.94 99.99=14565.38]
2025-04-21 20:48:10 11 sec: 69066 operations; [READ: Count=34524 Max=4024.32 Min=2.54 Avg=78.76 10=12.00 25=14.39 50=20.21 75=86.21 90=123.97 95=345.34 99=1024.51 99.9=1884.16 99.99=2981.89] [UPDATE: Count=34542 Max=17776.64 Min=7.56 Avg=104.17 10=19.10 25=23.02 50=30.38 75=96.19 90=138.24 95=369.66 99=1112.06 99.9=6406.14 99.99=14565.38]
2025-04-21 20:48:11 12 sec: 86980 operations; [READ: Count=43367 Max=4024.32 Min=2.54 Avg=72.50 10=12.09 25=14.45 50=19.87 75=81.86 90=114.30 95=320.00 99=969.22 99.9=1772.54 99.99=2936.83] [UPDATE: Count=43613 Max=17776.64 Min=7.56 Avg=95.23 10=19.17 25=23.04 50=30.05 75=91.33 90=128.57 95=343.04 99=1011.71 99.9=5218.30 99.99=14065.66]
2025-04-21 20:48:12 13 sec: 101332 operations; [READ: Count=50531 Max=4024.32 Min=2.54 Avg=70.72 10=12.07 25=14.46 50=19.95 75=80.89 90=113.60 95=311.30 99=922.11 99.9=1722.37 99.99=2826.24] [UPDATE: Count=50801 Max=17776.64 Min=7.56 Avg=92.68 10=19.17 25=23.05 50=30.09 75=90.50 90=128.70 95=337.15 99=982.01 99.9=4702.21 99.99=13246.46]
2025-04-21 20:48:13 14 sec: 112936 operations; [READ: Count=56273 Max=4024.32 Min=2.54 Avg=71.48 10=12.01 25=14.42 50=20.21 75=82.88 90=117.89 95=312.06 99=900.10 99.9=1710.08 99.99=2695.17] [UPDATE: Count=56663 Max=17776.64 Min=7.56 Avg=92.61 10=19.02 25=22.93 50=30.18 75=92.35 90=133.76 95=337.41 99=956.41 99.9=4118.53 99.99=13197.31]
2025-04-21 20:48:14 15 sec: 122277 operations; [READ: Count=60980 Max=4024.32 Min=2.54 Avg=73.72 10=11.94 25=14.40 50=20.46 75=83.90 90=125.06 95=318.46 99=927.23 99.9=1831.93 99.99=2826.24] [UPDATE: Count=61297 Max=17776.64 Min=7.56 Avg=94.07 10=18.88 25=22.83 50=30.27 75=93.12 90=141.31 95=340.22 99=984.06 99.9=3987.45 99.99=13197.31]
2025-04-21 20:48:15 16 sec: 132649 operations; [READ: Count=66168 Max=4024.32 Min=2.45 Avg=74.92 10=11.89 25=14.43 50=20.93 75=85.18 90=135.55 95=320.00 99=898.05 99.9=1737.73 99.99=2695.17] [UPDATE: Count=66481 Max=17776.64 Min=7.56 Avg=94.66 10=18.83 25=22.86 50=30.56 75=94.27 90=150.91 95=341.50 99=963.58 99.9=3837.95 99.99=13139.97]
2025-04-21 20:48:16 17 sec: 143307 operations; [READ: Count=71597 Max=4024.32 Min=2.45 Avg=75.92 10=11.88 25=14.47 50=21.33 75=86.14 90=145.28 95=319.74 99=878.59 99.9=1722.37 99.99=2695.17] [UPDATE: Count=71710 Max=17776.64 Min=7.51 Avg=94.91 10=18.77 25=22.89 50=30.86 75=95.17 90=158.21 95=340.22 99=944.64 99.9=3454.97 99.99=13139.97]
2025-04-21 20:48:17 18 sec: 154624 operations; [READ: Count=77261 Max=4024.32 Min=2.45 Avg=76.35 10=11.84 25=14.49 50=21.57 75=86.72 90=150.91 95=319.49 99=857.60 99.9=1713.15 99.99=2695.17] [UPDATE: Count=77363 Max=17776.64 Min=7.46 Avg=94.77 10=18.70 25=22.89 50=31.05 75=95.87 90=163.46 95=340.48 99=920.58 99.9=3162.11 99.99=12959.74]
2025-04-21 20:48:18 19 sec: 167138 operations; [READ: Count=83643 Max=4024.32 Min=2.38 Avg=76.12 10=11.76 25=14.43 50=21.61 75=86.78 90=153.22 95=317.44 99=836.10 99.9=1692.67 99.99=2695.17] [UPDATE: Count=83495 Max=17776.64 Min=7.46 Avg=94.03 10=18.59 25=22.78 50=31.04 75=96.00 90=164.74 95=337.92 99=900.10 99.9=2965.50 99.99=12959.74]
2025-04-21 20:48:19 20 sec: 180830 operations; [READ: Count=90595 Max=4024.32 Min=2.38 Avg=75.27 10=11.69 25=14.38 50=21.55 75=86.46 90=152.19 95=312.83 99=819.20 99.9=1671.17 99.99=2680.83] [UPDATE: Count=90235 Max=17776.64 Min=7.46 Avg=92.93 10=18.51 25=22.67 50=30.89 75=95.68 90=163.71 95=333.82 99=880.64 99.9=2965.50 99.99=12591.10]
2025-04-21 20:48:20 21 sec: 197091 operations; [READ: Count=98780 Max=4024.32 Min=2.38 Avg=73.67 10=11.53 25=14.18 50=21.25 75=85.82 90=150.14 95=306.94 99=788.99 99.9=1633.28 99.99=2652.16] [UPDATE: Count=98311 Max=17776.64 Min=7.44 Avg=90.65 10=18.22 25=22.32 50=30.41 75=94.72 90=161.02 95=325.38 99=858.62 99.9=2811.90 99.99=12263.42]
2025-04-21 20:48:21 22 sec: 213924 operations; [READ: Count=107217 Max=4024.32 Min=2.26 Avg=72.05 10=11.38 25=14.03 50=20.99 75=85.12 90=148.22 95=297.98 99=761.86 99.9=1614.85 99.99=2613.25] [UPDATE: Count=106707 Max=17776.64 Min=7.23 Avg=88.55 10=18.02 25=22.03 50=30.02 75=94.02 90=159.62 95=318.21 99=832.00 99.9=2656.26 99.99=11771.90]
2025-04-21 20:48:22 23 sec: 228585 operations; [READ: Count=114588 Max=4024.32 Min=2.26 Avg=71.43 10=11.29 25=13.91 50=21.02 75=84.61 90=145.79 95=292.61 99=741.89 99.9=1581.06 99.99=2613.25] [UPDATE: Count=113997 Max=17776.64 Min=7.23 Avg=87.52 10=17.87 25=21.82 50=30.08 75=93.38 90=157.44 95=311.81 99=807.42 99.9=2570.24 99.99=11771.90]
2025-04-21 20:48:23 24 sec: 245636 operations; [READ: Count=123236 Max=4024.32 Min=2.26 Avg=70.20 10=11.22 25=13.84 50=21.15 75=83.71 90=138.75 95=281.86 99=715.26 99.9=1554.43 99.99=2588.67] [UPDATE: Count=122400 Max=17776.64 Min=7.23 Avg=85.74 10=17.73 25=21.63 50=30.22 75=92.29 90=151.81 95=300.29 99=778.24 99.9=2471.93 99.99=11583.49]
2025-04-21 20:48:24 25 sec: 262543 operations; [READ: Count=131607 Max=4024.32 Min=1.92 Avg=69.17 10=11.13 25=13.75 50=21.26 75=82.88 90=129.66 95=269.57 99=689.66 99.9=1510.40 99.99=2557.95] [UPDATE: Count=130936 Max=17776.64 Min=7.23 Avg=84.22 10=17.57 25=21.42 50=30.35 75=91.26 90=145.28 95=289.54 99=758.78 99.9=2390.01 99.99=11337.73]
2025-04-21 20:48:25 26 sec: 280307 operations; [READ: Count=140395 Max=4024.32 Min=1.92 Avg=68.04 10=11.01 25=13.63 50=21.33 75=82.05 90=121.66 95=257.02 99=666.11 99.9=1485.82 99.99=2553.86] [UPDATE: Count=139912 Max=17776.64 Min=7.22 Avg=82.65 10=17.39 25=21.20 50=30.46 75=90.24 90=137.34 95=276.74 99=733.18 99.9=2332.67 99.99=11091.97]
2025-04-21 20:48:26 27 sec: 300331 operations; [READ: Count=150443 Max=4024.32 Min=1.92 Avg=66.52 10=10.86 25=13.49 50=21.36 75=81.15 90=114.30 95=237.57 99=638.46 99.9=1463.30 99.99=2533.38] [UPDATE: Count=149888 Max=17776.64 Min=7.22 Avg=80.67 10=17.18 25=20.94 50=30.53 75=89.15 90=128.70 95=258.43 99=700.93 99.9=2220.03 99.99=10928.13]
2025-04-21 20:48:27 28 sec: 320180 operations; [READ: Count=160426 Max=4024.32 Min=1.92 Avg=65.24 10=10.71 25=13.40 50=21.42 75=80.45 90=109.38 95=220.93 99=615.93 99.9=1442.82 99.99=2533.38] [UPDATE: Count=159754 Max=17776.64 Min=6.78 Avg=78.98 10=16.99 25=20.75 50=30.61 75=88.25 90=122.94 95=240.90 99=673.28 99.9=2152.45 99.99=10575.87]
2025-04-21 20:48:28 29 sec: 338974 operations; [READ: Count=169967 Max=4024.32 Min=1.92 Avg=64.30 10=10.51 25=13.38 50=21.45 75=80.13 90=106.24 95=209.66 99=599.04 99.9=1421.31 99.99=2510.85] [UPDATE: Count=169007 Max=17776.64 Min=6.78 Avg=77.74 10=16.89 25=20.70 50=30.66 75=87.94 90=119.36 95=228.48 99=648.70 99.9=2049.02 99.99=10444.80]
2025-04-21 20:48:29 30 sec: 355946 operations; [READ: Count=178469 Max=4024.32 Min=1.92 Avg=63.83 10=10.31 25=13.32 50=21.45 75=79.87 90=104.83 95=206.21 99=586.24 99.9=1413.12 99.99=2428.93] [UPDATE: Count=177477 Max=17776.64 Min=6.78 Avg=76.97 10=16.75 25=20.57 50=30.70 75=87.61 90=117.76 95=224.00 99=628.22 99.9=1969.15 99.99=10387.45]
2025-04-21 20:48:30 31 sec: 374400 operations; [READ: Count=187695 Max=4024.32 Min=1.92 Avg=63.13 10=10.02 25=13.25 50=21.47 75=79.49 90=103.10 95=199.94 99=572.93 99.9=1389.57 99.99=2422.78] [UPDATE: Count=186705 Max=17776.64 Min=6.78 Avg=75.98 10=16.57 25=20.41 50=30.70 75=87.17 90=115.78 95=217.09 99=615.93 99.9=1890.30 99.99=10231.81]
2025-04-21 20:48:31 32 sec: 394554 operations; [READ: Count=197717 Max=4024.32 Min=1.92 Avg=62.23 10=9.60 25=13.18 50=21.47 75=79.17 90=101.18 95=192.38 99=559.10 99.9=1367.04 99.99=2387.97] [UPDATE: Count=196837 Max=17776.64 Min=6.78 Avg=74.76 10=16.35 25=20.27 50=30.67 75=86.78 90=113.41 95=207.87 99=599.04 99.9=1819.65 99.99=10182.66]
2025-04-21 20:48:32 33 sec: 414789 operations; [READ: Count=207723 Max=4024.32 Min=1.92 Avg=61.37 10=9.02 25=13.12 50=21.44 75=78.85 90=99.65 95=184.32 99=541.70 99.9=1354.75 99.99=2371.58] [UPDATE: Count=207066 Max=17776.64 Min=6.78 Avg=73.67 10=16.13 25=20.14 50=30.67 75=86.40 90=111.30 95=200.32 99=581.63 99.9=1770.49 99.99=10149.89]
2025-04-21 20:48:33 34 sec: 433849 operations; [READ: Count=217279 Max=4024.32 Min=1.92 Avg=60.75 10=8.45 25=13.08 50=21.38 75=78.66 90=98.69 95=178.18 99=528.89 99.9=1333.25 99.99=2361.34] [UPDATE: Count=216570 Max=17776.64 Min=6.78 Avg=72.89 10=15.93 25=20.06 50=30.66 75=86.21 90=110.21 95=195.97 99=568.83 99.9=1737.73 99.99=10027.01]
2025-04-21 20:48:34 35 sec: 451243 operations; [READ: Count=226073 Max=4024.32 Min=1.92 Avg=60.45 10=8.02 25=13.05 50=21.39 75=78.53 90=97.92 95=174.46 99=522.75 99.9=1321.98 99.99=2359.30] [UPDATE: Count=225170 Max=17776.64 Min=6.78 Avg=72.41 10=15.71 25=19.98 50=30.62 75=86.08 90=109.38 95=193.53 99=560.64 99.9=1702.91 99.99=9936.90]
2025-04-21 20:48:35 36 sec: 469266 operations; [READ: Count=235054 Max=4024.32 Min=1.92 Avg=60.08 10=7.62 25=13.01 50=21.38 75=78.33 90=97.15 95=170.11 99=515.33 99.9=1310.72 99.99=2359.30] [UPDATE: Count=234212 Max=17776.64 Min=6.78 Avg=71.88 10=15.47 25=19.90 50=30.62 75=85.89 90=108.48 95=190.72 99=550.91 99.9=1667.07 99.99=9936.90]
2025-04-21 20:48:36 37 sec: 489292 operations; [READ: Count=245119 Max=4024.32 Min=1.92 Avg=59.47 10=7.30 25=12.97 50=21.34 75=78.14 90=96.19 95=164.48 99=504.32 99.9=1293.31 99.99=2279.42] [UPDATE: Count=244173 Max=17776.64 Min=6.78 Avg=71.10 10=15.20 25=19.82 50=30.56 75=85.69 90=107.39 95=183.94 99=540.67 99.9=1632.26 99.99=9576.45]
2025-04-21 20:48:37 38 sec: 509241 operations; [READ: Count=255050 Max=4024.32 Min=1.92 Avg=58.92 10=7.08 25=12.94 50=21.30 75=78.02 90=95.30 95=159.87 99=494.33 99.9=1280.00 99.99=2217.98] [UPDATE: Count=254191 Max=17776.64 Min=6.78 Avg=70.39 10=14.95 25=19.74 50=30.48 75=85.50 90=106.30 95=178.30 99=529.41 99.9=1608.70 99.99=9469.95]
2025-04-21 20:48:38 39 sec: 527905 operations; [READ: Count=264395 Max=4024.32 Min=1.92 Avg=58.56 10=6.90 25=12.89 50=21.21 75=77.95 90=94.78 95=158.21 99=484.86 99.9=1265.66 99.99=2217.98] [UPDATE: Count=263510 Max=17776.64 Min=6.78 Avg=69.91 10=14.76 25=19.70 50=30.40 75=85.44 90=105.73 95=175.10 99=519.68 99.9=1588.22 99.99=8847.36]
2025-04-21 20:48:39 40 sec: 544908 operations; [READ: Count=272826 Max=4024.32 Min=1.92 Avg=58.43 10=6.78 25=12.86 50=21.12 75=77.95 90=94.53 95=157.95 99=482.05 99.9=1243.13 99.99=2207.74] [UPDATE: Count=272082 Max=17776.64 Min=6.78 Avg=69.64 10=14.56 25=19.63 50=30.32 75=85.44 90=105.41 95=174.85 99=514.82 99.9=1564.67 99.99=8658.94]
2025-04-21 20:48:40 41 sec: 563892 operations; [READ: Count=282396 Max=4024.32 Min=1.92 Avg=58.06 10=6.63 25=12.81 50=21.01 75=77.82 90=94.08 95=156.03 99=475.13 99.9=1230.85 99.99=2181.12] [UPDATE: Count=281496 Max=17776.64 Min=6.78 Avg=69.20 10=14.34 25=19.55 50=30.22 75=85.31 90=104.64 95=172.41 99=508.93 99.9=1544.19 99.99=8552.45]
2025-04-21 20:48:41 42 sec: 584703 operations; [READ: Count=292798 Max=4024.32 Min=1.92 Avg=57.52 10=6.50 25=12.77 50=20.85 75=77.69 90=93.38 95=152.57 99=466.18 99.9=1213.44 99.99=2181.12] [UPDATE: Count=291905 Max=17776.64 Min=6.78 Avg=68.56 10=14.14 25=19.47 50=30.09 75=85.12 90=103.81 95=168.32 99=498.43 99.9=1521.66 99.99=8429.57]
2025-04-21 20:48:42 43 sec: 605876 operations; [READ: Count=303332 Max=4024.32 Min=1.92 Avg=57.00 10=6.39 25=12.72 50=20.70 75=77.57 90=92.67 95=149.25 99=456.70 99.9=1202.17 99.99=2177.02] [UPDATE: Count=302544 Max=17776.64 Min=6.78 Avg=67.92 10=13.97 25=19.41 50=29.95 75=84.99 90=103.04 95=164.74 99=488.19 99.9=1500.16 99.99=8073.22]
2025-04-21 20:48:43 44 sec: 624933 operations; [READ: Count=312711 Max=4024.32 Min=1.92 Avg=56.72 10=6.31 25=12.68 50=20.51 75=77.50 90=92.48 95=148.48 99=451.33 99.9=1190.91 99.99=2174.97] [UPDATE: Count=312222 Max=17776.64 Min=6.78 Avg=67.53 10=13.84 25=19.33 50=29.77 75=84.93 90=102.72 95=163.71 99=481.54 99.9=1481.73 99.99=7962.62]
2025-04-21 20:48:44 45 sec: 644687 operations; [READ: Count=322552 Max=4024.32 Min=1.92 Avg=56.40 10=6.24 25=12.64 50=20.34 75=77.38 90=92.09 95=146.05 99=445.95 99.9=1185.79 99.99=2111.49] [UPDATE: Count=322135 Max=17776.64 Min=6.78 Avg=67.10 10=13.70 25=19.26 50=29.58 75=84.86 90=102.14 95=161.66 99=477.44 99.9=1441.79 99.99=7680.00]
2025-04-21 20:48:45 46 sec: 660337 operations; [READ: Count=330210 Max=4024.32 Min=1.92 Avg=56.45 10=6.21 25=12.62 50=20.21 75=77.38 90=91.97 95=145.79 99=451.33 99.9=1184.77 99.99=2156.54] [UPDATE: Count=330127 Max=17776.64 Min=6.78 Avg=67.10 10=13.66 25=19.23 50=29.45 75=84.86 90=102.02 95=161.92 99=480.51 99.9=1431.55 99.99=7290.88]
2025-04-21 20:48:46 47 sec: 680329 operations; [READ: Count=340134 Max=4024.32 Min=1.92 Avg=56.08 10=6.14 25=12.57 50=20.00 75=77.31 90=91.65 95=143.74 99=443.13 99.9=1170.43 99.99=2111.49] [UPDATE: Count=340195 Max=17776.64 Min=6.78 Avg=66.72 10=13.56 25=19.17 50=29.26 75=84.80 90=101.63 95=160.64 99=474.62 99.9=1420.29 99.99=7217.15]
2025-04-21 20:48:47 48 sec: 700648 operations; [READ: Count=350331 Max=4024.32 Min=1.92 Avg=55.73 10=6.09 25=12.53 50=19.76 75=77.25 90=91.33 95=141.82 99=435.71 99.9=1161.21 99.99=2109.44] [UPDATE: Count=350317 Max=17776.64 Min=6.78 Avg=66.32 10=13.47 25=19.10 50=29.05 75=84.80 90=101.31 95=159.36 99=467.20 99.9=1402.88 99.99=6959.10]
2025-04-21 20:48:48 49 sec: 721246 operations; [READ: Count=360636 Max=4024.32 Min=1.92 Avg=55.37 10=6.04 25=12.47 50=19.52 75=77.25 90=91.01 95=139.26 99=429.57 99.9=1150.97 99.99=2105.34] [UPDATE: Count=360610 Max=17776.64 Min=6.78 Avg=65.91 10=13.37 25=19.04 50=28.80 75=84.73 90=100.93 95=157.95 99=459.77 99.9=1383.42 99.99=6893.57]
2025-04-21 20:48:49 50 sec: 741171 operations; [READ: Count=370561 Max=4024.32 Min=1.92 Avg=55.09 10=5.99 25=12.42 50=19.30 75=77.12 90=90.75 95=137.85 99=425.47 99.9=1142.78 99.99=2103.30] [UPDATE: Count=370610 Max=17776.64 Min=6.78 Avg=65.59 10=13.28 25=18.98 50=28.59 75=84.67 90=100.67 95=157.18 99=456.19 99.9=1355.78 99.99=6406.14]
2025-04-21 20:48:50 51 sec: 759990 operations; [READ: Count=379930 Max=4024.32 Min=1.92 Avg=54.91 10=5.96 25=12.38 50=19.09 75=77.06 90=90.56 95=136.06 99=425.98 99.9=1142.78 99.99=2097.15] [UPDATE: Count=380060 Max=17776.64 Min=6.78 Avg=65.36 10=13.21 25=18.91 50=28.35 75=84.61 90=100.48 95=156.16 99=455.42 99.9=1349.63 99.99=6279.17]
2025-04-21 20:48:51 52 sec: 778215 operations; [READ: Count=388980 Max=4024.32 Min=1.92 Avg=54.77 10=5.93 25=12.34 50=18.86 75=77.06 90=90.62 95=137.22 99=421.63 99.9=1136.64 99.99=2092.03] [UPDATE: Count=389235 Max=17776.64 Min=6.78 Avg=65.22 10=13.16 25=18.86 50=28.16 75=84.61 90=100.48 95=157.06 99=452.35 99.9=1342.46 99.99=6262.78]
2025-04-21 20:48:52 53 sec: 797284 operations; [READ: Count=398555 Max=4024.32 Min=1.92 Avg=54.59 10=5.90 25=12.29 50=18.69 75=77.06 90=90.50 95=136.83 99=418.81 99.9=1128.45 99.99=2092.03] [UPDATE: Count=398729 Max=17776.64 Min=6.78 Avg=65.00 10=13.13 25=18.82 50=27.97 75=84.61 90=100.42 95=156.93 99=448.77 99.9=1328.13 99.99=6189.06]
2025-04-21 20:48:53 54 sec: 817461 operations; [READ: Count=408550 Max=4024.32 Min=1.92 Avg=54.35 10=5.87 25=12.24 50=18.51 75=76.99 90=90.43 95=135.81 99=414.46 99.9=1120.26 99.99=2073.60] [UPDATE: Count=408911 Max=17776.64 Min=6.78 Avg=64.68 10=13.06 25=18.75 50=27.73 75=84.54 90=100.22 95=156.29 99=443.65 99.9=1317.89 99.99=6144.00]
2025-04-21 20:48:54 55 sec: 838312 operations; [READ: Count=418864 Max=4024.32 Min=1.92 Avg=54.09 10=5.84 25=12.18 50=18.32 75=76.93 90=90.24 95=134.91 99=409.60 99.9=1113.09 99.99=2061.31] [UPDATE: Count=419448 Max=17776.64 Min=6.78 Avg=64.40 10=12.99 25=18.69 50=27.54 75=84.48 90=100.03 95=155.90 99=439.81 99.9=1308.67 99.99=5980.16]
2025-04-21 20:48:55 56 sec: 858794 operations; [READ: Count=428946 Max=4024.32 Min=1.92 Avg=53.85 10=5.80 25=12.13 50=18.11 75=76.93 90=90.11 95=133.76 99=406.78 99.9=1107.97 99.99=2033.66] [UPDATE: Count=429848 Max=17776.64 Min=6.78 Avg=64.10 10=12.92 25=18.61 50=27.31 75=84.42 90=99.84 95=154.88 99=436.99 99.9=1295.36 99.99=5877.76]
2025-04-21 20:48:56 57 sec: 880884 operations; [READ: Count=439945 Max=4024.32 Min=1.92 Avg=53.51 10=5.76 25=12.05 50=17.89 75=76.80 90=89.92 95=131.84 99=402.43 99.9=1096.70 99.99=2030.59] [UPDATE: Count=440939 Max=17776.64 Min=6.78 Avg=63.71 10=12.86 25=18.53 50=27.05 75=84.35 90=99.58 95=153.47 99=431.62 99.9=1281.02 99.99=5767.17]
2025-04-21 20:48:57 58 sec: 901884 operations; [READ: Count=450452 Max=10600.45 Min=1.92 Avg=53.26 10=5.75 25=12.00 50=17.76 75=76.80 90=89.73 95=130.56 99=397.57 99.9=1092.61 99.99=2030.59] [UPDATE: Count=451432 Max=17776.64 Min=6.78 Avg=63.41 10=12.84 25=18.48 50=26.89 75=84.29 90=99.33 95=152.45 99=426.50 99.9=1270.78 99.99=5713.92]
2025-04-21 20:48:58 59 sec: 916353 operations; [READ: Count=457671 Max=10600.45 Min=1.92 Avg=53.42 10=5.78 25=11.97 50=17.81 75=76.86 90=89.92 95=132.35 99=398.08 99.9=1089.54 99.99=2022.40] [UPDATE: Count=458682 Max=17776.64 Min=6.69 Avg=63.57 10=12.86 25=18.48 50=26.94 75=84.42 90=99.65 95=154.11 99=426.75 99.9=1266.69 99.99=5689.34]
2025-04-21 20:48:59 60 sec: 928755 operations; [READ: Count=463933 Max=10600.45 Min=1.92 Avg=53.71 10=5.80 25=12.00 50=17.98 75=77.06 90=90.30 95=136.57 99=399.87 99.9=1086.46 99.99=2030.59] [UPDATE: Count=464822 Max=17776.64 Min=6.69 Avg=63.84 10=12.89 25=18.50 50=27.10 75=84.54 90=100.09 95=156.16 99=428.03 99.9=1265.66 99.99=5689.34]
2025-04-21 20:49:00 61 sec: 941628 operations; [READ: Count=470337 Max=10600.45 Min=1.92 Avg=53.97 10=5.83 25=12.04 50=18.14 75=77.18 90=90.81 95=140.54 99=400.13 99.9=1082.37 99.99=2030.59] [UPDATE: Count=471291 Max=17776.64 Min=6.69 Avg=64.07 10=12.94 25=18.53 50=27.26 75=84.73 90=100.54 95=157.57 99=428.29 99.9=1261.57 99.99=5464.06]
2025-04-21 20:49:01 62 sec: 956373 operations; [READ: Count=477597 Max=10600.45 Min=1.92 Avg=54.12 10=5.86 25=12.08 50=18.34 75=77.38 90=91.20 95=142.46 99=398.59 99.9=1076.22 99.99=2022.40] [UPDATE: Count=478776 Max=17776.64 Min=6.69 Avg=64.16 10=12.98 25=18.59 50=27.42 75=84.86 90=100.93 95=158.34 99=425.98 99.9=1248.26 99.99=5423.10]
2025-04-21 20:49:02 63 sec: 972371 operations; [READ: Count=485710 Max=10600.45 Min=1.92 Avg=54.18 10=5.89 25=12.12 50=18.50 75=77.44 90=91.45 95=143.49 99=396.29 99.9=1071.10 99.99=2020.35] [UPDATE: Count=486661 Max=17776.64 Min=6.69 Avg=64.18 10=13.02 25=18.62 50=27.49 75=84.99 90=101.12 95=158.85 99=423.42 99.9=1240.06 99.99=5390.34]
2025-04-21 20:49:03 64 sec: 986913 operations; [READ: Count=492861 Max=10600.45 Min=1.92 Avg=54.32 10=5.90 25=12.15 50=18.69 75=77.57 90=91.65 95=144.38 99=394.75 99.9=1068.03 99.99=2020.35] [UPDATE: Count=494052 Max=17776.64 Min=6.69 Avg=64.30 10=13.06 25=18.66 50=27.63 75=85.12 90=101.44 95=159.23 99=421.12 99.9=1234.94 99.99=5390.34]
2025-04-21 20:49:04 65 sec: 999930 operations; [READ: Count=499398 Max=10600.45 Min=1.92 Avg=54.56 10=5.93 25=12.18 50=18.89 75=77.69 90=92.09 95=146.05 99=393.47 99.9=1065.98 99.99=1974.27] [UPDATE: Count=500532 Max=17776.64 Min=6.69 Avg=64.49 10=13.10 25=18.69 50=27.81 75=85.25 90=102.02 95=159.74 99=419.58 99.9=1226.75 99.99=5218.30]
2025-04-21 20:49:04 65 sec: 1000000 operations; [READ: Count=499442 Max=10600.45 Min=1.92 Avg=54.56 10=5.93 25=12.18 50=18.89 75=77.69 90=92.09 95=146.05 99=393.47 99.9=1065.98 99.99=1974.27] [UPDATE: Count=500558 Max=17776.64 Min=6.69 Avg=64.49 10=13.10 25=18.69 50=27.81 75=85.25 90=102.02 95=159.74 99=419.58 99.9=1226.75 99.99=5218.30]
Run runtime(sec): 65.1579
Run operations(ops): 1000000
Run throughput(ops/sec): 15347.3
