Running scope as unit: run-r616956d5e61e4bdba8e191aa74bd5949.scope
load file:/home/user/DataFiles/silesia_data/silesia.tar
2025-04-21 20:57:29 0 sec: 0 operations;
2025-04-21 20:57:30 1 sec: 10325 operations; [READ: Count=6854 Max=432.38 Min=3.21 Avg=35.32 10=13.17 25=17.54 50=22.16 75=30.09 90=93.95 95=103.74 99=139.01 99.9=299.77 99.99=377.60] [UPDATE: Count=3471 Max=530.43 Min=6.60 Avg=13.64 10=10.32 25=11.27 50=12.76 75=14.55 90=16.72 95=17.86 99=21.61 99.9=281.34 99.99=530.43]
2025-04-21 20:57:31 2 sec: 47706 operations; [READ: Count=31757 Max=531.46 Min=2.65 Avg=32.64 10=13.33 25=18.27 50=22.62 75=29.66 90=89.02 95=96.51 99=118.72 99.9=316.16 99.99=513.28] [UPDATE: Count=15949 Max=530.43 Min=6.60 Avg=14.06 10=10.71 25=11.78 50=13.26 75=15.32 90=17.74 95=19.25 99=23.28 99.9=53.34 99.99=290.05]
2025-04-21 20:57:32 3 sec: 66443 operations; [READ: Count=44242 Max=2461.70 Min=2.65 Avg=41.80 10=14.26 25=18.91 50=24.80 75=33.50 90=88.32 95=97.98 99=255.49 99.9=1212.41 99.99=1774.59] [UPDATE: Count=22201 Max=1132.54 Min=6.60 Avg=17.70 10=10.97 25=12.22 50=14.10 75=18.03 90=28.48 95=38.53 99=61.79 99.9=108.16 99.99=379.65]
2025-04-21 20:57:33 4 sec: 78509 operations; [READ: Count=52284 Max=6762.49 Min=2.35 Avg=52.43 10=14.92 25=19.42 50=26.34 75=37.60 90=87.36 95=99.01 99=776.70 99.9=3344.38 99.99=4288.51] [UPDATE: Count=26225 Max=1742.85 Min=6.48 Avg=18.54 10=11.12 25=12.49 50=14.78 75=19.54 90=29.89 95=38.72 99=61.41 99.9=150.40 99.99=761.86]
2025-04-21 20:57:34 5 sec: 92880 operations; [READ: Count=61793 Max=6930.43 Min=2.35 Avg=57.16 10=14.90 25=19.65 50=26.50 75=36.54 90=85.89 95=99.58 99=864.25 99.9=3880.96 99.99=5906.43] [UPDATE: Count=31087 Max=37683.20 Min=6.47 Avg=22.06 10=11.13 25=12.50 50=14.66 75=18.94 90=27.97 95=37.12 99=60.19 99.9=334.08 99.99=8212.48]
2025-04-21 20:57:35 6 sec: 115057 operations; [READ: Count=76591 Max=6930.43 Min=2.35 Avg=55.37 10=15.44 25=20.27 50=27.89 75=39.49 90=79.87 95=99.33 99=736.25 99.9=3749.89 99.99=5689.34] [UPDATE: Count=38466 Max=37683.20 Min=6.47 Avg=24.83 10=11.26 25=12.72 50=15.18 75=19.95 90=29.73 95=38.53 99=65.86 99.9=881.15 99.99=12296.19]
2025-04-21 20:57:36 7 sec: 134233 operations; [READ: Count=89400 Max=6930.43 Min=2.35 Avg=55.09 10=15.81 25=20.83 50=29.01 75=41.41 90=72.13 95=98.62 99=728.06 99.9=3569.66 99.99=5545.98] [UPDATE: Count=44833 Max=37683.20 Min=6.47 Avg=27.91 10=11.42 25=12.99 50=15.84 75=21.23 90=31.05 95=39.45 99=66.88 99.9=1404.93 99.99=14753.79]
2025-04-21 20:57:37 8 sec: 153975 operations; [READ: Count=102611 Max=6930.43 Min=2.35 Avg=54.58 10=16.05 25=21.39 50=29.93 75=42.69 90=69.12 95=96.64 99=721.92 99.9=3407.87 99.99=5439.49] [UPDATE: Count=51364 Max=37683.20 Min=6.47 Avg=30.32 10=11.54 25=13.19 50=16.25 75=21.86 90=31.34 95=39.45 99=67.52 99.9=2490.37 99.99=14336.00]
2025-04-21 20:57:38 9 sec: 181131 operations; [READ: Count=120794 Max=6930.43 Min=2.35 Avg=52.35 10=16.02 25=21.79 50=30.29 75=42.14 90=63.77 95=93.76 99=647.17 99.9=3162.11 99.99=5419.01] [UPDATE: Count=60337 Max=37683.20 Min=6.47 Avg=30.01 10=11.54 25=13.16 50=16.09 75=21.26 90=30.09 95=37.98 99=66.11 99.9=3010.56 99.99=13713.41]
2025-04-21 20:57:39 10 sec: 211879 operations; [READ: Count=141251 Max=6930.43 Min=2.35 Avg=50.18 10=16.14 25=22.32 50=31.12 75=43.07 90=62.08 95=90.37 99=480.51 99.9=2877.44 99.99=5341.18] [UPDATE: Count=70628 Max=37683.20 Min=6.47 Avg=28.56 10=11.57 25=13.24 50=16.25 75=21.21 90=29.34 95=36.86 99=64.64 99.9=2242.56 99.99=13393.92]
2025-04-21 20:57:40 11 sec: 238188 operations; [READ: Count=158781 Max=6930.43 Min=2.35 Avg=49.05 10=16.20 25=22.72 50=31.77 75=44.03 90=62.98 95=88.32 99=393.98 99.9=2633.73 99.99=5107.71] [UPDATE: Count=79407 Max=37683.20 Min=6.47 Avg=28.85 10=11.62 25=13.34 50=16.48 75=21.49 90=29.28 95=36.45 99=63.97 99.9=2418.69 99.99=12648.45]
2025-04-21 20:57:41 12 sec: 270428 operations; [READ: Count=180266 Max=6930.43 Min=2.35 Avg=47.37 10=16.11 25=22.96 50=32.03 75=44.03 90=61.66 95=85.06 99=340.74 99.9=2267.14 99.99=4878.34] [UPDATE: Count=90162 Max=37683.20 Min=6.47 Avg=27.84 10=11.63 25=13.39 50=16.53 75=21.34 90=28.67 95=35.45 99=61.41 99.9=2136.06 99.99=12533.76]
2025-04-21 20:57:42 13 sec: 306955 operations; [READ: Count=204591 Max=6930.43 Min=2.35 Avg=45.39 10=15.84 25=22.82 50=31.57 75=43.30 90=59.81 95=80.45 99=269.82 99.9=2048.00 99.99=4825.09] [UPDATE: Count=102364 Max=37683.20 Min=6.33 Avg=26.70 10=11.46 25=13.21 50=16.24 75=20.93 90=27.97 95=34.49 99=59.45 99.9=1842.17 99.99=12296.19]
2025-04-21 20:57:43 14 sec: 349357 operations; [READ: Count=232829 Max=6930.43 Min=2.31 Avg=43.09 10=15.34 25=22.46 50=30.64 75=41.82 90=57.38 95=74.88 99=192.13 99.9=1802.24 99.99=4689.92] [UPDATE: Count=116528 Max=37683.20 Min=6.26 Avg=25.33 10=11.21 25=12.88 50=15.73 75=20.24 90=27.04 95=33.41 99=57.34 99.9=1398.78 99.99=11616.25]
2025-04-21 20:57:44 15 sec: 391354 operations; [READ: Count=260920 Max=6930.43 Min=2.25 Avg=41.28 10=14.80 25=22.24 50=29.92 75=40.70 90=55.33 95=71.10 99=151.17 99.9=1607.68 99.99=4616.19] [UPDATE: Count=130434 Max=37683.20 Min=6.22 Avg=24.37 10=11.07 25=12.63 50=15.38 75=19.71 90=26.34 95=32.56 99=56.00 99.9=1333.25 99.99=11444.22]
2025-04-21 20:57:45 16 sec: 434706 operations; [READ: Count=289907 Max=6930.43 Min=2.22 Avg=39.68 10=14.17 25=21.86 50=29.25 75=39.81 90=53.57 95=68.16 99=135.68 99.9=1479.68 99.99=4481.02] [UPDATE: Count=144799 Max=37683.20 Min=6.10 Avg=23.57 10=10.95 25=12.42 50=15.07 75=19.23 90=25.65 95=31.65 99=54.56 99.9=1210.37 99.99=11288.58]
2025-04-21 20:57:46 17 sec: 478300 operations; [READ: Count=318988 Max=6930.43 Min=2.22 Avg=38.36 10=13.57 25=21.71 50=28.77 75=38.91 90=52.06 95=65.73 99=125.12 99.9=1399.81 99.99=4448.26] [UPDATE: Count=159312 Max=37683.20 Min=6.10 Avg=22.89 10=10.88 25=12.26 50=14.82 75=18.83 90=25.04 95=30.85 99=53.02 99.9=1202.17 99.99=11190.27]
2025-04-21 20:57:47 18 sec: 524386 operations; [READ: Count=349647 Max=6930.43 Min=2.22 Avg=37.07 10=12.90 25=21.49 50=28.21 75=37.95 90=50.62 95=63.58 99=117.12 99.9=1330.17 99.99=4321.28] [UPDATE: Count=174739 Max=37683.20 Min=6.03 Avg=22.24 10=10.80 25=12.10 50=14.58 75=18.43 90=24.45 95=30.09 99=51.55 99.9=1132.54 99.99=11190.27]
2025-04-21 20:57:48 19 sec: 573706 operations; [READ: Count=382509 Max=6930.43 Min=2.22 Avg=35.78 10=12.14 25=21.15 50=27.58 75=36.90 90=49.28 95=61.57 99=110.78 99.9=1291.26 99.99=4255.74] [UPDATE: Count=191197 Max=37683.20 Min=6.02 Avg=21.56 10=10.70 25=11.96 50=14.35 75=18.05 90=23.84 95=29.38 99=50.17 99.9=1050.62 99.99=10772.48]
2025-04-21 20:57:49 20 sec: 619707 operations; [READ: Count=413108 Max=6930.43 Min=2.22 Avg=34.91 10=11.34 25=20.93 50=27.17 75=36.03 90=48.19 95=60.13 99=108.29 99.9=1249.28 99.99=4243.45] [UPDATE: Count=206599 Max=37683.20 Min=6.02 Avg=21.07 10=10.63 25=11.86 50=14.18 75=17.76 90=23.36 95=28.82 99=49.34 99.9=989.18 99.99=9969.66]
2025-04-21 20:57:50 21 sec: 662600 operations; [READ: Count=441674 Max=6930.43 Min=2.22 Avg=34.32 10=10.52 25=20.67 50=26.78 75=35.36 90=47.42 95=59.30 99=108.80 99.9=1231.87 99.99=4210.69] [UPDATE: Count=220926 Max=37683.20 Min=6.02 Avg=20.75 10=10.57 25=11.78 50=14.05 75=17.50 90=22.94 95=28.35 99=48.83 99.9=988.67 99.99=9781.25]
2025-04-21 20:57:51 22 sec: 705190 operations; [READ: Count=470039 Max=6930.43 Min=2.11 Avg=33.84 10=9.85 25=20.51 50=26.57 75=34.78 90=46.78 95=58.66 99=109.82 99.9=1202.17 99.99=4198.40] [UPDATE: Count=235151 Max=37683.20 Min=6.02 Avg=20.42 10=10.52 25=11.73 50=13.94 75=17.33 90=22.59 95=27.93 99=48.32 99.9=942.08 99.99=9519.10]
2025-04-21 20:57:52 23 sec: 747688 operations; [READ: Count=498409 Max=6930.43 Min=2.11 Avg=33.44 10=9.26 25=20.34 50=26.38 75=34.30 90=46.24 95=58.34 99=112.06 99.9=1172.48 99.99=4057.09] [UPDATE: Count=249279 Max=37683.20 Min=6.02 Avg=20.11 10=10.46 25=11.70 50=13.85 75=17.15 90=22.25 95=27.54 99=47.84 99.9=893.95 99.99=9297.92]
2025-04-21 20:57:53 24 sec: 789392 operations; [READ: Count=526215 Max=6930.43 Min=2.11 Avg=33.11 10=8.76 25=20.14 50=26.18 75=33.85 90=45.82 95=58.11 99=115.26 99.9=1144.83 99.99=4030.46] [UPDATE: Count=263177 Max=37683.20 Min=6.02 Avg=19.85 10=10.40 25=11.65 50=13.77 75=16.99 90=21.95 95=27.17 99=47.52 99.9=864.77 99.99=9273.34]
2025-04-21 20:57:54 25 sec: 831000 operations; [READ: Count=553962 Max=6930.43 Min=2.11 Avg=32.83 10=8.35 25=19.93 50=26.00 75=33.44 90=45.41 95=58.05 99=118.78 99.9=1116.16 99.99=4018.18] [UPDATE: Count=277038 Max=37683.20 Min=6.02 Avg=19.59 10=10.34 25=11.62 50=13.70 75=16.85 90=21.68 95=26.83 99=47.20 99.9=843.77 99.99=8880.13]
2025-04-21 20:57:55 26 sec: 869242 operations; [READ: Count=579426 Max=6930.43 Min=2.11 Avg=32.70 10=8.04 25=19.74 50=25.86 75=33.09 90=45.05 95=58.05 99=123.14 99.9=1105.92 99.99=3954.69] [UPDATE: Count=289816 Max=37683.20 Min=6.02 Avg=19.46 10=10.27 25=11.59 50=13.64 75=16.75 90=21.47 95=26.56 99=46.94 99.9=843.77 99.99=8749.06]
2025-04-21 20:57:56 27 sec: 912790 operations; [READ: Count=608424 Max=6930.43 Min=2.06 Avg=32.37 10=7.74 25=19.49 50=25.66 75=32.70 90=44.73 95=58.17 99=123.97 99.9=1080.32 99.99=3895.30] [UPDATE: Count=304366 Max=37683.20 Min=6.02 Avg=19.26 10=10.20 25=11.56 50=13.57 75=16.62 90=21.21 95=26.25 99=46.62 99.9=835.07 99.99=8429.57]
2025-04-21 20:57:57 28 sec: 960575 operations; [READ: Count=640272 Max=6930.43 Min=2.06 Avg=31.93 10=7.45 25=19.17 50=25.39 75=32.30 90=44.41 95=58.37 99=122.75 99.9=1064.96 99.99=3876.86] [UPDATE: Count=320303 Max=37683.20 Min=6.02 Avg=18.98 10=10.11 25=11.52 50=13.48 75=16.50 90=20.98 95=25.93 99=46.30 99.9=790.01 99.99=8343.55]
2025-04-21 20:57:58 29 sec: 1009421 operations; [READ: Count=672896 Max=6930.43 Min=2.06 Avg=31.50 10=7.21 25=18.83 50=25.15 75=31.90 90=44.09 95=58.62 99=120.64 99.9=1046.02 99.99=3835.90] [UPDATE: Count=336525 Max=37683.20 Min=6.02 Avg=18.70 10=10.02 25=11.48 50=13.39 75=16.34 90=20.73 95=25.60 99=45.85 99.9=747.52 99.99=8212.48]
2025-04-21 20:57:59 30 sec: 1058894 operations; [READ: Count=705967 Max=6930.43 Min=2.06 Avg=31.09 10=7.01 25=18.46 50=24.93 75=31.55 90=43.81 95=59.01 99=118.27 99.9=1031.68 99.99=3817.47] [UPDATE: Count=352927 Max=37683.20 Min=6.02 Avg=18.45 10=9.90 25=11.44 50=13.31 75=16.21 90=20.50 95=25.28 99=45.53 99.9=687.62 99.99=8126.46]
2025-04-21 20:58:00 31 sec: 1104592 operations; [READ: Count=736467 Max=6930.43 Min=2.06 Avg=30.84 10=6.86 25=18.14 50=24.75 75=31.25 90=43.62 95=59.58 99=118.08 99.9=1010.69 99.99=3817.47] [UPDATE: Count=368125 Max=37683.20 Min=6.02 Avg=18.23 10=9.81 25=11.41 50=13.24 75=16.09 90=20.29 95=25.01 99=45.12 99.9=649.22 99.99=7843.84]
2025-04-21 20:58:01 32 sec: 1152641 operations; [READ: Count=768456 Max=6930.43 Min=2.06 Avg=30.54 10=6.73 25=17.77 50=24.61 75=30.98 90=43.42 95=60.32 99=116.54 99.9=989.70 99.99=3788.80] [UPDATE: Count=384185 Max=37683.20 Min=6.02 Avg=18.02 10=9.72 25=11.38 50=13.18 75=15.98 90=20.08 95=24.73 99=44.77 99.9=600.06 99.99=7540.73]
2025-04-21 20:58:02 33 sec: 1201548 operations; [READ: Count=801088 Max=6930.43 Min=2.06 Avg=30.23 10=6.62 25=17.39 50=24.46 75=30.70 90=43.26 95=61.18 99=114.17 99.9=967.17 99.99=3749.89] [UPDATE: Count=400460 Max=37683.20 Min=6.02 Avg=17.83 10=9.64 25=11.35 50=13.13 75=15.89 90=19.89 95=24.46 99=44.41 99.9=539.13 99.99=7147.52]
2025-04-21 20:58:03 34 sec: 1249306 operations; [READ: Count=832897 Max=6930.43 Min=2.06 Avg=29.98 10=6.53 25=16.99 50=24.35 75=30.48 90=43.17 95=62.46 99=113.02 99.9=948.74 99.99=3708.93] [UPDATE: Count=416409 Max=37683.20 Min=6.02 Avg=17.67 10=9.56 25=11.33 50=13.07 75=15.80 90=19.71 95=24.21 99=44.19 99.9=498.94 99.99=6721.53]
2025-04-21 20:58:04 35 sec: 1296353 operations; [READ: Count=864310 Max=6930.43 Min=2.06 Avg=29.77 10=6.44 25=16.57 50=24.25 75=30.29 90=43.10 95=64.00 99=112.25 99.9=933.38 99.99=3637.25] [UPDATE: Count=432043 Max=37683.20 Min=6.02 Avg=17.51 10=9.49 25=11.30 50=13.02 75=15.73 90=19.55 95=23.98 99=43.81 99.9=453.89 99.99=6492.16]
2025-04-21 20:58:05 36 sec: 1339721 operations; [READ: Count=893090 Max=6930.43 Min=2.06 Avg=29.67 10=6.38 25=16.18 50=24.18 75=30.13 90=43.10 95=66.05 99=113.22 99.9=919.55 99.99=3602.43] [UPDATE: Count=446631 Max=37683.20 Min=6.02 Avg=17.38 10=9.43 25=11.28 50=12.98 75=15.65 90=19.41 95=23.79 99=43.52 99.9=406.27 99.99=6193.15]
2025-04-21 20:58:06 37 sec: 1379574 operations; [READ: Count=919656 Max=6930.43 Min=2.06 Avg=29.67 10=6.36 25=15.84 50=24.14 75=30.05 90=43.36 95=70.46 99=114.05 99.9=910.34 99.99=3571.71] [UPDATE: Count=459918 Max=37683.20 Min=6.02 Avg=17.28 10=9.37 25=11.26 50=12.94 75=15.61 90=19.30 95=23.63 99=43.42 99.9=378.62 99.99=6049.79]
2025-04-21 20:58:07 38 sec: 1407336 operations; [READ: Count=938156 Max=6930.43 Min=2.06 Avg=29.99 10=6.39 25=15.73 50=24.16 75=30.21 90=44.19 95=77.82 99=119.74 99.9=903.68 99.99=3567.61] [UPDATE: Count=469180 Max=37683.20 Min=6.02 Avg=17.23 10=9.35 25=11.26 50=12.94 75=15.60 90=19.25 95=23.52 99=43.17 99.9=361.98 99.99=5931.01]
2025-04-21 20:58:08 39 sec: 1429453 operations; [READ: Count=952911 Max=6930.43 Min=2.06 Avg=30.44 10=6.42 25=15.73 50=24.21 75=30.40 90=45.22 95=81.22 99=130.11 99.9=898.56 99.99=3545.09] [UPDATE: Count=476542 Max=37683.20 Min=6.02 Avg=17.19 10=9.38 25=11.26 50=12.96 75=15.61 90=19.21 95=23.45 99=42.91 99.9=350.46 99.99=5406.72]
2025-04-21 20:58:09 40 sec: 1450782 operations; [READ: Count=967124 Max=6930.43 Min=2.06 Avg=30.89 10=6.45 25=15.75 50=24.22 75=30.61 90=46.37 95=83.84 99=139.90 99.9=894.98 99.99=3522.56] [UPDATE: Count=483658 Max=37683.20 Min=6.02 Avg=17.17 10=9.40 25=11.27 50=12.98 75=15.63 90=19.25 95=23.44 99=42.75 99.9=347.13 99.99=5406.72]
2025-04-21 20:58:10 41 sec: 1469527 operations; [READ: Count=979624 Max=6930.43 Min=2.06 Avg=31.37 10=6.47 25=15.73 50=24.25 75=30.75 90=47.87 95=86.21 99=151.17 99.9=893.95 99.99=3516.41] [UPDATE: Count=489903 Max=37683.20 Min=6.02 Avg=17.21 10=9.41 25=11.27 50=13.00 75=15.65 90=19.26 95=23.47 99=43.68 99.9=346.88 99.99=5357.57]
2025-04-21 20:58:11 42 sec: 1487704 operations; [READ: Count=991706 Max=6930.43 Min=2.06 Avg=31.87 10=6.50 25=15.71 50=24.25 75=30.91 90=49.70 95=87.87 99=159.62 99.9=895.49 99.99=3516.41] [UPDATE: Count=495998 Max=37683.20 Min=6.02 Avg=17.22 10=9.44 25=11.28 50=13.01 75=15.65 90=19.26 95=23.45 99=44.19 99.9=339.71 99.99=5259.26]
2025-04-21 20:58:11 42 sec: 1500115 operations; [READ: Count=1000000 Max=6930.43 Min=2.06 Avg=32.28 10=6.51 25=15.74 50=24.29 75=31.05 90=51.42 95=88.96 99=164.99 99.9=893.95 99.99=3514.37] [UPDATE: Count=500115 Max=37683.20 Min=6.02 Avg=17.20 10=9.46 25=11.28 50=13.02 75=15.65 90=19.26 95=23.42 99=44.00 99.9=337.92 99.99=5259.26]
Run runtime(sec): 42.8766
Run operations(ops): 1000000
Run throughput(ops/sec): 23322.8
