Running scope as unit: run-r0567352a76cc43699cabaa48f29aa196.scope
load file:/home/user/DataFiles/silesia_data/silesia.tar
2025-04-21 20:39:28 0 sec: 0 operations;
2025-04-21 20:39:29 1 sec: 0 operations;
2025-04-21 20:39:30 2 sec: 0 operations;
2025-04-21 20:39:31 3 sec: 0 operations;
2025-04-21 20:39:32 4 sec: 0 operations;
2025-04-21 20:39:33 5 sec: 23208 operations; [READ: Count=15434 Max=1667.07 Min=2.61 Avg=52.47 10=13.85 25=18.35 50=23.61 75=32.45 90=99.78 95=127.87 99=704.51 99.9=1318.91 99.99=1587.20] [UPDATE: Count=7774 Max=7823.36 Min=7.10 Avg=19.27 10=10.89 25=12.02 50=13.70 75=16.09 90=18.54 95=20.05 99=25.49 99.9=684.54 99.99=7659.52]
2025-04-21 20:39:34 6 sec: 42737 operations; [READ: Count=28431 Max=3440.64 Min=2.54 Avg=58.98 10=14.02 25=18.59 50=23.76 75=32.26 90=98.94 95=132.09 99=950.27 99.9=1787.90 99.99=2181.12] [UPDATE: Count=14306 Max=7823.36 Min=6.77 Avg=18.73 10=10.93 25=12.07 50=13.73 75=16.10 90=18.53 95=20.11 99=26.11 99.9=761.86 99.99=7659.52]
2025-04-21 20:39:35 7 sec: 75887 operations; [READ: Count=50452 Max=3440.64 Min=2.50 Avg=49.10 10=11.36 25=14.61 50=20.66 75=29.44 90=94.59 95=117.18 99=731.13 99.9=1552.38 99.99=2117.63] [UPDATE: Count=25435 Max=7823.36 Min=6.75 Avg=17.46 10=10.20 25=11.41 50=13.13 75=15.44 90=18.02 95=19.68 99=26.35 99.9=942.59 99.99=6623.23]
2025-04-21 20:39:36 8 sec: 121082 operations; [READ: Count=80545 Max=3440.64 Min=2.35 Avg=40.37 10=10.88 25=12.79 50=18.78 75=25.70 90=88.25 95=104.89 99=485.63 99.9=1361.92 99.99=2113.53] [UPDATE: Count=40537 Max=7823.36 Min=6.62 Avg=15.77 10=9.92 25=11.01 50=12.57 75=14.81 90=17.26 95=18.96 99=24.45 99.9=590.34 99.99=3999.74]
2025-04-21 20:39:37 9 sec: 166687 operations; [READ: Count=110920 Max=3440.64 Min=2.35 Avg=36.13 10=10.81 25=12.65 50=18.09 75=23.90 90=81.02 95=98.56 99=402.69 99.9=1339.39 99.99=2086.91] [UPDATE: Count=55767 Max=7823.36 Min=6.48 Avg=15.26 10=9.82 25=10.89 50=12.44 75=14.71 90=17.14 95=18.82 99=23.97 99.9=404.99 99.99=3117.05]
2025-04-21 20:39:38 10 sec: 213793 operations; [READ: Count=142363 Max=3440.64 Min=2.35 Avg=33.50 10=10.74 25=12.60 50=17.74 75=23.14 90=44.83 95=95.23 99=361.47 99.9=1262.59 99.99=2018.30] [UPDATE: Count=71430 Max=7823.36 Min=6.30 Avg=14.80 10=9.78 25=10.78 50=12.28 75=14.56 90=16.89 95=18.54 99=23.89 99.9=245.76 99.99=3024.89]
2025-04-21 20:39:39 11 sec: 238199 operations; [READ: Count=158633 Max=3440.64 Min=2.34 Avg=35.49 10=10.75 25=12.70 50=17.97 75=23.71 90=81.34 95=97.98 99=372.22 99.9=1246.21 99.99=2054.14] [UPDATE: Count=79566 Max=7823.36 Min=6.30 Avg=14.82 10=9.76 25=10.76 50=12.24 75=14.49 90=16.80 95=18.43 99=24.02 99.9=260.99 99.99=3024.89]
2025-04-21 20:39:40 12 sec: 260493 operations; [READ: Count=173535 Max=3440.64 Min=2.34 Avg=37.53 10=10.73 25=12.75 50=18.24 75=24.54 90=85.12 95=101.06 99=369.92 99.9=1222.65 99.99=2018.30] [UPDATE: Count=86958 Max=7823.36 Min=6.30 Avg=14.73 10=9.74 25=10.72 50=12.18 75=14.40 90=16.67 95=18.30 99=23.98 99.9=245.76 99.99=3024.89]
2025-04-21 20:39:41 13 sec: 284616 operations; [READ: Count=189673 Max=3440.64 Min=2.34 Avg=38.97 10=10.68 25=12.76 50=18.38 75=25.25 90=86.46 95=104.00 99=369.92 99.9=1206.27 99.99=1968.13] [UPDATE: Count=94943 Max=7823.36 Min=6.30 Avg=14.60 10=9.73 25=10.69 50=12.13 75=14.31 90=16.56 95=18.18 99=24.05 99.9=190.34 99.99=3024.89]
2025-04-21 20:39:42 14 sec: 308254 operations; [READ: Count=205445 Max=3440.64 Min=2.34 Avg=40.21 10=10.62 25=12.73 50=18.40 75=25.60 90=87.17 95=106.88 99=381.69 99.9=1230.85 99.99=2018.30] [UPDATE: Count=102809 Max=7823.36 Min=6.30 Avg=14.60 10=9.72 25=10.66 50=12.10 75=14.25 90=16.48 95=18.09 99=24.00 99.9=202.50 99.99=2963.45]
2025-04-21 20:39:43 15 sec: 340077 operations; [READ: Count=226702 Max=3440.64 Min=2.34 Avg=40.12 10=10.54 25=12.68 50=18.27 75=25.58 90=87.30 95=108.61 99=375.30 99.9=1207.30 99.99=1981.44] [UPDATE: Count=113375 Max=7823.36 Min=6.30 Avg=14.50 10=9.70 25=10.62 50=12.05 75=14.18 90=16.38 95=18.00 99=24.05 99.9=179.20 99.99=2828.29]
2025-04-21 20:39:44 16 sec: 368292 operations; [READ: Count=245500 Max=3440.64 Min=2.34 Avg=40.54 10=10.46 25=12.62 50=18.16 75=26.14 90=87.30 95=109.63 99=371.97 99.9=1181.69 99.99=1961.98] [UPDATE: Count=122792 Max=7823.36 Min=6.30 Avg=14.41 10=9.65 25=10.51 50=11.97 75=14.05 90=16.25 95=17.87 99=24.05 99.9=194.18 99.99=2779.14]
2025-04-21 20:39:45 17 sec: 394110 operations; [READ: Count=262694 Max=3440.64 Min=2.34 Avg=41.26 10=10.40 25=12.57 50=18.14 75=27.74 90=87.30 95=110.02 99=364.80 99.9=1164.29 99.99=1956.86] [UPDATE: Count=131416 Max=7823.36 Min=6.30 Avg=14.21 10=9.58 25=10.38 50=11.86 75=13.89 90=16.12 95=17.73 99=23.89 99.9=176.00 99.99=2701.31]
2025-04-21 20:39:46 18 sec: 420028 operations; [READ: Count=279974 Max=3440.64 Min=2.34 Avg=41.87 10=10.30 25=12.53 50=18.13 75=30.29 90=87.23 95=110.46 99=358.40 99.9=1144.83 99.99=1951.74] [UPDATE: Count=140054 Max=7823.36 Min=6.13 Avg=14.03 10=9.53 25=10.27 50=11.77 75=13.74 90=16.00 95=17.61 99=23.70 99.9=170.11 99.99=2684.93]
2025-04-21 20:39:47 19 sec: 447146 operations; [READ: Count=298070 Max=3440.64 Min=2.34 Avg=42.30 10=10.17 25=12.44 50=18.09 75=37.02 90=86.85 95=109.31 99=356.10 99.9=1123.33 99.99=1928.19] [UPDATE: Count=149076 Max=7823.36 Min=6.13 Avg=13.85 10=9.49 25=10.18 50=11.66 75=13.60 90=15.87 95=17.49 99=23.52 99.9=163.46 99.99=2676.74]
2025-04-21 20:39:48 20 sec: 477054 operations; [READ: Count=317972 Max=3440.64 Min=2.34 Avg=42.39 10=10.00 25=12.34 50=18.09 75=68.80 90=86.21 95=106.69 99=348.93 99.9=1096.70 99.99=1918.97] [UPDATE: Count=159082 Max=7823.36 Min=6.13 Avg=13.68 10=9.45 25=10.11 50=11.56 75=13.46 90=15.74 95=17.36 99=23.38 99.9=159.10 99.99=2676.74]
2025-04-21 20:39:49 21 sec: 507577 operations; [READ: Count=338361 Max=3440.64 Min=2.07 Avg=42.41 10=9.78 25=12.24 50=18.08 75=70.27 90=85.50 95=104.38 99=341.76 99.9=1081.34 99.99=1899.52] [UPDATE: Count=169216 Max=7823.36 Min=6.13 Avg=13.51 10=9.41 25=10.05 50=11.46 75=13.34 90=15.62 95=17.25 99=23.26 99.9=156.29 99.99=2666.49]
2025-04-21 20:39:50 22 sec: 538346 operations; [READ: Count=358866 Max=3440.64 Min=2.07 Avg=42.40 10=9.47 25=12.14 50=18.05 75=70.91 90=84.93 95=102.40 99=334.08 99.9=1061.89 99.99=1887.23] [UPDATE: Count=179480 Max=7823.36 Min=6.13 Avg=13.37 10=9.39 25=10.00 50=11.36 75=13.22 90=15.49 95=17.14 99=23.14 99.9=153.22 99.99=2656.26]
2025-04-21 20:39:51 23 sec: 569278 operations; [READ: Count=379426 Max=3440.64 Min=2.07 Avg=42.39 10=8.97 25=12.07 50=18.03 75=71.30 90=84.42 95=100.67 99=327.17 99.9=1039.87 99.99=1885.18] [UPDATE: Count=189852 Max=7823.36 Min=6.13 Avg=13.24 10=9.36 25=9.97 50=11.27 75=13.13 90=15.38 95=17.02 99=22.99 99.9=149.50 99.99=2639.87]
2025-04-21 20:39:52 24 sec: 598939 operations; [READ: Count=399190 Max=3440.64 Min=2.04 Avg=42.47 10=8.34 25=12.02 50=17.98 75=71.61 90=84.03 95=99.58 99=323.84 99.9=1021.44 99.99=1871.87] [UPDATE: Count=199749 Max=7823.36 Min=6.13 Avg=13.14 10=9.34 25=9.95 50=11.21 75=13.06 90=15.29 95=16.91 99=22.85 99.9=148.61 99.99=2631.68]
2025-04-21 20:39:53 25 sec: 629113 operations; [READ: Count=419312 Max=3440.64 Min=2.04 Avg=42.51 10=7.72 25=11.96 50=17.93 75=71.81 90=83.71 95=98.75 99=320.77 99.9=1005.57 99.99=1867.78] [UPDATE: Count=209801 Max=7823.36 Min=6.03 Avg=13.04 10=9.32 25=9.93 50=11.12 75=13.00 90=15.18 95=16.83 99=22.75 99.9=147.58 99.99=2627.58]
2025-04-21 20:39:54 26 sec: 661001 operations; [READ: Count=440608 Max=3440.64 Min=2.01 Avg=42.42 10=7.16 25=11.90 50=17.86 75=71.87 90=83.33 95=97.60 99=313.86 99.9=991.23 99.99=1854.46] [UPDATE: Count=220393 Max=7823.36 Min=6.03 Avg=12.94 10=9.29 25=9.90 50=11.04 75=12.94 90=15.08 95=16.73 99=22.62 99.9=145.53 99.99=2553.86]
2025-04-21 20:39:55 27 sec: 692720 operations; [READ: Count=461768 Max=3440.64 Min=2.01 Avg=42.35 10=6.76 25=11.85 50=17.81 75=72.00 90=82.94 95=96.51 99=307.71 99.9=976.38 99.99=1846.27] [UPDATE: Count=230952 Max=7823.36 Min=6.03 Avg=12.85 10=9.26 25=9.88 50=10.96 75=12.87 90=14.98 95=16.62 99=22.51 99.9=144.13 99.99=2531.33]
2025-04-21 20:39:56 28 sec: 724720 operations; [READ: Count=483093 Max=3440.64 Min=2.01 Avg=42.26 10=6.43 25=11.80 50=17.74 75=72.00 90=82.62 95=95.55 99=301.57 99.9=963.58 99.99=1837.06] [UPDATE: Count=241627 Max=7823.36 Min=6.03 Avg=12.77 10=9.24 25=9.86 50=10.89 75=12.82 90=14.89 95=16.53 99=22.41 99.9=142.21 99.99=2529.28]
2025-04-21 20:39:57 29 sec: 755177 operations; [READ: Count=503439 Max=3440.64 Min=1.96 Avg=42.28 10=6.17 25=11.76 50=17.66 75=72.06 90=82.37 95=94.91 99=298.24 99.9=950.27 99.99=1787.90] [UPDATE: Count=251738 Max=7823.36 Min=6.03 Avg=12.70 10=9.22 25=9.86 50=10.84 75=12.78 90=14.81 95=16.45 99=22.35 99.9=141.57 99.99=2492.41]
2025-04-21 20:39:58 30 sec: 785426 operations; [READ: Count=523759 Max=3440.64 Min=1.96 Avg=42.30 10=5.97 25=11.71 50=17.58 75=72.13 90=82.17 95=94.33 99=295.94 99.9=938.50 99.99=1767.42] [UPDATE: Count=261667 Max=7823.36 Min=6.03 Avg=12.66 10=9.19 25=9.84 50=10.79 75=12.74 90=14.74 95=16.38 99=22.29 99.9=140.67 99.99=2492.41]
2025-04-21 20:39:59 31 sec: 817944 operations; [READ: Count=545431 Max=3440.64 Min=1.96 Avg=42.20 10=5.80 25=11.66 50=17.49 75=72.13 90=81.98 95=93.63 99=289.02 99.9=925.70 99.99=1752.06] [UPDATE: Count=272513 Max=7823.36 Min=6.03 Avg=12.59 10=9.16 25=9.83 50=10.75 75=12.71 90=14.67 95=16.30 99=22.14 99.9=140.41 99.99=2476.03]
2025-04-21 20:40:00 32 sec: 851004 operations; [READ: Count=567487 Max=3440.64 Min=1.96 Avg=42.07 10=5.66 25=11.62 50=17.36 75=72.13 90=81.73 95=92.93 99=282.11 99.9=909.82 99.99=1730.56] [UPDATE: Count=283517 Max=7823.36 Min=6.03 Avg=12.52 10=9.13 25=9.81 50=10.71 75=12.67 90=14.60 95=16.21 99=22.03 99.9=139.52 99.99=2428.93]
2025-04-21 20:40:01 33 sec: 884203 operations; [READ: Count=589630 Max=3440.64 Min=1.96 Avg=41.95 10=5.54 25=11.57 50=17.23 75=72.13 90=81.53 95=92.22 99=273.92 99.9=898.05 99.99=1712.13] [UPDATE: Count=294573 Max=7823.36 Min=6.03 Avg=12.46 10=9.09 25=9.81 50=10.67 75=12.65 90=14.53 95=16.15 99=22.00 99.9=139.52 99.99=2369.53]
2025-04-21 20:40:02 34 sec: 916577 operations; [READ: Count=611217 Max=3440.64 Min=1.96 Avg=41.88 10=5.46 25=11.54 50=17.09 75=72.13 90=81.41 95=91.78 99=268.80 99.9=884.74 99.99=1694.72] [UPDATE: Count=305360 Max=7823.36 Min=6.03 Avg=12.41 10=9.05 25=9.80 50=10.65 75=12.62 90=14.47 95=16.09 99=21.95 99.9=139.26 99.99=2197.50]
2025-04-21 20:40:03 35 sec: 947236 operations; [READ: Count=631665 Max=3440.64 Min=1.96 Avg=41.89 10=5.38 25=11.50 50=16.91 75=72.13 90=81.28 95=91.39 99=267.77 99.9=880.13 99.99=1676.29] [UPDATE: Count=315571 Max=7823.36 Min=6.03 Avg=12.39 10=9.00 25=9.79 50=10.62 75=12.59 90=14.41 95=16.02 99=21.89 99.9=139.13 99.99=2197.50]
2025-04-21 20:40:04 36 sec: 981324 operations; [READ: Count=654388 Max=3440.64 Min=1.96 Avg=41.74 10=5.31 25=11.46 50=16.73 75=72.13 90=81.09 95=90.81 99=260.99 99.9=867.33 99.99=1674.24] [UPDATE: Count=326936 Max=7823.36 Min=6.03 Avg=12.34 10=8.95 25=9.78 50=10.61 75=12.57 90=14.36 95=15.97 99=21.81 99.9=139.52 99.99=2168.83]
2025-04-21 20:40:05 37 sec: 1015965 operations; [READ: Count=677534 Max=3440.64 Min=1.96 Avg=41.57 10=5.25 25=11.41 50=16.54 75=72.13 90=80.96 95=90.24 99=252.80 99.9=850.94 99.99=1665.02] [UPDATE: Count=338431 Max=7823.36 Min=6.03 Avg=12.29 10=8.89 25=9.78 50=10.58 75=12.54 90=14.31 95=15.90 99=21.73 99.9=140.29 99.99=2154.49]
2025-04-21 20:40:06 38 sec: 1050731 operations; [READ: Count=700723 Max=3440.64 Min=1.96 Avg=41.41 10=5.19 25=11.37 50=16.30 75=72.06 90=80.83 95=89.86 99=247.17 99.9=840.70 99.99=1641.47] [UPDATE: Count=350008 Max=7823.36 Min=6.03 Avg=12.25 10=8.81 25=9.77 50=10.57 75=12.52 90=14.26 95=15.85 99=21.66 99.9=140.67 99.99=2125.82]
2025-04-21 20:40:07 39 sec: 1083990 operations; [READ: Count=722855 Max=3440.64 Min=1.96 Avg=41.33 10=5.15 25=11.33 50=16.08 75=72.06 90=80.77 95=89.60 99=245.89 99.9=829.44 99.99=1616.89] [UPDATE: Count=361135 Max=7823.36 Min=6.03 Avg=12.21 10=8.77 25=9.77 50=10.56 75=12.50 90=14.22 95=15.79 99=21.61 99.9=141.18 99.99=2026.49]
2025-04-21 20:40:08 40 sec: 1115198 operations; [READ: Count=743650 Max=3440.64 Min=1.96 Avg=41.33 10=5.12 25=11.29 50=15.89 75=72.06 90=80.70 95=89.47 99=246.66 99.9=829.44 99.99=1611.78] [UPDATE: Count=371548 Max=7823.36 Min=6.03 Avg=12.19 10=8.71 25=9.76 50=10.54 75=12.49 90=14.19 95=15.73 99=21.55 99.9=141.31 99.99=2026.49]
2025-04-21 20:40:09 41 sec: 1149367 operations; [READ: Count=766549 Max=3440.64 Min=1.96 Avg=41.21 10=5.09 25=11.25 50=15.70 75=72.06 90=80.64 95=89.28 99=243.71 99.9=816.64 99.99=1587.20] [UPDATE: Count=382818 Max=7823.36 Min=6.03 Avg=12.16 10=8.66 25=9.75 50=10.54 75=12.47 90=14.16 95=15.70 99=21.45 99.9=141.69 99.99=1987.58]
2025-04-21 20:40:10 42 sec: 1181345 operations; [READ: Count=787923 Max=3440.64 Min=1.96 Avg=41.18 10=5.08 25=11.21 50=15.57 75=72.06 90=80.70 95=89.34 99=244.74 99.9=807.93 99.99=1566.72] [UPDATE: Count=393422 Max=7823.36 Min=6.03 Avg=12.15 10=8.63 25=9.75 50=10.54 75=12.46 90=14.13 95=15.65 99=21.44 99.9=143.36 99.99=2026.49]
2025-04-21 20:40:11 43 sec: 1210997 operations; [READ: Count=807757 Max=3440.64 Min=1.96 Avg=41.24 10=5.08 25=11.18 50=15.50 75=72.13 90=80.77 95=89.60 99=250.75 99.9=801.28 99.99=1562.62] [UPDATE: Count=403240 Max=7823.36 Min=6.03 Avg=12.14 10=8.60 25=9.75 50=10.54 75=12.45 90=14.13 95=15.62 99=21.41 99.9=143.74 99.99=2026.49]
2025-04-21 20:40:12 44 sec: 1241839 operations; [READ: Count=828246 Max=3440.64 Min=1.96 Avg=41.26 10=5.08 25=11.14 50=15.44 75=72.19 90=80.89 95=89.79 99=252.93 99.9=795.65 99.99=1548.29] [UPDATE: Count=413593 Max=7823.36 Min=6.03 Avg=12.13 10=8.57 25=9.74 50=10.54 75=12.45 90=14.12 95=15.60 99=21.39 99.9=143.62 99.99=2026.49]
2025-04-21 20:40:13 45 sec: 1269668 operations; [READ: Count=846812 Max=3895.30 Min=1.96 Avg=41.38 10=5.08 25=11.10 50=15.40 75=72.25 90=80.96 95=90.11 99=260.35 99.9=791.55 99.99=1544.19] [UPDATE: Count=422856 Max=7823.36 Min=6.03 Avg=12.14 10=8.55 25=9.74 50=10.53 75=12.44 90=14.11 95=15.57 99=21.38 99.9=144.77 99.99=2125.82]
2025-04-21 20:40:14 46 sec: 1301297 operations; [READ: Count=867926 Max=3895.30 Min=1.96 Avg=41.36 10=5.09 25=11.06 50=15.34 75=72.25 90=81.09 95=90.30 99=263.17 99.9=783.87 99.99=1541.12] [UPDATE: Count=433371 Max=7823.36 Min=6.03 Avg=12.12 10=8.53 25=9.73 50=10.53 75=12.42 90=14.09 95=15.54 99=21.34 99.9=145.92 99.99=2026.49]
2025-04-21 20:40:15 47 sec: 1331536 operations; [READ: Count=888129 Max=3895.30 Min=1.96 Avg=41.38 10=5.09 25=11.02 50=15.29 75=72.32 90=81.15 95=90.62 99=266.24 99.9=775.68 99.99=1533.95] [UPDATE: Count=443407 Max=7823.36 Min=6.03 Avg=12.14 10=8.52 25=9.73 50=10.53 75=12.42 90=14.09 95=15.53 99=21.39 99.9=148.09 99.99=2154.49]
2025-04-21 20:40:16 48 sec: 1361084 operations; [READ: Count=907831 Max=3895.30 Min=1.96 Avg=41.41 10=5.09 25=10.98 50=15.28 75=72.38 90=81.28 95=90.94 99=268.03 99.9=771.07 99.99=1530.88] [UPDATE: Count=453253 Max=12648.45 Min=6.03 Avg=12.19 10=8.50 25=9.73 50=10.53 75=12.43 90=14.09 95=15.52 99=21.44 99.9=149.12 99.99=2197.50]
2025-04-21 20:40:17 49 sec: 1385381 operations; [READ: Count=924011 Max=3895.30 Min=1.96 Avg=41.64 10=5.12 25=10.97 50=15.34 75=72.58 90=81.53 95=91.39 99=270.85 99.9=763.90 99.99=1529.86] [UPDATE: Count=461370 Max=12648.45 Min=6.03 Avg=12.19 10=8.50 25=9.73 50=10.54 75=12.43 90=14.09 95=15.51 99=21.45 99.9=149.63 99.99=2168.83]
2025-04-21 20:40:18 50 sec: 1409451 operations; [READ: Count=940015 Max=3895.30 Min=1.96 Avg=41.88 10=5.15 25=10.97 50=15.43 75=72.77 90=81.86 95=91.84 99=272.38 99.9=759.81 99.99=1528.83] [UPDATE: Count=469436 Max=12648.45 Min=6.03 Avg=12.19 10=8.53 25=9.73 50=10.55 75=12.44 90=14.10 95=15.52 99=21.44 99.9=149.50 99.99=2154.49]
2025-04-21 20:40:19 51 sec: 1437783 operations; [READ: Count=958925 Max=3895.30 Min=1.96 Avg=41.96 10=5.17 25=10.97 50=15.53 75=72.89 90=82.05 95=91.90 99=270.85 99.9=753.66 99.99=1520.64] [UPDATE: Count=478858 Max=12648.45 Min=6.03 Avg=12.18 10=8.55 25=9.74 50=10.57 75=12.45 90=14.11 95=15.51 99=21.38 99.9=148.86 99.99=2142.21]
2025-04-21 20:40:20 52 sec: 1466257 operations; [READ: Count=977929 Max=3895.30 Min=1.96 Avg=42.03 10=5.21 25=10.99 50=15.62 75=73.02 90=82.24 95=92.09 99=271.10 99.9=748.03 99.99=1510.40] [UPDATE: Count=488328 Max=12648.45 Min=6.03 Avg=12.18 10=8.57 25=9.75 50=10.59 75=12.46 90=14.12 95=15.52 99=21.38 99.9=149.12 99.99=2125.82]
2025-04-21 20:40:21 53 sec: 1487130 operations; [READ: Count=991893 Max=3895.30 Min=1.96 Avg=42.34 10=5.22 25=11.02 50=15.75 75=73.15 90=82.50 95=92.80 99=274.94 99.9=748.54 99.99=1504.26] [UPDATE: Count=495237 Max=12648.45 Min=6.03 Avg=12.19 10=8.60 25=9.75 50=10.60 75=12.46 90=14.13 95=15.52 99=21.38 99.9=149.50 99.99=2026.49]
2025-04-21 20:40:21 53 sec: 1499298 operations; [READ: Count=1000000 Max=3895.30 Min=1.96 Avg=42.61 10=5.24 25=11.03 50=15.86 75=73.28 90=82.69 95=93.63 99=276.22 99.9=745.47 99.99=1504.26] [UPDATE: Count=499298 Max=12648.45 Min=6.03 Avg=12.19 10=8.61 25=9.76 50=10.61 75=12.46 90=14.13 95=15.52 99=21.36 99.9=149.12 99.99=2026.49]
Run runtime(sec): 53.7667
Run operations(ops): 1000000
Run throughput(ops/sec): 18598.9
