Running scope as unit: run-r12cf89f49e0445d68ee0a99f37a1cc12.scope
load file:/home/user/DataFiles/silesia_data/silesia.tar
2025-04-22 06:34:13 0 sec: 0 operations;
2025-04-22 06:34:14 1 sec: 0 operations;
2025-04-22 06:34:15 2 sec: 0 operations;
2025-04-22 06:34:16 3 sec: 0 operations;
2025-04-22 06:34:17 4 sec: 0 operations;
2025-04-22 06:34:18 5 sec: 0 operations;
2025-04-22 06:34:19 6 sec: 0 operations;
2025-04-22 06:34:20 7 sec: 0 operations;
2025-04-22 06:34:21 8 sec: 0 operations;
2025-04-22 06:34:22 9 sec: 4733 operations; [READ: Count=3155 Max=1918.97 Min=6.18 Avg=141.02 10=18.51 25=23.68 50=32.54 75=55.84 90=503.30 95=787.46 99=1241.09 99.9=1837.06 99.99=1918.97] [UPDATE: Count=1578 Max=10706.94 Min=9.80 Avg=52.05 10=14.18 25=17.05 50=21.30 75=27.42 90=38.08 95=50.11 99=857.60 99.9=3731.45 99.99=10706.94]
2025-04-22 06:34:23 10 sec: 13427 operations; [READ: Count=8950 Max=2963.45 Min=4.22 Avg=145.87 10=18.78 25=24.32 50=33.63 75=56.03 90=550.91 95=821.76 99=1285.12 99.9=1767.42 99.99=2211.84] [UPDATE: Count=4477 Max=10854.40 Min=8.97 Avg=47.72 10=13.41 25=16.06 50=20.19 75=26.13 90=35.58 95=47.01 99=425.98 99.9=5562.37 99.99=10854.40]
2025-04-22 06:34:24 11 sec: 24716 operations; [READ: Count=16502 Max=2963.45 Min=3.11 Avg=130.75 10=19.15 25=25.21 50=35.10 75=56.73 90=436.74 95=755.20 99=1231.87 99.9=1767.42 99.99=2211.84] [UPDATE: Count=8214 Max=10854.40 Min=7.26 Avg=42.66 10=12.77 25=14.87 50=18.83 75=24.38 90=32.19 95=40.48 99=257.28 99.9=5414.91 99.99=10706.94]
2025-04-22 06:34:25 12 sec: 42741 operations; [READ: Count=28565 Max=2963.45 Min=3.11 Avg=105.63 10=18.98 25=25.17 50=34.27 75=53.18 90=204.80 95=603.13 99=1125.38 99.9=1657.86 99.99=2004.99] [UPDATE: Count=14176 Max=10854.40 Min=6.79 Avg=33.48 10=11.99 25=13.79 50=17.15 75=21.89 90=28.38 95=35.20 99=88.77 99.9=4698.11 99.99=10706.94]
2025-04-22 06:34:26 13 sec: 58695 operations; [READ: Count=39246 Max=2963.45 Min=2.72 Avg=97.39 10=19.95 25=26.69 50=37.25 75=61.76 90=173.95 95=471.30 99=1041.92 99.9=1609.73 99.99=1918.97] [UPDATE: Count=19449 Max=10854.40 Min=6.75 Avg=33.55 10=12.29 25=14.37 50=18.14 75=23.98 90=33.22 95=43.87 99=129.79 99.9=3422.21 99.99=9428.99]
2025-04-22 06:34:27 14 sec: 71077 operations; [READ: Count=47546 Max=3057.66 Min=2.72 Avg=97.78 10=20.19 25=27.21 50=38.21 75=63.87 90=182.14 95=456.45 99=1026.05 99.9=1635.33 99.99=2287.61] [UPDATE: Count=23531 Max=10854.40 Min=6.75 Avg=34.52 10=12.38 25=14.56 50=18.50 75=24.70 90=35.23 95=47.33 99=146.94 99.9=3037.18 99.99=9428.99]
2025-04-22 06:34:28 15 sec: 86856 operations; [READ: Count=58123 Max=3057.66 Min=2.72 Avg=93.89 10=20.05 25=26.67 50=37.53 75=61.28 90=174.46 95=430.59 99=994.30 99.9=1608.70 99.99=2285.57] [UPDATE: Count=28733 Max=10854.40 Min=6.75 Avg=34.34 10=12.38 25=14.65 50=18.77 75=25.36 90=37.18 95=50.46 99=153.47 99.9=2766.85 99.99=6967.30]
2025-04-22 06:34:29 16 sec: 102571 operations; [READ: Count=68638 Max=3057.66 Min=2.72 Avg=91.48 10=19.33 25=25.76 50=36.29 75=57.92 90=166.27 95=418.05 99=1013.25 99.9=1642.49 99.99=2275.33] [UPDATE: Count=33933 Max=10854.40 Min=6.75 Avg=33.87 10=12.26 25=14.54 50=18.66 75=25.28 90=37.22 95=50.85 99=145.92 99.9=2856.96 99.99=7823.36]
2025-04-22 06:34:30 17 sec: 121718 operations; [READ: Count=81411 Max=3057.66 Min=2.72 Avg=86.68 10=19.50 25=25.60 50=35.81 75=55.30 90=154.62 95=383.23 99=972.80 99.9=1627.13 99.99=2254.85] [UPDATE: Count=40307 Max=10854.40 Min=6.75 Avg=33.49 10=12.49 25=14.92 50=19.20 75=25.97 90=38.27 95=52.22 99=133.50 99.9=2584.57 99.99=6967.30]
2025-04-22 06:34:31 18 sec: 141020 operations; [READ: Count=94283 Max=3057.66 Min=2.72 Avg=82.96 10=19.65 25=25.57 50=35.58 75=53.60 90=146.81 95=352.51 99=943.10 99.9=1606.65 99.99=2242.56] [UPDATE: Count=46737 Max=10854.40 Min=6.75 Avg=33.42 10=12.70 25=15.27 50=19.68 75=26.73 90=39.58 95=53.85 99=132.35 99.9=2392.06 99.99=6582.27]
2025-04-22 06:34:32 19 sec: 162452 operations; [READ: Count=108557 Max=3057.66 Min=2.72 Avg=78.99 10=19.82 25=25.71 50=35.65 75=52.61 90=139.65 95=310.78 99=911.87 99.9=1565.69 99.99=2211.84] [UPDATE: Count=53895 Max=10854.40 Min=6.75 Avg=33.11 10=12.91 25=15.52 50=19.89 75=26.85 90=39.26 95=53.25 99=131.07 99.9=2256.89 99.99=6582.27]
2025-04-22 06:34:33 20 sec: 187645 operations; [READ: Count=125339 Max=3057.66 Min=2.72 Avg=74.35 10=19.79 25=25.55 50=35.23 75=50.91 90=132.48 95=267.52 99=862.72 99.9=1539.07 99.99=2144.26] [UPDATE: Count=62306 Max=10854.40 Min=6.75 Avg=32.32 10=13.03 25=15.59 50=19.76 75=26.37 90=37.92 95=51.26 99=121.41 99.9=2275.33 99.99=6541.31]
2025-04-22 06:34:34 21 sec: 206662 operations; [READ: Count=137960 Max=3057.66 Min=2.72 Avg=73.28 10=19.66 25=25.33 50=34.88 75=50.17 90=131.58 95=260.86 99=846.85 99.9=1532.93 99.99=2144.26] [UPDATE: Count=68702 Max=10854.40 Min=6.75 Avg=32.05 10=13.10 25=15.57 50=19.60 75=25.92 90=36.96 95=49.76 99=120.00 99.9=2342.91 99.99=6541.31]
2025-04-22 06:34:35 22 sec: 223259 operations; [READ: Count=149018 Max=3246.08 Min=2.72 Avg=73.29 10=19.61 25=25.30 50=34.88 75=50.17 90=131.97 95=258.30 99=841.22 99.9=1547.26 99.99=2199.55] [UPDATE: Count=74241 Max=15482.88 Min=6.75 Avg=31.96 10=13.16 25=15.59 50=19.49 75=25.57 90=36.16 95=48.41 99=118.08 99.9=2390.01 99.99=7426.05]
2025-04-22 06:34:36 23 sec: 239161 operations; [READ: Count=159636 Max=3246.08 Min=2.72 Avg=73.80 10=19.57 25=25.31 50=35.01 75=50.85 90=134.78 95=262.14 99=823.29 99.9=1536.00 99.99=2150.40] [UPDATE: Count=79525 Max=15482.88 Min=6.75 Avg=31.39 10=13.21 25=15.62 50=19.41 75=25.25 90=35.36 95=47.42 99=115.20 99.9=2256.89 99.99=6967.30]
2025-04-22 06:34:37 24 sec: 251438 operations; [READ: Count=167827 Max=3246.08 Min=2.72 Avg=75.53 10=19.52 25=25.36 50=35.26 75=52.26 90=139.90 95=278.53 99=815.10 99.9=1528.83 99.99=2150.40] [UPDATE: Count=83611 Max=15482.88 Min=6.75 Avg=30.97 10=13.14 25=15.50 50=19.25 75=24.96 90=34.81 95=46.62 99=114.17 99.9=2215.93 99.99=6967.30]
2025-04-22 06:34:38 25 sec: 263866 operations; [READ: Count=176160 Max=3246.08 Min=2.72 Avg=77.07 10=19.47 25=25.42 50=35.55 75=54.08 90=145.02 95=287.74 99=803.84 99.9=1520.64 99.99=2144.26] [UPDATE: Count=87706 Max=15482.88 Min=6.75 Avg=30.51 10=13.06 25=15.38 50=19.07 75=24.69 90=34.30 95=45.85 99=112.83 99.9=2142.21 99.99=6709.25]
2025-04-22 06:34:39 26 sec: 274588 operations; [READ: Count=183317 Max=3246.08 Min=2.72 Avg=78.93 10=19.39 25=25.42 50=35.74 75=55.71 90=150.14 95=300.29 99=813.05 99.9=1523.71 99.99=2150.40] [UPDATE: Count=91271 Max=15482.88 Min=6.75 Avg=30.38 10=12.97 25=15.26 50=18.89 75=24.43 90=33.82 95=45.28 99=112.83 99.9=2162.69 99.99=6709.25]
2025-04-22 06:34:40 27 sec: 287100 operations; [READ: Count=191660 Max=3246.08 Min=2.72 Avg=80.13 10=19.25 25=25.36 50=35.81 75=57.22 90=153.47 95=305.15 99=821.76 99.9=1544.19 99.99=2228.22] [UPDATE: Count=95440 Max=15482.88 Min=6.75 Avg=30.09 10=12.84 25=15.12 50=18.72 75=24.16 90=33.41 95=44.64 99=113.53 99.9=2142.21 99.99=6656.00]
2025-04-22 06:34:41 28 sec: 303942 operations; [READ: Count=202872 Max=3246.08 Min=2.72 Avg=80.03 10=18.89 25=24.93 50=35.58 75=59.23 90=154.75 95=301.57 99=803.84 99.9=1533.95 99.99=2211.84] [UPDATE: Count=101070 Max=15482.88 Min=6.75 Avg=29.47 10=12.52 25=14.81 50=18.37 75=23.76 90=32.75 95=43.77 99=111.61 99.9=2067.45 99.99=6656.00]
2025-04-22 06:34:42 29 sec: 320054 operations; [READ: Count=213648 Max=3246.08 Min=2.32 Avg=80.11 10=18.62 25=24.59 50=35.36 75=62.11 90=156.67 95=300.80 99=787.97 99.9=1520.64 99.99=2199.55] [UPDATE: Count=106406 Max=15482.88 Min=6.71 Avg=28.98 10=12.29 25=14.55 50=18.09 75=23.39 90=32.24 95=42.98 99=110.46 99.9=2067.45 99.99=6582.27]
2025-04-22 06:34:43 30 sec: 336053 operations; [READ: Count=224281 Max=3246.08 Min=2.32 Avg=80.24 10=18.34 25=24.27 50=35.17 75=66.05 90=158.85 95=301.31 99=774.14 99.9=1503.23 99.99=2154.49] [UPDATE: Count=111772 Max=15482.88 Min=6.71 Avg=28.52 10=12.09 25=14.34 50=17.86 75=23.09 90=31.73 95=42.30 99=108.35 99.9=2034.69 99.99=6582.27]
2025-04-22 06:34:44 31 sec: 351370 operations; [READ: Count=234452 Max=3246.08 Min=2.32 Avg=80.55 10=18.14 25=24.02 50=35.01 75=72.45 90=160.77 95=303.87 99=765.95 99.9=1483.78 99.99=2150.40] [UPDATE: Count=116918 Max=15482.88 Min=6.71 Avg=28.11 10=11.96 25=14.16 50=17.63 75=22.78 90=31.25 95=41.66 99=107.39 99.9=2032.64 99.99=6541.31]
2025-04-22 06:34:45 32 sec: 366967 operations; [READ: Count=244825 Max=3246.08 Min=2.32 Avg=80.75 10=17.68 25=23.63 50=34.85 75=85.57 90=161.66 95=304.64 99=763.39 99.9=1477.63 99.99=2144.26] [UPDATE: Count=122142 Max=15482.88 Min=6.71 Avg=27.75 10=11.65 25=13.87 50=17.33 75=22.48 90=30.83 95=41.05 99=106.17 99.9=2034.69 99.99=6541.31]
2025-04-22 06:34:46 33 sec: 389399 operations; [READ: Count=259788 Max=3246.08 Min=2.32 Avg=79.52 10=16.85 25=23.05 50=34.69 75=89.66 90=156.93 95=292.86 99=744.96 99.9=1464.32 99.99=2107.39] [UPDATE: Count=129611 Max=15482.88 Min=6.52 Avg=26.88 10=11.19 25=13.43 50=16.89 75=22.03 90=30.22 95=40.22 99=103.10 99.9=1977.34 99.99=6316.03]
2025-04-22 06:34:47 34 sec: 413637 operations; [READ: Count=275981 Max=3246.08 Min=2.32 Avg=78.06 10=16.15 25=22.43 50=34.49 75=90.50 90=151.55 95=277.76 99=723.97 99.9=1443.84 99.99=2069.50] [UPDATE: Count=137656 Max=15482.88 Min=6.30 Avg=26.03 10=10.85 25=13.00 50=16.43 75=21.60 90=29.57 95=39.30 99=99.39 99.9=1910.78 99.99=6279.17]
2025-04-22 06:34:48 35 sec: 438052 operations; [READ: Count=292285 Max=3246.08 Min=2.32 Avg=76.71 10=15.60 25=21.86 50=34.34 75=90.75 90=147.07 95=262.91 99=704.51 99.9=1422.34 99.99=2058.24] [UPDATE: Count=145767 Max=15482.88 Min=6.30 Avg=25.28 10=10.65 25=12.63 50=16.03 75=21.20 90=29.02 95=38.49 99=96.00 99.9=1813.50 99.99=6078.46]
2025-04-22 06:34:49 36 sec: 461780 operations; [READ: Count=308088 Max=3246.08 Min=2.32 Avg=75.66 10=14.97 25=21.28 50=34.21 75=90.56 90=143.74 95=251.90 99=690.17 99.9=1412.10 99.99=2041.86] [UPDATE: Count=153692 Max=15482.88 Min=6.30 Avg=24.61 10=10.45 25=12.27 50=15.65 75=20.82 90=28.50 95=37.66 99=93.44 99.9=1771.52 99.99=6078.46]
2025-04-22 06:34:50 37 sec: 482908 operations; [READ: Count=322219 Max=3246.08 Min=2.32 Avg=75.11 10=14.57 25=20.80 50=34.14 75=90.62 90=141.95 95=247.04 99=679.42 99.9=1397.76 99.99=2035.71] [UPDATE: Count=160689 Max=15482.88 Min=6.29 Avg=24.12 10=10.34 25=12.00 50=15.35 75=20.51 90=28.08 95=37.05 99=92.03 99.9=1710.08 99.99=6078.46]
2025-04-22 06:34:51 38 sec: 508839 operations; [READ: Count=339544 Max=3246.08 Min=2.27 Avg=73.87 10=14.08 25=20.14 50=33.95 75=90.24 90=138.37 95=234.75 99=663.04 99.9=1377.28 99.99=2021.38] [UPDATE: Count=169295 Max=15482.88 Min=6.29 Avg=23.51 10=10.21 25=11.68 50=15.01 75=20.14 90=27.60 95=36.35 99=89.92 99.9=1636.35 99.99=5926.91]
2025-04-22 06:34:52 39 sec: 533262 operations; [READ: Count=355946 Max=3246.08 Min=2.27 Avg=72.95 10=13.70 25=19.55 50=33.76 75=90.11 90=136.19 95=227.58 99=648.19 99.9=1366.02 99.99=2019.33] [UPDATE: Count=177316 Max=15482.88 Min=6.29 Avg=23.00 10=10.13 25=11.46 50=14.75 75=19.82 90=27.18 95=35.71 99=88.70 99.9=1568.77 99.99=5562.37]
2025-04-22 06:34:53 40 sec: 557729 operations; [READ: Count=372206 Max=3246.08 Min=2.27 Avg=72.12 10=13.39 25=19.05 50=33.50 75=90.05 90=134.40 95=221.57 99=635.39 99.9=1348.61 99.99=2009.09] [UPDATE: Count=185523 Max=15482.88 Min=6.29 Avg=22.56 10=10.09 25=11.34 50=14.55 75=19.52 90=26.83 95=35.13 99=88.00 99.9=1482.75 99.99=5414.91]
2025-04-22 06:34:54 41 sec: 579308 operations; [READ: Count=386643 Max=3246.08 Min=2.27 Avg=71.72 10=13.16 25=18.69 50=33.22 75=90.11 90=133.76 95=219.90 99=627.20 99.9=1334.27 99.99=2000.89] [UPDATE: Count=192665 Max=15482.88 Min=6.29 Avg=22.22 10=10.05 25=11.25 50=14.40 75=19.28 90=26.53 95=34.62 99=87.10 99.9=1437.69 99.99=5414.91]
2025-04-22 06:34:55 42 sec: 600616 operations; [READ: Count=400831 Max=3246.08 Min=2.04 Avg=71.40 10=12.86 25=18.29 50=32.93 75=90.11 90=133.25 95=218.88 99=622.08 99.9=1331.20 99.99=2004.99] [UPDATE: Count=199785 Max=15482.88 Min=6.29 Avg=21.91 10=9.99 25=11.13 50=14.23 75=19.02 90=26.21 95=34.17 99=86.27 99.9=1412.10 99.99=5373.95]
2025-04-22 06:34:56 43 sec: 624171 operations; [READ: Count=416488 Max=3246.08 Min=2.04 Avg=70.83 10=12.54 25=17.93 50=32.56 75=90.11 90=132.09 95=215.55 99=614.91 99.9=1331.20 99.99=2004.99] [UPDATE: Count=207683 Max=15482.88 Min=6.29 Avg=21.57 10=9.95 25=11.04 50=14.08 75=18.78 90=25.90 95=33.70 99=85.63 99.9=1377.28 99.99=5267.45]
2025-04-22 06:34:57 44 sec: 650155 operations; [READ: Count=433830 Max=3246.08 Min=2.04 Avg=70.02 10=12.10 25=17.58 50=32.13 75=90.05 90=130.75 95=211.20 99=603.13 99.9=1318.91 99.99=2000.89] [UPDATE: Count=216325 Max=15482.88 Min=6.29 Avg=21.21 10=9.90 25=10.95 50=13.92 75=18.51 90=25.58 95=33.22 99=84.80 99.9=1325.06 99.99=5218.30]
2025-04-22 06:34:58 45 sec: 675860 operations; [READ: Count=451045 Max=3246.08 Min=2.04 Avg=69.28 10=11.59 25=17.30 50=31.65 75=89.92 90=129.53 95=207.49 99=592.89 99.9=1311.74 99.99=1992.70] [UPDATE: Count=224815 Max=15482.88 Min=6.29 Avg=20.89 10=9.86 25=10.87 50=13.76 75=18.25 90=25.28 95=32.73 99=83.84 99.9=1259.52 99.99=5218.30]
2025-04-22 06:34:59 46 sec: 700449 operations; [READ: Count=467358 Max=3246.08 Min=2.04 Avg=68.74 10=11.15 25=17.09 50=31.21 75=89.92 90=128.83 95=205.31 99=583.17 99.9=1301.50 99.99=1949.69] [UPDATE: Count=233091 Max=15482.88 Min=6.29 Avg=20.60 10=9.82 25=10.81 50=13.64 75=18.05 90=24.99 95=32.34 99=83.01 99.9=1169.41 99.99=5140.48]
2025-04-22 06:35:00 47 sec: 720834 operations; [READ: Count=480911 Max=3246.08 Min=2.04 Avg=68.66 10=10.78 25=16.96 50=30.86 75=90.05 90=129.02 95=206.08 99=582.14 99.9=1293.31 99.99=1943.55] [UPDATE: Count=239923 Max=15482.88 Min=6.29 Avg=20.41 10=9.80 25=10.78 50=13.55 75=17.87 90=24.78 95=32.02 99=82.56 99.9=1152.00 99.99=5070.85]
2025-04-22 06:35:01 48 sec: 743504 operations; [READ: Count=496079 Max=3246.08 Min=2.04 Avg=68.32 10=10.38 25=16.86 50=30.46 75=90.11 90=128.51 95=204.93 99=577.02 99.9=1286.14 99.99=1940.48] [UPDATE: Count=247425 Max=15482.88 Min=6.29 Avg=20.24 10=9.79 25=10.78 50=13.49 75=17.73 90=24.54 95=31.70 99=81.60 99.9=1129.47 99.99=5070.85]
2025-04-22 06:35:02 49 sec: 768865 operations; [READ: Count=512996 Max=3246.08 Min=2.04 Avg=67.76 10=9.95 25=16.69 50=30.05 75=90.11 90=127.74 95=202.37 99=568.32 99.9=1273.86 99.99=1930.24] [UPDATE: Count=255869 Max=15482.88 Min=6.29 Avg=20.00 10=9.76 25=10.73 50=13.38 75=17.52 90=24.30 95=31.31 99=81.02 99.9=1096.70 99.99=5046.27]
2025-04-22 06:35:03 50 sec: 793102 operations; [READ: Count=529173 Max=13099.01 Min=2.04 Avg=67.35 10=9.66 25=16.61 50=29.63 75=90.11 90=127.10 95=200.57 99=560.64 99.9=1266.69 99.99=1918.97] [UPDATE: Count=263929 Max=15482.88 Min=6.29 Avg=19.80 10=9.75 25=10.72 50=13.32 75=17.38 90=24.08 95=30.99 99=79.87 99.9=1084.41 99.99=5046.27]
2025-04-22 06:35:04 51 sec: 820013 operations; [READ: Count=547090 Max=13099.01 Min=2.04 Avg=66.74 10=9.32 25=16.43 50=29.15 75=89.92 90=126.14 95=198.40 99=552.45 99.9=1254.40 99.99=1908.73] [UPDATE: Count=272923 Max=15482.88 Min=6.29 Avg=19.55 10=9.71 25=10.68 50=13.21 75=17.17 90=23.82 95=30.57 99=77.89 99.9=1052.67 99.99=5013.50]
2025-04-22 06:35:05 52 sec: 848240 operations; [READ: Count=565994 Max=13099.01 Min=2.04 Avg=66.04 10=8.95 25=16.20 50=28.57 75=89.53 90=124.99 95=195.84 99=546.30 99.9=1245.18 99.99=1896.45] [UPDATE: Count=282246 Max=15482.88 Min=6.29 Avg=19.30 10=9.68 25=10.63 50=13.09 75=16.96 90=23.57 95=30.22 99=76.42 99.9=1009.66 99.99=5009.41]
2025-04-22 06:35:06 53 sec: 875931 operations; [READ: Count=584478 Max=13099.01 Min=2.04 Avg=65.43 10=8.65 25=16.02 50=27.97 75=89.22 90=124.09 95=193.92 99=542.21 99.9=1238.02 99.99=1892.35] [UPDATE: Count=291453 Max=15482.88 Min=6.29 Avg=19.09 10=9.65 25=10.60 50=12.99 75=16.77 90=23.33 95=29.90 99=74.62 99.9=982.53 99.99=4722.69]
2025-04-22 06:35:07 54 sec: 907918 operations; [READ: Count=605747 Max=13099.01 Min=2.04 Avg=64.54 10=8.38 25=15.82 50=27.25 75=88.83 90=122.69 95=190.59 99=532.48 99.9=1225.73 99.99=1882.11] [UPDATE: Count=302171 Max=15482.88 Min=6.29 Avg=18.84 10=9.62 25=10.56 50=12.86 75=16.57 90=23.05 95=29.47 99=72.83 99.9=959.49 99.99=4698.11]
2025-04-22 06:35:08 55 sec: 939328 operations; [READ: Count=626690 Max=13099.01 Min=2.04 Avg=63.75 10=8.12 25=15.64 50=26.50 75=88.45 90=121.79 95=188.29 99=524.03 99.9=1212.41 99.99=1879.04] [UPDATE: Count=312638 Max=15482.88 Min=6.29 Avg=18.60 10=9.57 25=10.52 50=12.73 75=16.38 90=22.80 95=29.14 99=71.36 99.9=917.50 99.99=4493.31]
2025-04-22 06:35:09 56 sec: 974648 operations; [READ: Count=650213 Max=13099.01 Min=2.04 Avg=62.73 10=7.88 25=15.45 50=25.65 75=87.94 90=120.19 95=184.57 99=515.07 99.9=1199.10 99.99=1853.44] [UPDATE: Count=324435 Max=15482.88 Min=6.29 Avg=18.36 10=9.54 25=10.49 50=12.61 75=16.19 90=22.54 95=28.77 99=70.14 99.9=891.90 99.99=4476.93]
2025-04-22 06:35:10 57 sec: 1009365 operations; [READ: Count=673358 Max=13099.01 Min=2.04 Avg=61.82 10=7.67 25=15.26 50=24.83 75=87.42 90=118.91 95=181.50 99=508.42 99.9=1189.89 99.99=1848.32] [UPDATE: Count=336007 Max=15482.88 Min=6.29 Avg=18.15 10=9.50 25=10.46 50=12.49 75=16.02 90=22.29 95=28.41 99=68.93 99.9=867.84 99.99=4317.18]
2025-04-22 06:35:11 58 sec: 1044575 operations; [READ: Count=696762 Max=13099.01 Min=2.04 Avg=60.93 10=7.49 25=15.08 50=24.00 75=86.91 90=117.69 95=178.94 99=503.04 99.9=1180.67 99.99=1837.06] [UPDATE: Count=347813 Max=15482.88 Min=6.29 Avg=17.97 10=9.46 25=10.42 50=12.38 75=15.85 90=22.03 95=28.08 99=67.78 99.9=850.94 99.99=4317.18]
2025-04-22 06:35:12 59 sec: 1086854 operations; [READ: Count=724873 Max=13099.01 Min=2.04 Avg=59.68 10=7.28 25=14.86 50=23.05 75=86.21 90=115.90 95=174.72 99=492.03 99.9=1165.31 99.99=1827.84] [UPDATE: Count=361981 Max=15482.88 Min=6.29 Avg=17.72 10=9.41 25=10.39 50=12.25 75=15.65 90=21.76 95=27.70 99=66.37 99.9=813.57 99.99=4173.82]
2025-04-22 06:35:13 60 sec: 1126797 operations; [READ: Count=751507 Max=13099.01 Min=2.04 Avg=58.65 10=7.11 25=14.67 50=22.24 75=85.63 90=114.50 95=171.26 99=485.38 99.9=1154.05 99.99=1818.62] [UPDATE: Count=375290 Max=15482.88 Min=6.29 Avg=17.52 10=9.37 25=10.37 50=12.14 75=15.51 90=21.50 95=27.38 99=65.06 99.9=791.04 99.99=3979.26]
2025-04-22 06:35:14 61 sec: 1165442 operations; [READ: Count=777244 Max=13099.01 Min=2.04 Avg=57.76 10=6.99 25=14.51 50=21.52 75=85.06 90=113.41 95=168.57 99=479.74 99.9=1148.93 99.99=1807.36] [UPDATE: Count=388198 Max=15482.88 Min=6.29 Avg=17.34 10=9.33 25=10.34 50=12.05 75=15.38 90=21.28 95=27.09 99=64.00 99.9=755.71 99.99=3960.83]
2025-04-22 06:35:15 62 sec: 1204020 operations; [READ: Count=803102 Max=13099.01 Min=2.04 Avg=56.92 10=6.88 25=14.38 50=20.89 75=84.54 90=112.32 95=166.27 99=473.34 99.9=1143.81 99.99=1788.93] [UPDATE: Count=400918 Max=15482.88 Min=6.29 Avg=17.18 10=9.30 25=10.33 50=11.99 75=15.26 90=21.05 95=26.83 99=62.98 99.9=722.43 99.99=3944.45]
2025-04-22 06:35:16 63 sec: 1245020 operations; [READ: Count=830528 Max=13099.01 Min=2.04 Avg=56.02 10=6.78 25=14.21 50=20.29 75=83.90 90=111.23 95=163.58 99=467.97 99.9=1133.57 99.99=1776.64] [UPDATE: Count=414492 Max=15482.88 Min=6.29 Avg=17.01 10=9.26 25=10.30 50=11.90 75=15.14 90=20.83 95=26.57 99=62.02 99.9=697.86 99.99=3731.45]
2025-04-22 06:35:17 64 sec: 1288362 operations; [READ: Count=859490 Max=13099.01 Min=2.04 Avg=55.05 10=6.69 25=14.07 50=19.74 75=83.33 90=110.21 95=160.77 99=461.31 99.9=1123.33 99.99=1772.54] [UPDATE: Count=428872 Max=15482.88 Min=6.29 Avg=16.85 10=9.22 25=10.29 50=11.85 75=15.05 90=20.61 95=26.29 99=61.12 99.9=654.85 99.99=3614.72]
2025-04-22 06:35:18 65 sec: 1335171 operations; [READ: Count=890634 Max=13099.01 Min=2.04 Avg=54.00 10=6.58 25=13.90 50=19.25 75=82.62 90=108.99 95=157.44 99=452.86 99.9=1110.02 99.99=1767.42] [UPDATE: Count=444537 Max=15482.88 Min=6.29 Avg=16.69 10=9.18 25=10.26 50=11.80 75=14.95 90=20.37 95=26.00 99=60.06 99.9=609.28 99.99=3588.09]
2025-04-22 06:35:19 66 sec: 1376162 operations; [READ: Count=917963 Max=13099.01 Min=2.04 Avg=53.25 10=6.54 25=13.78 50=18.93 75=81.98 90=108.29 95=155.78 99=447.49 99.9=1101.82 99.99=1765.38] [UPDATE: Count=458199 Max=15482.88 Min=6.29 Avg=16.60 10=9.16 25=10.26 50=11.78 75=14.89 90=20.21 95=25.81 99=60.03 99.9=601.09 99.99=3553.28]
2025-04-22 06:35:20 67 sec: 1402805 operations; [READ: Count=935687 Max=13099.01 Min=2.04 Avg=53.16 10=6.55 25=13.73 50=18.88 75=81.98 90=108.42 95=156.41 99=445.18 99.9=1097.73 99.99=1764.35] [UPDATE: Count=467118 Max=15482.88 Min=6.29 Avg=16.55 10=9.16 25=10.25 50=11.76 75=14.86 90=20.09 95=25.66 99=59.65 99.9=595.46 99.99=3500.03]
2025-04-22 06:35:21 68 sec: 1420538 operations; [READ: Count=947488 Max=13099.01 Min=2.04 Avg=53.46 10=6.58 25=13.73 50=18.94 75=82.30 90=108.93 95=158.72 99=446.98 99.9=1096.70 99.99=1764.35] [UPDATE: Count=473050 Max=15482.88 Min=6.29 Avg=16.51 10=9.17 25=10.26 50=11.76 75=14.84 90=20.02 95=25.57 99=59.26 99.9=584.70 99.99=3553.28]
2025-04-22 06:35:22 69 sec: 1434930 operations; [READ: Count=957039 Max=13099.01 Min=2.04 Avg=53.88 10=6.60 25=13.76 50=19.04 75=82.75 90=109.69 95=161.53 99=448.51 99.9=1094.65 99.99=1763.33] [UPDATE: Count=477891 Max=15482.88 Min=6.29 Avg=16.49 10=9.18 25=10.26 50=11.78 75=14.83 90=19.95 95=25.49 99=59.01 99.9=581.12 99.99=3500.03]
2025-04-22 06:35:23 70 sec: 1446626 operations; [READ: Count=964849 Max=13099.01 Min=2.04 Avg=54.41 10=6.62 25=13.79 50=19.15 75=83.26 90=110.66 95=164.74 99=450.56 99.9=1093.63 99.99=1763.33] [UPDATE: Count=481777 Max=15482.88 Min=6.29 Avg=16.48 10=9.19 25=10.26 50=11.79 75=14.84 90=19.92 95=25.44 99=58.91 99.9=581.12 99.99=3500.03]
2025-04-22 06:35:24 71 sec: 1459416 operations; [READ: Count=973393 Max=13099.01 Min=2.04 Avg=54.89 10=6.63 25=13.82 50=19.26 75=83.71 90=111.55 95=167.17 99=451.58 99.9=1091.58 99.99=1763.33] [UPDATE: Count=486023 Max=15482.88 Min=6.29 Avg=16.47 10=9.20 25=10.27 50=11.81 75=14.85 90=19.89 95=25.38 99=58.78 99.9=571.39 99.99=3485.70]
2025-04-22 06:35:25 72 sec: 1471650 operations; [READ: Count=981532 Max=13099.01 Min=2.04 Avg=55.38 10=6.65 25=13.85 50=19.36 75=84.09 90=112.45 95=169.34 99=454.14 99.9=1092.61 99.99=1765.38] [UPDATE: Count=490118 Max=15482.88 Min=6.29 Avg=16.46 10=9.21 25=10.28 50=11.81 75=14.84 90=19.84 95=25.31 99=58.66 99.9=571.39 99.99=3485.70]
2025-04-22 06:35:26 73 sec: 1484638 operations; [READ: Count=990126 Max=13099.01 Min=2.04 Avg=55.83 10=6.66 25=13.87 50=19.45 75=84.48 90=113.34 95=171.26 99=455.94 99.9=1091.58 99.99=1766.40] [UPDATE: Count=494512 Max=15482.88 Min=6.29 Avg=16.45 10=9.21 25=10.28 50=11.82 75=14.83 90=19.79 95=25.25 99=58.49 99.9=571.39 99.99=3500.03]
2025-04-22 06:35:27 74 sec: 1497496 operations; [READ: Count=998712 Max=13099.01 Min=2.04 Avg=56.28 10=6.68 25=13.89 50=19.57 75=84.86 90=114.24 95=173.44 99=457.47 99.9=1089.54 99.99=1765.38] [UPDATE: Count=498784 Max=15482.88 Min=6.29 Avg=16.43 10=9.22 25=10.29 50=11.83 75=14.82 90=19.73 95=25.18 99=58.34 99.9=563.71 99.99=3485.70]
2025-04-22 06:35:27 74 sec: 1499452 operations; [READ: Count=1000000 Max=13099.01 Min=2.04 Avg=56.37 10=6.68 25=13.90 50=19.58 75=84.93 90=114.50 95=173.82 99=458.24 99.9=1089.54 99.99=1765.38] [UPDATE: Count=499452 Max=15482.88 Min=6.29 Avg=16.43 10=9.22 25=10.29 50=11.83 75=14.82 90=19.73 95=25.17 99=58.30 99.9=575.49 99.99=3485.70]
Run runtime(sec): 74.263
Run operations(ops): 1000000
Run throughput(ops/sec): 13465.7
