Running scope as unit: run-rcd3486f20fa846bb8fe54171e85f4b94.scope
load file:/home/user/DataFiles/silesia_data/silesia.tar
2025-04-22 06:34:13 0 sec: 0 operations;
2025-04-22 06:34:14 1 sec: 0 operations;
2025-04-22 06:34:15 2 sec: 0 operations;
2025-04-22 06:34:16 3 sec: 0 operations;
2025-04-22 06:34:17 4 sec: 0 operations;
2025-04-22 06:34:18 5 sec: 0 operations;
2025-04-22 06:34:19 6 sec: 0 operations;
2025-04-22 06:34:20 7 sec: 3598 operations; [READ: Count=2389 Max=1198.08 Min=5.26 Avg=92.62 10=16.26 25=19.90 50=29.47 75=112.06 90=187.01 95=396.54 99=791.55 99.9=1131.52 99.99=1198.08] [UPDATE: Count=1209 Max=5427.20 Min=10.02 Avg=53.17 10=15.64 25=19.20 50=25.70 75=39.39 90=65.28 95=85.44 99=520.70 99.9=2615.30 99.99=5427.20]
2025-04-22 06:34:21 8 sec: 10278 operations; [READ: Count=6856 Max=1873.92 Min=3.92 Avg=148.64 10=17.60 25=23.04 50=34.02 75=133.50 90=477.18 95=783.36 99=1165.31 99.9=1517.57 99.99=1697.79] [UPDATE: Count=3422 Max=12222.46 Min=8.97 Avg=76.06 10=14.65 25=17.90 50=23.54 75=33.57 90=52.38 95=77.06 99=1085.44 99.9=10518.53 99.99=12222.46]
2025-04-22 06:34:22 9 sec: 18289 operations; [READ: Count=12252 Max=2293.76 Min=3.64 Avg=151.18 10=18.75 25=25.30 50=38.40 75=145.02 90=470.78 95=759.29 99=1148.93 99.9=1544.19 99.99=2107.39] [UPDATE: Count=6037 Max=12222.46 Min=8.97 Avg=69.38 10=15.37 25=19.10 50=25.30 75=35.39 90=53.15 95=76.03 99=940.03 99.9=8626.17 99.99=10698.75]
2025-04-22 06:34:23 10 sec: 25476 operations; [READ: Count=17051 Max=2758.66 Min=3.48 Avg=159.10 10=19.05 25=25.87 50=38.56 75=147.07 90=512.25 95=800.25 99=1207.30 99.9=1629.18 99.99=2293.76] [UPDATE: Count=8425 Max=12222.46 Min=8.56 Avg=65.41 10=15.09 25=18.57 50=24.08 75=33.15 90=48.86 95=68.54 99=855.04 99.9=8626.17 99.99=11075.58]
2025-04-22 06:34:24 11 sec: 33021 operations; [READ: Count=22081 Max=2758.66 Min=3.48 Avg=162.60 10=19.45 25=26.64 50=39.94 75=146.30 90=536.58 95=813.05 99=1228.80 99.9=1818.62 99.99=2328.57] [UPDATE: Count=10940 Max=12222.46 Min=7.49 Avg=60.96 10=14.12 25=17.18 50=22.19 75=30.45 90=44.77 95=62.43 99=741.38 99.9=7663.61 99.99=11075.58]
2025-04-22 06:34:25 12 sec: 44955 operations; [READ: Count=30055 Max=2758.66 Min=3.01 Avg=149.45 10=20.03 25=27.77 50=40.96 75=134.53 90=450.05 95=761.34 99=1206.27 99.9=1805.31 99.99=2328.57] [UPDATE: Count=14900 Max=12222.46 Min=7.45 Avg=50.75 10=12.81 25=15.16 50=19.65 75=27.14 90=39.71 95=54.81 99=520.70 99.9=6533.12 99.99=11075.58]
2025-04-22 06:34:26 13 sec: 60630 operations; [READ: Count=40509 Max=2758.66 Min=3.01 Avg=131.43 10=19.87 25=27.47 50=40.35 75=128.77 90=346.88 95=653.82 99=1137.66 99.9=1741.82 99.99=2295.81] [UPDATE: Count=20121 Max=12222.46 Min=6.80 Avg=45.06 10=12.60 25=14.83 50=19.20 75=26.69 90=39.17 95=53.82 99=368.13 99.9=5750.78 99.99=10993.66]
2025-04-22 06:34:27 14 sec: 74139 operations; [READ: Count=49554 Max=2758.66 Min=3.01 Avg=124.04 10=18.30 25=25.66 50=38.27 75=126.33 90=319.49 95=604.16 99=1100.80 99.9=1707.01 99.99=2295.81] [UPDATE: Count=24585 Max=12222.46 Min=6.80 Avg=43.60 10=12.57 25=14.82 50=19.20 75=26.56 90=39.01 95=53.38 99=363.77 99.9=5427.20 99.99=10993.66]
2025-04-22 06:34:28 15 sec: 89536 operations; [READ: Count=59832 Max=2758.66 Min=3.01 Avg=116.52 10=17.77 25=24.59 50=36.77 75=121.98 90=282.11 95=552.45 99=1061.89 99.9=1642.49 99.99=2293.76] [UPDATE: Count=29704 Max=12222.46 Min=6.80 Avg=41.45 10=12.69 25=15.05 50=19.45 75=26.88 90=39.23 95=53.44 99=304.89 99.9=4767.74 99.99=10895.36]
2025-04-22 06:34:29 16 sec: 103691 operations; [READ: Count=69302 Max=2758.66 Min=3.01 Avg=112.57 10=17.30 25=23.65 50=35.33 75=118.33 90=263.94 95=535.04 99=1063.93 99.9=1662.97 99.99=2248.70] [UPDATE: Count=34389 Max=12222.46 Min=6.80 Avg=40.35 10=12.68 25=15.09 50=19.45 75=26.72 90=38.91 95=53.12 99=287.49 99.9=4624.38 99.99=10895.36]
2025-04-22 06:34:30 17 sec: 119909 operations; [READ: Count=80127 Max=2758.66 Min=3.01 Avg=107.57 10=17.09 25=23.01 50=34.21 75=113.28 90=237.44 95=501.25 99=1051.65 99.9=1707.01 99.99=2232.32] [UPDATE: Count=39782 Max=12222.46 Min=6.80 Avg=39.07 10=12.68 25=15.14 50=19.52 75=26.67 90=38.56 95=52.41 99=230.01 99.9=4341.76 99.99=10698.75]
2025-04-22 06:34:31 18 sec: 138076 operations; [READ: Count=92248 Max=2758.66 Min=3.01 Avg=102.19 10=16.94 25=22.56 50=33.31 75=106.56 90=216.96 95=473.86 99=1024.00 99.9=1653.76 99.99=2232.32] [UPDATE: Count=45828 Max=12222.46 Min=6.80 Avg=37.72 10=12.66 25=15.19 50=19.61 75=26.83 90=39.07 95=52.80 99=186.50 99.9=3424.26 99.99=10518.53]
2025-04-22 06:34:32 19 sec: 155584 operations; [READ: Count=103877 Max=2758.66 Min=3.01 Avg=98.30 10=16.98 25=22.56 50=33.22 75=99.01 90=204.93 95=445.95 99=998.40 99.9=1629.18 99.99=2164.74] [UPDATE: Count=51707 Max=12222.46 Min=6.59 Avg=37.26 10=12.70 25=15.29 50=19.70 75=26.88 90=38.94 95=52.48 99=188.16 99.9=3049.47 99.99=10518.53]
2025-04-22 06:34:33 20 sec: 171036 operations; [READ: Count=114127 Max=2758.66 Min=3.01 Avg=96.61 10=16.99 25=22.64 50=33.34 75=99.26 90=201.22 95=430.08 99=975.36 99.9=1609.73 99.99=2164.74] [UPDATE: Count=56909 Max=12222.46 Min=6.59 Avg=36.84 10=12.70 25=15.30 50=19.70 75=26.73 90=38.30 95=51.62 99=195.58 99.9=2979.84 99.99=10084.35]
2025-04-22 06:34:34 21 sec: 183548 operations; [READ: Count=122487 Max=2758.66 Min=3.01 Avg=97.06 10=16.89 25=22.51 50=33.25 75=102.27 90=205.44 95=429.82 99=970.24 99.9=1619.97 99.99=2232.32] [UPDATE: Count=61061 Max=12222.46 Min=6.59 Avg=36.40 10=12.62 25=15.17 50=19.47 75=26.37 90=37.63 95=50.59 99=187.39 99.9=2981.89 99.99=10084.35]
2025-04-22 06:34:35 22 sec: 195381 operations; [READ: Count=130414 Max=4313.09 Min=2.79 Avg=97.78 10=16.82 25=22.48 50=33.34 75=105.41 90=208.13 95=428.54 99=972.29 99.9=1642.49 99.99=2295.81] [UPDATE: Count=64967 Max=12222.46 Min=6.59 Avg=36.14 10=12.54 25=15.04 50=19.26 75=26.00 90=36.96 95=49.63 99=187.26 99.9=3000.32 99.99=10084.35]
2025-04-22 06:34:36 23 sec: 209844 operations; [READ: Count=140075 Max=4313.09 Min=2.79 Avg=97.36 10=16.73 25=22.43 50=33.47 75=107.84 90=208.51 95=419.84 99=954.37 99.9=1629.18 99.99=2293.76] [UPDATE: Count=69769 Max=12222.46 Min=6.59 Avg=35.11 10=12.39 25=14.81 50=18.94 75=25.50 90=36.13 95=48.38 99=171.01 99.9=2949.12 99.99=9388.03]
2025-04-22 06:34:37 24 sec: 223211 operations; [READ: Count=148998 Max=4313.09 Min=2.79 Avg=97.51 10=16.66 25=22.40 50=33.60 75=109.44 90=210.94 95=415.74 99=942.59 99.9=1619.97 99.99=2250.75] [UPDATE: Count=74213 Max=12222.46 Min=6.59 Avg=34.32 10=12.29 25=14.65 50=18.70 75=25.04 90=35.45 95=47.36 99=159.49 99.9=2867.20 99.99=9388.03]
2025-04-22 06:34:38 25 sec: 236763 operations; [READ: Count=158041 Max=4313.09 Min=2.66 Avg=97.62 10=16.59 25=22.40 50=33.82 75=111.04 90=212.74 95=410.62 99=927.74 99.9=1608.70 99.99=2248.70] [UPDATE: Count=78722 Max=12222.46 Min=6.59 Avg=33.48 10=12.21 25=14.51 50=18.45 75=24.64 90=34.75 95=46.34 99=146.56 99.9=2740.22 99.99=8626.17]
2025-04-22 06:34:39 26 sec: 247584 operations; [READ: Count=165241 Max=4313.09 Min=2.66 Avg=98.76 10=16.51 25=22.40 50=34.05 75=112.70 90=217.09 95=413.18 99=925.18 99.9=1609.73 99.99=2250.75] [UPDATE: Count=82343 Max=12222.46 Min=6.59 Avg=33.23 10=12.11 25=14.38 50=18.25 75=24.35 90=34.30 95=45.73 99=146.56 99.9=2740.22 99.99=8626.17]
2025-04-22 06:34:40 27 sec: 258657 operations; [READ: Count=172598 Max=4313.09 Min=2.66 Avg=99.76 10=16.45 25=22.40 50=34.21 75=113.53 90=219.39 95=414.98 99=932.86 99.9=1633.28 99.99=2328.57] [UPDATE: Count=86059 Max=12222.46 Min=6.59 Avg=32.85 10=12.05 25=14.27 50=18.09 75=24.09 90=33.92 95=44.99 99=143.62 99.9=2725.89 99.99=8470.53]
2025-04-22 06:34:41 28 sec: 273605 operations; [READ: Count=182580 Max=4313.09 Min=2.66 Avg=99.10 10=16.32 25=22.30 50=34.21 75=113.92 90=217.98 95=408.06 99=916.99 99.9=1622.02 99.99=2322.43] [UPDATE: Count=91025 Max=12222.46 Min=6.59 Avg=32.29 10=11.97 25=14.15 50=17.89 75=23.76 90=33.31 95=44.16 99=140.67 99.9=2629.63 99.99=8470.53]
2025-04-22 06:34:42 29 sec: 289666 operations; [READ: Count=193304 Max=4313.09 Min=2.66 Avg=98.15 10=16.12 25=22.09 50=33.95 75=113.73 90=216.57 95=401.41 99=907.77 99.9=1610.75 99.99=2299.90] [UPDATE: Count=96362 Max=12222.46 Min=6.59 Avg=31.63 10=11.86 25=13.98 50=17.65 75=23.39 90=32.69 95=43.39 99=137.60 99.9=2580.48 99.99=8155.14]
2025-04-22 06:34:43 30 sec: 306708 operations; [READ: Count=204686 Max=4313.09 Min=2.66 Avg=96.94 10=15.86 25=21.81 50=33.57 75=113.09 90=214.27 95=395.77 99=893.95 99.9=1597.44 99.99=2295.81] [UPDATE: Count=102022 Max=12222.46 Min=6.59 Avg=31.00 10=11.77 25=13.85 50=17.42 75=23.04 90=32.11 95=42.43 99=129.79 99.9=2539.52 99.99=8155.14]
2025-04-22 06:34:44 31 sec: 324617 operations; [READ: Count=216561 Max=4313.09 Min=2.58 Avg=95.62 10=15.61 25=21.47 50=33.02 75=112.13 90=211.97 95=391.17 99=882.69 99.9=1587.20 99.99=2250.75] [UPDATE: Count=108056 Max=12222.46 Min=6.59 Avg=30.37 10=11.67 25=13.71 50=17.20 75=22.67 90=31.57 95=41.66 99=125.44 99.9=2521.09 99.99=8024.06]
2025-04-22 06:34:45 32 sec: 338619 operations; [READ: Count=225837 Max=4313.09 Min=2.58 Avg=95.64 10=15.37 25=21.18 50=33.02 75=111.74 90=212.09 95=389.38 99=877.57 99.9=1592.32 99.99=2295.81] [UPDATE: Count=112782 Max=12222.46 Min=6.49 Avg=29.99 10=11.41 25=13.47 50=16.94 75=22.37 90=31.18 95=41.12 99=126.40 99.9=2482.18 99.99=8024.06]
2025-04-22 06:34:46 33 sec: 357613 operations; [READ: Count=238476 Max=4313.09 Min=2.53 Avg=94.37 10=14.97 25=20.80 50=33.22 75=110.08 90=206.59 95=379.90 99=862.21 99.9=1581.06 99.99=2293.76] [UPDATE: Count=119137 Max=12222.46 Min=6.49 Avg=29.08 10=11.02 25=13.13 50=16.53 75=21.93 90=30.64 95=40.29 99=118.85 99.9=2439.17 99.99=7663.61]
2025-04-22 06:34:47 34 sec: 379029 operations; [READ: Count=252808 Max=4313.09 Min=2.34 Avg=92.58 10=14.62 25=20.40 50=33.44 75=107.52 90=198.91 95=367.10 99=845.31 99.9=1564.67 99.99=2250.75] [UPDATE: Count=126221 Max=12222.46 Min=6.49 Avg=28.13 10=10.69 25=12.74 50=16.09 75=21.45 90=30.00 95=39.39 99=109.89 99.9=2392.06 99.99=7471.10]
2025-04-22 06:34:48 35 sec: 400828 operations; [READ: Count=267288 Max=4313.09 Min=2.15 Avg=90.90 10=14.48 25=20.11 50=33.60 75=105.28 90=192.00 95=354.56 99=826.88 99.9=1540.10 99.99=2244.61] [UPDATE: Count=133540 Max=12222.46 Min=6.49 Avg=27.28 10=10.51 25=12.41 50=15.70 75=21.02 90=29.36 95=38.46 99=105.41 99.9=2314.24 99.99=7471.10]
2025-04-22 06:34:49 36 sec: 421946 operations; [READ: Count=281319 Max=4313.09 Min=2.15 Avg=89.54 10=14.34 25=19.86 50=33.66 75=103.68 90=185.85 95=344.57 99=809.47 99.9=1518.59 99.99=2240.51] [UPDATE: Count=140627 Max=12222.46 Min=6.49 Avg=26.55 10=10.42 25=12.18 50=15.40 75=20.64 90=28.83 95=37.73 99=100.16 99.9=2263.04 99.99=7409.66]
2025-04-22 06:34:50 37 sec: 441390 operations; [READ: Count=294267 Max=4313.09 Min=2.15 Avg=88.63 10=14.25 25=19.76 50=33.66 75=102.72 90=181.89 95=337.66 99=796.67 99.9=1512.45 99.99=2234.37] [UPDATE: Count=147123 Max=12222.46 Min=6.49 Avg=26.02 10=10.42 25=12.13 50=15.22 75=20.30 90=28.38 95=37.09 99=96.45 99.9=2174.97 99.99=7176.19]
2025-04-22 06:34:51 38 sec: 463419 operations; [READ: Count=308942 Max=4313.09 Min=2.15 Avg=87.29 10=14.10 25=19.58 50=33.70 75=101.50 90=175.62 95=327.94 99=780.80 99.9=1492.99 99.99=2232.32] [UPDATE: Count=154477 Max=12222.46 Min=6.49 Avg=25.42 10=10.35 25=11.97 50=14.98 75=19.97 90=27.92 95=36.41 99=93.38 99.9=2089.98 99.99=7176.19]
2025-04-22 06:34:52 39 sec: 485450 operations; [READ: Count=323603 Max=4313.09 Min=2.15 Avg=86.08 10=13.94 25=19.39 50=33.73 75=100.61 90=169.85 95=317.95 99=766.98 99.9=1477.63 99.99=2207.74] [UPDATE: Count=161847 Max=12222.46 Min=6.49 Avg=24.84 10=10.29 25=11.79 50=14.76 75=19.63 90=27.45 95=35.81 99=90.30 99.9=2010.11 99.99=7110.65]
2025-04-22 06:34:53 40 sec: 506093 operations; [READ: Count=337291 Max=4313.09 Min=2.15 Avg=85.23 10=13.79 25=19.26 50=33.73 75=100.09 90=166.27 95=310.78 99=753.66 99.9=1466.37 99.99=2172.93] [UPDATE: Count=168802 Max=12222.46 Min=6.49 Avg=24.38 10=10.24 25=11.68 50=14.60 75=19.38 90=27.05 95=35.30 99=87.61 99.9=1931.26 99.99=6922.24]
2025-04-22 06:34:54 41 sec: 525242 operations; [READ: Count=350067 Max=4313.09 Min=2.15 Avg=84.68 10=13.65 25=19.20 50=33.73 75=99.97 90=163.58 95=305.66 99=742.91 99.9=1453.06 99.99=2164.74] [UPDATE: Count=175175 Max=12222.46 Min=6.49 Avg=24.00 10=10.23 25=11.62 50=14.49 75=19.15 90=26.72 95=34.81 99=85.50 99.9=1854.46 99.99=6844.41]
2025-04-22 06:34:55 42 sec: 542759 operations; [READ: Count=361707 Max=4313.09 Min=2.15 Avg=84.45 10=13.52 25=19.14 50=33.66 75=99.84 90=162.43 95=304.64 99=736.77 99.9=1442.82 99.99=2160.64] [UPDATE: Count=181052 Max=12222.46 Min=6.49 Avg=23.68 10=10.21 25=11.57 50=14.38 75=18.94 90=26.43 95=34.37 99=84.16 99.9=1810.43 99.99=6844.41]
2025-04-22 06:34:56 43 sec: 561390 operations; [READ: Count=374112 Max=4313.09 Min=2.15 Avg=84.06 10=13.37 25=19.05 50=33.63 75=99.71 90=160.25 95=300.03 99=732.16 99.9=1442.82 99.99=2164.74] [UPDATE: Count=187278 Max=12222.46 Min=6.49 Avg=23.35 10=10.18 25=11.51 50=14.29 75=18.75 90=26.18 95=34.05 99=82.75 99.9=1739.78 99.99=6545.41]
2025-04-22 06:34:57 44 sec: 582251 operations; [READ: Count=388042 Max=4313.09 Min=2.15 Avg=83.34 10=13.17 25=18.96 50=33.60 75=99.52 90=157.57 95=293.63 99=720.38 99.9=1432.58 99.99=2158.59] [UPDATE: Count=194209 Max=12222.46 Min=6.49 Avg=23.00 10=10.16 25=11.46 50=14.19 75=18.53 90=25.89 95=33.60 99=80.83 99.9=1702.91 99.99=6545.41]
2025-04-22 06:34:58 45 sec: 602810 operations; [READ: Count=401766 Max=4313.09 Min=2.15 Avg=82.71 10=12.94 25=18.86 50=33.57 75=99.33 90=155.01 95=287.74 99=708.61 99.9=1417.21 99.99=2154.49] [UPDATE: Count=201044 Max=12222.46 Min=6.39 Avg=22.69 10=10.13 25=11.40 50=14.08 75=18.32 90=25.58 95=33.15 99=79.55 99.9=1653.76 99.99=6537.22]
2025-04-22 06:34:59 46 sec: 622136 operations; [READ: Count=414660 Max=4313.09 Min=2.15 Avg=82.29 10=12.75 25=18.82 50=33.50 75=99.39 90=153.60 95=283.90 99=699.39 99.9=1408.00 99.99=2146.30] [UPDATE: Count=207476 Max=12222.46 Min=6.39 Avg=22.43 10=10.13 25=11.38 50=14.03 75=18.18 90=25.33 95=32.80 99=78.46 99.9=1604.61 99.99=6533.12]
2025-04-22 06:35:00 47 sec: 637929 operations; [READ: Count=425222 Max=4313.09 Min=2.15 Avg=82.36 10=12.60 25=18.80 50=33.47 75=99.65 90=153.98 95=284.42 99=696.32 99.9=1398.78 99.99=2136.06] [UPDATE: Count=212707 Max=12222.46 Min=6.39 Avg=22.29 10=10.13 25=11.38 50=14.01 75=18.08 90=25.14 95=32.51 99=78.21 99.9=1566.72 99.99=6533.12]
2025-04-22 06:35:01 48 sec: 656288 operations; [READ: Count=437481 Max=4313.09 Min=2.15 Avg=82.11 10=12.39 25=18.73 50=33.41 75=99.65 90=153.22 95=282.11 99=691.20 99.9=1390.59 99.99=2136.06] [UPDATE: Count=218807 Max=12222.46 Min=6.39 Avg=22.07 10=10.12 25=11.34 50=13.94 75=17.95 90=24.89 95=32.19 99=77.44 99.9=1532.93 99.99=6533.12]
2025-04-22 06:35:02 49 sec: 676095 operations; [READ: Count=450648 Max=4313.09 Min=2.15 Avg=81.69 10=12.20 25=18.69 50=33.41 75=99.65 90=151.94 95=277.25 99=681.98 99.9=1385.47 99.99=2136.06] [UPDATE: Count=225447 Max=12222.46 Min=6.39 Avg=21.84 10=10.10 25=11.32 50=13.87 75=17.79 90=24.64 95=31.90 99=77.25 99.9=1505.28 99.99=6123.52]
2025-04-22 06:35:03 50 sec: 695379 operations; [READ: Count=463534 Max=4313.09 Min=2.15 Avg=81.35 10=11.98 25=18.64 50=33.38 75=99.65 90=151.17 95=273.92 99=674.82 99.9=1372.16 99.99=2131.97] [UPDATE: Count=231845 Max=12222.46 Min=6.39 Avg=21.62 10=10.10 25=11.29 50=13.80 75=17.66 90=24.43 95=31.65 99=77.06 99.9=1462.27 99.99=6123.52]
2025-04-22 06:35:04 51 sec: 716222 operations; [READ: Count=477447 Max=4313.09 Min=2.15 Avg=80.85 10=11.75 25=18.56 50=33.31 75=99.45 90=149.76 95=269.31 99=665.09 99.9=1363.97 99.99=2117.63] [UPDATE: Count=238775 Max=12222.46 Min=6.39 Avg=21.39 10=10.08 25=11.26 50=13.73 75=17.52 90=24.21 95=31.36 99=76.54 99.9=1430.53 99.99=5992.45]
2025-04-22 06:35:05 52 sec: 737506 operations; [READ: Count=491597 Max=4313.09 Min=2.15 Avg=80.34 10=11.48 25=18.45 50=33.22 75=99.14 90=148.35 95=265.47 99=658.43 99.9=1345.54 99.99=2107.39] [UPDATE: Count=245909 Max=12222.46 Min=6.39 Avg=21.14 10=10.05 25=11.20 50=13.65 75=17.38 90=23.98 95=31.05 99=75.90 99.9=1405.95 99.99=5976.06]
2025-04-22 06:35:06 53 sec: 757083 operations; [READ: Count=504589 Max=4313.09 Min=2.15 Avg=80.04 10=11.25 25=18.38 50=33.15 75=98.94 90=147.58 95=263.17 99=652.80 99.9=1337.34 99.99=2107.39] [UPDATE: Count=252494 Max=12222.46 Min=6.39 Avg=20.95 10=10.04 25=11.18 50=13.58 75=17.25 90=23.79 95=30.83 99=75.45 99.9=1372.16 99.99=5976.06]
2025-04-22 06:35:07 54 sec: 779146 operations; [READ: Count=519275 Max=4313.09 Min=2.15 Avg=79.49 10=11.02 25=18.30 50=33.05 75=98.75 90=146.18 95=258.05 99=644.10 99.9=1328.13 99.99=2096.13] [UPDATE: Count=259871 Max=12222.46 Min=6.39 Avg=20.73 10=10.02 25=11.15 50=13.53 75=17.14 90=23.57 95=30.51 99=74.75 99.9=1293.31 99.99=5918.72]
2025-04-22 06:35:08 55 sec: 800728 operations; [READ: Count=533599 Max=4313.09 Min=2.15 Avg=79.02 10=10.81 25=18.21 50=32.93 75=98.56 90=145.15 95=254.59 99=637.44 99.9=1320.96 99.99=2095.10] [UPDATE: Count=267129 Max=12222.46 Min=6.39 Avg=20.53 10=10.00 25=11.12 50=13.46 75=17.01 90=23.34 95=30.25 99=74.62 99.9=1250.30 99.99=5873.66]
2025-04-22 06:35:09 56 sec: 822844 operations; [READ: Count=548332 Max=4313.09 Min=2.15 Avg=78.51 10=10.60 25=18.13 50=32.80 75=98.30 90=144.00 95=250.50 99=630.78 99.9=1315.84 99.99=2084.86] [UPDATE: Count=274512 Max=12222.46 Min=6.39 Avg=20.34 10=9.98 25=11.10 50=13.41 75=16.89 90=23.14 95=29.98 99=74.11 99.9=1233.92 99.99=5873.66]
2025-04-22 06:35:10 57 sec: 845245 operations; [READ: Count=563232 Max=4313.09 Min=2.15 Avg=78.01 10=10.38 25=18.02 50=32.64 75=98.05 90=142.72 95=246.40 99=624.64 99.9=1307.65 99.99=2082.82] [UPDATE: Count=282013 Max=12222.46 Min=6.39 Avg=20.15 10=9.97 25=11.06 50=13.33 75=16.77 90=22.94 95=29.68 99=73.28 99.9=1214.46 99.99=5750.78]
2025-04-22 06:35:11 58 sec: 866471 operations; [READ: Count=577368 Max=4313.09 Min=2.15 Avg=77.64 10=10.19 25=17.92 50=32.49 75=97.86 90=141.95 95=243.97 99=619.52 99.9=1295.36 99.99=2066.43] [UPDATE: Count=289103 Max=12222.46 Min=6.39 Avg=19.98 10=9.94 25=11.03 50=13.26 75=16.67 90=22.75 95=29.42 99=72.51 99.9=1185.79 99.99=5705.73]
2025-04-22 06:35:12 59 sec: 891617 operations; [READ: Count=594168 Max=4313.09 Min=2.15 Avg=76.92 10=9.97 25=17.79 50=32.26 75=97.47 90=140.29 95=238.21 99=611.84 99.9=1289.21 99.99=2041.86] [UPDATE: Count=297449 Max=12222.46 Min=6.39 Avg=19.78 10=9.92 25=11.00 50=13.18 75=16.54 90=22.56 95=29.15 99=72.19 99.9=1161.21 99.99=5681.15]
2025-04-22 06:35:13 60 sec: 916126 operations; [READ: Count=610468 Max=4313.09 Min=2.15 Avg=76.31 10=9.79 25=17.68 50=32.06 75=97.15 90=138.75 95=233.47 99=604.16 99.9=1280.00 99.99=2031.62] [UPDATE: Count=305658 Max=12222.46 Min=6.30 Avg=19.59 10=9.89 25=10.96 50=13.11 75=16.43 90=22.37 95=28.91 99=71.68 99.9=1121.28 99.99=5656.57]
2025-04-22 06:35:14 61 sec: 938702 operations; [READ: Count=625524 Max=4313.09 Min=1.91 Avg=75.89 10=9.66 25=17.60 50=31.86 75=96.89 90=137.85 95=230.53 99=600.06 99.9=1272.83 99.99=2025.47] [UPDATE: Count=313178 Max=12222.46 Min=6.30 Avg=19.42 10=9.87 25=10.94 50=13.05 75=16.34 90=22.18 95=28.69 99=70.59 99.9=1095.68 99.99=5656.57]
2025-04-22 06:35:15 62 sec: 960896 operations; [READ: Count=640410 Max=4313.09 Min=1.91 Avg=75.52 10=9.52 25=17.50 50=31.63 75=96.77 90=137.34 95=228.74 99=595.46 99.9=1265.66 99.99=2015.23] [UPDATE: Count=320486 Max=12222.46 Min=6.30 Avg=19.27 10=9.86 25=10.92 50=13.00 75=16.25 90=22.02 95=28.45 99=70.08 99.9=1085.44 99.99=5562.37]
2025-04-22 06:35:16 63 sec: 982611 operations; [READ: Count=654882 Max=4313.09 Min=1.91 Avg=75.22 10=9.41 25=17.41 50=31.41 75=96.58 90=136.83 95=227.20 99=591.87 99.9=1260.54 99.99=2003.97] [UPDATE: Count=327729 Max=12222.46 Min=6.30 Avg=19.13 10=9.84 25=10.90 50=12.95 75=16.18 90=21.86 95=28.24 99=69.44 99.9=1049.60 99.99=5427.20]
2025-04-22 06:35:17 64 sec: 1005565 operations; [READ: Count=670222 Max=4313.09 Min=1.91 Avg=74.82 10=9.29 25=17.31 50=31.15 75=96.45 90=136.32 95=224.90 99=585.22 99.9=1257.47 99.99=2002.94] [UPDATE: Count=335343 Max=12222.46 Min=6.30 Avg=18.98 10=9.81 25=10.89 50=12.89 75=16.10 90=21.70 95=28.03 99=68.99 99.9=1026.56 99.99=5238.78]
2025-04-22 06:35:18 65 sec: 1029973 operations; [READ: Count=686470 Max=4313.09 Min=1.91 Avg=74.33 10=9.17 25=17.21 50=30.85 75=96.32 90=135.42 95=221.82 99=578.56 99.9=1250.30 99.99=1993.73] [UPDATE: Count=343503 Max=12222.46 Min=6.30 Avg=18.83 10=9.79 25=10.86 50=12.84 75=16.02 90=21.52 95=27.82 99=68.22 99.9=1012.22 99.99=5328.90]
2025-04-22 06:35:19 66 sec: 1051821 operations; [READ: Count=700974 Max=4313.09 Min=1.91 Avg=74.05 10=9.10 25=17.14 50=30.57 75=96.25 90=135.17 95=220.80 99=573.44 99.9=1245.18 99.99=1988.61] [UPDATE: Count=350847 Max=12222.46 Min=6.30 Avg=18.73 10=9.78 25=10.86 50=12.81 75=15.97 90=21.39 95=27.63 99=67.84 99.9=1001.47 99.99=5238.78]
2025-04-22 06:35:20 67 sec: 1072131 operations; [READ: Count=714570 Max=4313.09 Min=1.91 Avg=73.89 10=9.03 25=17.07 50=30.30 75=96.25 90=135.29 95=220.80 99=569.86 99.9=1236.99 99.99=1987.58] [UPDATE: Count=357561 Max=12222.46 Min=6.30 Avg=18.64 10=9.77 25=10.84 50=12.77 75=15.91 90=21.26 95=27.47 99=67.65 99.9=990.21 99.99=5140.48]
2025-04-22 06:35:21 68 sec: 1093812 operations; [READ: Count=729004 Max=4313.09 Min=1.91 Avg=73.65 10=8.96 25=16.99 50=30.02 75=96.19 90=135.17 95=220.16 99=566.27 99.9=1230.85 99.99=1959.93] [UPDATE: Count=364808 Max=12222.46 Min=6.30 Avg=18.54 10=9.75 25=10.83 50=12.73 75=15.86 90=21.12 95=27.28 99=67.14 99.9=970.24 99.99=5140.48]
2025-04-22 06:35:22 69 sec: 1117636 operations; [READ: Count=744883 Max=4313.09 Min=1.91 Avg=73.26 10=8.87 25=16.91 50=29.71 75=96.00 90=134.53 95=217.85 99=561.66 99.9=1224.70 99.99=1955.84] [UPDATE: Count=372753 Max=12222.46 Min=6.30 Avg=18.43 10=9.73 25=10.81 50=12.68 75=15.80 90=20.99 95=27.10 99=67.07 99.9=961.53 99.99=5095.42]
2025-04-22 06:35:23 70 sec: 1140171 operations; [READ: Count=759925 Max=4313.09 Min=1.91 Avg=72.97 10=8.81 25=16.83 50=29.41 75=95.94 90=134.27 95=216.70 99=557.57 99.9=1221.63 99.99=1951.74] [UPDATE: Count=380246 Max=12222.46 Min=6.30 Avg=18.33 10=9.71 25=10.79 50=12.65 75=15.73 90=20.86 95=26.93 99=66.62 99.9=956.41 99.99=5058.56]
2025-04-22 06:35:24 71 sec: 1163837 operations; [READ: Count=775790 Max=4313.09 Min=1.91 Avg=72.61 10=8.74 25=16.75 50=29.10 75=95.81 90=133.63 95=214.78 99=551.93 99.9=1213.44 99.99=1934.34] [UPDATE: Count=388047 Max=12222.46 Min=6.30 Avg=18.23 10=9.70 25=10.78 50=12.62 75=15.69 90=20.75 95=26.75 99=66.17 99.9=948.22 99.99=5042.18]
2025-04-22 06:35:25 72 sec: 1186518 operations; [READ: Count=790897 Max=4313.09 Min=1.91 Avg=72.34 10=8.70 25=16.67 50=28.82 75=95.74 90=133.38 95=213.76 99=548.35 99.9=1209.34 99.99=1933.31] [UPDATE: Count=395621 Max=12222.46 Min=6.30 Avg=18.14 10=9.69 25=10.78 50=12.62 75=15.66 90=20.64 95=26.59 99=65.73 99.9=928.77 99.99=4943.87]
2025-04-22 06:35:26 73 sec: 1208804 operations; [READ: Count=805733 Max=4313.09 Min=1.91 Avg=72.09 10=8.65 25=16.61 50=28.54 75=95.68 90=133.12 95=212.99 99=544.77 99.9=1205.25 99.99=1926.14] [UPDATE: Count=403071 Max=12222.46 Min=6.30 Avg=18.08 10=9.68 25=10.78 50=12.59 75=15.62 90=20.53 95=26.45 99=65.50 99.9=928.25 99.99=4943.87]
2025-04-22 06:35:27 74 sec: 1231321 operations; [READ: Count=820825 Max=4313.09 Min=1.91 Avg=71.84 10=8.62 25=16.54 50=28.27 75=95.61 90=132.86 95=212.22 99=541.18 99.9=1200.13 99.99=1923.07] [UPDATE: Count=410496 Max=12222.46 Min=6.30 Avg=18.00 10=9.67 25=10.78 50=12.57 75=15.59 90=20.43 95=26.32 99=65.28 99.9=922.11 99.99=4837.38]
2025-04-22 06:35:28 75 sec: 1251180 operations; [READ: Count=834032 Max=4313.09 Min=1.91 Avg=71.75 10=8.61 25=16.50 50=28.05 75=95.61 90=132.99 95=212.86 99=539.13 99.9=1193.98 99.99=1913.86] [UPDATE: Count=417148 Max=12222.46 Min=6.30 Avg=17.97 10=9.67 25=10.78 50=12.58 75=15.58 90=20.35 95=26.21 99=65.15 99.9=919.04 99.99=4767.74]
2025-04-22 06:35:29 76 sec: 1274560 operations; [READ: Count=849629 Max=4313.09 Min=1.91 Avg=71.48 10=8.54 25=16.40 50=27.74 75=95.55 90=132.74 95=211.97 99=536.06 99.9=1189.89 99.99=1911.81] [UPDATE: Count=424931 Max=12222.46 Min=6.30 Avg=17.88 10=9.65 25=10.77 50=12.55 75=15.54 90=20.25 95=26.06 99=64.86 99.9=904.70 99.99=4767.74]
2025-04-22 06:35:30 77 sec: 1298214 operations; [READ: Count=865457 Max=4313.09 Min=1.91 Avg=71.18 10=8.49 25=16.31 50=27.42 75=95.42 90=132.61 95=211.20 99=531.97 99.9=1185.79 99.99=1906.69] [UPDATE: Count=432757 Max=12222.46 Min=6.30 Avg=17.81 10=9.64 25=10.75 50=12.53 75=15.50 90=20.14 95=25.93 99=64.45 99.9=902.65 99.99=4730.88]
2025-04-22 06:35:31 78 sec: 1319257 operations; [READ: Count=879499 Max=4313.09 Min=1.91 Avg=71.04 10=8.46 25=16.23 50=27.18 75=95.42 90=132.61 95=211.46 99=530.94 99.9=1182.72 99.99=1904.64] [UPDATE: Count=439758 Max=12222.46 Min=6.30 Avg=17.78 10=9.62 25=10.75 50=12.51 75=15.48 90=20.06 95=25.81 99=64.61 99.9=904.70 99.99=4694.02]
2025-04-22 06:35:32 79 sec: 1342037 operations; [READ: Count=894627 Max=4313.09 Min=1.91 Avg=70.80 10=8.42 25=16.16 50=26.91 75=95.36 90=132.35 95=210.56 99=528.89 99.9=1176.58 99.99=1902.59] [UPDATE: Count=447410 Max=12222.46 Min=6.30 Avg=17.74 10=9.62 25=10.75 50=12.52 75=15.48 90=20.00 95=25.71 99=64.77 99.9=898.05 99.99=4644.86]
2025-04-22 06:35:33 80 sec: 1363805 operations; [READ: Count=909072 Max=4313.09 Min=1.91 Avg=70.64 10=8.40 25=16.09 50=26.73 75=95.30 90=132.35 95=210.43 99=525.82 99.9=1173.50 99.99=1899.52] [UPDATE: Count=454733 Max=12222.46 Min=6.30 Avg=17.69 10=9.61 25=10.74 50=12.51 75=15.46 90=19.93 95=25.61 99=65.02 99.9=883.71 99.99=4644.86]
2025-04-22 06:35:34 81 sec: 1384004 operations; [READ: Count=922493 Max=4313.09 Min=1.90 Avg=70.58 10=8.41 25=16.04 50=26.67 75=95.36 90=132.22 95=210.30 99=523.01 99.9=1168.38 99.99=1896.45] [UPDATE: Count=461511 Max=12222.46 Min=6.30 Avg=17.65 10=9.60 25=10.73 50=12.49 75=15.44 90=19.87 95=25.50 99=64.61 99.9=879.62 99.99=4624.38]
2025-04-22 06:35:35 82 sec: 1406051 operations; [READ: Count=937145 Max=4313.09 Min=1.90 Avg=70.42 10=8.46 25=16.00 50=26.57 75=95.42 90=131.97 95=209.02 99=519.93 99.9=1164.29 99.99=1888.26] [UPDATE: Count=468906 Max=12222.46 Min=6.30 Avg=17.59 10=9.61 25=10.74 50=12.49 75=15.42 90=19.82 95=25.39 99=63.87 99.9=856.06 99.99=4583.42]
2025-04-22 06:35:36 83 sec: 1428115 operations; [READ: Count=951860 Max=4313.09 Min=1.90 Avg=70.26 10=8.50 25=15.97 50=26.48 75=95.42 90=131.71 95=208.25 99=516.61 99.9=1158.14 99.99=1879.04] [UPDATE: Count=476255 Max=12222.46 Min=6.30 Avg=17.53 10=9.62 25=10.74 50=12.49 75=15.41 90=19.76 95=25.28 99=63.10 99.9=843.26 99.99=4481.02]
2025-04-22 06:35:37 84 sec: 1446978 operations; [READ: Count=964457 Max=4313.09 Min=1.90 Avg=70.27 10=8.54 25=15.97 50=26.53 75=95.49 90=131.84 95=207.62 99=513.79 99.9=1155.07 99.99=1879.04] [UPDATE: Count=482521 Max=12222.46 Min=6.30 Avg=17.49 10=9.62 25=10.75 50=12.49 75=15.41 90=19.73 95=25.20 99=62.49 99.9=839.17 99.99=4481.02]
2025-04-22 06:35:38 85 sec: 1463864 operations; [READ: Count=975724 Max=4313.09 Min=1.90 Avg=70.39 10=8.57 25=15.97 50=26.67 75=95.55 90=132.48 95=207.36 99=512.00 99.9=1148.93 99.99=1875.97] [UPDATE: Count=488140 Max=12222.46 Min=6.30 Avg=17.44 10=9.62 25=10.75 50=12.49 75=15.39 90=19.66 95=25.10 99=62.05 99.9=833.02 99.99=4456.45]
2025-04-22 06:35:39 86 sec: 1479378 operations; [READ: Count=986068 Max=4313.09 Min=1.90 Avg=70.59 10=8.58 25=16.00 50=26.88 75=95.68 90=133.76 95=207.23 99=509.44 99.9=1146.88 99.99=1873.92] [UPDATE: Count=493310 Max=12222.46 Min=6.30 Avg=17.40 10=9.63 25=10.76 50=12.49 75=15.37 90=19.61 95=25.01 99=61.53 99.9=829.44 99.99=4456.45]
2025-04-22 06:35:40 87 sec: 1496549 operations; [READ: Count=997464 Max=4313.09 Min=1.90 Avg=70.70 10=8.61 25=16.02 50=27.04 75=95.68 90=135.04 95=206.46 99=506.62 99.9=1142.78 99.99=1873.92] [UPDATE: Count=499085 Max=12222.46 Min=6.29 Avg=17.35 10=9.64 25=10.76 50=12.49 75=15.35 90=19.57 95=24.93 99=61.22 99.9=819.71 99.99=4341.76]
2025-04-22 06:35:40 87 sec: 1500365 operations; [READ: Count=1000000 Max=4313.09 Min=1.90 Avg=70.71 10=8.62 25=16.02 50=27.05 75=95.74 90=135.29 95=206.34 99=505.86 99.9=1141.76 99.99=1873.92] [UPDATE: Count=500365 Max=12222.46 Min=6.26 Avg=17.34 10=9.64 25=10.76 50=12.49 75=15.34 90=19.55 95=24.91 99=61.12 99.9=818.17 99.99=4341.76]
Run runtime(sec): 87.3362
Run operations(ops): 1000000
Run throughput(ops/sec): 11450
