Running scope as unit: run-r57704ab8389c493d9b96139193a9dd37.scope
load file:/home/user/DataFiles/silesia_data/silesia.tar
2025-04-22 06:34:12 0 sec: 0 operations;
2025-04-22 06:34:13 1 sec: 0 operations;
2025-04-22 06:34:14 2 sec: 0 operations;
2025-04-22 06:34:15 3 sec: 0 operations;
2025-04-22 06:34:16 4 sec: 0 operations;
2025-04-22 06:34:17 5 sec: 0 operations;
2025-04-22 06:34:18 6 sec: 0 operations;
2025-04-22 06:34:19 7 sec: 2687 operations; [READ: Count=1760 Max=1379.33 Min=6.42 Avg=84.49 10=19.04 25=24.29 50=31.38 75=115.97 90=166.40 95=348.42 99=599.04 99.9=903.68 99.99=1379.33] [UPDATE: Count=927 Max=1644.54 Min=11.06 Avg=34.76 10=15.40 25=19.12 50=23.79 75=32.99 90=47.71 95=62.05 99=125.18 99.9=1601.54 99.99=1644.54]
2025-04-22 06:34:20 8 sec: 10924 operations; [READ: Count=7203 Max=1933.31 Min=3.22 Avg=128.57 10=20.37 25=27.07 50=36.64 75=124.93 90=349.44 95=669.18 99=1100.80 99.9=1469.44 99.99=1741.82] [UPDATE: Count=3721 Max=11386.88 Min=9.78 Avg=65.72 10=16.04 25=19.82 50=25.28 75=35.23 90=60.35 95=80.83 99=841.73 99.9=8081.41 99.99=11386.88]
2025-04-22 06:34:21 9 sec: 20500 operations; [READ: Count=13571 Max=1933.31 Min=3.20 Avg=128.23 10=20.94 25=27.90 50=38.02 75=130.11 90=357.89 95=610.82 99=1068.03 99.9=1451.01 99.99=1741.82] [UPDATE: Count=6929 Max=11386.88 Min=9.24 Avg=60.74 10=15.57 25=19.31 50=24.72 75=34.27 90=53.95 95=75.71 99=836.10 99.9=8081.41 99.99=10526.72]
2025-04-22 06:34:22 10 sec: 27817 operations; [READ: Count=18458 Max=2065.41 Min=3.20 Avg=139.46 10=21.14 25=28.13 50=38.53 75=134.27 90=404.74 95=680.96 99=1122.30 99.9=1591.30 99.99=1933.31] [UPDATE: Count=9359 Max=11386.88 Min=8.19 Avg=62.10 10=15.32 25=18.91 50=23.98 75=32.86 90=49.63 95=71.61 99=836.10 99.9=8273.92 99.99=11116.54]
2025-04-22 06:34:23 11 sec: 34932 operations; [READ: Count=23194 Max=2998.27 Min=2.94 Avg=150.12 10=20.99 25=28.00 50=38.17 75=136.57 90=468.48 95=749.57 99=1172.48 99.9=1601.54 99.99=2467.84] [UPDATE: Count=11738 Max=11386.88 Min=7.73 Avg=56.99 10=14.39 25=17.55 50=22.51 75=30.59 90=45.89 95=65.86 99=722.43 99.9=7012.35 99.99=11116.54]
2025-04-22 06:34:24 12 sec: 43991 operations; [READ: Count=29226 Max=2998.27 Min=2.94 Avg=149.15 10=21.10 25=28.25 50=38.40 75=132.86 90=457.47 95=752.64 99=1200.13 99.9=1744.89 99.99=2486.27] [UPDATE: Count=14765 Max=11386.88 Min=6.98 Avg=53.09 10=14.02 25=16.66 50=21.20 75=28.29 90=41.73 95=61.15 99=588.80 99.9=6414.34 99.99=11116.54]
2025-04-22 06:34:25 13 sec: 61859 operations; [READ: Count=41192 Max=2998.27 Min=2.94 Avg=126.51 10=18.11 25=26.03 50=36.38 75=122.30 90=336.38 95=642.05 99=1114.11 99.9=1696.77 99.99=2467.84] [UPDATE: Count=20667 Max=11386.88 Min=6.98 Avg=44.33 10=12.87 25=15.18 50=19.34 75=25.76 90=37.53 95=54.08 99=354.56 99.9=5484.54 99.99=10747.90]
2025-04-22 06:34:26 14 sec: 76627 operations; [READ: Count=51066 Max=2998.27 Min=2.49 Avg=118.07 10=18.06 25=25.07 50=35.42 75=121.53 90=286.21 95=571.90 99=1068.03 99.9=1643.52 99.99=2447.36] [UPDATE: Count=25561 Max=11386.88 Min=6.98 Avg=42.38 10=12.90 25=15.33 50=19.65 75=26.41 90=38.88 95=55.33 99=309.50 99.9=4812.80 99.99=10526.72]
2025-04-22 06:34:27 15 sec: 90498 operations; [READ: Count=60323 Max=2998.27 Min=2.49 Avg=113.59 10=18.00 25=24.45 50=34.72 75=119.68 90=269.31 95=541.18 99=1044.48 99.9=1600.51 99.99=2265.09] [UPDATE: Count=30175 Max=11386.88 Min=6.98 Avg=41.30 10=12.96 25=15.42 50=19.82 75=26.64 90=38.88 95=55.01 99=304.13 99.9=4427.77 99.99=10526.72]
2025-04-22 06:34:28 16 sec: 104268 operations; [READ: Count=69499 Max=14016.51 Min=2.33 Avg=110.46 10=17.81 25=23.81 50=33.92 75=117.25 90=256.13 95=521.98 99=1029.63 99.9=1612.80 99.99=2447.36] [UPDATE: Count=34769 Max=11386.88 Min=6.98 Avg=40.53 10=12.94 25=15.43 50=19.86 75=26.77 90=38.94 95=54.43 99=303.10 99.9=3581.95 99.99=10526.72]
2025-04-22 06:34:29 17 sec: 118647 operations; [READ: Count=79115 Max=14016.51 Min=2.33 Avg=107.60 10=17.70 25=23.44 50=33.34 75=114.30 90=237.95 95=507.39 99=1046.53 99.9=1678.34 99.99=2447.36] [UPDATE: Count=39532 Max=11386.88 Min=6.98 Avg=39.44 10=12.86 25=15.40 50=19.82 75=26.69 90=38.40 95=53.25 99=255.36 99.9=3581.95 99.99=10477.57]
2025-04-22 06:34:30 18 sec: 136907 operations; [READ: Count=91319 Max=14016.51 Min=2.33 Avg=102.17 10=17.57 25=22.94 50=32.61 75=109.82 90=218.75 95=475.13 99=1017.34 99.9=1649.66 99.99=2353.15] [UPDATE: Count=45588 Max=11386.88 Min=6.98 Avg=37.84 10=12.70 25=15.21 50=19.61 75=26.54 90=38.24 95=52.99 99=202.24 99.9=3051.52 99.99=10043.39]
2025-04-22 06:34:31 19 sec: 155499 operations; [READ: Count=103695 Max=14016.51 Min=2.33 Avg=97.58 10=17.49 25=22.75 50=32.22 75=103.74 90=201.98 95=445.95 99=995.84 99.9=1601.54 99.99=2289.66] [UPDATE: Count=51804 Max=11386.88 Min=6.94 Avg=37.04 10=12.65 25=15.18 50=19.58 75=26.57 90=38.27 95=52.67 99=188.41 99.9=2922.49 99.99=10043.39]
2025-04-22 06:34:32 20 sec: 173136 operations; [READ: Count=115491 Max=14016.51 Min=2.33 Avg=94.53 10=17.55 25=22.85 50=32.24 75=99.14 90=194.18 95=423.68 99=973.31 99.9=1580.03 99.99=2289.66] [UPDATE: Count=57645 Max=11386.88 Min=6.94 Avg=36.47 10=12.65 25=15.17 50=19.54 75=26.41 90=37.79 95=51.77 99=195.07 99.9=2859.01 99.99=9527.30]
2025-04-22 06:34:33 21 sec: 190348 operations; [READ: Count=126865 Max=14016.51 Min=2.33 Avg=92.64 10=17.45 25=22.72 50=32.06 75=95.94 90=192.13 95=410.88 99=952.83 99.9=1571.84 99.99=2289.66] [UPDATE: Count=63483 Max=11386.88 Min=6.91 Avg=35.46 10=12.51 25=14.96 50=19.23 75=25.92 90=36.93 95=50.30 99=181.63 99.9=2811.90 99.99=9527.30]
2025-04-22 06:34:34 22 sec: 202170 operations; [READ: Count=134695 Max=14016.51 Min=2.33 Avg=93.63 10=17.34 25=22.57 50=31.93 75=96.45 90=195.71 95=415.74 99=965.63 99.9=1649.66 99.99=2545.66] [UPDATE: Count=67475 Max=11386.88 Min=6.91 Avg=35.31 10=12.38 25=14.78 50=18.94 75=25.50 90=36.26 95=49.15 99=174.85 99.9=2859.01 99.99=9338.88]
2025-04-22 06:34:35 23 sec: 219037 operations; [READ: Count=145899 Max=14016.51 Min=2.33 Avg=92.27 10=17.28 25=22.54 50=31.97 75=98.56 90=193.79 95=403.20 99=945.66 99.9=1612.80 99.99=2486.27] [UPDATE: Count=73138 Max=11386.88 Min=6.91 Avg=34.40 10=12.33 25=14.68 50=18.70 75=24.99 90=35.39 95=47.68 99=156.54 99.9=2830.34 99.99=9338.88]
2025-04-22 06:34:36 24 sec: 234497 operations; [READ: Count=156218 Max=14016.51 Min=2.33 Avg=91.76 10=17.20 25=22.48 50=32.05 75=101.12 90=194.81 95=397.06 99=924.16 99.9=1586.17 99.99=2467.84] [UPDATE: Count=78279 Max=11386.88 Min=6.91 Avg=33.59 10=12.27 25=14.55 50=18.46 75=24.57 90=34.66 95=46.46 99=145.41 99.9=2807.81 99.99=8593.41]
2025-04-22 06:34:37 25 sec: 248813 operations; [READ: Count=165774 Max=14016.51 Min=2.33 Avg=91.84 10=17.12 25=22.45 50=32.19 75=103.68 90=196.61 95=392.19 99=912.89 99.9=1580.03 99.99=2449.41] [UPDATE: Count=83039 Max=11386.88 Min=6.91 Avg=32.83 10=12.18 25=14.41 50=18.24 75=24.19 90=34.05 95=45.47 99=138.75 99.9=2762.75 99.99=8593.41]
2025-04-22 06:34:38 26 sec: 261102 operations; [READ: Count=173984 Max=14016.51 Min=2.33 Avg=92.62 10=17.07 25=22.46 50=32.40 75=106.11 90=200.19 95=392.19 99=904.19 99.9=1577.98 99.99=2449.41] [UPDATE: Count=87118 Max=11386.88 Min=6.86 Avg=32.43 10=12.13 25=14.33 50=18.09 75=23.92 90=33.57 95=44.83 99=137.60 99.9=2701.31 99.99=8273.92]
2025-04-22 06:34:39 27 sec: 271801 operations; [READ: Count=181126 Max=14016.51 Min=2.33 Avg=93.84 10=17.05 25=22.53 50=32.62 75=107.84 90=203.65 95=395.01 99=907.26 99.9=1608.70 99.99=2449.41] [UPDATE: Count=90675 Max=11386.88 Min=6.86 Avg=32.35 10=12.14 25=14.34 50=18.03 75=23.74 90=33.22 95=44.22 99=135.55 99.9=2746.37 99.99=8273.92]
2025-04-22 06:34:40 28 sec: 284533 operations; [READ: Count=189655 Max=14016.51 Min=2.33 Avg=94.34 10=17.04 25=22.50 50=32.72 75=109.12 90=203.52 95=392.45 99=905.73 99.9=1619.97 99.99=2447.36] [UPDATE: Count=94878 Max=11386.88 Min=6.86 Avg=31.90 10=12.00 25=14.15 50=17.81 75=23.42 90=32.73 95=43.55 99=134.40 99.9=2693.12 99.99=8273.92]
2025-04-22 06:34:41 29 sec: 298335 operations; [READ: Count=198809 Max=14016.51 Min=2.33 Avg=94.51 10=16.98 25=22.46 50=32.83 75=110.40 90=203.78 95=388.61 99=888.83 99.9=1599.49 99.99=2439.17] [UPDATE: Count=99526 Max=11386.88 Min=6.86 Avg=31.33 10=11.88 25=13.97 50=17.55 75=23.07 90=32.21 95=42.91 99=132.35 99.9=2570.24 99.99=8081.41]
2025-04-22 06:34:42 30 sec: 312085 operations; [READ: Count=207986 Max=14016.51 Min=2.33 Avg=94.64 10=16.94 25=22.45 50=32.99 75=110.97 90=203.52 95=385.28 99=879.10 99.9=1580.03 99.99=2353.15] [UPDATE: Count=104099 Max=11386.88 Min=6.86 Avg=30.86 10=11.80 25=13.85 50=17.34 75=22.75 90=31.79 95=42.24 99=129.53 99.9=2566.14 99.99=8081.41]
2025-04-22 06:34:43 31 sec: 325650 operations; [READ: Count=217090 Max=14016.51 Min=2.07 Avg=94.80 10=16.86 25=22.35 50=33.12 75=111.55 90=204.29 95=383.23 99=866.82 99.9=1570.82 99.99=2353.15] [UPDATE: Count=108560 Max=11386.88 Min=6.86 Avg=30.42 10=11.68 25=13.70 50=17.14 75=22.48 90=31.38 95=41.57 99=126.40 99.9=2516.99 99.99=8073.22]
2025-04-22 06:34:44 32 sec: 337927 operations; [READ: Count=225294 Max=14016.51 Min=2.07 Avg=95.35 10=16.73 25=22.24 50=33.22 75=111.81 90=205.57 95=383.74 99=863.23 99.9=1564.67 99.99=2308.09] [UPDATE: Count=112633 Max=11386.88 Min=6.65 Avg=30.12 10=11.51 25=13.53 50=16.93 75=22.24 90=31.01 95=41.09 99=126.91 99.9=2494.46 99.99=8073.22]
2025-04-22 06:34:45 33 sec: 354348 operations; [READ: Count=236278 Max=14016.51 Min=2.07 Avg=94.71 10=16.46 25=21.97 50=33.38 75=111.10 90=202.62 95=378.11 99=849.41 99.9=1556.48 99.99=2289.66] [UPDATE: Count=118070 Max=11386.88 Min=6.54 Avg=29.51 10=11.24 25=13.25 50=16.59 75=21.90 90=30.51 95=40.45 99=123.33 99.9=2455.55 99.99=7839.74]
2025-04-22 06:34:46 34 sec: 376132 operations; [READ: Count=250892 Max=14016.51 Min=2.07 Avg=92.76 10=16.02 25=21.57 50=33.50 75=108.93 90=194.43 95=366.08 99=829.44 99.9=1524.73 99.99=2265.09] [UPDATE: Count=125240 Max=11386.88 Min=6.50 Avg=28.53 10=10.91 25=12.88 50=16.17 75=21.45 90=29.89 95=39.39 99=116.73 99.9=2410.49 99.99=7503.87]
2025-04-22 06:34:47 35 sec: 398370 operations; [READ: Count=265694 Max=14016.51 Min=2.07 Avg=90.96 10=15.62 25=21.15 50=33.57 75=106.88 90=187.26 95=353.28 99=811.52 99.9=1514.49 99.99=2254.85] [UPDATE: Count=132676 Max=11386.88 Min=6.42 Avg=27.62 10=10.67 25=12.51 50=15.76 75=21.02 90=29.25 95=38.49 99=109.89 99.9=2349.05 99.99=7503.87]
2025-04-22 06:34:48 36 sec: 422240 operations; [READ: Count=281629 Max=14016.51 Min=2.07 Avg=88.96 10=15.21 25=20.69 50=33.50 75=104.83 90=179.33 95=339.97 99=792.06 99.9=1494.02 99.99=2242.56] [UPDATE: Count=140611 Max=11386.88 Min=6.42 Avg=26.76 10=10.49 25=12.17 50=15.38 75=20.57 90=28.66 95=37.60 99=105.53 99.9=2260.99 99.99=7225.34]
2025-04-22 06:34:49 37 sec: 443381 operations; [READ: Count=295684 Max=14016.51 Min=2.07 Avg=87.77 10=14.91 25=20.27 50=33.41 75=103.42 90=174.85 95=332.29 99=779.77 99.9=1478.65 99.99=2242.56] [UPDATE: Count=147697 Max=11386.88 Min=6.42 Avg=26.05 10=10.37 25=11.87 50=15.06 75=20.22 90=28.16 95=36.93 99=102.46 99.9=2170.88 99.99=7159.81]
2025-04-22 06:34:50 38 sec: 466218 operations; [READ: Count=310950 Max=14016.51 Min=2.07 Avg=86.34 10=14.62 25=19.87 50=33.28 75=102.02 90=169.09 95=321.28 99=763.90 99.9=1469.44 99.99=2238.46] [UPDATE: Count=155268 Max=11386.88 Min=6.42 Avg=25.38 10=10.27 25=11.63 50=14.78 75=19.86 90=27.68 95=36.16 99=98.69 99.9=2115.58 99.99=7127.04]
2025-04-22 06:34:51 39 sec: 491235 operations; [READ: Count=327674 Max=14016.51 Min=2.07 Avg=84.62 10=14.31 25=19.47 50=33.09 75=100.54 90=162.05 95=308.22 99=749.05 99.9=1449.98 99.99=2213.89] [UPDATE: Count=163561 Max=11386.88 Min=6.42 Avg=24.71 10=10.19 25=11.42 50=14.49 75=19.49 90=27.20 95=35.52 99=95.30 99.9=2035.71 99.99=7127.04]
2025-04-22 06:34:52 40 sec: 514027 operations; [READ: Count=342972 Max=14016.51 Min=2.07 Avg=83.44 10=14.07 25=19.17 50=32.86 75=99.71 90=158.08 95=298.75 99=734.72 99.9=1439.74 99.99=2211.84] [UPDATE: Count=171055 Max=11386.88 Min=6.42 Avg=24.18 10=10.14 25=11.30 50=14.31 75=19.15 90=26.78 95=34.88 99=92.48 99.9=1986.56 99.99=7012.35]
2025-04-22 06:34:53 41 sec: 537531 operations; [READ: Count=358605 Max=14016.51 Min=2.07 Avg=82.27 10=13.82 25=18.89 50=32.64 75=98.94 90=154.50 95=290.05 99=721.92 99.9=1426.43 99.99=2177.02] [UPDATE: Count=178926 Max=11386.88 Min=6.42 Avg=23.67 10=10.10 25=11.20 50=14.12 75=18.85 90=26.40 95=34.40 99=90.11 99.9=1896.45 99.99=6950.91]
2025-04-22 06:34:54 42 sec: 555920 operations; [READ: Count=370779 Max=14016.51 Min=2.07 Avg=82.01 10=13.62 25=18.73 50=32.48 75=98.69 90=153.98 95=289.79 99=714.24 99.9=1419.26 99.99=2142.21] [UPDATE: Count=185141 Max=11386.88 Min=6.42 Avg=23.32 10=10.07 25=11.14 50=14.00 75=18.61 90=26.11 95=33.95 99=88.45 99.9=1848.32 99.99=6922.24]
2025-04-22 06:34:55 43 sec: 575641 operations; [READ: Count=383981 Max=14016.51 Min=2.07 Avg=81.52 10=13.40 25=18.59 50=32.30 75=98.37 90=152.19 95=285.95 99=710.65 99.9=1422.34 99.99=2140.16] [UPDATE: Count=191660 Max=11386.88 Min=6.42 Avg=23.00 10=10.05 25=11.10 50=13.89 75=18.37 90=25.81 95=33.57 99=86.97 99.9=1814.53 99.99=6922.24]
2025-04-22 06:34:56 44 sec: 597050 operations; [READ: Count=398243 Max=14016.51 Min=2.07 Avg=80.82 10=13.17 25=18.53 50=32.13 75=98.30 90=150.14 95=279.81 99=698.37 99.9=1406.97 99.99=2131.97] [UPDATE: Count=198807 Max=11386.88 Min=6.42 Avg=22.68 10=10.05 25=11.09 50=13.83 75=18.18 90=25.50 95=33.18 99=85.50 99.9=1768.45 99.99=6467.58]
2025-04-22 06:34:57 45 sec: 618997 operations; [READ: Count=412852 Max=14016.51 Min=2.07 Avg=80.09 10=12.90 25=18.43 50=31.92 75=98.05 90=148.09 95=273.41 99=686.08 99.9=1395.71 99.99=2123.78] [UPDATE: Count=206145 Max=11386.88 Min=6.42 Avg=22.38 10=10.05 25=11.08 50=13.77 75=17.98 90=25.20 95=32.75 99=84.16 99.9=1719.30 99.99=6414.34]
2025-04-22 06:34:58 46 sec: 640635 operations; [READ: Count=427254 Max=14016.51 Min=2.07 Avg=79.47 10=12.57 25=18.30 50=31.71 75=97.92 90=146.69 95=268.03 99=677.38 99.9=1382.40 99.99=2113.53] [UPDATE: Count=213381 Max=11386.88 Min=6.42 Avg=22.08 10=10.02 25=11.05 50=13.67 75=17.79 90=24.91 95=32.34 99=82.75 99.9=1652.73 99.99=6414.34]
2025-04-22 06:34:59 47 sec: 659554 operations; [READ: Count=439860 Max=14016.51 Min=2.07 Avg=79.23 10=12.30 25=18.24 50=31.54 75=97.86 90=146.18 95=266.50 99=672.77 99.9=1376.26 99.99=2088.96] [UPDATE: Count=219694 Max=11386.88 Min=6.42 Avg=21.85 10=10.01 25=11.02 50=13.59 75=17.61 90=24.69 95=32.03 99=81.53 99.9=1612.80 99.99=6033.41]
2025-04-22 06:35:00 48 sec: 677185 operations; [READ: Count=451593 Max=14016.51 Min=2.07 Avg=79.15 10=12.10 25=18.21 50=31.39 75=98.05 90=146.18 95=266.24 99=669.70 99.9=1362.94 99.99=2084.86] [UPDATE: Count=225592 Max=11386.88 Min=6.42 Avg=21.69 10=10.00 25=11.02 50=13.56 75=17.50 90=24.48 95=31.77 99=80.89 99.9=1605.63 99.99=6033.41]
2025-04-22 06:35:01 49 sec: 697749 operations; [READ: Count=465260 Max=14016.51 Min=2.07 Avg=78.73 10=11.85 25=18.16 50=31.23 75=98.05 90=145.15 95=261.50 99=662.01 99.9=1353.73 99.99=2081.79] [UPDATE: Count=232489 Max=11386.88 Min=6.42 Avg=21.47 10=10.00 25=11.02 50=13.51 75=17.38 90=24.24 95=31.49 99=80.51 99.9=1573.89 99.99=6033.41]
2025-04-22 06:35:02 50 sec: 718726 operations; [READ: Count=479204 Max=14016.51 Min=2.07 Avg=78.27 10=11.62 25=18.11 50=31.05 75=98.05 90=144.25 95=257.41 99=654.34 99.9=1343.49 99.99=2080.77] [UPDATE: Count=239522 Max=11386.88 Min=6.42 Avg=21.27 10=9.99 25=11.02 50=13.48 75=17.26 90=24.03 95=31.18 99=80.19 99.9=1507.33 99.99=6000.64]
2025-04-22 06:35:03 51 sec: 741543 operations; [READ: Count=494454 Max=14016.51 Min=2.07 Avg=77.65 10=11.31 25=18.00 50=30.82 75=97.79 90=142.85 95=252.93 99=645.12 99.9=1335.30 99.99=2074.62] [UPDATE: Count=247089 Max=11386.88 Min=6.27 Avg=21.02 10=9.97 25=10.98 50=13.40 75=17.10 90=23.77 95=30.88 99=79.30 99.9=1455.10 99.99=5992.45]
2025-04-22 06:35:04 52 sec: 763952 operations; [READ: Count=509443 Max=14016.51 Min=2.07 Avg=77.11 10=11.01 25=17.86 50=30.59 75=97.47 90=141.69 95=249.73 99=637.44 99.9=1327.10 99.99=2065.41] [UPDATE: Count=254509 Max=11386.88 Min=6.27 Avg=20.77 10=9.95 25=10.95 50=13.30 75=16.94 90=23.54 95=30.56 99=78.21 99.9=1378.30 99.99=5992.45]
2025-04-22 06:35:05 53 sec: 785490 operations; [READ: Count=523816 Max=14016.51 Min=2.07 Avg=76.70 10=10.72 25=17.74 50=30.38 75=97.15 90=140.80 95=247.42 99=632.83 99.9=1317.89 99.99=2063.36] [UPDATE: Count=261674 Max=11386.88 Min=6.27 Avg=20.55 10=9.92 25=10.92 50=13.22 75=16.82 90=23.33 95=30.24 99=77.50 99.9=1334.27 99.99=5943.30]
2025-04-22 06:35:06 54 sec: 809624 operations; [READ: Count=539855 Max=14016.51 Min=2.07 Avg=76.06 10=10.47 25=17.63 50=30.13 75=96.89 90=139.65 95=242.69 99=624.13 99.9=1305.60 99.99=2061.31] [UPDATE: Count=269769 Max=11386.88 Min=6.27 Avg=20.32 10=9.89 25=10.89 50=13.13 75=16.66 90=23.09 95=29.93 99=76.48 99.9=1308.67 99.99=5869.57]
2025-04-22 06:35:07 55 sec: 833858 operations; [READ: Count=556064 Max=14016.51 Min=2.07 Avg=75.43 10=10.21 25=17.50 50=29.84 75=96.58 90=138.50 95=238.59 99=615.42 99.9=1300.48 99.99=2048.00] [UPDATE: Count=277794 Max=11386.88 Min=6.27 Avg=20.09 10=9.88 25=10.86 50=13.05 75=16.51 90=22.86 95=29.63 99=75.71 99.9=1252.35 99.99=5652.48]
2025-04-22 06:35:08 56 sec: 857133 operations; [READ: Count=571656 Max=14016.51 Min=2.07 Avg=74.92 10=10.03 25=17.42 50=29.58 75=96.38 90=137.60 95=235.39 99=607.74 99.9=1291.26 99.99=2044.93] [UPDATE: Count=285477 Max=11386.88 Min=6.27 Avg=19.90 10=9.86 25=10.85 50=12.98 75=16.41 90=22.67 95=29.38 99=75.14 99.9=1209.34 99.99=5623.81]
2025-04-22 06:35:09 57 sec: 881976 operations; [READ: Count=588238 Max=14016.51 Min=2.07 Avg=74.30 10=9.81 25=17.30 50=29.30 75=96.06 90=136.45 95=231.55 99=601.09 99.9=1283.07 99.99=2041.86] [UPDATE: Count=293738 Max=11386.88 Min=6.27 Avg=19.70 10=9.84 25=10.82 50=12.90 75=16.28 90=22.46 95=29.07 99=74.05 99.9=1172.48 99.99=5623.81]
2025-04-22 06:35:10 58 sec: 904058 operations; [READ: Count=602983 Max=14016.51 Min=2.07 Avg=73.95 10=9.66 25=17.21 50=29.04 75=95.87 90=135.68 95=229.89 99=596.48 99.9=1275.90 99.99=2038.78] [UPDATE: Count=301075 Max=11386.88 Min=6.27 Avg=19.55 10=9.82 25=10.81 50=12.86 75=16.18 90=22.29 95=28.83 99=73.41 99.9=1155.07 99.99=5623.81]
2025-04-22 06:35:11 59 sec: 930367 operations; [READ: Count=620470 Max=14016.51 Min=2.07 Avg=73.26 10=9.50 25=17.12 50=28.72 75=95.55 90=134.40 95=224.90 99=589.31 99.9=1268.73 99.99=2032.64] [UPDATE: Count=309897 Max=11386.88 Min=6.27 Avg=19.36 10=9.81 25=10.80 50=12.80 75=16.09 90=22.08 95=28.56 99=72.70 99.9=1111.04 99.99=5484.54]
2025-04-22 06:35:12 60 sec: 958199 operations; [READ: Count=639088 Max=14016.51 Min=2.07 Avg=72.48 10=9.29 25=16.98 50=28.35 75=95.10 90=132.99 95=219.90 99=581.63 99.9=1262.59 99.99=2003.97] [UPDATE: Count=319111 Max=11386.88 Min=6.27 Avg=19.18 10=9.79 25=10.78 50=12.74 75=15.99 90=21.87 95=28.30 99=72.13 99.9=1092.61 99.99=5419.01]
2025-04-22 06:35:13 61 sec: 982791 operations; [READ: Count=655487 Max=14016.51 Min=2.07 Avg=72.00 10=9.10 25=16.83 50=28.05 75=94.85 90=132.22 95=217.34 99=577.02 99.9=1254.40 99.99=1995.78] [UPDATE: Count=327304 Max=11386.88 Min=6.27 Avg=19.02 10=9.78 25=10.77 50=12.70 75=15.92 90=21.71 95=28.08 99=71.55 99.9=1076.22 99.99=5214.21]
2025-04-22 06:35:14 62 sec: 1009765 operations; [READ: Count=673511 Max=14016.51 Min=2.07 Avg=71.37 10=8.86 25=16.66 50=27.70 75=94.53 90=131.20 95=214.53 99=569.86 99.9=1247.23 99.99=1994.75] [UPDATE: Count=336254 Max=11386.88 Min=6.27 Avg=18.84 10=9.73 25=10.73 50=12.62 75=15.81 90=21.52 95=27.82 99=70.85 99.9=1040.89 99.99=5189.63]
2025-04-22 06:35:15 63 sec: 1035155 operations; [READ: Count=690507 Max=14016.51 Min=2.07 Avg=70.90 10=8.65 25=16.46 50=27.33 75=94.21 90=130.62 95=212.86 99=565.76 99.9=1242.11 99.99=1984.51] [UPDATE: Count=344648 Max=11386.88 Min=6.27 Avg=18.68 10=9.71 25=10.70 50=12.56 75=15.73 90=21.36 95=27.60 99=70.08 99.9=1025.02 99.99=5189.63]
2025-04-22 06:35:16 64 sec: 1062652 operations; [READ: Count=708816 Max=14016.51 Min=2.07 Avg=70.29 10=8.45 25=16.28 50=26.98 75=93.89 90=129.73 95=210.18 99=559.62 99.9=1231.87 99.99=1971.20] [UPDATE: Count=353836 Max=11386.88 Min=6.27 Avg=18.51 10=9.68 25=10.68 50=12.49 75=15.65 90=21.18 95=27.38 99=69.50 99.9=1000.96 99.99=5140.48]
2025-04-22 06:35:17 65 sec: 1090054 operations; [READ: Count=727076 Max=14016.51 Min=2.07 Avg=69.72 10=8.26 25=16.10 50=26.57 75=93.63 90=129.09 95=207.74 99=553.47 99.9=1221.63 99.99=1956.86] [UPDATE: Count=362978 Max=11386.88 Min=6.27 Avg=18.36 10=9.65 25=10.65 50=12.42 75=15.56 90=21.01 95=27.14 99=69.06 99.9=981.50 99.99=5074.94]
2025-04-22 06:35:18 66 sec: 1117186 operations; [READ: Count=745134 Max=14606.33 Min=2.07 Avg=69.20 10=8.13 25=15.97 50=26.24 75=93.38 90=128.32 95=205.44 99=547.33 99.9=1216.51 99.99=1949.69] [UPDATE: Count=372052 Max=11386.88 Min=6.27 Avg=18.22 10=9.62 25=10.63 50=12.36 75=15.48 90=20.85 95=26.91 99=67.84 99.9=970.75 99.99=4939.77]
2025-04-22 06:35:19 67 sec: 1139640 operations; [READ: Count=760101 Max=14606.33 Min=2.07 Avg=69.00 10=8.05 25=15.89 50=25.93 75=93.31 90=128.51 95=205.82 99=543.23 99.9=1209.34 99.99=1948.67] [UPDATE: Count=379539 Max=11386.88 Min=6.27 Avg=18.13 10=9.61 25=10.62 50=12.34 75=15.44 90=20.70 95=26.73 99=67.07 99.9=956.93 99.99=4812.80]
2025-04-22 06:35:20 68 sec: 1164641 operations; [READ: Count=776787 Max=14606.33 Min=2.07 Avg=68.64 10=7.93 25=15.77 50=25.63 75=93.18 90=128.06 95=204.93 99=539.65 99.9=1202.17 99.99=1944.58] [UPDATE: Count=387854 Max=11386.88 Min=6.27 Avg=18.03 10=9.59 25=10.62 50=12.31 75=15.39 90=20.57 95=26.56 99=66.30 99.9=940.54 99.99=4767.74]
2025-04-22 06:35:21 69 sec: 1190825 operations; [READ: Count=794231 Max=14606.33 Min=2.07 Avg=68.22 10=7.82 25=15.65 50=25.30 75=92.99 90=127.55 95=203.65 99=534.53 99.9=1197.06 99.99=1940.48] [UPDATE: Count=396594 Max=11386.88 Min=6.27 Avg=17.93 10=9.57 25=10.61 50=12.29 75=15.34 90=20.43 95=26.38 99=65.41 99.9=915.97 99.99=4726.78]
2025-04-22 06:35:22 70 sec: 1217250 operations; [READ: Count=811837 Max=14606.33 Min=2.07 Avg=67.81 10=7.72 25=15.52 50=24.99 75=92.80 90=127.04 95=202.37 99=529.92 99.9=1191.93 99.99=1936.38] [UPDATE: Count=405413 Max=11386.88 Min=6.27 Avg=17.82 10=9.56 25=10.60 50=12.26 75=15.29 90=20.30 95=26.21 99=64.54 99.9=903.68 99.99=4722.69]
2025-04-22 06:35:23 71 sec: 1242426 operations; [READ: Count=828654 Max=14606.33 Min=2.07 Avg=67.48 10=7.63 25=15.42 50=24.72 75=92.67 90=126.72 95=201.34 99=526.34 99.9=1185.79 99.99=1934.34] [UPDATE: Count=413772 Max=11386.88 Min=6.27 Avg=17.75 10=9.55 25=10.60 50=12.26 75=15.26 90=20.18 95=26.03 99=64.00 99.9=897.53 99.99=4722.69]
2025-04-22 06:35:24 72 sec: 1269697 operations; [READ: Count=846808 Max=14606.33 Min=2.07 Avg=67.05 10=7.54 25=15.32 50=24.41 75=92.48 90=126.14 95=199.68 99=521.98 99.9=1180.67 99.99=1926.14] [UPDATE: Count=422889 Max=11386.88 Min=6.27 Avg=17.65 10=9.54 25=10.60 50=12.24 75=15.22 90=20.05 95=25.84 99=63.26 99.9=887.29 99.99=4579.33]
2025-04-22 06:35:25 73 sec: 1295756 operations; [READ: Count=864185 Max=14606.33 Min=2.07 Avg=66.70 10=7.44 25=15.19 50=24.14 75=92.35 90=125.76 95=198.78 99=519.42 99.9=1174.53 99.99=1922.05] [UPDATE: Count=431571 Max=11386.88 Min=6.27 Avg=17.57 10=9.52 25=10.58 50=12.21 75=15.18 90=19.93 95=25.66 99=62.75 99.9=866.82 99.99=4546.56]
2025-04-22 06:35:26 74 sec: 1322320 operations; [READ: Count=881826 Max=14606.33 Min=2.07 Avg=66.35 10=7.35 25=15.07 50=23.87 75=92.16 90=125.38 95=197.76 99=516.10 99.9=1170.43 99.99=1915.90] [UPDATE: Count=440494 Max=11386.88 Min=6.27 Avg=17.49 10=9.50 25=10.57 50=12.18 75=15.13 90=19.82 95=25.50 99=62.40 99.9=855.55 99.99=4505.60]
2025-04-22 06:35:27 75 sec: 1346531 operations; [READ: Count=898050 Max=14606.33 Min=2.07 Avg=66.12 10=7.28 25=14.97 50=23.66 75=92.09 90=125.31 95=197.50 99=513.02 99.9=1163.26 99.99=1905.66] [UPDATE: Count=448481 Max=11386.88 Min=6.27 Avg=17.42 10=9.49 25=10.57 50=12.17 75=15.10 90=19.74 95=25.36 99=62.02 99.9=850.43 99.99=4497.41]
2025-04-22 06:35:28 76 sec: 1367601 operations; [READ: Count=912044 Max=14606.33 Min=2.07 Avg=66.07 10=7.26 25=14.90 50=23.54 75=92.09 90=125.38 95=197.89 99=510.98 99.9=1159.17 99.99=1904.64] [UPDATE: Count=455557 Max=11386.88 Min=6.27 Avg=17.38 10=9.48 25=10.57 50=12.18 75=15.10 90=19.68 95=25.25 99=61.60 99.9=845.82 99.99=4435.97]
2025-04-22 06:35:29 77 sec: 1386229 operations; [READ: Count=924470 Max=14606.33 Min=2.07 Avg=66.15 10=7.28 25=14.86 50=23.58 75=92.22 90=125.50 95=198.14 99=508.93 99.9=1155.07 99.99=1903.62] [UPDATE: Count=461759 Max=11386.88 Min=6.27 Avg=17.35 10=9.48 25=10.57 50=12.18 75=15.09 90=19.61 95=25.15 99=61.28 99.9=839.17 99.99=4435.97]
2025-04-22 06:35:30 78 sec: 1403910 operations; [READ: Count=936288 Max=14606.33 Min=2.07 Avg=66.28 10=7.31 25=14.83 50=23.61 75=92.35 90=125.76 95=198.66 99=508.42 99.9=1154.05 99.99=1901.57] [UPDATE: Count=467622 Max=11386.88 Min=6.27 Avg=17.32 10=9.49 25=10.57 50=12.18 75=15.10 90=19.58 95=25.07 99=60.64 99.9=839.17 99.99=4427.77]
2025-04-22 06:35:31 79 sec: 1422323 operations; [READ: Count=948523 Max=14606.33 Min=2.07 Avg=66.36 10=7.34 25=14.79 50=23.60 75=92.48 90=125.95 95=199.17 99=507.90 99.9=1150.97 99.99=1898.49] [UPDATE: Count=473800 Max=11386.88 Min=6.27 Avg=17.31 10=9.50 25=10.58 50=12.19 75=15.10 90=19.55 95=24.99 99=60.19 99.9=840.70 99.99=4427.77]
2025-04-22 06:35:32 80 sec: 1443622 operations; [READ: Count=962690 Max=14606.33 Min=2.07 Avg=66.29 10=7.38 25=14.77 50=23.57 75=92.61 90=125.89 95=198.78 99=505.09 99.9=1145.86 99.99=1889.28] [UPDATE: Count=480932 Max=11386.88 Min=6.27 Avg=17.28 10=9.51 25=10.59 50=12.21 75=15.11 90=19.54 95=24.93 99=59.74 99.9=836.10 99.99=4034.56]
2025-04-22 06:35:33 81 sec: 1463134 operations; [READ: Count=975717 Max=14606.33 Min=2.07 Avg=66.31 10=7.41 25=14.73 50=23.54 75=92.67 90=126.14 95=199.17 99=503.04 99.9=1140.73 99.99=1873.92] [UPDATE: Count=487417 Max=11386.88 Min=6.27 Avg=17.26 10=9.52 25=10.59 50=12.21 75=15.10 90=19.50 95=24.85 99=59.55 99.9=836.10 99.99=4034.56]
2025-04-22 06:35:34 82 sec: 1481597 operations; [READ: Count=988012 Max=14606.33 Min=2.07 Avg=66.39 10=7.43 25=14.72 50=23.57 75=92.80 90=126.40 95=199.42 99=501.50 99.9=1137.66 99.99=1871.87] [UPDATE: Count=493585 Max=11386.88 Min=6.27 Avg=17.23 10=9.53 25=10.60 50=12.22 75=15.10 90=19.45 95=24.77 99=59.33 99.9=830.46 99.99=4034.56]
2025-04-22 06:35:35 83 sec: 1497860 operations; [READ: Count=998896 Max=14606.33 Min=2.07 Avg=66.58 10=7.45 25=14.72 50=23.63 75=92.99 90=126.97 95=200.32 99=500.22 99.9=1133.57 99.99=1868.80] [UPDATE: Count=498964 Max=11386.88 Min=6.27 Avg=17.19 10=9.53 25=10.60 50=12.22 75=15.08 90=19.41 95=24.69 99=59.01 99.9=813.57 99.99=4018.18]
2025-04-22 06:35:35 83 sec: 1499513 operations; [READ: Count=1000000 Max=14606.33 Min=2.07 Avg=66.60 10=7.45 25=14.73 50=23.65 75=92.99 90=127.04 95=200.32 99=500.22 99.9=1133.57 99.99=1868.80] [UPDATE: Count=499513 Max=11386.88 Min=6.27 Avg=17.19 10=9.54 25=10.60 50=12.22 75=15.08 90=19.41 95=24.69 99=58.94 99.9=813.57 99.99=4018.18]
Run runtime(sec): 83.2111
Run operations(ops): 1000000
Run throughput(ops/sec): 12017.6
