Running scope as unit: run-r07774f00be7d4a5ebf13699a910890d6.scope
load file:/home/user/DataFiles/silesia_data/silesia.tar
2025-04-23 02:37:39 0 sec: 0 operations;
2025-04-23 02:37:40 1 sec: 48524 operations; [INSERT: Count=48524 Max=8097.79 Min=5.03 Avg=16.53 10=8.76 25=10.84 50=14.60 75=20.13 90=26.09 95=30.25 99=39.52 99.9=58.85 99.99=202.37]
2025-04-23 02:37:41 2 sec: 104372 operations; [INSERT: Count=104372 Max=8097.79 Min=4.78 Avg=15.54 10=8.62 25=10.51 50=13.80 75=18.85 90=24.16 95=27.77 99=36.26 99.9=56.86 99.99=197.76]
2025-04-23 02:37:42 3 sec: 161193 operations; [INSERT: Count=161193 Max=8097.79 Min=4.78 Avg=15.12 10=8.60 25=10.39 50=13.49 75=18.27 90=23.30 95=26.67 99=34.75 99.9=56.67 99.99=195.07]
2025-04-23 02:37:43 4 sec: 218361 operations; [INSERT: Count=218361 Max=8097.79 Min=4.78 Avg=14.89 10=8.60 25=10.34 50=13.32 75=17.93 90=22.73 95=25.92 99=33.79 99.9=57.02 99.99=197.76]
2025-04-23 02:37:44 5 sec: 276427 operations; [INSERT: Count=276427 Max=8097.79 Min=4.78 Avg=14.69 10=8.59 25=10.29 50=13.18 75=17.60 90=22.25 95=25.34 99=32.96 99.9=54.62 99.99=198.01]
2025-04-23 02:37:45 6 sec: 340908 operations; [INSERT: Count=340908 Max=8097.79 Min=4.78 Avg=14.23 10=8.41 25=10.02 50=12.74 75=16.94 90=21.52 95=24.64 99=32.32 99.9=53.53 99.99=197.76]
2025-04-23 02:37:46 7 sec: 405167 operations; [INSERT: Count=405167 Max=8097.79 Min=4.78 Avg=13.93 10=8.32 25=9.87 50=12.49 75=16.50 90=20.94 95=24.02 99=31.52 99.9=53.12 99.99=196.48]
2025-04-23 02:37:47 8 sec: 468004 operations; [INSERT: Count=468004 Max=12337.15 Min=4.34 Avg=13.76 10=8.21 25=9.76 50=12.33 75=16.21 90=20.54 95=23.57 99=30.98 99.9=52.58 99.99=205.06]
2025-04-23 02:37:48 9 sec: 531442 operations; [INSERT: Count=531442 Max=12337.15 Min=4.34 Avg=13.61 10=8.10 25=9.63 50=12.20 75=16.07 90=20.37 95=23.34 99=30.57 99.9=50.75 99.99=214.53]
2025-04-23 02:37:49 10 sec: 593456 operations; [INSERT: Count=593456 Max=12337.15 Min=4.34 Avg=13.53 10=8.05 25=9.58 50=12.13 75=15.98 90=20.24 95=23.17 99=30.25 99.9=49.82 99.99=240.51]
2025-04-23 02:37:50 11 sec: 649745 operations; [INSERT: Count=649745 Max=12337.15 Min=4.34 Avg=13.61 10=8.09 25=9.63 50=12.19 75=16.07 90=20.37 95=23.33 99=30.59 99.9=52.96 99.99=263.94]
2025-04-23 02:37:51 12 sec: 706882 operations; [INSERT: Count=706882 Max=12337.15 Min=4.34 Avg=13.66 10=8.13 25=9.69 50=12.26 75=16.15 90=20.45 95=23.39 99=30.56 99.9=50.81 99.99=262.91]
2025-04-23 02:37:52 13 sec: 763154 operations; [INSERT: Count=763154 Max=12337.15 Min=4.34 Avg=13.72 10=8.17 25=9.73 50=12.30 75=16.20 90=20.50 95=23.42 99=30.69 99.9=61.02 99.99=305.41]
2025-04-23 02:37:53 14 sec: 814968 operations; [INSERT: Count=814968 Max=12337.15 Min=4.34 Avg=13.86 10=8.21 25=9.78 50=12.38 75=16.30 90=20.61 95=23.58 99=31.31 99.9=73.60 99.99=338.18]
2025-04-23 02:37:54 15 sec: 856400 operations; [INSERT: Count=856400 Max=15056.90 Min=4.34 Avg=14.16 10=8.26 25=9.86 50=12.51 75=16.48 90=20.89 95=24.05 99=33.73 99.9=102.53 99.99=367.62]
2025-04-23 02:37:55 16 sec: 893747 operations; [INSERT: Count=893747 Max=26935.29 Min=4.34 Avg=14.49 10=8.31 25=9.94 50=12.65 75=16.64 90=21.12 95=24.37 99=35.62 99.9=131.46 99.99=400.38]
2025-04-23 02:37:56 17 sec: 939857 operations; [INSERT: Count=939857 Max=26935.29 Min=4.34 Avg=14.62 10=8.29 25=9.93 50=12.65 75=16.66 90=21.18 95=24.50 99=37.41 99.9=142.59 99.99=441.60]
2025-04-23 02:37:57 18 sec: 998021 operations; [INSERT: Count=998021 Max=26935.29 Min=4.28 Avg=14.55 10=8.11 25=9.75 50=12.46 75=16.48 90=21.05 95=24.46 99=38.62 99.9=146.05 99.99=446.21]
2025-04-23 02:37:58 19 sec: 1000000 operations; [INSERT: Count=1000000 Max=26935.29 Min=4.28 Avg=14.54 10=8.10 25=9.74 50=12.45 75=16.46 90=21.05 95=24.45 99=38.62 99.9=145.92 99.99=446.21]
2025-04-23 02:37:59 20 sec: 1000000 operations; [INSERT: Count=1000000 Max=26935.29 Min=4.28 Avg=14.54 10=8.10 25=9.74 50=12.45 75=16.46 90=21.05 95=24.45 99=38.62 99.9=145.92 99.99=446.21]
2025-04-23 02:38:00 21 sec: 1000000 operations; [INSERT: Count=1000000 Max=26935.29 Min=4.28 Avg=14.54 10=8.10 25=9.74 50=12.45 75=16.46 90=21.05 95=24.45 99=38.62 99.9=145.92 99.99=446.21]
2025-04-23 02:38:01 22 sec: 1000000 operations; [INSERT: Count=1000000 Max=26935.29 Min=4.28 Avg=14.54 10=8.10 25=9.74 50=12.45 75=16.46 90=21.05 95=24.45 99=38.62 99.9=145.92 99.99=446.21]
2025-04-23 02:38:01 22 sec: 1000000 operations; [INSERT: Count=1000000 Max=26935.29 Min=4.28 Avg=14.54 10=8.10 25=9.74 50=12.45 75=16.46 90=21.05 95=24.45 99=38.62 99.9=145.92 99.99=446.21]
Load runtime(sec): 22.4921
Load operations(ops): 1000000
Load throughput(ops/sec): 44460
