Running scope as unit: run-r1a9be3909fa44454b5d8e2efce2e2a95.scope
load file:/home/user/DataFiles/silesia_data/silesia.tar
2025-04-22 19:05:35 0 sec: 0 operations;
2025-04-22 19:05:36 1 sec: 0 operations;
2025-04-22 19:05:37 2 sec: 0 operations;
2025-04-22 19:05:38 3 sec: 0 operations;
2025-04-22 19:05:39 4 sec: 0 operations;
2025-04-22 19:05:40 5 sec: 0 operations;
2025-04-22 19:05:41 6 sec: 0 operations;
2025-04-22 19:05:42 7 sec: 0 operations;
2025-04-22 19:05:43 8 sec: 0 operations;
2025-04-22 19:05:44 9 sec: 0 operations;
2025-04-22 19:05:45 10 sec: 0 operations;
2025-04-22 19:05:46 11 sec: 0 operations;
2025-04-22 19:05:47 12 sec: 0 operations;
2025-04-22 19:05:48 13 sec: 0 operations;
2025-04-22 19:05:49 14 sec: 0 operations;
2025-04-22 19:05:50 15 sec: 0 operations;
2025-04-22 19:05:51 16 sec: 0 operations;
2025-04-22 19:05:52 17 sec: 0 operations;
2025-04-22 19:05:53 18 sec: 0 operations;
2025-04-22 19:05:54 19 sec: 3348 operations; [READ: Count=2214 Max=759.29 Min=2.62 Avg=191.24 10=67.52 25=107.26 50=167.55 75=251.78 90=344.83 95=413.44 99=552.96 99.9=690.17 99.99=759.29] [UPDATE: Count=1134 Max=627.71 Min=7.53 Avg=13.72 10=10.61 25=11.35 50=12.64 75=14.27 90=16.41 95=17.76 99=21.68 99.9=109.69 99.99=627.71]
2025-04-22 19:05:55 20 sec: 11297 operations; [READ: Count=7488 Max=960.51 Min=2.62 Avg=182.55 10=56.73 25=98.69 50=160.51 75=243.07 90=340.48 95=399.36 99=552.96 99.9=797.70 99.99=927.74] [UPDATE: Count=3809 Max=2613.25 Min=7.53 Avg=17.50 10=10.75 25=11.60 50=13.02 75=15.00 90=17.42 95=18.94 99=27.45 99.9=1373.18 99.99=2613.25]
2025-04-22 19:05:56 21 sec: 22625 operations; [READ: Count=15058 Max=3606.53 Min=2.62 Avg=151.04 10=48.29 25=76.73 50=122.56 75=192.90 90=286.72 95=355.84 99=538.62 99.9=991.23 99.99=2097.15] [UPDATE: Count=7567 Max=6914.05 Min=7.53 Avg=19.92 10=10.95 25=12.01 50=13.50 75=15.81 90=18.69 95=20.86 99=35.17 99.9=1373.18 99.99=2613.25]
2025-04-22 19:05:57 22 sec: 34125 operations; [READ: Count=22718 Max=3606.53 Min=2.62 Avg=141.15 10=47.23 25=75.58 50=117.31 75=178.43 90=258.43 95=325.12 99=504.57 99.9=958.46 99.99=2097.15] [UPDATE: Count=11407 Max=6914.05 Min=6.69 Avg=18.41 10=11.05 25=12.14 50=13.71 75=16.14 90=19.10 95=21.31 99=31.54 99.9=1169.41 99.99=2613.25]
2025-04-22 19:05:58 23 sec: 45079 operations; [READ: Count=30016 Max=3606.53 Min=2.62 Avg=137.55 10=47.62 25=76.48 50=116.86 75=173.82 90=244.74 95=305.15 99=487.68 99.9=927.74 99.99=1761.28] [UPDATE: Count=15063 Max=6914.05 Min=6.69 Avg=18.41 10=11.26 25=12.57 50=14.46 75=17.39 90=20.77 95=23.34 99=32.96 99.9=833.53 99.99=2502.66]
2025-04-22 19:05:59 24 sec: 55933 operations; [READ: Count=37289 Max=3606.53 Min=2.62 Avg=135.44 10=47.84 25=77.31 50=117.12 75=171.52 90=238.08 95=292.61 99=452.86 99.9=873.47 99.99=1576.96] [UPDATE: Count=18644 Max=6914.05 Min=6.69 Avg=18.53 10=11.47 25=12.94 50=15.15 75=18.18 90=21.77 95=24.48 99=33.09 99.9=715.26 99.99=2502.66]
2025-04-22 19:06:00 25 sec: 67045 operations; [READ: Count=44710 Max=3606.53 Min=2.62 Avg=133.46 10=47.36 25=77.12 50=116.54 75=169.22 90=232.96 95=283.39 99=434.18 99.9=842.75 99.99=1576.96] [UPDATE: Count=22335 Max=6914.05 Min=6.69 Avg=18.71 10=11.64 25=13.22 50=15.60 75=18.61 90=22.27 95=25.14 99=33.57 99.9=710.65 99.99=2502.66]
2025-04-22 19:06:01 26 sec: 78421 operations; [READ: Count=52308 Max=3606.53 Min=2.62 Avg=131.50 10=46.72 25=76.61 50=115.14 75=166.53 90=228.22 95=278.01 99=429.57 99.9=837.63 99.99=1563.65] [UPDATE: Count=26113 Max=6914.05 Min=6.69 Avg=19.00 10=11.78 25=13.46 50=15.89 75=18.88 90=22.62 95=25.38 99=33.60 99.9=715.26 99.99=2465.79]
2025-04-22 19:06:02 27 sec: 89739 operations; [READ: Count=59833 Max=3606.53 Min=2.62 Avg=130.02 10=46.17 25=76.09 50=114.05 75=164.35 90=224.64 95=272.64 99=427.77 99.9=848.89 99.99=1563.65] [UPDATE: Count=29906 Max=7155.71 Min=6.69 Avg=19.54 10=11.90 25=13.67 50=16.15 75=19.18 90=22.93 95=25.71 99=34.46 99.9=710.65 99.99=2672.64]
2025-04-22 19:06:03 28 sec: 105136 operations; [READ: Count=70141 Max=4366.34 Min=2.62 Avg=123.80 10=40.26 25=69.82 50=107.58 75=157.57 90=217.09 95=265.47 99=424.19 99.9=865.28 99.99=1563.65] [UPDATE: Count=34995 Max=7155.71 Min=6.69 Avg=19.07 10=11.81 25=13.47 50=15.90 75=18.94 90=22.69 95=25.47 99=34.30 99.9=611.84 99.99=2672.64]
2025-04-22 19:06:04 29 sec: 123958 operations; [READ: Count=82756 Max=4366.34 Min=2.62 Avg=115.59 10=36.64 25=62.21 50=99.20 75=148.61 90=206.97 95=253.57 99=402.94 99.9=835.58 99.99=1462.27] [UPDATE: Count=41202 Max=7155.71 Min=6.69 Avg=18.65 10=11.84 25=13.43 50=15.75 75=18.80 90=22.48 95=25.20 99=33.57 99.9=471.55 99.99=2613.25]
2025-04-22 19:06:05 30 sec: 142580 operations; [READ: Count=95164 Max=4366.34 Min=2.62 Avg=109.71 10=35.26 25=57.38 50=93.12 75=141.44 90=199.29 95=244.48 99=387.07 99.9=806.91 99.99=1406.97] [UPDATE: Count=47416 Max=7155.71 Min=6.69 Avg=18.48 10=11.89 25=13.43 50=15.68 75=18.75 90=22.38 95=25.12 99=33.47 99.9=439.30 99.99=2502.66]
2025-04-22 19:06:06 31 sec: 161591 operations; [READ: Count=107852 Max=4366.34 Min=2.62 Avg=104.84 10=34.27 25=53.44 50=87.94 75=135.29 90=192.38 95=236.67 99=375.55 99.9=776.70 99.99=1303.55] [UPDATE: Count=53739 Max=7155.71 Min=6.69 Avg=18.48 10=11.88 25=13.38 50=15.57 75=18.66 90=22.24 95=24.98 99=33.47 99.9=471.55 99.99=2613.25]
2025-04-22 19:06:07 32 sec: 182967 operations; [READ: Count=122110 Max=4366.34 Min=2.62 Avg=99.40 10=32.51 25=48.51 50=82.17 75=128.25 90=185.34 95=229.12 99=363.77 99.9=768.00 99.99=1291.26] [UPDATE: Count=60857 Max=9101.31 Min=6.69 Avg=18.79 10=11.81 25=13.27 50=15.46 75=18.51 90=22.06 95=24.80 99=33.57 99.9=568.83 99.99=3577.86]
2025-04-22 19:06:08 33 sec: 206204 operations; [READ: Count=137573 Max=4366.34 Min=2.62 Avg=94.38 10=31.17 25=45.12 50=76.99 75=121.79 90=178.18 95=221.31 99=349.69 99.9=749.05 99.99=1231.87] [UPDATE: Count=68631 Max=9101.31 Min=6.69 Avg=18.63 10=11.71 25=13.17 50=15.32 75=18.37 90=21.90 95=24.57 99=33.31 99.9=611.84 99.99=3176.45]
2025-04-22 19:06:09 34 sec: 227754 operations; [READ: Count=151883 Max=4366.34 Min=2.62 Avg=91.01 10=30.88 25=43.45 50=74.05 75=116.80 90=172.54 95=215.04 99=340.74 99.9=728.06 99.99=1227.78] [UPDATE: Count=75871 Max=9101.31 Min=6.69 Avg=18.73 10=11.71 25=13.14 50=15.28 75=18.32 90=21.87 95=24.53 99=33.57 99.9=677.38 99.99=3176.45]
2025-04-22 19:06:10 35 sec: 249973 operations; [READ: Count=166753 Max=4366.34 Min=2.62 Avg=88.08 10=30.48 25=42.17 50=71.61 75=112.38 90=167.04 95=209.15 99=331.01 99.9=709.63 99.99=1215.49] [UPDATE: Count=83220 Max=9101.31 Min=6.69 Avg=18.48 10=11.64 25=13.05 50=15.18 75=18.21 90=21.74 95=24.35 99=32.96 99.9=650.24 99.99=3176.45]
2025-04-22 19:06:11 36 sec: 273295 operations; [READ: Count=182303 Max=4366.34 Min=2.60 Avg=85.33 10=29.93 25=40.96 50=69.38 75=108.48 90=162.05 95=203.78 99=323.33 99.9=695.29 99.99=1195.01] [UPDATE: Count=90992 Max=9101.31 Min=6.69 Avg=18.16 10=11.45 25=12.89 50=15.02 75=18.02 90=21.54 95=24.11 99=32.58 99.9=548.86 99.99=2824.19]
2025-04-22 19:06:12 37 sec: 297479 operations; [READ: Count=198455 Max=4366.34 Min=2.60 Avg=82.69 10=29.12 25=39.84 50=67.20 75=104.96 90=157.44 95=198.78 99=314.62 99.9=678.40 99.99=1143.81] [UPDATE: Count=99024 Max=9101.31 Min=6.69 Avg=17.96 10=11.40 25=12.84 50=14.96 75=17.93 90=21.44 95=24.00 99=32.26 99.9=521.98 99.99=2740.22]
2025-04-22 19:06:13 38 sec: 322171 operations; [READ: Count=214890 Max=4366.34 Min=2.60 Avg=80.33 10=28.53 25=38.81 50=65.09 75=101.76 90=153.09 95=193.92 99=307.20 99.9=663.04 99.99=1143.81] [UPDATE: Count=107281 Max=9101.31 Min=6.62 Avg=17.78 10=11.28 25=12.72 50=14.84 75=17.79 90=21.25 95=23.79 99=31.79 99.9=516.61 99.99=2740.22]
2025-04-22 19:06:14 39 sec: 343397 operations; [READ: Count=229101 Max=4366.34 Min=2.60 Avg=79.10 10=28.35 25=38.62 50=64.54 75=99.97 90=149.89 95=190.21 99=301.82 99.9=649.73 99.99=1128.45] [UPDATE: Count=114296 Max=9101.31 Min=6.62 Avg=17.74 10=11.33 25=12.77 50=14.88 75=17.82 90=21.28 95=23.77 99=31.73 99.9=493.31 99.99=2740.22]
2025-04-22 19:06:15 40 sec: 364776 operations; [READ: Count=243394 Max=4366.34 Min=2.60 Avg=77.95 10=28.14 25=38.43 50=63.97 75=98.37 90=147.07 95=187.01 99=296.19 99.9=637.95 99.99=1122.30] [UPDATE: Count=121382 Max=9101.31 Min=6.62 Avg=17.78 10=11.36 25=12.81 50=14.91 75=17.84 90=21.30 95=23.77 99=31.73 99.9=501.76 99.99=2740.22]
2025-04-22 19:06:16 41 sec: 386287 operations; [READ: Count=257718 Max=4366.34 Min=2.60 Avg=76.93 10=27.89 25=38.30 50=63.42 75=97.09 90=144.51 95=183.94 99=291.33 99.9=624.64 99.99=1106.94] [UPDATE: Count=128569 Max=9101.31 Min=6.62 Avg=17.77 10=11.40 25=12.85 50=14.94 75=17.86 90=21.33 95=23.79 99=31.71 99.9=490.50 99.99=2672.64]
2025-04-22 19:06:17 42 sec: 408744 operations; [READ: Count=272674 Max=4366.34 Min=2.60 Avg=75.86 10=27.54 25=38.08 50=62.78 75=95.68 90=141.95 95=180.61 99=286.72 99.9=608.77 99.99=1091.58] [UPDATE: Count=136070 Max=9101.31 Min=6.62 Avg=17.70 10=11.41 25=12.87 50=14.95 75=17.87 90=21.34 95=23.79 99=31.60 99.9=482.30 99.99=2613.25]
2025-04-22 19:06:18 43 sec: 431457 operations; [READ: Count=287794 Max=4366.34 Min=2.60 Avg=74.81 10=27.09 25=37.82 50=62.11 75=94.40 90=139.65 95=177.79 99=282.11 99.9=597.50 99.99=1060.86] [UPDATE: Count=143663 Max=9101.31 Min=6.62 Avg=17.70 10=11.44 25=12.90 50=14.97 75=17.89 90=21.36 95=23.79 99=31.61 99.9=470.27 99.99=2672.64]
2025-04-22 19:06:19 44 sec: 452746 operations; [READ: Count=301986 Max=4366.34 Min=2.60 Avg=74.14 10=26.57 25=37.76 50=61.82 75=93.69 90=137.98 95=175.49 99=279.04 99.9=591.87 99.99=1055.74] [UPDATE: Count=150760 Max=9101.31 Min=6.62 Avg=17.66 10=11.47 25=12.93 50=15.00 75=17.92 90=21.39 95=23.81 99=31.63 99.9=449.28 99.99=2613.25]
2025-04-22 19:06:20 45 sec: 474416 operations; [READ: Count=316416 Max=4366.34 Min=2.60 Avg=73.47 10=25.86 25=37.66 50=61.50 75=92.99 90=136.32 95=173.31 99=275.20 99.9=582.14 99.99=1047.04] [UPDATE: Count=158000 Max=9101.31 Min=6.62 Avg=17.62 10=11.49 25=12.95 50=15.02 75=17.93 90=21.42 95=23.84 99=31.60 99.9=439.30 99.99=2553.86]
2025-04-22 19:06:21 46 sec: 496283 operations; [READ: Count=331023 Max=4366.34 Min=2.60 Avg=72.81 10=24.72 25=37.57 50=61.18 75=92.35 90=134.78 95=171.01 99=272.13 99.9=573.95 99.99=1038.34] [UPDATE: Count=165260 Max=9101.31 Min=6.62 Avg=17.60 10=11.52 25=12.98 50=15.05 75=17.97 90=21.45 95=23.87 99=31.52 99.9=432.89 99.99=2502.66]
2025-04-22 19:06:22 47 sec: 519424 operations; [READ: Count=346462 Max=4366.34 Min=2.60 Avg=71.99 10=21.05 25=37.38 50=60.67 75=91.33 90=132.86 95=168.45 99=268.80 99.9=562.69 99.99=1033.73] [UPDATE: Count=172962 Max=9101.31 Min=6.62 Avg=17.63 10=11.54 25=13.01 50=15.07 75=17.98 90=21.49 95=23.90 99=31.61 99.9=441.09 99.99=2553.86]
2025-04-22 19:06:23 48 sec: 543152 operations; [READ: Count=362280 Max=4366.34 Min=2.60 Avg=71.18 10=16.40 25=37.22 50=60.16 75=90.37 90=131.01 95=166.27 99=265.98 99.9=550.91 99.99=1027.58] [UPDATE: Count=180872 Max=9101.31 Min=6.62 Avg=17.60 10=11.56 25=13.02 50=15.08 75=18.00 90=21.49 95=23.90 99=31.61 99.9=438.53 99.99=2502.66]
2025-04-22 19:06:24 49 sec: 569575 operations; [READ: Count=379960 Max=4366.34 Min=2.60 Avg=70.06 10=14.18 25=36.77 50=59.33 75=88.96 90=128.90 95=163.71 99=262.65 99.9=538.62 99.99=991.23] [UPDATE: Count=189615 Max=9101.31 Min=6.49 Avg=17.58 10=11.43 25=12.93 50=15.00 75=17.90 90=21.39 95=23.82 99=31.57 99.9=430.85 99.99=2613.25]
2025-04-22 19:06:25 50 sec: 598143 operations; [READ: Count=398996 Max=4366.34 Min=2.32 Avg=68.83 10=12.87 25=36.32 50=58.37 75=87.23 90=126.66 95=161.15 99=259.07 99.9=526.85 99.99=983.55] [UPDATE: Count=199147 Max=9101.31 Min=6.49 Avg=17.42 10=11.30 25=12.83 50=14.91 75=17.81 90=21.30 95=23.73 99=31.47 99.9=425.47 99.99=2584.57]
2025-04-22 19:06:26 51 sec: 627676 operations; [READ: Count=418695 Max=4366.34 Min=2.32 Avg=67.60 10=11.86 25=35.81 50=57.44 75=85.63 90=124.48 95=158.72 99=255.23 99.9=520.96 99.99=971.77] [UPDATE: Count=208981 Max=9101.31 Min=6.49 Avg=17.27 10=11.19 25=12.73 50=14.82 75=17.71 90=21.20 95=23.65 99=31.33 99.9=414.46 99.99=2502.66]
2025-04-22 19:06:27 52 sec: 661004 operations; [READ: Count=440874 Max=4366.34 Min=2.07 Avg=66.06 10=11.01 25=35.01 50=55.81 75=83.71 90=122.05 95=156.16 99=251.90 99.9=513.53 99.99=960.51] [UPDATE: Count=220130 Max=9101.31 Min=6.49 Avg=17.10 10=11.07 25=12.64 50=14.73 75=17.61 90=21.10 95=23.55 99=31.23 99.9=400.13 99.99=2502.66]
2025-04-22 19:06:28 53 sec: 695933 operations; [READ: Count=464119 Max=4366.34 Min=2.07 Avg=64.50 10=10.40 25=34.17 50=54.05 75=81.73 90=119.81 95=153.47 99=248.45 99.9=503.81 99.99=958.46] [UPDATE: Count=231814 Max=9101.31 Min=6.49 Avg=16.94 10=10.96 25=12.54 50=14.63 75=17.50 90=20.99 95=23.44 99=31.04 99.9=394.50 99.99=2490.37]
2025-04-22 19:06:29 54 sec: 733074 operations; [READ: Count=488872 Max=4366.34 Min=2.07 Avg=62.89 10=9.82 25=33.25 50=52.32 75=79.87 90=117.50 95=150.66 99=244.74 99.9=495.36 99.99=948.22] [UPDATE: Count=244202 Max=9101.31 Min=6.49 Avg=16.77 10=10.85 25=12.42 50=14.53 75=17.39 90=20.88 95=23.33 99=30.85 99.9=386.05 99.99=2465.79]
2025-04-22 19:06:30 55 sec: 780733 operations; [READ: Count=520612 Max=4366.34 Min=2.07 Avg=60.54 10=9.17 25=31.57 50=48.99 75=77.44 90=114.62 95=147.46 99=240.64 99.9=484.10 99.99=940.54] [UPDATE: Count=260121 Max=9101.31 Min=6.49 Avg=16.50 10=10.62 25=12.19 50=14.34 75=17.18 90=20.66 95=23.15 99=30.59 99.9=372.22 99.99=2428.93]
2025-04-22 19:06:31 56 sec: 828610 operations; [READ: Count=552533 Max=4366.34 Min=2.07 Avg=58.45 10=8.67 25=30.35 50=45.63 75=75.26 90=112.00 95=144.51 99=236.54 99.9=473.09 99.99=935.42] [UPDATE: Count=276077 Max=9101.31 Min=6.49 Avg=16.26 10=10.46 25=11.98 50=14.18 75=16.99 90=20.46 95=22.96 99=30.30 99.9=365.82 99.99=2320.38]
2025-04-22 19:06:32 57 sec: 877597 operations; [READ: Count=585106 Max=4366.34 Min=2.07 Avg=56.51 10=8.26 25=29.41 50=42.59 75=73.09 90=109.57 95=141.57 99=232.70 99.9=462.85 99.99=926.21] [UPDATE: Count=292491 Max=9101.31 Min=6.49 Avg=16.04 10=10.32 25=11.78 50=14.02 75=16.82 90=20.30 95=22.78 99=30.09 99.9=356.61 99.99=2297.86]
2025-04-22 19:06:33 58 sec: 924813 operations; [READ: Count=616630 Max=4366.34 Min=2.07 Avg=54.85 10=7.93 25=28.69 50=40.22 75=71.17 90=107.33 95=139.13 99=229.76 99.9=456.19 99.99=947.20] [UPDATE: Count=308183 Max=9101.31 Min=6.49 Avg=15.90 10=10.22 25=11.62 50=13.87 75=16.66 90=20.13 95=22.64 99=29.95 99.9=365.82 99.99=2297.86]
2025-04-22 19:06:34 59 sec: 969559 operations; [READ: Count=646394 Max=4366.34 Min=2.07 Avg=53.51 10=7.68 25=28.09 50=38.40 75=69.50 90=105.41 95=136.96 99=227.20 99.9=464.64 99.99=1047.04] [UPDATE: Count=323165 Max=9101.31 Min=6.49 Avg=15.82 10=10.13 25=11.46 50=13.73 75=16.51 90=19.97 95=22.50 99=29.84 99.9=365.82 99.99=2369.53]
2025-04-22 19:06:35 60 sec: 1018060 operations; [READ: Count=678661 Max=4366.34 Min=2.07 Avg=52.09 10=7.43 25=27.47 50=36.83 75=67.84 90=103.42 95=134.66 99=224.51 99.9=454.65 99.99=1035.26] [UPDATE: Count=339399 Max=9101.31 Min=6.49 Avg=15.67 10=10.02 25=11.31 50=13.59 75=16.36 90=19.82 95=22.37 99=29.71 99.9=358.65 99.99=2297.86]
2025-04-22 19:06:36 61 sec: 1068788 operations; [READ: Count=712468 Max=4366.34 Min=2.07 Avg=50.70 10=7.16 25=26.77 50=35.49 75=66.24 90=101.44 95=132.35 99=221.69 99.9=447.23 99.99=1027.58] [UPDATE: Count=356320 Max=9101.31 Min=6.41 Avg=15.49 10=9.91 25=11.16 50=13.44 75=16.19 90=19.66 95=22.21 99=29.52 99.9=352.00 99.99=2248.70]
2025-04-22 19:06:37 62 sec: 1117492 operations; [READ: Count=744947 Max=4366.34 Min=2.07 Avg=49.53 10=6.96 25=26.19 50=34.43 75=64.83 90=99.65 95=130.30 99=219.39 99.9=443.90 99.99=1018.37] [UPDATE: Count=372545 Max=9101.31 Min=6.41 Avg=15.34 10=9.82 25=11.04 50=13.31 75=16.05 90=19.52 95=22.06 99=29.38 99.9=342.01 99.99=2228.22]
2025-04-22 19:06:38 63 sec: 1161417 operations; [READ: Count=774166 Max=4366.34 Min=2.07 Avg=48.69 10=6.80 25=25.74 50=33.63 75=63.68 90=98.30 95=128.77 99=218.62 99.9=473.09 99.99=1055.74] [UPDATE: Count=387251 Max=9101.31 Min=6.41 Avg=15.20 10=9.73 25=10.94 50=13.19 75=15.93 90=19.39 95=21.95 99=29.21 99.9=331.77 99.99=2101.25]
2025-04-22 19:06:39 64 sec: 1204024 operations; [READ: Count=802700 Max=4366.34 Min=2.07 Avg=47.97 10=6.67 25=25.36 50=32.99 75=62.66 90=97.09 95=127.36 99=218.11 99.9=499.20 99.99=1097.73] [UPDATE: Count=401324 Max=9101.31 Min=6.41 Avg=15.08 10=9.66 25=10.86 50=13.09 75=15.81 90=19.26 95=21.84 99=29.04 99.9=325.63 99.99=2084.86]
2025-04-22 19:06:40 65 sec: 1250606 operations; [READ: Count=833732 Max=4366.34 Min=2.05 Avg=47.13 10=6.55 25=24.99 50=32.37 75=61.66 90=95.68 95=125.57 99=215.81 99.9=490.75 99.99=1074.17] [UPDATE: Count=416874 Max=9101.31 Min=6.35 Avg=14.96 10=9.59 25=10.79 50=12.98 75=15.70 90=19.14 95=21.73 99=28.88 99.9=322.05 99.99=2023.42]
2025-04-22 19:06:41 66 sec: 1297514 operations; [READ: Count=865003 Max=4366.34 Min=2.05 Avg=46.34 10=6.44 25=24.64 50=31.81 75=60.70 90=94.46 95=123.90 99=213.63 99.9=483.33 99.99=1057.79] [UPDATE: Count=432511 Max=9101.31 Min=6.35 Avg=14.85 10=9.52 25=10.73 50=12.87 75=15.58 90=19.01 95=21.60 99=28.75 99.9=318.46 99.99=2010.11]
2025-04-22 19:06:42 67 sec: 1342260 operations; [READ: Count=894806 Max=4366.34 Min=2.05 Avg=45.67 10=6.34 25=24.34 50=31.36 75=59.84 90=93.44 95=122.50 99=212.09 99.9=475.90 99.99=1053.69] [UPDATE: Count=447454 Max=9101.31 Min=6.21 Avg=14.77 10=9.48 25=10.70 50=12.81 75=15.50 90=18.91 95=21.50 99=28.70 99.9=315.65 99.99=1786.88]
2025-04-22 19:06:43 68 sec: 1381209 operations; [READ: Count=920745 Max=4366.34 Min=1.98 Avg=45.26 10=6.33 25=24.11 50=31.04 75=59.23 90=92.73 95=121.53 99=211.97 99.9=489.98 99.99=1062.91] [UPDATE: Count=460464 Max=9101.31 Min=6.21 Avg=14.71 10=9.43 25=10.65 50=12.74 75=15.44 90=18.83 95=21.42 99=28.70 99.9=313.86 99.99=1779.71]
2025-04-22 19:06:44 69 sec: 1412500 operations; [READ: Count=941599 Max=4366.34 Min=1.98 Avg=45.16 10=6.34 25=23.97 50=30.86 75=58.91 90=92.42 95=121.02 99=212.99 99.9=532.99 99.99=1097.73] [UPDATE: Count=470901 Max=9101.31 Min=6.21 Avg=14.67 10=9.41 25=10.63 50=12.70 75=15.38 90=18.75 95=21.36 99=28.67 99.9=311.55 99.99=1678.34]
2025-04-22 19:06:45 70 sec: 1446023 operations; [READ: Count=963955 Max=4366.34 Min=1.98 Avg=44.97 10=6.38 25=23.86 50=30.80 75=58.56 90=92.35 95=120.25 99=212.74 99.9=526.85 99.99=1097.73] [UPDATE: Count=482068 Max=9101.31 Min=6.21 Avg=14.65 10=9.40 25=10.63 50=12.70 75=15.37 90=18.72 95=21.31 99=28.64 99.9=310.78 99.99=1678.34]
2025-04-22 19:06:46 71 sec: 1473999 operations; [READ: Count=982573 Max=4366.34 Min=1.98 Avg=44.98 10=6.41 25=23.90 50=30.86 75=58.27 90=92.54 95=119.68 99=211.97 99.9=522.75 99.99=1093.63] [UPDATE: Count=491426 Max=9101.31 Min=6.21 Avg=14.63 10=9.41 25=10.64 50=12.70 75=15.36 90=18.69 95=21.26 99=28.54 99.9=308.99 99.99=1660.93]
2025-04-22 19:06:47 71 sec: 1500124 operations; [READ: Count=1000000 Max=4366.34 Min=1.98 Avg=44.97 10=6.43 25=23.90 50=30.91 75=57.95 90=92.67 95=119.17 99=211.33 99.9=521.47 99.99=1084.41] [UPDATE: Count=500124 Max=9101.31 Min=6.21 Avg=14.60 10=9.42 25=10.64 50=12.66 75=15.33 90=18.62 95=21.21 99=28.46 99.9=306.69 99.99=1636.35]
Run runtime(sec): 71.9411
Run operations(ops): 1000000
Run throughput(ops/sec): 13900.3
