Running scope as unit: run-rd21411448078447e9d00676372d1f3d8.scope
load file:/home/user/DataFiles/silesia_data/silesia.tar
2025-04-21 14:39:51 0 sec: 0 operations;
2025-04-21 14:39:52 1 sec: 36950 operations; [INSERT: Count=36950 Max=1650.69 Min=4.39 Avg=20.97 10=9.94 25=12.80 50=18.09 75=26.02 90=35.01 95=41.60 99=58.05 99.9=113.60 99.99=271.10]
2025-04-21 14:39:53 2 sec: 82025 operations; [INSERT: Count=82025 Max=1650.69 Min=4.39 Avg=19.85 10=9.88 25=12.53 50=17.36 75=24.64 90=32.53 95=38.24 99=51.77 99.9=90.17 99.99=270.85]
2025-04-21 14:39:54 3 sec: 128284 operations; [INSERT: Count=128284 Max=1650.69 Min=4.39 Avg=19.31 10=9.86 25=12.38 50=16.94 75=23.86 90=31.31 95=36.51 99=49.09 99.9=89.60 99.99=271.10]
2025-04-21 14:39:55 4 sec: 174786 operations; [INSERT: Count=174786 Max=1650.69 Min=4.39 Avg=19.02 10=9.86 25=12.33 50=16.75 75=23.44 90=30.66 95=35.68 99=47.36 99.9=85.12 99.99=273.92]
2025-04-21 14:39:56 5 sec: 221435 operations; [INSERT: Count=221435 Max=1650.69 Min=4.39 Avg=18.83 10=9.89 25=12.30 50=16.62 75=23.18 90=30.22 95=35.10 99=46.34 99.9=80.19 99.99=276.48]
2025-04-21 14:39:57 6 sec: 264720 operations; [INSERT: Count=264720 Max=28360.70 Min=4.39 Avg=18.98 10=9.95 25=12.38 50=16.67 75=23.14 90=30.18 95=35.04 99=46.46 99.9=90.17 99.99=281.86]
2025-04-21 14:39:58 7 sec: 309782 operations; [INSERT: Count=309782 Max=28360.70 Min=4.39 Avg=18.96 10=10.01 25=12.44 50=16.70 75=23.12 90=30.11 95=34.88 99=46.05 99.9=86.40 99.99=281.86]
2025-04-21 14:39:59 8 sec: 354216 operations; [INSERT: Count=354216 Max=28360.70 Min=4.39 Avg=18.99 10=10.07 25=12.51 50=16.77 75=23.17 90=30.13 95=34.85 99=45.79 99.9=82.81 99.99=280.06]
2025-04-21 14:40:00 9 sec: 398536 operations; [INSERT: Count=398536 Max=28360.70 Min=4.39 Avg=19.02 10=10.13 25=12.57 50=16.82 75=23.20 90=30.13 95=34.81 99=45.63 99.9=81.47 99.99=279.81]
2025-04-21 14:40:01 10 sec: 441613 operations; [INSERT: Count=441613 Max=28360.70 Min=4.39 Avg=19.11 10=10.20 25=12.65 50=16.91 75=23.31 90=30.24 95=34.94 99=45.70 99.9=81.22 99.99=280.83]
2025-04-21 14:40:02 11 sec: 468906 operations; [INSERT: Count=468906 Max=28360.70 Min=4.39 Avg=19.85 10=10.29 25=12.81 50=17.26 75=24.00 90=31.60 95=37.22 99=53.63 99.9=120.38 99.99=284.93]
2025-04-21 14:40:03 12 sec: 495142 operations; [INSERT: Count=495142 Max=28360.70 Min=4.39 Avg=20.56 10=10.37 25=12.97 50=17.61 75=24.70 90=33.12 95=39.87 99=61.53 99.9=123.78 99.99=294.14]
2025-04-21 14:40:04 13 sec: 524088 operations; [INSERT: Count=524088 Max=28360.70 Min=4.39 Avg=21.07 10=10.45 25=13.11 50=17.92 75=25.28 90=34.27 95=41.76 99=65.09 99.9=127.87 99.99=337.92]
2025-04-21 14:40:05 14 sec: 553445 operations; [INSERT: Count=553445 Max=28360.70 Min=4.39 Avg=21.51 10=10.52 25=13.25 50=18.19 75=25.79 90=35.26 95=43.36 99=67.39 99.9=128.90 99.99=372.22]
2025-04-21 14:40:06 15 sec: 582316 operations; [INSERT: Count=582316 Max=28360.70 Min=4.39 Avg=21.92 10=10.60 25=13.38 50=18.45 75=26.29 90=36.29 95=44.83 99=69.63 99.9=130.05 99.99=380.93]
2025-04-21 14:40:07 16 sec: 610039 operations; [INSERT: Count=610039 Max=28360.70 Min=4.39 Avg=22.35 10=10.67 25=13.50 50=18.70 75=26.78 90=37.25 95=46.34 99=72.00 99.9=132.99 99.99=393.98]
2025-04-21 14:40:08 17 sec: 637488 operations; [INSERT: Count=637488 Max=28360.70 Min=4.39 Avg=22.74 10=10.74 25=13.65 50=18.99 75=27.30 90=38.24 95=47.65 99=73.41 99.9=132.86 99.99=409.86]
2025-04-21 14:40:09 18 sec: 665358 operations; [INSERT: Count=665358 Max=28360.70 Min=4.39 Avg=23.09 10=10.82 25=13.78 50=19.25 75=27.76 90=39.10 95=48.73 99=74.43 99.9=132.61 99.99=417.79]
2025-04-21 14:40:10 19 sec: 693582 operations; [INSERT: Count=693582 Max=28360.70 Min=4.39 Avg=23.40 10=10.90 25=13.91 50=19.47 75=28.18 90=39.84 95=49.63 99=75.20 99.9=132.86 99.99=432.64]
2025-04-21 14:40:11 20 sec: 722727 operations; [INSERT: Count=722727 Max=28360.70 Min=4.39 Avg=23.65 10=10.97 25=14.03 50=19.70 75=28.54 90=40.41 95=50.27 99=75.65 99.9=131.46 99.99=429.57]
2025-04-21 14:40:12 21 sec: 747927 operations; [INSERT: Count=747927 Max=28360.70 Min=4.39 Avg=24.03 10=11.03 25=14.14 50=19.89 75=28.89 90=41.09 95=51.10 99=77.18 99.9=137.60 99.99=467.20]
2025-04-21 14:40:13 22 sec: 773585 operations; [INSERT: Count=773585 Max=28360.70 Min=4.39 Avg=24.36 10=11.10 25=14.26 50=20.11 75=29.31 90=41.82 95=52.03 99=78.53 99.9=138.75 99.99=488.45]
2025-04-21 14:40:14 23 sec: 799915 operations; [INSERT: Count=799915 Max=28360.70 Min=4.39 Avg=24.65 10=11.16 25=14.37 50=20.30 75=29.65 90=42.37 95=52.73 99=79.55 99.9=140.54 99.99=519.17]
2025-04-21 14:40:15 24 sec: 826388 operations; [INSERT: Count=826388 Max=29212.67 Min=4.39 Avg=24.92 10=11.22 25=14.47 50=20.48 75=29.93 90=42.81 95=53.28 99=80.45 99.9=141.69 99.99=544.25]
2025-04-21 14:40:16 25 sec: 853770 operations; [INSERT: Count=853770 Max=29212.67 Min=4.39 Avg=25.14 10=11.27 25=14.55 50=20.57 75=30.11 90=43.20 95=53.85 99=82.43 99.9=157.69 99.99=563.20]
2025-04-21 14:40:17 26 sec: 879691 operations; [INSERT: Count=879691 Max=29212.67 Min=4.39 Avg=25.39 10=11.33 25=14.63 50=20.69 75=30.27 90=43.45 95=54.24 99=83.52 99.9=164.35 99.99=577.02]
2025-04-21 14:40:18 27 sec: 906368 operations; [INSERT: Count=906368 Max=29212.67 Min=4.39 Avg=25.62 10=11.35 25=14.65 50=20.73 75=30.41 90=43.84 95=55.04 99=86.27 99.9=178.69 99.99=581.63]
2025-04-21 14:40:19 28 sec: 934535 operations; [INSERT: Count=934535 Max=29212.67 Min=4.30 Avg=25.79 10=11.20 25=14.50 50=20.57 75=30.34 90=43.94 95=55.39 99=87.68 99.9=194.43 99.99=613.89]
2025-04-21 14:40:20 29 sec: 980938 operations; [INSERT: Count=980938 Max=29212.67 Min=4.30 Avg=25.43 10=10.96 25=14.21 50=20.18 75=29.86 90=43.42 95=54.88 99=87.30 99.9=195.46 99.99=616.96]
2025-04-21 14:40:21 30 sec: 1000000 operations; [INSERT: Count=1000000 Max=29212.67 Min=4.30 Avg=25.37 10=10.80 25=14.04 50=19.98 75=29.68 90=43.23 95=54.69 99=87.10 99.9=196.22 99.99=631.81]
2025-04-21 14:40:22 31 sec: 1000000 operations; [INSERT: Count=1000000 Max=29212.67 Min=4.30 Avg=25.37 10=10.80 25=14.04 50=19.98 75=29.68 90=43.23 95=54.69 99=87.10 99.9=196.22 99.99=631.81]
2025-04-21 14:40:23 32 sec: 1000000 operations; [INSERT: Count=1000000 Max=29212.67 Min=4.30 Avg=25.37 10=10.80 25=14.04 50=19.98 75=29.68 90=43.23 95=54.69 99=87.10 99.9=196.22 99.99=631.81]
2025-04-21 14:40:24 33 sec: 1000000 operations; [INSERT: Count=1000000 Max=29212.67 Min=4.30 Avg=25.37 10=10.80 25=14.04 50=19.98 75=29.68 90=43.23 95=54.69 99=87.10 99.9=196.22 99.99=631.81]
2025-04-21 14:40:25 34 sec: 1000000 operations; [INSERT: Count=1000000 Max=29212.67 Min=4.30 Avg=25.37 10=10.80 25=14.04 50=19.98 75=29.68 90=43.23 95=54.69 99=87.10 99.9=196.22 99.99=631.81]
2025-04-21 14:40:26 35 sec: 1000000 operations; [INSERT: Count=1000000 Max=29212.67 Min=4.30 Avg=25.37 10=10.80 25=14.04 50=19.98 75=29.68 90=43.23 95=54.69 99=87.10 99.9=196.22 99.99=631.81]
2025-04-21 14:40:27 35 sec: 1000000 operations; [INSERT: Count=1000000 Max=29212.67 Min=4.30 Avg=25.37 10=10.80 25=14.04 50=19.98 75=29.68 90=43.23 95=54.69 99=87.10 99.9=196.22 99.99=631.81]
Load runtime(sec): 35.9628
Load operations(ops): 1000000
Load throughput(ops/sec): 27806.5
