Running scope as unit: run-r47978e34432d46dcaf4a0b5d1ea508ef.scope
load file:/home/user/DataFiles/silesia_data/silesia.tar
2025-04-21 14:39:51 0 sec: 0 operations;
2025-04-21 14:39:52 1 sec: 37551 operations; [INSERT: Count=37551 Max=3923.97 Min=4.96 Avg=19.47 10=9.64 25=12.35 50=17.12 75=24.09 90=31.70 95=37.15 99=49.60 99.9=76.86 99.99=267.26]
2025-04-21 14:39:53 2 sec: 84245 operations; [INSERT: Count=84245 Max=3923.97 Min=4.96 Avg=18.74 10=9.65 25=12.18 50=16.57 75=23.12 90=30.25 95=35.07 99=46.46 99.9=67.58 99.99=270.33]
2025-04-21 14:39:54 3 sec: 132250 operations; [INSERT: Count=132250 Max=3923.97 Min=4.96 Avg=18.31 10=9.59 25=12.02 50=16.21 75=22.51 90=29.33 95=33.92 99=44.80 99.9=67.20 99.99=273.15]
2025-04-21 14:39:55 4 sec: 180186 operations; [INSERT: Count=180186 Max=3923.97 Min=4.96 Avg=18.11 10=9.60 25=11.97 50=16.06 75=22.21 90=28.86 95=33.34 99=43.87 99.9=66.81 99.99=273.66]
2025-04-21 14:39:56 5 sec: 228173 operations; [INSERT: Count=228173 Max=3923.97 Min=4.96 Avg=17.98 10=9.62 25=11.94 50=15.97 75=22.00 90=28.51 95=32.90 99=43.13 99.9=66.17 99.99=279.04]
2025-04-21 14:39:57 6 sec: 273084 operations; [INSERT: Count=273084 Max=28393.47 Min=4.96 Avg=18.13 10=9.67 25=12.00 50=15.99 75=22.02 90=28.51 95=32.93 99=43.39 99.9=82.11 99.99=281.60]
2025-04-21 14:39:58 7 sec: 318613 operations; [INSERT: Count=318613 Max=28393.47 Min=4.96 Avg=18.20 10=9.74 25=12.07 50=16.05 75=22.05 90=28.53 95=32.93 99=43.20 99.9=77.25 99.99=283.13]
2025-04-21 14:39:59 8 sec: 364298 operations; [INSERT: Count=364298 Max=28393.47 Min=4.96 Avg=18.24 10=9.81 25=12.16 50=16.14 75=22.13 90=28.59 95=32.93 99=43.10 99.9=73.15 99.99=281.34]
2025-04-21 14:40:00 9 sec: 409662 operations; [INSERT: Count=409662 Max=28393.47 Min=4.96 Avg=18.29 10=9.89 25=12.23 50=16.21 75=22.19 90=28.64 95=32.96 99=42.98 99.9=72.64 99.99=281.60]
2025-04-21 14:40:01 10 sec: 453682 operations; [INSERT: Count=453682 Max=28393.47 Min=4.92 Avg=18.39 10=9.95 25=12.31 50=16.31 75=22.30 90=28.78 95=33.12 99=43.20 99.9=71.42 99.99=281.60]
2025-04-21 14:40:02 11 sec: 479482 operations; [INSERT: Count=479482 Max=28393.47 Min=4.92 Avg=19.23 10=10.02 25=12.46 50=16.64 75=23.01 90=30.24 95=35.71 99=53.95 99.9=125.31 99.99=291.07]
2025-04-21 14:40:03 12 sec: 502963 operations; [INSERT: Count=502963 Max=28393.47 Min=4.92 Avg=20.10 10=10.10 25=12.61 50=17.01 75=23.79 90=31.97 95=39.07 99=65.18 99.9=133.63 99.99=307.97]
2025-04-21 14:40:04 13 sec: 529100 operations; [INSERT: Count=529100 Max=28393.47 Min=4.92 Avg=20.76 10=10.19 25=12.77 50=17.36 75=24.51 90=33.57 95=41.98 99=69.50 99.9=134.01 99.99=328.70]
2025-04-21 14:40:05 14 sec: 555593 operations; [INSERT: Count=555593 Max=28393.47 Min=4.92 Avg=21.34 10=10.28 25=12.93 50=17.68 75=25.15 90=35.04 95=44.54 99=72.64 99.9=135.81 99.99=377.34]
2025-04-21 14:40:06 15 sec: 580282 operations; [INSERT: Count=580282 Max=28393.47 Min=4.92 Avg=21.97 10=10.35 25=13.06 50=18.00 75=25.86 90=36.67 95=47.26 99=76.22 99.9=138.11 99.99=421.63]
2025-04-21 14:40:07 16 sec: 612302 operations; [INSERT: Count=612302 Max=28393.47 Min=4.92 Avg=22.27 10=10.41 25=13.18 50=18.22 75=26.27 90=37.50 95=48.19 99=76.93 99.9=139.78 99.99=441.09]
2025-04-21 14:40:08 17 sec: 644398 operations; [INSERT: Count=644398 Max=28393.47 Min=4.92 Avg=22.55 10=10.48 25=13.29 50=18.46 75=26.70 90=38.27 95=48.93 99=76.73 99.9=138.11 99.99=439.04]
2025-04-21 14:40:09 18 sec: 676401 operations; [INSERT: Count=676401 Max=28393.47 Min=4.92 Avg=22.80 10=10.54 25=13.41 50=18.67 75=27.09 90=38.88 95=49.53 99=76.86 99.9=138.11 99.99=452.86]
2025-04-21 14:40:10 19 sec: 707323 operations; [INSERT: Count=707323 Max=28393.47 Min=4.92 Avg=23.06 10=10.61 25=13.52 50=18.86 75=27.45 90=39.58 95=50.17 99=77.31 99.9=137.47 99.99=453.38]
2025-04-21 14:40:11 20 sec: 739510 operations; [INSERT: Count=739510 Max=28393.47 Min=4.92 Avg=23.25 10=10.66 25=13.62 50=19.04 75=27.76 90=40.00 95=50.56 99=77.44 99.9=138.37 99.99=478.21]
2025-04-21 14:40:12 21 sec: 759302 operations; [INSERT: Count=759302 Max=28393.47 Min=4.92 Avg=23.84 10=10.72 25=13.71 50=19.28 75=28.32 90=41.31 95=52.54 99=81.22 99.9=151.68 99.99=515.07]
2025-04-21 14:40:13 22 sec: 783150 operations; [INSERT: Count=783150 Max=28393.47 Min=4.92 Avg=24.26 10=10.78 25=13.84 50=19.55 75=28.83 90=42.37 95=53.82 99=82.88 99.9=153.73 99.99=542.72]
2025-04-21 14:40:14 23 sec: 802720 operations; [INSERT: Count=802720 Max=58032.13 Min=4.92 Avg=24.79 10=10.84 25=13.94 50=19.77 75=29.38 90=43.52 95=55.45 99=85.44 99.9=156.80 99.99=556.54]
2025-04-21 14:40:15 24 sec: 821853 operations; [INSERT: Count=821853 Max=58032.13 Min=4.92 Avg=25.31 10=10.89 25=14.05 50=20.02 75=29.92 90=44.67 95=56.99 99=87.87 99.9=162.94 99.99=604.16]
2025-04-21 14:40:16 25 sec: 844548 operations; [INSERT: Count=844548 Max=58032.13 Min=4.92 Avg=25.69 10=10.94 25=14.14 50=20.22 75=30.35 90=45.47 95=58.11 99=90.56 99.9=183.42 99.99=630.78]
2025-04-21 14:40:17 26 sec: 873799 operations; [INSERT: Count=873799 Max=58032.13 Min=4.92 Avg=25.81 10=10.99 25=14.20 50=20.29 75=30.40 90=45.50 95=58.17 99=90.75 99.9=185.47 99.99=658.43]
2025-04-21 14:40:18 27 sec: 902724 operations; [INSERT: Count=902724 Max=58032.13 Min=4.92 Avg=25.92 10=11.03 25=14.23 50=20.25 75=30.32 90=45.57 95=58.49 99=92.09 99.9=196.74 99.99=679.93]
2025-04-21 14:40:19 28 sec: 929707 operations; [INSERT: Count=929707 Max=58032.13 Min=4.70 Avg=26.13 10=10.94 25=14.13 50=20.14 75=30.27 90=45.70 95=58.85 99=93.12 99.9=212.35 99.99=708.61]
2025-04-21 14:40:20 29 sec: 970674 operations; [INSERT: Count=970674 Max=58032.13 Min=4.70 Avg=25.84 10=10.78 25=13.92 50=19.84 75=29.87 90=45.22 95=58.43 99=92.80 99.9=214.14 99.99=710.65]
2025-04-21 14:40:21 30 sec: 1000000 operations; [INSERT: Count=1000000 Max=58032.13 Min=4.70 Avg=25.74 10=10.64 25=13.73 50=19.58 75=29.60 90=44.93 95=58.17 99=92.86 99.9=218.24 99.99=728.58]
2025-04-21 14:40:22 31 sec: 1000000 operations; [INSERT: Count=1000000 Max=58032.13 Min=4.70 Avg=25.74 10=10.64 25=13.73 50=19.58 75=29.60 90=44.93 95=58.17 99=92.86 99.9=218.24 99.99=728.58]
2025-04-21 14:40:23 32 sec: 1000000 operations; [INSERT: Count=1000000 Max=58032.13 Min=4.70 Avg=25.74 10=10.64 25=13.73 50=19.58 75=29.60 90=44.93 95=58.17 99=92.86 99.9=218.24 99.99=728.58]
2025-04-21 14:40:24 33 sec: 1000000 operations; [INSERT: Count=1000000 Max=58032.13 Min=4.70 Avg=25.74 10=10.64 25=13.73 50=19.58 75=29.60 90=44.93 95=58.17 99=92.86 99.9=218.24 99.99=728.58]
2025-04-21 14:40:25 34 sec: 1000000 operations; [INSERT: Count=1000000 Max=58032.13 Min=4.70 Avg=25.74 10=10.64 25=13.73 50=19.58 75=29.60 90=44.93 95=58.17 99=92.86 99.9=218.24 99.99=728.58]
2025-04-21 14:40:26 35 sec: 1000000 operations; [INSERT: Count=1000000 Max=58032.13 Min=4.70 Avg=25.74 10=10.64 25=13.73 50=19.58 75=29.60 90=44.93 95=58.17 99=92.86 99.9=218.24 99.99=728.58]
2025-04-21 14:40:27 36 sec: 1000000 operations; [INSERT: Count=1000000 Max=58032.13 Min=4.70 Avg=25.74 10=10.64 25=13.73 50=19.58 75=29.60 90=44.93 95=58.17 99=92.86 99.9=218.24 99.99=728.58]
2025-04-21 14:40:27 36 sec: 1000000 operations; [INSERT: Count=1000000 Max=58032.13 Min=4.70 Avg=25.74 10=10.64 25=13.73 50=19.58 75=29.60 90=44.93 95=58.17 99=92.86 99.9=218.24 99.99=728.58]
Load runtime(sec): 36.1136
Load operations(ops): 1000000
Load throughput(ops/sec): 27690.4
