Running scope as unit: run-r192cf02a0de44c52ab1c4a3e20be04b9.scope
load file:/home/user/DataFiles/silesia_data/silesia.tar
2025-04-21 21:07:55 0 sec: 0 operations;
2025-04-21 21:07:56 1 sec: 0 operations;
2025-04-21 21:07:57 2 sec: 0 operations;
2025-04-21 21:07:58 3 sec: 0 operations;
2025-04-21 21:07:59 4 sec: 0 operations;
2025-04-21 21:08:00 5 sec: 0 operations;
2025-04-21 21:08:01 6 sec: 0 operations;
2025-04-21 21:08:02 7 sec: 0 operations;
2025-04-21 21:08:03 8 sec: 2458 operations; [READ: Count=1228 Max=726.01 Min=8.50 Avg=64.52 10=19.02 25=23.90 50=35.52 75=104.64 90=125.57 95=143.62 99=330.50 99.9=582.65 99.99=726.01] [UPDATE: Count=1230 Max=5943.30 Min=16.70 Avg=93.23 10=32.86 25=40.38 50=59.77 75=123.97 90=151.17 95=169.60 99=502.01 99.9=1842.17 99.99=5943.30]
2025-04-21 21:08:04 9 sec: 5516 operations; [READ: Count=2767 Max=6021.12 Min=3.90 Avg=170.30 10=19.97 25=25.57 50=38.24 75=112.00 90=280.57 95=883.71 99=2344.96 99.9=4517.89 99.99=6021.12] [UPDATE: Count=2749 Max=24313.85 Min=12.23 Avg=261.64 10=33.18 25=42.46 50=64.54 75=137.47 90=323.58 95=954.88 99=2877.44 99.9=15384.58 99.99=24313.85]
2025-04-21 21:08:05 10 sec: 10213 operations; [READ: Count=5099 Max=6021.12 Min=3.36 Avg=165.99 10=21.14 25=28.38 50=43.55 75=118.27 90=354.30 95=803.84 99=2207.74 99.9=3442.69 99.99=5865.47] [UPDATE: Count=5114 Max=28180.48 Min=12.23 Avg=261.34 10=35.65 25=47.45 50=72.58 75=147.46 90=357.89 95=833.02 99=2689.02 99.9=18432.00 99.99=26705.92]
2025-04-21 21:08:06 11 sec: 13724 operations; [READ: Count=6857 Max=6021.12 Min=3.36 Avg=182.08 10=21.73 25=29.54 50=45.31 75=123.01 90=506.88 95=935.42 99=2050.05 99.9=3352.57 99.99=5865.47] [UPDATE: Count=6867 Max=28180.48 Min=12.02 Avg=281.21 10=36.19 25=47.94 50=72.00 75=151.17 90=502.01 95=1030.65 99=2889.73 99.9=16261.12 99.99=26705.92]
2025-04-21 21:08:07 12 sec: 18757 operations; [READ: Count=9332 Max=6021.12 Min=3.36 Avg=175.39 10=22.51 25=31.26 50=48.61 75=127.74 90=471.04 95=891.90 99=1865.73 99.9=3201.02 99.99=5865.47] [UPDATE: Count=9425 Max=28180.48 Min=12.02 Avg=269.09 10=37.34 25=49.12 50=73.02 75=152.96 90=491.01 95=965.12 99=2725.89 99.9=15482.88 99.99=26705.92]
2025-04-21 21:08:08 13 sec: 26090 operations; [READ: Count=13010 Max=6021.12 Min=3.30 Avg=160.20 10=22.70 25=32.08 50=50.14 75=129.34 90=391.17 95=764.41 99=1684.48 99.9=3143.68 99.99=5865.47] [UPDATE: Count=13080 Max=28180.48 Min=10.42 Avg=235.35 10=36.83 25=48.93 50=72.58 75=152.06 90=411.90 95=848.89 99=2246.66 99.9=14417.92 99.99=26705.92]
2025-04-21 21:08:09 14 sec: 35320 operations; [READ: Count=17516 Max=6021.12 Min=2.97 Avg=142.93 10=20.96 25=29.20 50=45.92 75=123.71 90=332.03 95=655.87 99=1501.18 99.9=2953.22 99.99=5312.51] [UPDATE: Count=17804 Max=28180.48 Min=9.55 Avg=204.88 10=33.31 25=44.64 50=67.52 75=145.15 90=363.52 95=731.13 99=1953.79 99.9=13549.57 99.99=24805.38]
2025-04-21 21:08:10 15 sec: 43027 operations; [READ: Count=21421 Max=6021.12 Min=2.97 Avg=137.49 10=20.13 25=27.61 50=43.52 75=121.15 90=330.75 95=643.58 99=1368.06 99.9=2762.75 99.99=5312.51] [UPDATE: Count=21606 Max=28180.48 Min=9.55 Avg=194.22 10=31.79 25=42.81 50=64.83 75=142.59 90=360.96 95=708.10 99=1801.21 99.9=12337.15 99.99=24805.38]
2025-04-21 21:08:11 16 sec: 50986 operations; [READ: Count=25481 Max=6021.12 Min=2.78 Avg=132.87 10=19.93 25=27.23 50=42.02 75=118.66 90=316.42 95=622.08 99=1351.68 99.9=2682.88 99.99=4517.89] [UPDATE: Count=25505 Max=28180.48 Min=9.55 Avg=186.08 10=31.14 25=41.73 50=62.56 75=139.39 90=349.44 95=691.71 99=1747.97 99.9=11943.93 99.99=24313.85]
2025-04-21 21:08:12 17 sec: 59870 operations; [READ: Count=29962 Max=6021.12 Min=2.78 Avg=127.05 10=20.37 25=27.44 50=41.70 75=115.71 90=281.60 95=581.12 99=1331.20 99.9=2615.30 99.99=5087.23] [UPDATE: Count=29908 Max=28180.48 Min=9.55 Avg=177.57 10=31.70 25=42.34 50=62.37 75=136.83 90=316.42 95=645.12 99=1716.22 99.9=10461.18 99.99=24313.85]
2025-04-21 21:08:13 18 sec: 70308 operations; [READ: Count=35122 Max=6021.12 Min=2.78 Avg=120.51 10=20.69 25=27.50 50=41.05 75=112.19 90=253.44 95=539.13 99=1252.35 99.9=2531.33 99.99=4497.41] [UPDATE: Count=35186 Max=28180.48 Min=9.55 Avg=166.85 10=32.14 25=42.43 50=61.18 75=133.25 90=285.69 95=593.92 99=1575.93 99.9=9674.75 99.99=22364.16]
2025-04-21 21:08:14 19 sec: 80977 operations; [READ: Count=40344 Max=6021.12 Min=2.78 Avg=114.87 10=20.89 25=27.73 50=40.80 75=107.52 90=225.66 95=500.99 99=1204.22 99.9=2433.02 99.99=4517.89] [UPDATE: Count=40633 Max=28180.48 Min=9.55 Avg=158.82 10=32.59 25=42.59 50=60.64 75=129.28 90=261.50 95=554.50 99=1496.06 99.9=9052.16 99.99=22364.16]
2025-04-21 21:08:15 20 sec: 92573 operations; [READ: Count=46096 Max=6021.12 Min=2.78 Avg=109.58 10=20.91 25=27.70 50=40.38 75=101.25 90=199.94 95=464.89 99=1146.88 99.9=2351.10 99.99=4497.41] [UPDATE: Count=46477 Max=28180.48 Min=9.55 Avg=151.06 10=32.53 25=42.27 50=59.45 75=124.80 90=238.85 95=515.58 99=1419.26 99.9=8220.67 99.99=19398.65]
2025-04-21 21:08:16 21 sec: 101076 operations; [READ: Count=50343 Max=6021.12 Min=2.78 Avg=109.17 10=20.98 25=27.68 50=40.26 75=100.29 90=203.78 95=463.87 99=1137.66 99.9=2349.05 99.99=4497.41] [UPDATE: Count=50733 Max=28180.48 Min=9.55 Avg=149.10 10=32.43 25=41.98 50=58.81 75=123.84 90=241.28 95=514.82 99=1372.16 99.9=7880.70 99.99=19398.65]
2025-04-21 21:08:17 22 sec: 108791 operations; [READ: Count=54184 Max=6021.12 Min=2.78 Avg=109.62 10=21.09 25=27.81 50=40.38 75=102.78 90=205.95 95=463.62 99=1139.71 99.9=2344.96 99.99=5087.23] [UPDATE: Count=54607 Max=28180.48 Min=9.55 Avg=148.51 10=32.48 25=42.02 50=58.75 75=124.86 90=242.18 95=514.82 99=1364.99 99.9=6643.71 99.99=19398.65]
2025-04-21 21:08:18 23 sec: 118499 operations; [READ: Count=59049 Max=6021.12 Min=2.78 Avg=108.39 10=20.99 25=27.81 50=40.64 75=106.24 90=205.18 95=441.34 99=1113.09 99.9=2316.29 99.99=4517.89] [UPDATE: Count=59450 Max=28180.48 Min=9.31 Avg=145.28 10=32.03 25=41.66 50=58.69 75=125.38 90=236.93 95=489.73 99=1316.86 99.9=6373.38 99.99=18432.00]
2025-04-21 21:08:19 24 sec: 127029 operations; [READ: Count=63299 Max=6021.12 Min=2.78 Avg=108.36 10=20.78 25=27.65 50=40.80 75=107.78 90=212.22 95=435.45 99=1088.51 99.9=2293.76 99.99=4517.89] [UPDATE: Count=63730 Max=28180.48 Min=9.31 Avg=143.86 10=31.49 25=41.18 50=58.69 75=125.95 90=243.71 95=478.46 99=1285.12 99.9=5943.30 99.99=18432.00]
2025-04-21 21:08:20 25 sec: 135552 operations; [READ: Count=67603 Max=6021.12 Min=2.78 Avg=108.37 10=20.50 25=27.44 50=40.93 75=108.54 90=216.45 95=430.59 99=1071.10 99.9=2275.33 99.99=4497.41] [UPDATE: Count=67949 Max=28180.48 Min=8.56 Avg=142.63 10=30.99 25=40.73 50=58.78 75=126.40 90=245.63 95=467.45 99=1265.66 99.9=5656.57 99.99=16793.60]
2025-04-21 21:08:21 26 sec: 142699 operations; [READ: Count=71206 Max=6021.12 Min=2.78 Avg=109.36 10=20.34 25=27.41 50=41.31 75=109.89 90=225.92 95=430.08 99=1060.86 99.9=2228.22 99.99=4497.41] [UPDATE: Count=71493 Max=28180.48 Min=8.56 Avg=142.99 10=30.73 25=40.64 50=59.26 75=127.49 90=257.92 95=470.53 99=1252.35 99.9=5550.08 99.99=16793.60]
2025-04-21 21:08:22 27 sec: 148522 operations; [READ: Count=74099 Max=6021.12 Min=2.78 Avg=111.44 10=20.25 25=27.45 50=41.79 75=111.23 90=237.18 95=438.01 99=1078.27 99.9=2236.41 99.99=4497.41] [UPDATE: Count=74423 Max=28180.48 Min=8.56 Avg=144.40 10=30.56 25=40.61 50=59.90 75=128.51 90=268.29 95=481.02 99=1256.45 99.9=5521.41 99.99=16793.60]
2025-04-21 21:08:23 28 sec: 155792 operations; [READ: Count=77805 Max=6021.12 Min=2.78 Avg=112.13 10=20.02 25=27.39 50=42.24 75=111.81 90=241.15 95=435.71 99=1073.15 99.9=2236.41 99.99=3817.47] [UPDATE: Count=77987 Max=28180.48 Min=8.56 Avg=144.54 10=30.22 25=40.41 50=60.48 75=128.70 90=269.82 95=478.98 99=1255.42 99.9=5341.18 99.99=16261.12]
2025-04-21 21:08:24 29 sec: 163944 operations; [READ: Count=81877 Max=6021.12 Min=2.78 Avg=112.25 10=19.74 25=27.30 50=42.66 75=112.32 90=244.86 95=432.13 99=1053.69 99.9=2211.84 99.99=3817.47] [UPDATE: Count=82067 Max=28180.48 Min=7.74 Avg=143.74 10=29.81 25=40.19 50=60.96 75=128.96 90=271.87 95=470.78 99=1230.85 99.9=5246.98 99.99=16261.12]
2025-04-21 21:08:25 30 sec: 172254 operations; [READ: Count=86040 Max=6021.12 Min=2.78 Avg=111.95 10=19.39 25=27.09 50=42.72 75=112.38 90=247.04 95=428.54 99=1038.34 99.9=2193.41 99.99=3518.46] [UPDATE: Count=86214 Max=28180.48 Min=7.74 Avg=143.20 10=29.28 25=39.74 50=61.09 75=128.90 90=274.69 95=466.43 99=1220.61 99.9=5218.30 99.99=15482.88]
2025-04-21 21:08:26 31 sec: 181806 operations; [READ: Count=90889 Max=6021.12 Min=2.66 Avg=111.09 10=18.72 25=26.57 50=42.37 75=111.94 90=247.81 95=424.19 99=1020.41 99.9=2174.97 99.99=3518.46] [UPDATE: Count=90917 Max=28180.48 Min=7.74 Avg=141.57 10=28.34 25=38.94 50=60.73 75=128.32 90=274.94 95=460.54 99=1193.98 99.9=5054.46 99.99=15482.88]
2025-04-21 21:08:27 32 sec: 192286 operations; [READ: Count=96175 Max=6021.12 Min=2.66 Avg=109.75 10=17.77 25=25.81 50=41.79 75=110.78 90=243.58 95=419.58 99=1014.78 99.9=2152.45 99.99=3442.69] [UPDATE: Count=96111 Max=28180.48 Min=7.74 Avg=139.46 10=27.09 25=37.79 50=59.90 75=126.85 90=270.85 95=455.68 99=1182.72 99.9=4915.20 99.99=15384.58]
2025-04-21 21:08:28 33 sec: 208084 operations; [READ: Count=104047 Max=6021.12 Min=2.30 Avg=105.82 10=16.18 25=24.51 50=40.48 75=108.16 90=227.33 95=404.22 99=982.01 99.9=2093.05 99.99=3442.69] [UPDATE: Count=104037 Max=28180.48 Min=7.74 Avg=133.93 10=24.99 25=35.71 50=57.98 75=123.52 90=253.44 95=437.25 99=1136.64 99.9=4517.89 99.99=15384.58]
2025-04-21 21:08:29 34 sec: 225317 operations; [READ: Count=112711 Max=6021.12 Min=2.26 Avg=101.78 10=15.24 25=23.66 50=40.45 75=104.06 90=205.82 95=384.51 99=951.29 99.9=2063.36 99.99=3424.26] [UPDATE: Count=112606 Max=28180.48 Min=7.74 Avg=128.39 10=23.45 25=34.40 50=57.95 75=118.27 90=229.89 95=414.72 99=1092.61 99.9=4218.88 99.99=15302.66]
2025-04-21 21:08:30 35 sec: 242322 operations; [READ: Count=121115 Max=6021.12 Min=2.26 Avg=98.46 10=14.73 25=22.89 50=40.77 75=100.29 90=191.23 95=368.89 99=926.72 99.9=2023.42 99.99=3352.57] [UPDATE: Count=121207 Max=28180.48 Min=7.66 Avg=123.65 10=22.50 25=33.31 50=58.30 75=113.47 90=212.35 95=397.82 99=1058.82 99.9=3899.39 99.99=14925.82]
2025-04-21 21:08:31 36 sec: 258796 operations; [READ: Count=129443 Max=6021.12 Min=2.26 Avg=95.71 10=14.34 25=22.11 50=40.99 75=97.22 90=181.89 95=356.61 99=899.07 99.9=1958.91 99.99=3223.55] [UPDATE: Count=129353 Max=28180.48 Min=7.64 Avg=119.90 10=21.87 25=32.22 50=58.66 75=109.69 90=202.37 95=383.23 99=1026.56 99.9=3622.91 99.99=14655.49]
2025-04-21 21:08:32 37 sec: 274247 operations; [READ: Count=137138 Max=6021.12 Min=2.26 Avg=93.68 10=14.10 25=21.38 50=41.12 75=94.97 90=175.10 95=347.90 99=881.15 99.9=1921.02 99.99=3201.02] [UPDATE: Count=137109 Max=28180.48 Min=7.64 Avg=116.96 10=21.47 25=31.20 50=58.81 75=106.94 90=195.97 95=374.27 99=994.30 99.9=3436.54 99.99=14417.92]
2025-04-21 21:08:33 38 sec: 287784 operations; [READ: Count=143938 Max=6021.12 Min=2.26 Avg=92.50 10=13.88 25=20.70 50=41.12 75=93.63 90=172.29 95=344.06 99=865.79 99.9=1894.40 99.99=3201.02] [UPDATE: Count=143846 Max=28180.48 Min=7.63 Avg=115.10 10=21.17 25=30.32 50=58.78 75=105.15 90=192.90 95=369.66 99=974.34 99.9=3303.42 99.99=14417.92]
2025-04-21 21:08:34 39 sec: 305287 operations; [READ: Count=152714 Max=6021.12 Min=2.26 Avg=90.22 10=13.60 25=19.86 50=41.05 75=91.84 90=166.01 95=332.29 99=840.70 99.9=1878.02 99.99=3170.30] [UPDATE: Count=152573 Max=28180.48 Min=7.63 Avg=111.93 10=20.80 25=29.21 50=58.62 75=102.78 90=185.60 95=358.14 99=943.10 99.9=3155.97 99.99=14295.04]
2025-04-21 21:08:35 40 sec: 321937 operations; [READ: Count=161112 Max=6021.12 Min=2.26 Avg=88.38 10=13.32 25=19.15 50=40.93 75=90.56 90=161.41 95=323.84 99=817.66 99.9=1858.56 99.99=3145.73] [UPDATE: Count=160825 Max=28180.48 Min=7.17 Avg=109.44 10=20.46 25=28.35 50=58.43 75=101.18 90=180.86 95=349.44 99=921.60 99.9=3078.14 99.99=14286.85]
2025-04-21 21:08:36 41 sec: 336581 operations; [READ: Count=168423 Max=6021.12 Min=2.26 Avg=87.26 10=13.11 25=18.66 50=40.67 75=89.98 90=159.23 95=318.46 99=798.72 99.9=1836.03 99.99=3143.68] [UPDATE: Count=168158 Max=28180.48 Min=7.17 Avg=107.82 10=20.19 25=27.70 50=58.14 75=100.22 90=178.56 95=344.06 99=905.73 99.9=3016.70 99.99=14163.97]
2025-04-21 21:08:37 42 sec: 352482 operations; [READ: Count=176354 Max=6021.12 Min=2.10 Avg=85.94 10=12.86 25=18.14 50=40.35 75=89.28 90=156.03 95=312.32 99=782.85 99.9=1818.62 99.99=3143.68] [UPDATE: Count=176128 Max=28180.48 Min=7.17 Avg=105.93 10=19.92 25=27.02 50=57.89 75=99.26 90=175.10 95=336.89 99=886.27 99.9=2893.82 99.99=13852.67]
2025-04-21 21:08:38 43 sec: 365520 operations; [READ: Count=182857 Max=6021.12 Min=2.10 Avg=85.38 10=12.66 25=17.82 50=40.00 75=88.89 90=155.39 95=312.32 99=774.14 99.9=1796.10 99.99=3143.68] [UPDATE: Count=182663 Max=28180.48 Min=7.17 Avg=105.05 10=19.71 25=26.54 50=57.50 75=98.81 90=174.34 95=335.87 99=870.91 99.9=2879.49 99.99=13852.67]
2025-04-21 21:08:39 44 sec: 382622 operations; [READ: Count=191439 Max=6021.12 Min=2.10 Avg=83.95 10=12.41 25=17.50 50=39.65 75=88.32 90=151.68 95=304.64 99=760.83 99.9=1786.88 99.99=3076.09] [UPDATE: Count=191183 Max=28180.48 Min=7.17 Avg=103.11 10=19.47 25=26.02 50=56.90 75=97.98 90=170.75 95=328.19 99=848.38 99.9=2781.18 99.99=13664.25]
2025-04-21 21:08:40 45 sec: 399355 operations; [READ: Count=199805 Max=6021.12 Min=2.10 Avg=82.71 10=12.11 25=17.21 50=39.17 75=87.87 90=148.61 95=299.01 99=747.01 99.9=1760.26 99.99=3047.42] [UPDATE: Count=199550 Max=28180.48 Min=7.17 Avg=101.45 10=19.20 25=25.54 50=56.26 75=97.41 90=168.19 95=322.05 99=829.44 99.9=2750.46 99.99=13549.57]
2025-04-21 21:08:41 46 sec: 414560 operations; [READ: Count=207440 Max=6021.12 Min=2.10 Avg=81.91 10=11.81 25=17.12 50=38.72 75=87.74 90=146.94 95=295.68 99=735.23 99.9=1739.78 99.99=3033.09] [UPDATE: Count=207120 Max=28180.48 Min=7.17 Avg=100.25 10=19.04 25=25.34 50=55.62 75=97.22 90=166.53 95=317.44 99=815.10 99.9=2689.02 99.99=13246.46]
2025-04-21 21:08:42 47 sec: 429471 operations; [READ: Count=214911 Max=6021.12 Min=2.10 Avg=81.20 10=11.47 25=16.98 50=38.27 75=87.49 90=145.28 95=292.86 99=721.41 99.9=1714.17 99.99=3033.09] [UPDATE: Count=214560 Max=28180.48 Min=7.17 Avg=99.23 10=18.85 25=25.14 50=55.01 75=96.96 90=165.12 95=314.62 99=800.25 99.9=2652.16 99.99=13246.46]
2025-04-21 21:08:43 48 sec: 442437 operations; [READ: Count=221464 Max=6021.12 Min=2.10 Avg=80.85 10=11.13 25=16.88 50=37.95 75=87.42 90=144.64 95=292.86 99=715.77 99.9=1707.01 99.99=3033.09] [UPDATE: Count=220973 Max=28180.48 Min=7.17 Avg=98.77 10=18.70 25=24.96 50=54.59 75=96.77 90=164.74 95=314.88 99=795.13 99.9=2605.05 99.99=12910.59]
2025-04-21 21:08:44 49 sec: 458021 operations; [READ: Count=229308 Max=6021.12 Min=2.10 Avg=80.07 10=10.73 25=16.77 50=37.53 75=87.17 90=142.59 95=288.51 99=704.51 99.9=1690.62 99.99=3006.46] [UPDATE: Count=228713 Max=28180.48 Min=7.17 Avg=97.74 10=18.54 25=24.80 50=54.08 75=96.51 90=162.69 95=311.04 99=785.41 99.9=2557.95 99.99=12378.11]
2025-04-21 21:08:45 50 sec: 474737 operations; [READ: Count=237653 Max=6021.12 Min=2.10 Avg=79.17 10=10.31 25=16.66 50=37.15 75=86.91 90=140.03 95=283.65 99=693.25 99.9=1670.14 99.99=3002.37] [UPDATE: Count=237084 Max=28180.48 Min=7.17 Avg=96.52 10=18.34 25=24.59 50=53.44 75=96.19 90=160.64 95=305.41 99=769.53 99.9=2537.47 99.99=12337.15]
2025-04-21 21:08:46 51 sec: 490868 operations; [READ: Count=245675 Max=6021.12 Min=2.10 Avg=78.43 10=10.05 25=16.61 50=36.70 75=86.78 90=138.11 95=279.55 99=681.98 99.9=1649.66 99.99=2953.22] [UPDATE: Count=245193 Max=28180.48 Min=7.17 Avg=95.50 10=18.19 25=24.50 50=52.83 75=95.94 90=158.59 95=301.31 99=755.20 99.9=2496.51 99.99=12247.04]
2025-04-21 21:08:47 52 sec: 507446 operations; [READ: Count=254000 Max=6021.12 Min=2.10 Avg=77.70 10=9.76 25=16.54 50=36.29 75=86.46 90=136.19 95=275.20 99=674.30 99.9=1636.35 99.99=2953.22] [UPDATE: Count=253446 Max=28180.48 Min=7.17 Avg=94.44 10=18.02 25=24.38 50=52.22 75=95.61 90=156.29 95=296.70 99=745.47 99.9=2447.36 99.99=12247.04]
2025-04-21 21:08:48 53 sec: 524127 operations; [READ: Count=262359 Max=6021.12 Min=2.10 Avg=76.95 10=9.51 25=16.48 50=35.74 75=86.21 90=134.40 95=271.87 99=665.60 99.9=1617.92 99.99=2918.40] [UPDATE: Count=261768 Max=28180.48 Min=7.17 Avg=93.46 10=17.82 25=24.25 50=51.55 75=95.30 90=154.37 95=292.86 99=729.09 99.9=2394.11 99.99=12058.62]
2025-04-21 21:08:49 54 sec: 541802 operations; [READ: Count=271284 Max=6021.12 Min=2.10 Avg=76.09 10=9.29 25=16.40 50=35.23 75=85.89 90=132.22 95=266.75 99=655.87 99.9=1608.70 99.99=2899.97] [UPDATE: Count=270518 Max=28180.48 Min=7.17 Avg=92.40 10=17.63 25=24.13 50=50.85 75=94.91 90=152.06 95=288.25 99=719.36 99.9=2359.30 99.99=11960.32]
2025-04-21 21:08:50 55 sec: 560543 operations; [READ: Count=280654 Max=6021.12 Min=2.10 Avg=75.14 10=9.09 25=16.30 50=34.62 75=85.63 90=130.05 95=260.35 99=644.61 99.9=1583.10 99.99=2820.09] [UPDATE: Count=279889 Max=28180.48 Min=7.17 Avg=91.24 10=17.42 25=24.00 50=50.08 75=94.53 90=149.25 95=282.11 99=708.10 99.9=2330.62 99.99=11943.93]
2025-04-21 21:08:51 56 sec: 579098 operations; [READ: Count=289968 Max=6021.12 Min=2.10 Avg=74.29 10=8.94 25=16.25 50=34.02 75=85.38 90=128.25 95=254.97 99=635.39 99.9=1570.82 99.99=2820.09] [UPDATE: Count=289130 Max=28180.48 Min=7.17 Avg=90.15 10=17.23 25=23.89 50=49.31 75=94.21 90=147.07 95=276.74 99=697.34 99.9=2304.00 99.99=11657.22]
2025-04-21 21:08:52 57 sec: 596663 operations; [READ: Count=298710 Max=6021.12 Min=2.10 Avg=73.64 10=8.79 25=16.18 50=33.41 75=85.18 90=126.91 95=252.29 99=626.69 99.9=1559.55 99.99=2820.09] [UPDATE: Count=297953 Max=28180.48 Min=7.17 Avg=89.25 10=17.05 25=23.77 50=48.54 75=94.02 90=145.41 95=273.15 99=687.62 99.9=2256.89 99.99=11468.80]
2025-04-21 21:08:53 58 sec: 613914 operations; [READ: Count=307280 Max=6021.12 Min=2.10 Avg=73.04 10=8.66 25=16.11 50=32.86 75=84.99 90=125.69 95=249.09 99=621.57 99.9=1544.19 99.99=2762.75] [UPDATE: Count=306634 Max=28180.48 Min=7.17 Avg=88.48 10=16.91 25=23.66 50=47.77 75=93.76 90=144.00 95=269.57 99=679.42 99.9=2232.32 99.99=11460.61]
2025-04-21 21:08:54 59 sec: 633040 operations; [READ: Count=316877 Max=6021.12 Min=2.10 Avg=72.29 10=8.54 25=16.02 50=32.24 75=84.67 90=124.09 95=244.61 99=614.40 99.9=1520.64 99.99=2762.75] [UPDATE: Count=316163 Max=28180.48 Min=7.17 Avg=87.46 10=16.72 25=23.54 50=46.85 75=93.38 90=141.57 95=264.70 99=669.70 99.9=2191.36 99.99=11255.81]
2025-04-21 21:08:55 60 sec: 652300 operations; [READ: Count=326464 Max=6021.12 Min=2.10 Avg=71.55 10=8.43 25=15.94 50=31.60 75=84.48 90=122.81 95=240.90 99=606.21 99.9=1506.30 99.99=2721.79] [UPDATE: Count=325836 Max=28180.48 Min=7.17 Avg=86.49 10=16.56 25=23.42 50=45.92 75=93.12 90=139.90 95=260.48 99=658.94 99.9=2162.69 99.99=10985.47]
2025-04-21 21:08:56 61 sec: 671363 operations; [READ: Count=335975 Max=6021.12 Min=2.10 Avg=70.87 10=8.34 25=15.86 50=30.96 75=84.29 90=121.47 95=237.44 99=597.50 99.9=1490.94 99.99=2719.74] [UPDATE: Count=335388 Max=28180.48 Min=7.17 Avg=85.61 10=16.43 25=23.31 50=44.93 75=92.86 90=138.11 95=257.28 99=648.19 99.9=2115.58 99.99=10854.40]
2025-04-21 21:08:57 62 sec: 688931 operations; [READ: Count=344767 Max=6021.12 Min=2.10 Avg=70.37 10=8.26 25=15.79 50=30.30 75=84.16 90=120.83 95=235.78 99=592.38 99.9=1477.63 99.99=2719.74] [UPDATE: Count=344164 Max=28180.48 Min=7.17 Avg=84.98 10=16.32 25=23.21 50=44.09 75=92.67 90=137.09 95=255.87 99=638.98 99.9=2087.93 99.99=10854.40]
2025-04-21 21:08:58 63 sec: 706255 operations; [READ: Count=353559 Max=6021.12 Min=2.10 Avg=69.92 10=8.19 25=15.73 50=29.74 75=83.97 90=119.94 95=233.85 99=589.31 99.9=1463.30 99.99=2717.70] [UPDATE: Count=352696 Max=28180.48 Min=7.17 Avg=84.41 10=16.21 25=23.12 50=43.30 75=92.54 90=136.06 95=254.34 99=632.83 99.9=2064.38 99.99=10461.18]
2025-04-21 21:08:59 64 sec: 724343 operations; [READ: Count=362534 Max=6021.12 Min=2.10 Avg=69.41 10=8.14 25=15.66 50=29.17 75=83.84 90=118.97 95=231.42 99=584.70 99.9=1454.08 99.99=2697.22] [UPDATE: Count=361809 Max=28180.48 Min=7.17 Avg=83.77 10=16.11 25=23.02 50=42.43 75=92.42 90=134.91 95=251.78 99=627.20 99.9=2034.69 99.99=10379.26]
2025-04-21 21:09:00 65 sec: 742758 operations; [READ: Count=371775 Max=6021.12 Min=2.10 Avg=68.89 10=8.09 25=15.60 50=28.59 75=83.78 90=118.14 95=228.74 99=578.56 99.9=1439.74 99.99=2682.88] [UPDATE: Count=370983 Max=28180.48 Min=7.17 Avg=83.15 10=16.03 25=22.94 50=41.66 75=92.29 90=133.89 95=249.60 99=621.05 99.9=2011.13 99.99=10190.85]
2025-04-21 21:09:01 66 sec: 762035 operations; [READ: Count=381432 Max=6021.12 Min=2.10 Avg=68.34 10=8.04 25=15.52 50=28.03 75=83.58 90=117.18 95=225.53 99=572.93 99.9=1427.45 99.99=2646.01] [UPDATE: Count=380603 Max=28180.48 Min=7.17 Avg=82.43 10=15.93 25=22.85 50=40.80 75=92.09 90=132.74 95=246.53 99=613.89 99.9=1974.27 99.99=9871.36]
2025-04-21 21:09:02 67 sec: 782176 operations; [READ: Count=391485 Max=6021.12 Min=2.10 Avg=67.72 10=7.98 25=15.44 50=27.39 75=83.45 90=115.97 95=221.82 99=566.78 99.9=1410.05 99.99=2639.87] [UPDATE: Count=390691 Max=28180.48 Min=7.17 Avg=81.68 10=15.84 25=22.75 50=39.90 75=91.97 90=131.33 95=243.20 99=605.70 99.9=1953.79 99.99=9854.98]
2025-04-21 21:09:03 68 sec: 801470 operations; [READ: Count=401129 Max=6021.12 Min=2.10 Avg=67.22 10=7.93 25=15.36 50=26.78 75=83.26 90=115.20 95=219.78 99=561.66 99.9=1394.69 99.99=2617.34] [UPDATE: Count=400341 Max=28180.48 Min=7.17 Avg=81.03 10=15.74 25=22.64 50=38.94 75=91.78 90=130.30 95=241.28 99=601.09 99.9=1927.17 99.99=9674.75]
2025-04-21 21:09:04 69 sec: 819659 operations; [READ: Count=410281 Max=6021.12 Min=2.10 Avg=66.81 10=7.89 25=15.29 50=26.18 75=83.14 90=114.62 95=218.75 99=558.08 99.9=1384.45 99.99=2615.30] [UPDATE: Count=409378 Max=28180.48 Min=7.17 Avg=80.56 10=15.68 25=22.56 50=38.05 75=91.65 90=129.60 95=240.38 99=598.01 99.9=1903.62 99.99=9404.42]
2025-04-21 21:09:05 70 sec: 839718 operations; [READ: Count=420327 Max=6021.12 Min=2.10 Avg=66.28 10=7.87 25=15.21 50=25.58 75=83.01 90=113.86 95=216.70 99=552.45 99.9=1371.13 99.99=2592.77] [UPDATE: Count=419391 Max=28180.48 Min=7.17 Avg=79.91 10=15.64 25=22.48 50=37.12 75=91.52 90=128.70 95=238.08 99=592.38 99.9=1886.21 99.99=9199.61]
2025-04-21 21:09:06 71 sec: 859647 operations; [READ: Count=430374 Max=6021.12 Min=2.10 Avg=65.78 10=7.82 25=15.13 50=24.98 75=82.88 90=113.28 95=215.42 99=550.40 99.9=1364.99 99.99=2590.72] [UPDATE: Count=429273 Max=28180.48 Min=7.17 Avg=79.30 10=15.57 25=22.38 50=36.09 75=91.33 90=128.00 95=236.67 99=589.31 99.9=1865.73 99.99=9191.42]
2025-04-21 21:09:07 72 sec: 879489 operations; [READ: Count=440328 Max=6021.12 Min=2.10 Avg=65.29 10=7.80 25=15.04 50=24.43 75=82.69 90=112.70 95=214.01 99=546.30 99.9=1355.78 99.99=2590.72] [UPDATE: Count=439161 Max=28180.48 Min=7.17 Avg=78.76 10=15.51 25=22.29 50=35.23 75=91.20 90=127.42 95=235.65 99=584.70 99.9=1849.34 99.99=9191.42]
2025-04-21 21:09:08 73 sec: 898582 operations; [READ: Count=449805 Max=6021.12 Min=2.10 Avg=64.89 10=7.78 25=14.97 50=24.00 75=82.56 90=112.25 95=213.25 99=544.25 99.9=1347.58 99.99=2568.19] [UPDATE: Count=448777 Max=28180.48 Min=7.17 Avg=78.28 10=15.50 25=22.24 50=34.59 75=91.07 90=126.85 95=234.50 99=581.63 99.9=1841.15 99.99=9134.08]
2025-04-21 21:09:09 74 sec: 914226 operations; [READ: Count=457529 Max=6021.12 Min=2.02 Avg=64.76 10=7.79 25=14.92 50=23.79 75=82.50 90=112.00 95=213.89 99=547.33 99.9=1343.49 99.99=2560.00] [UPDATE: Count=456697 Max=28180.48 Min=7.17 Avg=78.11 10=15.50 25=22.21 50=34.21 75=91.01 90=126.72 95=235.13 99=584.70 99.9=1826.82 99.99=9052.16]
2025-04-21 21:09:10 75 sec: 928114 operations; [READ: Count=464470 Max=6021.12 Min=2.02 Avg=64.77 10=7.82 25=14.94 50=23.82 75=82.62 90=112.25 95=214.14 99=546.30 99.9=1337.34 99.99=2560.00] [UPDATE: Count=463644 Max=28180.48 Min=6.92 Avg=78.09 10=15.54 25=22.22 50=34.14 75=91.07 90=126.85 95=235.78 99=583.68 99.9=1821.69 99.99=9052.16]
2025-04-21 21:09:11 76 sec: 940095 operations; [READ: Count=470484 Max=6021.12 Min=2.02 Avg=64.90 10=7.86 25=14.96 50=23.84 75=82.69 90=112.58 95=215.81 99=547.84 99.9=1331.20 99.99=2549.76] [UPDATE: Count=469611 Max=28180.48 Min=6.92 Avg=78.24 10=15.58 25=22.25 50=34.14 75=91.14 90=127.23 95=237.69 99=586.24 99.9=1814.53 99.99=8945.66]
2025-04-21 21:09:12 77 sec: 952555 operations; [READ: Count=476813 Max=6021.12 Min=2.02 Avg=65.01 10=7.89 25=14.94 50=23.82 75=82.75 90=113.09 95=217.60 99=547.33 99.9=1323.01 99.99=2531.33] [UPDATE: Count=475742 Max=28180.48 Min=6.92 Avg=78.33 10=15.62 25=22.24 50=34.05 75=91.26 90=127.87 95=239.23 99=585.73 99.9=1810.43 99.99=8880.13]
2025-04-21 21:09:13 78 sec: 963651 operations; [READ: Count=482276 Max=6021.12 Min=2.02 Avg=65.22 10=7.93 25=14.95 50=23.87 75=82.88 90=113.98 95=219.26 99=546.82 99.9=1320.96 99.99=2531.33] [UPDATE: Count=481375 Max=28180.48 Min=6.92 Avg=78.53 10=15.66 25=22.25 50=34.11 75=91.39 90=128.96 95=241.02 99=584.70 99.9=1808.38 99.99=8880.13]
2025-04-21 21:09:14 79 sec: 974107 operations; [READ: Count=487561 Max=6021.12 Min=2.02 Avg=65.50 10=7.95 25=14.97 50=23.98 75=83.01 90=115.26 95=219.78 99=546.82 99.9=1316.86 99.99=2514.94] [UPDATE: Count=486546 Max=28180.48 Min=6.92 Avg=78.74 10=15.69 25=22.29 50=34.27 75=91.52 90=130.37 95=241.41 99=584.70 99.9=1800.19 99.99=8585.22]
2025-04-21 21:09:15 80 sec: 984887 operations; [READ: Count=492897 Max=6021.12 Min=2.02 Avg=65.74 10=7.97 25=14.99 50=24.11 75=83.14 90=116.61 95=220.29 99=545.28 99.9=1309.69 99.99=2514.94] [UPDATE: Count=491990 Max=28180.48 Min=6.92 Avg=78.93 10=15.71 25=22.30 50=34.46 75=91.58 90=132.09 95=241.66 99=582.65 99.9=1789.95 99.99=8585.22]
2025-04-21 21:09:16 81 sec: 996949 operations; [READ: Count=499026 Max=6021.12 Min=2.02 Avg=65.87 10=7.99 25=15.01 50=24.21 75=83.20 90=117.89 95=219.52 99=543.23 99.9=1303.55 99.99=2494.46] [UPDATE: Count=497923 Max=28180.48 Min=6.92 Avg=79.03 10=15.73 25=22.32 50=34.59 75=91.71 90=133.50 95=241.02 99=581.12 99.9=1784.83 99.99=8396.80]
2025-04-21 21:09:17 81 sec: 1000000 operations; [READ: Count=500582 Max=6021.12 Min=2.02 Avg=65.89 10=8.00 25=15.01 50=24.22 75=83.20 90=118.14 95=219.01 99=542.72 99.9=1302.53 99.99=2494.46] [UPDATE: Count=499418 Max=28180.48 Min=6.92 Avg=79.02 10=15.73 25=22.32 50=34.62 75=91.71 90=133.76 95=240.64 99=580.61 99.9=1784.83 99.99=8396.80]
Run runtime(sec): 81.3276
Run operations(ops): 1000000
Run throughput(ops/sec): 12295.9
