Running scope as unit: run-r970e7e8e1c7f4e44b58821ec3613ed3e.scope
load file:/home/user/DataFiles/silesia_data/silesia.tar
2025-04-19 12:24:18 0 sec: 0 operations;
2025-04-19 12:24:19 1 sec: 0 operations;
2025-04-19 12:24:20 2 sec: 0 operations;
2025-04-19 12:24:21 3 sec: 0 operations;
2025-04-19 12:24:22 4 sec: 0 operations;
2025-04-19 12:24:23 5 sec: 0 operations;
2025-04-19 12:24:24 6 sec: 0 operations;
2025-04-19 12:24:25 7 sec: 0 operations;
2025-04-19 12:24:26 8 sec: 0 operations;
2025-04-19 12:24:27 9 sec: 0 operations;
2025-04-19 12:24:28 10 sec: 0 operations;
2025-04-19 12:24:29 11 sec: 0 operations;
2025-04-19 12:24:30 12 sec: 0 operations;
2025-04-19 12:24:31 13 sec: 0 operations;
2025-04-19 12:24:32 14 sec: 0 operations;
2025-04-19 12:24:33 15 sec: 0 operations;
2025-04-19 12:24:34 16 sec: 0 operations;
2025-04-19 12:24:35 17 sec: 1877 operations; [READ: Count=912 Max=716.80 Min=6.38 Avg=110.28 10=48.77 25=78.21 50=93.82 75=130.05 90=184.96 95=196.35 99=235.52 99.9=398.85 99.99=716.80] [UPDATE: Count=965 Max=853.50 Min=12.10 Avg=117.54 10=55.33 25=85.12 50=98.05 75=140.93 90=190.97 95=202.11 99=244.48 99.9=347.39 99.99=853.50]
2025-04-19 12:24:36 18 sec: 10077 operations; [READ: Count=4979 Max=1268.73 Min=3.03 Avg=114.07 10=46.66 25=76.67 50=98.56 75=141.95 90=191.23 95=215.17 99=327.68 99.9=805.38 99.99=1268.73] [UPDATE: Count=5098 Max=2449.41 Min=8.13 Avg=125.17 10=54.78 25=84.42 50=109.25 75=152.70 90=200.70 95=228.22 99=365.82 99.9=1166.34 99.99=1837.06]
2025-04-19 12:24:37 19 sec: 17040 operations; [READ: Count=8440 Max=2034.69 Min=3.03 Avg=123.01 10=49.95 25=78.91 50=104.89 75=149.63 90=201.34 95=224.00 99=470.27 99.9=988.67 99.99=1268.73] [UPDATE: Count=8600 Max=2449.41 Min=8.13 Avg=134.70 10=58.21 25=86.46 50=115.01 75=159.23 90=211.46 95=240.25 99=621.57 99.9=1177.60 99.99=1837.06]
2025-04-19 12:24:38 20 sec: 24108 operations; [READ: Count=12025 Max=2066.43 Min=3.03 Avg=126.44 10=52.61 25=81.09 50=107.65 75=153.34 90=205.44 95=228.48 99=491.77 99.9=1016.32 99.99=2034.69] [UPDATE: Count=12083 Max=2449.41 Min=8.13 Avg=138.06 10=61.02 25=88.77 50=118.21 75=163.58 90=217.73 95=243.84 99=620.03 99.9=1174.53 99.99=1837.06]
2025-04-19 12:24:39 21 sec: 30632 operations; [READ: Count=15289 Max=2199.55 Min=3.03 Avg=130.22 10=53.73 25=82.69 50=109.44 75=155.65 90=208.25 95=234.88 99=577.02 99.9=1184.77 99.99=2049.02] [UPDATE: Count=15343 Max=2449.41 Min=8.13 Avg=142.71 10=63.30 25=90.69 50=120.77 75=167.17 90=222.08 95=250.75 99=688.13 99.9=1206.27 99.99=1889.28]
2025-04-19 12:24:40 22 sec: 36494 operations; [READ: Count=18164 Max=2199.55 Min=3.03 Avg=134.70 10=54.24 25=83.71 50=110.21 75=156.54 90=212.35 95=248.32 99=677.89 99.9=1160.19 99.99=2049.02] [UPDATE: Count=18330 Max=22347.78 Min=8.13 Avg=148.72 10=63.55 25=91.84 50=121.41 75=168.19 90=225.15 95=265.21 99=764.93 99.9=1291.26 99.99=2275.33]
2025-04-19 12:24:41 23 sec: 43869 operations; [READ: Count=21875 Max=2199.55 Min=3.03 Avg=133.43 10=54.24 25=85.12 50=110.33 75=156.54 90=211.71 95=242.05 99=642.05 99.9=1055.74 99.99=2049.02] [UPDATE: Count=21994 Max=22347.78 Min=8.13 Avg=147.56 10=63.77 25=93.25 50=121.66 75=168.06 90=224.64 95=260.35 99=740.35 99.9=1222.65 99.99=2275.33]
2025-04-19 12:24:42 24 sec: 51725 operations; [READ: Count=25771 Max=2199.55 Min=3.03 Avg=131.56 10=54.34 25=86.40 50=110.08 75=156.29 90=210.05 95=235.78 99=599.04 99.9=1016.32 99.99=2042.88] [UPDATE: Count=25954 Max=22347.78 Min=8.13 Avg=145.06 10=63.77 25=94.53 50=121.41 75=167.42 90=222.72 95=252.93 99=696.32 99.9=1193.98 99.99=1986.56]
2025-04-19 12:24:43 25 sec: 58377 operations; [READ: Count=29106 Max=2818.05 Min=3.03 Avg=133.02 10=54.46 25=86.53 50=110.40 75=156.29 90=210.56 95=238.21 99=634.37 99.9=1198.08 99.99=2049.02] [UPDATE: Count=29271 Max=22347.78 Min=8.13 Avg=146.05 10=63.94 25=94.72 50=121.73 75=167.55 90=222.72 95=255.36 99=724.99 99.9=1293.31 99.99=2449.41]
2025-04-19 12:24:44 26 sec: 66036 operations; [READ: Count=33013 Max=2818.05 Min=3.03 Avg=131.83 10=53.76 25=86.33 50=109.82 75=155.39 90=208.77 95=236.41 99=627.71 99.9=1193.98 99.99=2049.02] [UPDATE: Count=33023 Max=22347.78 Min=8.13 Avg=144.91 10=63.26 25=94.85 50=121.34 75=166.66 90=221.18 95=252.41 99=716.29 99.9=1314.82 99.99=2449.41]
2025-04-19 12:24:45 27 sec: 72811 operations; [READ: Count=36400 Max=2818.05 Min=3.03 Avg=132.39 10=53.50 25=85.82 50=110.02 75=155.39 90=208.51 95=237.95 99=656.89 99.9=1225.73 99.99=2066.43] [UPDATE: Count=36411 Max=22347.78 Min=8.13 Avg=145.85 10=63.04 25=94.40 50=121.60 75=166.91 90=221.44 95=255.23 99=736.25 99.9=1479.68 99.99=2465.79]
2025-04-19 12:24:46 28 sec: 79998 operations; [READ: Count=39992 Max=2818.05 Min=3.03 Avg=131.78 10=53.09 25=85.69 50=109.82 75=155.01 90=207.87 95=237.31 99=648.70 99.9=1205.25 99.99=2066.43] [UPDATE: Count=40006 Max=25772.03 Min=8.13 Avg=146.25 10=62.81 25=94.59 50=121.41 75=166.40 90=220.16 95=254.21 99=726.53 99.9=1479.68 99.99=4106.24]
2025-04-19 12:24:47 29 sec: 87829 operations; [READ: Count=43953 Max=2818.05 Min=3.03 Avg=130.83 10=53.18 25=86.02 50=110.27 75=155.26 90=207.23 95=235.26 99=621.57 99.9=1184.77 99.99=2066.43] [UPDATE: Count=43876 Max=25772.03 Min=8.13 Avg=144.99 10=62.85 25=94.97 50=121.73 75=166.53 90=219.52 95=250.88 99=698.37 99.9=1389.57 99.99=4106.24]
2025-04-19 12:24:48 30 sec: 95618 operations; [READ: Count=47832 Max=2818.05 Min=3.03 Avg=130.04 10=53.25 25=86.46 50=110.53 75=155.65 90=206.46 95=233.22 99=596.99 99.9=1161.21 99.99=2049.02] [UPDATE: Count=47786 Max=25772.03 Min=8.13 Avg=144.03 10=63.01 25=95.42 50=122.05 75=166.78 90=218.75 95=248.96 99=672.25 99.9=1314.82 99.99=2844.67]
2025-04-19 12:24:49 31 sec: 103709 operations; [READ: Count=51910 Max=2818.05 Min=3.03 Avg=129.04 10=53.18 25=86.59 50=110.53 75=155.26 90=205.31 95=231.17 99=573.44 99.9=1157.12 99.99=2049.02] [UPDATE: Count=51799 Max=25772.03 Min=8.13 Avg=142.76 10=62.85 25=95.42 50=122.05 75=166.53 90=217.47 95=246.53 99=646.65 99.9=1296.38 99.99=2844.67]
2025-04-19 12:24:50 32 sec: 110814 operations; [READ: Count=55548 Max=2818.05 Min=3.03 Avg=129.19 10=53.15 25=86.53 50=110.91 75=155.52 90=204.93 95=231.17 99=577.02 99.9=1169.41 99.99=2066.43] [UPDATE: Count=55266 Max=25772.03 Min=8.13 Avg=143.10 10=62.91 25=95.68 50=122.56 75=166.91 90=217.47 95=246.78 99=647.68 99.9=1314.82 99.99=2701.31]
2025-04-19 12:24:51 33 sec: 118436 operations; [READ: Count=59380 Max=2818.05 Min=3.03 Avg=128.58 10=52.51 25=84.48 50=110.46 75=154.62 90=203.52 95=230.40 99=590.34 99.9=1189.89 99.99=2351.10] [UPDATE: Count=59056 Max=25772.03 Min=8.13 Avg=142.93 10=62.11 25=93.76 50=122.11 75=166.01 90=216.32 95=246.66 99=674.30 99.9=1314.82 99.99=2844.67]
2025-04-19 12:24:52 34 sec: 123868 operations; [READ: Count=62135 Max=7618.56 Min=3.03 Avg=130.89 10=52.51 25=84.54 50=110.66 75=154.62 90=203.26 95=230.66 99=626.17 99.9=1619.97 99.99=4579.33] [UPDATE: Count=61733 Max=25772.03 Min=8.13 Avg=144.69 10=61.98 25=93.63 50=122.30 75=166.14 90=215.94 95=246.53 99=702.98 99.9=1626.11 99.99=7888.90]
2025-04-19 12:24:53 35 sec: 131430 operations; [READ: Count=65882 Max=7618.56 Min=3.03 Avg=130.69 10=52.48 25=84.61 50=110.72 75=154.62 90=202.50 95=230.01 99=623.62 99.9=1655.81 99.99=4521.98] [UPDATE: Count=65548 Max=25772.03 Min=8.13 Avg=144.18 10=61.85 25=93.38 50=122.24 75=165.89 90=214.91 95=245.25 99=695.29 99.9=1634.30 99.99=7856.13]
2025-04-19 12:24:54 36 sec: 138948 operations; [READ: Count=69687 Max=7618.56 Min=3.03 Avg=130.49 10=52.29 25=84.54 50=110.72 75=154.50 90=201.47 95=229.50 99=626.17 99.9=1666.05 99.99=4521.98] [UPDATE: Count=69261 Max=25772.03 Min=8.13 Avg=143.78 10=61.57 25=92.99 50=122.17 75=165.50 90=214.01 95=244.22 99=696.32 99.9=1678.34 99.99=7856.13]
2025-04-19 12:24:55 37 sec: 146739 operations; [READ: Count=73563 Max=7618.56 Min=3.03 Avg=130.00 10=51.94 25=83.97 50=110.53 75=154.11 90=200.45 95=228.86 99=628.22 99.9=1655.81 99.99=4521.98] [UPDATE: Count=73176 Max=25772.03 Min=8.13 Avg=143.21 10=61.22 25=92.48 50=122.05 75=165.12 90=212.86 95=243.33 99=698.37 99.9=1665.02 99.99=7856.13]
2025-04-19 12:24:56 38 sec: 154175 operations; [READ: Count=77339 Max=7618.56 Min=3.03 Avg=129.58 10=51.65 25=83.65 50=110.40 75=153.85 90=199.42 95=228.22 99=632.32 99.9=1655.81 99.99=4190.21] [UPDATE: Count=76836 Max=25772.03 Min=8.13 Avg=143.33 10=60.77 25=92.03 50=121.92 75=164.86 90=211.71 95=242.69 99=704.51 99.9=1691.65 99.99=7888.90]
2025-04-19 12:24:57 39 sec: 161281 operations; [READ: Count=80929 Max=7618.56 Min=3.02 Avg=129.07 10=51.45 25=83.33 50=110.46 75=153.73 90=198.40 95=227.71 99=626.17 99.9=1619.97 99.99=4190.21] [UPDATE: Count=80352 Max=28573.69 Min=8.13 Avg=144.13 10=60.61 25=92.03 50=121.98 75=164.86 90=211.07 95=242.18 99=707.07 99.9=1738.75 99.99=12771.33]
2025-04-19 12:24:58 40 sec: 170400 operations; [READ: Count=85493 Max=7618.56 Min=3.02 Avg=127.60 10=50.85 25=81.79 50=109.82 75=152.83 90=196.35 95=226.18 99=611.33 99.9=1595.39 99.99=3893.25] [UPDATE: Count=84907 Max=28573.69 Min=7.84 Avg=142.60 10=59.74 25=90.50 50=121.34 75=163.97 90=209.28 95=240.51 99=694.78 99.9=1714.17 99.99=12771.33]
2025-04-19 12:24:59 41 sec: 181478 operations; [READ: Count=90975 Max=7618.56 Min=2.87 Avg=124.84 10=48.90 25=75.45 50=107.97 75=150.91 90=192.90 95=224.38 99=606.21 99.9=1619.97 99.99=4521.98] [UPDATE: Count=90503 Max=28573.69 Min=7.84 Avg=139.74 10=57.50 25=85.25 50=119.17 75=162.05 90=206.21 95=238.97 99=695.29 99.9=1716.22 99.99=11042.82]
2025-04-19 12:25:00 42 sec: 192714 operations; [READ: Count=96602 Max=7618.56 Min=2.79 Avg=122.21 10=48.48 25=69.95 50=106.62 75=148.99 90=189.82 95=222.59 99=587.77 99.9=1586.17 99.99=4190.21] [UPDATE: Count=96112 Max=28573.69 Min=7.84 Avg=137.20 10=57.02 25=80.89 50=117.57 75=160.13 90=203.01 95=237.06 99=678.91 99.9=1716.22 99.99=10084.35]
2025-04-19 12:25:01 43 sec: 204073 operations; [READ: Count=102197 Max=7618.56 Min=2.79 Avg=119.98 10=48.00 25=66.30 50=105.47 75=147.07 90=186.62 95=220.67 99=577.53 99.9=1580.03 99.99=4190.21] [UPDATE: Count=101876 Max=28573.69 Min=7.84 Avg=134.65 10=56.35 25=77.31 50=116.16 75=158.08 90=199.68 95=235.13 99=668.16 99.9=1714.17 99.99=10084.35]
2025-04-19 12:25:02 44 sec: 216103 operations; [READ: Count=108233 Max=7618.56 Min=2.79 Avg=117.42 10=46.59 25=63.20 50=103.94 75=144.77 90=183.17 95=218.88 99=569.86 99.9=1568.77 99.99=3893.25] [UPDATE: Count=107870 Max=28573.69 Min=7.84 Avg=132.18 10=54.78 25=74.37 50=114.56 75=155.78 90=196.48 95=232.83 99=652.80 99.9=1716.22 99.99=11042.82]
2025-04-19 12:25:03 45 sec: 227336 operations; [READ: Count=113868 Max=7618.56 Min=2.79 Avg=115.68 10=46.37 25=61.89 50=103.23 75=142.72 90=180.22 95=217.47 99=556.03 99.9=1565.69 99.99=4190.21] [UPDATE: Count=113468 Max=28573.69 Min=7.84 Avg=130.28 10=54.43 25=72.96 50=113.73 75=153.73 90=194.05 95=231.04 99=639.49 99.9=1716.22 99.99=11042.82]
2025-04-19 12:25:04 46 sec: 239347 operations; [READ: Count=119955 Max=7618.56 Min=2.79 Avg=113.61 10=45.85 25=60.67 50=102.21 75=140.03 90=177.28 95=215.68 99=536.06 99.9=1546.24 99.99=3893.25] [UPDATE: Count=119392 Max=28573.69 Min=7.84 Avg=128.26 10=53.85 25=71.61 50=112.64 75=151.29 90=191.36 95=229.25 99=621.05 99.9=1714.17 99.99=10084.35]
2025-04-19 12:25:05 47 sec: 252106 operations; [READ: Count=126258 Max=7618.56 Min=2.79 Avg=111.59 10=45.12 25=59.42 50=100.93 75=136.70 90=174.59 95=213.50 99=522.75 99.9=1525.76 99.99=3846.14] [UPDATE: Count=125848 Max=28573.69 Min=7.84 Avg=125.86 10=52.93 25=70.14 50=111.17 75=148.35 90=188.80 95=227.07 99=598.53 99.9=1691.65 99.99=9830.40]
2025-04-19 12:25:06 48 sec: 264282 operations; [READ: Count=132414 Max=7618.56 Min=2.78 Avg=109.79 10=44.16 25=58.49 50=99.71 75=132.99 90=172.29 95=211.58 99=510.98 99.9=1546.24 99.99=3893.25] [UPDATE: Count=131868 Max=28573.69 Min=7.84 Avg=124.20 10=51.97 25=69.12 50=109.89 75=145.28 90=186.37 95=225.28 99=591.87 99.9=1705.98 99.99=9830.40]
2025-04-19 12:25:07 49 sec: 275980 operations; [READ: Count=138245 Max=7618.56 Min=2.78 Avg=108.46 10=43.62 25=58.14 50=99.07 75=129.53 90=170.62 95=209.92 99=498.18 99.9=1546.24 99.99=3846.14] [UPDATE: Count=137735 Max=28573.69 Min=7.84 Avg=122.77 10=51.45 25=68.73 50=109.25 75=142.59 90=184.45 95=223.49 99=576.00 99.9=1702.91 99.99=7888.90]
2025-04-19 12:25:08 50 sec: 288356 operations; [READ: Count=144394 Max=7618.56 Min=2.78 Avg=106.94 10=42.81 25=57.44 50=98.05 75=126.33 90=168.83 95=208.13 99=487.94 99.9=1555.45 99.99=3893.25] [UPDATE: Count=143962 Max=28573.69 Min=7.84 Avg=121.20 10=50.43 25=67.90 50=108.09 75=139.78 90=182.53 95=221.82 99=566.27 99.9=1702.91 99.99=9830.40]
2025-04-19 12:25:09 51 sec: 299951 operations; [READ: Count=150262 Max=7618.56 Min=2.78 Avg=105.78 10=42.17 25=57.22 50=97.41 75=124.22 90=167.42 95=206.46 99=470.78 99.9=1549.31 99.99=4288.51] [UPDATE: Count=149689 Max=28573.69 Min=7.84 Avg=120.14 10=49.92 25=67.71 50=107.45 75=137.73 90=180.99 95=220.29 99=551.42 99.9=1694.72 99.99=9117.69]
2025-04-19 12:25:10 52 sec: 312715 operations; [READ: Count=156615 Max=7618.56 Min=2.78 Avg=104.37 10=41.12 25=56.80 50=96.64 75=122.17 90=166.01 95=204.54 99=457.21 99.9=1521.66 99.99=4288.51] [UPDATE: Count=156100 Max=28573.69 Min=7.84 Avg=118.63 10=49.02 25=67.26 50=106.62 75=135.55 90=179.46 95=218.50 99=531.97 99.9=1678.34 99.99=8667.14]
2025-04-19 12:25:11 53 sec: 324699 operations; [READ: Count=162674 Max=7618.56 Min=2.78 Avg=103.29 10=39.94 25=56.61 50=95.94 75=120.83 90=164.86 95=202.75 99=443.90 99.9=1511.42 99.99=4288.51] [UPDATE: Count=162025 Max=28573.69 Min=7.84 Avg=117.56 10=48.00 25=67.01 50=105.86 75=134.14 90=178.05 95=216.70 99=522.24 99.9=1678.34 99.99=9117.69]
2025-04-19 12:25:12 54 sec: 336773 operations; [READ: Count=168667 Max=7618.56 Min=2.78 Avg=102.35 10=38.24 25=56.48 50=95.36 75=119.74 90=163.58 95=200.83 99=432.64 99.9=1509.38 99.99=4521.98] [UPDATE: Count=168106 Max=28573.69 Min=7.84 Avg=116.44 10=46.24 25=66.75 50=105.15 75=132.74 90=176.77 95=215.04 99=512.00 99.9=1665.02 99.99=8667.14]
2025-04-19 12:25:13 55 sec: 349540 operations; [READ: Count=175071 Max=7618.56 Min=2.78 Avg=101.16 10=30.19 25=56.22 50=94.46 75=118.66 90=162.56 95=198.78 99=412.67 99.9=1492.99 99.99=4370.43] [UPDATE: Count=174469 Max=28573.69 Min=7.84 Avg=115.27 10=42.88 25=66.50 50=104.32 75=131.46 90=175.49 95=213.25 99=495.62 99.9=1675.26 99.99=7888.90]
2025-04-19 12:25:14 56 sec: 364561 operations; [READ: Count=182600 Max=7618.56 Min=2.78 Avg=99.47 10=22.78 25=55.49 50=92.54 75=117.25 90=161.15 95=196.22 99=397.57 99.9=1466.37 99.99=4370.43] [UPDATE: Count=181961 Max=28573.69 Min=7.84 Avg=113.46 10=37.50 25=65.53 50=102.21 75=129.92 90=174.08 95=210.81 99=476.93 99.9=1652.73 99.99=7888.90]
2025-04-19 12:25:15 57 sec: 378127 operations; [READ: Count=189514 Max=7618.56 Min=2.78 Avg=98.25 10=19.57 25=55.17 50=91.52 75=116.22 90=160.00 95=193.92 99=378.62 99.9=1453.06 99.99=4288.51] [UPDATE: Count=188613 Max=28573.69 Min=7.84 Avg=112.26 10=33.98 25=65.18 50=101.25 75=128.83 90=172.80 95=208.77 99=457.98 99.9=1633.28 99.99=7856.13]
2025-04-19 12:25:16 58 sec: 391555 operations; [READ: Count=196172 Max=16211.97 Min=2.78 Avg=97.25 10=17.76 25=54.85 50=90.62 75=115.39 90=158.97 95=191.62 99=364.03 99.9=1438.72 99.99=4288.51] [UPDATE: Count=195383 Max=28573.69 Min=7.84 Avg=111.07 10=31.45 25=64.83 50=100.35 75=127.87 90=171.65 95=206.46 99=448.77 99.9=1617.92 99.99=7778.30]
2025-04-19 12:25:17 59 sec: 406055 operations; [READ: Count=203531 Max=16211.97 Min=2.57 Avg=96.02 10=16.32 25=54.43 50=89.15 75=114.56 90=157.95 95=189.57 99=341.25 99.9=1421.31 99.99=4288.51] [UPDATE: Count=202524 Max=28573.69 Min=7.82 Avg=109.72 10=29.55 25=64.35 50=98.94 75=126.85 90=170.50 95=204.16 99=433.41 99.9=1592.32 99.99=7778.30]
2025-04-19 12:25:18 60 sec: 419780 operations; [READ: Count=210423 Max=16211.97 Min=2.57 Avg=95.03 10=15.38 25=54.24 50=88.13 75=113.86 90=156.93 95=187.65 99=321.79 99.9=1367.04 99.99=4190.21] [UPDATE: Count=209357 Max=28573.69 Min=7.82 Avg=108.68 10=28.11 25=64.06 50=97.86 75=126.14 90=169.47 95=202.11 99=420.35 99.9=1570.82 99.99=7593.98]
2025-04-19 12:25:19 61 sec: 432907 operations; [READ: Count=216933 Max=16211.97 Min=2.37 Avg=94.24 10=14.83 25=54.05 50=87.04 75=113.34 90=156.03 95=185.73 99=309.76 99.9=1363.97 99.99=3893.25] [UPDATE: Count=215974 Max=28573.69 Min=7.82 Avg=107.84 10=27.36 25=63.87 50=96.70 75=125.50 90=168.57 95=200.19 99=412.42 99.9=1564.67 99.99=6852.61]
2025-04-19 12:25:20 62 sec: 445243 operations; [READ: Count=223077 Max=16211.97 Min=2.37 Avg=93.62 10=14.43 25=53.95 50=86.02 75=113.02 90=155.39 95=184.06 99=298.75 99.9=1350.65 99.99=4190.21] [UPDATE: Count=222166 Max=28573.69 Min=7.82 Avg=107.30 10=26.86 25=63.77 50=95.74 75=125.18 90=167.81 95=198.53 99=400.89 99.9=1570.82 99.99=7593.98]
2025-04-19 12:25:21 63 sec: 455067 operations; [READ: Count=228038 Max=16211.97 Min=2.37 Avg=93.57 10=14.21 25=53.92 50=85.12 75=112.83 90=154.88 95=182.78 99=294.14 99.9=1376.26 99.99=4579.33] [UPDATE: Count=227029 Max=28573.69 Min=7.82 Avg=107.36 10=26.54 25=63.71 50=95.04 75=124.93 90=167.17 95=197.25 99=396.03 99.9=1610.75 99.99=10084.35]
2025-04-19 12:25:22 64 sec: 468846 operations; [READ: Count=234909 Max=16211.97 Min=2.37 Avg=92.78 10=13.88 25=53.79 50=83.84 75=112.38 90=153.98 95=180.86 99=284.67 99.9=1355.78 99.99=4579.33] [UPDATE: Count=233937 Max=28573.69 Min=7.82 Avg=106.45 10=25.98 25=63.55 50=93.76 75=124.35 90=166.14 95=195.71 99=381.69 99.9=1576.96 99.99=10084.35]
2025-04-19 12:25:23 65 sec: 482476 operations; [READ: Count=241671 Max=16211.97 Min=2.37 Avg=92.07 10=13.57 25=53.70 50=82.37 75=112.00 90=153.22 95=179.07 99=279.55 99.9=1332.22 99.99=4579.33] [UPDATE: Count=240805 Max=28573.69 Min=7.82 Avg=105.62 10=25.55 25=63.39 50=92.48 75=123.90 90=165.25 95=194.30 99=369.41 99.9=1552.38 99.99=9830.40]
2025-04-19 12:25:24 66 sec: 495705 operations; [READ: Count=248306 Max=16211.97 Min=2.37 Avg=91.39 10=13.22 25=53.57 50=80.70 75=111.74 90=152.57 95=177.53 99=275.71 99.9=1323.01 99.99=4562.94] [UPDATE: Count=247399 Max=28573.69 Min=7.82 Avg=104.99 10=25.15 25=63.26 50=91.39 75=123.52 90=164.61 95=192.90 99=359.94 99.9=1540.10 99.99=9117.69]
2025-04-19 12:25:25 67 sec: 509771 operations; [READ: Count=255333 Max=16211.97 Min=2.37 Avg=90.65 10=12.81 25=53.41 50=78.97 75=111.36 90=151.68 95=176.00 99=271.87 99.9=1305.60 99.99=4534.27] [UPDATE: Count=254438 Max=28573.69 Min=7.82 Avg=104.18 10=24.64 25=63.04 50=90.24 75=123.07 90=163.71 95=191.23 99=347.90 99.9=1526.78 99.99=9830.40]
2025-04-19 12:25:26 68 sec: 523987 operations; [READ: Count=262345 Max=16211.97 Min=2.37 Avg=89.90 10=12.41 25=53.25 50=77.06 75=111.04 90=150.91 95=174.59 99=268.54 99.9=1283.07 99.99=4534.27] [UPDATE: Count=261642 Max=28573.69 Min=7.82 Avg=103.39 10=24.11 25=62.85 50=89.02 75=122.69 90=162.81 95=189.82 99=336.38 99.9=1512.45 99.99=9117.69]
2025-04-19 12:25:27 69 sec: 538314 operations; [READ: Count=269553 Max=16211.97 Min=2.37 Avg=89.17 10=12.03 25=53.05 50=75.14 75=110.72 90=150.14 95=173.18 99=265.47 99.9=1254.40 99.99=4521.98] [UPDATE: Count=268761 Max=28573.69 Min=7.82 Avg=102.64 10=23.71 25=62.66 50=87.81 75=122.30 90=162.05 95=188.41 99=325.12 99.9=1487.87 99.99=8667.14]
2025-04-19 12:25:28 70 sec: 552771 operations; [READ: Count=276765 Max=16211.97 Min=2.37 Avg=88.46 10=11.72 25=52.90 50=73.47 75=110.33 90=149.38 95=172.16 99=262.65 99.9=1238.02 99.99=4370.43] [UPDATE: Count=276006 Max=28573.69 Min=7.82 Avg=101.90 10=23.30 25=62.46 50=86.59 75=121.92 90=161.28 95=187.01 99=314.62 99.9=1482.75 99.99=7888.90]
2025-04-19 12:25:29 71 sec: 567881 operations; [READ: Count=284314 Max=16211.97 Min=2.37 Avg=87.68 10=11.40 25=52.61 50=71.94 75=109.95 90=148.48 95=171.01 99=260.99 99.9=1220.61 99.99=4370.43] [UPDATE: Count=283567 Max=28573.69 Min=7.82 Avg=101.08 10=22.83 25=62.11 50=85.38 75=121.47 90=160.38 95=185.73 99=308.48 99.9=1449.98 99.99=7888.90]
2025-04-19 12:25:30 72 sec: 585179 operations; [READ: Count=293043 Max=16211.97 Min=2.37 Avg=86.62 10=11.03 25=52.00 50=70.40 75=109.38 90=147.46 95=169.85 99=257.79 99.9=1198.08 99.99=4288.51] [UPDATE: Count=292136 Max=28573.69 Min=7.82 Avg=99.93 10=22.34 25=61.44 50=83.97 75=120.83 90=159.23 95=184.45 99=299.52 99.9=1428.48 99.99=7856.13]
2025-04-19 12:25:31 73 sec: 602285 operations; [READ: Count=301591 Max=16211.97 Min=2.37 Avg=85.66 10=10.73 25=51.45 50=69.31 75=108.86 90=146.30 95=168.57 99=255.36 99.9=1184.77 99.99=4190.21] [UPDATE: Count=300694 Max=28573.69 Min=7.82 Avg=98.86 10=21.86 25=60.80 50=82.69 75=120.19 90=158.21 95=183.04 99=293.12 99.9=1413.12 99.99=7778.30]
2025-04-19 12:25:32 74 sec: 617867 operations; [READ: Count=309332 Max=16211.97 Min=2.37 Avg=84.95 10=10.48 25=51.13 50=68.42 75=108.48 90=145.41 95=167.68 99=252.93 99.9=1178.62 99.99=3993.60] [UPDATE: Count=308535 Max=28573.69 Min=7.82 Avg=98.10 10=21.50 25=60.45 50=81.73 75=119.74 90=157.31 95=182.01 99=289.02 99.9=1401.86 99.99=7593.98]
2025-04-19 12:25:33 75 sec: 632633 operations; [READ: Count=316796 Max=16211.97 Min=2.37 Avg=84.38 10=10.30 25=51.01 50=67.78 75=108.22 90=144.64 95=166.91 99=250.75 99.9=1167.36 99.99=3893.25] [UPDATE: Count=315837 Max=28573.69 Min=7.82 Avg=97.52 10=21.26 25=60.29 50=81.02 75=119.55 90=156.41 95=181.12 99=286.46 99.9=1389.57 99.99=7077.89]
2025-04-19 12:25:34 76 sec: 647756 operations; [READ: Count=324404 Max=16211.97 Min=2.37 Avg=83.79 10=10.12 25=50.85 50=67.20 75=108.03 90=143.74 95=166.14 99=248.57 99.9=1158.14 99.99=3893.25] [UPDATE: Count=323352 Max=28573.69 Min=7.82 Avg=96.90 10=21.01 25=60.09 50=80.32 75=119.23 90=155.65 95=180.22 99=283.13 99.9=1369.09 99.99=7077.89]
2025-04-19 12:25:35 77 sec: 660975 operations; [READ: Count=331042 Max=16211.97 Min=2.37 Avg=83.35 10=10.04 25=50.72 50=66.81 75=107.90 90=143.10 95=165.50 99=247.04 99.9=1147.90 99.99=3860.48] [UPDATE: Count=329933 Max=28573.69 Min=7.82 Avg=96.71 10=20.88 25=59.97 50=79.81 75=119.04 90=155.01 95=179.58 99=280.83 99.9=1374.21 99.99=7888.90]
2025-04-19 12:25:36 78 sec: 674541 operations; [READ: Count=337819 Max=16211.97 Min=2.37 Avg=83.03 10=10.06 25=50.62 50=66.50 75=107.78 90=142.46 95=164.86 99=245.38 99.9=1143.81 99.99=3860.48] [UPDATE: Count=336722 Max=28573.69 Min=7.82 Avg=96.33 10=20.88 25=59.84 50=79.42 75=118.97 90=154.50 95=178.94 99=278.78 99.9=1372.16 99.99=7856.13]
2025-04-19 12:25:37 79 sec: 686531 operations; [READ: Count=343786 Max=16211.97 Min=2.37 Avg=82.85 10=10.08 25=50.56 50=66.24 75=107.71 90=141.82 95=164.35 99=244.22 99.9=1157.12 99.99=4288.51] [UPDATE: Count=342745 Max=28573.69 Min=7.82 Avg=96.25 10=20.88 25=59.74 50=79.17 75=118.85 90=153.98 95=178.43 99=278.01 99.9=1401.86 99.99=8912.90]
2025-04-19 12:25:38 80 sec: 700926 operations; [READ: Count=350905 Max=16211.97 Min=2.37 Avg=82.41 10=10.02 25=50.40 50=65.86 75=107.58 90=141.06 95=163.71 99=242.69 99.9=1147.90 99.99=4288.51] [UPDATE: Count=350021 Max=28573.69 Min=7.82 Avg=95.82 10=20.78 25=59.55 50=78.72 75=118.66 90=153.22 95=177.79 99=276.22 99.9=1395.71 99.99=8912.90]
2025-04-19 12:25:39 81 sec: 716071 operations; [READ: Count=358466 Max=16211.97 Min=2.37 Avg=81.90 10=9.88 25=50.21 50=65.47 75=107.39 90=140.16 95=163.20 99=241.15 99.9=1136.64 99.99=4190.21] [UPDATE: Count=357605 Max=28573.69 Min=7.82 Avg=95.30 10=20.57 25=59.36 50=78.27 75=118.46 90=152.57 95=177.15 99=273.92 99.9=1381.38 99.99=8667.14]
2025-04-19 12:25:40 82 sec: 730112 operations; [READ: Count=365534 Max=16211.97 Min=2.37 Avg=81.49 10=9.84 25=50.02 50=65.25 75=107.26 90=139.39 95=162.69 99=239.87 99.9=1130.49 99.99=4026.37] [UPDATE: Count=364578 Max=28573.69 Min=7.82 Avg=95.01 10=20.48 25=59.13 50=77.95 75=118.27 90=151.94 95=176.51 99=272.64 99.9=1381.38 99.99=9117.69]
2025-04-19 12:25:41 83 sec: 744235 operations; [READ: Count=372608 Max=16211.97 Min=2.37 Avg=81.13 10=9.85 25=49.89 50=65.09 75=107.20 90=138.62 95=162.18 99=238.59 99.9=1122.30 99.99=4026.37] [UPDATE: Count=371627 Max=28573.69 Min=7.82 Avg=94.67 10=20.46 25=59.01 50=77.76 75=118.21 90=151.42 95=176.00 99=271.62 99.9=1373.18 99.99=8667.14]
2025-04-19 12:25:42 84 sec: 758508 operations; [READ: Count=379792 Max=16211.97 Min=2.37 Avg=80.76 10=9.84 25=49.76 50=64.89 75=107.14 90=137.73 95=161.66 99=237.44 99.9=1105.92 99.99=3993.60] [UPDATE: Count=378716 Max=28573.69 Min=7.82 Avg=94.33 10=20.43 25=58.81 50=77.50 75=118.14 90=150.78 95=175.49 99=270.59 99.9=1368.06 99.99=8912.90]
2025-04-19 12:25:43 85 sec: 774244 operations; [READ: Count=387638 Max=16211.97 Min=2.37 Avg=80.26 10=9.81 25=49.57 50=64.51 75=106.94 90=136.70 95=161.15 99=236.54 99.9=1098.75 99.99=3893.25] [UPDATE: Count=386606 Max=28573.69 Min=7.82 Avg=93.81 10=20.34 25=58.62 50=76.93 75=117.95 90=150.01 95=174.97 99=268.80 99.9=1346.56 99.99=8667.14]
2025-04-19 12:25:44 86 sec: 796403 operations; [READ: Count=398720 Max=16211.97 Min=2.34 Avg=79.13 10=9.64 25=48.70 50=63.39 75=106.37 90=134.78 95=160.38 99=235.13 99.9=1086.46 99.99=3860.48] [UPDATE: Count=397683 Max=28573.69 Min=7.82 Avg=92.56 10=19.97 25=57.50 50=75.52 75=117.31 90=148.61 95=174.08 99=266.75 99.9=1333.25 99.99=8486.91]
2025-04-19 12:25:45 87 sec: 818723 operations; [READ: Count=409946 Max=16211.97 Min=2.34 Avg=78.03 10=9.45 25=47.58 50=62.40 75=105.86 90=132.99 95=159.74 99=234.37 99.9=1082.37 99.99=3846.14] [UPDATE: Count=408777 Max=28573.69 Min=7.71 Avg=91.39 10=19.57 25=56.16 50=74.30 75=116.67 90=147.07 95=173.31 99=265.73 99.9=1326.08 99.99=8486.91]
2025-04-19 12:25:46 88 sec: 842648 operations; [READ: Count=421838 Max=16211.97 Min=2.34 Avg=76.88 10=9.26 25=46.59 50=61.44 75=105.28 90=131.20 95=158.97 99=233.09 99.9=1076.22 99.99=3811.33] [UPDATE: Count=420810 Max=28573.69 Min=7.71 Avg=90.06 10=19.18 25=54.88 50=73.02 75=116.03 90=145.41 95=172.41 99=262.91 99.9=1311.74 99.99=7888.90]
2025-04-19 12:25:47 89 sec: 867251 operations; [READ: Count=434061 Max=16211.97 Min=2.34 Avg=75.72 10=9.06 25=45.60 50=60.54 75=104.64 90=129.41 95=158.21 99=231.94 99.9=1060.86 99.99=3809.28] [UPDATE: Count=433190 Max=28573.69 Min=7.71 Avg=88.75 10=18.78 25=53.60 50=71.87 75=115.33 90=143.87 95=171.65 99=260.99 99.9=1293.31 99.99=7856.13]
2025-04-19 12:25:48 90 sec: 892249 operations; [READ: Count=446570 Max=16211.97 Min=2.34 Avg=74.58 10=8.90 25=44.77 50=59.68 75=104.00 90=127.74 95=157.44 99=230.66 99.9=1045.50 99.99=3670.01] [UPDATE: Count=445679 Max=28573.69 Min=7.71 Avg=87.48 10=18.46 25=52.67 50=70.78 75=114.62 90=142.34 95=170.75 99=258.81 99.9=1271.81 99.99=7671.81]
2025-04-19 12:25:49 91 sec: 916539 operations; [READ: Count=458741 Max=16211.97 Min=2.10 Avg=73.57 10=8.83 25=44.19 50=59.01 75=103.42 90=126.33 95=156.67 99=229.50 99.9=1032.70 99.99=3637.25] [UPDATE: Count=457798 Max=28573.69 Min=7.71 Avg=86.34 10=18.22 25=51.94 50=69.89 75=113.98 90=140.80 95=169.85 99=256.77 99.9=1252.35 99.99=7614.46]
2025-04-19 12:25:50 92 sec: 939816 operations; [READ: Count=470503 Max=16211.97 Min=2.10 Avg=72.69 10=8.84 25=43.77 50=58.43 75=102.85 90=125.25 95=155.90 99=228.35 99.9=1020.41 99.99=3620.86] [UPDATE: Count=469313 Max=28573.69 Min=7.59 Avg=85.36 10=18.11 25=51.42 50=69.12 75=113.28 90=139.65 95=169.09 99=255.10 99.9=1222.65 99.99=7593.98]
2025-04-19 12:25:51 93 sec: 960405 operations; [READ: Count=480780 Max=16211.97 Min=2.10 Avg=72.05 10=8.87 25=43.39 50=58.11 75=102.27 90=124.35 95=155.39 99=227.97 99.9=1016.32 99.99=3604.48] [UPDATE: Count=479625 Max=28573.69 Min=7.59 Avg=84.66 10=18.09 25=51.01 50=68.67 75=112.70 90=138.62 95=168.45 99=253.82 99.9=1214.46 99.99=7593.98]
2025-04-19 12:25:52 94 sec: 979510 operations; [READ: Count=490245 Max=16211.97 Min=2.10 Avg=71.54 10=8.91 25=43.04 50=58.05 75=101.76 90=123.65 95=154.88 99=227.33 99.9=1012.74 99.99=3579.90] [UPDATE: Count=489265 Max=28573.69 Min=7.59 Avg=84.11 10=18.13 25=50.66 50=68.54 75=112.06 90=137.85 95=167.81 99=252.93 99.9=1211.39 99.99=7077.89]
2025-04-19 12:25:53 95 sec: 1000000 operations; [READ: Count=500528 Max=16211.97 Min=2.10 Avg=70.95 10=8.94 25=42.62 50=57.79 75=101.18 90=122.88 95=154.37 99=226.69 99.9=1008.64 99.99=3315.71] [UPDATE: Count=499472 Max=28573.69 Min=7.59 Avg=83.45 10=18.13 25=50.21 50=68.22 75=111.49 90=136.96 95=167.17 99=251.26 99.9=1193.98 99.99=6852.61]
2025-04-19 12:25:54 96 sec: 1000000 operations; [READ: Count=500528 Max=16211.97 Min=2.10 Avg=70.95 10=8.94 25=42.62 50=57.79 75=101.18 90=122.88 95=154.37 99=226.69 99.9=1008.64 99.99=3315.71] [UPDATE: Count=499472 Max=28573.69 Min=7.59 Avg=83.45 10=18.13 25=50.21 50=68.22 75=111.49 90=136.96 95=167.17 99=251.26 99.9=1193.98 99.99=6852.61]
2025-04-19 12:25:55 97 sec: 1000000 operations; [READ: Count=500528 Max=16211.97 Min=2.10 Avg=70.95 10=8.94 25=42.62 50=57.79 75=101.18 90=122.88 95=154.37 99=226.69 99.9=1008.64 99.99=3315.71] [UPDATE: Count=499472 Max=28573.69 Min=7.59 Avg=83.45 10=18.13 25=50.21 50=68.22 75=111.49 90=136.96 95=167.17 99=251.26 99.9=1193.98 99.99=6852.61]
2025-04-19 12:25:56 98 sec: 1000000 operations; [READ: Count=500528 Max=16211.97 Min=2.10 Avg=70.95 10=8.94 25=42.62 50=57.79 75=101.18 90=122.88 95=154.37 99=226.69 99.9=1008.64 99.99=3315.71] [UPDATE: Count=499472 Max=28573.69 Min=7.59 Avg=83.45 10=18.13 25=50.21 50=68.22 75=111.49 90=136.96 95=167.17 99=251.26 99.9=1193.98 99.99=6852.61]
2025-04-19 12:25:57 99 sec: 1000000 operations; [READ: Count=500528 Max=16211.97 Min=2.10 Avg=70.95 10=8.94 25=42.62 50=57.79 75=101.18 90=122.88 95=154.37 99=226.69 99.9=1008.64 99.99=3315.71] [UPDATE: Count=499472 Max=28573.69 Min=7.59 Avg=83.45 10=18.13 25=50.21 50=68.22 75=111.49 90=136.96 95=167.17 99=251.26 99.9=1193.98 99.99=6852.61]
2025-04-19 12:25:58 100 sec: 1000000 operations; [READ: Count=500528 Max=16211.97 Min=2.10 Avg=70.95 10=8.94 25=42.62 50=57.79 75=101.18 90=122.88 95=154.37 99=226.69 99.9=1008.64 99.99=3315.71] [UPDATE: Count=499472 Max=28573.69 Min=7.59 Avg=83.45 10=18.13 25=50.21 50=68.22 75=111.49 90=136.96 95=167.17 99=251.26 99.9=1193.98 99.99=6852.61]
2025-04-19 12:25:59 101 sec: 1000000 operations; [READ: Count=500528 Max=16211.97 Min=2.10 Avg=70.95 10=8.94 25=42.62 50=57.79 75=101.18 90=122.88 95=154.37 99=226.69 99.9=1008.64 99.99=3315.71] [UPDATE: Count=499472 Max=28573.69 Min=7.59 Avg=83.45 10=18.13 25=50.21 50=68.22 75=111.49 90=136.96 95=167.17 99=251.26 99.9=1193.98 99.99=6852.61]
2025-04-19 12:25:59 101 sec: 1000000 operations; [READ: Count=500528 Max=16211.97 Min=2.10 Avg=70.95 10=8.94 25=42.62 50=57.79 75=101.18 90=122.88 95=154.37 99=226.69 99.9=1008.64 99.99=3315.71] [UPDATE: Count=499472 Max=28573.69 Min=7.59 Avg=83.45 10=18.13 25=50.21 50=68.22 75=111.49 90=136.96 95=167.17 99=251.26 99.9=1193.98 99.99=6852.61]
Run runtime(sec): 101.233
Run operations(ops): 1000000
Run throughput(ops/sec): 9878.22
