Running scope as unit: run-rcd4eebf3887c407d85f76d8fea2043e5.scope
load file:/home/user/DataFiles/silesia_data/silesia.tar
2025-04-19 11:39:38 0 sec: 0 operations;
2025-04-19 11:39:39 1 sec: 85085 operations; [INSERT: Count=85085 Max=3627.01 Min=4.06 Avg=8.29 10=5.50 25=6.29 50=7.66 75=9.66 90=11.64 95=12.84 99=15.42 99.9=26.09 99.99=101.63]
2025-04-19 11:39:40 2 sec: 166600 operations; [INSERT: Count=166600 Max=3627.01 Min=4.06 Avg=8.64 10=5.76 25=6.61 50=8.04 75=10.09 90=12.10 95=13.32 99=16.02 99.9=31.33 99.99=101.31]
2025-04-19 11:39:41 3 sec: 244382 operations; [INSERT: Count=244382 Max=12484.61 Min=4.06 Avg=8.93 10=5.92 25=6.82 50=8.28 75=10.34 90=12.38 95=13.65 99=16.51 99.9=36.09 99.99=104.19]
2025-04-19 11:39:42 4 sec: 323294 operations; [INSERT: Count=323294 Max=12484.61 Min=4.06 Avg=9.05 10=6.04 25=6.93 50=8.41 75=10.48 90=12.53 95=13.79 99=16.64 99.9=39.36 99.99=104.19]
2025-04-19 11:39:43 5 sec: 401322 operations; [INSERT: Count=401322 Max=12484.61 Min=4.06 Avg=9.14 10=6.13 25=7.04 50=8.52 75=10.60 90=12.64 95=13.90 99=16.78 99.9=39.01 99.99=104.19]
2025-04-19 11:39:44 6 sec: 484081 operations; [INSERT: Count=484081 Max=12484.61 Min=3.95 Avg=9.09 10=6.05 25=6.99 50=8.48 75=10.54 90=12.57 95=13.85 99=16.73 99.9=41.38 99.99=108.42]
2025-04-19 11:39:45 7 sec: 569342 operations; [INSERT: Count=569342 Max=12484.61 Min=3.95 Avg=9.00 10=6.00 25=6.91 50=8.39 75=10.45 90=12.47 95=13.73 99=16.61 99.9=38.98 99.99=109.95]
2025-04-19 11:39:46 8 sec: 650619 operations; [INSERT: Count=650619 Max=12484.61 Min=3.95 Avg=9.00 10=6.01 25=6.91 50=8.38 75=10.44 90=12.46 95=13.72 99=16.59 99.9=38.37 99.99=112.89]
2025-04-19 11:39:47 9 sec: 730623 operations; [INSERT: Count=730623 Max=12484.61 Min=3.95 Avg=9.02 10=6.05 25=6.94 50=8.41 75=10.46 90=12.48 95=13.73 99=16.62 99.9=40.00 99.99=113.98]
2025-04-19 11:39:48 10 sec: 807899 operations; [INSERT: Count=807899 Max=12484.61 Min=3.95 Avg=9.09 10=6.08 25=6.97 50=8.44 75=10.49 90=12.49 95=13.75 99=16.72 99.9=81.22 99.99=125.63]
2025-04-19 11:39:49 11 sec: 883051 operations; [INSERT: Count=883051 Max=12484.61 Min=3.95 Avg=9.16 10=6.12 25=7.02 50=8.48 75=10.53 90=12.54 95=13.80 99=16.91 99.9=98.69 99.99=128.06]
2025-04-19 11:39:50 12 sec: 957259 operations; [INSERT: Count=957259 Max=12484.61 Min=3.95 Avg=9.21 10=6.12 25=7.01 50=8.48 75=10.54 90=12.55 95=13.83 99=17.05 99.9=104.06 99.99=136.06]
2025-04-19 11:39:51 13 sec: 1000000 operations; [INSERT: Count=1000000 Max=12484.61 Min=3.95 Avg=9.21 10=6.11 25=7.00 50=8.46 75=10.52 90=12.54 95=13.81 99=17.09 99.9=105.98 99.99=136.57]
2025-04-19 11:39:52 14 sec: 1000000 operations; [INSERT: Count=1000000 Max=12484.61 Min=3.95 Avg=9.21 10=6.11 25=7.00 50=8.46 75=10.52 90=12.54 95=13.81 99=17.09 99.9=105.98 99.99=136.57]
2025-04-19 11:39:53 15 sec: 1000000 operations; [INSERT: Count=1000000 Max=12484.61 Min=3.95 Avg=9.21 10=6.11 25=7.00 50=8.46 75=10.52 90=12.54 95=13.81 99=17.09 99.9=105.98 99.99=136.57]
2025-04-19 11:39:54 16 sec: 1000000 operations; [INSERT: Count=1000000 Max=12484.61 Min=3.95 Avg=9.21 10=6.11 25=7.00 50=8.46 75=10.52 90=12.54 95=13.81 99=17.09 99.9=105.98 99.99=136.57]
2025-04-19 11:39:55 17 sec: 1000000 operations; [INSERT: Count=1000000 Max=12484.61 Min=3.95 Avg=9.21 10=6.11 25=7.00 50=8.46 75=10.52 90=12.54 95=13.81 99=17.09 99.9=105.98 99.99=136.57]
2025-04-19 11:39:56 18 sec: 1000000 operations; [INSERT: Count=1000000 Max=12484.61 Min=3.95 Avg=9.21 10=6.11 25=7.00 50=8.46 75=10.52 90=12.54 95=13.81 99=17.09 99.9=105.98 99.99=136.57]
2025-04-19 11:39:57 19 sec: 1000000 operations; [INSERT: Count=1000000 Max=12484.61 Min=3.95 Avg=9.21 10=6.11 25=7.00 50=8.46 75=10.52 90=12.54 95=13.81 99=17.09 99.9=105.98 99.99=136.57]
2025-04-19 11:39:58 20 sec: 1000000 operations; [INSERT: Count=1000000 Max=12484.61 Min=3.95 Avg=9.21 10=6.11 25=7.00 50=8.46 75=10.52 90=12.54 95=13.81 99=17.09 99.9=105.98 99.99=136.57]
2025-04-19 11:39:59 21 sec: 1000000 operations; [INSERT: Count=1000000 Max=12484.61 Min=3.95 Avg=9.21 10=6.11 25=7.00 50=8.46 75=10.52 90=12.54 95=13.81 99=17.09 99.9=105.98 99.99=136.57]
2025-04-19 11:40:00 22 sec: 1000000 operations; [INSERT: Count=1000000 Max=12484.61 Min=3.95 Avg=9.21 10=6.11 25=7.00 50=8.46 75=10.52 90=12.54 95=13.81 99=17.09 99.9=105.98 99.99=136.57]
2025-04-19 11:40:01 23 sec: 1000000 operations; [INSERT: Count=1000000 Max=12484.61 Min=3.95 Avg=9.21 10=6.11 25=7.00 50=8.46 75=10.52 90=12.54 95=13.81 99=17.09 99.9=105.98 99.99=136.57]
2025-04-19 11:40:01 23 sec: 1000000 operations; [INSERT: Count=1000000 Max=12484.61 Min=3.95 Avg=9.21 10=6.11 25=7.00 50=8.46 75=10.52 90=12.54 95=13.81 99=17.09 99.9=105.98 99.99=136.57]
Load runtime(sec): 23.2352
Load operations(ops): 1000000
Load throughput(ops/sec): 43038.2
