Running scope as unit: run-r6c8a0c6215a347d795d6f335d234c85e.scope
load file:/home/user/DataFiles/silesia_data/silesia.tar
2025-04-22 06:14:36 0 sec: 0 operations;
2025-04-22 06:14:37 1 sec: 51048 operations; [INSERT: Count=51048 Max=2856.96 Min=4.50 Avg=15.33 10=7.50 25=9.86 50=13.40 75=19.10 90=25.07 95=28.80 99=37.34 99.9=78.78 99.99=223.49]
2025-04-22 06:14:38 2 sec: 102732 operations; [INSERT: Count=102732 Max=2856.96 Min=4.50 Avg=15.68 10=8.38 25=10.51 50=13.95 75=19.30 90=24.83 95=28.22 99=35.81 99.9=72.32 99.99=214.27]
2025-04-22 06:14:39 3 sec: 153253 operations; [INSERT: Count=153253 Max=2856.96 Min=4.50 Avg=15.93 10=8.75 25=10.85 50=14.26 75=19.57 90=24.96 95=28.25 99=35.58 99.9=69.12 99.99=211.84]
2025-04-22 06:14:40 4 sec: 202868 operations; [INSERT: Count=202868 Max=2856.96 Min=4.50 Avg=16.14 10=8.98 25=11.07 50=14.49 75=19.79 90=25.14 95=28.38 99=35.52 99.9=67.52 99.99=211.84]
2025-04-22 06:14:41 5 sec: 252514 operations; [INSERT: Count=252514 Max=2856.96 Min=4.50 Avg=16.26 10=9.15 25=11.24 50=14.66 75=19.92 90=25.18 95=28.41 99=35.36 99.9=60.86 99.99=212.99]
2025-04-22 06:14:42 6 sec: 300777 operations; [INSERT: Count=300777 Max=14712.83 Min=4.50 Avg=16.44 10=9.29 25=11.38 50=14.78 75=20.03 90=25.30 95=28.53 99=35.58 99.9=63.62 99.99=214.40]
2025-04-22 06:14:43 7 sec: 350447 operations; [INSERT: Count=350447 Max=14712.83 Min=4.50 Avg=16.48 10=9.40 25=11.47 50=14.85 75=20.06 90=25.28 95=28.48 99=35.39 99.9=62.37 99.99=212.99]
2025-04-22 06:14:44 8 sec: 399776 operations; [INSERT: Count=399776 Max=14712.83 Min=4.50 Avg=16.53 10=9.49 25=11.54 50=14.91 75=20.11 90=25.30 95=28.46 99=35.33 99.9=63.01 99.99=212.22]
2025-04-22 06:14:45 9 sec: 447635 operations; [INSERT: Count=447635 Max=14712.83 Min=4.50 Avg=16.64 10=9.58 25=11.64 50=15.02 75=20.22 90=25.42 95=28.62 99=35.55 99.9=62.37 99.99=212.99]
2025-04-22 06:14:46 10 sec: 480033 operations; [INSERT: Count=480033 Max=14712.83 Min=4.50 Avg=17.37 10=9.67 25=11.79 50=15.38 75=20.93 90=26.66 95=30.69 99=44.29 99.9=83.90 99.99=217.60]
2025-04-22 06:14:47 11 sec: 507187 operations; [INSERT: Count=507187 Max=14712.83 Min=4.50 Avg=18.22 10=9.77 25=11.97 50=15.80 75=21.77 90=28.29 95=33.85 99=54.40 99.9=91.52 99.99=224.90]
2025-04-22 06:14:48 12 sec: 533562 operations; [INSERT: Count=533562 Max=15343.61 Min=4.50 Avg=19.00 10=9.85 25=12.13 50=16.19 75=22.51 90=29.82 95=36.96 99=58.08 99.9=94.78 99.99=238.46]
2025-04-22 06:14:49 13 sec: 570071 operations; [INSERT: Count=570071 Max=26247.17 Min=4.50 Avg=19.34 10=9.92 25=12.24 50=16.40 75=22.82 90=30.41 95=37.85 99=58.56 99.9=103.74 99.99=256.13]
2025-04-22 06:14:50 14 sec: 618099 operations; [INSERT: Count=618099 Max=26247.17 Min=4.50 Avg=19.19 10=9.90 25=12.18 50=16.29 75=22.66 90=30.08 95=37.18 99=57.95 99.9=116.80 99.99=264.45]
2025-04-22 06:14:51 15 sec: 658962 operations; [INSERT: Count=658962 Max=26247.17 Min=4.50 Avg=19.31 10=9.96 25=12.26 50=16.41 75=22.85 90=30.38 95=37.50 99=57.73 99.9=111.81 99.99=263.17]
2025-04-22 06:14:52 16 sec: 688336 operations; [INSERT: Count=688336 Max=26247.17 Min=4.50 Avg=19.79 10=10.03 25=12.40 50=16.73 75=23.42 90=31.63 95=39.62 99=59.55 99.9=109.63 99.99=264.45]
2025-04-22 06:14:53 17 sec: 718588 operations; [INSERT: Count=718588 Max=26247.17 Min=4.50 Avg=20.21 10=10.11 25=12.54 50=17.04 75=23.93 90=32.77 95=41.25 99=60.64 99.9=108.16 99.99=268.03]
2025-04-22 06:14:54 18 sec: 752336 operations; [INSERT: Count=752336 Max=26247.17 Min=4.50 Avg=20.48 10=10.18 25=12.65 50=17.26 75=24.27 90=33.41 95=41.92 99=60.96 99.9=118.66 99.99=284.67]
2025-04-22 06:14:55 19 sec: 801492 operations; [INSERT: Count=801492 Max=26247.17 Min=4.50 Avg=20.26 10=10.12 25=12.54 50=17.05 75=23.97 90=32.90 95=41.25 99=60.45 99.9=129.85 99.99=305.41]
2025-04-22 06:14:56 20 sec: 852531 operations; [INSERT: Count=852531 Max=26247.17 Min=4.50 Avg=20.02 10=10.10 25=12.46 50=16.88 75=23.68 90=32.30 95=40.51 99=59.87 99.9=128.38 99.99=302.59]
2025-04-22 06:14:57 21 sec: 898101 operations; [INSERT: Count=898101 Max=26247.17 Min=4.50 Avg=19.95 10=10.12 25=12.47 50=16.86 75=23.61 90=32.06 95=40.03 99=59.33 99.9=120.38 99.99=292.10]
2025-04-22 06:14:58 22 sec: 932684 operations; [INSERT: Count=932684 Max=26247.17 Min=4.50 Avg=20.15 10=10.17 25=12.56 50=17.04 75=23.90 90=32.62 95=40.64 99=59.45 99.9=119.74 99.99=290.81]
2025-04-22 06:14:59 23 sec: 968834 operations; [INSERT: Count=968834 Max=26247.17 Min=4.50 Avg=20.31 10=10.21 25=12.63 50=17.17 75=24.09 90=32.99 95=40.93 99=59.42 99.9=145.41 99.99=294.14]
2025-04-22 06:15:00 24 sec: 1000000 operations; [INSERT: Count=1000000 Max=26247.17 Min=4.50 Avg=20.20 10=10.14 25=12.57 50=17.07 75=23.98 90=32.77 95=40.67 99=59.20 99.9=157.18 99.99=302.59]
2025-04-22 06:15:01 24 sec: 1000000 operations; [INSERT: Count=1000000 Max=26247.17 Min=4.50 Avg=20.20 10=10.14 25=12.57 50=17.07 75=23.98 90=32.77 95=40.67 99=59.20 99.9=157.18 99.99=302.59]
Load runtime(sec): 24.4689
Load operations(ops): 1000000
Load throughput(ops/sec): 40868.2
