Running scope as unit: run-r5a07afc1c53f464a801a5a9914760843.scope
load file:/home/user/DataFiles/silesia_data/silesia.tar
2025-04-21 14:25:41 0 sec: 0 operations;
2025-04-21 14:25:42 1 sec: 30769 operations; [INSERT: Count=30769 Max=11231.23 Min=6.36 Avg=25.73 10=13.72 25=17.38 50=23.04 75=31.12 90=40.03 95=45.50 99=56.77 99.9=77.76 99.99=324.35]
2025-04-21 14:25:43 2 sec: 63819 operations; [INSERT: Count=63819 Max=11231.23 Min=6.09 Avg=25.61 10=13.88 25=17.50 50=23.21 75=31.26 90=39.90 95=45.28 99=56.09 99.9=72.89 99.99=315.90]
2025-04-21 14:25:44 3 sec: 97427 operations; [INSERT: Count=97427 Max=11231.23 Min=6.09 Avg=25.41 10=13.89 25=17.50 50=23.14 75=31.04 90=39.55 95=44.80 99=55.62 99.9=72.45 99.99=313.09]
2025-04-21 14:25:45 4 sec: 131372 operations; [INSERT: Count=131372 Max=11231.23 Min=6.09 Avg=25.24 10=13.90 25=17.47 50=23.02 75=30.83 90=39.17 95=44.38 99=55.04 99.9=72.00 99.99=310.27]
2025-04-21 14:25:46 5 sec: 165538 operations; [INSERT: Count=165538 Max=11231.23 Min=5.64 Avg=25.09 10=13.88 25=17.44 50=22.94 75=30.64 90=38.85 95=44.03 99=54.69 99.9=72.45 99.99=314.11]
2025-04-21 14:25:47 6 sec: 202238 operations; [INSERT: Count=202238 Max=18776.06 Min=5.64 Avg=24.66 10=13.45 25=16.94 50=22.34 75=29.87 90=38.05 95=43.30 99=54.85 99.9=112.45 99.99=320.00]
2025-04-21 14:25:48 7 sec: 240298 operations; [INSERT: Count=240298 Max=18776.06 Min=5.64 Avg=24.18 10=13.20 25=16.66 50=21.93 75=29.26 90=37.31 95=42.53 99=53.85 99.9=106.17 99.99=318.72]
2025-04-21 14:25:49 8 sec: 278227 operations; [INSERT: Count=278227 Max=18776.06 Min=5.64 Avg=23.85 10=13.05 25=16.45 50=21.66 75=28.85 90=36.73 95=41.95 99=53.15 99.9=103.68 99.99=313.09]
2025-04-21 14:25:50 9 sec: 316138 operations; [INSERT: Count=316138 Max=18776.06 Min=5.64 Avg=23.61 10=12.97 25=16.32 50=21.47 75=28.53 90=36.29 95=41.44 99=52.58 99.9=101.76 99.99=310.27]
2025-04-21 14:25:51 10 sec: 352277 operations; [INSERT: Count=352277 Max=18776.06 Min=5.64 Avg=23.55 10=12.96 25=16.30 50=21.45 75=28.46 90=36.16 95=41.28 99=52.32 99.9=97.09 99.99=321.28]
2025-04-21 14:25:52 11 sec: 382298 operations; [INSERT: Count=382298 Max=18776.06 Min=5.64 Avg=23.94 10=13.04 25=16.43 50=21.68 75=28.86 90=36.86 95=42.27 99=54.78 99.9=117.82 99.99=332.80]
2025-04-21 14:25:53 12 sec: 412054 operations; [INSERT: Count=412054 Max=18776.06 Min=5.64 Avg=24.29 10=13.13 25=16.59 50=21.97 75=29.33 90=37.60 95=43.23 99=56.54 99.9=115.84 99.99=346.37]
2025-04-21 14:25:54 13 sec: 440027 operations; [INSERT: Count=440027 Max=18776.06 Min=5.64 Avg=24.71 10=13.24 25=16.77 50=22.29 75=29.89 90=38.43 95=44.38 99=58.78 99.9=112.45 99.99=378.11]
2025-04-21 14:25:55 14 sec: 468188 operations; [INSERT: Count=468188 Max=18776.06 Min=5.39 Avg=25.07 10=13.28 25=16.88 50=22.53 75=30.29 90=39.13 95=45.34 99=60.61 99.9=115.65 99.99=422.40]
2025-04-21 14:25:56 15 sec: 495523 operations; [INSERT: Count=495523 Max=18776.06 Min=5.39 Avg=25.44 10=13.34 25=16.99 50=22.77 75=30.75 90=39.90 95=46.49 99=62.85 99.9=115.45 99.99=440.57]
2025-04-21 14:25:57 16 sec: 521633 operations; [INSERT: Count=521633 Max=18776.06 Min=5.39 Avg=25.84 10=13.38 25=17.09 50=22.96 75=31.18 90=40.73 95=47.87 99=66.17 99.9=127.30 99.99=445.44]
2025-04-21 14:25:58 17 sec: 548383 operations; [INSERT: Count=548383 Max=18776.06 Min=5.39 Avg=26.17 10=13.43 25=17.17 50=23.15 75=31.57 90=41.50 95=48.99 99=68.67 99.9=127.36 99.99=441.60]
2025-04-21 14:25:59 18 sec: 578941 operations; [INSERT: Count=578941 Max=18776.06 Min=5.39 Avg=26.25 10=13.41 25=17.15 50=23.17 75=31.70 90=41.79 95=49.38 99=69.44 99.9=126.85 99.99=445.44]
2025-04-21 14:26:00 19 sec: 607567 operations; [INSERT: Count=607567 Max=23986.17 Min=5.39 Avg=26.43 10=13.43 25=17.18 50=23.25 75=31.89 90=42.14 95=49.92 99=70.33 99.9=126.14 99.99=447.49]
2025-04-21 14:26:01 20 sec: 637777 operations; [INSERT: Count=637777 Max=23986.17 Min=5.39 Avg=26.52 10=13.43 25=17.18 50=23.28 75=32.00 90=42.37 95=50.24 99=70.72 99.9=124.54 99.99=441.60]
2025-04-21 14:26:02 21 sec: 678657 operations; [INSERT: Count=678657 Max=23986.17 Min=5.39 Avg=26.18 10=13.10 25=16.83 50=22.91 75=31.60 90=41.95 95=49.82 99=70.14 99.9=122.75 99.99=441.60]
2025-04-21 14:26:03 22 sec: 715211 operations; [INSERT: Count=715211 Max=23986.17 Min=5.39 Avg=26.00 10=12.97 25=16.67 50=22.70 75=31.39 90=41.79 95=49.66 99=70.27 99.9=125.57 99.99=441.34]
2025-04-21 14:26:04 23 sec: 744157 operations; [INSERT: Count=744157 Max=23986.17 Min=5.39 Avg=26.15 10=13.02 25=16.72 50=22.82 75=31.57 90=42.08 95=50.11 99=71.49 99.9=128.00 99.99=441.60]
2025-04-21 14:26:05 24 sec: 767682 operations; [INSERT: Count=767682 Max=28065.79 Min=5.39 Avg=26.50 10=12.99 25=16.69 50=22.77 75=31.55 90=42.14 95=50.34 99=72.51 99.9=139.90 99.99=586.24]
2025-04-21 14:26:06 25 sec: 783641 operations; [INSERT: Count=783641 Max=28065.79 Min=5.39 Avg=27.06 10=12.94 25=16.62 50=22.69 75=31.47 90=42.14 95=50.43 99=73.53 99.9=153.47 99.99=1166.34]
2025-04-21 14:26:07 26 sec: 819619 operations; [INSERT: Count=819619 Max=28065.79 Min=5.39 Avg=26.87 10=12.70 25=16.32 50=22.34 75=31.12 90=41.82 95=50.14 99=73.86 99.9=160.00 99.99=1296.38]
2025-04-21 14:26:08 27 sec: 864976 operations; [INSERT: Count=864976 Max=28065.79 Min=5.39 Avg=26.37 10=12.27 25=15.81 50=21.76 75=30.57 90=41.31 95=49.70 99=74.24 99.9=167.17 99.99=1241.09]
2025-04-21 14:26:09 28 sec: 923605 operations; [INSERT: Count=923605 Max=28065.79 Min=3.93 Avg=25.50 10=11.19 25=14.89 50=20.93 75=29.86 90=40.70 95=49.15 99=74.43 99.9=181.25 99.99=1241.09]
2025-04-21 14:26:10 29 sec: 1000000 operations; [INSERT: Count=1000000 Max=28065.79 Min=3.93 Avg=24.21 10=9.08 25=13.52 50=19.86 75=28.89 90=39.90 95=48.38 99=73.53 99.9=184.57 99.99=1119.23]
2025-04-21 14:26:11 30 sec: 1000000 operations; [INSERT: Count=1000000 Max=28065.79 Min=3.93 Avg=24.21 10=9.08 25=13.52 50=19.86 75=28.89 90=39.90 95=48.38 99=73.53 99.9=184.57 99.99=1119.23]
2025-04-21 14:26:12 31 sec: 1000000 operations; [INSERT: Count=1000000 Max=28065.79 Min=3.93 Avg=24.21 10=9.08 25=13.52 50=19.86 75=28.89 90=39.90 95=48.38 99=73.53 99.9=184.57 99.99=1119.23]
2025-04-21 14:26:13 32 sec: 1000000 operations; [INSERT: Count=1000000 Max=28065.79 Min=3.93 Avg=24.21 10=9.08 25=13.52 50=19.86 75=28.89 90=39.90 95=48.38 99=73.53 99.9=184.57 99.99=1119.23]
2025-04-21 14:26:14 33 sec: 1000000 operations; [INSERT: Count=1000000 Max=28065.79 Min=3.93 Avg=24.21 10=9.08 25=13.52 50=19.86 75=28.89 90=39.90 95=48.38 99=73.53 99.9=184.57 99.99=1119.23]
2025-04-21 14:26:15 34 sec: 1000000 operations; [INSERT: Count=1000000 Max=28065.79 Min=3.93 Avg=24.21 10=9.08 25=13.52 50=19.86 75=28.89 90=39.90 95=48.38 99=73.53 99.9=184.57 99.99=1119.23]
2025-04-21 14:26:16 35 sec: 1000000 operations; [INSERT: Count=1000000 Max=28065.79 Min=3.93 Avg=24.21 10=9.08 25=13.52 50=19.86 75=28.89 90=39.90 95=48.38 99=73.53 99.9=184.57 99.99=1119.23]
2025-04-21 14:26:17 36 sec: 1000000 operations; [INSERT: Count=1000000 Max=28065.79 Min=3.93 Avg=24.21 10=9.08 25=13.52 50=19.86 75=28.89 90=39.90 95=48.38 99=73.53 99.9=184.57 99.99=1119.23]
2025-04-21 14:26:18 37 sec: 1000000 operations; [INSERT: Count=1000000 Max=28065.79 Min=3.93 Avg=24.21 10=9.08 25=13.52 50=19.86 75=28.89 90=39.90 95=48.38 99=73.53 99.9=184.57 99.99=1119.23]
2025-04-21 14:26:19 38 sec: 1000000 operations; [INSERT: Count=1000000 Max=28065.79 Min=3.93 Avg=24.21 10=9.08 25=13.52 50=19.86 75=28.89 90=39.90 95=48.38 99=73.53 99.9=184.57 99.99=1119.23]
2025-04-21 14:26:20 39 sec: 1000000 operations; [INSERT: Count=1000000 Max=28065.79 Min=3.93 Avg=24.21 10=9.08 25=13.52 50=19.86 75=28.89 90=39.90 95=48.38 99=73.53 99.9=184.57 99.99=1119.23]
2025-04-21 14:26:21 39 sec: 1000000 operations; [INSERT: Count=1000000 Max=28065.79 Min=3.93 Avg=24.21 10=9.08 25=13.52 50=19.86 75=28.89 90=39.90 95=48.38 99=73.53 99.9=184.57 99.99=1119.23]
Load runtime(sec): 39.7234
Load operations(ops): 1000000
Load throughput(ops/sec): 25174.1
