Running scope as unit: run-r22b3b806ab434b4caab9084b784d1367.scope
load file:/home/user/DataFiles/silesia_data/silesia.tar
2025-04-21 21:00:53 0 sec: 0 operations;
2025-04-21 21:00:54 1 sec: 0 operations;
2025-04-21 21:00:55 2 sec: 0 operations;
2025-04-21 21:00:56 3 sec: 0 operations;
2025-04-21 21:00:57 4 sec: 0 operations;
2025-04-21 21:00:58 5 sec: 0 operations;
2025-04-21 21:00:59 6 sec: 0 operations;
2025-04-21 21:01:00 7 sec: 3868 operations; [READ: Count=1907 Max=2084.86 Min=4.71 Avg=140.94 10=21.87 25=27.47 50=38.91 75=123.97 90=421.63 95=710.14 99=1075.20 99.9=1551.36 99.99=2084.86] [UPDATE: Count=1961 Max=11960.32 Min=19.26 Avg=180.21 10=33.63 25=42.40 50=59.68 75=142.34 90=451.07 95=722.94 99=1396.73 99.9=7659.52 99.99=11960.32]
2025-04-21 21:01:01 8 sec: 8344 operations; [READ: Count=4194 Max=2308.09 Min=4.71 Avg=162.05 10=22.08 25=28.35 50=41.05 75=125.18 90=505.09 95=832.51 99=1558.53 99.9=2236.41 99.99=2308.09] [UPDATE: Count=4150 Max=16941.06 Min=15.77 Avg=225.88 10=34.24 25=43.65 50=62.21 75=147.84 90=542.21 95=880.13 99=1933.31 99.9=11665.41 99.99=16941.06]
2025-04-21 21:01:02 9 sec: 12007 operations; [READ: Count=6057 Max=2449.41 Min=3.46 Avg=183.05 10=21.70 25=28.30 50=41.15 75=129.53 90=611.33 95=965.63 99=1744.89 99.9=2242.56 99.99=2308.09] [UPDATE: Count=5950 Max=18350.08 Min=12.82 Avg=252.77 10=33.82 25=42.91 50=61.31 75=153.47 90=649.73 95=1021.95 99=2062.34 99.9=12238.85 99.99=16941.06]
2025-04-21 21:01:03 10 sec: 16937 operations; [READ: Count=8541 Max=2449.41 Min=3.46 Avg=174.35 10=21.97 25=28.80 50=41.92 75=128.90 90=569.34 95=922.11 99=1631.23 99.9=2166.78 99.99=2308.09] [UPDATE: Count=8396 Max=18350.08 Min=11.50 Avg=252.12 10=33.70 25=42.98 50=61.60 75=151.04 90=615.42 95=1013.76 99=2060.29 99.9=12861.44 99.99=16941.06]
2025-04-21 21:01:04 11 sec: 25193 operations; [READ: Count=12642 Max=2680.83 Min=3.46 Avg=152.90 10=19.60 25=26.29 50=39.13 75=122.62 90=403.45 95=818.69 99=1514.49 99.9=2177.02 99.99=2609.15] [UPDATE: Count=12551 Max=18350.08 Min=9.22 Avg=212.20 10=30.46 25=38.94 50=56.86 75=138.88 90=457.98 95=870.91 99=1872.89 99.9=12328.96 99.99=16941.06]
2025-04-21 21:01:05 12 sec: 34170 operations; [READ: Count=17123 Max=2680.83 Min=3.28 Avg=137.96 10=18.56 25=24.48 50=36.48 75=118.33 90=361.98 95=719.36 99=1402.88 99.9=2156.54 99.99=2580.48] [UPDATE: Count=17047 Max=18350.08 Min=9.22 Avg=189.11 10=29.10 25=36.93 50=53.53 75=134.14 90=393.73 95=791.04 99=1751.04 99.9=11960.32 99.99=16211.97]
2025-04-21 21:01:06 13 sec: 43716 operations; [READ: Count=21918 Max=2680.83 Min=3.26 Avg=128.42 10=18.21 25=23.57 50=34.69 75=114.75 90=336.13 95=667.65 99=1315.84 99.9=2101.25 99.99=2580.48] [UPDATE: Count=21798 Max=18350.08 Min=9.22 Avg=172.45 10=28.35 25=35.94 50=50.81 75=130.18 90=363.77 95=719.36 99=1610.75 99.9=10878.98 99.99=16211.97]
2025-04-21 21:01:07 14 sec: 55558 operations; [READ: Count=27827 Max=2680.83 Min=3.11 Avg=117.46 10=17.82 25=22.89 50=33.28 75=110.46 90=293.89 95=594.43 99=1226.75 99.9=2060.29 99.99=2547.71] [UPDATE: Count=27731 Max=18350.08 Min=9.04 Avg=154.77 10=27.63 25=34.94 50=48.58 75=125.25 90=314.88 95=632.83 99=1445.89 99.9=9609.22 99.99=15982.59]
2025-04-21 21:01:08 15 sec: 67927 operations; [READ: Count=34021 Max=4984.83 Min=3.11 Avg=109.12 10=17.66 25=22.59 50=32.38 75=106.05 90=249.47 95=541.18 99=1138.69 99.9=2030.59 99.99=2609.15] [UPDATE: Count=33906 Max=18350.08 Min=9.04 Avg=142.52 10=27.31 25=34.34 50=47.30 75=120.32 90=270.08 95=572.93 99=1338.37 99.9=7692.29 99.99=14524.42]
2025-04-21 21:01:09 16 sec: 77652 operations; [READ: Count=38796 Max=4984.83 Min=3.01 Avg=107.23 10=17.65 25=22.41 50=31.81 75=102.53 90=230.78 95=532.48 99=1180.67 99.9=2013.18 99.99=2609.15] [UPDATE: Count=38856 Max=18350.08 Min=9.04 Avg=138.29 10=27.17 25=34.08 50=46.53 75=116.22 90=244.99 95=559.62 99=1340.41 99.9=6447.10 99.99=14524.42]
2025-04-21 21:01:10 17 sec: 89771 operations; [READ: Count=44852 Max=4984.83 Min=3.01 Avg=102.19 10=17.73 25=22.45 50=31.54 75=96.13 90=198.53 95=491.77 99=1137.66 99.9=1952.77 99.99=2609.15] [UPDATE: Count=44919 Max=18350.08 Min=9.04 Avg=132.13 10=27.33 25=34.24 50=46.21 75=109.57 90=216.70 95=525.31 99=1290.24 99.9=5603.33 99.99=14524.42]
2025-04-21 21:01:11 18 sec: 101704 operations; [READ: Count=50739 Max=4984.83 Min=3.01 Avg=98.84 10=17.44 25=22.18 50=31.21 75=93.89 90=186.75 95=456.96 99=1096.70 99.9=1916.93 99.99=2580.48] [UPDATE: Count=50965 Max=18350.08 Min=8.83 Avg=127.35 10=26.83 25=33.73 50=45.63 75=107.45 90=209.28 95=492.54 99=1241.09 99.9=5091.33 99.99=13819.90]
2025-04-21 21:01:12 19 sec: 112713 operations; [READ: Count=56246 Max=4984.83 Min=2.76 Avg=97.16 10=16.98 25=21.86 50=31.18 75=96.58 90=186.75 95=426.75 99=1059.84 99.9=1904.64 99.99=2547.71] [UPDATE: Count=56467 Max=18350.08 Min=7.98 Avg=124.48 10=26.24 25=33.18 50=45.41 75=109.38 90=209.02 95=466.43 99=1197.06 99.9=4935.68 99.99=13778.94]
2025-04-21 21:01:13 20 sec: 123016 operations; [READ: Count=61413 Max=5775.36 Min=2.45 Avg=96.44 10=16.54 25=21.55 50=31.14 75=97.09 90=187.78 95=412.93 99=1038.34 99.9=1899.52 99.99=2580.48] [UPDATE: Count=61603 Max=18350.08 Min=7.98 Avg=122.75 10=25.55 25=32.72 50=45.28 75=109.44 90=209.28 95=450.05 99=1167.36 99.9=4685.82 99.99=13778.94]
2025-04-21 21:01:14 21 sec: 130655 operations; [READ: Count=65202 Max=5775.36 Min=2.45 Avg=97.79 10=16.26 25=21.36 50=31.12 75=97.73 90=194.05 95=417.54 99=1047.55 99.9=1921.02 99.99=2764.80] [UPDATE: Count=65453 Max=18350.08 Min=7.98 Avg=123.77 10=25.02 25=32.34 50=45.22 75=109.63 90=216.45 95=456.70 99=1187.84 99.9=4472.83 99.99=12935.17]
2025-04-21 21:01:15 22 sec: 140219 operations; [READ: Count=69983 Max=5775.36 Min=2.45 Avg=97.61 10=15.93 25=21.17 50=31.21 75=98.11 90=195.46 95=412.16 99=1029.12 99.9=1909.76 99.99=2764.80] [UPDATE: Count=70236 Max=18350.08 Min=7.46 Avg=122.98 10=24.62 25=32.03 50=45.28 75=109.89 90=217.60 95=447.23 99=1172.48 99.9=4100.10 99.99=12935.17]
2025-04-21 21:01:16 23 sec: 149939 operations; [READ: Count=74762 Max=5775.36 Min=2.45 Avg=97.42 10=15.75 25=21.07 50=31.42 75=98.81 90=198.01 95=403.97 99=1011.20 99.9=1896.45 99.99=2764.80] [UPDATE: Count=75177 Max=18350.08 Min=7.46 Avg=122.06 10=24.40 25=31.87 50=45.53 75=110.78 90=218.88 95=436.99 99=1148.93 99.9=3860.48 99.99=12894.21]
2025-04-21 21:01:17 24 sec: 160976 operations; [READ: Count=80233 Max=5775.36 Min=2.45 Avg=96.37 10=15.41 25=20.85 50=31.42 75=98.43 90=195.46 95=394.75 99=990.21 99.9=1874.94 99.99=2680.83] [UPDATE: Count=80743 Max=18350.08 Min=7.46 Avg=120.35 10=23.93 25=31.49 50=45.50 75=110.46 90=216.83 95=423.17 99=1129.47 99.9=3645.44 99.99=12894.21]
2025-04-21 21:01:18 25 sec: 173010 operations; [READ: Count=86276 Max=5775.36 Min=2.45 Avg=94.99 10=15.13 25=20.59 50=31.26 75=97.92 90=190.46 95=386.30 99=966.14 99.9=1860.61 99.99=2609.15] [UPDATE: Count=86734 Max=18350.08 Min=7.46 Avg=118.08 10=23.57 25=31.04 50=45.09 75=109.44 90=211.20 95=410.88 99=1098.75 99.9=3516.41 99.99=12861.44]
2025-04-21 21:01:19 26 sec: 185808 operations; [READ: Count=92758 Max=5775.36 Min=2.45 Avg=93.30 10=14.76 25=20.14 50=30.73 75=96.89 90=186.24 95=378.62 99=942.59 99.9=1841.15 99.99=2580.48] [UPDATE: Count=93050 Max=18350.08 Min=7.46 Avg=115.76 10=23.05 25=30.40 50=44.32 75=108.16 90=206.97 95=402.18 99=1077.25 99.9=3436.54 99.99=12861.44]
2025-04-21 21:01:20 27 sec: 197228 operations; [READ: Count=98447 Max=5775.36 Min=2.41 Avg=92.42 10=14.37 25=19.70 50=30.09 75=95.87 90=183.81 95=377.09 99=943.62 99.9=1841.15 99.99=2580.48] [UPDATE: Count=98781 Max=18350.08 Min=7.46 Avg=114.56 10=22.56 25=29.76 50=43.42 75=106.88 90=204.54 95=400.64 99=1072.13 99.9=3373.05 99.99=12861.44]
2025-04-21 21:01:21 28 sec: 213046 operations; [READ: Count=106374 Max=5775.36 Min=2.14 Avg=89.77 10=13.77 25=19.09 50=29.38 75=94.27 90=177.28 95=365.82 99=918.53 99.9=1809.41 99.99=2549.76] [UPDATE: Count=106672 Max=18350.08 Min=7.46 Avg=111.10 10=21.76 25=28.82 50=42.34 75=104.89 90=195.71 95=386.56 99=1040.89 99.9=3192.83 99.99=12738.56]
2025-04-21 21:01:22 29 sec: 230740 operations; [READ: Count=115152 Max=5775.36 Min=2.14 Avg=86.88 10=13.34 25=18.37 50=29.25 75=91.65 90=168.06 95=349.95 99=891.39 99.9=1772.54 99.99=2547.71] [UPDATE: Count=115588 Max=18350.08 Min=7.46 Avg=107.12 10=21.05 25=27.87 50=42.14 75=101.76 90=184.70 95=369.66 99=999.42 99.9=3002.37 99.99=12632.06]
2025-04-21 21:01:23 30 sec: 249390 operations; [READ: Count=124630 Max=5775.36 Min=2.14 Avg=83.98 10=12.98 25=17.71 50=29.28 75=88.89 90=159.10 95=334.08 99=866.30 99.9=1753.09 99.99=2547.71] [UPDATE: Count=124760 Max=18350.08 Min=7.46 Avg=103.43 10=20.45 25=27.04 50=42.21 75=98.69 90=175.10 95=353.28 99=966.65 99.9=2885.63 99.99=12632.06]
2025-04-21 21:01:24 31 sec: 267078 operations; [READ: Count=133615 Max=5775.36 Min=2.14 Avg=81.85 10=12.70 25=17.15 50=29.33 75=87.04 90=152.06 95=322.05 99=838.65 99.9=1739.78 99.99=2488.32] [UPDATE: Count=133463 Max=18350.08 Min=7.43 Avg=100.55 10=20.05 25=26.35 50=42.30 75=96.51 90=168.57 95=340.22 99=930.82 99.9=2750.46 99.99=12517.38]
2025-04-21 21:01:25 32 sec: 280638 operations; [READ: Count=140463 Max=5775.36 Min=2.14 Avg=81.18 10=12.52 25=16.77 50=29.34 75=86.21 90=148.86 95=320.00 99=827.39 99.9=1720.32 99.99=2449.41] [UPDATE: Count=140175 Max=18350.08 Min=7.43 Avg=99.47 10=19.77 25=25.82 50=42.30 75=95.55 90=166.27 95=338.18 99=911.36 99.9=2672.64 99.99=12410.88]
2025-04-21 21:01:26 33 sec: 300092 operations; [READ: Count=150206 Max=5775.36 Min=2.14 Avg=78.92 10=12.29 25=16.33 50=29.30 75=84.86 90=139.13 95=304.89 99=803.84 99.9=1688.58 99.99=2412.54] [UPDATE: Count=149886 Max=18350.08 Min=7.43 Avg=96.57 10=19.39 25=25.09 50=42.24 75=93.89 90=158.72 95=322.81 99=882.69 99.9=2576.38 99.99=12328.96]
2025-04-21 21:01:27 34 sec: 319771 operations; [READ: Count=160186 Max=5775.36 Min=2.14 Avg=76.90 10=12.04 25=15.93 50=29.28 75=83.84 90=131.20 95=287.23 99=777.22 99.9=1666.05 99.99=2379.78] [UPDATE: Count=159585 Max=18350.08 Min=7.43 Avg=93.96 10=19.04 25=24.51 50=42.14 75=92.54 90=151.04 95=307.97 99=858.62 99.9=2428.93 99.99=12238.85]
2025-04-21 21:01:28 35 sec: 339555 operations; [READ: Count=170179 Max=5775.36 Min=2.14 Avg=75.08 10=11.81 25=15.62 50=29.23 75=83.01 90=126.08 95=270.33 99=758.27 99.9=1634.30 99.99=2349.05] [UPDATE: Count=169376 Max=18350.08 Min=7.43 Avg=91.63 10=18.77 25=24.05 50=42.08 75=91.52 90=144.38 95=292.10 99=834.05 99.9=2375.68 99.99=12009.47]
2025-04-21 21:01:29 36 sec: 357168 operations; [READ: Count=178989 Max=5775.36 Min=2.14 Avg=73.92 10=11.60 25=15.46 50=29.14 75=82.62 90=123.26 95=260.61 99=743.93 99.9=1611.78 99.99=2338.82] [UPDATE: Count=178179 Max=18350.08 Min=7.43 Avg=90.09 10=18.59 25=23.76 50=41.98 75=91.07 90=140.67 95=282.62 99=816.13 99.9=2295.81 99.99=11960.32]
2025-04-21 21:01:30 37 sec: 369637 operations; [READ: Count=185160 Max=5775.36 Min=2.14 Avg=73.93 10=11.46 25=15.38 50=29.09 75=82.62 90=123.45 95=263.68 99=735.23 99.9=1592.32 99.99=2338.82] [UPDATE: Count=184477 Max=18350.08 Min=7.35 Avg=89.88 10=18.46 25=23.58 50=41.92 75=91.07 90=141.06 95=286.46 99=804.86 99.9=2258.94 99.99=11960.32]
2025-04-21 21:01:31 38 sec: 383220 operations; [READ: Count=191970 Max=5775.36 Min=2.14 Avg=73.72 10=11.24 25=15.29 50=29.01 75=82.56 90=122.81 95=262.91 99=734.72 99.9=1583.10 99.99=2338.82] [UPDATE: Count=191250 Max=18350.08 Min=7.35 Avg=89.45 10=18.34 25=23.44 50=41.82 75=91.01 90=140.03 95=285.44 99=801.28 99.9=2238.46 99.99=11739.14]
2025-04-21 21:01:32 39 sec: 399731 operations; [READ: Count=200154 Max=5775.36 Min=2.14 Avg=73.00 10=10.89 25=15.21 50=28.96 75=82.50 90=121.22 95=257.41 99=720.38 99.9=1561.60 99.99=2324.48] [UPDATE: Count=199577 Max=18350.08 Min=7.35 Avg=88.36 10=18.18 25=23.28 50=41.70 75=90.88 90=137.85 95=279.81 99=783.36 99.9=2187.26 99.99=11124.74]
2025-04-21 21:01:33 40 sec: 413724 operations; [READ: Count=207174 Max=5775.36 Min=2.14 Avg=72.73 10=10.57 25=15.13 50=28.86 75=82.56 90=121.15 95=258.05 99=709.12 99.9=1552.38 99.99=2312.19] [UPDATE: Count=206550 Max=18350.08 Min=7.32 Avg=87.95 10=18.00 25=23.14 50=41.53 75=90.88 90=137.60 95=279.81 99=770.56 99.9=2164.74 99.99=11124.74]
2025-04-21 21:01:34 41 sec: 428933 operations; [READ: Count=214804 Max=5775.36 Min=2.14 Avg=72.29 10=10.07 25=15.05 50=28.75 75=82.56 90=120.25 95=255.36 99=701.44 99.9=1540.10 99.99=2312.19] [UPDATE: Count=214129 Max=18350.08 Min=7.32 Avg=87.29 10=17.84 25=23.01 50=41.44 75=90.88 90=136.32 95=277.50 99=759.81 99.9=2129.92 99.99=11124.74]
2025-04-21 21:01:35 42 sec: 444099 operations; [READ: Count=222431 Max=5775.36 Min=2.14 Avg=71.87 10=9.65 25=15.02 50=28.61 75=82.62 90=119.61 95=252.80 99=690.17 99.9=1527.81 99.99=2308.09] [UPDATE: Count=221668 Max=18350.08 Min=7.32 Avg=86.71 10=17.68 25=22.93 50=41.28 75=91.01 90=135.55 95=275.45 99=745.98 99.9=2101.25 99.99=10944.51]
2025-04-21 21:01:36 43 sec: 456232 operations; [READ: Count=228401 Max=5775.36 Min=2.14 Avg=71.95 10=9.40 25=15.00 50=28.53 75=82.81 90=119.81 95=255.87 99=683.01 99.9=1509.38 99.99=2295.81] [UPDATE: Count=227831 Max=18350.08 Min=7.32 Avg=86.75 10=17.57 25=22.86 50=41.12 75=91.14 90=135.68 95=277.25 99=741.89 99.9=2086.91 99.99=11124.74]
2025-04-21 21:01:37 44 sec: 470265 operations; [READ: Count=235475 Max=5775.36 Min=2.14 Avg=71.72 10=9.14 25=14.97 50=28.40 75=82.88 90=119.42 95=255.23 99=675.84 99.9=1500.16 99.99=2308.09] [UPDATE: Count=234790 Max=18350.08 Min=7.32 Avg=86.45 10=17.44 25=22.82 50=40.99 75=91.26 90=135.29 95=276.99 99=733.70 99.9=2075.65 99.99=11124.74]
2025-04-21 21:01:38 45 sec: 485491 operations; [READ: Count=243078 Max=5775.36 Min=2.14 Avg=71.33 10=8.84 25=14.91 50=28.25 75=82.88 90=118.91 95=253.06 99=664.06 99.9=1485.82 99.99=2308.09] [UPDATE: Count=242413 Max=18350.08 Min=7.32 Avg=85.93 10=17.28 25=22.72 50=40.80 75=91.26 90=134.78 95=275.45 99=723.46 99.9=2059.26 99.99=10944.51]
2025-04-21 21:01:39 46 sec: 500565 operations; [READ: Count=250585 Max=5775.36 Min=2.14 Avg=71.02 10=8.54 25=14.85 50=28.08 75=82.81 90=118.53 95=252.67 99=654.85 99.9=1476.61 99.99=2295.81] [UPDATE: Count=249980 Max=18350.08 Min=7.32 Avg=85.45 10=17.10 25=22.62 50=40.58 75=91.20 90=134.14 95=274.43 99=712.70 99.9=2039.81 99.99=10878.98]
2025-04-21 21:01:40 47 sec: 517614 operations; [READ: Count=259209 Max=5775.36 Min=2.14 Avg=70.43 10=8.25 25=14.73 50=27.87 75=82.69 90=117.63 95=248.96 99=642.56 99.9=1467.39 99.99=2293.76] [UPDATE: Count=258405 Max=18350.08 Min=7.32 Avg=84.70 10=16.83 25=22.46 50=40.29 75=91.07 90=132.86 95=270.59 99=700.41 99.9=2021.38 99.99=10780.67]
2025-04-21 21:01:41 48 sec: 532073 operations; [READ: Count=266433 Max=5775.36 Min=2.14 Avg=70.22 10=8.01 25=14.65 50=27.68 75=82.62 90=117.38 95=249.47 99=638.46 99.9=1463.30 99.99=2265.09] [UPDATE: Count=265640 Max=18350.08 Min=7.14 Avg=84.42 10=16.62 25=22.34 50=40.03 75=91.01 90=132.48 95=270.59 99=695.81 99.9=2010.11 99.99=10780.67]
2025-04-21 21:01:42 49 sec: 551437 operations; [READ: Count=276100 Max=5775.36 Min=2.14 Avg=69.37 10=7.77 25=14.52 50=27.41 75=82.30 90=115.90 95=241.79 99=626.17 99.9=1444.86 99.99=2254.85] [UPDATE: Count=275337 Max=18350.08 Min=7.14 Avg=83.40 10=16.27 25=22.14 50=39.68 75=90.69 90=130.62 95=264.70 99=684.03 99.9=1986.56 99.99=10641.41]
2025-04-21 21:01:43 50 sec: 571205 operations; [READ: Count=286038 Max=5775.36 Min=2.14 Avg=68.56 10=7.52 25=14.38 50=27.10 75=82.05 90=114.56 95=234.24 99=613.38 99.9=1429.50 99.99=2250.75] [UPDATE: Count=285167 Max=18350.08 Min=7.14 Avg=82.38 10=15.91 25=21.95 50=39.33 75=90.37 90=128.96 95=258.30 99=670.72 99.9=1955.84 99.99=10313.73]
2025-04-21 21:01:44 51 sec: 589687 operations; [READ: Count=295282 Max=5775.36 Min=2.14 Avg=67.94 10=7.35 25=14.28 50=26.82 75=81.79 90=113.53 95=229.63 99=604.67 99.9=1424.38 99.99=2244.61] [UPDATE: Count=294405 Max=18350.08 Min=7.14 Avg=81.61 10=15.66 25=21.82 50=38.94 75=90.11 90=127.74 95=253.31 99=659.97 99.9=1923.07 99.99=10313.73]
2025-04-21 21:01:45 52 sec: 609529 operations; [READ: Count=305213 Max=5775.36 Min=2.14 Avg=67.23 10=7.17 25=14.17 50=26.51 75=81.60 90=112.38 95=224.13 99=597.50 99.9=1408.00 99.99=2242.56] [UPDATE: Count=304316 Max=18350.08 Min=7.14 Avg=80.68 10=15.39 25=21.63 50=38.46 75=89.86 90=126.33 95=246.91 99=645.12 99.9=1887.23 99.99=10289.15]
2025-04-21 21:01:46 53 sec: 627354 operations; [READ: Count=314048 Max=5775.36 Min=2.14 Avg=66.76 10=7.05 25=14.09 50=26.19 75=81.41 90=111.61 95=221.82 99=591.36 99.9=1392.64 99.99=2242.56] [UPDATE: Count=313306 Max=18350.08 Min=7.14 Avg=80.08 10=15.20 25=21.50 50=38.05 75=89.66 90=125.50 95=244.35 99=637.44 99.9=1864.70 99.99=9887.74]
2025-04-21 21:01:47 54 sec: 647740 operations; [READ: Count=324295 Max=5775.36 Min=2.14 Avg=66.06 10=6.92 25=13.97 50=25.86 75=81.15 90=110.40 95=215.81 99=584.70 99.9=1377.28 99.99=2236.41] [UPDATE: Count=323445 Max=18350.08 Min=7.14 Avg=79.20 10=14.94 25=21.34 50=37.57 75=89.34 90=124.03 95=238.34 99=628.74 99.9=1858.56 99.99=9609.22]
2025-04-21 21:01:48 55 sec: 668260 operations; [READ: Count=334479 Max=5775.36 Min=2.14 Avg=65.41 10=6.78 25=13.87 50=25.49 75=80.89 90=109.44 95=211.84 99=576.00 99.9=1361.92 99.99=2234.37] [UPDATE: Count=333781 Max=18350.08 Min=6.94 Avg=78.33 10=14.70 25=21.18 50=37.02 75=89.09 90=122.75 95=233.34 99=617.47 99.9=1832.96 99.99=9592.83]
2025-04-21 21:01:49 56 sec: 688695 operations; [READ: Count=344737 Max=5775.36 Min=2.14 Avg=64.77 10=6.67 25=13.77 50=25.10 75=80.70 90=108.35 95=207.23 99=569.34 99.9=1349.63 99.99=2234.37] [UPDATE: Count=343958 Max=18350.08 Min=6.94 Avg=77.56 10=14.50 25=21.02 50=36.54 75=88.83 90=121.60 95=229.76 99=608.77 99.9=1818.62 99.99=9420.80]
2025-04-21 21:01:50 57 sec: 709155 operations; [READ: Count=355048 Max=5775.36 Min=2.01 Avg=64.17 10=6.58 25=13.67 50=24.72 75=80.51 90=107.52 95=203.39 99=562.69 99.9=1341.44 99.99=2193.41] [UPDATE: Count=354107 Max=18350.08 Min=6.94 Avg=76.83 10=14.34 25=20.89 50=36.03 75=88.64 90=120.51 95=225.53 99=599.04 99.9=1797.12 99.99=9314.30]
2025-04-21 21:01:51 58 sec: 729754 operations; [READ: Count=365228 Max=5775.36 Min=2.01 Avg=63.60 10=6.50 25=13.57 50=24.32 75=80.32 90=106.69 95=199.29 99=556.54 99.9=1331.20 99.99=2189.31] [UPDATE: Count=364526 Max=18350.08 Min=6.94 Avg=76.11 10=14.21 25=20.75 50=35.52 75=88.45 90=119.42 95=222.34 99=592.89 99.9=1772.54 99.99=8880.13]
2025-04-21 21:01:52 59 sec: 747696 operations; [READ: Count=374304 Max=5775.36 Min=2.01 Avg=63.26 10=6.44 25=13.50 50=23.93 75=80.25 90=106.30 95=198.78 99=551.42 99.9=1327.10 99.99=2189.31] [UPDATE: Count=373392 Max=18350.08 Min=6.94 Avg=75.73 10=14.07 25=20.64 50=35.01 75=88.32 90=118.97 95=222.21 99=588.29 99.9=1765.38 99.99=8716.29]
2025-04-21 21:01:53 60 sec: 768361 operations; [READ: Count=384584 Max=5775.36 Min=2.01 Avg=62.76 10=6.38 25=13.41 50=23.55 75=80.06 90=105.53 95=195.33 99=545.79 99.9=1318.91 99.99=2177.02] [UPDATE: Count=383777 Max=18350.08 Min=6.94 Avg=75.06 10=13.93 25=20.50 50=34.49 75=88.13 90=118.08 95=219.13 99=580.61 99.9=1742.85 99.99=8626.17]
2025-04-21 21:01:54 61 sec: 788746 operations; [READ: Count=394720 Max=5775.36 Min=2.01 Avg=62.28 10=6.30 25=13.32 50=23.12 75=79.94 90=104.89 95=192.38 99=541.70 99.9=1301.50 99.99=2166.78] [UPDATE: Count=394026 Max=18350.08 Min=6.94 Avg=74.47 10=13.80 25=20.35 50=33.89 75=87.94 90=117.25 95=216.45 99=576.51 99.9=1729.54 99.99=8560.64]
2025-04-21 21:01:55 62 sec: 808734 operations; [READ: Count=404690 Max=5775.36 Min=2.01 Avg=61.85 10=6.24 25=13.23 50=22.72 75=79.74 90=104.38 95=190.21 99=537.09 99.9=1297.41 99.99=2164.74] [UPDATE: Count=404044 Max=18350.08 Min=6.94 Avg=73.95 10=13.70 25=20.24 50=33.41 75=87.74 90=116.48 95=213.76 99=572.41 99.9=1703.93 99.99=8212.48]
2025-04-21 21:01:56 63 sec: 828859 operations; [READ: Count=414904 Max=5775.36 Min=2.01 Avg=61.45 10=6.17 25=13.13 50=22.32 75=79.68 90=104.00 95=188.67 99=531.97 99.9=1286.14 99.99=2160.64] [UPDATE: Count=413955 Max=18350.08 Min=6.94 Avg=73.43 10=13.58 25=20.11 50=32.93 75=87.68 90=115.90 95=211.84 99=565.76 99.9=1690.62 99.99=8192.00]
2025-04-21 21:01:57 64 sec: 848271 operations; [READ: Count=424636 Max=5775.36 Min=2.01 Avg=61.10 10=6.12 25=13.05 50=21.92 75=79.55 90=103.55 95=187.78 99=528.38 99.9=1275.90 99.99=2158.59] [UPDATE: Count=423635 Max=18350.08 Min=6.94 Avg=73.02 10=13.49 25=20.00 50=32.41 75=87.55 90=115.39 95=210.30 99=561.66 99.9=1673.21 99.99=7692.29]
2025-04-21 21:01:58 65 sec: 869293 operations; [READ: Count=435183 Max=5775.36 Min=2.01 Avg=60.65 10=6.07 25=12.95 50=21.44 75=79.42 90=103.10 95=186.11 99=522.24 99.9=1265.66 99.99=2154.49] [UPDATE: Count=434110 Max=18350.08 Min=6.94 Avg=72.49 10=13.40 25=19.87 50=31.84 75=87.42 90=114.81 95=208.64 99=555.01 99.9=1658.88 99.99=7659.52]
2025-04-21 21:01:59 66 sec: 888828 operations; [READ: Count=444999 Max=5775.36 Min=2.01 Avg=60.33 10=6.03 25=12.87 50=21.04 75=79.36 90=102.85 95=185.73 99=519.42 99.9=1258.49 99.99=2144.26] [UPDATE: Count=443829 Max=18350.08 Min=6.94 Avg=72.10 10=13.34 25=19.77 50=31.36 75=87.30 90=114.50 95=207.87 99=550.91 99.9=1640.45 99.99=7553.02]
2025-04-21 21:02:00 67 sec: 907351 operations; [READ: Count=454198 Max=5775.36 Min=2.01 Avg=60.07 10=6.01 25=12.81 50=20.75 75=79.30 90=102.66 95=184.96 99=514.82 99.9=1252.35 99.99=2144.26] [UPDATE: Count=453153 Max=18350.08 Min=6.94 Avg=71.82 10=13.33 25=19.71 50=30.96 75=87.30 90=114.37 95=207.62 99=546.82 99.9=1623.04 99.99=6963.20]
2025-04-21 21:02:01 68 sec: 920785 operations; [READ: Count=460958 Max=5775.36 Min=2.01 Avg=60.20 10=6.03 25=12.77 50=20.72 75=79.36 90=102.91 95=187.26 99=516.10 99.9=1250.30 99.99=2131.97] [UPDATE: Count=459827 Max=18350.08 Min=6.82 Avg=71.92 10=13.33 25=19.68 50=30.89 75=87.36 90=114.62 95=209.79 99=547.84 99.9=1622.02 99.99=6447.10]
2025-04-21 21:02:02 69 sec: 933975 operations; [READ: Count=467571 Max=5775.36 Min=2.01 Avg=60.34 10=6.06 25=12.78 50=20.78 75=79.55 90=103.10 95=188.16 99=516.10 99.9=1247.23 99.99=2117.63] [UPDATE: Count=466404 Max=18350.08 Min=6.82 Avg=72.03 10=13.38 25=19.71 50=30.96 75=87.55 90=114.81 95=210.69 99=547.84 99.9=1614.85 99.99=6221.82]
2025-04-21 21:02:03 70 sec: 952610 operations; [READ: Count=476847 Max=5775.36 Min=2.01 Avg=60.13 10=6.09 25=12.74 50=20.67 75=79.61 90=102.78 95=185.85 99=511.23 99.9=1240.06 99.99=2101.25] [UPDATE: Count=475763 Max=18350.08 Min=6.82 Avg=71.72 10=13.44 25=19.68 50=30.77 75=87.55 90=114.24 95=208.00 99=543.23 99.9=1592.32 99.99=6111.23]
2025-04-21 21:02:04 71 sec: 969540 operations; [READ: Count=485342 Max=5775.36 Min=2.01 Avg=60.03 10=6.13 25=12.72 50=20.54 75=79.61 90=102.66 95=185.85 99=507.65 99.9=1233.92 99.99=2101.25] [UPDATE: Count=484198 Max=18350.08 Min=6.82 Avg=71.55 10=13.49 25=19.65 50=30.51 75=87.61 90=114.05 95=207.87 99=539.65 99.9=1579.01 99.99=6111.23]
2025-04-21 21:02:05 72 sec: 985871 operations; [READ: Count=493452 Max=5775.36 Min=2.01 Avg=59.95 10=6.15 25=12.70 50=20.51 75=79.74 90=102.53 95=184.96 99=504.83 99.9=1228.80 99.99=2101.25] [UPDATE: Count=492419 Max=18350.08 Min=6.82 Avg=71.45 10=13.53 25=19.65 50=30.45 75=87.68 90=113.92 95=206.97 99=536.58 99.9=1569.79 99.99=5976.06]
2025-04-21 21:02:06 73 sec: 998882 operations; [READ: Count=499997 Max=5775.36 Min=2.01 Avg=60.12 10=6.17 25=12.70 50=20.59 75=79.87 90=103.10 95=186.37 99=503.55 99.9=1221.63 99.99=2101.25] [UPDATE: Count=498885 Max=18350.08 Min=6.82 Avg=71.54 10=13.56 25=19.65 50=30.53 75=87.81 90=114.56 95=207.74 99=534.01 99.9=1561.60 99.99=5947.39]
2025-04-21 21:02:06 73 sec: 1000000 operations; [READ: Count=500559 Max=5775.36 Min=2.01 Avg=60.15 10=6.17 25=12.70 50=20.62 75=79.87 90=103.17 95=186.50 99=503.30 99.9=1219.58 99.99=2101.25] [UPDATE: Count=499441 Max=18350.08 Min=6.82 Avg=71.56 10=13.56 25=19.65 50=30.54 75=87.81 90=114.69 95=207.87 99=534.53 99.9=1561.60 99.99=5947.39]
Run runtime(sec): 73.205
Run operations(ops): 1000000
Run throughput(ops/sec): 13660.3
