Running scope as unit: run-rdc7ba1836f324f24959ccba50e512bca.scope
load file:/home/user/DataFiles/silesia_data/silesia.tar
2025-04-22 20:11:19 0 sec: 0 operations;
2025-04-22 20:11:20 1 sec: 41072 operations; [INSERT: Count=41072 Max=4653.06 Min=5.06 Avg=20.32 10=10.00 25=12.61 50=17.58 75=25.14 90=33.66 95=39.20 99=52.03 99.9=116.73 99.99=250.37]
2025-04-22 20:11:21 2 sec: 81620 operations; [INSERT: Count=81620 Max=4653.06 Min=5.00 Avg=20.86 10=10.47 25=13.29 50=18.41 75=25.95 90=34.11 95=39.39 99=51.13 99.9=97.73 99.99=248.19]
2025-04-22 20:11:22 3 sec: 124624 operations; [INSERT: Count=124624 Max=4653.06 Min=5.00 Avg=20.55 10=10.54 25=13.28 50=18.27 75=25.50 90=33.25 95=38.43 99=49.47 99.9=91.14 99.99=246.53]
2025-04-22 20:11:23 4 sec: 157230 operations; [INSERT: Count=157230 Max=4653.06 Min=5.00 Avg=21.87 10=10.81 25=13.80 50=19.21 75=27.05 90=35.84 95=42.11 99=57.53 99.9=98.11 99.99=251.78]
2025-04-22 20:11:24 5 sec: 190697 operations; [INSERT: Count=190697 Max=4653.06 Min=5.00 Avg=22.69 10=11.10 25=14.26 50=19.98 75=28.18 90=37.41 95=43.90 99=59.07 99.9=97.15 99.99=257.02]
2025-04-22 20:11:25 6 sec: 224515 operations; [INSERT: Count=224515 Max=12820.48 Min=5.00 Avg=23.23 10=11.33 25=14.62 50=20.48 75=28.80 90=38.21 95=44.73 99=59.62 99.9=95.30 99.99=265.98]
2025-04-22 20:11:26 7 sec: 258246 operations; [INSERT: Count=258246 Max=12820.48 Min=5.00 Avg=23.63 10=11.51 25=14.89 50=20.83 75=29.30 90=38.78 95=45.38 99=59.94 99.9=93.25 99.99=267.77]
2025-04-22 20:11:27 8 sec: 292413 operations; [INSERT: Count=292413 Max=12820.48 Min=5.00 Avg=23.90 10=11.66 25=15.12 50=21.12 75=29.68 90=39.20 95=45.82 99=60.09 99.9=91.52 99.99=265.98]
2025-04-22 20:11:28 9 sec: 326579 operations; [INSERT: Count=326579 Max=12820.48 Min=5.00 Avg=24.11 10=11.81 25=15.30 50=21.36 75=29.95 90=39.49 95=46.08 99=60.26 99.9=91.14 99.99=265.98]
2025-04-22 20:11:29 10 sec: 361016 operations; [INSERT: Count=361016 Max=12820.48 Min=5.00 Avg=24.26 10=11.92 25=15.44 50=21.54 75=30.18 90=39.74 95=46.24 99=60.26 99.9=89.73 99.99=264.96]
2025-04-22 20:11:30 11 sec: 393924 operations; [INSERT: Count=393924 Max=12820.48 Min=5.00 Avg=24.50 10=12.05 25=15.62 50=21.74 75=30.45 90=40.09 95=46.62 99=60.73 99.9=90.81 99.99=272.13]
2025-04-22 20:11:31 12 sec: 424959 operations; [INSERT: Count=424959 Max=12820.48 Min=5.00 Avg=24.81 10=12.18 25=15.81 50=22.05 75=30.85 90=40.67 95=47.33 99=61.57 99.9=91.01 99.99=281.60]
2025-04-22 20:11:32 13 sec: 454667 operations; [INSERT: Count=454667 Max=12820.48 Min=5.00 Avg=25.17 10=12.30 25=16.01 50=22.34 75=31.30 90=41.31 95=48.16 99=62.72 99.9=92.61 99.99=294.40]
2025-04-22 20:11:33 14 sec: 485053 operations; [INSERT: Count=485053 Max=12820.48 Min=5.00 Avg=25.45 10=12.38 25=16.14 50=22.56 75=31.66 90=41.92 95=48.90 99=63.74 99.9=93.38 99.99=300.80]
2025-04-22 20:11:34 15 sec: 515184 operations; [INSERT: Count=515184 Max=12820.48 Min=5.00 Avg=25.71 10=12.45 25=16.26 50=22.78 75=32.02 90=42.40 95=49.50 99=64.61 99.9=94.27 99.99=306.69]
2025-04-22 20:11:35 16 sec: 544901 operations; [INSERT: Count=544901 Max=12820.48 Min=5.00 Avg=25.96 10=12.51 25=16.38 50=22.99 75=32.34 90=42.88 95=50.11 99=65.47 99.9=96.58 99.99=321.28]
2025-04-22 20:11:36 17 sec: 575150 operations; [INSERT: Count=575150 Max=12820.48 Min=5.00 Avg=26.16 10=12.58 25=16.50 50=23.17 75=32.59 90=43.26 95=50.59 99=66.05 99.9=96.19 99.99=322.05]
2025-04-22 20:11:37 18 sec: 605657 operations; [INSERT: Count=605657 Max=12820.48 Min=5.00 Avg=26.33 10=12.65 25=16.57 50=23.31 75=32.83 90=43.62 95=50.98 99=66.50 99.9=96.38 99.99=327.17]
2025-04-22 20:11:38 19 sec: 636141 operations; [INSERT: Count=636141 Max=12820.48 Min=5.00 Avg=26.48 10=12.70 25=16.67 50=23.44 75=33.02 90=43.87 95=51.26 99=66.88 99.9=96.51 99.99=331.52]
2025-04-22 20:11:39 20 sec: 666601 operations; [INSERT: Count=666601 Max=12820.48 Min=5.00 Avg=26.62 10=12.76 25=16.73 50=23.55 75=33.22 90=44.09 95=51.55 99=67.20 99.9=98.50 99.99=341.50]
2025-04-22 20:11:40 21 sec: 696832 operations; [INSERT: Count=696832 Max=12820.48 Min=5.00 Avg=26.75 10=12.81 25=16.80 50=23.66 75=33.41 90=44.35 95=51.84 99=67.71 99.9=99.84 99.99=345.60]
2025-04-22 20:11:41 22 sec: 726578 operations; [INSERT: Count=726578 Max=12820.48 Min=5.00 Avg=26.89 10=12.86 25=16.86 50=23.77 75=33.57 90=44.61 95=52.19 99=68.16 99.9=102.08 99.99=353.54]
2025-04-22 20:11:42 23 sec: 757744 operations; [INSERT: Count=757744 Max=12820.48 Min=5.00 Avg=26.97 10=12.88 25=16.89 50=23.79 75=33.63 90=44.70 95=52.32 99=68.61 99.9=113.15 99.99=357.12]
2025-04-22 20:11:43 24 sec: 787540 operations; [INSERT: Count=787540 Max=12820.48 Min=5.00 Avg=27.09 10=12.90 25=16.89 50=23.82 75=33.70 90=44.86 95=52.58 99=69.50 99.9=143.23 99.99=376.57]
2025-04-22 20:11:44 25 sec: 820124 operations; [INSERT: Count=820124 Max=12820.48 Min=5.00 Avg=27.10 10=12.89 25=16.88 50=23.76 75=33.63 90=44.80 95=52.58 99=69.95 99.9=186.50 99.99=391.68]
2025-04-22 20:11:45 26 sec: 864142 operations; [INSERT: Count=864142 Max=12820.48 Min=5.00 Avg=26.70 10=12.65 25=16.51 50=23.28 75=33.09 90=44.32 95=52.16 99=69.76 99.9=195.84 99.99=393.21]
2025-04-22 20:11:46 27 sec: 917541 operations; [INSERT: Count=917541 Max=12820.48 Min=4.29 Avg=26.05 10=11.96 25=15.78 50=22.50 75=32.38 90=43.71 95=51.62 99=69.50 99.9=200.96 99.99=454.91]
2025-04-22 20:11:47 28 sec: 973950 operations; [INSERT: Count=973950 Max=12820.48 Min=4.29 Avg=25.37 10=11.24 25=15.06 50=21.73 75=31.68 90=43.10 95=51.07 99=69.12 99.9=204.80 99.99=501.25]
2025-04-22 20:11:48 29 sec: 1000000 operations; [INSERT: Count=1000000 Max=12820.48 Min=4.29 Avg=25.01 10=10.86 25=14.69 50=21.33 75=31.34 90=42.81 95=50.78 99=68.86 99.9=203.90 99.99=485.38]
2025-04-22 20:11:49 30 sec: 1000000 operations; [INSERT: Count=1000000 Max=12820.48 Min=4.29 Avg=25.01 10=10.86 25=14.69 50=21.33 75=31.34 90=42.81 95=50.78 99=68.86 99.9=203.90 99.99=485.38]
2025-04-22 20:11:50 30 sec: 1000000 operations; [INSERT: Count=1000000 Max=12820.48 Min=4.29 Avg=25.01 10=10.86 25=14.69 50=21.33 75=31.34 90=42.81 95=50.78 99=68.86 99.9=203.90 99.99=485.38]
Load runtime(sec): 30.1535
Load operations(ops): 1000000
Load throughput(ops/sec): 33163.6
