Running scope as unit: run-r62dbc1b6480b402c99770068793ae6bb.scope
load file:/home/user/DataFiles/silesia_data/silesia.tar
2025-04-22 20:11:19 0 sec: 0 operations;
2025-04-22 20:11:20 1 sec: 44068 operations; [INSERT: Count=44068 Max=4747.26 Min=4.65 Avg=18.99 10=8.34 25=10.98 50=16.04 75=24.16 90=33.02 95=38.53 99=50.59 99.9=111.42 99.99=257.79]
2025-04-22 20:11:21 2 sec: 84396 operations; [INSERT: Count=84396 Max=4747.26 Min=4.65 Avg=20.19 10=9.37 25=12.50 50=17.68 75=25.60 90=33.82 95=39.01 99=50.27 99.9=93.57 99.99=261.89]
2025-04-22 20:11:22 3 sec: 127033 operations; [INSERT: Count=127033 Max=4747.26 Min=4.65 Avg=20.17 10=9.83 25=12.81 50=17.81 75=25.31 90=33.18 95=38.21 99=49.05 99.9=99.39 99.99=256.13]
2025-04-22 20:11:23 4 sec: 171924 operations; [INSERT: Count=171924 Max=4747.26 Min=4.65 Avg=19.85 10=10.01 25=12.82 50=17.58 75=24.77 90=32.30 95=37.15 99=47.71 99.9=89.66 99.99=255.10]
2025-04-22 20:11:24 5 sec: 217270 operations; [INSERT: Count=217270 Max=4747.26 Min=4.65 Avg=19.62 10=10.12 25=12.81 50=17.42 75=24.32 90=31.63 95=36.35 99=46.81 99.9=88.89 99.99=253.82]
2025-04-22 20:11:25 6 sec: 261643 operations; [INSERT: Count=261643 Max=12705.79 Min=4.65 Avg=19.54 10=10.21 25=12.84 50=17.33 75=24.08 90=31.23 95=35.87 99=46.27 99.9=77.38 99.99=258.43]
2025-04-22 20:11:26 7 sec: 306807 operations; [INSERT: Count=306807 Max=12705.79 Min=4.65 Avg=19.42 10=10.29 25=12.86 50=17.26 75=23.89 90=30.86 95=35.45 99=45.63 99.9=75.33 99.99=257.02]
2025-04-22 20:11:27 8 sec: 352052 operations; [INSERT: Count=352052 Max=12705.79 Min=4.65 Avg=19.34 10=10.35 25=12.88 50=17.21 75=23.74 90=30.62 95=35.10 99=45.18 99.9=74.81 99.99=257.02]
2025-04-22 20:11:28 9 sec: 397254 operations; [INSERT: Count=397254 Max=12705.79 Min=4.65 Avg=19.27 10=10.41 25=12.91 50=17.18 75=23.63 90=30.41 95=34.81 99=44.77 99.9=73.86 99.99=255.10]
2025-04-22 20:11:29 10 sec: 440655 operations; [INSERT: Count=440655 Max=12705.79 Min=4.65 Avg=19.31 10=10.49 25=12.97 50=17.23 75=23.65 90=30.37 95=34.75 99=44.58 99.9=73.09 99.99=256.13]
2025-04-22 20:11:30 11 sec: 481698 operations; [INSERT: Count=481698 Max=12705.79 Min=4.65 Avg=19.45 10=10.50 25=13.02 50=17.33 75=23.84 90=30.66 95=35.13 99=45.22 99.9=72.83 99.99=261.89]
2025-04-22 20:11:31 12 sec: 523737 operations; [INSERT: Count=523737 Max=12705.79 Min=4.65 Avg=19.53 10=10.51 25=13.04 50=17.39 75=23.95 90=30.86 95=35.39 99=45.60 99.9=71.68 99.99=266.75]
2025-04-22 20:11:32 13 sec: 567189 operations; [INSERT: Count=567189 Max=12705.79 Min=4.65 Avg=19.54 10=10.51 25=13.04 50=17.39 75=23.97 90=30.88 95=35.45 99=45.66 99.9=71.68 99.99=278.27]
2025-04-22 20:11:33 14 sec: 610513 operations; [INSERT: Count=610513 Max=12705.79 Min=4.65 Avg=19.55 10=10.53 25=13.05 50=17.41 75=23.98 90=30.89 95=35.45 99=45.63 99.9=70.14 99.99=285.69]
2025-04-22 20:11:34 15 sec: 652769 operations; [INSERT: Count=652769 Max=12705.79 Min=4.65 Avg=19.59 10=10.56 25=13.08 50=17.45 75=24.03 90=30.96 95=35.55 99=45.76 99.9=69.69 99.99=292.86]
2025-04-22 20:11:35 16 sec: 694930 operations; [INSERT: Count=694930 Max=12705.79 Min=4.65 Avg=19.63 10=10.58 25=13.10 50=17.47 75=24.06 90=31.02 95=35.65 99=46.02 99.9=71.42 99.99=302.85]
2025-04-22 20:11:36 17 sec: 737405 operations; [INSERT: Count=737405 Max=12705.79 Min=4.65 Avg=19.65 10=10.61 25=13.13 50=17.50 75=24.08 90=31.04 95=35.68 99=46.08 99.9=72.64 99.99=318.72]
2025-04-22 20:11:37 18 sec: 779848 operations; [INSERT: Count=779848 Max=12705.79 Min=4.65 Avg=19.68 10=10.62 25=13.14 50=17.50 75=24.06 90=31.02 95=35.65 99=46.17 99.9=114.43 99.99=320.77]
2025-04-22 20:11:38 19 sec: 822605 operations; [INSERT: Count=822605 Max=12705.79 Min=4.65 Avg=19.69 10=10.64 25=13.15 50=17.49 75=24.03 90=30.99 95=35.65 99=46.17 99.9=131.46 99.99=325.12]
2025-04-22 20:11:39 20 sec: 863955 operations; [INSERT: Count=863955 Max=12705.79 Min=4.65 Avg=19.74 10=10.67 25=13.18 50=17.50 75=24.03 90=31.01 95=35.68 99=46.46 99.9=136.57 99.99=330.75]
2025-04-22 20:11:40 21 sec: 906008 operations; [INSERT: Count=906008 Max=12705.79 Min=4.65 Avg=19.76 10=10.68 25=13.18 50=17.50 75=24.02 90=30.99 95=35.68 99=46.72 99.9=139.26 99.99=334.08]
2025-04-22 20:11:41 22 sec: 949356 operations; [INSERT: Count=949356 Max=12705.79 Min=4.65 Avg=19.75 10=10.62 25=13.12 50=17.45 75=23.98 90=31.01 95=35.74 99=47.13 99.9=141.82 99.99=344.32]
2025-04-22 20:11:42 23 sec: 986770 operations; [INSERT: Count=986770 Max=12705.79 Min=4.65 Avg=19.86 10=10.62 25=13.13 50=17.50 75=24.09 90=31.21 95=36.09 99=48.13 99.9=145.15 99.99=350.98]
2025-04-22 20:11:43 24 sec: 1000000 operations; [INSERT: Count=1000000 Max=12705.79 Min=4.65 Avg=19.99 10=10.64 25=13.17 50=17.57 75=24.19 90=31.39 95=36.38 99=49.09 99.9=147.84 99.99=364.80]
2025-04-22 20:11:44 25 sec: 1000000 operations; [INSERT: Count=1000000 Max=12705.79 Min=4.65 Avg=19.99 10=10.64 25=13.17 50=17.57 75=24.19 90=31.39 95=36.38 99=49.09 99.9=147.84 99.99=364.80]
2025-04-22 20:11:45 26 sec: 1000000 operations; [INSERT: Count=1000000 Max=12705.79 Min=4.65 Avg=19.99 10=10.64 25=13.17 50=17.57 75=24.19 90=31.39 95=36.38 99=49.09 99.9=147.84 99.99=364.80]
2025-04-22 20:11:46 27 sec: 1000000 operations; [INSERT: Count=1000000 Max=12705.79 Min=4.65 Avg=19.99 10=10.64 25=13.17 50=17.57 75=24.19 90=31.39 95=36.38 99=49.09 99.9=147.84 99.99=364.80]
2025-04-22 20:11:47 28 sec: 1000000 operations; [INSERT: Count=1000000 Max=12705.79 Min=4.65 Avg=19.99 10=10.64 25=13.17 50=17.57 75=24.19 90=31.39 95=36.38 99=49.09 99.9=147.84 99.99=364.80]
2025-04-22 20:11:48 29 sec: 1000000 operations; [INSERT: Count=1000000 Max=12705.79 Min=4.65 Avg=19.99 10=10.64 25=13.17 50=17.57 75=24.19 90=31.39 95=36.38 99=49.09 99.9=147.84 99.99=364.80]
2025-04-22 20:11:49 30 sec: 1000000 operations; [INSERT: Count=1000000 Max=12705.79 Min=4.65 Avg=19.99 10=10.64 25=13.17 50=17.57 75=24.19 90=31.39 95=36.38 99=49.09 99.9=147.84 99.99=364.80]
2025-04-22 20:11:50 31 sec: 1000000 operations; [INSERT: Count=1000000 Max=12705.79 Min=4.65 Avg=19.99 10=10.64 25=13.17 50=17.57 75=24.19 90=31.39 95=36.38 99=49.09 99.9=147.84 99.99=364.80]
2025-04-22 20:11:51 31 sec: 1000000 operations; [INSERT: Count=1000000 Max=12705.79 Min=4.65 Avg=19.99 10=10.64 25=13.17 50=17.57 75=24.19 90=31.39 95=36.38 99=49.09 99.9=147.84 99.99=364.80]
Load runtime(sec): 31.827
Load operations(ops): 1000000
Load throughput(ops/sec): 31419.9
