Running scope as unit: run-ra3dc18c5e05140869e1c50a362e8fa35.scope
load file:/home/user/DataFiles/silesia_data/silesia.tar
2025-04-22 05:56:56 0 sec: 0 operations;
2025-04-22 05:56:57 1 sec: 86779 operations; [INSERT: Count=86779 Max=3446.78 Min=4.20 Avg=8.11 10=5.50 25=6.19 50=7.48 75=9.42 90=11.29 95=12.40 99=14.96 99.9=26.54 99.99=95.04]
2025-04-22 05:56:58 2 sec: 170459 operations; [INSERT: Count=170459 Max=3446.78 Min=4.20 Avg=8.40 10=5.70 25=6.46 50=7.81 75=9.77 90=11.65 95=12.79 99=15.40 99.9=29.15 99.99=105.22]
2025-04-22 05:56:59 3 sec: 250819 operations; [INSERT: Count=250819 Max=7049.22 Min=4.20 Avg=8.65 10=5.84 25=6.65 50=8.03 75=10.02 90=11.94 95=13.12 99=15.95 99.9=32.53 99.99=108.09]
2025-04-22 05:57:00 4 sec: 331481 operations; [INSERT: Count=331481 Max=7049.22 Min=4.20 Avg=8.77 10=5.95 25=6.78 50=8.18 75=10.16 90=12.08 95=13.27 99=16.03 99.9=31.60 99.99=107.71]
2025-04-22 05:57:01 5 sec: 411087 operations; [INSERT: Count=411087 Max=7049.22 Min=4.20 Avg=8.87 10=6.03 25=6.88 50=8.29 75=10.28 90=12.19 95=13.39 99=16.13 99.9=33.38 99.99=108.61]
2025-04-22 05:57:02 6 sec: 480472 operations; [INSERT: Count=480472 Max=7049.22 Min=4.20 Avg=9.20 10=6.09 25=6.97 50=8.46 75=10.57 90=12.70 95=14.26 99=20.13 99.9=39.90 99.99=117.82]
2025-04-22 05:57:03 7 sec: 535586 operations; [INSERT: Count=535586 Max=7049.22 Min=4.20 Avg=9.78 10=6.17 25=7.13 50=8.78 75=11.13 90=13.89 95=16.82 99=25.17 99.9=42.85 99.99=127.55]
2025-04-22 05:57:04 8 sec: 602837 operations; [INSERT: Count=602837 Max=7049.22 Min=4.20 Avg=9.98 10=6.18 25=7.13 50=8.82 75=11.26 90=14.21 95=17.47 99=25.89 99.9=51.49 99.99=172.93]
2025-04-22 05:57:05 9 sec: 687796 operations; [INSERT: Count=687796 Max=7049.22 Min=4.20 Avg=9.80 10=6.17 25=7.05 50=8.68 75=11.07 90=13.84 95=16.86 99=25.31 99.9=48.77 99.99=162.81]
2025-04-22 05:57:06 10 sec: 770228 operations; [INSERT: Count=770228 Max=7049.22 Min=4.20 Avg=9.70 10=6.19 25=7.04 50=8.60 75=10.97 90=13.60 95=16.40 99=24.82 99.9=49.18 99.99=153.73]
2025-04-22 05:57:07 11 sec: 852141 operations; [INSERT: Count=852141 Max=7049.22 Min=4.20 Avg=9.63 10=6.21 25=7.05 50=8.55 75=10.89 90=13.41 95=16.01 99=24.37 99.9=48.29 99.99=145.28]
2025-04-22 05:57:08 12 sec: 927707 operations; [INSERT: Count=927707 Max=7049.22 Min=4.18 Avg=9.66 10=6.24 25=7.07 50=8.57 75=10.93 90=13.49 95=16.13 99=24.32 99.9=48.48 99.99=143.23]
2025-04-22 05:57:09 13 sec: 982665 operations; [INSERT: Count=982665 Max=7049.22 Min=4.18 Avg=9.95 10=6.27 25=7.14 50=8.74 75=11.20 90=14.18 95=17.54 99=25.95 99.9=79.36 99.99=157.31]
2025-04-22 05:57:10 13 sec: 1000000 operations; [INSERT: Count=1000000 Max=7049.22 Min=4.18 Avg=10.02 10=6.29 25=7.17 50=8.79 75=11.28 90=14.37 95=17.82 99=26.16 99.9=81.98 99.99=158.97]
Load runtime(sec): 13.856
Load operations(ops): 1000000
Load throughput(ops/sec): 72170.9
