Running scope as unit: run-rf4c7ae9ee0d3406c97c4d8a2cf3d1cb8.scope
load file:/home/user/DataFiles/silesia_data/silesia.tar
2025-04-21 20:54:11 0 sec: 0 operations;
2025-04-21 20:54:12 1 sec: 0 operations;
2025-04-21 20:54:13 2 sec: 0 operations;
2025-04-21 20:54:14 3 sec: 0 operations;
2025-04-21 20:54:15 4 sec: 0 operations;
2025-04-21 20:54:16 5 sec: 0 operations;
2025-04-21 20:54:17 6 sec: 0 operations;
2025-04-21 20:54:18 7 sec: 4466 operations; [READ: Count=2211 Max=2363.39 Min=6.45 Avg=188.20 10=17.09 25=20.69 50=29.31 75=107.84 90=630.27 95=1249.28 99=1897.47 99.9=2246.66 99.99=2363.39] [UPDATE: Count=2255 Max=12984.32 Min=13.34 Avg=243.99 10=26.13 25=32.51 50=45.31 75=124.86 90=637.95 95=1274.88 99=2146.30 99.9=9797.63 99.99=12984.32]
2025-04-21 20:54:19 8 sec: 8920 operations; [READ: Count=4375 Max=4653.06 Min=3.46 Avg=178.41 10=16.75 25=21.01 50=29.93 75=110.66 90=634.88 95=1082.37 99=1768.45 99.9=2246.66 99.99=4653.06] [UPDATE: Count=4545 Max=17678.33 Min=11.71 Avg=260.81 10=27.09 25=33.66 50=47.55 75=129.28 90=713.22 95=1166.34 99=2736.13 99.9=12984.32 99.99=17678.33]
2025-04-21 20:54:20 9 sec: 12777 operations; [READ: Count=6332 Max=4653.06 Min=3.46 Avg=188.26 10=16.66 25=20.94 50=29.74 75=112.25 90=758.27 95=1075.20 99=1685.50 99.9=2217.98 99.99=3473.41] [UPDATE: Count=6445 Max=17678.33 Min=11.07 Avg=274.56 10=26.88 25=33.41 50=47.58 75=133.12 90=824.83 95=1169.41 99=2629.63 99.9=13402.11 99.99=17121.28]
2025-04-21 20:54:21 10 sec: 21570 operations; [READ: Count=10757 Max=4653.06 Min=3.25 Avg=150.85 10=15.99 25=20.69 50=29.31 75=108.16 90=476.93 95=911.36 99=1500.16 99.9=2101.25 99.99=3473.41] [UPDATE: Count=10813 Max=17678.33 Min=8.10 Avg=215.58 10=25.52 25=31.74 50=44.90 75=125.25 90=540.67 95=973.82 99=1976.32 99.9=12410.88 99.99=17121.28]
2025-04-21 20:54:22 11 sec: 34210 operations; [READ: Count=17132 Max=4653.06 Min=2.66 Avg=121.57 10=14.47 25=18.85 50=27.10 75=103.87 90=288.00 95=705.53 99=1324.03 99.9=2008.06 99.99=2537.47] [UPDATE: Count=17078 Max=17678.33 Min=8.10 Avg=167.33 10=23.14 25=28.96 50=40.58 75=117.63 90=326.40 95=773.12 99=1643.52 99.9=10412.03 99.99=15974.40]
2025-04-21 20:54:23 12 sec: 46622 operations; [READ: Count=23376 Max=4653.06 Min=2.53 Avg=108.17 10=14.40 25=18.46 50=26.21 75=101.57 90=236.29 95=552.45 99=1229.82 99.9=1961.98 99.99=3473.41] [UPDATE: Count=23246 Max=17678.33 Min=7.33 Avg=146.21 10=22.75 25=28.30 50=38.85 75=114.50 90=272.89 95=627.71 99=1479.68 99.9=8945.66 99.99=15974.40]
2025-04-21 20:54:24 13 sec: 60804 operations; [READ: Count=30468 Max=4882.43 Min=2.46 Avg=97.35 10=14.36 25=18.16 50=25.60 75=98.30 90=187.78 95=448.00 99=1153.02 99.9=1936.38 99.99=3473.41] [UPDATE: Count=30336 Max=17678.33 Min=7.33 Avg=130.10 10=22.61 25=27.93 50=37.76 75=110.53 90=221.44 95=510.98 99=1313.79 99.9=6922.24 99.99=15466.50]
2025-04-21 20:54:25 14 sec: 75308 operations; [READ: Count=37792 Max=4882.43 Min=2.46 Avg=90.33 10=14.34 25=18.02 50=25.20 75=94.33 90=155.39 95=395.26 99=1073.15 99.9=1903.62 99.99=2537.47] [UPDATE: Count=37516 Max=17678.33 Min=7.33 Avg=119.53 10=22.51 25=27.71 50=37.09 75=107.01 90=187.52 95=448.51 99=1226.75 99.9=5791.74 99.99=14278.66]
2025-04-21 20:54:26 15 sec: 88694 operations; [READ: Count=44486 Max=4882.43 Min=2.46 Avg=86.63 10=14.34 25=18.00 50=25.10 75=89.79 90=145.15 95=382.98 99=1040.38 99.9=1872.89 99.99=2537.47] [UPDATE: Count=44208 Max=17678.33 Min=7.33 Avg=113.80 10=22.37 25=27.49 50=36.64 75=102.97 90=172.93 95=421.12 99=1187.84 99.9=5230.59 99.99=15106.05]
2025-04-21 20:54:27 16 sec: 99536 operations; [READ: Count=49869 Max=4882.43 Min=2.46 Avg=85.77 10=14.34 25=18.05 50=25.25 75=89.09 90=145.41 95=376.83 99=1022.46 99.9=1850.37 99.99=2492.41] [UPDATE: Count=49667 Max=17678.33 Min=7.33 Avg=112.69 10=22.35 25=27.52 50=36.80 75=103.10 90=173.57 95=413.44 99=1166.34 99.9=5074.94 99.99=14278.66]
2025-04-21 20:54:28 17 sec: 109830 operations; [READ: Count=55050 Max=4882.43 Min=2.46 Avg=85.90 10=14.38 25=18.16 50=25.70 75=92.48 90=155.26 95=371.71 99=993.79 99.9=1792.00 99.99=2363.39] [UPDATE: Count=54780 Max=17678.33 Min=7.33 Avg=111.99 10=22.37 25=27.63 50=37.15 75=104.89 90=182.14 95=404.74 99=1138.69 99.9=4632.57 99.99=14278.66]
2025-04-21 20:54:29 18 sec: 119938 operations; [READ: Count=60149 Max=4882.43 Min=2.46 Avg=86.19 10=14.38 25=18.22 50=26.13 75=94.08 90=165.89 95=366.85 99=969.73 99.9=1768.45 99.99=2402.30] [UPDATE: Count=59789 Max=17678.33 Min=7.33 Avg=111.56 10=22.35 25=27.71 50=37.57 75=106.05 90=191.49 95=398.85 99=1108.99 99.9=4024.32 99.99=13418.50]
2025-04-21 20:54:30 19 sec: 129190 operations; [READ: Count=64716 Max=4882.43 Min=2.45 Avg=87.25 10=14.38 25=18.32 50=26.54 75=95.23 90=174.85 95=365.82 99=955.39 99.9=1766.40 99.99=2641.92] [UPDATE: Count=64474 Max=17678.33 Min=7.33 Avg=111.66 10=22.30 25=27.76 50=37.95 75=106.88 90=196.74 95=395.77 99=1085.44 99.9=3989.50 99.99=13418.50]
2025-04-21 20:54:31 20 sec: 138481 operations; [READ: Count=69382 Max=4882.43 Min=2.45 Avg=88.23 10=14.38 25=18.37 50=26.83 75=95.68 90=180.09 95=367.62 99=951.29 99.9=1766.40 99.99=2541.57] [UPDATE: Count=69099 Max=17678.33 Min=7.33 Avg=111.64 10=22.25 25=27.77 50=38.14 75=107.14 90=200.19 95=394.75 99=1076.22 99.9=3891.20 99.99=13402.11]
2025-04-21 20:54:32 21 sec: 148980 operations; [READ: Count=74597 Max=4882.43 Min=2.45 Avg=87.98 10=14.28 25=18.29 50=26.82 75=95.36 90=181.12 95=365.31 99=944.13 99.9=1743.87 99.99=2641.92] [UPDATE: Count=74383 Max=17678.33 Min=7.33 Avg=111.08 10=22.09 25=27.65 50=38.02 75=106.94 90=202.37 95=393.47 99=1069.06 99.9=3639.30 99.99=13402.11]
2025-04-21 20:54:33 22 sec: 161710 operations; [READ: Count=81012 Max=4882.43 Min=2.45 Avg=86.74 10=14.05 25=18.06 50=26.56 75=94.78 90=179.58 95=359.17 99=923.13 99.9=1711.10 99.99=2541.57] [UPDATE: Count=80698 Max=17678.33 Min=7.33 Avg=108.88 10=21.71 25=27.23 50=37.47 75=105.98 90=199.42 95=385.79 99=1049.60 99.9=3350.53 99.99=12984.32]
2025-04-21 20:54:34 23 sec: 176152 operations; [READ: Count=88143 Max=4882.43 Min=2.45 Avg=84.73 10=13.79 25=17.77 50=26.13 75=93.82 90=177.02 95=352.51 99=899.07 99.9=1692.67 99.99=2537.47] [UPDATE: Count=88009 Max=17678.33 Min=7.33 Avg=106.05 10=21.28 25=26.75 50=36.77 75=104.70 90=195.84 95=378.11 99=1014.78 99.9=3217.41 99.99=12918.78]
2025-04-21 20:54:35 24 sec: 189924 operations; [READ: Count=95138 Max=4882.43 Min=2.39 Avg=83.48 10=13.60 25=17.57 50=25.82 75=92.80 90=175.36 95=349.95 99=882.69 99.9=1670.14 99.99=2492.41] [UPDATE: Count=94786 Max=17678.33 Min=7.33 Avg=103.87 10=21.02 25=26.43 50=36.26 75=103.55 90=191.74 95=373.25 99=997.89 99.9=3137.53 99.99=12918.78]
2025-04-21 20:54:36 25 sec: 200700 operations; [READ: Count=100526 Max=4882.43 Min=2.39 Avg=83.45 10=13.55 25=17.57 50=25.90 75=92.99 90=176.64 95=349.18 99=871.42 99.9=1666.05 99.99=2498.56] [UPDATE: Count=100174 Max=17678.33 Min=7.33 Avg=103.70 10=21.01 25=26.45 50=36.35 75=103.74 90=193.53 95=372.48 99=988.16 99.9=3106.82 99.99=12738.56]
2025-04-21 20:54:37 26 sec: 211065 operations; [READ: Count=105708 Max=5361.66 Min=2.39 Avg=83.56 10=13.41 25=17.44 50=25.84 75=92.93 90=177.41 95=348.93 99=864.77 99.9=1666.05 99.99=2537.47] [UPDATE: Count=105357 Max=17678.33 Min=7.33 Avg=103.78 10=20.82 25=26.27 50=36.22 75=103.68 90=194.69 95=372.48 99=983.55 99.9=3131.39 99.99=12410.88]
2025-04-21 20:54:38 27 sec: 226162 operations; [READ: Count=113336 Max=5361.66 Min=2.39 Avg=82.02 10=13.28 25=17.14 50=25.70 75=91.84 90=173.18 95=338.94 99=843.77 99.9=1652.73 99.99=2537.47] [UPDATE: Count=112826 Max=17678.33 Min=7.33 Avg=101.54 10=20.51 25=25.82 50=36.03 75=102.46 90=189.18 95=361.73 99=958.98 99.9=3026.94 99.99=12410.88]
2025-04-21 20:54:39 28 sec: 245700 operations; [READ: Count=122996 Max=5361.66 Min=2.39 Avg=79.23 10=12.98 25=16.57 50=25.39 75=89.34 90=164.09 95=326.65 99=810.50 99.9=1634.30 99.99=2498.56] [UPDATE: Count=122704 Max=17678.33 Min=7.15 Avg=97.73 10=19.87 25=24.98 50=35.65 75=99.39 90=179.33 95=346.11 99=926.72 99.9=2893.82 99.99=12361.73]
2025-04-21 20:54:40 29 sec: 266660 operations; [READ: Count=133304 Max=5361.66 Min=2.39 Avg=76.42 10=12.77 25=16.17 50=25.01 75=86.85 90=153.60 95=311.04 99=779.77 99.9=1600.51 99.99=2492.41] [UPDATE: Count=133356 Max=17678.33 Min=7.15 Avg=93.97 10=19.47 25=24.30 50=35.20 75=96.38 90=169.73 95=329.21 99=889.86 99.9=2684.93 99.99=12247.04]
2025-04-21 20:54:41 30 sec: 288006 operations; [READ: Count=143997 Max=5361.66 Min=2.26 Avg=73.89 10=12.53 25=15.78 50=24.53 75=84.99 90=141.31 95=295.17 99=753.15 99.9=1565.69 99.99=2402.30] [UPDATE: Count=144009 Max=17678.33 Min=7.15 Avg=90.69 10=19.09 25=23.66 50=34.62 75=93.95 90=160.51 95=315.13 99=856.58 99.9=2543.61 99.99=11698.17]
2025-04-21 20:54:42 31 sec: 306526 operations; [READ: Count=153411 Max=5361.66 Min=2.26 Avg=72.39 10=12.30 25=15.47 50=24.08 75=83.84 90=133.89 95=287.49 99=733.70 99.9=1546.24 99.99=2363.39] [UPDATE: Count=153115 Max=17678.33 Min=7.15 Avg=88.69 10=18.78 25=23.20 50=34.14 75=92.61 90=154.24 95=307.45 99=831.49 99.9=2480.13 99.99=11386.88]
2025-04-21 20:54:43 32 sec: 329767 operations; [READ: Count=165065 Max=5361.66 Min=2.26 Avg=70.01 10=12.05 25=15.19 50=23.54 75=82.50 90=124.67 95=268.54 99=706.05 99.9=1518.59 99.99=2277.38] [UPDATE: Count=164702 Max=17678.33 Min=7.15 Avg=85.67 10=18.48 25=22.72 50=33.47 75=90.88 90=142.59 95=290.81 99=799.23 99.9=2293.76 99.99=10960.90]
2025-04-21 20:54:44 33 sec: 351755 operations; [READ: Count=176005 Max=5361.66 Min=2.23 Avg=68.24 10=11.80 25=15.02 50=23.01 75=81.73 90=120.19 95=255.10 99=685.57 99.9=1505.28 99.99=2246.66] [UPDATE: Count=175750 Max=17678.33 Min=7.15 Avg=83.29 10=18.24 25=22.38 50=32.83 75=89.79 90=135.94 95=276.99 99=772.10 99.9=2226.18 99.99=10240.00]
2025-04-21 20:54:45 34 sec: 374895 operations; [READ: Count=187564 Max=5361.66 Min=2.23 Avg=66.37 10=11.46 25=14.81 50=22.41 75=80.83 90=115.97 95=241.41 99=663.04 99.9=1478.65 99.99=2228.22] [UPDATE: Count=187331 Max=17678.33 Min=7.15 Avg=81.03 10=17.93 25=22.06 50=32.24 75=88.77 90=130.81 95=262.40 99=742.40 99.9=2134.01 99.99=9961.47]
2025-04-21 20:54:46 35 sec: 397366 operations; [READ: Count=198744 Max=5361.66 Min=2.23 Avg=64.88 10=11.02 25=14.64 50=21.89 75=80.13 90=113.22 95=229.63 99=646.14 99.9=1458.17 99.99=2217.98] [UPDATE: Count=198622 Max=17678.33 Min=7.15 Avg=79.12 10=17.60 25=21.77 50=31.65 75=88.00 90=127.30 95=250.75 99=720.89 99.9=2065.41 99.99=9797.63]
2025-04-21 20:54:47 36 sec: 417510 operations; [READ: Count=208817 Max=5361.66 Min=2.23 Avg=63.89 10=10.38 25=14.50 50=21.38 75=79.68 90=111.61 95=224.64 99=633.34 99.9=1443.84 99.99=2213.89] [UPDATE: Count=208693 Max=17678.33 Min=7.15 Avg=77.88 10=17.33 25=21.55 50=31.14 75=87.55 90=125.50 95=244.86 99=698.37 99.9=2039.81 99.99=9641.98]
2025-04-21 20:54:48 37 sec: 441058 operations; [READ: Count=220572 Max=5361.66 Min=2.23 Avg=62.47 10=9.44 25=14.34 50=20.83 75=79.04 90=109.44 95=213.89 99=616.45 99.9=1426.43 99.99=2197.50] [UPDATE: Count=220486 Max=17678.33 Min=7.15 Avg=76.17 10=16.94 25=21.30 50=30.54 75=86.85 90=122.69 95=233.22 99=677.89 99.9=2002.94 99.99=9232.38]
2025-04-21 20:54:49 38 sec: 465830 operations; [READ: Count=232979 Max=5361.66 Min=2.22 Avg=61.07 10=8.63 25=14.21 50=20.34 75=78.46 90=107.39 95=201.85 99=599.55 99.9=1404.93 99.99=2197.50] [UPDATE: Count=232851 Max=17678.33 Min=7.15 Avg=74.41 10=16.50 25=21.09 50=29.95 75=86.21 90=120.06 95=222.46 99=654.85 99.9=1936.38 99.99=8945.66]
2025-04-21 20:54:50 39 sec: 490591 operations; [READ: Count=245532 Max=5361.66 Min=2.22 Avg=59.82 10=8.03 25=14.10 50=19.87 75=78.02 90=105.53 95=190.97 99=584.70 99.9=1370.11 99.99=2148.35] [UPDATE: Count=245059 Max=17678.33 Min=7.15 Avg=72.83 10=16.00 25=20.89 50=29.33 75=85.63 90=117.89 95=212.09 99=637.44 99.9=1889.28 99.99=8527.87]
2025-04-21 20:54:51 40 sec: 515349 operations; [READ: Count=257910 Max=5361.66 Min=2.22 Avg=58.67 10=7.58 25=14.01 50=19.44 75=77.63 90=103.87 95=182.14 99=569.86 99.9=1355.78 99.99=2138.11] [UPDATE: Count=257439 Max=17678.33 Min=7.00 Avg=71.40 10=15.57 25=20.75 50=28.77 75=85.25 90=116.03 95=203.26 99=618.50 99.9=1844.22 99.99=8306.69]
2025-04-21 20:54:52 41 sec: 537579 operations; [READ: Count=269062 Max=5361.66 Min=2.22 Avg=57.91 10=7.28 25=13.92 50=19.05 75=77.31 90=102.78 95=178.30 99=560.13 99.9=1341.44 99.99=2103.30] [UPDATE: Count=268517 Max=17678.33 Min=7.00 Avg=70.44 10=15.16 25=20.61 50=28.29 75=84.86 90=114.75 95=198.66 99=606.21 99.9=1818.62 99.99=8024.06]
2025-04-21 20:54:53 42 sec: 562710 operations; [READ: Count=281498 Max=5361.66 Min=2.22 Avg=56.90 10=7.00 25=13.83 50=18.70 75=76.93 90=101.31 95=172.16 99=548.35 99.9=1318.91 99.99=2101.25] [UPDATE: Count=281212 Max=17678.33 Min=7.00 Avg=69.20 10=14.78 25=20.45 50=27.81 75=84.42 90=112.96 95=190.72 99=591.87 99.9=1796.10 99.99=7553.02]
2025-04-21 20:54:54 43 sec: 589807 operations; [READ: Count=294959 Max=5361.66 Min=2.22 Avg=55.78 10=6.78 25=13.73 50=18.37 75=76.54 90=99.71 95=165.50 99=534.53 99.9=1302.53 99.99=2095.10] [UPDATE: Count=294848 Max=17678.33 Min=7.00 Avg=67.84 10=14.43 25=20.30 50=27.31 75=84.03 90=110.97 95=183.04 99=577.02 99.9=1753.09 99.99=7499.77]
2025-04-21 20:54:55 44 sec: 616094 operations; [READ: Count=308121 Max=5361.66 Min=2.04 Avg=54.83 10=6.60 25=13.63 50=18.08 75=76.22 90=98.30 95=159.62 99=522.50 99.9=1287.17 99.99=2082.82] [UPDATE: Count=307973 Max=17678.33 Min=7.00 Avg=66.69 10=14.13 25=20.16 50=26.89 75=83.65 90=109.38 95=177.92 99=563.20 99.9=1730.56 99.99=7069.69]
2025-04-21 20:54:56 45 sec: 643510 operations; [READ: Count=321984 Max=5361.66 Min=2.04 Avg=53.84 10=6.45 25=13.54 50=17.79 75=75.90 90=96.89 95=153.34 99=509.69 99.9=1271.81 99.99=2070.53] [UPDATE: Count=321526 Max=17678.33 Min=7.00 Avg=65.54 10=13.86 25=20.02 50=26.50 75=83.26 90=107.84 95=172.80 99=549.89 99.9=1689.60 99.99=6922.24]
2025-04-21 20:54:57 46 sec: 667924 operations; [READ: Count=334288 Max=5361.66 Min=2.04 Avg=53.18 10=6.32 25=13.46 50=17.57 75=75.65 90=95.94 95=148.74 99=501.50 99.9=1259.52 99.99=2067.45] [UPDATE: Count=333636 Max=17678.33 Min=6.94 Avg=64.79 10=13.67 25=19.90 50=26.19 75=83.01 90=106.75 95=169.98 99=540.67 99.9=1654.78 99.99=6668.29]
2025-04-21 20:54:58 47 sec: 691950 operations; [READ: Count=346205 Max=5361.66 Min=2.04 Avg=52.61 10=6.21 25=13.38 50=17.39 75=75.45 90=95.17 95=144.90 99=495.10 99.9=1244.16 99.99=2016.26] [UPDATE: Count=345745 Max=17678.33 Min=6.94 Avg=64.09 10=13.52 25=19.79 50=25.90 75=82.81 90=105.86 95=167.29 99=532.48 99.9=1631.23 99.99=6545.41]
2025-04-21 20:54:59 48 sec: 719404 operations; [READ: Count=359823 Max=5361.66 Min=2.04 Avg=51.82 10=6.13 25=13.29 50=17.21 75=75.20 90=94.08 95=137.85 99=483.58 99.9=1228.80 99.99=2008.06] [UPDATE: Count=359581 Max=17678.33 Min=6.94 Avg=63.14 10=13.37 25=19.70 50=25.61 75=82.50 90=104.51 95=162.69 99=521.22 99.9=1606.65 99.99=6500.35]
2025-04-21 20:55:00 49 sec: 745141 operations; [READ: Count=372642 Max=5361.66 Min=2.04 Avg=51.21 10=6.05 25=13.23 50=17.07 75=75.01 90=93.31 95=133.63 99=473.09 99.9=1221.63 99.99=1998.85] [UPDATE: Count=372499 Max=17678.33 Min=6.94 Avg=62.41 10=13.25 25=19.60 50=25.39 75=82.30 90=103.61 95=159.10 99=509.69 99.9=1586.17 99.99=6430.72]
2025-04-21 20:55:01 50 sec: 769859 operations; [READ: Count=385006 Max=5361.66 Min=2.04 Avg=50.71 10=6.01 25=13.17 50=16.96 75=74.88 90=92.80 95=131.71 99=464.13 99.9=1215.49 99.99=1988.61] [UPDATE: Count=384853 Max=17678.33 Min=6.94 Avg=61.80 10=13.16 25=19.52 50=25.20 75=82.11 90=102.97 95=156.80 99=499.97 99.9=1565.69 99.99=6352.90]
2025-04-21 20:55:02 51 sec: 793366 operations; [READ: Count=396842 Max=5361.66 Min=2.04 Avg=50.29 10=5.97 25=13.11 50=16.86 75=74.69 90=92.29 95=130.30 99=459.77 99.9=1207.30 99.99=1975.30] [UPDATE: Count=396524 Max=17678.33 Min=6.94 Avg=61.36 10=13.10 25=19.44 50=25.07 75=81.98 90=102.46 95=155.52 99=494.85 99.9=1551.36 99.99=6299.65]
2025-04-21 20:55:03 52 sec: 818341 operations; [READ: Count=409369 Max=5361.66 Min=2.04 Avg=49.81 10=5.93 25=13.04 50=16.77 75=74.56 90=91.71 95=128.13 99=453.89 99.9=1200.13 99.99=1975.30] [UPDATE: Count=408972 Max=17678.33 Min=6.94 Avg=60.83 10=13.02 25=19.38 50=24.91 75=81.86 90=101.82 95=152.70 99=488.70 99.9=1534.97 99.99=6049.79]
2025-04-21 20:55:04 53 sec: 845439 operations; [READ: Count=422996 Max=5361.66 Min=2.04 Avg=49.23 10=5.89 25=12.97 50=16.69 75=74.37 90=91.07 95=125.69 99=447.74 99.9=1183.74 99.99=1961.98] [UPDATE: Count=422443 Max=17678.33 Min=6.94 Avg=60.18 10=12.96 25=19.30 50=24.78 75=81.66 90=101.06 95=148.74 99=481.79 99.9=1507.33 99.99=5922.81]
2025-04-21 20:55:05 54 sec: 870330 operations; [READ: Count=435364 Max=5361.66 Min=2.04 Avg=48.83 10=5.87 25=12.89 50=16.61 75=74.17 90=90.69 95=124.86 99=442.62 99.9=1173.50 99.99=1954.82] [UPDATE: Count=434966 Max=17678.33 Min=6.94 Avg=59.71 10=12.90 25=19.21 50=24.64 75=81.53 90=100.67 95=147.33 99=476.42 99.9=1485.82 99.99=5857.28]
2025-04-21 20:55:06 55 sec: 892622 operations; [READ: Count=446471 Max=5361.66 Min=2.04 Avg=48.57 10=5.86 25=12.84 50=16.57 75=74.11 90=90.62 95=124.86 99=438.01 99.9=1162.24 99.99=1950.72] [UPDATE: Count=446151 Max=17678.33 Min=6.94 Avg=59.45 10=12.90 25=19.18 50=24.61 75=81.47 90=100.54 95=147.33 99=472.57 99.9=1482.75 99.99=5763.07]
2025-04-21 20:55:07 56 sec: 911145 operations; [READ: Count=455711 Max=47546.37 Min=2.04 Avg=48.61 10=5.86 25=12.78 50=16.54 75=74.05 90=90.56 95=125.31 99=439.30 99.9=1159.17 99.99=1954.82] [UPDATE: Count=455434 Max=17678.33 Min=6.94 Avg=59.38 10=12.89 25=19.14 50=24.56 75=81.41 90=100.54 95=148.48 99=473.60 99.9=1475.58 99.99=5705.73]
2025-04-21 20:55:08 57 sec: 926124 operations; [READ: Count=463259 Max=47546.37 Min=2.04 Avg=48.78 10=5.89 25=12.77 50=16.59 75=74.17 90=90.81 95=125.82 99=441.60 99.9=1159.17 99.99=1961.98] [UPDATE: Count=462865 Max=17678.33 Min=6.90 Avg=59.59 10=12.93 25=19.14 50=24.61 75=81.60 90=100.86 95=149.76 99=475.39 99.9=1475.58 99.99=5763.07]
2025-04-21 20:55:09 58 sec: 944167 operations; [READ: Count=472234 Max=47546.37 Min=2.04 Avg=48.81 10=5.92 25=12.75 50=16.62 75=74.30 90=91.01 95=126.08 99=438.78 99.9=1155.07 99.99=1956.86] [UPDATE: Count=471933 Max=17678.33 Min=6.90 Avg=59.57 10=12.99 25=19.14 50=24.66 75=81.73 90=100.99 95=149.76 99=473.34 99.9=1458.17 99.99=5763.07]
2025-04-21 20:55:10 59 sec: 957936 operations; [READ: Count=479216 Max=47546.37 Min=2.04 Avg=49.10 10=5.95 25=12.76 50=16.69 75=74.56 90=91.52 95=128.38 99=438.78 99.9=1148.93 99.99=1954.82] [UPDATE: Count=478720 Max=17678.33 Min=6.90 Avg=59.79 10=13.04 25=19.17 50=24.72 75=81.92 90=101.44 95=152.45 99=472.32 99.9=1447.93 99.99=5705.73]
2025-04-21 20:55:11 60 sec: 971513 operations; [READ: Count=485942 Max=47546.37 Min=2.04 Avg=49.36 10=5.97 25=12.78 50=16.73 75=74.81 90=92.03 95=130.43 99=438.27 99.9=1141.76 99.99=1950.72] [UPDATE: Count=485571 Max=17678.33 Min=6.90 Avg=60.04 10=13.09 25=19.18 50=24.80 75=82.17 90=102.02 95=155.13 99=471.81 99.9=1436.67 99.99=5677.06]
2025-04-21 20:55:12 61 sec: 984789 operations; [READ: Count=492442 Max=47546.37 Min=2.04 Avg=49.64 10=6.00 25=12.80 50=16.78 75=75.01 90=92.48 95=132.22 99=438.78 99.9=1136.64 99.99=1950.72] [UPDATE: Count=492347 Max=17678.33 Min=6.90 Avg=60.29 10=13.13 25=19.20 50=24.88 75=82.43 90=102.53 95=156.93 99=472.57 99.9=1434.62 99.99=5677.06]
2025-04-21 20:55:13 62 sec: 997161 operations; [READ: Count=498648 Max=47546.37 Min=2.04 Avg=49.97 10=6.01 25=12.81 50=16.83 75=75.26 90=93.06 95=135.94 99=440.06 99.9=1134.59 99.99=1950.72] [UPDATE: Count=498513 Max=17678.33 Min=6.90 Avg=60.58 10=13.16 25=19.23 50=24.94 75=82.69 90=103.10 95=159.74 99=472.06 99.9=1430.53 99.99=5582.85]
2025-04-21 20:55:13 62 sec: 1000000 operations; [READ: Count=500060 Max=47546.37 Min=2.04 Avg=50.05 10=6.02 25=12.81 50=16.85 75=75.33 90=93.25 95=137.34 99=440.06 99.9=1134.59 99.99=1950.72] [UPDATE: Count=499940 Max=17678.33 Min=6.90 Avg=60.66 10=13.17 25=19.23 50=24.96 75=82.75 90=103.23 95=160.77 99=471.81 99.9=1429.50 99.99=5582.85]
Run runtime(sec): 62.3636
Run operations(ops): 1000000
Run throughput(ops/sec): 16035
