Running scope as unit: run-r27b4e4acd78c4e68a14aaeae345c1227.scope
load file:/home/user/DataFiles/silesia_data/silesia.tar
2025-04-21 20:54:11 0 sec: 0 operations;
2025-04-21 20:54:12 1 sec: 0 operations;
2025-04-21 20:54:13 2 sec: 0 operations;
2025-04-21 20:54:14 3 sec: 0 operations;
2025-04-21 20:54:15 4 sec: 0 operations;
2025-04-21 20:54:16 5 sec: 0 operations;
2025-04-21 20:54:17 6 sec: 0 operations;
2025-04-21 20:54:18 7 sec: 6773 operations; [READ: Count=3456 Max=2494.46 Min=3.71 Avg=119.33 10=15.40 25=19.60 50=26.48 75=37.15 90=123.78 95=863.23 99=1711.10 99.9=2179.07 99.99=2494.46] [UPDATE: Count=3317 Max=12959.74 Min=10.16 Avg=168.85 10=24.98 25=30.85 50=39.36 75=56.99 90=165.38 95=985.60 99=1886.21 99.9=8724.48 99.99=12959.74]
2025-04-21 20:54:19 8 sec: 12901 operations; [READ: Count=6521 Max=4448.26 Min=3.71 Avg=120.11 10=16.94 25=21.65 50=29.42 75=43.20 90=143.87 95=844.29 99=1615.87 99.9=2046.97 99.99=2494.46] [UPDATE: Count=6380 Max=18972.67 Min=10.16 Avg=185.46 10=27.26 25=33.89 50=44.03 75=65.22 90=186.75 95=929.28 99=1931.26 99.9=12959.74 99.99=17317.89]
2025-04-21 20:54:20 9 sec: 18908 operations; [READ: Count=9519 Max=4448.26 Min=3.71 Avg=124.03 10=16.69 25=21.54 50=29.33 75=42.94 90=222.72 95=872.96 99=1546.24 99.9=2046.97 99.99=3143.68] [UPDATE: Count=9389 Max=18972.67 Min=8.50 Avg=189.43 10=26.78 25=33.44 50=43.33 75=64.99 90=328.19 95=948.22 99=1886.21 99.9=12959.74 99.99=17317.89]
2025-04-21 20:54:21 10 sec: 31885 operations; [READ: Count=16062 Max=4448.26 Min=2.19 Avg=100.04 10=15.81 25=20.56 50=28.19 75=41.60 90=133.76 95=604.16 99=1371.13 99.9=1996.80 99.99=2734.08] [UPDATE: Count=15823 Max=18972.67 Min=8.18 Avg=147.78 10=24.61 25=30.91 50=40.58 75=60.41 90=166.14 95=710.65 99=1612.80 99.9=11083.77 99.99=17203.20]
2025-04-21 20:54:22 11 sec: 51171 operations; [READ: Count=25774 Max=4448.26 Min=2.19 Avg=78.91 10=13.38 25=17.82 50=24.82 75=37.05 90=113.47 95=348.42 99=1189.89 99.9=1871.87 99.99=2494.46] [UPDATE: Count=25397 Max=18972.67 Min=7.95 Avg=113.89 10=21.07 25=26.78 50=36.00 75=53.09 90=133.76 95=406.01 99=1331.20 99.9=8585.22 99.99=16048.13]
2025-04-21 20:54:23 12 sec: 72403 operations; [READ: Count=36330 Max=4448.26 Min=2.19 Avg=67.67 10=12.66 25=16.28 50=22.86 75=33.98 90=105.66 95=274.94 99=1054.72 99.9=1826.82 99.99=2494.46] [UPDATE: Count=36073 Max=18972.67 Min=7.72 Avg=95.56 10=19.77 25=24.88 50=33.15 75=47.77 90=121.02 95=322.05 99=1171.45 99.9=6258.69 99.99=15466.50]
2025-04-21 20:54:24 13 sec: 97662 operations; [READ: Count=49073 Max=4448.26 Min=2.19 Avg=58.68 10=12.33 25=15.50 50=21.63 75=31.38 90=98.62 95=185.34 99=937.47 99.9=1746.94 99.99=2328.57] [UPDATE: Count=48589 Max=18972.67 Min=7.54 Avg=82.36 10=19.17 25=23.79 50=31.20 75=43.77 90=111.74 95=236.80 99=1060.86 99.9=4567.04 99.99=14262.27]
2025-04-21 20:54:25 14 sec: 126158 operations; [READ: Count=63169 Max=4448.26 Min=2.19 Avg=52.16 10=12.09 25=15.00 50=20.85 75=29.66 90=89.47 95=137.22 99=860.67 99.9=1673.21 99.99=2299.90] [UPDATE: Count=62989 Max=18972.67 Min=7.48 Avg=72.40 10=18.73 25=23.14 50=30.00 75=41.12 90=102.14 95=160.77 99=956.93 99.9=3274.75 99.99=13918.21]
2025-04-21 20:54:26 15 sec: 151011 operations; [READ: Count=75596 Max=4448.26 Min=2.19 Avg=48.88 10=11.94 25=14.82 50=20.57 75=29.01 90=53.66 95=123.71 99=806.91 99.9=1638.40 99.99=2220.03] [UPDATE: Count=75415 Max=18972.67 Min=7.45 Avg=68.12 10=18.50 25=22.85 50=29.54 75=40.22 90=92.67 95=145.53 99=909.82 99.9=2932.74 99.99=13082.62]
2025-04-21 20:54:27 16 sec: 164085 operations; [READ: Count=82254 Max=4448.26 Min=2.19 Avg=50.29 10=11.97 25=14.97 50=20.88 75=29.71 90=85.69 95=130.56 99=806.91 99.9=1640.45 99.99=2293.76] [UPDATE: Count=81831 Max=18972.67 Min=7.45 Avg=69.43 10=18.57 25=23.04 50=29.92 75=41.12 90=100.35 95=155.52 99=915.97 99.9=2932.74 99.99=13082.62]
2025-04-21 20:54:28 17 sec: 176368 operations; [READ: Count=88345 Max=4448.26 Min=2.19 Avg=51.73 10=11.98 25=15.10 50=21.18 75=30.53 90=94.02 95=146.05 99=779.26 99.9=1602.56 99.99=2246.66] [UPDATE: Count=88023 Max=18972.67 Min=7.45 Avg=70.84 10=18.62 25=23.21 50=30.29 75=42.17 90=106.56 95=178.56 99=897.02 99.9=2818.05 99.99=12959.74]
2025-04-21 20:54:29 18 sec: 189317 operations; [READ: Count=94842 Max=4448.26 Min=2.19 Avg=52.92 10=11.97 25=15.20 50=21.42 75=31.34 90=97.60 95=161.15 99=761.34 99.9=1594.37 99.99=2246.66] [UPDATE: Count=94475 Max=18972.67 Min=7.45 Avg=71.70 10=18.67 25=23.34 50=30.57 75=43.20 90=110.02 95=197.12 99=869.89 99.9=2777.09 99.99=12959.74]
2025-04-21 20:54:30 19 sec: 203243 operations; [READ: Count=101909 Max=5263.36 Min=2.19 Avg=53.68 10=11.96 25=15.26 50=21.54 75=31.84 90=99.52 95=173.18 99=735.23 99.9=1569.79 99.99=2293.76] [UPDATE: Count=101334 Max=18972.67 Min=7.45 Avg=72.14 10=18.67 25=23.38 50=30.72 75=43.81 90=112.00 95=210.56 99=852.48 99.9=2701.31 99.99=12804.09]
2025-04-21 20:54:31 20 sec: 218326 operations; [READ: Count=109522 Max=5263.36 Min=2.19 Avg=53.98 10=11.92 25=15.24 50=21.55 75=31.90 90=100.16 95=179.46 99=726.01 99.9=1562.62 99.99=2246.66] [UPDATE: Count=108804 Max=18972.67 Min=7.45 Avg=72.19 10=18.64 25=23.38 50=30.72 75=44.00 90=112.83 95=215.81 99=842.75 99.9=2650.11 99.99=12640.25]
2025-04-21 20:54:32 21 sec: 235987 operations; [READ: Count=118420 Max=5263.36 Min=2.19 Avg=53.69 10=11.85 25=15.13 50=21.45 75=31.73 90=100.09 95=181.50 99=710.14 99.9=1556.48 99.99=2293.76] [UPDATE: Count=117567 Max=18972.67 Min=7.45 Avg=71.37 10=18.54 25=23.25 50=30.53 75=43.62 90=112.51 95=214.14 99=823.81 99.9=2545.66 99.99=12410.88]
2025-04-21 20:54:33 22 sec: 249108 operations; [READ: Count=124955 Max=5263.36 Min=2.19 Avg=54.54 10=11.83 25=15.21 50=21.61 75=32.24 90=101.63 95=191.10 99=697.86 99.9=1547.26 99.99=2293.76] [UPDATE: Count=124153 Max=18972.67 Min=7.45 Avg=71.86 10=18.56 25=23.31 50=30.69 75=44.29 90=113.98 95=222.59 99=808.96 99.9=2531.33 99.99=12410.88]
2025-04-21 20:54:34 23 sec: 263058 operations; [READ: Count=131959 Max=5263.36 Min=2.19 Avg=55.12 10=11.80 25=15.21 50=21.54 75=32.77 90=102.72 95=200.45 99=679.42 99.9=1536.00 99.99=2246.66] [UPDATE: Count=131099 Max=18972.67 Min=7.17 Avg=72.09 10=18.53 25=23.25 50=30.59 75=44.99 90=115.14 95=232.19 99=790.01 99.9=2476.03 99.99=12124.16]
2025-04-21 20:54:35 24 sec: 276572 operations; [READ: Count=138755 Max=5263.36 Min=2.19 Avg=55.59 10=11.75 25=15.29 50=21.49 75=33.22 90=103.36 95=207.36 99=667.65 99.9=1528.83 99.99=2230.27] [UPDATE: Count=137817 Max=18972.67 Min=7.17 Avg=72.54 10=18.51 25=23.28 50=30.56 75=45.63 90=116.22 95=241.28 99=779.26 99.9=2435.07 99.99=12025.85]
2025-04-21 20:54:36 25 sec: 290894 operations; [READ: Count=145802 Max=5263.36 Min=2.19 Avg=55.94 10=11.69 25=15.26 50=21.31 75=33.63 90=103.94 95=213.89 99=660.48 99.9=1509.38 99.99=2220.03] [UPDATE: Count=145092 Max=18972.67 Min=7.17 Avg=72.66 10=18.45 25=23.15 50=30.35 75=46.17 90=116.61 95=246.91 99=768.00 99.9=2435.07 99.99=11411.45]
2025-04-21 20:54:37 26 sec: 305557 operations; [READ: Count=153063 Max=5263.36 Min=2.19 Avg=56.04 10=11.58 25=15.15 50=21.09 75=34.02 90=103.94 95=217.09 99=654.34 99.9=1499.13 99.99=2230.27] [UPDATE: Count=152494 Max=18972.67 Min=7.17 Avg=72.83 10=18.34 25=22.91 50=30.08 75=46.85 90=116.67 95=250.62 99=759.81 99.9=2476.03 99.99=11411.45]
2025-04-21 20:54:38 27 sec: 326052 operations; [READ: Count=163274 Max=5263.36 Min=2.19 Avg=55.27 10=11.42 25=14.89 50=20.73 75=34.56 90=102.91 95=209.28 99=631.29 99.9=1478.65 99.99=2220.03] [UPDATE: Count=162778 Max=18972.67 Min=7.17 Avg=71.53 10=18.11 25=22.48 50=29.66 75=47.58 90=115.33 95=242.43 99=735.23 99.9=2414.59 99.99=11083.77]
2025-04-21 20:54:39 28 sec: 349921 operations; [READ: Count=175166 Max=5263.36 Min=2.19 Avg=54.02 10=11.18 25=14.65 50=20.34 75=35.10 90=101.12 95=193.66 99=603.13 99.9=1447.93 99.99=2158.59] [UPDATE: Count=174755 Max=18972.67 Min=7.17 Avg=69.73 10=17.86 25=22.08 50=29.23 75=48.61 90=113.02 95=226.56 99=700.41 99.9=2201.60 99.99=10084.35]
2025-04-21 20:54:40 29 sec: 376354 operations; [READ: Count=188477 Max=5263.36 Min=2.19 Avg=52.55 10=10.86 25=14.40 50=19.87 75=35.58 90=98.75 95=176.38 99=581.63 99.9=1418.24 99.99=2069.50] [UPDATE: Count=187877 Max=18972.67 Min=7.17 Avg=67.71 10=17.57 25=21.66 50=28.70 75=49.31 90=110.27 95=207.49 99=669.70 99.9=2097.15 99.99=9871.36]
2025-04-21 20:54:41 30 sec: 402456 operations; [READ: Count=201492 Max=5263.36 Min=2.19 Avg=51.32 10=10.41 25=14.18 50=19.41 75=36.00 90=97.09 95=164.35 99=561.15 99.9=1399.81 99.99=2049.02] [UPDATE: Count=200964 Max=18972.67 Min=7.17 Avg=66.00 10=17.23 25=21.28 50=28.19 75=49.98 90=108.09 95=193.02 99=635.39 99.9=2040.83 99.99=9396.22]
2025-04-21 20:54:42 31 sec: 425426 operations; [READ: Count=213022 Max=5263.36 Min=2.19 Avg=50.66 10=9.90 25=14.03 50=19.02 75=36.13 90=96.06 95=159.74 99=551.42 99.9=1374.21 99.99=2046.97] [UPDATE: Count=212404 Max=18972.67 Min=7.17 Avg=64.94 10=16.96 25=21.05 50=27.74 75=50.14 90=106.88 95=187.26 99=620.54 99.9=2002.94 99.99=9076.74]
2025-04-21 20:54:43 32 sec: 453437 operations; [READ: Count=226950 Max=5263.36 Min=2.08 Avg=49.43 10=9.15 25=13.91 50=18.61 75=36.22 90=94.27 95=147.46 99=529.92 99.9=1359.87 99.99=2009.09] [UPDATE: Count=226487 Max=18972.67 Min=7.17 Avg=63.33 10=16.62 25=20.85 50=27.26 75=50.43 90=104.96 95=173.69 99=598.53 99.9=1889.28 99.99=8675.33]
2025-04-21 20:54:44 33 sec: 480507 operations; [READ: Count=240518 Max=5263.36 Min=2.08 Avg=48.46 10=8.42 25=13.78 50=18.24 75=36.35 90=92.99 95=138.24 99=512.77 99.9=1340.41 99.99=2009.09] [UPDATE: Count=239989 Max=18972.67 Min=7.17 Avg=62.02 10=16.30 25=20.64 50=26.82 75=50.66 90=103.55 95=164.74 99=577.53 99.9=1828.86 99.99=8667.14]
2025-04-21 20:54:45 34 sec: 508517 operations; [READ: Count=254665 Max=5263.36 Min=2.08 Avg=47.50 10=7.85 25=13.65 50=17.89 75=36.41 90=91.78 95=130.88 99=496.89 99.9=1321.98 99.99=1997.82] [UPDATE: Count=253852 Max=18972.67 Min=7.17 Avg=60.74 10=15.88 25=20.43 50=26.38 75=50.88 90=102.02 95=155.26 99=560.64 99.9=1767.42 99.99=8585.22]
2025-04-21 20:54:46 35 sec: 536046 operations; [READ: Count=268510 Max=5263.36 Min=2.08 Avg=46.70 10=7.42 25=13.53 50=17.57 75=36.38 90=90.69 95=126.40 99=482.56 99.9=1290.24 99.99=1990.65] [UPDATE: Count=267536 Max=18972.67 Min=7.17 Avg=59.64 10=15.45 25=20.24 50=26.02 75=50.94 90=100.73 95=147.58 99=544.77 99.9=1727.49 99.99=8445.95]
2025-04-21 20:54:47 36 sec: 559701 operations; [READ: Count=280215 Max=5263.36 Min=2.08 Avg=46.30 10=7.17 25=13.46 50=17.38 75=36.45 90=90.11 95=124.54 99=475.65 99.9=1276.93 99.99=1985.54] [UPDATE: Count=279486 Max=18972.67 Min=7.10 Avg=59.03 10=15.15 25=20.13 50=25.77 75=50.98 90=99.97 95=144.90 99=535.04 99.9=1702.91 99.99=8323.07]
2025-04-21 20:54:48 37 sec: 587752 operations; [READ: Count=294282 Max=5263.36 Min=2.08 Avg=45.58 10=6.91 25=13.36 50=17.14 75=36.48 90=89.09 95=120.83 99=465.92 99.9=1253.38 99.99=1963.01] [UPDATE: Count=293470 Max=18972.67 Min=7.10 Avg=58.06 10=14.78 25=19.97 50=25.45 75=50.94 90=98.81 95=139.26 99=521.47 99.9=1660.93 99.99=8318.98]
2025-04-21 20:54:49 38 sec: 616914 operations; [READ: Count=308872 Max=5263.36 Min=2.08 Avg=44.84 10=6.70 25=13.26 50=16.94 75=36.61 90=88.19 95=117.25 99=452.86 99.9=1234.94 99.99=1959.93] [UPDATE: Count=308042 Max=18972.67 Min=6.98 Avg=57.06 10=14.46 25=19.82 50=25.18 75=50.98 90=97.73 95=134.40 99=506.11 99.9=1627.13 99.99=7725.06]
2025-04-21 20:54:50 39 sec: 645764 operations; [READ: Count=323384 Max=5263.36 Min=2.08 Avg=44.18 10=6.53 25=13.17 50=16.77 75=36.54 90=87.42 95=114.50 99=441.86 99.9=1218.56 99.99=1939.45] [UPDATE: Count=322380 Max=18972.67 Min=6.98 Avg=56.20 10=14.19 25=19.71 50=24.96 75=51.01 90=96.77 95=130.75 99=492.03 99.9=1594.37 99.99=7520.26]
2025-04-21 20:54:51 40 sec: 675428 operations; [READ: Count=338077 Max=5263.36 Min=2.08 Avg=43.53 10=6.38 25=13.07 50=16.59 75=36.48 90=86.72 95=112.32 99=430.33 99.9=1204.22 99.99=1906.69] [UPDATE: Count=337351 Max=18972.67 Min=6.98 Avg=55.32 10=13.91 25=19.57 50=24.70 75=50.85 90=95.87 95=127.61 99=477.95 99.9=1564.67 99.99=7307.26]
2025-04-21 20:54:52 41 sec: 701494 operations; [READ: Count=351135 Max=5263.36 Min=2.08 Avg=43.15 10=6.25 25=12.98 50=16.46 75=36.32 90=86.27 95=111.17 99=425.98 99.9=1189.89 99.99=1906.69] [UPDATE: Count=350359 Max=18972.67 Min=6.98 Avg=54.82 10=13.72 25=19.45 50=24.51 75=50.81 90=95.23 95=126.33 99=471.81 99.9=1549.31 99.99=7081.98]
2025-04-21 20:54:53 42 sec: 730565 operations; [READ: Count=365680 Max=5263.36 Min=2.08 Avg=42.61 10=6.16 25=12.90 50=16.34 75=36.16 90=85.69 95=109.50 99=416.00 99.9=1171.45 99.99=1883.13] [UPDATE: Count=364885 Max=18972.67 Min=6.98 Avg=54.14 10=13.54 25=19.33 50=24.34 75=50.72 90=94.53 95=123.84 99=461.31 99.9=1516.54 99.99=6889.47]
2025-04-21 20:54:54 43 sec: 761205 operations; [READ: Count=381040 Max=5263.36 Min=2.08 Avg=42.02 10=6.09 25=12.82 50=16.25 75=36.03 90=85.12 95=107.58 99=406.27 99.9=1158.14 99.99=1871.87] [UPDATE: Count=380165 Max=18972.67 Min=6.98 Avg=53.39 10=13.40 25=19.23 50=24.21 75=50.37 90=93.89 95=121.53 99=449.28 99.9=1477.63 99.99=6516.73]
2025-04-21 20:54:55 44 sec: 792297 operations; [READ: Count=396671 Max=5263.36 Min=2.08 Avg=41.46 10=5.99 25=12.72 50=16.14 75=35.71 90=84.67 95=106.24 99=397.31 99.9=1140.73 99.99=1866.75] [UPDATE: Count=395626 Max=18972.67 Min=6.98 Avg=52.68 10=13.24 25=19.12 50=24.02 75=49.98 90=93.31 95=119.81 99=437.76 99.9=1437.69 99.99=6328.32]
2025-04-21 20:54:56 45 sec: 823008 operations; [READ: Count=411958 Max=5263.36 Min=2.08 Avg=40.96 10=5.93 25=12.64 50=16.05 75=35.39 90=84.22 95=104.89 99=389.63 99.9=1127.42 99.99=1858.56] [UPDATE: Count=411050 Max=18972.67 Min=6.98 Avg=52.03 10=13.13 25=19.02 50=23.89 75=49.53 90=92.80 95=118.14 99=426.24 99.9=1409.02 99.99=6258.69]
2025-04-21 20:54:57 46 sec: 851791 operations; [READ: Count=426263 Max=5263.36 Min=2.08 Avg=40.56 10=5.87 25=12.55 50=15.97 75=34.98 90=83.90 95=103.94 99=386.05 99.9=1110.02 99.99=1847.30] [UPDATE: Count=425528 Max=18972.67 Min=6.98 Avg=51.57 10=13.01 25=18.91 50=23.76 75=48.96 90=92.48 95=117.25 99=420.86 99.9=1381.38 99.99=5849.09]
2025-04-21 20:54:58 47 sec: 880347 operations; [READ: Count=440492 Max=5263.36 Min=2.08 Avg=40.22 10=5.82 25=12.45 50=15.88 75=34.46 90=83.65 95=103.30 99=383.23 99.9=1100.80 99.99=1845.25] [UPDATE: Count=439855 Max=18972.67 Min=6.98 Avg=51.15 10=12.91 25=18.80 50=23.61 75=48.16 90=92.22 95=116.54 99=416.00 99.9=1361.92 99.99=5791.74]
2025-04-21 20:54:59 48 sec: 912033 operations; [READ: Count=456375 Max=5263.36 Min=2.08 Avg=39.74 10=5.79 25=12.35 50=15.81 75=33.89 90=83.33 95=102.27 99=376.57 99.9=1088.51 99.99=1837.06] [UPDATE: Count=455658 Max=18972.67 Min=6.98 Avg=50.58 10=12.85 25=18.70 50=23.52 75=47.42 90=91.84 95=115.39 99=406.78 99.9=1341.44 99.99=5750.78]
2025-04-21 20:55:00 49 sec: 932553 operations; [READ: Count=466611 Max=5263.36 Min=2.08 Avg=39.83 10=5.82 25=12.31 50=15.84 75=34.59 90=83.52 95=102.21 99=374.53 99.9=1076.22 99.99=1833.98] [UPDATE: Count=465942 Max=18972.67 Min=6.76 Avg=50.62 10=12.87 25=18.69 50=23.55 75=48.61 90=92.09 95=115.52 99=403.45 99.9=1331.20 99.99=5705.73]
2025-04-21 20:55:01 50 sec: 949603 operations; [READ: Count=475151 Max=5263.36 Min=2.08 Avg=40.09 10=5.86 25=12.31 50=15.88 75=35.77 90=83.90 95=102.85 99=373.76 99.9=1073.15 99.99=1833.98] [UPDATE: Count=474452 Max=18972.67 Min=6.76 Avg=50.81 10=12.93 25=18.70 50=23.60 75=50.53 90=92.48 95=116.09 99=401.41 99.9=1323.01 99.99=5705.73]
2025-04-21 20:55:02 51 sec: 963595 operations; [READ: Count=482129 Max=5263.36 Min=2.08 Avg=40.47 10=5.88 25=12.33 50=15.93 75=37.50 90=84.29 95=103.74 99=376.06 99.9=1072.13 99.99=1833.98] [UPDATE: Count=481466 Max=18972.67 Min=6.67 Avg=51.15 10=12.97 25=18.72 50=23.66 75=53.73 90=92.93 95=117.18 99=403.71 99.9=1320.96 99.99=5656.57]
2025-04-21 20:55:03 52 sec: 978512 operations; [READ: Count=489622 Max=5263.36 Min=2.08 Avg=40.80 10=5.90 25=12.34 50=15.97 75=39.84 90=84.73 95=104.70 99=376.57 99.9=1069.06 99.99=1829.89] [UPDATE: Count=488890 Max=18972.67 Min=6.67 Avg=51.45 10=13.02 25=18.75 50=23.73 75=59.39 90=93.31 95=118.27 99=404.48 99.9=1315.84 99.99=5566.46]
2025-04-21 20:55:04 53 sec: 992473 operations; [READ: Count=496688 Max=5263.36 Min=2.08 Avg=41.16 10=5.93 25=12.37 50=16.02 75=44.35 90=85.18 95=106.05 99=376.06 99.9=1065.98 99.99=1826.82] [UPDATE: Count=495785 Max=18972.67 Min=6.67 Avg=51.78 10=13.05 25=18.77 50=23.79 75=71.61 90=93.82 95=120.06 99=403.71 99.9=1305.60 99.99=5472.26]
2025-04-21 20:55:05 53 sec: 1000000 operations; [READ: Count=500396 Max=5263.36 Min=2.05 Avg=41.50 10=5.94 25=12.38 50=16.05 75=50.30 90=85.50 95=107.71 99=377.60 99.9=1063.93 99.99=1826.82] [UPDATE: Count=499604 Max=18972.67 Min=6.67 Avg=52.11 10=13.07 25=18.78 50=23.84 75=73.15 90=94.21 95=122.24 99=406.53 99.9=1300.48 99.99=5472.26]
Run runtime(sec): 53.8155
Run operations(ops): 1000000
Run throughput(ops/sec): 18582
