Running scope as unit: run-r9b5c866ee48e44cf9bff211cab67661d.scope
load file:/home/user/DataFiles/silesia_data/silesia.tar
2025-04-22 20:17:00 0 sec: 0 operations;
2025-04-22 20:17:01 1 sec: 0 operations;
2025-04-22 20:17:02 2 sec: 0 operations;
2025-04-22 20:17:03 3 sec: 0 operations;
2025-04-22 20:17:04 4 sec: 0 operations;
2025-04-22 20:17:05 5 sec: 0 operations;
2025-04-22 20:17:06 6 sec: 0 operations;
2025-04-22 20:17:07 7 sec: 0 operations;
2025-04-22 20:17:08 8 sec: 0 operations;
2025-04-22 20:17:09 9 sec: 0 operations;
2025-04-22 20:17:10 10 sec: 0 operations;
2025-04-22 20:17:11 11 sec: 0 operations;
2025-04-22 20:17:12 12 sec: 0 operations;
2025-04-22 20:17:13 13 sec: 0 operations;
2025-04-22 20:17:14 14 sec: 0 operations;
2025-04-22 20:17:15 15 sec: 0 operations;
2025-04-22 20:17:16 16 sec: 0 operations;
2025-04-22 20:17:17 17 sec: 0 operations;
2025-04-22 20:17:18 18 sec: 0 operations;
2025-04-22 20:17:19 19 sec: 0 operations;
2025-04-22 20:17:20 20 sec: 0 operations;
2025-04-22 20:17:21 21 sec: 0 operations;
2025-04-22 20:17:22 22 sec: 8774 operations; [READ: Count=5838 Max=2461.70 Min=3.54 Avg=131.02 10=43.36 25=54.98 50=118.97 75=169.34 90=243.58 95=285.69 99=477.18 99.9=1067.01 99.99=2404.35] [UPDATE: Count=2936 Max=716.29 Min=8.02 Avg=18.60 10=11.84 25=13.89 50=16.48 75=19.61 90=23.47 95=26.14 99=40.70 99.9=574.46 99.99=716.29]
2025-04-22 20:17:23 23 sec: 17527 operations; [READ: Count=11634 Max=2461.70 Min=3.54 Avg=145.68 10=46.56 25=72.25 50=130.56 75=201.22 90=262.91 95=302.33 99=414.21 99.9=858.62 99.99=2404.35] [UPDATE: Count=5893 Max=762.88 Min=7.78 Avg=19.46 10=12.80 25=14.85 50=17.50 75=20.99 90=25.02 95=28.14 99=41.41 99.9=325.63 99.99=716.29]
2025-04-22 20:17:24 24 sec: 26412 operations; [READ: Count=17541 Max=2461.70 Min=3.54 Avg=149.57 10=48.19 25=78.91 50=134.01 75=208.00 90=266.24 95=303.36 99=395.77 99.9=803.84 99.99=1606.65] [UPDATE: Count=8871 Max=762.88 Min=7.78 Avg=19.85 10=13.22 25=15.26 50=18.06 75=21.70 90=25.92 95=29.25 99=42.08 99.9=213.76 99.99=716.29]
2025-04-22 20:17:25 25 sec: 35519 operations; [READ: Count=23573 Max=2461.70 Min=3.45 Avg=150.71 10=49.02 25=81.73 50=135.04 75=209.79 90=265.98 95=301.82 99=393.73 99.9=755.71 99.99=1606.65] [UPDATE: Count=11946 Max=762.88 Min=7.78 Avg=19.89 10=13.57 25=15.53 50=18.24 75=21.76 90=25.97 95=29.15 99=41.38 99.9=197.89 99.99=716.29]
2025-04-22 20:17:26 26 sec: 43756 operations; [READ: Count=29040 Max=2461.70 Min=3.45 Avg=154.25 10=49.63 25=82.75 50=135.29 75=210.69 90=269.82 95=311.30 99=489.98 99.9=835.07 99.99=1185.79] [UPDATE: Count=14716 Max=4796.41 Min=7.78 Avg=20.51 10=13.71 25=15.67 50=18.34 75=21.84 90=26.11 95=29.34 99=42.43 99.9=235.90 99.99=1524.73]
2025-04-22 20:17:27 27 sec: 50627 operations; [READ: Count=33570 Max=2981.89 Min=3.45 Avg=159.90 10=49.70 25=81.86 50=134.14 75=212.22 90=277.25 95=336.64 99=662.01 99.9=973.31 99.99=1606.65] [UPDATE: Count=17057 Max=12034.05 Min=7.60 Avg=23.82 10=13.62 25=15.59 50=18.30 75=21.82 90=26.08 95=29.45 99=44.93 99.9=633.34 99.99=8601.60]
2025-04-22 20:17:28 28 sec: 59739 operations; [READ: Count=39665 Max=2981.89 Min=3.45 Avg=158.56 10=50.21 25=82.81 50=134.66 75=211.20 90=274.69 95=328.96 99=634.88 99.9=947.20 99.99=1264.64] [UPDATE: Count=20074 Max=12034.05 Min=7.60 Avg=23.66 10=13.78 25=15.74 50=18.45 75=22.00 90=26.27 95=29.74 99=45.12 99.9=620.54 99.99=8601.60]
2025-04-22 20:17:29 29 sec: 68744 operations; [READ: Count=45670 Max=2981.89 Min=3.45 Avg=157.99 10=50.66 25=83.84 50=135.29 75=211.33 90=273.41 95=324.10 99=605.18 99.9=942.08 99.99=1253.38] [UPDATE: Count=23074 Max=12034.05 Min=7.60 Avg=23.36 10=13.90 25=15.86 50=18.61 75=22.22 90=26.53 95=30.03 99=44.06 99.9=574.46 99.99=8601.60]
2025-04-22 20:17:30 30 sec: 78002 operations; [READ: Count=51852 Max=2981.89 Min=3.45 Avg=156.97 10=51.07 25=84.48 50=135.42 75=210.56 90=271.87 95=319.49 99=578.05 99.9=922.11 99.99=1253.38] [UPDATE: Count=26150 Max=12034.05 Min=7.60 Avg=23.13 10=13.99 25=16.00 50=18.77 75=22.38 90=26.70 95=30.22 99=43.87 99.9=477.44 99.99=7512.06]
2025-04-22 20:17:31 31 sec: 87176 operations; [READ: Count=57952 Max=2981.89 Min=3.45 Avg=156.38 10=51.26 25=84.99 50=135.42 75=209.79 90=270.85 95=317.18 99=560.64 99.9=912.89 99.99=1246.21] [UPDATE: Count=29224 Max=12034.05 Min=7.60 Avg=23.00 10=14.08 25=16.10 50=18.86 75=22.51 90=26.89 95=30.50 99=44.51 99.9=429.57 99.99=7512.06]
2025-04-22 20:17:32 32 sec: 94877 operations; [READ: Count=63105 Max=2981.89 Min=3.45 Avg=158.12 10=51.20 25=84.86 50=134.78 75=209.53 90=271.87 95=322.05 99=635.39 99.9=1067.01 99.99=1444.86] [UPDATE: Count=31772 Max=12034.05 Min=7.60 Avg=23.54 10=14.13 25=16.16 50=18.96 75=22.64 90=27.04 95=30.72 99=44.90 99.9=442.88 99.99=8601.60]
2025-04-22 20:17:33 33 sec: 102746 operations; [READ: Count=68374 Max=2981.89 Min=3.45 Avg=159.34 10=50.81 25=84.03 50=133.38 75=208.25 90=272.38 95=325.89 99=706.05 99.9=1227.78 99.99=1495.04] [UPDATE: Count=34372 Max=12034.05 Min=7.58 Avg=23.95 10=14.10 25=16.16 50=18.98 75=22.67 90=27.12 95=30.75 99=45.41 99.9=547.84 99.99=9084.93]
2025-04-22 20:17:34 34 sec: 112273 operations; [READ: Count=74706 Max=2981.89 Min=3.38 Avg=157.84 10=50.72 25=83.84 50=132.86 75=206.85 90=270.33 95=322.56 99=683.52 99.9=1211.39 99.99=1495.04] [UPDATE: Count=37567 Max=12034.05 Min=7.58 Avg=24.35 10=14.10 25=16.16 50=19.01 75=22.70 90=27.15 95=30.80 99=45.98 99.9=642.05 99.99=8601.60]
2025-04-22 20:17:35 35 sec: 121785 operations; [READ: Count=81065 Max=2981.89 Min=3.23 Avg=156.03 10=50.43 25=83.52 50=131.33 75=204.80 90=267.77 95=318.98 99=657.92 99.9=1196.03 99.99=1490.94] [UPDATE: Count=40720 Max=12034.05 Min=7.58 Avg=25.76 10=14.09 25=16.17 50=19.05 75=22.80 90=27.31 95=31.21 99=49.31 99.9=1533.95 99.99=8601.60]
2025-04-22 20:17:36 36 sec: 136447 operations; [READ: Count=90784 Max=2981.89 Min=3.23 Avg=149.11 10=46.02 25=77.06 50=124.61 75=197.12 90=261.89 95=312.06 99=634.88 99.9=1177.60 99.99=1480.70] [UPDATE: Count=45663 Max=12034.05 Min=7.16 Avg=25.13 10=13.78 25=15.89 50=18.78 75=22.51 90=26.99 95=30.77 99=48.13 99.9=1524.73 99.99=8269.82]
2025-04-22 20:17:37 37 sec: 150996 operations; [READ: Count=100513 Max=2981.89 Min=2.77 Avg=143.59 10=43.33 25=71.10 50=118.21 75=190.08 90=256.77 95=306.43 99=635.39 99.9=1180.67 99.99=1472.51] [UPDATE: Count=50483 Max=12034.05 Min=7.16 Avg=24.51 10=13.55 25=15.65 50=18.56 75=22.27 90=26.73 95=30.45 99=47.13 99.9=1406.97 99.99=8269.82]
2025-04-22 20:17:38 38 sec: 166004 operations; [READ: Count=110501 Max=2981.89 Min=2.56 Avg=138.50 10=39.42 25=64.77 50=111.61 75=183.17 90=251.90 95=303.10 99=647.17 99.9=1219.58 99.99=1524.73] [UPDATE: Count=55503 Max=14123.01 Min=7.13 Avg=24.34 10=13.09 25=15.25 50=18.19 75=21.90 90=26.41 95=30.08 99=46.85 99.9=1406.97 99.99=8269.82]
2025-04-22 20:17:39 39 sec: 183799 operations; [READ: Count=122392 Max=2981.89 Min=2.56 Avg=132.25 10=37.12 25=59.26 50=105.09 75=175.23 90=245.50 95=295.68 99=619.52 99.9=1196.03 99.99=1503.23] [UPDATE: Count=61407 Max=14123.01 Min=7.13 Avg=23.64 10=12.72 25=14.89 50=17.87 75=21.60 90=26.08 95=29.70 99=46.85 99.9=1191.93 99.99=8269.82]
2025-04-22 20:17:40 40 sec: 201986 operations; [READ: Count=134523 Max=2981.89 Min=2.56 Avg=126.85 10=35.74 25=55.13 50=99.39 75=168.06 90=239.62 95=289.54 99=587.77 99.9=1179.65 99.99=1495.04] [UPDATE: Count=67463 Max=14123.01 Min=7.13 Avg=23.06 10=12.52 25=14.64 50=17.60 75=21.34 90=25.76 95=29.36 99=46.40 99.9=1076.22 99.99=7512.06]
2025-04-22 20:17:41 41 sec: 220310 operations; [READ: Count=146728 Max=2981.89 Min=2.56 Avg=122.30 10=34.72 25=52.16 50=94.72 75=161.41 90=234.37 95=283.65 99=563.71 99.9=1162.24 99.99=1495.04] [UPDATE: Count=73582 Max=14123.01 Min=7.02 Avg=22.53 10=12.25 25=14.35 50=17.34 75=21.10 90=25.49 95=29.05 99=46.14 99.9=967.17 99.99=7512.06]
2025-04-22 20:17:42 42 sec: 237029 operations; [READ: Count=157866 Max=4972.54 Min=2.56 Avg=119.25 10=34.02 25=50.08 50=90.81 75=156.29 90=230.27 95=279.55 99=562.69 99.9=1210.37 99.99=1809.41] [UPDATE: Count=79163 Max=14123.01 Min=6.86 Avg=22.25 10=12.10 25=14.17 50=17.14 75=20.91 90=25.26 95=28.83 99=45.70 99.9=956.41 99.99=7389.18]
2025-04-22 20:17:43 43 sec: 253533 operations; [READ: Count=168862 Max=4972.54 Min=2.56 Avg=116.70 10=33.50 25=48.54 50=87.87 75=151.68 90=226.56 95=276.22 99=563.71 99.9=1256.45 99.99=2085.89] [UPDATE: Count=84671 Max=14123.01 Min=6.86 Avg=22.01 10=12.10 25=14.12 50=17.02 75=20.78 90=25.09 95=28.62 99=44.83 99.9=878.08 99.99=6422.53]
2025-04-22 20:17:44 44 sec: 272459 operations; [READ: Count=181496 Max=4972.54 Min=2.56 Avg=113.44 10=33.05 25=47.39 50=85.25 75=146.81 90=221.95 95=270.85 99=536.06 99.9=1239.04 99.99=2075.65] [UPDATE: Count=90963 Max=14123.01 Min=6.67 Avg=21.58 10=11.95 25=13.94 50=16.83 75=20.59 90=24.91 95=28.43 99=43.97 99.9=800.77 99.99=6422.53]
2025-04-22 20:17:45 45 sec: 290981 operations; [READ: Count=193890 Max=4972.54 Min=2.56 Avg=110.70 10=32.73 25=46.53 50=83.07 75=142.72 90=217.85 95=266.50 99=514.05 99.9=1219.58 99.99=2010.11] [UPDATE: Count=97091 Max=14123.01 Min=6.67 Avg=21.31 10=11.93 25=13.87 50=16.73 75=20.50 90=24.80 95=28.32 99=43.55 99.9=749.57 99.99=5640.19]
2025-04-22 20:17:46 46 sec: 309623 operations; [READ: Count=206293 Max=4972.54 Min=2.56 Avg=108.29 10=32.40 25=45.73 50=81.22 75=139.13 90=213.89 95=262.65 99=498.43 99.9=1211.39 99.99=1994.75] [UPDATE: Count=103330 Max=14123.01 Min=6.67 Avg=21.06 10=11.87 25=13.78 50=16.62 75=20.37 90=24.67 95=28.14 99=43.13 99.9=706.56 99.99=5640.19]
2025-04-22 20:17:47 47 sec: 327896 operations; [READ: Count=218443 Max=4972.54 Min=2.56 Avg=106.26 10=32.08 25=45.12 50=79.61 75=135.94 90=209.92 95=258.94 99=489.98 99.9=1220.61 99.99=1994.75] [UPDATE: Count=109453 Max=14123.01 Min=6.67 Avg=20.88 10=11.86 25=13.73 50=16.54 75=20.27 90=24.56 95=28.02 99=42.69 99.9=642.05 99.99=5320.70]
2025-04-22 20:17:48 48 sec: 346187 operations; [READ: Count=230681 Max=4972.54 Min=2.56 Avg=104.42 10=31.81 25=44.67 50=78.46 75=132.99 90=206.21 95=255.49 99=477.95 99.9=1219.58 99.99=1994.75] [UPDATE: Count=115506 Max=14123.01 Min=6.67 Avg=20.71 10=11.85 25=13.73 50=16.50 75=20.22 90=24.48 95=27.90 99=42.21 99.9=614.40 99.99=5160.96]
2025-04-22 20:17:49 49 sec: 364682 operations; [READ: Count=243042 Max=4972.54 Min=2.56 Avg=102.68 10=31.45 25=44.22 50=77.31 75=129.98 90=202.62 95=251.78 99=466.18 99.9=1228.80 99.99=2107.39] [UPDATE: Count=121640 Max=14123.01 Min=6.50 Avg=20.60 10=11.78 25=13.65 50=16.41 75=20.13 90=24.38 95=27.77 99=41.95 99.9=599.55 99.99=5320.70]
2025-04-22 20:17:50 50 sec: 383704 operations; [READ: Count=255683 Max=4972.54 Min=2.56 Avg=101.00 10=31.18 25=43.87 50=76.35 75=127.49 90=199.04 95=248.45 99=449.79 99.9=1217.54 99.99=2075.65] [UPDATE: Count=128021 Max=14123.01 Min=6.50 Avg=20.46 10=11.79 25=13.67 50=16.41 75=20.11 90=24.35 95=27.71 99=41.70 99.9=569.34 99.99=5160.96]
2025-04-22 20:17:51 51 sec: 403313 operations; [READ: Count=268801 Max=4972.54 Min=2.52 Avg=99.31 10=30.78 25=43.52 50=75.39 75=124.86 90=195.58 95=245.25 99=436.22 99.9=1198.08 99.99=2010.11] [UPDATE: Count=134512 Max=14123.01 Min=6.50 Avg=20.30 10=11.73 25=13.60 50=16.34 75=20.03 90=24.27 95=27.63 99=41.31 99.9=559.10 99.99=5160.96]
2025-04-22 20:17:52 52 sec: 423868 operations; [READ: Count=282516 Max=4972.54 Min=2.43 Avg=97.57 10=30.25 25=43.01 50=74.24 75=122.11 90=192.00 95=241.92 99=427.01 99.9=1193.98 99.99=2052.09] [UPDATE: Count=141352 Max=14123.01 Min=6.50 Avg=20.11 10=11.64 25=13.49 50=16.23 75=19.92 90=24.16 95=27.50 99=40.99 99.9=555.52 99.99=4980.73]
2025-04-22 20:17:53 53 sec: 444281 operations; [READ: Count=296130 Max=4972.54 Min=2.43 Avg=95.99 10=29.74 25=42.62 50=73.28 75=119.49 90=188.54 95=238.72 99=419.07 99.9=1186.82 99.99=2010.11] [UPDATE: Count=148151 Max=14123.01 Min=6.50 Avg=19.98 10=11.61 25=13.46 50=16.19 75=19.87 90=24.11 95=27.44 99=40.80 99.9=542.72 99.99=4796.41]
2025-04-22 20:17:54 54 sec: 464732 operations; [READ: Count=309727 Max=4972.54 Min=2.43 Avg=94.53 10=29.14 25=42.30 50=72.45 75=117.18 90=185.34 95=235.65 99=408.32 99.9=1183.74 99.99=2052.09] [UPDATE: Count=155005 Max=14123.01 Min=6.50 Avg=19.91 10=11.64 25=13.49 50=16.18 75=19.86 90=24.06 95=27.39 99=40.67 99.9=537.60 99.99=4395.01]
2025-04-22 20:17:55 55 sec: 486112 operations; [READ: Count=324065 Max=4972.54 Min=2.43 Avg=92.99 10=28.27 25=41.95 50=71.49 75=114.88 90=181.89 95=232.57 99=398.33 99.9=1164.29 99.99=2010.11] [UPDATE: Count=162047 Max=14123.01 Min=6.50 Avg=19.80 10=11.66 25=13.50 50=16.17 75=19.82 90=24.02 95=27.31 99=40.32 99.9=518.91 99.99=4395.01]
2025-04-22 20:17:56 56 sec: 508266 operations; [READ: Count=338827 Max=4972.54 Min=2.43 Avg=91.41 10=26.83 25=41.50 50=70.46 75=112.45 90=178.69 95=229.63 99=389.89 99.9=1146.88 99.99=1978.37] [UPDATE: Count=169439 Max=14123.01 Min=6.50 Avg=19.78 10=11.68 25=13.51 50=16.16 75=19.79 90=23.97 95=27.26 99=40.22 99.9=517.89 99.99=4098.05]
2025-04-22 20:17:57 57 sec: 536669 operations; [READ: Count=357656 Max=4972.54 Min=2.21 Avg=88.93 10=21.42 25=40.38 50=68.09 75=108.99 90=174.59 95=226.05 99=380.16 99.9=1132.54 99.99=1943.55] [UPDATE: Count=179013 Max=14123.01 Min=6.50 Avg=19.52 10=11.50 25=13.33 50=15.97 75=19.60 90=23.79 95=27.05 99=39.71 99.9=507.13 99.99=3682.30]
2025-04-22 20:17:58 58 sec: 568032 operations; [READ: Count=378579 Max=4972.54 Min=2.21 Avg=86.20 10=16.78 25=39.01 50=65.09 75=105.34 90=170.50 95=222.21 99=370.69 99.9=1115.13 99.99=1904.64] [UPDATE: Count=189453 Max=14123.01 Min=6.50 Avg=19.23 10=11.34 25=13.14 50=15.79 75=19.41 90=23.58 95=26.82 99=39.23 99.9=494.08 99.99=3532.80]
2025-04-22 20:17:59 59 sec: 600382 operations; [READ: Count=400103 Max=4972.54 Min=2.21 Avg=83.60 10=14.30 25=37.70 50=62.30 75=101.95 90=166.40 95=218.50 99=361.47 99.9=1098.75 99.99=1890.30] [UPDATE: Count=200279 Max=14123.01 Min=6.46 Avg=19.00 10=11.19 25=12.98 50=15.62 75=19.21 90=23.39 95=26.61 99=38.72 99.9=476.16 99.99=3532.80]
2025-04-22 20:18:00 60 sec: 633319 operations; [READ: Count=422123 Max=4972.54 Min=2.21 Avg=81.18 10=12.76 25=36.54 50=60.03 75=98.69 90=162.18 95=214.66 99=353.54 99.9=1084.41 99.99=1878.02] [UPDATE: Count=211196 Max=14123.01 Min=6.46 Avg=18.74 10=11.07 25=12.85 50=15.46 75=19.04 90=23.21 95=26.43 99=38.21 99.9=458.50 99.99=3340.29]
2025-04-22 20:18:01 61 sec: 665192 operations; [READ: Count=443360 Max=4972.54 Min=2.21 Avg=79.11 10=11.73 25=35.58 50=58.34 75=95.81 90=158.46 95=211.07 99=346.62 99.9=1069.06 99.99=1865.73] [UPDATE: Count=221832 Max=14123.01 Min=6.46 Avg=18.61 10=10.97 25=12.73 50=15.33 75=18.89 90=23.07 95=26.27 99=37.98 99.9=469.50 99.99=3198.97]
2025-04-22 20:18:02 62 sec: 696866 operations; [READ: Count=464522 Max=4972.54 Min=2.21 Avg=77.25 10=11.02 25=34.75 50=56.93 75=93.25 90=155.01 95=207.74 99=341.50 99.9=1059.84 99.99=1823.74] [UPDATE: Count=232344 Max=14123.01 Min=6.46 Avg=18.49 10=10.94 25=12.67 50=15.24 75=18.78 90=22.93 95=26.11 99=37.70 99.9=462.85 99.99=3147.78]
2025-04-22 20:18:03 63 sec: 728493 operations; [READ: Count=485611 Max=4972.54 Min=2.21 Avg=75.52 10=10.45 25=33.98 50=55.62 75=90.88 90=151.68 95=204.54 99=336.89 99.9=1058.82 99.99=1811.45] [UPDATE: Count=242882 Max=14123.01 Min=6.46 Avg=18.44 10=10.87 25=12.61 50=15.16 75=18.67 90=22.80 95=26.00 99=37.60 99.9=462.08 99.99=3340.29]
2025-04-22 20:18:04 64 sec: 764574 operations; [READ: Count=509734 Max=4972.54 Min=2.21 Avg=73.56 10=9.82 25=32.70 50=53.95 75=88.45 90=148.35 95=201.09 99=332.29 99.9=1063.93 99.99=1823.74] [UPDATE: Count=254840 Max=14123.01 Min=6.46 Avg=18.18 10=10.70 25=12.44 50=14.98 75=18.48 90=22.62 95=25.81 99=37.28 99.9=445.18 99.99=3198.97]
2025-04-22 20:18:05 65 sec: 808532 operations; [READ: Count=539131 Max=4972.54 Min=2.10 Avg=71.03 10=9.15 25=30.96 50=51.58 75=85.95 90=144.38 95=196.86 99=326.14 99.9=1047.55 99.99=1811.45] [UPDATE: Count=269401 Max=14123.01 Min=6.46 Avg=17.84 10=10.46 25=12.18 50=14.73 75=18.22 90=22.40 95=25.54 99=36.73 99.9=427.26 99.99=3055.61]
2025-04-22 20:18:06 66 sec: 853878 operations; [READ: Count=569285 Max=4972.54 Min=2.10 Avg=68.66 10=8.60 25=29.58 50=48.86 75=83.65 90=140.67 95=192.77 99=320.51 99.9=1026.05 99.99=1798.14] [UPDATE: Count=284593 Max=14123.01 Min=6.46 Avg=17.51 10=10.29 25=11.91 50=14.49 75=17.98 90=22.16 95=25.30 99=36.13 99.9=412.67 99.99=2979.84]
2025-04-22 20:18:07 67 sec: 900115 operations; [READ: Count=600132 Max=4972.54 Min=2.10 Avg=66.45 10=8.15 25=28.51 50=45.82 75=81.47 90=137.09 95=188.80 99=314.88 99.9=1007.62 99.99=1785.86] [UPDATE: Count=299983 Max=14123.01 Min=6.46 Avg=17.21 10=10.15 25=11.65 50=14.28 75=17.74 90=21.95 95=25.09 99=35.74 99.9=401.92 99.99=2840.57]
2025-04-22 20:18:08 68 sec: 944799 operations; [READ: Count=629909 Max=4972.54 Min=2.10 Avg=64.58 10=7.81 25=27.70 50=43.01 75=79.42 90=134.01 95=185.47 99=313.09 99.9=990.72 99.99=1746.94] [UPDATE: Count=314890 Max=14123.01 Min=6.46 Avg=16.94 10=10.04 25=11.45 50=14.08 75=17.52 90=21.76 95=24.88 99=35.30 99.9=389.63 99.99=2824.19]
2025-04-22 20:18:09 69 sec: 991435 operations; [READ: Count=661022 Max=4972.54 Min=2.10 Avg=62.73 10=7.49 25=26.99 50=40.45 75=77.38 90=130.81 95=182.14 99=310.27 99.9=976.38 99.99=1735.68] [UPDATE: Count=330413 Max=14123.01 Min=6.46 Avg=16.69 10=9.94 25=11.26 50=13.89 75=17.31 90=21.55 95=24.69 99=34.85 99.9=368.38 99.99=2777.09]
2025-04-22 20:18:10 70 sec: 1042869 operations; [READ: Count=695336 Max=4972.54 Min=2.10 Avg=60.75 10=7.18 25=26.41 50=38.02 75=74.94 90=127.30 95=178.18 99=304.64 99.9=962.56 99.99=1726.46] [UPDATE: Count=347533 Max=14123.01 Min=6.46 Avg=16.44 10=9.85 25=11.09 50=13.71 75=17.09 90=21.34 95=24.46 99=34.40 99.9=361.21 99.99=2756.61]
2025-04-22 20:18:11 71 sec: 1095403 operations; [READ: Count=730302 Max=4972.54 Min=2.10 Avg=58.88 10=6.94 25=25.95 50=35.97 75=72.45 90=123.84 95=174.59 99=300.03 99.9=948.74 99.99=1699.84] [UPDATE: Count=365101 Max=14123.01 Min=6.46 Avg=16.20 10=9.76 25=10.96 50=13.54 75=16.86 90=21.14 95=24.25 99=33.98 99.9=350.72 99.99=2736.13]
2025-04-22 20:18:12 72 sec: 1148689 operations; [READ: Count=765777 Max=4972.54 Min=2.10 Avg=57.15 10=6.74 25=25.55 50=34.27 75=69.95 90=120.58 95=171.01 99=295.68 99.9=934.40 99.99=1673.21] [UPDATE: Count=382912 Max=14123.01 Min=6.37 Avg=15.98 10=9.66 25=10.85 50=13.37 75=16.66 90=20.93 95=24.05 99=33.66 99.9=339.97 99.99=2664.45]
2025-04-22 20:18:13 73 sec: 1202663 operations; [READ: Count=801829 Max=4972.54 Min=2.10 Avg=55.54 10=6.58 25=25.14 50=32.90 75=67.58 90=117.44 95=167.68 99=292.10 99.9=918.01 99.99=1671.17] [UPDATE: Count=400834 Max=14123.01 Min=6.35 Avg=15.77 10=9.56 25=10.74 50=13.21 75=16.46 90=20.73 95=23.86 99=33.34 99.9=336.13 99.99=2654.21]
2025-04-22 20:18:14 74 sec: 1256014 operations; [READ: Count=837423 Max=4972.54 Min=2.10 Avg=54.09 10=6.43 25=24.77 50=31.84 75=65.22 90=114.43 95=164.35 99=288.77 99.9=912.38 99.99=1658.88] [UPDATE: Count=418591 Max=14123.01 Min=6.35 Avg=15.59 10=9.48 25=10.66 50=13.06 75=16.27 90=20.54 95=23.65 99=33.02 99.9=328.19 99.99=2641.92]
2025-04-22 20:18:15 75 sec: 1310180 operations; [READ: Count=873491 Max=4972.54 Min=2.10 Avg=52.72 10=6.33 25=24.48 50=31.04 75=63.10 90=111.61 95=161.02 99=284.93 99.9=900.61 99.99=1655.81] [UPDATE: Count=436689 Max=14123.01 Min=6.35 Avg=15.42 10=9.40 25=10.60 50=12.94 75=16.10 90=20.37 95=23.49 99=32.69 99.9=323.58 99.99=2600.96]
2025-04-22 20:18:16 76 sec: 1364601 operations; [READ: Count=909745 Max=4972.54 Min=2.10 Avg=51.44 10=6.26 25=24.19 50=30.46 75=61.15 90=108.93 95=157.95 99=281.34 99.9=885.76 99.99=1640.45] [UPDATE: Count=454856 Max=14123.01 Min=6.35 Avg=15.28 10=9.35 25=10.57 50=12.85 75=15.97 90=20.21 95=23.34 99=32.38 99.9=317.18 99.99=2553.86]
2025-04-22 20:18:17 77 sec: 1416006 operations; [READ: Count=944086 Max=4972.54 Min=2.06 Avg=50.38 10=6.29 25=23.97 50=30.19 75=59.45 90=106.50 95=155.13 99=278.01 99.9=869.89 99.99=1625.09] [UPDATE: Count=471920 Max=14123.01 Min=6.09 Avg=15.17 10=9.30 25=10.54 50=12.77 75=15.86 90=20.08 95=23.20 99=32.13 99.9=314.11 99.99=2549.76]
2025-04-22 20:18:18 78 sec: 1466424 operations; [READ: Count=977565 Max=4972.54 Min=2.06 Avg=49.43 10=6.33 25=23.73 50=30.00 75=57.92 90=104.38 95=152.45 99=275.45 99.9=852.48 99.99=1591.30] [UPDATE: Count=488859 Max=14123.01 Min=6.09 Avg=15.08 10=9.26 25=10.50 50=12.70 75=15.76 90=19.93 95=23.07 99=31.92 99.9=310.27 99.99=2416.64]
2025-04-22 20:18:19 79 sec: 1500059 operations; [READ: Count=1000000 Max=4972.54 Min=2.06 Avg=48.91 10=6.35 25=23.54 50=29.93 75=56.99 90=103.10 95=150.91 99=274.18 99.9=849.92 99.99=1579.01] [UPDATE: Count=500059 Max=14123.01 Min=6.09 Avg=15.04 10=9.24 25=10.49 50=12.65 75=15.71 90=19.86 95=22.99 99=31.84 99.9=310.27 99.99=2338.82]
2025-04-22 20:18:20 80 sec: 1500059 operations; [READ: Count=1000000 Max=4972.54 Min=2.06 Avg=48.91 10=6.35 25=23.54 50=29.93 75=56.99 90=103.10 95=150.91 99=274.18 99.9=849.92 99.99=1579.01] [UPDATE: Count=500059 Max=14123.01 Min=6.09 Avg=15.04 10=9.24 25=10.49 50=12.65 75=15.71 90=19.86 95=22.99 99=31.84 99.9=310.27 99.99=2338.82]
2025-04-22 20:18:21 80 sec: 1500059 operations; [READ: Count=1000000 Max=4972.54 Min=2.06 Avg=48.91 10=6.35 25=23.54 50=29.93 75=56.99 90=103.10 95=150.91 99=274.18 99.9=849.92 99.99=1579.01] [UPDATE: Count=500059 Max=14123.01 Min=6.09 Avg=15.04 10=9.24 25=10.49 50=12.65 75=15.71 90=19.86 95=22.99 99=31.84 99.9=310.27 99.99=2338.82]
Run runtime(sec): 80.9736
Run operations(ops): 1000000
Run throughput(ops/sec): 12349.7
