Running scope as unit: run-r06eb836f21d646a59df35418a9ad50bb.scope
load file:/home/user/DataFiles/silesia_data/silesia.tar
2025-04-23 02:25:59 0 sec: 0 operations;
2025-04-23 02:26:00 1 sec: 0 operations;
2025-04-23 02:26:01 2 sec: 0 operations;
2025-04-23 02:26:02 3 sec: 0 operations;
2025-04-23 02:26:03 4 sec: 0 operations;
2025-04-23 02:26:04 5 sec: 0 operations;
2025-04-23 02:26:05 6 sec: 0 operations;
2025-04-23 02:26:06 7 sec: 0 operations;
2025-04-23 02:26:07 8 sec: 0 operations;
2025-04-23 02:26:08 9 sec: 0 operations;
2025-04-23 02:26:09 10 sec: 0 operations;
2025-04-23 02:26:10 11 sec: 0 operations;
2025-04-23 02:26:11 12 sec: 0 operations;
2025-04-23 02:26:12 13 sec: 0 operations;
2025-04-23 02:26:13 14 sec: 0 operations;
2025-04-23 02:26:14 15 sec: 0 operations;
2025-04-23 02:26:15 16 sec: 0 operations;
2025-04-23 02:26:16 17 sec: 0 operations;
2025-04-23 02:26:17 18 sec: 0 operations;
2025-04-23 02:26:18 19 sec: 0 operations;
2025-04-23 02:26:19 20 sec: 0 operations;
2025-04-23 02:26:20 21 sec: 0 operations;
2025-04-23 02:26:21 22 sec: 0 operations;
2025-04-23 02:26:22 23 sec: 0 operations;
2025-04-23 02:26:23 24 sec: 7770 operations; [READ: Count=3837 Max=374.53 Min=3.42 Avg=106.82 10=50.69 25=79.04 50=105.34 75=135.68 90=162.18 95=176.51 99=210.94 99.9=264.70 99.99=374.53] [UPDATE: Count=3933 Max=1436.67 Min=8.38 Avg=118.43 10=59.74 25=87.61 50=114.62 75=145.02 90=168.96 95=183.68 99=230.01 99.9=1028.61 99.99=1436.67]
2025-04-23 02:26:24 25 sec: 16949 operations; [READ: Count=8404 Max=374.53 Min=2.86 Avg=104.49 10=47.71 25=76.80 50=103.55 75=133.76 90=157.31 95=171.52 99=204.54 99.9=254.08 99.99=293.63] [UPDATE: Count=8545 Max=18890.75 Min=7.01 Avg=115.63 10=55.62 25=84.61 50=110.78 75=141.18 90=165.63 95=180.74 99=218.24 99.9=855.04 99.99=1436.67]
2025-04-23 02:26:25 26 sec: 26245 operations; [READ: Count=13081 Max=374.53 Min=2.55 Avg=103.01 10=46.49 25=75.84 50=102.27 75=132.22 90=155.90 95=169.98 99=203.65 99.9=247.81 99.99=293.63] [UPDATE: Count=13164 Max=18890.75 Min=7.01 Avg=114.71 10=54.05 25=83.07 50=109.31 75=139.65 90=164.61 95=180.09 99=217.22 99.9=835.58 99.99=16809.98]
2025-04-23 02:26:27 27 sec: 34736 operations; [READ: Count=17291 Max=403.20 Min=2.54 Avg=102.34 10=46.05 25=74.81 50=101.57 75=131.58 90=155.26 95=169.47 99=203.01 99.9=242.56 99.99=293.63] [UPDATE: Count=17445 Max=200802.30 Min=7.01 Avg=124.44 10=52.83 25=82.17 50=108.67 75=139.01 90=163.58 95=179.58 99=214.91 99.9=566.27 99.99=16809.98]
2025-04-23 02:26:28 28 sec: 44326 operations; [READ: Count=22112 Max=403.20 Min=2.38 Avg=101.73 10=45.41 25=74.11 50=101.12 75=131.33 90=154.88 95=169.09 99=201.98 99.9=240.00 99.99=293.63] [UPDATE: Count=22214 Max=200802.30 Min=7.01 Avg=120.73 10=52.35 25=81.41 50=108.22 75=138.50 90=163.20 95=178.81 99=213.76 99.9=528.89 99.99=16809.98]
2025-04-23 02:26:29 29 sec: 53810 operations; [READ: Count=26836 Max=449.28 Min=2.38 Avg=101.26 10=44.96 25=73.66 50=100.67 75=130.94 90=154.75 95=169.22 99=202.50 99.9=242.56 99.99=295.68] [UPDATE: Count=26974 Max=200802.30 Min=7.01 Avg=118.82 10=52.22 25=81.02 50=108.03 75=138.37 90=163.33 95=179.46 99=214.14 99.9=555.52 99.99=2875.39]
2025-04-23 02:26:30 30 sec: 63374 operations; [READ: Count=31648 Max=449.28 Min=2.38 Avg=101.07 10=44.51 25=73.15 50=100.54 75=130.88 90=155.01 95=169.60 99=203.01 99.9=246.40 99.99=374.53] [UPDATE: Count=31726 Max=200802.30 Min=7.01 Avg=117.09 10=51.65 25=80.45 50=107.71 75=138.11 90=163.20 95=179.20 99=214.14 99.9=555.52 99.99=2875.39]
2025-04-23 02:26:31 31 sec: 72832 operations; [READ: Count=36396 Max=449.28 Min=2.38 Avg=100.53 10=44.03 25=72.64 50=100.22 75=130.50 90=154.75 95=169.22 99=201.98 99.9=245.25 99.99=295.68] [UPDATE: Count=36436 Max=200802.30 Min=7.01 Avg=116.54 10=51.10 25=79.87 50=107.33 75=137.85 90=162.94 95=178.56 99=213.76 99.9=555.52 99.99=10207.23]
2025-04-23 02:26:32 32 sec: 82231 operations; [READ: Count=41086 Max=449.28 Min=2.38 Avg=100.40 10=44.00 25=72.58 50=100.22 75=130.43 90=154.50 95=169.09 99=201.73 99.9=245.25 99.99=322.30] [UPDATE: Count=41145 Max=200802.30 Min=7.01 Avg=115.95 10=50.78 25=79.81 50=107.33 75=137.85 90=162.94 95=178.56 99=213.76 99.9=504.57 99.99=16809.98]
2025-04-23 02:26:33 33 sec: 92001 operations; [READ: Count=45961 Max=449.28 Min=2.38 Avg=100.21 10=43.71 25=72.45 50=100.16 75=130.43 90=154.50 95=169.09 99=202.11 99.9=245.12 99.99=342.27] [UPDATE: Count=46040 Max=200802.30 Min=7.01 Avg=114.70 10=50.27 25=79.30 50=107.01 75=137.73 90=162.81 95=178.30 99=213.38 99.9=496.89 99.99=10207.23]
2025-04-23 02:26:34 34 sec: 101641 operations; [READ: Count=50706 Max=465.15 Min=2.38 Avg=100.06 10=43.39 25=72.19 50=100.03 75=130.43 90=154.50 95=169.09 99=202.11 99.9=242.56 99.99=374.53] [UPDATE: Count=50935 Max=200802.30 Min=7.01 Avg=113.95 10=50.05 25=79.17 50=106.94 75=137.73 90=162.81 95=178.30 99=213.38 99.9=491.77 99.99=10207.23]
2025-04-23 02:26:35 35 sec: 111090 operations; [READ: Count=55471 Max=465.15 Min=2.38 Avg=99.81 10=43.04 25=71.87 50=99.84 75=130.30 90=154.50 95=169.09 99=202.24 99.9=242.56 99.99=342.27] [UPDATE: Count=55619 Max=200802.30 Min=7.01 Avg=113.86 10=49.76 25=78.91 50=106.88 75=137.73 90=162.81 95=178.18 99=213.38 99.9=491.77 99.99=13058.05]
2025-04-23 02:26:36 36 sec: 120962 operations; [READ: Count=60412 Max=465.15 Min=2.33 Avg=99.51 10=42.49 25=71.42 50=99.65 75=130.24 90=154.62 95=169.22 99=202.11 99.9=242.56 99.99=342.27] [UPDATE: Count=60550 Max=200802.30 Min=7.01 Avg=113.10 10=49.31 25=78.66 50=106.81 75=137.60 90=162.69 95=177.92 99=213.38 99.9=471.55 99.99=13058.05]
2025-04-23 02:26:37 37 sec: 130848 operations; [READ: Count=65404 Max=465.15 Min=2.33 Avg=99.31 10=42.08 25=71.10 50=99.58 75=130.18 90=154.62 95=169.09 99=201.98 99.9=243.58 99.99=342.27] [UPDATE: Count=65444 Max=200802.30 Min=7.01 Avg=112.40 10=48.86 25=78.27 50=106.69 75=137.47 90=162.43 95=177.79 99=213.38 99.9=462.08 99.99=10207.23]
2025-04-23 02:26:38 38 sec: 140769 operations; [READ: Count=70410 Max=465.15 Min=2.33 Avg=98.98 10=41.50 25=70.66 50=99.39 75=130.11 90=154.50 95=168.96 99=201.60 99.9=242.56 99.99=342.27] [UPDATE: Count=70359 Max=200802.30 Min=7.01 Avg=111.90 10=48.48 25=78.02 50=106.56 75=137.34 90=162.43 95=177.79 99=213.25 99.9=462.08 99.99=10207.23]
2025-04-23 02:26:39 39 sec: 150603 operations; [READ: Count=75340 Max=465.15 Min=2.33 Avg=98.71 10=40.93 25=70.21 50=99.20 75=130.05 90=154.50 95=168.96 99=201.34 99.9=242.56 99.99=322.30] [UPDATE: Count=75263 Max=200802.30 Min=7.01 Avg=111.56 10=48.00 25=77.63 50=106.43 75=137.22 90=162.30 95=177.66 99=213.25 99.9=474.37 99.99=10207.23]
2025-04-23 02:26:40 40 sec: 160622 operations; [READ: Count=80364 Max=473.86 Min=2.33 Avg=98.48 10=40.35 25=69.82 50=99.14 75=129.92 90=154.37 95=168.83 99=201.09 99.9=241.41 99.99=342.27] [UPDATE: Count=80258 Max=200802.30 Min=7.01 Avg=111.02 10=47.52 25=77.38 50=106.30 75=137.22 90=162.30 95=177.66 99=212.86 99.9=457.73 99.99=10207.23]
2025-04-23 02:26:41 41 sec: 170416 operations; [READ: Count=85331 Max=517.12 Min=2.33 Avg=98.31 10=39.87 25=69.63 50=99.01 75=129.85 90=154.37 95=168.83 99=200.83 99.9=241.41 99.99=374.53] [UPDATE: Count=85085 Max=200802.30 Min=7.01 Avg=110.78 10=47.04 25=77.06 50=106.11 75=137.09 90=162.18 95=177.53 99=212.74 99.9=462.08 99.99=10207.23]
2025-04-23 02:26:42 42 sec: 180505 operations; [READ: Count=90431 Max=517.12 Min=2.33 Avg=98.05 10=39.36 25=69.25 50=98.88 75=129.73 90=154.24 95=168.83 99=200.57 99.9=240.13 99.99=379.90] [UPDATE: Count=90074 Max=200802.30 Min=7.01 Avg=110.34 10=46.46 25=76.61 50=105.92 75=136.96 90=161.92 95=177.41 99=212.86 99.9=459.26 99.99=10936.32]
2025-04-23 02:26:43 43 sec: 190582 operations; [READ: Count=95555 Max=517.12 Min=2.33 Avg=97.84 10=38.81 25=68.86 50=98.75 75=129.73 90=154.24 95=168.83 99=200.70 99.9=240.51 99.99=374.53] [UPDATE: Count=95027 Max=200802.30 Min=7.01 Avg=109.94 10=46.05 25=76.42 50=105.92 75=136.96 90=161.92 95=177.41 99=212.74 99.9=456.19 99.99=10207.23]
2025-04-23 02:26:44 44 sec: 200653 operations; [READ: Count=100614 Max=517.12 Min=2.33 Avg=97.70 10=38.43 25=68.54 50=98.75 75=129.73 90=154.24 95=168.83 99=200.83 99.9=240.64 99.99=379.90] [UPDATE: Count=100039 Max=200802.30 Min=7.01 Avg=109.53 10=45.53 25=76.09 50=105.79 75=136.83 90=161.92 95=177.41 99=212.61 99.9=438.53 99.99=10207.23]
2025-04-23 02:26:45 45 sec: 210820 operations; [READ: Count=105655 Max=517.12 Min=2.33 Avg=97.50 10=37.98 25=68.22 50=98.69 75=129.60 90=154.24 95=168.83 99=200.57 99.9=240.00 99.99=374.53] [UPDATE: Count=105165 Max=200802.30 Min=7.01 Avg=109.12 10=44.96 25=75.78 50=105.73 75=136.83 90=161.92 95=177.28 99=212.48 99.9=430.85 99.99=7884.80]
2025-04-23 02:26:46 46 sec: 220990 operations; [READ: Count=110700 Max=517.12 Min=2.33 Avg=97.28 10=37.44 25=67.78 50=98.56 75=129.53 90=154.24 95=168.83 99=200.45 99.9=239.74 99.99=379.90] [UPDATE: Count=110290 Max=200802.30 Min=7.01 Avg=108.79 10=44.41 25=75.39 50=105.60 75=136.70 90=161.92 95=177.15 99=212.35 99.9=430.59 99.99=7884.80]
2025-04-23 02:26:47 47 sec: 231240 operations; [READ: Count=115865 Max=517.12 Min=2.33 Avg=97.09 10=36.93 25=67.39 50=98.43 75=129.47 90=154.24 95=168.83 99=200.45 99.9=240.51 99.99=379.90] [UPDATE: Count=115375 Max=200802.30 Min=7.01 Avg=108.42 10=43.81 25=75.01 50=105.47 75=136.70 90=161.92 95=177.15 99=212.48 99.9=427.52 99.99=6537.22]
2025-04-23 02:26:48 48 sec: 241972 operations; [READ: Count=121352 Max=517.12 Min=2.33 Avg=96.66 10=36.19 25=66.43 50=98.11 75=129.22 90=154.11 95=168.83 99=200.96 99.9=241.15 99.99=379.90] [UPDATE: Count=120620 Max=200802.30 Min=7.01 Avg=107.94 10=43.13 25=74.11 50=105.15 75=136.45 90=161.79 95=177.28 99=213.25 99.9=431.10 99.99=6537.22]
2025-04-23 02:26:49 49 sec: 260418 operations; [READ: Count=130462 Max=2584.57 Min=2.33 Avg=93.26 10=33.25 25=58.43 50=94.21 75=126.72 90=152.70 95=167.55 99=200.19 99.9=252.80 99.99=1542.14] [UPDATE: Count=129956 Max=200802.30 Min=7.01 Avg=104.40 10=39.65 25=65.53 50=101.25 75=133.89 90=160.25 95=176.00 99=213.25 99.9=535.04 99.99=6537.22]
2025-04-23 02:26:50 50 sec: 284163 operations; [READ: Count=142291 Max=2584.57 Min=2.33 Avg=88.56 10=30.85 25=48.03 50=89.28 75=123.39 90=150.78 95=165.89 99=198.78 99.9=256.64 99.99=1533.95] [UPDATE: Count=141872 Max=200802.30 Min=6.69 Avg=99.47 10=36.83 25=55.33 50=96.45 75=130.69 90=158.34 95=174.46 99=212.48 99.9=543.74 99.99=3305.47]
2025-04-23 02:26:51 51 sec: 309868 operations; [READ: Count=155165 Max=2584.57 Min=2.33 Avg=84.05 10=29.76 25=41.02 50=84.54 75=119.74 90=148.74 95=164.09 99=197.50 99.9=263.17 99.99=1505.28] [UPDATE: Count=154703 Max=200802.30 Min=6.69 Avg=94.71 10=35.39 25=48.16 50=91.65 75=127.23 90=156.41 95=172.80 99=211.58 99.9=531.97 99.99=3278.85]
2025-04-23 02:26:52 52 sec: 335672 operations; [READ: Count=167998 Max=2584.57 Min=2.33 Avg=80.24 10=28.75 25=35.26 50=78.85 75=116.48 90=146.81 95=162.43 99=196.35 99.9=265.47 99.99=1332.22] [UPDATE: Count=167674 Max=200802.30 Min=6.69 Avg=90.60 10=34.11 25=42.59 50=86.21 75=123.84 90=154.50 95=171.13 99=210.05 99.9=512.51 99.99=3026.94]
2025-04-23 02:26:53 53 sec: 361315 operations; [READ: Count=180786 Max=2584.57 Min=2.26 Avg=77.00 10=13.22 25=33.41 50=73.22 75=113.28 90=145.02 95=160.90 99=195.33 99.9=272.13 99.99=1296.38] [UPDATE: Count=180529 Max=200802.30 Min=6.69 Avg=87.14 10=20.56 25=40.41 50=80.58 75=120.70 90=152.70 95=169.47 99=209.15 99.9=496.89 99.99=2875.39]
2025-04-23 02:26:54 54 sec: 382434 operations; [READ: Count=191384 Max=2584.57 Min=2.26 Avg=75.06 10=10.11 25=32.62 50=67.14 75=110.78 90=143.74 95=160.13 99=195.84 99.9=445.18 99.99=1457.15] [UPDATE: Count=191050 Max=200802.30 Min=6.69 Avg=85.16 10=17.92 25=39.39 50=75.20 75=118.21 90=151.29 95=168.70 99=210.94 99.9=686.59 99.99=2506.75]
2025-04-23 02:26:55 55 sec: 408013 operations; [READ: Count=204275 Max=2584.57 Min=2.26 Avg=72.50 10=8.60 25=32.09 50=60.99 75=107.39 90=142.08 95=158.85 99=194.69 99.9=418.56 99.99=1345.54] [UPDATE: Count=203738 Max=200802.30 Min=6.69 Avg=82.49 10=16.43 25=38.66 50=68.73 75=115.01 90=149.76 95=167.42 99=209.53 99.9=651.77 99.99=2387.97]
2025-04-23 02:26:56 56 sec: 433561 operations; [READ: Count=217072 Max=2584.57 Min=2.26 Avg=70.26 10=7.80 25=31.76 50=55.04 75=104.45 90=140.41 95=157.57 99=193.53 99.9=399.62 99.99=1296.38] [UPDATE: Count=216489 Max=200802.30 Min=6.69 Avg=80.11 10=15.46 25=38.14 50=63.01 75=112.13 90=148.09 95=166.14 99=208.38 99.9=629.25 99.99=2328.57]
2025-04-23 02:26:57 57 sec: 457460 operations; [READ: Count=229120 Max=2584.57 Min=2.26 Avg=68.51 10=7.32 25=31.54 50=49.31 75=102.21 90=139.01 95=156.54 99=193.41 99.9=431.62 99.99=1281.02] [UPDATE: Count=228340 Max=200802.30 Min=6.69 Avg=78.30 10=14.84 25=37.82 50=57.38 75=109.76 90=146.81 95=165.25 99=208.90 99.9=619.01 99.99=2328.57]
2025-04-23 02:26:58 58 sec: 482769 operations; [READ: Count=241769 Max=2584.57 Min=2.26 Avg=66.74 10=6.89 25=31.33 50=45.95 75=100.03 90=137.47 95=155.52 99=192.25 99.9=418.30 99.99=1261.57] [UPDATE: Count=241000 Max=200802.30 Min=6.69 Avg=76.43 10=14.37 25=37.53 50=53.44 75=107.45 90=145.41 95=164.09 99=207.74 99.9=604.67 99.99=2283.52]
2025-04-23 02:26:59 59 sec: 508103 operations; [READ: Count=254487 Max=2584.57 Min=2.14 Avg=65.16 10=6.59 25=31.17 50=42.78 75=97.98 90=135.94 95=154.24 99=191.23 99.9=399.62 99.99=1216.51] [UPDATE: Count=253616 Max=200802.30 Min=6.69 Avg=74.74 10=13.97 25=37.31 50=50.27 75=105.53 90=143.87 95=162.94 99=206.72 99.9=576.51 99.99=2172.93]
2025-04-23 02:27:00 60 sec: 533785 operations; [READ: Count=267326 Max=2584.57 Min=2.14 Avg=63.67 10=6.37 25=31.04 50=39.26 75=96.13 90=134.40 95=153.22 99=190.21 99.9=389.89 99.99=1203.20] [UPDATE: Count=266459 Max=200802.30 Min=6.69 Avg=73.17 10=13.65 25=37.12 50=47.04 75=103.61 90=142.46 95=161.92 99=205.95 99.9=564.74 99.99=2072.57]
2025-04-23 02:27:01 61 sec: 559277 operations; [READ: Count=280104 Max=2584.57 Min=2.14 Avg=62.34 10=6.17 25=30.91 50=36.90 75=94.59 90=132.86 95=152.19 99=189.57 99.9=387.84 99.99=1176.58] [UPDATE: Count=279173 Max=200802.30 Min=6.69 Avg=71.77 10=13.38 25=36.96 50=44.73 75=102.02 90=141.06 95=160.90 99=205.18 99.9=550.91 99.99=2068.48]
2025-04-23 02:27:02 62 sec: 581447 operations; [READ: Count=291262 Max=2584.57 Min=2.14 Avg=61.47 10=6.05 25=30.82 50=35.71 75=93.50 90=131.97 95=151.81 99=190.59 99.9=430.33 99.99=1203.20] [UPDATE: Count=290185 Max=200802.30 Min=6.69 Avg=70.91 10=13.17 25=36.83 50=43.58 75=100.99 90=140.16 95=160.51 99=207.23 99.9=564.22 99.99=2068.48]
2025-04-23 02:27:03 63 sec: 607501 operations; [READ: Count=304331 Max=2584.57 Min=2.14 Avg=60.26 10=5.93 25=30.72 50=34.88 75=92.29 90=130.56 95=150.78 99=189.82 99.9=418.81 99.99=1176.58] [UPDATE: Count=303170 Max=200802.30 Min=6.69 Avg=69.66 10=12.98 25=36.67 50=42.72 75=99.71 90=138.75 95=159.49 99=206.59 99.9=556.54 99.99=1968.13]
2025-04-23 02:27:04 64 sec: 634911 operations; [READ: Count=317963 Max=2584.57 Min=2.14 Avg=59.04 10=5.82 25=30.62 50=34.34 75=91.01 90=129.09 95=149.63 99=189.06 99.9=416.51 99.99=1161.21] [UPDATE: Count=316948 Max=200802.30 Min=6.69 Avg=68.36 10=12.81 25=36.54 50=42.05 75=98.43 90=137.34 95=158.46 99=205.82 99.9=543.74 99.99=1895.42]
2025-04-23 02:27:05 65 sec: 660440 operations; [READ: Count=330785 Max=2584.57 Min=2.14 Avg=58.05 10=5.74 25=30.54 50=33.98 75=89.92 90=127.81 95=148.74 99=188.80 99.9=439.55 99.99=1216.51] [UPDATE: Count=329655 Max=200802.30 Min=6.69 Avg=67.39 10=12.68 25=36.45 50=41.63 75=97.41 90=136.06 95=157.69 99=205.95 99.9=566.27 99.99=1895.42]
2025-04-23 02:27:06 66 sec: 689206 operations; [READ: Count=345185 Max=2584.57 Min=2.14 Avg=56.87 10=5.65 25=30.48 50=33.76 75=88.70 90=126.21 95=147.71 99=187.90 99.9=431.62 99.99=1212.41] [UPDATE: Count=344021 Max=200802.30 Min=6.69 Avg=66.17 10=12.54 25=36.35 50=41.31 75=96.19 90=134.53 95=156.67 99=204.93 99.9=561.15 99.99=1870.85]
2025-04-23 02:27:07 67 sec: 714575 operations; [READ: Count=357791 Max=4460.54 Min=2.14 Avg=56.06 10=5.58 25=30.41 50=33.66 75=87.81 90=124.86 95=146.94 99=187.65 99.9=452.35 99.99=1296.38] [UPDATE: Count=356784 Max=200802.30 Min=6.69 Avg=65.36 10=12.43 25=36.29 50=41.15 75=95.17 90=133.38 95=155.78 99=204.67 99.9=576.51 99.99=1870.85]
2025-04-23 02:27:08 68 sec: 742554 operations; [READ: Count=371786 Max=4460.54 Min=2.14 Avg=55.11 10=5.54 25=30.35 50=33.57 75=86.78 90=123.39 95=145.92 99=186.88 99.9=445.69 99.99=1283.07] [UPDATE: Count=370768 Max=200802.30 Min=6.69 Avg=64.36 10=12.34 25=36.22 50=41.02 75=94.08 90=131.97 95=154.88 99=203.90 99.9=564.74 99.99=1843.20]
2025-04-23 02:27:09 69 sec: 771386 operations; [READ: Count=386003 Max=4460.54 Min=2.14 Avg=54.18 10=5.49 25=30.29 50=33.50 75=85.76 90=121.86 95=144.90 99=185.98 99.9=443.90 99.99=1265.66] [UPDATE: Count=385383 Max=200802.30 Min=6.69 Avg=63.36 10=12.24 25=36.13 50=40.90 75=92.86 90=130.56 95=153.98 99=203.26 99.9=562.17 99.99=1782.78]
2025-04-23 02:27:10 70 sec: 800926 operations; [READ: Count=400736 Max=4460.54 Min=2.14 Avg=53.25 10=5.43 25=30.19 50=33.34 75=84.54 90=120.32 95=144.13 99=185.73 99.9=462.85 99.99=1281.02] [UPDATE: Count=400190 Max=200802.30 Min=6.69 Avg=62.40 10=12.13 25=36.00 50=40.64 75=91.65 90=129.15 95=153.09 99=203.01 99.9=576.00 99.99=1784.83]
2025-04-23 02:27:11 71 sec: 834541 operations; [READ: Count=417481 Max=4460.54 Min=2.14 Avg=52.12 10=5.38 25=30.06 50=33.15 75=82.50 90=118.53 95=142.97 99=184.57 99.9=453.12 99.99=1262.59] [UPDATE: Count=417060 Max=200802.30 Min=6.69 Avg=61.20 10=12.02 25=35.84 50=40.35 75=89.98 90=127.36 95=151.94 99=201.85 99.9=562.69 99.99=1752.06]
2025-04-23 02:27:12 72 sec: 869138 operations; [READ: Count=434670 Max=4460.54 Min=2.14 Avg=51.00 10=5.31 25=29.92 50=32.99 75=78.59 90=116.86 95=141.82 99=183.55 99.9=444.16 99.99=1261.57] [UPDATE: Count=434468 Max=200802.30 Min=6.69 Avg=60.05 10=11.89 25=35.71 50=40.09 75=87.36 90=125.69 95=150.78 99=200.70 99.9=550.40 99.99=1751.04]
2025-04-23 02:27:13 73 sec: 901673 operations; [READ: Count=450957 Max=4460.54 Min=2.14 Avg=50.07 10=5.26 25=29.81 50=32.90 75=74.81 90=115.26 95=140.80 99=182.53 99.9=433.15 99.99=1244.16] [UPDATE: Count=450716 Max=200802.30 Min=6.69 Avg=59.13 10=11.84 25=35.55 50=40.00 75=83.84 90=124.16 95=149.89 99=199.94 99.9=538.62 99.99=1739.78]
2025-04-23 02:27:14 74 sec: 928498 operations; [READ: Count=464383 Max=4460.54 Min=1.98 Avg=49.55 10=5.28 25=29.71 50=32.93 75=71.87 90=114.05 95=140.03 99=182.01 99.9=444.16 99.99=1227.78] [UPDATE: Count=464115 Max=200802.30 Min=6.59 Avg=58.61 10=11.83 25=35.45 50=40.00 75=81.15 90=123.01 95=149.25 99=199.94 99.9=537.60 99.99=1739.78]
2025-04-23 02:27:15 75 sec: 953111 operations; [READ: Count=476809 Max=4460.54 Min=1.98 Avg=49.19 10=5.31 25=29.61 50=32.96 75=70.33 90=112.89 95=139.13 99=181.12 99.9=436.22 99.99=1216.51] [UPDATE: Count=476302 Max=200802.30 Min=6.59 Avg=58.24 10=11.84 25=35.33 50=40.03 75=79.74 90=121.98 95=148.61 99=199.29 99.9=529.41 99.99=1680.38]
2025-04-23 02:27:16 76 sec: 975385 operations; [READ: Count=487844 Max=4460.54 Min=1.98 Avg=48.95 10=5.33 25=29.52 50=32.99 75=69.76 90=111.94 95=138.50 99=180.61 99.9=439.55 99.99=1213.44] [UPDATE: Count=487541 Max=200802.30 Min=6.59 Avg=58.03 10=11.86 25=35.23 50=40.06 75=79.10 90=121.09 95=147.97 99=199.04 99.9=530.94 99.99=1680.38]
2025-04-23 02:27:17 77 sec: 999201 operations; [READ: Count=499821 Max=4460.54 Min=1.90 Avg=48.66 10=5.35 25=29.39 50=32.99 75=69.25 90=110.78 95=137.85 99=179.97 99.9=432.38 99.99=1212.41] [UPDATE: Count=499380 Max=200802.30 Min=6.59 Avg=57.74 10=11.86 25=35.07 50=40.09 75=78.53 90=120.13 95=147.33 99=198.53 99.9=524.29 99.99=1675.26]
2025-04-23 02:27:17 77 sec: 1000000 operations; [READ: Count=500241 Max=4460.54 Min=1.90 Avg=48.65 10=5.35 25=29.38 50=32.99 75=69.25 90=110.72 95=137.73 99=179.97 99.9=432.38 99.99=1212.41] [UPDATE: Count=499759 Max=200802.30 Min=6.59 Avg=57.72 10=11.86 25=35.07 50=40.09 75=78.53 90=120.06 95=147.33 99=198.40 99.9=524.03 99.99=1675.26]
Run runtime(sec): 77.6212
Run operations(ops): 1000000
Run throughput(ops/sec): 12883.1
