Running scope as unit: run-r8e3c3a10c35347b882c77d84a8e41c64.scope
load file:/home/user/DataFiles/silesia_data/silesia.tar
2025-04-23 03:04:01 0 sec: 0 operations;
2025-04-23 03:04:02 1 sec: 98638 operations; [INSERT: Count=98638 Max=2385.92 Min=4.16 Avg=6.76 10=4.95 25=5.28 50=6.25 75=7.69 90=9.03 95=9.86 99=12.84 99.9=55.13 99.99=63.49]
2025-04-23 03:04:03 2 sec: 194651 operations; [INSERT: Count=194651 Max=2385.92 Min=4.16 Avg=6.96 10=5.08 25=5.48 50=6.49 75=7.93 90=9.31 95=10.15 99=12.78 99.9=26.50 99.99=62.94]
2025-04-23 03:04:04 3 sec: 285954 operations; [INSERT: Count=285954 Max=13271.04 Min=4.16 Avg=7.19 10=5.17 25=5.63 50=6.69 75=8.13 90=9.53 95=10.41 99=12.97 99.9=52.35 99.99=78.02]
2025-04-23 03:04:05 4 sec: 377749 operations; [INSERT: Count=377749 Max=13271.04 Min=4.16 Avg=7.30 10=5.25 25=5.75 50=6.82 75=8.26 90=9.65 95=10.57 99=13.11 99.9=54.85 99.99=73.73]
2025-04-23 03:04:06 5 sec: 470352 operations; [INSERT: Count=470352 Max=13271.04 Min=3.87 Avg=7.34 10=5.25 25=5.79 50=6.88 75=8.32 90=9.73 95=10.66 99=13.18 99.9=55.74 99.99=75.20]
2025-04-23 03:04:07 6 sec: 568614 operations; [INSERT: Count=568614 Max=13271.04 Min=3.87 Avg=7.27 10=5.19 25=5.71 50=6.81 75=8.25 90=9.66 95=10.58 99=13.08 99.9=56.38 99.99=81.60]
2025-04-23 03:04:08 7 sec: 663147 operations; [INSERT: Count=663147 Max=13271.04 Min=3.87 Avg=7.28 10=5.21 25=5.72 50=6.81 75=8.26 90=9.68 95=10.60 99=13.06 99.9=56.90 99.99=84.09]
2025-04-23 03:04:09 8 sec: 752181 operations; [INSERT: Count=752181 Max=13271.04 Min=3.87 Avg=7.36 10=5.24 25=5.76 50=6.86 75=8.32 90=9.75 95=10.70 99=13.23 99.9=59.65 99.99=107.26]
2025-04-23 03:04:10 9 sec: 834277 operations; [INSERT: Count=834277 Max=13271.04 Min=3.87 Avg=7.51 10=5.26 25=5.81 50=6.93 75=8.41 90=9.86 95=10.86 99=13.68 99.9=66.94 99.99=126.27]
2025-04-23 03:04:11 10 sec: 917300 operations; [INSERT: Count=917300 Max=13271.04 Min=3.87 Avg=7.63 10=5.27 25=5.84 50=6.98 75=8.46 90=9.94 95=10.96 99=14.02 99.9=78.21 99.99=136.06]
2025-04-23 03:04:12 11 sec: 1000000 operations; [INSERT: Count=1000000 Max=13271.04 Min=3.87 Avg=7.56 10=5.21 25=5.76 50=6.89 75=8.39 90=9.87 95=10.88 99=14.00 99.9=80.83 99.99=137.47]
2025-04-23 03:04:13 12 sec: 1000000 operations; [INSERT: Count=1000000 Max=13271.04 Min=3.87 Avg=7.56 10=5.21 25=5.76 50=6.89 75=8.39 90=9.87 95=10.88 99=14.00 99.9=80.83 99.99=137.47]
2025-04-23 03:04:14 13 sec: 1000000 operations; [INSERT: Count=1000000 Max=13271.04 Min=3.87 Avg=7.56 10=5.21 25=5.76 50=6.89 75=8.39 90=9.87 95=10.88 99=14.00 99.9=80.83 99.99=137.47]
2025-04-23 03:04:15 14 sec: 1000000 operations; [INSERT: Count=1000000 Max=13271.04 Min=3.87 Avg=7.56 10=5.21 25=5.76 50=6.89 75=8.39 90=9.87 95=10.88 99=14.00 99.9=80.83 99.99=137.47]
2025-04-23 03:04:16 14 sec: 1000000 operations; [INSERT: Count=1000000 Max=13271.04 Min=3.87 Avg=7.56 10=5.21 25=5.76 50=6.89 75=8.39 90=9.87 95=10.88 99=14.00 99.9=80.83 99.99=137.47]
Load runtime(sec): 14.9633
Load operations(ops): 1000000
Load throughput(ops/sec): 66830
