Running scope as unit: run-r6187394cd7a247d0b038765a863de18f.scope
load file:/home/user/DataFiles/silesia_data/silesia.tar
2025-04-19 12:13:43 0 sec: 0 operations;
2025-04-19 12:13:44 1 sec: 38960 operations; [INSERT: Count=38960 Max=1606.65 Min=4.18 Avg=20.71 10=6.89 25=8.73 50=14.19 75=26.75 90=41.98 95=52.06 99=74.50 99.9=276.74 99.99=871.42]
2025-04-19 12:13:45 2 sec: 68668 operations; [INSERT: Count=68668 Max=1606.65 Min=4.18 Avg=24.84 10=7.75 25=12.02 50=20.89 75=33.15 90=46.34 95=54.81 99=73.02 99.9=233.60 99.99=834.56]
2025-04-19 12:13:46 3 sec: 98705 operations; [INSERT: Count=98705 Max=1606.65 Min=4.18 Avg=26.37 10=8.73 25=14.32 50=23.04 75=34.69 90=47.23 95=55.23 99=72.25 99.9=209.28 99.99=729.60]
2025-04-19 12:13:47 4 sec: 129685 operations; [INSERT: Count=129685 Max=1606.65 Min=4.18 Avg=26.97 10=9.85 25=15.61 50=23.84 75=35.07 90=47.17 95=54.91 99=70.97 99.9=205.69 99.99=700.41]
2025-04-19 12:13:48 5 sec: 161323 operations; [INSERT: Count=161323 Max=1606.65 Min=4.18 Avg=27.21 10=10.81 25=16.27 50=24.18 75=35.07 90=46.85 95=54.37 99=70.02 99.9=178.18 99.99=582.14]
2025-04-19 12:13:49 6 sec: 192762 operations; [INSERT: Count=192762 Max=29655.04 Min=4.18 Avg=27.38 10=11.49 25=16.59 50=24.19 75=34.88 90=46.40 95=53.82 99=69.38 99.9=138.62 99.99=539.13]
2025-04-19 12:13:50 7 sec: 226504 operations; [INSERT: Count=226504 Max=29655.04 Min=4.18 Avg=27.21 10=11.96 25=16.77 50=24.08 75=34.46 90=45.70 95=52.93 99=68.22 99.9=122.43 99.99=491.52]
2025-04-19 12:13:51 8 sec: 259563 operations; [INSERT: Count=259563 Max=29655.04 Min=4.18 Avg=27.16 10=12.31 25=16.93 50=24.08 75=34.30 90=45.34 95=52.41 99=67.39 99.9=117.63 99.99=391.68]
2025-04-19 12:13:52 9 sec: 292847 operations; [INSERT: Count=292847 Max=29655.04 Min=4.18 Avg=27.10 10=12.56 25=17.04 50=24.06 75=34.14 90=45.02 95=52.00 99=66.75 99.9=113.66 99.99=358.65]
2025-04-19 12:13:53 10 sec: 326071 operations; [INSERT: Count=326071 Max=29655.04 Min=4.18 Avg=27.05 10=12.76 25=17.14 50=24.06 75=34.02 90=44.73 95=51.62 99=66.24 99.9=110.21 99.99=318.21]
2025-04-19 12:13:54 11 sec: 359075 operations; [INSERT: Count=359075 Max=29655.04 Min=4.18 Avg=27.04 10=12.93 25=17.23 50=24.08 75=33.95 90=44.54 95=51.36 99=65.79 99.9=107.97 99.99=314.37]
2025-04-19 12:13:55 12 sec: 391890 operations; [INSERT: Count=391890 Max=29655.04 Min=4.18 Avg=27.03 10=13.07 25=17.30 50=24.09 75=33.92 90=44.41 95=51.20 99=65.60 99.9=105.09 99.99=311.30]
2025-04-19 12:13:56 13 sec: 424887 operations; [INSERT: Count=424887 Max=29655.04 Min=4.18 Avg=27.02 10=13.18 25=17.34 50=24.09 75=33.85 90=44.29 95=51.04 99=65.31 99.9=102.85 99.99=303.87]
2025-04-19 12:13:57 14 sec: 454265 operations; [INSERT: Count=454265 Max=29655.04 Min=4.18 Avg=27.23 10=13.30 25=17.49 50=24.29 75=34.11 90=44.61 95=51.39 99=65.79 99.9=102.85 99.99=302.08]
2025-04-19 12:13:58 15 sec: 484032 operations; [INSERT: Count=484032 Max=29655.04 Min=4.18 Avg=27.42 10=13.37 25=17.57 50=24.45 75=34.34 90=44.96 95=51.87 99=66.50 99.9=103.94 99.99=303.87]
2025-04-19 12:13:59 16 sec: 511110 operations; [INSERT: Count=511110 Max=29655.04 Min=4.18 Avg=27.68 10=13.46 25=17.70 50=24.64 75=34.66 90=45.47 95=52.54 99=67.71 99.9=107.65 99.99=318.21]
2025-04-19 12:14:00 17 sec: 538107 operations; [INSERT: Count=538107 Max=29655.04 Min=4.18 Avg=27.90 10=13.55 25=17.81 50=24.80 75=34.94 90=45.85 95=53.09 99=68.73 99.9=108.48 99.99=332.03]
2025-04-19 12:14:01 18 sec: 565133 operations; [INSERT: Count=565133 Max=29655.04 Min=4.18 Avg=28.09 10=13.64 25=17.90 50=24.98 75=35.17 90=46.21 95=53.53 99=69.57 99.9=109.57 99.99=337.66]
2025-04-19 12:14:02 19 sec: 591967 operations; [INSERT: Count=591967 Max=29655.04 Min=4.18 Avg=28.28 10=13.73 25=18.02 50=25.14 75=35.39 90=46.53 95=53.95 99=70.27 99.9=110.33 99.99=344.57]
2025-04-19 12:14:03 20 sec: 618769 operations; [INSERT: Count=618769 Max=29655.04 Min=4.18 Avg=28.46 10=13.81 25=18.13 50=25.30 75=35.62 90=46.85 95=54.37 99=70.85 99.9=111.36 99.99=354.30]
2025-04-19 12:14:04 21 sec: 645236 operations; [INSERT: Count=645236 Max=29655.04 Min=4.18 Avg=28.64 10=13.90 25=18.22 50=25.44 75=35.84 90=47.17 95=54.75 99=71.55 99.9=112.89 99.99=358.65]
2025-04-19 12:14:05 22 sec: 671304 operations; [INSERT: Count=671304 Max=29655.04 Min=4.18 Avg=28.83 10=13.99 25=18.32 50=25.60 75=36.06 90=47.49 95=55.17 99=72.32 99.9=114.17 99.99=376.06]
2025-04-19 12:14:06 23 sec: 697584 operations; [INSERT: Count=697584 Max=29655.04 Min=4.18 Avg=28.99 10=14.06 25=18.41 50=25.73 75=36.26 90=47.77 95=55.52 99=72.89 99.9=115.07 99.99=384.00]
2025-04-19 12:14:07 24 sec: 724594 operations; [INSERT: Count=724594 Max=29655.04 Min=4.18 Avg=29.11 10=14.13 25=18.50 50=25.82 75=36.38 90=47.97 95=55.74 99=73.22 99.9=115.65 99.99=386.56]
2025-04-19 12:14:08 25 sec: 747957 operations; [INSERT: Count=747957 Max=29655.04 Min=4.18 Avg=29.38 10=14.21 25=18.61 50=26.03 75=36.70 90=48.38 95=56.35 99=74.30 99.9=122.37 99.99=398.59]
2025-04-19 12:14:09 26 sec: 769992 operations; [INSERT: Count=769992 Max=29655.04 Min=4.18 Avg=29.68 10=14.29 25=18.75 50=26.27 75=37.05 90=48.90 95=56.99 99=75.52 99.9=134.14 99.99=414.46]
2025-04-19 12:14:10 27 sec: 792919 operations; [INSERT: Count=792919 Max=29655.04 Min=4.18 Avg=29.93 10=14.38 25=18.86 50=26.48 75=37.34 90=49.28 95=57.47 99=76.42 99.9=188.16 99.99=433.66]
2025-04-19 12:14:11 28 sec: 816399 operations; [INSERT: Count=816399 Max=29655.04 Min=4.18 Avg=30.15 10=14.46 25=18.98 50=26.66 75=37.57 90=49.57 95=57.82 99=77.06 99.9=228.99 99.99=444.42]
2025-04-19 12:14:12 29 sec: 840873 operations; [INSERT: Count=840873 Max=29655.04 Min=4.18 Avg=30.31 10=14.52 25=19.07 50=26.78 75=37.70 90=49.76 95=58.08 99=77.69 99.9=246.27 99.99=448.51]
2025-04-19 12:14:13 30 sec: 865497 operations; [INSERT: Count=865497 Max=29655.04 Min=4.18 Avg=30.46 10=14.59 25=19.17 50=26.91 75=37.85 90=49.92 95=58.27 99=77.95 99.9=260.22 99.99=456.70]
2025-04-19 12:14:14 31 sec: 888498 operations; [INSERT: Count=888498 Max=29655.04 Min=4.18 Avg=30.66 10=14.63 25=19.23 50=27.01 75=37.98 90=50.17 95=58.66 99=79.23 99.9=269.82 99.99=539.13]
2025-04-19 12:14:15 32 sec: 921706 operations; [INSERT: Count=921706 Max=29655.04 Min=4.18 Avg=30.47 10=14.39 25=18.99 50=26.73 75=37.73 90=50.02 95=58.56 99=79.36 99.9=272.89 99.99=583.17]
2025-04-19 12:14:16 33 sec: 970461 operations; [INSERT: Count=970461 Max=29655.04 Min=4.18 Avg=29.72 10=13.47 25=18.21 50=25.95 75=37.09 90=49.44 95=58.02 99=78.72 99.9=270.08 99.99=608.25]
2025-04-19 12:14:17 34 sec: 1000000 operations; [INSERT: Count=1000000 Max=29655.04 Min=4.18 Avg=29.21 10=12.76 25=17.63 50=25.42 75=36.64 90=49.05 95=57.66 99=78.40 99.9=268.03 99.99=604.67]
2025-04-19 12:14:18 35 sec: 1000000 operations; [INSERT: Count=1000000 Max=29655.04 Min=4.18 Avg=29.21 10=12.76 25=17.63 50=25.42 75=36.64 90=49.05 95=57.66 99=78.40 99.9=268.03 99.99=604.67]
2025-04-19 12:14:19 36 sec: 1000000 operations; [INSERT: Count=1000000 Max=29655.04 Min=4.18 Avg=29.21 10=12.76 25=17.63 50=25.42 75=36.64 90=49.05 95=57.66 99=78.40 99.9=268.03 99.99=604.67]
2025-04-19 12:14:20 37 sec: 1000000 operations; [INSERT: Count=1000000 Max=29655.04 Min=4.18 Avg=29.21 10=12.76 25=17.63 50=25.42 75=36.64 90=49.05 95=57.66 99=78.40 99.9=268.03 99.99=604.67]
2025-04-19 12:14:21 38 sec: 1000000 operations; [INSERT: Count=1000000 Max=29655.04 Min=4.18 Avg=29.21 10=12.76 25=17.63 50=25.42 75=36.64 90=49.05 95=57.66 99=78.40 99.9=268.03 99.99=604.67]
2025-04-19 12:14:22 39 sec: 1000000 operations; [INSERT: Count=1000000 Max=29655.04 Min=4.18 Avg=29.21 10=12.76 25=17.63 50=25.42 75=36.64 90=49.05 95=57.66 99=78.40 99.9=268.03 99.99=604.67]
2025-04-19 12:14:23 40 sec: 1000000 operations; [INSERT: Count=1000000 Max=29655.04 Min=4.18 Avg=29.21 10=12.76 25=17.63 50=25.42 75=36.64 90=49.05 95=57.66 99=78.40 99.9=268.03 99.99=604.67]
2025-04-19 12:14:24 41 sec: 1000000 operations; [INSERT: Count=1000000 Max=29655.04 Min=4.18 Avg=29.21 10=12.76 25=17.63 50=25.42 75=36.64 90=49.05 95=57.66 99=78.40 99.9=268.03 99.99=604.67]
2025-04-19 12:14:25 42 sec: 1000000 operations; [INSERT: Count=1000000 Max=29655.04 Min=4.18 Avg=29.21 10=12.76 25=17.63 50=25.42 75=36.64 90=49.05 95=57.66 99=78.40 99.9=268.03 99.99=604.67]
2025-04-19 12:14:26 43 sec: 1000000 operations; [INSERT: Count=1000000 Max=29655.04 Min=4.18 Avg=29.21 10=12.76 25=17.63 50=25.42 75=36.64 90=49.05 95=57.66 99=78.40 99.9=268.03 99.99=604.67]
2025-04-19 12:14:26 43 sec: 1000000 operations; [INSERT: Count=1000000 Max=29655.04 Min=4.18 Avg=29.21 10=12.76 25=17.63 50=25.42 75=36.64 90=49.05 95=57.66 99=78.40 99.9=268.03 99.99=604.67]
Load runtime(sec): 43.5229
Load operations(ops): 1000000
Load throughput(ops/sec): 22976.4
