Running scope as unit: run-rbf6c839132e64c3bb74e2a2a76445b53.scope
load file:/home/user/DataFiles/silesia_data/silesia.tar
2025-04-19 12:13:43 0 sec: 0 operations;
2025-04-19 12:13:44 1 sec: 47934 operations; [INSERT: Count=47934 Max=2922.49 Min=4.01 Avg=17.16 10=5.33 25=6.67 50=10.49 75=23.31 90=37.76 95=47.04 99=64.80 99.9=125.50 99.99=313.34]
2025-04-19 12:13:45 2 sec: 77166 operations; [INSERT: Count=77166 Max=2922.49 Min=4.01 Avg=22.36 10=5.85 25=8.58 50=18.67 75=31.25 90=44.73 95=52.99 99=69.63 99.9=115.07 99.99=293.89]
2025-04-19 12:13:46 3 sec: 106308 operations; [INSERT: Count=106308 Max=2922.49 Min=4.01 Avg=24.73 10=6.39 25=11.26 50=21.81 75=33.85 90=46.88 95=54.88 99=71.10 99.9=108.99 99.99=303.36]
2025-04-19 12:13:47 4 sec: 136107 operations; [INSERT: Count=136107 Max=2922.49 Min=4.01 Avg=25.93 10=7.04 25=13.73 50=23.20 75=34.91 90=47.52 95=55.42 99=71.10 99.9=106.94 99.99=293.89]
2025-04-19 12:13:48 5 sec: 166558 operations; [INSERT: Count=166558 Max=2922.49 Min=4.01 Avg=26.58 10=7.79 25=15.07 50=23.89 75=35.33 90=47.71 95=55.42 99=70.85 99.9=107.58 99.99=296.45]
2025-04-19 12:13:49 6 sec: 195619 operations; [INSERT: Count=195619 Max=29671.42 Min=4.01 Avg=27.25 10=8.60 25=15.85 50=24.37 75=35.71 90=47.97 95=55.65 99=71.30 99.9=108.48 99.99=308.99]
2025-04-19 12:13:50 7 sec: 226720 operations; [INSERT: Count=226720 Max=31375.36 Min=4.01 Avg=27.47 10=9.49 25=16.25 50=24.43 75=35.58 90=47.65 95=55.26 99=70.72 99.9=104.64 99.99=303.36]
2025-04-19 12:13:51 8 sec: 258794 operations; [INSERT: Count=258794 Max=31375.36 Min=4.01 Avg=27.53 10=10.29 25=16.54 50=24.50 75=35.52 90=47.36 95=54.91 99=70.21 99.9=102.78 99.99=300.29]
2025-04-19 12:13:52 9 sec: 290826 operations; [INSERT: Count=290826 Max=31375.36 Min=4.01 Avg=27.57 10=10.94 25=16.77 50=24.54 75=35.42 90=47.13 95=54.62 99=69.89 99.9=102.97 99.99=297.21]
2025-04-19 12:13:53 10 sec: 322919 operations; [INSERT: Count=322919 Max=31375.36 Min=4.01 Avg=27.60 10=11.41 25=16.93 50=24.59 75=35.39 90=46.98 95=54.34 99=69.50 99.9=101.76 99.99=296.45]
2025-04-19 12:13:54 11 sec: 355337 operations; [INSERT: Count=355337 Max=31375.36 Min=4.01 Avg=27.59 10=11.77 25=17.02 50=24.57 75=35.26 90=46.75 95=54.11 99=69.25 99.9=101.76 99.99=292.86]
2025-04-19 12:13:55 12 sec: 387849 operations; [INSERT: Count=387849 Max=31375.36 Min=4.01 Avg=27.58 10=12.04 25=17.10 50=24.57 75=35.17 90=46.59 95=53.89 99=68.99 99.9=100.16 99.99=292.86]
2025-04-19 12:13:56 13 sec: 420713 operations; [INSERT: Count=420713 Max=31375.36 Min=4.01 Avg=27.54 10=12.22 25=17.14 50=24.53 75=35.07 90=46.40 95=53.66 99=68.67 99.9=100.03 99.99=296.45]
2025-04-19 12:13:57 14 sec: 453186 operations; [INSERT: Count=453186 Max=31375.36 Min=4.01 Avg=27.54 10=12.37 25=17.18 50=24.53 75=35.01 90=46.27 95=53.50 99=68.42 99.9=99.90 99.99=297.21]
2025-04-19 12:13:58 15 sec: 486545 operations; [INSERT: Count=486545 Max=31375.36 Min=4.01 Avg=27.48 10=12.38 25=17.14 50=24.46 75=34.94 90=46.21 95=53.41 99=68.35 99.9=99.20 99.99=299.26]
2025-04-19 12:13:59 16 sec: 515388 operations; [INSERT: Count=515388 Max=31375.36 Min=4.01 Avg=27.70 10=12.49 25=17.23 50=24.62 75=35.17 90=46.59 95=53.98 99=69.50 99.9=101.95 99.99=301.31]
2025-04-19 12:14:00 17 sec: 542565 operations; [INSERT: Count=542565 Max=31375.36 Min=4.01 Avg=27.99 10=12.61 25=17.36 50=24.83 75=35.52 90=47.17 95=54.72 99=70.91 99.9=104.83 99.99=307.71]
2025-04-19 12:14:01 18 sec: 570466 operations; [INSERT: Count=570466 Max=31375.36 Min=4.01 Avg=28.22 10=12.71 25=17.45 50=25.02 75=35.81 90=47.58 95=55.30 99=71.81 99.9=105.22 99.99=309.50]
2025-04-19 12:14:02 19 sec: 598879 operations; [INSERT: Count=598879 Max=31375.36 Min=4.01 Avg=28.39 10=12.81 25=17.55 50=25.15 75=36.03 90=47.90 95=55.71 99=72.51 99.9=106.56 99.99=312.83]
2025-04-19 12:14:03 20 sec: 627618 operations; [INSERT: Count=627618 Max=31375.36 Min=4.01 Avg=28.54 10=12.89 25=17.63 50=25.28 75=36.19 90=48.13 95=56.06 99=73.09 99.9=106.81 99.99=314.37]
2025-04-19 12:14:04 21 sec: 656606 operations; [INSERT: Count=656606 Max=31375.36 Min=4.01 Avg=28.65 10=12.96 25=17.70 50=25.38 75=36.32 90=48.32 95=56.32 99=73.53 99.9=107.65 99.99=318.98]
2025-04-19 12:14:05 22 sec: 687515 operations; [INSERT: Count=687515 Max=31375.36 Min=4.01 Avg=28.67 10=13.00 25=17.71 50=25.39 75=36.35 90=48.35 95=56.32 99=73.53 99.9=107.07 99.99=320.51]
2025-04-19 12:14:06 23 sec: 720331 operations; [INSERT: Count=720331 Max=31375.36 Min=4.01 Avg=28.60 10=13.02 25=17.68 50=25.33 75=36.22 90=48.19 95=56.16 99=73.34 99.9=106.75 99.99=323.07]
2025-04-19 12:14:07 24 sec: 752042 operations; [INSERT: Count=752042 Max=31375.36 Min=4.01 Avg=28.59 10=13.05 25=17.66 50=25.30 75=36.19 90=48.09 95=56.09 99=73.34 99.9=113.60 99.99=327.17]
2025-04-19 12:14:08 25 sec: 783407 operations; [INSERT: Count=783407 Max=31375.36 Min=4.01 Avg=28.59 10=13.09 25=17.68 50=25.28 75=36.13 90=48.06 95=56.03 99=73.41 99.9=128.57 99.99=328.45]
2025-04-19 12:14:09 26 sec: 814196 operations; [INSERT: Count=814196 Max=31375.36 Min=4.01 Avg=28.61 10=13.12 25=17.68 50=25.28 75=36.13 90=48.06 95=56.06 99=73.60 99.9=139.01 99.99=329.98]
2025-04-19 12:14:10 27 sec: 842142 operations; [INSERT: Count=842142 Max=31375.36 Min=4.01 Avg=28.73 10=13.18 25=17.73 50=25.34 75=36.22 90=48.19 95=56.29 99=74.30 99.9=152.83 99.99=340.74]
2025-04-19 12:14:11 28 sec: 868690 operations; [INSERT: Count=868690 Max=31375.36 Min=4.01 Avg=28.90 10=13.26 25=17.82 50=25.47 75=36.38 90=48.45 95=56.58 99=74.94 99.9=158.21 99.99=348.16]
2025-04-19 12:14:12 29 sec: 894388 operations; [INSERT: Count=894388 Max=31375.36 Min=4.01 Avg=29.09 10=13.33 25=17.92 50=25.60 75=36.61 90=48.77 95=57.02 99=75.84 99.9=162.30 99.99=358.40]
2025-04-19 12:14:13 30 sec: 920977 operations; [INSERT: Count=920977 Max=31375.36 Min=4.01 Avg=29.24 10=13.37 25=17.98 50=25.70 75=36.77 90=49.02 95=57.38 99=76.61 99.9=167.68 99.99=364.29]
2025-04-19 12:14:14 31 sec: 945322 operations; [INSERT: Count=945322 Max=31375.36 Min=4.01 Avg=29.46 10=13.39 25=18.02 50=25.79 75=36.96 90=49.34 95=57.89 99=78.14 99.9=179.07 99.99=425.47]
2025-04-19 12:14:15 32 sec: 970468 operations; [INSERT: Count=970468 Max=31375.36 Min=4.01 Avg=29.65 10=13.42 25=18.06 50=25.87 75=37.12 90=49.66 95=58.37 99=79.36 99.9=185.22 99.99=494.08]
2025-04-19 12:14:16 33 sec: 1000000 operations; [INSERT: Count=1000000 Max=31375.36 Min=4.01 Avg=29.65 10=13.41 25=18.05 50=25.86 75=37.09 90=49.70 95=58.40 99=79.55 99.9=189.69 99.99=526.85]
2025-04-19 12:14:17 34 sec: 1000000 operations; [INSERT: Count=1000000 Max=31375.36 Min=4.01 Avg=29.65 10=13.41 25=18.05 50=25.86 75=37.09 90=49.70 95=58.40 99=79.55 99.9=189.69 99.99=526.85]
2025-04-19 12:14:18 35 sec: 1000000 operations; [INSERT: Count=1000000 Max=31375.36 Min=4.01 Avg=29.65 10=13.41 25=18.05 50=25.86 75=37.09 90=49.70 95=58.40 99=79.55 99.9=189.69 99.99=526.85]
2025-04-19 12:14:19 36 sec: 1000000 operations; [INSERT: Count=1000000 Max=31375.36 Min=4.01 Avg=29.65 10=13.41 25=18.05 50=25.86 75=37.09 90=49.70 95=58.40 99=79.55 99.9=189.69 99.99=526.85]
2025-04-19 12:14:20 37 sec: 1000000 operations; [INSERT: Count=1000000 Max=31375.36 Min=4.01 Avg=29.65 10=13.41 25=18.05 50=25.86 75=37.09 90=49.70 95=58.40 99=79.55 99.9=189.69 99.99=526.85]
2025-04-19 12:14:21 38 sec: 1000000 operations; [INSERT: Count=1000000 Max=31375.36 Min=4.01 Avg=29.65 10=13.41 25=18.05 50=25.86 75=37.09 90=49.70 95=58.40 99=79.55 99.9=189.69 99.99=526.85]
2025-04-19 12:14:22 39 sec: 1000000 operations; [INSERT: Count=1000000 Max=31375.36 Min=4.01 Avg=29.65 10=13.41 25=18.05 50=25.86 75=37.09 90=49.70 95=58.40 99=79.55 99.9=189.69 99.99=526.85]
2025-04-19 12:14:23 40 sec: 1000000 operations; [INSERT: Count=1000000 Max=31375.36 Min=4.01 Avg=29.65 10=13.41 25=18.05 50=25.86 75=37.09 90=49.70 95=58.40 99=79.55 99.9=189.69 99.99=526.85]
2025-04-19 12:14:24 41 sec: 1000000 operations; [INSERT: Count=1000000 Max=31375.36 Min=4.01 Avg=29.65 10=13.41 25=18.05 50=25.86 75=37.09 90=49.70 95=58.40 99=79.55 99.9=189.69 99.99=526.85]
2025-04-19 12:14:24 41 sec: 1000000 operations; [INSERT: Count=1000000 Max=31375.36 Min=4.01 Avg=29.65 10=13.41 25=18.05 50=25.86 75=37.09 90=49.70 95=58.40 99=79.55 99.9=189.69 99.99=526.85]
Load runtime(sec): 41.7698
Load operations(ops): 1000000
Load throughput(ops/sec): 23940.7
