Running scope as unit: run-r8c80c00011e54da3b01ba05ec3210aa4.scope
load file:/home/user/DataFiles/silesia_data/silesia.tar
2025-04-22 18:41:47 0 sec: 0 operations;
2025-04-22 18:41:48 1 sec: 76353 operations; [INSERT: Count=76353 Max=1297.41 Min=4.11 Avg=9.44 10=6.01 25=6.99 50=8.61 75=11.07 90=13.70 95=15.36 99=19.23 99.9=49.57 99.99=138.62]
2025-04-22 18:41:49 2 sec: 153322 operations; [INSERT: Count=153322 Max=1297.41 Min=4.11 Avg=9.61 10=6.25 25=7.21 50=8.82 75=11.24 90=13.73 95=15.28 99=19.01 99.9=52.32 99.99=127.74]
2025-04-22 18:41:50 3 sec: 228026 operations; [INSERT: Count=228026 Max=1297.41 Min=4.11 Avg=9.79 10=6.40 25=7.38 50=9.02 75=11.44 90=13.89 95=15.42 99=19.14 99.9=51.10 99.99=131.20]
2025-04-22 18:41:51 4 sec: 299958 operations; [INSERT: Count=299958 Max=9781.25 Min=4.11 Avg=10.00 10=6.52 25=7.54 50=9.21 75=11.64 90=14.10 95=15.65 99=19.45 99.9=50.66 99.99=137.22]
2025-04-22 18:41:52 5 sec: 372369 operations; [INSERT: Count=372369 Max=9781.25 Min=4.11 Avg=10.11 10=6.62 25=7.66 50=9.34 75=11.77 90=14.24 95=15.79 99=19.57 99.9=48.83 99.99=133.63]
2025-04-22 18:41:53 6 sec: 444667 operations; [INSERT: Count=444667 Max=9781.25 Min=4.11 Avg=10.19 10=6.69 25=7.74 50=9.43 75=11.86 90=14.31 95=15.86 99=19.65 99.9=49.02 99.99=132.61]
2025-04-22 18:41:54 7 sec: 520186 operations; [INSERT: Count=520186 Max=9781.25 Min=4.06 Avg=10.16 10=6.63 25=7.68 50=9.38 75=11.84 90=14.34 95=15.89 99=19.76 99.9=48.35 99.99=145.28]
2025-04-22 18:41:55 8 sec: 591527 operations; [INSERT: Count=591527 Max=9781.25 Min=4.06 Avg=10.24 10=6.67 25=7.73 50=9.43 75=11.93 90=14.47 95=16.06 99=19.98 99.9=47.71 99.99=157.44]
2025-04-22 18:41:56 9 sec: 661651 operations; [INSERT: Count=661651 Max=9781.25 Min=4.06 Avg=10.32 10=6.72 25=7.78 50=9.50 75=12.03 90=14.61 95=16.23 99=20.24 99.9=46.43 99.99=161.15]
2025-04-22 18:41:57 10 sec: 730308 operations; [INSERT: Count=730308 Max=9781.25 Min=4.06 Avg=10.41 10=6.77 25=7.85 50=9.58 75=12.13 90=14.72 95=16.36 99=20.40 99.9=57.38 99.99=170.37]
2025-04-22 18:41:58 11 sec: 796699 operations; [INSERT: Count=796699 Max=9781.25 Min=4.06 Avg=10.53 10=6.82 25=7.90 50=9.65 75=12.21 90=14.82 95=16.50 99=20.75 99.9=108.35 99.99=173.95]
2025-04-22 18:41:59 12 sec: 862534 operations; [INSERT: Count=862534 Max=9781.25 Min=4.06 Avg=10.64 10=6.86 25=7.96 50=9.73 75=12.30 90=14.91 95=16.61 99=21.02 99.9=117.31 99.99=178.56]
2025-04-22 18:42:00 13 sec: 930185 operations; [INSERT: Count=930185 Max=9781.25 Min=4.06 Avg=10.70 10=6.86 25=7.97 50=9.75 75=12.34 90=14.97 95=16.70 99=21.28 99.9=122.56 99.99=184.96]
2025-04-22 18:42:01 14 sec: 986036 operations; [INSERT: Count=986036 Max=9781.25 Min=4.06 Avg=10.90 10=6.89 25=8.00 50=9.80 75=12.43 90=15.18 95=17.04 99=22.99 99.9=125.25 99.99=212.86]
2025-04-22 18:42:02 15 sec: 1000000 operations; [INSERT: Count=1000000 Max=9781.25 Min=4.06 Avg=10.90 10=6.89 25=8.01 50=9.80 75=12.44 90=15.18 95=17.04 99=22.98 99.9=125.44 99.99=211.58]
2025-04-22 18:42:03 16 sec: 1000000 operations; [INSERT: Count=1000000 Max=9781.25 Min=4.06 Avg=10.90 10=6.89 25=8.01 50=9.80 75=12.44 90=15.18 95=17.04 99=22.98 99.9=125.44 99.99=211.58]
2025-04-22 18:42:04 17 sec: 1000000 operations; [INSERT: Count=1000000 Max=9781.25 Min=4.06 Avg=10.90 10=6.89 25=8.01 50=9.80 75=12.44 90=15.18 95=17.04 99=22.98 99.9=125.44 99.99=211.58]
2025-04-22 18:42:05 17 sec: 1000000 operations; [INSERT: Count=1000000 Max=9781.25 Min=4.06 Avg=10.90 10=6.89 25=8.01 50=9.80 75=12.44 90=15.18 95=17.04 99=22.98 99.9=125.44 99.99=211.58]
Load runtime(sec): 17.9987
Load operations(ops): 1000000
Load throughput(ops/sec): 55559.5
