Running scope as unit: run-r31ff5fd18afe460ab56a34f8c1e0fd41.scope
load file:/home/user/DataFiles/silesia_data/silesia.tar
2025-04-22 18:41:47 0 sec: 0 operations;
2025-04-22 18:41:48 1 sec: 75694 operations; [INSERT: Count=75694 Max=1297.41 Min=4.04 Avg=9.50 10=6.02 25=7.02 50=8.64 75=11.18 90=13.74 95=15.46 99=19.45 99.9=52.00 99.99=141.18]
2025-04-22 18:41:49 2 sec: 152192 operations; [INSERT: Count=152192 Max=1297.41 Min=4.04 Avg=9.64 10=6.25 25=7.23 50=8.85 75=11.31 90=13.79 95=15.35 99=19.05 99.9=52.29 99.99=128.38]
2025-04-22 18:41:50 3 sec: 225108 operations; [INSERT: Count=225108 Max=12140.54 Min=4.04 Avg=9.89 10=6.41 25=7.42 50=9.05 75=11.51 90=13.98 95=15.54 99=19.30 99.9=55.01 99.99=132.35]
2025-04-22 18:41:51 4 sec: 296584 operations; [INSERT: Count=296584 Max=12140.54 Min=4.04 Avg=10.07 10=6.53 25=7.57 50=9.24 75=11.71 90=14.20 95=15.78 99=19.66 99.9=51.33 99.99=132.74]
2025-04-22 18:41:52 5 sec: 368755 operations; [INSERT: Count=368755 Max=12140.54 Min=4.04 Avg=10.17 10=6.62 25=7.67 50=9.36 75=11.82 90=14.32 95=15.89 99=19.73 99.9=48.35 99.99=133.25]
2025-04-22 18:41:53 6 sec: 440609 operations; [INSERT: Count=440609 Max=12140.54 Min=4.04 Avg=10.24 10=6.70 25=7.75 50=9.45 75=11.91 90=14.39 95=15.97 99=19.76 99.9=49.31 99.99=133.25]
2025-04-22 18:41:54 7 sec: 512974 operations; [INSERT: Count=512974 Max=12140.54 Min=4.04 Avg=10.27 10=6.66 25=7.72 50=9.44 75=11.94 90=14.47 95=16.09 99=19.98 99.9=47.07 99.99=144.77]
2025-04-22 18:41:55 8 sec: 583487 operations; [INSERT: Count=583487 Max=12140.54 Min=4.04 Avg=10.34 10=6.70 25=7.77 50=9.49 75=12.04 90=14.62 95=16.25 99=20.29 99.9=46.40 99.99=159.23]
2025-04-22 18:41:56 9 sec: 652914 operations; [INSERT: Count=652914 Max=12140.54 Min=4.04 Avg=10.42 10=6.75 25=7.82 50=9.56 75=12.13 90=14.74 95=16.41 99=20.46 99.9=46.21 99.99=163.20]
2025-04-22 18:41:57 10 sec: 720652 operations; [INSERT: Count=720652 Max=12140.54 Min=4.04 Avg=10.52 10=6.80 25=7.89 50=9.65 75=12.25 90=14.87 95=16.57 99=20.75 99.9=47.10 99.99=169.60]
2025-04-22 18:41:58 11 sec: 786294 operations; [INSERT: Count=786294 Max=12140.54 Min=4.04 Avg=10.64 10=6.84 25=7.94 50=9.72 75=12.33 90=14.98 95=16.70 99=21.10 99.9=101.69 99.99=191.10]
2025-04-22 18:41:59 12 sec: 851255 operations; [INSERT: Count=851255 Max=12140.54 Min=4.04 Avg=10.75 10=6.89 25=8.00 50=9.79 75=12.41 90=15.08 95=16.82 99=21.36 99.9=126.91 99.99=200.06]
2025-04-22 18:42:00 13 sec: 916876 operations; [INSERT: Count=916876 Max=12140.54 Min=4.04 Avg=10.83 10=6.90 25=8.03 50=9.84 75=12.48 90=15.16 95=16.93 99=21.55 99.9=145.66 99.99=208.13]
2025-04-22 18:42:01 14 sec: 976607 operations; [INSERT: Count=976607 Max=12140.54 Min=4.04 Avg=10.99 10=6.91 25=8.04 50=9.86 75=12.54 90=15.31 95=17.20 99=23.04 99.9=155.39 99.99=237.44]
2025-04-22 18:42:02 15 sec: 1000000 operations; [INSERT: Count=1000000 Max=12140.54 Min=4.04 Avg=10.98 10=6.91 25=8.02 50=9.84 75=12.54 90=15.31 95=17.18 99=23.01 99.9=157.18 99.99=237.06]
2025-04-22 18:42:03 16 sec: 1000000 operations; [INSERT: Count=1000000 Max=12140.54 Min=4.04 Avg=10.98 10=6.91 25=8.02 50=9.84 75=12.54 90=15.31 95=17.18 99=23.01 99.9=157.18 99.99=237.06]
2025-04-22 18:42:04 17 sec: 1000000 operations; [INSERT: Count=1000000 Max=12140.54 Min=4.04 Avg=10.98 10=6.91 25=8.02 50=9.84 75=12.54 90=15.31 95=17.18 99=23.01 99.9=157.18 99.99=237.06]
2025-04-22 18:42:05 18 sec: 1000000 operations; [INSERT: Count=1000000 Max=12140.54 Min=4.04 Avg=10.98 10=6.91 25=8.02 50=9.84 75=12.54 90=15.31 95=17.18 99=23.01 99.9=157.18 99.99=237.06]
2025-04-22 18:42:05 18 sec: 1000000 operations; [INSERT: Count=1000000 Max=12140.54 Min=4.04 Avg=10.98 10=6.91 25=8.02 50=9.84 75=12.54 90=15.31 95=17.18 99=23.01 99.9=157.18 99.99=237.06]
Load runtime(sec): 18.3051
Load operations(ops): 1000000
Load throughput(ops/sec): 54629.5
