Running scope as unit: run-reb6f65f9fa8d49a59cc56cf780ba7b31.scope
load file:/home/user/DataFiles/silesia_data/silesia.tar
2025-04-22 06:44:20 0 sec: 0 operations;
2025-04-22 06:44:21 1 sec: 23126 operations; [INSERT: Count=23126 Max=2930.69 Min=5.70 Avg=33.26 10=15.32 25=20.89 50=29.45 75=42.17 90=55.84 95=64.45 99=80.77 99.9=108.86 99.99=529.41]
2025-04-22 06:44:22 2 sec: 49257 operations; [INSERT: Count=49257 Max=2930.69 Min=5.70 Avg=34.18 10=16.40 25=21.90 50=30.46 75=43.36 90=56.61 95=65.28 99=81.47 99.9=108.35 99.99=478.21]
2025-04-22 06:44:23 3 sec: 75818 operations; [INSERT: Count=75818 Max=2930.69 Min=5.70 Avg=34.25 10=16.66 25=22.09 50=30.57 75=43.33 90=56.54 95=64.96 99=81.34 99.9=107.39 99.99=438.53]
2025-04-22 06:44:24 4 sec: 102574 operations; [INSERT: Count=102574 Max=2930.69 Min=5.70 Avg=34.21 10=16.82 25=22.14 50=30.56 75=43.13 90=56.29 95=64.64 99=80.77 99.9=107.26 99.99=438.53]
2025-04-22 06:44:25 5 sec: 129158 operations; [INSERT: Count=129158 Max=2930.69 Min=5.70 Avg=34.23 10=16.89 25=22.21 50=30.59 75=43.07 90=56.29 95=64.51 99=80.70 99.9=106.94 99.99=438.53]
2025-04-22 06:44:26 6 sec: 155837 operations; [INSERT: Count=155837 Max=28983.29 Min=5.70 Avg=34.21 10=16.73 25=22.02 50=30.37 75=42.72 90=55.87 95=64.13 99=80.64 99.9=109.89 99.99=446.72]
2025-04-22 06:44:27 7 sec: 183301 operations; [INSERT: Count=183301 Max=28983.29 Min=5.70 Avg=34.05 10=16.77 25=22.00 50=30.27 75=42.49 90=55.55 95=63.74 99=80.19 99.9=109.18 99.99=438.01]
2025-04-22 06:44:28 8 sec: 210712 operations; [INSERT: Count=210712 Max=28983.29 Min=5.70 Avg=33.94 10=16.78 25=22.00 50=30.22 75=42.37 90=55.36 95=63.49 99=79.81 99.9=107.97 99.99=427.52]
2025-04-22 06:44:29 9 sec: 238763 operations; [INSERT: Count=238763 Max=28983.29 Min=5.70 Avg=33.75 10=16.75 25=21.92 50=30.09 75=42.14 90=55.04 95=63.04 99=79.36 99.9=107.26 99.99=423.42]
2025-04-22 06:44:30 10 sec: 266791 operations; [INSERT: Count=266791 Max=28983.29 Min=5.70 Avg=33.61 10=16.75 25=21.86 50=29.97 75=41.95 90=54.75 95=62.78 99=78.97 99.9=107.26 99.99=423.17]
2025-04-22 06:44:31 11 sec: 294546 operations; [INSERT: Count=294546 Max=28983.29 Min=5.70 Avg=33.52 10=16.73 25=21.82 50=29.92 75=41.82 90=54.59 95=62.59 99=78.66 99.9=107.26 99.99=423.42]
2025-04-22 06:44:32 12 sec: 323061 operations; [INSERT: Count=323061 Max=28983.29 Min=5.70 Avg=33.36 10=16.70 25=21.74 50=29.77 75=41.60 90=54.27 95=62.21 99=78.27 99.9=106.94 99.99=422.65]
2025-04-22 06:44:33 13 sec: 351480 operations; [INSERT: Count=351480 Max=28983.29 Min=5.70 Avg=33.24 10=16.69 25=21.71 50=29.70 75=41.44 90=54.05 95=61.95 99=77.95 99.9=105.28 99.99=418.30]
2025-04-22 06:44:34 14 sec: 379811 operations; [INSERT: Count=379811 Max=28983.29 Min=5.70 Avg=33.15 10=16.69 25=21.66 50=29.61 75=41.31 90=53.85 95=61.76 99=77.69 99.9=105.09 99.99=413.69]
2025-04-22 06:44:35 15 sec: 407585 operations; [INSERT: Count=407585 Max=28983.29 Min=5.70 Avg=33.12 10=16.70 25=21.66 50=29.61 75=41.25 90=53.76 95=61.63 99=77.63 99.9=104.83 99.99=412.42]
2025-04-22 06:44:36 16 sec: 432620 operations; [INSERT: Count=432620 Max=28983.29 Min=5.70 Avg=33.32 10=16.80 25=21.79 50=29.81 75=41.50 90=54.11 95=62.05 99=78.14 99.9=105.79 99.99=418.30]
2025-04-22 06:44:37 17 sec: 455989 operations; [INSERT: Count=455989 Max=28983.29 Min=5.70 Avg=33.63 10=16.89 25=21.92 50=30.03 75=41.85 90=54.59 95=62.62 99=79.04 99.9=106.30 99.99=423.42]
2025-04-22 06:44:38 18 sec: 468964 operations; [INSERT: Count=468964 Max=205258.75 Min=5.70 Avg=34.17 10=16.91 25=21.97 50=30.09 75=41.98 90=54.78 95=62.88 99=79.42 99.9=108.35 99.99=427.52]
2025-04-22 06:44:39 19 sec: 474326 operations; [INSERT: Count=474326 Max=1031798.78 Min=5.70 Avg=36.41 10=16.91 25=21.98 50=30.14 75=42.08 90=54.94 95=63.10 99=80.00 99.9=110.46 99.99=430.33]
2025-04-22 06:44:40 20 sec: 500499 operations; [INSERT: Count=500499 Max=1031798.78 Min=5.70 Avg=36.28 10=16.72 25=21.86 50=30.08 75=42.11 90=55.20 95=63.62 99=81.53 99.9=116.35 99.99=430.85]
2025-04-22 06:44:41 21 sec: 537001 operations; [INSERT: Count=537001 Max=1031798.78 Min=5.61 Avg=35.24 10=15.76 25=20.98 50=29.14 75=41.12 90=54.37 95=62.88 99=81.02 99.9=124.22 99.99=430.33]
2025-04-22 06:44:42 22 sec: 544791 operations; [INSERT: Count=544791 Max=1031798.78 Min=5.61 Avg=36.70 10=15.81 25=21.09 50=29.36 75=41.57 90=55.10 95=63.97 99=84.03 99.9=134.66 99.99=431.87]
2025-04-22 06:44:43 23 sec: 559256 operations; [INSERT: Count=559256 Max=1031798.78 Min=5.61 Avg=37.39 10=15.93 25=21.28 50=29.79 75=42.46 90=56.61 95=66.30 99=90.81 99.9=159.23 99.99=438.53]
2025-04-22 06:44:44 24 sec: 573996 operations; [INSERT: Count=573996 Max=1031798.78 Min=5.61 Avg=38.03 10=16.01 25=21.44 50=30.13 75=43.17 90=57.85 95=68.42 99=98.50 99.9=193.41 99.99=487.17]
2025-04-22 06:44:45 25 sec: 599084 operations; [INSERT: Count=599084 Max=1031798.78 Min=5.45 Avg=37.97 10=15.95 25=21.39 50=30.11 75=43.23 90=58.02 95=68.67 99=99.84 99.9=198.14 99.99=563.71]
2025-04-22 06:44:46 26 sec: 622680 operations; [INSERT: Count=622680 Max=1031798.78 Min=5.45 Avg=38.01 10=16.02 25=21.49 50=30.25 75=43.42 90=58.34 95=69.06 99=100.22 99.9=198.27 99.99=569.86]
2025-04-22 06:44:47 27 sec: 644042 operations; [INSERT: Count=644042 Max=1031798.78 Min=5.45 Avg=38.19 10=16.10 25=21.61 50=30.45 75=43.74 90=58.75 95=69.63 99=100.99 99.9=200.06 99.99=595.46]
2025-04-22 06:44:48 28 sec: 666533 operations; [INSERT: Count=666533 Max=1031798.78 Min=5.45 Avg=38.28 10=16.20 25=21.74 50=30.64 75=44.00 90=59.10 95=70.02 99=100.99 99.9=198.78 99.99=616.45]
2025-04-22 06:44:49 29 sec: 688132 operations; [INSERT: Count=688132 Max=1031798.78 Min=5.45 Avg=38.43 10=16.29 25=21.86 50=30.83 75=44.29 90=59.52 95=70.59 99=102.08 99.9=200.96 99.99=628.74]
2025-04-22 06:44:50 30 sec: 711200 operations; [INSERT: Count=711200 Max=1031798.78 Min=5.45 Avg=38.48 10=16.38 25=21.98 50=31.01 75=44.48 90=59.74 95=70.78 99=101.57 99.9=198.14 99.99=628.22]
2025-04-22 06:44:51 31 sec: 734708 operations; [INSERT: Count=734708 Max=1031798.78 Min=5.45 Avg=38.50 10=16.46 25=22.08 50=31.14 75=44.64 90=59.94 95=70.91 99=101.38 99.9=195.97 99.99=612.86]
2025-04-22 06:44:52 32 sec: 757320 operations; [INSERT: Count=757320 Max=1031798.78 Min=5.45 Avg=38.57 10=16.51 25=22.14 50=31.23 75=44.80 90=60.22 95=71.23 99=102.33 99.9=197.76 99.99=633.86]
2025-04-22 06:44:53 33 sec: 779687 operations; [INSERT: Count=779687 Max=1031798.78 Min=5.45 Avg=38.65 10=16.56 25=22.22 50=31.34 75=44.96 90=60.45 95=71.49 99=103.04 99.9=199.17 99.99=706.05]
2025-04-22 06:44:54 34 sec: 802988 operations; [INSERT: Count=802988 Max=1031798.78 Min=5.45 Avg=38.68 10=16.57 25=22.24 50=31.38 75=45.02 90=60.58 95=71.74 99=104.13 99.9=201.22 99.99=752.13]
2025-04-22 06:44:55 35 sec: 827457 operations; [INSERT: Count=827457 Max=1031798.78 Min=5.45 Avg=38.65 10=16.59 25=22.27 50=31.41 75=45.05 90=60.61 95=71.81 99=104.25 99.9=202.37 99.99=787.46]
2025-04-22 06:44:56 36 sec: 852349 operations; [INSERT: Count=852349 Max=1031798.78 Min=5.45 Avg=38.59 10=16.62 25=22.29 50=31.42 75=45.09 90=60.61 95=71.74 99=104.06 99.9=202.11 99.99=802.82]
2025-04-22 06:44:57 37 sec: 869331 operations; [INSERT: Count=869331 Max=1031798.78 Min=5.45 Avg=38.88 10=16.69 25=22.41 50=31.66 75=45.50 90=61.28 95=72.77 99=106.05 99.9=201.73 99.99=811.52]
2025-04-22 06:44:58 38 sec: 884372 operations; [INSERT: Count=884372 Max=1031798.78 Min=5.45 Avg=39.24 10=16.77 25=22.54 50=31.93 75=45.98 90=62.14 95=74.05 99=108.61 99.9=201.47 99.99=808.96]
2025-04-22 06:44:59 39 sec: 899898 operations; [INSERT: Count=899898 Max=1031798.78 Min=5.45 Avg=39.57 10=16.85 25=22.69 50=32.21 75=46.46 90=62.91 95=75.14 99=110.46 99.9=200.45 99.99=802.82]
2025-04-22 06:45:00 40 sec: 916238 operations; [INSERT: Count=916238 Max=1031798.78 Min=5.45 Avg=39.85 10=16.91 25=22.82 50=32.45 75=46.88 90=63.62 95=76.09 99=111.68 99.9=199.68 99.99=808.96]
2025-04-22 06:45:01 41 sec: 938408 operations; [INSERT: Count=938408 Max=1031798.78 Min=5.45 Avg=39.88 10=16.94 25=22.85 50=32.51 75=46.98 90=63.77 95=76.29 99=111.87 99.9=199.29 99.99=800.25]
2025-04-22 06:45:02 42 sec: 964054 operations; [INSERT: Count=964054 Max=1031798.78 Min=5.45 Avg=39.76 10=16.94 25=22.83 50=32.48 75=46.91 90=63.65 95=76.09 99=111.55 99.9=199.29 99.99=800.25]
2025-04-22 06:45:03 43 sec: 989712 operations; [INSERT: Count=989712 Max=1031798.78 Min=5.45 Avg=39.66 10=16.94 25=22.83 50=32.45 75=46.85 90=63.49 95=75.90 99=111.30 99.9=199.29 99.99=802.82]
2025-04-22 06:45:04 44 sec: 1000000 operations; [INSERT: Count=1000000 Max=1031798.78 Min=5.45 Avg=39.62 10=16.94 25=22.82 50=32.43 75=46.81 90=63.45 95=75.84 99=111.17 99.9=199.81 99.99=808.96]
2025-04-22 06:45:05 45 sec: 1000000 operations; [INSERT: Count=1000000 Max=1031798.78 Min=5.45 Avg=39.62 10=16.94 25=22.82 50=32.43 75=46.81 90=63.45 95=75.84 99=111.17 99.9=199.81 99.99=808.96]
2025-04-22 06:45:06 45 sec: 1000000 operations; [INSERT: Count=1000000 Max=1031798.78 Min=5.45 Avg=39.62 10=16.94 25=22.82 50=32.43 75=46.81 90=63.45 95=75.84 99=111.17 99.9=199.81 99.99=808.96]
Load runtime(sec): 45.9387
Load operations(ops): 1000000
Load throughput(ops/sec): 21768.1
