Running scope as unit: run-r2dbdb51b8fc54ff1b1ba73161df7931c.scope
load file:/home/user/DataFiles/silesia_data/silesia.tar
2025-04-22 06:44:20 0 sec: 0 operations;
2025-04-22 06:44:21 1 sec: 28815 operations; [INSERT: Count=28815 Max=3123.20 Min=4.07 Avg=30.60 10=8.02 25=12.81 50=24.51 75=41.31 90=61.47 95=75.78 99=104.19 99.9=153.98 99.99=489.21]
2025-04-22 06:44:22 2 sec: 47846 operations; [INSERT: Count=47846 Max=3123.20 Min=4.07 Avg=38.01 10=9.91 25=18.54 50=32.75 75=51.36 90=73.02 95=86.66 99=113.73 99.9=155.52 99.99=512.25]
2025-04-22 06:44:23 3 sec: 66254 operations; [INSERT: Count=66254 Max=3123.20 Min=4.07 Avg=41.62 10=11.88 25=22.43 50=36.67 75=55.58 90=77.38 95=90.88 99=116.99 99.9=158.85 99.99=541.18]
2025-04-22 06:44:24 4 sec: 84160 operations; [INSERT: Count=84160 Max=3123.20 Min=4.07 Avg=43.94 10=13.75 25=24.69 50=38.98 75=58.08 90=80.06 95=93.69 99=120.13 99.9=160.13 99.99=620.03]
2025-04-22 06:44:25 5 sec: 101874 operations; [INSERT: Count=101874 Max=3123.20 Min=4.07 Avg=45.53 10=15.38 25=26.25 50=40.51 75=59.87 90=81.73 95=95.42 99=122.24 99.9=164.48 99.99=648.70]
2025-04-22 06:44:26 6 sec: 120869 operations; [INSERT: Count=120869 Max=28868.61 Min=4.07 Avg=46.10 10=16.45 25=26.82 50=40.77 75=59.87 90=81.47 95=95.04 99=121.92 99.9=165.50 99.99=694.78]
2025-04-22 06:44:27 7 sec: 139378 operations; [INSERT: Count=139378 Max=28868.61 Min=4.07 Avg=46.71 10=17.42 25=27.57 50=41.44 75=60.38 90=81.92 95=95.42 99=122.05 99.9=165.63 99.99=663.04]
2025-04-22 06:44:28 8 sec: 157591 operations; [INSERT: Count=157591 Max=28868.61 Min=4.07 Avg=47.27 10=18.21 25=28.18 50=42.02 75=61.09 90=82.50 95=95.81 99=122.30 99.9=162.56 99.99=663.04]
2025-04-22 06:44:29 9 sec: 175977 operations; [INSERT: Count=175977 Max=28868.61 Min=4.07 Avg=47.67 10=18.83 25=28.64 50=42.43 75=61.53 90=82.81 95=96.06 99=122.24 99.9=162.30 99.99=662.01]
2025-04-22 06:44:30 10 sec: 194034 operations; [INSERT: Count=194034 Max=28868.61 Min=4.07 Avg=48.07 10=19.38 25=29.02 50=42.81 75=61.98 90=83.26 95=96.38 99=122.62 99.9=162.30 99.99=683.01]
2025-04-22 06:44:31 11 sec: 212202 operations; [INSERT: Count=212202 Max=28868.61 Min=4.07 Avg=48.37 10=19.81 25=29.31 50=43.10 75=62.30 90=83.52 95=96.58 99=122.62 99.9=162.18 99.99=697.86]
2025-04-22 06:44:32 12 sec: 231328 operations; [INSERT: Count=231328 Max=28868.61 Min=4.07 Avg=48.41 10=20.11 25=29.45 50=43.17 75=62.27 90=83.33 95=96.38 99=122.37 99.9=161.28 99.99=695.29]
2025-04-22 06:44:33 13 sec: 249896 operations; [INSERT: Count=249896 Max=28868.61 Min=4.07 Avg=48.57 10=20.40 25=29.68 50=43.33 75=62.40 90=83.39 95=96.45 99=122.30 99.9=161.15 99.99=694.78]
2025-04-22 06:44:34 14 sec: 268128 operations; [INSERT: Count=268128 Max=28868.61 Min=4.07 Avg=48.77 10=20.67 25=29.89 50=43.52 75=62.62 90=83.58 95=96.64 99=122.50 99.9=161.28 99.99=694.78]
2025-04-22 06:44:35 15 sec: 286269 operations; [INSERT: Count=286269 Max=28868.61 Min=4.07 Avg=48.95 10=20.94 25=30.08 50=43.74 75=62.81 90=83.71 95=96.77 99=122.56 99.9=161.02 99.99=678.91]
2025-04-22 06:44:36 16 sec: 303525 operations; [INSERT: Count=303525 Max=28868.61 Min=4.07 Avg=49.24 10=21.18 25=30.32 50=44.00 75=63.13 90=84.09 95=97.22 99=123.01 99.9=161.92 99.99=699.39]
2025-04-22 06:44:37 17 sec: 320598 operations; [INSERT: Count=320598 Max=28868.61 Min=4.07 Avg=49.58 10=21.42 25=30.59 50=44.29 75=63.45 90=84.48 95=97.60 99=123.45 99.9=162.56 99.99=709.12]
2025-04-22 06:44:38 18 sec: 337535 operations; [INSERT: Count=337535 Max=28868.61 Min=4.07 Avg=49.88 10=21.65 25=30.85 50=44.61 75=63.84 90=84.86 95=98.05 99=124.03 99.9=162.30 99.99=705.53]
2025-04-22 06:44:39 19 sec: 354569 operations; [INSERT: Count=354569 Max=28868.61 Min=4.07 Avg=50.14 10=21.86 25=31.05 50=44.86 75=64.13 90=85.25 95=98.43 99=124.29 99.9=162.18 99.99=715.26]
2025-04-22 06:44:40 20 sec: 372135 operations; [INSERT: Count=372135 Max=28868.61 Min=4.07 Avg=50.30 10=22.05 25=31.23 50=45.02 75=64.29 90=85.44 95=98.62 99=124.42 99.9=162.18 99.99=711.17]
2025-04-22 06:44:41 21 sec: 390195 operations; [INSERT: Count=390195 Max=28868.61 Min=4.07 Avg=50.38 10=22.19 25=31.34 50=45.12 75=64.38 90=85.44 95=98.62 99=124.42 99.9=161.92 99.99=709.12]
2025-04-22 06:44:42 22 sec: 408039 operations; [INSERT: Count=408039 Max=28868.61 Min=4.07 Avg=50.48 10=22.34 25=31.45 50=45.22 75=64.48 90=85.57 95=98.75 99=124.42 99.9=161.66 99.99=705.53]
2025-04-22 06:44:43 23 sec: 425184 operations; [INSERT: Count=425184 Max=28868.61 Min=4.07 Avg=50.66 10=22.48 25=31.63 50=45.41 75=64.70 90=85.82 95=98.94 99=124.73 99.9=161.41 99.99=703.49]
2025-04-22 06:44:44 24 sec: 441876 operations; [INSERT: Count=441876 Max=28868.61 Min=4.07 Avg=50.88 10=22.51 25=31.68 50=45.50 75=64.89 90=86.21 95=99.58 99=126.53 99.9=175.87 99.99=709.63]
2025-04-22 06:44:45 25 sec: 457785 operations; [INSERT: Count=457785 Max=28868.61 Min=4.07 Avg=51.18 10=22.38 25=31.61 50=45.50 75=65.09 90=86.72 95=100.48 99=130.11 99.9=198.01 99.99=760.83]
2025-04-22 06:44:46 26 sec: 471150 operations; [INSERT: Count=471150 Max=28868.61 Min=4.07 Avg=51.71 10=22.43 25=31.73 50=45.79 75=65.66 90=87.74 95=102.08 99=134.91 99.9=222.08 99.99=779.26]
2025-04-22 06:44:47 27 sec: 484308 operations; [INSERT: Count=484308 Max=28868.61 Min=4.07 Avg=52.22 10=22.53 25=31.92 50=46.11 75=66.24 90=88.70 95=103.49 99=138.88 99.9=229.12 99.99=791.55]
2025-04-22 06:44:48 28 sec: 496028 operations; [INSERT: Count=496028 Max=28868.61 Min=4.07 Avg=52.87 10=22.66 25=32.11 50=46.49 75=66.94 90=89.86 95=105.22 99=143.36 99.9=238.85 99.99=860.67]
2025-04-22 06:44:49 29 sec: 498160 operations; [INSERT: Count=498160 Max=826802.18 Min=4.07 Avg=54.63 10=22.67 25=32.14 50=46.53 75=67.01 90=89.98 95=105.47 99=143.87 99.9=241.41 99.99=930.82]
2025-04-22 06:44:50 30 sec: 515619 operations; [INSERT: Count=515619 Max=826802.18 Min=4.07 Avg=54.60 10=22.69 25=32.14 50=46.53 75=67.07 90=90.05 95=105.47 99=144.13 99.9=243.33 99.99=978.43]
2025-04-22 06:44:51 31 sec: 534602 operations; [INSERT: Count=534602 Max=826802.18 Min=4.07 Avg=54.41 10=22.66 25=32.06 50=46.43 75=66.88 90=89.86 95=105.22 99=143.62 99.9=242.30 99.99=978.43]
2025-04-22 06:44:52 32 sec: 551500 operations; [INSERT: Count=551500 Max=826802.18 Min=4.07 Avg=54.44 10=22.69 25=32.09 50=46.46 75=66.94 90=89.92 95=105.47 99=144.51 99.9=244.74 99.99=988.16]
2025-04-22 06:44:53 33 sec: 568617 operations; [INSERT: Count=568617 Max=826802.18 Min=4.07 Avg=54.46 10=22.66 25=32.06 50=46.43 75=66.94 90=89.98 95=105.66 99=145.53 99.9=247.42 99.99=995.33]
2025-04-22 06:44:54 34 sec: 586443 operations; [INSERT: Count=586443 Max=826802.18 Min=4.07 Avg=54.41 10=22.61 25=32.02 50=46.40 75=66.88 90=90.05 95=105.73 99=145.79 99.9=249.09 99.99=1036.80]
2025-04-22 06:44:55 35 sec: 605172 operations; [INSERT: Count=605172 Max=826802.18 Min=4.07 Avg=54.27 10=22.53 25=31.90 50=46.27 75=66.75 90=89.98 95=105.73 99=146.05 99.9=252.54 99.99=1021.44]
2025-04-22 06:44:56 36 sec: 621634 operations; [INSERT: Count=621634 Max=826802.18 Min=4.07 Avg=54.33 10=22.53 25=31.92 50=46.34 75=66.88 90=90.24 95=106.05 99=146.69 99.9=253.69 99.99=1021.44]
2025-04-22 06:44:57 37 sec: 641572 operations; [INSERT: Count=641572 Max=826802.18 Min=4.07 Avg=54.10 10=22.45 25=31.79 50=46.17 75=66.62 90=89.86 95=105.66 99=146.05 99.9=251.52 99.99=1063.93]
2025-04-22 06:44:58 38 sec: 659005 operations; [INSERT: Count=659005 Max=826802.18 Min=4.07 Avg=54.08 10=22.53 25=31.86 50=46.21 75=66.69 90=89.92 95=105.66 99=145.66 99.9=249.09 99.99=1059.84]
2025-04-22 06:44:59 39 sec: 675053 operations; [INSERT: Count=675053 Max=826802.18 Min=4.07 Avg=54.18 10=22.64 25=32.00 50=46.37 75=66.88 90=90.05 95=105.79 99=145.41 99.9=247.94 99.99=1048.06]
2025-04-22 06:45:00 40 sec: 690962 operations; [INSERT: Count=690962 Max=826802.18 Min=4.07 Avg=54.29 10=22.75 25=32.13 50=46.49 75=67.07 90=90.24 95=105.92 99=145.28 99.9=245.63 99.99=1048.06]
2025-04-22 06:45:01 41 sec: 706904 operations; [INSERT: Count=706904 Max=826802.18 Min=4.07 Avg=54.39 10=22.86 25=32.26 50=46.66 75=67.20 90=90.43 95=106.05 99=145.02 99.9=243.97 99.99=1036.80]
2025-04-22 06:45:02 42 sec: 723093 operations; [INSERT: Count=723093 Max=826802.18 Min=4.07 Avg=54.46 10=22.96 25=32.38 50=46.78 75=67.33 90=90.56 95=106.17 99=144.90 99.9=242.05 99.99=1021.44]
2025-04-22 06:45:03 43 sec: 741445 operations; [INSERT: Count=741445 Max=826802.18 Min=4.07 Avg=54.38 10=22.98 25=32.37 50=46.75 75=67.26 90=90.43 95=106.05 99=144.51 99.9=241.53 99.99=1012.74]
2025-04-22 06:45:04 44 sec: 760267 operations; [INSERT: Count=760267 Max=826802.18 Min=4.07 Avg=54.26 10=22.96 25=32.34 50=46.69 75=67.14 90=90.30 95=105.79 99=144.13 99.9=240.90 99.99=1021.44]
2025-04-22 06:45:05 45 sec: 779018 operations; [INSERT: Count=779018 Max=826802.18 Min=4.07 Avg=54.16 10=22.96 25=32.30 50=46.62 75=67.07 90=90.11 95=105.60 99=143.74 99.9=239.74 99.99=1021.44]
2025-04-22 06:45:06 46 sec: 797131 operations; [INSERT: Count=797131 Max=826802.18 Min=4.07 Avg=54.11 10=22.98 25=32.30 50=46.59 75=67.01 90=90.05 95=105.53 99=143.49 99.9=239.87 99.99=1021.44]
2025-04-22 06:45:07 47 sec: 818996 operations; [INSERT: Count=818996 Max=826802.18 Min=4.07 Avg=53.80 10=22.80 25=32.08 50=46.30 75=66.69 90=89.73 95=105.09 99=142.85 99.9=240.00 99.99=1034.75]
2025-04-22 06:45:08 48 sec: 849188 operations; [INSERT: Count=849188 Max=826802.18 Min=4.07 Avg=52.94 10=22.02 25=31.26 50=45.47 75=65.79 90=88.89 95=104.32 99=141.95 99.9=238.85 99.99=1021.44]
2025-04-22 06:45:09 49 sec: 893697 operations; [INSERT: Count=893697 Max=826802.18 Min=4.07 Avg=51.24 10=19.65 25=29.34 50=43.94 75=64.35 90=87.74 95=103.23 99=140.67 99.9=234.37 99.99=1012.74]
2025-04-22 06:45:10 50 sec: 939411 operations; [INSERT: Count=939411 Max=826802.18 Min=4.07 Avg=49.64 10=17.61 25=27.49 50=42.37 75=62.98 90=86.53 95=102.21 99=139.52 99.9=231.81 99.99=1003.01]
2025-04-22 06:45:11 51 sec: 978049 operations; [INSERT: Count=978049 Max=826802.18 Min=4.07 Avg=48.56 10=16.64 25=26.30 50=41.22 75=61.89 90=85.63 95=101.31 99=138.75 99.9=230.27 99.99=995.33]
2025-04-22 06:45:12 52 sec: 1000000 operations; [INSERT: Count=1000000 Max=826802.18 Min=4.07 Avg=47.92 10=15.96 25=25.54 50=40.58 75=61.25 90=85.18 95=100.80 99=138.24 99.9=229.89 99.99=995.33]
2025-04-22 06:45:12 52 sec: 1000000 operations; [INSERT: Count=1000000 Max=826802.18 Min=4.07 Avg=47.92 10=15.96 25=25.54 50=40.58 75=61.25 90=85.18 95=100.80 99=138.24 99.9=229.89 99.99=995.33]
Load runtime(sec): 52.2601
Load operations(ops): 1000000
Load throughput(ops/sec): 19135.1
