Running scope as unit: run-ra60e225a5aba4b7d80d96aa4b81ef656.scope
load file:/home/user/DataFiles/silesia_data/silesia.tar
2025-04-23 02:42:30 0 sec: 0 operations;
2025-04-23 02:42:31 1 sec: 71116 operations; [INSERT: Count=71116 Max=2447.36 Min=3.83 Avg=10.59 10=4.71 25=5.93 50=8.31 75=12.55 90=18.13 95=22.41 99=41.12 99.9=99.65 99.99=255.23]
2025-04-23 02:42:32 2 sec: 131646 operations; [INSERT: Count=131646 Max=2447.36 Min=3.83 Avg=11.82 10=5.22 25=7.42 50=10.31 75=14.45 90=19.10 95=22.18 99=33.09 99.9=98.30 99.99=231.17]
2025-04-23 02:42:33 3 sec: 192153 operations; [INSERT: Count=192153 Max=2447.36 Min=3.83 Avg=12.28 10=6.05 25=8.25 50=10.97 75=14.97 90=19.30 95=22.08 99=30.22 99.9=88.77 99.99=225.79]
2025-04-23 02:42:34 4 sec: 251756 operations; [INSERT: Count=251756 Max=2447.36 Min=3.83 Avg=12.57 10=6.59 25=8.68 50=11.34 75=15.27 90=19.42 95=22.05 99=29.15 99.9=82.30 99.99=225.92]
2025-04-23 02:42:35 5 sec: 310619 operations; [INSERT: Count=310619 Max=2447.36 Min=3.83 Avg=12.79 10=6.95 25=8.97 50=11.57 75=15.47 90=19.55 95=22.16 99=28.82 99.9=76.80 99.99=231.29]
2025-04-23 02:42:36 6 sec: 366456 operations; [INSERT: Count=366456 Max=2447.36 Min=3.83 Avg=13.07 10=7.23 25=9.20 50=11.83 75=15.77 90=19.93 95=22.61 99=29.65 99.9=77.50 99.99=232.06]
2025-04-23 02:42:37 7 sec: 418836 operations; [INSERT: Count=418836 Max=2447.36 Min=3.83 Avg=13.41 10=7.45 25=9.41 50=12.13 75=16.18 90=20.50 95=23.34 99=30.57 99.9=74.24 99.99=231.29]
2025-04-23 02:42:38 8 sec: 472917 operations; [INSERT: Count=472917 Max=2447.36 Min=3.83 Avg=13.61 10=7.58 25=9.54 50=12.29 75=16.45 90=20.85 95=23.77 99=31.09 99.9=70.27 99.99=233.60]
2025-04-23 02:42:39 9 sec: 521036 operations; [INSERT: Count=521036 Max=2447.36 Min=3.83 Avg=13.97 10=7.70 25=9.66 50=12.52 75=16.85 90=21.55 95=24.85 99=33.95 99.9=68.54 99.99=238.34]
2025-04-23 02:42:40 10 sec: 565212 operations; [INSERT: Count=565212 Max=2447.36 Min=3.83 Avg=14.39 10=7.82 25=9.81 50=12.78 75=17.31 90=22.40 95=26.21 99=36.86 99.9=69.12 99.99=245.12]
2025-04-23 02:42:41 11 sec: 610111 operations; [INSERT: Count=610111 Max=2447.36 Min=3.83 Avg=14.73 10=7.93 25=9.94 50=12.99 75=17.68 90=23.07 95=27.25 99=38.88 99.9=74.56 99.99=283.39]
2025-04-23 02:42:42 12 sec: 656081 operations; [INSERT: Count=656081 Max=2447.36 Min=3.83 Avg=14.99 10=8.02 25=10.05 50=13.19 75=18.00 90=23.61 95=27.97 99=39.55 99.9=73.41 99.99=335.10]
2025-04-23 02:42:43 13 sec: 701922 operations; [INSERT: Count=701922 Max=2447.36 Min=3.83 Avg=15.22 10=8.12 25=10.16 50=13.38 75=18.29 90=24.06 95=28.54 99=40.13 99.9=72.89 99.99=349.44]
2025-04-23 02:42:44 14 sec: 745731 operations; [INSERT: Count=745731 Max=2447.36 Min=3.83 Avg=15.47 10=8.20 25=10.26 50=13.53 75=18.53 90=24.43 95=28.99 99=40.90 99.9=81.92 99.99=420.61]
2025-04-23 02:42:45 15 sec: 785260 operations; [INSERT: Count=785260 Max=8847.36 Min=3.83 Avg=15.77 10=8.27 25=10.37 50=13.72 75=18.82 90=24.93 95=29.66 99=42.37 99.9=96.70 99.99=464.89]
2025-04-23 02:42:46 16 sec: 820990 operations; [INSERT: Count=820990 Max=8847.36 Min=3.83 Avg=16.11 10=8.34 25=10.49 50=13.95 75=19.20 90=25.54 95=30.48 99=44.13 99.9=105.02 99.99=494.08]
2025-04-23 02:42:47 17 sec: 858730 operations; [INSERT: Count=858730 Max=36077.57 Min=3.83 Avg=16.37 10=8.42 25=10.60 50=14.14 75=19.44 90=25.81 95=30.73 99=45.05 99.9=117.69 99.99=504.32]
2025-04-23 02:42:48 18 sec: 892639 operations; [INSERT: Count=892639 Max=36077.57 Min=3.83 Avg=16.72 10=8.49 25=10.69 50=14.29 75=19.66 90=26.32 95=31.73 99=50.24 99.9=138.24 99.99=536.58]
2025-04-23 02:42:49 19 sec: 945194 operations; [INSERT: Count=945194 Max=36077.57 Min=3.83 Avg=16.66 10=8.46 25=10.65 50=14.22 75=19.57 90=26.19 95=31.58 99=50.43 99.9=135.81 99.99=537.09]
2025-04-23 02:42:50 20 sec: 1000000 operations; [INSERT: Count=1000000 Max=36077.57 Min=3.83 Avg=16.53 10=8.44 25=10.57 50=14.10 75=19.39 90=25.92 95=31.28 99=50.14 99.9=134.78 99.99=544.77]
2025-04-23 02:42:51 21 sec: 1000000 operations; [INSERT: Count=1000000 Max=36077.57 Min=3.83 Avg=16.53 10=8.44 25=10.57 50=14.10 75=19.39 90=25.92 95=31.28 99=50.14 99.9=134.78 99.99=544.77]
2025-04-23 02:42:52 22 sec: 1000000 operations; [INSERT: Count=1000000 Max=36077.57 Min=3.83 Avg=16.53 10=8.44 25=10.57 50=14.10 75=19.39 90=25.92 95=31.28 99=50.14 99.9=134.78 99.99=544.77]
2025-04-23 02:42:53 23 sec: 1000000 operations; [INSERT: Count=1000000 Max=36077.57 Min=3.83 Avg=16.53 10=8.44 25=10.57 50=14.10 75=19.39 90=25.92 95=31.28 99=50.14 99.9=134.78 99.99=544.77]
2025-04-23 02:42:54 24 sec: 1000000 operations; [INSERT: Count=1000000 Max=36077.57 Min=3.83 Avg=16.53 10=8.44 25=10.57 50=14.10 75=19.39 90=25.92 95=31.28 99=50.14 99.9=134.78 99.99=544.77]
2025-04-23 02:42:55 25 sec: 1000000 operations; [INSERT: Count=1000000 Max=36077.57 Min=3.83 Avg=16.53 10=8.44 25=10.57 50=14.10 75=19.39 90=25.92 95=31.28 99=50.14 99.9=134.78 99.99=544.77]
2025-04-23 02:42:56 26 sec: 1000000 operations; [INSERT: Count=1000000 Max=36077.57 Min=3.83 Avg=16.53 10=8.44 25=10.57 50=14.10 75=19.39 90=25.92 95=31.28 99=50.14 99.9=134.78 99.99=544.77]
2025-04-23 02:42:57 27 sec: 1000000 operations; [INSERT: Count=1000000 Max=36077.57 Min=3.83 Avg=16.53 10=8.44 25=10.57 50=14.10 75=19.39 90=25.92 95=31.28 99=50.14 99.9=134.78 99.99=544.77]
2025-04-23 02:42:58 27 sec: 1000000 operations; [INSERT: Count=1000000 Max=36077.57 Min=3.83 Avg=16.53 10=8.44 25=10.57 50=14.10 75=19.39 90=25.92 95=31.28 99=50.14 99.9=134.78 99.99=544.77]
Load runtime(sec): 27.3572
Load operations(ops): 1000000
Load throughput(ops/sec): 36553.4
