Running scope as unit: run-r0d231f144756432eb5313757da833365.scope
load file:/home/user/DataFiles/silesia_data/silesia.tar
2025-04-22 06:06:56 0 sec: 0 operations;
2025-04-22 06:06:57 1 sec: 0 operations;
2025-04-22 06:06:58 2 sec: 0 operations;
2025-04-22 06:06:59 3 sec: 0 operations;
2025-04-22 06:07:00 4 sec: 0 operations;
2025-04-22 06:07:01 5 sec: 7702 operations; [READ: Count=5159 Max=1533.95 Min=3.73 Avg=54.29 10=14.09 25=17.52 50=22.57 75=31.12 90=106.62 95=156.16 99=704.00 99.9=1061.89 99.99=1196.03] [UPDATE: Count=2543 Max=7946.24 Min=7.97 Avg=22.83 10=11.96 25=13.38 50=15.57 75=19.41 90=23.49 95=26.89 99=37.70 99.9=1067.01 99.99=7946.24]
2025-04-22 06:07:02 6 sec: 21295 operations; [READ: Count=14174 Max=2009.09 Min=3.73 Avg=75.85 10=15.50 25=19.81 50=26.40 75=37.12 90=122.62 95=319.74 99=1015.81 99.9=1551.36 99.99=1953.79] [UPDATE: Count=7121 Max=15687.68 Min=7.47 Avg=35.26 10=12.27 25=14.16 50=17.10 75=20.99 90=25.36 95=28.99 99=42.43 99.9=7323.65 99.99=14360.58]
2025-04-22 06:07:03 7 sec: 38006 operations; [READ: Count=25359 Max=2213.89 Min=2.95 Avg=73.78 10=15.73 25=20.30 50=26.64 75=37.02 90=120.06 95=307.45 99=998.91 99.9=1550.34 99.99=2001.92] [UPDATE: Count=12647 Max=15687.68 Min=6.26 Avg=34.85 10=12.13 25=14.02 50=16.98 75=20.75 90=25.33 95=28.99 99=44.64 99.9=5795.84 99.99=15138.82]
2025-04-22 06:07:04 8 sec: 68941 operations; [READ: Count=45874 Max=2213.89 Min=2.12 Avg=58.30 10=12.46 25=16.93 50=23.47 75=33.85 90=110.72 95=174.85 99=824.83 99.9=1444.86 99.99=1890.30] [UPDATE: Count=23067 Max=15687.68 Min=6.26 Avg=26.68 10=10.79 25=12.39 50=14.96 75=18.69 90=23.18 95=26.59 99=39.77 99.9=2449.41 99.99=14557.18]
2025-04-22 06:07:05 9 sec: 100896 operations; [READ: Count=67214 Max=2234.37 Min=2.12 Avg=51.92 10=12.13 25=15.08 50=21.90 75=31.02 90=105.60 95=150.27 99=736.77 99.9=1411.07 99.99=1953.79] [UPDATE: Count=33682 Max=15687.68 Min=6.26 Avg=23.08 10=10.45 25=12.00 50=14.38 75=17.89 90=22.18 95=25.42 99=36.29 99.9=1462.27 99.99=14360.58]
2025-04-22 06:07:06 10 sec: 139167 operations; [READ: Count=92740 Max=2234.37 Min=2.12 Avg=46.03 10=11.95 25=14.40 50=20.96 75=28.78 90=99.97 95=129.53 99=624.64 99.9=1348.61 99.99=1890.30] [UPDATE: Count=46427 Max=15687.68 Min=6.26 Avg=20.92 10=10.24 25=11.68 50=13.90 75=17.26 90=21.39 95=24.61 99=34.08 99.9=1103.87 99.99=10215.42]
2025-04-22 06:07:07 11 sec: 183241 operations; [READ: Count=122181 Max=2234.37 Min=2.12 Avg=41.01 10=11.85 25=14.18 50=20.41 75=27.36 90=91.65 95=117.57 99=514.82 99.9=1274.88 99.99=1797.12] [UPDATE: Count=61060 Max=15687.68 Min=6.26 Avg=19.64 10=10.13 25=11.50 50=13.65 75=16.93 90=20.96 95=24.13 99=32.99 99.9=933.38 99.99=9904.13]
2025-04-22 06:07:08 12 sec: 220456 operations; [READ: Count=146986 Max=2234.37 Min=2.12 Avg=39.36 10=11.80 25=14.16 50=20.25 75=27.05 90=86.21 95=115.39 99=457.21 99.9=1233.92 99.99=1707.01] [UPDATE: Count=73470 Max=15687.68 Min=6.26 Avg=19.01 10=10.13 25=11.47 50=13.59 75=16.80 90=20.75 95=23.97 99=33.15 99.9=839.17 99.99=9175.04]
2025-04-22 06:07:09 13 sec: 243960 operations; [READ: Count=162679 Max=2234.37 Min=2.12 Avg=40.82 10=11.79 25=14.24 50=20.45 75=27.55 90=94.21 95=120.58 99=447.49 99.9=1212.41 99.99=1697.79] [UPDATE: Count=81281 Max=15687.68 Min=6.26 Avg=18.74 10=10.13 25=11.47 50=13.57 75=16.72 90=20.59 95=23.81 99=33.25 99.9=813.05 99.99=8896.51]
2025-04-22 06:07:10 14 sec: 260223 operations; [READ: Count=173538 Max=2234.37 Min=2.12 Avg=43.38 10=11.81 25=14.35 50=20.73 75=28.29 90=99.07 95=130.81 99=464.38 99.9=1230.85 99.99=1742.85] [UPDATE: Count=86685 Max=15687.68 Min=6.26 Avg=18.71 10=10.16 25=11.52 50=13.64 75=16.75 90=20.57 95=23.74 99=33.41 99.9=803.33 99.99=7946.24]
2025-04-22 06:07:11 15 sec: 277405 operations; [READ: Count=185049 Max=2459.65 Min=2.12 Avg=45.49 10=11.79 25=14.41 50=20.98 75=29.14 90=102.02 95=141.44 99=470.01 99.9=1244.16 99.99=1774.59] [UPDATE: Count=92356 Max=15687.68 Min=6.26 Avg=18.63 10=10.15 25=11.49 50=13.58 75=16.66 90=20.43 95=23.63 99=33.60 99.9=803.33 99.99=7946.24]
2025-04-22 06:07:12 16 sec: 294160 operations; [READ: Count=196206 Max=2459.65 Min=2.12 Avg=47.41 10=11.78 25=14.50 50=21.21 75=30.16 90=104.58 95=151.94 99=474.62 99.9=1232.89 99.99=1742.85] [UPDATE: Count=97954 Max=15687.68 Min=6.26 Avg=18.60 10=10.17 25=11.51 50=13.60 75=16.66 90=20.40 95=23.58 99=33.53 99.9=803.33 99.99=7692.29]
2025-04-22 06:07:13 17 sec: 312502 operations; [READ: Count=208447 Max=2459.65 Min=2.12 Avg=48.91 10=11.77 25=14.55 50=21.39 75=31.20 90=106.69 95=161.15 99=469.50 99.9=1215.49 99.99=1707.01] [UPDATE: Count=104055 Max=15687.68 Min=6.26 Avg=18.41 10=10.15 25=11.49 50=13.54 75=16.56 90=20.25 95=23.42 99=33.41 99.9=799.74 99.99=7692.29]
2025-04-22 06:07:14 18 sec: 331455 operations; [READ: Count=221073 Max=2459.65 Min=2.12 Avg=50.14 10=11.73 25=14.57 50=21.52 75=32.35 90=108.54 95=167.04 99=463.10 99.9=1203.20 99.99=1697.79] [UPDATE: Count=110382 Max=15687.68 Min=6.26 Avg=18.22 10=10.13 25=11.44 50=13.45 75=16.45 90=20.09 95=23.23 99=33.25 99.9=761.34 99.99=7356.41]
2025-04-22 06:07:15 19 sec: 350948 operations; [READ: Count=234018 Max=2459.65 Min=2.12 Avg=51.16 10=11.67 25=14.56 50=21.60 75=33.73 90=109.82 95=170.62 99=463.87 99.9=1191.93 99.99=1697.79] [UPDATE: Count=116930 Max=15687.68 Min=6.26 Avg=18.04 10=10.10 25=11.39 50=13.37 75=16.33 90=19.93 95=23.07 99=33.02 99.9=743.42 99.99=7323.65]
2025-04-22 06:07:16 20 sec: 373982 operations; [READ: Count=249341 Max=2459.65 Min=2.12 Avg=51.55 10=11.62 25=14.53 50=21.45 75=34.91 90=110.14 95=171.13 99=459.26 99.9=1191.93 99.99=1733.63] [UPDATE: Count=124641 Max=15687.68 Min=6.26 Avg=17.75 10=9.98 25=11.23 50=13.21 75=16.14 90=19.73 95=22.85 99=32.75 99.9=721.41 99.99=7323.65]
2025-04-22 06:07:17 21 sec: 404027 operations; [READ: Count=269417 Max=2459.65 Min=2.12 Avg=50.93 10=11.52 25=14.40 50=21.07 75=36.58 90=108.61 95=166.66 99=442.37 99.9=1168.38 99.99=1700.86] [UPDATE: Count=134610 Max=15687.68 Min=6.26 Avg=17.29 10=9.81 25=10.96 50=12.95 75=15.86 90=19.42 95=22.51 99=32.30 99.9=626.17 99.99=5955.58]
2025-04-22 06:07:18 22 sec: 436369 operations; [READ: Count=291046 Max=2459.65 Min=2.12 Avg=50.09 10=11.38 25=14.26 50=20.66 75=38.98 90=106.62 95=160.90 99=426.50 99.9=1138.69 99.99=1688.58] [UPDATE: Count=145323 Max=15687.68 Min=6.26 Avg=16.84 10=9.70 25=10.71 50=12.73 75=15.58 90=19.17 95=22.22 99=31.84 99.9=528.38 99.99=5779.45]
2025-04-22 06:07:19 23 sec: 470022 operations; [READ: Count=313421 Max=2459.65 Min=2.12 Avg=49.23 10=11.19 25=14.12 50=20.18 75=43.17 90=104.83 95=154.50 99=413.18 99.9=1115.13 99.99=1679.36] [UPDATE: Count=156601 Max=15687.68 Min=6.26 Avg=16.44 10=9.61 25=10.54 50=12.53 75=15.31 90=18.89 95=21.90 99=31.49 99.9=460.29 99.99=5242.88]
2025-04-22 06:07:20 24 sec: 504441 operations; [READ: Count=336373 Max=2459.65 Min=2.12 Avg=48.41 10=10.95 25=14.00 50=19.66 75=70.40 90=103.23 95=147.33 99=402.94 99.9=1094.65 99.99=1661.95] [UPDATE: Count=168068 Max=15687.68 Min=6.26 Avg=16.08 10=9.54 25=10.38 50=12.34 75=15.05 90=18.64 95=21.60 99=31.10 99.9=362.75 99.99=5189.63]
2025-04-22 06:07:21 25 sec: 537173 operations; [READ: Count=358222 Max=2459.65 Min=2.12 Avg=47.85 10=10.69 25=13.90 50=19.14 75=73.09 90=102.08 95=142.97 99=397.31 99.9=1076.22 99.99=1656.83] [UPDATE: Count=178951 Max=15687.68 Min=6.26 Avg=15.78 10=9.48 25=10.28 50=12.19 75=14.82 90=18.40 95=21.34 99=30.77 99.9=301.06 99.99=4853.76]
2025-04-22 06:07:22 26 sec: 573880 operations; [READ: Count=382668 Max=2459.65 Min=2.12 Avg=46.99 10=10.29 25=13.80 50=18.57 75=74.05 90=100.73 95=136.32 99=386.30 99.9=1057.79 99.99=1651.71] [UPDATE: Count=191212 Max=15687.68 Min=6.26 Avg=15.48 10=9.43 25=10.19 50=12.04 75=14.58 90=18.14 95=21.10 99=30.41 99.9=256.25 99.99=4788.22]
2025-04-22 06:07:23 27 sec: 611189 operations; [READ: Count=407581 Max=2459.65 Min=2.12 Avg=46.17 10=9.71 25=13.71 50=18.08 75=74.30 90=99.39 95=130.62 99=377.09 99.9=1038.85 99.99=1602.56] [UPDATE: Count=203608 Max=15687.68 Min=6.26 Avg=15.23 10=9.39 25=10.13 50=11.89 75=14.37 90=17.92 95=20.86 99=30.08 99.9=242.05 99.99=4755.45]
2025-04-22 06:07:24 28 sec: 649911 operations; [READ: Count=433397 Max=2459.65 Min=2.12 Avg=45.34 10=9.02 25=13.63 50=17.63 75=73.98 90=98.17 95=126.27 99=369.15 99.9=1025.54 99.99=1598.46] [UPDATE: Count=216514 Max=15687.68 Min=6.26 Avg=14.99 10=9.35 25=10.09 50=11.76 75=14.17 90=17.70 95=20.59 99=29.79 99.9=233.73 99.99=4431.87]
2025-04-22 06:07:25 29 sec: 689353 operations; [READ: Count=459612 Max=2459.65 Min=2.08 Avg=44.56 10=8.33 25=13.55 50=17.26 75=73.41 90=97.22 95=122.75 99=361.47 99.9=1007.10 99.99=1587.20] [UPDATE: Count=229741 Max=15687.68 Min=6.26 Avg=14.77 10=9.30 25=10.04 50=11.62 75=14.00 90=17.49 95=20.37 99=29.60 99.9=229.38 99.99=4354.05]
2025-04-22 06:07:26 30 sec: 726865 operations; [READ: Count=484563 Max=2459.65 Min=2.08 Avg=43.99 10=7.82 25=13.49 50=16.98 75=72.64 90=96.45 95=120.58 99=358.14 99.9=988.67 99.99=1575.93] [UPDATE: Count=242302 Max=15687.68 Min=6.26 Avg=14.59 10=9.27 25=10.00 50=11.50 75=13.86 90=17.30 95=20.16 99=29.39 99.9=222.34 99.99=3436.54]
2025-04-22 06:07:27 31 sec: 768474 operations; [READ: Count=512288 Max=2459.65 Min=2.08 Avg=43.21 10=7.35 25=13.40 50=16.70 75=71.87 90=95.49 95=117.82 99=348.93 99.9=975.87 99.99=1572.86] [UPDATE: Count=256186 Max=15687.68 Min=6.26 Avg=14.39 10=9.22 25=9.96 50=11.38 75=13.71 90=17.10 95=19.93 99=29.10 99.9=218.11 99.99=2891.78]
2025-04-22 06:07:28 32 sec: 810636 operations; [READ: Count=540374 Max=2459.65 Min=2.08 Avg=42.48 10=7.00 25=13.33 50=16.50 75=71.17 90=94.66 95=115.39 99=340.74 99.9=961.02 99.99=1554.43] [UPDATE: Count=270262 Max=15687.68 Min=6.26 Avg=14.22 10=9.19 25=9.94 50=11.27 75=13.59 90=16.91 95=19.73 99=28.82 99.9=213.38 99.99=2883.58]
2025-04-22 06:07:29 33 sec: 852675 operations; [READ: Count=568344 Max=2459.65 Min=2.08 Avg=41.83 10=6.73 25=13.26 50=16.31 75=70.53 90=93.95 95=113.41 99=332.80 99.9=942.59 99.99=1551.36] [UPDATE: Count=284331 Max=15687.68 Min=6.26 Avg=14.07 10=9.15 25=9.91 50=11.18 75=13.49 90=16.73 95=19.54 99=28.59 99.9=209.53 99.99=2846.72]
2025-04-22 06:07:30 34 sec: 895476 operations; [READ: Count=596931 Max=2459.65 Min=2.08 Avg=41.19 10=6.50 25=13.18 50=16.15 75=69.63 90=93.31 95=111.61 99=322.56 99.9=926.21 99.99=1550.34] [UPDATE: Count=298545 Max=15687.68 Min=6.26 Avg=13.94 10=9.11 25=9.89 50=11.10 75=13.40 90=16.57 95=19.38 99=28.41 99.9=206.34 99.99=2809.86]
2025-04-22 06:07:31 35 sec: 933365 operations; [READ: Count=622206 Max=2459.65 Min=2.08 Avg=40.86 10=6.35 25=13.12 50=16.05 75=68.73 90=92.86 95=110.72 99=321.02 99.9=919.55 99.99=1545.21] [UPDATE: Count=311159 Max=15687.68 Min=6.26 Avg=13.82 10=9.08 25=9.86 50=11.03 75=13.34 90=16.43 95=19.23 99=28.29 99.9=202.88 99.99=2764.80]
2025-04-22 06:07:32 36 sec: 976913 operations; [READ: Count=651268 Max=2459.65 Min=2.08 Avg=40.28 10=6.19 25=13.04 50=15.92 75=51.84 90=92.29 95=109.31 99=313.34 99.9=903.17 99.99=1533.95] [UPDATE: Count=325645 Max=15687.68 Min=6.26 Avg=13.71 10=9.03 25=9.86 50=10.97 75=13.26 90=16.27 95=19.07 99=28.09 99.9=200.57 99.99=2682.88]
2025-04-22 06:07:33 37 sec: 1020886 operations; [READ: Count=680529 Max=2459.65 Min=2.08 Avg=39.74 10=6.06 25=12.97 50=15.81 75=43.30 90=91.78 95=108.03 99=305.66 99.9=881.66 99.99=1530.88] [UPDATE: Count=340357 Max=15687.68 Min=6.26 Avg=13.60 10=8.99 25=9.83 50=10.92 75=13.20 90=16.13 95=18.93 99=27.92 99.9=197.63 99.99=2650.11]
2025-04-22 06:07:34 38 sec: 1064063 operations; [READ: Count=709310 Max=2459.65 Min=2.08 Avg=39.27 10=5.94 25=12.89 50=15.70 75=40.13 90=91.45 95=107.14 99=298.24 99.9=870.91 99.99=1522.69] [UPDATE: Count=354753 Max=15687.68 Min=6.26 Avg=13.50 10=8.94 25=9.82 50=10.88 75=13.15 90=16.00 95=18.78 99=27.76 99.9=196.09 99.99=2635.78]
2025-04-22 06:07:35 39 sec: 1108746 operations; [READ: Count=739100 Max=2459.65 Min=2.08 Avg=38.78 10=5.85 25=12.81 50=15.62 75=38.11 90=91.01 95=106.11 99=291.07 99.9=859.65 99.99=1517.57] [UPDATE: Count=369646 Max=15687.68 Min=6.26 Avg=13.41 10=8.89 25=9.81 50=10.85 75=13.10 90=15.86 95=18.64 99=27.60 99.9=195.46 99.99=2553.86]
2025-04-22 06:07:36 40 sec: 1146846 operations; [READ: Count=764544 Max=2459.65 Min=1.98 Avg=38.58 10=5.78 25=12.75 50=15.55 75=36.64 90=90.81 95=105.92 99=292.35 99.9=851.97 99.99=1515.52] [UPDATE: Count=382302 Max=15687.68 Min=6.26 Avg=13.35 10=8.85 25=9.80 50=10.82 75=13.07 90=15.77 95=18.53 99=27.44 99.9=194.18 99.99=2504.70]
2025-04-22 06:07:37 41 sec: 1190495 operations; [READ: Count=793557 Max=2459.65 Min=1.98 Avg=38.19 10=5.71 25=12.68 50=15.49 75=35.20 90=90.56 95=105.28 99=287.74 99.9=841.73 99.99=1506.30] [UPDATE: Count=396938 Max=15687.68 Min=6.26 Avg=13.27 10=8.80 25=9.79 50=10.80 75=13.03 90=15.66 95=18.38 99=27.26 99.9=192.38 99.99=2476.03]
2025-04-22 06:07:38 42 sec: 1235988 operations; [READ: Count=823931 Max=2459.65 Min=1.98 Avg=37.76 10=5.66 25=12.61 50=15.42 75=33.95 90=90.24 95=104.51 99=282.11 99.9=834.05 99.99=1498.11] [UPDATE: Count=412057 Max=15687.68 Min=6.26 Avg=13.19 10=8.75 25=9.78 50=10.78 75=12.99 90=15.55 95=18.24 99=27.10 99.9=191.10 99.99=2449.41]
2025-04-22 06:07:39 43 sec: 1282229 operations; [READ: Count=854830 Max=2459.65 Min=1.98 Avg=37.33 10=5.62 25=12.52 50=15.37 75=32.69 90=89.92 95=103.81 99=276.99 99.9=825.34 99.99=1483.78] [UPDATE: Count=427399 Max=15687.68 Min=6.26 Avg=13.12 10=8.70 25=9.76 50=10.75 75=12.95 90=15.46 95=18.11 99=26.96 99.9=189.31 99.99=2416.64]
2025-04-22 06:07:40 44 sec: 1329478 operations; [READ: Count=886246 Max=2459.65 Min=1.98 Avg=36.89 10=5.57 25=12.42 50=15.31 75=31.55 90=89.66 95=103.17 99=271.62 99.9=817.15 99.99=1467.39] [UPDATE: Count=443232 Max=15687.68 Min=6.26 Avg=13.07 10=8.65 25=9.75 50=10.73 75=12.92 90=15.38 95=18.02 99=26.89 99.9=188.67 99.99=2381.82]
2025-04-22 06:07:41 45 sec: 1369614 operations; [READ: Count=912997 Max=2459.65 Min=1.98 Avg=36.70 10=5.55 25=12.34 50=15.29 75=30.72 90=89.47 95=102.91 99=273.15 99.9=814.08 99.99=1455.10] [UPDATE: Count=456617 Max=15687.68 Min=6.26 Avg=13.05 10=8.63 25=9.74 50=10.73 75=12.90 90=15.33 95=17.95 99=27.01 99.9=187.26 99.99=2328.57]
2025-04-22 06:07:42 46 sec: 1401229 operations; [READ: Count=933977 Max=2459.65 Min=1.98 Avg=36.77 10=5.58 25=12.33 50=15.32 75=30.98 90=89.73 95=103.10 99=272.38 99.9=806.40 99.99=1452.03] [UPDATE: Count=467252 Max=15687.68 Min=6.26 Avg=13.06 10=8.63 25=9.75 50=10.74 75=12.93 90=15.37 95=17.97 99=27.12 99.9=188.16 99.99=2326.53]
2025-04-22 06:07:43 47 sec: 1429624 operations; [READ: Count=952944 Max=2459.65 Min=1.98 Avg=36.93 10=5.62 25=12.37 50=15.37 75=31.58 90=90.05 95=103.42 99=271.36 99.9=799.23 99.99=1446.91] [UPDATE: Count=476680 Max=15687.68 Min=6.26 Avg=13.08 10=8.66 25=9.77 50=10.78 75=12.97 90=15.44 95=18.03 99=27.14 99.9=188.03 99.99=2279.42]
2025-04-22 06:07:44 48 sec: 1452264 operations; [READ: Count=967966 Max=2459.65 Min=1.98 Avg=37.27 10=5.65 25=12.40 50=15.41 75=33.09 90=90.56 95=104.00 99=271.87 99.9=790.01 99.99=1444.86] [UPDATE: Count=484298 Max=15687.68 Min=6.26 Avg=13.09 10=8.69 25=9.78 50=10.81 75=12.99 90=15.48 95=18.05 99=27.14 99.9=188.54 99.99=2279.42]
2025-04-22 06:07:45 49 sec: 1469854 operations; [READ: Count=979665 Max=2459.65 Min=1.98 Avg=37.75 10=5.66 25=12.43 50=15.45 75=35.81 90=91.14 95=105.02 99=274.69 99.9=786.43 99.99=1444.86] [UPDATE: Count=490189 Max=15687.68 Min=6.26 Avg=13.09 10=8.70 25=9.78 50=10.83 75=13.02 90=15.51 95=18.06 99=27.12 99.9=188.16 99.99=2273.28]
2025-04-22 06:07:46 50 sec: 1483810 operations; [READ: Count=989005 Max=3409.92 Min=1.98 Avg=38.32 10=5.68 25=12.46 50=15.49 75=40.19 90=91.65 95=106.24 99=280.57 99.9=805.89 99.99=1453.06] [UPDATE: Count=494805 Max=15687.68 Min=6.26 Avg=13.11 10=8.72 25=9.79 50=10.85 75=13.02 90=15.53 95=18.06 99=27.14 99.9=188.67 99.99=2279.42]
2025-04-22 06:07:47 51 sec: 1499299 operations; [READ: Count=999342 Max=3672.06 Min=1.98 Avg=38.83 10=5.69 25=12.49 50=15.53 75=68.86 90=92.22 95=107.65 99=284.16 99.9=805.89 99.99=1459.20] [UPDATE: Count=499957 Max=15687.68 Min=6.26 Avg=13.14 10=8.73 25=9.80 50=10.86 75=13.05 90=15.57 95=18.09 99=27.18 99.9=190.97 99.99=2279.42]
2025-04-22 06:07:47 51 sec: 1500273 operations; [READ: Count=1000000 Max=3672.06 Min=1.98 Avg=38.87 10=5.69 25=12.49 50=15.53 75=69.06 90=92.29 95=107.78 99=284.93 99.9=805.89 99.99=1459.20] [UPDATE: Count=500273 Max=15687.68 Min=6.26 Avg=13.15 10=8.73 25=9.80 50=10.86 75=13.05 90=15.57 95=18.09 99=27.20 99.9=190.97 99.99=2279.42]
Run runtime(sec): 51.202
Run operations(ops): 1000000
Run throughput(ops/sec): 19530.5
