Running scope as unit: run-r836d6e9146624a6482c88e991bc7fc37.scope
load file:/home/user/DataFiles/silesia_data/silesia.tar
2025-04-21 21:06:00 0 sec: 0 operations;
2025-04-21 21:06:01 1 sec: 34253 operations; [INSERT: Count=34253 Max=6533.12 Min=4.94 Avg=24.86 10=11.29 25=14.85 50=21.15 75=30.73 90=41.63 95=49.12 99=73.22 99.9=187.39 99.99=285.95]
2025-04-21 21:06:02 2 sec: 69677 operations; [INSERT: Count=69677 Max=6533.12 Min=4.94 Avg=24.90 10=11.99 25=15.62 50=21.76 75=30.96 90=40.99 95=47.71 99=64.93 99.9=154.75 99.99=271.36]
2025-04-21 21:06:03 3 sec: 106929 operations; [INSERT: Count=106929 Max=6533.12 Min=4.78 Avg=24.43 10=12.12 25=15.59 50=21.50 75=30.30 90=39.81 95=46.14 99=61.60 99.9=149.50 99.99=271.36]
2025-04-21 21:06:04 4 sec: 144921 operations; [INSERT: Count=144921 Max=6533.12 Min=4.78 Avg=24.06 10=12.17 25=15.52 50=21.26 75=29.77 90=38.98 95=45.15 99=59.58 99.9=133.25 99.99=271.36]
2025-04-21 21:06:05 5 sec: 185118 operations; [INSERT: Count=185118 Max=6533.12 Min=4.78 Avg=23.52 10=12.04 25=15.28 50=20.82 75=29.05 90=37.95 95=43.97 99=57.76 99.9=122.88 99.99=270.08]
2025-04-21 21:06:06 6 sec: 226622 operations; [INSERT: Count=226622 Max=17268.74 Min=4.78 Avg=23.01 10=11.88 25=14.95 50=20.30 75=28.25 90=36.90 95=42.78 99=56.38 99.9=118.02 99.99=271.36]
2025-04-21 21:06:07 7 sec: 269182 operations; [INSERT: Count=269182 Max=17268.74 Min=4.78 Avg=22.56 10=11.76 25=14.71 50=19.89 75=27.60 90=36.00 95=41.76 99=55.07 99.9=111.61 99.99=273.41]
2025-04-21 21:06:08 8 sec: 311953 operations; [INSERT: Count=311953 Max=17268.74 Min=4.78 Avg=22.22 10=11.70 25=14.57 50=19.61 75=27.15 90=35.36 95=40.99 99=53.95 99.9=101.89 99.99=272.13]
2025-04-21 21:06:09 9 sec: 354673 operations; [INSERT: Count=354673 Max=17268.74 Min=4.78 Avg=21.96 10=11.66 25=14.48 50=19.41 75=26.82 90=34.85 95=40.35 99=53.15 99.9=99.07 99.99=271.36]
2025-04-21 21:06:10 10 sec: 397430 operations; [INSERT: Count=397430 Max=17268.74 Min=4.78 Avg=21.75 10=11.63 25=14.41 50=19.23 75=26.56 90=34.43 95=39.77 99=52.38 99.9=99.07 99.99=270.59]
2025-04-21 21:06:11 11 sec: 439787 operations; [INSERT: Count=439787 Max=17268.74 Min=4.78 Avg=21.61 10=11.62 25=14.37 50=19.12 75=26.35 90=34.11 95=39.39 99=51.77 99.9=100.22 99.99=270.85]
2025-04-21 21:06:12 12 sec: 464186 operations; [INSERT: Count=464186 Max=18710.53 Min=4.78 Avg=22.39 10=11.72 25=14.54 50=19.50 75=27.07 90=35.49 95=41.73 99=59.45 99.9=113.73 99.99=274.94]
2025-04-21 21:06:13 13 sec: 485257 operations; [INSERT: Count=485257 Max=18710.53 Min=4.78 Avg=23.24 10=11.81 25=14.73 50=19.95 75=27.97 90=37.34 95=44.96 99=68.09 99.9=118.91 99.99=274.94]
2025-04-21 21:06:14 14 sec: 506951 operations; [INSERT: Count=506951 Max=207224.83 Min=4.78 Avg=24.01 10=11.88 25=14.86 50=20.22 75=28.41 90=38.11 95=46.11 99=69.44 99.9=122.17 99.99=293.12]
2025-04-21 21:06:15 15 sec: 526235 operations; [INSERT: Count=526235 Max=207224.83 Min=4.78 Avg=24.83 10=11.96 25=15.02 50=20.62 75=29.21 90=39.90 95=49.25 99=75.90 99.9=184.57 99.99=327.17]
2025-04-21 21:06:16 16 sec: 551656 operations; [INSERT: Count=551656 Max=207224.83 Min=4.78 Avg=25.31 10=12.00 25=15.12 50=20.83 75=29.61 90=40.80 95=50.69 99=80.25 99.9=209.02 99.99=464.13]
2025-04-21 21:06:17 17 sec: 591043 operations; [INSERT: Count=591043 Max=207224.83 Min=4.78 Avg=25.10 10=11.84 25=14.90 50=20.54 75=29.28 90=40.51 95=50.56 99=81.02 99.9=211.33 99.99=572.41]
2025-04-21 21:06:18 18 sec: 632769 operations; [INSERT: Count=632769 Max=207224.83 Min=4.78 Avg=24.80 10=11.71 25=14.72 50=20.29 75=28.89 90=39.90 95=49.85 99=80.45 99.9=210.43 99.99=598.53]
2025-04-21 21:06:19 19 sec: 670123 operations; [INSERT: Count=670123 Max=207224.83 Min=4.78 Avg=24.73 10=11.73 25=14.74 50=20.29 75=28.88 90=39.74 95=49.47 99=79.81 99.9=209.02 99.99=567.81]
2025-04-21 21:06:20 20 sec: 692090 operations; [INSERT: Count=692090 Max=207224.83 Min=4.78 Avg=25.22 10=11.80 25=14.88 50=20.62 75=29.52 90=41.12 95=51.49 99=81.66 99.9=207.10 99.99=567.81]
2025-04-21 21:06:21 21 sec: 711915 operations; [INSERT: Count=711915 Max=207224.83 Min=4.78 Avg=25.76 10=11.87 25=15.02 50=20.94 75=30.19 90=42.53 95=53.63 99=84.48 99.9=210.18 99.99=585.22]
2025-04-21 21:06:22 22 sec: 733750 operations; [INSERT: Count=733750 Max=207224.83 Min=4.78 Avg=26.21 10=11.92 25=15.13 50=21.20 75=30.69 90=43.52 95=55.10 99=87.49 99.9=217.22 99.99=645.63]
2025-04-21 21:06:23 23 sec: 768861 operations; [INSERT: Count=768861 Max=207224.83 Min=4.78 Avg=26.17 10=11.96 25=15.18 50=21.23 75=30.67 90=43.30 95=54.69 99=87.04 99.9=215.55 99.99=640.00]
2025-04-21 21:06:24 24 sec: 803575 operations; [INSERT: Count=803575 Max=207224.83 Min=4.78 Avg=26.14 10=11.96 25=15.15 50=21.15 75=30.57 90=43.17 95=54.56 99=87.94 99.9=216.57 99.99=790.53]
2025-04-21 21:06:25 25 sec: 840371 operations; [INSERT: Count=840371 Max=207224.83 Min=4.78 Avg=26.04 10=11.98 25=15.17 50=21.12 75=30.46 90=42.85 95=54.05 99=87.55 99.9=216.45 99.99=777.73]
2025-04-21 21:06:26 26 sec: 868837 operations; [INSERT: Count=868837 Max=207224.83 Min=4.78 Avg=26.22 10=12.04 25=15.26 50=21.28 75=30.69 90=43.20 95=54.43 99=88.64 99.9=217.34 99.99=800.25]
2025-04-21 21:06:27 27 sec: 896568 operations; [INSERT: Count=896568 Max=207224.83 Min=4.78 Avg=26.42 10=12.10 25=15.37 50=21.49 75=30.99 90=43.62 95=54.81 99=88.89 99.9=217.34 99.99=822.78]
2025-04-21 21:06:28 28 sec: 925677 operations; [INSERT: Count=925677 Max=207224.83 Min=4.78 Avg=26.57 10=12.13 25=15.43 50=21.60 75=31.17 90=43.94 95=55.04 99=89.47 99.9=217.98 99.99=858.11]
2025-04-21 21:06:29 29 sec: 962953 operations; [INSERT: Count=962953 Max=207224.83 Min=4.78 Avg=26.45 10=12.05 25=15.34 50=21.47 75=31.01 90=43.74 95=54.85 99=89.79 99.9=218.24 99.99=936.96]
2025-04-21 21:06:30 29 sec: 1000000 operations; [INSERT: Count=1000000 Max=207224.83 Min=4.78 Avg=26.02 10=11.65 25=14.95 50=21.04 75=30.59 90=43.30 95=54.37 99=89.15 99.9=217.47 99.99=936.45]
Load runtime(sec): 29.8761
Load operations(ops): 1000000
Load throughput(ops/sec): 33471.5
