Running scope as unit: run-r1aa5879809934ff1b22d873ffdbc479b.scope
load file:/home/user/DataFiles/silesia_data/silesia.tar
2025-04-21 21:06:00 0 sec: 0 operations;
2025-04-21 21:06:01 1 sec: 32571 operations; [INSERT: Count=32571 Max=4767.74 Min=4.16 Avg=26.86 10=7.59 25=12.92 50=22.51 75=35.58 90=50.72 95=61.15 99=85.76 99.9=150.14 99.99=293.89]
2025-04-21 21:06:02 2 sec: 60557 operations; [INSERT: Count=60557 Max=4767.74 Min=4.16 Avg=29.46 10=10.22 25=16.43 50=25.68 75=38.24 90=52.77 95=62.69 99=84.93 99.9=143.87 99.99=297.73]
2025-04-21 21:06:03 3 sec: 88038 operations; [INSERT: Count=88038 Max=4767.74 Min=4.16 Avg=30.61 10=11.73 25=17.77 50=26.93 75=39.49 90=53.73 95=63.55 99=85.38 99.9=136.96 99.99=302.08]
2025-04-21 21:06:04 4 sec: 116030 operations; [INSERT: Count=116030 Max=4767.74 Min=4.16 Avg=31.05 10=12.59 25=18.38 50=27.38 75=39.81 90=53.89 95=63.71 99=85.57 99.9=137.09 99.99=303.62]
2025-04-21 21:06:05 5 sec: 143703 operations; [INSERT: Count=143703 Max=4767.74 Min=4.16 Avg=31.40 10=13.13 25=18.78 50=27.70 75=40.09 90=54.17 95=63.94 99=85.95 99.9=133.12 99.99=303.62]
2025-04-21 21:06:06 6 sec: 170477 operations; [INSERT: Count=170477 Max=17154.05 Min=4.16 Avg=31.82 10=13.52 25=19.10 50=28.03 75=40.45 90=54.49 95=64.13 99=85.89 99.9=133.89 99.99=303.87]
2025-04-21 21:06:07 7 sec: 197198 operations; [INSERT: Count=197198 Max=27656.19 Min=4.16 Avg=32.13 10=13.83 25=19.31 50=28.22 75=40.64 90=54.62 95=64.19 99=85.69 99.9=130.94 99.99=305.92]
2025-04-21 21:06:08 8 sec: 224049 operations; [INSERT: Count=224049 Max=27656.19 Min=4.16 Avg=32.35 10=14.10 25=19.54 50=28.46 75=40.90 90=54.91 95=64.48 99=85.89 99.9=129.66 99.99=305.92]
2025-04-21 21:06:09 9 sec: 251114 operations; [INSERT: Count=251114 Max=27656.19 Min=4.16 Avg=32.49 10=14.29 25=19.70 50=28.59 75=41.09 90=55.07 95=64.64 99=86.02 99.9=128.57 99.99=304.89]
2025-04-21 21:06:10 10 sec: 278235 operations; [INSERT: Count=278235 Max=27656.19 Min=4.16 Avg=32.60 10=14.44 25=19.81 50=28.72 75=41.22 90=55.20 95=64.83 99=86.08 99.9=127.94 99.99=304.13]
2025-04-21 21:06:11 11 sec: 305354 operations; [INSERT: Count=305354 Max=27656.19 Min=4.16 Avg=32.69 10=14.56 25=19.90 50=28.80 75=41.28 90=55.30 95=64.99 99=86.14 99.9=128.38 99.99=304.13]
2025-04-21 21:06:12 12 sec: 325843 operations; [INSERT: Count=325843 Max=27656.19 Min=4.16 Avg=33.49 10=14.77 25=20.25 50=29.42 75=42.27 90=56.96 95=67.14 99=89.92 99.9=135.68 99.99=306.18]
2025-04-21 21:06:13 13 sec: 344537 operations; [INSERT: Count=344537 Max=27656.19 Min=4.16 Avg=34.40 10=14.97 25=20.62 50=30.08 75=43.39 90=58.75 95=69.69 99=94.53 99.9=142.85 99.99=310.27]
2025-04-21 21:06:14 14 sec: 363398 operations; [INSERT: Count=363398 Max=27656.19 Min=4.16 Avg=35.19 10=15.18 25=20.99 50=30.70 75=44.38 90=60.38 95=71.94 99=97.92 99.9=144.25 99.99=310.01]
2025-04-21 21:06:15 15 sec: 381357 operations; [INSERT: Count=381357 Max=27656.19 Min=4.16 Avg=36.00 10=15.36 25=21.30 50=31.31 75=45.38 90=62.05 95=74.17 99=101.95 99.9=159.10 99.99=313.86]
2025-04-21 21:06:16 16 sec: 398774 operations; [INSERT: Count=398774 Max=27656.19 Min=4.16 Avg=36.79 10=15.47 25=21.52 50=31.74 75=46.14 90=63.49 95=76.35 99=107.84 99.9=195.71 99.99=511.23]
2025-04-21 21:06:17 17 sec: 417243 operations; [INSERT: Count=417243 Max=27656.19 Min=4.16 Avg=37.41 10=15.56 25=21.70 50=32.09 75=46.78 90=64.64 95=78.14 99=112.19 99.9=209.41 99.99=731.13]
2025-04-21 21:06:18 18 sec: 438763 operations; [INSERT: Count=438763 Max=27656.19 Min=4.16 Avg=37.69 10=15.65 25=21.82 50=32.26 75=47.01 90=64.99 95=78.53 99=112.51 99.9=212.99 99.99=932.86]
2025-04-21 21:06:19 19 sec: 458290 operations; [INSERT: Count=458290 Max=27656.19 Min=4.16 Avg=38.13 10=15.78 25=22.03 50=32.61 75=47.55 90=65.79 95=79.55 99=113.41 99.9=214.40 99.99=941.05]
2025-04-21 21:06:20 20 sec: 477866 operations; [INSERT: Count=477866 Max=27656.19 Min=4.16 Avg=38.52 10=15.90 25=22.25 50=32.99 75=48.13 90=66.69 95=80.51 99=114.05 99.9=209.79 99.99=917.50]
2025-04-21 21:06:21 21 sec: 496948 operations; [INSERT: Count=496948 Max=27656.19 Min=4.16 Avg=38.93 10=16.02 25=22.45 50=33.31 75=48.64 90=67.52 95=81.60 99=115.39 99.9=209.79 99.99=888.83]
2025-04-21 21:06:22 22 sec: 514890 operations; [INSERT: Count=514890 Max=27656.19 Min=4.16 Avg=39.40 10=16.09 25=22.61 50=33.60 75=49.15 90=68.42 95=82.88 99=118.27 99.9=225.53 99.99=1021.44]
2025-04-21 21:06:23 23 sec: 532766 operations; [INSERT: Count=532766 Max=27656.19 Min=4.16 Avg=39.83 10=16.20 25=22.82 50=33.95 75=49.73 90=69.31 95=84.03 99=120.13 99.9=227.07 99.99=1021.44]
2025-04-21 21:06:24 24 sec: 550069 operations; [INSERT: Count=550069 Max=27656.19 Min=4.16 Avg=40.27 10=16.28 25=22.96 50=34.21 75=50.21 90=70.14 95=85.18 99=122.88 99.9=236.41 99.99=1101.82]
2025-04-21 21:06:25 25 sec: 569440 operations; [INSERT: Count=569440 Max=27656.19 Min=4.16 Avg=40.54 10=16.38 25=23.12 50=34.43 75=50.56 90=70.66 95=85.69 99=123.45 99.9=237.95 99.99=1117.18]
2025-04-21 21:06:26 26 sec: 588208 operations; [INSERT: Count=588208 Max=27656.19 Min=4.16 Avg=40.84 10=16.46 25=23.26 50=34.69 75=50.94 90=71.23 95=86.46 99=124.61 99.9=239.74 99.99=1117.18]
2025-04-21 21:06:27 27 sec: 606875 operations; [INSERT: Count=606875 Max=27656.19 Min=4.16 Avg=41.13 10=16.54 25=23.42 50=34.91 75=51.30 90=71.74 95=87.10 99=125.82 99.9=242.56 99.99=1117.18]
2025-04-21 21:06:28 28 sec: 625448 operations; [INSERT: Count=625448 Max=27656.19 Min=4.16 Avg=41.41 10=16.62 25=23.57 50=35.13 75=51.65 90=72.32 95=87.68 99=126.66 99.9=243.58 99.99=1128.45]
2025-04-21 21:06:29 29 sec: 644411 operations; [INSERT: Count=644411 Max=27656.19 Min=4.16 Avg=41.65 10=16.67 25=23.66 50=35.30 75=51.90 90=72.70 95=88.25 99=127.61 99.9=246.14 99.99=1316.86]
2025-04-21 21:06:30 30 sec: 678050 operations; [INSERT: Count=678050 Max=27656.19 Min=4.16 Avg=40.89 10=15.81 25=22.85 50=34.59 75=51.23 90=72.00 95=87.55 99=126.72 99.9=245.50 99.99=1274.88]
2025-04-21 21:06:31 31 sec: 741101 operations; [INSERT: Count=741101 Max=27656.19 Min=4.16 Avg=38.48 10=12.75 25=19.97 50=32.27 75=49.22 90=70.02 95=85.63 99=124.54 99.9=236.41 99.99=1229.82]
2025-04-21 21:06:32 32 sec: 811011 operations; [INSERT: Count=811011 Max=27656.19 Min=4.16 Avg=36.12 10=10.46 25=16.96 50=29.79 75=47.13 90=68.09 95=83.65 99=122.11 99.9=225.79 99.99=1117.18]
2025-04-21 21:06:33 33 sec: 877614 operations; [INSERT: Count=877614 Max=27656.19 Min=4.16 Avg=34.27 10=9.64 25=14.85 50=27.58 75=45.31 90=66.30 95=81.92 99=120.25 99.9=217.09 99.99=1063.93]
2025-04-21 21:06:34 34 sec: 927482 operations; [INSERT: Count=927482 Max=27656.19 Min=4.16 Avg=33.33 10=9.55 25=14.24 50=26.30 75=44.09 90=65.06 95=80.70 99=118.91 99.9=212.48 99.99=1059.84]
2025-04-21 21:06:35 35 sec: 962079 operations; [INSERT: Count=962079 Max=27656.19 Min=4.16 Avg=33.05 10=9.62 25=14.29 50=25.98 75=43.52 90=64.38 95=79.94 99=118.40 99.9=211.84 99.99=1057.79]
2025-04-21 21:06:36 36 sec: 1000000 operations; [INSERT: Count=1000000 Max=27656.19 Min=4.16 Avg=32.50 10=9.49 25=13.87 50=25.12 75=42.69 90=63.62 95=79.17 99=117.76 99.9=210.43 99.99=1110.02]
2025-04-21 21:06:36 36 sec: 1000000 operations; [INSERT: Count=1000000 Max=27656.19 Min=4.16 Avg=32.50 10=9.49 25=13.87 50=25.12 75=42.69 90=63.62 95=79.17 99=117.76 99.9=210.43 99.99=1110.02]
Load runtime(sec): 36.3128
Load operations(ops): 1000000
Load throughput(ops/sec): 27538.5
