Running scope as unit: run-r77749bd6f98f46059783837a129c3083.scope
load file:/home/user/DataFiles/silesia_data/silesia.tar
2025-04-19 13:39:50 0 sec: 0 operations;
2025-04-19 13:39:51 1 sec: 29867 operations; [INSERT: Count=29867 Max=11935.74 Min=4.23 Avg=28.87 10=10.20 25=14.65 50=24.03 75=37.76 90=52.73 95=62.72 99=84.22 99.9=125.31 99.99=321.79]
2025-04-19 13:39:52 2 sec: 53508 operations; [INSERT: Count=53508 Max=11935.74 Min=4.23 Avg=33.33 10=12.16 25=18.80 50=29.12 75=43.39 90=59.13 95=69.12 99=89.15 99.9=122.88 99.99=503.04]
2025-04-19 13:39:53 3 sec: 77011 operations; [INSERT: Count=77011 Max=11935.74 Min=4.23 Avg=35.12 10=13.72 25=20.83 50=31.10 75=45.38 90=60.99 95=71.04 99=90.43 99.9=122.62 99.99=489.98]
2025-04-19 13:39:54 4 sec: 100678 operations; [INSERT: Count=100678 Max=11935.74 Min=4.23 Avg=36.01 10=14.81 25=21.87 50=32.05 75=46.24 90=61.76 95=71.74 99=90.75 99.9=124.99 99.99=489.98]
2025-04-19 13:39:55 5 sec: 124806 operations; [INSERT: Count=124806 Max=11935.74 Min=4.23 Avg=36.42 10=15.55 25=22.45 50=32.46 75=46.59 90=62.08 95=71.87 99=90.69 99.9=122.69 99.99=487.94]
2025-04-19 13:39:56 6 sec: 149373 operations; [INSERT: Count=149373 Max=28000.26 Min=4.23 Avg=36.56 10=15.90 25=22.56 50=32.41 75=46.43 90=61.73 95=71.36 99=90.17 99.9=122.24 99.99=486.40]
2025-04-19 13:39:57 7 sec: 174121 operations; [INSERT: Count=174121 Max=28000.26 Min=4.23 Avg=36.62 10=16.18 25=22.66 50=32.40 75=46.27 90=61.41 95=70.97 99=89.66 99.9=120.77 99.99=486.40]
2025-04-19 13:39:58 8 sec: 198929 operations; [INSERT: Count=198929 Max=28000.26 Min=4.23 Avg=36.67 10=16.45 25=22.83 50=32.51 75=46.27 90=61.34 95=70.91 99=89.66 99.9=120.70 99.99=485.38]
2025-04-19 13:39:59 9 sec: 223973 operations; [INSERT: Count=223973 Max=28000.26 Min=4.23 Avg=36.66 10=16.64 25=22.93 50=32.54 75=46.24 90=61.18 95=70.66 99=89.34 99.9=119.74 99.99=474.62]
2025-04-19 13:40:00 10 sec: 249183 operations; [INSERT: Count=249183 Max=28000.26 Min=4.23 Avg=36.62 10=16.78 25=22.99 50=32.54 75=46.17 90=61.02 95=70.53 99=89.09 99.9=119.49 99.99=473.34]
2025-04-19 13:40:01 11 sec: 274515 operations; [INSERT: Count=274515 Max=28000.26 Min=4.23 Avg=36.58 10=16.89 25=23.04 50=32.51 75=46.05 90=60.86 95=70.27 99=88.83 99.9=119.36 99.99=472.57]
2025-04-19 13:40:02 12 sec: 299864 operations; [INSERT: Count=299864 Max=28000.26 Min=4.23 Avg=36.53 10=16.98 25=23.07 50=32.49 75=45.98 90=60.67 95=70.08 99=88.58 99.9=119.10 99.99=470.78]
2025-04-19 13:40:03 13 sec: 324632 operations; [INSERT: Count=324632 Max=28000.26 Min=4.23 Avg=36.56 10=17.04 25=23.10 50=32.46 75=45.92 90=60.54 95=69.89 99=88.32 99.9=118.78 99.99=470.53]
2025-04-19 13:40:04 14 sec: 349907 operations; [INSERT: Count=349907 Max=28000.26 Min=4.23 Avg=36.53 10=17.12 25=23.14 50=32.46 75=45.89 90=60.45 95=69.76 99=88.13 99.9=118.59 99.99=464.38]
2025-04-19 13:40:05 15 sec: 375249 operations; [INSERT: Count=375249 Max=28000.26 Min=4.23 Avg=36.50 10=17.18 25=23.15 50=32.46 75=45.82 90=60.35 95=69.63 99=87.87 99.9=118.21 99.99=460.54]
2025-04-19 13:40:06 16 sec: 400686 operations; [INSERT: Count=400686 Max=28000.26 Min=4.23 Avg=36.47 10=17.23 25=23.18 50=32.45 75=45.79 90=60.26 95=69.50 99=87.74 99.9=118.46 99.99=458.50]
2025-04-19 13:40:07 17 sec: 425361 operations; [INSERT: Count=425361 Max=28000.26 Min=4.23 Avg=36.51 10=17.30 25=23.25 50=32.49 75=45.82 90=60.29 95=69.50 99=87.74 99.9=118.46 99.99=457.21]
2025-04-19 13:40:08 18 sec: 448663 operations; [INSERT: Count=448663 Max=28000.26 Min=4.23 Avg=36.66 10=17.42 25=23.36 50=32.67 75=46.02 90=60.51 95=69.76 99=88.06 99.9=118.46 99.99=458.24]
2025-04-19 13:40:09 19 sec: 469613 operations; [INSERT: Count=469613 Max=28000.26 Min=4.23 Avg=36.96 10=17.50 25=23.49 50=32.83 75=46.30 90=60.93 95=70.27 99=89.22 99.9=122.56 99.99=471.55]
2025-04-19 13:40:10 20 sec: 491210 operations; [INSERT: Count=491210 Max=28000.26 Min=4.23 Avg=37.17 10=17.58 25=23.60 50=32.99 75=46.56 90=61.31 95=70.78 99=90.05 99.9=126.21 99.99=472.32]
2025-04-19 13:40:11 21 sec: 513243 operations; [INSERT: Count=513243 Max=28000.26 Min=4.23 Avg=37.31 10=17.65 25=23.66 50=33.12 75=46.75 90=61.63 95=71.17 99=90.81 99.9=128.90 99.99=474.62]
2025-04-19 13:40:12 22 sec: 534797 operations; [INSERT: Count=534797 Max=28000.26 Min=4.23 Avg=37.48 10=17.73 25=23.76 50=33.25 75=46.94 90=61.92 95=71.55 99=91.45 99.9=130.24 99.99=478.72]
2025-04-19 13:40:13 23 sec: 556478 operations; [INSERT: Count=556478 Max=28000.26 Min=4.23 Avg=37.63 10=17.79 25=23.84 50=33.38 75=47.13 90=62.17 95=71.87 99=92.09 99.9=131.58 99.99=483.84]
2025-04-19 13:40:14 24 sec: 576498 operations; [INSERT: Count=576498 Max=28000.26 Min=4.23 Avg=37.87 10=17.87 25=23.95 50=33.53 75=47.42 90=62.59 95=72.45 99=93.25 99.9=134.78 99.99=487.94]
2025-04-19 13:40:15 25 sec: 597090 operations; [INSERT: Count=597090 Max=28000.26 Min=4.23 Avg=38.05 10=17.93 25=24.05 50=33.73 75=47.65 90=62.91 95=72.83 99=93.89 99.9=134.91 99.99=494.08]
2025-04-19 13:40:16 26 sec: 615816 operations; [INSERT: Count=615816 Max=28000.26 Min=4.23 Avg=38.34 10=18.03 25=24.21 50=33.95 75=48.06 90=63.42 95=73.53 99=94.97 99.9=136.83 99.99=500.74]
2025-04-19 13:40:17 27 sec: 635373 operations; [INSERT: Count=635373 Max=28000.26 Min=4.23 Avg=38.56 10=18.11 25=24.32 50=34.17 75=48.32 90=63.81 95=73.98 99=95.55 99.9=136.96 99.99=513.28]
2025-04-19 13:40:18 28 sec: 657946 operations; [INSERT: Count=657946 Max=28000.26 Min=4.23 Avg=38.58 10=18.11 25=24.32 50=34.17 75=48.29 90=63.77 95=73.92 99=95.61 99.9=137.98 99.99=575.49]
2025-04-19 13:40:19 29 sec: 682090 operations; [INSERT: Count=682090 Max=28000.26 Min=4.23 Avg=38.50 10=18.08 25=24.27 50=34.08 75=48.19 90=63.65 95=73.86 99=95.55 99.9=138.11 99.99=579.07]
2025-04-19 13:40:20 30 sec: 703117 operations; [INSERT: Count=703117 Max=28000.26 Min=4.23 Avg=38.62 10=18.09 25=24.30 50=34.17 75=48.35 90=63.90 95=74.17 99=96.32 99.9=141.82 99.99=584.19]
2025-04-19 13:40:21 31 sec: 723892 operations; [INSERT: Count=723892 Max=28000.26 Min=4.23 Avg=38.75 10=18.13 25=24.34 50=34.24 75=48.48 90=64.09 95=74.50 99=97.28 99.9=151.55 99.99=598.53]
2025-04-19 13:40:22 32 sec: 745569 operations; [INSERT: Count=745569 Max=28000.26 Min=4.23 Avg=38.82 10=18.13 25=24.34 50=34.24 75=48.48 90=64.19 95=74.62 99=98.05 99.9=172.29 99.99=645.12]
2025-04-19 13:40:23 33 sec: 763826 operations; [INSERT: Count=763826 Max=28000.26 Min=4.23 Avg=39.09 10=18.13 25=24.35 50=34.34 75=48.70 90=64.61 95=75.39 99=100.29 99.9=193.28 99.99=737.79]
2025-04-19 13:40:24 34 sec: 785751 operations; [INSERT: Count=785751 Max=28000.26 Min=4.23 Avg=39.18 10=18.09 25=24.32 50=34.30 75=48.73 90=64.77 95=75.65 99=101.31 99.9=200.32 99.99=839.17]
2025-04-19 13:40:25 35 sec: 809667 operations; [INSERT: Count=809667 Max=28000.26 Min=4.23 Avg=39.15 10=18.11 25=24.32 50=34.30 75=48.70 90=64.70 95=75.58 99=100.99 99.9=198.53 99.99=826.37]
2025-04-19 13:40:26 36 sec: 833737 operations; [INSERT: Count=833737 Max=28000.26 Min=4.23 Avg=39.13 10=18.13 25=24.32 50=34.30 75=48.70 90=64.64 95=75.45 99=100.67 99.9=196.74 99.99=808.96]
2025-04-19 13:40:27 37 sec: 855344 operations; [INSERT: Count=855344 Max=28000.26 Min=4.23 Avg=39.21 10=18.18 25=24.38 50=34.37 75=48.80 90=64.80 95=75.65 99=100.93 99.9=195.46 99.99=835.07]
2025-04-19 13:40:28 38 sec: 876636 operations; [INSERT: Count=876636 Max=28000.26 Min=4.23 Avg=39.30 10=18.22 25=24.43 50=34.46 75=48.93 90=64.96 95=75.90 99=101.38 99.9=193.66 99.99=835.07]
2025-04-19 13:40:29 39 sec: 898348 operations; [INSERT: Count=898348 Max=28000.26 Min=4.23 Avg=39.37 10=18.27 25=24.50 50=34.53 75=49.02 90=65.09 95=76.03 99=101.50 99.9=192.77 99.99=838.14]
2025-04-19 13:40:30 40 sec: 915842 operations; [INSERT: Count=915842 Max=28000.26 Min=4.23 Avg=39.61 10=18.34 25=24.59 50=34.69 75=49.31 90=65.53 95=76.67 99=102.72 99.9=192.00 99.99=839.17]
2025-04-19 13:40:31 41 sec: 932044 operations; [INSERT: Count=932044 Max=28000.26 Min=4.23 Avg=39.89 10=18.40 25=24.70 50=34.91 75=49.66 90=66.11 95=77.44 99=104.64 99.9=190.85 99.99=866.82]
2025-04-19 13:40:32 42 sec: 948028 operations; [INSERT: Count=948028 Max=28000.26 Min=4.23 Avg=40.18 10=18.46 25=24.83 50=35.13 75=50.02 90=66.69 95=78.21 99=106.11 99.9=190.85 99.99=866.82]
2025-04-19 13:40:33 43 sec: 964619 operations; [INSERT: Count=964619 Max=28000.26 Min=4.23 Avg=40.42 10=18.54 25=24.94 50=35.33 75=50.34 90=67.14 95=78.85 99=107.07 99.9=193.02 99.99=863.74]
2025-04-19 13:40:34 44 sec: 984176 operations; [INSERT: Count=984176 Max=28000.26 Min=4.23 Avg=40.53 10=18.56 25=25.01 50=35.42 75=50.46 90=67.33 95=79.17 99=107.39 99.9=196.48 99.99=839.17]
2025-04-19 13:40:35 45 sec: 1000000 operations; [INSERT: Count=1000000 Max=28000.26 Min=4.23 Avg=40.38 10=18.46 25=24.88 50=35.30 75=50.27 90=67.14 95=78.97 99=107.26 99.9=198.53 99.99=835.07]
2025-04-19 13:40:36 46 sec: 1000000 operations; [INSERT: Count=1000000 Max=28000.26 Min=4.23 Avg=40.38 10=18.46 25=24.88 50=35.30 75=50.27 90=67.14 95=78.97 99=107.26 99.9=198.53 99.99=835.07]
2025-04-19 13:40:37 47 sec: 1000000 operations; [INSERT: Count=1000000 Max=28000.26 Min=4.23 Avg=40.38 10=18.46 25=24.88 50=35.30 75=50.27 90=67.14 95=78.97 99=107.26 99.9=198.53 99.99=835.07]
2025-04-19 13:40:38 48 sec: 1000000 operations; [INSERT: Count=1000000 Max=28000.26 Min=4.23 Avg=40.38 10=18.46 25=24.88 50=35.30 75=50.27 90=67.14 95=78.97 99=107.26 99.9=198.53 99.99=835.07]
2025-04-19 13:40:39 49 sec: 1000000 operations; [INSERT: Count=1000000 Max=28000.26 Min=4.23 Avg=40.38 10=18.46 25=24.88 50=35.30 75=50.27 90=67.14 95=78.97 99=107.26 99.9=198.53 99.99=835.07]
2025-04-19 13:40:40 50 sec: 1000000 operations; [INSERT: Count=1000000 Max=28000.26 Min=4.23 Avg=40.38 10=18.46 25=24.88 50=35.30 75=50.27 90=67.14 95=78.97 99=107.26 99.9=198.53 99.99=835.07]
2025-04-19 13:40:41 51 sec: 1000000 operations; [INSERT: Count=1000000 Max=28000.26 Min=4.23 Avg=40.38 10=18.46 25=24.88 50=35.30 75=50.27 90=67.14 95=78.97 99=107.26 99.9=198.53 99.99=835.07]
2025-04-19 13:40:41 51 sec: 1000000 operations; [INSERT: Count=1000000 Max=28000.26 Min=4.23 Avg=40.38 10=18.46 25=24.88 50=35.30 75=50.27 90=67.14 95=78.97 99=107.26 99.9=198.53 99.99=835.07]
Load runtime(sec): 51.2679
Load operations(ops): 1000000
Load throughput(ops/sec): 19505.4
