Running scope as unit: run-rb298cf5af2ac4f5f98ec5ab547d3e047.scope
load file:/home/user/DataFiles/silesia_data/silesia.tar
2025-04-21 14:52:20 0 sec: 0 operations;
2025-04-21 14:52:21 1 sec: 0 operations;
2025-04-21 14:52:22 2 sec: 0 operations;
2025-04-21 14:52:23 3 sec: 0 operations;
2025-04-21 14:52:24 4 sec: 0 operations;
2025-04-21 14:52:25 5 sec: 0 operations;
2025-04-21 14:52:26 6 sec: 0 operations;
2025-04-21 14:52:27 7 sec: 0 operations;
2025-04-21 14:52:28 8 sec: 0 operations;
2025-04-21 14:52:29 9 sec: 0 operations;
2025-04-21 14:52:30 10 sec: 0 operations;
2025-04-21 14:52:31 11 sec: 0 operations;
2025-04-21 14:52:32 12 sec: 0 operations;
2025-04-21 14:52:33 13 sec: 0 operations;
2025-04-21 14:52:34 14 sec: 0 operations;
2025-04-21 14:52:35 15 sec: 0 operations;
2025-04-21 14:52:36 16 sec: 0 operations;
2025-04-21 14:52:37 17 sec: 0 operations;
2025-04-21 14:52:38 18 sec: 0 operations;
2025-04-21 14:52:39 19 sec: 0 operations;
2025-04-21 14:52:40 20 sec: 0 operations;
2025-04-21 14:52:41 21 sec: 0 operations;
2025-04-21 14:52:42 22 sec: 0 operations;
2025-04-21 14:52:43 23 sec: 0 operations;
2025-04-21 14:52:44 24 sec: 0 operations;
2025-04-21 14:52:45 25 sec: 0 operations;
2025-04-21 14:52:46 26 sec: 1941 operations; [READ: Count=1291 Max=4718.59 Min=8.09 Avg=230.40 10=106.05 25=143.74 50=205.44 75=284.42 90=355.07 95=403.45 99=712.19 99.9=1925.12 99.99=4718.59] [UPDATE: Count=650 Max=756.22 Min=10.43 Avg=19.33 10=13.74 25=15.10 50=17.30 75=20.13 90=24.08 95=26.69 99=36.64 99.9=64.00 99.99=756.22]
2025-04-21 14:52:47 27 sec: 8230 operations; [READ: Count=5510 Max=4718.59 Min=3.98 Avg=226.68 10=91.52 25=141.82 50=201.98 75=281.34 90=360.19 95=423.42 99=742.40 99.9=1556.48 99.99=2240.51] [UPDATE: Count=2720 Max=5353.47 Min=8.94 Avg=20.07 10=13.13 25=14.59 50=16.77 75=19.79 90=23.60 95=26.18 99=36.64 99.9=69.12 99.99=5353.47]
2025-04-21 14:52:48 28 sec: 14800 operations; [READ: Count=9942 Max=4718.59 Min=3.84 Avg=221.57 10=88.51 25=142.46 50=202.50 75=281.09 90=355.84 95=412.42 99=610.30 99.9=1431.55 99.99=2240.51] [UPDATE: Count=4858 Max=5353.47 Min=8.57 Avg=19.29 10=13.15 25=14.60 50=16.77 75=19.79 90=23.66 95=26.30 99=36.67 99.9=69.12 99.99=5353.47]
2025-04-21 14:52:49 29 sec: 21433 operations; [READ: Count=14406 Max=4718.59 Min=3.83 Avg=219.03 10=88.06 25=142.08 50=202.62 75=279.81 90=353.02 95=407.55 99=550.40 99.9=1310.72 99.99=2240.51] [UPDATE: Count=7027 Max=5353.47 Min=8.57 Avg=19.06 10=13.14 25=14.61 50=16.73 75=19.74 90=23.45 95=26.25 99=36.29 99.9=77.12 99.99=1111.04]
2025-04-21 14:52:50 30 sec: 28063 operations; [READ: Count=18802 Max=4718.59 Min=3.67 Avg=218.36 10=87.74 25=142.21 50=203.39 75=281.09 90=353.02 95=403.20 99=535.04 99.9=1227.78 99.99=2107.39] [UPDATE: Count=9261 Max=5353.47 Min=8.47 Avg=19.06 10=13.17 25=14.65 50=16.82 75=19.84 90=23.61 95=26.46 99=36.29 99.9=374.78 99.99=1111.04]
2025-04-21 14:52:51 31 sec: 34689 operations; [READ: Count=23236 Max=4718.59 Min=3.67 Avg=217.67 10=86.91 25=142.21 50=203.26 75=281.09 90=353.28 95=403.45 99=533.50 99.9=1134.59 99.99=2107.39] [UPDATE: Count=11453 Max=5353.47 Min=7.46 Avg=18.95 10=13.21 25=14.71 50=16.85 75=19.90 90=23.79 95=26.83 99=36.29 99.9=306.94 99.99=1111.04]
2025-04-21 14:52:52 32 sec: 40832 operations; [READ: Count=27321 Max=4718.59 Min=3.67 Avg=219.32 10=86.46 25=141.57 50=202.37 75=281.09 90=356.10 95=411.39 99=603.65 99.9=1114.11 99.99=1925.12] [UPDATE: Count=13511 Max=20299.78 Min=7.46 Avg=20.46 10=13.24 25=14.74 50=16.89 75=19.92 90=23.89 95=27.09 99=36.99 99.9=306.94 99.99=5353.47]
2025-04-21 14:52:53 33 sec: 47279 operations; [READ: Count=31617 Max=4718.59 Min=3.67 Avg=219.53 10=85.82 25=141.44 50=202.37 75=280.57 90=356.35 95=412.16 99=622.08 99.9=1101.82 99.99=2026.49] [UPDATE: Count=15662 Max=20299.78 Min=7.46 Avg=20.48 10=13.28 25=14.79 50=16.98 75=19.95 90=24.00 95=27.18 99=36.90 99.9=306.94 99.99=4423.68]
2025-04-21 14:52:54 34 sec: 53931 operations; [READ: Count=36081 Max=4718.59 Min=3.67 Avg=218.78 10=85.44 25=141.06 50=202.37 75=280.57 90=356.10 95=410.37 99=607.23 99.9=1079.30 99.99=1925.12] [UPDATE: Count=17850 Max=20299.78 Min=7.46 Avg=20.23 10=13.29 25=14.82 50=16.98 75=19.95 90=23.93 95=27.01 99=36.77 99.9=306.94 99.99=4423.68]
2025-04-21 14:52:55 35 sec: 60659 operations; [READ: Count=40531 Max=4718.59 Min=3.67 Avg=218.19 10=85.25 25=141.18 50=202.37 75=280.06 90=355.58 95=408.57 99=590.85 99.9=1058.82 99.99=1925.12] [UPDATE: Count=20128 Max=20299.78 Min=7.46 Avg=20.08 10=13.34 25=14.89 50=17.05 75=20.03 90=23.97 95=26.98 99=36.67 99.9=306.94 99.99=4423.68]
2025-04-21 14:52:56 36 sec: 67415 operations; [READ: Count=45025 Max=4718.59 Min=3.67 Avg=217.46 10=84.80 25=141.06 50=202.11 75=279.81 90=355.07 95=407.55 99=576.00 99.9=1054.72 99.99=1777.66] [UPDATE: Count=22390 Max=20299.78 Min=7.46 Avg=20.07 10=13.36 25=14.90 50=17.07 75=20.08 90=23.97 95=26.98 99=36.77 99.9=320.00 99.99=4423.68]
2025-04-21 14:52:57 37 sec: 74195 operations; [READ: Count=49514 Max=4718.59 Min=3.30 Avg=216.88 10=84.16 25=140.54 50=201.60 75=279.04 90=354.56 95=407.04 99=580.10 99.9=1038.34 99.99=1777.66] [UPDATE: Count=24681 Max=20299.78 Min=7.46 Avg=20.05 10=13.36 25=14.91 50=17.07 75=20.08 90=23.93 95=26.96 99=36.80 99.9=334.08 99.99=4423.68]
2025-04-21 14:52:58 38 sec: 80749 operations; [READ: Count=53894 Max=4718.59 Min=3.30 Avg=216.49 10=83.71 25=140.03 50=200.70 75=278.01 90=353.54 95=407.04 99=597.50 99.9=1057.79 99.99=1777.66] [UPDATE: Count=26855 Max=22675.46 Min=7.46 Avg=20.81 10=13.38 25=14.94 50=17.10 75=20.14 90=24.00 95=27.01 99=36.90 99.9=334.08 99.99=4423.68]
2025-04-21 14:52:59 39 sec: 87625 operations; [READ: Count=58509 Max=4718.59 Min=3.30 Avg=215.63 10=83.33 25=140.03 50=200.45 75=277.50 90=352.00 95=404.48 99=582.14 99.9=1049.60 99.99=1655.81] [UPDATE: Count=29116 Max=22675.46 Min=7.46 Avg=20.71 10=13.42 25=14.99 50=17.20 75=20.25 90=24.09 95=27.10 99=36.83 99.9=329.98 99.99=4423.68]
2025-04-21 14:53:00 40 sec: 94573 operations; [READ: Count=63166 Max=4718.59 Min=3.30 Avg=214.77 10=82.88 25=139.65 50=200.19 75=277.25 90=350.98 95=402.43 99=569.86 99.9=1039.36 99.99=1655.81] [UPDATE: Count=31407 Max=22675.46 Min=7.46 Avg=20.55 10=13.45 25=15.01 50=17.21 75=20.27 90=24.11 95=27.09 99=36.77 99.9=306.94 99.99=4423.68]
2025-04-21 14:53:01 41 sec: 101644 operations; [READ: Count=67863 Max=4718.59 Min=3.30 Avg=213.86 10=82.62 25=139.39 50=199.68 75=276.22 90=349.69 95=400.89 99=560.64 99.9=1027.58 99.99=1556.48] [UPDATE: Count=33781 Max=22675.46 Min=7.46 Avg=20.47 10=13.46 25=15.04 50=17.25 75=20.32 90=24.19 95=27.15 99=36.77 99.9=306.94 99.99=4423.68]
2025-04-21 14:53:02 42 sec: 108184 operations; [READ: Count=72260 Max=6041.60 Min=3.30 Avg=213.96 10=82.05 25=139.13 50=199.29 75=275.20 90=349.18 95=400.89 99=569.86 99.9=1072.13 99.99=2895.87] [UPDATE: Count=35924 Max=22675.46 Min=7.42 Avg=20.50 10=13.48 25=15.06 50=17.30 75=20.38 90=24.29 95=27.26 99=37.05 99.9=320.00 99.99=2316.29]
2025-04-21 14:53:03 43 sec: 115165 operations; [READ: Count=76933 Max=6041.60 Min=3.10 Avg=213.32 10=81.02 25=138.11 50=198.01 75=273.66 90=348.16 95=400.89 99=597.50 99.9=1107.97 99.99=2580.48] [UPDATE: Count=38232 Max=22675.46 Min=7.42 Avg=20.39 10=13.43 25=15.01 50=17.23 75=20.32 90=24.22 95=27.18 99=37.31 99.9=329.98 99.99=2316.29]
2025-04-21 14:53:04 44 sec: 122276 operations; [READ: Count=81696 Max=6041.60 Min=3.10 Avg=212.33 10=80.38 25=137.73 50=197.25 75=272.64 90=346.62 95=399.10 99=590.85 99.9=1101.82 99.99=2580.48] [UPDATE: Count=40580 Max=22675.46 Min=7.42 Avg=20.63 10=13.41 25=14.99 50=17.20 75=20.27 90=24.14 95=27.09 99=37.38 99.9=370.94 99.99=4423.68]
2025-04-21 14:53:05 45 sec: 129570 operations; [READ: Count=86562 Max=6041.60 Min=3.10 Avg=211.33 10=79.74 25=137.09 50=196.74 75=271.87 90=345.34 95=397.57 99=580.10 99.9=1088.51 99.99=2240.51] [UPDATE: Count=43008 Max=22675.46 Min=7.33 Avg=20.54 10=13.39 25=14.98 50=17.18 75=20.25 90=24.08 95=26.98 99=37.34 99.9=374.78 99.99=4423.68]
2025-04-21 14:53:06 46 sec: 137002 operations; [READ: Count=91514 Max=6041.60 Min=2.30 Avg=210.26 10=79.04 25=136.57 50=195.97 75=270.59 90=343.81 95=395.77 99=570.88 99.9=1079.30 99.99=2240.51] [UPDATE: Count=45488 Max=22675.46 Min=7.33 Avg=20.42 10=13.38 25=14.96 50=17.15 75=20.21 90=24.00 95=26.89 99=37.25 99.9=375.81 99.99=2316.29]
2025-04-21 14:53:07 47 sec: 144239 operations; [READ: Count=96329 Max=6041.60 Min=2.30 Avg=209.58 10=78.66 25=136.32 50=195.58 75=270.08 90=342.78 95=394.75 99=567.29 99.9=1079.30 99.99=2230.27] [UPDATE: Count=47910 Max=22675.46 Min=6.94 Avg=20.34 10=13.33 25=14.90 50=17.10 75=20.16 90=23.95 95=26.85 99=37.34 99.9=384.00 99.99=2316.29]
2025-04-21 14:53:08 48 sec: 151269 operations; [READ: Count=101030 Max=6041.60 Min=2.30 Avg=208.89 10=77.95 25=135.81 50=194.81 75=269.31 90=342.27 95=393.98 99=565.25 99.9=1087.49 99.99=2230.27] [UPDATE: Count=50239 Max=22675.46 Min=6.94 Avg=20.96 10=13.32 25=14.89 50=17.10 75=20.16 90=23.97 95=26.89 99=38.53 99.9=638.98 99.99=2850.82]
2025-04-21 14:53:09 49 sec: 158433 operations; [READ: Count=105822 Max=6041.60 Min=2.30 Avg=208.35 10=77.38 25=135.17 50=193.92 75=268.29 90=341.50 95=393.21 99=568.32 99.9=1138.69 99.99=2283.52] [UPDATE: Count=52611 Max=22675.46 Min=6.94 Avg=20.94 10=13.29 25=14.87 50=17.07 75=20.13 90=23.95 95=26.89 99=39.07 99.9=638.98 99.99=2850.82]
2025-04-21 14:53:10 50 sec: 165631 operations; [READ: Count=110635 Max=6041.60 Min=2.30 Avg=207.86 10=76.86 25=135.04 50=193.92 75=268.03 90=340.74 95=392.19 99=561.15 99.9=1127.42 99.99=2283.52] [UPDATE: Count=54996 Max=22675.46 Min=6.94 Avg=20.84 10=13.30 25=14.87 50=17.09 75=20.13 90=23.90 95=26.86 99=38.91 99.9=620.03 99.99=2850.82]
2025-04-21 14:53:11 51 sec: 172914 operations; [READ: Count=115488 Max=6041.60 Min=2.30 Avg=207.34 10=76.48 25=134.78 50=193.79 75=267.77 90=340.22 95=390.91 99=555.01 99.9=1126.40 99.99=2240.51] [UPDATE: Count=57426 Max=22675.46 Min=6.94 Avg=20.74 10=13.27 25=14.85 50=17.05 75=20.08 90=23.86 95=26.78 99=38.78 99.9=625.66 99.99=2316.29]
2025-04-21 14:53:12 52 sec: 180007 operations; [READ: Count=120227 Max=6041.60 Min=2.30 Avg=206.85 10=75.71 25=134.27 50=193.28 75=267.26 90=339.97 95=391.17 99=555.52 99.9=1126.40 99.99=2240.51] [UPDATE: Count=59780 Max=22675.46 Min=6.94 Avg=21.08 10=13.26 25=14.85 50=17.07 75=20.09 90=23.89 95=26.83 99=39.45 99.9=748.03 99.99=2525.18]
2025-04-21 14:53:13 53 sec: 189912 operations; [READ: Count=126834 Max=6041.60 Min=2.30 Avg=203.38 10=73.15 25=130.24 50=189.06 75=263.94 90=337.15 95=388.61 99=555.01 99.9=1145.86 99.99=2230.27] [UPDATE: Count=63078 Max=22675.46 Min=6.94 Avg=20.99 10=13.16 25=14.75 50=16.98 75=20.00 90=23.79 95=26.73 99=39.42 99.9=765.44 99.99=2721.79]
2025-04-21 14:53:14 54 sec: 199568 operations; [READ: Count=133247 Max=6041.60 Min=2.30 Avg=200.16 10=70.66 25=125.82 50=184.96 75=260.48 90=334.33 95=386.05 99=557.05 99.9=1280.00 99.99=2580.48] [UPDATE: Count=66321 Max=22675.46 Min=6.90 Avg=21.71 10=13.04 25=14.65 50=16.91 75=19.93 90=23.71 95=26.66 99=39.62 99.9=861.70 99.99=5353.47]
2025-04-21 14:53:15 55 sec: 209638 operations; [READ: Count=139915 Max=6041.60 Min=2.30 Avg=197.24 10=69.76 25=122.30 50=182.01 75=257.28 90=331.26 95=382.98 99=549.89 99.9=1272.83 99.99=2607.10] [UPDATE: Count=69723 Max=22675.46 Min=6.90 Avg=21.56 10=13.05 25=14.65 50=16.91 75=19.93 90=23.73 95=26.69 99=39.45 99.9=828.41 99.99=5353.47]
2025-04-21 14:53:16 56 sec: 219804 operations; [READ: Count=146697 Max=6041.60 Min=2.30 Avg=194.44 10=68.99 25=118.40 50=178.81 75=254.46 90=328.45 95=380.16 99=543.74 99.9=1266.69 99.99=2580.48] [UPDATE: Count=73107 Max=22675.46 Min=6.90 Avg=21.44 10=13.05 25=14.65 50=16.91 75=19.97 90=23.77 95=26.73 99=39.42 99.9=797.18 99.99=5353.47]
2025-04-21 14:53:17 57 sec: 230196 operations; [READ: Count=153574 Max=6041.60 Min=2.30 Avg=191.76 10=68.16 25=114.75 50=176.13 75=251.52 90=325.89 95=377.34 99=537.09 99.9=1231.87 99.99=2580.48] [UPDATE: Count=76622 Max=22675.46 Min=6.90 Avg=21.29 10=13.03 25=14.62 50=16.88 75=19.93 90=23.73 95=26.62 99=39.20 99.9=777.22 99.99=4423.68]
2025-04-21 14:53:18 58 sec: 240584 operations; [READ: Count=160499 Max=6041.60 Min=2.30 Avg=189.24 10=67.20 25=111.17 50=173.44 75=248.70 90=323.58 95=374.78 99=534.01 99.9=1227.78 99.99=2328.57] [UPDATE: Count=80085 Max=22675.46 Min=6.45 Avg=21.19 10=12.98 25=14.57 50=16.82 75=19.89 90=23.65 95=26.56 99=39.01 99.9=777.22 99.99=4423.68]
2025-04-21 14:53:19 59 sec: 250963 operations; [READ: Count=167394 Max=6041.60 Min=2.30 Avg=187.01 10=66.43 25=107.39 50=170.88 75=246.01 90=321.02 95=372.48 99=531.46 99.9=1272.83 99.99=2318.34] [UPDATE: Count=83569 Max=22675.46 Min=6.45 Avg=21.03 10=12.90 25=14.51 50=16.77 75=19.82 90=23.57 95=26.46 99=38.78 99.9=756.22 99.99=4423.68]
2025-04-21 14:53:20 60 sec: 261475 operations; [READ: Count=174404 Max=6041.60 Min=2.30 Avg=184.83 10=65.66 25=104.51 50=168.70 75=243.58 90=318.98 95=369.92 99=524.29 99.9=1250.30 99.99=2291.71] [UPDATE: Count=87071 Max=22675.46 Min=6.45 Avg=20.86 10=12.85 25=14.46 50=16.70 75=19.76 90=23.50 95=26.40 99=38.59 99.9=709.63 99.99=4057.09]
2025-04-21 14:53:21 61 sec: 272059 operations; [READ: Count=181461 Max=6041.60 Min=2.30 Avg=182.78 10=64.99 25=101.89 50=166.66 75=241.15 90=316.93 95=367.87 99=518.40 99.9=1226.75 99.99=2291.71] [UPDATE: Count=90598 Max=22675.46 Min=6.45 Avg=20.69 10=12.81 25=14.41 50=16.66 75=19.71 90=23.44 95=26.32 99=38.34 99.9=680.45 99.99=4057.09]
2025-04-21 14:53:22 62 sec: 282593 operations; [READ: Count=188447 Max=6041.60 Min=2.30 Avg=180.91 10=64.35 25=99.71 50=164.99 75=238.97 90=314.88 95=365.82 99=513.28 99.9=1219.58 99.99=2283.52] [UPDATE: Count=94146 Max=22675.46 Min=6.45 Avg=20.60 10=12.75 25=14.37 50=16.62 75=19.68 90=23.39 95=26.25 99=38.17 99.9=680.45 99.99=4057.09]
2025-04-21 14:53:23 63 sec: 293333 operations; [READ: Count=195601 Max=6041.60 Min=2.30 Avg=179.04 10=63.71 25=97.60 50=163.07 75=236.80 90=312.83 95=363.52 99=509.95 99.9=1214.46 99.99=2275.33] [UPDATE: Count=97732 Max=22675.46 Min=6.45 Avg=20.48 10=12.70 25=14.32 50=16.57 75=19.61 90=23.34 95=26.19 99=38.02 99.9=665.60 99.99=3749.89]
2025-04-21 14:53:24 64 sec: 303735 operations; [READ: Count=202550 Max=6041.60 Min=2.30 Avg=177.48 10=63.26 25=96.19 50=161.53 75=235.01 90=310.78 95=361.73 99=507.13 99.9=1210.37 99.99=2275.33] [UPDATE: Count=101185 Max=22675.46 Min=6.45 Avg=20.40 10=12.66 25=14.29 50=16.54 75=19.58 90=23.31 95=26.16 99=37.92 99.9=671.74 99.99=3749.89]
2025-04-21 14:53:25 65 sec: 314447 operations; [READ: Count=209638 Max=6041.60 Min=2.30 Avg=175.89 10=62.69 25=94.78 50=160.00 75=233.09 90=308.99 95=359.68 99=503.04 99.9=1192.96 99.99=2240.51] [UPDATE: Count=104809 Max=22675.46 Min=6.45 Avg=20.33 10=12.63 25=14.26 50=16.51 75=19.55 90=23.26 95=26.09 99=37.79 99.9=662.53 99.99=3770.37]
2025-04-21 14:53:26 66 sec: 325096 operations; [READ: Count=216734 Max=6041.60 Min=2.30 Avg=174.42 10=62.27 25=93.63 50=158.59 75=231.29 90=307.20 95=357.89 99=498.18 99.9=1182.72 99.99=2230.27] [UPDATE: Count=108362 Max=22675.46 Min=6.45 Avg=20.21 10=12.61 25=14.24 50=16.46 75=19.52 90=23.23 95=26.05 99=37.60 99.9=650.75 99.99=3749.89]
2025-04-21 14:53:27 67 sec: 335811 operations; [READ: Count=223863 Max=6041.60 Min=2.30 Avg=173.02 10=61.73 25=92.48 50=157.31 75=229.76 90=305.66 95=356.10 99=494.85 99.9=1164.29 99.99=2230.27] [UPDATE: Count=111948 Max=22675.46 Min=6.45 Avg=20.10 10=12.59 25=14.21 50=16.45 75=19.50 90=23.18 95=26.00 99=37.38 99.9=625.66 99.99=3749.89]
2025-04-21 14:53:28 68 sec: 346330 operations; [READ: Count=230935 Max=6041.60 Min=2.30 Avg=171.74 10=61.31 25=91.52 50=156.29 75=228.09 90=304.13 95=354.56 99=492.03 99.9=1157.12 99.99=2195.45] [UPDATE: Count=115395 Max=22675.46 Min=6.45 Avg=20.04 10=12.57 25=14.21 50=16.43 75=19.47 90=23.18 95=26.00 99=37.28 99.9=625.66 99.99=2850.82]
2025-04-21 14:53:29 69 sec: 357039 operations; [READ: Count=238033 Max=6041.60 Min=2.30 Avg=170.52 10=60.77 25=90.69 50=155.13 75=226.69 90=302.59 95=353.02 99=489.21 99.9=1153.02 99.99=2166.78] [UPDATE: Count=119006 Max=22675.46 Min=6.45 Avg=19.95 10=12.56 25=14.18 50=16.40 75=19.45 90=23.15 95=25.95 99=37.15 99.9=603.65 99.99=2850.82]
2025-04-21 14:53:30 70 sec: 367750 operations; [READ: Count=245212 Max=6041.60 Min=2.30 Avg=169.31 10=60.29 25=89.86 50=154.11 75=225.41 90=301.06 95=351.49 99=486.40 99.9=1147.90 99.99=2146.30] [UPDATE: Count=122538 Max=22675.46 Min=6.45 Avg=19.87 10=12.54 25=14.16 50=16.37 75=19.42 90=23.12 95=25.89 99=36.96 99.9=586.75 99.99=2850.82]
2025-04-21 14:53:31 71 sec: 378331 operations; [READ: Count=252314 Max=6041.60 Min=2.30 Avg=168.23 10=59.90 25=89.22 50=153.09 75=224.00 90=299.77 95=349.95 99=483.84 99.9=1138.69 99.99=2146.30] [UPDATE: Count=126017 Max=22675.46 Min=6.45 Avg=19.80 10=12.53 25=14.15 50=16.36 75=19.41 90=23.10 95=25.89 99=36.90 99.9=584.70 99.99=2721.79]
2025-04-21 14:53:32 72 sec: 389125 operations; [READ: Count=259566 Max=6041.60 Min=2.30 Avg=167.11 10=59.45 25=88.51 50=152.06 75=222.72 90=298.24 95=348.67 99=481.28 99.9=1130.49 99.99=2144.26] [UPDATE: Count=129559 Max=22675.46 Min=6.45 Avg=19.73 10=12.51 25=14.13 50=16.34 75=19.38 90=23.07 95=25.84 99=36.80 99.9=582.65 99.99=2721.79]
2025-04-21 14:53:33 73 sec: 399904 operations; [READ: Count=266764 Max=6041.60 Min=2.30 Avg=166.07 10=58.94 25=87.94 50=151.29 75=221.31 90=296.96 95=347.39 99=479.23 99.9=1127.42 99.99=2142.21] [UPDATE: Count=133140 Max=22675.46 Min=6.45 Avg=19.69 10=12.49 25=14.11 50=16.32 75=19.36 90=23.05 95=25.79 99=36.70 99.9=584.70 99.99=2721.79]
2025-04-21 14:53:34 74 sec: 410705 operations; [READ: Count=273990 Max=6041.60 Min=2.30 Avg=165.07 10=58.43 25=87.42 50=150.40 75=220.29 90=295.68 95=346.11 99=476.93 99.9=1121.28 99.99=2142.21] [UPDATE: Count=136715 Max=22675.46 Min=6.45 Avg=19.64 10=12.48 25=14.10 50=16.30 75=19.34 90=23.02 95=25.76 99=36.64 99.9=584.70 99.99=2525.18]
2025-04-21 14:53:35 75 sec: 421656 operations; [READ: Count=281268 Max=6041.60 Min=2.30 Avg=164.10 10=57.89 25=86.85 50=149.50 75=219.01 90=294.40 95=344.57 99=474.62 99.9=1116.16 99.99=2138.11] [UPDATE: Count=140388 Max=22675.46 Min=6.45 Avg=19.57 10=12.47 25=14.09 50=16.29 75=19.33 90=23.01 95=25.74 99=36.51 99.9=569.34 99.99=2525.18]
2025-04-21 14:53:36 76 sec: 432582 operations; [READ: Count=288538 Max=6041.60 Min=2.30 Avg=163.17 10=57.31 25=86.33 50=148.74 75=217.98 90=293.38 95=343.30 99=472.57 99.9=1106.94 99.99=2115.58] [UPDATE: Count=144044 Max=22675.46 Min=6.45 Avg=19.51 10=12.46 25=14.07 50=16.27 75=19.31 90=22.98 95=25.73 99=36.38 99.9=548.86 99.99=2525.18]
2025-04-21 14:53:37 77 sec: 443437 operations; [READ: Count=295803 Max=6041.60 Min=2.30 Avg=162.29 10=56.70 25=85.82 50=147.97 75=216.96 90=292.10 95=342.27 99=469.76 99.9=1101.82 99.99=2113.53] [UPDATE: Count=147634 Max=22675.46 Min=6.45 Avg=19.48 10=12.45 25=14.06 50=16.25 75=19.30 90=22.96 95=25.71 99=36.35 99.9=549.89 99.99=2316.29]
2025-04-21 14:53:38 78 sec: 454476 operations; [READ: Count=303142 Max=6041.60 Min=2.30 Avg=161.42 10=56.06 25=85.38 50=147.20 75=216.06 90=291.07 95=341.25 99=467.45 99.9=1095.68 99.99=2113.53] [UPDATE: Count=151334 Max=22675.46 Min=6.45 Avg=19.42 10=12.43 25=14.05 50=16.24 75=19.28 90=22.93 95=25.66 99=36.22 99.9=548.86 99.99=2316.29]
2025-04-21 14:53:39 79 sec: 465683 operations; [READ: Count=310681 Max=6041.60 Min=2.30 Avg=160.49 10=55.33 25=84.80 50=146.43 75=214.91 90=290.05 95=339.97 99=464.64 99.9=1089.54 99.99=2111.49] [UPDATE: Count=155002 Max=22675.46 Min=6.45 Avg=19.36 10=12.42 25=14.02 50=16.21 75=19.25 90=22.89 95=25.61 99=36.09 99.9=548.86 99.99=2308.09]
2025-04-21 14:53:40 80 sec: 477080 operations; [READ: Count=318266 Max=6041.60 Min=2.30 Avg=159.55 10=54.56 25=84.29 50=145.53 75=213.89 90=289.02 95=338.69 99=462.33 99.9=1087.49 99.99=2109.44] [UPDATE: Count=158814 Max=22675.46 Min=6.45 Avg=19.33 10=12.40 25=14.01 50=16.18 75=19.21 90=22.85 95=25.58 99=36.00 99.9=547.84 99.99=2316.29]
2025-04-21 14:53:41 81 sec: 488525 operations; [READ: Count=325872 Max=6041.60 Min=2.30 Avg=158.67 10=53.57 25=83.84 50=144.77 75=212.86 90=287.74 95=337.41 99=460.80 99.9=1079.30 99.99=2107.39] [UPDATE: Count=162653 Max=22675.46 Min=6.45 Avg=19.27 10=12.39 25=14.00 50=16.17 75=19.20 90=22.83 95=25.55 99=35.90 99.9=532.99 99.99=2316.29]
2025-04-21 14:53:42 82 sec: 499964 operations; [READ: Count=333520 Max=6041.60 Min=2.30 Avg=157.81 10=52.16 25=83.33 50=144.13 75=211.97 90=286.72 95=336.38 99=459.26 99.9=1071.10 99.99=2107.39] [UPDATE: Count=166444 Max=22675.46 Min=6.45 Avg=19.20 10=12.38 25=13.97 50=16.14 75=19.17 90=22.78 95=25.49 99=35.81 99.9=528.89 99.99=2308.09]
2025-04-21 14:53:43 83 sec: 511564 operations; [READ: Count=341266 Max=6041.60 Min=2.30 Avg=156.94 10=47.42 25=82.88 50=143.36 75=210.81 90=285.44 95=335.36 99=457.21 99.9=1065.98 99.99=2055.17] [UPDATE: Count=170298 Max=22675.46 Min=6.45 Avg=19.15 10=12.37 25=13.96 50=16.12 75=19.14 90=22.75 95=25.45 99=35.71 99.9=521.73 99.99=2308.09]
2025-04-21 14:53:44 84 sec: 523149 operations; [READ: Count=348975 Max=6041.60 Min=2.30 Avg=156.11 10=26.37 25=82.43 50=142.59 75=209.92 90=284.42 95=334.08 99=455.42 99.9=1063.93 99.99=2026.49] [UPDATE: Count=174174 Max=22675.46 Min=6.45 Avg=19.13 10=12.35 25=13.94 50=16.09 75=19.12 90=22.70 95=25.41 99=35.62 99.9=520.19 99.99=2316.29]
2025-04-21 14:53:45 85 sec: 534903 operations; [READ: Count=356810 Max=6041.60 Min=2.30 Avg=155.26 10=22.38 25=81.98 50=141.95 75=208.90 90=283.39 95=333.06 99=453.89 99.9=1059.84 99.99=2013.18] [UPDATE: Count=178093 Max=22675.46 Min=6.45 Avg=19.08 10=12.34 25=13.92 50=16.07 75=19.09 90=22.67 95=25.36 99=35.49 99.9=519.42 99.99=2316.29]
2025-04-21 14:53:46 86 sec: 546640 operations; [READ: Count=364625 Max=6041.60 Min=2.30 Avg=154.46 10=20.29 25=81.60 50=141.18 75=208.00 90=282.37 95=332.03 99=452.35 99.9=1055.74 99.99=2013.18] [UPDATE: Count=182015 Max=22675.46 Min=6.45 Avg=19.04 10=12.32 25=13.90 50=16.05 75=19.07 90=22.62 95=25.31 99=35.39 99.9=518.91 99.99=2316.29]
2025-04-21 14:53:47 87 sec: 558375 operations; [READ: Count=372447 Max=6041.60 Min=2.30 Avg=153.70 10=18.78 25=81.22 50=140.54 75=207.10 90=281.34 95=330.75 99=450.81 99.9=1053.69 99.99=1979.39] [UPDATE: Count=185928 Max=22675.46 Min=6.45 Avg=18.99 10=12.30 25=13.89 50=16.03 75=19.04 90=22.61 95=25.28 99=35.33 99.9=515.58 99.99=2308.09]
2025-04-21 14:53:48 88 sec: 570196 operations; [READ: Count=380308 Max=6041.60 Min=2.30 Avg=152.95 10=17.66 25=80.83 50=139.78 75=206.21 90=280.32 95=329.73 99=449.02 99.9=1049.60 99.99=1978.37] [UPDATE: Count=189888 Max=22675.46 Min=6.45 Avg=18.94 10=12.29 25=13.87 50=16.02 75=19.02 90=22.57 95=25.25 99=35.20 99.9=508.16 99.99=2308.09]
2025-04-21 14:53:49 89 sec: 581957 operations; [READ: Count=388182 Max=6041.60 Min=2.30 Avg=152.23 10=16.80 25=80.45 50=139.13 75=205.31 90=279.30 95=328.70 99=447.49 99.9=1046.53 99.99=1977.34] [UPDATE: Count=193775 Max=22675.46 Min=6.45 Avg=18.91 10=12.29 25=13.86 50=15.99 75=18.99 90=22.54 95=25.21 99=35.17 99.9=508.16 99.99=2308.09]
2025-04-21 14:53:50 90 sec: 593626 operations; [READ: Count=395943 Max=6041.60 Min=2.30 Avg=151.56 10=16.16 25=80.13 50=138.62 75=204.67 90=278.53 95=327.68 99=446.46 99.9=1042.43 99.99=1977.34] [UPDATE: Count=197683 Max=22675.46 Min=6.45 Avg=18.89 10=12.29 25=13.86 50=16.00 75=18.99 90=22.54 95=25.21 99=35.13 99.9=502.78 99.99=2222.08]
2025-04-21 14:53:51 91 sec: 605352 operations; [READ: Count=403819 Max=6041.60 Min=2.30 Avg=150.88 10=15.53 25=79.81 50=137.98 75=203.90 90=277.76 95=326.91 99=444.93 99.9=1034.24 99.99=1977.34] [UPDATE: Count=201533 Max=22675.46 Min=6.45 Avg=18.87 10=12.29 25=13.87 50=16.02 75=19.01 90=22.56 95=25.20 99=35.10 99.9=497.41 99.99=2299.90]
2025-04-21 14:53:52 92 sec: 617401 operations; [READ: Count=411859 Max=6041.60 Min=2.30 Avg=150.18 10=14.94 25=79.49 50=137.34 75=203.13 90=276.74 95=325.89 99=443.13 99.9=1029.12 99.99=1955.84] [UPDATE: Count=205542 Max=22675.46 Min=6.45 Avg=18.82 10=12.28 25=13.87 50=16.01 75=18.99 90=22.53 95=25.17 99=34.98 99.9=492.03 99.99=2222.08]
2025-04-21 14:53:53 93 sec: 629270 operations; [READ: Count=419815 Max=6041.60 Min=2.30 Avg=149.52 10=14.46 25=79.17 50=136.83 75=202.37 90=275.71 95=324.86 99=441.60 99.9=1024.51 99.99=1927.17] [UPDATE: Count=209455 Max=22675.46 Min=6.45 Avg=18.81 10=12.28 25=13.87 50=16.02 75=18.99 90=22.51 95=25.15 99=34.88 99.9=492.03 99.99=2222.08]
2025-04-21 14:53:54 94 sec: 642121 operations; [READ: Count=428422 Max=6041.60 Min=2.30 Avg=148.62 10=14.05 25=78.72 50=135.94 75=201.34 90=274.69 95=323.84 99=440.57 99.9=1019.90 99.99=1925.12] [UPDATE: Count=213699 Max=22675.46 Min=6.45 Avg=18.83 10=12.28 25=13.87 50=16.01 75=18.98 90=22.50 95=25.14 99=34.88 99.9=493.06 99.99=2299.90]
2025-04-21 14:53:55 95 sec: 666321 operations; [READ: Count=444551 Max=6041.60 Min=2.30 Avg=145.20 10=13.21 25=75.45 50=131.58 75=198.14 90=272.13 95=321.28 99=437.50 99.9=1006.59 99.99=1901.57] [UPDATE: Count=221770 Max=22675.46 Min=6.45 Avg=18.64 10=11.93 25=13.68 50=15.86 75=18.85 90=22.38 95=25.01 99=34.75 99.9=493.82 99.99=2299.90]
2025-04-21 14:53:56 96 sec: 699581 operations; [READ: Count=466690 Max=6041.60 Min=2.30 Avg=140.13 10=12.25 25=70.21 50=125.06 75=193.79 90=268.54 95=317.95 99=433.66 99.9=992.25 99.99=1866.75] [UPDATE: Count=232891 Max=22675.46 Min=6.45 Avg=18.30 10=11.30 25=13.42 50=15.65 75=18.64 90=22.21 95=24.85 99=34.30 99.9=471.30 99.99=2289.66]
2025-04-21 14:53:57 97 sec: 735725 operations; [READ: Count=490796 Max=6041.60 Min=2.30 Avg=134.93 10=11.38 25=64.03 50=117.31 75=189.31 90=264.70 95=314.62 99=429.82 99.9=970.75 99.99=1856.51] [UPDATE: Count=244929 Max=22675.46 Min=6.15 Avg=18.02 10=10.77 25=13.15 50=15.46 75=18.45 90=22.03 95=24.67 99=34.21 99.9=455.17 99.99=2222.08]
2025-04-21 14:53:58 98 sec: 775971 operations; [READ: Count=517671 Max=6041.60 Min=2.26 Avg=129.48 10=10.58 25=55.13 50=108.29 75=184.57 90=260.61 95=310.78 99=425.21 99.9=953.86 99.99=1852.41] [UPDATE: Count=258300 Max=22675.46 Min=6.15 Avg=17.74 10=10.43 25=12.86 50=15.24 75=18.24 90=21.86 95=24.50 99=34.08 99.9=445.44 99.99=2140.16]
2025-04-21 14:53:59 99 sec: 816809 operations; [READ: Count=544918 Max=6041.60 Min=2.18 Avg=124.48 10=9.94 25=43.94 50=99.97 75=179.97 90=256.64 95=307.45 99=421.63 99.9=936.45 99.99=1827.84] [UPDATE: Count=271891 Max=22675.46 Min=6.15 Avg=17.48 10=10.24 25=12.55 50=15.03 75=18.05 90=21.68 95=24.34 99=33.95 99.9=435.71 99.99=2136.06]
2025-04-21 14:54:00 100 sec: 857146 operations; [READ: Count=571927 Max=6041.60 Min=2.18 Avg=120.01 10=9.39 25=38.46 50=93.12 75=175.62 90=253.06 95=303.87 99=418.30 99.9=920.58 99.99=1815.55] [UPDATE: Count=285219 Max=22675.46 Min=6.15 Avg=17.25 10=10.10 25=12.24 50=14.84 75=17.86 90=21.52 95=24.19 99=33.85 99.9=429.31 99.99=2031.62]
2025-04-21 14:54:01 101 sec: 898047 operations; [READ: Count=599220 Max=6041.60 Min=2.18 Avg=115.89 10=8.91 25=36.93 50=87.42 75=171.39 90=249.22 95=300.80 99=414.21 99.9=906.75 99.99=1785.86] [UPDATE: Count=298827 Max=22675.46 Min=6.15 Avg=17.02 10=9.97 25=11.90 50=14.65 75=17.68 90=21.36 95=24.05 99=33.57 99.9=428.29 99.99=1993.73]
2025-04-21 14:54:02 102 sec: 938642 operations; [READ: Count=626311 Max=6041.60 Min=2.18 Avg=112.17 10=8.51 25=36.13 50=82.62 75=167.29 90=245.76 95=297.47 99=411.13 99.9=893.95 99.99=1777.66] [UPDATE: Count=312331 Max=22675.46 Min=6.15 Avg=16.82 10=9.88 25=11.56 50=14.47 75=17.50 90=21.20 95=23.89 99=33.38 99.9=428.54 99.99=1972.22]
2025-04-21 14:54:03 103 sec: 978910 operations; [READ: Count=653072 Max=6041.60 Min=2.18 Avg=108.81 10=8.18 25=35.58 50=78.40 75=163.46 90=242.43 95=294.65 99=408.32 99.9=885.25 99.99=1757.18] [UPDATE: Count=325838 Max=22675.46 Min=6.15 Avg=16.63 10=9.80 25=11.26 50=14.29 75=17.34 90=21.05 95=23.74 99=33.15 99.9=428.29 99.99=1945.60]
2025-04-21 14:54:04 104 sec: 1016186 operations; [READ: Count=677940 Max=6041.60 Min=2.18 Avg=106.04 10=7.93 25=35.23 50=74.69 75=160.13 90=239.62 95=292.10 99=406.78 99.9=883.71 99.99=1737.73] [UPDATE: Count=338246 Max=22675.46 Min=6.15 Avg=16.48 10=9.73 25=11.05 50=14.15 75=17.20 90=20.93 95=23.63 99=32.99 99.9=429.57 99.99=1916.93]
2025-04-21 14:54:05 105 sec: 1052338 operations; [READ: Count=702071 Max=6041.60 Min=2.18 Avg=103.56 10=7.73 25=34.91 50=71.10 75=156.80 90=236.93 95=290.05 99=405.50 99.9=898.05 99.99=1757.18] [UPDATE: Count=350267 Max=22675.46 Min=6.15 Avg=16.35 10=9.68 25=10.91 50=14.02 75=17.07 90=20.82 95=23.52 99=32.86 99.9=434.18 99.99=1912.83]
2025-04-21 14:54:06 106 sec: 1092820 operations; [READ: Count=729073 Max=6041.60 Min=2.18 Avg=100.84 10=7.53 25=34.62 50=67.01 75=153.22 90=233.98 95=287.23 99=402.94 99.9=888.83 99.99=1734.65] [UPDATE: Count=363747 Max=22675.46 Min=6.15 Avg=16.20 10=9.62 25=10.77 50=13.87 75=16.93 90=20.67 95=23.39 99=32.72 99.9=434.18 99.99=1910.78]
2025-04-21 14:54:07 107 sec: 1134351 operations; [READ: Count=756737 Max=6041.60 Min=2.14 Avg=98.22 10=7.34 25=34.34 50=62.37 75=149.63 90=230.91 95=284.67 99=400.38 99.9=879.10 99.99=1718.27] [UPDATE: Count=377614 Max=22675.46 Min=6.15 Avg=16.05 10=9.54 25=10.65 50=13.73 75=16.77 90=20.54 95=23.25 99=32.54 99.9=434.18 99.99=1849.34]
2025-04-21 14:54:08 108 sec: 1176031 operations; [READ: Count=784481 Max=6041.60 Min=2.14 Avg=95.77 10=7.20 25=34.11 50=56.67 75=145.92 90=228.09 95=282.11 99=397.57 99.9=862.21 99.99=1690.62] [UPDATE: Count=391550 Max=22675.46 Min=6.15 Avg=15.91 10=9.49 25=10.57 50=13.58 75=16.64 90=20.40 95=23.12 99=32.34 99.9=432.38 99.99=1802.24]
2025-04-21 14:54:09 109 sec: 1215545 operations; [READ: Count=810762 Max=6041.60 Min=2.14 Avg=93.67 10=7.07 25=33.89 50=50.85 75=142.46 90=225.66 95=279.81 99=396.29 99.9=869.89 99.99=1667.07] [UPDATE: Count=404783 Max=22675.46 Min=6.15 Avg=15.79 10=9.42 25=10.49 50=13.46 75=16.51 90=20.29 95=23.01 99=32.14 99.9=432.38 99.99=1792.00]
2025-04-21 14:54:10 110 sec: 1254276 operations; [READ: Count=836550 Max=6041.60 Min=2.14 Avg=91.75 10=6.97 25=33.73 50=45.95 75=139.26 90=223.10 95=277.76 99=394.50 99.9=868.35 99.99=1654.78] [UPDATE: Count=417726 Max=22675.46 Min=6.15 Avg=15.69 10=9.38 25=10.46 50=13.36 75=16.40 90=20.18 95=22.89 99=32.03 99.9=433.92 99.99=1707.01]
2025-04-21 14:54:11 111 sec: 1293013 operations; [READ: Count=862331 Max=6041.60 Min=2.14 Avg=89.96 10=6.87 25=33.53 50=43.07 75=135.81 90=220.67 95=275.45 99=392.96 99.9=873.98 99.99=1667.07] [UPDATE: Count=430682 Max=22675.46 Min=6.15 Avg=15.58 10=9.32 25=10.41 50=13.24 75=16.29 90=20.06 95=22.80 99=31.90 99.9=433.41 99.99=1610.75]
2025-04-21 14:54:12 112 sec: 1325478 operations; [READ: Count=884018 Max=6041.60 Min=2.14 Avg=88.67 10=6.85 25=33.47 50=42.66 75=132.99 90=218.62 95=273.66 99=390.91 99.9=863.23 99.99=1655.81] [UPDATE: Count=441460 Max=22675.46 Min=6.15 Avg=15.57 10=9.31 25=10.40 50=13.20 75=16.23 90=19.98 95=22.73 99=31.92 99.9=438.27 99.99=1608.70]
2025-04-21 14:54:13 113 sec: 1355243 operations; [READ: Count=903983 Max=6041.60 Min=2.14 Avg=87.64 10=6.82 25=33.38 50=42.66 75=130.24 90=216.70 95=272.13 99=389.63 99.9=855.55 99.99=1654.78] [UPDATE: Count=451260 Max=22675.46 Min=6.15 Avg=15.54 10=9.29 25=10.39 50=13.16 75=16.18 90=19.93 95=22.67 99=31.93 99.9=440.83 99.99=1552.38]
2025-04-21 14:54:14 114 sec: 1382577 operations; [READ: Count=922236 Max=6041.60 Min=2.14 Avg=86.81 10=6.84 25=33.28 50=42.56 75=127.87 90=215.29 95=271.10 99=389.12 99.9=873.98 99.99=1654.78] [UPDATE: Count=460341 Max=22675.46 Min=6.15 Avg=15.54 10=9.29 25=10.39 50=13.14 75=16.15 90=19.87 95=22.62 99=31.97 99.9=444.93 99.99=1519.62]
2025-04-21 14:54:15 115 sec: 1410899 operations; [READ: Count=941054 Max=6041.60 Min=2.14 Avg=85.97 10=6.87 25=33.15 50=42.49 75=125.44 90=213.76 95=269.82 99=388.86 99.9=878.59 99.99=1637.38] [UPDATE: Count=469845 Max=22675.46 Min=6.15 Avg=15.53 10=9.28 25=10.38 50=13.10 75=16.11 90=19.82 95=22.57 99=32.00 99.9=447.74 99.99=1500.16]
2025-04-21 14:54:16 116 sec: 1439272 operations; [READ: Count=960068 Max=6041.60 Min=2.14 Avg=85.12 10=6.91 25=33.05 50=42.49 75=122.88 90=212.22 95=268.54 99=388.10 99.9=882.69 99.99=1626.11] [UPDATE: Count=479204 Max=22675.46 Min=6.15 Avg=15.55 10=9.30 25=10.40 50=13.11 75=16.10 90=19.79 95=22.53 99=32.03 99.9=451.58 99.99=1490.94]
2025-04-21 14:54:17 117 sec: 1468940 operations; [READ: Count=979828 Max=6041.60 Min=2.14 Avg=84.24 10=6.95 25=32.93 50=42.59 75=120.13 90=210.56 95=267.01 99=386.56 99.9=873.98 99.99=1609.73] [UPDATE: Count=489112 Max=22675.46 Min=6.15 Avg=15.56 10=9.31 25=10.41 50=13.12 75=16.11 90=19.76 95=22.50 99=32.06 99.9=453.38 99.99=1468.41]
2025-04-21 14:54:18 118 sec: 1497936 operations; [READ: Count=999265 Max=6041.60 Min=2.14 Avg=83.41 10=6.98 25=32.77 50=42.66 75=117.57 90=208.90 95=265.73 99=385.28 99.9=869.89 99.99=1604.61] [UPDATE: Count=498671 Max=22675.46 Min=6.15 Avg=15.59 10=9.34 25=10.43 50=13.14 75=16.12 90=19.76 95=22.46 99=32.13 99.9=455.17 99.99=1444.86]
2025-04-21 14:54:19 119 sec: 1499021 operations; [READ: Count=1000000 Max=6041.60 Min=2.14 Avg=83.38 10=6.98 25=32.75 50=42.66 75=117.50 90=208.77 95=265.73 99=385.28 99.9=868.35 99.99=1604.61] [UPDATE: Count=499021 Max=22675.46 Min=6.15 Avg=15.59 10=9.34 25=10.43 50=13.14 75=16.12 90=19.76 95=22.46 99=32.13 99.9=455.17 99.99=1444.86]
2025-04-21 14:54:20 120 sec: 1499021 operations; [READ: Count=1000000 Max=6041.60 Min=2.14 Avg=83.38 10=6.98 25=32.75 50=42.66 75=117.50 90=208.77 95=265.73 99=385.28 99.9=868.35 99.99=1604.61] [UPDATE: Count=499021 Max=22675.46 Min=6.15 Avg=15.59 10=9.34 25=10.43 50=13.14 75=16.12 90=19.76 95=22.46 99=32.13 99.9=455.17 99.99=1444.86]
2025-04-21 14:54:21 121 sec: 1499021 operations; [READ: Count=1000000 Max=6041.60 Min=2.14 Avg=83.38 10=6.98 25=32.75 50=42.66 75=117.50 90=208.77 95=265.73 99=385.28 99.9=868.35 99.99=1604.61] [UPDATE: Count=499021 Max=22675.46 Min=6.15 Avg=15.59 10=9.34 25=10.43 50=13.14 75=16.12 90=19.76 95=22.46 99=32.13 99.9=455.17 99.99=1444.86]
2025-04-21 14:54:22 122 sec: 1499021 operations; [READ: Count=1000000 Max=6041.60 Min=2.14 Avg=83.38 10=6.98 25=32.75 50=42.66 75=117.50 90=208.77 95=265.73 99=385.28 99.9=868.35 99.99=1604.61] [UPDATE: Count=499021 Max=22675.46 Min=6.15 Avg=15.59 10=9.34 25=10.43 50=13.14 75=16.12 90=19.76 95=22.46 99=32.13 99.9=455.17 99.99=1444.86]
2025-04-21 14:54:23 123 sec: 1499021 operations; [READ: Count=1000000 Max=6041.60 Min=2.14 Avg=83.38 10=6.98 25=32.75 50=42.66 75=117.50 90=208.77 95=265.73 99=385.28 99.9=868.35 99.99=1604.61] [UPDATE: Count=499021 Max=22675.46 Min=6.15 Avg=15.59 10=9.34 25=10.43 50=13.14 75=16.12 90=19.76 95=22.46 99=32.13 99.9=455.17 99.99=1444.86]
2025-04-21 14:54:24 124 sec: 1499021 operations; [READ: Count=1000000 Max=6041.60 Min=2.14 Avg=83.38 10=6.98 25=32.75 50=42.66 75=117.50 90=208.77 95=265.73 99=385.28 99.9=868.35 99.99=1604.61] [UPDATE: Count=499021 Max=22675.46 Min=6.15 Avg=15.59 10=9.34 25=10.43 50=13.14 75=16.12 90=19.76 95=22.46 99=32.13 99.9=455.17 99.99=1444.86]
2025-04-21 14:54:25 125 sec: 1499021 operations; [READ: Count=1000000 Max=6041.60 Min=2.14 Avg=83.38 10=6.98 25=32.75 50=42.66 75=117.50 90=208.77 95=265.73 99=385.28 99.9=868.35 99.99=1604.61] [UPDATE: Count=499021 Max=22675.46 Min=6.15 Avg=15.59 10=9.34 25=10.43 50=13.14 75=16.12 90=19.76 95=22.46 99=32.13 99.9=455.17 99.99=1444.86]
Run runtime(sec): 125.052
Run operations(ops): 1000000
Run throughput(ops/sec): 7996.67
