Running scope as unit: run-rbdbc9fad2e9e4ca5994b3c435007421f.scope
load file:/home/user/DataFiles/silesia_data/silesia.tar
2025-04-21 14:52:20 0 sec: 0 operations;
2025-04-21 14:52:21 1 sec: 0 operations;
2025-04-21 14:52:22 2 sec: 0 operations;
2025-04-21 14:52:23 3 sec: 0 operations;
2025-04-21 14:52:24 4 sec: 0 operations;
2025-04-21 14:52:25 5 sec: 0 operations;
2025-04-21 14:52:26 6 sec: 0 operations;
2025-04-21 14:52:27 7 sec: 0 operations;
2025-04-21 14:52:28 8 sec: 0 operations;
2025-04-21 14:52:29 9 sec: 0 operations;
2025-04-21 14:52:30 10 sec: 0 operations;
2025-04-21 14:52:31 11 sec: 0 operations;
2025-04-21 14:52:32 12 sec: 0 operations;
2025-04-21 14:52:33 13 sec: 0 operations;
2025-04-21 14:52:34 14 sec: 0 operations;
2025-04-21 14:52:35 15 sec: 0 operations;
2025-04-21 14:52:36 16 sec: 0 operations;
2025-04-21 14:52:37 17 sec: 0 operations;
2025-04-21 14:52:38 18 sec: 0 operations;
2025-04-21 14:52:39 19 sec: 0 operations;
2025-04-21 14:52:40 20 sec: 0 operations;
2025-04-21 14:52:41 21 sec: 0 operations;
2025-04-21 14:52:42 22 sec: 0 operations;
2025-04-21 14:52:43 23 sec: 0 operations;
2025-04-21 14:52:44 24 sec: 0 operations;
2025-04-21 14:52:45 25 sec: 0 operations;
2025-04-21 14:52:46 26 sec: 1934 operations; [READ: Count=1274 Max=15302.66 Min=6.03 Avg=249.04 10=107.84 25=151.81 50=213.38 75=290.05 90=373.25 95=429.31 99=789.50 99.9=3891.20 99.99=15302.66] [UPDATE: Count=660 Max=614.40 Min=9.44 Avg=18.58 10=12.76 25=14.10 50=15.94 75=18.43 90=22.05 95=24.24 99=30.14 99.9=611.33 99.99=614.40]
2025-04-21 14:52:47 27 sec: 8025 operations; [READ: Count=5344 Max=15302.66 Min=4.40 Avg=237.69 10=98.17 25=148.09 50=211.58 75=291.58 90=381.18 95=445.44 99=763.39 99.9=1660.93 99.99=3891.20] [UPDATE: Count=2681 Max=6569.98 Min=9.31 Avg=20.12 10=12.92 25=14.24 50=16.18 75=18.67 90=21.61 95=23.89 99=33.12 99.9=420.10 99.99=6569.98]
2025-04-21 14:52:48 28 sec: 14429 operations; [READ: Count=9600 Max=15302.66 Min=3.58 Avg=231.89 10=92.03 25=147.46 50=212.48 75=291.84 90=375.55 95=431.62 99=645.63 99.9=1418.24 99.99=3891.20] [UPDATE: Count=4829 Max=6569.98 Min=7.85 Avg=19.02 10=12.96 25=14.38 50=16.29 75=18.93 90=22.14 95=24.41 99=33.47 99.9=377.34 99.99=6569.98]
2025-04-21 14:52:49 29 sec: 20910 operations; [READ: Count=13918 Max=15302.66 Min=3.58 Avg=228.80 10=90.50 25=147.07 50=212.74 75=290.56 90=372.22 95=426.75 99=584.70 99.9=1134.59 99.99=2205.70] [UPDATE: Count=6992 Max=6569.98 Min=7.20 Avg=18.24 10=12.52 25=13.99 50=16.05 75=18.67 90=21.97 95=24.35 99=33.12 99.9=89.47 99.99=614.40]
2025-04-21 14:52:50 30 sec: 27412 operations; [READ: Count=18245 Max=15302.66 Min=3.58 Avg=227.05 10=89.79 25=146.81 50=212.22 75=290.56 90=369.66 95=424.19 99=566.78 99.9=1068.03 99.99=2205.70] [UPDATE: Count=9167 Max=6569.98 Min=7.20 Avg=17.87 10=12.41 25=13.90 50=15.94 75=18.59 90=21.81 95=24.11 99=32.64 99.9=89.47 99.99=614.40]
2025-04-21 14:52:51 31 sec: 33857 operations; [READ: Count=22575 Max=15302.66 Min=3.58 Avg=225.85 10=88.83 25=146.18 50=211.20 75=290.30 90=368.64 95=422.91 99=563.71 99.9=968.19 99.99=2205.70] [UPDATE: Count=11282 Max=6569.98 Min=7.20 Avg=17.85 10=12.52 25=13.94 50=15.94 75=18.62 90=21.87 95=24.11 99=32.80 99.9=377.34 99.99=928.77]
2025-04-21 14:52:52 32 sec: 39919 operations; [READ: Count=26621 Max=15302.66 Min=3.58 Avg=227.57 10=88.83 25=146.30 50=210.81 75=290.05 90=372.22 95=430.85 99=619.01 99.9=1065.98 99.99=2023.42] [UPDATE: Count=13298 Max=6569.98 Min=7.20 Avg=17.81 10=12.56 25=13.97 50=15.99 75=18.64 90=21.87 95=24.16 99=32.80 99.9=316.42 99.99=928.77]
2025-04-21 14:52:53 33 sec: 46140 operations; [READ: Count=30752 Max=15302.66 Min=3.58 Avg=227.35 10=87.81 25=146.05 50=210.81 75=290.30 90=372.74 95=432.64 99=622.59 99.9=1020.41 99.99=2023.42] [UPDATE: Count=15388 Max=20070.40 Min=6.68 Avg=19.36 10=12.56 25=13.97 50=16.02 75=18.70 90=21.97 95=24.30 99=33.25 99.9=387.84 99.99=4046.85]
2025-04-21 14:52:54 34 sec: 52621 operations; [READ: Count=35069 Max=15302.66 Min=3.58 Avg=226.61 10=87.68 25=145.79 50=210.94 75=289.79 90=371.45 95=430.33 99=603.65 99.9=1008.13 99.99=1893.38] [UPDATE: Count=17552 Max=20070.40 Min=6.68 Avg=19.15 10=12.64 25=14.02 50=16.05 75=18.72 90=21.97 95=24.30 99=32.80 99.9=316.42 99.99=4046.85]
2025-04-21 14:52:55 35 sec: 59007 operations; [READ: Count=39355 Max=15302.66 Min=3.58 Avg=226.18 10=87.36 25=145.66 50=210.94 75=290.05 90=371.20 95=429.82 99=594.43 99.9=993.79 99.99=1893.38] [UPDATE: Count=19652 Max=20070.40 Min=6.68 Avg=19.13 10=12.69 25=14.09 50=16.12 75=18.80 90=22.09 95=24.43 99=33.12 99.9=377.34 99.99=4046.85]
2025-04-21 14:52:56 36 sec: 65382 operations; [READ: Count=43610 Max=15302.66 Min=3.58 Avg=225.92 10=86.85 25=145.66 50=211.07 75=290.56 90=371.20 95=429.06 99=591.36 99.9=993.79 99.99=1893.38] [UPDATE: Count=21772 Max=20070.40 Min=6.68 Avg=19.24 10=12.73 25=14.14 50=16.16 75=18.85 90=22.13 95=24.53 99=33.18 99.9=420.10 99.99=4046.85]
2025-04-21 14:52:57 37 sec: 71712 operations; [READ: Count=47828 Max=15302.66 Min=3.58 Avg=225.90 10=86.27 25=145.41 50=211.07 75=290.30 90=372.22 95=430.08 99=593.92 99.9=1005.05 99.99=1771.52] [UPDATE: Count=23884 Max=20070.40 Min=6.68 Avg=19.32 10=12.72 25=14.13 50=16.15 75=18.88 90=22.16 95=24.57 99=34.02 99.9=488.45 99.99=4046.85]
2025-04-21 14:52:58 38 sec: 77815 operations; [READ: Count=51897 Max=15302.66 Min=3.58 Avg=226.64 10=86.14 25=145.41 50=211.20 75=290.81 90=373.50 95=432.64 99=611.84 99.9=1050.62 99.99=1771.52] [UPDATE: Count=25918 Max=20070.40 Min=6.66 Avg=19.21 10=12.69 25=14.12 50=16.17 75=18.89 90=22.19 95=24.61 99=34.05 99.9=488.45 99.99=2320.38]
2025-04-21 14:52:59 39 sec: 84209 operations; [READ: Count=56131 Max=15302.66 Min=3.31 Avg=226.58 10=85.89 25=145.53 50=211.58 75=291.58 90=374.01 95=432.38 99=602.62 99.9=1047.04 99.99=1755.13] [UPDATE: Count=28078 Max=20070.40 Min=6.66 Avg=19.10 10=12.65 25=14.10 50=16.17 75=18.93 90=22.25 95=24.69 99=34.21 99.9=475.13 99.99=2320.38]
2025-04-21 14:53:00 40 sec: 90585 operations; [READ: Count=60343 Max=15302.66 Min=3.31 Avg=226.57 10=85.57 25=145.66 50=211.97 75=291.84 90=374.53 95=432.38 99=596.48 99.9=1043.45 99.99=1755.13] [UPDATE: Count=30242 Max=20070.40 Min=6.66 Avg=19.06 10=12.63 25=14.11 50=16.20 75=18.99 90=22.30 95=24.82 99=34.37 99.9=475.13 99.99=2320.38]
2025-04-21 14:53:01 41 sec: 96898 operations; [READ: Count=64574 Max=15302.66 Min=3.05 Avg=226.54 10=85.31 25=145.53 50=212.22 75=292.35 90=374.78 95=432.89 99=593.41 99.9=1020.41 99.99=1755.13] [UPDATE: Count=32324 Max=20070.40 Min=6.66 Avg=19.00 10=12.64 25=14.13 50=16.24 75=19.04 90=22.41 95=24.93 99=34.21 99.9=450.81 99.99=2320.38]
2025-04-21 14:53:02 42 sec: 103215 operations; [READ: Count=68776 Max=15302.66 Min=2.99 Avg=226.60 10=85.06 25=145.53 50=212.22 75=292.61 90=375.04 95=433.15 99=594.43 99.9=1043.45 99.99=1660.93] [UPDATE: Count=34439 Max=20070.40 Min=6.66 Avg=18.93 10=12.63 25=14.15 50=16.27 75=19.07 90=22.48 95=25.01 99=34.40 99.9=433.41 99.99=2320.38]
2025-04-21 14:53:03 43 sec: 109312 operations; [READ: Count=72818 Max=15302.66 Min=2.99 Avg=226.92 10=84.61 25=145.28 50=212.09 75=292.35 90=375.30 95=434.43 99=608.25 99.9=1071.10 99.99=1660.93] [UPDATE: Count=36494 Max=20070.40 Min=6.66 Avg=19.38 10=12.65 25=14.18 50=16.30 75=19.09 90=22.51 95=25.02 99=34.56 99.9=440.06 99.99=2320.38]
2025-04-21 14:53:04 44 sec: 115574 operations; [READ: Count=77023 Max=15302.66 Min=2.99 Avg=226.77 10=84.03 25=145.28 50=212.22 75=292.35 90=375.55 95=434.43 99=607.23 99.9=1069.06 99.99=1586.17] [UPDATE: Count=38551 Max=20070.40 Min=6.66 Avg=19.69 10=12.70 25=14.21 50=16.32 75=19.12 90=22.53 95=25.05 99=34.85 99.9=475.13 99.99=4046.85]
2025-04-21 14:53:05 45 sec: 121976 operations; [READ: Count=81279 Max=15302.66 Min=2.99 Avg=226.62 10=83.71 25=145.41 50=212.35 75=292.35 90=375.30 95=434.43 99=602.62 99.9=1065.98 99.99=1586.17] [UPDATE: Count=40697 Max=20070.40 Min=6.66 Avg=19.65 10=12.72 25=14.25 50=16.36 75=19.14 90=22.56 95=25.09 99=34.81 99.9=488.45 99.99=4046.85]
2025-04-21 14:53:06 46 sec: 128469 operations; [READ: Count=85622 Max=15302.66 Min=2.99 Avg=226.29 10=83.07 25=145.28 50=212.35 75=292.35 90=375.04 95=433.66 99=600.06 99.9=1059.84 99.99=1586.17] [UPDATE: Count=42847 Max=20070.40 Min=6.66 Avg=19.56 10=12.73 25=14.26 50=16.37 75=19.14 90=22.56 95=25.07 99=34.69 99.9=463.36 99.99=4046.85]
2025-04-21 14:53:07 47 sec: 134915 operations; [READ: Count=89947 Max=15302.66 Min=2.99 Avg=226.02 10=82.81 25=145.15 50=212.22 75=292.35 90=375.04 95=433.15 99=597.50 99.9=1059.84 99.99=1586.17] [UPDATE: Count=44968 Max=20070.40 Min=6.66 Avg=19.51 10=12.76 25=14.28 50=16.38 75=19.17 90=22.59 95=25.12 99=34.81 99.9=450.81 99.99=4046.85]
2025-04-21 14:53:08 48 sec: 141290 operations; [READ: Count=94199 Max=15302.66 Min=2.99 Avg=225.62 10=82.43 25=144.90 50=211.97 75=291.84 90=374.53 95=432.89 99=596.48 99.9=1059.84 99.99=1660.93] [UPDATE: Count=47091 Max=20070.40 Min=6.66 Avg=20.13 10=12.77 25=14.29 50=16.41 75=19.20 90=22.64 95=25.26 99=36.09 99.9=634.88 99.99=3291.14]
2025-04-21 14:53:09 49 sec: 149490 operations; [READ: Count=99666 Max=15302.66 Min=2.99 Avg=222.60 10=79.55 25=141.69 50=208.51 75=288.77 90=371.45 95=430.33 99=593.92 99.9=1079.30 99.99=1893.38] [UPDATE: Count=49824 Max=20070.40 Min=6.66 Avg=20.23 10=12.72 25=14.26 50=16.36 75=19.15 90=22.61 95=25.20 99=36.93 99.9=651.26 99.99=3291.14]
2025-04-21 14:53:10 50 sec: 159832 operations; [READ: Count=106542 Max=15302.66 Min=2.99 Avg=216.98 10=75.71 25=136.19 50=202.50 75=283.13 90=366.59 95=425.21 99=585.73 99.9=1068.03 99.99=1863.68] [UPDATE: Count=53290 Max=20070.40 Min=6.66 Avg=20.00 10=12.63 25=14.15 50=16.25 75=19.05 90=22.48 95=25.07 99=36.58 99.9=651.26 99.99=3291.14]
2025-04-21 14:53:11 51 sec: 170184 operations; [READ: Count=113444 Max=15302.66 Min=2.99 Avg=212.00 10=73.09 25=130.75 50=196.99 75=278.27 90=361.98 95=420.35 99=578.56 99.9=1059.84 99.99=1863.68] [UPDATE: Count=56740 Max=20070.40 Min=6.66 Avg=19.81 10=12.51 25=14.05 50=16.17 75=18.98 90=22.37 95=24.96 99=36.38 99.9=647.68 99.99=2463.74]
2025-04-21 14:53:12 52 sec: 180528 operations; [READ: Count=120387 Max=15302.66 Min=2.99 Avg=207.29 10=70.85 25=124.73 50=191.36 75=273.66 90=357.63 95=416.25 99=573.44 99.9=1060.86 99.99=1951.74] [UPDATE: Count=60141 Max=20070.40 Min=6.66 Avg=20.10 10=12.46 25=14.00 50=16.14 75=18.94 90=22.35 95=24.99 99=37.47 99.9=753.66 99.99=2623.49]
2025-04-21 14:53:13 53 sec: 191455 operations; [READ: Count=127600 Max=15302.66 Min=2.99 Avg=202.79 10=69.44 25=118.46 50=185.85 75=268.29 90=353.02 95=411.65 99=568.83 99.9=1069.06 99.99=1893.38] [UPDATE: Count=63855 Max=20070.40 Min=6.66 Avg=20.01 10=12.43 25=13.97 50=16.10 75=18.91 90=22.34 95=24.99 99=37.47 99.9=753.66 99.99=2635.78]
2025-04-21 14:53:14 54 sec: 201954 operations; [READ: Count=134583 Max=15302.66 Min=2.99 Avg=198.67 10=67.71 25=111.74 50=180.74 75=263.68 90=349.18 95=408.06 99=567.29 99.9=1114.11 99.99=2082.82] [UPDATE: Count=67371 Max=20070.40 Min=6.66 Avg=20.87 10=12.41 25=13.95 50=16.09 75=18.93 90=22.40 95=25.07 99=38.11 99.9=819.71 99.99=7741.44]
2025-04-21 14:53:15 55 sec: 212506 operations; [READ: Count=141625 Max=15302.66 Min=2.99 Avg=195.32 10=67.33 25=107.14 50=176.77 75=259.20 90=345.09 95=403.71 99=562.17 99.9=1114.11 99.99=2187.26] [UPDATE: Count=70881 Max=20070.40 Min=6.66 Avg=20.73 10=12.43 25=13.97 50=16.11 75=18.98 90=22.45 95=25.14 99=37.76 99.9=809.98 99.99=7741.44]
2025-04-21 14:53:16 56 sec: 223442 operations; [READ: Count=148913 Max=15302.66 Min=2.99 Avg=191.97 10=66.81 25=103.55 50=172.80 75=254.97 90=340.74 95=399.10 99=556.03 99.9=1101.82 99.99=2158.59] [UPDATE: Count=74529 Max=20070.40 Min=6.66 Avg=20.57 10=12.46 25=13.98 50=16.13 75=19.01 90=22.51 95=25.20 99=37.18 99.9=773.63 99.99=7741.44]
2025-04-21 14:53:17 57 sec: 233841 operations; [READ: Count=155847 Max=15302.66 Min=2.99 Avg=189.32 10=66.50 25=101.06 50=170.11 75=251.39 90=337.41 95=395.77 99=548.86 99.9=1091.58 99.99=2082.82] [UPDATE: Count=77994 Max=20070.40 Min=6.66 Avg=20.56 10=12.48 25=14.02 50=16.18 75=19.12 90=22.72 95=25.47 99=37.73 99.9=750.08 99.99=6569.98]
2025-04-21 14:53:18 58 sec: 245118 operations; [READ: Count=163364 Max=15302.66 Min=2.99 Avg=186.22 10=65.60 25=98.05 50=166.91 75=247.55 90=333.31 95=391.94 99=543.23 99.9=1074.17 99.99=2134.01] [UPDATE: Count=81754 Max=20070.40 Min=6.66 Avg=20.49 10=12.41 25=13.97 50=16.14 75=19.09 90=22.69 95=25.45 99=37.60 99.9=750.08 99.99=6569.98]
2025-04-21 14:53:19 59 sec: 256593 operations; [READ: Count=170990 Max=15302.66 Min=2.99 Avg=183.31 10=64.77 25=95.61 50=163.71 75=243.84 90=329.47 95=388.61 99=538.11 99.9=1072.13 99.99=2082.82] [UPDATE: Count=85603 Max=20070.40 Min=6.66 Avg=20.35 10=12.38 25=13.94 50=16.11 75=19.05 90=22.64 95=25.41 99=37.31 99.9=694.27 99.99=4759.55]
2025-04-21 14:53:20 60 sec: 267717 operations; [READ: Count=178372 Max=15302.66 Min=2.99 Avg=180.91 10=64.19 25=93.82 50=161.53 75=240.64 90=326.14 95=385.28 99=532.48 99.9=1068.03 99.99=2065.41] [UPDATE: Count=89345 Max=20070.40 Min=6.66 Avg=20.21 10=12.38 25=13.94 50=16.09 75=19.05 90=22.64 95=25.36 99=37.02 99.9=692.22 99.99=4759.55]
2025-04-21 14:53:21 61 sec: 278693 operations; [READ: Count=185707 Max=15302.66 Min=2.99 Avg=178.75 10=63.71 25=92.42 50=159.49 75=237.69 90=323.07 95=382.46 99=527.87 99.9=1058.82 99.99=2057.22] [UPDATE: Count=92986 Max=20070.40 Min=6.66 Avg=20.09 10=12.38 25=13.94 50=16.09 75=19.05 90=22.64 95=25.34 99=36.80 99.9=670.72 99.99=4759.55]
2025-04-21 14:53:22 62 sec: 289654 operations; [READ: Count=193055 Max=15302.66 Min=2.99 Avg=176.70 10=63.33 25=91.26 50=157.57 75=234.62 90=320.25 95=379.65 99=523.77 99.9=1049.60 99.99=2057.22] [UPDATE: Count=96599 Max=20070.40 Min=6.66 Avg=20.08 10=12.39 25=13.94 50=16.10 75=19.07 90=22.67 95=25.39 99=36.80 99.9=678.91 99.99=4046.85]
2025-04-21 14:53:23 63 sec: 300901 operations; [READ: Count=200576 Max=15302.66 Min=2.99 Avg=174.68 10=62.75 25=90.05 50=155.65 75=231.94 90=317.44 95=376.57 99=519.68 99.9=1044.99 99.99=2057.22] [UPDATE: Count=100325 Max=20070.40 Min=6.66 Avg=19.98 10=12.38 25=13.94 50=16.10 75=19.05 90=22.64 95=25.36 99=36.58 99.9=670.72 99.99=4046.85]
2025-04-21 14:53:24 64 sec: 311947 operations; [READ: Count=207997 Max=15302.66 Min=2.99 Avg=172.89 10=62.30 25=89.15 50=154.11 75=229.38 90=314.88 95=374.01 99=515.58 99.9=1044.99 99.99=2051.07] [UPDATE: Count=103950 Max=20070.40 Min=6.66 Avg=19.92 10=12.39 25=13.94 50=16.10 75=19.07 90=22.66 95=25.39 99=36.48 99.9=647.68 99.99=4046.85]
2025-04-21 14:53:25 65 sec: 323283 operations; [READ: Count=215568 Max=15302.66 Min=2.99 Avg=171.13 10=61.82 25=88.25 50=152.57 75=226.94 90=312.06 95=371.20 99=511.74 99.9=1043.45 99.99=2023.42] [UPDATE: Count=107715 Max=20070.40 Min=6.66 Avg=19.78 10=12.29 25=13.86 50=16.03 75=19.01 90=22.57 95=25.30 99=36.13 99.9=634.88 99.99=3885.05]
2025-04-21 14:53:26 66 sec: 334920 operations; [READ: Count=223271 Max=15302.66 Min=2.99 Avg=169.42 10=61.18 25=87.42 50=151.04 75=224.64 90=309.76 95=368.38 99=507.90 99.9=1038.85 99.99=2023.42] [UPDATE: Count=111649 Max=20070.40 Min=6.64 Avg=19.58 10=12.17 25=13.75 50=15.94 75=18.91 90=22.48 95=25.17 99=35.81 99.9=613.89 99.99=3885.05]
2025-04-21 14:53:27 67 sec: 346481 operations; [READ: Count=230987 Max=15302.66 Min=2.99 Avg=167.80 10=60.70 25=86.66 50=149.63 75=222.46 90=307.45 95=366.08 99=505.34 99.9=1026.05 99.99=1965.06] [UPDATE: Count=115494 Max=20070.40 Min=6.64 Avg=19.43 10=12.06 25=13.67 50=15.87 75=18.83 90=22.40 95=25.09 99=35.58 99.9=611.33 99.99=3678.21]
2025-04-21 14:53:28 68 sec: 357921 operations; [READ: Count=238667 Max=15302.66 Min=2.99 Avg=166.30 10=60.26 25=85.95 50=148.48 75=220.41 90=305.15 95=363.52 99=502.27 99.9=1023.49 99.99=1951.74] [UPDATE: Count=119254 Max=20070.40 Min=6.64 Avg=19.30 10=11.98 25=13.60 50=15.81 75=18.78 90=22.34 95=25.02 99=35.42 99.9=596.48 99.99=3678.21]
2025-04-21 14:53:29 69 sec: 369508 operations; [READ: Count=246429 Max=15302.66 Min=2.99 Avg=164.84 10=59.74 25=85.31 50=147.20 75=218.37 90=302.59 95=361.21 99=499.20 99.9=1020.41 99.99=1951.74] [UPDATE: Count=123079 Max=20070.40 Min=6.64 Avg=19.18 10=11.89 25=13.52 50=15.73 75=18.70 90=22.25 95=24.94 99=35.23 99.9=595.97 99.99=3678.21]
2025-04-21 14:53:30 70 sec: 381137 operations; [READ: Count=254187 Max=15302.66 Min=2.90 Avg=163.47 10=59.23 25=84.67 50=146.05 75=216.57 90=300.29 95=358.91 99=496.38 99.9=1015.29 99.99=1951.74] [UPDATE: Count=126950 Max=20070.40 Min=6.46 Avg=19.07 10=11.79 25=13.44 50=15.67 75=18.62 90=22.19 95=24.86 99=35.01 99.9=594.94 99.99=3291.14]
2025-04-21 14:53:31 71 sec: 392807 operations; [READ: Count=261946 Max=15302.66 Min=2.90 Avg=162.19 10=58.75 25=84.16 50=145.02 75=214.91 90=297.98 95=356.61 99=493.57 99.9=1005.05 99.99=1945.60] [UPDATE: Count=130861 Max=20070.40 Min=6.46 Avg=18.94 10=11.72 25=13.38 50=15.62 75=18.57 90=22.14 95=24.80 99=34.78 99.9=586.75 99.99=3291.14]
2025-04-21 14:53:32 72 sec: 404523 operations; [READ: Count=269677 Max=15302.66 Min=2.90 Avg=160.98 10=58.24 25=83.65 50=144.00 75=213.25 90=296.19 95=354.56 99=491.26 99.9=995.84 99.99=1916.93] [UPDATE: Count=134846 Max=20070.40 Min=6.46 Avg=18.85 10=11.65 25=13.31 50=15.56 75=18.51 90=22.08 95=24.72 99=34.59 99.9=586.75 99.99=3291.14]
2025-04-21 14:53:33 73 sec: 416310 operations; [READ: Count=277550 Max=15302.66 Min=2.90 Avg=159.76 10=57.66 25=83.20 50=142.97 75=211.58 90=294.40 95=352.51 99=488.70 99.9=993.79 99.99=1893.38] [UPDATE: Count=138760 Max=20070.40 Min=6.27 Avg=18.76 10=11.57 25=13.25 50=15.49 75=18.45 90=22.02 95=24.66 99=34.40 99.9=585.22 99.99=2635.78]
2025-04-21 14:53:34 74 sec: 428243 operations; [READ: Count=285509 Max=15302.66 Min=2.79 Avg=158.57 10=57.05 25=82.69 50=141.95 75=210.05 90=292.35 95=350.72 99=486.40 99.9=988.67 99.99=1868.80] [UPDATE: Count=142734 Max=20070.40 Min=6.27 Avg=18.65 10=11.50 25=13.19 50=15.44 75=18.38 90=21.95 95=24.57 99=34.34 99.9=583.68 99.99=2635.78]
2025-04-21 14:53:35 75 sec: 440052 operations; [READ: Count=293380 Max=15302.66 Min=2.79 Avg=157.49 10=56.51 25=82.24 50=141.06 75=208.64 90=290.56 95=348.67 99=484.61 99.9=985.09 99.99=1868.80] [UPDATE: Count=146672 Max=20070.40 Min=6.27 Avg=18.57 10=11.45 25=13.13 50=15.39 75=18.34 90=21.89 95=24.51 99=34.24 99.9=578.56 99.99=2623.49]
2025-04-21 14:53:36 76 sec: 451975 operations; [READ: Count=301363 Max=15302.66 Min=2.79 Avg=156.41 10=55.74 25=81.79 50=140.16 75=207.23 90=288.77 95=346.88 99=482.05 99.9=977.92 99.99=1863.68] [UPDATE: Count=150612 Max=20070.40 Min=6.27 Avg=18.47 10=11.40 25=13.09 50=15.34 75=18.29 90=21.84 95=24.45 99=34.11 99.9=574.98 99.99=2623.49]
2025-04-21 14:53:37 77 sec: 463971 operations; [READ: Count=309320 Max=15302.66 Min=2.79 Avg=155.39 10=55.01 25=81.41 50=139.39 75=205.95 90=286.98 95=344.83 99=480.00 99.9=971.26 99.99=1792.00] [UPDATE: Count=154651 Max=20070.40 Min=6.27 Avg=18.39 10=11.34 25=13.04 50=15.29 75=18.24 90=21.79 95=24.38 99=34.02 99.9=566.27 99.99=2623.49]
2025-04-21 14:53:38 78 sec: 476162 operations; [READ: Count=317412 Max=15302.66 Min=2.79 Avg=154.36 10=53.95 25=80.96 50=138.50 75=204.54 90=285.44 95=343.04 99=477.69 99.9=966.14 99.99=1771.52] [UPDATE: Count=158750 Max=20070.40 Min=6.27 Avg=18.29 10=11.29 25=12.98 50=15.24 75=18.18 90=21.73 95=24.32 99=33.85 99.9=559.10 99.99=2463.74]
2025-04-21 14:53:39 79 sec: 488257 operations; [READ: Count=325463 Max=15302.66 Min=2.79 Avg=153.40 10=52.67 25=80.58 50=137.73 75=203.39 90=283.90 95=341.25 99=475.65 99.9=961.02 99.99=1767.42] [UPDATE: Count=162794 Max=20070.40 Min=6.27 Avg=18.19 10=11.24 25=12.94 50=15.18 75=18.11 90=21.66 95=24.27 99=33.63 99.9=553.47 99.99=2463.74]
2025-04-21 14:53:40 80 sec: 500143 operations; [READ: Count=333410 Max=15302.66 Min=2.79 Avg=152.52 10=50.43 25=80.19 50=136.96 75=202.24 90=282.37 95=339.45 99=473.60 99.9=953.86 99.99=1767.42] [UPDATE: Count=166733 Max=20070.40 Min=6.27 Avg=18.15 10=11.20 25=12.89 50=15.13 75=18.06 90=21.61 95=24.22 99=33.53 99.9=552.45 99.99=2463.74]
2025-04-21 14:53:41 81 sec: 512407 operations; [READ: Count=341579 Max=15302.66 Min=2.79 Avg=151.60 10=34.91 25=79.87 50=136.19 75=201.09 90=280.83 95=337.92 99=472.06 99.9=944.13 99.99=1755.13] [UPDATE: Count=170828 Max=20070.40 Min=6.27 Avg=18.07 10=11.16 25=12.86 50=15.10 75=18.03 90=21.57 95=24.16 99=33.41 99.9=547.33 99.99=2463.74]
2025-04-21 14:53:42 82 sec: 525070 operations; [READ: Count=350013 Max=15302.66 Min=2.72 Avg=150.60 10=26.64 25=79.49 50=135.42 75=199.94 90=279.30 95=336.13 99=469.76 99.9=940.54 99.99=1746.94] [UPDATE: Count=175057 Max=20070.40 Min=6.27 Avg=17.98 10=11.12 25=12.81 50=15.05 75=17.97 90=21.50 95=24.09 99=33.31 99.9=533.50 99.99=2361.34]
2025-04-21 14:53:43 83 sec: 537614 operations; [READ: Count=358334 Max=15302.66 Min=2.72 Avg=149.69 10=23.52 25=79.17 50=134.66 75=198.66 90=277.50 95=334.33 99=467.71 99.9=934.91 99.99=1741.82] [UPDATE: Count=179280 Max=20070.40 Min=6.27 Avg=17.91 10=11.09 25=12.78 50=15.01 75=17.93 90=21.47 95=24.05 99=33.15 99.9=522.50 99.99=2361.34]
2025-04-21 14:53:44 84 sec: 550189 operations; [READ: Count=366658 Max=15302.66 Min=2.72 Avg=148.81 10=21.74 25=78.85 50=133.89 75=197.63 90=275.97 95=332.54 99=465.66 99.9=929.79 99.99=1732.61] [UPDATE: Count=183531 Max=20070.40 Min=6.27 Avg=17.87 10=11.05 25=12.74 50=14.97 75=17.89 90=21.42 95=24.00 99=33.05 99.9=518.14 99.99=2463.74]
2025-04-21 14:53:45 85 sec: 562923 operations; [READ: Count=375134 Max=15302.66 Min=2.72 Avg=147.91 10=20.37 25=78.46 50=132.99 75=196.48 90=274.43 95=330.75 99=463.87 99.9=922.11 99.99=1699.84] [UPDATE: Count=187789 Max=20070.40 Min=6.27 Avg=17.82 10=11.03 25=12.71 50=14.94 75=17.86 90=21.38 95=23.93 99=32.90 99.9=513.53 99.99=2463.74]
2025-04-21 14:53:46 86 sec: 575607 operations; [READ: Count=383590 Max=15302.66 Min=2.72 Avg=147.06 10=19.23 25=78.14 50=132.35 75=195.46 90=273.15 95=329.21 99=462.08 99.9=914.94 99.99=1699.84] [UPDATE: Count=192017 Max=20070.40 Min=6.27 Avg=17.75 10=11.00 25=12.68 50=14.89 75=17.81 90=21.33 95=23.90 99=32.83 99.9=508.67 99.99=2463.74]
2025-04-21 14:53:47 87 sec: 588348 operations; [READ: Count=392088 Max=15302.66 Min=2.67 Avg=146.24 10=18.38 25=77.82 50=131.71 75=194.56 90=271.62 95=327.68 99=460.29 99.9=904.70 99.99=1680.38] [UPDATE: Count=196260 Max=20070.40 Min=6.27 Avg=17.68 10=10.97 25=12.65 50=14.87 75=17.77 90=21.30 95=23.86 99=32.70 99.9=506.88 99.99=2361.34]
2025-04-21 14:53:48 88 sec: 601245 operations; [READ: Count=400685 Max=15302.66 Min=2.67 Avg=145.42 10=17.60 25=77.50 50=130.94 75=193.53 90=270.08 95=325.89 99=458.50 99.9=900.10 99.99=1674.24] [UPDATE: Count=200560 Max=20070.40 Min=6.27 Avg=17.61 10=10.95 25=12.62 50=14.83 75=17.74 90=21.25 95=23.81 99=32.58 99.9=501.25 99.99=2361.34]
2025-04-21 14:53:49 89 sec: 614263 operations; [READ: Count=409344 Max=15302.66 Min=2.67 Avg=144.61 10=16.99 25=77.18 50=130.18 75=192.64 90=268.80 95=324.61 99=456.70 99.9=891.90 99.99=1674.24] [UPDATE: Count=204919 Max=20070.40 Min=6.27 Avg=17.55 10=10.93 25=12.60 50=14.80 75=17.70 90=21.21 95=23.76 99=32.51 99.9=496.13 99.99=2361.34]
2025-04-21 14:53:50 90 sec: 627507 operations; [READ: Count=418166 Max=15302.66 Min=2.67 Avg=143.77 10=16.38 25=76.80 50=129.47 75=191.62 90=267.26 95=322.81 99=455.17 99.9=887.29 99.99=1660.93] [UPDATE: Count=209341 Max=20070.40 Min=6.27 Avg=17.49 10=10.89 25=12.57 50=14.78 75=17.68 90=21.18 95=23.73 99=32.43 99.9=489.21 99.99=2320.38]
2025-04-21 14:53:51 91 sec: 641420 operations; [READ: Count=427453 Max=15302.66 Min=2.67 Avg=142.80 10=15.88 25=76.42 50=128.51 75=190.34 90=265.73 95=321.28 99=452.86 99.9=878.59 99.99=1660.93] [UPDATE: Count=213967 Max=20070.40 Min=6.27 Avg=17.44 10=10.87 25=12.54 50=14.74 75=17.65 90=21.15 95=23.71 99=32.40 99.9=483.07 99.99=2320.38]
2025-04-21 14:53:52 92 sec: 656895 operations; [READ: Count=437755 Max=15302.66 Min=2.67 Avg=141.53 10=15.35 25=75.78 50=127.17 75=188.80 90=263.94 95=319.49 99=450.56 99.9=868.35 99.99=1639.42] [UPDATE: Count=219140 Max=20070.40 Min=6.27 Avg=17.35 10=10.83 25=12.49 50=14.70 75=17.60 90=21.09 95=23.65 99=32.30 99.9=475.13 99.99=2254.85]
2025-04-21 14:53:53 93 sec: 674174 operations; [READ: Count=449280 Max=15302.66 Min=2.67 Avg=139.91 10=14.84 25=74.81 50=125.12 75=186.75 90=261.63 95=317.44 99=448.51 99.9=861.70 99.99=1630.21] [UPDATE: Count=224894 Max=20070.40 Min=6.27 Avg=17.27 10=10.79 25=12.45 50=14.64 75=17.54 90=21.04 95=23.58 99=32.16 99.9=473.09 99.99=2254.85]
2025-04-21 14:53:54 94 sec: 693038 operations; [READ: Count=461852 Max=15302.66 Min=2.67 Avg=138.03 10=14.35 25=73.53 50=122.37 75=184.57 90=259.45 95=315.39 99=445.95 99.9=848.38 99.99=1610.75] [UPDATE: Count=231186 Max=20070.40 Min=6.27 Avg=17.23 10=10.74 25=12.40 50=14.59 75=17.49 90=20.98 95=23.54 99=32.09 99.9=475.13 99.99=2254.85]
2025-04-21 14:53:55 95 sec: 719132 operations; [READ: Count=479266 Max=15302.66 Min=2.55 Avg=134.80 10=13.66 25=70.91 50=117.63 75=181.50 90=256.38 95=312.32 99=442.62 99.9=835.58 99.99=1597.44] [UPDATE: Count=239866 Max=20070.40 Min=6.27 Avg=17.13 10=10.64 25=12.30 50=14.50 75=17.39 90=20.86 95=23.42 99=31.90 99.9=475.13 99.99=2254.85]
2025-04-21 14:53:56 96 sec: 753422 operations; [READ: Count=502200 Max=15302.66 Min=2.55 Avg=130.33 10=12.83 25=65.79 50=110.91 75=177.79 90=252.67 95=308.74 99=438.53 99.9=822.27 99.99=1580.03] [UPDATE: Count=251222 Max=20070.40 Min=6.27 Avg=16.88 10=10.43 25=12.11 50=14.34 75=17.23 90=20.70 95=23.28 99=31.65 99.9=454.65 99.99=2168.83]
2025-04-21 14:53:57 97 sec: 788524 operations; [READ: Count=525648 Max=15302.66 Min=2.46 Avg=126.11 10=12.13 25=59.74 50=104.38 75=173.95 90=248.96 95=305.15 99=434.94 99.9=805.38 99.99=1571.84] [UPDATE: Count=262876 Max=20070.40 Min=6.27 Avg=16.65 10=10.26 25=11.91 50=14.18 75=17.05 90=20.56 95=23.14 99=31.34 99.9=433.15 99.99=2154.49]
2025-04-21 14:53:58 98 sec: 823965 operations; [READ: Count=549293 Max=15302.66 Min=2.29 Avg=122.20 10=11.54 25=54.14 50=98.43 75=170.24 90=245.38 95=301.57 99=431.62 99.9=787.46 99.99=1546.24] [UPDATE: Count=274672 Max=20070.40 Min=6.27 Avg=16.47 10=10.12 25=11.71 50=14.04 75=16.91 90=20.41 95=22.99 99=31.21 99.9=427.26 99.99=2123.78]
2025-04-21 14:53:59 99 sec: 860231 operations; [READ: Count=573464 Max=15302.66 Min=2.29 Avg=118.49 10=11.04 25=49.57 50=93.18 75=166.78 90=241.92 95=297.98 99=428.03 99.9=775.17 99.99=1541.12] [UPDATE: Count=286767 Max=20070.40 Min=6.27 Avg=16.30 10=10.01 25=11.54 50=13.89 75=16.77 90=20.27 95=22.86 99=31.10 99.9=423.42 99.99=2068.48]
2025-04-21 14:54:00 100 sec: 897014 operations; [READ: Count=597993 Max=15302.66 Min=2.29 Avg=115.00 10=10.60 25=44.96 50=88.58 75=163.33 90=238.72 95=294.91 99=424.19 99.9=763.39 99.99=1524.73] [UPDATE: Count=299021 Max=20070.40 Min=6.23 Avg=16.15 10=9.90 25=11.36 50=13.76 75=16.62 90=20.13 95=22.73 99=31.09 99.9=421.89 99.99=2039.81]
2025-04-21 14:54:01 101 sec: 933554 operations; [READ: Count=622338 Max=15302.66 Min=2.29 Avg=111.82 10=10.24 25=42.40 50=84.61 75=160.00 90=235.39 95=291.58 99=421.12 99.9=748.54 99.99=1518.59] [UPDATE: Count=311216 Max=20070.40 Min=6.23 Avg=16.02 10=9.82 25=11.21 50=13.63 75=16.50 90=20.00 95=22.62 99=31.07 99.9=423.94 99.99=2011.13]
2025-04-21 14:54:02 102 sec: 970470 operations; [READ: Count=646954 Max=15302.66 Min=2.29 Avg=108.83 10=9.93 25=40.90 50=80.96 75=156.80 90=232.19 95=288.25 99=418.05 99.9=733.70 99.99=1510.40] [UPDATE: Count=323516 Max=20070.40 Min=6.23 Avg=15.91 10=9.75 25=11.09 50=13.51 75=16.37 90=19.87 95=22.51 99=31.07 99.9=422.91 99.99=1933.31]
2025-04-21 14:54:03 103 sec: 1008289 operations; [READ: Count=672157 Max=15302.66 Min=2.29 Avg=105.96 10=9.64 25=39.84 50=77.44 75=153.60 90=229.12 95=285.18 99=414.46 99.9=716.80 99.99=1504.26] [UPDATE: Count=336132 Max=20070.40 Min=6.23 Avg=15.79 10=9.69 25=10.98 50=13.40 75=16.25 90=19.74 95=22.38 99=31.07 99.9=422.91 99.99=1904.64]
2025-04-21 14:54:04 104 sec: 1047990 operations; [READ: Count=698627 Max=15302.66 Min=2.29 Avg=103.11 10=9.38 25=38.88 50=73.79 75=150.40 90=225.79 95=282.11 99=411.39 99.9=705.02 99.99=1497.09] [UPDATE: Count=349363 Max=20070.40 Min=6.23 Avg=15.65 10=9.62 25=10.88 50=13.27 75=16.12 90=19.61 95=22.27 99=30.93 99.9=417.02 99.99=1899.52]
2025-04-21 14:54:05 105 sec: 1087319 operations; [READ: Count=724901 Max=15302.66 Min=2.27 Avg=100.50 10=9.13 25=38.14 50=70.14 75=147.33 90=222.85 95=279.30 99=408.57 99.9=700.41 99.99=1478.65] [UPDATE: Count=362418 Max=20070.40 Min=6.23 Avg=15.53 10=9.54 25=10.78 50=13.16 75=15.99 90=19.49 95=22.14 99=30.77 99.9=414.98 99.99=1895.42]
2025-04-21 14:54:06 106 sec: 1126072 operations; [READ: Count=750740 Max=15302.66 Min=2.27 Avg=98.13 10=8.96 25=37.66 50=66.37 75=144.13 90=220.03 95=276.48 99=405.76 99.9=692.74 99.99=1467.39] [UPDATE: Count=375332 Max=20070.40 Min=6.23 Avg=15.41 10=9.49 25=10.70 50=13.05 75=15.88 90=19.36 95=22.03 99=30.56 99.9=414.46 99.99=1835.01]
2025-04-21 14:54:07 107 sec: 1165101 operations; [READ: Count=776814 Max=15302.66 Min=2.27 Avg=95.89 10=8.81 25=37.28 50=62.30 75=141.06 90=217.22 95=273.66 99=402.69 99.9=684.03 99.99=1458.17] [UPDATE: Count=388287 Max=20070.40 Min=6.23 Avg=15.31 10=9.44 25=10.65 50=12.96 75=15.78 90=19.25 95=21.92 99=30.38 99.9=414.46 99.99=1812.48]
2025-04-21 14:54:08 108 sec: 1204080 operations; [READ: Count=802760 Max=15302.66 Min=2.27 Avg=93.80 10=8.67 25=36.96 50=58.56 75=137.98 90=214.53 95=271.10 99=399.87 99.9=677.38 99.99=1447.93] [UPDATE: Count=401320 Max=20070.40 Min=6.23 Avg=15.22 10=9.39 25=10.59 50=12.86 75=15.68 90=19.14 95=21.81 99=30.21 99.9=416.77 99.99=1690.62]
2025-04-21 14:54:09 109 sec: 1241870 operations; [READ: Count=827860 Max=15302.66 Min=2.27 Avg=91.95 10=8.55 25=36.61 50=55.94 75=135.04 90=212.09 95=268.80 99=398.08 99.9=683.01 99.99=1447.93] [UPDATE: Count=414010 Max=20070.40 Min=6.23 Avg=15.13 10=9.34 25=10.54 50=12.78 75=15.59 90=19.02 95=21.70 99=30.05 99.9=421.89 99.99=1643.52]
2025-04-21 14:54:10 110 sec: 1278828 operations; [READ: Count=852566 Max=15302.66 Min=2.27 Avg=90.25 10=8.44 25=36.35 50=54.14 75=131.97 90=209.79 95=266.50 99=396.29 99.9=683.52 99.99=1422.34] [UPDATE: Count=426262 Max=20070.40 Min=6.23 Avg=15.04 10=9.29 25=10.50 50=12.70 75=15.51 90=18.93 95=21.60 99=29.90 99.9=420.10 99.99=1577.98]
2025-04-21 14:54:11 111 sec: 1313434 operations; [READ: Count=875675 Max=15302.66 Min=2.27 Avg=88.81 10=8.36 25=36.13 50=53.02 75=129.09 90=207.62 95=264.45 99=394.50 99.9=685.05 99.99=1417.21] [UPDATE: Count=437759 Max=20070.40 Min=6.23 Avg=14.99 10=9.26 25=10.47 50=12.63 75=15.45 90=18.83 95=21.52 99=29.81 99.9=423.17 99.99=1521.66]
2025-04-21 14:54:12 112 sec: 1347442 operations; [READ: Count=898319 Max=15302.66 Min=2.27 Avg=87.49 10=8.32 25=35.97 50=52.16 75=126.21 90=205.44 95=262.40 99=392.70 99.9=679.93 99.99=1411.07] [UPDATE: Count=449123 Max=20070.40 Min=6.23 Avg=14.96 10=9.24 25=10.46 50=12.59 75=15.40 90=18.77 95=21.45 99=29.77 99.9=422.40 99.99=1482.75]
2025-04-21 14:54:13 113 sec: 1379023 operations; [READ: Count=919377 Max=15302.66 Min=1.98 Avg=86.40 10=8.31 25=35.81 50=51.58 75=123.52 90=203.52 95=260.48 99=390.91 99.9=677.38 99.99=1410.05] [UPDATE: Count=459646 Max=20070.40 Min=6.06 Avg=14.92 10=9.21 25=10.43 50=12.54 75=15.34 90=18.70 95=21.39 99=29.73 99.9=422.65 99.99=1475.58]
2025-04-21 14:54:14 114 sec: 1406062 operations; [READ: Count=937393 Max=15302.66 Min=1.98 Avg=85.65 10=8.34 25=35.65 50=51.26 75=121.41 90=202.11 95=259.33 99=390.91 99.9=692.74 99.99=1396.73] [UPDATE: Count=468669 Max=20070.40 Min=6.06 Avg=14.90 10=9.18 25=10.41 50=12.51 75=15.31 90=18.66 95=21.34 99=29.74 99.9=422.65 99.99=1452.03]
2025-04-21 14:54:15 115 sec: 1431184 operations; [READ: Count=954132 Max=15302.66 Min=1.98 Avg=85.04 10=8.36 25=35.52 50=51.04 75=119.61 90=200.96 95=258.30 99=390.65 99.9=705.53 99.99=1394.69] [UPDATE: Count=477052 Max=20070.40 Min=6.06 Avg=14.90 10=9.17 25=10.40 50=12.49 75=15.28 90=18.61 95=21.31 99=29.84 99.9=423.42 99.99=1452.03]
2025-04-21 14:54:16 116 sec: 1458972 operations; [READ: Count=972673 Max=15302.66 Min=1.98 Avg=84.29 10=8.38 25=35.33 50=50.66 75=117.50 90=199.55 95=256.89 99=390.14 99.9=714.24 99.99=1396.73] [UPDATE: Count=486299 Max=20070.40 Min=6.06 Avg=14.90 10=9.14 25=10.39 50=12.46 75=15.26 90=18.59 95=21.28 99=30.00 99.9=423.94 99.99=1431.55]
2025-04-21 14:54:17 117 sec: 1485818 operations; [READ: Count=990591 Max=15302.66 Min=1.98 Avg=83.59 10=8.41 25=35.13 50=50.56 75=115.65 90=198.01 95=255.49 99=388.61 99.9=709.63 99.99=1392.64] [UPDATE: Count=495227 Max=20070.40 Min=6.06 Avg=14.94 10=9.17 25=10.41 50=12.49 75=15.29 90=18.61 95=21.31 99=30.27 99.9=426.24 99.99=1344.51]
2025-04-21 14:54:18 118 sec: 1499904 operations; [READ: Count=1000000 Max=15302.66 Min=1.98 Avg=83.26 10=8.43 25=35.04 50=50.49 75=114.69 90=197.25 95=254.85 99=387.84 99.9=710.65 99.99=1396.73] [UPDATE: Count=499904 Max=20070.40 Min=6.06 Avg=14.98 10=9.18 25=10.41 50=12.52 75=15.30 90=18.64 95=21.34 99=30.43 99.9=428.03 99.99=1344.51]
2025-04-21 14:54:19 119 sec: 1499904 operations; [READ: Count=1000000 Max=15302.66 Min=1.98 Avg=83.26 10=8.43 25=35.04 50=50.49 75=114.69 90=197.25 95=254.85 99=387.84 99.9=710.65 99.99=1396.73] [UPDATE: Count=499904 Max=20070.40 Min=6.06 Avg=14.98 10=9.18 25=10.41 50=12.52 75=15.30 90=18.64 95=21.34 99=30.43 99.9=428.03 99.99=1344.51]
2025-04-21 14:54:20 120 sec: 1499904 operations; [READ: Count=1000000 Max=15302.66 Min=1.98 Avg=83.26 10=8.43 25=35.04 50=50.49 75=114.69 90=197.25 95=254.85 99=387.84 99.9=710.65 99.99=1396.73] [UPDATE: Count=499904 Max=20070.40 Min=6.06 Avg=14.98 10=9.18 25=10.41 50=12.52 75=15.30 90=18.64 95=21.34 99=30.43 99.9=428.03 99.99=1344.51]
2025-04-21 14:54:21 121 sec: 1499904 operations; [READ: Count=1000000 Max=15302.66 Min=1.98 Avg=83.26 10=8.43 25=35.04 50=50.49 75=114.69 90=197.25 95=254.85 99=387.84 99.9=710.65 99.99=1396.73] [UPDATE: Count=499904 Max=20070.40 Min=6.06 Avg=14.98 10=9.18 25=10.41 50=12.52 75=15.30 90=18.64 95=21.34 99=30.43 99.9=428.03 99.99=1344.51]
2025-04-21 14:54:22 122 sec: 1499904 operations; [READ: Count=1000000 Max=15302.66 Min=1.98 Avg=83.26 10=8.43 25=35.04 50=50.49 75=114.69 90=197.25 95=254.85 99=387.84 99.9=710.65 99.99=1396.73] [UPDATE: Count=499904 Max=20070.40 Min=6.06 Avg=14.98 10=9.18 25=10.41 50=12.52 75=15.30 90=18.64 95=21.34 99=30.43 99.9=428.03 99.99=1344.51]
2025-04-21 14:54:23 123 sec: 1499904 operations; [READ: Count=1000000 Max=15302.66 Min=1.98 Avg=83.26 10=8.43 25=35.04 50=50.49 75=114.69 90=197.25 95=254.85 99=387.84 99.9=710.65 99.99=1396.73] [UPDATE: Count=499904 Max=20070.40 Min=6.06 Avg=14.98 10=9.18 25=10.41 50=12.52 75=15.30 90=18.64 95=21.34 99=30.43 99.9=428.03 99.99=1344.51]
2025-04-21 14:54:23 123 sec: 1499904 operations; [READ: Count=1000000 Max=15302.66 Min=1.98 Avg=83.26 10=8.43 25=35.04 50=50.49 75=114.69 90=197.25 95=254.85 99=387.84 99.9=710.65 99.99=1396.73] [UPDATE: Count=499904 Max=20070.40 Min=6.06 Avg=14.98 10=9.18 25=10.41 50=12.52 75=15.30 90=18.64 95=21.34 99=30.43 99.9=428.03 99.99=1344.51]
Run runtime(sec): 123.594
Run operations(ops): 1000000
Run throughput(ops/sec): 8091
