Running scope as unit: run-r088a0a36c38a446e9c912fe88c8855bd.scope
load file:/home/user/DataFiles/silesia_data/silesia.tar
2025-04-21 14:52:20 0 sec: 0 operations;
2025-04-21 14:52:21 1 sec: 0 operations;
2025-04-21 14:52:22 2 sec: 0 operations;
2025-04-21 14:52:23 3 sec: 0 operations;
2025-04-21 14:52:24 4 sec: 0 operations;
2025-04-21 14:52:25 5 sec: 0 operations;
2025-04-21 14:52:26 6 sec: 0 operations;
2025-04-21 14:52:27 7 sec: 0 operations;
2025-04-21 14:52:28 8 sec: 0 operations;
2025-04-21 14:52:29 9 sec: 0 operations;
2025-04-21 14:52:30 10 sec: 0 operations;
2025-04-21 14:52:31 11 sec: 0 operations;
2025-04-21 14:52:32 12 sec: 0 operations;
2025-04-21 14:52:33 13 sec: 0 operations;
2025-04-21 14:52:34 14 sec: 0 operations;
2025-04-21 14:52:35 15 sec: 0 operations;
2025-04-21 14:52:36 16 sec: 0 operations;
2025-04-21 14:52:37 17 sec: 0 operations;
2025-04-21 14:52:38 18 sec: 0 operations;
2025-04-21 14:52:39 19 sec: 0 operations;
2025-04-21 14:52:40 20 sec: 0 operations;
2025-04-21 14:52:41 21 sec: 0 operations;
2025-04-21 14:52:42 22 sec: 0 operations;
2025-04-21 14:52:43 23 sec: 0 operations;
2025-04-21 14:52:44 24 sec: 0 operations;
2025-04-21 14:52:45 25 sec: 0 operations;
2025-04-21 14:52:46 26 sec: 0 operations;
2025-04-21 14:52:47 27 sec: 0 operations;
2025-04-21 14:52:48 28 sec: 0 operations;
2025-04-21 14:52:49 29 sec: 0 operations;
2025-04-21 14:52:50 30 sec: 0 operations;
2025-04-21 14:52:51 31 sec: 0 operations;
2025-04-21 14:52:52 32 sec: 0 operations;
2025-04-21 14:52:53 33 sec: 0 operations;
2025-04-21 14:52:54 34 sec: 0 operations;
2025-04-21 14:52:55 35 sec: 0 operations;
2025-04-21 14:52:56 36 sec: 0 operations;
2025-04-21 14:52:57 37 sec: 0 operations;
2025-04-21 14:52:58 38 sec: 0 operations;
2025-04-21 14:52:59 39 sec: 0 operations;
2025-04-21 14:53:00 40 sec: 0 operations;
2025-04-21 14:53:01 41 sec: 0 operations;
2025-04-21 14:53:02 42 sec: 0 operations;
2025-04-21 14:53:03 43 sec: 0 operations;
2025-04-21 14:53:04 44 sec: 0 operations;
2025-04-21 14:53:05 45 sec: 0 operations;
2025-04-21 14:53:06 46 sec: 0 operations;
2025-04-21 14:53:07 47 sec: 0 operations;
2025-04-21 14:53:08 48 sec: 0 operations;
2025-04-21 14:53:09 49 sec: 0 operations;
2025-04-21 14:53:10 50 sec: 0 operations;
2025-04-21 14:53:11 51 sec: 0 operations;
2025-04-21 14:53:12 52 sec: 0 operations;
2025-04-21 14:53:13 53 sec: 0 operations;
2025-04-21 14:53:14 54 sec: 0 operations;
2025-04-21 14:53:15 55 sec: 0 operations;
2025-04-21 14:53:16 56 sec: 0 operations;
2025-04-21 14:53:17 57 sec: 0 operations;
2025-04-21 14:53:18 58 sec: 0 operations;
2025-04-21 14:53:19 59 sec: 0 operations;
2025-04-21 14:53:20 60 sec: 0 operations;
2025-04-21 14:53:21 61 sec: 0 operations;
2025-04-21 14:53:22 62 sec: 0 operations;
2025-04-21 14:53:23 63 sec: 0 operations;
2025-04-21 14:53:24 64 sec: 0 operations;
2025-04-21 14:53:25 65 sec: 0 operations;
2025-04-21 14:53:26 66 sec: 0 operations;
2025-04-21 14:53:27 67 sec: 0 operations;
2025-04-21 14:53:28 68 sec: 0 operations;
2025-04-21 14:53:29 69 sec: 0 operations;
2025-04-21 14:53:30 70 sec: 0 operations;
2025-04-21 14:53:31 71 sec: 0 operations;
2025-04-21 14:53:32 72 sec: 0 operations;
2025-04-21 14:53:33 73 sec: 0 operations;
2025-04-21 14:53:34 74 sec: 0 operations;
2025-04-21 14:53:35 75 sec: 0 operations;
2025-04-21 14:53:36 76 sec: 0 operations;
2025-04-21 14:53:37 77 sec: 0 operations;
2025-04-21 14:53:38 78 sec: 0 operations;
2025-04-21 14:53:39 79 sec: 0 operations;
2025-04-21 14:53:40 80 sec: 0 operations;
2025-04-21 14:53:41 81 sec: 0 operations;
2025-04-21 14:53:42 82 sec: 0 operations;
2025-04-21 14:53:43 83 sec: 0 operations;
2025-04-21 14:53:44 84 sec: 0 operations;
2025-04-21 14:53:45 85 sec: 0 operations;
2025-04-21 14:53:46 86 sec: 0 operations;
2025-04-21 14:53:47 87 sec: 0 operations;
2025-04-21 14:53:48 88 sec: 0 operations;
2025-04-21 14:53:49 89 sec: 0 operations;
2025-04-21 14:53:50 90 sec: 0 operations;
2025-04-21 14:53:51 91 sec: 0 operations;
2025-04-21 14:53:52 92 sec: 0 operations;
2025-04-21 14:53:53 93 sec: 0 operations;
2025-04-21 14:53:54 94 sec: 0 operations;
2025-04-21 14:53:55 95 sec: 0 operations;
2025-04-21 14:53:56 96 sec: 0 operations;
2025-04-21 14:53:57 97 sec: 0 operations;
2025-04-21 14:53:58 98 sec: 0 operations;
2025-04-21 14:53:59 99 sec: 0 operations;
2025-04-21 14:54:00 100 sec: 0 operations;
2025-04-21 14:54:01 101 sec: 0 operations;
2025-04-21 14:54:02 102 sec: 0 operations;
2025-04-21 14:54:03 103 sec: 0 operations;
2025-04-21 14:54:04 104 sec: 0 operations;
2025-04-21 14:54:05 105 sec: 0 operations;
2025-04-21 14:54:06 106 sec: 0 operations;
2025-04-21 14:54:07 107 sec: 0 operations;
2025-04-21 14:54:08 108 sec: 0 operations;
2025-04-21 14:54:09 109 sec: 0 operations;
2025-04-21 14:54:10 110 sec: 0 operations;
2025-04-21 14:54:11 111 sec: 0 operations;
2025-04-21 14:54:12 112 sec: 0 operations;
2025-04-21 14:54:13 113 sec: 0 operations;
2025-04-21 14:54:14 114 sec: 0 operations;
2025-04-21 14:54:15 115 sec: 0 operations;
2025-04-21 14:54:16 116 sec: 0 operations;
2025-04-21 14:54:17 117 sec: 0 operations;
2025-04-21 14:54:18 118 sec: 0 operations;
2025-04-21 14:54:19 119 sec: 0 operations;
2025-04-21 14:54:20 120 sec: 0 operations;
2025-04-21 14:54:21 121 sec: 0 operations;
2025-04-21 14:54:22 122 sec: 16852 operations; [READ: Count=11221 Max=788.48 Min=3.69 Avg=53.22 10=16.99 25=22.34 50=28.77 75=96.51 90=107.71 95=114.30 99=169.60 99.9=390.65 99.99=751.10] [UPDATE: Count=5631 Max=2899.97 Min=8.51 Avg=19.61 10=12.38 25=13.43 50=15.31 75=17.61 90=20.02 95=21.70 99=31.20 99.9=1205.25 99.99=2316.29]
2025-04-21 14:54:23 123 sec: 40201 operations; [READ: Count=26827 Max=1191.93 Min=3.62 Avg=53.99 10=17.65 25=23.95 50=30.45 75=97.92 90=109.38 95=116.29 99=177.15 99.9=387.58 99.99=751.10] [UPDATE: Count=13374 Max=2899.97 Min=7.95 Avg=17.77 10=12.54 25=13.72 50=15.54 75=17.68 90=20.14 95=21.70 99=29.02 99.9=470.27 99.99=2316.29]
2025-04-21 14:54:24 124 sec: 62334 operations; [READ: Count=41549 Max=2316.29 Min=3.62 Avg=55.35 10=17.70 25=24.45 50=30.85 75=97.73 90=109.82 95=117.25 99=280.57 99.9=596.48 99.99=1052.67] [UPDATE: Count=20785 Max=2899.97 Min=7.95 Avg=17.58 10=12.68 25=13.86 50=15.65 75=17.76 90=20.22 95=21.79 99=28.48 99.9=363.52 99.99=2308.09]
2025-04-21 14:54:25 125 sec: 83528 operations; [READ: Count=55665 Max=2316.29 Min=2.66 Avg=56.78 10=17.65 25=24.59 50=31.01 75=97.02 90=109.95 95=118.33 99=347.65 99.9=707.58 99.99=1145.86] [UPDATE: Count=27863 Max=2899.97 Min=7.13 Avg=17.43 10=12.49 25=13.76 50=15.59 75=17.73 90=20.24 95=21.82 99=28.45 99.9=363.52 99.99=2308.09]
2025-04-21 14:54:26 126 sec: 106278 operations; [READ: Count=70877 Max=2316.29 Min=2.66 Avg=56.59 10=17.36 25=24.51 50=30.86 75=96.00 90=109.63 95=118.66 99=369.41 99.9=719.87 99.99=1089.54] [UPDATE: Count=35401 Max=5083.14 Min=7.13 Avg=17.40 10=12.29 25=13.68 50=15.52 75=17.68 90=20.21 95=21.76 99=28.14 99.9=336.64 99.99=2310.14]
2025-04-21 14:54:27 127 sec: 132812 operations; [READ: Count=88552 Max=2316.29 Min=2.58 Avg=54.72 10=17.18 25=24.51 50=30.91 75=94.59 90=108.93 95=117.31 99=341.50 99.9=699.90 99.99=1027.07] [UPDATE: Count=44260 Max=5083.14 Min=6.80 Avg=17.13 10=12.23 25=13.65 50=15.51 75=17.68 90=20.22 95=21.77 99=28.18 99.9=260.48 99.99=2310.14]
2025-04-21 14:54:28 128 sec: 161900 operations; [READ: Count=107941 Max=2316.29 Min=2.54 Avg=52.61 10=16.77 25=24.21 50=30.56 75=91.65 90=107.84 95=115.78 99=317.95 99.9=671.23 99.99=1006.59] [UPDATE: Count=53959 Max=5083.14 Min=6.61 Avg=16.72 10=11.88 25=13.38 50=15.28 75=17.45 90=20.06 95=21.66 99=27.95 99.9=238.34 99.99=2308.09]
2025-04-21 14:54:29 129 sec: 189289 operations; [READ: Count=126236 Max=2316.29 Min=2.32 Avg=51.71 10=16.38 25=23.86 50=30.19 75=85.89 90=107.14 95=115.33 99=328.45 99.9=691.20 99.99=1006.59] [UPDATE: Count=63053 Max=5083.14 Min=6.41 Avg=16.38 10=11.53 25=13.06 50=14.96 75=17.18 90=19.82 95=21.45 99=27.63 99.9=234.24 99.99=2308.09]
2025-04-21 14:54:30 130 sec: 219357 operations; [READ: Count=146260 Max=2316.29 Min=2.32 Avg=50.30 10=15.99 25=23.50 50=29.86 75=48.03 90=106.37 95=114.75 99=322.56 99.9=677.89 99.99=1006.59] [UPDATE: Count=73097 Max=5083.14 Min=6.37 Avg=16.19 10=11.30 25=12.81 50=14.70 75=16.98 90=19.61 95=21.33 99=27.58 99.9=234.24 99.99=2308.09]
2025-04-21 14:54:31 131 sec: 250579 operations; [READ: Count=167070 Max=2316.29 Min=2.32 Avg=48.97 10=15.65 25=23.18 50=29.54 75=44.93 90=105.47 95=113.92 99=312.83 99.9=671.74 99.99=999.42] [UPDATE: Count=83509 Max=5083.14 Min=6.37 Avg=16.01 10=11.18 25=12.63 50=14.52 75=16.85 90=19.45 95=21.23 99=27.52 99.9=240.51 99.99=2183.17]
2025-04-21 14:54:32 132 sec: 279158 operations; [READ: Count=186119 Max=2316.29 Min=2.32 Avg=48.42 10=15.34 25=22.98 50=29.39 75=44.06 90=105.02 95=113.73 99=310.01 99.9=661.50 99.99=996.86] [UPDATE: Count=93039 Max=5083.14 Min=6.37 Avg=15.98 10=11.10 25=12.51 50=14.38 75=16.72 90=19.31 95=21.12 99=27.63 99.9=301.06 99.99=2087.93]
2025-04-21 14:54:33 133 sec: 306104 operations; [READ: Count=204072 Max=2316.29 Min=2.32 Avg=48.30 10=15.09 25=22.85 50=29.42 75=44.09 90=104.70 95=114.05 99=304.64 99.9=647.68 99.99=994.30] [UPDATE: Count=102032 Max=5083.14 Min=6.37 Avg=15.91 10=11.04 25=12.43 50=14.26 75=16.62 90=19.18 95=21.02 99=27.61 99.9=308.22 99.99=2087.93]
2025-04-21 14:54:34 134 sec: 332117 operations; [READ: Count=221518 Max=2316.29 Min=2.32 Avg=48.32 10=14.85 25=22.75 50=29.44 75=43.74 90=104.45 95=114.30 99=310.53 99.9=664.06 99.99=1027.07] [UPDATE: Count=110599 Max=5083.14 Min=6.37 Avg=15.89 10=11.00 25=12.39 50=14.21 75=16.57 90=19.14 95=21.02 99=27.73 99.9=326.40 99.99=1944.58]
2025-04-21 14:54:35 135 sec: 360282 operations; [READ: Count=240339 Max=3022.85 Min=2.32 Avg=48.03 10=14.58 25=22.62 50=29.36 75=43.01 90=104.13 95=114.30 99=313.34 99.9=664.58 99.99=1089.54] [UPDATE: Count=119943 Max=5083.14 Min=6.37 Avg=15.83 10=10.94 25=12.32 50=14.13 75=16.51 90=19.04 95=20.91 99=27.71 99.9=331.26 99.99=1933.31]
2025-04-21 14:54:36 136 sec: 392628 operations; [READ: Count=261881 Max=3022.85 Min=2.32 Avg=47.21 10=14.26 25=22.45 50=29.20 75=42.05 90=103.42 95=113.66 99=304.89 99.9=654.85 99.99=1065.98] [UPDATE: Count=130747 Max=5083.14 Min=6.37 Avg=15.74 10=10.89 25=12.26 50=14.04 75=16.43 90=18.93 95=20.83 99=27.63 99.9=328.70 99.99=1915.90]
2025-04-21 14:54:37 137 sec: 425370 operations; [READ: Count=283703 Max=3022.85 Min=2.32 Avg=46.45 10=13.89 25=22.25 50=29.02 75=41.18 90=102.85 95=113.15 99=300.29 99.9=649.22 99.99=1056.77] [UPDATE: Count=141667 Max=5083.14 Min=6.34 Avg=15.69 10=10.82 25=12.19 50=13.97 75=16.34 90=18.83 95=20.77 99=27.70 99.9=333.06 99.99=1742.85]
2025-04-21 14:54:38 138 sec: 458302 operations; [READ: Count=305697 Max=3022.85 Min=2.32 Avg=45.72 10=13.60 25=22.16 50=28.96 75=40.67 90=102.21 95=112.51 99=290.81 99.9=640.00 99.99=1027.07] [UPDATE: Count=152605 Max=5083.14 Min=6.34 Avg=15.73 10=10.80 25=12.18 50=13.97 75=16.36 90=18.86 95=20.82 99=27.93 99.9=337.41 99.99=1742.85]
2025-04-21 14:54:39 139 sec: 492115 operations; [READ: Count=328276 Max=3022.85 Min=2.32 Avg=45.03 10=13.22 25=22.02 50=28.78 75=40.03 90=101.63 95=111.87 99=286.98 99.9=640.00 99.99=1065.98] [UPDATE: Count=163839 Max=5083.14 Min=6.34 Avg=15.69 10=10.74 25=12.13 50=13.90 75=16.30 90=18.80 95=20.77 99=28.11 99.9=337.41 99.99=1697.79]
2025-04-21 14:54:40 140 sec: 527097 operations; [READ: Count=351542 Max=3022.85 Min=2.32 Avg=44.33 10=12.75 25=21.86 50=28.64 75=39.49 90=100.99 95=111.23 99=279.81 99.9=633.34 99.99=1052.67] [UPDATE: Count=175555 Max=5083.14 Min=6.34 Avg=15.65 10=10.69 25=12.10 50=13.86 75=16.24 90=18.73 95=20.69 99=28.14 99.9=336.64 99.99=1544.19]
2025-04-21 14:54:41 141 sec: 561638 operations; [READ: Count=374592 Max=3022.85 Min=2.32 Avg=43.74 10=12.25 25=21.71 50=28.51 75=39.13 90=100.48 95=110.72 99=274.18 99.9=624.64 99.99=1028.10] [UPDATE: Count=187046 Max=5083.14 Min=6.34 Avg=15.62 10=10.63 25=12.06 50=13.81 75=16.19 90=18.66 95=20.62 99=28.21 99.9=337.15 99.99=1524.73]
2025-04-21 14:54:42 142 sec: 597850 operations; [READ: Count=398755 Max=3022.85 Min=2.32 Avg=43.10 10=11.44 25=21.44 50=28.25 75=38.62 90=99.84 95=110.27 99=270.59 99.9=619.52 99.99=1026.05] [UPDATE: Count=199095 Max=5083.14 Min=6.34 Avg=15.55 10=10.54 25=11.99 50=13.72 75=16.09 90=18.54 95=20.51 99=28.18 99.9=336.64 99.99=1524.73]
2025-04-21 14:54:43 143 sec: 636620 operations; [READ: Count=424571 Max=3022.85 Min=2.21 Avg=42.35 10=10.39 25=21.12 50=27.98 75=38.11 90=99.07 95=109.63 99=262.91 99.9=611.84 99.99=1007.62] [UPDATE: Count=212049 Max=5083.14 Min=6.31 Avg=15.46 10=10.42 25=11.91 50=13.62 75=15.99 90=18.43 95=20.38 99=28.05 99.9=337.15 99.99=1371.13]
2025-04-21 14:54:44 144 sec: 674604 operations; [READ: Count=449889 Max=3022.85 Min=2.21 Avg=41.73 10=9.49 25=20.83 50=27.71 75=37.66 90=98.43 95=109.12 99=260.10 99.9=604.67 99.99=1006.59] [UPDATE: Count=224715 Max=5083.14 Min=6.31 Avg=15.39 10=10.31 25=11.84 50=13.54 75=15.89 90=18.32 95=20.27 99=27.90 99.9=337.15 99.99=1371.13]
2025-04-21 14:54:45 145 sec: 711884 operations; [READ: Count=474758 Max=4280.32 Min=2.21 Avg=41.20 10=8.86 25=20.56 50=27.49 75=37.25 90=97.86 95=108.67 99=258.18 99.9=600.58 99.99=1006.59] [UPDATE: Count=237126 Max=5083.14 Min=6.31 Avg=15.33 10=10.21 25=11.78 50=13.47 75=15.81 90=18.22 95=20.16 99=27.77 99.9=337.92 99.99=1371.13]
2025-04-21 14:54:46 146 sec: 739023 operations; [READ: Count=492927 Max=29835.26 Min=2.21 Avg=41.08 10=8.48 25=20.38 50=27.39 75=37.12 90=97.60 95=108.48 99=257.54 99.9=595.97 99.99=1007.62] [UPDATE: Count=246096 Max=42336.25 Min=6.31 Avg=15.76 10=10.12 25=11.73 50=13.42 75=15.76 90=18.18 95=20.09 99=27.71 99.9=341.76 99.99=1557.50]
2025-04-21 14:54:47 147 sec: 758307 operations; [READ: Count=505775 Max=29835.26 Min=2.21 Avg=41.79 10=8.23 25=20.41 50=27.61 75=37.66 90=97.98 95=108.61 99=263.17 99.9=595.46 99.99=1004.54] [UPDATE: Count=252532 Max=42336.25 Min=6.31 Avg=15.69 10=9.98 25=11.64 50=13.36 75=15.70 90=18.11 95=20.05 99=27.71 99.9=340.74 99.99=1557.50]
2025-04-21 14:54:48 148 sec: 779690 operations; [READ: Count=519991 Max=29835.26 Min=2.21 Avg=42.32 10=7.98 25=20.41 50=27.86 75=38.21 90=97.98 95=108.35 99=262.91 99.9=592.38 99.99=1001.98] [UPDATE: Count=259699 Max=42336.25 Min=6.14 Avg=15.58 10=9.85 25=11.54 50=13.28 75=15.62 90=18.05 95=19.98 99=27.61 99.9=339.97 99.99=1544.19]
2025-04-21 14:54:49 149 sec: 801936 operations; [READ: Count=534807 Max=29835.26 Min=2.21 Avg=42.78 10=7.75 25=20.41 50=28.11 75=38.78 90=97.98 95=108.16 99=262.40 99.9=591.36 99.99=1001.98] [UPDATE: Count=267129 Max=42336.25 Min=6.14 Avg=15.47 10=9.73 25=11.43 50=13.21 75=15.54 90=17.98 95=19.92 99=27.60 99.9=340.22 99.99=1524.73]
2025-04-21 14:54:50 150 sec: 824343 operations; [READ: Count=549754 Max=29835.26 Min=2.21 Avg=43.21 10=7.54 25=20.40 50=28.35 75=39.33 90=97.86 95=107.97 99=263.42 99.9=595.97 99.99=1001.98] [UPDATE: Count=274589 Max=42336.25 Min=6.14 Avg=15.37 10=9.65 25=11.34 50=13.13 75=15.46 90=17.92 95=19.86 99=27.55 99.9=339.45 99.99=1524.73]
2025-04-21 14:54:51 151 sec: 848512 operations; [READ: Count=565911 Max=29835.26 Min=2.21 Avg=43.51 10=7.34 25=20.38 50=28.62 75=39.90 90=97.79 95=107.78 99=262.40 99.9=592.38 99.99=999.42] [UPDATE: Count=282601 Max=42336.25 Min=6.14 Avg=15.26 10=9.57 25=11.22 50=13.06 75=15.38 90=17.86 95=19.79 99=27.50 99.9=339.20 99.99=1472.51]
2025-04-21 14:54:52 152 sec: 873721 operations; [READ: Count=582707 Max=29835.26 Min=2.21 Avg=43.73 10=7.16 25=20.35 50=28.88 75=40.41 90=97.60 95=107.52 99=261.12 99.9=591.87 99.99=997.38] [UPDATE: Count=291014 Max=42336.25 Min=6.14 Avg=15.16 10=9.50 25=11.10 50=12.98 75=15.29 90=17.77 95=19.71 99=27.45 99.9=339.20 99.99=1371.13]
2025-04-21 14:54:53 153 sec: 899991 operations; [READ: Count=600271 Max=29835.26 Min=2.12 Avg=43.88 10=7.00 25=20.32 50=29.12 75=40.90 90=97.41 95=107.20 99=259.33 99.9=590.34 99.99=996.86] [UPDATE: Count=299720 Max=42336.25 Min=6.09 Avg=15.05 10=9.43 25=10.98 50=12.90 75=15.21 90=17.71 95=19.65 99=27.31 99.9=337.15 99.99=1287.17]
2025-04-21 14:54:54 154 sec: 927334 operations; [READ: Count=618534 Max=29835.26 Min=2.12 Avg=43.96 10=6.84 25=20.27 50=29.34 75=41.28 90=97.22 95=106.88 99=257.15 99.9=588.29 99.99=996.86] [UPDATE: Count=308800 Max=42336.25 Min=6.09 Avg=14.96 10=9.37 25=10.86 50=12.82 75=15.13 90=17.65 95=19.58 99=27.30 99.9=335.10 99.99=1275.90]
2025-04-21 14:54:55 155 sec: 953624 operations; [READ: Count=636059 Max=61538.30 Min=2.12 Avg=44.09 10=6.71 25=20.22 50=29.54 75=41.53 90=97.02 95=106.62 99=256.51 99.9=588.80 99.99=994.30] [UPDATE: Count=317565 Max=42336.25 Min=6.09 Avg=14.87 10=9.31 25=10.76 50=12.75 75=15.04 90=17.58 95=19.52 99=27.31 99.9=333.31 99.99=1205.25]
2025-04-21 14:54:56 156 sec: 980473 operations; [READ: Count=653911 Max=63340.54 Min=2.12 Avg=44.16 10=6.58 25=20.16 50=29.71 75=41.66 90=96.77 95=106.37 99=254.59 99.9=586.75 99.99=996.86] [UPDATE: Count=326562 Max=42336.25 Min=6.09 Avg=14.82 10=9.26 25=10.66 50=12.68 75=14.96 90=17.52 95=19.45 99=27.21 99.9=333.82 99.99=1287.17]
2025-04-21 14:54:57 157 sec: 1011377 operations; [READ: Count=674507 Max=63340.54 Min=2.12 Avg=44.03 10=6.45 25=20.05 50=29.86 75=41.63 90=96.51 95=105.98 99=251.65 99.9=584.19 99.99=996.86] [UPDATE: Count=336870 Max=42336.25 Min=6.09 Avg=14.72 10=9.19 25=10.56 50=12.60 75=14.86 90=17.45 95=19.39 99=27.15 99.9=331.26 99.99=1287.17]
2025-04-21 14:54:58 158 sec: 1044107 operations; [READ: Count=696312 Max=63340.54 Min=2.12 Avg=43.83 10=6.30 25=19.92 50=29.98 75=41.47 90=96.25 95=105.53 99=247.55 99.9=579.58 99.99=987.13] [UPDATE: Count=347795 Max=42336.25 Min=6.09 Avg=14.61 10=9.12 25=10.46 50=12.51 75=14.77 90=17.38 95=19.30 99=26.99 99.9=330.50 99.99=1275.90]
2025-04-21 14:54:59 159 sec: 1077498 operations; [READ: Count=718535 Max=63340.54 Min=2.12 Avg=43.58 10=6.19 25=19.76 50=30.08 75=41.18 90=95.94 95=105.15 99=243.07 99.9=575.49 99.99=980.99] [UPDATE: Count=358963 Max=42336.25 Min=5.98 Avg=14.51 10=9.05 25=10.37 50=12.43 75=14.67 90=17.31 95=19.23 99=26.89 99.9=329.73 99.99=1205.25]
2025-04-21 14:55:00 160 sec: 1111316 operations; [READ: Count=741160 Max=63340.54 Min=2.05 Avg=43.33 10=6.09 25=19.58 50=30.18 75=40.77 90=95.61 95=104.83 99=240.25 99.9=573.44 99.99=969.22] [UPDATE: Count=370156 Max=42336.25 Min=5.98 Avg=14.47 10=8.97 25=10.29 50=12.36 75=14.57 90=17.23 95=19.15 99=26.93 99.9=335.10 99.99=1205.25]
2025-04-21 14:55:01 161 sec: 1137405 operations; [READ: Count=758576 Max=63340.54 Min=2.05 Avg=43.11 10=6.03 25=19.42 50=30.24 75=40.41 90=95.42 95=104.51 99=236.67 99.9=570.88 99.99=961.02] [UPDATE: Count=378829 Max=42336.25 Min=5.98 Avg=15.13 10=8.95 25=10.26 50=12.32 75=14.54 90=17.23 95=19.20 99=28.86 99.9=427.01 99.99=2105.34]
2025-04-21 14:55:02 162 sec: 1163718 operations; [READ: Count=776046 Max=63340.54 Min=2.05 Avg=42.87 10=5.98 25=19.25 50=30.32 75=40.03 90=95.23 95=104.25 99=232.57 99.9=567.29 99.99=954.37] [UPDATE: Count=387672 Max=42336.25 Min=5.98 Avg=15.79 10=8.92 25=10.24 50=12.28 75=14.49 90=17.21 95=19.25 99=32.96 99.9=489.21 99.99=2390.01]
2025-04-21 14:55:03 163 sec: 1192589 operations; [READ: Count=795340 Max=63340.54 Min=2.05 Avg=42.58 10=5.93 25=19.02 50=30.38 75=39.55 90=94.97 95=103.94 99=227.20 99.9=563.71 99.99=945.15] [UPDATE: Count=397249 Max=42336.25 Min=5.98 Avg=16.36 10=8.88 25=10.20 50=12.23 75=14.45 90=17.20 95=19.30 99=87.55 99.9=530.94 99.99=2478.08]
2025-04-21 14:55:04 164 sec: 1220841 operations; [READ: Count=814148 Max=63340.54 Min=2.05 Avg=42.30 10=5.88 25=18.80 50=30.45 75=39.17 90=94.72 95=103.61 99=221.82 99.9=559.62 99.99=944.13] [UPDATE: Count=406693 Max=42336.25 Min=5.98 Avg=16.96 10=8.85 25=10.18 50=12.19 75=14.41 90=17.20 95=19.34 99=160.38 99.9=594.43 99.99=2551.81]
2025-04-21 14:55:05 165 sec: 1248254 operations; [READ: Count=832468 Max=63340.54 Min=2.05 Avg=42.06 10=5.84 25=18.54 50=30.50 75=38.81 90=94.53 95=103.36 99=218.88 99.9=558.08 99.99=944.13] [UPDATE: Count=415786 Max=42336.25 Min=5.98 Avg=17.55 10=8.81 25=10.14 50=12.15 75=14.38 90=17.18 95=19.39 99=185.85 99.9=657.92 99.99=2598.91]
2025-04-21 14:55:06 166 sec: 1274712 operations; [READ: Count=850169 Max=63340.54 Min=2.05 Avg=41.82 10=5.81 25=18.27 50=30.54 75=38.56 90=94.40 95=103.17 99=215.55 99.9=554.50 99.99=938.50] [UPDATE: Count=424543 Max=42336.25 Min=5.98 Avg=18.22 10=8.79 25=10.13 50=12.12 75=14.34 90=17.18 95=19.45 99=215.68 99.9=723.46 99.99=2613.25]
2025-04-21 14:55:07 167 sec: 1314045 operations; [READ: Count=876366 Max=63340.54 Min=2.05 Avg=41.45 10=5.75 25=17.81 50=30.61 75=38.34 90=94.08 95=102.85 99=206.72 99.9=549.89 99.99=926.21] [UPDATE: Count=437679 Max=42336.25 Min=5.98 Avg=18.09 10=8.74 25=10.10 50=12.06 75=14.28 90=17.12 95=19.38 99=212.22 99.9=713.73 99.99=2598.91]
2025-04-21 14:55:08 168 sec: 1353937 operations; [READ: Count=903036 Max=63340.54 Min=2.05 Avg=41.11 10=5.69 25=17.30 50=30.67 75=38.17 90=93.82 95=102.53 99=200.45 99.9=546.30 99.99=922.62] [UPDATE: Count=450901 Max=42336.25 Min=5.98 Avg=17.94 10=8.70 25=10.05 50=12.01 75=14.21 90=17.05 95=19.30 99=208.90 99.9=705.53 99.99=2586.62]
2025-04-21 14:55:09 169 sec: 1396425 operations; [READ: Count=931360 Max=63340.54 Min=1.78 Avg=40.71 10=5.69 25=16.72 50=30.73 75=37.73 90=93.57 95=102.14 99=195.84 99.9=541.18 99.99=918.53] [UPDATE: Count=465065 Max=42336.25 Min=5.88 Avg=17.78 10=8.64 25=10.02 50=11.94 75=14.15 90=16.99 95=19.21 99=206.59 99.9=697.34 99.99=2560.00]
2025-04-21 14:55:10 170 sec: 1439434 operations; [READ: Count=960075 Max=63340.54 Min=1.78 Avg=40.30 10=5.70 25=16.15 50=30.78 75=37.38 90=93.25 95=101.82 99=191.10 99.9=537.60 99.99=904.70] [UPDATE: Count=479359 Max=42336.25 Min=5.88 Avg=17.63 10=8.59 25=9.98 50=11.89 75=14.10 90=16.93 95=19.15 99=204.41 99.9=687.10 99.99=2557.95]
2025-04-21 14:55:11 171 sec: 1483592 operations; [READ: Count=989566 Max=63340.54 Min=1.78 Avg=39.89 10=5.70 25=15.59 50=30.83 75=37.05 90=92.93 95=101.50 99=187.26 99.9=531.97 99.99=901.63] [UPDATE: Count=494026 Max=42336.25 Min=5.88 Avg=17.49 10=8.55 25=9.96 50=11.84 75=14.04 90=16.86 95=19.07 99=202.11 99.9=673.79 99.99=2551.81]
2025-04-21 14:55:12 172 sec: 1499216 operations; [READ: Count=1000000 Max=63340.54 Min=1.78 Avg=39.74 10=5.70 25=15.37 50=30.85 75=36.93 90=92.86 95=101.38 99=186.24 99.9=530.43 99.99=901.63] [UPDATE: Count=499216 Max=42336.25 Min=5.88 Avg=17.43 10=8.54 25=9.95 50=11.82 75=14.02 90=16.85 95=19.04 99=200.57 99.9=671.74 99.99=2551.81]
2025-04-21 14:55:12 172 sec: 1499216 operations; [READ: Count=1000000 Max=63340.54 Min=1.78 Avg=39.74 10=5.70 25=15.37 50=30.85 75=36.93 90=92.86 95=101.38 99=186.24 99.9=530.43 99.99=901.63] [UPDATE: Count=499216 Max=42336.25 Min=5.88 Avg=17.43 10=8.54 25=9.95 50=11.82 75=14.02 90=16.85 95=19.04 99=200.57 99.9=671.74 99.99=2551.81]
Run runtime(sec): 172.592
Run operations(ops): 1000000
Run throughput(ops/sec): 5794.02
