Running scope as unit: run-r0719877934da43b1a21d02999425dd22.scope
load file:/home/user/DataFiles/silesia_data/silesia.tar
2025-04-22 18:50:17 0 sec: 0 operations;
2025-04-22 18:50:18 1 sec: 64893 operations; [INSERT: Count=64893 Max=2375.68 Min=4.49 Avg=11.86 10=7.29 25=8.49 50=10.55 75=14.18 90=17.55 95=19.61 99=24.80 99.9=60.32 99.99=167.81]
2025-04-22 18:50:19 2 sec: 129368 operations; [INSERT: Count=129368 Max=2375.68 Min=4.49 Avg=12.06 10=7.51 25=8.75 50=10.84 75=14.42 90=17.81 95=19.82 99=24.48 99.9=56.00 99.99=164.99]
2025-04-22 18:50:20 3 sec: 193058 operations; [INSERT: Count=193058 Max=2375.68 Min=4.49 Avg=12.19 10=7.64 25=8.89 50=11.01 75=14.55 90=17.95 95=20.00 99=24.50 99.9=53.09 99.99=164.99]
2025-04-22 18:50:21 4 sec: 254172 operations; [INSERT: Count=254172 Max=15917.06 Min=4.49 Avg=12.41 10=7.72 25=8.98 50=11.10 75=14.60 90=18.00 95=20.06 99=24.66 99.9=48.93 99.99=169.09]
2025-04-22 18:50:22 5 sec: 317392 operations; [INSERT: Count=317392 Max=15917.06 Min=4.49 Avg=12.44 10=7.79 25=9.06 50=11.18 75=14.65 90=18.05 95=20.09 99=24.64 99.9=47.33 99.99=168.06]
2025-04-22 18:50:23 6 sec: 379745 operations; [INSERT: Count=379745 Max=15917.06 Min=4.49 Avg=12.50 10=7.86 25=9.14 50=11.27 75=14.73 90=18.11 95=20.16 99=24.67 99.9=46.46 99.99=167.68]
2025-04-22 18:50:24 7 sec: 441574 operations; [INSERT: Count=441574 Max=15917.06 Min=4.49 Avg=12.55 10=7.93 25=9.22 50=11.35 75=14.81 90=18.19 95=20.22 99=24.77 99.9=45.50 99.99=168.06]
2025-04-22 18:50:25 8 sec: 501664 operations; [INSERT: Count=501664 Max=15917.06 Min=4.49 Avg=12.64 10=7.93 25=9.23 50=11.41 75=14.94 90=18.38 95=20.50 99=25.30 99.9=45.09 99.99=175.36]
2025-04-22 18:50:26 9 sec: 557591 operations; [INSERT: Count=557591 Max=15917.06 Min=4.49 Avg=12.81 10=7.99 25=9.33 50=11.56 75=15.15 90=18.70 95=20.93 99=26.05 99.9=44.90 99.99=196.48]
2025-04-22 18:50:27 10 sec: 615565 operations; [INSERT: Count=615565 Max=15917.06 Min=4.49 Avg=12.92 10=8.05 25=9.39 50=11.65 75=15.29 90=18.89 95=21.17 99=26.35 99.9=44.45 99.99=206.97]
2025-04-22 18:50:28 11 sec: 672550 operations; [INSERT: Count=672550 Max=15917.06 Min=4.49 Avg=13.02 10=8.10 25=9.46 50=11.75 75=15.41 90=19.05 95=21.38 99=26.73 99.9=48.58 99.99=213.76]
2025-04-22 18:50:29 12 sec: 729870 operations; [INSERT: Count=729870 Max=15917.06 Min=4.49 Avg=13.11 10=8.15 25=9.54 50=11.84 75=15.51 90=19.18 95=21.50 99=26.88 99.9=48.41 99.99=214.01]
2025-04-22 18:50:30 13 sec: 786154 operations; [INSERT: Count=786154 Max=15917.06 Min=4.49 Avg=13.20 10=8.20 25=9.59 50=11.91 75=15.58 90=19.26 95=21.58 99=27.05 99.9=107.84 99.99=218.88]
2025-04-22 18:50:31 14 sec: 842082 operations; [INSERT: Count=842082 Max=15917.06 Min=4.49 Avg=13.29 10=8.25 25=9.65 50=11.98 75=15.65 90=19.33 95=21.65 99=27.17 99.9=119.23 99.99=222.59]
2025-04-22 18:50:32 15 sec: 898267 operations; [INSERT: Count=898267 Max=15917.06 Min=4.49 Avg=13.36 10=8.29 25=9.70 50=12.04 75=15.70 90=19.36 95=21.70 99=27.30 99.9=123.39 99.99=224.38]
2025-04-22 18:50:33 16 sec: 952669 operations; [INSERT: Count=952669 Max=15917.06 Min=4.49 Avg=13.45 10=8.28 25=9.70 50=12.05 75=15.73 90=19.45 95=21.86 99=28.02 99.9=127.87 99.99=237.82]
2025-04-22 18:50:34 17 sec: 1000000 operations; [INSERT: Count=1000000 Max=15917.06 Min=4.49 Avg=13.53 10=8.26 25=9.68 50=12.03 75=15.74 90=19.52 95=21.98 99=29.20 99.9=130.24 99.99=247.81]
2025-04-22 18:50:35 18 sec: 1000000 operations; [INSERT: Count=1000000 Max=15917.06 Min=4.49 Avg=13.53 10=8.26 25=9.68 50=12.03 75=15.74 90=19.52 95=21.98 99=29.20 99.9=130.24 99.99=247.81]
2025-04-22 18:50:36 19 sec: 1000000 operations; [INSERT: Count=1000000 Max=15917.06 Min=4.49 Avg=13.53 10=8.26 25=9.68 50=12.03 75=15.74 90=19.52 95=21.98 99=29.20 99.9=130.24 99.99=247.81]
2025-04-22 18:50:37 20 sec: 1000000 operations; [INSERT: Count=1000000 Max=15917.06 Min=4.49 Avg=13.53 10=8.26 25=9.68 50=12.03 75=15.74 90=19.52 95=21.98 99=29.20 99.9=130.24 99.99=247.81]
2025-04-22 18:50:38 20 sec: 1000000 operations; [INSERT: Count=1000000 Max=15917.06 Min=4.49 Avg=13.53 10=8.26 25=9.68 50=12.03 75=15.74 90=19.52 95=21.98 99=29.20 99.9=130.24 99.99=247.81]
Load runtime(sec): 20.7458
Load operations(ops): 1000000
Load throughput(ops/sec): 48202.5
