Running scope as unit: run-r9bcbe56f837f46a89c32cf2bba8623dd.scope
load file:/home/user/DataFiles/silesia_data/silesia.tar
2025-04-23 03:20:33 0 sec: 0 operations;
2025-04-23 03:20:34 1 sec: 0 operations;
2025-04-23 03:20:35 2 sec: 0 operations;
2025-04-23 03:20:36 3 sec: 0 operations;
2025-04-23 03:20:37 4 sec: 0 operations;
2025-04-23 03:20:38 5 sec: 0 operations;
2025-04-23 03:20:39 6 sec: 0 operations;
2025-04-23 03:20:40 7 sec: 0 operations;
2025-04-23 03:20:41 8 sec: 0 operations;
2025-04-23 03:20:42 9 sec: 0 operations;
2025-04-23 03:20:43 10 sec: 0 operations;
2025-04-23 03:20:44 11 sec: 0 operations;
2025-04-23 03:20:45 12 sec: 0 operations;
2025-04-23 03:20:46 13 sec: 0 operations;
2025-04-23 03:20:47 14 sec: 0 operations;
2025-04-23 03:20:48 15 sec: 0 operations;
2025-04-23 03:20:49 16 sec: 0 operations;
2025-04-23 03:20:50 17 sec: 0 operations;
2025-04-23 03:20:51 18 sec: 0 operations;
2025-04-23 03:20:52 19 sec: 0 operations;
2025-04-23 03:20:53 20 sec: 0 operations;
2025-04-23 03:20:54 21 sec: 0 operations;
2025-04-23 03:20:55 22 sec: 0 operations;
2025-04-23 03:20:56 23 sec: 0 operations;
2025-04-23 03:20:57 24 sec: 3301 operations; [READ: Count=1621 Max=508.16 Min=5.02 Avg=100.90 10=51.33 25=74.17 50=98.43 75=126.85 90=148.99 95=165.63 99=204.29 99.9=317.44 99.99=508.16] [UPDATE: Count=1680 Max=1471.49 Min=8.80 Avg=111.53 10=59.13 25=79.87 50=104.96 75=132.22 90=155.78 95=173.69 99=232.45 99.9=1119.23 99.99=1471.49]
2025-04-23 03:20:58 25 sec: 12722 operations; [READ: Count=6261 Max=508.16 Min=2.65 Avg=101.70 10=47.55 25=75.39 50=100.54 75=129.79 90=151.94 95=167.04 99=198.53 99.9=248.19 99.99=428.03] [UPDATE: Count=6461 Max=1471.49 Min=8.02 Avg=109.30 10=54.88 25=82.43 50=106.75 75=135.55 90=158.59 95=174.59 99=209.79 99.9=664.58 99.99=1375.23]
2025-04-23 03:20:59 26 sec: 22148 operations; [READ: Count=10967 Max=508.16 Min=2.65 Avg=101.68 10=47.23 25=75.52 50=101.06 75=129.79 90=152.83 95=167.29 99=197.12 99.9=235.01 99.99=428.03] [UPDATE: Count=11181 Max=1471.49 Min=7.66 Avg=109.06 10=53.92 25=82.37 50=107.26 75=136.57 90=160.00 95=175.62 99=209.79 99.9=454.91 99.99=1375.23]
2025-04-23 03:21:00 27 sec: 31509 operations; [READ: Count=15645 Max=508.16 Min=2.65 Avg=101.71 10=47.17 25=75.90 50=100.93 75=130.24 90=152.96 95=167.42 99=197.12 99.9=235.01 99.99=351.74] [UPDATE: Count=15864 Max=2269.18 Min=7.66 Avg=109.37 10=53.66 25=81.92 50=107.07 75=136.83 90=160.64 95=175.87 99=211.58 99.9=460.54 99.99=1661.95]
2025-04-23 03:21:01 28 sec: 40820 operations; [READ: Count=20208 Max=508.16 Min=2.59 Avg=101.66 10=46.85 25=75.71 50=100.86 75=130.43 90=153.47 95=167.68 99=197.38 99.9=238.46 99.99=351.74] [UPDATE: Count=20612 Max=17793.02 Min=7.18 Avg=109.84 10=53.15 25=81.73 50=107.20 75=136.96 90=160.64 95=176.00 99=211.58 99.9=386.05 99.99=2067.45]
2025-04-23 03:21:02 29 sec: 50374 operations; [READ: Count=24928 Max=508.16 Min=2.59 Avg=101.40 10=46.21 25=75.14 50=100.61 75=130.56 90=154.24 95=168.45 99=198.01 99.9=237.57 99.99=351.74] [UPDATE: Count=25446 Max=17793.02 Min=7.18 Avg=109.32 10=52.86 25=81.47 50=107.07 75=137.09 90=160.64 95=175.74 99=210.94 99.9=359.94 99.99=1661.95]
2025-04-23 03:21:03 30 sec: 59938 operations; [READ: Count=29713 Max=508.16 Min=2.50 Avg=101.07 10=45.89 25=74.62 50=100.09 75=130.50 90=154.11 95=168.83 99=198.01 99.9=237.82 99.99=351.74] [UPDATE: Count=30225 Max=17793.02 Min=7.18 Avg=109.12 10=52.41 25=81.41 50=107.07 75=137.22 90=160.77 95=176.00 99=210.81 99.9=359.94 99.99=2067.45]
2025-04-23 03:21:04 31 sec: 69636 operations; [READ: Count=34566 Max=508.16 Min=2.50 Avg=100.87 10=45.47 25=74.37 50=99.97 75=130.43 90=154.11 95=168.83 99=198.27 99.9=236.67 99.99=351.74] [UPDATE: Count=35070 Max=17793.02 Min=7.18 Avg=108.54 10=51.84 25=80.83 50=106.81 75=136.96 90=160.77 95=175.74 99=210.56 99.9=335.10 99.99=1661.95]
2025-04-23 03:21:05 32 sec: 79293 operations; [READ: Count=39366 Max=508.16 Min=2.50 Avg=100.66 10=44.99 25=74.17 50=99.97 75=130.37 90=154.11 95=168.70 99=198.01 99.9=236.41 99.99=351.74] [UPDATE: Count=39927 Max=17793.02 Min=7.18 Avg=108.25 10=51.49 25=80.38 50=106.69 75=137.22 90=160.77 95=175.87 99=209.66 99.9=330.75 99.99=1661.95]
2025-04-23 03:21:06 33 sec: 89026 operations; [READ: Count=44240 Max=508.16 Min=2.50 Avg=100.36 10=44.61 25=73.92 50=99.84 75=130.37 90=153.98 95=168.32 99=198.01 99.9=235.13 99.99=351.74] [UPDATE: Count=44786 Max=17793.02 Min=7.18 Avg=107.97 10=51.10 25=80.13 50=106.62 75=137.09 90=160.77 95=175.74 99=209.79 99.9=328.70 99.99=1764.35]
2025-04-23 03:21:07 34 sec: 98684 operations; [READ: Count=49002 Max=508.16 Min=2.48 Avg=100.13 10=44.26 25=73.53 50=99.65 75=130.43 90=153.85 95=168.32 99=197.76 99.9=235.01 99.99=342.27] [UPDATE: Count=49682 Max=17793.02 Min=7.18 Avg=107.90 10=50.81 25=80.06 50=106.62 75=137.22 90=160.90 95=175.74 99=210.05 99.9=315.90 99.99=1764.35]
2025-04-23 03:21:08 35 sec: 108400 operations; [READ: Count=53896 Max=508.16 Min=2.48 Avg=100.03 10=44.00 25=73.22 50=99.71 75=130.50 90=153.98 95=168.45 99=198.14 99.9=235.01 99.99=342.27] [UPDATE: Count=54504 Max=17793.02 Min=7.18 Avg=107.67 10=50.53 25=79.68 50=106.37 75=137.09 90=160.77 95=175.87 99=209.66 99.9=328.70 99.99=2067.45]
2025-04-23 03:21:09 36 sec: 118135 operations; [READ: Count=58789 Max=508.16 Min=2.48 Avg=99.83 10=43.58 25=72.96 50=99.52 75=130.50 90=153.98 95=168.45 99=198.14 99.9=234.75 99.99=336.64] [UPDATE: Count=59346 Max=17793.02 Min=7.18 Avg=107.53 10=50.27 25=79.42 50=106.37 75=136.96 90=160.77 95=176.00 99=209.53 99.9=330.75 99.99=2065.41]
2025-04-23 03:21:10 37 sec: 127997 operations; [READ: Count=63769 Max=508.16 Min=2.48 Avg=99.55 10=42.91 25=72.51 50=99.45 75=130.37 90=153.85 95=168.32 99=198.27 99.9=235.13 99.99=336.64] [UPDATE: Count=64228 Max=17793.02 Min=7.18 Avg=107.33 10=50.05 25=79.17 50=106.37 75=136.96 90=160.77 95=175.87 99=209.41 99.9=324.35 99.99=2065.41]
2025-04-23 03:21:11 38 sec: 137840 operations; [READ: Count=68732 Max=508.16 Min=2.48 Avg=99.25 10=42.37 25=72.00 50=99.20 75=130.24 90=153.85 95=168.32 99=198.14 99.9=235.01 99.99=323.33] [UPDATE: Count=69108 Max=17793.02 Min=7.02 Avg=107.24 10=49.66 25=78.78 50=106.30 75=136.96 90=160.77 95=175.87 99=209.41 99.9=330.50 99.99=2067.45]
2025-04-23 03:21:12 39 sec: 147773 operations; [READ: Count=73728 Max=508.16 Min=2.48 Avg=99.04 10=41.95 25=71.68 50=99.14 75=130.18 90=153.73 95=168.32 99=198.14 99.9=234.75 99.99=323.33] [UPDATE: Count=74045 Max=17793.02 Min=7.02 Avg=106.99 10=49.22 25=78.40 50=106.17 75=136.96 90=160.90 95=175.87 99=209.15 99.9=316.16 99.99=2067.45]
2025-04-23 03:21:13 40 sec: 157685 operations; [READ: Count=78622 Max=508.16 Min=2.48 Avg=98.85 10=41.53 25=71.42 50=99.01 75=130.11 90=153.85 95=168.32 99=198.14 99.9=235.01 99.99=336.64] [UPDATE: Count=79063 Max=17793.02 Min=7.02 Avg=106.80 10=48.83 25=78.14 50=106.17 75=136.96 90=160.90 95=175.87 99=209.15 99.9=315.90 99.99=2065.41]
2025-04-23 03:21:14 41 sec: 167661 operations; [READ: Count=83591 Max=508.16 Min=2.48 Avg=98.62 10=41.05 25=71.04 50=98.88 75=130.05 90=153.85 95=168.32 99=198.40 99.9=235.01 99.99=336.64] [UPDATE: Count=84070 Max=17793.02 Min=7.02 Avg=106.60 10=48.48 25=77.89 50=106.11 75=136.96 90=160.90 95=176.00 99=209.41 99.9=315.13 99.99=2065.41]
2025-04-23 03:21:15 42 sec: 177791 operations; [READ: Count=88609 Max=508.16 Min=2.48 Avg=98.41 10=40.64 25=70.66 50=98.75 75=130.05 90=153.73 95=168.32 99=198.40 99.9=235.01 99.99=323.33] [UPDATE: Count=89182 Max=17793.02 Min=7.02 Avg=106.27 10=47.97 25=77.50 50=105.92 75=136.83 90=160.77 95=175.74 99=209.15 99.9=310.78 99.99=1801.21]
2025-04-23 03:21:16 43 sec: 187880 operations; [READ: Count=93632 Max=508.16 Min=2.48 Avg=98.18 10=40.22 25=70.27 50=98.62 75=129.92 90=153.60 95=168.32 99=198.27 99.9=235.01 99.99=323.33] [UPDATE: Count=94248 Max=17793.02 Min=7.02 Avg=106.06 10=47.49 25=77.25 50=105.92 75=136.70 90=160.77 95=175.74 99=208.90 99.9=311.55 99.99=1801.21]
2025-04-23 03:21:17 44 sec: 197984 operations; [READ: Count=98706 Max=508.16 Min=2.48 Avg=97.94 10=39.81 25=69.89 50=98.50 75=129.79 90=153.60 95=168.19 99=198.14 99.9=235.01 99.99=317.44] [UPDATE: Count=99278 Max=17793.02 Min=7.02 Avg=105.89 10=47.04 25=76.86 50=105.79 75=136.70 90=160.77 95=175.87 99=209.15 99.9=310.78 99.99=1801.21]
2025-04-23 03:21:18 45 sec: 208119 operations; [READ: Count=103727 Max=508.16 Min=2.48 Avg=97.74 10=39.42 25=69.50 50=98.37 75=129.66 90=153.60 95=168.32 99=198.40 99.9=235.01 99.99=323.33] [UPDATE: Count=104392 Max=17793.02 Min=7.02 Avg=105.68 10=46.53 25=76.61 50=105.66 75=136.70 90=160.77 95=175.74 99=208.90 99.9=309.76 99.99=1801.21]
2025-04-23 03:21:19 46 sec: 218332 operations; [READ: Count=108807 Max=508.16 Min=2.48 Avg=97.52 10=38.85 25=69.12 50=98.24 75=129.60 90=153.60 95=168.32 99=198.27 99.9=234.75 99.99=323.33] [UPDATE: Count=109525 Max=17793.02 Min=7.02 Avg=105.46 10=45.98 25=76.29 50=105.53 75=136.70 90=160.77 95=175.87 99=208.90 99.9=308.74 99.99=1764.35]
2025-04-23 03:21:20 47 sec: 228612 operations; [READ: Count=113952 Max=508.16 Min=2.48 Avg=97.28 10=38.34 25=68.73 50=98.05 75=129.53 90=153.47 95=168.19 99=198.14 99.9=234.24 99.99=323.33] [UPDATE: Count=114660 Max=17793.02 Min=7.02 Avg=105.25 10=45.44 25=75.84 50=105.47 75=136.70 90=160.77 95=176.00 99=208.90 99.9=307.45 99.99=1764.35]
2025-04-23 03:21:21 48 sec: 239413 operations; [READ: Count=119305 Max=508.16 Min=2.48 Avg=96.85 10=37.70 25=68.22 50=97.66 75=129.15 90=153.09 95=167.94 99=198.14 99.9=234.24 99.99=320.00] [UPDATE: Count=120108 Max=17793.02 Min=6.99 Avg=104.81 10=44.83 25=75.33 50=105.09 75=136.32 90=160.51 95=175.62 99=208.64 99.9=306.18 99.99=1661.95]
2025-04-23 03:21:22 49 sec: 252362 operations; [READ: Count=125855 Max=2557.95 Min=2.48 Avg=95.52 10=36.41 25=65.79 50=95.81 75=127.61 90=152.19 95=167.04 99=197.50 99.9=236.67 99.99=486.65] [UPDATE: Count=126507 Max=17793.02 Min=6.99 Avg=103.63 10=43.52 25=72.89 50=103.23 75=134.91 90=159.74 95=174.97 99=208.77 99.9=315.39 99.99=2067.45]
2025-04-23 03:21:23 50 sec: 277462 operations; [READ: Count=138358 Max=2557.95 Min=2.42 Avg=90.12 10=31.60 25=53.09 50=91.65 75=124.16 90=150.14 95=165.12 99=196.09 99.9=235.13 99.99=486.65] [UPDATE: Count=139104 Max=17793.02 Min=6.99 Avg=98.09 10=37.53 25=60.32 50=98.88 75=131.33 90=157.69 95=172.93 99=207.10 99.9=311.04 99.99=2065.41]
2025-04-23 03:21:24 51 sec: 306098 operations; [READ: Count=152761 Max=2557.95 Min=2.23 Avg=84.52 10=30.50 25=38.75 50=86.53 75=120.32 90=147.84 95=162.94 99=194.56 99.9=233.85 99.99=428.03] [UPDATE: Count=153337 Max=17793.02 Min=6.99 Avg=92.47 10=36.19 25=46.43 50=93.82 75=127.55 90=155.39 95=170.88 99=205.31 99.9=307.45 99.99=1801.21]
2025-04-23 03:21:25 52 sec: 335049 operations; [READ: Count=167456 Max=2557.95 Min=2.23 Avg=79.78 10=29.05 25=34.62 50=80.25 75=116.35 90=145.66 95=161.02 99=192.90 99.9=232.45 99.99=382.98] [UPDATE: Count=167593 Max=17793.02 Min=6.99 Avg=87.77 10=34.78 25=41.79 50=87.74 75=123.84 90=153.34 95=168.96 99=203.65 99.9=298.50 99.99=1721.34]
2025-04-23 03:21:26 53 sec: 364241 operations; [READ: Count=182041 Max=2557.95 Min=2.23 Avg=75.79 10=12.74 25=33.85 50=72.58 75=112.25 90=143.49 95=159.36 99=191.49 99.9=231.55 99.99=374.01] [UPDATE: Count=182200 Max=17793.02 Min=6.99 Avg=83.69 10=20.93 25=40.54 50=80.32 75=119.87 90=151.04 95=167.17 99=201.60 99.9=288.51 99.99=1661.95]
2025-04-23 03:21:27 54 sec: 393467 operations; [READ: Count=196616 Max=2557.95 Min=2.23 Avg=72.40 10=10.07 25=33.47 50=63.33 75=108.61 90=141.44 95=157.69 99=190.21 99.9=231.81 99.99=392.70] [UPDATE: Count=196851 Max=17793.02 Min=6.99 Avg=80.20 10=18.03 25=39.90 50=70.91 75=116.22 90=149.12 95=165.50 99=200.06 99.9=285.95 99.99=1607.68]
2025-04-23 03:21:28 55 sec: 423285 operations; [READ: Count=211455 Max=2557.95 Min=2.19 Avg=69.36 10=8.84 25=33.18 50=51.74 75=105.15 90=139.65 95=156.16 99=188.80 99.9=230.53 99.99=391.17] [UPDATE: Count=211830 Max=17793.02 Min=6.99 Avg=77.11 10=16.54 25=39.49 50=59.71 75=112.77 90=147.20 95=163.84 99=198.66 99.9=281.86 99.99=1607.68]
2025-04-23 03:21:29 56 sec: 453683 operations; [READ: Count=226662 Max=2557.95 Min=2.19 Avg=66.63 10=8.07 25=32.99 50=42.21 75=101.69 90=137.85 95=154.50 99=187.39 99.9=228.99 99.99=382.98] [UPDATE: Count=227021 Max=17793.02 Min=6.99 Avg=74.33 10=15.62 25=39.20 50=50.85 75=109.38 90=145.41 95=162.30 99=197.25 99.9=277.50 99.99=1471.49]
2025-04-23 03:21:30 57 sec: 484359 operations; [READ: Count=241936 Max=2557.95 Min=2.19 Avg=64.21 10=7.54 25=32.80 50=38.11 75=98.24 90=136.06 95=153.09 99=185.98 99.9=227.33 99.99=377.09] [UPDATE: Count=242423 Max=17793.02 Min=6.99 Avg=71.85 10=14.99 25=38.98 50=46.24 75=105.98 90=143.49 95=160.77 99=195.97 99.9=273.15 99.99=1397.76]
2025-04-23 03:21:31 58 sec: 515596 operations; [READ: Count=257643 Max=2557.95 Min=2.19 Avg=61.99 10=7.14 25=32.64 50=36.70 75=95.23 90=134.27 95=151.68 99=184.96 99.9=226.05 99.99=368.64] [UPDATE: Count=257953 Max=17793.02 Min=6.99 Avg=69.61 10=14.50 25=38.78 50=44.58 75=102.91 90=141.69 95=159.49 99=194.81 99.9=269.31 99.99=1223.68]
2025-04-23 03:21:32 59 sec: 546988 operations; [READ: Count=273340 Max=2557.95 Min=2.19 Avg=60.02 10=6.86 25=32.53 50=36.03 75=92.67 90=132.48 95=150.40 99=183.81 99.9=225.15 99.99=368.38] [UPDATE: Count=273648 Max=17793.02 Min=6.99 Avg=67.61 10=14.14 25=38.62 50=43.68 75=100.16 90=139.90 95=158.21 99=193.53 99.9=263.94 99.99=1223.68]
2025-04-23 03:21:33 60 sec: 578605 operations; [READ: Count=288972 Max=2557.95 Min=2.19 Avg=58.24 10=6.66 25=32.41 50=35.62 75=90.24 90=130.62 95=149.12 99=182.78 99.9=224.13 99.99=363.77] [UPDATE: Count=289633 Max=17793.02 Min=6.99 Avg=65.78 10=13.83 25=38.46 50=43.07 75=97.53 90=138.11 95=156.93 99=192.51 99.9=260.35 99.99=1136.64]
2025-04-23 03:21:34 61 sec: 610711 operations; [READ: Count=305065 Max=2557.95 Min=2.19 Avg=56.59 10=6.49 25=32.30 50=35.33 75=87.36 90=128.77 95=147.84 99=181.63 99.9=222.85 99.99=362.24] [UPDATE: Count=305646 Max=17793.02 Min=6.99 Avg=64.11 10=13.57 25=38.34 50=42.66 75=94.85 90=136.32 95=155.65 99=191.49 99.9=257.41 99.99=1119.23]
2025-04-23 03:21:35 62 sec: 643119 operations; [READ: Count=321285 Max=2557.95 Min=2.19 Avg=55.08 10=6.35 25=32.21 50=35.13 75=84.03 90=126.97 95=146.69 99=180.61 99.9=222.08 99.99=355.84] [UPDATE: Count=321834 Max=17793.02 Min=6.99 Avg=62.57 10=13.34 25=38.21 50=42.34 75=91.65 90=134.53 95=154.50 99=190.21 99.9=254.08 99.99=1119.23]
2025-04-23 03:21:36 63 sec: 675758 operations; [READ: Count=337521 Max=2557.95 Min=2.19 Avg=53.69 10=6.25 25=32.11 50=34.98 75=80.38 90=125.12 95=145.53 99=179.71 99.9=221.31 99.99=352.00] [UPDATE: Count=338237 Max=17793.02 Min=6.99 Avg=61.16 10=13.17 25=38.11 50=42.11 75=87.94 90=132.61 95=153.34 99=189.06 99.9=250.37 99.99=1009.66]
2025-04-23 03:21:37 64 sec: 708986 operations; [READ: Count=354073 Max=2557.95 Min=2.08 Avg=52.39 10=6.15 25=32.02 50=34.85 75=76.42 90=123.26 95=144.25 99=178.69 99.9=220.41 99.99=351.74] [UPDATE: Count=354913 Max=17793.02 Min=6.99 Avg=59.83 10=13.00 25=37.98 50=41.89 75=83.90 90=130.69 95=152.06 99=187.90 99.9=247.55 99.99=942.59]
2025-04-23 03:21:38 65 sec: 741941 operations; [READ: Count=370487 Max=2557.95 Min=2.08 Avg=51.21 10=6.07 25=31.92 50=34.75 75=71.30 90=121.53 95=143.10 99=177.79 99.9=219.78 99.99=344.32] [UPDATE: Count=371454 Max=17793.02 Min=6.99 Avg=58.65 10=12.86 25=37.85 50=41.73 75=79.04 90=129.02 95=150.78 99=187.01 99.9=245.50 99.99=905.73]
2025-04-23 03:21:39 66 sec: 775409 operations; [READ: Count=387134 Max=2557.95 Min=2.08 Avg=50.11 10=6.01 25=31.82 50=34.66 75=65.86 90=119.74 95=141.95 99=176.90 99.9=219.26 99.99=338.43] [UPDATE: Count=388275 Max=17793.02 Min=6.99 Avg=57.52 10=12.76 25=37.73 50=41.57 75=73.47 90=127.30 95=149.63 99=186.24 99.9=242.30 99.99=834.56]
2025-04-23 03:21:40 67 sec: 809226 operations; [READ: Count=403983 Max=2557.95 Min=2.08 Avg=49.08 10=5.95 25=31.73 50=34.56 75=60.41 90=117.95 95=140.80 99=176.13 99.9=218.62 99.99=336.64] [UPDATE: Count=405243 Max=17793.02 Min=6.99 Avg=56.46 10=12.65 25=37.60 50=41.44 75=68.09 90=125.57 95=148.61 99=185.34 99.9=240.90 99.99=747.01]
2025-04-23 03:21:41 68 sec: 843390 operations; [READ: Count=421043 Max=2557.95 Min=2.08 Avg=48.11 10=5.90 25=31.61 50=34.49 75=53.15 90=116.16 95=139.78 99=175.23 99.9=217.73 99.99=332.03] [UPDATE: Count=422347 Max=17793.02 Min=6.99 Avg=55.47 10=12.57 25=37.47 50=41.34 75=61.41 90=123.71 95=147.46 99=184.32 99.9=239.49 99.99=720.89]
2025-04-23 03:21:42 69 sec: 877743 operations; [READ: Count=438358 Max=2557.95 Min=2.08 Avg=47.19 10=5.86 25=31.50 50=34.43 75=48.00 90=114.24 95=138.75 99=174.46 99.9=216.96 99.99=328.96] [UPDATE: Count=439385 Max=17793.02 Min=6.99 Avg=54.56 10=12.49 25=37.31 50=41.25 75=56.48 90=121.86 95=146.43 99=183.42 99.9=238.34 99.99=664.58]
2025-04-23 03:21:43 70 sec: 911708 operations; [READ: Count=455271 Max=2557.95 Min=2.08 Avg=46.37 10=5.85 25=31.38 50=34.40 75=43.90 90=112.32 95=137.73 99=173.69 99.9=216.32 99.99=323.33] [UPDATE: Count=456437 Max=17793.02 Min=6.58 Avg=53.72 10=12.46 25=37.18 50=41.18 75=52.96 90=120.06 95=145.41 99=182.78 99.9=236.41 99.99=663.04]
2025-04-23 03:21:44 71 sec: 944595 operations; [READ: Count=471643 Max=2557.95 Min=1.97 Avg=45.66 10=5.88 25=31.25 50=34.40 75=41.79 90=110.59 95=136.83 99=173.06 99.9=215.68 99.99=323.33] [UPDATE: Count=472952 Max=17793.02 Min=6.21 Avg=53.00 10=12.46 25=37.02 50=41.15 75=50.75 90=118.33 95=144.38 99=182.01 99.9=235.39 99.99=663.04]
2025-04-23 03:21:45 72 sec: 976744 operations; [READ: Count=487635 Max=2557.95 Min=1.97 Avg=45.04 10=5.91 25=31.10 50=34.43 75=40.96 90=108.99 95=135.94 99=172.41 99.9=215.04 99.99=317.44] [UPDATE: Count=489109 Max=17793.02 Min=6.21 Avg=52.38 10=12.48 25=36.83 50=41.18 75=49.66 90=116.80 95=143.49 99=181.38 99.9=234.62 99.99=624.13]
2025-04-23 03:21:46 73 sec: 1000000 operations; [READ: Count=499242 Max=2557.95 Min=1.97 Avg=44.64 10=5.93 25=30.96 50=34.43 75=40.90 90=107.90 95=135.29 99=171.90 99.9=214.78 99.99=316.42] [UPDATE: Count=500758 Max=17793.02 Min=6.21 Avg=52.06 10=12.49 25=36.67 50=41.18 75=49.47 90=115.78 95=142.85 99=181.12 99.9=235.26 99.99=664.58]
2025-04-23 03:21:47 74 sec: 1000000 operations; [READ: Count=499242 Max=2557.95 Min=1.97 Avg=44.64 10=5.93 25=30.96 50=34.43 75=40.90 90=107.90 95=135.29 99=171.90 99.9=214.78 99.99=316.42] [UPDATE: Count=500758 Max=17793.02 Min=6.21 Avg=52.06 10=12.49 25=36.67 50=41.18 75=49.47 90=115.78 95=142.85 99=181.12 99.9=235.26 99.99=664.58]
2025-04-23 03:21:48 75 sec: 1000000 operations; [READ: Count=499242 Max=2557.95 Min=1.97 Avg=44.64 10=5.93 25=30.96 50=34.43 75=40.90 90=107.90 95=135.29 99=171.90 99.9=214.78 99.99=316.42] [UPDATE: Count=500758 Max=17793.02 Min=6.21 Avg=52.06 10=12.49 25=36.67 50=41.18 75=49.47 90=115.78 95=142.85 99=181.12 99.9=235.26 99.99=664.58]
2025-04-23 03:21:48 75 sec: 1000000 operations; [READ: Count=499242 Max=2557.95 Min=1.97 Avg=44.64 10=5.93 25=30.96 50=34.43 75=40.90 90=107.90 95=135.29 99=171.90 99.9=214.78 99.99=316.42] [UPDATE: Count=500758 Max=17793.02 Min=6.21 Avg=52.06 10=12.49 25=36.67 50=41.18 75=49.47 90=115.78 95=142.85 99=181.12 99.9=235.26 99.99=664.58]
Run runtime(sec): 75.176
Run operations(ops): 1000000
Run throughput(ops/sec): 13302.1
