Running scope as unit: run-rdee51f2792ea4b5291ee39dfd253597e.scope
load file:/home/user/DataFiles/silesia_data/silesia.tar
2025-04-19 13:32:09 0 sec: 0 operations;
2025-04-19 13:32:10 1 sec: 0 operations;
2025-04-19 13:32:11 2 sec: 0 operations;
2025-04-19 13:32:12 3 sec: 0 operations;
2025-04-19 13:32:13 4 sec: 0 operations;
2025-04-19 13:32:14 5 sec: 0 operations;
2025-04-19 13:32:15 6 sec: 0 operations;
2025-04-19 13:32:16 7 sec: 0 operations;
2025-04-19 13:32:17 8 sec: 0 operations;
2025-04-19 13:32:18 9 sec: 0 operations;
2025-04-19 13:32:19 10 sec: 0 operations;
2025-04-19 13:32:20 11 sec: 0 operations;
2025-04-19 13:32:21 12 sec: 0 operations;
2025-04-19 13:32:22 13 sec: 0 operations;
2025-04-19 13:32:23 14 sec: 0 operations;
2025-04-19 13:32:24 15 sec: 0 operations;
2025-04-19 13:32:25 16 sec: 0 operations;
2025-04-19 13:32:26 17 sec: 0 operations;
2025-04-19 13:32:27 18 sec: 0 operations;
2025-04-19 13:32:28 19 sec: 0 operations;
2025-04-19 13:32:29 20 sec: 0 operations;
2025-04-19 13:32:30 21 sec: 0 operations;
2025-04-19 13:32:31 22 sec: 2418 operations; [READ: Count=1585 Max=2865.15 Min=7.62 Avg=162.39 10=58.49 25=79.94 50=116.80 75=177.92 90=251.78 95=332.54 99=1205.25 99.9=1581.06 99.99=2865.15] [UPDATE: Count=833 Max=1739.78 Min=9.53 Avg=20.83 10=12.92 25=14.38 50=16.69 75=19.92 90=23.82 95=28.83 99=52.22 99.9=502.78 99.99=1739.78]
2025-04-19 13:32:32 23 sec: 11982 operations; [READ: Count=8015 Max=2865.15 Min=4.22 Avg=147.77 10=56.48 25=85.57 50=128.64 75=189.57 90=249.98 95=291.58 99=417.79 99.9=1361.92 99.99=1943.55] [UPDATE: Count=3967 Max=1739.78 Min=8.82 Avg=20.36 10=13.46 25=15.29 50=17.95 75=21.70 90=26.29 95=29.84 99=47.26 99.9=421.38 99.99=1739.78]
2025-04-19 13:32:33 24 sec: 21369 operations; [READ: Count=14270 Max=2865.15 Min=3.32 Avg=147.70 10=56.86 25=88.06 50=131.58 75=192.64 90=250.37 95=290.56 99=386.81 99.9=1228.80 99.99=1943.55] [UPDATE: Count=7099 Max=1739.78 Min=7.32 Avg=20.70 10=13.57 25=15.52 50=18.40 75=22.35 90=27.23 95=30.96 99=45.98 99.9=408.06 99.99=983.55]
2025-04-19 13:32:34 25 sec: 30858 operations; [READ: Count=20598 Max=2865.15 Min=3.32 Avg=147.13 10=56.48 25=88.58 50=132.61 75=192.00 90=250.75 95=290.56 99=381.69 99.9=1015.29 99.99=1581.06] [UPDATE: Count=10260 Max=1739.78 Min=7.32 Avg=20.88 10=13.61 25=15.66 50=18.62 75=22.67 90=27.63 95=31.49 99=48.64 99.9=341.50 99.99=983.55]
2025-04-19 13:32:35 26 sec: 40204 operations; [READ: Count=26809 Max=2865.15 Min=2.78 Avg=147.47 10=57.15 25=89.34 50=133.50 75=192.90 90=251.01 95=290.81 99=378.62 99.9=913.41 99.99=1540.10] [UPDATE: Count=13395 Max=1739.78 Min=7.32 Avg=21.01 10=13.71 25=15.78 50=18.78 75=22.83 90=27.79 95=31.87 99=48.80 99.9=341.50 99.99=983.55]
2025-04-19 13:32:36 27 sec: 48393 operations; [READ: Count=32292 Max=2865.15 Min=2.78 Avg=150.33 10=56.83 25=89.34 50=133.25 75=192.90 90=254.46 95=301.57 99=469.50 99.9=984.58 99.99=1540.10] [UPDATE: Count=16101 Max=16449.53 Min=7.32 Avg=23.03 10=13.84 25=15.94 50=18.99 75=23.12 90=28.21 95=32.80 99=54.08 99.9=497.92 99.99=3430.40]
2025-04-19 13:32:37 28 sec: 55635 operations; [READ: Count=37126 Max=2949.12 Min=2.78 Avg=151.09 10=55.65 25=88.13 50=130.81 75=190.85 90=254.72 95=305.41 99=564.22 99.9=1092.61 99.99=1943.55] [UPDATE: Count=18509 Max=31735.81 Min=7.32 Avg=32.88 10=13.85 25=15.94 50=18.96 75=23.04 90=28.27 95=33.09 99=60.51 99.9=841.22 99.99=25264.13]
2025-04-19 13:32:38 29 sec: 64954 operations; [READ: Count=43352 Max=2949.12 Min=2.78 Avg=150.61 10=55.90 25=88.58 50=131.46 75=191.36 90=254.08 95=302.33 99=534.53 99.9=1058.82 99.99=1943.55] [UPDATE: Count=21602 Max=31735.81 Min=7.32 Avg=31.39 10=13.97 25=16.10 50=19.14 75=23.26 90=28.53 95=33.38 99=58.66 99.9=763.90 99.99=25264.13]
2025-04-19 13:32:39 30 sec: 74785 operations; [READ: Count=49845 Max=2949.12 Min=2.78 Avg=149.35 10=55.71 25=88.77 50=131.20 75=190.21 90=252.16 95=298.75 99=498.94 99.9=1015.81 99.99=1942.53] [UPDATE: Count=24940 Max=31735.81 Min=7.32 Avg=30.16 10=14.14 25=16.30 50=19.31 75=23.49 90=28.61 95=33.15 99=56.00 99.9=629.76 99.99=25264.13]
2025-04-19 13:32:40 31 sec: 84524 operations; [READ: Count=56303 Max=2949.12 Min=2.78 Avg=148.40 10=55.42 25=88.77 50=130.88 75=189.69 90=250.88 95=296.19 99=476.16 99.9=992.25 99.99=1658.88] [UPDATE: Count=28221 Max=31735.81 Min=7.32 Avg=29.43 10=14.28 25=16.45 50=19.41 75=23.57 90=28.57 95=32.99 99=55.58 99.9=664.58 99.99=24231.94]
2025-04-19 13:32:41 32 sec: 92918 operations; [READ: Count=61869 Max=4106.24 Min=2.78 Avg=149.51 10=54.91 25=88.13 50=130.05 75=188.93 90=250.75 95=296.96 99=523.01 99.9=1282.05 99.99=2236.41] [UPDATE: Count=31049 Max=31735.81 Min=7.32 Avg=29.87 10=14.35 25=16.51 50=19.47 75=23.66 90=28.66 95=33.12 99=55.52 99.9=761.86 99.99=24231.94]
2025-04-19 13:32:42 33 sec: 101449 operations; [READ: Count=67551 Max=8339.45 Min=2.78 Avg=150.01 10=53.50 25=86.33 50=127.68 75=186.88 90=249.60 95=298.24 99=617.98 99.9=1496.06 99.99=2783.23] [UPDATE: Count=33898 Max=31735.81 Min=7.32 Avg=30.55 10=14.25 25=16.38 50=19.36 75=23.54 90=28.54 95=33.02 99=56.58 99.9=841.22 99.99=24231.94]
2025-04-19 13:32:43 34 sec: 112135 operations; [READ: Count=74665 Max=8339.45 Min=2.78 Avg=147.87 10=52.51 25=85.50 50=126.59 75=185.34 90=246.78 95=293.63 99=582.65 99.9=1480.70 99.99=2783.23] [UPDATE: Count=37470 Max=31735.81 Min=7.32 Avg=29.82 10=14.24 25=16.30 50=19.25 75=23.36 90=28.32 95=32.75 99=56.29 99.9=843.77 99.99=18137.09]
2025-04-19 13:32:44 35 sec: 122796 operations; [READ: Count=81776 Max=8339.45 Min=2.78 Avg=145.96 10=51.71 25=84.86 50=125.57 75=183.29 90=244.09 95=290.05 99=552.96 99.9=1451.01 99.99=2658.30] [UPDATE: Count=41020 Max=31735.81 Min=7.32 Avg=29.54 10=14.26 25=16.31 50=19.21 75=23.30 90=28.25 95=32.62 99=57.85 99.9=983.55 99.99=18137.09]
2025-04-19 13:32:45 36 sec: 136488 operations; [READ: Count=90891 Max=8339.45 Min=2.78 Avg=140.56 10=46.46 25=79.74 50=120.45 75=177.79 90=239.36 95=285.18 99=523.01 99.9=1398.78 99.99=2328.57] [UPDATE: Count=45597 Max=31735.81 Min=7.32 Avg=29.78 10=14.08 25=16.15 50=19.05 75=23.17 90=28.16 95=32.61 99=61.50 99.9=1739.78 99.99=16449.53]
2025-04-19 13:32:46 37 sec: 153002 operations; [READ: Count=101845 Max=8339.45 Min=2.78 Avg=134.14 10=41.31 25=72.00 50=113.15 75=170.37 90=233.34 95=279.81 99=529.92 99.9=1424.38 99.99=2328.57] [UPDATE: Count=51157 Max=31735.81 Min=7.32 Avg=28.48 10=13.67 25=15.77 50=18.69 75=22.75 90=27.74 95=32.05 99=58.91 99.9=1531.90 99.99=16449.53]
2025-04-19 13:32:47 38 sec: 169339 operations; [READ: Count=112716 Max=8339.45 Min=2.78 Avg=128.79 10=39.17 25=65.86 50=107.01 75=163.71 90=227.71 95=273.92 99=513.02 99.9=1464.32 99.99=2404.35] [UPDATE: Count=56623 Max=31735.81 Min=7.32 Avg=28.03 10=13.35 25=15.46 50=18.41 75=22.45 90=27.38 95=31.55 99=56.64 99.9=1428.48 99.99=15040.51]
2025-04-19 13:32:48 39 sec: 185889 operations; [READ: Count=123779 Max=8339.45 Min=2.78 Avg=124.25 10=37.92 25=60.64 50=101.69 75=158.21 90=222.46 95=269.06 99=508.67 99.9=1464.32 99.99=2328.57] [UPDATE: Count=62110 Max=31735.81 Min=7.19 Avg=27.49 10=13.25 25=15.29 50=18.22 75=22.21 90=27.10 95=31.23 99=55.55 99.9=1428.48 99.99=15040.51]
2025-04-19 13:32:49 40 sec: 203591 operations; [READ: Count=135582 Max=8339.45 Min=2.78 Avg=119.86 10=37.41 25=57.18 50=97.47 75=152.70 90=217.09 95=262.91 99=476.42 99.9=1425.41 99.99=2293.76] [UPDATE: Count=68009 Max=31735.81 Min=7.19 Avg=26.76 10=13.22 25=15.20 50=18.08 75=22.02 90=26.83 95=30.85 99=54.21 99.9=1192.96 99.99=14934.01]
2025-04-19 13:32:50 41 sec: 221215 operations; [READ: Count=147327 Max=8339.45 Min=2.78 Avg=116.19 10=36.96 25=54.66 50=94.27 75=148.09 90=212.22 95=257.41 99=452.35 99.9=1398.78 99.99=2240.51] [UPDATE: Count=73888 Max=31735.81 Min=7.19 Avg=26.20 10=13.20 25=15.14 50=17.97 75=21.86 90=26.62 95=30.54 99=53.18 99.9=1086.46 99.99=14934.01]
2025-04-19 13:32:51 42 sec: 238868 operations; [READ: Count=159128 Max=8339.45 Min=2.78 Avg=113.06 10=36.58 25=52.73 50=91.33 75=143.62 90=207.74 95=252.67 99=437.50 99.9=1381.38 99.99=2236.41] [UPDATE: Count=79740 Max=31735.81 Min=7.19 Avg=25.63 10=13.13 25=15.05 50=17.86 75=21.73 90=26.46 95=30.29 99=52.45 99.9=988.16 99.99=11878.40]
2025-04-19 13:32:52 43 sec: 255761 operations; [READ: Count=170357 Max=8339.45 Min=2.78 Avg=110.66 10=36.29 25=51.42 50=89.09 75=140.16 90=203.90 95=248.83 99=426.75 99.9=1384.45 99.99=2228.22] [UPDATE: Count=85404 Max=31735.81 Min=7.09 Avg=25.37 10=13.10 25=15.02 50=17.81 75=21.68 90=26.40 95=30.21 99=51.74 99.9=983.55 99.99=11010.05]
2025-04-19 13:32:53 44 sec: 272550 operations; [READ: Count=181539 Max=8339.45 Min=2.78 Avg=108.63 10=35.97 25=50.37 50=87.04 75=136.70 90=200.32 95=245.25 99=422.91 99.9=1409.02 99.99=2228.22] [UPDATE: Count=91011 Max=31735.81 Min=7.09 Avg=25.08 10=13.06 25=14.97 50=17.76 75=21.63 90=26.32 95=30.11 99=51.17 99.9=951.81 99.99=11010.05]
2025-04-19 13:32:54 45 sec: 290268 operations; [READ: Count=193351 Max=8339.45 Min=2.78 Avg=106.50 10=35.71 25=49.70 50=85.63 75=133.76 90=196.86 95=241.41 99=408.06 99.9=1395.71 99.99=2209.79] [UPDATE: Count=96917 Max=31735.81 Min=7.09 Avg=24.70 10=13.02 25=14.91 50=17.68 75=21.55 90=26.22 95=30.00 99=50.34 99.9=919.04 99.99=11001.85]
2025-04-19 13:32:55 46 sec: 307804 operations; [READ: Count=204979 Max=8339.45 Min=2.78 Avg=104.66 10=35.49 25=49.22 50=84.35 75=131.01 90=193.41 95=237.82 99=397.31 99.9=1378.30 99.99=2185.22] [UPDATE: Count=102825 Max=31735.81 Min=6.96 Avg=24.48 10=13.02 25=14.92 50=17.66 75=21.54 90=26.19 95=29.93 99=49.50 99.9=892.93 99.99=11001.85]
2025-04-19 13:32:56 47 sec: 325502 operations; [READ: Count=216840 Max=8339.45 Min=2.78 Avg=102.94 10=35.23 25=48.70 50=83.33 75=128.83 90=190.08 95=234.24 99=385.79 99.9=1355.78 99.99=2144.26] [UPDATE: Count=108662 Max=31735.81 Min=6.95 Avg=24.22 10=13.01 25=14.89 50=17.61 75=21.49 90=26.13 95=29.84 99=48.90 99.9=859.13 99.99=9822.21]
2025-04-19 13:32:57 48 sec: 343546 operations; [READ: Count=228867 Max=8339.45 Min=2.78 Avg=101.33 10=34.88 25=48.22 50=82.24 75=126.59 90=187.13 95=231.17 99=377.09 99.9=1340.41 99.99=2134.01] [UPDATE: Count=114679 Max=31735.81 Min=6.95 Avg=23.94 10=12.93 25=14.81 50=17.54 75=21.39 90=26.02 95=29.73 99=48.48 99.9=858.62 99.99=9822.21]
2025-04-19 13:32:58 49 sec: 360785 operations; [READ: Count=240316 Max=8339.45 Min=2.78 Avg=100.08 10=34.53 25=47.77 50=81.28 75=124.61 90=184.45 95=228.61 99=372.99 99.9=1374.21 99.99=2160.64] [UPDATE: Count=120469 Max=31735.81 Min=6.95 Avg=23.83 10=12.85 25=14.73 50=17.47 75=21.31 90=25.93 95=29.65 99=48.38 99.9=843.77 99.99=9519.10]
2025-04-19 13:32:59 50 sec: 378574 operations; [READ: Count=252151 Max=8339.45 Min=2.78 Avg=98.79 10=34.27 25=47.52 50=80.58 75=123.01 90=182.01 95=225.92 99=364.80 99.9=1348.61 99.99=2156.54] [UPDATE: Count=126423 Max=31735.81 Min=6.95 Avg=23.67 10=12.88 25=14.77 50=17.49 75=21.33 90=25.93 95=29.66 99=47.84 99.9=798.72 99.99=9478.14]
2025-04-19 13:33:00 51 sec: 396489 operations; [READ: Count=264067 Max=8339.45 Min=2.78 Avg=97.59 10=33.92 25=47.26 50=79.87 75=121.53 90=179.46 95=223.23 99=358.40 99.9=1331.20 99.99=2144.26] [UPDATE: Count=132422 Max=31735.81 Min=6.95 Avg=23.53 10=12.90 25=14.79 50=17.50 75=21.34 90=25.93 95=29.61 99=47.68 99.9=792.06 99.99=9478.14]
2025-04-19 13:33:01 52 sec: 414466 operations; [READ: Count=276071 Max=8339.45 Min=2.78 Avg=96.49 10=33.50 25=47.01 50=79.30 75=120.06 90=177.15 95=220.67 99=352.00 99.9=1320.96 99.99=2144.26] [UPDATE: Count=138395 Max=31735.81 Min=6.95 Avg=23.34 10=12.89 25=14.78 50=17.49 75=21.33 90=25.89 95=29.55 99=47.17 99.9=761.86 99.99=9428.99]
2025-04-19 13:33:02 53 sec: 432569 operations; [READ: Count=288079 Max=8339.45 Min=2.78 Avg=95.43 10=32.93 25=46.78 50=78.59 75=118.78 90=174.97 95=218.24 99=346.88 99.9=1318.91 99.99=2134.01] [UPDATE: Count=144490 Max=31735.81 Min=6.95 Avg=23.25 10=12.89 25=14.78 50=17.49 75=21.31 90=25.89 95=29.55 99=46.91 99.9=781.82 99.99=9428.99]
2025-04-19 13:33:03 54 sec: 450901 operations; [READ: Count=300306 Max=8339.45 Min=2.78 Avg=94.40 10=32.38 25=46.56 50=78.02 75=117.50 90=172.80 95=215.94 99=342.27 99.9=1308.67 99.99=2115.58] [UPDATE: Count=150595 Max=31735.81 Min=6.95 Avg=23.14 10=12.90 25=14.80 50=17.50 75=21.33 90=25.87 95=29.52 99=46.46 99.9=755.71 99.99=9175.04]
2025-04-19 13:33:04 55 sec: 471071 operations; [READ: Count=313749 Max=8339.45 Min=2.78 Avg=93.00 10=31.52 25=46.05 50=76.86 75=115.65 90=170.11 95=213.25 99=337.15 99.9=1303.55 99.99=2113.53] [UPDATE: Count=157322 Max=31735.81 Min=6.95 Avg=23.11 10=12.87 25=14.76 50=17.45 75=21.28 90=25.82 95=29.45 99=46.40 99.9=755.71 99.99=9175.04]
2025-04-19 13:33:05 56 sec: 493355 operations; [READ: Count=328611 Max=8339.45 Min=2.78 Avg=91.37 10=30.11 25=45.47 50=75.58 75=113.53 90=167.29 95=210.43 99=332.03 99.9=1276.93 99.99=2101.25] [UPDATE: Count=164744 Max=31735.81 Min=6.95 Avg=22.89 10=12.85 25=14.73 50=17.41 75=21.21 90=25.73 95=29.34 99=45.89 99.9=734.72 99.99=9175.04]
2025-04-19 13:33:06 57 sec: 517458 operations; [READ: Count=344759 Max=8339.45 Min=2.78 Avg=89.50 10=26.94 25=44.61 50=73.86 75=111.10 90=164.35 95=207.36 99=326.40 99.9=1261.57 99.99=2083.84] [UPDATE: Count=172699 Max=31735.81 Min=6.95 Avg=22.68 10=12.80 25=14.66 50=17.34 75=21.12 90=25.63 95=29.21 99=45.31 99.9=722.94 99.99=9060.35]
2025-04-19 13:33:07 58 sec: 544797 operations; [READ: Count=362989 Max=8339.45 Min=2.78 Avg=87.25 10=21.66 25=43.39 50=71.30 75=108.35 90=161.28 95=204.29 99=321.54 99.9=1238.02 99.99=2054.14] [UPDATE: Count=181808 Max=31735.81 Min=6.95 Avg=22.43 10=12.75 25=14.59 50=17.25 75=21.01 90=25.52 95=29.05 99=44.83 99.9=708.61 99.99=8978.43]
2025-04-19 13:33:08 59 sec: 573037 operations; [READ: Count=381750 Max=8339.45 Min=2.78 Avg=85.10 10=18.34 25=42.27 50=68.86 75=105.66 90=158.34 95=201.22 99=316.42 99.9=1216.51 99.99=2031.62] [UPDATE: Count=191287 Max=31735.81 Min=6.95 Avg=22.16 10=12.70 25=14.53 50=17.17 75=20.89 90=25.38 95=28.88 99=44.26 99.9=680.45 99.99=8790.01]
2025-04-19 13:33:09 60 sec: 599557 operations; [READ: Count=399407 Max=8339.45 Min=2.78 Avg=83.30 10=16.43 25=41.41 50=67.07 75=103.36 90=155.52 95=198.53 99=312.57 99.9=1202.17 99.99=2021.38] [UPDATE: Count=200150 Max=31735.81 Min=6.95 Avg=22.15 10=12.65 25=14.48 50=17.10 75=20.82 90=25.30 95=28.80 99=43.97 99.9=682.50 99.99=8978.43]
2025-04-19 13:33:10 61 sec: 628784 operations; [READ: Count=418857 Max=8339.45 Min=2.78 Avg=81.37 10=15.02 25=40.45 50=65.15 75=100.86 90=152.70 95=195.58 99=307.97 99.9=1176.58 99.99=2007.04] [UPDATE: Count=209927 Max=31735.81 Min=6.95 Avg=21.89 10=12.59 25=14.41 50=17.02 75=20.72 90=25.17 95=28.67 99=43.42 99.9=672.25 99.99=8790.01]
2025-04-19 13:33:11 62 sec: 658127 operations; [READ: Count=438388 Max=8339.45 Min=2.78 Avg=79.59 10=13.97 25=39.58 50=63.58 75=98.56 90=150.14 95=192.64 99=304.13 99.9=1157.12 99.99=1965.06] [UPDATE: Count=219739 Max=31735.81 Min=6.95 Avg=21.66 10=12.54 25=14.34 50=16.94 75=20.62 90=25.05 95=28.54 99=42.94 99.9=655.36 99.99=8372.22]
2025-04-19 13:33:12 63 sec: 686736 operations; [READ: Count=457438 Max=8339.45 Min=2.78 Avg=77.99 10=13.25 25=38.85 50=62.27 75=96.45 90=147.58 95=190.08 99=300.80 99.9=1137.66 99.99=1943.55] [UPDATE: Count=229298 Max=31735.81 Min=6.95 Avg=21.59 10=12.48 25=14.28 50=16.86 75=20.53 90=24.94 95=28.40 99=42.59 99.9=652.80 99.99=7880.70]
2025-04-19 13:33:13 64 sec: 716053 operations; [READ: Count=476921 Max=8339.45 Min=2.78 Avg=76.49 10=12.70 25=38.17 50=61.12 75=94.46 90=145.15 95=187.52 99=296.70 99.9=1116.16 99.99=1908.73] [UPDATE: Count=239132 Max=31735.81 Min=6.95 Avg=21.42 10=12.45 25=14.24 50=16.80 75=20.46 90=24.85 95=28.29 99=42.27 99.9=622.08 99.99=7430.14]
2025-04-19 13:33:14 65 sec: 740418 operations; [READ: Count=493170 Max=8339.45 Min=2.78 Avg=75.36 10=12.38 25=37.73 50=60.26 75=92.93 90=143.10 95=185.60 99=293.89 99.9=1098.75 99.99=1943.55] [UPDATE: Count=247248 Max=31735.81 Min=6.95 Avg=21.91 10=12.41 25=14.21 50=16.77 75=20.43 90=24.83 95=28.27 99=42.46 99.9=676.35 99.99=8978.43]
2025-04-19 13:33:15 66 sec: 781111 operations; [READ: Count=520274 Max=8339.45 Min=2.78 Avg=72.88 10=11.69 25=36.03 50=57.38 75=90.30 90=139.90 95=182.27 99=289.28 99.9=1069.06 99.99=1907.71] [UPDATE: Count=260837 Max=31735.81 Min=6.95 Avg=21.58 10=12.24 25=14.01 50=16.59 75=20.22 90=24.61 95=28.06 99=42.14 99.9=665.09 99.99=8790.01]
2025-04-19 13:33:16 67 sec: 821828 operations; [READ: Count=547403 Max=8339.45 Min=2.76 Avg=70.66 10=11.16 25=34.85 50=54.05 75=87.87 90=136.96 95=178.94 99=285.69 99.9=1040.89 99.99=1878.02] [UPDATE: Count=274425 Max=31735.81 Min=6.95 Avg=21.27 10=12.10 25=13.85 50=16.45 75=20.03 90=24.40 95=27.84 99=41.60 99.9=622.08 99.99=8372.22]
2025-04-19 13:33:17 68 sec: 863078 operations; [READ: Count=574900 Max=8339.45 Min=2.58 Avg=68.61 10=10.72 25=33.95 50=50.56 75=85.57 90=134.01 95=175.87 99=281.60 99.9=1013.76 99.99=1860.61] [UPDATE: Count=288178 Max=31735.81 Min=6.83 Avg=20.96 10=11.93 25=13.70 50=16.28 75=19.84 90=24.21 95=27.63 99=41.09 99.9=593.92 99.99=7630.85]
2025-04-19 13:33:18 69 sec: 903979 operations; [READ: Count=602170 Max=8339.45 Min=2.09 Avg=66.78 10=10.32 25=33.15 50=47.71 75=83.52 90=131.20 95=173.18 99=278.27 99.9=991.23 99.99=1839.10] [UPDATE: Count=301809 Max=31735.81 Min=6.83 Avg=20.67 10=11.72 25=13.54 50=16.11 75=19.66 90=24.02 95=27.42 99=40.70 99.9=573.44 99.99=7430.14]
2025-04-19 13:33:19 70 sec: 945922 operations; [READ: Count=630100 Max=8339.45 Min=2.09 Avg=65.07 10=9.94 25=32.37 50=45.38 75=81.60 90=128.70 95=170.37 99=275.45 99.9=971.26 99.99=1826.82] [UPDATE: Count=315822 Max=31735.81 Min=6.69 Avg=20.34 10=11.46 25=13.32 50=15.94 75=19.47 90=23.84 95=27.21 99=40.22 99.9=566.27 99.99=7192.57]
2025-04-19 13:33:20 71 sec: 981795 operations; [READ: Count=654061 Max=8339.45 Min=2.09 Avg=63.89 10=9.69 25=31.81 50=43.74 75=80.06 90=126.85 95=168.45 99=275.20 99.9=958.98 99.99=1816.58] [UPDATE: Count=327734 Max=31735.81 Min=6.69 Avg=20.19 10=11.26 25=13.15 50=15.78 75=19.31 90=23.68 95=27.04 99=39.84 99.9=554.50 99.99=7208.96]
2025-04-19 13:33:21 72 sec: 1022370 operations; [READ: Count=681189 Max=8339.45 Min=2.09 Avg=62.51 10=9.42 25=31.26 50=42.30 75=78.53 90=124.61 95=166.01 99=272.64 99.9=939.01 99.99=1806.34] [UPDATE: Count=341181 Max=31735.81 Min=6.67 Avg=19.91 10=11.07 25=12.96 50=15.62 75=19.14 90=23.50 95=26.86 99=39.49 99.9=545.28 99.99=7192.57]
2025-04-19 13:33:22 73 sec: 1055781 operations; [READ: Count=703408 Max=8339.45 Min=2.09 Avg=61.67 10=9.28 25=31.02 50=41.34 75=77.38 90=123.01 95=164.35 99=272.38 99.9=941.05 99.99=1790.97] [UPDATE: Count=352373 Max=31735.81 Min=6.67 Avg=19.77 10=11.05 25=12.92 50=15.55 75=19.05 90=23.38 95=26.72 99=39.20 99.9=534.53 99.99=6877.18]
2025-04-19 13:33:23 74 sec: 1090510 operations; [READ: Count=726566 Max=8339.45 Min=2.09 Avg=60.82 10=9.13 25=30.73 50=40.48 75=76.22 90=121.41 95=162.81 99=271.36 99.9=939.52 99.99=1781.76] [UPDATE: Count=363944 Max=31735.81 Min=6.67 Avg=19.60 10=10.97 25=12.84 50=15.46 75=18.94 90=23.25 95=26.59 99=38.98 99.9=524.03 99.99=6848.51]
2025-04-19 13:33:24 75 sec: 1124995 operations; [READ: Count=749646 Max=8339.45 Min=2.09 Avg=60.02 10=9.02 25=30.48 50=39.77 75=75.26 90=119.74 95=161.02 99=270.33 99.9=938.50 99.99=1772.54] [UPDATE: Count=375349 Max=31735.81 Min=6.67 Avg=19.45 10=10.92 25=12.77 50=15.38 75=18.85 90=23.14 95=26.48 99=38.75 99.9=519.42 99.99=6533.12]
2025-04-19 13:33:25 76 sec: 1153763 operations; [READ: Count=768847 Max=8339.45 Min=2.09 Avg=59.59 10=8.90 25=30.24 50=39.26 75=74.50 90=118.59 95=160.00 99=271.36 99.9=980.99 99.99=1781.76] [UPDATE: Count=384916 Max=31735.81 Min=6.67 Avg=19.36 10=10.88 25=12.70 50=15.32 75=18.77 90=23.02 95=26.37 99=38.56 99.9=509.18 99.99=6606.85]
2025-04-19 13:33:26 77 sec: 1190701 operations; [READ: Count=793455 Max=8339.45 Min=2.09 Avg=58.76 10=8.76 25=29.92 50=38.66 75=73.66 90=116.99 95=158.34 99=269.57 99.9=969.22 99.99=1779.71] [UPDATE: Count=397246 Max=31735.81 Min=6.67 Avg=19.18 10=10.78 25=12.57 50=15.21 75=18.64 90=22.91 95=26.24 99=38.34 99.9=502.78 99.99=6062.08]
2025-04-19 13:33:27 78 sec: 1222831 operations; [READ: Count=814945 Max=8339.45 Min=2.09 Avg=58.24 10=8.65 25=29.65 50=38.21 75=72.96 90=115.78 95=157.18 99=270.33 99.9=969.22 99.99=1772.54] [UPDATE: Count=407886 Max=31735.81 Min=6.67 Avg=19.03 10=10.71 25=12.47 50=15.13 75=18.54 90=22.80 95=26.13 99=38.21 99.9=498.69 99.99=6049.79]
2025-04-19 13:33:28 79 sec: 1251575 operations; [READ: Count=834018 Max=8339.45 Min=2.09 Avg=57.89 10=8.62 25=29.52 50=37.95 75=72.45 90=114.94 95=156.29 99=271.10 99.9=975.36 99.99=1772.54] [UPDATE: Count=417557 Max=31735.81 Min=6.67 Avg=18.95 10=10.72 25=12.47 50=15.10 75=18.50 90=22.72 95=26.03 99=38.02 99.9=494.85 99.99=5681.15]
2025-04-19 13:33:29 80 sec: 1281052 operations; [READ: Count=853678 Max=8339.45 Min=2.09 Avg=57.50 10=8.62 25=29.38 50=37.76 75=71.87 90=113.98 95=155.26 99=271.36 99.9=972.80 99.99=1770.49] [UPDATE: Count=427374 Max=31735.81 Min=6.67 Avg=18.92 10=10.73 25=12.47 50=15.08 75=18.46 90=22.66 95=25.97 99=37.89 99.9=494.85 99.99=5435.39]
2025-04-19 13:33:30 81 sec: 1308543 operations; [READ: Count=872042 Max=8339.45 Min=2.09 Avg=57.21 10=8.60 25=29.25 50=37.60 75=71.30 90=113.22 95=154.37 99=272.38 99.9=983.04 99.99=1770.49] [UPDATE: Count=436501 Max=31735.81 Min=6.67 Avg=18.92 10=10.73 25=12.48 50=15.07 75=18.45 90=22.61 95=25.90 99=37.76 99.9=492.03 99.99=5435.39]
2025-04-19 13:33:31 82 sec: 1338360 operations; [READ: Count=891902 Max=8339.45 Min=2.09 Avg=56.85 10=8.57 25=29.09 50=37.41 75=70.66 90=112.45 95=153.47 99=273.15 99.9=982.53 99.99=1769.47] [UPDATE: Count=446458 Max=31735.81 Min=6.67 Avg=18.86 10=10.73 25=12.47 50=15.06 75=18.43 90=22.56 95=25.84 99=37.66 99.9=489.73 99.99=5242.88]
2025-04-19 13:33:32 83 sec: 1368972 operations; [READ: Count=912286 Max=8339.45 Min=1.98 Avg=56.46 10=8.57 25=28.93 50=37.25 75=70.08 90=111.55 95=152.57 99=273.15 99.9=978.94 99.99=1765.38] [UPDATE: Count=456686 Max=31735.81 Min=6.67 Avg=18.81 10=10.72 25=12.46 50=15.03 75=18.38 90=22.51 95=25.76 99=37.57 99.9=486.91 99.99=5234.69]
2025-04-19 13:33:33 84 sec: 1398893 operations; [READ: Count=932242 Max=8339.45 Min=1.98 Avg=56.14 10=8.60 25=28.73 50=37.09 75=69.57 90=110.78 95=151.68 99=273.41 99.9=978.94 99.99=1758.21] [UPDATE: Count=466651 Max=31735.81 Min=6.67 Avg=18.73 10=10.69 25=12.41 50=14.99 75=18.34 90=22.43 95=25.70 99=37.50 99.9=482.30 99.99=5185.53]
2025-04-19 13:33:34 85 sec: 1430538 operations; [READ: Count=953342 Max=8339.45 Min=1.98 Avg=55.76 10=8.61 25=28.53 50=36.93 75=69.06 90=109.95 95=150.66 99=273.41 99.9=974.85 99.99=1753.09] [UPDATE: Count=477196 Max=31735.81 Min=6.56 Avg=18.64 10=10.65 25=12.38 50=14.94 75=18.27 90=22.35 95=25.61 99=37.41 99.9=477.95 99.99=4792.32]
2025-04-19 13:33:35 86 sec: 1463105 operations; [READ: Count=975055 Max=8339.45 Min=1.98 Avg=55.35 10=8.62 25=28.27 50=36.77 75=68.54 90=109.25 95=149.50 99=272.64 99.9=966.65 99.99=1739.78] [UPDATE: Count=488050 Max=31735.81 Min=6.56 Avg=18.56 10=10.62 25=12.34 50=14.90 75=18.22 90=22.29 95=25.55 99=37.31 99.9=473.60 99.99=4530.18]
2025-04-19 13:33:36 87 sec: 1489242 operations; [READ: Count=992542 Max=8339.45 Min=1.98 Avg=55.18 10=8.62 25=28.05 50=36.61 75=68.16 90=108.67 95=148.86 99=274.43 99.9=975.87 99.99=1739.78] [UPDATE: Count=496700 Max=31735.81 Min=6.56 Avg=18.59 10=10.62 25=12.33 50=14.88 75=18.19 90=22.24 95=25.49 99=37.25 99.9=470.53 99.99=5234.69]
2025-04-19 13:33:37 88 sec: 1500388 operations; [READ: Count=1000000 Max=8339.45 Min=1.98 Avg=55.03 10=8.62 25=27.93 50=36.51 75=68.03 90=108.42 95=148.48 99=273.92 99.9=974.34 99.99=1735.68] [UPDATE: Count=500388 Max=31735.81 Min=6.56 Avg=18.57 10=10.62 25=12.33 50=14.87 75=18.18 90=22.21 95=25.45 99=37.22 99.9=468.74 99.99=5234.69]
2025-04-19 13:33:38 89 sec: 1500388 operations; [READ: Count=1000000 Max=8339.45 Min=1.98 Avg=55.03 10=8.62 25=27.93 50=36.51 75=68.03 90=108.42 95=148.48 99=273.92 99.9=974.34 99.99=1735.68] [UPDATE: Count=500388 Max=31735.81 Min=6.56 Avg=18.57 10=10.62 25=12.33 50=14.87 75=18.18 90=22.21 95=25.45 99=37.22 99.9=468.74 99.99=5234.69]
2025-04-19 13:33:39 90 sec: 1500388 operations; [READ: Count=1000000 Max=8339.45 Min=1.98 Avg=55.03 10=8.62 25=27.93 50=36.51 75=68.03 90=108.42 95=148.48 99=273.92 99.9=974.34 99.99=1735.68] [UPDATE: Count=500388 Max=31735.81 Min=6.56 Avg=18.57 10=10.62 25=12.33 50=14.87 75=18.18 90=22.21 95=25.45 99=37.22 99.9=468.74 99.99=5234.69]
2025-04-19 13:33:40 91 sec: 1500388 operations; [READ: Count=1000000 Max=8339.45 Min=1.98 Avg=55.03 10=8.62 25=27.93 50=36.51 75=68.03 90=108.42 95=148.48 99=273.92 99.9=974.34 99.99=1735.68] [UPDATE: Count=500388 Max=31735.81 Min=6.56 Avg=18.57 10=10.62 25=12.33 50=14.87 75=18.18 90=22.21 95=25.45 99=37.22 99.9=468.74 99.99=5234.69]
2025-04-19 13:33:41 92 sec: 1500388 operations; [READ: Count=1000000 Max=8339.45 Min=1.98 Avg=55.03 10=8.62 25=27.93 50=36.51 75=68.03 90=108.42 95=148.48 99=273.92 99.9=974.34 99.99=1735.68] [UPDATE: Count=500388 Max=31735.81 Min=6.56 Avg=18.57 10=10.62 25=12.33 50=14.87 75=18.18 90=22.21 95=25.45 99=37.22 99.9=468.74 99.99=5234.69]
2025-04-19 13:33:42 92 sec: 1500388 operations; [READ: Count=1000000 Max=8339.45 Min=1.98 Avg=55.03 10=8.62 25=27.93 50=36.51 75=68.03 90=108.42 95=148.48 99=273.92 99.9=974.34 99.99=1735.68] [UPDATE: Count=500388 Max=31735.81 Min=6.56 Avg=18.57 10=10.62 25=12.33 50=14.87 75=18.18 90=22.21 95=25.45 99=37.22 99.9=468.74 99.99=5234.69]
Run runtime(sec): 92.5384
Run operations(ops): 1000000
Run throughput(ops/sec): 10806.3
