Running scope as unit: run-r0f2b8264dd3640a1a89f9ff6c2ec06e7.scope
load file:/home/user/DataFiles/silesia_data/silesia.tar
2025-04-19 13:32:09 0 sec: 0 operations;
2025-04-19 13:32:10 1 sec: 0 operations;
2025-04-19 13:32:11 2 sec: 0 operations;
2025-04-19 13:32:12 3 sec: 0 operations;
2025-04-19 13:32:13 4 sec: 0 operations;
2025-04-19 13:32:14 5 sec: 0 operations;
2025-04-19 13:32:15 6 sec: 0 operations;
2025-04-19 13:32:16 7 sec: 0 operations;
2025-04-19 13:32:17 8 sec: 0 operations;
2025-04-19 13:32:18 9 sec: 0 operations;
2025-04-19 13:32:19 10 sec: 0 operations;
2025-04-19 13:32:20 11 sec: 0 operations;
2025-04-19 13:32:21 12 sec: 0 operations;
2025-04-19 13:32:22 13 sec: 0 operations;
2025-04-19 13:32:23 14 sec: 0 operations;
2025-04-19 13:32:24 15 sec: 0 operations;
2025-04-19 13:32:25 16 sec: 0 operations;
2025-04-19 13:32:26 17 sec: 0 operations;
2025-04-19 13:32:27 18 sec: 0 operations;
2025-04-19 13:32:28 19 sec: 0 operations;
2025-04-19 13:32:29 20 sec: 0 operations;
2025-04-19 13:32:30 21 sec: 2043 operations; [READ: Count=1374 Max=1009.66 Min=5.71 Avg=239.99 10=76.61 25=130.37 50=209.41 75=321.02 90=444.67 95=533.50 99=724.99 99.9=919.55 99.99=1009.66] [UPDATE: Count=669 Max=657.41 Min=9.10 Avg=16.65 10=11.12 25=12.29 50=13.92 75=16.41 90=18.67 95=20.35 99=28.29 99.9=446.46 99.99=657.41]
2025-04-19 13:32:31 22 sec: 8874 operations; [READ: Count=5950 Max=2551.81 Min=4.14 Avg=202.12 10=51.65 25=81.34 50=152.45 75=256.00 90=391.68 95=503.04 99=1041.41 99.9=1914.88 99.99=2217.98] [UPDATE: Count=2924 Max=13254.66 Min=9.10 Avg=45.13 10=12.53 25=14.35 50=16.64 75=19.52 90=23.74 95=28.30 99=389.63 99.9=8032.26 99.99=13254.66]
2025-04-19 13:32:32 23 sec: 18771 operations; [READ: Count=12575 Max=2787.33 Min=3.42 Avg=169.50 10=49.09 25=77.89 50=130.56 75=207.74 90=308.22 95=409.09 99=904.70 99.9=1876.99 99.99=2551.81] [UPDATE: Count=6196 Max=13254.66 Min=7.46 Avg=31.45 10=12.59 25=14.37 50=16.82 75=20.05 90=24.30 95=28.08 99=75.97 99.9=3475.45 99.99=9920.51]
2025-04-19 13:32:33 24 sec: 28743 operations; [READ: Count=19228 Max=2787.33 Min=3.23 Avg=159.05 10=49.79 25=79.87 50=128.96 75=198.53 90=276.74 95=352.25 99=693.76 99.9=1718.27 99.99=2217.98] [UPDATE: Count=9515 Max=13254.66 Min=7.46 Avg=27.18 10=12.77 25=14.56 50=17.01 75=20.46 90=24.83 95=28.61 99=61.70 99.9=1912.83 99.99=9920.51]
2025-04-19 13:32:34 25 sec: 38481 operations; [READ: Count=25711 Max=2787.33 Min=3.23 Avg=154.76 10=50.78 25=81.41 50=128.57 75=196.48 90=266.75 95=327.94 99=616.96 99.9=1637.38 99.99=2162.69] [UPDATE: Count=12770 Max=13254.66 Min=7.33 Avg=25.67 10=13.05 25=14.91 50=17.52 75=21.05 90=25.41 95=29.31 99=54.05 99.9=1430.53 99.99=9920.51]
2025-04-19 13:32:35 26 sec: 47910 operations; [READ: Count=32021 Max=2787.33 Min=3.23 Avg=153.06 10=51.58 25=82.81 50=129.79 75=195.84 90=263.94 95=318.21 99=554.50 99.9=1570.82 99.99=2162.69] [UPDATE: Count=15889 Max=13254.66 Min=7.33 Avg=24.88 10=13.25 25=15.21 50=17.98 75=21.70 90=26.19 95=30.37 99=51.49 99.9=1326.08 99.99=8470.53]
2025-04-19 13:32:36 27 sec: 57064 operations; [READ: Count=38141 Max=2787.33 Min=3.23 Avg=152.39 10=52.00 25=83.07 50=128.96 75=194.05 90=262.65 95=319.23 99=568.32 99.9=1536.00 99.99=2071.55] [UPDATE: Count=18923 Max=13254.66 Min=7.33 Avg=25.05 10=13.45 25=15.46 50=18.27 75=22.11 90=26.83 95=30.82 99=52.00 99.9=1326.08 99.99=8470.53]
2025-04-19 13:32:37 28 sec: 63942 operations; [READ: Count=42676 Max=2787.33 Min=3.23 Avg=153.63 10=51.07 25=81.34 50=125.95 75=191.87 90=265.21 95=332.03 99=656.89 99.9=1516.54 99.99=2162.69] [UPDATE: Count=21266 Max=31473.66 Min=7.33 Avg=33.97 10=13.49 25=15.52 50=18.37 75=22.29 90=27.31 95=31.98 99=65.12 99.9=2562.05 99.99=25853.95]
2025-04-19 13:32:38 29 sec: 74125 operations; [READ: Count=49477 Max=2787.33 Min=3.23 Avg=151.15 10=50.69 25=81.60 50=125.57 75=190.21 90=260.22 95=321.02 99=631.29 99.9=1440.77 99.99=2071.55] [UPDATE: Count=24648 Max=31473.66 Min=7.33 Avg=32.10 10=13.45 25=15.45 50=18.32 75=22.19 90=27.09 95=31.57 99=60.93 99.9=1912.83 99.99=25853.95]
2025-04-19 13:32:39 30 sec: 84541 operations; [READ: Count=56476 Max=2787.33 Min=3.23 Avg=148.93 10=49.95 25=81.41 50=124.93 75=188.16 90=256.64 95=313.60 99=607.74 99.9=1384.45 99.99=2059.26] [UPDATE: Count=28065 Max=31473.66 Min=7.33 Avg=30.28 10=13.19 25=15.10 50=17.95 75=21.81 90=26.56 95=30.91 99=57.02 99.9=1430.53 99.99=23478.27]
2025-04-19 13:32:40 31 sec: 94668 operations; [READ: Count=63221 Max=2787.33 Min=3.23 Avg=147.59 10=49.66 25=81.47 50=124.73 75=187.26 90=254.34 95=309.50 99=578.05 99.9=1325.06 99.99=2059.26] [UPDATE: Count=31447 Max=31473.66 Min=7.33 Avg=29.28 10=13.29 25=15.19 50=18.02 75=21.81 90=26.51 95=30.75 99=55.30 99.9=1351.68 99.99=23478.27]
2025-04-19 13:32:41 32 sec: 103696 operations; [READ: Count=69248 Max=4816.90 Min=3.00 Avg=147.75 10=49.31 25=81.15 50=123.97 75=186.24 90=252.93 95=307.71 99=602.11 99.9=1534.97 99.99=2162.69] [UPDATE: Count=34448 Max=31473.66 Min=7.33 Avg=29.39 10=13.23 25=15.13 50=17.95 75=21.74 90=26.48 95=30.75 99=54.81 99.9=1351.68 99.99=23478.27]
2025-04-19 13:32:42 33 sec: 114428 operations; [READ: Count=76390 Max=4816.90 Min=3.00 Avg=145.56 10=46.62 25=78.66 50=121.34 75=183.42 90=250.50 95=305.66 99=612.35 99.9=1568.77 99.99=2162.69] [UPDATE: Count=38038 Max=31473.66 Min=7.33 Avg=29.24 10=13.17 25=15.06 50=17.89 75=21.68 90=26.46 95=30.83 99=56.13 99.9=1326.08 99.99=18382.85]
2025-04-19 13:32:43 34 sec: 126860 operations; [READ: Count=84697 Max=4816.90 Min=2.98 Avg=141.50 10=41.82 25=73.02 50=115.58 75=177.66 90=246.14 95=302.33 99=644.61 99.9=1623.04 99.99=2390.01] [UPDATE: Count=42163 Max=31473.66 Min=7.33 Avg=29.32 10=13.06 25=14.94 50=17.71 75=21.54 90=26.34 95=30.77 99=57.53 99.9=1426.43 99.99=18382.85]
2025-04-19 13:32:44 35 sec: 141654 operations; [READ: Count=94560 Max=4816.90 Min=2.98 Avg=136.05 10=40.86 25=69.25 50=110.78 75=171.78 90=239.36 95=292.86 99=615.42 99.9=1581.06 99.99=2287.61] [UPDATE: Count=47094 Max=31473.66 Min=7.33 Avg=28.47 10=13.00 25=14.87 50=17.63 75=21.45 90=26.22 95=30.57 99=56.86 99.9=1326.08 99.99=16220.16]
2025-04-19 13:32:45 36 sec: 155846 operations; [READ: Count=104082 Max=4816.90 Min=2.98 Avg=131.70 10=40.38 25=65.60 50=106.56 75=166.78 90=234.37 95=286.21 99=587.26 99.9=1544.19 99.99=2256.89] [UPDATE: Count=51764 Max=31473.66 Min=7.33 Avg=28.65 10=13.01 25=14.88 50=17.63 75=21.49 90=26.32 95=30.77 99=59.65 99.9=1719.30 99.99=16220.16]
2025-04-19 13:32:46 37 sec: 172138 operations; [READ: Count=114902 Max=4816.90 Min=2.98 Avg=126.86 10=39.65 25=61.79 50=101.44 75=160.64 90=228.22 95=279.04 99=567.81 99.9=1514.49 99.99=2256.89] [UPDATE: Count=57236 Max=31473.66 Min=7.33 Avg=27.92 10=12.88 25=14.76 50=17.50 75=21.33 90=26.09 95=30.48 99=58.91 99.9=1719.30 99.99=15745.02]
2025-04-19 13:32:47 38 sec: 188399 operations; [READ: Count=125750 Max=4816.90 Min=2.98 Avg=122.95 10=38.72 25=58.49 50=97.28 75=155.01 90=222.97 95=273.15 99=557.57 99.9=1534.97 99.99=2256.89] [UPDATE: Count=62649 Max=31473.66 Min=7.33 Avg=27.11 10=12.78 25=14.65 50=17.38 75=21.20 90=25.92 95=30.14 99=56.29 99.9=1430.53 99.99=15745.02]
2025-04-19 13:32:48 39 sec: 203770 operations; [READ: Count=136006 Max=4816.90 Min=2.98 Avg=119.84 10=37.66 25=55.81 50=93.63 75=150.01 90=218.37 95=268.80 99=562.69 99.9=1568.77 99.99=2287.61] [UPDATE: Count=67764 Max=31473.66 Min=7.20 Avg=27.23 10=12.71 25=14.58 50=17.30 75=21.10 90=25.79 95=29.93 99=55.26 99.9=1470.46 99.99=15548.42]
2025-04-19 13:32:49 40 sec: 220539 operations; [READ: Count=147180 Max=4816.90 Min=2.98 Avg=116.67 10=37.50 25=54.43 50=91.39 75=145.79 90=213.50 95=263.17 99=532.48 99.9=1539.07 99.99=2287.61] [UPDATE: Count=73359 Max=31473.66 Min=7.20 Avg=26.65 10=12.75 25=14.60 50=17.26 75=21.04 90=25.66 95=29.70 99=53.92 99.9=1426.43 99.99=15548.42]
2025-04-19 13:32:50 41 sec: 236940 operations; [READ: Count=158135 Max=4816.90 Min=2.98 Avg=114.10 10=37.44 25=53.53 50=89.66 75=142.34 90=209.02 95=258.18 99=509.44 99.9=1514.49 99.99=2256.89] [UPDATE: Count=78805 Max=31473.66 Min=7.20 Avg=26.21 10=12.78 25=14.63 50=17.30 75=21.05 90=25.63 95=29.60 99=52.16 99.9=1362.94 99.99=14778.37]
2025-04-19 13:32:51 42 sec: 253155 operations; [READ: Count=168928 Max=4816.90 Min=2.98 Avg=111.99 10=37.38 25=52.99 50=88.32 75=139.13 90=205.06 95=253.69 99=494.33 99.9=1480.70 99.99=2252.80] [UPDATE: Count=84227 Max=31473.66 Min=7.20 Avg=25.82 10=12.82 25=14.67 50=17.33 75=21.09 90=25.63 95=29.47 99=51.07 99.9=1226.75 99.99=14778.37]
2025-04-19 13:32:52 43 sec: 268941 operations; [READ: Count=179477 Max=4816.90 Min=2.98 Avg=110.23 10=37.22 25=52.32 50=86.78 75=136.06 90=201.73 95=250.37 99=489.47 99.9=1480.70 99.99=2240.51] [UPDATE: Count=89464 Max=31473.66 Min=7.20 Avg=25.61 10=12.86 25=14.70 50=17.36 75=21.10 90=25.63 95=29.45 99=50.40 99.9=1203.20 99.99=13254.66]
2025-04-19 13:32:53 44 sec: 284856 operations; [READ: Count=190015 Max=4816.90 Min=2.98 Avg=108.71 10=37.02 25=51.71 50=85.50 75=133.38 90=198.53 95=247.29 99=487.42 99.9=1504.26 99.99=2240.51] [UPDATE: Count=94841 Max=31473.66 Min=7.04 Avg=25.35 10=12.85 25=14.69 50=17.34 75=21.07 90=25.60 95=29.39 99=49.89 99.9=1153.02 99.99=13254.66]
2025-04-19 13:32:54 45 sec: 302097 operations; [READ: Count=201566 Max=4816.90 Min=2.98 Avg=106.86 10=36.77 25=51.33 50=84.48 75=130.94 90=194.81 95=243.33 99=470.27 99.9=1478.65 99.99=2217.98] [UPDATE: Count=100531 Max=31473.66 Min=7.04 Avg=24.90 10=12.78 25=14.61 50=17.26 75=21.01 90=25.49 95=29.26 99=48.86 99.9=1052.67 99.99=12443.65]
2025-04-19 13:32:55 46 sec: 318920 operations; [READ: Count=212795 Max=4816.90 Min=2.98 Avg=105.31 10=36.61 25=51.01 50=83.71 75=128.90 90=191.62 95=239.74 99=455.68 99.9=1448.96 99.99=2207.74] [UPDATE: Count=106125 Max=31473.66 Min=7.04 Avg=24.67 10=12.81 25=14.63 50=17.28 75=21.01 90=25.50 95=29.23 99=48.41 99.9=1006.59 99.99=11632.64]
2025-04-19 13:32:56 47 sec: 335736 operations; [READ: Count=223960 Max=4816.90 Min=2.98 Avg=103.93 10=36.35 25=50.75 50=82.94 75=126.97 90=188.93 95=236.54 99=444.16 99.9=1435.65 99.99=2162.69] [UPDATE: Count=111776 Max=31473.66 Min=7.04 Avg=24.46 10=12.81 25=14.63 50=17.26 75=20.99 90=25.47 95=29.18 99=47.94 99.9=992.77 99.99=11632.64]
2025-04-19 13:32:57 48 sec: 352325 operations; [READ: Count=235023 Max=4816.90 Min=2.98 Avg=102.75 10=36.09 25=50.53 50=82.30 75=125.38 90=186.24 95=233.47 99=436.22 99.9=1428.48 99.99=2099.20] [UPDATE: Count=117302 Max=31473.66 Min=7.04 Avg=24.25 10=12.81 25=14.63 50=17.26 75=20.99 90=25.44 95=29.09 99=47.33 99.9=978.94 99.99=11132.93]
2025-04-19 13:32:58 49 sec: 369700 operations; [READ: Count=246560 Max=4816.90 Min=2.98 Avg=101.49 10=35.77 25=50.27 50=81.66 75=123.78 90=183.68 95=230.27 99=424.45 99.9=1414.14 99.99=2142.21] [UPDATE: Count=123140 Max=31473.66 Min=7.04 Avg=23.97 10=12.78 25=14.60 50=17.21 75=20.94 90=25.39 95=29.01 99=46.62 99.9=959.49 99.99=11132.93]
2025-04-19 13:32:59 50 sec: 386151 operations; [READ: Count=257518 Max=4816.90 Min=2.98 Avg=100.50 10=35.42 25=50.05 50=81.02 75=122.37 90=181.50 95=227.71 99=418.05 99.9=1418.24 99.99=2142.21] [UPDATE: Count=128633 Max=31473.66 Min=7.04 Avg=23.94 10=12.78 25=14.59 50=17.21 75=20.94 90=25.39 95=29.01 99=46.62 99.9=958.98 99.99=10403.84]
2025-04-19 13:33:00 51 sec: 403742 operations; [READ: Count=269252 Max=4816.90 Min=2.98 Avg=99.37 10=34.98 25=49.85 50=80.45 75=121.15 90=179.07 95=225.02 99=406.53 99.9=1399.81 99.99=2099.20] [UPDATE: Count=134490 Max=31473.66 Min=7.04 Avg=23.69 10=12.73 25=14.56 50=17.18 75=20.91 90=25.34 95=28.96 99=46.11 99.9=908.80 99.99=10403.84]
2025-04-19 13:33:01 52 sec: 421510 operations; [READ: Count=281122 Max=4816.90 Min=2.98 Avg=98.29 10=34.46 25=49.60 50=79.87 75=120.06 90=177.02 95=222.34 99=397.06 99.9=1379.33 99.99=2099.20] [UPDATE: Count=140388 Max=31473.66 Min=7.04 Avg=23.47 10=12.67 25=14.50 50=17.14 75=20.86 90=25.30 95=28.88 99=45.53 99.9=855.55 99.99=9936.90]
2025-04-19 13:33:02 53 sec: 438349 operations; [READ: Count=292340 Max=5234.69 Min=2.98 Avg=97.47 10=34.05 25=49.50 50=79.49 75=119.10 90=175.10 95=219.90 99=387.33 99.9=1372.16 99.99=2099.20] [UPDATE: Count=146009 Max=31473.66 Min=7.04 Avg=23.39 10=12.70 25=14.54 50=17.17 75=20.88 90=25.33 95=28.93 99=45.44 99.9=852.48 99.99=9920.51]
2025-04-19 13:33:03 54 sec: 456445 operations; [READ: Count=304486 Max=5234.69 Min=2.98 Avg=96.43 10=33.31 25=49.28 50=78.91 75=118.02 90=173.06 95=217.34 99=379.13 99.9=1355.78 99.99=2099.20] [UPDATE: Count=151959 Max=31473.66 Min=7.04 Avg=23.22 10=12.65 25=14.49 50=17.12 75=20.83 90=25.28 95=28.85 99=45.22 99.9=852.48 99.99=9920.51]
2025-04-19 13:33:04 55 sec: 474682 operations; [READ: Count=316679 Max=5234.69 Min=2.61 Avg=95.40 10=32.51 25=48.99 50=78.33 75=116.86 90=171.01 95=214.91 99=372.22 99.9=1340.41 99.99=2075.65] [UPDATE: Count=158003 Max=31473.66 Min=7.04 Avg=23.18 10=12.60 25=14.43 50=17.05 75=20.77 90=25.23 95=28.80 99=45.22 99.9=838.65 99.99=9920.51]
2025-04-19 13:33:05 56 sec: 494594 operations; [READ: Count=329909 Max=5234.69 Min=2.61 Avg=94.21 10=31.30 25=48.67 50=77.57 75=115.39 90=168.70 95=212.35 99=365.31 99.9=1325.06 99.99=2074.62] [UPDATE: Count=164685 Max=31473.66 Min=7.04 Avg=22.92 10=12.54 25=14.36 50=16.98 75=20.69 90=25.14 95=28.67 99=44.64 99.9=805.38 99.99=9920.51]
2025-04-19 13:33:06 57 sec: 515819 operations; [READ: Count=344032 Max=5234.69 Min=2.61 Avg=92.84 10=29.28 25=48.16 50=76.54 75=113.79 90=166.40 95=209.53 99=357.38 99.9=1305.60 99.99=2067.45] [UPDATE: Count=171787 Max=31473.66 Min=7.04 Avg=22.70 10=12.46 25=14.28 50=16.89 75=20.59 90=25.04 95=28.54 99=44.32 99.9=752.13 99.99=9748.48]
2025-04-19 13:33:07 58 sec: 540547 operations; [READ: Count=360481 Max=5234.69 Min=2.59 Avg=90.89 10=25.63 25=47.13 50=74.50 75=111.42 90=163.58 95=206.59 99=348.93 99.9=1282.05 99.99=2063.36] [UPDATE: Count=180066 Max=31473.66 Min=7.04 Avg=22.49 10=12.41 25=14.25 50=16.85 75=20.53 90=24.94 95=28.43 99=43.90 99.9=745.98 99.99=9297.92]
2025-04-19 13:33:08 59 sec: 566304 operations; [READ: Count=377581 Max=5234.69 Min=2.59 Avg=88.95 10=22.22 25=46.11 50=72.38 75=108.99 90=160.77 95=203.65 99=342.53 99.9=1260.54 99.99=2059.26] [UPDATE: Count=188723 Max=31473.66 Min=7.04 Avg=22.29 10=12.45 25=14.27 50=16.86 75=20.51 90=24.89 95=28.32 99=43.36 99.9=714.75 99.99=9150.46]
2025-04-19 13:33:09 60 sec: 590239 operations; [READ: Count=393559 Max=5234.69 Min=2.59 Avg=87.33 10=20.18 25=45.31 50=70.91 75=107.01 90=158.21 95=200.96 99=336.64 99.9=1239.04 99.99=2039.81] [UPDATE: Count=196680 Max=31473.66 Min=7.04 Avg=22.36 10=12.47 25=14.30 50=16.88 75=20.51 90=24.88 95=28.29 99=43.30 99.9=722.94 99.99=9297.92]
2025-04-19 13:33:10 61 sec: 615570 operations; [READ: Count=410466 Max=5234.69 Min=2.59 Avg=85.72 10=18.72 25=44.58 50=69.57 75=104.89 90=155.65 95=198.40 99=330.50 99.9=1211.39 99.99=2035.71] [UPDATE: Count=205104 Max=31473.66 Min=7.04 Avg=22.21 10=12.49 25=14.33 50=16.89 75=20.51 90=24.85 95=28.22 99=43.01 99.9=701.95 99.99=9150.46]
2025-04-19 13:33:11 62 sec: 641012 operations; [READ: Count=427460 Max=5234.69 Min=2.59 Avg=84.23 10=17.63 25=43.94 50=68.42 75=102.91 90=153.22 95=195.71 99=325.12 99.9=1187.84 99.99=2024.45] [UPDATE: Count=213552 Max=31473.66 Min=7.04 Avg=22.08 10=12.51 25=14.35 50=16.93 75=20.51 90=24.82 95=28.16 99=42.72 99.9=692.22 99.99=9150.46]
2025-04-19 13:33:12 63 sec: 672645 operations; [READ: Count=448577 Max=5234.69 Min=2.59 Avg=82.03 10=16.56 25=42.49 50=65.98 75=100.61 90=150.40 95=192.77 99=319.23 99.9=1167.36 99.99=2007.04] [UPDATE: Count=224068 Max=31473.66 Min=7.04 Avg=21.85 10=12.50 25=14.30 50=16.85 75=20.41 90=24.67 95=28.00 99=42.17 99.9=680.45 99.99=8929.28]
2025-04-19 13:33:13 64 sec: 705201 operations; [READ: Count=470199 Max=5234.69 Min=2.59 Avg=79.83 10=15.68 25=41.22 50=63.10 75=98.37 90=147.71 95=189.69 99=313.86 99.9=1143.81 99.99=2001.92] [UPDATE: Count=235002 Max=31473.66 Min=7.04 Avg=21.80 10=12.49 25=14.25 50=16.77 75=20.32 90=24.53 95=27.84 99=41.98 99.9=684.54 99.99=8749.06]
2025-04-19 13:33:14 65 sec: 738721 operations; [READ: Count=492519 Max=5234.69 Min=2.59 Avg=77.75 10=14.97 25=40.16 50=59.94 75=96.13 90=144.90 95=186.75 99=309.25 99.9=1123.33 99.99=1996.80] [UPDATE: Count=246202 Max=31473.66 Min=7.04 Avg=21.68 10=12.49 25=14.21 50=16.69 75=20.24 90=24.41 95=27.71 99=41.95 99.9=684.54 99.99=8470.53]
2025-04-19 13:33:15 66 sec: 770742 operations; [READ: Count=513868 Max=5234.69 Min=2.59 Avg=75.85 10=14.33 25=39.13 50=56.99 75=94.14 90=142.46 95=184.19 99=304.38 99.9=1101.82 99.99=1992.70] [UPDATE: Count=256874 Max=31473.66 Min=7.04 Avg=21.91 10=12.41 25=14.13 50=16.59 75=20.13 90=24.29 95=27.60 99=41.98 99.9=701.95 99.99=8929.28]
2025-04-19 13:33:16 67 sec: 811485 operations; [READ: Count=541021 Max=5234.69 Min=2.46 Avg=73.49 10=13.52 25=37.70 50=53.73 75=91.71 90=139.52 95=180.99 99=299.01 99.9=1078.27 99.99=1977.34] [UPDATE: Count=270464 Max=31473.66 Min=7.01 Avg=21.51 10=12.08 25=13.89 50=16.38 75=19.89 90=24.08 95=27.38 99=41.50 99.9=684.03 99.99=8773.63]
2025-04-19 13:33:17 68 sec: 852618 operations; [READ: Count=568463 Max=5234.69 Min=2.46 Avg=71.31 10=12.86 25=36.45 50=51.01 75=89.34 90=136.57 95=178.05 99=293.89 99.9=1051.65 99.99=1973.25] [UPDATE: Count=284155 Max=31473.66 Min=6.83 Avg=21.15 10=11.80 25=13.67 50=16.19 75=19.68 90=23.87 95=27.17 99=40.99 99.9=664.06 99.99=8749.06]
2025-04-19 13:33:18 69 sec: 893618 operations; [READ: Count=595708 Max=5234.69 Min=2.18 Avg=69.36 10=12.34 25=35.42 50=48.77 75=86.97 90=134.01 95=175.23 99=288.77 99.9=1032.19 99.99=1948.67] [UPDATE: Count=297910 Max=31473.66 Min=6.83 Avg=20.82 10=11.57 25=13.46 50=16.01 75=19.49 90=23.70 95=26.98 99=40.51 99.9=646.65 99.99=8032.26]
2025-04-19 13:33:19 70 sec: 933478 operations; [READ: Count=622222 Max=5234.69 Min=2.18 Avg=67.66 10=11.91 25=34.62 50=47.04 75=84.93 90=131.58 95=172.80 99=284.93 99.9=1006.08 99.99=1922.05] [UPDATE: Count=311256 Max=31473.66 Min=6.83 Avg=20.54 10=11.41 25=13.28 50=15.86 75=19.33 90=23.52 95=26.82 99=40.13 99.9=632.32 99.99=7880.70]
2025-04-19 13:33:20 71 sec: 971024 operations; [READ: Count=647214 Max=5234.69 Min=2.18 Avg=66.27 10=11.56 25=33.98 50=45.63 75=83.07 90=129.47 95=170.62 99=283.13 99.9=993.79 99.99=1908.73] [UPDATE: Count=323810 Max=31473.66 Min=6.83 Avg=20.31 10=11.29 25=13.12 50=15.72 75=19.17 90=23.36 95=26.62 99=39.71 99.9=619.52 99.99=7880.70]
2025-04-19 13:33:21 72 sec: 1011179 operations; [READ: Count=673961 Max=5234.69 Min=2.18 Avg=64.81 10=11.24 25=33.44 50=44.38 75=81.28 90=127.23 95=168.06 99=279.55 99.9=975.87 99.99=1899.52] [UPDATE: Count=337218 Max=31473.66 Min=6.70 Avg=20.05 10=11.17 25=12.94 50=15.57 75=19.01 90=23.20 95=26.45 99=39.33 99.9=595.97 99.99=7565.31]
2025-04-19 13:33:22 73 sec: 1047910 operations; [READ: Count=698420 Max=5234.69 Min=2.18 Avg=63.68 10=11.02 25=33.02 50=43.42 75=79.74 90=125.38 95=166.14 99=277.50 99.9=969.73 99.99=1883.13] [UPDATE: Count=349490 Max=31473.66 Min=6.70 Avg=19.86 10=11.10 25=12.84 50=15.48 75=18.88 90=23.07 95=26.30 99=39.04 99.9=574.98 99.99=7536.64]
2025-04-19 13:33:23 74 sec: 1081850 operations; [READ: Count=721014 Max=5234.69 Min=2.18 Avg=62.79 10=10.87 25=32.73 50=42.72 75=78.40 90=123.71 95=164.48 99=276.22 99.9=971.26 99.99=1876.99] [UPDATE: Count=360836 Max=31473.66 Min=6.70 Avg=19.72 10=11.08 25=12.80 50=15.42 75=18.80 90=22.96 95=26.16 99=38.75 99.9=563.20 99.99=7135.23]
2025-04-19 13:33:24 75 sec: 1118686 operations; [READ: Count=745631 Max=5234.69 Min=2.18 Avg=61.77 10=10.70 25=32.41 50=42.02 75=77.06 90=121.98 95=162.56 99=273.66 99.9=960.51 99.99=1872.89] [UPDATE: Count=373055 Max=31473.66 Min=6.70 Avg=19.56 10=11.03 25=12.72 50=15.34 75=18.70 90=22.85 95=26.05 99=38.53 99.9=551.93 99.99=6991.87]
2025-04-19 13:33:25 76 sec: 1148533 operations; [READ: Count=765465 Max=5234.69 Min=2.18 Avg=61.23 10=10.62 25=32.26 50=41.57 75=76.03 90=120.83 95=161.41 99=274.18 99.9=983.55 99.99=1866.75] [UPDATE: Count=383068 Max=31473.66 Min=6.70 Avg=19.47 10=11.04 25=12.72 50=15.31 75=18.66 90=22.78 95=25.95 99=38.34 99.9=539.65 99.99=6914.05]
2025-04-19 13:33:26 77 sec: 1181906 operations; [READ: Count=787718 Max=5234.69 Min=2.18 Avg=60.51 10=10.54 25=32.06 50=41.15 75=74.88 90=119.36 95=159.74 99=272.38 99.9=985.60 99.99=1874.94] [UPDATE: Count=394188 Max=31473.66 Min=6.70 Avg=19.38 10=11.05 25=12.73 50=15.29 75=18.62 90=22.69 95=25.86 99=38.17 99.9=531.97 99.99=6864.90]
2025-04-19 13:33:27 78 sec: 1218384 operations; [READ: Count=812032 Max=5234.69 Min=2.18 Avg=59.68 10=10.39 25=31.76 50=40.64 75=73.66 90=117.89 95=157.95 99=270.85 99.9=975.87 99.99=1872.89] [UPDATE: Count=406352 Max=31473.66 Min=6.70 Avg=19.23 10=10.99 25=12.65 50=15.21 75=18.51 90=22.57 95=25.73 99=37.92 99.9=520.70 99.99=6512.64]
2025-04-19 13:33:28 79 sec: 1249440 operations; [READ: Count=832730 Max=5234.69 Min=2.18 Avg=59.18 10=10.32 25=31.55 50=40.32 75=72.77 90=116.80 95=156.93 99=271.36 99.9=983.04 99.99=1866.75] [UPDATE: Count=416710 Max=31473.66 Min=6.70 Avg=19.13 10=10.97 25=12.60 50=15.17 75=18.46 90=22.50 95=25.65 99=37.76 99.9=512.77 99.99=6193.15]
2025-04-19 13:33:29 80 sec: 1282044 operations; [READ: Count=854549 Max=5234.69 Min=2.18 Avg=58.59 10=10.26 25=31.36 50=40.06 75=71.81 90=115.65 95=155.65 99=270.33 99.9=975.87 99.99=1866.75] [UPDATE: Count=427495 Max=31473.66 Min=6.70 Avg=19.08 10=10.96 25=12.59 50=15.14 75=18.43 90=22.45 95=25.57 99=37.60 99.9=508.67 99.99=6148.10]
2025-04-19 13:33:30 81 sec: 1312992 operations; [READ: Count=875240 Max=5234.69 Min=2.18 Avg=58.12 10=10.23 25=31.20 50=39.87 75=70.97 90=114.69 95=154.37 99=269.82 99.9=973.82 99.99=1859.58] [UPDATE: Count=437752 Max=31473.66 Min=6.70 Avg=19.03 10=10.96 25=12.59 50=15.13 75=18.41 90=22.40 95=25.50 99=37.53 99.9=505.09 99.99=6139.90]
2025-04-19 13:33:31 82 sec: 1338668 operations; [READ: Count=892348 Max=5234.69 Min=2.18 Avg=57.93 10=10.21 25=31.04 50=39.74 75=70.33 90=114.05 95=153.85 99=271.62 99.9=990.21 99.99=1866.75] [UPDATE: Count=446320 Max=31473.66 Min=6.56 Avg=19.01 10=10.95 25=12.59 50=15.13 75=18.40 90=22.37 95=25.47 99=37.57 99.9=501.50 99.99=5951.49]
2025-04-19 13:33:32 83 sec: 1368050 operations; [READ: Count=911917 Max=5234.69 Min=2.18 Avg=57.57 10=10.21 25=30.88 50=39.65 75=69.69 90=113.34 95=152.83 99=271.10 99.9=982.01 99.99=1859.58] [UPDATE: Count=456133 Max=31473.66 Min=6.56 Avg=18.97 10=10.94 25=12.57 50=15.12 75=18.38 90=22.34 95=25.42 99=37.53 99.9=500.48 99.99=5873.66]
2025-04-19 13:33:33 84 sec: 1393745 operations; [READ: Count=929059 Max=5234.69 Min=2.18 Avg=57.40 10=10.23 25=30.70 50=39.55 75=69.25 90=112.83 95=152.19 99=273.15 99.9=986.62 99.99=1845.25] [UPDATE: Count=464686 Max=31473.66 Min=6.56 Avg=18.93 10=10.93 25=12.57 50=15.10 75=18.35 90=22.29 95=25.38 99=37.47 99.9=496.13 99.99=5873.66]
2025-04-19 13:33:34 85 sec: 1422690 operations; [READ: Count=948317 Max=5234.69 Min=2.18 Avg=57.10 10=10.26 25=30.53 50=39.45 75=68.80 90=112.19 95=151.17 99=272.38 99.9=979.97 99.99=1840.13] [UPDATE: Count=474373 Max=31473.66 Min=6.56 Avg=18.88 10=10.93 25=12.57 50=15.09 75=18.32 90=22.25 95=25.31 99=37.47 99.9=489.21 99.99=5746.69]
2025-04-19 13:33:35 86 sec: 1453477 operations; [READ: Count=968851 Max=5234.69 Min=2.18 Avg=56.72 10=10.26 25=30.27 50=39.30 75=68.16 90=111.49 95=150.14 99=271.36 99.9=975.36 99.99=1837.06] [UPDATE: Count=484626 Max=31473.66 Min=6.56 Avg=18.82 10=10.92 25=12.55 50=15.05 75=18.27 90=22.19 95=25.26 99=37.53 99.9=485.89 99.99=5464.06]
2025-04-19 13:33:36 87 sec: 1480368 operations; [READ: Count=986709 Max=5234.69 Min=2.18 Avg=56.52 10=10.24 25=30.03 50=39.13 75=67.52 90=110.97 95=149.63 99=273.41 99.9=980.48 99.99=1833.98] [UPDATE: Count=493659 Max=31473.66 Min=6.51 Avg=18.80 10=10.88 25=12.51 50=15.01 75=18.22 90=22.14 95=25.21 99=37.60 99.9=483.58 99.99=5873.66]
2025-04-19 13:33:37 88 sec: 1500352 operations; [READ: Count=1000000 Max=5234.69 Min=2.18 Avg=56.19 10=10.20 25=29.79 50=38.98 75=67.07 90=110.46 95=148.86 99=271.87 99.9=975.87 99.99=1833.98] [UPDATE: Count=500352 Max=31473.66 Min=6.51 Avg=18.73 10=10.83 25=12.46 50=14.96 75=18.18 90=22.09 95=25.18 99=37.63 99.9=480.25 99.99=5746.69]
2025-04-19 13:33:38 89 sec: 1500352 operations; [READ: Count=1000000 Max=5234.69 Min=2.18 Avg=56.19 10=10.20 25=29.79 50=38.98 75=67.07 90=110.46 95=148.86 99=271.87 99.9=975.87 99.99=1833.98] [UPDATE: Count=500352 Max=31473.66 Min=6.51 Avg=18.73 10=10.83 25=12.46 50=14.96 75=18.18 90=22.09 95=25.18 99=37.63 99.9=480.25 99.99=5746.69]
2025-04-19 13:33:39 90 sec: 1500352 operations; [READ: Count=1000000 Max=5234.69 Min=2.18 Avg=56.19 10=10.20 25=29.79 50=38.98 75=67.07 90=110.46 95=148.86 99=271.87 99.9=975.87 99.99=1833.98] [UPDATE: Count=500352 Max=31473.66 Min=6.51 Avg=18.73 10=10.83 25=12.46 50=14.96 75=18.18 90=22.09 95=25.18 99=37.63 99.9=480.25 99.99=5746.69]
2025-04-19 13:33:40 91 sec: 1500352 operations; [READ: Count=1000000 Max=5234.69 Min=2.18 Avg=56.19 10=10.20 25=29.79 50=38.98 75=67.07 90=110.46 95=148.86 99=271.87 99.9=975.87 99.99=1833.98] [UPDATE: Count=500352 Max=31473.66 Min=6.51 Avg=18.73 10=10.83 25=12.46 50=14.96 75=18.18 90=22.09 95=25.18 99=37.63 99.9=480.25 99.99=5746.69]
2025-04-19 13:33:41 91 sec: 1500352 operations; [READ: Count=1000000 Max=5234.69 Min=2.18 Avg=56.19 10=10.20 25=29.79 50=38.98 75=67.07 90=110.46 95=148.86 99=271.87 99.9=975.87 99.99=1833.98] [UPDATE: Count=500352 Max=31473.66 Min=6.51 Avg=18.73 10=10.83 25=12.46 50=14.96 75=18.18 90=22.09 95=25.18 99=37.63 99.9=480.25 99.99=5746.69]
Run runtime(sec): 91.7595
Run operations(ops): 1000000
Run throughput(ops/sec): 10898
