Running scope as unit: run-r15998e51bff349e0a25a3bb0699d3bb6.scope
load file:/home/user/DataFiles/silesia_data/silesia.tar
2025-04-19 13:32:09 0 sec: 0 operations;
2025-04-19 13:32:10 1 sec: 0 operations;
2025-04-19 13:32:11 2 sec: 0 operations;
2025-04-19 13:32:12 3 sec: 0 operations;
2025-04-19 13:32:13 4 sec: 0 operations;
2025-04-19 13:32:14 5 sec: 0 operations;
2025-04-19 13:32:15 6 sec: 0 operations;
2025-04-19 13:32:16 7 sec: 0 operations;
2025-04-19 13:32:17 8 sec: 0 operations;
2025-04-19 13:32:18 9 sec: 0 operations;
2025-04-19 13:32:19 10 sec: 0 operations;
2025-04-19 13:32:20 11 sec: 0 operations;
2025-04-19 13:32:21 12 sec: 0 operations;
2025-04-19 13:32:22 13 sec: 0 operations;
2025-04-19 13:32:23 14 sec: 0 operations;
2025-04-19 13:32:24 15 sec: 0 operations;
2025-04-19 13:32:25 16 sec: 0 operations;
2025-04-19 13:32:26 17 sec: 0 operations;
2025-04-19 13:32:27 18 sec: 0 operations;
2025-04-19 13:32:28 19 sec: 0 operations;
2025-04-19 13:32:29 20 sec: 0 operations;
2025-04-19 13:32:30 21 sec: 0 operations;
2025-04-19 13:32:31 22 sec: 5713 operations; [READ: Count=3809 Max=2177.02 Min=4.46 Avg=115.34 10=42.40 25=57.09 50=83.14 75=129.98 90=180.09 95=234.11 99=885.76 99.9=1787.90 99.99=2177.02] [UPDATE: Count=1904 Max=556.54 Min=8.39 Avg=17.95 10=11.54 25=13.18 50=15.94 75=19.26 90=23.38 95=26.56 99=46.85 99.9=194.81 99.99=556.54]
2025-04-19 13:32:32 23 sec: 16275 operations; [READ: Count=10900 Max=2177.02 Min=3.98 Avg=124.98 10=45.85 25=69.76 50=105.02 75=157.31 90=215.17 95=255.87 99=375.30 99.9=1516.54 99.99=2046.97] [UPDATE: Count=5375 Max=556.54 Min=8.39 Avg=18.72 10=12.73 25=14.69 50=17.28 75=20.64 90=25.14 95=28.21 99=39.20 99.9=150.78 99.99=555.52]
2025-04-19 13:32:33 24 sec: 27030 operations; [READ: Count=18084 Max=2177.02 Min=3.49 Avg=126.27 10=47.33 25=73.53 50=110.85 75=162.30 90=216.45 95=253.95 99=339.45 99.9=1330.17 99.99=2040.83] [UPDATE: Count=8946 Max=605.70 Min=8.05 Avg=18.89 10=12.89 25=14.73 50=17.31 75=20.80 90=25.31 95=28.53 99=41.41 99.9=123.39 99.99=556.54]
2025-04-19 13:32:34 25 sec: 37908 operations; [READ: Count=25295 Max=2177.02 Min=3.24 Avg=126.60 10=47.97 25=75.20 50=112.64 75=163.33 90=216.45 95=252.29 99=334.33 99.9=1187.84 99.99=1943.55] [UPDATE: Count=12613 Max=605.70 Min=7.99 Avg=19.00 10=13.01 25=14.82 50=17.44 75=20.93 90=25.44 95=28.53 99=41.25 99.9=123.39 99.99=562.17]
2025-04-19 13:32:35 26 sec: 48701 operations; [READ: Count=32528 Max=2177.02 Min=3.24 Avg=126.69 10=48.00 25=75.90 50=113.73 75=163.84 90=216.83 95=251.90 99=331.77 99.9=1056.77 99.99=1943.55] [UPDATE: Count=16173 Max=688.13 Min=7.78 Avg=19.17 10=13.22 25=15.02 50=17.55 75=21.04 90=25.47 95=28.56 99=40.86 99.9=148.48 99.99=562.17]
2025-04-19 13:32:36 27 sec: 58587 operations; [READ: Count=39113 Max=2177.02 Min=3.24 Avg=127.91 10=47.97 25=75.90 50=113.09 75=162.94 90=217.34 95=256.38 99=381.69 99.9=1037.82 99.99=1787.90] [UPDATE: Count=19474 Max=31227.90 Min=7.78 Avg=21.47 10=13.29 25=15.13 50=17.68 75=21.25 90=25.74 95=28.96 99=43.90 99.9=179.97 99.99=3530.75]
2025-04-19 13:32:37 28 sec: 67000 operations; [READ: Count=44698 Max=2746.37 Min=3.24 Avg=128.79 10=47.65 25=75.71 50=112.32 75=161.92 90=217.85 95=258.81 99=443.65 99.9=1102.85 99.99=1989.63] [UPDATE: Count=22302 Max=32112.64 Min=7.78 Avg=29.40 10=13.30 25=15.15 50=17.74 75=21.42 90=26.09 95=29.61 99=49.76 99.9=447.74 99.99=31227.90]
2025-04-19 13:32:38 29 sec: 77114 operations; [READ: Count=51452 Max=2746.37 Min=3.24 Avg=129.67 10=48.13 25=76.86 50=114.17 75=163.71 90=219.52 95=259.33 99=414.72 99.9=1037.82 99.99=1943.55] [UPDATE: Count=25662 Max=32112.64 Min=7.78 Avg=28.46 10=13.46 25=15.34 50=17.98 75=21.74 90=26.53 95=30.11 99=50.59 99.9=376.06 99.99=25575.42]
2025-04-19 13:32:39 30 sec: 87192 operations; [READ: Count=58212 Max=2746.37 Min=3.24 Avg=130.32 10=48.67 25=77.89 50=115.71 75=165.25 90=220.54 95=259.84 99=396.80 99.9=996.86 99.99=1943.55] [UPDATE: Count=28980 Max=32112.64 Min=7.78 Avg=27.75 10=13.60 25=15.57 50=18.27 75=22.14 90=27.07 95=30.86 99=50.02 99.9=346.62 99.99=25575.42]
2025-04-19 13:32:40 31 sec: 97500 operations; [READ: Count=65126 Max=2746.37 Min=3.24 Avg=130.53 10=48.67 25=78.53 50=116.48 75=166.01 90=221.18 95=260.35 99=387.58 99.9=953.86 99.99=1787.90] [UPDATE: Count=32374 Max=32112.64 Min=7.46 Avg=27.17 10=13.62 25=15.60 50=18.35 75=22.24 90=27.21 95=30.96 99=49.76 99.9=376.06 99.99=25575.42]
2025-04-19 13:32:41 32 sec: 106814 operations; [READ: Count=71313 Max=3997.70 Min=3.24 Avg=131.63 10=48.48 25=78.59 50=116.48 75=165.76 90=221.44 95=260.86 99=402.69 99.9=1260.54 99.99=2046.97] [UPDATE: Count=35501 Max=32112.64 Min=7.46 Avg=27.70 10=13.68 25=15.70 50=18.50 75=22.43 90=27.47 95=31.20 99=49.95 99.9=538.11 99.99=24379.39]
2025-04-19 13:32:42 33 sec: 116197 operations; [READ: Count=77597 Max=3997.70 Min=3.24 Avg=132.24 10=48.09 25=78.14 50=115.78 75=164.74 90=220.93 95=261.25 99=443.65 99.9=1424.38 99.99=2177.02] [UPDATE: Count=38600 Max=32112.64 Min=7.46 Avg=28.47 10=13.72 25=15.76 50=18.54 75=22.51 90=27.52 95=31.30 99=51.49 99.9=583.68 99.99=24379.39]
2025-04-19 13:32:43 34 sec: 126687 operations; [READ: Count=84587 Max=3997.70 Min=3.24 Avg=132.05 10=47.97 25=78.27 50=116.09 75=165.25 90=221.06 95=260.99 99=420.10 99.9=1395.71 99.99=2177.02] [UPDATE: Count=42100 Max=32112.64 Min=7.46 Avg=28.07 10=13.70 25=15.75 50=18.56 75=22.56 90=27.55 95=31.39 99=51.87 99.9=605.70 99.99=24379.39]
2025-04-19 13:32:44 35 sec: 136989 operations; [READ: Count=91484 Max=3997.70 Min=3.24 Avg=131.95 10=47.74 25=78.59 50=116.61 75=165.76 90=221.18 95=260.86 99=407.04 99.9=1362.94 99.99=2072.57] [UPDATE: Count=45505 Max=32112.64 Min=7.46 Avg=27.93 10=13.69 25=15.75 50=18.59 75=22.61 90=27.66 95=31.63 99=52.86 99.9=688.13 99.99=18317.31]
2025-04-19 13:32:45 36 sec: 148931 operations; [READ: Count=99443 Max=3997.70 Min=3.24 Avg=129.93 10=46.53 25=76.54 50=114.69 75=163.84 90=219.65 95=259.33 99=400.38 99.9=1341.44 99.99=2067.45] [UPDATE: Count=49488 Max=32112.64 Min=7.35 Avg=28.46 10=13.57 25=15.66 50=18.56 75=22.64 90=27.79 95=31.89 99=56.22 99.9=1259.52 99.99=18317.31]
2025-04-19 13:32:46 37 sec: 162826 operations; [READ: Count=108733 Max=3997.70 Min=3.24 Avg=127.04 10=44.13 25=73.02 50=111.23 75=160.77 90=216.57 95=256.51 99=400.38 99.9=1354.75 99.99=2067.45] [UPDATE: Count=54093 Max=32112.64 Min=7.35 Avg=27.75 10=13.47 25=15.54 50=18.41 75=22.48 90=27.55 95=31.63 99=55.23 99.9=1172.48 99.99=18317.31]
2025-04-19 13:32:47 38 sec: 176756 operations; [READ: Count=117985 Max=3997.70 Min=2.82 Avg=124.32 10=42.46 25=70.02 50=108.42 75=157.69 90=213.76 95=253.18 99=394.24 99.9=1367.04 99.99=2067.45] [UPDATE: Count=58771 Max=32112.64 Min=6.86 Avg=27.78 10=13.38 25=15.48 50=18.37 75=22.40 90=27.47 95=31.55 99=53.85 99.9=1156.10 99.99=16130.05]
2025-04-19 13:32:48 39 sec: 192508 operations; [READ: Count=128489 Max=3997.70 Min=2.70 Avg=120.98 10=40.26 25=66.56 50=104.70 75=154.11 90=210.43 95=249.22 99=385.79 99.9=1353.73 99.99=2046.97] [UPDATE: Count=64019 Max=32112.64 Min=6.86 Avg=27.21 10=13.16 25=15.26 50=18.14 75=22.14 90=27.18 95=31.17 99=52.51 99.9=1153.02 99.99=16130.05]
2025-04-19 13:32:49 40 sec: 208118 operations; [READ: Count=138941 Max=3997.70 Min=2.70 Avg=118.28 10=39.17 25=64.19 50=102.27 75=151.42 90=207.36 95=246.27 99=374.27 99.9=1337.34 99.99=2046.97] [UPDATE: Count=69177 Max=32112.64 Min=6.86 Avg=26.56 10=13.09 25=15.13 50=18.00 75=21.95 90=26.93 95=30.91 99=51.10 99.9=1114.11 99.99=15597.57]
2025-04-19 13:32:50 41 sec: 223616 operations; [READ: Count=149288 Max=3997.70 Min=2.70 Avg=116.03 10=38.37 25=62.30 50=100.16 75=148.99 90=204.80 95=243.71 99=363.26 99.9=1308.67 99.99=2040.83] [UPDATE: Count=74328 Max=32112.64 Min=6.86 Avg=26.04 10=13.00 25=15.01 50=17.86 75=21.79 90=26.72 95=30.66 99=50.17 99.9=983.55 99.99=15597.57]
2025-04-19 13:32:51 42 sec: 239596 operations; [READ: Count=159890 Max=3997.70 Min=2.70 Avg=113.89 10=37.66 25=60.58 50=98.11 75=146.69 90=201.98 95=240.77 99=354.05 99.9=1260.54 99.99=2023.42] [UPDATE: Count=79706 Max=32112.64 Min=6.86 Avg=25.50 10=12.97 25=14.93 50=17.74 75=21.66 90=26.54 95=30.38 99=49.18 99.9=882.17 99.99=12959.74]
2025-04-19 13:32:52 43 sec: 255607 operations; [READ: Count=170554 Max=3997.70 Min=2.70 Avg=111.88 10=37.05 25=59.01 50=96.32 75=144.38 90=199.29 95=238.08 99=347.90 99.9=1229.82 99.99=2017.28] [UPDATE: Count=85053 Max=32112.64 Min=6.86 Avg=25.21 10=12.95 25=14.86 50=17.63 75=21.57 90=26.38 95=30.22 99=48.48 99.9=881.66 99.99=11927.55]
2025-04-19 13:32:53 44 sec: 271862 operations; [READ: Count=181435 Max=3997.70 Min=2.70 Avg=110.00 10=36.38 25=57.50 50=94.72 75=142.21 90=196.86 95=235.52 99=341.76 99.9=1212.41 99.99=1995.78] [UPDATE: Count=90427 Max=32112.64 Min=6.86 Avg=24.91 10=12.94 25=14.80 50=17.55 75=21.49 90=26.27 95=30.06 99=47.87 99.9=881.66 99.99=11927.55]
2025-04-19 13:32:54 45 sec: 287523 operations; [READ: Count=191900 Max=3997.70 Min=2.70 Avg=108.63 10=35.90 25=56.48 50=93.50 75=140.80 90=195.07 95=233.34 99=336.64 99.9=1188.86 99.99=1989.63] [UPDATE: Count=95623 Max=32112.64 Min=6.86 Avg=24.57 10=12.94 25=14.78 50=17.50 75=21.41 90=26.18 95=29.90 99=47.07 99.9=820.22 99.99=11182.08]
2025-04-19 13:32:55 46 sec: 303047 operations; [READ: Count=202303 Max=3997.70 Min=2.70 Avg=107.39 10=35.58 25=55.62 50=92.48 75=139.52 90=193.41 95=231.55 99=332.54 99.9=1163.26 99.99=1977.34] [UPDATE: Count=100744 Max=32112.64 Min=6.86 Avg=24.35 10=12.94 25=14.77 50=17.47 75=21.38 90=26.13 95=29.84 99=46.88 99.9=814.08 99.99=11182.08]
2025-04-19 13:32:56 47 sec: 318876 operations; [READ: Count=212868 Max=3997.70 Min=2.70 Avg=106.21 10=35.17 25=54.78 50=91.45 75=138.24 90=191.87 95=229.76 99=329.21 99.9=1138.69 99.99=1967.10] [UPDATE: Count=106008 Max=32112.64 Min=6.86 Avg=24.09 10=12.92 25=14.73 50=17.41 75=21.33 90=26.03 95=29.71 99=46.37 99.9=778.75 99.99=10444.80]
2025-04-19 13:32:57 48 sec: 334891 operations; [READ: Count=223531 Max=3997.70 Min=2.70 Avg=105.09 10=34.72 25=54.05 50=90.56 75=136.96 90=190.21 95=228.09 99=325.63 99.9=1125.38 99.99=1957.89] [UPDATE: Count=111360 Max=32112.64 Min=6.86 Avg=23.86 10=12.89 25=14.70 50=17.36 75=21.26 90=25.93 95=29.60 99=46.05 99.9=771.58 99.99=10444.80]
2025-04-19 13:32:58 49 sec: 350605 operations; [READ: Count=233966 Max=3997.70 Min=2.70 Avg=104.10 10=34.34 25=53.41 50=89.73 75=135.81 90=188.80 95=226.69 99=322.56 99.9=1105.92 99.99=1955.84] [UPDATE: Count=116639 Max=32112.64 Min=6.86 Avg=23.81 10=12.86 25=14.66 50=17.33 75=21.20 90=25.87 95=29.54 99=45.98 99.9=760.32 99.99=10387.45]
2025-04-19 13:32:59 50 sec: 366381 operations; [READ: Count=244502 Max=3997.70 Min=2.70 Avg=103.24 10=33.95 25=52.86 50=89.02 75=134.91 90=187.78 95=225.41 99=320.00 99.9=1068.03 99.99=1945.60] [UPDATE: Count=121879 Max=32112.64 Min=6.86 Avg=23.59 10=12.86 25=14.64 50=17.26 75=21.15 90=25.79 95=29.41 99=45.50 99.9=738.82 99.99=10387.45]
2025-04-19 13:33:00 51 sec: 382198 operations; [READ: Count=255010 Max=3997.70 Min=2.70 Avg=102.45 10=33.63 25=52.38 50=88.45 75=134.01 90=186.62 95=224.13 99=317.69 99.9=1060.86 99.99=1928.19] [UPDATE: Count=127188 Max=32112.64 Min=6.86 Avg=23.41 10=12.86 25=14.63 50=17.25 75=21.10 90=25.73 95=29.31 99=45.22 99.9=738.82 99.99=10010.62]
2025-04-19 13:33:01 52 sec: 398057 operations; [READ: Count=265558 Max=3997.70 Min=2.70 Avg=101.72 10=33.18 25=51.97 50=87.87 75=133.25 90=185.73 95=222.85 99=314.88 99.9=1037.82 99.99=1921.02] [UPDATE: Count=132499 Max=32112.64 Min=6.86 Avg=23.21 10=12.86 25=14.62 50=17.21 75=21.07 90=25.66 95=29.23 99=44.70 99.9=708.61 99.99=10010.62]
2025-04-19 13:33:02 53 sec: 413649 operations; [READ: Count=275977 Max=3997.70 Min=2.70 Avg=101.04 10=32.75 25=51.55 50=87.36 75=132.61 90=184.83 95=221.82 99=313.09 99.9=1018.37 99.99=1899.52] [UPDATE: Count=137672 Max=32112.64 Min=6.86 Avg=23.16 10=12.85 25=14.61 50=17.20 75=21.05 90=25.65 95=29.20 99=44.80 99.9=723.46 99.99=9945.09]
2025-04-19 13:33:03 54 sec: 429056 operations; [READ: Count=286310 Max=3997.70 Min=2.70 Avg=100.48 10=32.29 25=51.20 50=86.97 75=131.97 90=184.06 95=220.93 99=311.30 99.9=999.93 99.99=1879.04] [UPDATE: Count=142746 Max=32112.64 Min=6.86 Avg=23.05 10=12.86 25=14.62 50=17.20 75=21.05 90=25.65 95=29.20 99=44.51 99.9=708.61 99.99=9945.09]
2025-04-19 13:33:04 55 sec: 444448 operations; [READ: Count=296583 Max=3997.70 Min=2.70 Avg=99.91 10=31.81 25=50.88 50=86.53 75=131.46 90=183.29 95=220.16 99=309.50 99.9=979.46 99.99=1869.82] [UPDATE: Count=147865 Max=32112.64 Min=6.73 Avg=23.09 10=12.79 25=14.57 50=17.15 75=21.02 90=25.63 95=29.20 99=44.70 99.9=723.46 99.99=9945.09]
2025-04-19 13:33:05 56 sec: 460318 operations; [READ: Count=307083 Max=3997.70 Min=2.70 Avg=99.39 10=31.10 25=50.53 50=86.21 75=130.94 90=182.66 95=219.52 99=308.48 99.9=963.07 99.99=1842.17] [UPDATE: Count=153235 Max=32112.64 Min=6.73 Avg=22.91 10=12.73 25=14.52 50=17.12 75=20.98 90=25.58 95=29.15 99=44.48 99.9=706.05 99.99=9945.09]
2025-04-19 13:33:06 57 sec: 477912 operations; [READ: Count=318782 Max=3997.70 Min=2.70 Avg=98.47 10=30.34 25=49.98 50=85.31 75=129.92 90=181.63 95=218.11 99=306.94 99.9=939.01 99.99=1792.00] [UPDATE: Count=159130 Max=32112.64 Min=6.73 Avg=22.78 10=12.72 25=14.49 50=17.09 75=20.94 90=25.54 95=29.12 99=44.38 99.9=705.02 99.99=9248.77]
2025-04-19 13:33:07 58 sec: 499973 operations; [READ: Count=333525 Max=3997.70 Min=2.70 Avg=96.66 10=28.73 25=48.80 50=83.20 75=127.74 90=179.46 95=216.06 99=304.13 99.9=915.97 99.99=1792.00] [UPDATE: Count=166448 Max=32112.64 Min=6.73 Avg=22.55 10=12.69 25=14.41 50=16.99 75=20.83 90=25.39 95=28.94 99=43.94 99.9=701.44 99.99=9166.85]
2025-04-19 13:33:08 59 sec: 522063 operations; [READ: Count=348228 Max=3997.70 Min=2.70 Avg=95.04 10=25.81 25=47.87 50=81.34 75=125.76 90=177.41 95=214.01 99=301.82 99.9=905.73 99.99=1782.78] [UPDATE: Count=173835 Max=32112.64 Min=6.73 Avg=22.30 10=12.66 25=14.34 50=16.89 75=20.72 90=25.23 95=28.75 99=43.55 99.9=677.89 99.99=9166.85]
2025-04-19 13:33:09 60 sec: 543531 operations; [READ: Count=362509 Max=3997.70 Min=2.70 Avg=93.54 10=21.57 25=47.17 50=79.61 75=123.84 90=175.49 95=211.97 99=299.77 99.9=891.90 99.99=1771.52] [UPDATE: Count=181022 Max=32112.64 Min=6.73 Avg=22.33 10=12.65 25=14.30 50=16.83 75=20.66 90=25.14 95=28.64 99=43.55 99.9=688.13 99.99=9248.77]
2025-04-19 13:33:10 61 sec: 566289 operations; [READ: Count=377687 Max=3997.70 Min=2.70 Avg=92.04 10=18.56 25=46.40 50=77.82 75=121.98 90=173.44 95=210.05 99=297.21 99.9=870.40 99.99=1739.78] [UPDATE: Count=188602 Max=32112.64 Min=6.73 Avg=22.11 10=12.62 25=14.24 50=16.75 75=20.54 90=24.99 95=28.48 99=43.10 99.9=674.82 99.99=9166.85]
2025-04-19 13:33:11 62 sec: 590573 operations; [READ: Count=393895 Max=3997.70 Min=2.70 Avg=90.40 10=16.77 25=45.53 50=75.90 75=119.94 90=171.39 95=208.00 99=294.65 99.9=839.68 99.99=1739.78] [UPDATE: Count=196678 Max=32112.64 Min=6.73 Avg=21.87 10=12.57 25=14.18 50=16.66 75=20.45 90=24.86 95=28.30 99=42.56 99.9=660.99 99.99=8757.25]
2025-04-19 13:33:12 63 sec: 617961 operations; [READ: Count=412145 Max=3997.70 Min=2.60 Avg=88.39 10=15.32 25=44.26 50=73.41 75=117.44 90=168.83 95=205.57 99=292.10 99.9=814.08 99.99=1723.39] [UPDATE: Count=205816 Max=32112.64 Min=6.73 Avg=21.67 10=12.29 25=14.00 50=16.48 75=20.25 90=24.69 95=28.11 99=42.14 99.9=659.46 99.99=8478.72]
2025-04-19 13:33:13 64 sec: 650371 operations; [READ: Count=433762 Max=3997.70 Min=2.47 Avg=85.90 10=13.99 25=42.49 50=70.21 75=114.56 90=166.01 95=202.88 99=288.77 99.9=790.53 99.99=1715.20] [UPDATE: Count=216609 Max=32112.64 Min=6.73 Avg=21.27 10=11.90 25=13.78 50=16.27 75=20.03 90=24.46 95=27.89 99=41.60 99.9=640.00 99.99=7884.80]
2025-04-19 13:33:14 65 sec: 683156 operations; [READ: Count=455687 Max=3997.70 Min=2.47 Avg=83.31 10=13.10 25=40.38 50=66.81 75=111.61 90=163.46 95=200.19 99=285.95 99.9=776.70 99.99=1697.79] [UPDATE: Count=227469 Max=32112.64 Min=6.58 Avg=21.45 10=11.62 25=13.58 50=16.11 75=19.86 90=24.30 95=27.73 99=41.53 99.9=672.25 99.99=9166.85]
2025-04-19 13:33:15 66 sec: 724384 operations; [READ: Count=483226 Max=3997.70 Min=2.47 Avg=80.12 10=12.29 25=37.38 50=62.56 75=108.09 90=160.25 95=197.12 99=282.62 99.9=738.82 99.99=1689.60] [UPDATE: Count=241158 Max=32112.64 Min=6.58 Avg=21.12 10=11.58 25=13.50 50=15.98 75=19.68 90=24.09 95=27.52 99=41.12 99.9=644.10 99.99=8757.25]
2025-04-19 13:33:16 67 sec: 770749 operations; [READ: Count=514176 Max=3997.70 Min=2.45 Avg=76.77 10=11.47 25=34.27 50=58.08 75=104.32 90=156.93 95=193.79 99=278.78 99.9=711.68 99.99=1665.02] [UPDATE: Count=256573 Max=32112.64 Min=6.53 Avg=20.67 10=11.29 25=13.27 50=15.77 75=19.44 90=23.84 95=27.23 99=40.41 99.9=605.70 99.99=7884.80]
2025-04-19 13:33:17 68 sec: 819678 operations; [READ: Count=546853 Max=3997.70 Min=2.06 Avg=73.58 10=10.72 25=31.61 50=53.82 75=100.61 90=153.47 95=190.72 99=275.45 99.9=692.22 99.99=1652.73] [UPDATE: Count=272825 Max=32112.64 Min=6.34 Avg=20.19 10=10.97 25=12.97 50=15.52 75=19.17 90=23.58 95=26.96 99=39.62 99.9=581.12 99.99=7606.27]
2025-04-19 13:33:18 69 sec: 864695 operations; [READ: Count=576925 Max=3997.70 Min=2.06 Avg=71.04 10=10.26 25=30.32 50=50.37 75=97.22 90=150.53 95=187.90 99=272.38 99.9=671.23 99.99=1645.57] [UPDATE: Count=287770 Max=32112.64 Min=6.34 Avg=19.91 10=10.89 25=12.86 50=15.38 75=18.99 90=23.36 95=26.73 99=39.13 99.9=562.17 99.99=7188.48]
2025-04-19 13:33:19 70 sec: 909372 operations; [READ: Count=606709 Max=3997.70 Min=2.06 Avg=68.77 10=9.91 25=29.49 50=47.33 75=94.14 90=147.84 95=185.34 99=269.57 99.9=645.12 99.99=1615.87] [UPDATE: Count=302663 Max=32112.64 Min=6.34 Avg=19.69 10=10.84 25=12.75 50=15.27 75=18.83 90=23.17 95=26.54 99=38.81 99.9=552.45 99.99=6873.09]
2025-04-19 13:33:20 71 sec: 958318 operations; [READ: Count=639438 Max=3997.70 Min=2.06 Avg=66.41 10=9.49 25=28.50 50=44.38 75=90.81 90=144.77 95=182.53 99=266.75 99.9=617.47 99.99=1601.54] [UPDATE: Count=318880 Max=32112.64 Min=6.34 Avg=19.40 10=10.66 25=12.49 50=15.07 75=18.61 90=22.96 95=26.30 99=38.34 99.9=535.04 99.99=6864.90]
2025-04-19 13:33:21 72 sec: 1006578 operations; [READ: Count=671629 Max=3997.70 Min=2.06 Avg=64.35 10=9.15 25=27.84 50=41.76 75=87.74 90=142.08 95=179.97 99=264.19 99.9=590.34 99.99=1577.98] [UPDATE: Count=334949 Max=32112.64 Min=6.34 Avg=19.11 10=10.54 25=12.27 50=14.91 75=18.40 90=22.75 95=26.09 99=37.95 99.9=521.47 99.99=6582.27]
2025-04-19 13:33:22 73 sec: 1049099 operations; [READ: Count=699864 Max=3997.70 Min=2.06 Avg=62.84 10=8.96 25=27.47 50=39.81 75=85.31 90=139.90 95=177.92 99=262.65 99.9=612.35 99.99=1552.38] [UPDATE: Count=349235 Max=32112.64 Min=6.34 Avg=18.92 10=10.49 25=12.19 50=14.82 75=18.27 90=22.57 95=25.92 99=37.63 99.9=516.61 99.99=6561.79]
2025-04-19 13:33:23 74 sec: 1093157 operations; [READ: Count=729271 Max=3997.70 Min=2.06 Avg=61.36 10=8.73 25=27.07 50=38.08 75=82.88 90=137.73 95=176.00 99=260.99 99.9=620.03 99.99=1539.07] [UPDATE: Count=363886 Max=32112.64 Min=6.34 Avg=18.71 10=10.42 25=12.04 50=14.70 75=18.11 90=22.41 95=25.74 99=37.34 99.9=503.30 99.99=6520.83]
2025-04-19 13:33:24 75 sec: 1138108 operations; [READ: Count=759198 Max=3997.70 Min=2.06 Avg=59.96 10=8.54 25=26.67 50=36.58 75=80.64 90=135.42 95=173.82 99=259.45 99.9=621.05 99.99=1536.00] [UPDATE: Count=378910 Max=32112.64 Min=6.34 Avg=18.48 10=10.34 25=11.89 50=14.57 75=17.95 90=22.25 95=25.57 99=36.99 99.9=495.10 99.99=6213.63]
2025-04-19 13:33:25 76 sec: 1176042 operations; [READ: Count=784560 Max=3997.70 Min=2.06 Avg=59.05 10=8.38 25=26.37 50=35.55 75=78.85 90=133.76 95=172.41 99=259.07 99.9=693.25 99.99=1599.49] [UPDATE: Count=391482 Max=32112.64 Min=6.16 Avg=18.32 10=10.28 25=11.79 50=14.48 75=17.84 90=22.13 95=25.44 99=36.80 99.9=487.17 99.99=6111.23]
2025-04-19 13:33:26 77 sec: 1217499 operations; [READ: Count=812195 Max=3997.70 Min=2.06 Avg=57.99 10=8.29 25=26.16 50=34.75 75=76.99 90=131.84 95=170.62 99=257.54 99.9=679.93 99.99=1571.84] [UPDATE: Count=405304 Max=32112.64 Min=6.16 Avg=18.19 10=10.26 25=11.75 50=14.42 75=17.76 90=22.00 95=25.31 99=36.67 99.9=479.74 99.99=5754.88]
2025-04-19 13:33:27 78 sec: 1255112 operations; [READ: Count=837268 Max=3997.70 Min=2.06 Avg=57.20 10=8.22 25=26.00 50=34.24 75=75.39 90=130.24 95=169.22 99=257.15 99.9=692.22 99.99=1557.50] [UPDATE: Count=417844 Max=32112.64 Min=6.16 Avg=18.08 10=10.24 25=11.70 50=14.37 75=17.68 90=21.90 95=25.21 99=36.58 99.9=477.69 99.99=5115.90]
2025-04-19 13:33:28 79 sec: 1293399 operations; [READ: Count=862814 Max=3997.70 Min=2.06 Avg=56.42 10=8.15 25=25.82 50=33.79 75=73.73 90=128.64 95=167.81 99=256.51 99.9=711.68 99.99=1566.72] [UPDATE: Count=430585 Max=32112.64 Min=6.16 Avg=17.96 10=10.20 25=11.65 50=14.29 75=17.58 90=21.79 95=25.10 99=36.51 99.9=473.86 99.99=4866.05]
2025-04-19 13:33:29 80 sec: 1328554 operations; [READ: Count=886167 Max=4362.24 Min=2.06 Avg=55.82 10=8.13 25=25.68 50=33.60 75=72.25 90=127.30 95=166.53 99=256.13 99.9=713.73 99.99=1557.50] [UPDATE: Count=442387 Max=32112.64 Min=6.16 Avg=17.91 10=10.19 25=11.63 50=14.27 75=17.55 90=21.74 95=25.02 99=36.51 99.9=472.57 99.99=4530.18]
2025-04-19 13:33:30 81 sec: 1355962 operations; [READ: Count=904381 Max=4362.24 Min=2.06 Avg=55.60 10=8.12 25=25.55 50=33.63 75=71.49 90=126.46 95=165.76 99=256.25 99.9=744.45 99.99=1571.84] [UPDATE: Count=451581 Max=32112.64 Min=6.16 Avg=17.90 10=10.19 25=11.63 50=14.27 75=17.55 90=21.73 95=24.99 99=36.64 99.9=472.06 99.99=4530.18]
2025-04-19 13:33:31 82 sec: 1388744 operations; [READ: Count=926253 Max=4362.24 Min=2.06 Avg=55.16 10=8.15 25=25.41 50=33.60 75=70.21 90=125.31 95=164.86 99=256.25 99.9=754.17 99.99=1582.08] [UPDATE: Count=462491 Max=32112.64 Min=6.16 Avg=17.83 10=10.18 25=11.62 50=14.25 75=17.52 90=21.66 95=24.93 99=36.61 99.9=469.25 99.99=4505.60]
2025-04-19 13:33:32 83 sec: 1422438 operations; [READ: Count=948646 Max=4362.24 Min=2.06 Avg=54.68 10=8.20 25=25.23 50=33.63 75=68.93 90=124.09 95=163.71 99=255.74 99.9=753.66 99.99=1577.98] [UPDATE: Count=473792 Max=32112.64 Min=6.16 Avg=17.81 10=10.18 25=11.64 50=14.25 75=17.50 90=21.61 95=24.86 99=36.58 99.9=464.89 99.99=4386.81]
2025-04-19 13:33:33 84 sec: 1458180 operations; [READ: Count=972502 Max=4362.24 Min=2.06 Avg=54.15 10=8.23 25=25.02 50=33.53 75=67.39 90=122.75 95=162.56 99=255.23 99.9=757.76 99.99=1571.84] [UPDATE: Count=485678 Max=32112.64 Min=6.16 Avg=17.76 10=10.19 25=11.65 50=14.23 75=17.47 90=21.55 95=24.80 99=36.48 99.9=462.08 99.99=3733.50]
2025-04-19 13:33:34 85 sec: 1495343 operations; [READ: Count=997408 Max=4362.24 Min=2.06 Avg=53.58 10=8.26 25=24.78 50=33.47 75=65.86 90=121.41 95=161.28 99=254.34 99.9=751.10 99.99=1557.50] [UPDATE: Count=497935 Max=32112.64 Min=6.16 Avg=17.71 10=10.19 25=11.65 50=14.21 75=17.44 90=21.50 95=24.72 99=36.41 99.9=458.75 99.99=3661.82]
2025-04-19 13:33:35 86 sec: 1499237 operations; [READ: Count=1000000 Max=4362.24 Min=2.06 Avg=53.51 10=8.26 25=24.77 50=33.44 75=65.66 90=121.28 95=161.15 99=254.21 99.9=747.01 99.99=1557.50] [UPDATE: Count=499237 Max=32112.64 Min=6.16 Avg=17.70 10=10.19 25=11.65 50=14.21 75=17.44 90=21.49 95=24.70 99=36.41 99.9=457.73 99.99=3661.82]
2025-04-19 13:33:36 87 sec: 1499237 operations; [READ: Count=1000000 Max=4362.24 Min=2.06 Avg=53.51 10=8.26 25=24.77 50=33.44 75=65.66 90=121.28 95=161.15 99=254.21 99.9=747.01 99.99=1557.50] [UPDATE: Count=499237 Max=32112.64 Min=6.16 Avg=17.70 10=10.19 25=11.65 50=14.21 75=17.44 90=21.49 95=24.70 99=36.41 99.9=457.73 99.99=3661.82]
2025-04-19 13:33:37 88 sec: 1499237 operations; [READ: Count=1000000 Max=4362.24 Min=2.06 Avg=53.51 10=8.26 25=24.77 50=33.44 75=65.66 90=121.28 95=161.15 99=254.21 99.9=747.01 99.99=1557.50] [UPDATE: Count=499237 Max=32112.64 Min=6.16 Avg=17.70 10=10.19 25=11.65 50=14.21 75=17.44 90=21.49 95=24.70 99=36.41 99.9=457.73 99.99=3661.82]
2025-04-19 13:33:38 89 sec: 1499237 operations; [READ: Count=1000000 Max=4362.24 Min=2.06 Avg=53.51 10=8.26 25=24.77 50=33.44 75=65.66 90=121.28 95=161.15 99=254.21 99.9=747.01 99.99=1557.50] [UPDATE: Count=499237 Max=32112.64 Min=6.16 Avg=17.70 10=10.19 25=11.65 50=14.21 75=17.44 90=21.49 95=24.70 99=36.41 99.9=457.73 99.99=3661.82]
2025-04-19 13:33:39 90 sec: 1499237 operations; [READ: Count=1000000 Max=4362.24 Min=2.06 Avg=53.51 10=8.26 25=24.77 50=33.44 75=65.66 90=121.28 95=161.15 99=254.21 99.9=747.01 99.99=1557.50] [UPDATE: Count=499237 Max=32112.64 Min=6.16 Avg=17.70 10=10.19 25=11.65 50=14.21 75=17.44 90=21.49 95=24.70 99=36.41 99.9=457.73 99.99=3661.82]
2025-04-19 13:33:40 90 sec: 1499237 operations; [READ: Count=1000000 Max=4362.24 Min=2.06 Avg=53.51 10=8.26 25=24.77 50=33.44 75=65.66 90=121.28 95=161.15 99=254.21 99.9=747.01 99.99=1557.50] [UPDATE: Count=499237 Max=32112.64 Min=6.16 Avg=17.70 10=10.19 25=11.65 50=14.21 75=17.44 90=21.49 95=24.70 99=36.41 99.9=457.73 99.99=3661.82]
Run runtime(sec): 90.149
Run operations(ops): 1000000
Run throughput(ops/sec): 11092.7
