Running scope as unit: run-r2e6b9ae53eaf4743840f9d3347513c4a.scope
load file:/home/user/DataFiles/silesia_data/silesia.tar
2025-04-22 18:58:28 0 sec: 0 operations;
2025-04-22 18:58:29 1 sec: 0 operations;
2025-04-22 18:58:30 2 sec: 0 operations;
2025-04-22 18:58:31 3 sec: 0 operations;
2025-04-22 18:58:32 4 sec: 0 operations;
2025-04-22 18:58:33 5 sec: 0 operations;
2025-04-22 18:58:34 6 sec: 0 operations;
2025-04-22 18:58:35 7 sec: 0 operations;
2025-04-22 18:58:36 8 sec: 0 operations;
2025-04-22 18:58:37 9 sec: 0 operations;
2025-04-22 18:58:38 10 sec: 0 operations;
2025-04-22 18:58:39 11 sec: 0 operations;
2025-04-22 18:58:40 12 sec: 0 operations;
2025-04-22 18:58:41 13 sec: 0 operations;
2025-04-22 18:58:42 14 sec: 0 operations;
2025-04-22 18:58:43 15 sec: 0 operations;
2025-04-22 18:58:44 16 sec: 0 operations;
2025-04-22 18:58:45 17 sec: 13154 operations; [READ: Count=8767 Max=2936.83 Min=3.39 Avg=79.96 10=24.29 25=38.24 50=46.40 75=118.40 90=131.20 95=142.08 99=372.22 99.9=1903.62 99.99=2603.01] [UPDATE: Count=4387 Max=7090.18 Min=7.93 Avg=16.58 10=10.67 25=11.67 50=13.41 75=15.34 90=17.63 95=19.49 99=31.81 99.9=284.93 99.99=7090.18]
2025-04-22 18:58:46 18 sec: 27576 operations; [READ: Count=18427 Max=2936.83 Min=2.98 Avg=86.91 10=28.25 25=41.28 50=61.92 75=124.73 90=152.45 95=172.54 99=315.65 99.9=1419.26 99.99=2535.42] [UPDATE: Count=9149 Max=7090.18 Min=7.03 Avg=17.59 10=10.86 25=11.97 50=13.79 75=16.08 90=18.73 95=21.01 99=36.96 99.9=919.04 99.99=1746.94]
2025-04-22 18:58:47 19 sec: 40547 operations; [READ: Count=27102 Max=2936.83 Min=2.81 Avg=93.12 10=31.55 25=44.48 50=72.32 75=130.11 90=167.55 95=190.85 99=311.04 99.9=1190.91 99.99=2402.30] [UPDATE: Count=13445 Max=7090.18 Min=6.64 Avg=16.97 10=11.02 25=12.22 50=14.11 75=16.56 90=19.41 95=21.63 99=30.89 99.9=613.89 99.99=1746.94]
2025-04-22 18:58:48 20 sec: 53567 operations; [READ: Count=35771 Max=2936.83 Min=2.81 Avg=96.20 10=33.12 25=47.87 50=77.38 75=134.53 90=173.82 95=196.74 99=286.98 99.9=820.74 99.99=2205.70] [UPDATE: Count=17796 Max=7090.18 Min=6.64 Avg=16.87 10=11.15 25=12.47 50=14.46 75=17.04 90=20.08 95=22.50 99=31.81 99.9=336.89 99.99=1470.46]
2025-04-22 18:58:49 21 sec: 64549 operations; [READ: Count=43081 Max=2936.83 Min=2.66 Avg=100.87 10=33.89 25=50.17 50=79.23 75=136.83 90=179.46 95=204.54 99=407.30 99.9=912.38 99.99=2205.70] [UPDATE: Count=21468 Max=7442.43 Min=6.64 Avg=17.97 10=11.28 25=12.73 50=14.81 75=17.68 90=21.01 95=23.65 99=33.05 99.9=489.47 99.99=5754.88]
2025-04-22 18:58:50 22 sec: 75637 operations; [READ: Count=50476 Max=2936.83 Min=2.55 Avg=104.45 10=34.14 25=51.52 50=80.25 75=137.85 90=182.78 95=211.71 99=518.91 99.9=948.74 99.99=2183.17] [UPDATE: Count=25161 Max=7442.43 Min=6.23 Avg=17.86 10=11.31 25=12.78 50=14.89 75=17.81 90=21.18 95=23.84 99=33.60 99.9=403.71 99.99=1979.39]
2025-04-22 18:58:51 23 sec: 88510 operations; [READ: Count=59134 Max=2936.83 Min=2.54 Avg=104.72 10=34.75 25=53.28 50=82.43 75=139.39 90=183.94 95=211.71 99=481.28 99.9=925.18 99.99=2088.96] [UPDATE: Count=29376 Max=7442.43 Min=6.23 Avg=17.65 10=11.34 25=12.81 50=14.91 75=17.79 90=21.10 95=23.76 99=32.77 99.9=393.47 99.99=1979.39]
2025-04-22 18:58:52 24 sec: 101373 operations; [READ: Count=67691 Max=2936.83 Min=2.54 Avg=104.93 10=35.26 25=54.62 50=84.16 75=140.54 90=184.70 95=211.71 99=445.44 99.9=894.98 99.99=1922.05] [UPDATE: Count=33682 Max=7442.43 Min=6.23 Avg=17.73 10=11.40 25=12.90 50=15.03 75=17.97 90=21.38 95=24.16 99=33.31 99.9=357.12 99.99=2783.23]
2025-04-22 18:58:53 25 sec: 113850 operations; [READ: Count=76027 Max=3100.67 Min=2.54 Avg=105.32 10=35.36 25=55.45 50=84.99 75=140.67 90=185.34 95=212.86 99=439.04 99.9=892.93 99.99=2088.96] [UPDATE: Count=37823 Max=7442.43 Min=6.23 Avg=18.04 10=11.44 25=12.97 50=15.15 75=18.09 90=21.55 95=24.34 99=33.60 99.9=403.71 99.99=2783.23]
2025-04-22 18:58:54 26 sec: 125000 operations; [READ: Count=83426 Max=3325.95 Min=2.54 Avg=106.75 10=35.52 25=56.03 50=85.76 75=140.80 90=186.75 95=215.29 99=467.71 99.9=981.50 99.99=2095.10] [UPDATE: Count=41574 Max=7442.43 Min=6.23 Avg=18.58 10=11.53 25=13.15 50=15.41 75=18.45 90=22.06 95=24.85 99=34.21 99.9=495.87 99.99=4313.09]
2025-04-22 18:58:55 27 sec: 137308 operations; [READ: Count=91660 Max=3325.95 Min=2.54 Avg=106.62 10=35.52 25=56.38 50=85.31 75=139.52 90=186.50 95=215.55 99=480.00 99.9=989.18 99.99=2088.96] [UPDATE: Count=45648 Max=17891.33 Min=6.23 Avg=19.56 10=11.60 25=13.29 50=15.62 75=18.73 90=22.45 95=25.26 99=35.87 99.9=637.44 99.99=4734.98]
2025-04-22 18:58:56 28 sec: 156038 operations; [READ: Count=104138 Max=3325.95 Min=2.54 Avg=102.02 10=33.73 25=51.81 50=80.51 75=133.12 90=181.89 95=210.94 99=453.89 99.9=1000.96 99.99=2082.82] [UPDATE: Count=51900 Max=17891.33 Min=6.23 Avg=19.78 10=11.47 25=13.10 50=15.43 75=18.51 90=22.16 95=24.98 99=35.13 99.9=637.44 99.99=7335.94]
2025-04-22 18:58:57 29 sec: 176307 operations; [READ: Count=117607 Max=3325.95 Min=2.54 Avg=97.67 10=32.61 25=46.78 50=76.03 75=128.19 90=177.79 95=206.72 99=431.36 99.9=965.12 99.99=2063.36] [UPDATE: Count=58700 Max=17891.33 Min=6.23 Avg=19.57 10=11.29 25=12.86 50=15.21 75=18.27 90=21.87 95=24.72 99=34.88 99.9=699.39 99.99=7090.18]
2025-04-22 18:58:58 30 sec: 197502 operations; [READ: Count=131666 Max=3325.95 Min=2.54 Avg=93.89 10=31.86 25=43.52 50=72.58 75=123.58 90=173.57 95=202.88 99=417.28 99.9=945.15 99.99=1988.61] [UPDATE: Count=65836 Max=17891.33 Min=6.23 Avg=19.07 10=11.10 25=12.65 50=14.97 75=18.03 90=21.60 95=24.46 99=34.24 99.9=651.26 99.99=6758.40]
2025-04-22 18:58:59 31 sec: 218884 operations; [READ: Count=145863 Max=3325.95 Min=2.54 Avg=90.79 10=31.21 25=41.70 50=69.95 75=119.10 90=170.11 95=199.55 99=406.27 99.9=943.62 99.99=1939.45] [UPDATE: Count=73021 Max=17891.33 Min=6.23 Avg=18.62 10=10.91 25=12.44 50=14.74 75=17.81 90=21.38 95=24.18 99=33.76 99.9=572.41 99.99=6758.40]
2025-04-22 18:59:00 32 sec: 239604 operations; [READ: Count=159655 Max=3325.95 Min=2.54 Avg=88.46 10=30.96 25=40.67 50=68.16 75=114.81 90=166.78 95=196.74 99=400.13 99.9=975.87 99.99=1923.07] [UPDATE: Count=79949 Max=17891.33 Min=6.23 Avg=18.29 10=10.84 25=12.34 50=14.63 75=17.70 90=21.23 95=24.00 99=33.31 99.9=540.16 99.99=5754.88]
2025-04-22 18:59:01 33 sec: 258864 operations; [READ: Count=172491 Max=3325.95 Min=2.54 Avg=86.90 10=30.73 25=40.19 50=66.94 75=110.66 90=164.22 95=194.43 99=400.64 99.9=1043.45 99.99=1923.07] [UPDATE: Count=86373 Max=17891.33 Min=6.23 Avg=18.27 10=10.89 25=12.42 50=14.71 75=17.74 90=21.28 95=24.02 99=33.22 99.9=495.87 99.99=4886.53]
2025-04-22 18:59:02 34 sec: 280423 operations; [READ: Count=186784 Max=3325.95 Min=2.54 Avg=84.86 10=30.61 25=39.90 50=65.92 75=106.37 90=160.90 95=191.49 99=389.12 99.9=1006.08 99.99=1917.95] [UPDATE: Count=93639 Max=17891.33 Min=6.23 Avg=18.13 10=10.93 25=12.46 50=14.74 75=17.77 90=21.33 95=24.06 99=33.12 99.9=446.72 99.99=4886.53]
2025-04-22 18:59:03 35 sec: 302332 operations; [READ: Count=201406 Max=3325.95 Min=2.32 Avg=83.00 10=30.38 25=39.52 50=64.93 75=102.59 90=157.82 95=188.67 99=379.13 99.9=985.60 99.99=1914.88] [UPDATE: Count=100926 Max=17891.33 Min=6.23 Avg=17.98 10=10.85 25=12.38 50=14.64 75=17.66 90=21.18 95=23.93 99=32.93 99.9=420.86 99.99=4734.98]
2025-04-22 18:59:04 36 sec: 324840 operations; [READ: Count=216372 Max=3325.95 Min=2.32 Avg=81.29 10=30.14 25=39.20 50=64.03 75=99.39 90=154.88 95=185.85 99=368.89 99.9=967.17 99.99=1903.62] [UPDATE: Count=108468 Max=17891.33 Min=6.23 Avg=17.75 10=10.79 25=12.29 50=14.54 75=17.55 90=21.05 95=23.77 99=32.51 99.9=403.71 99.99=4313.09]
2025-04-22 18:59:05 37 sec: 346339 operations; [READ: Count=230701 Max=3325.95 Min=2.32 Avg=79.97 10=29.86 25=38.94 50=63.33 75=97.02 90=152.19 95=183.55 99=362.50 99.9=991.23 99.99=1903.62] [UPDATE: Count=115638 Max=17891.33 Min=6.23 Avg=17.71 10=10.76 25=12.26 50=14.49 75=17.52 90=21.02 95=23.74 99=32.51 99.9=410.37 99.99=4313.09]
2025-04-22 18:59:06 38 sec: 367971 operations; [READ: Count=245111 Max=4550.65 Min=2.32 Avg=78.79 10=29.58 25=38.72 50=62.62 75=94.72 90=149.50 95=180.99 99=354.30 99.9=1022.46 99.99=1923.07] [UPDATE: Count=122860 Max=17891.33 Min=6.23 Avg=17.63 10=10.75 25=12.26 50=14.48 75=17.49 90=20.98 95=23.66 99=32.32 99.9=400.38 99.99=4313.09]
2025-04-22 18:59:07 39 sec: 391420 operations; [READ: Count=260750 Max=4550.65 Min=2.32 Avg=77.36 10=29.25 25=38.53 50=61.85 75=92.61 90=146.69 95=178.69 99=337.66 99.9=994.30 99.99=1922.05] [UPDATE: Count=130670 Max=17891.33 Min=6.23 Avg=17.51 10=10.73 25=12.23 50=14.45 75=17.45 90=20.93 95=23.63 99=32.29 99.9=376.83 99.99=4231.17]
2025-04-22 18:59:08 40 sec: 415564 operations; [READ: Count=276791 Max=4550.65 Min=2.17 Avg=75.99 10=28.73 25=38.34 50=61.12 75=90.62 90=143.62 95=176.00 99=322.81 99.9=977.41 99.99=1914.88] [UPDATE: Count=138773 Max=17891.33 Min=6.23 Avg=17.37 10=10.70 25=12.19 50=14.38 75=17.41 90=20.86 95=23.57 99=32.11 99.9=368.89 99.99=3514.37]
2025-04-22 18:59:09 41 sec: 440985 operations; [READ: Count=293720 Max=4550.65 Min=2.17 Avg=74.51 10=28.05 25=38.02 50=60.29 75=88.58 90=140.80 95=173.44 99=307.97 99.9=963.07 99.99=1912.83] [UPDATE: Count=147265 Max=17891.33 Min=6.23 Avg=17.25 10=10.66 25=12.13 50=14.30 75=17.33 90=20.75 95=23.44 99=31.90 99.9=368.89 99.99=3442.69]
2025-04-22 18:59:10 42 sec: 466296 operations; [READ: Count=310608 Max=4550.65 Min=2.17 Avg=73.16 10=27.07 25=37.73 50=59.45 75=86.78 90=137.85 95=171.13 99=292.10 99.9=951.29 99.99=1887.23] [UPDATE: Count=155688 Max=17891.33 Min=6.23 Avg=17.21 10=10.65 25=12.13 50=14.29 75=17.31 90=20.73 95=23.39 99=31.86 99.9=368.89 99.99=3442.69]
2025-04-22 18:59:11 43 sec: 494783 operations; [READ: Count=329627 Max=4550.65 Min=2.17 Avg=71.47 10=24.67 25=37.12 50=58.02 75=84.61 90=134.66 95=168.57 99=279.04 99.9=942.08 99.99=1854.46] [UPDATE: Count=165156 Max=17891.33 Min=6.23 Avg=17.11 10=10.61 25=12.08 50=14.21 75=17.23 90=20.64 95=23.30 99=31.66 99.9=358.91 99.99=3442.69]
2025-04-22 18:59:12 44 sec: 526757 operations; [READ: Count=350902 Max=4550.65 Min=2.17 Avg=69.49 10=19.34 25=36.29 50=56.00 75=82.24 90=131.20 95=165.89 99=265.47 99.9=921.60 99.99=1828.86] [UPDATE: Count=175855 Max=17891.33 Min=6.23 Avg=16.94 10=10.55 25=12.01 50=14.11 75=17.12 90=20.51 95=23.15 99=31.39 99.9=352.00 99.99=3436.54]
2025-04-22 18:59:13 45 sec: 560147 operations; [READ: Count=373163 Max=4550.65 Min=2.17 Avg=67.54 10=15.27 25=35.42 50=54.11 75=79.94 90=128.00 95=163.20 99=255.10 99.9=900.61 99.99=1781.76] [UPDATE: Count=186984 Max=17891.33 Min=6.23 Avg=16.75 10=10.49 25=11.93 50=14.02 75=17.01 90=20.37 95=22.99 99=31.14 99.9=338.94 99.99=3432.45]
2025-04-22 18:59:14 46 sec: 594119 operations; [READ: Count=395786 Max=4550.65 Min=2.17 Avg=65.76 10=13.10 25=34.59 50=52.51 75=77.89 90=124.67 95=160.51 99=247.81 99.9=880.13 99.99=1751.04] [UPDATE: Count=198333 Max=17891.33 Min=6.23 Avg=16.57 10=10.45 25=11.86 50=13.93 75=16.89 90=20.25 95=22.85 99=30.86 99.9=328.45 99.99=3373.05]
2025-04-22 18:59:15 47 sec: 625199 operations; [READ: Count=416521 Max=4550.65 Min=2.17 Avg=64.40 10=11.88 25=34.02 50=51.42 75=76.42 90=121.86 95=158.08 99=242.94 99.9=869.38 99.99=1720.32] [UPDATE: Count=208678 Max=17891.33 Min=6.23 Avg=16.62 10=10.41 25=11.83 50=13.89 75=16.85 90=20.19 95=22.78 99=30.80 99.9=334.08 99.99=3436.54]
2025-04-22 18:59:16 48 sec: 654814 operations; [READ: Count=436179 Max=4550.65 Min=2.17 Avg=63.36 10=11.10 25=33.57 50=50.59 75=75.07 90=119.36 95=156.03 99=240.13 99.9=893.44 99.99=1767.42] [UPDATE: Count=218635 Max=17891.33 Min=6.23 Avg=16.60 10=10.40 25=11.82 50=13.89 75=16.83 90=20.18 95=22.75 99=30.72 99.9=333.06 99.99=3432.45]
2025-04-22 18:59:17 49 sec: 694755 operations; [READ: Count=462741 Max=4550.65 Min=2.17 Avg=61.45 10=10.18 25=32.13 50=47.94 75=73.60 90=115.90 95=153.60 99=236.29 99.9=876.03 99.99=1761.28] [UPDATE: Count=232014 Max=17891.33 Min=6.23 Avg=16.40 10=10.26 25=11.63 50=13.73 75=16.66 90=19.98 95=22.59 99=30.50 99.9=323.33 99.99=3432.45]
2025-04-22 18:59:18 50 sec: 737483 operations; [READ: Count=491262 Max=4550.65 Min=2.17 Avg=59.52 10=9.38 25=30.62 50=44.99 75=72.25 90=112.32 95=150.78 99=232.45 99.9=858.62 99.99=1733.63] [UPDATE: Count=246221 Max=17891.33 Min=6.23 Avg=16.15 10=10.10 25=11.41 50=13.55 75=16.45 90=19.79 95=22.40 99=30.29 99.9=311.04 99.99=3334.14]
2025-04-22 18:59:19 51 sec: 781658 operations; [READ: Count=520699 Max=4550.65 Min=2.17 Avg=57.69 10=8.71 25=29.31 50=42.53 75=70.91 90=108.54 95=147.97 99=228.22 99.9=841.22 99.99=1716.22] [UPDATE: Count=260959 Max=17891.33 Min=6.23 Avg=15.90 10=9.96 25=11.21 50=13.38 75=16.25 90=19.61 95=22.19 99=30.09 99.9=301.31 99.99=3201.02]
2025-04-22 18:59:20 52 sec: 822972 operations; [READ: Count=548165 Max=4550.65 Min=1.93 Avg=56.28 10=8.22 25=28.37 50=40.70 75=69.76 90=105.60 95=145.53 99=226.30 99.9=835.58 99.99=1670.14] [UPDATE: Count=274807 Max=17891.33 Min=6.23 Avg=15.69 10=9.86 25=11.05 50=13.23 75=16.06 90=19.44 95=22.02 99=29.89 99.9=293.63 99.99=3182.59]
2025-04-22 18:59:21 53 sec: 862105 operations; [READ: Count=574269 Max=4550.65 Min=1.93 Avg=55.16 10=7.86 25=27.71 50=39.23 75=68.73 90=103.17 95=143.62 99=226.56 99.9=829.95 99.99=1670.14] [UPDATE: Count=287836 Max=17891.33 Min=6.23 Avg=15.51 10=9.78 25=10.92 50=13.10 75=15.90 90=19.28 95=21.86 99=29.73 99.9=284.16 99.99=2887.68]
2025-04-22 18:59:22 54 sec: 903457 operations; [READ: Count=601942 Max=4550.65 Min=1.93 Avg=53.98 10=7.55 25=27.20 50=37.85 75=67.65 90=100.80 95=141.44 99=224.77 99.9=823.29 99.99=1664.00] [UPDATE: Count=301515 Max=17891.33 Min=6.23 Avg=15.33 10=9.70 25=10.81 50=12.97 75=15.73 90=19.14 95=21.70 99=29.55 99.9=278.27 99.99=2861.05]
2025-04-22 18:59:23 55 sec: 948126 operations; [READ: Count=631727 Max=4550.65 Min=1.93 Avg=52.70 10=7.26 25=26.73 50=36.58 75=66.56 90=98.43 95=138.75 99=221.44 99.9=806.40 99.99=1650.69] [UPDATE: Count=316399 Max=17891.33 Min=6.23 Avg=15.16 10=9.62 25=10.70 50=12.84 75=15.57 90=18.96 95=21.54 99=29.36 99.9=275.20 99.99=2783.23]
2025-04-22 18:59:24 56 sec: 992907 operations; [READ: Count=661623 Max=4550.65 Min=1.93 Avg=51.53 10=7.03 25=26.37 50=35.39 75=65.47 90=96.51 95=136.32 99=218.24 99.9=795.13 99.99=1604.61] [UPDATE: Count=331284 Max=17891.33 Min=6.18 Avg=14.99 10=9.55 25=10.62 50=12.71 75=15.42 90=18.82 95=21.39 99=29.18 99.9=269.82 99.99=2768.89]
2025-04-22 18:59:25 57 sec: 1035356 operations; [READ: Count=689948 Max=4550.65 Min=1.93 Avg=50.58 10=6.85 25=26.06 50=34.40 75=64.51 90=95.10 95=134.40 99=217.22 99.9=786.43 99.99=1574.91] [UPDATE: Count=345408 Max=17891.33 Min=6.18 Avg=14.86 10=9.48 25=10.54 50=12.60 75=15.29 90=18.67 95=21.25 99=29.01 99.9=268.80 99.99=2619.39]
2025-04-22 18:59:26 58 sec: 1075882 operations; [READ: Count=716934 Max=4550.65 Min=1.93 Avg=49.82 10=6.69 25=25.79 50=33.50 75=63.58 90=93.95 95=132.74 99=217.22 99.9=786.43 99.99=1565.69] [UPDATE: Count=358948 Max=17891.33 Min=6.18 Avg=14.73 10=9.41 25=10.49 50=12.49 75=15.16 90=18.54 95=21.14 99=28.86 99.9=267.01 99.99=2584.57]
2025-04-22 18:59:27 59 sec: 1118783 operations; [READ: Count=745487 Max=4550.65 Min=1.93 Avg=49.00 10=6.55 25=25.57 50=32.66 75=62.62 90=92.73 95=130.69 99=215.55 99.9=790.53 99.99=1552.38] [UPDATE: Count=373296 Max=17891.33 Min=6.18 Avg=14.60 10=9.34 25=10.43 50=12.39 75=15.04 90=18.41 95=20.99 99=28.69 99.9=264.96 99.99=2574.34]
2025-04-22 18:59:28 60 sec: 1164867 operations; [READ: Count=776257 Max=4550.65 Min=1.93 Avg=48.08 10=6.43 25=25.33 50=31.89 75=61.53 90=91.65 95=128.57 99=213.12 99.9=780.80 99.99=1529.86] [UPDATE: Count=388610 Max=17891.33 Min=6.18 Avg=14.48 10=9.27 25=10.38 50=12.29 75=14.93 90=18.29 95=20.86 99=28.53 99.9=262.65 99.99=2465.79]
2025-04-22 18:59:29 61 sec: 1210592 operations; [READ: Count=806740 Max=4550.65 Min=1.93 Avg=47.25 10=6.33 25=25.12 50=31.23 75=60.51 90=90.75 95=126.59 99=211.33 99.9=766.98 99.99=1521.66] [UPDATE: Count=403852 Max=17891.33 Min=6.18 Avg=14.37 10=9.21 25=10.34 50=12.19 75=14.82 90=18.16 95=20.73 99=28.38 99.9=260.61 99.99=2465.79]
2025-04-22 18:59:30 62 sec: 1251355 operations; [READ: Count=833880 Max=4550.65 Min=1.93 Avg=46.69 10=6.26 25=24.96 50=30.80 75=59.58 90=90.11 95=125.06 99=210.94 99.9=781.82 99.99=1529.86] [UPDATE: Count=417475 Max=17891.33 Min=6.18 Avg=14.30 10=9.16 25=10.32 50=12.12 75=14.75 90=18.05 95=20.62 99=28.27 99.9=260.61 99.99=2426.88]
2025-04-22 18:59:31 63 sec: 1292550 operations; [READ: Count=861377 Max=4550.65 Min=1.93 Avg=46.14 10=6.21 25=24.80 50=30.45 75=58.59 90=89.66 95=123.65 99=210.69 99.9=788.99 99.99=1529.86] [UPDATE: Count=431173 Max=17891.33 Min=6.18 Avg=14.22 10=9.10 25=10.29 50=12.04 75=14.68 90=17.93 95=20.53 99=28.14 99.9=259.33 99.99=2422.78]
2025-04-22 18:59:32 64 sec: 1332965 operations; [READ: Count=888307 Max=4550.65 Min=1.93 Avg=45.64 10=6.17 25=24.64 50=30.19 75=57.70 90=89.22 95=122.37 99=210.81 99.9=790.53 99.99=1524.73] [UPDATE: Count=444658 Max=17891.33 Min=6.18 Avg=14.18 10=9.07 25=10.28 50=12.00 75=14.63 90=17.86 95=20.43 99=28.09 99.9=258.69 99.99=2398.21]
2025-04-22 18:59:33 65 sec: 1373484 operations; [READ: Count=915265 Max=4550.65 Min=1.93 Avg=45.17 10=6.16 25=24.50 50=30.02 75=56.93 90=88.96 95=120.96 99=210.18 99.9=782.34 99.99=1511.42] [UPDATE: Count=458219 Max=17891.33 Min=6.18 Avg=14.15 10=9.03 25=10.26 50=11.96 75=14.58 90=17.79 95=20.37 99=28.06 99.9=258.69 99.99=2390.01]
2025-04-22 18:59:34 66 sec: 1409995 operations; [READ: Count=939600 Max=4550.65 Min=1.93 Avg=44.87 10=6.19 25=24.35 50=29.97 75=56.41 90=88.83 95=119.94 99=209.92 99.9=776.70 99.99=1504.26] [UPDATE: Count=470395 Max=17891.33 Min=5.95 Avg=14.13 10=9.01 25=10.25 50=11.94 75=14.55 90=17.73 95=20.30 99=28.09 99.9=257.92 99.99=2330.62]
2025-04-22 18:59:35 67 sec: 1443774 operations; [READ: Count=962077 Max=4550.65 Min=1.93 Avg=44.68 10=6.21 25=24.21 50=29.92 75=55.97 90=88.83 95=119.36 99=211.07 99.9=772.10 99.99=1500.16] [UPDATE: Count=481697 Max=17891.33 Min=5.95 Avg=14.10 10=8.98 25=10.24 50=11.91 75=14.53 90=17.68 95=20.25 99=28.14 99.9=256.77 99.99=2295.81]
2025-04-22 18:59:36 68 sec: 1478738 operations; [READ: Count=985324 Max=4550.65 Min=1.93 Avg=44.47 10=6.24 25=24.02 50=29.84 75=55.55 90=88.77 95=118.59 99=211.58 99.9=768.00 99.99=1495.04] [UPDATE: Count=493414 Max=17891.33 Min=5.95 Avg=14.07 10=8.95 25=10.22 50=11.88 75=14.49 90=17.61 95=20.19 99=28.18 99.9=255.23 99.99=2240.51]
2025-04-22 18:59:37 68 sec: 1500706 operations; [READ: Count=1000000 Max=14008.32 Min=1.93 Avg=44.53 10=6.25 25=24.03 50=29.87 75=55.45 90=89.02 95=118.21 99=211.84 99.9=765.44 99.99=1495.04] [UPDATE: Count=500706 Max=17891.33 Min=5.95 Avg=14.06 10=8.96 25=10.22 50=11.86 75=14.46 90=17.58 95=20.14 99=28.16 99.9=254.85 99.99=2240.51]
Run runtime(sec): 68.8769
Run operations(ops): 1000000
Run throughput(ops/sec): 14518.7
