Running scope as unit: run-rc17a945ccad34469b9741b328965b94b.scope
load file:/home/user/DataFiles/silesia_data/silesia.tar
2025-04-19 12:26:34 0 sec: 0 operations;
2025-04-19 12:26:35 1 sec: 34279 operations; [INSERT: Count=34279 Max=5636.10 Min=4.03 Avg=25.19 10=5.85 25=7.94 50=17.92 75=35.74 90=55.45 95=67.65 99=94.02 99.9=168.06 99.99=365.57]
2025-04-19 12:26:36 2 sec: 58561 operations; [INSERT: Count=58561 Max=5636.10 Min=4.03 Avg=30.47 10=6.74 25=12.41 50=26.93 75=41.98 90=59.04 95=69.31 99=91.14 99.9=148.35 99.99=353.02]
2025-04-19 12:26:37 3 sec: 82621 operations; [INSERT: Count=82621 Max=5636.10 Min=4.03 Avg=32.74 10=7.80 25=17.87 50=29.52 75=44.13 90=60.26 95=69.89 99=90.17 99.9=141.18 99.99=343.04]
2025-04-19 12:26:38 4 sec: 103707 operations; [INSERT: Count=103707 Max=5636.10 Min=4.03 Avg=34.96 10=8.93 25=20.11 50=31.41 75=46.59 90=62.98 95=73.09 99=96.32 99.9=151.55 99.99=364.03]
2025-04-19 12:26:39 5 sec: 125073 operations; [INSERT: Count=125073 Max=5636.10 Min=4.03 Avg=36.36 10=10.36 25=21.52 50=32.64 75=48.03 90=64.54 95=74.88 99=99.45 99.9=151.17 99.99=360.19]
2025-04-19 12:26:40 6 sec: 147491 operations; [INSERT: Count=147491 Max=34504.70 Min=4.03 Avg=37.11 10=12.08 25=22.27 50=33.09 75=48.35 90=64.64 95=74.81 99=98.69 99.9=155.01 99.99=374.53]
2025-04-19 12:26:41 7 sec: 173647 operations; [INSERT: Count=173647 Max=34504.70 Min=4.03 Avg=36.77 10=13.51 25=22.18 50=32.62 75=47.42 90=63.49 95=73.53 99=96.77 99.9=151.04 99.99=374.53]
2025-04-19 12:26:42 8 sec: 200230 operations; [INSERT: Count=200230 Max=34504.70 Min=4.03 Avg=36.44 10=14.34 25=22.16 50=32.35 75=46.81 90=62.59 95=72.51 99=95.17 99.9=147.84 99.99=365.57]
2025-04-19 12:26:43 9 sec: 226644 operations; [INSERT: Count=226644 Max=34504.70 Min=4.03 Avg=36.21 10=14.87 25=22.16 50=32.17 75=46.40 90=61.95 95=71.74 99=93.95 99.9=145.66 99.99=364.03]
2025-04-19 12:26:44 10 sec: 253810 operations; [INSERT: Count=253810 Max=34504.70 Min=4.03 Avg=35.92 10=15.18 25=22.06 50=31.92 75=45.89 90=61.25 95=70.91 99=92.93 99.9=143.74 99.99=360.19]
2025-04-19 12:26:45 11 sec: 279999 operations; [INSERT: Count=279999 Max=34504.70 Min=4.03 Avg=35.82 10=15.43 25=22.11 50=31.84 75=45.70 90=60.86 95=70.53 99=92.03 99.9=141.95 99.99=357.63]
2025-04-19 12:26:46 12 sec: 305815 operations; [INSERT: Count=305815 Max=34504.70 Min=4.03 Avg=35.79 10=15.63 25=22.18 50=31.82 75=45.57 90=60.58 95=70.21 99=91.33 99.9=141.18 99.99=360.19]
2025-04-19 12:26:47 13 sec: 332388 operations; [INSERT: Count=332388 Max=34504.70 Min=4.03 Avg=35.67 10=15.75 25=22.16 50=31.74 75=45.38 90=60.22 95=69.82 99=90.69 99.9=139.39 99.99=366.08]
2025-04-19 12:26:48 14 sec: 359030 operations; [INSERT: Count=359030 Max=34504.70 Min=4.03 Avg=35.56 10=15.88 25=22.14 50=31.65 75=45.15 90=59.94 95=69.44 99=90.11 99.9=139.01 99.99=365.57]
2025-04-19 12:26:49 15 sec: 385765 operations; [INSERT: Count=385765 Max=34504.70 Min=4.03 Avg=35.45 10=15.97 25=22.13 50=31.57 75=44.99 90=59.68 95=69.06 99=89.53 99.9=137.98 99.99=360.19]
2025-04-19 12:26:50 16 sec: 411569 operations; [INSERT: Count=411569 Max=34504.70 Min=4.03 Avg=35.45 10=16.07 25=22.18 50=31.57 75=44.96 90=59.58 95=68.99 99=89.28 99.9=136.70 99.99=366.08]
2025-04-19 12:26:51 17 sec: 436233 operations; [INSERT: Count=436233 Max=34504.70 Min=4.03 Avg=35.55 10=16.20 25=22.29 50=31.68 75=45.05 90=59.68 95=69.06 99=89.15 99.9=135.04 99.99=366.08]
2025-04-19 12:26:52 18 sec: 461815 operations; [INSERT: Count=461815 Max=34504.70 Min=4.03 Avg=35.56 10=16.23 25=22.30 50=31.68 75=45.02 90=59.68 95=69.06 99=89.09 99.9=133.63 99.99=369.15]
2025-04-19 12:26:53 19 sec: 484643 operations; [INSERT: Count=484643 Max=34504.70 Min=4.03 Avg=35.80 10=16.29 25=22.37 50=31.81 75=45.22 90=59.90 95=69.38 99=89.60 99.9=134.78 99.99=384.51]
2025-04-19 12:26:54 20 sec: 509066 operations; [INSERT: Count=509066 Max=34504.70 Min=4.03 Avg=35.89 10=16.34 25=22.41 50=31.87 75=45.34 90=60.09 95=69.57 99=89.86 99.9=134.66 99.99=379.65]
2025-04-19 12:26:55 21 sec: 533040 operations; [INSERT: Count=533040 Max=34504.70 Min=4.03 Avg=36.00 10=16.40 25=22.46 50=31.95 75=45.50 90=60.35 95=69.89 99=90.37 99.9=136.70 99.99=384.00]
2025-04-19 12:26:56 22 sec: 546743 operations; [INSERT: Count=546743 Max=34504.70 Min=4.03 Avg=36.82 10=16.43 25=22.50 50=32.02 75=45.57 90=60.45 95=70.02 99=90.56 99.9=138.75 99.99=484.86]
2025-04-19 12:26:57 23 sec: 559232 operations; [INSERT: Count=559232 Max=34504.70 Min=4.03 Avg=37.64 10=16.45 25=22.50 50=32.02 75=45.57 90=60.45 95=70.08 99=90.69 99.9=140.41 99.99=12058.62]
2025-04-19 12:26:58 24 sec: 571147 operations; [INSERT: Count=571147 Max=34504.70 Min=4.03 Avg=38.44 10=16.46 25=22.51 50=32.05 75=45.63 90=60.54 95=70.21 99=90.81 99.9=144.90 99.99=16048.13]
2025-04-19 12:26:59 25 sec: 584481 operations; [INSERT: Count=584481 Max=34504.70 Min=4.03 Avg=39.14 10=16.50 25=22.54 50=32.09 75=45.70 90=60.64 95=70.27 99=91.01 99.9=147.84 99.99=16064.51]
2025-04-19 12:27:00 26 sec: 606629 operations; [INSERT: Count=606629 Max=34504.70 Min=4.03 Avg=39.24 10=16.53 25=22.56 50=32.14 75=45.79 90=60.73 95=70.40 99=91.26 99.9=148.48 99.99=16064.51]
2025-04-19 12:27:01 27 sec: 633142 operations; [INSERT: Count=633142 Max=34504.70 Min=4.03 Avg=39.03 10=16.50 25=22.50 50=32.08 75=45.70 90=60.64 95=70.27 99=91.07 99.9=146.30 99.99=16056.32]
2025-04-19 12:27:02 28 sec: 660573 operations; [INSERT: Count=660573 Max=34504.70 Min=4.03 Avg=38.79 10=16.45 25=22.41 50=31.95 75=45.53 90=60.45 95=70.08 99=90.81 99.9=143.36 99.99=16056.32]
2025-04-19 12:27:03 29 sec: 687213 operations; [INSERT: Count=687213 Max=34504.70 Min=4.03 Avg=38.61 10=16.45 25=22.37 50=31.90 75=45.44 90=60.32 95=69.95 99=90.62 99.9=141.95 99.99=16056.32]
2025-04-19 12:27:04 30 sec: 709406 operations; [INSERT: Count=709406 Max=34504.70 Min=4.03 Avg=38.71 10=16.48 25=22.40 50=31.95 75=45.50 90=60.41 95=70.08 99=90.88 99.9=143.49 99.99=16056.32]
2025-04-19 12:27:05 31 sec: 733079 operations; [INSERT: Count=733079 Max=34504.70 Min=4.03 Avg=38.72 10=16.54 25=22.46 50=32.02 75=45.60 90=60.54 95=70.21 99=91.01 99.9=156.29 99.99=16048.13]
2025-04-19 12:27:06 32 sec: 757404 operations; [INSERT: Count=757404 Max=34504.70 Min=4.03 Avg=38.69 10=16.57 25=22.48 50=32.05 75=45.63 90=60.61 95=70.33 99=91.26 99.9=197.25 99.99=16048.13]
2025-04-19 12:27:07 33 sec: 779360 operations; [INSERT: Count=779360 Max=34504.70 Min=4.03 Avg=38.78 10=16.61 25=22.53 50=32.13 75=45.76 90=60.83 95=70.66 99=92.09 99.9=218.62 99.99=16048.13]
2025-04-19 12:27:08 34 sec: 798866 operations; [INSERT: Count=798866 Max=34504.70 Min=4.03 Avg=39.01 10=16.62 25=22.56 50=32.22 75=45.98 90=61.28 95=71.42 99=94.91 99.9=239.62 99.99=16048.13]
2025-04-19 12:27:09 35 sec: 818323 operations; [INSERT: Count=818323 Max=34504.70 Min=4.03 Avg=39.22 10=16.62 25=22.59 50=32.30 75=46.21 90=61.70 95=72.19 99=97.79 99.9=256.89 99.99=16048.13]
2025-04-19 12:27:10 36 sec: 839489 operations; [INSERT: Count=839489 Max=34504.70 Min=4.03 Avg=39.34 10=16.66 25=22.64 50=32.40 75=46.37 90=62.02 95=72.70 99=99.07 99.9=261.12 99.99=16048.13]
2025-04-19 12:27:11 37 sec: 861097 operations; [INSERT: Count=861097 Max=34504.70 Min=4.03 Avg=39.43 10=16.70 25=22.70 50=32.51 75=46.53 90=62.30 95=73.09 99=99.65 99.9=262.01 99.99=16048.13]
2025-04-19 12:27:12 38 sec: 888581 operations; [INSERT: Count=888581 Max=34504.70 Min=4.03 Avg=39.23 10=16.62 25=22.61 50=32.38 75=46.40 90=62.17 95=72.96 99=99.39 99.9=258.30 99.99=16039.93]
2025-04-19 12:27:13 39 sec: 939987 operations; [INSERT: Count=939987 Max=34504.70 Min=4.03 Avg=37.97 10=15.18 25=21.41 50=31.30 75=45.41 90=61.31 95=72.06 99=98.37 99.9=243.33 99.99=16039.93]
2025-04-19 12:27:14 40 sec: 1000000 operations; [INSERT: Count=1000000 Max=34504.70 Min=4.03 Avg=36.41 10=12.92 25=19.77 50=29.95 75=44.22 90=60.32 95=71.17 99=97.28 99.9=232.96 99.99=16039.93]
2025-04-19 12:27:15 41 sec: 1000000 operations; [INSERT: Count=1000000 Max=34504.70 Min=4.03 Avg=36.41 10=12.92 25=19.77 50=29.95 75=44.22 90=60.32 95=71.17 99=97.28 99.9=232.96 99.99=16039.93]
2025-04-19 12:27:16 42 sec: 1000000 operations; [INSERT: Count=1000000 Max=34504.70 Min=4.03 Avg=36.41 10=12.92 25=19.77 50=29.95 75=44.22 90=60.32 95=71.17 99=97.28 99.9=232.96 99.99=16039.93]
2025-04-19 12:27:17 43 sec: 1000000 operations; [INSERT: Count=1000000 Max=34504.70 Min=4.03 Avg=36.41 10=12.92 25=19.77 50=29.95 75=44.22 90=60.32 95=71.17 99=97.28 99.9=232.96 99.99=16039.93]
2025-04-19 12:27:18 44 sec: 1000000 operations; [INSERT: Count=1000000 Max=34504.70 Min=4.03 Avg=36.41 10=12.92 25=19.77 50=29.95 75=44.22 90=60.32 95=71.17 99=97.28 99.9=232.96 99.99=16039.93]
2025-04-19 12:27:19 45 sec: 1000000 operations; [INSERT: Count=1000000 Max=34504.70 Min=4.03 Avg=36.41 10=12.92 25=19.77 50=29.95 75=44.22 90=60.32 95=71.17 99=97.28 99.9=232.96 99.99=16039.93]
2025-04-19 12:27:20 46 sec: 1000000 operations; [INSERT: Count=1000000 Max=34504.70 Min=4.03 Avg=36.41 10=12.92 25=19.77 50=29.95 75=44.22 90=60.32 95=71.17 99=97.28 99.9=232.96 99.99=16039.93]
2025-04-19 12:27:21 47 sec: 1000000 operations; [INSERT: Count=1000000 Max=34504.70 Min=4.03 Avg=36.41 10=12.92 25=19.77 50=29.95 75=44.22 90=60.32 95=71.17 99=97.28 99.9=232.96 99.99=16039.93]
2025-04-19 12:27:22 48 sec: 1000000 operations; [INSERT: Count=1000000 Max=34504.70 Min=4.03 Avg=36.41 10=12.92 25=19.77 50=29.95 75=44.22 90=60.32 95=71.17 99=97.28 99.9=232.96 99.99=16039.93]
2025-04-19 12:27:23 49 sec: 1000000 operations; [INSERT: Count=1000000 Max=34504.70 Min=4.03 Avg=36.41 10=12.92 25=19.77 50=29.95 75=44.22 90=60.32 95=71.17 99=97.28 99.9=232.96 99.99=16039.93]
2025-04-19 12:27:24 50 sec: 1000000 operations; [INSERT: Count=1000000 Max=34504.70 Min=4.03 Avg=36.41 10=12.92 25=19.77 50=29.95 75=44.22 90=60.32 95=71.17 99=97.28 99.9=232.96 99.99=16039.93]
2025-04-19 12:27:24 50 sec: 1000000 operations; [INSERT: Count=1000000 Max=34504.70 Min=4.03 Avg=36.41 10=12.92 25=19.77 50=29.95 75=44.22 90=60.32 95=71.17 99=97.28 99.9=232.96 99.99=16039.93]
Load runtime(sec): 50.1401
Load operations(ops): 1000000
Load throughput(ops/sec): 19944.1
