Running scope as unit: run-r3bd1780dbad9455cb19ce8a22d0a2d7b.scope
load file:/home/user/DataFiles/silesia_data/silesia.tar
2025-04-19 12:26:34 0 sec: 0 operations;
2025-04-19 12:26:35 1 sec: 30420 operations; [INSERT: Count=30420 Max=6721.53 Min=4.55 Avg=28.48 10=10.19 25=14.78 50=24.03 75=37.22 90=51.30 95=61.28 99=82.30 99.9=151.29 99.99=473.34]
2025-04-19 12:26:36 2 sec: 55698 operations; [INSERT: Count=55698 Max=6721.53 Min=4.55 Avg=31.99 10=12.07 25=18.16 50=28.03 75=41.53 90=56.26 95=66.11 99=85.38 99.9=127.87 99.99=506.88]
2025-04-19 12:26:37 3 sec: 81453 operations; [INSERT: Count=81453 Max=6721.53 Min=4.55 Avg=33.10 10=13.32 25=19.52 50=29.21 75=42.69 90=57.34 95=67.07 99=86.02 99.9=125.12 99.99=493.57]
2025-04-19 12:26:38 4 sec: 108552 operations; [INSERT: Count=108552 Max=6721.53 Min=4.55 Avg=33.22 10=13.94 25=19.92 50=29.39 75=42.62 90=57.12 95=66.56 99=85.38 99.9=122.94 99.99=480.51]
2025-04-19 12:26:39 5 sec: 136783 operations; [INSERT: Count=136783 Max=6721.53 Min=4.55 Avg=32.99 10=14.21 25=19.98 50=29.25 75=42.17 90=56.38 95=65.73 99=84.09 99.9=120.51 99.99=462.85]
2025-04-19 12:26:40 6 sec: 165665 operations; [INSERT: Count=165665 Max=34275.33 Min=4.55 Avg=32.69 10=14.28 25=19.76 50=28.73 75=41.38 90=55.36 95=64.70 99=83.14 99.9=118.40 99.99=462.85]
2025-04-19 12:26:41 7 sec: 196544 operations; [INSERT: Count=196544 Max=34275.33 Min=4.55 Avg=32.12 10=14.27 25=19.50 50=28.22 75=40.51 90=54.27 95=63.42 99=81.86 99.9=116.73 99.99=452.35]
2025-04-19 12:26:42 8 sec: 227205 operations; [INSERT: Count=227205 Max=34275.33 Min=4.55 Avg=31.74 10=14.29 25=19.38 50=27.92 75=40.00 90=53.47 95=62.49 99=80.83 99.9=114.81 99.99=447.49]
2025-04-19 12:26:43 9 sec: 258158 operations; [INSERT: Count=258158 Max=34275.33 Min=4.55 Avg=31.41 10=14.30 25=19.25 50=27.65 75=39.55 90=52.73 95=61.66 99=79.87 99.9=113.98 99.99=439.30]
2025-04-19 12:26:44 10 sec: 288583 operations; [INSERT: Count=288583 Max=34275.33 Min=4.55 Avg=31.21 10=14.33 25=19.21 50=27.49 75=39.30 90=52.35 95=61.05 99=79.23 99.9=113.73 99.99=433.41]
2025-04-19 12:26:45 11 sec: 320010 operations; [INSERT: Count=320010 Max=34275.33 Min=4.55 Avg=30.94 10=14.32 25=19.10 50=27.28 75=38.91 90=51.77 95=60.41 99=78.53 99.9=112.77 99.99=430.33]
2025-04-19 12:26:46 12 sec: 351898 operations; [INSERT: Count=351898 Max=34275.33 Min=4.55 Avg=30.68 10=14.31 25=19.01 50=27.05 75=38.53 90=51.23 95=59.77 99=77.76 99.9=111.74 99.99=421.63]
2025-04-19 12:26:47 13 sec: 383740 operations; [INSERT: Count=383740 Max=34275.33 Min=4.55 Avg=30.46 10=14.29 25=18.91 50=26.86 75=38.17 90=50.75 95=59.23 99=77.12 99.9=111.74 99.99=408.32]
2025-04-19 12:26:48 14 sec: 414620 operations; [INSERT: Count=414620 Max=34275.33 Min=4.55 Avg=30.36 10=14.31 25=18.89 50=26.80 75=38.05 90=50.49 95=58.91 99=76.73 99.9=111.10 99.99=397.57]
2025-04-19 12:26:49 15 sec: 445340 operations; [INSERT: Count=445340 Max=34275.33 Min=4.55 Avg=30.28 10=14.34 25=18.88 50=26.73 75=37.92 90=50.30 95=58.62 99=76.29 99.9=111.10 99.99=392.45]
2025-04-19 12:26:50 16 sec: 476816 operations; [INSERT: Count=476816 Max=34275.33 Min=4.55 Avg=30.16 10=14.26 25=18.78 50=26.62 75=37.79 90=50.11 95=58.43 99=75.97 99.9=110.72 99.99=392.45]
2025-04-19 12:26:51 17 sec: 505568 operations; [INSERT: Count=505568 Max=34275.33 Min=4.55 Avg=30.21 10=14.26 25=18.82 50=26.67 75=37.89 90=50.24 95=58.56 99=76.16 99.9=111.17 99.99=392.45]
2025-04-19 12:26:52 18 sec: 531141 operations; [INSERT: Count=531141 Max=34275.33 Min=4.55 Avg=30.41 10=14.31 25=18.89 50=26.82 75=38.11 90=50.59 95=59.01 99=76.93 99.9=113.86 99.99=398.85]
2025-04-19 12:26:53 19 sec: 561060 operations; [INSERT: Count=561060 Max=34275.33 Min=4.55 Avg=30.31 10=14.29 25=18.85 50=26.73 75=37.98 90=50.43 95=58.81 99=76.73 99.9=113.09 99.99=397.57]
2025-04-19 12:26:54 20 sec: 590696 operations; [INSERT: Count=590696 Max=34275.33 Min=4.55 Avg=30.23 10=14.29 25=18.83 50=26.67 75=37.89 90=50.27 95=58.62 99=76.54 99.9=113.09 99.99=397.57]
2025-04-19 12:26:55 21 sec: 620103 operations; [INSERT: Count=620103 Max=34275.33 Min=4.55 Avg=30.17 10=14.28 25=18.78 50=26.57 75=37.73 90=50.08 95=58.46 99=76.48 99.9=114.50 99.99=412.67]
2025-04-19 12:26:56 22 sec: 649468 operations; [INSERT: Count=649468 Max=34275.33 Min=4.55 Avg=30.13 10=14.27 25=18.72 50=26.45 75=37.53 90=49.85 95=58.17 99=76.16 99.9=113.86 99.99=421.63]
2025-04-19 12:26:57 23 sec: 682861 operations; [INSERT: Count=682861 Max=34275.33 Min=4.55 Avg=29.87 10=14.20 25=18.56 50=26.21 75=37.18 90=49.41 95=57.76 99=75.78 99.9=113.22 99.99=421.63]
2025-04-19 12:26:58 24 sec: 715803 operations; [INSERT: Count=715803 Max=34275.33 Min=4.55 Avg=29.65 10=14.13 25=18.43 50=25.95 75=36.86 90=49.02 95=57.38 99=75.39 99.9=112.77 99.99=430.33]
2025-04-19 12:26:59 25 sec: 747261 operations; [INSERT: Count=747261 Max=34275.33 Min=4.55 Avg=29.53 10=14.13 25=18.38 50=25.84 75=36.64 90=48.73 95=57.09 99=75.20 99.9=117.76 99.99=430.33]
2025-04-19 12:27:00 26 sec: 778316 operations; [INSERT: Count=778316 Max=34275.33 Min=4.55 Avg=29.43 10=14.14 25=18.34 50=25.73 75=36.45 90=48.51 95=56.86 99=75.20 99.9=144.13 99.99=430.33]
2025-04-19 12:27:01 27 sec: 808463 operations; [INSERT: Count=808463 Max=34275.33 Min=4.55 Avg=29.38 10=14.16 25=18.32 50=25.66 75=36.35 90=48.32 95=56.70 99=75.20 99.9=158.46 99.99=438.27]
2025-04-19 12:27:02 28 sec: 833916 operations; [INSERT: Count=833916 Max=34275.33 Min=4.55 Avg=29.52 10=14.22 25=18.43 50=25.82 75=36.51 90=48.48 95=56.83 99=75.39 99.9=167.55 99.99=448.77]
2025-04-19 12:27:03 29 sec: 858956 operations; [INSERT: Count=858956 Max=34275.33 Min=4.55 Avg=29.67 10=14.29 25=18.53 50=25.97 75=36.67 90=48.67 95=57.02 99=75.71 99.9=179.33 99.99=451.84]
2025-04-19 12:27:04 30 sec: 879195 operations; [INSERT: Count=879195 Max=34275.33 Min=4.55 Avg=29.98 10=14.34 25=18.61 50=26.09 75=36.80 90=48.80 95=57.22 99=75.97 99.9=192.51 99.99=472.57]
2025-04-19 12:27:05 31 sec: 902588 operations; [INSERT: Count=902588 Max=34275.33 Min=4.55 Avg=30.17 10=14.40 25=18.70 50=26.22 75=36.96 90=48.96 95=57.38 99=76.22 99.9=199.68 99.99=473.34]
2025-04-19 12:27:06 32 sec: 927030 operations; [INSERT: Count=927030 Max=34275.33 Min=4.55 Avg=30.29 10=14.34 25=18.62 50=26.13 75=36.86 90=48.86 95=57.28 99=76.29 99.9=202.50 99.99=498.94]
2025-04-19 12:27:07 33 sec: 953950 operations; [INSERT: Count=953950 Max=34275.33 Min=4.55 Avg=30.33 10=14.24 25=18.51 50=25.98 75=36.70 90=48.77 95=57.28 99=76.99 99.9=212.86 99.99=581.12]
2025-04-19 12:27:08 34 sec: 967645 operations; [INSERT: Count=967645 Max=34275.33 Min=4.55 Avg=30.86 10=14.26 25=18.56 50=26.13 75=37.05 90=49.60 95=58.66 99=83.39 99.9=247.42 99.99=833.53]
2025-04-19 12:27:09 35 sec: 984845 operations; [INSERT: Count=984845 Max=34275.33 Min=4.55 Avg=31.25 10=14.29 25=18.64 50=26.29 75=37.38 90=50.27 95=59.81 99=89.34 99.9=255.49 99.99=1091.58]
2025-04-19 12:27:10 36 sec: 1000000 operations; [INSERT: Count=1000000 Max=34275.33 Min=4.55 Avg=31.45 10=14.33 25=18.69 50=26.40 75=37.60 90=50.69 95=60.48 99=91.01 99.9=258.05 99.99=1111.04]
2025-04-19 12:27:11 37 sec: 1000000 operations; [INSERT: Count=1000000 Max=34275.33 Min=4.55 Avg=31.45 10=14.33 25=18.69 50=26.40 75=37.60 90=50.69 95=60.48 99=91.01 99.9=258.05 99.99=1111.04]
2025-04-19 12:27:12 38 sec: 1000000 operations; [INSERT: Count=1000000 Max=34275.33 Min=4.55 Avg=31.45 10=14.33 25=18.69 50=26.40 75=37.60 90=50.69 95=60.48 99=91.01 99.9=258.05 99.99=1111.04]
2025-04-19 12:27:13 39 sec: 1000000 operations; [INSERT: Count=1000000 Max=34275.33 Min=4.55 Avg=31.45 10=14.33 25=18.69 50=26.40 75=37.60 90=50.69 95=60.48 99=91.01 99.9=258.05 99.99=1111.04]
2025-04-19 12:27:14 40 sec: 1000000 operations; [INSERT: Count=1000000 Max=34275.33 Min=4.55 Avg=31.45 10=14.33 25=18.69 50=26.40 75=37.60 90=50.69 95=60.48 99=91.01 99.9=258.05 99.99=1111.04]
2025-04-19 12:27:15 41 sec: 1000000 operations; [INSERT: Count=1000000 Max=34275.33 Min=4.55 Avg=31.45 10=14.33 25=18.69 50=26.40 75=37.60 90=50.69 95=60.48 99=91.01 99.9=258.05 99.99=1111.04]
2025-04-19 12:27:16 42 sec: 1000000 operations; [INSERT: Count=1000000 Max=34275.33 Min=4.55 Avg=31.45 10=14.33 25=18.69 50=26.40 75=37.60 90=50.69 95=60.48 99=91.01 99.9=258.05 99.99=1111.04]
2025-04-19 12:27:17 43 sec: 1000000 operations; [INSERT: Count=1000000 Max=34275.33 Min=4.55 Avg=31.45 10=14.33 25=18.69 50=26.40 75=37.60 90=50.69 95=60.48 99=91.01 99.9=258.05 99.99=1111.04]
2025-04-19 12:27:18 44 sec: 1000000 operations; [INSERT: Count=1000000 Max=34275.33 Min=4.55 Avg=31.45 10=14.33 25=18.69 50=26.40 75=37.60 90=50.69 95=60.48 99=91.01 99.9=258.05 99.99=1111.04]
2025-04-19 12:27:19 44 sec: 1000000 operations; [INSERT: Count=1000000 Max=34275.33 Min=4.55 Avg=31.45 10=14.33 25=18.69 50=26.40 75=37.60 90=50.69 95=60.48 99=91.01 99.9=258.05 99.99=1111.04]
Load runtime(sec): 44.3501
Load operations(ops): 1000000
Load throughput(ops/sec): 22547.9
