Running scope as unit: run-rf687826ef5bf437981d630695f65d709.scope
load file:/home/user/DataFiles/silesia_data/silesia.tar
2025-04-19 12:26:35 0 sec: 0 operations;
2025-04-19 12:26:36 1 sec: 21115 operations; [INSERT: Count=21115 Max=14311.42 Min=5.64 Avg=38.91 10=17.14 25=23.57 50=33.82 75=48.67 90=65.73 95=76.09 99=97.86 99.9=129.98 99.99=492.54]
2025-04-19 12:26:37 2 sec: 46049 operations; [INSERT: Count=46049 Max=14311.42 Min=5.64 Avg=37.68 10=17.10 25=23.21 50=33.15 75=47.52 90=63.13 95=73.28 99=93.63 99.9=128.57 99.99=521.22]
2025-04-19 12:26:38 3 sec: 71541 operations; [INSERT: Count=71541 Max=14311.42 Min=5.64 Avg=37.00 10=17.01 25=22.93 50=32.69 75=46.81 90=62.08 95=71.94 99=91.58 99.9=124.09 99.99=498.94]
2025-04-19 12:26:39 4 sec: 98301 operations; [INSERT: Count=98301 Max=14311.42 Min=5.64 Avg=36.17 10=16.67 25=22.46 50=32.02 75=45.79 90=60.64 95=70.33 99=89.47 99.9=123.07 99.99=492.54]
2025-04-19 12:26:40 5 sec: 126526 operations; [INSERT: Count=126526 Max=14311.42 Min=5.64 Avg=35.24 10=16.28 25=21.89 50=31.18 75=44.58 90=59.10 95=68.48 99=87.74 99.9=121.79 99.99=470.27]
2025-04-19 12:26:41 6 sec: 155234 operations; [INSERT: Count=155234 Max=34275.33 Min=5.64 Avg=34.52 10=15.84 25=21.26 50=30.32 75=43.36 90=57.66 95=67.07 99=86.33 99.9=121.22 99.99=470.27]
2025-04-19 12:26:42 7 sec: 184774 operations; [INSERT: Count=184774 Max=34275.33 Min=5.64 Avg=33.86 10=15.62 25=20.86 50=29.70 75=42.37 90=56.51 95=65.73 99=84.86 99.9=120.06 99.99=468.99]
2025-04-19 12:26:43 8 sec: 214921 operations; [INSERT: Count=214921 Max=34275.33 Min=5.64 Avg=33.28 10=15.49 25=20.56 50=29.23 75=41.66 90=55.49 95=64.64 99=83.65 99.9=118.14 99.99=448.77]
2025-04-19 12:26:44 9 sec: 244930 operations; [INSERT: Count=244930 Max=34275.33 Min=5.64 Avg=32.86 10=15.38 25=20.38 50=28.89 75=41.09 90=54.69 95=63.71 99=82.75 99.9=116.93 99.99=434.69]
2025-04-19 12:26:45 10 sec: 274761 operations; [INSERT: Count=274761 Max=34275.33 Min=5.64 Avg=32.56 10=15.33 25=20.24 50=28.67 75=40.70 90=54.14 95=63.04 99=81.92 99.9=116.80 99.99=425.47]
2025-04-19 12:26:46 11 sec: 305419 operations; [INSERT: Count=305419 Max=34275.33 Min=5.64 Avg=32.22 10=15.26 25=20.06 50=28.38 75=40.26 90=53.50 95=62.37 99=81.09 99.9=116.48 99.99=409.60]
2025-04-19 12:26:47 12 sec: 336587 operations; [INSERT: Count=336587 Max=34275.33 Min=5.64 Avg=31.89 10=15.16 25=19.90 50=28.09 75=39.81 90=52.93 95=61.70 99=80.25 99.9=114.94 99.99=392.19]
2025-04-19 12:26:48 13 sec: 367361 operations; [INSERT: Count=367361 Max=34275.33 Min=5.64 Avg=31.64 10=15.11 25=19.77 50=27.89 75=39.49 90=52.48 95=61.18 99=79.55 99.9=114.24 99.99=380.93]
2025-04-19 12:26:49 14 sec: 397591 operations; [INSERT: Count=397591 Max=34275.33 Min=5.64 Avg=31.49 10=15.10 25=19.73 50=27.79 75=39.26 90=52.19 95=60.80 99=79.04 99.9=112.45 99.99=377.60]
2025-04-19 12:26:50 15 sec: 427633 operations; [INSERT: Count=427633 Max=34275.33 Min=5.64 Avg=31.38 10=15.10 25=19.71 50=27.70 75=39.13 90=51.90 95=60.48 99=78.59 99.9=112.25 99.99=372.74]
2025-04-19 12:26:51 16 sec: 456443 operations; [INSERT: Count=456443 Max=34275.33 Min=5.64 Avg=31.37 10=15.10 25=19.71 50=27.71 75=39.13 90=51.87 95=60.38 99=78.46 99.9=112.58 99.99=372.74]
2025-04-19 12:26:52 17 sec: 484236 operations; [INSERT: Count=484236 Max=34275.33 Min=5.54 Avg=31.41 10=15.07 25=19.71 50=27.74 75=39.23 90=52.00 95=60.54 99=78.72 99.9=112.32 99.99=379.13]
2025-04-19 12:26:53 18 sec: 506203 operations; [INSERT: Count=506203 Max=34275.33 Min=5.54 Avg=31.78 10=15.12 25=19.81 50=27.92 75=39.55 90=52.54 95=61.34 99=80.64 99.9=125.95 99.99=428.54]
2025-04-19 12:26:54 19 sec: 525084 operations; [INSERT: Count=525084 Max=34275.33 Min=5.54 Avg=32.35 10=15.22 25=19.98 50=28.25 75=40.09 90=53.47 95=62.62 99=83.52 99.9=133.63 99.99=470.27]
2025-04-19 12:26:55 20 sec: 545329 operations; [INSERT: Count=545329 Max=34275.33 Min=5.54 Avg=32.79 10=15.34 25=20.18 50=28.59 75=40.64 90=54.37 95=63.84 99=85.95 99.9=138.50 99.99=474.11]
2025-04-19 12:26:56 21 sec: 565300 operations; [INSERT: Count=565300 Max=34275.33 Min=5.54 Avg=33.22 10=15.43 25=20.35 50=28.91 75=41.15 90=55.26 95=65.09 99=88.38 99.9=144.64 99.99=476.16]
2025-04-19 12:26:57 22 sec: 586306 operations; [INSERT: Count=586306 Max=34275.33 Min=5.54 Avg=33.55 10=15.53 25=20.51 50=29.18 75=41.60 90=55.94 95=65.92 99=89.73 99.9=148.48 99.99=476.42]
2025-04-19 12:26:58 23 sec: 600939 operations; [INSERT: Count=600939 Max=34275.33 Min=5.54 Avg=34.24 10=15.62 25=20.69 50=29.57 75=42.37 90=57.38 95=68.29 99=95.94 99.9=158.85 99.99=498.94]
2025-04-19 12:26:59 24 sec: 614542 operations; [INSERT: Count=614542 Max=34275.33 Min=5.54 Avg=34.96 10=15.70 25=20.85 50=29.97 75=43.20 90=58.94 95=70.78 99=101.95 99.9=164.35 99.99=526.34]
2025-04-19 12:27:00 25 sec: 627979 operations; [INSERT: Count=627979 Max=34275.33 Min=5.54 Avg=35.67 10=15.78 25=21.02 50=30.35 75=44.03 90=60.58 95=73.34 99=107.52 99.9=170.24 99.99=528.89]
2025-04-19 12:27:01 26 sec: 642141 operations; [INSERT: Count=642141 Max=34275.33 Min=5.54 Avg=36.30 10=15.87 25=21.21 50=30.75 75=44.83 90=62.05 95=75.65 99=111.42 99.9=172.93 99.99=536.06]
2025-04-19 12:27:02 27 sec: 657091 operations; [INSERT: Count=657091 Max=34275.33 Min=5.54 Avg=36.86 10=15.96 25=21.39 50=31.15 75=45.53 90=63.33 95=77.50 99=113.79 99.9=174.46 99.99=549.38]
2025-04-19 12:27:03 28 sec: 672372 operations; [INSERT: Count=672372 Max=34275.33 Min=5.54 Avg=37.37 10=16.05 25=21.57 50=31.55 75=46.27 90=64.51 95=79.10 99=115.14 99.9=174.72 99.99=551.93]
2025-04-19 12:27:04 29 sec: 691697 operations; [INSERT: Count=691697 Max=34275.33 Min=5.54 Avg=37.63 10=16.14 25=21.73 50=31.77 75=46.59 90=64.93 95=79.42 99=115.33 99.9=174.72 99.99=556.54]
2025-04-19 12:27:05 30 sec: 711304 operations; [INSERT: Count=711304 Max=34275.33 Min=5.54 Avg=37.86 10=16.23 25=21.87 50=32.00 75=46.91 90=65.38 95=79.87 99=115.58 99.9=175.49 99.99=558.59]
2025-04-19 12:27:06 31 sec: 731487 operations; [INSERT: Count=731487 Max=34275.33 Min=5.54 Avg=38.04 10=16.32 25=22.02 50=32.21 75=47.17 90=65.66 95=80.13 99=115.65 99.9=178.05 99.99=557.57]
2025-04-19 12:27:07 32 sec: 750682 operations; [INSERT: Count=750682 Max=34275.33 Min=5.54 Avg=38.27 10=16.38 25=22.13 50=32.38 75=47.42 90=66.05 95=80.64 99=116.42 99.9=186.88 99.99=596.99]
2025-04-19 12:27:08 33 sec: 768549 operations; [INSERT: Count=768549 Max=34275.33 Min=5.54 Avg=38.57 10=16.45 25=22.24 50=32.56 75=47.71 90=66.56 95=81.34 99=117.82 99.9=217.73 99.99=633.34]
2025-04-19 12:27:09 34 sec: 783426 operations; [INSERT: Count=783426 Max=34275.33 Min=5.54 Avg=39.01 10=16.50 25=22.32 50=32.72 75=48.09 90=67.39 95=82.88 99=121.73 99.9=250.50 99.99=806.40]
2025-04-19 12:27:10 35 sec: 800031 operations; [INSERT: Count=800031 Max=34275.33 Min=5.54 Avg=39.35 10=16.54 25=22.41 50=32.90 75=48.41 90=68.03 95=83.90 99=123.90 99.9=260.74 99.99=847.87]
2025-04-19 12:27:11 36 sec: 817863 operations; [INSERT: Count=817863 Max=34275.33 Min=5.54 Avg=39.61 10=16.61 25=22.54 50=33.12 75=48.70 90=68.54 95=84.54 99=124.61 99.9=270.59 99.99=926.72]
2025-04-19 12:27:12 37 sec: 838956 operations; [INSERT: Count=838956 Max=34275.33 Min=5.54 Avg=39.72 10=16.67 25=22.64 50=33.25 75=48.90 90=68.73 95=84.54 99=124.29 99.9=270.08 99.99=941.57]
2025-04-19 12:27:13 38 sec: 872713 operations; [INSERT: Count=872713 Max=34275.33 Min=5.54 Avg=39.19 10=16.38 25=22.25 50=32.75 75=48.29 90=67.97 95=83.71 99=123.33 99.9=262.40 99.99=924.16]
2025-04-19 12:27:14 39 sec: 927314 operations; [INSERT: Count=927314 Max=34275.33 Min=4.25 Avg=37.77 10=14.90 25=20.85 50=31.36 75=47.01 90=66.69 95=82.37 99=121.92 99.9=254.46 99.99=853.50]
2025-04-19 12:27:15 40 sec: 998777 operations; [INSERT: Count=998777 Max=34275.33 Min=4.25 Avg=35.82 10=12.30 25=18.78 50=29.57 75=45.41 90=65.09 95=80.70 99=120.25 99.9=245.12 99.99=814.08]
2025-04-19 12:27:16 41 sec: 1000000 operations; [INSERT: Count=1000000 Max=34275.33 Min=4.25 Avg=35.79 10=12.26 25=18.75 50=29.55 75=45.38 90=65.06 95=80.64 99=120.19 99.9=244.86 99.99=814.08]
2025-04-19 12:27:17 42 sec: 1000000 operations; [INSERT: Count=1000000 Max=34275.33 Min=4.25 Avg=35.79 10=12.26 25=18.75 50=29.55 75=45.38 90=65.06 95=80.64 99=120.19 99.9=244.86 99.99=814.08]
2025-04-19 12:27:18 43 sec: 1000000 operations; [INSERT: Count=1000000 Max=34275.33 Min=4.25 Avg=35.79 10=12.26 25=18.75 50=29.55 75=45.38 90=65.06 95=80.64 99=120.19 99.9=244.86 99.99=814.08]
2025-04-19 12:27:19 44 sec: 1000000 operations; [INSERT: Count=1000000 Max=34275.33 Min=4.25 Avg=35.79 10=12.26 25=18.75 50=29.55 75=45.38 90=65.06 95=80.64 99=120.19 99.9=244.86 99.99=814.08]
2025-04-19 12:27:20 45 sec: 1000000 operations; [INSERT: Count=1000000 Max=34275.33 Min=4.25 Avg=35.79 10=12.26 25=18.75 50=29.55 75=45.38 90=65.06 95=80.64 99=120.19 99.9=244.86 99.99=814.08]
2025-04-19 12:27:21 46 sec: 1000000 operations; [INSERT: Count=1000000 Max=34275.33 Min=4.25 Avg=35.79 10=12.26 25=18.75 50=29.55 75=45.38 90=65.06 95=80.64 99=120.19 99.9=244.86 99.99=814.08]
2025-04-19 12:27:22 47 sec: 1000000 operations; [INSERT: Count=1000000 Max=34275.33 Min=4.25 Avg=35.79 10=12.26 25=18.75 50=29.55 75=45.38 90=65.06 95=80.64 99=120.19 99.9=244.86 99.99=814.08]
2025-04-19 12:27:23 48 sec: 1000000 operations; [INSERT: Count=1000000 Max=34275.33 Min=4.25 Avg=35.79 10=12.26 25=18.75 50=29.55 75=45.38 90=65.06 95=80.64 99=120.19 99.9=244.86 99.99=814.08]
2025-04-19 12:27:24 49 sec: 1000000 operations; [INSERT: Count=1000000 Max=34275.33 Min=4.25 Avg=35.79 10=12.26 25=18.75 50=29.55 75=45.38 90=65.06 95=80.64 99=120.19 99.9=244.86 99.99=814.08]
2025-04-19 12:27:25 50 sec: 1000000 operations; [INSERT: Count=1000000 Max=34275.33 Min=4.25 Avg=35.79 10=12.26 25=18.75 50=29.55 75=45.38 90=65.06 95=80.64 99=120.19 99.9=244.86 99.99=814.08]
2025-04-19 12:27:25 50 sec: 1000000 operations; [INSERT: Count=1000000 Max=34275.33 Min=4.25 Avg=35.79 10=12.26 25=18.75 50=29.55 75=45.38 90=65.06 95=80.64 99=120.19 99.9=244.86 99.99=814.08]
Load runtime(sec): 50.7814
Load operations(ops): 1000000
Load throughput(ops/sec): 19692.3
