Running scope as unit: run-r6087e4ca467f4d429dee8e1155fd6658.scope
load file:/home/user/DataFiles/silesia_data/silesia.tar
2025-04-22 18:55:09 0 sec: 0 operations;
2025-04-22 18:55:10 1 sec: 0 operations;
2025-04-22 18:55:11 2 sec: 0 operations;
2025-04-22 18:55:12 3 sec: 0 operations;
2025-04-22 18:55:13 4 sec: 0 operations;
2025-04-22 18:55:14 5 sec: 0 operations;
2025-04-22 18:55:15 6 sec: 0 operations;
2025-04-22 18:55:16 7 sec: 0 operations;
2025-04-22 18:55:17 8 sec: 0 operations;
2025-04-22 18:55:18 9 sec: 0 operations;
2025-04-22 18:55:19 10 sec: 0 operations;
2025-04-22 18:55:20 11 sec: 0 operations;
2025-04-22 18:55:21 12 sec: 0 operations;
2025-04-22 18:55:22 13 sec: 0 operations;
2025-04-22 18:55:23 14 sec: 0 operations;
2025-04-22 18:55:24 15 sec: 0 operations;
2025-04-22 18:55:25 16 sec: 0 operations;
2025-04-22 18:55:26 17 sec: 0 operations;
2025-04-22 18:55:27 18 sec: 8263 operations; [READ: Count=4212 Max=2320.38 Min=3.05 Avg=108.05 10=41.47 25=62.30 50=92.48 75=154.24 90=188.67 95=208.64 99=249.60 99.9=366.33 99.99=2320.38] [UPDATE: Count=4051 Max=773.12 Min=9.46 Avg=116.44 10=47.55 25=69.18 50=101.12 75=163.71 90=198.01 95=218.50 99=268.03 99.9=434.18 99.99=773.12]
2025-04-22 18:55:28 19 sec: 17128 operations; [READ: Count=8681 Max=2320.38 Min=2.98 Avg=107.75 10=38.49 25=61.66 50=91.33 75=153.34 90=190.08 95=212.09 99=265.21 99.9=450.81 99.99=584.19] [UPDATE: Count=8447 Max=2330.62 Min=8.19 Avg=116.43 10=46.02 25=68.80 50=100.29 75=162.56 90=199.04 95=222.08 99=282.88 99.9=467.20 99.99=1542.14]
2025-04-22 18:55:29 20 sec: 25835 operations; [READ: Count=13055 Max=2320.38 Min=2.92 Avg=108.13 10=38.66 25=62.17 50=91.71 75=153.22 90=191.36 95=214.66 99=273.41 99.9=469.50 99.99=732.67] [UPDATE: Count=12780 Max=2330.62 Min=8.19 Avg=117.15 10=47.55 25=70.14 50=101.25 75=162.18 90=200.70 95=224.51 99=286.21 99.9=449.28 99.99=1542.14]
2025-04-22 18:55:30 21 sec: 33117 operations; [READ: Count=16713 Max=2320.38 Min=2.92 Avg=112.91 10=38.02 25=61.09 50=89.92 75=152.06 90=194.43 95=224.13 99=484.86 99.9=936.45 99.99=1175.55] [UPDATE: Count=16404 Max=9617.41 Min=8.19 Avg=122.87 10=45.41 25=68.42 50=98.69 75=161.02 90=203.52 95=233.22 99=496.89 99.9=1010.69 99.99=3592.19]
2025-04-22 18:55:31 22 sec: 40704 operations; [READ: Count=20382 Max=2320.38 Min=2.67 Avg=114.85 10=37.79 25=60.93 50=89.73 75=151.81 90=196.22 95=230.01 99=593.41 99.9=944.13 99.99=1187.84] [UPDATE: Count=20322 Max=14426.11 Min=8.06 Avg=125.64 10=45.25 25=68.42 50=98.69 75=160.77 90=205.44 95=239.49 99=602.62 99.9=1071.10 99.99=5287.94]
2025-04-22 18:55:32 23 sec: 49642 operations; [READ: Count=24895 Max=2320.38 Min=2.67 Avg=113.26 10=38.02 25=61.44 50=90.56 75=150.78 90=194.81 95=225.53 99=541.70 99.9=929.28 99.99=1187.84] [UPDATE: Count=24747 Max=14426.11 Min=8.06 Avg=123.82 10=45.57 25=69.06 50=99.58 75=159.87 90=204.16 95=235.26 99=537.60 99.9=1009.66 99.99=5287.94]
2025-04-22 18:55:33 24 sec: 58843 operations; [READ: Count=29508 Max=2320.38 Min=2.67 Avg=111.67 10=37.60 25=61.38 50=90.69 75=149.38 90=193.41 95=222.34 99=478.21 99.9=911.87 99.99=1175.55] [UPDATE: Count=29335 Max=14426.11 Min=8.06 Avg=122.03 10=45.44 25=69.18 50=99.65 75=158.59 90=203.26 95=233.34 99=485.63 99.9=983.04 99.99=3592.19]
2025-04-22 18:55:34 25 sec: 67553 operations; [READ: Count=33896 Max=2320.38 Min=2.67 Avg=111.16 10=37.09 25=61.15 50=90.43 75=147.97 90=193.53 95=223.62 99=469.50 99.9=900.10 99.99=1175.55] [UPDATE: Count=33657 Max=14426.11 Min=7.88 Avg=121.78 10=45.22 25=69.12 50=99.39 75=157.31 90=203.39 95=234.50 99=488.70 99.9=985.09 99.99=3592.19]
2025-04-22 18:55:35 26 sec: 76282 operations; [READ: Count=38249 Max=2320.38 Min=2.44 Avg=110.73 10=36.86 25=61.09 50=90.24 75=146.69 90=193.28 95=223.74 99=462.33 99.9=900.61 99.99=1145.86] [UPDATE: Count=38033 Max=14426.11 Min=7.88 Avg=121.55 10=44.77 25=68.73 50=98.75 75=155.90 90=202.75 95=235.01 99=498.69 99.9=1011.71 99.99=4091.90]
2025-04-22 18:55:36 27 sec: 84641 operations; [READ: Count=42461 Max=2320.38 Min=2.44 Avg=110.06 10=36.51 25=60.48 50=89.15 75=144.64 90=192.25 95=223.49 99=478.21 99.9=929.28 99.99=1187.84] [UPDATE: Count=42180 Max=14893.06 Min=7.88 Avg=122.74 10=44.29 25=68.29 50=97.66 75=154.11 90=202.24 95=235.65 99=530.94 99.9=1398.78 99.99=6971.39]
2025-04-22 18:55:37 28 sec: 98497 operations; [READ: Count=49376 Max=2320.38 Min=2.44 Avg=104.02 10=33.89 25=55.77 50=83.58 75=136.06 90=186.50 95=216.57 99=443.90 99.9=911.87 99.99=1175.55] [UPDATE: Count=49121 Max=14893.06 Min=7.50 Avg=116.07 10=41.44 25=63.42 50=92.09 75=145.41 90=196.22 95=228.48 99=485.63 99.9=1203.20 99.99=5287.94]
2025-04-22 18:55:38 29 sec: 112443 operations; [READ: Count=56411 Max=2320.38 Min=2.25 Avg=99.33 10=32.96 25=50.81 50=78.78 75=129.66 90=182.01 95=212.22 99=422.14 99.9=890.37 99.99=1145.86] [UPDATE: Count=56032 Max=14893.06 Min=7.50 Avg=111.02 10=40.38 25=58.43 50=87.55 75=138.75 90=191.23 95=223.62 99=461.82 99.9=1110.02 99.99=4927.49]
2025-04-22 18:55:39 30 sec: 126698 operations; [READ: Count=63545 Max=2320.38 Min=2.25 Avg=95.44 10=32.51 25=46.30 50=75.45 75=123.90 90=177.79 95=208.00 99=404.74 99.9=880.64 99.99=1145.86] [UPDATE: Count=63153 Max=14893.06 Min=7.50 Avg=106.78 10=39.94 25=54.56 50=83.97 75=133.25 90=186.88 95=218.88 99=439.04 99.9=1060.86 99.99=4927.49]
2025-04-22 18:55:40 31 sec: 140274 operations; [READ: Count=70301 Max=2320.38 Min=2.25 Avg=92.68 10=32.03 25=43.74 50=72.89 75=119.10 90=174.08 95=205.06 99=399.36 99.9=890.37 99.99=1203.20] [UPDATE: Count=69973 Max=14893.06 Min=7.50 Avg=104.03 10=39.36 25=52.22 50=81.34 75=128.45 90=183.29 95=215.42 99=438.78 99.9=1143.81 99.99=4911.10]
2025-04-22 18:55:41 32 sec: 152672 operations; [READ: Count=76420 Max=3256.32 Min=2.25 Avg=91.10 10=31.84 25=42.53 50=71.17 75=115.07 90=171.39 95=202.37 99=401.41 99.9=980.48 99.99=1883.13] [UPDATE: Count=76252 Max=14893.06 Min=7.50 Avg=102.53 10=39.23 25=51.39 50=79.74 75=124.48 90=180.35 95=212.61 99=443.39 99.9=1266.69 99.99=4911.10]
2025-04-22 18:55:42 33 sec: 166838 operations; [READ: Count=83513 Max=3256.32 Min=2.25 Avg=88.80 10=31.76 25=41.95 50=69.95 75=110.97 90=167.81 95=198.66 99=389.38 99.9=953.86 99.99=1883.13] [UPDATE: Count=83325 Max=14893.06 Min=7.50 Avg=100.19 10=39.17 25=50.88 50=78.66 75=120.51 90=176.90 95=208.90 99=424.70 99.9=1235.97 99.99=4911.10]
2025-04-22 18:55:43 34 sec: 181374 operations; [READ: Count=90751 Max=3256.32 Min=2.25 Avg=86.72 10=31.68 25=41.47 50=68.86 75=107.33 90=164.35 95=195.20 99=377.34 99.9=936.45 99.99=1830.91] [UPDATE: Count=90623 Max=14893.06 Min=7.50 Avg=97.97 10=39.01 25=50.40 50=77.38 75=116.67 90=173.57 95=205.95 99=413.18 99.9=1176.58 99.99=4870.14]
2025-04-22 18:55:44 35 sec: 195835 operations; [READ: Count=98023 Max=3256.32 Min=2.25 Avg=85.01 10=31.52 25=41.09 50=68.03 75=104.38 90=161.28 95=192.51 99=363.52 99.9=931.33 99.99=1639.42] [UPDATE: Count=97812 Max=14893.06 Min=7.50 Avg=96.09 10=38.85 25=50.08 50=76.42 75=113.73 90=170.50 95=202.88 99=399.62 99.9=1153.02 99.99=4702.21]
2025-04-22 18:55:45 36 sec: 210124 operations; [READ: Count=105150 Max=3256.32 Min=2.25 Avg=83.61 10=31.33 25=40.77 50=67.20 75=101.89 90=158.46 95=190.08 99=354.56 99.9=944.13 99.99=1883.13] [UPDATE: Count=104974 Max=14893.06 Min=7.50 Avg=94.53 10=38.62 25=49.82 50=75.65 75=111.23 90=167.68 95=200.06 99=391.68 99.9=1153.02 99.99=4661.25]
2025-04-22 18:55:46 37 sec: 224541 operations; [READ: Count=112410 Max=3256.32 Min=2.25 Avg=82.28 10=31.17 25=40.51 50=66.50 75=99.78 90=155.65 95=187.39 99=343.55 99.9=945.66 99.99=1883.13] [UPDATE: Count=112131 Max=14893.06 Min=7.50 Avg=93.19 10=38.40 25=49.57 50=74.88 75=109.25 90=164.86 95=197.63 99=384.25 99.9=1148.93 99.99=4661.25]
2025-04-22 18:55:47 38 sec: 239064 operations; [READ: Count=119662 Max=3256.32 Min=2.25 Avg=81.05 10=30.93 25=40.26 50=65.79 75=97.98 90=152.70 95=185.09 99=332.80 99.9=953.86 99.99=2140.16] [UPDATE: Count=119402 Max=14893.06 Min=7.50 Avg=92.00 10=38.08 25=49.28 50=74.17 75=107.45 90=162.05 95=194.94 99=374.27 99.9=1169.41 99.99=4661.25]
2025-04-22 18:55:48 39 sec: 254071 operations; [READ: Count=127238 Max=3256.32 Min=2.25 Avg=79.81 10=30.69 25=40.06 50=65.15 75=96.38 90=149.76 95=182.53 99=317.69 99.9=936.96 99.99=2125.82] [UPDATE: Count=126833 Max=14893.06 Min=7.50 Avg=90.76 10=37.82 25=49.15 50=73.73 75=106.05 90=159.36 95=192.38 99=359.94 99.9=1143.81 99.99=4636.67]
2025-04-22 18:55:49 40 sec: 269107 operations; [READ: Count=134792 Max=3256.32 Min=2.25 Avg=78.70 10=30.38 25=39.97 50=64.61 75=95.23 90=146.94 95=180.22 99=304.13 99.9=929.28 99.99=2125.82] [UPDATE: Count=134315 Max=14893.06 Min=7.50 Avg=89.65 10=37.44 25=49.02 50=73.28 75=104.89 90=156.93 95=190.34 99=345.60 99.9=1110.02 99.99=4636.67]
2025-04-22 18:55:50 41 sec: 284737 operations; [READ: Count=142554 Max=3256.32 Min=2.25 Avg=77.54 10=29.97 25=39.74 50=64.06 75=93.82 90=144.13 95=177.92 99=289.79 99.9=924.16 99.99=2113.53] [UPDATE: Count=142183 Max=14893.06 Min=7.50 Avg=88.46 10=36.93 25=48.86 50=72.70 75=103.55 90=154.50 95=188.03 99=334.33 99.9=1071.10 99.99=4091.90]
2025-04-22 18:55:51 42 sec: 301269 operations; [READ: Count=150813 Max=3256.32 Min=2.25 Avg=76.29 10=29.47 25=39.45 50=63.33 75=92.29 90=141.18 95=175.36 99=279.30 99.9=913.41 99.99=2022.40] [UPDATE: Count=150456 Max=14893.06 Min=7.50 Avg=87.12 10=36.13 25=48.54 50=72.00 75=102.02 90=151.55 95=185.60 99=320.51 99.9=1049.60 99.99=3993.60]
2025-04-22 18:55:52 43 sec: 318478 operations; [READ: Count=159296 Max=3256.32 Min=2.25 Avg=74.91 10=28.73 25=39.01 50=62.43 75=90.75 90=138.50 95=173.06 99=269.31 99.9=891.39 99.99=1977.34] [UPDATE: Count=159182 Max=14893.06 Min=7.50 Avg=85.83 10=35.13 25=48.13 50=71.10 75=100.22 90=148.61 95=183.17 99=307.97 99.9=1041.92 99.99=4370.43]
2025-04-22 18:55:53 44 sec: 337660 operations; [READ: Count=168799 Max=3256.32 Min=2.25 Avg=73.27 10=27.49 25=38.46 50=61.22 75=88.64 90=135.29 95=170.50 99=261.38 99.9=880.64 99.99=1929.21] [UPDATE: Count=168861 Max=14893.06 Min=7.50 Avg=84.13 10=33.38 25=47.52 50=69.95 75=98.11 90=145.28 95=180.48 99=297.73 99.9=1017.86 99.99=4091.90]
2025-04-22 18:55:54 45 sec: 359345 operations; [READ: Count=179725 Max=3256.32 Min=2.25 Avg=71.24 10=21.41 25=37.50 50=59.07 75=86.27 90=131.97 95=167.81 99=254.72 99.9=869.38 99.99=1883.13] [UPDATE: Count=179620 Max=14893.06 Min=7.50 Avg=82.10 10=28.91 25=46.53 50=67.97 75=95.81 90=141.82 95=177.92 99=286.98 99.9=1003.01 99.99=3993.60]
2025-04-22 18:55:55 46 sec: 383820 operations; [READ: Count=191748 Max=3256.32 Min=2.25 Avg=69.01 10=15.38 25=36.35 50=56.32 75=83.78 90=128.25 95=164.74 99=248.45 99.9=851.97 99.99=1830.91] [UPDATE: Count=192072 Max=14893.06 Min=7.50 Avg=79.64 10=25.26 25=45.15 50=65.18 75=93.18 90=137.98 95=174.85 99=275.71 99.9=979.46 99.99=3592.19]
2025-04-22 18:55:56 47 sec: 409049 operations; [READ: Count=204276 Max=3256.32 Min=2.17 Avg=66.90 10=13.12 25=35.23 50=53.98 75=81.47 90=124.61 95=161.92 99=242.94 99.9=837.63 99.99=1740.80] [UPDATE: Count=204773 Max=14893.06 Min=7.37 Avg=77.36 10=23.10 25=43.87 50=62.81 75=90.81 90=134.53 95=171.78 99=268.80 99.9=949.25 99.99=3516.41]
2025-04-22 18:55:57 48 sec: 434639 operations; [READ: Count=216983 Max=3256.32 Min=2.17 Avg=64.97 10=11.72 25=34.17 50=52.16 75=79.30 90=121.22 95=159.10 99=238.21 99.9=814.08 99.99=1712.13] [UPDATE: Count=217656 Max=14893.06 Min=7.37 Avg=75.29 10=21.65 25=42.59 50=60.90 75=88.58 90=131.07 95=169.09 99=262.91 99.9=935.93 99.99=3391.49]
2025-04-22 18:55:58 49 sec: 461971 operations; [READ: Count=230533 Max=3256.32 Min=2.17 Avg=63.00 10=10.66 25=32.75 50=50.34 75=77.31 90=117.69 95=156.16 99=234.37 99.9=802.82 99.99=1732.61] [UPDATE: Count=231438 Max=14893.06 Min=7.35 Avg=73.19 10=20.48 25=40.93 50=59.01 75=86.46 90=127.87 95=166.27 99=257.92 99.9=921.09 99.99=3391.49]
2025-04-22 18:55:59 50 sec: 494340 operations; [READ: Count=246753 Max=3256.32 Min=2.17 Avg=60.55 10=9.68 25=30.54 50=47.58 75=75.26 90=113.86 95=152.70 99=230.66 99.9=782.34 99.99=1712.13] [UPDATE: Count=247587 Max=14893.06 Min=7.35 Avg=70.66 10=19.30 25=38.34 50=56.51 75=84.48 90=124.29 95=163.07 99=253.82 99.9=902.65 99.99=3155.97]
2025-04-22 18:56:00 51 sec: 526464 operations; [READ: Count=262608 Max=3256.32 Min=2.17 Avg=58.48 10=9.02 25=29.04 50=44.70 75=73.47 90=110.53 95=149.38 99=227.20 99.9=771.58 99.99=1680.38] [UPDATE: Count=263856 Max=14893.06 Min=7.23 Avg=68.42 10=18.30 25=36.45 50=54.02 75=82.62 90=120.77 95=160.00 99=249.47 99.9=888.32 99.99=3092.48]
2025-04-22 18:56:01 52 sec: 555306 operations; [READ: Count=277015 Max=3256.32 Min=2.17 Avg=56.97 10=8.62 25=28.29 50=42.37 75=72.06 90=107.97 95=146.69 99=225.28 99.9=775.17 99.99=1639.42] [UPDATE: Count=278291 Max=14893.06 Min=7.23 Avg=66.85 10=17.65 25=35.52 50=51.87 75=81.15 90=118.21 95=157.57 99=247.81 99.9=884.22 99.99=3031.04]
2025-04-22 18:56:02 53 sec: 584159 operations; [READ: Count=291507 Max=3256.32 Min=2.17 Avg=55.62 10=8.30 25=27.76 50=40.41 75=70.78 90=105.53 95=144.13 99=223.74 99.9=764.93 99.99=1639.42] [UPDATE: Count=292652 Max=14893.06 Min=7.23 Avg=65.43 10=17.09 25=34.88 50=49.89 75=79.94 90=115.84 95=155.39 99=245.63 99.9=868.86 99.99=3020.80]
2025-04-22 18:56:03 54 sec: 610201 operations; [READ: Count=304630 Max=3256.32 Min=2.17 Avg=54.69 10=8.10 25=27.39 50=38.91 75=69.82 90=103.74 95=142.21 99=223.87 99.9=780.29 99.99=1538.05] [UPDATE: Count=305571 Max=14893.06 Min=7.23 Avg=64.41 10=16.72 25=34.43 50=48.32 75=78.97 90=113.92 95=153.73 99=245.63 99.9=868.86 99.99=2985.98]
2025-04-22 18:56:04 55 sec: 639249 operations; [READ: Count=319163 Max=3256.32 Min=2.17 Avg=53.53 10=7.90 25=27.07 50=37.50 75=68.80 90=101.50 95=139.65 99=220.93 99.9=768.51 99.99=1517.57] [UPDATE: Count=320086 Max=14893.06 Min=7.23 Avg=63.21 10=16.37 25=34.05 50=46.75 75=77.95 90=111.81 95=151.17 99=242.94 99.9=845.31 99.99=2850.82]
2025-04-22 18:56:05 56 sec: 667472 operations; [READ: Count=333239 Max=3256.32 Min=2.17 Avg=52.57 10=7.75 25=26.82 50=36.35 75=67.97 90=99.71 95=137.60 99=218.88 99.9=757.76 99.99=1514.49] [UPDATE: Count=334233 Max=14893.06 Min=7.23 Avg=62.16 10=16.06 25=33.70 50=45.38 75=76.99 90=110.02 95=148.99 99=241.02 99.9=833.53 99.99=2803.71]
2025-04-22 18:56:06 57 sec: 693651 operations; [READ: Count=346384 Max=3256.32 Min=2.17 Avg=51.87 10=7.65 25=26.59 50=35.36 75=67.14 90=98.30 95=135.68 99=218.11 99.9=773.12 99.99=1526.78] [UPDATE: Count=347267 Max=14893.06 Min=7.23 Avg=61.35 10=15.82 25=33.44 50=44.29 75=76.16 90=108.61 95=147.07 99=240.13 99.9=841.73 99.99=2707.45]
2025-04-22 18:56:07 58 sec: 721911 operations; [READ: Count=360414 Max=3256.32 Min=2.17 Avg=51.02 10=7.53 25=26.37 50=34.43 75=66.17 90=97.02 95=133.89 99=216.83 99.9=769.02 99.99=1517.57] [UPDATE: Count=361497 Max=14893.06 Min=7.23 Avg=60.47 10=15.61 25=33.15 50=43.23 75=75.20 90=107.14 95=145.15 99=238.97 99.9=836.61 99.99=2680.83]
2025-04-22 18:56:08 59 sec: 746697 operations; [READ: Count=372810 Max=3256.32 Min=2.17 Avg=50.50 10=7.46 25=26.19 50=33.73 75=65.25 90=96.00 95=132.35 99=216.57 99.9=808.96 99.99=1652.73] [UPDATE: Count=373887 Max=14893.06 Min=7.23 Avg=59.91 10=15.44 25=32.93 50=42.43 75=74.30 90=106.05 95=143.49 99=238.72 99.9=893.95 99.99=2680.83]
2025-04-22 18:56:09 60 sec: 775933 operations; [READ: Count=387445 Max=3256.32 Min=2.17 Avg=49.71 10=7.39 25=26.02 50=33.05 75=64.19 90=95.04 95=130.30 99=215.29 99.9=800.25 99.99=1625.09] [UPDATE: Count=388488 Max=14893.06 Min=7.23 Avg=59.06 10=15.30 25=32.69 50=41.66 75=73.22 90=104.89 95=141.57 99=236.67 99.9=870.40 99.99=2656.26]
2025-04-22 18:56:10 61 sec: 803098 operations; [READ: Count=400958 Max=3256.32 Min=2.17 Avg=49.10 10=7.36 25=25.87 50=32.62 75=63.20 90=94.33 95=128.77 99=214.66 99.9=791.04 99.99=1588.22] [UPDATE: Count=402140 Max=14893.06 Min=7.23 Avg=58.42 10=15.21 25=32.51 50=41.15 75=72.25 90=104.06 95=140.03 99=236.41 99.9=854.01 99.99=2627.58]
2025-04-22 18:56:11 62 sec: 828855 operations; [READ: Count=413923 Max=3256.32 Min=2.17 Avg=48.62 10=7.33 25=25.71 50=32.26 75=62.34 90=93.76 95=127.49 99=215.04 99.9=791.04 99.99=1566.72] [UPDATE: Count=414932 Max=14893.06 Min=7.23 Avg=57.92 10=15.13 25=32.32 50=40.70 75=71.36 90=103.36 95=138.62 99=236.80 99.9=864.25 99.99=2594.82]
2025-04-22 18:56:12 63 sec: 853733 operations; [READ: Count=426348 Max=3256.32 Min=2.17 Avg=48.24 10=7.32 25=25.58 50=32.02 75=61.57 90=93.31 95=126.14 99=215.29 99.9=799.23 99.99=1538.05] [UPDATE: Count=427385 Max=14893.06 Min=7.23 Avg=57.49 10=15.10 25=32.17 50=40.45 75=70.53 90=102.78 95=137.47 99=237.31 99.9=859.13 99.99=2459.65]
2025-04-22 18:56:13 64 sec: 879881 operations; [READ: Count=439578 Max=3256.32 Min=2.17 Avg=47.77 10=7.29 25=25.42 50=31.76 75=60.70 90=92.86 95=125.06 99=215.42 99.9=787.97 99.99=1526.78] [UPDATE: Count=440303 Max=14893.06 Min=7.23 Avg=57.04 10=15.04 25=31.98 50=40.13 75=69.76 90=102.40 95=136.45 99=238.08 99.9=846.85 99.99=2420.74]
2025-04-22 18:56:14 65 sec: 906046 operations; [READ: Count=452620 Max=3256.32 Min=2.17 Avg=47.33 10=7.25 25=25.23 50=31.49 75=59.90 90=92.42 95=123.78 99=215.42 99.9=790.53 99.99=1523.71] [UPDATE: Count=453426 Max=14893.06 Min=7.23 Avg=56.61 10=14.95 25=31.74 50=39.84 75=68.99 90=101.89 95=135.55 99=239.23 99.9=847.36 99.99=2416.64]
2025-04-22 18:56:15 66 sec: 931777 operations; [READ: Count=465466 Max=3256.32 Min=2.02 Avg=46.94 10=7.27 25=25.05 50=31.30 75=59.13 90=92.09 95=122.69 99=215.81 99.9=783.36 99.99=1514.49] [UPDATE: Count=466311 Max=14893.06 Min=6.91 Avg=56.22 10=14.89 25=31.52 50=39.58 75=68.35 90=101.50 95=134.66 99=240.13 99.9=843.26 99.99=2406.40]
2025-04-22 18:56:16 67 sec: 958158 operations; [READ: Count=478715 Max=3256.32 Min=1.86 Avg=46.56 10=7.26 25=24.83 50=31.10 75=58.56 90=91.71 95=121.66 99=215.81 99.9=775.17 99.99=1514.49] [UPDATE: Count=479443 Max=14893.06 Min=6.86 Avg=55.81 10=14.82 25=31.26 50=39.30 75=67.78 90=101.06 95=133.63 99=240.64 99.9=833.02 99.99=2387.97]
2025-04-22 18:56:17 68 sec: 983084 operations; [READ: Count=491292 Max=3256.32 Min=1.86 Avg=46.26 10=7.25 25=24.57 50=30.89 75=58.05 90=91.45 95=120.89 99=216.57 99.9=770.56 99.99=1509.38] [UPDATE: Count=491792 Max=14893.06 Min=6.86 Avg=55.51 10=14.74 25=30.98 50=39.04 75=67.33 90=100.73 95=132.99 99=242.30 99.9=823.81 99.99=2371.58]
2025-04-22 18:56:18 68 sec: 1000000 operations; [READ: Count=499838 Max=3256.32 Min=1.86 Avg=46.11 10=7.24 25=24.38 50=30.83 75=57.85 90=91.33 95=120.32 99=216.96 99.9=765.44 99.99=1509.38] [UPDATE: Count=500162 Max=14893.06 Min=6.86 Avg=55.31 10=14.70 25=30.77 50=38.94 75=67.14 90=100.54 95=132.35 99=241.92 99.9=821.25 99.99=2334.72]
Run runtime(sec): 68.7524
Run operations(ops): 1000000
Run throughput(ops/sec): 14544.9
