Running scope as unit: run-r671b11ca3d4b4ca384da8601fd21bce7.scope
load file:/home/user/DataFiles/silesia_data/silesia.tar
2025-04-22 18:55:09 0 sec: 0 operations;
2025-04-22 18:55:10 1 sec: 0 operations;
2025-04-22 18:55:11 2 sec: 0 operations;
2025-04-22 18:55:12 3 sec: 0 operations;
2025-04-22 18:55:13 4 sec: 0 operations;
2025-04-22 18:55:14 5 sec: 0 operations;
2025-04-22 18:55:15 6 sec: 0 operations;
2025-04-22 18:55:16 7 sec: 0 operations;
2025-04-22 18:55:17 8 sec: 0 operations;
2025-04-22 18:55:18 9 sec: 0 operations;
2025-04-22 18:55:19 10 sec: 0 operations;
2025-04-22 18:55:20 11 sec: 0 operations;
2025-04-22 18:55:21 12 sec: 0 operations;
2025-04-22 18:55:22 13 sec: 0 operations;
2025-04-22 18:55:23 14 sec: 0 operations;
2025-04-22 18:55:24 15 sec: 0 operations;
2025-04-22 18:55:25 16 sec: 0 operations;
2025-04-22 18:55:26 17 sec: 1437 operations; [READ: Count=730 Max=626.69 Min=4.77 Avg=107.75 10=43.20 25=56.00 50=81.92 75=145.02 90=198.27 95=235.39 99=419.07 99.9=605.70 99.99=626.69] [UPDATE: Count=707 Max=2971.65 Min=16.70 Avg=137.58 10=51.07 25=63.55 50=96.25 75=166.78 90=221.95 95=296.96 99=963.58 99.9=1263.62 99.99=2971.65]
2025-04-22 18:55:27 18 sec: 10038 operations; [READ: Count=5008 Max=626.69 Min=3.60 Avg=110.52 10=39.58 25=62.40 50=94.40 75=154.75 90=196.09 95=221.44 99=279.81 99.9=434.69 99.99=605.70] [UPDATE: Count=5030 Max=2971.65 Min=9.71 Avg=121.73 10=49.38 25=71.55 50=104.38 75=163.97 90=204.29 95=231.04 99=303.36 99.9=1067.01 99.99=1263.62]
2025-04-22 18:55:28 19 sec: 18467 operations; [READ: Count=9225 Max=697.34 Min=2.86 Avg=111.38 10=39.36 25=63.39 50=95.49 75=154.88 90=196.74 95=222.72 99=291.84 99.9=512.77 99.99=655.87] [UPDATE: Count=9242 Max=2971.65 Min=8.28 Avg=122.11 10=49.31 25=73.02 50=106.05 75=163.07 90=205.69 95=232.70 99=316.16 99.9=963.58 99.99=2387.97]
2025-04-22 18:55:29 20 sec: 27030 operations; [READ: Count=13494 Max=697.34 Min=2.86 Avg=110.90 10=39.71 25=63.71 50=95.61 75=153.22 90=196.61 95=222.21 99=290.05 99.9=494.85 99.99=655.87] [UPDATE: Count=13536 Max=2971.65 Min=8.28 Avg=121.84 10=49.38 25=73.60 50=106.05 75=162.56 90=206.46 95=233.98 99=317.18 99.9=661.50 99.99=2387.97]
2025-04-22 18:55:30 21 sec: 34091 operations; [READ: Count=17051 Max=1338.37 Min=2.86 Avg=115.30 10=38.91 25=62.75 50=94.46 75=152.83 90=200.32 95=232.45 99=472.57 99.9=884.22 99.99=1081.34] [UPDATE: Count=17040 Max=9166.85 Min=8.28 Avg=127.40 10=48.35 25=72.32 50=104.38 75=161.41 90=210.30 95=245.25 99=512.25 99.9=1082.37 99.99=4624.38]
2025-04-22 18:55:31 22 sec: 41789 operations; [READ: Count=20874 Max=1572.86 Min=2.86 Avg=116.31 10=38.24 25=61.95 50=93.31 75=151.42 90=200.70 95=236.03 99=570.37 99.9=921.60 99.99=1163.26] [UPDATE: Count=20915 Max=16302.08 Min=8.28 Avg=129.09 10=47.87 25=71.42 50=102.91 75=159.87 90=210.94 95=249.73 99=627.71 99.9=1224.70 99.99=5607.42]
2025-04-22 18:55:32 23 sec: 50871 operations; [READ: Count=25389 Max=1572.86 Min=2.86 Avg=114.34 10=38.21 25=62.34 50=93.31 75=149.89 90=197.89 95=230.66 99=508.42 99.9=901.12 99.99=1128.45] [UPDATE: Count=25482 Max=16302.08 Min=8.28 Avg=126.10 10=47.81 25=71.49 50=102.72 75=157.44 90=207.23 95=243.71 99=562.17 99.9=1140.73 99.99=4624.38]
2025-04-22 18:55:33 24 sec: 60078 operations; [READ: Count=29934 Max=1572.86 Min=2.86 Avg=112.39 10=37.82 25=62.21 50=92.93 75=147.71 90=195.33 95=225.79 99=476.67 99.9=878.59 99.99=1128.45] [UPDATE: Count=30144 Max=16302.08 Min=7.96 Avg=124.13 10=47.42 25=71.49 50=102.78 75=156.54 90=204.93 95=239.10 99=497.41 99.9=1051.65 99.99=4624.38]
2025-04-22 18:55:34 25 sec: 68621 operations; [READ: Count=34110 Max=1572.86 Min=2.86 Avg=112.13 10=37.76 25=62.30 50=92.99 75=146.69 90=195.20 95=226.81 99=471.81 99.9=873.98 99.99=1128.45] [UPDATE: Count=34511 Max=16302.08 Min=7.96 Avg=123.75 10=47.10 25=71.49 50=102.59 75=155.52 90=205.06 95=240.00 99=485.63 99.9=1051.65 99.99=4624.38]
2025-04-22 18:55:35 26 sec: 77206 operations; [READ: Count=38394 Max=1572.86 Min=2.86 Avg=111.65 10=37.57 25=62.27 50=92.73 75=145.02 90=194.81 95=226.43 99=466.43 99.9=877.05 99.99=1128.45] [UPDATE: Count=38812 Max=16302.08 Min=7.53 Avg=123.63 10=46.91 25=71.42 50=102.27 75=154.37 90=204.80 95=240.25 99=486.14 99.9=1140.73 99.99=4624.38]
2025-04-22 18:55:36 27 sec: 86982 operations; [READ: Count=43303 Max=1572.86 Min=2.62 Avg=108.82 10=35.17 25=59.42 50=89.60 75=140.80 90=192.51 95=224.64 99=468.99 99.9=881.66 99.99=1132.54] [UPDATE: Count=43679 Max=20856.83 Min=7.53 Avg=122.79 10=44.06 25=68.42 50=99.14 75=150.40 90=202.88 95=239.36 99=524.80 99.9=1285.12 99.99=7204.86]
2025-04-22 18:55:37 28 sec: 101847 operations; [READ: Count=50763 Max=1572.86 Min=2.25 Avg=101.97 10=32.59 25=53.25 50=83.01 75=132.22 90=185.85 95=217.85 99=426.50 99.9=869.38 99.99=1128.45] [UPDATE: Count=51084 Max=20856.83 Min=7.53 Avg=115.18 10=40.70 25=62.21 50=92.48 75=141.69 90=195.84 95=230.66 99=472.57 99.9=1228.80 99.99=5607.42]
2025-04-22 18:55:38 29 sec: 116893 operations; [READ: Count=58291 Max=1572.86 Min=2.25 Avg=96.59 10=31.28 25=46.78 50=77.57 75=125.44 90=179.97 95=212.35 99=404.22 99.9=860.67 99.99=1118.21] [UPDATE: Count=58602 Max=20856.83 Min=7.53 Avg=109.46 10=38.94 25=56.35 50=86.97 75=134.78 90=190.21 95=224.90 99=452.35 99.9=1140.73 99.99=5210.11]
2025-04-22 18:55:39 30 sec: 132480 operations; [READ: Count=66109 Max=1572.86 Min=2.25 Avg=92.08 10=30.50 25=42.72 50=73.28 75=119.36 90=174.21 95=206.59 99=382.46 99.9=847.36 99.99=1081.34] [UPDATE: Count=66371 Max=20856.83 Min=7.53 Avg=104.60 10=37.92 25=52.00 50=82.69 75=128.83 90=184.96 95=219.78 99=430.08 99.9=1067.01 99.99=5062.65]
2025-04-22 18:55:40 31 sec: 147123 operations; [READ: Count=73277 Max=1631.23 Min=2.25 Avg=89.09 10=29.98 25=40.58 50=70.66 75=114.50 90=169.98 95=203.13 99=378.62 99.9=861.70 99.99=1221.63] [UPDATE: Count=73846 Max=20856.83 Min=7.51 Avg=101.38 10=37.18 25=49.57 50=79.74 75=123.97 90=180.35 95=215.68 99=426.75 99.9=1140.73 99.99=5062.65]
2025-04-22 18:55:41 32 sec: 160585 operations; [READ: Count=80008 Max=3256.32 Min=2.25 Avg=87.26 10=29.90 25=39.87 50=68.86 75=110.40 90=166.40 95=200.06 99=376.57 99.9=903.17 99.99=1673.21] [UPDATE: Count=80577 Max=20856.83 Min=7.51 Avg=99.52 10=37.02 25=48.83 50=77.89 75=119.87 90=176.90 95=212.48 99=425.73 99.9=1228.80 99.99=5062.65]
2025-04-22 18:55:42 33 sec: 175270 operations; [READ: Count=87361 Max=3256.32 Min=2.25 Avg=85.17 10=29.89 25=39.74 50=67.71 75=106.88 90=162.56 95=196.22 99=356.61 99.9=884.22 99.99=1631.23] [UPDATE: Count=87909 Max=20856.83 Min=7.51 Avg=97.20 10=36.96 25=48.64 50=76.73 75=116.29 90=172.80 95=208.13 99=408.32 99.9=1165.31 99.99=4833.28]
2025-04-22 18:55:43 34 sec: 190672 operations; [READ: Count=95060 Max=3256.32 Min=2.25 Avg=83.13 10=29.76 25=39.42 50=66.50 75=103.30 90=158.59 95=192.77 99=334.59 99.9=873.98 99.99=1623.04] [UPDATE: Count=95612 Max=20856.83 Min=7.51 Avg=94.85 10=36.77 25=48.16 50=75.33 75=112.77 90=168.32 95=204.29 99=392.19 99.9=1129.47 99.99=4751.36]
2025-04-22 18:55:44 35 sec: 205328 operations; [READ: Count=102306 Max=3256.32 Min=2.25 Avg=81.60 10=29.66 25=39.36 50=65.79 75=100.61 90=155.13 95=189.82 99=322.05 99.9=869.89 99.99=1631.23] [UPDATE: Count=103022 Max=20856.83 Min=7.51 Avg=93.25 10=36.67 25=48.22 50=74.69 75=110.33 90=164.99 95=201.34 99=375.81 99.9=1077.25 99.99=4751.36]
2025-04-22 18:55:45 36 sec: 219802 operations; [READ: Count=109490 Max=3256.32 Min=2.25 Avg=80.36 10=29.52 25=39.45 50=65.18 75=98.50 90=151.68 95=187.26 99=311.04 99.9=867.33 99.99=1631.23] [UPDATE: Count=110312 Max=20856.83 Min=7.51 Avg=91.92 10=36.48 25=48.35 50=74.11 75=108.35 90=161.79 95=198.01 99=364.03 99.9=1077.25 99.99=4624.38]
2025-04-22 18:55:46 37 sec: 234334 operations; [READ: Count=116742 Max=3256.32 Min=2.25 Avg=79.16 10=29.34 25=39.42 50=64.61 75=96.70 90=148.48 95=184.19 99=299.26 99.9=865.28 99.99=1678.34] [UPDATE: Count=117592 Max=20856.83 Min=7.51 Avg=90.83 10=36.26 25=48.35 50=73.60 75=106.75 90=158.72 95=195.46 99=354.30 99.9=1098.75 99.99=4476.93]
2025-04-22 18:55:47 38 sec: 249759 operations; [READ: Count=124477 Max=3256.32 Min=2.25 Avg=77.88 10=29.05 25=39.23 50=63.81 75=94.91 90=145.28 95=180.99 99=288.25 99.9=865.79 99.99=1819.65] [UPDATE: Count=125282 Max=20856.83 Min=7.51 Avg=89.50 10=35.94 25=48.09 50=72.89 75=105.02 90=155.52 95=192.51 99=343.55 99.9=1089.54 99.99=4476.93]
2025-04-22 18:55:48 39 sec: 265744 operations; [READ: Count=132517 Max=3256.32 Min=2.25 Avg=76.62 10=28.73 25=39.07 50=63.17 75=93.31 90=142.21 95=178.30 99=279.81 99.9=856.06 99.99=1804.29] [UPDATE: Count=133227 Max=20856.83 Min=7.51 Avg=88.11 10=35.55 25=47.84 50=72.25 75=103.36 90=152.70 95=189.69 99=327.94 99.9=1067.01 99.99=4476.93]
2025-04-22 18:55:49 40 sec: 281579 operations; [READ: Count=140299 Max=3256.32 Min=2.25 Avg=75.58 10=28.30 25=38.98 50=62.69 75=92.16 90=139.52 95=175.49 99=272.89 99.9=845.31 99.99=1783.81] [UPDATE: Count=141280 Max=20856.83 Min=7.51 Avg=86.87 10=35.07 25=47.65 50=71.61 75=102.08 90=149.76 95=186.88 99=315.39 99.9=1042.43 99.99=4163.58]
2025-04-22 18:55:50 41 sec: 297670 operations; [READ: Count=148320 Max=3256.32 Min=2.25 Avg=74.53 10=27.76 25=38.85 50=62.11 75=91.07 90=136.83 95=172.93 99=267.01 99.9=834.05 99.99=1731.58] [UPDATE: Count=149350 Max=20856.83 Min=7.51 Avg=85.75 10=34.56 25=47.49 50=71.10 75=100.93 90=147.07 95=184.32 99=304.64 99.9=1013.25 99.99=4067.33]
2025-04-22 18:55:51 42 sec: 314388 operations; [READ: Count=156774 Max=3256.32 Min=2.25 Avg=73.45 10=27.01 25=38.66 50=61.47 75=89.79 90=134.14 95=170.24 99=260.74 99.9=828.93 99.99=1705.98] [UPDATE: Count=157614 Max=20856.83 Min=7.51 Avg=84.59 10=33.82 25=47.26 50=70.53 75=99.65 90=144.38 95=181.76 99=296.70 99.9=991.74 99.99=3823.61]
2025-04-22 18:55:52 43 sec: 331720 operations; [READ: Count=165417 Max=3256.32 Min=2.25 Avg=72.24 10=25.71 25=38.34 50=60.70 75=88.32 90=131.58 95=167.68 99=255.36 99.9=816.13 99.99=1678.34] [UPDATE: Count=166303 Max=20856.83 Min=7.51 Avg=83.46 10=32.62 25=46.91 50=69.69 75=98.24 90=141.69 95=178.94 99=289.54 99.9=980.99 99.99=4163.58]
2025-04-22 18:55:53 44 sec: 350954 operations; [READ: Count=174990 Max=3256.32 Min=2.25 Avg=70.86 10=21.39 25=37.92 50=59.74 75=86.59 90=128.77 95=165.12 99=250.62 99.9=800.25 99.99=1678.34] [UPDATE: Count=175964 Max=20856.83 Min=7.51 Avg=81.91 10=30.48 25=46.37 50=68.67 75=96.38 90=138.88 95=176.38 99=281.34 99.9=965.63 99.99=4067.33]
2025-04-22 18:55:54 45 sec: 372880 operations; [READ: Count=186030 Max=3256.32 Min=2.25 Avg=69.03 10=16.38 25=37.05 50=57.89 75=84.42 90=125.69 95=162.18 99=245.89 99.9=779.77 99.99=1631.23] [UPDATE: Count=186850 Max=20856.83 Min=7.51 Avg=80.02 10=27.05 25=45.38 50=66.75 75=94.21 90=135.81 95=173.31 99=274.94 99.9=960.00 99.99=3823.61]
2025-04-22 18:55:55 46 sec: 396418 operations; [READ: Count=197796 Max=3256.32 Min=2.25 Avg=67.15 10=14.29 25=36.06 50=55.77 75=82.24 90=122.50 95=158.97 99=241.92 99.9=765.44 99.99=1631.23] [UPDATE: Count=198622 Max=20856.83 Min=7.51 Avg=77.99 10=24.29 25=44.29 50=64.64 75=91.90 90=132.61 95=169.98 99=269.57 99.9=935.93 99.99=3661.82]
2025-04-22 18:55:56 47 sec: 420247 operations; [READ: Count=209728 Max=3256.32 Min=2.25 Avg=65.45 10=12.94 25=35.26 50=54.17 75=80.25 90=119.49 95=156.03 99=237.69 99.9=748.03 99.99=1623.04] [UPDATE: Count=210519 Max=20856.83 Min=7.51 Avg=76.13 10=22.61 25=43.33 50=62.88 75=89.86 90=129.47 95=166.78 99=263.17 99.9=905.22 99.99=3571.71]
2025-04-22 18:55:57 48 sec: 444589 operations; [READ: Count=221763 Max=3256.32 Min=2.25 Avg=63.84 10=12.00 25=34.43 50=52.70 75=78.40 90=116.86 95=152.96 99=234.11 99.9=731.65 99.99=1572.86] [UPDATE: Count=222826 Max=20856.83 Min=7.51 Avg=74.38 10=21.41 25=42.40 50=61.31 75=87.87 90=126.72 95=164.09 99=258.43 99.9=883.71 99.99=3524.61]
2025-04-22 18:55:58 49 sec: 472631 operations; [READ: Count=235935 Max=3256.32 Min=2.25 Avg=61.82 10=11.13 25=32.99 50=50.37 75=76.42 90=113.73 95=149.50 99=230.01 99.9=719.36 99.99=1519.62] [UPDATE: Count=236696 Max=20856.83 Min=7.51 Avg=72.33 10=20.38 25=40.90 50=59.23 75=85.89 90=123.90 95=161.02 99=255.10 99.9=865.28 99.99=3280.89]
2025-04-22 18:55:59 50 sec: 504202 operations; [READ: Count=251753 Max=3256.32 Min=2.25 Avg=59.61 10=10.34 25=31.38 50=47.07 75=74.50 90=110.59 95=146.05 99=226.18 99.9=700.93 99.99=1504.26] [UPDATE: Count=252449 Max=20856.83 Min=7.01 Avg=70.01 10=19.33 25=38.98 50=56.35 75=83.97 90=120.77 95=157.82 99=252.03 99.9=850.94 99.99=3280.89]
2025-04-22 18:56:00 51 sec: 535905 operations; [READ: Count=267634 Max=3256.32 Min=2.25 Avg=57.65 10=9.69 25=30.11 50=44.06 75=72.70 90=107.84 95=142.85 99=223.23 99.9=691.20 99.99=1463.30] [UPDATE: Count=268271 Max=20856.83 Min=7.01 Avg=67.94 10=18.46 25=37.53 50=53.50 75=82.17 90=118.02 95=154.75 99=249.09 99.9=838.65 99.99=2996.22]
2025-04-22 18:56:01 52 sec: 566275 operations; [READ: Count=282711 Max=3256.32 Min=2.25 Avg=56.07 10=9.18 25=29.23 50=41.76 75=71.23 90=105.28 95=140.29 99=221.57 99.9=694.27 99.99=1425.41] [UPDATE: Count=283564 Max=20856.83 Min=7.01 Avg=66.22 10=17.77 25=36.51 50=50.98 75=80.58 90=115.65 95=152.19 99=247.04 99.9=830.98 99.99=2981.89]
2025-04-22 18:56:02 53 sec: 596921 operations; [READ: Count=298257 Max=3256.32 Min=2.25 Avg=54.60 10=8.80 25=28.54 50=39.77 75=69.76 90=102.97 95=137.73 99=220.03 99.9=690.69 99.99=1359.87] [UPDATE: Count=298664 Max=20856.83 Min=7.01 Avg=64.69 10=17.21 25=35.68 50=48.86 75=79.10 90=113.41 95=149.63 99=244.48 99.9=821.76 99.99=2912.26]
2025-04-22 18:56:03 54 sec: 625946 operations; [READ: Count=312858 Max=3256.32 Min=2.25 Avg=53.45 10=8.49 25=28.05 50=38.21 75=68.42 90=101.06 95=135.55 99=219.13 99.9=697.34 99.99=1338.37] [UPDATE: Count=313088 Max=20856.83 Min=7.01 Avg=63.44 10=16.78 25=35.07 50=47.10 75=77.76 90=111.61 95=147.58 99=243.71 99.9=821.25 99.99=2906.11]
2025-04-22 18:56:04 55 sec: 657620 operations; [READ: Count=328576 Max=3256.32 Min=2.21 Avg=52.17 10=8.25 25=27.61 50=36.77 75=67.01 90=99.01 95=132.99 99=216.45 99.9=690.69 99.99=1286.14] [UPDATE: Count=329044 Max=20856.83 Min=7.01 Avg=62.05 10=16.35 25=34.56 50=45.47 75=76.35 90=109.57 95=144.90 99=240.38 99.9=802.82 99.99=2762.75]
2025-04-22 18:56:05 56 sec: 687416 operations; [READ: Count=343561 Max=3256.32 Min=2.21 Avg=51.14 10=8.06 25=27.31 50=35.68 75=65.86 90=97.41 95=130.81 99=214.27 99.9=682.50 99.99=1274.88] [UPDATE: Count=343855 Max=20856.83 Min=7.01 Avg=60.97 10=16.05 25=34.17 50=44.26 75=75.20 90=107.97 95=142.85 99=237.82 99.9=786.94 99.99=2697.22]
2025-04-22 18:56:06 57 sec: 714845 operations; [READ: Count=357347 Max=3256.32 Min=2.14 Avg=50.39 10=7.90 25=27.04 50=34.81 75=64.89 90=96.32 95=129.15 99=213.38 99.9=694.27 99.99=1359.87] [UPDATE: Count=357498 Max=20856.83 Min=7.01 Avg=60.15 10=15.78 25=33.85 50=43.33 75=74.30 90=106.69 95=141.06 99=236.54 99.9=802.30 99.99=2623.49]
2025-04-22 18:56:07 58 sec: 743234 operations; [READ: Count=371578 Max=3256.32 Min=2.14 Avg=49.62 10=7.77 25=26.80 50=34.08 75=63.90 90=95.30 95=127.42 99=211.97 99.9=691.20 99.99=1347.58] [UPDATE: Count=371656 Max=20856.83 Min=7.01 Avg=59.33 10=15.59 25=33.57 50=42.53 75=73.34 90=105.60 95=139.26 99=235.01 99.9=797.70 99.99=2590.72]
2025-04-22 18:56:08 59 sec: 768456 operations; [READ: Count=384259 Max=3256.32 Min=2.14 Avg=49.14 10=7.66 25=26.59 50=33.50 75=63.10 90=94.53 95=126.02 99=211.46 99.9=725.50 99.99=1485.82] [UPDATE: Count=384197 Max=20856.83 Min=7.01 Avg=58.78 10=15.39 25=33.31 50=41.89 75=72.58 90=104.70 95=137.98 99=234.50 99.9=847.87 99.99=2590.72]
2025-04-22 18:56:09 60 sec: 799064 operations; [READ: Count=399597 Max=3256.32 Min=2.14 Avg=48.33 10=7.44 25=26.21 50=32.86 75=62.21 90=93.50 95=124.22 99=210.05 99.9=712.70 99.99=1476.61] [UPDATE: Count=399467 Max=20856.83 Min=7.01 Avg=57.90 10=15.11 25=32.86 50=41.15 75=71.55 90=103.55 95=136.32 99=232.83 99.9=832.51 99.99=2537.47]
2025-04-22 18:56:10 61 sec: 826691 operations; [READ: Count=413581 Max=3256.32 Min=2.14 Avg=47.73 10=7.31 25=25.98 50=32.41 75=61.38 90=92.93 95=122.94 99=209.53 99.9=711.17 99.99=1475.58] [UPDATE: Count=413110 Max=20856.83 Min=7.01 Avg=57.31 10=14.97 25=32.62 50=40.73 75=70.78 90=102.91 95=135.04 99=232.19 99.9=825.86 99.99=2527.23]
2025-04-22 18:56:11 62 sec: 854608 operations; [READ: Count=427557 Max=3256.32 Min=2.14 Avg=47.18 10=7.16 25=25.66 50=31.97 75=60.54 90=92.29 95=121.73 99=209.66 99.9=721.92 99.99=1476.61] [UPDATE: Count=427051 Max=20856.83 Min=7.01 Avg=56.71 10=14.73 25=32.27 50=40.22 75=69.95 90=102.21 95=133.76 99=232.45 99.9=821.25 99.99=2451.45]
2025-04-22 18:56:12 63 sec: 882185 operations; [READ: Count=441231 Max=3256.32 Min=2.14 Avg=46.67 10=7.02 25=25.39 50=31.60 75=59.77 90=91.71 95=120.45 99=209.66 99.9=724.48 99.99=1475.58] [UPDATE: Count=440954 Max=20856.83 Min=7.01 Avg=56.19 10=14.57 25=31.97 50=39.81 75=69.25 90=101.63 95=132.61 99=232.32 99.9=826.88 99.99=2447.36]
2025-04-22 18:56:13 64 sec: 909676 operations; [READ: Count=455072 Max=3256.32 Min=2.14 Avg=46.20 10=6.91 25=25.12 50=31.28 75=59.13 90=91.33 95=119.61 99=210.18 99.9=716.29 99.99=1463.30] [UPDATE: Count=454604 Max=20856.83 Min=7.01 Avg=55.70 10=14.41 25=31.66 50=39.42 75=68.67 90=101.18 95=131.84 99=233.09 99.9=818.69 99.99=2441.22]
2025-04-22 18:56:14 65 sec: 935536 operations; [READ: Count=467940 Max=3256.32 Min=1.98 Avg=45.87 10=6.87 25=24.88 50=31.02 75=58.66 90=90.94 95=118.85 99=210.56 99.9=721.92 99.99=1441.79] [UPDATE: Count=467596 Max=20856.83 Min=6.39 Avg=55.30 10=14.29 25=31.39 50=39.10 75=68.09 90=100.73 95=130.81 99=233.60 99.9=818.17 99.99=2385.92]
2025-04-22 18:56:15 66 sec: 961752 operations; [READ: Count=481013 Max=3256.32 Min=1.98 Avg=45.54 10=6.85 25=24.62 50=30.78 75=58.17 90=90.62 95=118.21 99=211.84 99.9=716.29 99.99=1439.74] [UPDATE: Count=480739 Max=20856.83 Min=6.39 Avg=54.91 10=14.19 25=31.09 50=38.81 75=67.65 90=100.42 95=129.98 99=233.85 99.9=805.89 99.99=2375.68]
2025-04-22 18:56:16 67 sec: 990046 operations; [READ: Count=495238 Max=3256.32 Min=1.98 Avg=45.11 10=6.82 25=24.32 50=30.53 75=57.60 90=90.24 95=117.25 99=211.71 99.9=708.61 99.99=1425.41] [UPDATE: Count=494808 Max=20856.83 Min=6.39 Avg=54.45 10=14.10 25=30.70 50=38.53 75=67.07 90=99.90 95=129.02 99=233.73 99.9=798.72 99.99=2375.68]
2025-04-22 18:56:17 68 sec: 1000000 operations; [READ: Count=500189 Max=3256.32 Min=1.98 Avg=45.04 10=6.80 25=24.19 50=30.45 75=57.47 90=90.17 95=117.18 99=212.99 99.9=708.61 99.99=1425.41] [UPDATE: Count=499811 Max=20856.83 Min=6.39 Avg=54.38 10=14.06 25=30.56 50=38.43 75=66.94 90=99.90 95=129.02 99=235.39 99.9=797.70 99.99=2355.20]
2025-04-22 18:56:17 68 sec: 1000000 operations; [READ: Count=500189 Max=3256.32 Min=1.98 Avg=45.04 10=6.80 25=24.19 50=30.45 75=57.47 90=90.17 95=117.18 99=212.99 99.9=708.61 99.99=1425.41] [UPDATE: Count=499811 Max=20856.83 Min=6.39 Avg=54.38 10=14.06 25=30.56 50=38.43 75=66.94 90=99.90 95=129.02 99=235.39 99.9=797.70 99.99=2355.20]
Run runtime(sec): 68.0472
Run operations(ops): 1000000
Run throughput(ops/sec): 14695.7
