Running scope as unit: run-r69e6bbfc820d47baad92110146b16a8c.scope
load file:/home/user/DataFiles/silesia_data/silesia.tar
2025-04-22 06:04:02 0 sec: 0 operations;
2025-04-22 06:04:03 1 sec: 0 operations;
2025-04-22 06:04:04 2 sec: 0 operations;
2025-04-22 06:04:05 3 sec: 0 operations;
2025-04-22 06:04:06 4 sec: 0 operations;
2025-04-22 06:04:07 5 sec: 2716 operations; [READ: Count=1344 Max=1269.76 Min=3.37 Avg=74.29 10=14.57 25=18.13 50=23.60 75=103.87 90=141.82 95=271.10 99=668.16 99.9=1010.69 99.99=1269.76] [UPDATE: Count=1372 Max=3635.20 Min=10.29 Avg=91.65 10=23.45 25=27.66 50=35.42 75=115.01 90=157.69 95=300.03 99=814.59 99.9=1452.03 99.99=3635.20]
2025-04-22 06:04:08 6 sec: 10661 operations; [READ: Count=5347 Max=1934.34 Min=3.30 Avg=99.55 10=15.28 25=19.23 50=26.59 75=110.72 90=211.71 95=421.63 99=902.65 99.9=1566.72 99.99=1820.67] [UPDATE: Count=5314 Max=11337.73 Min=10.29 Avg=128.93 10=24.83 25=29.71 50=39.10 75=123.14 90=240.64 95=476.16 99=1118.21 99.9=6729.73 99.99=9396.22]
2025-04-22 06:04:09 7 sec: 19318 operations; [READ: Count=9634 Max=1934.34 Min=2.90 Avg=102.23 10=15.63 25=19.90 50=27.41 75=109.25 90=216.45 95=490.24 99=958.46 99.9=1561.60 99.99=1820.67] [UPDATE: Count=9684 Max=11337.73 Min=10.16 Avg=126.38 10=24.86 25=29.89 50=39.01 75=120.58 90=239.49 95=550.40 99=1093.63 99.9=4167.68 99.99=9404.42]
2025-04-22 06:04:10 8 sec: 32967 operations; [READ: Count=16375 Max=1934.34 Min=2.70 Avg=86.91 10=14.00 25=18.56 50=26.11 75=106.43 90=173.82 95=357.38 99=857.09 99.9=1469.44 99.99=1742.85] [UPDATE: Count=16592 Max=11337.73 Min=7.70 Avg=106.77 10=21.61 25=27.33 50=36.93 75=116.22 90=186.11 95=384.77 99=977.41 99.9=2662.40 99.99=9396.22]
2025-04-22 06:04:11 9 sec: 47433 operations; [READ: Count=23601 Max=1967.10 Min=2.60 Avg=79.25 10=13.41 25=16.59 50=24.34 75=102.53 90=154.11 95=318.21 99=814.59 99.9=1472.51 99.99=1820.67] [UPDATE: Count=23832 Max=11337.73 Min=7.70 Avg=96.94 10=20.37 25=24.94 50=34.24 75=111.81 90=168.57 95=337.15 99=922.62 99.9=2551.81 99.99=9404.42]
2025-04-22 06:04:12 10 sec: 64435 operations; [READ: Count=32073 Max=1967.10 Min=2.60 Avg=72.38 10=13.34 25=16.11 50=23.26 75=98.94 90=138.50 95=275.71 99=761.34 99.9=1417.21 99.99=1742.85] [UPDATE: Count=32362 Max=11337.73 Min=7.56 Avg=87.84 10=20.27 25=24.29 50=32.69 75=107.71 90=150.91 95=292.10 99=850.94 99.9=2299.90 99.99=9396.22]
2025-04-22 06:04:13 11 sec: 82725 operations; [READ: Count=41253 Max=1967.10 Min=2.60 Avg=67.31 10=13.38 25=16.05 50=22.80 75=94.85 90=129.92 95=245.63 99=686.59 99.9=1348.61 99.99=1728.51] [UPDATE: Count=41472 Max=11337.73 Min=7.56 Avg=81.26 10=20.32 25=24.09 50=31.93 75=103.17 90=141.82 95=255.49 99=794.62 99.9=1869.82 99.99=8740.86]
2025-04-22 06:04:14 12 sec: 103161 operations; [READ: Count=51442 Max=1967.10 Min=2.60 Avg=62.35 10=13.33 25=15.94 50=22.38 75=86.14 90=124.54 95=209.41 99=633.86 99.9=1287.17 99.99=1723.39] [UPDATE: Count=51719 Max=11337.73 Min=7.56 Avg=75.77 10=20.29 25=23.97 50=31.39 75=94.78 90=135.68 95=227.20 99=730.11 99.9=1789.95 99.99=8216.58]
2025-04-22 06:04:15 13 sec: 118135 operations; [READ: Count=58957 Max=1967.10 Min=2.60 Avg=62.11 10=13.39 25=16.09 50=22.57 75=89.34 90=125.25 95=208.13 99=600.06 99.9=1235.97 99.99=1713.15] [UPDATE: Count=59178 Max=11337.73 Min=7.56 Avg=75.16 10=20.38 25=24.16 50=31.68 75=97.09 90=136.57 95=227.46 99=688.13 99.9=1696.77 99.99=7770.11]
2025-04-22 06:04:16 14 sec: 130209 operations; [READ: Count=64967 Max=2744.32 Min=2.42 Avg=63.32 10=13.30 25=16.02 50=22.72 75=91.71 90=126.59 95=212.99 99=608.77 99.9=1271.81 99.99=1728.51] [UPDATE: Count=65242 Max=11337.73 Min=7.56 Avg=76.40 10=20.24 25=24.03 50=31.73 75=99.71 90=138.62 95=232.83 99=687.62 99.9=1746.94 99.99=7077.89]
2025-04-22 06:04:17 15 sec: 142454 operations; [READ: Count=71070 Max=2744.32 Min=2.42 Avg=64.39 10=13.29 25=16.06 50=23.05 75=93.18 90=128.70 95=214.66 99=603.13 99.9=1287.17 99.99=1742.85] [UPDATE: Count=71384 Max=11337.73 Min=7.56 Avg=77.17 10=20.24 25=24.09 50=32.02 75=101.44 90=141.06 95=234.24 99=678.40 99.9=1715.20 99.99=7077.89]
2025-04-22 06:04:18 16 sec: 153640 operations; [READ: Count=76654 Max=2744.32 Min=2.42 Avg=65.78 10=13.26 25=16.10 50=23.45 75=94.53 90=133.63 95=221.57 99=593.92 99.9=1269.76 99.99=1742.85] [UPDATE: Count=76986 Max=11337.73 Min=7.56 Avg=78.36 10=20.19 25=24.14 50=32.32 75=102.91 90=146.81 95=241.41 99=656.89 99.9=1686.53 99.99=6905.85]
2025-04-22 06:04:19 17 sec: 163497 operations; [READ: Count=81617 Max=2744.32 Min=2.42 Avg=67.53 10=13.25 25=16.18 50=23.97 75=96.19 90=138.75 95=228.61 99=587.77 99.9=1249.28 99.99=1742.85] [UPDATE: Count=81880 Max=11337.73 Min=7.56 Avg=80.03 10=20.19 25=24.27 50=32.83 75=104.58 90=152.19 95=248.83 99=648.19 99.9=1686.53 99.99=6905.85]
2025-04-22 06:04:20 18 sec: 173338 operations; [READ: Count=86515 Max=2744.32 Min=2.42 Avg=69.02 10=13.25 25=16.30 50=24.46 75=97.41 90=143.74 95=233.60 99=584.19 99.9=1235.97 99.99=1728.51] [UPDATE: Count=86823 Max=11337.73 Min=7.56 Avg=81.58 10=20.21 25=24.43 50=33.38 75=106.11 90=157.57 95=254.08 99=643.58 99.9=1677.31 99.99=6729.73]
2025-04-22 06:04:21 19 sec: 184090 operations; [READ: Count=91934 Max=2744.32 Min=2.42 Avg=69.95 10=13.18 25=16.31 50=24.78 75=97.92 90=147.20 95=236.80 99=576.00 99.9=1226.75 99.99=1742.85] [UPDATE: Count=92156 Max=11337.73 Min=7.56 Avg=82.61 10=20.16 25=24.48 50=33.76 75=106.81 90=161.79 95=257.54 99=635.90 99.9=1652.73 99.99=6729.73]
2025-04-22 06:04:22 20 sec: 195117 operations; [READ: Count=97429 Max=2744.32 Min=2.42 Avg=70.79 10=13.10 25=16.31 50=25.01 75=98.11 90=150.01 95=239.23 99=577.02 99.9=1223.68 99.99=1742.85] [UPDATE: Count=97688 Max=11337.73 Min=7.56 Avg=83.29 10=20.06 25=24.46 50=33.95 75=107.01 90=164.61 95=259.97 99=634.37 99.9=1635.33 99.99=5881.85]
2025-04-22 06:04:23 21 sec: 209219 operations; [READ: Count=104496 Max=2744.32 Min=2.42 Avg=70.42 10=13.00 25=16.27 50=25.17 75=97.86 90=149.63 95=231.68 99=564.22 99.9=1192.96 99.99=1742.85] [UPDATE: Count=104723 Max=11337.73 Min=7.50 Avg=82.70 10=19.95 25=24.41 50=34.08 75=106.56 90=163.84 95=253.06 99=610.82 99.9=1619.97 99.99=5881.85]
2025-04-22 06:04:24 22 sec: 224957 operations; [READ: Count=112232 Max=2744.32 Min=2.42 Avg=69.56 10=12.82 25=16.16 50=25.12 75=97.15 90=148.61 95=221.31 99=547.33 99.9=1171.45 99.99=1728.51] [UPDATE: Count=112725 Max=11337.73 Min=7.50 Avg=81.60 10=19.73 25=24.25 50=34.02 75=105.92 90=163.07 95=243.07 99=589.31 99.9=1546.24 99.99=4837.38]
2025-04-22 06:04:25 23 sec: 242265 operations; [READ: Count=120973 Max=2744.32 Min=2.42 Avg=68.33 10=12.64 25=15.97 50=24.96 75=95.94 90=146.05 95=210.81 99=526.34 99.9=1141.76 99.99=1723.39] [UPDATE: Count=121292 Max=11337.73 Min=7.50 Avg=80.16 10=19.47 25=23.98 50=33.85 75=104.64 90=160.13 95=231.29 99=572.41 99.9=1495.04 99.99=4167.68]
2025-04-22 06:04:26 24 sec: 260227 operations; [READ: Count=130008 Max=2744.32 Min=2.42 Avg=67.11 10=12.49 25=15.70 50=24.89 75=94.40 90=138.11 95=201.34 99=509.18 99.9=1117.18 99.99=1721.34] [UPDATE: Count=130219 Max=11337.73 Min=7.23 Avg=78.70 10=19.21 25=23.58 50=33.82 75=103.04 90=152.96 95=220.54 99=551.93 99.9=1461.25 99.99=4100.10]
2025-04-22 06:04:27 25 sec: 276759 operations; [READ: Count=138163 Max=2744.32 Min=2.42 Avg=66.45 10=12.34 25=15.51 50=24.86 75=93.25 90=133.63 95=197.38 99=499.71 99.9=1104.89 99.99=1713.15] [UPDATE: Count=138596 Max=11337.73 Min=7.23 Avg=77.78 10=19.02 25=23.26 50=33.76 75=101.82 90=147.71 95=214.91 99=541.18 99.9=1437.69 99.99=4100.10]
2025-04-22 06:04:28 26 sec: 295643 operations; [READ: Count=147565 Max=2744.32 Min=2.42 Avg=65.30 10=12.15 25=15.29 50=24.78 75=91.97 90=128.06 95=190.85 99=483.33 99.9=1089.54 99.99=1700.86] [UPDATE: Count=148078 Max=11337.73 Min=7.19 Avg=76.36 10=18.82 25=22.94 50=33.63 75=100.35 90=141.06 95=206.59 99=524.03 99.9=1406.97 99.99=4069.38]
2025-04-22 06:04:29 27 sec: 314393 operations; [READ: Count=157017 Max=2744.32 Min=2.42 Avg=64.25 10=11.95 25=15.13 50=24.72 75=90.88 90=123.90 95=185.73 99=470.27 99.9=1062.91 99.99=1690.62] [UPDATE: Count=157376 Max=11337.73 Min=7.19 Avg=75.23 10=18.61 25=22.70 50=33.63 75=99.20 90=136.45 95=200.70 99=504.32 99.9=1384.45 99.99=4065.28]
2025-04-22 06:04:30 28 sec: 333444 operations; [READ: Count=166650 Max=2744.32 Min=2.42 Avg=63.30 10=11.73 25=15.02 50=24.64 75=89.98 90=120.51 95=181.50 99=456.19 99.9=1038.34 99.99=1682.43] [UPDATE: Count=166794 Max=11337.73 Min=7.19 Avg=74.12 10=18.41 25=22.50 50=33.53 75=98.24 90=132.74 95=195.84 99=487.94 99.9=1346.56 99.99=3868.67]
2025-04-22 06:04:31 29 sec: 352193 operations; [READ: Count=176012 Max=2744.32 Min=2.42 Avg=62.54 10=11.49 25=14.90 50=24.54 75=89.28 90=118.21 95=178.18 99=447.23 99.9=1025.02 99.99=1677.31] [UPDATE: Count=176181 Max=11337.73 Min=7.19 Avg=73.15 10=18.18 25=22.29 50=33.41 75=97.47 90=129.85 95=192.51 99=471.81 99.9=1320.96 99.99=3635.20]
2025-04-22 06:04:32 30 sec: 369446 operations; [READ: Count=184603 Max=2744.32 Min=2.38 Avg=62.11 10=11.21 25=14.81 50=24.43 75=88.89 90=116.99 95=176.51 99=440.32 99.9=1010.69 99.99=1677.31] [UPDATE: Count=184843 Max=11337.73 Min=7.19 Avg=72.58 10=17.93 25=22.13 50=33.31 75=96.96 90=128.45 95=190.59 99=465.92 99.9=1297.41 99.99=3635.20]
2025-04-22 06:04:33 31 sec: 388928 operations; [READ: Count=194476 Max=2744.32 Min=2.38 Avg=61.33 10=10.74 25=14.72 50=24.29 75=88.38 90=115.01 95=173.18 99=428.54 99.9=999.93 99.99=1670.14] [UPDATE: Count=194452 Max=11337.73 Min=7.19 Avg=71.68 10=17.68 25=21.95 50=33.18 75=96.32 90=126.33 95=186.88 99=454.40 99.9=1282.05 99.99=3180.54]
2025-04-22 06:04:34 32 sec: 408469 operations; [READ: Count=204167 Max=2744.32 Min=2.20 Avg=60.64 10=10.15 25=14.64 50=24.14 75=88.00 90=113.28 95=170.50 99=417.79 99.9=992.77 99.99=1643.52] [UPDATE: Count=204302 Max=11337.73 Min=7.06 Avg=70.82 10=17.38 25=21.79 50=33.02 75=95.81 90=124.42 95=183.29 99=443.13 99.9=1245.18 99.99=3180.54]
2025-04-22 06:04:35 33 sec: 428507 operations; [READ: Count=214206 Max=2744.32 Min=2.20 Avg=59.93 10=9.34 25=14.54 50=23.97 75=87.55 90=111.81 95=167.55 99=409.60 99.9=980.99 99.99=1631.23] [UPDATE: Count=214301 Max=11337.73 Min=7.06 Avg=69.97 10=16.98 25=21.65 50=32.77 75=95.36 90=122.69 95=180.35 99=433.66 99.9=1222.65 99.99=3137.53]
2025-04-22 06:04:36 34 sec: 448278 operations; [READ: Count=224064 Max=4952.06 Min=2.20 Avg=59.30 10=8.73 25=14.49 50=23.71 75=87.30 90=110.40 95=164.74 99=401.92 99.9=973.31 99.99=1631.23] [UPDATE: Count=224214 Max=11337.73 Min=7.06 Avg=69.25 10=16.62 25=21.55 50=32.53 75=95.04 90=121.09 95=177.66 99=425.21 99.9=1187.84 99.99=3106.82]
2025-04-22 06:04:37 35 sec: 466442 operations; [READ: Count=233129 Max=4952.06 Min=2.20 Avg=58.93 10=8.26 25=14.45 50=23.38 75=87.10 90=109.69 95=163.58 99=399.36 99.9=966.65 99.99=1630.21] [UPDATE: Count=233313 Max=11337.73 Min=7.06 Avg=68.83 10=16.28 25=21.49 50=32.21 75=94.85 90=120.32 95=176.51 99=421.38 99.9=1174.53 99.99=3028.99]
2025-04-22 06:04:38 36 sec: 489448 operations; [READ: Count=244595 Max=4952.06 Min=2.20 Avg=57.97 10=7.76 25=14.34 50=22.78 75=86.66 90=108.35 95=160.13 99=392.70 99.9=954.37 99.99=1626.11] [UPDATE: Count=244853 Max=11337.73 Min=7.06 Avg=67.79 10=15.79 25=21.34 50=31.68 75=94.40 90=118.53 95=173.44 99=413.69 99.9=1148.93 99.99=3022.85]
2025-04-22 06:04:39 37 sec: 512981 operations; [READ: Count=256387 Max=4952.06 Min=2.20 Avg=57.03 10=7.43 25=14.25 50=22.06 75=86.21 90=107.20 95=157.06 99=387.07 99.9=944.64 99.99=1617.92] [UPDATE: Count=256594 Max=11337.73 Min=7.06 Avg=66.78 10=15.38 25=21.18 50=31.01 75=93.89 90=117.18 95=170.50 99=407.55 99.9=1128.45 99.99=2928.64]
2025-04-22 06:04:40 38 sec: 539654 operations; [READ: Count=269765 Max=4952.06 Min=2.15 Avg=55.85 10=7.12 25=14.10 50=21.09 75=85.57 90=105.79 95=152.57 99=379.90 99.9=930.82 99.99=1610.75] [UPDATE: Count=269889 Max=11337.73 Min=7.06 Avg=65.47 10=14.99 25=20.99 50=30.11 75=93.31 90=115.58 95=166.91 99=400.38 99.9=1110.02 99.99=2920.45]
2025-04-22 06:04:41 39 sec: 566566 operations; [READ: Count=283240 Max=4952.06 Min=2.15 Avg=54.72 10=6.89 25=13.97 50=20.13 75=85.06 90=104.64 95=148.35 99=374.27 99.9=918.01 99.99=1590.27] [UPDATE: Count=283326 Max=11337.73 Min=7.06 Avg=64.28 10=14.67 25=20.82 50=29.21 75=92.73 90=114.43 95=163.58 99=393.47 99.9=1098.75 99.99=2865.15]
2025-04-22 06:04:42 40 sec: 591121 operations; [READ: Count=295381 Max=4952.06 Min=2.15 Avg=53.93 10=6.72 25=13.87 50=19.36 75=84.54 90=103.94 95=146.05 99=372.99 99.9=912.89 99.99=1580.03] [UPDATE: Count=295740 Max=11337.73 Min=7.06 Avg=63.44 10=14.40 25=20.67 50=28.40 75=92.29 90=113.60 95=161.66 99=392.96 99.9=1083.39 99.99=2740.22]
2025-04-22 06:04:43 41 sec: 619305 operations; [READ: Count=309586 Max=4952.06 Min=2.15 Avg=52.88 10=6.58 25=13.77 50=18.67 75=84.03 90=103.04 95=142.21 99=367.10 99.9=901.63 99.99=1575.93] [UPDATE: Count=309719 Max=11337.73 Min=7.06 Avg=62.31 10=14.17 25=20.53 50=27.61 75=91.78 90=112.58 95=158.21 99=387.33 99.9=1065.98 99.99=2736.13]
2025-04-22 06:04:44 42 sec: 647680 operations; [READ: Count=323807 Max=4952.06 Min=2.12 Avg=51.93 10=6.45 25=13.67 50=18.18 75=83.58 90=102.27 95=138.88 99=362.50 99.9=894.98 99.99=1575.93] [UPDATE: Count=323873 Max=11337.73 Min=6.94 Avg=61.23 10=13.94 25=20.40 50=26.96 75=91.26 90=111.61 95=154.88 99=382.46 99.9=1047.55 99.99=2721.79]
2025-04-22 06:04:45 43 sec: 676394 operations; [READ: Count=338105 Max=4952.06 Min=2.12 Avg=51.02 10=6.34 25=13.58 50=17.81 75=83.14 90=101.63 95=136.32 99=357.63 99.9=885.25 99.99=1570.82] [UPDATE: Count=338289 Max=11337.73 Min=6.94 Avg=60.22 10=13.78 25=20.27 50=26.43 75=90.81 90=110.91 95=152.06 99=376.83 99.9=1031.68 99.99=2684.93]
2025-04-22 06:04:46 44 sec: 708064 operations; [READ: Count=353970 Max=4952.06 Min=2.12 Avg=49.92 10=6.24 25=13.47 50=17.44 75=82.56 90=100.73 95=132.86 99=352.51 99.9=876.03 99.99=1566.72] [UPDATE: Count=354094 Max=11337.73 Min=6.94 Avg=59.10 10=13.62 25=20.14 50=25.95 75=90.24 90=109.89 95=148.35 99=371.20 99.9=1020.93 99.99=2684.93]
2025-04-22 06:04:47 45 sec: 738422 operations; [READ: Count=369059 Max=4952.06 Min=2.12 Avg=49.02 10=6.13 25=13.36 50=17.15 75=82.05 90=99.97 95=130.62 99=351.23 99.9=871.93 99.99=1561.60] [UPDATE: Count=369363 Max=11337.73 Min=6.94 Avg=58.14 10=13.46 25=20.00 50=25.52 75=89.73 90=109.12 95=145.92 99=368.13 99.9=1012.74 99.99=2662.40]
2025-04-22 06:04:48 46 sec: 773880 operations; [READ: Count=386745 Max=4952.06 Min=2.12 Avg=47.85 10=6.04 25=13.23 50=16.86 75=81.41 90=99.01 95=127.49 99=345.60 99.9=855.04 99.99=1559.55] [UPDATE: Count=387135 Max=11337.73 Min=6.94 Avg=56.92 10=13.29 25=19.84 50=25.10 75=89.02 90=108.03 95=141.82 99=361.21 99.9=991.23 99.99=2621.44]
2025-04-22 06:04:49 47 sec: 808899 operations; [READ: Count=404353 Max=4952.06 Min=2.12 Avg=46.79 10=5.96 25=13.12 50=16.64 75=80.89 90=98.24 95=125.12 99=340.22 99.9=843.26 99.99=1552.38] [UPDATE: Count=404546 Max=11337.73 Min=6.94 Avg=55.85 10=13.15 25=19.71 50=24.78 75=88.45 90=107.20 95=139.01 99=355.84 99.9=976.89 99.99=2621.44]
2025-04-22 06:04:50 48 sec: 842611 operations; [READ: Count=421174 Max=4952.06 Min=2.12 Avg=45.92 10=5.90 25=13.02 50=16.48 75=80.38 90=97.60 95=123.52 99=336.38 99.9=834.56 99.99=1545.21] [UPDATE: Count=421437 Max=11337.73 Min=6.94 Avg=54.92 10=13.05 25=19.58 50=24.53 75=87.87 90=106.50 95=136.83 99=350.72 99.9=965.12 99.99=2551.81]
2025-04-22 06:04:51 49 sec: 876874 operations; [READ: Count=438418 Max=4952.06 Min=2.12 Avg=45.08 10=5.84 25=12.90 50=16.32 75=79.94 90=97.09 95=122.05 99=331.77 99.9=823.81 99.99=1517.57] [UPDATE: Count=438456 Max=11337.73 Min=6.94 Avg=54.04 10=12.95 25=19.44 50=24.29 75=87.36 90=105.92 95=135.17 99=346.88 99.9=958.46 99.99=2486.27]
2025-04-22 06:04:52 50 sec: 909410 operations; [READ: Count=454662 Max=4952.06 Min=2.12 Avg=44.39 10=5.79 25=12.78 50=16.18 75=79.49 90=96.58 95=120.83 99=328.96 99.9=820.74 99.99=1484.80] [UPDATE: Count=454748 Max=11337.73 Min=6.94 Avg=53.32 10=12.86 25=19.31 50=24.08 75=86.91 90=105.41 95=133.89 99=344.32 99.9=944.64 99.99=2486.27]
2025-04-22 06:04:53 51 sec: 933719 operations; [READ: Count=466800 Max=4952.06 Min=2.12 Avg=44.18 10=5.80 25=12.72 50=16.16 75=79.36 90=96.45 95=120.64 99=327.17 99.9=815.10 99.99=1472.51] [UPDATE: Count=466919 Max=11337.73 Min=6.94 Avg=53.09 10=12.84 25=19.25 50=24.03 75=86.78 90=105.28 95=133.63 99=342.78 99.9=930.82 99.99=2465.79]
2025-04-22 06:04:54 52 sec: 947848 operations; [READ: Count=473857 Max=4952.06 Min=2.12 Avg=44.50 10=5.83 25=12.74 50=16.22 75=79.68 90=96.89 95=121.92 99=327.17 99.9=811.01 99.99=1472.51] [UPDATE: Count=473991 Max=11337.73 Min=6.94 Avg=53.40 10=12.88 25=19.28 50=24.11 75=87.10 90=105.79 95=135.29 99=342.78 99.9=926.21 99.99=2465.79]
2025-04-22 06:04:55 53 sec: 958322 operations; [READ: Count=479125 Max=4952.06 Min=2.12 Avg=45.01 10=5.85 25=12.78 50=16.30 75=80.00 90=97.47 95=124.42 99=327.68 99.9=809.98 99.99=1469.44] [UPDATE: Count=479197 Max=11337.73 Min=6.94 Avg=53.89 10=12.91 25=19.33 50=24.21 75=87.49 90=106.43 95=138.11 99=343.81 99.9=924.16 99.99=2435.07]
2025-04-22 06:04:56 54 sec: 966638 operations; [READ: Count=483314 Max=6725.63 Min=2.12 Avg=45.59 10=5.86 25=12.81 50=16.35 75=80.38 90=98.11 95=127.42 99=329.73 99.9=810.50 99.99=1534.97] [UPDATE: Count=483324 Max=43745.28 Min=6.94 Avg=54.51 10=12.94 25=19.36 50=24.29 75=87.87 90=107.07 95=141.69 99=345.60 99.9=922.62 99.99=2476.03]
2025-04-22 06:04:57 55 sec: 974526 operations; [READ: Count=487229 Max=6725.63 Min=2.12 Avg=46.20 10=5.88 25=12.84 50=16.40 75=80.70 90=98.81 95=131.46 99=335.10 99.9=817.66 99.99=1552.38] [UPDATE: Count=487297 Max=43745.28 Min=6.94 Avg=55.12 10=12.96 25=19.39 50=24.37 75=88.19 90=107.84 95=146.81 99=350.46 99.9=929.28 99.99=2476.03]
2025-04-22 06:04:58 56 sec: 984234 operations; [READ: Count=492093 Max=6725.63 Min=2.12 Avg=46.72 10=5.89 25=12.86 50=16.46 75=80.96 90=99.45 95=136.70 99=337.15 99.9=817.15 99.99=1552.38] [UPDATE: Count=492141 Max=43745.28 Min=6.94 Avg=55.62 10=12.98 25=19.42 50=24.45 75=88.51 90=108.61 95=152.06 99=352.00 99.9=928.77 99.99=2476.03]
2025-04-22 06:04:59 57 sec: 993774 operations; [READ: Count=496857 Max=6725.63 Min=2.12 Avg=47.20 10=5.90 25=12.88 50=16.51 75=81.22 90=100.16 95=142.08 99=338.94 99.9=814.59 99.99=1547.26] [UPDATE: Count=496917 Max=43745.28 Min=6.94 Avg=56.15 10=13.01 25=19.44 50=24.53 75=88.77 90=109.38 95=156.67 99=355.58 99.9=930.30 99.99=2465.79]
2025-04-22 06:04:59 57 sec: 1000000 operations; [READ: Count=500018 Max=6725.63 Min=2.12 Avg=47.45 10=5.91 25=12.89 50=16.54 75=81.41 90=100.48 95=145.02 99=340.48 99.9=814.08 99.99=1547.26] [UPDATE: Count=499982 Max=43745.28 Min=6.94 Avg=56.39 10=13.02 25=19.45 50=24.57 75=88.89 90=109.69 95=158.72 99=356.10 99.9=930.30 99.99=2465.79]
Run runtime(sec): 57.7082
Run operations(ops): 1000000
Run throughput(ops/sec): 17328.6
