Running scope as unit: run-r792ab4bd2ae146169a6bd771fe2dfff1.scope
load file:/home/user/DataFiles/silesia_data/silesia.tar
2025-04-22 06:21:16 0 sec: 0 operations;
2025-04-22 06:21:17 1 sec: 37456 operations; [INSERT: Count=37456 Max=5640.19 Min=5.36 Avg=22.43 10=11.17 25=14.20 50=19.61 75=27.34 90=36.96 95=43.30 99=56.48 99.9=99.01 99.99=265.98]
2025-04-22 06:21:18 2 sec: 73910 operations; [INSERT: Count=73910 Max=5640.19 Min=5.34 Avg=23.30 10=11.81 25=15.05 50=20.62 75=28.91 90=38.21 95=44.06 99=56.03 99.9=85.44 99.99=247.29]
2025-04-22 06:21:19 3 sec: 112511 operations; [INSERT: Count=112511 Max=5640.19 Min=5.34 Avg=23.08 10=11.93 25=15.11 50=20.54 75=28.59 90=37.44 95=43.07 99=54.62 99.9=80.51 99.99=245.63]
2025-04-22 06:21:20 4 sec: 153216 operations; [INSERT: Count=153216 Max=5640.19 Min=5.34 Avg=22.61 10=11.82 25=14.90 50=20.16 75=27.93 90=36.41 95=41.92 99=53.12 99.9=80.06 99.99=245.63]
2025-04-22 06:21:21 5 sec: 194944 operations; [INSERT: Count=194944 Max=5640.19 Min=5.34 Avg=22.20 10=11.74 25=14.71 50=19.81 75=27.36 90=35.55 95=40.96 99=52.09 99.9=79.10 99.99=244.74]
2025-04-22 06:21:22 6 sec: 235846 operations; [INSERT: Count=235846 Max=23412.74 Min=5.34 Avg=22.02 10=11.69 25=14.59 50=19.57 75=26.94 90=34.98 95=40.26 99=51.55 99.9=81.34 99.99=244.74]
2025-04-22 06:21:23 7 sec: 277777 operations; [INSERT: Count=277777 Max=23412.74 Min=5.34 Avg=21.80 10=11.64 25=14.49 50=19.36 75=26.61 90=34.43 95=39.58 99=50.72 99.9=79.36 99.99=242.56]
2025-04-22 06:21:24 8 sec: 321270 operations; [INSERT: Count=321270 Max=23412.74 Min=5.34 Avg=21.52 10=11.58 25=14.36 50=19.14 75=26.24 90=33.89 95=38.94 99=49.95 99.9=79.17 99.99=242.18]
2025-04-22 06:21:25 9 sec: 365545 operations; [INSERT: Count=365545 Max=23412.74 Min=5.34 Avg=21.25 10=11.52 25=14.24 50=18.91 75=25.90 90=33.38 95=38.37 99=49.28 99.9=78.08 99.99=240.13]
2025-04-22 06:21:26 10 sec: 409739 operations; [INSERT: Count=409739 Max=23412.74 Min=5.34 Avg=21.05 10=11.48 25=14.16 50=18.75 75=25.63 90=32.99 95=37.89 99=48.70 99.9=77.44 99.99=240.64]
2025-04-22 06:21:27 11 sec: 445355 operations; [INSERT: Count=445355 Max=23412.74 Min=5.34 Avg=21.34 10=11.54 25=14.25 50=18.91 75=25.89 90=33.41 95=38.56 99=50.78 99.9=98.88 99.99=243.71]
2025-04-22 06:21:28 12 sec: 461476 operations; [INSERT: Count=461476 Max=23412.74 Min=5.34 Avg=22.55 10=11.62 25=14.40 50=19.30 75=26.77 90=35.42 95=42.53 99=71.81 99.9=135.94 99.99=247.29]
2025-04-22 06:21:29 13 sec: 477785 operations; [INSERT: Count=477785 Max=23412.74 Min=5.34 Avg=23.68 10=11.69 25=14.55 50=19.68 75=27.71 90=37.82 95=47.87 99=85.18 99.9=144.51 99.99=254.46]
2025-04-22 06:21:30 14 sec: 493683 operations; [INSERT: Count=493683 Max=23412.74 Min=5.34 Avg=24.75 10=11.76 25=14.70 50=20.08 75=28.66 90=40.51 95=54.05 99=94.14 99.9=151.42 99.99=260.99]
2025-04-22 06:21:31 15 sec: 510590 operations; [INSERT: Count=510590 Max=23412.74 Min=5.34 Avg=25.70 10=11.83 25=14.84 50=20.48 75=29.57 90=43.17 95=58.94 99=98.56 99.9=165.63 99.99=456.19]
2025-04-22 06:21:32 16 sec: 534169 operations; [INSERT: Count=534169 Max=23412.74 Min=5.34 Avg=26.26 10=11.91 25=15.00 50=20.83 75=30.27 90=44.83 95=60.73 99=99.52 99.9=170.88 99.99=604.16]
2025-04-22 06:21:33 17 sec: 565206 operations; [INSERT: Count=565206 Max=23412.74 Min=5.34 Avg=26.41 10=11.95 25=15.07 50=20.94 75=30.40 90=44.73 95=60.06 99=98.94 99.9=176.13 99.99=672.25]
2025-04-22 06:21:34 18 sec: 603913 operations; [INSERT: Count=603913 Max=23412.74 Min=5.34 Avg=26.16 10=11.94 25=15.05 50=20.88 75=30.21 90=43.90 95=58.62 99=97.66 99.9=175.87 99.99=669.18]
2025-04-22 06:21:35 19 sec: 636633 operations; [INSERT: Count=636633 Max=23412.74 Min=5.34 Avg=26.22 10=12.01 25=15.16 50=21.05 75=30.43 90=43.97 95=57.98 99=96.58 99.9=172.41 99.99=619.01]
2025-04-22 06:21:36 20 sec: 666163 operations; [INSERT: Count=666163 Max=23412.74 Min=5.34 Avg=26.42 10=12.09 25=15.30 50=21.33 75=30.83 90=44.48 95=57.95 99=95.74 99.9=169.34 99.99=605.18]
2025-04-22 06:21:37 21 sec: 696741 operations; [INSERT: Count=696741 Max=23412.74 Min=5.34 Avg=26.55 10=12.16 25=15.43 50=21.54 75=31.12 90=44.77 95=57.76 99=95.04 99.9=165.63 99.99=578.05]
2025-04-22 06:21:38 22 sec: 727159 operations; [INSERT: Count=727159 Max=23412.74 Min=5.34 Avg=26.68 10=12.22 25=15.54 50=21.73 75=31.38 90=44.99 95=57.63 99=94.53 99.9=164.35 99.99=578.05]
2025-04-22 06:21:39 23 sec: 763046 operations; [INSERT: Count=763046 Max=23412.74 Min=5.34 Avg=26.58 10=12.21 25=15.52 50=21.66 75=31.26 90=44.67 95=57.22 99=94.21 99.9=166.40 99.99=669.18]
2025-04-22 06:21:40 24 sec: 802626 operations; [INSERT: Count=802626 Max=23412.74 Min=5.34 Avg=26.35 10=12.20 25=15.47 50=21.54 75=30.99 90=44.03 95=56.29 99=93.06 99.9=165.12 99.99=676.35]
2025-04-22 06:21:41 25 sec: 834891 operations; [INSERT: Count=834891 Max=23412.74 Min=5.34 Avg=26.41 10=12.26 25=15.54 50=21.65 75=31.10 90=44.06 95=56.06 99=92.54 99.9=165.12 99.99=699.39]
2025-04-22 06:21:42 26 sec: 860497 operations; [INSERT: Count=860497 Max=23412.74 Min=5.34 Avg=26.68 10=12.31 25=15.67 50=21.89 75=31.52 90=44.80 95=56.83 99=92.61 99.9=162.43 99.99=680.96]
2025-04-22 06:21:43 27 sec: 876101 operations; [INSERT: Count=876101 Max=23412.74 Min=5.34 Avg=27.23 10=12.36 25=15.77 50=22.14 75=32.13 90=46.30 95=59.42 99=96.06 99.9=163.97 99.99=680.96]
2025-04-22 06:21:44 28 sec: 898299 operations; [INSERT: Count=898299 Max=23412.74 Min=5.34 Avg=27.55 10=12.41 25=15.86 50=22.35 75=32.54 90=47.17 95=60.61 99=97.02 99.9=165.76 99.99=692.22]
2025-04-22 06:21:45 29 sec: 943650 operations; [INSERT: Count=943650 Max=23412.74 Min=5.23 Avg=27.13 10=12.13 25=15.58 50=22.00 75=32.09 90=46.49 95=59.68 99=96.13 99.9=165.12 99.99=692.22]
2025-04-22 06:21:46 30 sec: 1000000 operations; [INSERT: Count=1000000 Max=23412.74 Min=4.87 Avg=26.24 10=11.17 25=14.75 50=21.17 75=31.31 90=45.53 95=58.56 99=95.36 99.9=165.50 99.99=708.10]
2025-04-22 06:21:47 30 sec: 1000000 operations; [INSERT: Count=1000000 Max=23412.74 Min=4.87 Avg=26.24 10=11.17 25=14.75 50=21.17 75=31.31 90=45.53 95=58.56 99=95.36 99.9=165.50 99.99=708.10]
Load runtime(sec): 30.6567
Load operations(ops): 1000000
Load throughput(ops/sec): 32619.3
