Running scope as unit: run-r9c3565105ad94b74bd62f3805e9749a3.scope
load file:/home/user/DataFiles/silesia_data/silesia.tar
2025-04-22 06:21:16 0 sec: 0 operations;
2025-04-22 06:21:17 1 sec: 25867 operations; [INSERT: Count=25867 Max=6025.22 Min=5.19 Avg=33.58 10=15.37 25=20.89 50=29.89 75=42.30 90=56.03 95=64.99 99=84.22 99.9=116.35 99.99=276.74]
2025-04-22 06:21:18 2 sec: 53370 operations; [INSERT: Count=53370 Max=6025.22 Min=5.19 Avg=33.32 10=15.49 25=21.01 50=29.76 75=42.08 90=55.55 95=64.35 99=81.98 99.9=113.73 99.99=276.74]
2025-04-22 06:21:19 3 sec: 80265 operations; [INSERT: Count=80265 Max=6025.22 Min=5.19 Avg=33.51 10=15.73 25=21.20 50=30.02 75=42.34 90=55.77 95=64.61 99=81.92 99.9=112.00 99.99=272.38]
2025-04-22 06:21:20 4 sec: 106908 operations; [INSERT: Count=106908 Max=6025.22 Min=5.19 Avg=33.68 10=15.85 25=21.34 50=30.16 75=42.53 90=56.13 95=64.89 99=82.11 99.9=112.64 99.99=272.64]
2025-04-22 06:21:21 5 sec: 133540 operations; [INSERT: Count=133540 Max=6025.22 Min=5.19 Avg=33.79 10=15.94 25=21.41 50=30.27 75=42.69 90=56.26 95=65.02 99=82.37 99.9=113.02 99.99=276.74]
2025-04-22 06:21:22 6 sec: 159862 operations; [INSERT: Count=159862 Max=23461.89 Min=5.19 Avg=33.93 10=15.89 25=21.30 50=30.13 75=42.49 90=56.09 95=64.86 99=82.24 99.9=113.28 99.99=283.90]
2025-04-22 06:21:23 7 sec: 186448 operations; [INSERT: Count=186448 Max=23461.89 Min=5.19 Avg=33.98 10=15.96 25=21.36 50=30.21 75=42.62 90=56.22 95=64.99 99=82.56 99.9=113.28 99.99=280.57]
2025-04-22 06:21:24 8 sec: 212511 operations; [INSERT: Count=212511 Max=23461.89 Min=5.19 Avg=34.11 10=16.07 25=21.47 50=30.37 75=42.81 90=56.48 95=65.25 99=83.01 99.9=112.96 99.99=279.55]
2025-04-22 06:21:25 9 sec: 237872 operations; [INSERT: Count=237872 Max=23461.89 Min=5.19 Avg=34.32 10=16.18 25=21.61 50=30.57 75=43.13 90=56.86 95=65.73 99=83.78 99.9=115.58 99.99=279.55]
2025-04-22 06:21:26 10 sec: 263384 operations; [INSERT: Count=263384 Max=23461.89 Min=5.19 Avg=34.47 10=16.25 25=21.71 50=30.72 75=43.33 90=57.15 95=66.05 99=84.29 99.9=115.71 99.99=279.30]
2025-04-22 06:21:27 11 sec: 288277 operations; [INSERT: Count=288277 Max=23461.89 Min=5.19 Avg=34.67 10=16.33 25=21.82 50=30.88 75=43.55 90=57.44 95=66.37 99=84.73 99.9=115.97 99.99=281.34]
2025-04-22 06:21:28 12 sec: 311212 operations; [INSERT: Count=311212 Max=23461.89 Min=5.19 Avg=35.08 10=16.50 25=22.06 50=31.25 75=44.09 90=58.21 95=67.33 99=86.21 99.9=116.61 99.99=287.74]
2025-04-22 06:21:29 13 sec: 332602 operations; [INSERT: Count=332602 Max=23461.89 Min=5.19 Avg=35.62 10=16.64 25=22.32 50=31.70 75=44.80 90=59.26 95=68.67 99=88.25 99.9=120.45 99.99=289.54]
2025-04-22 06:21:30 14 sec: 354372 operations; [INSERT: Count=354372 Max=23461.89 Min=5.19 Avg=36.04 10=16.80 25=22.56 50=32.06 75=45.34 90=60.06 95=69.63 99=89.98 99.9=123.45 99.99=302.59]
2025-04-22 06:21:31 15 sec: 374543 operations; [INSERT: Count=374543 Max=23461.89 Min=5.19 Avg=36.59 10=16.91 25=22.77 50=32.43 75=45.92 90=60.96 95=70.85 99=92.22 99.9=130.88 99.99=361.73]
2025-04-22 06:21:32 16 sec: 397156 operations; [INSERT: Count=397156 Max=23461.89 Min=5.19 Avg=36.83 10=16.99 25=22.88 50=32.59 75=46.14 90=61.34 95=71.36 99=92.73 99.9=135.68 99.99=480.51]
2025-04-22 06:21:33 17 sec: 417148 operations; [INSERT: Count=417148 Max=23461.89 Min=5.19 Avg=37.30 10=17.07 25=23.02 50=32.83 75=46.49 90=61.82 95=72.06 99=94.02 99.9=144.25 99.99=987.65]
2025-04-22 06:21:34 18 sec: 436634 operations; [INSERT: Count=436634 Max=23461.89 Min=5.19 Avg=37.78 10=17.21 25=23.26 50=33.22 75=47.10 90=62.75 95=73.28 99=96.00 99.9=146.43 99.99=880.13]
2025-04-22 06:21:35 19 sec: 454285 operations; [INSERT: Count=454285 Max=23461.89 Min=5.19 Avg=38.38 10=17.36 25=23.54 50=33.66 75=47.90 90=63.94 95=74.88 99=98.56 99.9=150.27 99.99=880.13]
2025-04-22 06:21:36 20 sec: 473049 operations; [INSERT: Count=473049 Max=23461.89 Min=5.19 Avg=38.84 10=17.49 25=23.74 50=34.05 75=48.51 90=64.89 95=76.22 99=100.67 99.9=150.91 99.99=815.62]
2025-04-22 06:21:37 21 sec: 496191 operations; [INSERT: Count=496191 Max=23461.89 Min=5.19 Avg=38.89 10=17.49 25=23.77 50=34.08 75=48.58 90=65.06 95=76.48 99=100.86 99.9=153.85 99.99=714.75]
2025-04-22 06:21:38 22 sec: 505953 operations; [INSERT: Count=505953 Max=202768.38 Min=5.19 Avg=40.00 10=17.58 25=23.93 50=34.43 75=49.31 90=66.50 95=78.72 99=107.26 99.9=185.85 99.99=875.52]
2025-04-22 06:21:39 23 sec: 524454 operations; [INSERT: Count=524454 Max=202768.38 Min=5.19 Avg=40.36 10=17.61 25=24.03 50=34.66 75=49.70 90=67.20 95=79.81 99=110.08 99.9=204.80 99.99=900.61]
2025-04-22 06:21:40 24 sec: 547299 operations; [INSERT: Count=547299 Max=202768.38 Min=5.19 Avg=40.37 10=17.63 25=24.06 50=34.69 75=49.76 90=67.26 95=79.74 99=109.76 99.9=204.80 99.99=936.45]
2025-04-22 06:21:41 25 sec: 574146 operations; [INSERT: Count=574146 Max=202768.38 Min=5.19 Avg=40.06 10=17.47 25=23.87 50=34.43 75=49.44 90=66.81 95=79.30 99=109.06 99.9=203.13 99.99=955.90]
2025-04-22 06:21:42 26 sec: 599464 operations; [INSERT: Count=599464 Max=202768.38 Min=5.19 Avg=39.90 10=17.44 25=23.81 50=34.34 75=49.28 90=66.56 95=78.91 99=108.35 99.9=200.83 99.99=889.34]
2025-04-22 06:21:43 27 sec: 623267 operations; [INSERT: Count=623267 Max=202768.38 Min=5.19 Avg=39.85 10=17.45 25=23.82 50=34.37 75=49.25 90=66.50 95=78.78 99=107.84 99.9=198.91 99.99=880.13]
2025-04-22 06:21:44 28 sec: 645674 operations; [INSERT: Count=645674 Max=202768.38 Min=5.19 Avg=39.90 10=17.49 25=23.89 50=34.43 75=49.38 90=66.62 95=78.85 99=107.71 99.9=198.27 99.99=876.03]
2025-04-22 06:21:45 29 sec: 668044 operations; [INSERT: Count=668044 Max=202768.38 Min=5.19 Avg=39.95 10=17.52 25=23.93 50=34.53 75=49.47 90=66.75 95=78.97 99=107.52 99.9=197.76 99.99=856.58]
2025-04-22 06:21:46 30 sec: 720883 operations; [INSERT: Count=720883 Max=202768.38 Min=4.74 Avg=38.17 10=15.09 25=22.00 50=32.93 75=48.06 90=65.47 95=77.69 99=106.17 99.9=189.95 99.99=876.03]
2025-04-22 06:21:47 31 sec: 792271 operations; [INSERT: Count=792271 Max=202768.38 Min=4.61 Avg=35.69 10=11.38 25=18.91 50=30.62 75=46.11 90=63.81 95=76.03 99=104.38 99.9=182.40 99.99=826.37]
2025-04-22 06:21:48 32 sec: 860310 operations; [INSERT: Count=860310 Max=202768.38 Min=4.60 Avg=33.77 10=9.86 25=16.24 50=28.54 75=44.41 90=62.30 95=74.62 99=102.91 99.9=175.10 99.99=795.13]
2025-04-22 06:21:49 33 sec: 910093 operations; [INSERT: Count=910093 Max=202768.38 Min=4.60 Avg=32.84 10=9.73 25=15.35 50=27.33 75=43.30 90=61.31 95=73.66 99=101.95 99.9=172.29 99.99=789.50]
2025-04-22 06:21:50 34 sec: 951283 operations; [INSERT: Count=951283 Max=202768.38 Min=4.60 Avg=32.33 10=9.72 25=15.06 50=26.69 75=42.56 90=60.58 95=72.96 99=101.31 99.9=171.01 99.99=782.85]
2025-04-22 06:21:51 34 sec: 1000000 operations; [INSERT: Count=1000000 Max=202768.38 Min=4.08 Avg=31.27 10=8.97 25=13.79 50=25.41 75=41.53 90=59.71 95=72.19 99=100.80 99.9=170.50 99.99=826.37]
Load runtime(sec): 34.9901
Load operations(ops): 1000000
Load throughput(ops/sec): 28579.5
