Running scope as unit: run-r7e92834a71aa4c959333406e99b6d5a2.scope
load file:/home/user/DataFiles/silesia_data/silesia.tar
2025-04-22 06:21:16 0 sec: 0 operations;
2025-04-22 06:21:17 1 sec: 26247 operations; [INSERT: Count=26247 Max=6074.37 Min=5.02 Avg=32.67 10=14.79 25=20.13 50=29.02 75=41.12 90=54.46 95=63.36 99=81.98 99.9=117.50 99.99=335.10]
2025-04-22 06:21:18 2 sec: 55099 operations; [INSERT: Count=55099 Max=6074.37 Min=5.02 Avg=32.01 10=14.78 25=19.93 50=28.64 75=40.45 90=53.38 95=61.89 99=79.55 99.9=111.04 99.99=272.89]
2025-04-22 06:21:19 3 sec: 83324 operations; [INSERT: Count=83324 Max=6074.37 Min=5.02 Avg=32.07 10=14.91 25=20.05 50=28.77 75=40.54 90=53.50 95=61.85 99=79.42 99.9=107.26 99.99=272.89]
2025-04-22 06:21:20 4 sec: 111262 operations; [INSERT: Count=111262 Max=6074.37 Min=5.02 Avg=32.18 10=15.02 25=20.08 50=28.83 75=40.70 90=53.76 95=62.21 99=79.68 99.9=109.12 99.99=274.18]
2025-04-22 06:21:21 5 sec: 139263 operations; [INSERT: Count=139263 Max=6074.37 Min=5.02 Avg=32.23 10=15.06 25=20.11 50=28.86 75=40.80 90=53.85 95=62.27 99=79.74 99.9=109.95 99.99=276.48]
2025-04-22 06:21:22 6 sec: 166885 operations; [INSERT: Count=166885 Max=23461.89 Min=5.02 Avg=32.34 10=15.00 25=20.00 50=28.70 75=40.61 90=53.70 95=62.02 99=79.49 99.9=109.25 99.99=280.83]
2025-04-22 06:21:23 7 sec: 194805 operations; [INSERT: Count=194805 Max=23461.89 Min=5.02 Avg=32.37 10=15.06 25=20.05 50=28.75 75=40.67 90=53.79 95=62.17 99=79.74 99.9=109.31 99.99=280.83]
2025-04-22 06:21:24 8 sec: 222064 operations; [INSERT: Count=222064 Max=23461.89 Min=5.02 Avg=32.49 10=15.13 25=20.13 50=28.88 75=40.90 90=54.05 95=62.49 99=80.13 99.9=109.12 99.99=280.83]
2025-04-22 06:21:25 9 sec: 248569 operations; [INSERT: Count=248569 Max=23461.89 Min=5.02 Avg=32.69 10=15.22 25=20.27 50=29.09 75=41.18 90=54.43 95=62.98 99=80.77 99.9=110.33 99.99=279.55]
2025-04-22 06:21:26 10 sec: 274876 operations; [INSERT: Count=274876 Max=23461.89 Min=5.02 Avg=32.88 10=15.31 25=20.38 50=29.28 75=41.44 90=54.78 95=63.39 99=81.28 99.9=111.36 99.99=279.55]
2025-04-22 06:21:27 11 sec: 300353 operations; [INSERT: Count=300353 Max=23461.89 Min=5.02 Avg=33.13 10=15.40 25=20.53 50=29.47 75=41.70 90=55.13 95=63.90 99=81.92 99.9=112.89 99.99=285.18]
2025-04-22 06:21:28 12 sec: 324472 operations; [INSERT: Count=324472 Max=23461.89 Min=5.02 Avg=33.51 10=15.53 25=20.73 50=29.77 75=42.21 90=55.84 95=64.80 99=83.20 99.9=115.01 99.99=295.68]
2025-04-22 06:21:29 13 sec: 346833 operations; [INSERT: Count=346833 Max=23461.89 Min=5.02 Avg=34.01 10=15.69 25=20.99 50=30.21 75=42.88 90=56.83 95=66.11 99=85.31 99.9=118.85 99.99=303.10]
2025-04-22 06:21:30 14 sec: 369615 operations; [INSERT: Count=369615 Max=23461.89 Min=5.02 Avg=34.42 10=15.81 25=21.20 50=30.53 75=43.39 90=57.57 95=67.07 99=87.04 99.9=122.43 99.99=315.13]
2025-04-22 06:21:31 15 sec: 391184 operations; [INSERT: Count=391184 Max=23461.89 Min=5.02 Avg=34.89 10=15.92 25=21.38 50=30.83 75=43.90 90=58.40 95=68.16 99=89.15 99.9=129.98 99.99=371.71]
2025-04-22 06:21:32 16 sec: 415291 operations; [INSERT: Count=415291 Max=23461.89 Min=5.02 Avg=35.08 10=15.97 25=21.45 50=30.94 75=44.06 90=58.66 95=68.48 99=89.66 99.9=134.01 99.99=419.84]
2025-04-22 06:21:33 17 sec: 431960 operations; [INSERT: Count=431960 Max=23461.89 Min=5.02 Avg=35.85 10=16.06 25=21.65 50=31.31 75=44.77 90=59.84 95=70.27 99=93.89 99.9=155.65 99.99=823.29]
2025-04-22 06:21:34 18 sec: 452760 operations; [INSERT: Count=452760 Max=23461.89 Min=5.02 Avg=36.26 10=16.18 25=21.86 50=31.66 75=45.28 90=60.61 95=71.36 99=95.36 99.9=157.95 99.99=816.64]
2025-04-22 06:21:35 19 sec: 473177 operations; [INSERT: Count=473177 Max=23461.89 Min=4.87 Avg=36.67 10=16.28 25=22.05 50=31.98 75=45.79 90=61.50 95=72.51 99=97.34 99.9=157.31 99.99=760.83]
2025-04-22 06:21:36 20 sec: 492829 operations; [INSERT: Count=492829 Max=23461.89 Min=4.87 Avg=37.11 10=16.40 25=22.25 50=32.32 75=46.37 90=62.46 95=73.66 99=99.26 99.9=155.65 99.99=816.64]
2025-04-22 06:21:37 21 sec: 512083 operations; [INSERT: Count=512083 Max=202637.31 Min=4.87 Avg=37.54 10=16.40 25=22.27 50=32.37 75=46.46 90=62.56 95=73.86 99=99.45 99.9=160.38 99.99=811.52]
2025-04-22 06:21:38 22 sec: 532360 operations; [INSERT: Count=532360 Max=202637.31 Min=4.87 Avg=37.86 10=16.50 25=22.43 50=32.62 75=46.91 90=63.26 95=74.75 99=100.86 99.9=165.76 99.99=811.52]
2025-04-22 06:21:39 23 sec: 554018 operations; [INSERT: Count=554018 Max=202637.31 Min=4.87 Avg=38.06 10=16.53 25=22.50 50=32.77 75=47.13 90=63.68 95=75.33 99=101.82 99.9=175.36 99.99=866.82]
2025-04-22 06:21:40 24 sec: 577708 operations; [INSERT: Count=577708 Max=202637.31 Min=4.87 Avg=38.09 10=16.56 25=22.53 50=32.83 75=47.23 90=63.77 95=75.39 99=101.69 99.9=175.36 99.99=866.82]
2025-04-22 06:21:41 25 sec: 605336 operations; [INSERT: Count=605336 Max=202637.31 Min=4.87 Avg=37.85 10=16.43 25=22.38 50=32.62 75=46.94 90=63.45 95=75.01 99=101.25 99.9=177.41 99.99=866.82]
2025-04-22 06:21:42 26 sec: 631065 operations; [INSERT: Count=631065 Max=202637.31 Min=4.87 Avg=37.75 10=16.43 25=22.37 50=32.58 75=46.88 90=63.26 95=74.75 99=100.80 99.9=173.57 99.99=864.25]
2025-04-22 06:21:43 27 sec: 655836 operations; [INSERT: Count=655836 Max=202637.31 Min=4.87 Avg=37.73 10=16.45 25=22.38 50=32.61 75=46.91 90=63.23 95=74.69 99=100.48 99.9=171.01 99.99=823.29]
2025-04-22 06:21:44 28 sec: 678630 operations; [INSERT: Count=678630 Max=202637.31 Min=4.87 Avg=37.82 10=16.50 25=22.46 50=32.70 75=47.04 90=63.42 95=74.88 99=100.67 99.9=170.88 99.99=820.74]
2025-04-22 06:21:45 29 sec: 701896 operations; [INSERT: Count=701896 Max=202637.31 Min=4.87 Avg=37.88 10=16.53 25=22.51 50=32.80 75=47.17 90=63.58 95=75.07 99=100.67 99.9=170.24 99.99=820.74]
2025-04-22 06:21:46 30 sec: 755778 operations; [INSERT: Count=755778 Max=202637.31 Min=4.87 Avg=36.27 10=14.43 25=20.75 50=31.30 75=45.82 90=62.40 95=73.98 99=99.65 99.9=166.78 99.99=823.29]
2025-04-22 06:21:47 31 sec: 826827 operations; [INSERT: Count=826827 Max=202637.31 Min=4.73 Avg=34.08 10=11.38 25=18.06 50=29.18 75=44.09 90=60.90 95=72.51 99=98.17 99.9=157.69 99.99=804.35]
2025-04-22 06:21:48 32 sec: 894581 operations; [INSERT: Count=894581 Max=202637.31 Min=4.73 Avg=32.37 10=10.02 25=15.86 50=27.26 75=42.53 90=59.52 95=71.23 99=96.96 99.9=153.09 99.99=756.74]
2025-04-22 06:21:49 33 sec: 946665 operations; [INSERT: Count=946665 Max=202637.31 Min=4.25 Avg=31.45 10=9.58 25=14.90 50=26.09 75=41.50 90=58.62 95=70.40 99=96.25 99.9=153.09 99.99=755.20]
2025-04-22 06:21:50 34 sec: 988046 operations; [INSERT: Count=988046 Max=202637.31 Min=4.25 Avg=31.01 10=9.59 25=14.67 50=25.50 75=40.83 90=57.98 95=69.82 99=95.81 99.9=154.62 99.99=755.20]
2025-04-22 06:21:50 34 sec: 1000000 operations; [INSERT: Count=1000000 Max=202637.31 Min=4.25 Avg=30.81 10=9.50 25=14.46 50=25.23 75=40.58 90=57.79 95=69.63 99=95.68 99.9=155.39 99.99=811.52]
Load runtime(sec): 34.5604
Load operations(ops): 1000000
Load throughput(ops/sec): 28934.9
