Running scope as unit: run-r1a21caeda66e41e49c70bd191278a0a8.scope
load file:/home/user/DataFiles/silesia_data/silesia.tar
2025-04-22 06:21:16 0 sec: 0 operations;
2025-04-22 06:21:17 1 sec: 35097 operations; [INSERT: Count=35097 Max=7446.53 Min=5.10 Avg=22.58 10=11.37 25=14.53 50=20.02 75=27.92 90=36.38 95=41.85 99=52.45 99.9=76.03 99.99=252.67]
2025-04-22 06:21:18 2 sec: 74584 operations; [INSERT: Count=74584 Max=7446.53 Min=5.10 Avg=22.33 10=11.46 25=14.53 50=19.90 75=27.76 90=35.87 95=41.18 99=51.74 99.9=72.58 99.99=252.67]
2025-04-22 06:21:19 3 sec: 116023 operations; [INSERT: Count=116023 Max=7446.53 Min=5.10 Avg=21.81 10=11.35 25=14.30 50=19.49 75=27.07 90=34.98 95=40.09 99=50.62 99.9=72.77 99.99=251.39]
2025-04-22 06:21:20 4 sec: 159684 operations; [INSERT: Count=159684 Max=7446.53 Min=5.10 Avg=21.22 10=11.19 25=14.00 50=18.96 75=26.25 90=33.92 95=38.85 99=49.15 99.9=70.85 99.99=251.13]
2025-04-22 06:21:21 5 sec: 203719 operations; [INSERT: Count=203719 Max=7446.53 Min=5.10 Avg=20.84 10=11.11 25=13.83 50=18.61 75=25.73 90=33.15 95=37.98 99=48.22 99.9=70.78 99.99=252.16]
2025-04-22 06:21:22 6 sec: 246508 operations; [INSERT: Count=246508 Max=23445.50 Min=5.10 Avg=20.70 10=11.05 25=13.71 50=18.35 75=25.31 90=32.61 95=37.38 99=47.81 99.9=77.57 99.99=263.17]
2025-04-22 06:21:23 7 sec: 291283 operations; [INSERT: Count=291283 Max=23445.50 Min=5.10 Avg=20.45 10=11.02 25=13.62 50=18.14 75=24.98 90=32.14 95=36.86 99=47.07 99.9=77.44 99.99=261.63]
2025-04-22 06:21:24 8 sec: 337467 operations; [INSERT: Count=337467 Max=23445.50 Min=5.10 Avg=20.17 10=10.96 25=13.50 50=17.92 75=24.59 90=31.60 95=36.22 99=46.43 99.9=77.76 99.99=257.15]
2025-04-22 06:21:25 9 sec: 384001 operations; [INSERT: Count=384001 Max=23445.50 Min=5.10 Avg=19.93 10=10.90 25=13.40 50=17.73 75=24.29 90=31.17 95=35.68 99=45.89 99.9=76.48 99.99=254.59]
2025-04-22 06:21:26 10 sec: 430260 operations; [INSERT: Count=430260 Max=23445.50 Min=5.10 Avg=19.76 10=10.88 25=13.34 50=17.58 75=24.06 90=30.83 95=35.26 99=45.38 99.9=75.90 99.99=253.18]
2025-04-22 06:21:27 11 sec: 465005 operations; [INSERT: Count=465005 Max=23445.50 Min=5.10 Avg=20.18 10=10.96 25=13.46 50=17.82 75=24.46 90=31.52 95=36.32 99=47.90 99.9=85.44 99.99=260.22]
2025-04-22 06:21:28 12 sec: 492176 operations; [INSERT: Count=492176 Max=23445.50 Min=5.10 Avg=20.90 10=11.05 25=13.65 50=18.24 75=25.23 90=32.96 95=38.72 99=54.62 99.9=96.32 99.99=270.08]
2025-04-22 06:21:29 13 sec: 520270 operations; [INSERT: Count=520270 Max=23445.50 Min=5.10 Avg=21.52 10=11.14 25=13.82 50=18.64 75=25.93 90=34.34 95=41.02 99=59.01 99.9=97.73 99.99=275.97]
2025-04-22 06:21:30 14 sec: 547763 operations; [INSERT: Count=547763 Max=23445.50 Min=5.10 Avg=22.10 10=11.23 25=13.98 50=18.99 75=26.59 90=35.62 95=43.07 99=62.17 99.9=113.98 99.99=306.94]
2025-04-22 06:21:31 15 sec: 575914 operations; [INSERT: Count=575914 Max=23445.50 Min=5.10 Avg=22.59 10=11.32 25=14.13 50=19.31 75=27.14 90=36.64 95=44.58 99=64.19 99.9=127.10 99.99=371.20]
2025-04-22 06:21:32 16 sec: 605657 operations; [INSERT: Count=605657 Max=23445.50 Min=5.10 Avg=22.97 10=11.38 25=14.26 50=19.57 75=27.55 90=37.41 95=45.57 99=65.60 99.9=151.55 99.99=426.50]
2025-04-22 06:21:33 17 sec: 640726 operations; [INSERT: Count=640726 Max=23445.50 Min=5.10 Avg=23.10 10=11.40 25=14.27 50=19.57 75=27.57 90=37.41 95=45.50 99=65.86 99.9=162.81 99.99=470.01]
2025-04-22 06:21:34 18 sec: 680756 operations; [INSERT: Count=680756 Max=23445.50 Min=5.10 Avg=23.01 10=11.41 25=14.27 50=19.55 75=27.50 90=37.18 95=45.15 99=65.28 99.9=156.67 99.99=466.69]
2025-04-22 06:21:35 19 sec: 714132 operations; [INSERT: Count=714132 Max=23445.50 Min=5.10 Avg=23.19 10=11.48 25=14.38 50=19.73 75=27.77 90=37.60 95=45.53 99=65.28 99.9=148.61 99.99=450.05]
2025-04-22 06:21:36 20 sec: 746030 operations; [INSERT: Count=746030 Max=23445.50 Min=5.10 Avg=23.40 10=11.55 25=14.49 50=19.93 75=28.11 90=38.11 95=46.05 99=65.44 99.9=139.65 99.99=433.66]
2025-04-22 06:21:37 21 sec: 778672 operations; [INSERT: Count=778672 Max=23445.50 Min=5.10 Avg=23.56 10=11.61 25=14.60 50=20.11 75=28.37 90=38.46 95=46.43 99=65.60 99.9=137.34 99.99=419.58]
2025-04-22 06:21:38 22 sec: 811323 operations; [INSERT: Count=811323 Max=23445.50 Min=5.10 Avg=23.71 10=11.65 25=14.68 50=20.24 75=28.56 90=38.78 95=46.75 99=66.05 99.9=138.75 99.99=466.69]
2025-04-22 06:21:39 23 sec: 850625 operations; [INSERT: Count=850625 Max=23445.50 Min=5.10 Avg=23.64 10=11.65 25=14.65 50=20.16 75=28.43 90=38.56 95=46.56 99=66.30 99.9=142.72 99.99=508.16]
2025-04-22 06:21:40 24 sec: 891069 operations; [INSERT: Count=891069 Max=23445.50 Min=5.10 Avg=23.54 10=11.65 25=14.62 50=20.08 75=28.30 90=38.34 95=46.21 99=65.92 99.9=145.41 99.99=555.01]
2025-04-22 06:21:41 25 sec: 924822 operations; [INSERT: Count=924822 Max=23445.50 Min=5.10 Avg=23.65 10=11.67 25=14.67 50=20.16 75=28.45 90=38.53 95=46.43 99=66.17 99.9=148.48 99.99=592.89]
2025-04-22 06:21:42 26 sec: 954895 operations; [INSERT: Count=954895 Max=23445.50 Min=5.10 Avg=23.85 10=11.72 25=14.76 50=20.34 75=28.72 90=39.01 95=46.98 99=66.69 99.9=154.75 99.99=571.90]
2025-04-22 06:21:43 27 sec: 982838 operations; [INSERT: Count=982838 Max=23445.50 Min=5.10 Avg=24.09 10=11.77 25=14.86 50=20.51 75=29.02 90=39.55 95=47.68 99=67.45 99.9=167.04 99.99=559.62]
2025-04-22 06:21:44 28 sec: 1000000 operations; [INSERT: Count=1000000 Max=23445.50 Min=5.10 Avg=24.14 10=11.78 25=14.88 50=20.56 75=29.10 90=39.68 95=47.81 99=67.65 99.9=179.84 99.99=559.62]
2025-04-22 06:21:44 28 sec: 1000000 operations; [INSERT: Count=1000000 Max=23445.50 Min=5.10 Avg=24.14 10=11.78 25=14.88 50=20.56 75=29.10 90=39.68 95=47.81 99=67.65 99.9=179.84 99.99=559.62]
Load runtime(sec): 28.2037
Load operations(ops): 1000000
Load throughput(ops/sec): 35456.4
