Running scope as unit: run-r136bdc39474a402bbaf7a8bdec5eaf6a.scope
load file:/home/user/DataFiles/silesia_data/silesia.tar
2025-04-23 03:09:02 0 sec: 0 operations;
2025-04-23 03:09:03 1 sec: 0 operations;
2025-04-23 03:09:04 2 sec: 0 operations;
2025-04-23 03:09:05 3 sec: 0 operations;
2025-04-23 03:09:06 4 sec: 0 operations;
2025-04-23 03:09:07 5 sec: 0 operations;
2025-04-23 03:09:08 6 sec: 0 operations;
2025-04-23 03:09:09 7 sec: 0 operations;
2025-04-23 03:09:10 8 sec: 0 operations;
2025-04-23 03:09:11 9 sec: 15572 operations; [READ: Count=10416 Max=716.80 Min=2.52 Avg=74.53 10=29.49 25=52.00 50=55.87 75=84.03 90=139.52 95=145.92 99=166.91 99.9=198.91 99.99=404.48] [UPDATE: Count=5156 Max=2549.76 Min=6.81 Avg=12.76 10=9.99 25=10.65 50=11.89 75=13.02 90=14.52 95=15.37 99=18.21 99.9=104.25 99.99=384.51]
2025-04-23 03:09:12 10 sec: 34255 operations; [READ: Count=22945 Max=716.80 Min=2.34 Avg=73.60 10=29.39 25=52.26 50=56.29 75=83.07 90=139.13 95=145.66 99=165.63 99.9=191.49 99.99=388.86] [UPDATE: Count=11310 Max=2549.76 Min=6.35 Avg=12.52 10=10.05 25=10.73 50=11.97 75=13.09 90=14.57 95=15.41 99=18.14 99.9=104.25 99.99=384.51]
2025-04-23 03:09:13 11 sec: 52569 operations; [READ: Count=35159 Max=716.80 Min=2.14 Avg=73.81 10=29.49 25=52.41 50=56.48 75=83.01 90=139.01 95=145.79 99=168.57 99.9=384.25 99.99=552.96] [UPDATE: Count=17410 Max=6688.77 Min=6.25 Avg=12.87 10=10.08 25=10.78 50=12.02 75=13.15 90=14.65 95=15.53 99=18.38 99.9=105.22 99.99=384.51]
2025-04-23 03:09:14 12 sec: 71404 operations; [READ: Count=47754 Max=1099.78 Min=2.14 Avg=73.36 10=29.41 25=52.51 50=56.61 75=82.88 90=138.75 95=145.66 99=168.45 99.9=388.86 99.99=562.69] [UPDATE: Count=23650 Max=6688.77 Min=6.02 Avg=12.85 10=10.10 25=10.81 50=12.06 75=13.21 90=14.73 95=15.61 99=18.77 99.9=105.22 99.99=1373.18]
2025-04-23 03:09:15 13 sec: 90847 operations; [READ: Count=60757 Max=1099.78 Min=2.14 Avg=72.60 10=29.39 25=52.58 50=56.67 75=82.75 90=138.11 95=145.15 99=167.04 99.9=369.41 99.99=552.96] [UPDATE: Count=30090 Max=6688.77 Min=6.02 Avg=12.77 10=10.11 25=10.84 50=12.09 75=13.25 90=14.78 95=15.65 99=18.77 99.9=104.70 99.99=768.00]
2025-04-23 03:09:16 14 sec: 110807 operations; [READ: Count=74050 Max=1099.78 Min=2.14 Avg=71.78 10=29.30 25=52.58 50=56.67 75=82.37 90=137.34 95=144.64 99=166.40 99.9=358.40 99.99=528.89] [UPDATE: Count=36757 Max=6688.77 Min=6.02 Avg=12.71 10=10.11 25=10.86 50=12.10 75=13.28 90=14.80 95=15.66 99=18.61 99.9=103.10 99.99=384.51]
2025-04-23 03:09:17 15 sec: 130787 operations; [READ: Count=87345 Max=1099.78 Min=2.14 Avg=71.20 10=29.28 25=52.64 50=56.73 75=82.24 90=136.83 95=144.25 99=165.76 99.9=321.54 99.99=503.55] [UPDATE: Count=43442 Max=6688.77 Min=6.02 Avg=12.67 10=10.11 25=10.88 50=12.13 75=13.31 90=14.84 95=15.72 99=18.54 99.9=102.21 99.99=146.69]
2025-04-23 03:09:18 16 sec: 150430 operations; [READ: Count=100447 Max=1665.02 Min=2.13 Avg=70.85 10=29.23 25=52.64 50=56.73 75=82.11 90=136.19 95=143.87 99=166.78 99.9=384.77 99.99=562.69] [UPDATE: Count=49983 Max=6688.77 Min=6.02 Avg=12.82 10=10.12 25=10.90 50=12.16 75=13.34 90=14.88 95=15.77 99=18.61 99.9=103.10 99.99=1248.26]
2025-04-23 03:09:19 17 sec: 170937 operations; [READ: Count=114123 Max=1665.02 Min=2.13 Avg=70.26 10=29.18 25=52.67 50=56.80 75=82.05 90=135.42 95=143.36 99=165.89 99.9=371.20 99.99=558.59] [UPDATE: Count=56814 Max=6688.77 Min=6.02 Avg=12.79 10=10.11 25=10.93 50=12.18 75=13.38 90=14.91 95=15.81 99=18.67 99.9=102.91 99.99=832.51]
2025-04-23 03:09:20 18 sec: 197600 operations; [READ: Count=131886 Max=1665.02 Min=2.13 Avg=67.40 10=28.86 25=51.45 50=56.13 75=81.34 90=133.63 95=142.34 99=165.12 99.9=367.36 99.99=562.69] [UPDATE: Count=65714 Max=6688.77 Min=6.02 Avg=12.77 10=9.81 25=10.81 50=12.05 75=13.29 90=14.83 95=15.73 99=18.59 99.9=105.22 99.99=1373.18]
2025-04-23 03:09:21 19 sec: 227846 operations; [READ: Count=152026 Max=1665.02 Min=2.13 Avg=64.19 10=28.64 25=32.77 50=55.55 75=80.51 90=130.18 95=140.93 99=163.33 99.9=360.45 99.99=552.96] [UPDATE: Count=75820 Max=6688.77 Min=6.02 Avg=12.55 10=9.57 25=10.68 50=11.89 75=13.16 90=14.70 95=15.63 99=18.40 99.9=103.74 99.99=1354.75]
2025-04-23 03:09:22 20 sec: 258597 operations; [READ: Count=172468 Max=1665.02 Min=2.13 Avg=61.58 10=28.51 25=31.60 50=55.17 75=79.61 90=118.08 95=139.65 99=162.18 99.9=349.69 99.99=551.93] [UPDATE: Count=86129 Max=6688.77 Min=6.02 Avg=12.41 10=9.46 25=10.56 50=11.75 75=13.06 90=14.59 95=15.54 99=18.29 99.9=104.25 99.99=1354.75]
2025-04-23 03:09:23 21 sec: 289389 operations; [READ: Count=193053 Max=1782.78 Min=2.13 Avg=59.49 10=28.40 25=31.14 50=54.85 75=78.66 90=111.94 95=138.37 99=160.90 99.9=353.28 99.99=962.05] [UPDATE: Count=96336 Max=6688.77 Min=6.02 Avg=12.33 10=9.41 25=10.46 50=11.66 75=13.00 90=14.53 95=15.49 99=18.25 99.9=104.83 99.99=1354.75]
2025-04-23 03:09:24 22 sec: 321331 operations; [READ: Count=214334 Max=1782.78 Min=2.13 Avg=57.59 10=28.27 25=30.89 50=54.59 75=77.25 90=107.65 95=137.09 99=159.62 99.9=336.13 99.99=724.48] [UPDATE: Count=106997 Max=6688.77 Min=6.02 Avg=12.23 10=9.38 25=10.38 50=11.58 75=12.94 90=14.46 95=15.43 99=18.19 99.9=104.25 99.99=1248.26]
2025-04-23 03:09:25 23 sec: 353933 operations; [READ: Count=236060 Max=1782.78 Min=1.99 Avg=55.93 10=28.14 25=30.72 50=54.34 75=64.22 90=103.68 95=135.81 99=158.08 99.9=322.05 99.99=687.10] [UPDATE: Count=117873 Max=6688.77 Min=6.02 Avg=12.14 10=9.34 25=10.30 50=11.52 75=12.88 90=14.41 95=15.39 99=18.14 99.9=103.17 99.99=1140.73]
2025-04-23 03:09:26 24 sec: 387067 operations; [READ: Count=258093 Max=1782.78 Min=1.99 Avg=54.46 10=27.98 25=30.59 50=54.08 75=60.41 90=97.79 95=134.40 99=156.67 99.9=308.22 99.99=668.16] [UPDATE: Count=128974 Max=6688.77 Min=6.02 Avg=12.08 10=9.31 25=10.23 50=11.47 75=12.84 90=14.36 95=15.36 99=18.11 99.9=103.17 99.99=1064.96]
2025-04-23 03:09:27 25 sec: 420587 operations; [READ: Count=280411 Max=1782.78 Min=1.99 Avg=53.17 10=27.76 25=30.50 50=53.79 75=59.33 90=85.69 95=133.12 99=155.01 99.9=293.12 99.99=663.55] [UPDATE: Count=140176 Max=6688.77 Min=6.02 Avg=12.02 10=9.29 25=10.17 50=11.43 75=12.79 90=14.32 95=15.32 99=18.08 99.9=102.21 99.99=1043.45]
2025-04-23 03:09:28 26 sec: 454389 operations; [READ: Count=302905 Max=1782.78 Min=1.99 Avg=52.03 10=27.47 25=30.41 50=53.53 75=58.75 90=83.84 95=131.33 99=153.09 99.9=269.31 99.99=663.55] [UPDATE: Count=151484 Max=6688.77 Min=6.02 Avg=11.96 10=9.27 25=10.12 50=11.40 75=12.75 90=14.28 95=15.29 99=18.06 99.9=101.63 99.99=832.51]
2025-04-23 03:09:29 27 sec: 488550 operations; [READ: Count=325702 Max=1782.78 Min=1.99 Avg=51.01 10=26.93 25=30.35 50=53.25 75=58.43 90=82.94 95=125.06 99=150.91 99.9=253.06 99.99=622.08] [UPDATE: Count=162848 Max=6688.77 Min=6.02 Avg=11.91 10=9.25 25=10.07 50=11.37 75=12.72 90=14.25 95=15.26 99=18.05 99.9=101.50 99.99=768.00]
2025-04-23 03:09:30 28 sec: 523069 operations; [READ: Count=348728 Max=1782.78 Min=1.99 Avg=50.08 10=10.85 25=30.29 50=52.90 75=58.14 90=82.30 95=119.68 99=149.50 99.9=243.97 99.99=610.82] [UPDATE: Count=174341 Max=6688.77 Min=6.02 Avg=11.87 10=9.22 25=10.04 50=11.35 75=12.69 90=14.22 95=15.24 99=18.00 99.9=100.03 99.99=697.86]
2025-04-23 03:09:31 29 sec: 557623 operations; [READ: Count=371816 Max=1782.78 Min=1.99 Avg=49.25 10=8.64 25=30.24 50=52.48 75=57.95 90=81.73 95=116.16 99=148.74 99.9=233.60 99.99=593.92] [UPDATE: Count=185807 Max=6688.77 Min=6.02 Avg=11.83 10=9.21 25=10.02 50=11.33 75=12.66 90=14.20 95=15.21 99=17.97 99.9=99.45 99.99=397.06]
2025-04-23 03:09:32 30 sec: 592663 operations; [READ: Count=395246 Max=1782.78 Min=1.99 Avg=48.48 10=7.59 25=30.18 50=51.84 75=57.79 90=81.34 95=112.70 99=147.84 99.9=218.37 99.99=562.69] [UPDATE: Count=197417 Max=6688.77 Min=6.02 Avg=11.80 10=9.19 25=9.99 50=11.31 75=12.64 90=14.18 95=15.18 99=17.93 99.9=97.34 99.99=384.51]
2025-04-23 03:09:33 31 sec: 627838 operations; [READ: Count=418668 Max=1782.78 Min=1.91 Avg=47.79 10=6.98 25=30.13 50=49.63 75=57.66 90=80.96 95=110.21 99=147.20 99.9=208.38 99.99=558.59] [UPDATE: Count=209170 Max=6688.77 Min=6.02 Avg=11.77 10=9.17 25=9.97 50=11.29 75=12.62 90=14.17 95=15.17 99=17.90 99.9=96.06 99.99=397.06]
2025-04-23 03:09:34 32 sec: 663551 operations; [READ: Count=442442 Max=1782.78 Min=1.91 Avg=47.14 10=6.54 25=30.08 50=36.45 75=57.57 90=80.58 95=107.07 99=146.69 99.9=200.57 99.99=551.93] [UPDATE: Count=221109 Max=6688.77 Min=6.02 Avg=11.74 10=9.14 25=9.94 50=11.28 75=12.59 90=14.14 95=15.14 99=17.87 99.9=94.78 99.99=384.51]
2025-04-23 03:09:35 33 sec: 699271 operations; [READ: Count=466322 Max=1782.78 Min=1.91 Avg=46.54 10=6.21 25=30.03 50=35.13 75=57.47 90=80.25 95=104.51 99=146.05 99.9=195.97 99.99=528.89] [UPDATE: Count=232949 Max=6688.77 Min=6.02 Avg=11.71 10=9.12 25=9.93 50=11.26 75=12.57 90=14.13 95=15.13 99=17.86 99.9=93.89 99.99=384.51]
2025-04-23 03:09:36 34 sec: 735366 operations; [READ: Count=490463 Max=1782.78 Min=1.91 Avg=45.96 10=5.96 25=29.98 50=34.46 75=57.38 90=79.94 95=102.72 99=145.53 99.9=192.25 99.99=522.24] [UPDATE: Count=244903 Max=6688.77 Min=6.02 Avg=11.70 10=9.10 25=9.91 50=11.25 75=12.55 90=14.13 95=15.13 99=17.89 99.9=94.91 99.99=384.51]
2025-04-23 03:09:37 35 sec: 779882 operations; [READ: Count=520205 Max=1782.78 Min=1.91 Avg=44.90 10=5.70 25=29.86 50=33.31 75=57.15 90=79.49 95=97.34 99=145.02 99.9=189.69 99.99=508.93] [UPDATE: Count=259677 Max=6688.77 Min=6.02 Avg=11.65 10=9.03 25=9.84 50=11.18 75=12.49 90=14.06 95=15.08 99=17.95 99.9=98.50 99.99=291.33]
2025-04-23 03:09:38 36 sec: 829222 operations; [READ: Count=553040 Max=1782.78 Min=1.91 Avg=43.68 10=5.44 25=29.73 50=32.61 75=56.86 90=78.91 95=86.78 99=144.38 99.9=186.24 99.99=503.55] [UPDATE: Count=276182 Max=6688.77 Min=6.02 Avg=11.58 10=8.96 25=9.76 50=11.10 75=12.41 90=13.99 95=15.02 99=17.98 99.9=101.31 99.99=259.84]
2025-04-23 03:09:39 37 sec: 877544 operations; [READ: Count=585304 Max=1782.78 Min=1.91 Avg=42.64 10=5.26 25=29.61 50=32.22 75=56.58 90=78.40 95=85.18 99=143.87 99.9=184.83 99.99=478.21] [UPDATE: Count=292240 Max=6688.77 Min=6.02 Avg=11.53 10=8.89 25=9.70 50=11.03 75=12.35 90=13.93 95=14.97 99=18.03 99.9=104.64 99.99=259.84]
2025-04-23 03:09:40 38 sec: 924484 operations; [READ: Count=616605 Max=1782.78 Min=1.91 Avg=41.78 10=5.13 25=29.54 50=32.00 75=56.35 90=77.82 95=84.54 99=143.36 99.9=183.68 99.99=470.53] [UPDATE: Count=307879 Max=6688.77 Min=6.02 Avg=11.49 10=8.82 25=9.65 50=10.95 75=12.29 90=13.86 95=14.90 99=18.02 99.9=107.84 99.99=223.74]
2025-04-23 03:09:41 39 sec: 970807 operations; [READ: Count=647497 Max=1782.78 Min=1.91 Avg=41.03 10=5.03 25=29.45 50=31.82 75=56.13 90=77.31 95=84.16 99=142.97 99.9=182.53 99.99=462.08] [UPDATE: Count=323310 Max=6688.77 Min=6.02 Avg=11.46 10=8.74 25=9.62 50=10.88 75=12.25 90=13.80 95=14.86 99=18.00 99.9=111.87 99.99=224.00]
2025-04-23 03:09:42 40 sec: 1016118 operations; [READ: Count=677711 Max=1782.78 Min=1.91 Avg=40.40 10=4.94 25=29.38 50=31.70 75=55.94 90=76.80 95=84.03 99=142.59 99.9=183.68 99.99=453.89] [UPDATE: Count=338407 Max=6688.77 Min=6.02 Avg=11.42 10=8.65 25=9.59 50=10.81 75=12.21 90=13.75 95=14.80 99=17.97 99.9=114.24 99.99=221.06]
2025-04-23 03:09:43 41 sec: 1061397 operations; [READ: Count=707833 Max=1782.78 Min=1.91 Avg=39.83 10=4.87 25=29.31 50=31.58 75=55.74 90=76.29 95=83.97 99=142.21 99.9=183.94 99.99=449.54] [UPDATE: Count=353564 Max=6688.77 Min=6.02 Avg=11.40 10=8.56 25=9.57 50=10.76 75=12.18 90=13.70 95=14.76 99=17.95 99.9=117.25 99.99=223.74]
2025-04-23 03:09:44 42 sec: 1104863 operations; [READ: Count=736766 Max=1782.78 Min=1.91 Avg=39.37 10=4.82 25=29.25 50=31.50 75=55.58 90=75.78 95=83.97 99=141.95 99.9=191.49 99.99=456.70] [UPDATE: Count=368097 Max=6688.77 Min=6.02 Avg=11.38 10=8.49 25=9.56 50=10.70 75=12.14 90=13.66 95=14.72 99=17.95 99.9=122.11 99.99=227.07]
2025-04-23 03:09:45 43 sec: 1149295 operations; [READ: Count=766491 Max=1782.78 Min=1.91 Avg=38.91 10=4.77 25=29.17 50=31.44 75=55.39 90=75.26 95=84.03 99=141.57 99.9=192.90 99.99=450.81] [UPDATE: Count=382804 Max=6688.77 Min=6.01 Avg=11.36 10=8.41 25=9.54 50=10.64 75=12.12 90=13.62 95=14.67 99=17.93 99.9=124.67 99.99=226.94]
2025-04-23 03:09:46 44 sec: 1193646 operations; [READ: Count=795981 Max=1782.78 Min=1.91 Avg=38.49 10=4.73 25=29.10 50=31.38 75=55.20 90=74.75 95=84.03 99=141.31 99.9=193.79 99.99=447.74] [UPDATE: Count=397665 Max=6688.77 Min=6.01 Avg=11.33 10=8.34 25=9.52 50=10.59 75=12.09 90=13.58 95=14.63 99=17.92 99.9=130.18 99.99=226.94]
2025-04-23 03:09:47 45 sec: 1238573 operations; [READ: Count=826016 Max=1782.78 Min=1.91 Avg=38.08 10=4.69 25=29.02 50=31.31 75=55.01 90=73.73 95=84.09 99=140.93 99.9=196.48 99.99=440.57] [UPDATE: Count=412557 Max=6688.77 Min=6.01 Avg=11.31 10=8.27 25=9.50 50=10.54 75=12.05 90=13.54 95=14.59 99=17.89 99.9=136.83 99.99=230.01]
2025-04-23 03:09:48 46 sec: 1283430 operations; [READ: Count=855879 Max=1782.78 Min=1.91 Avg=37.70 10=4.66 25=28.93 50=31.26 75=54.81 90=71.74 95=84.16 99=140.67 99.9=197.50 99.99=433.66] [UPDATE: Count=427551 Max=6688.77 Min=6.01 Avg=11.30 10=8.21 25=9.49 50=10.49 75=12.03 90=13.50 95=14.56 99=17.87 99.9=148.86 99.99=234.24]
2025-04-23 03:09:49 47 sec: 1327029 operations; [READ: Count=884986 Max=1782.78 Min=1.91 Avg=37.37 10=4.62 25=28.85 50=31.21 75=54.62 90=69.25 95=84.29 99=140.41 99.9=208.25 99.99=437.25] [UPDATE: Count=442043 Max=6688.77 Min=6.01 Avg=11.30 10=8.18 25=9.47 50=10.46 75=12.02 90=13.49 95=14.54 99=17.92 99.9=161.92 99.99=235.52]
2025-04-23 03:09:50 48 sec: 1370573 operations; [READ: Count=913955 Max=1782.78 Min=1.91 Avg=37.06 10=4.62 25=28.75 50=31.20 75=54.43 90=68.61 95=84.42 99=140.16 99.9=208.64 99.99=433.41] [UPDATE: Count=456618 Max=6688.77 Min=6.01 Avg=11.33 10=8.16 25=9.46 50=10.45 75=12.01 90=13.48 95=14.54 99=17.97 99.9=169.98 99.99=241.53]
2025-04-23 03:09:51 49 sec: 1410185 operations; [READ: Count=940426 Max=1782.78 Min=1.87 Avg=36.87 10=4.65 25=28.67 50=31.21 75=54.24 90=71.74 95=84.86 99=139.90 99.9=212.74 99.99=432.38] [UPDATE: Count=469759 Max=6688.77 Min=5.85 Avg=11.38 10=8.16 25=9.47 50=10.46 75=12.03 90=13.52 95=14.59 99=18.16 99.9=173.06 99.99=241.53]
2025-04-23 03:09:52 50 sec: 1450143 operations; [READ: Count=967049 Max=1782.78 Min=1.87 Avg=36.69 10=4.67 25=28.56 50=31.23 75=54.02 90=71.74 95=85.25 99=139.78 99.9=225.28 99.99=433.41] [UPDATE: Count=483094 Max=6688.77 Min=5.85 Avg=11.41 10=8.15 25=9.47 50=10.46 75=12.04 90=13.54 95=14.61 99=18.27 99.9=176.13 99.99=246.78]
2025-04-23 03:09:53 51 sec: 1491180 operations; [READ: Count=994368 Max=1782.78 Min=1.87 Avg=36.49 10=4.70 25=28.43 50=31.25 75=53.76 90=68.35 95=85.50 99=139.65 99.9=239.10 99.99=433.66] [UPDATE: Count=496812 Max=6688.77 Min=5.85 Avg=11.44 10=8.13 25=9.47 50=10.46 75=12.04 90=13.54 95=14.62 99=18.38 99.9=178.94 99.99=249.60]
2025-04-23 03:09:54 51 sec: 1499577 operations; [READ: Count=1000000 Max=1782.78 Min=1.87 Avg=36.45 10=4.70 25=28.40 50=31.25 75=53.66 90=67.65 95=85.57 99=139.52 99.9=240.90 99.99=433.41] [UPDATE: Count=499577 Max=6688.77 Min=5.85 Avg=11.45 10=8.13 25=9.47 50=10.46 75=12.04 90=13.54 95=14.61 99=18.40 99.9=179.71 99.99=249.60]
Run runtime(sec): 51.8961
Run operations(ops): 1000000
Run throughput(ops/sec): 19269.3
