Running scope as unit: run-rf9b8e8881cce4faeb64058ee0500bfe7.scope
load file:/home/user/DataFiles/silesia_data/silesia.tar
2025-04-22 18:33:01 0 sec: 0 operations;
2025-04-22 18:33:02 1 sec: 0 operations;
2025-04-22 18:33:03 2 sec: 0 operations;
2025-04-22 18:33:04 3 sec: 0 operations;
2025-04-22 18:33:05 4 sec: 0 operations;
2025-04-22 18:33:06 5 sec: 0 operations;
2025-04-22 18:33:07 6 sec: 0 operations;
2025-04-22 18:33:08 7 sec: 0 operations;
2025-04-22 18:33:09 8 sec: 0 operations;
2025-04-22 18:33:10 9 sec: 9874 operations; [READ: Count=4869 Max=1846.27 Min=2.73 Avg=67.96 10=24.57 25=39.36 50=46.85 75=115.07 90=127.61 95=134.40 99=148.61 99.9=166.14 99.99=1846.27] [UPDATE: Count=5005 Max=544.77 Min=8.66 Avg=74.58 10=31.97 25=45.92 50=54.08 75=121.98 90=134.40 95=140.93 99=156.29 99.9=192.25 99.99=402.18]
2025-04-22 18:33:11 10 sec: 23999 operations; [READ: Count=11879 Max=1846.27 Min=2.64 Avg=66.82 10=24.83 25=39.68 50=47.33 75=112.58 90=127.49 95=134.53 99=149.12 99.9=301.57 99.99=552.45] [UPDATE: Count=12120 Max=544.77 Min=7.24 Avg=74.06 10=32.14 25=46.40 50=54.85 75=120.32 90=135.04 95=141.95 99=156.93 99.9=256.00 99.99=402.18]
2025-04-22 18:33:12 11 sec: 35691 operations; [READ: Count=17666 Max=1846.27 Min=2.64 Avg=71.01 10=24.91 25=39.87 50=47.55 75=111.68 90=128.64 95=137.47 99=334.59 99.9=816.64 99.99=1047.55] [UPDATE: Count=18025 Max=6787.07 Min=7.24 Avg=79.13 10=32.19 25=46.34 50=55.04 75=118.85 90=136.45 95=145.41 99=324.61 99.9=798.72 99.99=5844.99]
2025-04-22 18:33:13 12 sec: 50586 operations; [READ: Count=25101 Max=1846.27 Min=2.64 Avg=68.63 10=24.94 25=39.90 50=47.65 75=106.56 90=127.74 95=135.81 99=203.65 99.9=761.34 99.99=979.97] [UPDATE: Count=25485 Max=6787.07 Min=7.22 Avg=76.31 10=32.03 25=46.43 50=55.20 75=113.02 90=135.17 95=143.23 99=215.42 99.9=745.47 99.99=4960.26]
2025-04-22 18:33:14 13 sec: 65050 operations; [READ: Count=32402 Max=1846.27 Min=2.64 Avg=67.68 10=24.91 25=39.87 50=47.68 75=94.21 90=127.42 95=135.81 99=235.13 99.9=758.27 99.99=1047.55] [UPDATE: Count=32648 Max=6787.07 Min=7.22 Avg=75.39 10=31.95 25=46.40 50=55.36 75=102.72 90=134.91 95=143.36 99=217.09 99.9=709.12 99.99=4960.26]
2025-04-22 18:33:15 14 sec: 79274 operations; [READ: Count=39447 Max=1846.27 Min=2.54 Avg=67.17 10=24.78 25=39.74 50=47.74 75=82.56 90=127.17 95=135.81 99=271.87 99.9=762.37 99.99=1195.01] [UPDATE: Count=39827 Max=6787.07 Min=7.22 Avg=75.12 10=31.77 25=46.21 50=55.20 75=90.05 90=134.66 95=143.87 99=258.69 99.9=798.72 99.99=4538.37]
2025-04-22 18:33:16 15 sec: 99561 operations; [READ: Count=49599 Max=1846.27 Min=2.54 Avg=62.53 10=23.71 25=30.35 50=45.92 75=70.91 90=124.67 95=133.63 99=231.42 99.9=737.79 99.99=1178.62] [UPDATE: Count=49962 Max=6787.07 Min=7.22 Avg=70.51 10=30.21 25=38.34 50=52.99 75=78.91 90=132.22 95=141.69 99=238.85 99.9=760.32 99.99=3588.09]
2025-04-22 18:33:17 16 sec: 119050 operations; [READ: Count=59440 Max=1846.27 Min=2.30 Avg=59.89 10=23.34 25=28.05 50=44.83 75=66.88 90=122.62 95=132.09 99=245.25 99.9=775.68 99.99=1250.30] [UPDATE: Count=59610 Max=6787.07 Min=7.22 Avg=67.89 10=29.73 25=35.45 50=51.81 75=74.30 90=130.05 95=139.90 99=254.34 99.9=852.99 99.99=3563.52]
2025-04-22 18:33:18 17 sec: 141381 operations; [READ: Count=70609 Max=1846.27 Min=2.30 Avg=56.70 10=23.10 25=27.14 50=43.94 75=63.65 90=120.00 95=130.11 99=203.65 99.9=761.34 99.99=1283.07] [UPDATE: Count=70772 Max=6787.07 Min=7.22 Avg=64.77 10=29.44 25=34.37 50=50.78 75=70.85 90=127.42 95=137.98 99=219.13 99.9=850.43 99.99=2596.86]
2025-04-22 18:33:19 18 sec: 165031 operations; [READ: Count=82367 Max=1846.27 Min=2.30 Avg=54.00 10=22.91 25=26.73 50=43.23 75=60.22 90=116.99 95=128.19 99=169.60 99.9=737.79 99.99=1281.02] [UPDATE: Count=82664 Max=6787.07 Min=7.22 Avg=61.92 10=29.20 25=33.76 50=49.98 75=67.26 90=124.42 95=136.06 99=191.36 99.9=778.75 99.99=2562.05]
2025-04-22 18:33:20 19 sec: 189466 operations; [READ: Count=94441 Max=1846.27 Min=2.30 Avg=51.74 10=22.70 25=26.48 50=42.53 75=54.72 90=113.53 95=126.46 99=161.02 99.9=699.39 99.99=1250.30] [UPDATE: Count=95025 Max=6787.07 Min=7.22 Avg=59.56 10=28.93 25=33.44 50=49.22 75=62.78 90=121.09 95=134.27 99=176.90 99.9=731.65 99.99=2396.16]
2025-04-22 18:33:21 20 sec: 214564 operations; [READ: Count=106815 Max=1846.27 Min=2.26 Avg=49.80 10=22.50 25=26.30 50=41.76 75=52.19 90=109.50 95=124.86 99=155.01 99.9=665.60 99.99=1195.01] [UPDATE: Count=107749 Max=6787.07 Min=7.22 Avg=57.58 10=28.67 25=33.18 50=48.45 75=60.06 90=117.18 95=132.61 99=168.57 99.9=693.25 99.99=2359.30]
2025-04-22 18:33:22 21 sec: 240725 operations; [READ: Count=119965 Max=1846.27 Min=2.26 Avg=48.02 10=22.16 25=26.06 50=40.77 75=50.75 90=105.22 95=123.26 99=150.91 99.9=643.07 99.99=1246.21] [UPDATE: Count=120760 Max=6787.07 Min=7.22 Avg=55.82 10=28.29 25=32.86 50=47.52 75=58.49 90=112.70 95=130.94 99=163.07 99.9=681.47 99.99=2359.30]
2025-04-22 18:33:23 22 sec: 267564 operations; [READ: Count=133402 Max=2121.73 Min=2.24 Avg=46.49 10=21.73 25=25.77 50=39.62 75=49.73 90=100.09 95=121.66 99=147.71 99.9=637.44 99.99=1320.96] [UPDATE: Count=134162 Max=8040.45 Min=7.22 Avg=54.24 10=27.81 25=32.54 50=46.34 75=57.34 90=107.58 95=129.34 99=159.49 99.9=666.11 99.99=2359.30]
2025-04-22 18:33:24 23 sec: 295661 operations; [READ: Count=147520 Max=2121.73 Min=2.24 Avg=45.02 10=21.15 25=25.55 50=37.47 75=48.99 90=80.13 95=119.87 99=145.28 99.9=618.50 99.99=1309.69] [UPDATE: Count=148141 Max=8040.45 Min=7.22 Avg=52.75 10=27.21 25=32.24 50=44.77 75=56.48 90=89.60 95=127.49 99=156.29 99.9=641.53 99.99=2230.27]
2025-04-22 18:33:25 24 sec: 324025 operations; [READ: Count=161791 Max=2121.73 Min=2.24 Avg=43.79 10=20.32 25=25.38 50=34.08 75=48.41 90=70.27 95=118.02 99=143.36 99.9=582.65 99.99=1283.07] [UPDATE: Count=162234 Max=8040.45 Min=7.22 Avg=51.45 10=26.38 25=32.02 50=42.75 75=55.87 90=78.78 95=125.82 99=154.11 99.9=608.77 99.99=2164.74]
2025-04-22 18:33:26 25 sec: 352980 operations; [READ: Count=176273 Max=2121.73 Min=2.24 Avg=42.67 10=14.29 25=25.17 50=32.43 75=47.94 90=67.33 95=115.97 99=141.31 99.9=545.79 99.99=1250.30] [UPDATE: Count=176707 Max=8040.45 Min=7.22 Avg=50.29 10=23.58 25=31.77 50=40.99 75=55.26 90=75.33 95=123.84 99=152.19 99.9=583.68 99.99=1790.97]
2025-04-22 18:33:27 26 sec: 386541 operations; [READ: Count=193122 Max=2121.73 Min=2.24 Avg=41.13 10=10.91 25=24.75 50=30.27 75=47.26 90=65.12 95=113.28 99=139.65 99.9=530.43 99.99=1246.21] [UPDATE: Count=193419 Max=8040.45 Min=6.88 Avg=48.80 10=19.23 25=31.23 50=38.27 75=54.49 90=72.89 95=121.53 99=150.91 99.9=586.24 99.99=1790.97]
2025-04-22 18:33:28 27 sec: 423808 operations; [READ: Count=211872 Max=2148.35 Min=2.04 Avg=39.47 10=9.12 25=24.22 50=28.64 75=46.43 90=63.30 95=110.21 99=138.37 99.9=525.82 99.99=1309.69] [UPDATE: Count=211936 Max=8040.45 Min=6.88 Avg=47.13 10=17.14 25=30.61 50=36.29 75=53.60 90=70.91 95=118.91 99=149.38 99.9=564.22 99.99=1754.11]
2025-04-22 18:33:29 28 sec: 461126 operations; [READ: Count=230532 Max=2148.35 Min=2.04 Avg=38.08 10=8.10 25=23.87 50=27.76 75=45.76 90=61.79 95=107.07 99=136.96 99.9=501.76 99.99=1281.02] [UPDATE: Count=230594 Max=8040.45 Min=6.88 Avg=45.72 10=15.91 25=30.21 50=35.17 75=52.83 90=69.50 95=115.84 99=147.71 99.9=540.67 99.99=1694.72]
2025-04-22 18:33:30 29 sec: 497417 operations; [READ: Count=248655 Max=2148.35 Min=2.04 Avg=36.99 10=7.49 25=23.63 50=27.21 75=45.12 90=60.58 95=103.81 99=135.68 99.9=480.25 99.99=1250.30] [UPDATE: Count=248762 Max=8040.45 Min=6.88 Avg=44.60 10=15.10 25=29.90 50=34.46 75=52.16 90=68.42 95=112.77 99=146.56 99.9=517.12 99.99=1632.26]
2025-04-22 18:33:31 30 sec: 533083 operations; [READ: Count=266472 Max=2148.35 Min=2.04 Avg=36.10 10=7.07 25=23.42 50=26.85 75=44.61 90=59.71 95=100.42 99=134.78 99.9=464.13 99.99=1242.11] [UPDATE: Count=266611 Max=8040.45 Min=6.88 Avg=43.68 10=14.49 25=29.65 50=33.98 75=51.52 90=67.58 95=109.69 99=145.53 99.9=496.64 99.99=1607.68]
2025-04-22 18:33:32 31 sec: 568107 operations; [READ: Count=283996 Max=2148.35 Min=2.04 Avg=35.36 10=6.76 25=23.23 50=26.56 75=44.06 90=58.91 95=92.22 99=133.89 99.9=449.54 99.99=1219.58] [UPDATE: Count=284111 Max=8040.45 Min=6.88 Avg=42.92 10=14.05 25=29.44 50=33.63 75=50.94 90=67.01 95=106.11 99=144.77 99.9=475.65 99.99=1585.15]
2025-04-22 18:33:33 32 sec: 600218 operations; [READ: Count=300163 Max=2148.35 Min=2.04 Avg=34.89 10=6.56 25=23.10 50=26.37 75=43.58 90=58.30 95=87.87 99=133.89 99.9=445.18 99.99=1186.82] [UPDATE: Count=300055 Max=8040.45 Min=6.88 Avg=42.46 10=13.77 25=29.28 50=33.38 75=50.40 90=66.62 95=101.63 99=145.15 99.9=474.88 99.99=1585.15]
2025-04-22 18:33:34 33 sec: 635038 operations; [READ: Count=317728 Max=2148.35 Min=2.04 Avg=34.31 10=6.38 25=22.96 50=26.18 75=43.01 90=57.70 95=85.50 99=133.12 99.9=430.59 99.99=1178.62] [UPDATE: Count=317310 Max=8040.45 Min=6.67 Avg=41.86 10=13.50 25=29.12 50=33.15 75=49.82 90=66.24 95=95.49 99=144.51 99.9=458.50 99.99=1536.00]
2025-04-22 18:33:35 34 sec: 669823 operations; [READ: Count=335178 Max=2148.35 Min=2.04 Avg=33.79 10=6.25 25=22.82 50=26.03 75=42.40 90=57.12 95=84.29 99=132.35 99.9=409.34 99.99=1136.64] [UPDATE: Count=334645 Max=8040.45 Min=6.67 Avg=41.33 10=13.28 25=28.94 50=32.96 75=49.22 90=65.92 95=93.31 99=143.74 99.9=443.39 99.99=1528.83]
2025-04-22 18:33:36 35 sec: 704802 operations; [READ: Count=352816 Max=2148.35 Min=2.04 Avg=33.31 10=6.14 25=22.67 50=25.89 75=41.70 90=56.67 95=83.65 99=131.71 99.9=401.92 99.99=1110.02] [UPDATE: Count=351986 Max=8040.45 Min=6.67 Avg=40.85 10=13.08 25=28.78 50=32.77 75=48.58 90=65.73 95=92.29 99=142.97 99.9=434.43 99.99=1509.38]
2025-04-22 18:33:37 36 sec: 739274 operations; [READ: Count=370176 Max=2148.35 Min=2.04 Avg=32.90 10=6.05 25=22.53 50=25.77 75=40.93 90=56.51 95=83.26 99=131.01 99.9=393.73 99.99=1091.58] [UPDATE: Count=369098 Max=8040.45 Min=6.67 Avg=40.44 10=12.94 25=28.62 50=32.62 75=47.84 90=65.66 95=91.65 99=142.46 99.9=420.86 99.99=1427.45]
2025-04-22 18:33:38 37 sec: 771358 operations; [READ: Count=386196 Max=2148.35 Min=2.04 Avg=32.64 10=5.99 25=22.41 50=25.71 75=40.06 90=56.73 95=83.20 99=130.75 99.9=389.63 99.99=1049.60] [UPDATE: Count=385162 Max=8040.45 Min=6.67 Avg=40.17 10=12.83 25=28.50 50=32.53 75=47.10 90=65.86 95=91.58 99=142.46 99.9=416.25 99.99=1391.62]
2025-04-22 18:33:39 38 sec: 801343 operations; [READ: Count=401315 Max=2148.35 Min=2.04 Avg=32.50 10=5.95 25=22.34 50=25.66 75=38.91 90=57.09 95=83.33 99=130.88 99.9=393.98 99.99=1073.15] [UPDATE: Count=400028 Max=8040.45 Min=6.67 Avg=40.03 10=12.75 25=28.38 50=32.48 75=46.27 90=66.05 95=91.65 99=142.85 99.9=418.30 99.99=1391.62]
2025-04-22 18:33:40 39 sec: 832911 operations; [READ: Count=417082 Max=2148.35 Min=2.04 Avg=32.29 10=5.93 25=22.22 50=25.63 75=36.29 90=57.31 95=83.33 99=130.69 99.9=389.63 99.99=1049.60] [UPDATE: Count=415829 Max=8040.45 Min=6.67 Avg=39.83 10=12.70 25=28.25 50=32.43 75=45.12 90=66.30 95=91.71 99=142.72 99.9=414.46 99.99=1366.02]
2025-04-22 18:33:41 40 sec: 865129 operations; [READ: Count=433143 Max=2148.35 Min=2.04 Avg=32.08 10=5.90 25=22.09 50=25.58 75=33.57 90=57.34 95=83.33 99=130.69 99.9=388.86 99.99=1048.58] [UPDATE: Count=431986 Max=8040.45 Min=6.67 Avg=39.60 10=12.64 25=28.11 50=32.37 75=43.39 90=66.37 95=91.65 99=142.72 99.9=412.42 99.99=1363.97]
2025-04-22 18:33:42 41 sec: 898378 operations; [READ: Count=449685 Max=2148.35 Min=2.04 Avg=31.81 10=5.86 25=21.93 50=25.50 75=32.30 90=57.22 95=83.26 99=130.43 99.9=384.00 99.99=1047.04] [UPDATE: Count=448693 Max=8040.45 Min=6.67 Avg=39.38 10=12.57 25=27.92 50=32.29 75=41.76 90=66.62 95=91.65 99=142.72 99.9=405.76 99.99=1323.01]
2025-04-22 18:33:43 42 sec: 933727 operations; [READ: Count=467408 Max=2148.35 Min=2.04 Avg=31.50 10=5.83 25=21.74 50=25.42 75=31.44 90=56.70 95=83.01 99=130.11 99.9=380.42 99.99=1018.88] [UPDATE: Count=466319 Max=8040.45 Min=6.50 Avg=39.09 10=12.50 25=27.71 50=32.19 75=40.45 90=66.50 95=91.45 99=142.34 99.9=399.87 99.99=1307.65]
2025-04-22 18:33:44 43 sec: 968590 operations; [READ: Count=484668 Max=2148.35 Min=2.02 Avg=31.24 10=5.82 25=21.52 50=25.31 75=30.88 90=56.48 95=82.88 99=129.98 99.9=378.37 99.99=1018.88] [UPDATE: Count=483922 Max=8040.45 Min=6.32 Avg=38.82 10=12.44 25=27.47 50=32.06 75=39.65 90=66.50 95=91.26 99=142.21 99.9=398.33 99.99=1287.17]
2025-04-22 18:33:45 44 sec: 995903 operations; [READ: Count=498233 Max=2148.35 Min=2.02 Avg=31.27 10=5.84 25=21.41 50=25.31 75=31.25 90=57.22 95=83.33 99=129.60 99.9=375.55 99.99=994.82] [UPDATE: Count=497670 Max=8040.45 Min=6.25 Avg=38.83 10=12.45 25=27.34 50=32.06 75=40.03 90=67.01 95=91.71 99=141.95 99.9=392.96 99.99=1278.97]
2025-04-22 18:33:45 44 sec: 1000000 operations; [READ: Count=500255 Max=2148.35 Min=1.97 Avg=31.28 10=5.84 25=21.39 50=25.31 75=31.36 90=57.31 95=83.39 99=129.60 99.9=375.55 99.99=1014.27] [UPDATE: Count=499745 Max=8040.45 Min=6.25 Avg=38.83 10=12.46 25=27.33 50=32.06 75=40.00 90=67.07 95=91.78 99=141.82 99.9=391.94 99.99=1278.97]
Run runtime(sec): 44.1868
Run operations(ops): 1000000
Run throughput(ops/sec): 22631.2
