Running scope as unit: run-rcfff920550f7422b8c803cd61b867554.scope
load file:/home/user/DataFiles/silesia_data/silesia.tar
2025-04-22 19:01:57 0 sec: 0 operations;
2025-04-22 19:01:58 1 sec: 0 operations;
2025-04-22 19:01:59 2 sec: 0 operations;
2025-04-22 19:02:00 3 sec: 0 operations;
2025-04-22 19:02:01 4 sec: 0 operations;
2025-04-22 19:02:02 5 sec: 0 operations;
2025-04-22 19:02:03 6 sec: 0 operations;
2025-04-22 19:02:04 7 sec: 0 operations;
2025-04-22 19:02:05 8 sec: 0 operations;
2025-04-22 19:02:06 9 sec: 0 operations;
2025-04-22 19:02:07 10 sec: 0 operations;
2025-04-22 19:02:08 11 sec: 0 operations;
2025-04-22 19:02:09 12 sec: 0 operations;
2025-04-22 19:02:10 13 sec: 0 operations;
2025-04-22 19:02:11 14 sec: 0 operations;
2025-04-22 19:02:12 15 sec: 0 operations;
2025-04-22 19:02:13 16 sec: 0 operations;
2025-04-22 19:02:14 17 sec: 0 operations;
2025-04-22 19:02:15 18 sec: 0 operations;
2025-04-22 19:02:16 19 sec: 0 operations;
2025-04-22 19:02:17 20 sec: 0 operations;
2025-04-22 19:02:18 21 sec: 4927 operations; [READ: Count=2477 Max=1726.46 Min=3.97 Avg=145.25 10=51.01 25=74.94 50=118.97 75=190.08 90=243.97 95=301.57 99=602.62 99.9=931.84 99.99=1726.46] [UPDATE: Count=2450 Max=1136.64 Min=11.62 Avg=160.44 10=60.41 25=85.69 50=136.32 75=205.06 90=265.73 95=321.28 99=673.79 99.9=861.18 99.99=1136.64]
2025-04-22 19:02:19 22 sec: 11514 operations; [READ: Count=5786 Max=1726.46 Min=3.97 Avg=146.28 10=49.41 25=75.97 50=123.84 75=194.56 90=250.88 95=302.08 99=536.58 99.9=830.98 99.99=1126.40] [UPDATE: Count=5728 Max=1136.64 Min=10.18 Avg=156.93 10=58.94 25=86.08 50=133.63 75=205.57 90=262.65 95=311.81 99=625.15 99.9=826.37 99.99=1016.83]
2025-04-22 19:02:20 23 sec: 18113 operations; [READ: Count=9036 Max=1726.46 Min=3.88 Avg=144.28 10=47.71 25=75.97 50=121.66 75=193.15 90=247.94 95=293.63 99=542.72 99.9=881.15 99.99=1126.40] [UPDATE: Count=9077 Max=15515.65 Min=10.18 Avg=158.00 10=58.08 25=85.82 50=133.38 75=205.69 90=260.74 95=305.41 99=632.32 99.9=878.59 99.99=1183.74]
2025-04-22 19:02:21 24 sec: 25195 operations; [READ: Count=12608 Max=1726.46 Min=3.56 Avg=142.18 10=47.62 25=76.54 50=121.53 75=191.87 90=245.50 95=288.25 99=487.42 99.9=838.14 99.99=1126.40] [UPDATE: Count=12587 Max=15515.65 Min=10.18 Avg=153.91 10=56.86 25=85.69 50=132.48 75=202.37 90=255.87 95=296.45 99=560.64 99.9=861.18 99.99=1183.74]
2025-04-22 19:02:22 25 sec: 32037 operations; [READ: Count=16042 Max=1726.46 Min=3.56 Avg=141.29 10=47.13 25=76.54 50=121.15 75=191.23 90=245.25 95=286.72 99=467.45 99.9=818.17 99.99=1024.51] [UPDATE: Count=15995 Max=15515.65 Min=9.10 Avg=153.46 10=56.67 25=85.76 50=132.09 75=202.11 90=256.25 95=296.70 99=532.48 99.9=878.59 99.99=2527.23]
2025-04-22 19:02:23 26 sec: 37905 operations; [READ: Count=19056 Max=4997.12 Min=3.56 Avg=144.58 10=46.08 25=75.20 50=119.55 75=191.36 90=249.22 95=299.77 99=603.13 99.9=955.90 99.99=1336.32] [UPDATE: Count=18849 Max=15515.65 Min=9.10 Avg=157.01 10=55.84 25=84.67 50=129.34 75=201.47 90=259.84 95=311.04 99=641.02 99.9=1099.78 99.99=5693.44]
2025-04-22 19:02:24 27 sec: 45094 operations; [READ: Count=22711 Max=4997.12 Min=3.56 Avg=142.77 10=46.11 25=75.45 50=119.68 75=190.34 90=247.55 95=292.86 99=555.01 99.9=941.05 99.99=1336.32] [UPDATE: Count=22383 Max=15515.65 Min=9.10 Avg=154.74 10=55.30 25=84.61 50=129.34 75=199.94 90=257.02 95=303.87 99=608.77 99.9=1031.68 99.99=5693.44]
2025-04-22 19:02:25 28 sec: 51179 operations; [READ: Count=25713 Max=4997.12 Min=3.56 Avg=143.45 10=45.70 25=74.62 50=118.14 75=189.18 90=247.55 95=294.91 99=625.15 99.9=1060.86 99.99=1336.32] [UPDATE: Count=25466 Max=17694.72 Min=9.10 Avg=157.49 10=54.66 25=84.09 50=128.00 75=198.66 90=257.54 95=308.48 99=668.67 99.9=1221.63 99.99=12181.50]
2025-04-22 19:02:26 29 sec: 58830 operations; [READ: Count=29536 Max=4997.12 Min=3.48 Avg=140.77 10=44.90 25=73.98 50=116.73 75=186.75 90=243.84 95=288.51 99=589.82 99.9=1042.94 99.99=1336.32] [UPDATE: Count=29294 Max=17694.72 Min=9.10 Avg=154.73 10=54.59 25=83.84 50=126.97 75=196.74 90=254.21 95=300.80 99=635.39 99.9=1177.60 99.99=12181.50]
2025-04-22 19:02:27 30 sec: 66398 operations; [READ: Count=33279 Max=4997.12 Min=3.48 Avg=139.01 10=44.51 25=73.79 50=115.78 75=185.09 90=241.66 95=285.44 99=549.89 99.9=1020.93 99.99=1336.32] [UPDATE: Count=33119 Max=17694.72 Min=9.10 Avg=152.64 10=54.24 25=83.58 50=126.53 75=195.20 90=251.90 95=296.45 99=608.77 99.9=1133.57 99.99=12181.50]
2025-04-22 19:02:28 31 sec: 73409 operations; [READ: Count=36741 Max=4997.12 Min=3.48 Avg=138.52 10=43.71 25=72.89 50=114.24 75=183.42 90=241.28 95=286.98 99=589.82 99.9=1045.50 99.99=1327.10] [UPDATE: Count=36668 Max=17694.72 Min=9.10 Avg=152.28 10=53.63 25=82.62 50=124.80 75=193.66 90=251.65 95=299.26 99=640.51 99.9=1177.60 99.99=10584.06]
2025-04-22 19:02:29 32 sec: 81114 operations; [READ: Count=40576 Max=4997.12 Min=3.48 Avg=137.14 10=43.52 25=72.83 50=113.47 75=181.89 90=239.36 95=284.16 99=557.57 99.9=1025.02 99.99=1327.10] [UPDATE: Count=40538 Max=17694.72 Min=9.10 Avg=150.45 10=53.28 25=82.30 50=123.71 75=191.87 90=249.47 95=295.68 99=619.52 99.9=1175.55 99.99=10584.06]
2025-04-22 19:02:30 33 sec: 88517 operations; [READ: Count=44209 Max=4997.12 Min=2.86 Avg=135.74 10=42.46 25=71.23 50=111.10 75=179.46 90=237.31 95=283.13 99=593.41 99.9=1060.86 99.99=1416.19] [UPDATE: Count=44308 Max=27394.05 Min=9.10 Avg=150.18 10=51.90 25=80.45 50=121.41 75=189.57 90=247.81 95=295.94 99=643.07 99.9=1278.97 99.99=12623.87]
2025-04-22 19:02:31 34 sec: 100022 operations; [READ: Count=49987 Max=4997.12 Min=2.86 Avg=129.21 10=39.84 25=65.98 50=104.83 75=172.03 90=230.66 95=275.45 99=547.33 99.9=1045.50 99.99=1400.83] [UPDATE: Count=50035 Max=27394.05 Min=8.99 Avg=143.55 10=49.34 25=75.52 50=115.20 75=182.01 90=241.53 95=288.25 99=615.42 99.9=1253.38 99.99=12181.50]
2025-04-22 19:02:32 35 sec: 111874 operations; [READ: Count=55833 Max=4997.12 Min=2.86 Avg=123.91 10=38.30 25=61.15 50=99.52 75=165.38 90=224.77 95=268.29 99=519.42 99.9=1024.51 99.99=1336.32] [UPDATE: Count=56041 Max=27394.05 Min=8.28 Avg=137.58 10=47.30 25=70.72 50=109.44 75=175.23 90=236.03 95=280.57 99=580.61 99.9=1231.87 99.99=10584.06]
2025-04-22 19:02:33 36 sec: 122814 operations; [READ: Count=61217 Max=4997.12 Min=2.82 Avg=120.40 10=37.73 25=57.63 50=95.74 75=160.25 90=220.67 95=264.70 99=507.39 99.9=1045.50 99.99=1400.83] [UPDATE: Count=61597 Max=27394.05 Min=8.28 Avg=133.86 10=46.56 25=67.52 50=105.41 75=170.11 90=231.68 95=276.48 99=572.93 99.9=1252.35 99.99=10584.06]
2025-04-22 19:02:34 37 sec: 134640 operations; [READ: Count=66996 Max=4997.12 Min=2.82 Avg=116.75 10=36.96 25=54.46 50=91.90 75=155.01 90=216.45 95=259.84 99=491.26 99.9=1051.65 99.99=1403.90] [UPDATE: Count=67644 Max=27394.05 Min=8.28 Avg=129.79 10=45.82 25=64.61 50=101.63 75=164.61 90=227.20 95=271.36 99=556.03 99.9=1233.92 99.99=10395.65]
2025-04-22 19:02:35 38 sec: 146934 operations; [READ: Count=73065 Max=4997.12 Min=2.82 Avg=113.32 10=36.32 25=52.09 50=88.70 75=149.89 90=212.48 95=255.36 99=478.98 99.9=1035.26 99.99=1416.19] [UPDATE: Count=73869 Max=27394.05 Min=8.22 Avg=126.01 10=45.02 25=62.05 50=98.24 75=159.49 90=222.72 95=267.01 99=526.85 99.9=1221.63 99.99=10395.65]
2025-04-22 19:02:36 39 sec: 157838 operations; [READ: Count=78515 Max=6139.90 Min=2.74 Avg=111.45 10=35.62 25=50.40 50=86.21 75=145.53 90=209.02 95=251.90 99=487.94 99.9=1139.71 99.99=2021.38] [UPDATE: Count=79323 Max=27394.05 Min=8.22 Avg=123.87 10=44.22 25=60.35 50=95.74 75=155.52 90=219.26 95=263.17 99=532.48 99.9=1281.02 99.99=10395.65]
2025-04-22 19:02:37 40 sec: 170258 operations; [READ: Count=84690 Max=6139.90 Min=2.74 Avg=108.75 10=35.26 25=49.15 50=84.16 75=141.18 90=205.69 95=248.06 99=469.76 99.9=1126.40 99.99=2021.38] [UPDATE: Count=85568 Max=27394.05 Min=8.22 Avg=120.98 10=43.90 25=59.20 50=93.63 75=151.17 90=215.42 95=258.56 99=512.25 99.9=1267.71 99.99=6979.58]
2025-04-22 19:02:38 41 sec: 182986 operations; [READ: Count=91086 Max=6139.90 Min=2.74 Avg=106.10 10=34.94 25=48.16 50=82.17 75=136.96 90=201.60 95=244.22 99=457.98 99.9=1117.18 99.99=1942.53] [UPDATE: Count=91900 Max=27394.05 Min=8.22 Avg=118.42 10=43.52 25=58.30 50=91.78 75=147.33 90=211.97 95=254.85 99=497.66 99.9=1249.28 99.99=5693.44]
2025-04-22 19:02:39 42 sec: 195675 operations; [READ: Count=97484 Max=6139.90 Min=2.74 Avg=103.81 10=34.66 25=47.36 50=80.58 75=133.38 90=197.89 95=240.25 99=449.28 99.9=1108.99 99.99=1900.54] [UPDATE: Count=98191 Max=27394.05 Min=8.22 Avg=116.22 10=43.17 25=57.57 50=90.30 75=143.87 90=208.25 95=251.01 99=488.70 99.9=1249.28 99.99=5693.44]
2025-04-22 19:02:40 43 sec: 208699 operations; [READ: Count=104093 Max=6139.90 Min=2.74 Avg=101.69 10=34.34 25=46.69 50=79.10 75=129.73 90=194.43 95=236.41 99=439.30 99.9=1085.44 99.99=1900.54] [UPDATE: Count=104606 Max=27394.05 Min=7.98 Avg=114.07 10=42.75 25=56.80 50=88.96 75=140.41 90=205.06 95=247.68 99=478.21 99.9=1233.92 99.99=5693.44]
2025-04-22 19:02:41 44 sec: 220700 operations; [READ: Count=110067 Max=6139.90 Min=2.46 Avg=100.19 10=34.05 25=46.21 50=77.95 75=126.78 90=191.36 95=233.34 99=433.92 99.9=1131.52 99.99=2077.70] [UPDATE: Count=110633 Max=27394.05 Min=7.81 Avg=112.77 10=42.40 25=56.26 50=87.74 75=137.60 90=202.11 95=244.99 99=474.88 99.9=1324.03 99.99=5693.44]
2025-04-22 19:02:42 45 sec: 233470 operations; [READ: Count=116445 Max=6139.90 Min=2.46 Avg=98.65 10=33.89 25=45.95 50=77.12 75=124.22 90=188.41 95=230.01 99=423.17 99.9=1117.18 99.99=2021.38] [UPDATE: Count=117025 Max=27394.05 Min=7.81 Avg=111.10 10=42.11 25=56.03 50=86.97 75=134.91 90=199.04 95=241.79 99=462.33 99.9=1293.31 99.99=4947.97]
2025-04-22 19:02:43 46 sec: 246375 operations; [READ: Count=122894 Max=6139.90 Min=2.46 Avg=97.16 10=33.60 25=45.66 50=76.22 75=121.79 90=185.73 95=227.07 99=410.88 99.9=1095.68 99.99=2021.38] [UPDATE: Count=123481 Max=27394.05 Min=7.81 Avg=109.60 10=41.76 25=55.71 50=86.27 75=132.61 90=196.48 95=238.97 99=449.54 99.9=1274.88 99.99=4947.97]
2025-04-22 19:02:44 47 sec: 259411 operations; [READ: Count=129343 Max=6139.90 Min=2.46 Avg=95.80 10=33.28 25=45.31 50=75.45 75=119.61 90=182.78 95=224.13 99=402.18 99.9=1108.99 99.99=2021.38] [UPDATE: Count=130068 Max=27394.05 Min=7.81 Avg=108.15 10=41.31 25=55.30 50=85.50 75=130.24 90=193.66 95=236.29 99=441.09 99.9=1253.38 99.99=4632.57]
2025-04-22 19:02:45 48 sec: 272626 operations; [READ: Count=136050 Max=6139.90 Min=2.46 Avg=94.47 10=32.80 25=45.05 50=74.75 75=117.57 90=180.09 95=221.18 99=390.40 99.9=1093.63 99.99=1942.53] [UPDATE: Count=136576 Max=27394.05 Min=7.81 Avg=106.82 10=40.90 25=55.01 50=84.86 75=128.32 90=191.23 95=233.73 99=433.15 99.9=1245.18 99.99=4616.19]
2025-04-22 19:02:46 49 sec: 285834 operations; [READ: Count=142685 Max=6139.90 Min=2.46 Avg=93.15 10=32.26 25=44.64 50=73.98 75=115.52 90=177.41 95=218.62 99=382.46 99.9=1098.75 99.99=2077.70] [UPDATE: Count=143149 Max=27394.05 Min=7.81 Avg=105.73 10=40.45 25=54.62 50=84.03 75=126.21 90=188.80 95=230.91 99=425.73 99.9=1267.71 99.99=4632.57]
2025-04-22 19:02:47 50 sec: 300291 operations; [READ: Count=149911 Max=6139.90 Min=2.46 Avg=91.66 10=31.68 25=44.32 50=73.15 75=113.22 90=174.59 95=215.94 99=371.97 99.9=1081.34 99.99=2021.38] [UPDATE: Count=150380 Max=27394.05 Min=7.81 Avg=104.19 10=39.81 25=54.27 50=83.26 75=123.97 90=185.73 95=228.09 99=414.46 99.9=1247.23 99.99=4616.19]
2025-04-22 19:02:48 51 sec: 315399 operations; [READ: Count=157407 Max=6139.90 Min=2.46 Avg=90.12 10=30.70 25=43.90 50=72.25 75=110.97 90=171.52 95=213.12 99=361.73 99.9=1060.86 99.99=1942.53] [UPDATE: Count=157992 Max=27394.05 Min=7.81 Avg=102.58 10=38.98 25=53.85 50=82.24 75=121.73 90=182.78 95=225.28 99=404.48 99.9=1233.92 99.99=4448.26]
2025-04-22 19:02:49 52 sec: 331107 operations; [READ: Count=165258 Max=6139.90 Min=2.46 Avg=88.50 10=29.01 25=43.42 50=71.17 75=108.61 90=168.57 95=210.69 99=353.28 99.9=1051.65 99.99=1911.81] [UPDATE: Count=165849 Max=27394.05 Min=7.81 Avg=100.99 10=37.85 25=53.41 50=81.15 75=119.36 90=179.84 95=222.21 99=393.98 99.9=1229.82 99.99=4440.06]
2025-04-22 19:02:50 53 sec: 348267 operations; [READ: Count=173909 Max=6139.90 Min=2.46 Avg=86.67 10=23.58 25=42.78 50=69.82 75=105.92 90=165.38 95=207.62 99=343.04 99.9=1042.94 99.99=1911.81] [UPDATE: Count=174358 Max=27394.05 Min=7.81 Avg=99.11 10=35.58 25=52.77 50=79.81 75=116.67 90=176.77 95=219.13 99=384.25 99.9=1220.61 99.99=4440.06]
2025-04-22 19:02:51 54 sec: 367137 operations; [READ: Count=183339 Max=6139.90 Min=2.46 Avg=84.63 10=18.51 25=41.89 50=67.97 75=103.17 90=162.05 95=204.93 99=333.57 99.9=1031.68 99.99=1911.81] [UPDATE: Count=183798 Max=27394.05 Min=7.81 Avg=96.94 10=31.42 25=51.84 50=78.02 75=113.73 90=173.44 95=216.06 99=375.04 99.9=1195.01 99.99=4366.34]
2025-04-22 19:02:52 55 sec: 387697 operations; [READ: Count=193569 Max=6139.90 Min=2.42 Avg=82.42 10=15.85 25=40.83 50=65.66 75=100.22 90=158.59 95=201.47 99=325.38 99.9=1005.57 99.99=1909.76] [UPDATE: Count=194128 Max=27394.05 Min=7.81 Avg=94.57 10=28.02 25=50.66 50=75.58 75=110.78 90=169.85 95=213.12 99=367.36 99.9=1179.65 99.99=4218.88]
2025-04-22 19:02:53 56 sec: 409220 operations; [READ: Count=204321 Max=6139.90 Min=2.42 Avg=80.24 10=14.10 25=39.84 50=63.58 75=97.47 90=155.13 95=198.27 99=317.95 99.9=993.28 99.99=1904.64] [UPDATE: Count=204899 Max=27394.05 Min=7.81 Avg=92.23 10=25.93 25=49.44 50=73.41 75=108.09 90=166.40 95=209.92 99=355.84 99.9=1148.93 99.99=4075.52]
2025-04-22 19:02:54 57 sec: 426871 operations; [READ: Count=212960 Max=6139.90 Min=2.42 Avg=78.60 10=13.22 25=39.04 50=61.98 75=95.36 90=152.45 95=195.84 99=313.09 99.9=978.94 99.99=1900.54] [UPDATE: Count=213911 Max=200933.38 Min=7.81 Avg=91.34 10=24.69 25=48.45 50=71.68 75=105.86 90=163.58 95=207.49 99=349.18 99.9=1134.59 99.99=4075.52]
2025-04-22 19:02:55 58 sec: 448927 operations; [READ: Count=223999 Max=6139.90 Min=2.42 Avg=76.69 10=12.38 25=38.17 50=60.35 75=92.86 90=149.12 95=192.64 99=305.92 99.9=964.10 99.99=1861.63] [UPDATE: Count=224928 Max=200933.38 Min=7.62 Avg=89.27 10=23.50 25=47.42 50=69.89 75=103.36 90=160.38 95=204.54 99=341.76 99.9=1115.13 99.99=3989.50]
2025-04-22 19:02:56 59 sec: 469863 operations; [READ: Count=234384 Max=6139.90 Min=2.42 Avg=75.11 10=11.80 25=37.53 50=59.23 75=90.81 90=146.05 95=189.82 99=301.31 99.9=941.05 99.99=1851.39] [UPDATE: Count=235479 Max=200933.38 Min=7.62 Avg=87.61 10=22.80 25=46.75 50=68.73 75=101.25 90=157.44 95=201.98 99=335.36 99.9=1101.82 99.99=3272.70]
2025-04-22 19:02:57 60 sec: 489746 operations; [READ: Count=244352 Max=6139.90 Min=2.42 Avg=73.77 10=11.34 25=36.96 50=58.08 75=88.96 90=143.36 95=187.52 99=298.24 99.9=951.29 99.99=1936.38] [UPDATE: Count=245394 Max=200933.38 Min=7.62 Avg=86.35 10=22.14 25=46.08 50=67.65 75=99.39 90=155.01 95=199.68 99=331.01 99.9=1112.06 99.99=3776.51]
2025-04-22 19:02:58 61 sec: 516403 operations; [READ: Count=257444 Max=6139.90 Min=2.41 Avg=71.64 10=10.68 25=35.42 50=55.71 75=87.04 90=139.78 95=184.57 99=293.38 99.9=922.62 99.99=1911.81] [UPDATE: Count=258959 Max=200933.38 Min=7.33 Avg=83.99 10=21.10 25=44.22 50=65.38 75=97.34 90=151.55 95=196.99 99=324.86 99.9=1090.56 99.99=3272.70]
2025-04-22 19:02:59 62 sec: 544131 operations; [READ: Count=271302 Max=6139.90 Min=2.22 Avg=69.57 10=9.99 25=33.73 50=52.96 75=85.25 90=136.45 95=181.76 99=290.56 99.9=919.55 99.99=1909.76] [UPDATE: Count=272829 Max=200933.38 Min=7.33 Avg=81.72 10=20.13 25=42.08 50=62.94 75=95.36 90=148.48 95=194.18 99=320.00 99.9=1072.13 99.99=3221.50]
2025-04-22 19:03:00 63 sec: 573838 operations; [READ: Count=286055 Max=6139.90 Min=2.22 Avg=67.47 10=9.40 25=32.05 50=50.05 75=83.45 90=132.99 95=178.43 99=285.95 99.9=902.14 99.99=1900.54] [UPDATE: Count=287783 Max=200933.38 Min=7.33 Avg=79.38 10=19.15 25=40.00 50=60.35 75=93.50 90=144.90 95=191.10 99=313.09 99.9=1047.55 99.99=3166.21]
2025-04-22 19:03:01 64 sec: 602677 operations; [READ: Count=300345 Max=6139.90 Min=2.20 Avg=65.66 10=8.93 25=30.88 50=47.39 75=81.98 90=129.85 95=175.62 99=282.37 99.9=882.69 99.99=1861.63] [UPDATE: Count=302332 Max=200933.38 Min=7.33 Avg=77.40 10=18.43 25=38.62 50=57.89 75=91.97 90=141.82 95=188.29 99=307.97 99.9=1017.34 99.99=3069.95]
2025-04-22 19:03:02 65 sec: 631207 operations; [READ: Count=314458 Max=6139.90 Min=2.20 Avg=64.07 10=8.54 25=29.89 50=45.25 75=80.58 90=127.10 95=173.18 99=280.57 99.9=873.47 99.99=1861.63] [UPDATE: Count=316749 Max=200933.38 Min=7.33 Avg=75.61 10=17.73 25=37.38 50=55.62 75=90.50 90=139.01 95=185.60 99=305.41 99.9=1001.98 99.99=2961.41]
2025-04-22 19:03:03 66 sec: 658728 operations; [READ: Count=328244 Max=6139.90 Min=2.20 Avg=62.71 10=8.20 25=29.14 50=43.45 75=79.30 90=124.42 95=170.75 99=279.55 99.9=867.84 99.99=1846.27] [UPDATE: Count=330484 Max=200933.38 Min=7.33 Avg=74.11 10=17.15 25=36.48 50=53.63 75=89.22 90=136.45 95=183.29 99=304.38 99.9=996.35 99.99=2961.41]
2025-04-22 19:03:04 67 sec: 687065 operations; [READ: Count=342489 Max=6139.90 Min=2.20 Avg=61.37 10=7.92 25=28.56 50=41.79 75=77.95 90=121.86 95=168.32 99=277.76 99.9=870.40 99.99=1826.82] [UPDATE: Count=344576 Max=200933.38 Min=7.31 Avg=72.65 10=16.66 25=35.71 50=51.84 75=87.81 90=133.76 95=181.12 99=302.59 99.9=990.72 99.99=2926.59]
2025-04-22 19:03:05 68 sec: 719340 operations; [READ: Count=358629 Max=6139.90 Min=2.20 Avg=59.78 10=7.61 25=28.00 50=40.13 75=76.35 90=118.97 95=165.38 99=274.69 99.9=857.60 99.99=1816.58] [UPDATE: Count=360711 Max=200933.38 Min=7.31 Avg=70.93 10=16.14 25=35.01 50=49.95 75=86.33 90=130.81 95=178.43 99=297.98 99.9=971.77 99.99=2756.61]
2025-04-22 19:03:06 69 sec: 751948 operations; [READ: Count=375112 Max=6139.90 Min=2.20 Avg=58.29 10=7.36 25=27.52 50=38.62 75=74.69 90=116.09 95=162.56 99=270.85 99.9=846.34 99.99=1800.19] [UPDATE: Count=376836 Max=200933.38 Min=7.31 Avg=69.35 10=15.71 25=34.40 50=48.26 75=84.93 90=128.00 95=175.62 99=293.89 99.9=952.83 99.99=2734.08]
2025-04-22 19:03:07 70 sec: 784691 operations; [READ: Count=391571 Max=6139.90 Min=2.20 Avg=56.92 10=7.15 25=27.12 50=37.25 75=73.09 90=113.47 95=160.00 99=267.26 99.9=837.12 99.99=1796.10] [UPDATE: Count=393120 Max=200933.38 Min=7.31 Avg=67.88 10=15.35 25=33.92 50=46.66 75=83.52 90=125.38 95=173.06 99=290.56 99.9=939.52 99.99=2662.40]
2025-04-22 19:03:08 71 sec: 810932 operations; [READ: Count=404687 Max=6139.90 Min=2.20 Avg=56.15 10=7.04 25=26.85 50=36.29 75=71.94 90=111.81 95=158.34 99=267.77 99.9=863.74 99.99=1726.46] [UPDATE: Count=406245 Max=200933.38 Min=7.31 Avg=67.03 10=15.13 25=33.63 50=45.50 75=82.30 90=123.58 95=171.52 99=291.33 99.9=955.90 99.99=2662.40]
2025-04-22 19:03:09 72 sec: 839676 operations; [READ: Count=419033 Max=6139.90 Min=2.20 Avg=55.24 10=6.96 25=26.62 50=35.36 75=70.66 90=109.95 95=156.41 99=266.75 99.9=866.30 99.99=1599.49] [UPDATE: Count=420643 Max=200933.38 Min=7.31 Avg=66.05 10=14.97 25=33.38 50=44.41 75=81.02 90=121.73 95=169.47 99=290.30 99.9=949.76 99.99=2662.40]
2025-04-22 19:03:10 73 sec: 870628 operations; [READ: Count=434589 Max=6139.90 Min=2.20 Avg=54.24 10=6.89 25=26.40 50=34.59 75=69.25 90=108.03 95=154.11 99=264.96 99.9=853.50 99.99=1594.37] [UPDATE: Count=436039 Max=200933.38 Min=7.31 Avg=64.97 10=14.83 25=33.12 50=43.52 75=79.61 90=119.74 95=167.17 99=288.00 99.9=939.52 99.99=2598.91]
2025-04-22 19:03:11 74 sec: 900595 operations; [READ: Count=449485 Max=6139.90 Min=2.20 Avg=53.35 10=6.82 25=26.18 50=33.95 75=68.09 90=106.30 95=152.06 99=262.91 99.9=846.34 99.99=1590.27] [UPDATE: Count=451110 Max=200933.38 Min=7.31 Avg=64.06 10=14.72 25=32.90 50=42.78 75=78.40 90=118.02 95=165.50 99=286.21 99.9=926.21 99.99=2590.72]
2025-04-22 19:03:12 75 sec: 926671 operations; [READ: Count=462549 Max=6139.90 Min=2.13 Avg=52.77 10=6.85 25=25.98 50=33.70 75=67.26 90=105.15 95=150.66 99=261.89 99.9=838.14 99.99=1551.36] [UPDATE: Count=464122 Max=200933.38 Min=7.04 Avg=63.45 10=14.70 25=32.67 50=42.46 75=77.57 90=116.80 95=164.09 99=285.69 99.9=919.04 99.99=2527.23]
2025-04-22 19:03:13 76 sec: 944914 operations; [READ: Count=471572 Max=6139.90 Min=2.13 Avg=52.66 10=6.87 25=25.86 50=33.53 75=66.75 90=104.70 95=150.14 99=265.21 99.9=862.72 99.99=1591.30] [UPDATE: Count=473342 Max=200933.38 Min=7.04 Avg=63.40 10=14.70 25=32.53 50=42.24 75=77.06 90=116.29 95=163.84 99=289.54 99.9=947.20 99.99=2527.23]
2025-04-22 19:03:14 77 sec: 970310 operations; [READ: Count=484208 Max=6139.90 Min=2.13 Avg=52.18 10=6.89 25=25.65 50=33.28 75=66.24 90=103.68 95=148.74 99=264.19 99.9=850.94 99.99=1590.27] [UPDATE: Count=486102 Max=200933.38 Min=6.90 Avg=62.85 10=14.67 25=32.29 50=41.89 75=76.48 90=115.14 95=162.30 99=288.77 99.9=938.50 99.99=2445.31]
2025-04-22 19:03:15 78 sec: 996206 operations; [READ: Count=497313 Max=6139.90 Min=2.08 Avg=51.70 10=6.89 25=25.38 50=32.99 75=65.79 90=102.72 95=147.20 99=263.17 99.9=846.34 99.99=1545.21] [UPDATE: Count=498893 Max=200933.38 Min=6.90 Avg=62.31 10=14.61 25=32.00 50=41.53 75=76.03 90=114.05 95=161.02 99=288.00 99.9=927.74 99.99=2445.31]
2025-04-22 19:03:16 79 sec: 1000000 operations; [READ: Count=499213 Max=6139.90 Min=2.08 Avg=51.62 10=6.89 25=25.34 50=32.96 75=65.73 90=102.53 95=146.94 99=262.91 99.9=846.34 99.99=1545.21] [UPDATE: Count=500787 Max=200933.38 Min=6.90 Avg=62.22 10=14.60 25=31.95 50=41.47 75=75.97 90=113.86 95=160.77 99=287.49 99.9=927.23 99.99=2445.31]
2025-04-22 19:03:17 80 sec: 1000000 operations; [READ: Count=499213 Max=6139.90 Min=2.08 Avg=51.62 10=6.89 25=25.34 50=32.96 75=65.73 90=102.53 95=146.94 99=262.91 99.9=846.34 99.99=1545.21] [UPDATE: Count=500787 Max=200933.38 Min=6.90 Avg=62.22 10=14.60 25=31.95 50=41.47 75=75.97 90=113.86 95=160.77 99=287.49 99.9=927.23 99.99=2445.31]
2025-04-22 19:03:18 80 sec: 1000000 operations; [READ: Count=499213 Max=6139.90 Min=2.08 Avg=51.62 10=6.89 25=25.34 50=32.96 75=65.73 90=102.53 95=146.94 99=262.91 99.9=846.34 99.99=1545.21] [UPDATE: Count=500787 Max=200933.38 Min=6.90 Avg=62.22 10=14.60 25=31.95 50=41.47 75=75.97 90=113.86 95=160.77 99=287.49 99.9=927.23 99.99=2445.31]
Run runtime(sec): 80.9247
Run operations(ops): 1000000
Run throughput(ops/sec): 12357.2
