Running scope as unit: run-rf692a09668e341ddb6e323c20be53085.scope
load file:/home/user/DataFiles/silesia_data/silesia.tar
2025-04-22 19:01:57 0 sec: 0 operations;
2025-04-22 19:01:58 1 sec: 0 operations;
2025-04-22 19:01:59 2 sec: 0 operations;
2025-04-22 19:02:00 3 sec: 0 operations;
2025-04-22 19:02:01 4 sec: 0 operations;
2025-04-22 19:02:02 5 sec: 0 operations;
2025-04-22 19:02:03 6 sec: 0 operations;
2025-04-22 19:02:04 7 sec: 0 operations;
2025-04-22 19:02:05 8 sec: 0 operations;
2025-04-22 19:02:06 9 sec: 0 operations;
2025-04-22 19:02:07 10 sec: 0 operations;
2025-04-22 19:02:08 11 sec: 0 operations;
2025-04-22 19:02:09 12 sec: 0 operations;
2025-04-22 19:02:10 13 sec: 0 operations;
2025-04-22 19:02:11 14 sec: 0 operations;
2025-04-22 19:02:12 15 sec: 0 operations;
2025-04-22 19:02:13 16 sec: 0 operations;
2025-04-22 19:02:14 17 sec: 0 operations;
2025-04-22 19:02:15 18 sec: 0 operations;
2025-04-22 19:02:16 19 sec: 0 operations;
2025-04-22 19:02:17 20 sec: 0 operations;
2025-04-22 19:02:18 21 sec: 5213 operations; [READ: Count=2654 Max=6287.36 Min=4.18 Avg=137.83 10=53.02 25=77.12 50=114.30 75=173.06 90=232.96 95=273.15 99=526.85 99.9=775.17 99.99=6287.36] [UPDATE: Count=2559 Max=1011.20 Min=9.23 Avg=147.15 10=62.43 25=85.38 50=121.02 75=183.81 90=243.20 95=289.79 99=596.48 99.9=828.93 99.99=1011.20]
2025-04-22 19:02:19 22 sec: 12276 operations; [READ: Count=6256 Max=6287.36 Min=4.18 Avg=135.86 10=50.66 25=77.63 50=115.01 75=173.95 90=233.47 95=275.45 99=482.81 99.9=762.88 99.99=874.50] [UPDATE: Count=6020 Max=1011.20 Min=9.23 Avg=146.77 10=60.83 25=86.97 50=125.31 75=186.11 90=244.48 95=290.05 99=546.30 99.9=828.93 99.99=958.98]
2025-04-22 19:02:20 23 sec: 19813 operations; [READ: Count=9970 Max=6287.36 Min=3.32 Avg=130.83 10=46.62 25=74.56 50=111.74 75=169.47 90=225.79 95=263.42 99=468.48 99.9=777.73 99.99=1041.92] [UPDATE: Count=9843 Max=27131.90 Min=8.41 Avg=144.39 10=56.32 25=83.26 50=121.15 75=180.48 90=236.03 95=277.25 99=545.28 99.9=903.68 99.99=1079.30]
2025-04-22 19:02:21 24 sec: 27467 operations; [READ: Count=13789 Max=6287.36 Min=3.23 Avg=128.76 10=45.63 25=74.30 50=111.30 75=168.70 90=223.23 95=257.79 99=417.79 99.9=754.17 99.99=1041.92] [UPDATE: Count=13678 Max=27131.90 Min=8.41 Avg=141.84 10=56.80 25=84.03 50=121.60 75=179.84 90=232.83 95=271.36 99=485.63 99.9=837.12 99.99=1079.30]
2025-04-22 19:02:22 25 sec: 34984 operations; [READ: Count=17612 Max=6287.36 Min=3.02 Avg=128.28 10=45.25 25=74.17 50=111.49 75=168.32 90=222.85 95=257.66 99=407.04 99.9=714.75 99.99=951.81] [UPDATE: Count=17372 Max=27131.90 Min=8.41 Avg=140.91 10=56.16 25=83.84 50=121.09 75=179.07 90=232.32 95=270.59 99=461.31 99.9=839.68 99.99=2820.09]
2025-04-22 19:02:23 26 sec: 41893 operations; [READ: Count=21030 Max=6287.36 Min=3.02 Avg=128.96 10=43.87 25=72.45 50=109.38 75=165.89 90=223.36 95=262.01 99=492.29 99.9=893.95 99.99=1167.36] [UPDATE: Count=20863 Max=27131.90 Min=8.36 Avg=143.21 10=54.75 25=82.11 50=119.04 75=177.02 90=233.98 95=277.50 99=567.81 99.9=991.74 99.99=5472.26]
2025-04-22 19:02:24 27 sec: 49530 operations; [READ: Count=24909 Max=6287.36 Min=3.02 Avg=128.23 10=43.97 25=72.77 50=109.69 75=166.53 90=222.08 95=259.58 99=463.10 99.9=874.50 99.99=1167.36] [UPDATE: Count=24621 Max=27131.90 Min=8.36 Avg=142.01 10=54.81 25=82.56 50=120.06 75=177.02 90=233.34 95=274.43 99=523.26 99.9=972.80 99.99=5472.26]
2025-04-22 19:02:25 28 sec: 56185 operations; [READ: Count=28225 Max=6287.36 Min=3.02 Avg=128.77 10=43.74 25=72.38 50=108.86 75=165.25 90=221.69 95=260.48 99=507.65 99.9=998.91 99.99=1327.10] [UPDATE: Count=27960 Max=27131.90 Min=8.36 Avg=144.79 10=54.59 25=82.37 50=119.10 75=175.87 90=233.47 95=276.74 99=576.51 99.9=1137.66 99.99=13615.10]
2025-04-22 19:02:26 29 sec: 64364 operations; [READ: Count=32335 Max=6287.36 Min=3.02 Avg=126.88 10=43.49 25=72.06 50=108.35 75=163.46 90=218.50 95=256.25 99=475.13 99.9=960.00 99.99=1327.10] [UPDATE: Count=32029 Max=27131.90 Min=8.36 Avg=142.68 10=54.37 25=82.50 50=118.97 75=174.59 90=230.40 95=272.13 99=542.21 99.9=1089.54 99.99=13615.10]
2025-04-22 19:02:27 30 sec: 72555 operations; [READ: Count=36419 Max=6287.36 Min=3.02 Avg=125.48 10=43.07 25=71.87 50=107.90 75=162.05 90=216.83 95=253.57 99=451.84 99.9=949.76 99.99=1326.08] [UPDATE: Count=36136 Max=27131.90 Min=8.36 Avg=140.94 10=54.05 25=82.43 50=118.59 75=173.44 90=228.48 95=269.31 99=508.16 99.9=1042.94 99.99=10747.90]
2025-04-22 19:02:28 31 sec: 80333 operations; [READ: Count=40308 Max=6287.36 Min=3.02 Avg=125.13 10=42.78 25=71.23 50=106.50 75=160.25 90=215.81 95=253.82 99=478.46 99.9=994.30 99.99=1326.08] [UPDATE: Count=40025 Max=27131.90 Min=8.36 Avg=140.17 10=53.22 25=81.41 50=117.12 75=171.52 90=227.58 95=270.08 99=536.58 99.9=1098.75 99.99=10747.90]
2025-04-22 19:02:29 32 sec: 88639 operations; [READ: Count=44469 Max=6287.36 Min=3.02 Avg=123.92 10=42.56 25=71.10 50=106.11 75=159.10 90=214.27 95=251.78 99=459.26 99.9=963.58 99.99=1326.08] [UPDATE: Count=44170 Max=27131.90 Min=8.36 Avg=138.86 10=52.83 25=81.34 50=116.86 75=170.37 90=225.79 95=267.26 99=518.40 99.9=1097.73 99.99=10747.90]
2025-04-22 19:02:30 33 sec: 96770 operations; [READ: Count=48531 Max=6287.36 Min=3.02 Avg=122.88 10=41.82 25=69.82 50=104.25 75=156.67 90=212.74 95=250.37 99=481.28 99.9=1014.27 99.99=1405.95] [UPDATE: Count=48239 Max=27131.90 Min=8.36 Avg=138.28 10=52.22 25=80.13 50=115.20 75=168.06 90=224.13 95=266.50 99=548.35 99.9=1214.46 99.99=10747.90]
2025-04-22 19:02:31 34 sec: 106292 operations; [READ: Count=53205 Max=6287.36 Min=3.02 Avg=120.56 10=41.02 25=68.99 50=102.85 75=153.85 90=209.66 95=246.53 99=460.80 99.9=1008.64 99.99=1405.95] [UPDATE: Count=53087 Max=27131.90 Min=8.36 Avg=135.78 10=51.49 25=79.23 50=113.73 75=164.99 90=221.06 95=262.01 99=529.92 99.9=1203.20 99.99=10747.90]
2025-04-22 19:02:32 35 sec: 120018 operations; [READ: Count=60109 Max=6287.36 Min=2.63 Avg=114.40 10=37.44 25=63.17 50=96.70 75=146.30 90=203.39 95=240.90 99=435.45 99.9=994.30 99.99=1384.45] [UPDATE: Count=59909 Max=27131.90 Min=8.11 Avg=129.07 10=46.81 25=73.34 50=107.71 75=158.21 90=214.91 95=255.36 99=500.74 99.9=1168.38 99.99=10035.20]
2025-04-22 19:02:33 36 sec: 132551 operations; [READ: Count=66325 Max=6287.36 Min=2.63 Avg=110.47 10=36.54 25=58.30 50=92.35 75=141.44 90=198.78 95=236.54 99=422.14 99.9=1007.10 99.99=1419.26] [UPDATE: Count=66226 Max=27131.90 Min=8.11 Avg=124.84 10=45.63 25=68.86 50=103.10 75=152.96 90=210.56 95=250.75 99=490.50 99.9=1169.41 99.99=7442.43]
2025-04-22 19:02:34 37 sec: 145868 operations; [READ: Count=73086 Max=6287.36 Min=2.63 Avg=106.65 10=35.77 25=54.02 50=88.38 75=136.57 90=193.92 95=231.42 99=409.60 99.9=1001.98 99.99=1421.31] [UPDATE: Count=72782 Max=27131.90 Min=8.11 Avg=120.71 10=44.54 25=64.99 50=99.14 75=147.84 90=205.69 95=245.89 99=468.99 99.9=1169.41 99.99=7442.43]
2025-04-22 19:02:35 38 sec: 159234 operations; [READ: Count=79800 Max=6287.36 Min=2.63 Avg=103.43 10=35.20 25=51.01 50=85.38 75=132.22 90=189.69 95=227.84 99=395.01 99.9=973.31 99.99=1421.31] [UPDATE: Count=79434 Max=27131.90 Min=8.11 Avg=117.22 10=43.81 25=61.98 50=95.94 75=143.36 90=201.47 95=241.41 99=457.21 99.9=1152.00 99.99=5582.85]
2025-04-22 19:02:36 39 sec: 172390 operations; [READ: Count=86333 Max=6287.36 Min=2.63 Avg=100.88 10=34.05 25=48.54 50=82.37 75=128.19 90=185.85 95=224.38 99=393.73 99.9=1034.24 99.99=1837.06] [UPDATE: Count=86057 Max=27131.90 Min=8.11 Avg=114.38 10=42.34 25=59.07 50=92.80 75=139.26 90=197.89 95=237.95 99=455.42 99.9=1225.73 99.99=5472.26]
2025-04-22 19:02:37 40 sec: 186522 operations; [READ: Count=93320 Max=6287.36 Min=2.63 Avg=98.14 10=33.66 25=47.10 50=80.25 75=124.29 90=181.89 95=220.29 99=379.65 99.9=1022.98 99.99=1837.06] [UPDATE: Count=93202 Max=27131.90 Min=8.11 Avg=111.37 10=41.70 25=57.44 50=90.43 75=135.55 90=193.79 95=233.22 99=442.37 99.9=1204.22 99.99=5472.26]
2025-04-22 19:02:38 41 sec: 200375 operations; [READ: Count=100297 Max=6287.36 Min=2.34 Avg=95.91 10=33.34 25=46.14 50=78.53 75=121.02 90=178.43 95=216.57 99=366.85 99.9=1013.25 99.99=1837.06] [UPDATE: Count=100078 Max=27131.90 Min=8.11 Avg=108.96 10=41.38 25=56.45 50=88.70 75=132.09 90=190.21 95=229.38 99=427.77 99.9=1178.62 99.99=4935.68]
2025-04-22 19:02:39 42 sec: 213928 operations; [READ: Count=107074 Max=6287.36 Min=2.34 Avg=94.12 10=33.12 25=45.50 50=77.12 75=118.40 90=175.10 95=213.50 99=357.38 99.9=1014.27 99.99=1837.06] [UPDATE: Count=106854 Max=27131.90 Min=7.89 Avg=106.98 10=41.12 25=55.81 50=87.36 75=129.22 90=186.88 95=226.05 99=415.49 99.9=1169.41 99.99=4796.41]
2025-04-22 19:02:40 43 sec: 227870 operations; [READ: Count=113927 Max=6287.36 Min=2.34 Avg=92.38 10=32.77 25=45.05 50=76.09 75=115.90 90=171.78 95=210.69 99=346.62 99.9=1008.64 99.99=1837.06] [UPDATE: Count=113943 Max=27131.90 Min=7.89 Avg=105.05 10=40.73 25=55.13 50=86.08 75=126.59 90=183.55 95=222.72 99=402.69 99.9=1148.93 99.99=4796.41]
2025-04-22 19:02:41 44 sec: 241832 operations; [READ: Count=120921 Max=6287.36 Min=2.34 Avg=90.83 10=32.41 25=44.45 50=74.81 75=113.47 90=168.70 95=207.74 99=338.69 99.9=1013.25 99.99=1942.53] [UPDATE: Count=120911 Max=27131.90 Min=7.89 Avg=103.35 10=40.29 25=54.49 50=84.86 75=124.35 90=180.48 95=220.16 99=390.40 99.9=1164.29 99.99=4112.38]
2025-04-22 19:02:42 45 sec: 256467 operations; [READ: Count=128246 Max=6287.36 Min=2.34 Avg=89.19 10=31.98 25=43.94 50=73.79 75=111.36 90=165.50 95=204.67 99=327.68 99.9=1007.10 99.99=1867.78] [UPDATE: Count=128221 Max=27131.90 Min=7.89 Avg=101.58 10=39.77 25=53.85 50=83.71 75=122.11 90=177.28 95=216.83 99=379.13 99.9=1138.69 99.99=3833.86]
2025-04-22 19:02:43 46 sec: 270489 operations; [READ: Count=135207 Max=6287.36 Min=2.34 Avg=87.95 10=31.57 25=43.68 50=73.15 75=109.76 90=162.69 95=201.85 99=319.74 99.9=987.65 99.99=1837.06] [UPDATE: Count=135282 Max=27131.90 Min=7.89 Avg=100.21 10=39.26 25=53.57 50=82.94 75=120.45 90=174.46 95=214.14 99=367.87 99.9=1121.28 99.99=3627.01]
2025-04-22 19:02:44 47 sec: 285385 operations; [READ: Count=142785 Max=6287.36 Min=2.34 Avg=86.54 10=31.07 25=43.30 50=72.25 75=107.97 90=160.13 95=198.91 99=311.30 99.9=961.53 99.99=1837.06] [UPDATE: Count=142600 Max=27131.90 Min=7.89 Avg=98.72 10=38.66 25=53.02 50=81.98 75=118.72 90=172.03 95=211.58 99=355.58 99.9=1092.61 99.99=3833.86]
2025-04-22 19:02:45 48 sec: 299344 operations; [READ: Count=149747 Max=6287.36 Min=2.34 Avg=85.52 10=30.51 25=43.13 50=71.74 75=106.69 90=157.69 95=196.35 99=305.92 99.9=950.27 99.99=1830.91] [UPDATE: Count=149597 Max=27131.90 Min=7.89 Avg=97.66 10=38.14 25=52.86 50=81.47 75=117.57 90=169.60 95=209.02 99=347.39 99.9=1070.08 99.99=3627.01]
2025-04-22 19:02:46 49 sec: 313730 operations; [READ: Count=156873 Max=6287.36 Min=2.34 Avg=84.41 10=29.71 25=42.85 50=71.04 75=105.34 90=155.39 95=193.79 99=300.29 99.9=939.52 99.99=1818.62] [UPDATE: Count=156857 Max=27131.90 Min=7.89 Avg=96.63 10=37.25 25=52.64 50=80.83 75=116.22 90=167.29 95=206.59 99=339.71 99.9=1051.65 99.99=3627.01]
2025-04-22 19:02:47 50 sec: 328566 operations; [READ: Count=164325 Max=6287.36 Min=2.34 Avg=83.33 10=28.34 25=42.62 50=70.40 75=104.06 90=153.34 95=191.49 99=295.17 99.9=916.48 99.99=1765.38] [UPDATE: Count=164241 Max=27131.90 Min=7.89 Avg=95.51 10=36.13 25=52.38 50=80.19 75=115.07 90=164.99 95=204.29 99=332.80 99.9=1038.85 99.99=3627.01]
2025-04-22 19:02:48 51 sec: 343785 operations; [READ: Count=171911 Max=6287.36 Min=2.34 Avg=82.24 10=24.96 25=42.34 50=69.69 75=102.85 90=150.91 95=189.18 99=290.30 99.9=902.65 99.99=1765.38] [UPDATE: Count=171874 Max=27131.90 Min=7.89 Avg=94.40 10=34.40 25=52.13 50=79.49 75=113.79 90=162.56 95=201.73 99=325.12 99.9=1021.95 99.99=3579.90]
2025-04-22 19:02:49 52 sec: 359967 operations; [READ: Count=179903 Max=6287.36 Min=2.34 Avg=81.00 10=19.30 25=41.98 50=68.86 75=101.18 90=148.35 95=186.62 99=285.18 99.9=892.41 99.99=1755.13] [UPDATE: Count=180064 Max=27131.90 Min=7.89 Avg=93.14 10=31.68 25=51.71 50=78.66 75=112.06 90=160.00 95=199.42 99=319.74 99.9=1011.71 99.99=3579.90]
2025-04-22 19:02:50 53 sec: 377147 operations; [READ: Count=188490 Max=6287.36 Min=2.34 Avg=79.64 10=16.50 25=41.50 50=67.90 75=99.33 90=145.66 95=184.19 99=280.83 99.9=883.71 99.99=1753.09] [UPDATE: Count=188657 Max=27131.90 Min=7.89 Avg=91.77 10=29.14 25=51.23 50=77.69 75=110.33 90=157.57 95=197.12 99=313.34 99.9=1002.50 99.99=3543.04]
2025-04-22 19:02:51 54 sec: 396945 operations; [READ: Count=198356 Max=6287.36 Min=2.34 Avg=77.89 10=14.57 25=40.67 50=66.11 75=97.22 90=142.97 95=181.50 99=276.74 99.9=872.96 99.99=1722.37] [UPDATE: Count=198589 Max=27131.90 Min=7.89 Avg=89.90 10=26.91 25=50.30 50=75.90 75=108.16 90=154.75 95=194.30 99=306.94 99.9=984.58 99.99=3215.36]
2025-04-22 19:02:52 55 sec: 418673 operations; [READ: Count=209244 Max=6287.36 Min=2.34 Avg=75.95 10=13.23 25=39.65 50=63.87 75=94.85 90=140.29 95=178.69 99=272.64 99.9=857.09 99.99=1665.02] [UPDATE: Count=209429 Max=27131.90 Min=7.42 Avg=87.81 10=24.99 25=49.05 50=73.60 75=105.79 90=151.68 95=191.49 99=301.82 99.9=970.24 99.99=3121.15]
2025-04-22 19:02:53 56 sec: 440535 operations; [READ: Count=220213 Max=6287.36 Min=2.34 Avg=74.18 10=12.22 25=38.75 50=62.02 75=92.73 90=137.47 95=175.87 99=268.29 99.9=843.26 99.99=1641.47] [UPDATE: Count=220322 Max=27131.90 Min=7.42 Avg=85.90 10=23.50 25=47.97 50=71.61 75=103.55 90=148.99 95=188.67 99=296.19 99.9=955.90 99.99=2887.68]
2025-04-22 19:02:54 57 sec: 457570 operations; [READ: Count=228594 Max=6287.36 Min=2.34 Avg=72.96 10=11.75 25=38.14 50=60.86 75=91.20 90=135.55 95=173.95 99=265.21 99.9=830.46 99.99=1636.35] [UPDATE: Count=228976 Max=200933.38 Min=7.42 Avg=85.45 10=22.75 25=47.30 50=70.33 75=101.89 90=146.81 95=186.62 99=292.10 99.9=947.71 99.99=2887.68]
2025-04-22 19:02:55 58 sec: 478201 operations; [READ: Count=238911 Max=6287.36 Min=2.34 Avg=71.62 10=11.30 25=37.63 50=59.81 75=89.47 90=133.25 95=171.39 99=262.01 99.9=815.10 99.99=1631.23] [UPDATE: Count=239290 Max=200933.38 Min=7.42 Avg=84.04 10=22.25 25=46.78 50=69.38 75=100.09 90=144.51 95=184.19 99=288.51 99.9=937.98 99.99=2867.20]
2025-04-22 19:02:56 59 sec: 499460 operations; [READ: Count=249538 Max=6287.36 Min=2.34 Avg=70.29 10=10.94 25=37.09 50=58.69 75=87.74 90=130.69 95=168.96 99=258.94 99.9=803.33 99.99=1629.18] [UPDATE: Count=249922 Max=200933.38 Min=7.42 Avg=82.66 10=21.71 25=46.24 50=68.29 75=98.37 90=142.08 95=181.63 99=285.44 99.9=929.79 99.99=2820.09]
2025-04-22 19:02:57 60 sec: 523048 operations; [READ: Count=261391 Max=6287.36 Min=2.34 Avg=68.74 10=10.47 25=36.32 50=56.93 75=85.95 90=128.38 95=166.40 99=256.25 99.9=790.01 99.99=1617.92] [UPDATE: Count=261657 Max=200933.38 Min=7.42 Avg=81.06 10=21.02 25=45.28 50=66.56 75=96.51 90=139.78 95=179.20 99=281.86 99.9=923.65 99.99=2867.20]
2025-04-22 19:02:58 61 sec: 548526 operations; [READ: Count=274084 Max=6287.36 Min=2.30 Avg=67.11 10=10.02 25=35.33 50=54.98 75=84.16 90=125.95 95=163.58 99=253.06 99.9=776.19 99.99=1601.54] [UPDATE: Count=274442 Max=200933.38 Min=7.42 Avg=79.30 10=20.25 25=44.03 50=64.67 75=94.66 90=137.22 95=176.64 99=278.53 99.9=918.53 99.99=2820.09]
2025-04-22 19:02:59 62 sec: 579115 operations; [READ: Count=289408 Max=6287.36 Min=2.30 Avg=65.00 10=9.49 25=33.44 50=51.94 75=82.11 90=123.14 95=160.77 99=250.24 99.9=771.58 99.99=1569.79] [UPDATE: Count=289707 Max=200933.38 Min=7.42 Avg=77.04 10=19.33 25=41.85 50=61.92 75=92.73 90=134.66 95=173.95 99=276.22 99.9=908.29 99.99=2787.33]
2025-04-22 19:03:00 63 sec: 611797 operations; [READ: Count=305886 Max=6287.36 Min=2.10 Avg=62.88 10=8.96 25=31.60 50=48.77 75=80.19 90=120.32 95=157.69 99=247.17 99.9=762.37 99.99=1552.38] [UPDATE: Count=305911 Max=200933.38 Min=7.42 Avg=74.76 10=18.45 25=39.65 50=59.17 75=90.75 90=131.84 95=171.01 99=272.13 99.9=885.76 99.99=2736.13]
2025-04-22 19:03:01 64 sec: 643923 operations; [READ: Count=321922 Max=6287.36 Min=2.10 Avg=61.07 10=8.52 25=30.22 50=46.11 75=78.59 90=117.82 95=155.01 99=244.74 99.9=742.40 99.99=1540.10] [UPDATE: Count=322001 Max=200933.38 Min=7.41 Avg=72.72 10=17.68 25=37.92 50=56.64 75=89.09 90=129.28 95=168.06 99=268.80 99.9=872.45 99.99=2691.07]
2025-04-22 19:03:02 65 sec: 673248 operations; [READ: Count=336577 Max=6287.36 Min=2.10 Avg=59.67 10=8.19 25=29.33 50=44.16 75=77.25 90=115.84 95=152.96 99=243.46 99.9=741.38 99.99=1507.33] [UPDATE: Count=336671 Max=200933.38 Min=6.99 Avg=71.19 10=17.12 25=36.83 50=54.59 75=87.68 90=127.30 95=166.01 99=267.26 99.9=865.79 99.99=2637.82]
2025-04-22 19:03:03 66 sec: 699872 operations; [READ: Count=349919 Max=6287.36 Min=2.10 Avg=58.60 10=7.96 25=28.86 50=42.66 75=76.09 90=114.05 95=151.04 99=242.81 99.9=747.01 99.99=1485.82] [UPDATE: Count=349953 Max=200933.38 Min=6.99 Avg=70.07 10=16.75 25=36.19 50=52.93 75=86.59 90=125.63 95=164.35 99=266.50 99.9=869.38 99.99=2637.82]
2025-04-22 19:03:04 67 sec: 728164 operations; [READ: Count=364063 Max=6287.36 Min=2.10 Avg=57.50 10=7.74 25=28.32 50=41.15 75=75.01 90=112.25 95=148.99 99=241.79 99.9=762.37 99.99=1482.75] [UPDATE: Count=364101 Max=200933.38 Min=6.99 Avg=68.86 10=16.34 25=35.52 50=51.33 75=85.44 90=123.97 95=162.30 99=265.98 99.9=874.50 99.99=2496.51]
2025-04-22 19:03:05 68 sec: 760563 operations; [READ: Count=380207 Max=6287.36 Min=2.10 Avg=56.16 10=7.49 25=27.77 50=39.68 75=73.73 90=110.21 95=146.43 99=239.36 99.9=748.54 99.99=1442.82] [UPDATE: Count=380356 Max=200933.38 Min=6.99 Avg=67.37 10=15.89 25=34.81 50=49.60 75=84.16 90=121.79 95=159.87 99=262.91 99.9=863.74 99.99=2408.45]
2025-04-22 19:03:06 69 sec: 792812 operations; [READ: Count=396425 Max=6287.36 Min=2.10 Avg=54.93 10=7.29 25=27.34 50=38.37 75=72.45 90=108.29 95=144.25 99=237.18 99.9=741.38 99.99=1421.31] [UPDATE: Count=396387 Max=200933.38 Min=6.99 Avg=66.03 10=15.54 25=34.27 50=48.03 75=82.88 90=119.94 95=157.69 99=260.48 99.9=850.43 99.99=2377.73]
2025-04-22 19:03:07 70 sec: 825881 operations; [READ: Count=412886 Max=6287.36 Min=2.10 Avg=53.76 10=7.09 25=26.91 50=37.12 75=71.17 90=106.43 95=142.08 99=234.88 99.9=729.60 99.99=1419.26] [UPDATE: Count=412995 Max=200933.38 Min=6.99 Avg=64.72 10=15.21 25=33.76 50=46.59 75=81.60 90=118.14 95=155.52 99=257.41 99.9=837.12 99.99=2334.72]
2025-04-22 19:03:08 71 sec: 852786 operations; [READ: Count=426339 Max=6287.36 Min=2.10 Avg=53.08 10=6.97 25=26.62 50=36.22 75=70.14 90=105.15 95=140.93 99=235.39 99.9=753.15 99.99=1406.97] [UPDATE: Count=426447 Max=200933.38 Min=6.99 Avg=63.95 10=14.98 25=33.41 50=45.47 75=80.51 90=116.93 95=153.98 99=258.43 99.9=860.67 99.99=2334.72]
2025-04-22 19:03:09 72 sec: 882143 operations; [READ: Count=441115 Max=6287.36 Min=2.10 Avg=52.26 10=6.89 25=26.37 50=35.33 75=69.06 90=103.74 95=139.52 99=234.50 99.9=760.83 99.99=1406.97] [UPDATE: Count=441028 Max=200933.38 Min=6.99 Avg=63.10 10=14.84 25=33.09 50=44.48 75=79.42 90=115.52 95=152.45 99=257.54 99.9=860.67 99.99=2334.72]
2025-04-22 19:03:10 73 sec: 912210 operations; [READ: Count=456178 Max=6287.36 Min=2.10 Avg=51.45 10=6.84 25=26.13 50=34.62 75=68.03 90=102.46 95=137.73 99=232.96 99.9=750.59 99.99=1384.45] [UPDATE: Count=456032 Max=200933.38 Min=6.99 Avg=62.24 10=14.75 25=32.83 50=43.65 75=78.33 90=114.24 95=150.91 99=256.13 99.9=848.89 99.99=2310.14]
2025-04-22 19:03:11 74 sec: 938311 operations; [READ: Count=469251 Max=6287.36 Min=1.89 Avg=50.92 10=6.88 25=25.95 50=34.40 75=67.20 90=101.63 95=136.45 99=231.94 99.9=743.42 99.99=1383.42] [UPDATE: Count=469060 Max=200933.38 Min=6.99 Avg=61.68 10=14.78 25=32.64 50=43.33 75=77.50 90=113.28 95=149.63 99=256.00 99.9=838.14 99.99=2295.81]
2025-04-22 19:03:12 75 sec: 963482 operations; [READ: Count=481908 Max=6287.36 Min=1.89 Avg=50.49 10=6.92 25=25.76 50=34.21 75=66.56 90=100.93 95=135.42 99=231.55 99.9=738.82 99.99=1373.18] [UPDATE: Count=481574 Max=200933.38 Min=6.99 Avg=61.21 10=14.80 25=32.41 50=43.04 75=76.80 90=112.58 95=148.74 99=256.25 99.9=830.98 99.99=2271.23]
2025-04-22 19:03:13 76 sec: 982256 operations; [READ: Count=491313 Max=6287.36 Min=1.89 Avg=50.41 10=6.93 25=25.60 50=33.98 75=66.11 90=100.61 95=135.04 99=234.62 99.9=765.95 99.99=1442.82] [UPDATE: Count=490943 Max=200933.38 Min=6.94 Avg=61.16 10=14.78 25=32.24 50=42.75 75=76.29 90=112.19 95=148.48 99=260.61 99.9=869.38 99.99=2295.81]
2025-04-22 19:03:14 77 sec: 1000000 operations; [READ: Count=500160 Max=6287.36 Min=1.89 Avg=50.12 10=6.94 25=25.42 50=33.79 75=65.73 90=100.09 95=134.27 99=234.11 99.9=762.88 99.99=1432.58] [UPDATE: Count=499840 Max=200933.38 Min=6.94 Avg=60.83 10=14.76 25=32.05 50=42.49 75=75.97 90=111.61 95=147.71 99=260.22 99.9=865.79 99.99=2271.23]
2025-04-22 19:03:15 78 sec: 1000000 operations; [READ: Count=500160 Max=6287.36 Min=1.89 Avg=50.12 10=6.94 25=25.42 50=33.79 75=65.73 90=100.09 95=134.27 99=234.11 99.9=762.88 99.99=1432.58] [UPDATE: Count=499840 Max=200933.38 Min=6.94 Avg=60.83 10=14.76 25=32.05 50=42.49 75=75.97 90=111.61 95=147.71 99=260.22 99.9=865.79 99.99=2271.23]
2025-04-22 19:03:16 79 sec: 1000000 operations; [READ: Count=500160 Max=6287.36 Min=1.89 Avg=50.12 10=6.94 25=25.42 50=33.79 75=65.73 90=100.09 95=134.27 99=234.11 99.9=762.88 99.99=1432.58] [UPDATE: Count=499840 Max=200933.38 Min=6.94 Avg=60.83 10=14.76 25=32.05 50=42.49 75=75.97 90=111.61 95=147.71 99=260.22 99.9=865.79 99.99=2271.23]
2025-04-22 19:03:16 79 sec: 1000000 operations; [READ: Count=500160 Max=6287.36 Min=1.89 Avg=50.12 10=6.94 25=25.42 50=33.79 75=65.73 90=100.09 95=134.27 99=234.11 99.9=762.88 99.99=1432.58] [UPDATE: Count=499840 Max=200933.38 Min=6.94 Avg=60.83 10=14.76 25=32.05 50=42.49 75=75.97 90=111.61 95=147.71 99=260.22 99.9=865.79 99.99=2271.23]
Run runtime(sec): 79.2959
Run operations(ops): 1000000
Run throughput(ops/sec): 12611
