Running scope as unit: run-r35055ab04874484da181dbc54fb5d6ef.scope
load file:/home/user/DataFiles/silesia_data/silesia.tar
2025-04-22 18:47:12 0 sec: 0 operations;
2025-04-22 18:47:13 1 sec: 64239 operations; [INSERT: Count=64239 Max=4444.16 Min=4.29 Avg=11.93 10=7.38 25=8.59 50=10.65 75=14.25 90=17.66 95=19.68 99=24.18 99.9=49.73 99.99=178.81]
2025-04-22 18:47:14 2 sec: 128548 operations; [INSERT: Count=128548 Max=4444.16 Min=4.29 Avg=12.11 10=7.58 25=8.81 50=10.89 75=14.47 90=17.84 95=19.82 99=24.21 99.9=49.73 99.99=167.17]
2025-04-22 18:47:15 3 sec: 192033 operations; [INSERT: Count=192033 Max=4444.16 Min=4.29 Avg=12.23 10=7.71 25=8.96 50=11.05 75=14.57 90=17.92 95=19.89 99=24.29 99.9=53.70 99.99=165.25]
2025-04-22 18:47:16 4 sec: 252554 operations; [INSERT: Count=252554 Max=18890.75 Min=4.29 Avg=12.48 10=7.78 25=9.04 50=11.12 75=14.61 90=17.93 95=19.90 99=24.38 99.9=51.58 99.99=168.45]
2025-04-22 18:47:17 5 sec: 315441 operations; [INSERT: Count=315441 Max=18890.75 Min=4.29 Avg=12.51 10=7.86 25=9.12 50=11.21 75=14.67 90=18.00 95=19.95 99=24.40 99.9=51.45 99.99=168.57]
2025-04-22 18:47:18 6 sec: 376708 operations; [INSERT: Count=376708 Max=18890.75 Min=4.29 Avg=12.60 10=7.95 25=9.23 50=11.33 75=14.78 90=18.11 95=20.06 99=24.54 99.9=55.10 99.99=167.81]
2025-04-22 18:47:19 7 sec: 437400 operations; [INSERT: Count=437400 Max=18890.75 Min=4.29 Avg=12.68 10=8.02 25=9.32 50=11.43 75=14.89 90=18.22 95=20.21 99=24.77 99.9=55.04 99.99=167.81]
2025-04-22 18:47:20 8 sec: 496274 operations; [INSERT: Count=496274 Max=18890.75 Min=4.29 Avg=12.77 10=8.04 25=9.35 50=11.50 75=15.03 90=18.45 95=20.50 99=25.34 99.9=54.53 99.99=176.13]
2025-04-22 18:47:21 9 sec: 555531 operations; [INSERT: Count=555531 Max=18890.75 Min=4.29 Avg=12.85 10=8.08 25=9.40 50=11.57 75=15.13 90=18.61 95=20.70 99=25.65 99.9=53.22 99.99=186.62]
2025-04-22 18:47:22 10 sec: 605753 operations; [INSERT: Count=605753 Max=18890.75 Min=4.29 Avg=13.12 10=8.14 25=9.49 50=11.75 75=15.46 90=19.10 95=21.49 99=28.18 99.9=54.62 99.99=200.96]
2025-04-22 18:47:23 11 sec: 656058 operations; [INSERT: Count=656058 Max=18890.75 Min=4.29 Avg=13.39 10=8.20 25=9.59 50=11.94 75=15.77 90=19.58 95=22.25 99=29.86 99.9=56.96 99.99=214.01]
2025-04-22 18:47:24 12 sec: 707180 operations; [INSERT: Count=707180 Max=18890.75 Min=4.29 Avg=13.60 10=8.26 25=9.69 50=12.12 75=16.02 90=20.00 95=22.86 99=30.78 99.9=56.73 99.99=215.55]
2025-04-22 18:47:25 13 sec: 758573 operations; [INSERT: Count=758573 Max=18890.75 Min=4.29 Avg=13.77 10=8.32 25=9.77 50=12.26 75=16.20 90=20.27 95=23.25 99=31.20 99.9=73.86 99.99=228.22]
2025-04-22 18:47:26 14 sec: 810510 operations; [INSERT: Count=810510 Max=18890.75 Min=4.29 Avg=13.91 10=8.37 25=9.84 50=12.38 75=16.34 90=20.48 95=23.49 99=31.45 99.9=139.78 99.99=234.24]
2025-04-22 18:47:27 15 sec: 862403 operations; [INSERT: Count=862403 Max=18890.75 Min=4.29 Avg=14.03 10=8.41 25=9.91 50=12.47 75=16.46 90=20.64 95=23.68 99=31.61 99.9=157.57 99.99=238.85]
2025-04-22 18:47:28 16 sec: 905394 operations; [INSERT: Count=905394 Max=18890.75 Min=4.29 Avg=14.31 10=8.46 25=9.99 50=12.62 75=16.67 90=21.02 95=24.27 99=33.28 99.9=171.39 99.99=267.01]
2025-04-22 18:47:29 17 sec: 956878 operations; [INSERT: Count=956878 Max=18890.75 Min=4.29 Avg=14.40 10=8.45 25=9.99 50=12.64 75=16.75 90=21.21 95=24.57 99=34.11 99.9=174.85 99.99=287.74]
2025-04-22 18:47:30 18 sec: 1000000 operations; [INSERT: Count=1000000 Max=18890.75 Min=4.29 Avg=14.31 10=8.29 25=9.86 50=12.49 75=16.61 90=21.10 95=24.51 99=34.21 99.9=176.38 99.99=342.27]
2025-04-22 18:47:31 19 sec: 1000000 operations; [INSERT: Count=1000000 Max=18890.75 Min=4.29 Avg=14.31 10=8.29 25=9.86 50=12.49 75=16.61 90=21.10 95=24.51 99=34.21 99.9=176.38 99.99=342.27]
2025-04-22 18:47:32 20 sec: 1000000 operations; [INSERT: Count=1000000 Max=18890.75 Min=4.29 Avg=14.31 10=8.29 25=9.86 50=12.49 75=16.61 90=21.10 95=24.51 99=34.21 99.9=176.38 99.99=342.27]
2025-04-22 18:47:33 21 sec: 1000000 operations; [INSERT: Count=1000000 Max=18890.75 Min=4.29 Avg=14.31 10=8.29 25=9.86 50=12.49 75=16.61 90=21.10 95=24.51 99=34.21 99.9=176.38 99.99=342.27]
2025-04-22 18:47:34 22 sec: 1000000 operations; [INSERT: Count=1000000 Max=18890.75 Min=4.29 Avg=14.31 10=8.29 25=9.86 50=12.49 75=16.61 90=21.10 95=24.51 99=34.21 99.9=176.38 99.99=342.27]
2025-04-22 18:47:34 22 sec: 1000000 operations; [INSERT: Count=1000000 Max=18890.75 Min=4.29 Avg=14.31 10=8.29 25=9.86 50=12.49 75=16.61 90=21.10 95=24.51 99=34.21 99.9=176.38 99.99=342.27]
Load runtime(sec): 22.0829
Load operations(ops): 1000000
Load throughput(ops/sec): 45283.9
