Running scope as unit: run-r2bcda8b1e8e04d21ad7a7c8a9824eea3.scope
load file:/home/user/DataFiles/silesia_data/silesia.tar
2025-04-22 18:47:12 0 sec: 0 operations;
2025-04-22 18:47:13 1 sec: 58396 operations; [INSERT: Count=58396 Max=4812.80 Min=4.62 Avg=13.56 10=7.95 25=9.43 50=12.05 75=16.43 90=20.78 95=23.39 99=28.88 99.9=44.32 99.99=173.18]
2025-04-22 18:47:14 2 sec: 116339 operations; [INSERT: Count=116339 Max=4812.80 Min=4.62 Avg=13.78 10=8.18 25=9.69 50=12.35 75=16.72 90=21.09 95=23.68 99=28.98 99.9=43.17 99.99=169.60]
2025-04-22 18:47:15 3 sec: 173739 operations; [INSERT: Count=173739 Max=4812.80 Min=4.62 Avg=13.91 10=8.29 25=9.81 50=12.47 75=16.85 90=21.18 95=23.76 99=29.07 99.9=48.86 99.99=170.88]
2025-04-22 18:47:16 4 sec: 230645 operations; [INSERT: Count=230645 Max=17776.64 Min=4.62 Avg=14.01 10=8.30 25=9.80 50=12.40 75=16.66 90=20.94 95=23.52 99=28.89 99.9=51.39 99.99=173.69]
2025-04-22 18:47:17 5 sec: 288156 operations; [INSERT: Count=288156 Max=17776.64 Min=4.62 Avg=14.03 10=8.38 25=9.87 50=12.48 75=16.73 90=20.99 95=23.57 99=28.91 99.9=49.85 99.99=174.46]
2025-04-22 18:47:18 6 sec: 346626 operations; [INSERT: Count=346626 Max=17776.64 Min=4.62 Avg=14.00 10=8.41 25=9.90 50=12.49 75=16.69 90=20.89 95=23.47 99=28.83 99.9=51.49 99.99=173.69]
2025-04-22 18:47:19 7 sec: 405088 operations; [INSERT: Count=405088 Max=17776.64 Min=4.62 Avg=13.98 10=8.44 25=9.94 50=12.50 75=16.64 90=20.83 95=23.38 99=28.73 99.9=54.94 99.99=173.69]
2025-04-22 18:47:20 8 sec: 459846 operations; [INSERT: Count=459846 Max=17776.64 Min=4.62 Avg=14.10 10=8.49 25=10.02 50=12.62 75=16.80 90=21.04 95=23.66 99=29.25 99.9=53.85 99.99=180.09]
2025-04-22 18:47:21 9 sec: 514642 operations; [INSERT: Count=514642 Max=17776.64 Min=4.47 Avg=14.19 10=8.49 25=10.03 50=12.68 75=16.96 90=21.30 95=24.02 99=29.97 99.9=53.76 99.99=192.25]
2025-04-22 18:47:22 10 sec: 568959 operations; [INSERT: Count=568959 Max=17776.64 Min=4.47 Avg=14.28 10=8.52 25=10.07 50=12.75 75=17.07 90=21.49 95=24.29 99=30.40 99.9=54.24 99.99=202.88]
2025-04-22 18:47:23 11 sec: 622740 operations; [INSERT: Count=622740 Max=17776.64 Min=4.47 Avg=14.37 10=8.54 25=10.10 50=12.81 75=17.18 90=21.66 95=24.53 99=30.91 99.9=54.94 99.99=214.14]
2025-04-22 18:47:24 12 sec: 677164 operations; [INSERT: Count=677164 Max=17776.64 Min=4.47 Avg=14.43 10=8.56 25=10.13 50=12.87 75=17.26 90=21.76 95=24.67 99=31.20 99.9=55.23 99.99=219.01]
2025-04-22 18:47:25 13 sec: 733248 operations; [INSERT: Count=733248 Max=17776.64 Min=4.47 Avg=14.44 10=8.57 25=10.15 50=12.88 75=17.26 90=21.77 95=24.67 99=31.25 99.9=55.20 99.99=223.36]
2025-04-22 18:47:26 14 sec: 788776 operations; [INSERT: Count=788776 Max=17776.64 Min=4.47 Avg=14.46 10=8.59 25=10.16 50=12.88 75=17.25 90=21.74 95=24.64 99=31.26 99.9=136.19 99.99=228.99]
2025-04-22 18:47:27 15 sec: 843441 operations; [INSERT: Count=843441 Max=17776.64 Min=4.47 Avg=14.49 10=8.62 25=10.18 50=12.89 75=17.23 90=21.71 95=24.62 99=31.33 99.9=146.30 99.99=235.65]
2025-04-22 18:47:28 16 sec: 888903 operations; [INSERT: Count=888903 Max=17776.64 Min=4.47 Avg=14.71 10=8.65 25=10.24 50=12.99 75=17.38 90=21.95 95=24.99 99=32.58 99.9=151.68 99.99=261.38]
2025-04-22 18:47:29 17 sec: 940326 operations; [INSERT: Count=940326 Max=17776.64 Min=4.47 Avg=14.79 10=8.62 25=10.22 50=13.00 75=17.41 90=22.05 95=25.20 99=33.50 99.9=155.39 99.99=283.39]
2025-04-22 18:47:30 18 sec: 1000000 operations; [INSERT: Count=1000000 Max=17776.64 Min=4.19 Avg=14.55 10=8.29 25=9.97 50=12.71 75=17.14 90=21.86 95=25.05 99=33.57 99.9=155.78 99.99=328.19]
2025-04-22 18:47:31 19 sec: 1000000 operations; [INSERT: Count=1000000 Max=17776.64 Min=4.19 Avg=14.55 10=8.29 25=9.97 50=12.71 75=17.14 90=21.86 95=25.05 99=33.57 99.9=155.78 99.99=328.19]
2025-04-22 18:47:32 20 sec: 1000000 operations; [INSERT: Count=1000000 Max=17776.64 Min=4.19 Avg=14.55 10=8.29 25=9.97 50=12.71 75=17.14 90=21.86 95=25.05 99=33.57 99.9=155.78 99.99=328.19]
2025-04-22 18:47:33 21 sec: 1000000 operations; [INSERT: Count=1000000 Max=17776.64 Min=4.19 Avg=14.55 10=8.29 25=9.97 50=12.71 75=17.14 90=21.86 95=25.05 99=33.57 99.9=155.78 99.99=328.19]
2025-04-22 18:47:34 22 sec: 1000000 operations; [INSERT: Count=1000000 Max=17776.64 Min=4.19 Avg=14.55 10=8.29 25=9.97 50=12.71 75=17.14 90=21.86 95=25.05 99=33.57 99.9=155.78 99.99=328.19]
2025-04-22 18:47:35 22 sec: 1000000 operations; [INSERT: Count=1000000 Max=17776.64 Min=4.19 Avg=14.55 10=8.29 25=9.97 50=12.71 75=17.14 90=21.86 95=25.05 99=33.57 99.9=155.78 99.99=328.19]
Load runtime(sec): 22.5221
Load operations(ops): 1000000
Load throughput(ops/sec): 44400.9
