Running scope as unit: run-r3d82f558ecee4b3ba779805534bc8474.scope
load file:/home/user/DataFiles/silesia_data/silesia.tar
2025-04-22 06:42:18 0 sec: 0 operations;
2025-04-22 06:42:19 1 sec: 0 operations;
2025-04-22 06:42:20 2 sec: 0 operations;
2025-04-22 06:42:21 3 sec: 0 operations;
2025-04-22 06:42:22 4 sec: 0 operations;
2025-04-22 06:42:23 5 sec: 0 operations;
2025-04-22 06:42:24 6 sec: 0 operations;
2025-04-22 06:42:25 7 sec: 0 operations;
2025-04-22 06:42:26 8 sec: 0 operations;
2025-04-22 06:42:27 9 sec: 9982 operations; [READ: Count=6697 Max=2063.36 Min=4.29 Avg=74.06 10=22.89 25=30.93 50=43.77 75=80.89 90=156.93 95=202.88 99=448.51 99.9=805.38 99.99=1353.73] [UPDATE: Count=3285 Max=3330.05 Min=8.99 Avg=51.43 10=18.48 25=25.81 50=39.39 75=62.24 90=89.98 95=110.08 99=164.48 99.9=1130.49 99.99=3330.05]
2025-04-22 06:42:28 10 sec: 17140 operations; [READ: Count=11485 Max=4435.97 Min=3.43 Avg=104.86 10=23.02 25=31.17 50=44.54 75=79.36 90=169.09 95=264.70 99=1308.67 99.9=3610.62 99.99=3956.74] [UPDATE: Count=5655 Max=26214.40 Min=7.55 Avg=80.09 10=17.74 25=25.82 50=39.97 75=62.02 90=89.15 95=109.82 99=171.78 99.9=13778.94 99.99=24936.45]
2025-04-22 06:42:29 11 sec: 27464 operations; [READ: Count=18355 Max=4435.97 Min=3.43 Avg=101.02 10=23.41 25=31.76 50=45.50 75=79.94 90=171.26 95=286.72 99=1073.15 99.9=3368.96 99.99=3872.77] [UPDATE: Count=9109 Max=28786.69 Min=7.55 Avg=86.77 10=18.57 25=26.11 50=39.94 75=61.38 90=88.25 95=109.95 99=185.22 99.9=17432.58 99.99=26214.40]
2025-04-22 06:42:30 12 sec: 34220 operations; [READ: Count=22854 Max=4435.97 Min=3.43 Avg=110.83 10=23.58 25=32.00 50=45.57 75=79.30 90=182.53 95=396.03 99=1276.93 99.9=3176.45 99.99=3872.77] [UPDATE: Count=11366 Max=28786.69 Min=7.55 Avg=96.74 10=18.56 25=25.98 50=39.36 75=60.61 90=87.36 95=109.57 99=190.59 99.9=17956.86 99.99=26214.40]
2025-04-22 06:42:31 13 sec: 44534 operations; [READ: Count=29683 Max=4435.97 Min=3.43 Avg=110.94 10=23.89 25=32.30 50=46.05 75=79.68 90=181.76 95=413.95 99=1251.33 99.9=3115.01 99.99=3809.28] [UPDATE: Count=14851 Max=28786.69 Min=7.55 Avg=89.64 10=18.27 25=24.70 50=35.97 75=55.42 90=81.28 95=102.97 99=188.67 99.9=16203.77 99.99=26214.40]
2025-04-22 06:42:32 14 sec: 50133 operations; [READ: Count=33412 Max=39354.37 Min=3.30 Avg=124.66 10=23.49 25=31.76 50=45.28 75=78.40 90=197.38 95=564.74 99=1412.10 99.9=3121.15 99.99=4435.97] [UPDATE: Count=16721 Max=28786.69 Min=7.55 Avg=86.98 10=16.67 25=22.54 50=33.50 75=52.13 90=78.33 95=100.54 99=201.98 99.9=14983.17 99.99=24936.45]
2025-04-22 06:42:33 15 sec: 60017 operations; [READ: Count=39953 Max=39354.37 Min=2.66 Avg=126.69 10=23.55 25=32.00 50=45.92 75=85.38 90=220.67 95=570.88 99=1363.97 99.9=3012.61 99.99=4333.57] [UPDATE: Count=20064 Max=28786.69 Min=6.78 Avg=77.13 10=14.42 25=19.23 50=29.23 75=47.39 90=73.53 95=95.42 99=205.69 99.9=13778.94 99.99=24936.45]
2025-04-22 06:42:34 16 sec: 74716 operations; [READ: Count=49719 Max=39354.37 Min=2.66 Avg=119.34 10=22.98 25=31.50 50=45.28 75=99.52 90=208.13 95=480.51 99=1273.86 99.9=2777.09 99.99=3956.74] [UPDATE: Count=24997 Max=28786.69 Min=6.78 Avg=66.53 10=12.82 25=16.09 50=24.21 75=41.70 90=67.97 95=89.92 99=204.16 99.9=12451.84 99.99=24936.45]
2025-04-22 06:42:35 17 sec: 94106 operations; [READ: Count=62679 Max=39354.37 Min=2.66 Avg=107.49 10=21.52 25=29.84 50=42.91 75=85.76 90=189.69 95=403.71 99=1175.55 99.9=2547.71 99.99=3872.77] [UPDATE: Count=31427 Max=28786.69 Min=6.78 Avg=58.47 10=12.84 25=15.94 50=22.73 75=37.63 90=63.07 95=84.09 99=185.22 99.9=10100.74 99.99=22167.55]
2025-04-22 06:42:36 18 sec: 110054 operations; [READ: Count=73366 Max=39354.37 Min=2.66 Avg=102.29 10=20.30 25=28.43 50=41.05 75=75.39 90=182.91 95=385.79 99=1136.64 99.9=2408.45 99.99=3809.28] [UPDATE: Count=36688 Max=28786.69 Min=6.78 Avg=55.94 10=12.70 25=15.70 50=22.11 75=35.77 90=60.29 95=81.02 99=177.41 99.9=9019.39 99.99=21856.26]
2025-04-22 06:42:37 19 sec: 128140 operations; [READ: Count=85390 Max=39354.37 Min=2.66 Avg=97.02 10=19.82 25=27.58 50=39.84 75=69.06 90=175.10 95=363.52 99=1079.30 99.9=2293.76 99.99=3778.56] [UPDATE: Count=42750 Max=28786.69 Min=6.66 Avg=52.66 10=12.65 25=15.61 50=21.79 75=34.72 90=58.21 95=78.66 99=170.50 99.9=7434.24 99.99=21856.26]
2025-04-22 06:42:38 20 sec: 148887 operations; [READ: Count=99150 Max=39354.37 Min=2.66 Avg=91.26 10=19.15 25=26.50 50=38.34 75=63.81 90=165.12 95=336.89 99=1026.05 99.9=2193.41 99.99=3692.54] [UPDATE: Count=49737 Max=28786.69 Min=6.66 Avg=49.55 10=12.51 25=15.41 50=21.38 75=33.66 90=56.45 95=76.67 99=164.74 99.9=5087.23 99.99=21397.50]
2025-04-22 06:42:39 21 sec: 171316 operations; [READ: Count=114115 Max=39354.37 Min=2.66 Avg=86.02 10=18.54 25=25.54 50=36.93 75=59.49 90=155.90 95=304.38 99=976.89 99.9=2099.20 99.99=3682.30] [UPDATE: Count=57201 Max=28786.69 Min=6.66 Avg=46.75 10=12.32 25=15.10 50=20.85 75=32.56 90=54.24 95=73.98 99=157.95 99.9=4280.32 99.99=20676.61]
2025-04-22 06:42:40 22 sec: 195236 operations; [READ: Count=130082 Max=39354.37 Min=2.66 Avg=81.14 10=18.19 25=24.88 50=36.00 75=56.48 90=146.94 95=271.10 99=927.74 99.9=1993.73 99.99=3659.78] [UPDATE: Count=65154 Max=28786.69 Min=6.66 Avg=44.63 10=12.21 25=14.96 50=20.50 75=31.86 90=52.93 95=72.51 99=151.68 99.9=3516.41 99.99=18595.84]
2025-04-22 06:42:41 23 sec: 214805 operations; [READ: Count=143175 Max=39354.37 Min=2.66 Avg=79.06 10=17.95 25=24.50 50=35.39 75=54.98 90=141.95 95=258.81 99=922.62 99.9=1952.77 99.99=3649.53] [UPDATE: Count=71630 Max=28786.69 Min=6.66 Avg=43.61 10=12.17 25=14.91 50=20.38 75=31.34 90=51.74 95=71.23 99=149.89 99.9=3360.77 99.99=18595.84]
2025-04-22 06:42:42 24 sec: 233399 operations; [READ: Count=155512 Max=39354.37 Min=2.66 Avg=77.83 10=17.98 25=24.51 50=35.33 75=54.53 90=140.80 95=254.46 99=893.95 99.9=1909.76 99.99=3610.62] [UPDATE: Count=77887 Max=28786.69 Min=6.66 Avg=42.61 10=12.28 25=15.09 50=20.50 75=30.94 90=50.62 95=69.95 99=148.86 99.9=3235.84 99.99=18546.69]
2025-04-22 06:42:43 25 sec: 250984 operations; [READ: Count=167263 Max=39354.37 Min=2.66 Avg=77.23 10=17.89 25=24.37 50=35.10 75=54.24 90=141.31 95=256.64 99=873.98 99.9=1890.30 99.99=3581.95] [UPDATE: Count=83721 Max=28786.69 Min=6.66 Avg=41.66 10=12.25 25=15.02 50=20.25 75=30.30 90=49.44 95=68.42 99=149.25 99.9=3129.34 99.99=18546.69]
2025-04-22 06:42:44 26 sec: 264100 operations; [READ: Count=176024 Max=39354.37 Min=2.66 Avg=78.20 10=17.86 25=24.38 50=35.13 75=54.72 90=144.64 95=269.57 99=873.47 99.9=1872.89 99.99=3538.94] [UPDATE: Count=88076 Max=28786.69 Min=6.66 Avg=41.18 10=12.28 25=15.05 50=20.21 75=29.89 90=48.45 95=67.39 99=148.99 99.9=3192.83 99.99=18284.54]
2025-04-22 06:42:45 27 sec: 275794 operations; [READ: Count=183790 Max=39354.37 Min=2.66 Avg=79.71 10=17.86 25=24.46 50=35.42 75=56.22 90=150.53 95=282.11 99=865.79 99.9=1854.46 99.99=3538.94] [UPDATE: Count=92004 Max=28786.69 Min=6.66 Avg=40.53 10=12.27 25=15.01 50=20.03 75=29.44 90=47.58 95=66.37 99=148.48 99.9=3129.34 99.99=18284.54]
2025-04-22 06:42:46 28 sec: 284917 operations; [READ: Count=189860 Max=39354.37 Min=2.66 Avg=81.89 10=17.84 25=24.51 50=35.62 75=57.50 90=155.39 95=300.54 99=882.69 99.9=1872.89 99.99=3491.84] [UPDATE: Count=95057 Max=28786.69 Min=6.66 Avg=40.20 10=12.24 25=14.94 50=19.86 75=29.07 90=46.94 95=65.60 99=147.97 99.9=3133.44 99.99=18087.94]
2025-04-22 06:42:47 29 sec: 296739 operations; [READ: Count=197690 Max=39354.37 Min=2.66 Avg=83.14 10=17.84 25=24.64 50=35.97 75=59.45 90=159.62 95=307.20 99=873.98 99.9=1854.46 99.99=3454.97] [UPDATE: Count=99049 Max=28786.69 Min=6.66 Avg=39.59 10=12.25 25=14.92 50=19.73 75=28.64 90=46.17 95=64.61 99=147.97 99.9=3096.57 99.99=18087.94]
2025-04-22 06:42:48 30 sec: 307999 operations; [READ: Count=205198 Max=39354.37 Min=2.66 Avg=84.38 10=17.84 25=24.69 50=36.19 75=61.28 90=164.74 95=315.39 99=868.35 99.9=1842.17 99.99=3430.40] [UPDATE: Count=102801 Max=28786.69 Min=6.66 Avg=39.20 10=12.24 25=14.86 50=19.55 75=28.24 90=45.57 95=63.97 99=148.09 99.9=3082.24 99.99=18087.94]
2025-04-22 06:42:49 31 sec: 319373 operations; [READ: Count=212788 Max=39354.37 Min=2.66 Avg=85.57 10=17.81 25=24.64 50=36.22 75=62.91 90=170.24 95=325.63 99=865.79 99.9=1830.91 99.99=3430.40] [UPDATE: Count=106585 Max=28786.69 Min=6.66 Avg=38.69 10=12.18 25=14.75 50=19.36 75=27.86 90=44.90 95=63.30 99=148.09 99.9=3016.70 99.99=17956.86]
2025-04-22 06:42:50 32 sec: 332629 operations; [READ: Count=221653 Max=39354.37 Min=2.66 Avg=86.11 10=17.77 25=24.59 50=36.19 75=64.83 90=172.93 95=329.98 99=853.50 99.9=1817.60 99.99=3375.10] [UPDATE: Count=110976 Max=28786.69 Min=6.66 Avg=38.15 10=12.07 25=14.58 50=19.10 75=27.41 90=44.09 95=62.43 99=147.97 99.9=2988.03 99.99=17956.86]
2025-04-22 06:42:51 33 sec: 344387 operations; [READ: Count=229472 Max=39354.37 Min=2.66 Avg=86.93 10=17.73 25=24.51 50=36.16 75=66.69 90=175.49 95=336.38 99=858.11 99.9=1814.53 99.99=3368.96] [UPDATE: Count=114915 Max=28786.69 Min=6.66 Avg=37.93 10=12.02 25=14.49 50=18.94 75=27.07 90=43.45 95=61.89 99=148.74 99.9=2988.03 99.99=17956.86]
2025-04-22 06:42:52 34 sec: 357749 operations; [READ: Count=238293 Max=39354.37 Min=2.66 Avg=87.38 10=17.70 25=24.51 50=36.16 75=69.18 90=177.28 95=338.94 99=850.94 99.9=1794.05 99.99=3352.57] [UPDATE: Count=119456 Max=28786.69 Min=6.66 Avg=37.43 10=11.97 25=14.41 50=18.80 75=26.70 90=42.85 95=60.93 99=148.48 99.9=2967.55 99.99=17743.87]
2025-04-22 06:42:53 35 sec: 370289 operations; [READ: Count=246642 Max=39354.37 Min=2.66 Avg=87.97 10=17.65 25=24.46 50=36.13 75=72.51 90=180.09 95=342.78 99=846.34 99.9=1772.54 99.99=3282.94] [UPDATE: Count=123647 Max=28786.69 Min=6.66 Avg=37.07 10=11.92 25=14.34 50=18.64 75=26.41 90=42.30 95=60.38 99=148.99 99.9=2940.93 99.99=17743.87]
2025-04-22 06:42:54 36 sec: 383165 operations; [READ: Count=255257 Max=39354.37 Min=2.66 Avg=88.44 10=17.58 25=24.38 50=36.09 75=78.08 90=182.53 95=345.34 99=839.68 99.9=1760.26 99.99=3272.70] [UPDATE: Count=127908 Max=28786.69 Min=6.45 Avg=36.69 10=11.87 25=14.26 50=18.48 75=26.11 90=41.79 95=59.71 99=149.25 99.9=2871.30 99.99=17661.95]
2025-04-22 06:42:55 37 sec: 396814 operations; [READ: Count=264329 Max=39354.37 Min=2.63 Avg=88.70 10=17.49 25=24.24 50=36.00 75=86.97 90=184.83 95=347.13 99=827.39 99.9=1734.65 99.99=3272.70] [UPDATE: Count=132485 Max=28786.69 Min=6.45 Avg=36.29 10=11.81 25=14.15 50=18.30 75=25.74 90=41.18 95=59.07 99=150.78 99.9=2836.48 99.99=17661.95]
2025-04-22 06:42:56 38 sec: 411006 operations; [READ: Count=273763 Max=39354.37 Min=2.63 Avg=88.82 10=17.34 25=24.00 50=35.87 75=94.85 90=185.73 95=347.65 99=817.66 99.9=1723.39 99.99=3237.89] [UPDATE: Count=137243 Max=28786.69 Min=6.45 Avg=35.89 10=11.73 25=14.02 50=18.06 75=25.36 90=40.58 95=58.30 99=151.55 99.9=2775.04 99.99=17432.58]
2025-04-22 06:42:57 39 sec: 431288 operations; [READ: Count=287305 Max=39354.37 Min=2.63 Avg=87.66 10=16.86 25=23.45 50=35.71 75=95.87 90=181.12 95=338.69 99=803.84 99.9=1701.89 99.99=3176.45] [UPDATE: Count=143983 Max=28786.69 Min=6.45 Avg=35.01 10=11.47 25=13.71 50=17.66 75=24.82 90=39.62 95=57.18 99=147.97 99.9=2709.50 99.99=17432.58]
2025-04-22 06:42:58 40 sec: 455180 operations; [READ: Count=303267 Max=39354.37 Min=2.55 Avg=85.95 10=16.29 25=22.83 50=35.55 75=95.17 90=174.46 95=324.61 99=785.41 99.9=1668.10 99.99=3172.35] [UPDATE: Count=151913 Max=28786.69 Min=6.45 Avg=33.85 10=11.14 25=13.33 50=17.20 75=24.21 90=38.56 95=55.84 99=141.69 99.9=2570.24 99.99=16203.77]
2025-04-22 06:42:59 41 sec: 478914 operations; [READ: Count=319113 Max=39354.37 Min=2.55 Avg=84.46 10=15.81 25=22.27 50=35.45 75=94.66 90=168.32 95=311.55 99=765.44 99.9=1650.69 99.99=3123.20] [UPDATE: Count=159801 Max=28786.69 Min=6.45 Avg=32.79 10=10.89 25=12.98 50=16.75 75=23.68 90=37.57 95=54.46 99=136.32 99.9=2473.98 99.99=15228.93]
2025-04-22 06:43:00 42 sec: 501374 operations; [READ: Count=334007 Max=39354.37 Min=2.55 Avg=83.34 10=15.49 25=21.81 50=35.39 75=94.53 90=163.71 95=301.57 99=749.57 99.9=1631.23 99.99=3123.20] [UPDATE: Count=167367 Max=28786.69 Min=6.45 Avg=31.90 10=10.75 25=12.72 50=16.37 75=23.18 90=36.73 95=53.18 99=132.99 99.9=2340.86 99.99=15007.74]
2025-04-22 06:43:01 43 sec: 523378 operations; [READ: Count=348679 Max=39354.37 Min=2.55 Avg=82.37 10=15.19 25=21.39 50=35.30 75=94.53 90=160.00 95=292.35 99=735.23 99.9=1612.80 99.99=3115.01] [UPDATE: Count=174699 Max=28786.69 Min=6.45 Avg=31.13 10=10.65 25=12.50 50=16.04 75=22.72 90=35.97 95=52.09 99=128.77 99.9=2154.49 99.99=15007.74]
2025-04-22 06:43:02 44 sec: 545419 operations; [READ: Count=363302 Max=39354.37 Min=2.55 Avg=81.47 10=14.97 25=21.09 50=35.17 75=94.59 90=156.93 95=283.39 99=723.46 99.9=1595.39 99.99=3102.72] [UPDATE: Count=182117 Max=28786.69 Min=6.45 Avg=30.43 10=10.62 25=12.40 50=15.81 75=22.30 90=35.20 95=51.10 99=124.35 99.9=2123.78 99.99=14983.17]
2025-04-22 06:43:03 45 sec: 569262 operations; [READ: Count=379157 Max=39354.37 Min=2.55 Avg=80.38 10=14.70 25=20.72 50=35.01 75=94.40 90=153.22 95=272.38 99=708.61 99.9=1569.79 99.99=3041.28] [UPDATE: Count=190105 Max=28786.69 Min=6.45 Avg=29.70 10=10.54 25=12.21 50=15.53 75=21.87 90=34.49 95=50.14 99=121.53 99.9=2039.81 99.99=14909.44]
2025-04-22 06:43:04 46 sec: 591924 operations; [READ: Count=394248 Max=39354.37 Min=2.24 Avg=79.54 10=14.44 25=20.41 50=34.85 75=94.33 90=151.04 95=265.21 99=695.81 99.9=1556.48 99.99=3039.23] [UPDATE: Count=197676 Max=28786.69 Min=6.45 Avg=29.06 10=10.48 25=12.05 50=15.29 75=21.49 90=33.82 95=49.25 99=119.17 99.9=1978.37 99.99=14131.20]
2025-04-22 06:43:05 47 sec: 612885 operations; [READ: Count=408266 Max=39354.37 Min=2.24 Avg=78.98 10=14.23 25=20.22 50=34.66 75=94.46 90=149.38 95=260.61 99=686.59 99.9=1541.12 99.99=3012.61] [UPDATE: Count=204619 Max=28786.69 Min=6.45 Avg=28.57 10=10.46 25=12.02 50=15.18 75=21.15 90=33.28 95=48.38 99=116.99 99.9=1924.10 99.99=14131.20]
2025-04-22 06:43:06 48 sec: 634015 operations; [READ: Count=422355 Max=39354.37 Min=2.24 Avg=78.43 10=14.02 25=20.03 50=34.46 75=94.46 90=147.97 95=256.38 99=677.89 99.9=1526.78 99.99=2981.89] [UPDATE: Count=211660 Max=28786.69 Min=6.45 Avg=28.09 10=10.42 25=11.94 50=15.03 75=20.85 90=32.75 95=47.58 99=115.20 99.9=1888.26 99.99=13778.94]
2025-04-22 06:43:07 49 sec: 653232 operations; [READ: Count=435111 Max=39354.37 Min=2.24 Avg=78.17 10=13.82 25=19.89 50=34.27 75=94.66 90=147.58 95=255.49 99=672.25 99.9=1513.47 99.99=2918.40] [UPDATE: Count=218121 Max=28786.69 Min=6.45 Avg=27.70 10=10.41 25=11.90 50=14.95 75=20.57 90=32.27 95=46.91 99=113.79 99.9=1844.22 99.99=13590.53]
2025-04-22 06:43:08 50 sec: 675593 operations; [READ: Count=449963 Max=39354.37 Min=2.24 Avg=77.55 10=13.56 25=19.70 50=34.05 75=94.66 90=146.30 95=250.37 99=662.01 99.9=1500.16 99.99=2891.78] [UPDATE: Count=225630 Max=28786.69 Min=6.45 Avg=27.23 10=10.38 25=11.81 50=14.81 75=20.29 90=31.74 95=46.17 99=111.74 99.9=1776.64 99.99=13418.50]
2025-04-22 06:43:09 51 sec: 697835 operations; [READ: Count=464814 Max=39354.37 Min=2.24 Avg=76.97 10=13.31 25=19.54 50=33.89 75=94.72 90=144.90 95=245.76 99=649.73 99.9=1489.92 99.99=2891.78] [UPDATE: Count=233021 Max=28786.69 Min=6.45 Avg=26.80 10=10.35 25=11.76 50=14.71 75=20.03 90=31.23 95=45.47 99=110.27 99.9=1737.73 99.99=13418.50]
2025-04-22 06:43:10 52 sec: 718171 operations; [READ: Count=478402 Max=39354.37 Min=2.24 Avg=76.64 10=13.06 25=19.41 50=33.66 75=94.85 90=144.25 95=243.97 99=642.05 99.9=1476.61 99.99=2859.01] [UPDATE: Count=239769 Max=28786.69 Min=6.45 Avg=26.45 10=10.33 25=11.70 50=14.61 75=19.79 90=30.80 95=44.83 99=108.99 99.9=1714.17 99.99=13336.58]
2025-04-22 06:43:11 53 sec: 737489 operations; [READ: Count=491336 Max=39354.37 Min=2.24 Avg=76.42 10=12.84 25=19.30 50=33.47 75=94.97 90=144.00 95=243.07 99=637.95 99.9=1467.39 99.99=2852.86] [UPDATE: Count=246153 Max=28786.69 Min=6.45 Avg=26.18 10=10.32 25=11.67 50=14.53 75=19.60 90=30.43 95=44.29 99=108.22 99.9=1703.93 99.99=12640.25]
2025-04-22 06:43:12 54 sec: 757157 operations; [READ: Count=504492 Max=39354.37 Min=2.24 Avg=76.20 10=12.61 25=19.20 50=33.28 75=95.10 90=143.62 95=242.18 99=632.83 99.9=1454.08 99.99=2842.62] [UPDATE: Count=252665 Max=28786.69 Min=6.45 Avg=25.86 10=10.30 25=11.65 50=14.46 75=19.41 90=30.06 95=43.68 99=106.62 99.9=1668.10 99.99=12640.25]
2025-04-22 06:43:13 55 sec: 780015 operations; [READ: Count=519756 Max=39354.37 Min=2.24 Avg=75.64 10=12.32 25=19.05 50=33.05 75=95.04 90=142.34 95=238.08 99=624.64 99.9=1446.91 99.99=2838.53] [UPDATE: Count=260259 Max=28786.69 Min=6.45 Avg=25.53 10=10.28 25=11.58 50=14.35 75=19.17 90=29.65 95=43.07 99=105.28 99.9=1600.51 99.99=12451.84]
2025-04-22 06:43:14 56 sec: 804637 operations; [READ: Count=536185 Max=39354.37 Min=2.24 Avg=74.95 10=12.00 25=18.89 50=32.80 75=94.91 90=140.67 95=232.83 99=614.91 99.9=1437.69 99.99=2787.33] [UPDATE: Count=268452 Max=28786.69 Min=6.45 Avg=25.16 10=10.25 25=11.53 50=14.25 75=18.94 90=29.23 95=42.46 99=104.13 99.9=1549.31 99.99=12009.47]
2025-04-22 06:43:15 57 sec: 828313 operations; [READ: Count=551939 Max=39354.37 Min=2.24 Avg=74.41 10=11.70 25=18.73 50=32.54 75=94.72 90=139.52 95=229.38 99=608.77 99.9=1425.41 99.99=2777.09] [UPDATE: Count=276374 Max=28786.69 Min=6.36 Avg=24.80 10=10.21 25=11.46 50=14.13 75=18.73 90=28.82 95=41.89 99=103.04 99.9=1473.54 99.99=11550.72]
2025-04-22 06:43:16 58 sec: 852001 operations; [READ: Count=567729 Max=39354.37 Min=2.24 Avg=73.89 10=11.41 25=18.57 50=32.29 75=94.53 90=138.37 95=226.18 99=603.13 99.9=1413.12 99.99=2752.51] [UPDATE: Count=284272 Max=28786.69 Min=6.36 Avg=24.47 10=10.18 25=11.40 50=14.03 75=18.51 90=28.45 95=41.31 99=101.95 99.9=1438.72 99.99=11550.72]
2025-04-22 06:43:17 59 sec: 874485 operations; [READ: Count=582688 Max=39354.37 Min=2.24 Avg=73.51 10=11.15 25=18.43 50=32.03 75=94.33 90=137.60 95=224.77 99=599.55 99.9=1403.90 99.99=2750.46] [UPDATE: Count=291797 Max=28786.69 Min=6.36 Avg=24.19 10=10.14 25=11.35 50=13.94 75=18.34 90=28.08 95=40.83 99=101.25 99.9=1408.00 99.99=11337.73]
2025-04-22 06:43:18 60 sec: 900369 operations; [READ: Count=599905 Max=39354.37 Min=2.24 Avg=72.85 10=10.89 25=18.27 50=31.73 75=94.08 90=136.19 95=220.67 99=590.85 99.9=1390.59 99.99=2715.65] [UPDATE: Count=300464 Max=28786.69 Min=6.36 Avg=23.85 10=10.11 25=11.29 50=13.82 75=18.13 90=27.68 95=40.26 99=100.09 99.9=1382.40 99.99=11059.20]
2025-04-22 06:43:19 61 sec: 926328 operations; [READ: Count=617192 Max=39354.37 Min=2.24 Avg=72.23 10=10.65 25=18.11 50=31.44 75=93.82 90=134.91 95=217.09 99=583.17 99.9=1375.23 99.99=2684.93] [UPDATE: Count=309136 Max=28786.69 Min=6.36 Avg=23.53 10=10.08 25=11.25 50=13.72 75=17.93 90=27.33 95=39.71 99=98.94 99.9=1348.61 99.99=10805.25]
2025-04-22 06:43:20 62 sec: 953040 operations; [READ: Count=634925 Max=39354.37 Min=2.24 Avg=71.58 10=10.41 25=17.95 50=31.14 75=93.57 90=133.63 95=213.25 99=574.98 99.9=1363.97 99.99=2672.64] [UPDATE: Count=318115 Max=28786.69 Min=6.36 Avg=23.22 10=10.03 25=11.19 50=13.62 75=17.74 90=26.96 95=39.17 99=97.73 99.9=1319.93 99.99=10289.15]
2025-04-22 06:43:21 63 sec: 978161 operations; [READ: Count=651728 Max=39354.37 Min=2.24 Avg=71.07 10=10.23 25=17.82 50=30.83 75=93.38 90=132.61 95=210.30 99=568.83 99.9=1353.73 99.99=2629.63] [UPDATE: Count=326433 Max=28786.69 Min=6.36 Avg=22.96 10=10.02 25=11.17 50=13.56 75=17.58 90=26.64 95=38.69 99=97.15 99.9=1274.88 99.99=10223.61]
2025-04-22 06:43:22 64 sec: 999146 operations; [READ: Count=665717 Max=39354.37 Min=2.24 Avg=70.92 10=10.10 25=17.73 50=30.57 75=93.31 90=132.35 95=210.43 99=566.78 99.9=1345.54 99.99=2596.86] [UPDATE: Count=333429 Max=28786.69 Min=6.36 Avg=22.76 10=9.99 25=11.14 50=13.51 75=17.47 90=26.38 95=38.27 99=96.89 99.9=1241.09 99.99=10223.61]
2025-04-22 06:43:23 65 sec: 1024748 operations; [READ: Count=682749 Max=39354.37 Min=2.24 Avg=70.43 10=9.96 25=17.61 50=30.22 75=93.18 90=131.58 95=208.13 99=561.15 99.9=1331.20 99.99=2584.57] [UPDATE: Count=341999 Max=28786.69 Min=6.36 Avg=22.50 10=9.97 25=11.12 50=13.43 75=17.31 90=26.06 95=37.79 99=96.13 99.9=1193.98 99.99=10207.23]
2025-04-22 06:43:24 66 sec: 1049482 operations; [READ: Count=699198 Max=39354.37 Min=2.24 Avg=70.02 10=9.82 25=17.49 50=29.89 75=93.06 90=131.01 95=206.21 99=556.54 99.9=1326.08 99.99=2566.14] [UPDATE: Count=350284 Max=28786.69 Min=6.36 Avg=22.28 10=9.94 25=11.09 50=13.37 75=17.18 90=25.77 95=37.34 99=95.55 99.9=1174.53 99.99=10100.74]
2025-04-22 06:43:25 67 sec: 1073093 operations; [READ: Count=714945 Max=39354.37 Min=2.24 Avg=69.72 10=9.71 25=17.39 50=29.57 75=92.99 90=130.56 95=205.18 99=553.47 99.9=1317.89 99.99=2547.71] [UPDATE: Count=358148 Max=28786.69 Min=6.36 Avg=22.07 10=9.91 25=11.06 50=13.29 75=17.05 90=25.52 95=36.99 99=95.23 99.9=1133.57 99.99=9936.90]
2025-04-22 06:43:26 68 sec: 1097940 operations; [READ: Count=731540 Max=39354.37 Min=2.24 Avg=69.33 10=9.59 25=17.28 50=29.25 75=92.93 90=130.05 95=203.52 99=548.35 99.9=1308.67 99.99=2533.38] [UPDATE: Count=366400 Max=28786.69 Min=6.34 Avg=21.87 10=9.89 25=11.04 50=13.24 75=16.94 90=25.25 95=36.61 99=94.85 99.9=1110.02 99.99=9682.94]
2025-04-22 06:43:27 69 sec: 1120111 operations; [READ: Count=746386 Max=39354.37 Min=2.24 Avg=69.13 10=9.49 25=17.20 50=28.94 75=92.86 90=129.85 95=203.39 99=546.82 99.9=1302.53 99.99=2514.94] [UPDATE: Count=373725 Max=28786.69 Min=6.34 Avg=21.71 10=9.87 25=11.02 50=13.18 75=16.83 90=25.02 95=36.29 99=94.33 99.9=1103.87 99.99=9682.94]
2025-04-22 06:43:28 70 sec: 1146217 operations; [READ: Count=763829 Max=39354.37 Min=2.24 Avg=68.69 10=9.39 25=17.07 50=28.57 75=92.73 90=129.22 95=201.60 99=541.70 99.9=1293.31 99.99=2486.27] [UPDATE: Count=382388 Max=28786.69 Min=6.34 Avg=21.51 10=9.84 25=10.99 50=13.12 75=16.72 90=24.77 95=35.84 99=93.89 99.9=1086.46 99.99=9019.39]
2025-04-22 06:43:29 71 sec: 1172607 operations; [READ: Count=781386 Max=39354.37 Min=2.24 Avg=68.26 10=9.29 25=16.96 50=28.21 75=92.61 90=128.51 95=199.68 99=537.60 99.9=1286.14 99.99=2455.55] [UPDATE: Count=391221 Max=28786.69 Min=6.34 Avg=21.31 10=9.81 25=10.97 50=13.05 75=16.61 90=24.51 95=35.42 99=93.44 99.9=1064.96 99.99=8773.63]
2025-04-22 06:43:30 72 sec: 1200215 operations; [READ: Count=799736 Max=39354.37 Min=2.24 Avg=67.78 10=9.18 25=16.83 50=27.79 75=92.42 90=127.74 95=197.76 99=532.48 99.9=1278.97 99.99=2445.31] [UPDATE: Count=400479 Max=28786.69 Min=6.34 Avg=21.10 10=9.78 25=10.94 50=12.99 75=16.50 90=24.27 95=35.01 99=92.99 99.9=1029.12 99.99=8454.14]
2025-04-22 06:43:31 73 sec: 1225626 operations; [READ: Count=816677 Max=39354.37 Min=2.24 Avg=67.45 10=9.09 25=16.73 50=27.45 75=92.29 90=127.30 95=196.74 99=529.92 99.9=1271.81 99.99=2430.97] [UPDATE: Count=408949 Max=28786.69 Min=6.34 Avg=20.93 10=9.76 25=10.92 50=12.94 75=16.38 90=24.06 95=34.66 99=92.67 99.9=1000.45 99.99=8445.95]
2025-04-22 06:43:32 74 sec: 1250105 operations; [READ: Count=832990 Max=39354.37 Min=2.24 Avg=67.18 10=9.01 25=16.62 50=27.14 75=92.16 90=126.85 95=196.09 99=529.41 99.9=1266.69 99.99=2426.88] [UPDATE: Count=417115 Max=28786.69 Min=6.34 Avg=20.77 10=9.73 25=10.89 50=12.89 75=16.30 90=23.86 95=34.37 99=92.29 99.9=992.77 99.99=8404.99]
2025-04-22 06:43:33 75 sec: 1280056 operations; [READ: Count=852974 Max=39354.37 Min=2.24 Avg=66.61 10=8.91 25=16.50 50=26.72 75=91.90 90=125.82 95=193.53 99=524.29 99.9=1259.52 99.99=2408.45] [UPDATE: Count=427082 Max=28786.69 Min=6.34 Avg=20.58 10=9.71 25=10.87 50=12.84 75=16.20 90=23.61 95=33.95 99=91.84 99.9=984.58 99.99=8183.81]
2025-04-22 06:43:34 76 sec: 1309137 operations; [READ: Count=872338 Max=39354.37 Min=2.24 Avg=66.11 10=8.81 25=16.36 50=26.34 75=91.71 90=125.12 95=191.62 99=519.17 99.9=1250.30 99.99=2402.30] [UPDATE: Count=436799 Max=28786.69 Min=6.34 Avg=20.41 10=9.69 25=10.86 50=12.80 75=16.12 90=23.39 95=33.60 99=91.71 99.9=967.68 99.99=8134.65]
2025-04-22 06:43:35 77 sec: 1337558 operations; [READ: Count=891183 Max=39354.37 Min=2.24 Avg=65.65 10=8.75 25=16.26 50=25.98 75=91.58 90=124.48 95=189.95 99=514.30 99.9=1244.16 99.99=2387.97] [UPDATE: Count=446375 Max=28786.69 Min=6.34 Avg=20.29 10=9.69 25=10.86 50=12.80 75=16.08 90=23.20 95=33.31 99=91.84 99.9=961.02 99.99=7434.24]
2025-04-22 06:43:36 78 sec: 1361891 operations; [READ: Count=907427 Max=39354.37 Min=2.24 Avg=65.42 10=8.72 25=16.18 50=25.76 75=91.52 90=124.29 95=189.57 99=511.23 99.9=1240.06 99.99=2379.78] [UPDATE: Count=454464 Max=28786.69 Min=6.34 Avg=20.19 10=9.68 25=10.86 50=12.79 75=16.05 90=23.04 95=33.09 99=91.84 99.9=945.66 99.99=7434.24]
2025-04-22 06:43:37 79 sec: 1380194 operations; [READ: Count=919695 Max=39354.37 Min=2.19 Avg=65.53 10=8.72 25=16.14 50=25.71 75=91.65 90=124.35 95=190.08 99=512.77 99.9=1236.99 99.99=2369.53] [UPDATE: Count=460499 Max=28786.69 Min=6.29 Avg=20.12 10=9.66 25=10.85 50=12.77 75=16.02 90=22.93 95=32.90 99=91.71 99.9=945.66 99.99=7286.78]
2025-04-22 06:43:38 80 sec: 1397801 operations; [READ: Count=931371 Max=39354.37 Min=2.19 Avg=65.67 10=8.76 25=16.10 50=25.73 75=91.78 90=124.54 95=190.46 99=513.28 99.9=1235.97 99.99=2336.77] [UPDATE: Count=466430 Max=28786.69 Min=6.29 Avg=20.05 10=9.67 25=10.85 50=12.77 75=16.00 90=22.82 95=32.67 99=91.20 99.9=940.03 99.99=6766.59]
2025-04-22 06:43:39 81 sec: 1416446 operations; [READ: Count=943820 Max=39354.37 Min=2.19 Avg=65.73 10=8.80 25=16.10 50=25.74 75=91.97 90=124.73 95=190.46 99=511.74 99.9=1228.80 99.99=2318.34] [UPDATE: Count=472626 Max=28786.69 Min=6.29 Avg=20.03 10=9.69 25=10.86 50=12.80 75=16.03 90=22.75 95=32.48 99=90.94 99.9=942.59 99.99=6766.59]
2025-04-22 06:43:40 82 sec: 1432062 operations; [READ: Count=954266 Max=39354.37 Min=2.19 Avg=65.94 10=8.83 25=16.11 50=25.76 75=92.09 90=125.18 95=191.74 99=515.07 99.9=1225.73 99.99=2314.24] [UPDATE: Count=477796 Max=28786.69 Min=6.29 Avg=20.03 10=9.70 25=10.87 50=12.81 75=16.05 90=22.70 95=32.34 99=90.81 99.9=945.15 99.99=6713.34]
2025-04-22 06:43:41 83 sec: 1449295 operations; [READ: Count=965791 Max=39354.37 Min=2.19 Avg=66.06 10=8.86 25=16.11 50=25.76 75=92.22 90=125.63 95=193.28 99=514.82 99.9=1222.65 99.99=2293.76] [UPDATE: Count=483504 Max=28786.69 Min=6.29 Avg=20.01 10=9.70 25=10.88 50=12.83 75=16.06 90=22.64 95=32.16 99=90.62 99.9=944.13 99.99=6713.34]
2025-04-22 06:43:42 84 sec: 1465655 operations; [READ: Count=976673 Max=39354.37 Min=2.19 Avg=66.24 10=8.89 25=16.12 50=25.77 75=92.35 90=126.27 95=194.69 99=516.35 99.9=1220.61 99.99=2283.52] [UPDATE: Count=488982 Max=28786.69 Min=6.29 Avg=19.97 10=9.70 25=10.89 50=12.83 75=16.06 90=22.57 95=32.00 99=90.30 99.9=940.03 99.99=6619.14]
2025-04-22 06:43:43 85 sec: 1480463 operations; [READ: Count=986518 Max=39354.37 Min=2.19 Avg=66.48 10=8.92 25=16.13 50=25.79 75=92.48 90=126.91 95=196.48 99=518.91 99.9=1220.61 99.99=2277.38] [UPDATE: Count=493945 Max=28786.69 Min=6.29 Avg=19.96 10=9.71 25=10.89 50=12.85 75=16.06 90=22.53 95=31.87 99=90.11 99.9=940.03 99.99=6619.14]
2025-04-22 06:43:44 86 sec: 1498005 operations; [READ: Count=998237 Max=39354.37 Min=2.19 Avg=66.59 10=8.94 25=16.13 50=25.79 75=92.61 90=127.36 95=197.25 99=518.14 99.9=1217.54 99.99=2271.23] [UPDATE: Count=499768 Max=28786.69 Min=6.29 Avg=19.94 10=9.72 25=10.89 50=12.85 75=16.06 90=22.46 95=31.71 99=89.86 99.9=945.15 99.99=6500.35]
2025-04-22 06:43:44 86 sec: 1500642 operations; [READ: Count=1000000 Max=39354.37 Min=2.19 Avg=66.61 10=8.95 25=16.13 50=25.79 75=92.67 90=127.42 95=197.38 99=518.14 99.9=1216.51 99.99=2271.23] [UPDATE: Count=500642 Max=28786.69 Min=6.29 Avg=19.93 10=9.72 25=10.89 50=12.85 75=16.06 90=22.45 95=31.68 99=89.79 99.9=945.15 99.99=6500.35]
Run runtime(sec): 86.265
Run operations(ops): 1000000
Run throughput(ops/sec): 11592.2
