Running scope as unit: run-r97273e03646d47dbae9b13f4d345bbd7.scope
load file:/home/user/DataFiles/silesia_data/silesia.tar
2025-04-22 06:42:18 0 sec: 0 operations;
2025-04-22 06:42:19 1 sec: 0 operations;
2025-04-22 06:42:20 2 sec: 0 operations;
2025-04-22 06:42:21 3 sec: 0 operations;
2025-04-22 06:42:22 4 sec: 0 operations;
2025-04-22 06:42:23 5 sec: 0 operations;
2025-04-22 06:42:24 6 sec: 0 operations;
2025-04-22 06:42:25 7 sec: 0 operations;
2025-04-22 06:42:26 8 sec: 0 operations;
2025-04-22 06:42:27 9 sec: 10458 operations; [READ: Count=6952 Max=1302.53 Min=4.96 Avg=84.57 10=19.23 25=25.90 50=41.12 75=120.58 90=168.57 95=237.06 99=532.48 99.9=1035.78 99.99=1252.35] [UPDATE: Count=3506 Max=3309.57 Min=8.48 Avg=45.68 10=14.93 25=21.05 50=33.41 75=52.70 90=76.42 95=95.42 99=157.95 99.9=1101.82 99.99=3309.57]
2025-04-22 06:42:28 10 sec: 15103 operations; [READ: Count=10063 Max=3997.70 Min=4.65 Avg=129.61 10=20.14 25=27.93 50=44.13 75=128.38 90=200.19 95=404.48 99=1593.34 99.9=3696.64 99.99=3907.58] [UPDATE: Count=5040 Max=27738.11 Min=8.48 Avg=82.53 10=15.82 25=22.34 50=35.07 75=55.04 90=79.55 95=99.84 99=187.90 99.9=16957.44 99.99=26214.40]
2025-04-22 06:42:29 11 sec: 24439 operations; [READ: Count=16322 Max=3997.70 Min=4.50 Avg=123.07 10=21.55 25=30.14 50=47.26 75=131.84 90=204.93 95=411.90 99=1215.49 99.9=3618.82 99.99=3901.44] [UPDATE: Count=8117 Max=28213.25 Min=8.48 Avg=88.97 10=17.57 25=24.93 50=38.40 75=57.92 90=82.69 95=101.50 99=199.17 99.9=16957.44 99.99=27738.11]
2025-04-22 06:42:30 12 sec: 28611 operations; [READ: Count=19103 Max=11272.19 Min=4.31 Avg=141.80 10=21.87 25=30.66 50=47.49 75=135.68 90=262.01 95=591.36 99=1490.94 99.9=3604.48 99.99=3907.58] [UPDATE: Count=9508 Max=28213.25 Min=8.48 Avg=106.86 10=17.44 25=24.46 50=37.95 75=57.53 90=82.81 95=101.95 99=295.42 99.9=17711.10 99.99=27738.11]
2025-04-22 06:42:31 13 sec: 37792 operations; [READ: Count=25218 Max=11272.19 Min=3.09 Avg=139.83 10=22.29 25=31.02 50=47.58 75=132.86 90=258.05 95=608.77 99=1448.96 99.9=3420.16 99.99=3901.44] [UPDATE: Count=12574 Max=28213.25 Min=8.48 Avg=94.72 10=17.09 25=22.80 50=33.60 75=51.77 90=76.86 95=96.77 99=308.48 99.9=16162.82 99.99=27738.11]
2025-04-22 06:42:32 14 sec: 41760 operations; [READ: Count=27869 Max=19120.13 Min=3.09 Avg=158.57 10=22.53 25=31.23 50=47.77 75=135.81 90=356.61 95=780.29 99=1597.44 99.9=3395.58 99.99=3907.58] [UPDATE: Count=13891 Max=28213.25 Min=8.48 Avg=93.19 10=15.95 25=21.18 50=31.36 75=49.57 90=74.43 95=95.10 99=428.54 99.9=15974.40 99.99=27738.11]
2025-04-22 06:42:33 15 sec: 52025 operations; [READ: Count=34711 Max=19120.13 Min=3.09 Avg=153.14 10=22.94 25=31.97 50=48.64 75=138.24 90=343.55 95=712.70 99=1520.64 99.9=3205.12 99.99=3907.58] [UPDATE: Count=17314 Max=28213.25 Min=7.12 Avg=80.13 10=13.67 25=17.45 50=26.30 75=44.26 90=68.80 95=89.92 99=362.50 99.9=15179.77 99.99=26214.40]
2025-04-22 06:42:34 16 sec: 67177 operations; [READ: Count=44813 Max=19120.13 Min=3.09 Avg=138.00 10=21.97 25=30.98 50=47.01 75=131.71 90=266.75 95=596.99 99=1413.12 99.9=3018.75 99.99=3901.44] [UPDATE: Count=22364 Max=28213.25 Min=6.74 Avg=67.27 10=12.88 25=15.40 50=21.50 75=37.98 90=62.59 95=84.16 99=278.53 99.9=12468.22 99.99=26214.40]
2025-04-22 06:42:35 17 sec: 82264 operations; [READ: Count=54878 Max=19120.13 Min=3.09 Avg=127.87 10=21.65 25=30.32 50=45.89 75=130.18 90=230.66 95=505.86 99=1309.69 99.9=2852.86 99.99=3874.82] [UPDATE: Count=27386 Max=28213.25 Min=6.74 Avg=60.34 10=12.80 25=15.34 50=21.01 75=35.42 90=59.36 95=79.74 99=258.69 99.9=10674.17 99.99=21839.87]
2025-04-22 06:42:36 18 sec: 93642 operations; [READ: Count=62450 Max=19120.13 Min=3.09 Avg=125.41 10=21.28 25=29.63 50=44.90 75=129.34 90=232.06 95=496.13 99=1269.76 99.9=2764.80 99.99=3850.24] [UPDATE: Count=31192 Max=28213.25 Min=6.74 Avg=58.48 10=12.70 25=15.24 50=20.69 75=34.17 90=57.66 95=77.89 99=249.34 99.9=9830.40 99.99=21839.87]
2025-04-22 06:42:37 19 sec: 106707 operations; [READ: Count=71178 Max=19120.13 Min=3.09 Avg=121.49 10=21.12 25=29.17 50=43.97 75=127.49 90=227.58 95=475.39 99=1228.80 99.9=2600.96 99.99=3807.23] [UPDATE: Count=35529 Max=28213.25 Min=6.53 Avg=56.10 10=12.72 25=15.34 50=20.83 75=33.79 90=56.93 95=76.93 99=255.74 99.9=8609.79 99.99=20742.14]
2025-04-22 06:42:38 20 sec: 120548 operations; [READ: Count=80362 Max=19120.13 Min=3.02 Avg=117.80 10=20.88 25=28.69 50=43.07 75=124.86 90=224.00 95=461.57 99=1186.82 99.9=2465.79 99.99=3799.04] [UPDATE: Count=40186 Max=28213.25 Min=6.53 Avg=53.69 10=12.71 25=15.39 50=20.93 75=33.50 90=55.94 95=75.52 99=243.58 99.9=8126.46 99.99=20742.14]
2025-04-22 06:42:39 21 sec: 135338 operations; [READ: Count=90164 Max=19120.13 Min=3.02 Avg=114.06 10=20.75 25=28.32 50=42.08 75=121.28 90=218.62 95=447.49 99=1154.05 99.9=2347.01 99.99=3749.89] [UPDATE: Count=45174 Max=28213.25 Min=6.53 Avg=51.43 10=12.73 25=15.43 50=20.86 75=32.96 90=54.91 95=74.24 99=228.48 99.9=7168.00 99.99=19988.48]
2025-04-22 06:42:40 22 sec: 151680 operations; [READ: Count=101090 Max=19120.13 Min=3.02 Avg=109.73 10=20.45 25=27.73 50=40.99 75=116.48 90=211.97 95=433.41 99=1115.13 99.9=2250.75 99.99=3721.22] [UPDATE: Count=50590 Max=28213.25 Min=6.53 Avg=49.37 10=12.66 25=15.37 50=20.70 75=32.49 90=53.95 95=72.96 99=204.03 99.9=4657.15 99.99=19988.48]
2025-04-22 06:42:41 23 sec: 162995 operations; [READ: Count=108646 Max=19120.13 Min=3.02 Avg=109.67 10=20.43 25=27.71 50=40.93 75=115.07 90=211.33 95=435.20 99=1122.30 99.9=2250.75 99.99=3721.22] [UPDATE: Count=54349 Max=28213.25 Min=6.53 Avg=48.97 10=12.69 25=15.44 50=20.83 75=32.53 90=53.82 95=72.70 99=209.28 99.9=4657.15 99.99=19988.48]
2025-04-22 06:42:42 24 sec: 174755 operations; [READ: Count=116541 Max=19120.13 Min=3.02 Avg=109.46 10=20.51 25=27.86 50=41.25 75=116.03 90=214.01 95=432.13 99=1101.82 99.9=2183.17 99.99=3715.07] [UPDATE: Count=58214 Max=28213.25 Min=6.53 Avg=48.19 10=12.73 25=15.51 50=20.88 75=32.38 90=53.25 95=71.74 99=212.22 99.9=4030.46 99.99=18939.90]
2025-04-22 06:42:43 25 sec: 185229 operations; [READ: Count=123525 Max=19120.13 Min=3.02 Avg=110.30 10=20.50 25=27.92 50=41.53 75=118.33 90=220.54 95=433.66 99=1087.49 99.9=2158.59 99.99=3715.07] [UPDATE: Count=61704 Max=28213.25 Min=6.53 Avg=47.41 10=12.73 25=15.49 50=20.77 75=31.81 90=52.35 95=70.91 99=224.77 99.9=3934.21 99.99=18939.90]
2025-04-22 06:42:44 26 sec: 194565 operations; [READ: Count=129762 Max=19120.13 Min=3.02 Avg=111.81 10=20.38 25=27.90 50=41.82 75=120.83 90=228.22 95=440.57 99=1086.46 99.9=2121.73 99.99=3696.64] [UPDATE: Count=64803 Max=28213.25 Min=6.53 Avg=46.80 10=12.70 25=15.42 50=20.57 75=31.20 90=51.23 95=69.76 99=226.18 99.9=3934.21 99.99=18939.90]
2025-04-22 06:42:45 27 sec: 205441 operations; [READ: Count=137061 Max=19120.13 Min=2.78 Avg=112.41 10=20.25 25=27.89 50=42.11 75=122.88 90=232.96 95=439.30 99=1074.17 99.9=2082.82 99.99=3667.97] [UPDATE: Count=68380 Max=28213.25 Min=6.53 Avg=45.67 10=12.65 25=15.34 50=20.37 75=30.54 90=50.14 95=68.54 99=215.29 99.9=3864.57 99.99=18677.76]
2025-04-22 06:42:46 28 sec: 213983 operations; [READ: Count=142742 Max=19120.13 Min=2.78 Avg=114.28 10=20.11 25=27.86 50=42.34 75=124.29 90=239.23 95=445.95 99=1087.49 99.9=2107.39 99.99=3696.64] [UPDATE: Count=71241 Max=28213.25 Min=6.53 Avg=45.05 10=12.60 25=15.23 50=20.13 75=29.98 90=49.38 95=67.65 99=219.39 99.9=3708.93 99.99=18677.76]
2025-04-22 06:42:47 29 sec: 224387 operations; [READ: Count=149628 Max=19120.13 Min=2.78 Avg=114.99 10=20.11 25=27.97 50=42.85 75=126.14 90=242.69 95=444.42 99=1076.22 99.9=2082.82 99.99=3667.97] [UPDATE: Count=74759 Max=28213.25 Min=6.53 Avg=44.19 10=12.57 25=15.17 50=19.95 75=29.42 90=48.48 95=66.62 99=214.01 99.9=3608.57 99.99=18677.76]
2025-04-22 06:42:48 30 sec: 233906 operations; [READ: Count=155991 Max=19120.13 Min=2.78 Avg=116.06 10=20.14 25=28.11 50=43.36 75=128.00 90=246.91 95=445.69 99=1067.01 99.9=2068.48 99.99=3657.73] [UPDATE: Count=77915 Max=28213.25 Min=6.53 Avg=43.58 10=12.57 25=15.13 50=19.82 75=29.02 90=47.77 95=65.73 99=214.01 99.9=3594.24 99.99=18612.22]
2025-04-22 06:42:49 31 sec: 242681 operations; [READ: Count=161890 Max=19120.13 Min=2.78 Avg=117.43 10=20.05 25=28.11 50=43.68 75=129.66 90=253.82 95=451.58 99=1061.89 99.9=2055.17 99.99=3657.73] [UPDATE: Count=80791 Max=28213.25 Min=6.53 Avg=43.08 10=12.54 25=15.08 50=19.70 75=28.69 90=47.13 95=65.12 99=214.01 99.9=3393.53 99.99=18612.22]
2025-04-22 06:42:50 32 sec: 252881 operations; [READ: Count=168713 Max=19120.13 Min=2.63 Avg=117.98 10=19.93 25=28.09 50=43.94 75=130.88 90=257.15 95=450.56 99=1049.60 99.9=2029.57 99.99=3653.63] [UPDATE: Count=84168 Max=28213.25 Min=6.53 Avg=42.48 10=12.51 25=15.03 50=19.58 75=28.32 90=46.37 95=64.25 99=212.61 99.9=3373.05 99.99=18612.22]
2025-04-22 06:42:51 33 sec: 261464 operations; [READ: Count=174413 Max=19120.13 Min=2.63 Avg=119.25 10=19.86 25=28.06 50=44.16 75=131.84 90=261.63 95=456.45 99=1059.84 99.9=2055.17 99.99=3653.63] [UPDATE: Count=87051 Max=28213.25 Min=6.53 Avg=42.18 10=12.51 25=15.03 50=19.54 75=28.09 90=45.82 95=63.62 99=212.74 99.9=3342.34 99.99=17874.94]
2025-04-22 06:42:52 34 sec: 272381 operations; [READ: Count=181733 Max=19120.13 Min=2.63 Avg=119.32 10=19.74 25=28.03 50=44.32 75=132.48 90=262.14 95=454.14 99=1047.55 99.9=2024.45 99.99=3647.49] [UPDATE: Count=90648 Max=28213.25 Min=6.53 Avg=41.66 10=12.49 25=15.00 50=19.44 75=27.79 90=45.12 95=62.91 99=212.74 99.9=3266.56 99.99=17874.94]
2025-04-22 06:42:53 35 sec: 283165 operations; [READ: Count=188927 Max=19120.13 Min=2.63 Avg=119.47 10=19.68 25=28.00 50=44.41 75=132.99 90=264.19 95=454.14 99=1036.29 99.9=2002.94 99.99=3629.05] [UPDATE: Count=94238 Max=28213.25 Min=6.53 Avg=41.15 10=12.46 25=14.95 50=19.33 75=27.47 90=44.48 95=62.14 99=212.86 99.9=3219.45 99.99=17874.94]
2025-04-22 06:42:54 36 sec: 294591 operations; [READ: Count=196541 Max=19120.13 Min=2.63 Avg=119.29 10=19.55 25=27.89 50=44.35 75=132.99 90=264.70 95=452.61 99=1028.10 99.9=1993.73 99.99=3618.82] [UPDATE: Count=98050 Max=28213.25 Min=6.53 Avg=40.72 10=12.42 25=14.88 50=19.18 75=27.15 90=43.77 95=61.34 99=215.29 99.9=3110.91 99.99=17711.10]
2025-04-22 06:42:55 37 sec: 306253 operations; [READ: Count=204369 Max=19120.13 Min=2.63 Avg=119.04 10=19.41 25=27.73 50=44.19 75=133.12 90=265.73 95=451.33 99=1018.37 99.9=1969.15 99.99=3618.82] [UPDATE: Count=101884 Max=28213.25 Min=6.53 Avg=40.23 10=12.38 25=14.81 50=19.04 75=26.78 90=43.10 95=60.70 99=224.64 99.9=3065.86 99.99=17711.10]
2025-04-22 06:42:56 38 sec: 319064 operations; [READ: Count=212933 Max=19120.13 Min=2.63 Avg=118.33 10=19.25 25=27.45 50=43.94 75=132.61 90=264.45 95=448.00 99=1008.13 99.9=1958.91 99.99=3614.72] [UPDATE: Count=106131 Max=28213.25 Min=6.53 Avg=39.75 10=12.34 25=14.73 50=18.83 75=26.38 90=42.34 95=59.94 99=220.54 99.9=3059.71 99.99=17416.19]
2025-04-22 06:42:57 39 sec: 338018 operations; [READ: Count=225592 Max=19120.13 Min=2.63 Avg=115.56 10=18.64 25=26.70 50=43.81 75=129.60 90=253.95 95=435.97 99=985.60 99.9=1925.12 99.99=3581.95] [UPDATE: Count=112426 Max=28213.25 Min=6.52 Avg=38.50 10=12.05 25=14.35 50=18.35 75=25.71 90=41.09 95=58.46 99=202.50 99.9=2992.13 99.99=17416.19]
2025-04-22 06:42:58 40 sec: 362106 operations; [READ: Count=241755 Max=19120.13 Min=2.63 Avg=111.50 10=17.50 25=25.60 50=43.45 75=124.99 90=239.74 95=419.58 99=955.90 99.9=1898.49 99.99=3536.89] [UPDATE: Count=120351 Max=28213.25 Min=6.52 Avg=36.77 10=11.45 25=13.79 50=17.73 75=24.89 90=39.58 95=56.64 99=168.19 99.9=2818.05 99.99=16957.44]
2025-04-22 06:42:59 41 sec: 386327 operations; [READ: Count=257828 Max=19120.13 Min=2.63 Avg=107.94 10=16.98 25=24.51 50=42.94 75=121.02 90=228.74 95=404.48 99=931.84 99.9=1862.65 99.99=3518.46] [UPDATE: Count=128499 Max=28213.25 Min=6.52 Avg=35.27 10=11.21 25=13.42 50=17.20 75=24.13 90=38.24 95=54.88 99=147.84 99.9=2695.17 99.99=16162.82]
2025-04-22 06:43:00 42 sec: 410846 operations; [READ: Count=274137 Max=19120.13 Min=2.63 Avg=104.69 10=16.51 25=23.47 50=42.17 75=117.44 90=219.39 95=391.42 99=909.82 99.9=1836.03 99.99=3510.27] [UPDATE: Count=136709 Max=28213.25 Min=6.52 Avg=33.97 10=11.05 25=13.15 50=16.73 75=23.45 90=37.05 95=53.22 99=136.96 99.9=2576.38 99.99=15974.40]
2025-04-22 06:43:01 43 sec: 435943 operations; [READ: Count=290887 Max=19120.13 Min=2.63 Avg=101.66 10=16.03 25=22.41 50=41.25 75=114.05 90=211.71 95=379.65 99=889.34 99.9=1808.38 99.99=3467.26] [UPDATE: Count=145056 Max=28213.25 Min=6.42 Avg=32.75 10=10.87 25=12.86 50=16.29 75=22.82 90=35.87 95=51.58 99=128.90 99.9=2471.93 99.99=15900.67]
2025-04-22 06:43:02 44 sec: 464914 operations; [READ: Count=310233 Max=19120.13 Min=2.63 Avg=98.11 10=15.45 25=21.30 50=40.00 75=110.21 90=202.75 95=364.29 99=862.21 99.9=1787.90 99.99=3416.06] [UPDATE: Count=154681 Max=28213.25 Min=6.42 Avg=31.46 10=10.63 25=12.46 50=15.80 75=22.14 90=34.69 95=49.98 99=121.73 99.9=2398.21 99.99=15900.67]
2025-04-22 06:43:03 45 sec: 494597 operations; [READ: Count=330029 Max=19120.13 Min=2.63 Avg=94.80 10=15.07 25=20.46 50=38.56 75=106.94 90=193.41 95=349.44 99=837.63 99.9=1766.40 99.99=3387.39] [UPDATE: Count=164568 Max=28213.25 Min=6.42 Avg=30.34 10=10.53 25=12.21 50=15.42 75=21.52 90=33.63 95=48.54 99=115.33 99.9=2289.66 99.99=15605.76]
2025-04-22 06:43:04 46 sec: 524662 operations; [READ: Count=350138 Max=19120.13 Min=2.63 Avg=91.79 10=14.70 25=19.82 50=37.09 75=104.32 90=185.09 95=335.62 99=815.10 99.9=1734.65 99.99=3381.25] [UPDATE: Count=174524 Max=28213.25 Min=6.42 Avg=29.33 10=10.43 25=11.98 50=15.10 75=20.94 90=32.66 95=47.26 99=110.02 99.9=2162.69 99.99=15179.77]
2025-04-22 06:43:05 47 sec: 554076 operations; [READ: Count=369813 Max=19120.13 Min=2.63 Avg=89.18 10=14.46 25=19.47 50=35.55 75=102.33 90=177.92 95=322.30 99=797.70 99.9=1713.15 99.99=3272.70] [UPDATE: Count=184263 Max=28213.25 Min=6.42 Avg=28.51 10=10.42 25=11.94 50=14.91 75=20.46 90=31.76 95=46.02 99=105.98 99.9=2061.31 99.99=15130.62]
2025-04-22 06:43:06 48 sec: 583664 operations; [READ: Count=389588 Max=19120.13 Min=2.63 Avg=86.81 10=14.20 25=19.21 50=33.95 75=100.67 90=172.03 95=310.78 99=779.26 99.9=1695.74 99.99=3244.03] [UPDATE: Count=194076 Max=28213.25 Min=6.42 Avg=27.77 10=10.41 25=11.89 50=14.74 75=20.02 90=30.94 95=44.83 99=102.27 99.9=1964.03 99.99=13885.44]
2025-04-22 06:43:07 49 sec: 613988 operations; [READ: Count=409756 Max=19120.13 Min=2.63 Avg=84.59 10=13.89 25=18.94 50=32.32 75=99.14 90=167.29 95=301.31 99=762.88 99.9=1673.21 99.99=3205.12] [UPDATE: Count=204232 Max=28213.25 Min=6.42 Avg=27.05 10=10.38 25=11.81 50=14.57 75=19.60 90=30.16 95=43.68 99=99.78 99.9=1904.64 99.99=13819.90]
2025-04-22 06:43:08 50 sec: 648996 operations; [READ: Count=433099 Max=19120.13 Min=2.61 Avg=81.94 10=13.40 25=18.59 50=30.46 75=97.53 90=161.92 95=289.28 99=743.42 99.9=1650.69 99.99=3170.30] [UPDATE: Count=215897 Max=28213.25 Min=6.42 Avg=26.29 10=10.33 25=11.70 50=14.38 75=19.17 90=29.38 95=42.40 99=96.64 99.9=1805.31 99.99=13541.38]
2025-04-22 06:43:09 51 sec: 686060 operations; [READ: Count=457889 Max=19120.13 Min=2.61 Avg=79.26 10=12.87 25=18.37 50=28.62 75=95.94 90=156.54 95=275.20 99=724.99 99.9=1632.26 99.99=3117.05] [UPDATE: Count=228171 Max=28213.25 Min=6.42 Avg=25.59 10=10.29 25=11.62 50=14.24 75=18.78 90=28.62 95=41.22 99=93.89 99.9=1733.63 99.99=12468.22]
2025-04-22 06:43:10 52 sec: 722034 operations; [READ: Count=481894 Max=19120.13 Min=2.61 Avg=77.00 10=12.32 25=18.16 50=27.07 75=94.46 90=152.83 95=265.47 99=709.12 99.9=1617.92 99.99=3080.19] [UPDATE: Count=240140 Max=28213.25 Min=6.42 Avg=24.99 10=10.25 25=11.54 50=14.11 75=18.48 90=27.97 95=40.03 99=91.58 99.9=1647.62 99.99=11681.79]
2025-04-22 06:43:11 53 sec: 759957 operations; [READ: Count=507190 Max=19120.13 Min=2.50 Avg=74.73 10=11.75 25=17.93 50=25.74 75=92.93 90=148.86 95=256.38 99=696.32 99.9=1596.41 99.99=3024.89] [UPDATE: Count=252767 Max=28213.25 Min=6.42 Avg=24.44 10=10.20 25=11.45 50=13.95 75=18.16 90=27.30 95=39.01 99=89.60 99.9=1602.56 99.99=11558.91]
2025-04-22 06:43:12 54 sec: 800002 operations; [READ: Count=533893 Max=19120.13 Min=2.50 Avg=72.49 10=11.23 25=17.71 50=24.67 75=91.26 90=145.28 95=247.81 99=681.98 99.9=1575.93 99.99=3018.75] [UPDATE: Count=266109 Max=28213.25 Min=6.42 Avg=23.87 10=10.15 25=11.36 50=13.81 75=17.84 90=26.67 95=38.02 99=87.61 99.9=1523.71 99.99=10788.86]
2025-04-22 06:43:13 55 sec: 846428 operations; [READ: Count=564878 Max=19120.13 Min=2.43 Avg=69.88 10=10.65 25=17.42 50=23.66 75=89.15 90=141.31 95=237.44 99=665.60 99.9=1552.38 99.99=2990.08] [UPDATE: Count=281550 Max=28213.25 Min=6.42 Avg=23.25 10=10.07 25=11.25 50=13.64 75=17.50 90=26.02 95=36.96 99=85.63 99.9=1446.91 99.99=10747.90]
2025-04-22 06:43:14 56 sec: 893396 operations; [READ: Count=596316 Max=19120.13 Min=2.43 Avg=67.48 10=10.21 25=17.17 50=22.93 75=87.04 90=137.60 95=228.09 99=647.17 99.9=1532.93 99.99=2899.97] [UPDATE: Count=297080 Max=28213.25 Min=6.32 Avg=22.71 10=10.01 25=11.15 50=13.49 75=17.21 90=25.42 95=35.97 99=84.09 99.9=1374.21 99.99=10289.15]
2025-04-22 06:43:15 57 sec: 938024 operations; [READ: Count=626047 Max=19120.13 Min=2.43 Avg=65.53 10=9.86 25=16.94 50=22.37 75=84.86 90=134.53 95=220.80 99=631.81 99.9=1517.57 99.99=2869.25] [UPDATE: Count=311977 Max=28213.25 Min=6.32 Avg=22.22 10=9.94 25=11.05 50=13.33 75=16.96 90=24.88 95=35.13 99=82.56 99.9=1295.36 99.99=9830.40]
2025-04-22 06:43:16 58 sec: 980116 operations; [READ: Count=654055 Max=19120.13 Min=2.31 Avg=63.93 10=9.62 25=16.80 50=21.98 75=82.50 90=132.09 95=214.78 99=619.01 99.9=1501.18 99.99=2852.86] [UPDATE: Count=326061 Max=28213.25 Min=6.32 Avg=21.83 10=9.90 25=11.02 50=13.23 75=16.75 90=24.40 95=34.40 99=81.60 99.9=1236.99 99.99=9093.12]
2025-04-22 06:43:17 59 sec: 1017276 operations; [READ: Count=678849 Max=19120.13 Min=2.31 Avg=62.76 10=9.46 25=16.72 50=21.76 75=79.94 90=130.05 95=210.56 99=610.30 99.9=1486.85 99.99=2832.38] [UPDATE: Count=338427 Max=28213.25 Min=6.32 Avg=21.55 10=9.90 25=11.02 50=13.21 75=16.64 90=24.03 95=33.82 99=80.83 99.9=1202.17 99.99=9084.93]
2025-04-22 06:43:18 60 sec: 1060757 operations; [READ: Count=707809 Max=19120.13 Min=2.31 Avg=61.31 10=9.22 25=16.54 50=21.45 75=75.07 90=127.61 95=204.54 99=597.50 99.9=1459.20 99.99=2816.00] [UPDATE: Count=352948 Max=28213.25 Min=6.32 Avg=21.17 10=9.85 25=10.96 50=13.10 75=16.43 90=23.61 95=33.15 99=80.00 99.9=1143.81 99.99=8658.94]
2025-04-22 06:43:19 61 sec: 1102600 operations; [READ: Count=735731 Max=19120.13 Min=2.31 Avg=60.06 10=9.07 25=16.41 50=21.25 75=66.69 90=125.38 95=199.29 99=585.73 99.9=1441.79 99.99=2793.47] [UPDATE: Count=366869 Max=28213.25 Min=6.32 Avg=20.86 10=9.81 25=10.93 50=13.02 75=16.29 90=23.23 95=32.61 99=79.36 99.9=1100.80 99.99=8454.14]
2025-04-22 06:43:20 62 sec: 1144863 operations; [READ: Count=763857 Max=19120.13 Min=2.31 Avg=58.89 10=8.89 25=16.25 50=21.01 75=61.31 90=123.33 95=193.92 99=575.49 99.9=1429.50 99.99=2764.80] [UPDATE: Count=381006 Max=28213.25 Min=6.32 Avg=20.54 10=9.77 25=10.88 50=12.92 75=16.12 90=22.86 95=32.03 99=78.59 99.9=1069.06 99.99=8327.17]
2025-04-22 06:43:21 63 sec: 1184417 operations; [READ: Count=790165 Max=19120.13 Min=2.31 Avg=57.96 10=8.76 25=16.12 50=20.85 75=57.82 90=121.73 95=189.95 99=566.27 99.9=1417.21 99.99=2742.27] [UPDATE: Count=394252 Max=28213.25 Min=6.32 Avg=20.26 10=9.73 25=10.83 50=12.83 75=15.97 90=22.53 95=31.50 99=77.95 99.9=1047.04 99.99=8290.30]
2025-04-22 06:43:22 64 sec: 1219796 operations; [READ: Count=813720 Max=19120.13 Min=2.30 Avg=57.30 10=8.65 25=16.01 50=20.70 75=55.33 90=120.64 95=187.65 99=560.64 99.9=1403.90 99.99=2682.88] [UPDATE: Count=406076 Max=28213.25 Min=6.32 Avg=20.03 10=9.69 25=10.80 50=12.76 75=15.86 90=22.25 95=31.10 99=77.44 99.9=1022.46 99.99=7958.53]
2025-04-22 06:43:23 65 sec: 1258220 operations; [READ: Count=839348 Max=19120.13 Min=2.30 Avg=56.52 10=8.56 25=15.89 50=20.56 75=53.05 90=119.30 95=184.45 99=552.96 99.9=1392.64 99.99=2635.78] [UPDATE: Count=418872 Max=28213.25 Min=6.32 Avg=19.80 10=9.65 25=10.77 50=12.69 75=15.74 90=21.98 95=30.67 99=76.80 99.9=999.93 99.99=7553.02]
2025-04-22 06:43:24 66 sec: 1297349 operations; [READ: Count=865360 Max=19120.13 Min=2.30 Avg=55.76 10=8.47 25=15.78 50=20.43 75=50.91 90=118.02 95=181.12 99=545.79 99.9=1379.33 99.99=2605.05] [UPDATE: Count=431989 Max=28213.25 Min=6.32 Avg=19.58 10=9.61 25=10.73 50=12.62 75=15.64 90=21.71 95=30.22 99=76.29 99.9=978.94 99.99=7323.65]
2025-04-22 06:43:25 67 sec: 1335525 operations; [READ: Count=890825 Max=19120.13 Min=2.30 Avg=55.07 10=8.40 25=15.67 50=20.32 75=49.09 90=116.80 95=178.18 99=538.62 99.9=1368.06 99.99=2576.38] [UPDATE: Count=444700 Max=28213.25 Min=6.32 Avg=19.39 10=9.58 25=10.71 50=12.57 75=15.55 90=21.45 95=29.89 99=76.16 99.9=954.88 99.99=7270.40]
2025-04-22 06:43:26 68 sec: 1373232 operations; [READ: Count=915897 Max=19120.13 Min=2.09 Avg=54.44 10=8.34 25=15.57 50=20.24 75=47.58 90=115.78 95=175.74 99=531.46 99.9=1354.75 99.99=2547.71] [UPDATE: Count=457335 Max=28213.25 Min=5.92 Avg=19.23 10=9.54 25=10.69 50=12.53 75=15.49 90=21.25 95=29.57 99=76.35 99.9=943.10 99.99=7184.38]
2025-04-22 06:43:27 69 sec: 1399554 operations; [READ: Count=933506 Max=19120.13 Min=1.94 Avg=54.33 10=8.36 25=15.54 50=20.24 75=47.39 90=115.52 95=175.23 99=529.41 99.9=1348.61 99.99=2547.71] [UPDATE: Count=466048 Max=28213.25 Min=5.92 Avg=19.14 10=9.53 25=10.68 50=12.51 75=15.46 90=21.12 95=29.38 99=76.42 99.9=932.86 99.99=7168.00]
2025-04-22 06:43:28 70 sec: 1422236 operations; [READ: Count=948559 Max=19120.13 Min=1.94 Avg=54.39 10=8.41 25=15.54 50=20.29 75=48.26 90=115.65 95=175.10 99=525.31 99.9=1340.41 99.99=2523.14] [UPDATE: Count=473677 Max=28213.25 Min=5.92 Avg=19.06 10=9.54 25=10.69 50=12.52 75=15.45 90=21.04 95=29.17 99=75.71 99.9=916.48 99.99=7168.00]
2025-04-22 06:43:29 71 sec: 1439166 operations; [READ: Count=959845 Max=19120.13 Min=1.94 Avg=54.69 10=8.43 25=15.55 50=20.34 75=49.82 90=116.22 95=176.64 99=524.80 99.9=1336.32 99.99=2504.70] [UPDATE: Count=479321 Max=28213.25 Min=5.92 Avg=19.01 10=9.55 25=10.70 50=12.54 75=15.45 90=20.96 95=29.02 99=75.20 99.9=913.92 99.99=7004.16]
2025-04-22 06:43:30 72 sec: 1454155 operations; [READ: Count=969866 Max=19120.13 Min=1.94 Avg=55.07 10=8.46 25=15.57 50=20.40 75=52.09 90=117.12 95=178.81 99=523.52 99.9=1330.17 99.99=2500.61] [UPDATE: Count=484289 Max=28213.25 Min=5.92 Avg=18.97 10=9.56 25=10.70 50=12.54 75=15.45 90=20.91 95=28.89 99=74.88 99.9=906.24 99.99=7004.16]
2025-04-22 06:43:31 73 sec: 1465975 operations; [READ: Count=977818 Max=19120.13 Min=1.94 Avg=55.58 10=8.48 25=15.60 50=20.45 75=54.88 90=118.21 95=181.63 99=525.82 99.9=1332.22 99.99=2486.27] [UPDATE: Count=488157 Max=28213.25 Min=5.92 Avg=18.93 10=9.57 25=10.71 50=12.55 75=15.45 90=20.86 95=28.82 99=74.56 99.9=899.58 99.99=6922.24]
2025-04-22 06:43:32 74 sec: 1477337 operations; [READ: Count=985425 Max=19120.13 Min=1.94 Avg=56.10 10=8.49 25=15.62 50=20.51 75=58.14 90=119.30 95=183.81 99=529.41 99.9=1344.51 99.99=2500.61] [UPDATE: Count=491912 Max=28213.25 Min=5.92 Avg=18.91 10=9.57 25=10.71 50=12.56 75=15.45 90=20.82 95=28.72 99=74.43 99.9=896.00 99.99=6922.24]
2025-04-22 06:43:33 75 sec: 1491912 operations; [READ: Count=995088 Max=19120.13 Min=1.94 Avg=56.47 10=8.52 25=15.65 50=20.56 75=63.52 90=120.38 95=185.09 99=527.87 99.9=1339.39 99.99=2486.27] [UPDATE: Count=496824 Max=28213.25 Min=5.92 Avg=18.87 10=9.58 25=10.72 50=12.56 75=15.44 90=20.75 95=28.59 99=74.24 99.9=890.37 99.99=6737.92]
2025-04-22 06:43:34 75 sec: 1499253 operations; [READ: Count=1000000 Max=19120.13 Min=1.94 Avg=56.68 10=8.53 25=15.66 50=20.59 75=67.14 90=120.89 95=185.85 99=527.87 99.9=1339.39 99.99=2486.27] [UPDATE: Count=499253 Max=28213.25 Min=5.92 Avg=18.84 10=9.58 25=10.73 50=12.57 75=15.44 90=20.72 95=28.53 99=73.92 99.9=887.29 99.99=6737.92]
Run runtime(sec): 75.6376
Run operations(ops): 1000000
Run throughput(ops/sec): 13220.9
