Running scope as unit: run-r823b87a5f07442c9b3887ca9d750f6be.scope
load file:/home/user/DataFiles/silesia_data/silesia.tar
2025-04-22 06:42:18 0 sec: 0 operations;
2025-04-22 06:42:19 1 sec: 0 operations;
2025-04-22 06:42:20 2 sec: 0 operations;
2025-04-22 06:42:21 3 sec: 0 operations;
2025-04-22 06:42:22 4 sec: 0 operations;
2025-04-22 06:42:23 5 sec: 0 operations;
2025-04-22 06:42:24 6 sec: 0 operations;
2025-04-22 06:42:25 7 sec: 0 operations;
2025-04-22 06:42:26 8 sec: 0 operations;
2025-04-22 06:42:27 9 sec: 11094 operations; [READ: Count=7467 Max=3741.70 Min=3.42 Avg=87.51 10=23.44 25=30.75 50=46.24 75=127.81 90=173.06 95=227.58 99=462.59 99.9=898.56 99.99=2103.30] [UPDATE: Count=3627 Max=3258.37 Min=9.03 Avg=48.33 10=18.80 25=25.87 50=38.27 75=56.35 90=79.55 95=98.24 99=156.16 99.9=1099.78 99.99=3258.37]
2025-04-22 06:42:28 10 sec: 15029 operations; [READ: Count=10081 Max=4288.51 Min=3.42 Avg=132.53 10=23.63 25=30.99 50=47.13 75=132.22 90=205.18 95=408.06 99=1600.51 99.9=3796.99 99.99=4059.14] [UPDATE: Count=4948 Max=28704.77 Min=9.03 Avg=95.32 10=18.46 25=25.90 50=38.75 75=58.11 90=82.94 95=103.61 99=171.90 99.9=20905.98 99.99=28704.77]
2025-04-22 06:42:29 11 sec: 25318 operations; [READ: Count=16982 Max=4288.51 Min=3.42 Avg=121.73 10=24.06 25=32.09 50=48.35 75=132.09 90=205.06 95=397.57 99=1188.86 99.9=3489.79 99.99=4012.03] [UPDATE: Count=8336 Max=28704.77 Min=9.03 Avg=89.32 10=20.02 25=27.41 50=39.87 75=58.69 90=84.22 95=105.41 99=199.17 99.9=17629.18 99.99=26247.17]
2025-04-22 06:42:30 12 sec: 29184 operations; [READ: Count=19554 Max=4288.51 Min=3.42 Avg=140.64 10=23.81 25=31.86 50=47.94 75=134.66 90=257.54 95=580.61 99=1471.49 99.9=3454.97 99.99=4012.03] [UPDATE: Count=9630 Max=28704.77 Min=9.03 Avg=109.79 10=19.50 25=26.54 50=38.81 75=57.73 90=82.94 95=105.09 99=288.25 99.9=18137.09 99.99=26247.17]
2025-04-22 06:42:31 13 sec: 38164 operations; [READ: Count=25535 Max=4288.51 Min=3.24 Avg=139.86 10=24.06 25=32.26 50=48.80 75=133.38 90=260.61 95=603.65 99=1419.26 99.9=3332.09 99.99=3981.31] [UPDATE: Count=12629 Max=28704.77 Min=9.03 Avg=97.12 10=18.99 25=24.98 50=36.03 75=53.63 90=78.27 95=99.33 99=288.25 99.9=15785.98 99.99=26247.17]
2025-04-22 06:42:32 14 sec: 42640 operations; [READ: Count=28513 Max=31326.21 Min=3.14 Avg=156.65 10=24.21 25=32.45 50=48.80 75=135.68 90=352.51 95=755.20 99=1570.82 99.9=3303.42 99.99=4012.03] [UPDATE: Count=14127 Max=28704.77 Min=8.50 Avg=93.91 10=17.95 25=23.58 50=34.17 75=51.49 90=75.78 95=97.41 99=336.89 99.9=14999.55 99.99=26247.17]
2025-04-22 06:42:33 15 sec: 52656 operations; [READ: Count=35193 Max=31326.21 Min=3.06 Avg=152.73 10=23.65 25=32.22 50=48.77 75=137.34 90=352.77 95=693.76 99=1499.13 99.9=3141.63 99.99=3981.31] [UPDATE: Count=17463 Max=28704.77 Min=7.51 Avg=80.70 10=14.85 25=19.41 50=29.10 75=46.30 90=70.53 95=92.29 99=307.71 99.9=14327.81 99.99=24887.29]
2025-04-22 06:42:34 16 sec: 64331 operations; [READ: Count=42986 Max=31326.21 Min=2.77 Avg=145.79 10=23.50 25=32.19 50=49.85 75=137.09 90=306.69 95=624.64 99=1421.31 99.9=3055.61 99.99=3981.31] [UPDATE: Count=21345 Max=28704.77 Min=7.24 Avg=70.59 10=13.31 25=16.70 50=24.70 75=41.82 90=66.05 95=87.36 99=293.38 99.9=13180.93 99.99=24887.29]
2025-04-22 06:42:35 17 sec: 78867 operations; [READ: Count=52659 Max=31326.21 Min=2.77 Avg=134.77 10=22.32 25=31.14 50=47.84 75=134.53 90=264.45 95=547.33 99=1329.15 99.9=2797.57 99.99=3958.78] [UPDATE: Count=26208 Max=28704.77 Min=7.20 Avg=63.36 10=13.18 25=16.41 50=23.49 75=38.94 90=62.05 95=82.81 99=273.41 99.9=10854.40 99.99=22265.85]
2025-04-22 06:42:36 18 sec: 91659 operations; [READ: Count=61206 Max=31326.21 Min=2.77 Avg=129.20 10=20.85 25=29.70 50=45.60 75=131.84 90=256.51 95=517.12 99=1268.73 99.9=2670.59 99.99=3897.34] [UPDATE: Count=30453 Max=28704.77 Min=7.20 Avg=60.30 10=13.08 25=16.18 50=22.72 75=36.73 90=59.23 95=79.81 99=246.40 99.9=10280.96 99.99=22265.85]
2025-04-22 06:42:37 19 sec: 105860 operations; [READ: Count=70715 Max=31326.21 Min=2.77 Avg=123.20 10=20.11 25=28.53 50=43.45 75=128.25 90=244.99 95=488.19 99=1210.37 99.9=2465.79 99.99=3831.81] [UPDATE: Count=35145 Max=28704.77 Min=7.09 Avg=57.36 10=13.18 25=16.38 50=22.64 75=35.58 90=57.31 95=77.12 99=246.91 99.9=8773.63 99.99=21610.49]
2025-04-22 06:42:38 20 sec: 120918 operations; [READ: Count=80740 Max=31326.21 Min=2.77 Avg=117.98 10=19.54 25=27.54 50=41.85 75=124.61 90=235.39 95=467.20 99=1163.26 99.9=2355.20 99.99=3821.57] [UPDATE: Count=40178 Max=28704.77 Min=7.09 Avg=54.42 10=13.15 25=16.34 50=22.45 75=34.69 90=55.62 95=74.88 99=234.11 99.9=7942.14 99.99=21610.49]
2025-04-22 06:42:39 21 sec: 137609 operations; [READ: Count=91951 Max=31326.21 Min=2.77 Avg=112.49 10=18.89 25=26.51 50=40.03 75=119.87 90=224.77 95=449.28 99=1118.21 99.9=2273.28 99.99=3815.42] [UPDATE: Count=45658 Max=28704.77 Min=7.09 Avg=51.51 10=13.01 25=16.17 50=22.06 75=33.63 90=53.89 95=72.51 99=215.42 99.9=5840.90 99.99=21217.28]
2025-04-22 06:42:40 22 sec: 155512 operations; [READ: Count=103873 Max=31326.21 Min=2.77 Avg=107.26 10=18.46 25=25.66 50=38.69 75=114.43 90=214.91 95=430.59 99=1071.10 99.9=2209.79 99.99=3803.14] [UPDATE: Count=51639 Max=28704.77 Min=7.09 Avg=49.12 10=12.89 25=16.02 50=21.76 75=32.90 90=52.19 95=70.53 99=193.92 99.9=4554.75 99.99=21217.28]
2025-04-22 06:42:41 23 sec: 168852 operations; [READ: Count=112770 Max=31326.21 Min=2.77 Avg=105.93 10=18.32 25=25.41 50=38.24 75=111.55 90=210.56 95=428.03 99=1075.20 99.9=2168.83 99.99=3796.99] [UPDATE: Count=56082 Max=28704.77 Min=7.09 Avg=48.47 10=12.83 25=15.97 50=21.71 75=32.64 90=51.58 95=70.14 99=187.65 99.9=4554.75 99.99=20905.98]
2025-04-22 06:42:42 24 sec: 182240 operations; [READ: Count=121706 Max=31326.21 Min=2.77 Avg=105.01 10=18.37 25=25.52 50=38.43 75=111.61 90=211.07 95=422.40 99=1054.72 99.9=2129.92 99.99=3741.70] [UPDATE: Count=60534 Max=28704.77 Min=7.08 Avg=47.40 10=12.87 25=16.02 50=21.70 75=32.35 90=51.04 95=69.06 99=182.78 99.9=4202.49 99.99=20905.98]
2025-04-22 06:42:43 25 sec: 193460 operations; [READ: Count=129189 Max=31326.21 Min=2.77 Avg=105.66 10=18.46 25=25.70 50=38.75 75=113.86 90=216.06 95=422.65 99=1037.31 99.9=2107.39 99.99=3694.59] [UPDATE: Count=64271 Max=28704.77 Min=6.99 Avg=46.49 10=12.84 25=15.89 50=21.41 75=31.71 90=50.08 95=67.97 99=190.08 99.9=3954.69 99.99=20905.98]
2025-04-22 06:42:44 26 sec: 202645 operations; [READ: Count=135258 Max=31326.21 Min=2.77 Avg=107.40 10=18.51 25=25.86 50=39.20 75=116.80 90=224.25 95=429.31 99=1032.70 99.9=2095.10 99.99=3682.30] [UPDATE: Count=67387 Max=28704.77 Min=6.99 Avg=46.03 10=12.80 25=15.79 50=21.18 75=31.25 90=49.31 95=67.07 99=194.69 99.9=4007.93 99.99=19939.33]
2025-04-22 06:42:45 27 sec: 212866 operations; [READ: Count=142070 Max=31326.21 Min=2.77 Avg=108.55 10=18.57 25=26.08 50=39.74 75=119.81 90=230.14 95=429.31 99=1024.00 99.9=2063.36 99.99=3682.30] [UPDATE: Count=70796 Max=28704.77 Min=6.99 Avg=45.14 10=12.77 25=15.70 50=20.93 75=30.73 90=48.29 95=66.05 99=192.51 99.9=3901.44 99.99=19939.33]
2025-04-22 06:42:46 28 sec: 221044 operations; [READ: Count=147513 Max=31326.21 Min=2.77 Avg=110.64 10=18.61 25=26.22 50=40.22 75=122.17 90=236.67 95=435.97 99=1029.63 99.9=2070.53 99.99=3594.24] [UPDATE: Count=73531 Max=28704.77 Min=6.99 Avg=44.70 10=12.73 25=15.57 50=20.70 75=30.29 90=47.65 95=65.18 99=194.69 99.9=3901.44 99.99=19939.33]
2025-04-22 06:42:47 29 sec: 230665 operations; [READ: Count=153988 Max=31326.21 Min=2.77 Avg=111.81 10=18.67 25=26.46 50=40.93 75=124.61 90=240.51 95=435.71 99=1019.90 99.9=2039.81 99.99=3594.24] [UPDATE: Count=76677 Max=28704.77 Min=6.99 Avg=44.07 10=12.73 25=15.54 50=20.57 75=29.90 90=46.94 95=64.38 99=193.92 99.9=3825.66 99.99=19316.74]
2025-04-22 06:42:48 30 sec: 240320 operations; [READ: Count=160413 Max=31326.21 Min=2.77 Avg=112.93 10=18.70 25=26.61 50=41.47 75=126.40 90=245.25 95=437.25 99=1006.59 99.9=2010.11 99.99=3514.37] [UPDATE: Count=79907 Max=28704.77 Min=6.99 Avg=43.45 10=12.71 25=15.48 50=20.40 75=29.47 90=46.34 95=63.58 99=199.29 99.9=3819.52 99.99=19316.74]
2025-04-22 06:42:49 31 sec: 249223 operations; [READ: Count=166360 Max=31326.21 Min=2.58 Avg=114.29 10=18.70 25=26.67 50=41.76 75=127.87 90=251.78 95=442.62 99=1005.57 99.9=1988.61 99.99=3500.03] [UPDATE: Count=82863 Max=28704.77 Min=6.99 Avg=43.02 10=12.66 25=15.38 50=20.22 75=29.10 90=45.76 95=62.72 99=201.09 99.9=3567.61 99.99=19316.74]
2025-04-22 06:42:50 32 sec: 259752 operations; [READ: Count=173422 Max=31326.21 Min=2.58 Avg=114.73 10=18.70 25=26.75 50=42.05 75=128.77 90=253.95 95=442.11 99=998.40 99.9=1972.22 99.99=3500.03] [UPDATE: Count=86330 Max=28704.77 Min=6.68 Avg=42.51 10=12.65 25=15.34 50=20.08 75=28.73 90=45.12 95=61.82 99=201.22 99.9=3475.45 99.99=18497.53]
2025-04-22 06:42:51 33 sec: 269860 operations; [READ: Count=180165 Max=31326.21 Min=2.58 Avg=115.38 10=18.62 25=26.67 50=42.08 75=129.15 90=256.64 95=444.93 99=1005.57 99.9=1972.22 99.99=3489.79] [UPDATE: Count=89695 Max=28704.77 Min=6.68 Avg=42.03 10=12.62 25=15.27 50=19.93 75=28.38 90=44.51 95=61.12 99=191.74 99.9=3467.26 99.99=18497.53]
2025-04-22 06:42:52 34 sec: 282038 operations; [READ: Count=188259 Max=31326.21 Min=2.58 Avg=115.08 10=18.61 25=26.67 50=42.08 75=129.28 90=257.02 95=442.88 99=993.79 99.9=1959.93 99.99=3479.55] [UPDATE: Count=93779 Max=28704.77 Min=6.68 Avg=41.37 10=12.57 25=15.20 50=19.76 75=28.00 90=43.87 95=60.45 99=193.41 99.9=3287.04 99.99=18497.53]
2025-04-22 06:42:53 35 sec: 294759 operations; [READ: Count=196703 Max=31326.21 Min=2.58 Avg=114.56 10=18.56 25=26.62 50=41.95 75=129.15 90=256.38 95=440.57 99=985.09 99.9=1946.62 99.99=3471.36] [UPDATE: Count=98056 Max=28704.77 Min=6.51 Avg=40.76 10=12.54 25=15.13 50=19.61 75=27.65 90=43.26 95=59.68 99=191.74 99.9=3248.13 99.99=18399.23]
2025-04-22 06:42:54 36 sec: 308184 operations; [READ: Count=205637 Max=31326.21 Min=2.58 Avg=113.79 10=18.40 25=26.40 50=41.53 75=128.77 90=255.74 95=438.01 99=975.36 99.9=1929.21 99.99=3454.97] [UPDATE: Count=102547 Max=28704.77 Min=6.33 Avg=40.17 10=12.44 25=14.99 50=19.39 75=27.21 90=42.49 95=58.85 99=194.69 99.9=3166.21 99.99=18399.23]
2025-04-22 06:42:55 37 sec: 322244 operations; [READ: Count=214990 Max=31326.21 Min=2.58 Avg=112.86 10=18.27 25=26.16 50=41.12 75=128.25 90=254.46 95=434.18 99=965.12 99.9=1890.30 99.99=3454.97] [UPDATE: Count=107254 Max=28704.77 Min=6.33 Avg=39.56 10=12.38 25=14.89 50=19.21 75=26.80 90=41.85 95=58.08 99=199.55 99.9=3096.57 99.99=18137.09]
2025-04-22 06:42:56 38 sec: 335768 operations; [READ: Count=223969 Max=31326.21 Min=2.58 Avg=112.21 10=18.13 25=25.90 50=40.93 75=127.74 90=253.06 95=431.10 99=954.37 99.9=1871.87 99.99=3424.26] [UPDATE: Count=111799 Max=28704.77 Min=6.33 Avg=39.03 10=12.21 25=14.69 50=18.96 75=26.37 90=41.09 95=57.18 99=197.12 99.9=3076.09 99.99=18137.09]
2025-04-22 06:42:57 39 sec: 354928 operations; [READ: Count=236674 Max=31326.21 Min=2.58 Avg=109.95 10=17.74 25=25.31 50=40.99 75=125.12 90=243.84 95=420.10 99=933.38 99.9=1852.41 99.99=3368.96] [UPDATE: Count=118254 Max=28704.77 Min=6.33 Avg=37.71 10=11.78 25=14.22 50=18.45 75=25.73 90=40.03 95=55.94 99=175.23 99.9=3008.51 99.99=17629.18]
2025-04-22 06:42:58 40 sec: 376247 operations; [READ: Count=250966 Max=31326.21 Min=2.58 Avg=107.25 10=17.28 25=24.66 50=41.15 75=121.60 90=232.96 95=407.04 99=910.34 99.9=1837.06 99.99=3336.19] [UPDATE: Count=125281 Max=28704.77 Min=6.33 Avg=36.31 10=11.31 25=13.74 50=17.92 75=25.07 90=39.04 95=54.62 99=160.64 99.9=2908.16 99.99=17399.81]
2025-04-22 06:42:59 41 sec: 397972 operations; [READ: Count=265470 Max=31326.21 Min=2.58 Avg=104.76 10=16.86 25=24.03 50=41.25 75=118.40 90=223.36 95=395.01 99=892.93 99.9=1815.55 99.99=3332.09] [UPDATE: Count=132502 Max=28704.77 Min=6.33 Avg=35.01 10=10.96 25=13.30 50=17.38 75=24.48 90=38.02 95=53.18 99=146.81 99.9=2785.28 99.99=17399.81]
2025-04-22 06:43:00 42 sec: 418611 operations; [READ: Count=279236 Max=31326.21 Min=2.58 Avg=102.79 10=16.59 25=23.49 50=41.31 75=115.84 90=216.19 95=384.77 99=873.98 99.9=1802.24 99.99=3305.47] [UPDATE: Count=139375 Max=28704.77 Min=6.33 Avg=33.96 10=10.85 25=13.03 50=16.94 75=23.90 90=37.09 95=52.03 99=139.52 99.9=2715.65 99.99=15785.98]
2025-04-22 06:43:01 43 sec: 437908 operations; [READ: Count=292148 Max=31326.21 Min=2.58 Avg=101.31 10=16.40 25=23.09 50=41.38 75=113.79 90=211.07 95=378.11 99=859.13 99.9=1782.78 99.99=3303.42] [UPDATE: Count=145760 Max=28704.77 Min=6.33 Avg=33.08 10=10.80 25=12.86 50=16.61 75=23.44 90=36.29 95=51.04 99=134.91 99.9=2621.44 99.99=14999.55]
2025-04-22 06:43:02 44 sec: 458922 operations; [READ: Count=306114 Max=31326.21 Min=2.58 Avg=99.57 10=16.14 25=22.67 50=41.44 75=111.74 90=205.06 95=368.38 99=841.22 99.9=1758.21 99.99=3282.94] [UPDATE: Count=152808 Max=28704.77 Min=6.33 Avg=32.22 10=10.70 25=12.65 50=16.25 75=22.94 90=35.52 95=49.92 99=128.96 99.9=2435.07 99.99=14999.55]
2025-04-22 06:43:03 45 sec: 480215 operations; [READ: Count=320305 Max=31326.21 Min=2.48 Avg=97.95 10=15.89 25=22.29 50=41.50 75=109.82 90=199.04 95=358.91 99=825.86 99.9=1733.63 99.99=3241.98] [UPDATE: Count=159910 Max=28704.77 Min=6.33 Avg=31.36 10=10.61 25=12.42 50=15.91 75=22.48 90=34.75 95=48.83 99=124.03 99.9=2373.63 99.99=14860.29]
2025-04-22 06:43:04 46 sec: 500696 operations; [READ: Count=333964 Max=31326.21 Min=2.48 Avg=96.64 10=15.64 25=21.90 50=41.53 75=108.54 90=194.43 95=350.46 99=811.01 99.9=1717.25 99.99=3227.65] [UPDATE: Count=166732 Max=28704.77 Min=6.33 Avg=30.60 10=10.52 25=12.20 50=15.62 75=22.05 90=34.11 95=47.90 99=120.13 99.9=2269.18 99.99=14589.95]
2025-04-22 06:43:05 47 sec: 520403 operations; [READ: Count=347131 Max=31326.21 Min=2.48 Avg=95.57 10=15.38 25=21.60 50=41.60 75=107.52 90=190.72 95=344.06 99=799.74 99.9=1703.93 99.99=3145.73] [UPDATE: Count=173272 Max=28704.77 Min=6.33 Avg=29.92 10=10.46 25=12.02 50=15.35 75=21.66 90=33.50 95=47.07 99=116.86 99.9=2168.83 99.99=14589.95]
2025-04-22 06:43:06 48 sec: 539363 operations; [READ: Count=359802 Max=31326.21 Min=2.48 Avg=94.72 10=15.17 25=21.33 50=41.53 75=106.69 90=187.90 95=339.71 99=788.48 99.9=1689.60 99.99=3141.63] [UPDATE: Count=179561 Max=28704.77 Min=6.33 Avg=29.33 10=10.40 25=11.86 50=15.13 75=21.33 90=32.93 95=46.40 99=113.92 99.9=2129.92 99.99=14327.81]
2025-04-22 06:43:07 49 sec: 558971 operations; [READ: Count=372873 Max=31326.21 Min=2.48 Avg=93.79 10=14.96 25=21.12 50=41.38 75=106.05 90=185.09 95=333.82 99=777.22 99.9=1677.31 99.99=3127.30] [UPDATE: Count=186098 Max=28704.77 Min=6.33 Avg=28.81 10=10.37 25=11.78 50=14.96 75=20.99 90=32.41 95=45.73 99=111.30 99.9=2082.82 99.99=14131.20]
2025-04-22 06:43:08 50 sec: 579363 operations; [READ: Count=386454 Max=31326.21 Min=2.48 Avg=92.79 10=14.73 25=20.93 50=41.15 75=105.53 90=182.27 95=327.42 99=765.95 99.9=1664.00 99.99=3092.48] [UPDATE: Count=192909 Max=28704.77 Min=6.33 Avg=28.29 10=10.35 25=11.74 50=14.84 75=20.66 90=31.89 95=45.02 99=107.90 99.9=2034.69 99.99=13664.25]
2025-04-22 06:43:09 51 sec: 600398 operations; [READ: Count=400444 Max=31326.21 Min=2.48 Avg=91.75 10=14.50 25=20.80 50=40.90 75=105.02 90=178.94 95=320.00 99=755.20 99.9=1645.57 99.99=3090.43] [UPDATE: Count=199954 Max=28704.77 Min=6.33 Avg=27.80 10=10.34 25=11.72 50=14.73 75=20.35 90=31.34 95=44.35 99=105.66 99.9=1988.61 99.99=13664.25]
2025-04-22 06:43:10 52 sec: 619197 operations; [READ: Count=412940 Max=31326.21 Min=2.48 Avg=91.11 10=14.32 25=20.77 50=40.58 75=104.83 90=177.28 95=316.16 99=746.50 99.9=1637.38 99.99=3084.29] [UPDATE: Count=206257 Max=28704.77 Min=6.33 Avg=27.45 10=10.36 25=11.74 50=14.71 75=20.13 90=30.94 95=43.81 99=104.45 99.9=1951.74 99.99=13574.14]
2025-04-22 06:43:11 53 sec: 638772 operations; [READ: Count=425972 Max=31326.21 Min=2.45 Avg=90.39 10=14.09 25=20.62 50=40.16 75=104.51 90=175.23 95=312.83 99=737.79 99.9=1616.89 99.99=3055.61] [UPDATE: Count=212800 Max=28704.77 Min=6.33 Avg=27.09 10=10.34 25=11.71 50=14.63 75=19.89 90=30.53 95=43.26 99=103.68 99.9=1901.57 99.99=13574.14]
2025-04-22 06:43:12 54 sec: 659285 operations; [READ: Count=439675 Max=31326.21 Min=2.45 Avg=89.59 10=13.79 25=20.43 50=39.71 75=104.06 90=173.31 95=309.25 99=727.04 99.9=1600.51 99.99=3043.33] [UPDATE: Count=219610 Max=28704.77 Min=6.33 Avg=26.69 10=10.30 25=11.62 50=14.50 75=19.63 90=30.09 95=42.66 99=102.40 99.9=1868.80 99.99=13180.93]
2025-04-22 06:43:13 55 sec: 682064 operations; [READ: Count=454878 Max=31326.21 Min=2.45 Avg=88.52 10=13.46 25=20.22 50=39.23 75=103.55 90=170.50 95=303.10 99=717.31 99.9=1584.13 99.99=3020.80] [UPDATE: Count=227186 Max=28704.77 Min=6.33 Avg=26.28 10=10.26 25=11.54 50=14.36 75=19.36 90=29.65 95=42.08 99=101.31 99.9=1844.22 99.99=12468.22]
2025-04-22 06:43:14 56 sec: 706439 operations; [READ: Count=471174 Max=31326.21 Min=2.42 Avg=87.32 10=13.06 25=20.00 50=38.78 75=102.85 90=167.17 95=295.17 99=707.07 99.9=1574.91 99.99=2971.65] [UPDATE: Count=235265 Max=28704.77 Min=6.33 Avg=25.82 10=10.22 25=11.46 50=14.23 75=19.09 90=29.18 95=41.44 99=99.97 99.9=1781.76 99.99=11993.09]
2025-04-22 06:43:15 57 sec: 729805 operations; [READ: Count=486765 Max=31326.21 Min=2.42 Avg=86.34 10=12.71 25=19.82 50=38.30 75=102.21 90=164.61 95=289.28 99=696.83 99.9=1555.45 99.99=2918.40] [UPDATE: Count=243040 Max=28704.77 Min=6.33 Avg=25.42 10=10.19 25=11.40 50=14.12 75=18.83 90=28.77 95=40.80 99=99.01 99.9=1701.89 99.99=11993.09]
2025-04-22 06:43:16 58 sec: 751654 operations; [READ: Count=501291 Max=31326.21 Min=2.39 Avg=85.59 10=12.39 25=19.70 50=37.89 75=101.82 90=162.81 95=285.44 99=690.17 99.9=1545.21 99.99=2902.01] [UPDATE: Count=250363 Max=28704.77 Min=6.33 Avg=25.10 10=10.18 25=11.38 50=14.05 75=18.62 90=28.40 95=40.29 99=98.17 99.9=1673.21 99.99=11632.64]
2025-04-22 06:43:17 59 sec: 774486 operations; [READ: Count=516544 Max=31326.21 Min=2.37 Avg=84.78 10=12.03 25=19.50 50=37.41 75=101.25 90=160.64 95=281.09 99=684.03 99.9=1534.97 99.99=2861.05] [UPDATE: Count=257942 Max=28704.77 Min=6.33 Avg=24.74 10=10.14 25=11.31 50=13.94 75=18.41 90=28.00 95=39.74 99=97.22 99.9=1632.26 99.99=11059.20]
2025-04-22 06:43:18 60 sec: 799454 operations; [READ: Count=533182 Max=31326.21 Min=2.37 Avg=83.78 10=11.68 25=19.31 50=36.90 75=100.73 90=158.08 95=274.69 99=675.33 99.9=1524.73 99.99=2856.96] [UPDATE: Count=266272 Max=28704.77 Min=6.33 Avg=24.36 10=10.10 25=11.25 50=13.83 75=18.19 90=27.61 95=39.23 99=95.94 99.9=1601.54 99.99=10854.40]
2025-04-22 06:43:19 61 sec: 824922 operations; [READ: Count=550176 Max=31326.21 Min=2.37 Avg=82.77 10=11.38 25=19.17 50=36.41 75=100.16 90=155.52 95=267.26 99=665.60 99.9=1513.47 99.99=2824.19] [UPDATE: Count=274746 Max=28704.77 Min=6.33 Avg=24.02 10=10.07 25=11.21 50=13.74 75=18.00 90=27.21 95=38.69 99=95.23 99.9=1549.31 99.99=10854.40]
2025-04-22 06:43:20 62 sec: 850374 operations; [READ: Count=567163 Max=31326.21 Min=2.37 Avg=81.82 10=11.10 25=19.02 50=35.90 75=99.65 90=153.22 95=260.99 99=656.89 99.9=1498.11 99.99=2797.57] [UPDATE: Count=283211 Max=28704.77 Min=6.33 Avg=23.69 10=10.05 25=11.18 50=13.67 75=17.81 90=26.83 95=38.17 99=94.46 99.9=1509.38 99.99=10633.22]
2025-04-22 06:43:21 63 sec: 874396 operations; [READ: Count=583058 Max=31326.21 Min=2.37 Avg=81.10 10=10.88 25=18.91 50=35.42 75=99.33 90=151.68 95=256.77 99=649.73 99.9=1483.78 99.99=2783.23] [UPDATE: Count=291338 Max=28704.77 Min=6.33 Avg=23.40 10=10.03 25=11.16 50=13.60 75=17.63 90=26.50 95=37.66 99=93.89 99.9=1433.60 99.99=10608.64]
2025-04-22 06:43:22 64 sec: 895210 operations; [READ: Count=596939 Max=31326.21 Min=2.37 Avg=80.70 10=10.70 25=18.82 50=35.01 75=99.14 90=151.17 95=255.74 99=645.12 99.9=1471.49 99.99=2779.14] [UPDATE: Count=298271 Max=28704.77 Min=6.33 Avg=23.18 10=10.02 25=11.14 50=13.55 75=17.52 90=26.21 95=37.28 99=93.12 99.9=1419.26 99.99=10280.96]
2025-04-22 06:43:23 65 sec: 918099 operations; [READ: Count=612273 Max=31326.21 Min=2.37 Avg=80.11 10=10.54 25=18.72 50=34.56 75=98.88 90=149.89 95=252.29 99=640.00 99.9=1454.08 99.99=2768.89] [UPDATE: Count=305826 Max=28704.77 Min=6.33 Avg=22.95 10=10.01 25=11.13 50=13.50 75=17.39 90=25.93 95=36.86 99=92.86 99.9=1393.66 99.99=10207.23]
2025-04-22 06:43:24 66 sec: 940605 operations; [READ: Count=627301 Max=31326.21 Min=2.37 Avg=79.60 10=10.39 25=18.62 50=34.14 75=98.69 90=148.86 95=249.47 99=634.88 99.9=1447.93 99.99=2709.50] [UPDATE: Count=313304 Max=28704.77 Min=6.33 Avg=22.72 10=9.99 25=11.11 50=13.45 75=17.26 90=25.68 95=36.45 99=92.29 99.9=1355.78 99.99=10207.23]
2025-04-22 06:43:25 67 sec: 963638 operations; [READ: Count=642656 Max=31326.21 Min=2.37 Avg=79.08 10=10.23 25=18.51 50=33.70 75=98.50 90=147.84 95=247.04 99=629.76 99.9=1440.77 99.99=2705.41] [UPDATE: Count=320982 Max=28704.77 Min=6.33 Avg=22.49 10=9.97 25=11.08 50=13.38 75=17.14 90=25.42 95=36.06 99=91.90 99.9=1305.60 99.99=10059.77]
2025-04-22 06:43:26 68 sec: 987266 operations; [READ: Count=658353 Max=31326.21 Min=2.37 Avg=78.53 10=10.07 25=18.40 50=33.22 75=98.30 90=146.94 95=244.61 99=623.62 99.9=1433.60 99.99=2670.59] [UPDATE: Count=328913 Max=28704.77 Min=6.33 Avg=22.26 10=9.94 25=11.05 50=13.32 75=16.99 90=25.17 95=35.65 99=91.33 99.9=1254.40 99.99=10010.62]
2025-04-22 06:43:27 69 sec: 1008205 operations; [READ: Count=672324 Max=31326.21 Min=2.37 Avg=78.20 10=9.98 25=18.34 50=32.80 75=98.17 90=146.56 95=243.71 99=620.54 99.9=1429.50 99.99=2621.44] [UPDATE: Count=335881 Max=28704.77 Min=6.33 Avg=22.11 10=9.94 25=11.05 50=13.29 75=16.93 90=24.96 95=35.33 99=90.75 99.9=1232.89 99.99=9846.78]
2025-04-22 06:43:28 70 sec: 1032715 operations; [READ: Count=688717 Max=31326.21 Min=2.37 Avg=77.61 10=9.86 25=18.24 50=32.26 75=97.98 90=145.41 95=240.51 99=613.89 99.9=1420.29 99.99=2555.90] [UPDATE: Count=343998 Max=28704.77 Min=6.33 Avg=21.91 10=9.94 25=11.04 50=13.26 75=16.83 90=24.70 95=34.94 99=90.17 99.9=1224.70 99.99=9846.78]
2025-04-22 06:43:29 71 sec: 1057523 operations; [READ: Count=705238 Max=31326.21 Min=2.37 Avg=77.02 10=9.74 25=18.13 50=31.76 75=97.79 90=144.51 95=237.57 99=608.77 99.9=1408.00 99.99=2545.66] [UPDATE: Count=352285 Max=28704.77 Min=6.33 Avg=21.71 10=9.91 25=11.02 50=13.21 75=16.72 90=24.48 95=34.56 99=89.53 99.9=1202.17 99.99=9658.37]
2025-04-22 06:43:30 72 sec: 1083406 operations; [READ: Count=722473 Max=31326.21 Min=2.01 Avg=76.40 10=9.60 25=17.98 50=31.21 75=97.47 90=143.36 95=234.88 99=603.13 99.9=1397.76 99.99=2543.61] [UPDATE: Count=360933 Max=28704.77 Min=6.33 Avg=21.49 10=9.89 25=10.99 50=13.14 75=16.61 90=24.21 95=34.21 99=88.96 99.9=1168.38 99.99=9371.65]
2025-04-22 06:43:31 73 sec: 1108609 operations; [READ: Count=739300 Max=31326.21 Min=2.01 Avg=75.84 10=9.49 25=17.89 50=30.72 75=97.22 90=142.34 95=232.19 99=599.55 99.9=1389.57 99.99=2527.23] [UPDATE: Count=369309 Max=28704.77 Min=6.33 Avg=21.30 10=9.86 25=10.97 50=13.10 75=16.51 90=23.97 95=33.85 99=88.25 99.9=1155.07 99.99=8773.63]
2025-04-22 06:43:32 74 sec: 1132043 operations; [READ: Count=754984 Max=31326.21 Min=2.01 Avg=75.43 10=9.40 25=17.77 50=30.22 75=97.02 90=141.57 95=230.91 99=597.50 99.9=1384.45 99.99=2498.56] [UPDATE: Count=377059 Max=28704.77 Min=6.33 Avg=21.14 10=9.85 25=10.96 50=13.05 75=16.43 90=23.77 95=33.57 99=87.87 99.9=1137.66 99.99=8642.56]
2025-04-22 06:43:33 75 sec: 1159866 operations; [READ: Count=773602 Max=31326.21 Min=2.01 Avg=74.72 10=9.29 25=17.65 50=29.68 75=96.70 90=140.29 95=227.07 99=590.85 99.9=1379.33 99.99=2480.13] [UPDATE: Count=386264 Max=28704.77 Min=6.33 Avg=20.95 10=9.83 25=10.94 50=13.01 75=16.34 90=23.54 95=33.18 99=87.42 99.9=1110.02 99.99=8495.10]
2025-04-22 06:43:34 76 sec: 1187960 operations; [READ: Count=792327 Max=31326.21 Min=2.01 Avg=74.05 10=9.17 25=17.50 50=29.14 75=96.45 90=139.26 95=224.13 99=584.70 99.9=1368.06 99.99=2471.93] [UPDATE: Count=395633 Max=28704.77 Min=6.33 Avg=20.75 10=9.80 25=10.92 50=12.94 75=16.23 90=23.30 95=32.83 99=86.78 99.9=1087.49 99.99=8486.91]
2025-04-22 06:43:35 77 sec: 1214487 operations; [READ: Count=810036 Max=31326.21 Min=2.01 Avg=73.50 10=9.06 25=17.38 50=28.66 75=96.19 90=138.37 95=222.08 99=578.56 99.9=1358.85 99.99=2469.89] [UPDATE: Count=404451 Max=28704.77 Min=6.33 Avg=20.57 10=9.77 25=10.89 50=12.89 75=16.14 90=23.07 95=32.51 99=86.21 99.9=1069.06 99.99=8486.91]
2025-04-22 06:43:36 78 sec: 1241520 operations; [READ: Count=828078 Max=31326.21 Min=2.01 Avg=72.95 10=8.97 25=17.26 50=28.18 75=96.00 90=137.60 95=220.03 99=573.44 99.9=1351.68 99.99=2453.50] [UPDATE: Count=413442 Max=28704.77 Min=6.33 Avg=20.40 10=9.74 25=10.87 50=12.84 75=16.06 90=22.88 95=32.21 99=85.57 99.9=1043.45 99.99=8470.53]
2025-04-22 06:43:37 79 sec: 1264749 operations; [READ: Count=843561 Max=31326.21 Min=2.01 Avg=72.65 10=8.90 25=17.15 50=27.77 75=95.81 90=137.22 95=219.65 99=572.93 99.9=1347.58 99.99=2449.41] [UPDATE: Count=421188 Max=28704.77 Min=6.33 Avg=20.29 10=9.72 25=10.86 50=12.80 75=16.00 90=22.70 95=31.93 99=85.38 99.9=1039.87 99.99=8171.52]
2025-04-22 06:43:38 80 sec: 1291198 operations; [READ: Count=861199 Max=31326.21 Min=2.01 Avg=72.17 10=8.82 25=17.02 50=27.31 75=95.61 90=136.45 95=218.11 99=569.34 99.9=1339.39 99.99=2424.83] [UPDATE: Count=429999 Max=28704.77 Min=6.33 Avg=20.14 10=9.70 25=10.84 50=12.76 75=15.93 90=22.50 95=31.65 99=85.06 99.9=1018.88 99.99=8167.42]
2025-04-22 06:43:39 81 sec: 1314790 operations; [READ: Count=876919 Max=31326.21 Min=2.01 Avg=71.84 10=8.80 25=16.96 50=27.02 75=95.49 90=136.19 95=217.34 99=566.27 99.9=1333.25 99.99=2387.97] [UPDATE: Count=437871 Max=28704.77 Min=6.33 Avg=20.08 10=9.70 25=10.84 50=12.76 75=15.92 90=22.38 95=31.41 99=85.12 99.9=1018.88 99.99=7942.14]
2025-04-22 06:43:40 82 sec: 1333914 operations; [READ: Count=889645 Max=31326.21 Min=2.01 Avg=71.80 10=8.78 25=16.89 50=26.78 75=95.49 90=136.32 95=218.37 99=567.81 99.9=1327.10 99.99=2383.87] [UPDATE: Count=444269 Max=28704.77 Min=6.33 Avg=20.04 10=9.69 25=10.84 50=12.76 75=15.90 90=22.27 95=31.25 99=85.44 99.9=1016.32 99.99=7942.14]
2025-04-22 06:43:41 83 sec: 1354756 operations; [READ: Count=903618 Max=31326.21 Min=2.01 Avg=71.64 10=8.78 25=16.85 50=26.59 75=95.42 90=136.45 95=218.88 99=565.76 99.9=1320.96 99.99=2383.87] [UPDATE: Count=451138 Max=28704.77 Min=6.33 Avg=20.02 10=9.70 25=10.85 50=12.78 75=15.92 90=22.18 95=31.10 99=85.69 99.9=1015.81 99.99=7905.28]
2025-04-22 06:43:42 84 sec: 1372443 operations; [READ: Count=915447 Max=31326.21 Min=2.01 Avg=71.68 10=8.80 25=16.83 50=26.61 75=95.55 90=136.83 95=219.78 99=565.25 99.9=1317.89 99.99=2369.53] [UPDATE: Count=456996 Max=28704.77 Min=6.33 Avg=19.97 10=9.69 25=10.84 50=12.78 75=15.91 90=22.11 95=30.98 99=85.89 99.9=1008.13 99.99=7569.41]
2025-04-22 06:43:43 85 sec: 1386366 operations; [READ: Count=924691 Max=31326.21 Min=2.01 Avg=71.93 10=8.83 25=16.83 50=26.64 75=95.68 90=137.73 95=222.08 99=567.29 99.9=1313.79 99.99=2369.53] [UPDATE: Count=461675 Max=28704.77 Min=6.33 Avg=19.98 10=9.70 25=10.85 50=12.78 75=15.92 90=22.06 95=30.86 99=85.76 99.9=1015.81 99.99=7569.41]
2025-04-22 06:43:44 86 sec: 1404249 operations; [READ: Count=936613 Max=31326.21 Min=2.01 Avg=71.97 10=8.87 25=16.83 50=26.67 75=95.81 90=137.98 95=222.59 99=565.76 99.9=1307.65 99.99=2359.30] [UPDATE: Count=467636 Max=28704.77 Min=6.33 Avg=19.93 10=9.70 25=10.86 50=12.79 75=15.92 90=21.98 95=30.69 99=85.18 99.9=1012.74 99.99=7286.78]
2025-04-22 06:43:45 87 sec: 1421401 operations; [READ: Count=948023 Max=31326.21 Min=2.01 Avg=72.04 10=8.91 25=16.85 50=26.69 75=95.94 90=138.50 95=223.74 99=564.74 99.9=1302.53 99.99=2357.25] [UPDATE: Count=473378 Max=28704.77 Min=6.33 Avg=19.89 10=9.71 25=10.86 50=12.81 75=15.93 90=21.93 95=30.53 99=84.61 99.9=1004.54 99.99=7286.78]
2025-04-22 06:43:46 88 sec: 1437041 operations; [READ: Count=958433 Max=31326.21 Min=2.01 Avg=72.19 10=8.94 25=16.86 50=26.77 75=96.06 90=139.01 95=224.90 99=564.22 99.9=1298.43 99.99=2355.20] [UPDATE: Count=478608 Max=28704.77 Min=6.33 Avg=19.87 10=9.72 25=10.87 50=12.81 75=15.92 90=21.86 95=30.38 99=84.09 99.9=1008.13 99.99=7127.04]
2025-04-22 06:43:47 89 sec: 1450968 operations; [READ: Count=967721 Max=31326.21 Min=2.01 Avg=72.44 10=8.97 25=16.89 50=26.88 75=96.25 90=139.78 95=226.56 99=564.22 99.9=1296.38 99.99=2353.15] [UPDATE: Count=483247 Max=28704.77 Min=6.33 Avg=19.83 10=9.73 25=10.88 50=12.81 75=15.92 90=21.81 95=30.27 99=83.71 99.9=1000.96 99.99=7127.04]
2025-04-22 06:43:48 90 sec: 1463636 operations; [READ: Count=976151 Max=31326.21 Min=2.01 Avg=72.76 10=9.00 25=16.91 50=27.01 75=96.51 90=140.80 95=228.22 99=564.22 99.9=1294.34 99.99=2340.86] [UPDATE: Count=487485 Max=28704.77 Min=6.33 Avg=19.80 10=9.73 25=10.88 50=12.82 75=15.91 90=21.74 95=30.16 99=83.39 99.9=995.84 99.99=6549.50]
2025-04-22 06:43:49 91 sec: 1475665 operations; [READ: Count=984191 Max=31326.21 Min=2.01 Avg=73.11 10=9.02 25=16.94 50=27.17 75=96.70 90=142.21 95=229.89 99=565.25 99.9=1293.31 99.99=2340.86] [UPDATE: Count=491474 Max=28704.77 Min=6.33 Avg=19.76 10=9.73 25=10.89 50=12.82 75=15.89 90=21.70 95=30.06 99=83.20 99.9=992.77 99.99=6549.50]
2025-04-22 06:43:50 92 sec: 1489068 operations; [READ: Count=993134 Max=31326.21 Min=2.01 Avg=73.39 10=9.04 25=16.96 50=27.30 75=96.89 90=143.62 95=230.53 99=564.22 99.9=1290.24 99.99=2330.62] [UPDATE: Count=495934 Max=28704.77 Min=6.33 Avg=19.71 10=9.73 25=10.89 50=12.81 75=15.88 90=21.63 95=29.93 99=82.75 99.9=986.11 99.99=6533.12]
2025-04-22 06:43:51 92 sec: 1499384 operations; [READ: Count=1000000 Max=31326.21 Min=2.01 Avg=73.51 10=9.05 25=16.98 50=27.38 75=96.96 90=144.64 95=230.66 99=563.20 99.9=1289.21 99.99=2320.38] [UPDATE: Count=499384 Max=28704.77 Min=6.33 Avg=19.68 10=9.74 25=10.89 50=12.81 75=15.87 90=21.58 95=29.86 99=82.50 99.9=983.55 99.99=6533.12]
Run runtime(sec): 92.8169
Run operations(ops): 1000000
Run throughput(ops/sec): 10773.9
