Running scope as unit: run-rfd8c5eee14ca49a198fa018503bc465e.scope
load file:/home/user/DataFiles/silesia_data/silesia.tar
2025-04-19 13:37:04 0 sec: 0 operations;
2025-04-19 13:37:05 1 sec: 0 operations;
2025-04-19 13:37:06 2 sec: 0 operations;
2025-04-19 13:37:07 3 sec: 0 operations;
2025-04-19 13:37:08 4 sec: 0 operations;
2025-04-19 13:37:09 5 sec: 0 operations;
2025-04-19 13:37:10 6 sec: 0 operations;
2025-04-19 13:37:11 7 sec: 0 operations;
2025-04-19 13:37:12 8 sec: 0 operations;
2025-04-19 13:37:13 9 sec: 0 operations;
2025-04-19 13:37:14 10 sec: 0 operations;
2025-04-19 13:37:15 11 sec: 0 operations;
2025-04-19 13:37:16 12 sec: 0 operations;
2025-04-19 13:37:17 13 sec: 0 operations;
2025-04-19 13:37:18 14 sec: 0 operations;
2025-04-19 13:37:19 15 sec: 0 operations;
2025-04-19 13:37:20 16 sec: 0 operations;
2025-04-19 13:37:21 17 sec: 0 operations;
2025-04-19 13:37:22 18 sec: 0 operations;
2025-04-19 13:37:23 19 sec: 0 operations;
2025-04-19 13:37:24 20 sec: 0 operations;
2025-04-19 13:37:25 21 sec: 0 operations;
2025-04-19 13:37:26 22 sec: 0 operations;
2025-04-19 13:37:27 23 sec: 0 operations;
2025-04-19 13:37:28 24 sec: 0 operations;
2025-04-19 13:37:29 25 sec: 0 operations;
2025-04-19 13:37:30 26 sec: 0 operations;
2025-04-19 13:37:31 27 sec: 0 operations;
2025-04-19 13:37:32 28 sec: 0 operations;
2025-04-19 13:37:33 29 sec: 0 operations;
2025-04-19 13:37:34 30 sec: 0 operations;
2025-04-19 13:37:35 31 sec: 0 operations;
2025-04-19 13:37:36 32 sec: 0 operations;
2025-04-19 13:37:37 33 sec: 0 operations;
2025-04-19 13:37:38 34 sec: 0 operations;
2025-04-19 13:37:39 35 sec: 0 operations;
2025-04-19 13:37:40 36 sec: 0 operations;
2025-04-19 13:37:41 37 sec: 0 operations;
2025-04-19 13:37:42 38 sec: 0 operations;
2025-04-19 13:37:43 39 sec: 0 operations;
2025-04-19 13:37:44 40 sec: 0 operations;
2025-04-19 13:37:45 41 sec: 0 operations;
2025-04-19 13:37:46 42 sec: 0 operations;
2025-04-19 13:37:47 43 sec: 0 operations;
2025-04-19 13:37:48 44 sec: 0 operations;
2025-04-19 13:37:49 45 sec: 0 operations;
2025-04-19 13:37:50 46 sec: 0 operations;
2025-04-19 13:37:51 47 sec: 0 operations;
2025-04-19 13:37:52 48 sec: 0 operations;
2025-04-19 13:37:53 49 sec: 0 operations;
2025-04-19 13:37:54 50 sec: 0 operations;
2025-04-19 13:37:55 51 sec: 0 operations;
2025-04-19 13:37:56 52 sec: 0 operations;
2025-04-19 13:37:57 53 sec: 0 operations;
2025-04-19 13:37:58 54 sec: 0 operations;
2025-04-19 13:37:59 55 sec: 0 operations;
2025-04-19 13:38:00 56 sec: 0 operations;
2025-04-19 13:38:01 57 sec: 0 operations;
2025-04-19 13:38:02 58 sec: 0 operations;
2025-04-19 13:38:03 59 sec: 0 operations;
2025-04-19 13:38:04 60 sec: 0 operations;
2025-04-19 13:38:05 61 sec: 0 operations;
2025-04-19 13:38:06 62 sec: 0 operations;
2025-04-19 13:38:07 63 sec: 0 operations;
2025-04-19 13:38:08 64 sec: 0 operations;
2025-04-19 13:38:09 65 sec: 0 operations;
2025-04-19 13:38:10 66 sec: 0 operations;
2025-04-19 13:38:11 67 sec: 0 operations;
2025-04-19 13:38:12 68 sec: 0 operations;
2025-04-19 13:38:13 69 sec: 0 operations;
2025-04-19 13:38:14 70 sec: 0 operations;
2025-04-19 13:38:15 71 sec: 0 operations;
2025-04-19 13:38:16 72 sec: 0 operations;
2025-04-19 13:38:17 73 sec: 0 operations;
2025-04-19 13:38:18 74 sec: 0 operations;
2025-04-19 13:38:19 75 sec: 0 operations;
2025-04-19 13:38:20 76 sec: 0 operations;
2025-04-19 13:38:21 77 sec: 0 operations;
2025-04-19 13:38:22 78 sec: 0 operations;
2025-04-19 13:38:23 79 sec: 0 operations;
2025-04-19 13:38:24 80 sec: 0 operations;
2025-04-19 13:38:25 81 sec: 0 operations;
2025-04-19 13:38:26 82 sec: 0 operations;
2025-04-19 13:38:27 83 sec: 0 operations;
2025-04-19 13:38:28 84 sec: 0 operations;
2025-04-19 13:38:29 85 sec: 0 operations;
2025-04-19 13:38:30 86 sec: 0 operations;
2025-04-19 13:38:31 87 sec: 0 operations;
2025-04-19 13:38:32 88 sec: 1758 operations; [READ: Count=865 Max=920.58 Min=6.13 Avg=80.94 10=34.98 25=46.02 50=64.67 75=99.97 90=144.38 95=172.29 99=238.72 99.9=638.98 99.99=920.58] [UPDATE: Count=893 Max=1046.02 Min=8.64 Avg=89.70 10=41.41 25=52.67 50=70.85 75=107.90 90=153.09 95=197.12 99=297.47 99.9=800.25 99.99=1046.02]
2025-04-19 13:38:33 89 sec: 14502 operations; [READ: Count=7282 Max=1116.16 Min=2.87 Avg=74.41 10=29.63 25=42.81 50=59.42 75=88.83 90=132.22 95=163.33 99=291.84 99.9=724.99 99.99=920.58] [UPDATE: Count=7220 Max=3409.92 Min=8.54 Avg=82.46 10=36.80 25=50.08 50=66.88 75=95.36 90=139.39 95=168.06 99=317.95 99.9=800.25 99.99=2856.96]
2025-04-19 13:38:34 90 sec: 31773 operations; [READ: Count=15927 Max=1122.30 Min=2.67 Avg=62.55 10=26.21 25=38.02 50=51.49 75=70.91 90=108.86 95=139.01 99=238.72 99.9=621.05 99.99=920.58] [UPDATE: Count=15846 Max=3409.92 Min=7.73 Avg=70.96 10=33.53 25=45.25 50=58.78 75=78.27 90=117.63 95=147.33 99=269.31 99.9=726.01 99.99=2295.81]
2025-04-19 13:38:35 91 sec: 52013 operations; [READ: Count=26051 Max=1122.30 Min=2.67 Avg=55.41 10=24.48 25=35.84 50=47.20 75=61.09 90=89.22 95=122.24 99=205.69 99.9=592.38 99.99=836.61] [UPDATE: Count=25962 Max=3409.92 Min=7.45 Avg=63.87 10=31.97 25=43.01 50=54.69 75=68.73 90=98.30 95=132.35 99=228.86 99.9=649.73 99.99=1286.14]
2025-04-19 13:38:36 92 sec: 71759 operations; [READ: Count=35955 Max=1122.30 Min=2.67 Avg=52.59 10=24.13 25=35.42 50=46.14 75=58.30 90=79.74 95=111.42 99=188.93 99.9=535.04 99.99=821.25] [UPDATE: Count=35804 Max=3409.92 Min=7.45 Avg=61.22 10=31.61 25=42.59 50=53.66 75=66.24 90=88.38 95=122.50 99=212.86 99.9=608.77 99.99=1731.58]
2025-04-19 13:38:37 93 sec: 89808 operations; [READ: Count=44933 Max=1290.24 Min=2.67 Avg=52.10 10=23.95 25=35.23 50=45.63 75=57.63 90=78.72 95=112.19 99=189.06 99.9=523.52 99.99=848.38] [UPDATE: Count=44875 Max=3409.92 Min=7.45 Avg=60.71 10=31.38 25=42.49 50=53.31 75=65.73 90=88.00 95=123.39 99=210.94 99.9=576.00 99.99=1731.58]
2025-04-19 13:38:38 94 sec: 106091 operations; [READ: Count=52994 Max=3031.04 Min=2.67 Avg=52.72 10=23.65 25=34.98 50=45.34 75=57.57 90=82.56 95=116.86 99=196.61 99.9=542.72 99.99=848.38] [UPDATE: Count=53097 Max=3409.92 Min=7.45 Avg=61.31 10=31.14 25=42.37 50=53.12 75=65.73 90=92.67 95=126.85 99=225.15 99.9=585.73 99.99=1638.40]
2025-04-19 13:38:39 95 sec: 121921 operations; [READ: Count=60892 Max=3031.04 Min=2.67 Avg=53.39 10=23.30 25=34.75 50=45.09 75=57.76 90=92.09 95=119.87 99=206.97 99.9=538.11 99.99=920.58] [UPDATE: Count=61029 Max=3409.92 Min=7.45 Avg=61.99 10=30.62 25=42.11 50=52.90 75=65.98 90=102.53 95=129.98 99=240.77 99.9=576.00 99.99=1419.26]
2025-04-19 13:38:40 96 sec: 136616 operations; [READ: Count=68268 Max=3031.04 Min=2.67 Avg=54.48 10=22.86 25=34.46 50=44.73 75=58.05 90=101.57 95=122.24 99=243.71 99.9=588.80 99.99=946.17] [UPDATE: Count=68348 Max=3409.92 Min=7.45 Avg=62.92 10=30.13 25=41.73 50=52.58 75=66.24 90=110.85 95=132.35 99=269.31 99.9=602.62 99.99=1419.26]
2025-04-19 13:38:41 97 sec: 150269 operations; [READ: Count=75075 Max=3031.04 Min=2.67 Avg=55.67 10=22.46 25=34.17 50=44.61 75=58.72 90=107.14 95=124.48 99=267.77 99.9=606.72 99.99=1006.59] [UPDATE: Count=75194 Max=3409.92 Min=7.45 Avg=64.21 10=29.74 25=41.47 50=52.48 75=66.94 90=116.16 95=135.17 99=288.51 99.9=616.45 99.99=1419.26]
2025-04-19 13:38:42 98 sec: 163445 operations; [READ: Count=81567 Max=3031.04 Min=2.55 Avg=56.89 10=22.16 25=33.98 50=44.73 75=59.81 90=109.89 95=127.23 99=277.76 99.9=594.43 99.99=1006.59] [UPDATE: Count=81878 Max=3659.78 Min=7.45 Avg=65.40 10=29.41 25=41.28 50=52.51 75=67.97 90=118.97 95=138.24 99=297.47 99.9=616.45 99.99=1614.85]
2025-04-19 13:38:43 99 sec: 177249 operations; [READ: Count=88510 Max=3031.04 Min=2.55 Avg=57.69 10=21.82 25=33.76 50=44.64 75=60.54 90=111.36 95=129.53 99=289.02 99.9=608.77 99.99=1037.82] [UPDATE: Count=88739 Max=3659.78 Min=7.45 Avg=66.22 10=29.07 25=41.05 50=52.45 75=68.86 90=120.58 95=140.54 99=305.15 99.9=629.25 99.99=1419.26]
2025-04-19 13:38:44 100 sec: 192374 operations; [READ: Count=95995 Max=3031.04 Min=2.55 Avg=57.94 10=21.41 25=33.44 50=44.45 75=61.02 90=112.19 95=130.62 99=291.84 99.9=607.74 99.99=1032.19] [UPDATE: Count=96379 Max=3659.78 Min=7.45 Avg=66.47 10=28.62 25=40.73 50=52.16 75=69.31 90=121.28 95=142.21 99=307.97 99.9=628.74 99.99=1419.26]
2025-04-19 13:38:45 101 sec: 207339 operations; [READ: Count=103545 Max=3031.04 Min=2.55 Avg=58.11 10=20.99 25=33.09 50=44.16 75=61.18 90=112.32 95=131.33 99=301.31 99.9=630.27 99.99=1042.94] [UPDATE: Count=103794 Max=3659.78 Min=7.45 Avg=66.84 10=28.24 25=40.35 50=51.90 75=69.63 90=121.53 95=143.36 99=318.98 99.9=697.86 99.99=1662.97]
2025-04-19 13:38:46 102 sec: 227398 operations; [READ: Count=113644 Max=3031.04 Min=2.55 Avg=56.97 10=20.83 25=30.41 50=43.10 75=61.89 90=110.33 95=128.83 99=294.91 99.9=620.54 99.99=1037.82] [UPDATE: Count=113754 Max=3659.78 Min=6.94 Avg=65.61 10=28.05 25=37.95 50=50.91 75=70.40 90=119.49 95=140.54 99=312.32 99.9=666.11 99.99=1638.40]
2025-04-19 13:38:47 103 sec: 249662 operations; [READ: Count=124879 Max=3031.04 Min=2.55 Avg=55.52 10=20.57 25=28.18 50=41.73 75=62.02 90=108.03 95=126.14 99=283.39 99.9=611.33 99.99=1032.19] [UPDATE: Count=124783 Max=3659.78 Min=6.94 Avg=64.00 10=27.65 25=35.52 50=49.63 75=70.46 90=117.18 95=137.47 99=302.08 99.9=653.31 99.99=1638.40]
2025-04-19 13:38:48 104 sec: 274045 operations; [READ: Count=137181 Max=3031.04 Min=2.51 Avg=53.84 10=20.16 25=26.83 50=40.22 75=61.41 90=105.41 95=123.58 99=269.82 99.9=604.67 99.99=998.91] [UPDATE: Count=136864 Max=3659.78 Min=6.90 Avg=62.22 10=27.14 25=33.85 50=48.06 75=69.76 90=114.37 95=134.53 99=293.89 99.9=638.98 99.99=1614.85]
2025-04-19 13:38:49 105 sec: 301374 operations; [READ: Count=150949 Max=3031.04 Min=2.51 Avg=51.87 10=19.36 25=25.97 50=38.46 75=59.87 90=101.95 95=121.09 99=250.62 99.9=588.80 99.99=990.21] [UPDATE: Count=150425 Max=3659.78 Min=6.90 Avg=60.15 10=26.51 25=32.73 50=46.21 75=68.16 90=110.91 95=131.58 99=279.04 99.9=615.93 99.99=1612.80]
2025-04-19 13:38:50 106 sec: 329468 operations; [READ: Count=164925 Max=3031.04 Min=2.50 Avg=50.12 10=18.09 25=25.34 50=36.61 75=58.08 90=98.50 95=119.10 99=240.64 99.9=579.07 99.99=986.11] [UPDATE: Count=164543 Max=3659.78 Min=6.90 Avg=58.29 10=25.58 25=31.97 50=44.16 75=66.37 90=107.71 95=129.47 99=270.33 99.9=608.77 99.99=1608.70]
2025-04-19 13:38:51 107 sec: 359988 operations; [READ: Count=180081 Max=3031.04 Min=2.50 Avg=48.29 10=14.81 25=24.91 50=34.21 75=56.13 90=94.78 95=116.99 99=225.53 99.9=570.88 99.99=975.36] [UPDATE: Count=179907 Max=3659.78 Min=6.90 Avg=56.34 10=23.68 25=31.45 50=41.70 75=64.29 90=103.81 95=126.97 99=257.28 99.9=598.53 99.99=1419.26]
2025-04-19 13:38:52 108 sec: 392236 operations; [READ: Count=196148 Max=3031.04 Min=2.42 Avg=46.52 10=10.62 25=24.59 50=31.04 75=54.17 90=91.97 95=115.07 99=210.94 99.9=556.54 99.99=946.17] [UPDATE: Count=196088 Max=3659.78 Min=6.90 Avg=54.47 10=19.92 25=31.05 50=38.78 75=62.17 90=100.42 95=124.80 99=242.05 99.9=583.68 99.99=1329.15]
2025-04-19 13:38:53 109 sec: 425703 operations; [READ: Count=212822 Max=3031.04 Min=2.42 Avg=44.88 10=9.02 25=24.34 50=29.05 75=52.19 90=89.79 95=113.15 99=201.34 99.9=542.72 99.99=931.84] [UPDATE: Count=212881 Max=3659.78 Min=6.90 Avg=52.74 10=17.26 25=30.75 50=36.70 75=60.13 90=97.66 95=122.75 99=227.97 99.9=575.49 99.99=1286.14]
2025-04-19 13:38:54 110 sec: 461001 operations; [READ: Count=230487 Max=3031.04 Min=2.42 Avg=43.29 10=8.05 25=24.14 50=28.13 75=50.17 90=87.94 95=111.04 99=192.90 99.9=530.94 99.99=916.48] [UPDATE: Count=230514 Max=3659.78 Min=6.90 Avg=51.08 10=15.87 25=30.51 50=35.55 75=57.98 90=95.49 95=120.64 99=214.01 99.9=562.17 99.99=1256.45]
2025-04-19 13:38:55 111 sec: 496590 operations; [READ: Count=248116 Max=3031.04 Min=2.42 Avg=41.92 10=7.44 25=23.98 50=27.58 75=48.19 90=86.46 95=109.18 99=188.80 99.9=518.91 99.99=902.14] [UPDATE: Count=248474 Max=3659.78 Min=6.90 Avg=49.60 10=15.01 25=30.30 50=34.81 75=55.94 90=93.82 95=118.66 99=206.34 99.9=552.96 99.99=1182.72]
2025-04-19 13:38:56 112 sec: 533836 operations; [READ: Count=266627 Max=3031.04 Min=2.42 Avg=40.57 10=7.01 25=23.86 50=27.21 75=46.05 90=85.12 95=107.07 99=183.55 99.9=502.27 99.99=898.05] [UPDATE: Count=267209 Max=3659.78 Min=6.90 Avg=48.19 10=14.42 25=30.11 50=34.34 75=53.66 90=92.35 95=116.48 99=199.17 99.9=542.21 99.99=1139.71]
2025-04-19 13:38:57 113 sec: 571553 operations; [READ: Count=285477 Max=3031.04 Min=2.04 Avg=39.36 10=6.70 25=23.71 50=26.94 75=43.74 90=83.78 95=104.83 99=180.09 99.9=495.36 99.99=896.00] [UPDATE: Count=286076 Max=3659.78 Min=6.90 Avg=46.94 10=14.01 25=29.97 50=33.98 75=51.52 90=90.88 95=114.17 99=193.92 99.9=535.55 99.99=1088.51]
2025-04-19 13:38:58 114 sec: 613289 operations; [READ: Count=306633 Max=3031.04 Min=1.98 Avg=38.01 10=6.36 25=23.26 50=26.56 75=41.28 90=82.11 95=102.27 99=176.13 99.9=481.54 99.99=890.88] [UPDATE: Count=306656 Max=3659.78 Min=6.90 Avg=45.59 10=13.58 25=29.52 50=33.53 75=49.28 90=89.41 95=111.68 99=189.69 99.9=527.36 99.99=1046.02]
2025-04-19 13:38:59 115 sec: 657492 operations; [READ: Count=328677 Max=3031.04 Min=1.98 Avg=36.68 10=6.04 25=22.69 50=26.14 75=39.13 90=80.51 95=99.39 99=172.16 99.9=469.76 99.99=876.54] [UPDATE: Count=328815 Max=3659.78 Min=6.90 Avg=44.24 10=13.18 25=28.98 50=33.05 75=47.04 90=87.74 95=108.93 99=185.73 99.9=514.82 99.99=1042.94]
2025-04-19 13:39:00 116 sec: 701531 operations; [READ: Count=350801 Max=3031.04 Min=1.98 Avg=35.51 10=5.82 25=22.21 50=25.77 75=37.25 90=78.91 95=96.58 99=167.94 99.9=460.80 99.99=848.38] [UPDATE: Count=350730 Max=3659.78 Min=6.88 Avg=43.08 10=12.87 25=28.54 50=32.66 75=44.99 90=86.14 95=106.30 99=182.40 99.9=508.42 99.99=1022.98]
2025-04-19 13:39:01 117 sec: 748051 operations; [READ: Count=373982 Max=3031.04 Min=1.98 Avg=34.37 10=5.60 25=21.70 50=25.39 75=35.17 90=77.18 95=94.08 99=163.20 99.9=447.49 99.99=842.75] [UPDATE: Count=374069 Max=3659.78 Min=6.79 Avg=41.91 10=12.54 25=28.03 50=32.26 75=42.91 90=84.42 95=103.42 99=178.56 99.9=495.62 99.99=1014.27]
2025-04-19 13:39:02 118 sec: 795009 operations; [READ: Count=397370 Max=3031.04 Min=1.98 Avg=33.35 10=5.43 25=21.26 50=25.05 75=32.86 90=74.37 95=92.22 99=157.95 99.9=440.06 99.99=835.58] [UPDATE: Count=397639 Max=3659.78 Min=6.79 Avg=40.85 10=12.29 25=27.57 50=31.89 75=40.86 90=82.05 95=100.99 99=174.34 99.9=483.33 99.99=995.33]
2025-04-19 13:39:03 119 sec: 842557 operations; [READ: Count=421283 Max=3031.04 Min=1.98 Avg=32.41 10=5.29 25=20.89 50=24.75 75=30.85 90=67.14 95=90.62 99=151.55 99.9=432.38 99.99=829.44] [UPDATE: Count=421274 Max=3659.78 Min=6.79 Avg=39.90 10=12.06 25=27.17 50=31.58 75=39.10 90=77.12 95=99.01 99=170.62 99.9=473.60 99.99=978.94]
2025-04-19 13:39:04 120 sec: 890267 operations; [READ: Count=445168 Max=3031.04 Min=1.98 Avg=31.57 10=5.19 25=20.59 50=24.50 75=29.70 90=62.56 95=89.22 99=146.56 99.9=422.91 99.99=820.22] [UPDATE: Count=445099 Max=3659.78 Min=6.79 Avg=39.03 10=11.90 25=26.80 50=31.31 75=37.82 90=71.81 95=97.34 99=166.27 99.9=464.89 99.99=975.36]
2025-04-19 13:39:05 121 sec: 935497 operations; [READ: Count=468012 Max=3031.04 Min=1.98 Avg=30.90 10=5.17 25=20.37 50=24.38 75=29.05 90=59.49 95=88.13 99=142.46 99.9=414.98 99.99=812.03] [UPDATE: Count=467485 Max=3659.78 Min=6.21 Avg=38.36 10=11.84 25=26.53 50=31.18 75=37.05 90=68.42 95=96.06 99=162.81 99.9=456.70 99.99=971.26]
2025-04-19 13:39:06 122 sec: 977758 operations; [READ: Count=489125 Max=3031.04 Min=1.98 Avg=30.39 10=5.21 25=20.14 50=24.38 75=28.78 90=57.38 95=87.23 99=139.52 99.9=409.60 99.99=799.74] [UPDATE: Count=488633 Max=3659.78 Min=6.21 Avg=37.85 10=11.86 25=26.27 50=31.17 75=36.73 90=66.11 95=95.04 99=159.62 99.9=447.49 99.99=971.26]
2025-04-19 13:39:06 122 sec: 1000000 operations; [READ: Count=500298 Max=3031.04 Min=1.91 Avg=30.19 10=5.22 25=19.98 50=24.38 75=28.72 90=56.61 95=86.85 99=138.50 99.9=409.09 99.99=796.67] [UPDATE: Count=499702 Max=3659.78 Min=6.21 Avg=37.67 10=11.86 25=26.11 50=31.15 75=36.61 90=65.34 95=94.66 99=159.10 99.9=449.54 99.99=960.00]
Run runtime(sec): 122.792
Run operations(ops): 1000000
Run throughput(ops/sec): 8143.85
