Running scope as unit: run-r209fb1db1a614ad9a46fad846aad1c8c.scope
load file:/home/user/DataFiles/silesia_data/silesia.tar
2025-04-19 13:37:04 0 sec: 0 operations;
2025-04-19 13:37:05 1 sec: 0 operations;
2025-04-19 13:37:06 2 sec: 0 operations;
2025-04-19 13:37:07 3 sec: 0 operations;
2025-04-19 13:37:08 4 sec: 0 operations;
2025-04-19 13:37:09 5 sec: 0 operations;
2025-04-19 13:37:10 6 sec: 0 operations;
2025-04-19 13:37:11 7 sec: 0 operations;
2025-04-19 13:37:12 8 sec: 0 operations;
2025-04-19 13:37:13 9 sec: 0 operations;
2025-04-19 13:37:14 10 sec: 0 operations;
2025-04-19 13:37:15 11 sec: 0 operations;
2025-04-19 13:37:16 12 sec: 0 operations;
2025-04-19 13:37:17 13 sec: 0 operations;
2025-04-19 13:37:18 14 sec: 0 operations;
2025-04-19 13:37:19 15 sec: 0 operations;
2025-04-19 13:37:20 16 sec: 0 operations;
2025-04-19 13:37:21 17 sec: 0 operations;
2025-04-19 13:37:22 18 sec: 0 operations;
2025-04-19 13:37:23 19 sec: 0 operations;
2025-04-19 13:37:24 20 sec: 0 operations;
2025-04-19 13:37:25 21 sec: 0 operations;
2025-04-19 13:37:26 22 sec: 3420 operations; [READ: Count=1687 Max=642.56 Min=6.59 Avg=126.97 10=54.62 25=79.42 50=115.39 75=162.56 90=216.70 95=257.02 99=324.35 99.9=398.85 99.99=642.56] [UPDATE: Count=1733 Max=2310.14 Min=12.88 Avg=139.98 10=63.52 25=90.11 50=126.40 75=174.08 90=230.53 95=262.01 99=363.26 99.9=561.15 99.99=2310.14]
2025-04-19 13:37:27 23 sec: 10550 operations; [READ: Count=5324 Max=642.56 Min=4.17 Avg=131.68 10=53.66 25=81.60 50=121.09 75=170.75 90=225.28 95=258.81 99=329.47 99.9=437.76 99.99=599.04] [UPDATE: Count=5226 Max=2310.14 Min=12.88 Avg=142.84 10=63.45 25=94.14 50=131.20 75=181.89 90=234.11 95=267.01 99=340.99 99.9=487.17 99.99=930.30]
2025-04-19 13:37:28 24 sec: 17597 operations; [READ: Count=8818 Max=786.43 Min=4.17 Avg=133.34 10=52.93 25=82.94 50=122.30 75=172.93 90=226.81 95=263.94 99=335.10 99.9=467.71 99.99=642.56] [UPDATE: Count=8779 Max=2310.14 Min=10.58 Avg=143.84 10=63.74 25=94.72 50=132.74 75=183.29 90=236.16 95=271.36 99=343.04 99.9=474.62 99.99=930.30]
2025-04-19 13:37:29 25 sec: 24562 operations; [READ: Count=12278 Max=786.43 Min=4.17 Avg=134.06 10=52.83 25=83.65 50=123.33 75=174.46 90=227.97 95=263.17 99=335.87 99.9=467.71 99.99=715.26] [UPDATE: Count=12284 Max=2310.14 Min=10.58 Avg=145.19 10=64.64 25=95.36 50=134.27 75=185.98 90=238.46 95=272.64 99=340.74 99.9=482.56 99.99=1172.48]
2025-04-19 13:37:30 26 sec: 31407 operations; [READ: Count=15631 Max=1002.50 Min=2.87 Avg=134.64 10=52.99 25=83.52 50=123.14 75=173.82 90=227.46 95=263.94 99=352.25 99.9=642.56 99.99=822.78] [UPDATE: Count=15776 Max=2310.14 Min=10.08 Avg=146.83 10=64.48 25=95.61 50=134.40 75=186.11 90=239.74 95=277.50 99=371.20 99.9=740.35 99.99=1028.61]
2025-04-19 13:37:31 27 sec: 37464 operations; [READ: Count=18739 Max=1560.58 Min=2.87 Avg=135.70 10=52.06 25=82.88 50=121.92 75=172.41 90=227.71 95=268.54 99=413.18 99.9=757.76 99.99=1055.74] [UPDATE: Count=18725 Max=18907.13 Min=10.08 Avg=153.24 10=64.38 25=94.59 50=133.38 75=184.96 90=241.92 95=283.65 99=481.28 99.9=988.67 99.99=13172.74]
2025-04-19 13:37:32 28 sec: 44281 operations; [READ: Count=22066 Max=1560.58 Min=2.87 Avg=136.23 10=52.70 25=83.90 50=123.14 75=173.69 90=228.61 95=268.54 99=396.80 99.9=754.17 99.99=1106.94] [UPDATE: Count=22215 Max=18907.13 Min=10.08 Avg=152.94 10=64.06 25=95.17 50=134.40 75=186.11 90=242.81 95=284.93 99=450.56 99.9=988.67 99.99=13172.74]
2025-04-19 13:37:33 29 sec: 51424 operations; [READ: Count=25728 Max=1560.58 Min=2.87 Avg=135.76 10=52.16 25=84.09 50=123.33 75=173.69 90=227.46 95=266.75 99=380.16 99.9=721.41 99.99=1055.74] [UPDATE: Count=25696 Max=18907.13 Min=8.45 Avg=151.84 10=63.84 25=95.17 50=134.66 75=186.24 90=242.30 95=282.88 99=427.26 99.9=930.30 99.99=12115.97]
2025-04-19 13:37:34 30 sec: 58499 operations; [READ: Count=29294 Max=1560.58 Min=2.87 Avg=135.51 10=52.00 25=84.22 50=123.65 75=173.57 90=227.20 95=265.98 99=374.27 99.9=706.05 99.99=1055.74] [UPDATE: Count=29205 Max=18907.13 Min=8.45 Avg=151.17 10=63.77 25=95.23 50=135.04 75=186.37 90=241.79 95=281.60 99=416.25 99.9=929.28 99.99=12115.97]
2025-04-19 13:37:35 31 sec: 65813 operations; [READ: Count=32973 Max=1560.58 Min=2.87 Avg=134.91 10=51.62 25=83.78 50=123.26 75=173.18 90=226.69 95=265.47 99=367.62 99.9=695.29 99.99=1055.74] [UPDATE: Count=32840 Max=18907.13 Min=8.45 Avg=150.03 10=63.07 25=94.78 50=134.53 75=185.60 90=241.02 95=279.81 99=406.78 99.9=897.02 99.99=12115.97]
2025-04-19 13:37:36 32 sec: 73065 operations; [READ: Count=36642 Max=1560.58 Min=2.87 Avg=133.64 10=50.37 25=81.98 50=121.15 75=170.75 90=225.02 95=264.96 99=385.28 99.9=763.39 99.99=1002.50] [UPDATE: Count=36423 Max=18907.13 Min=8.45 Avg=150.19 10=61.95 25=93.18 50=132.48 75=183.55 90=239.36 95=279.55 99=432.13 99.9=974.34 99.99=12550.14]
2025-04-19 13:37:37 33 sec: 79972 operations; [READ: Count=40111 Max=1560.58 Min=2.87 Avg=132.54 10=49.50 25=80.83 50=119.49 75=168.83 90=223.49 95=263.68 99=394.24 99.9=829.95 99.99=1291.26] [UPDATE: Count=39861 Max=18907.13 Min=8.45 Avg=151.59 10=61.05 25=92.03 50=130.81 75=181.89 90=238.72 95=279.55 99=475.65 99.9=1077.25 99.99=15491.07]
2025-04-19 13:37:38 34 sec: 87734 operations; [READ: Count=44005 Max=1560.58 Min=2.87 Avg=131.32 10=48.90 25=80.32 50=118.66 75=167.68 90=222.08 95=260.86 99=384.77 99.9=805.38 99.99=1291.26] [UPDATE: Count=43729 Max=18907.13 Min=8.45 Avg=150.25 10=60.16 25=91.65 50=130.37 75=180.86 90=236.93 95=277.50 99=461.82 99.9=1088.51 99.99=15491.07]
2025-04-19 13:37:39 35 sec: 95693 operations; [READ: Count=48004 Max=1560.58 Min=2.87 Avg=129.78 10=48.29 25=79.68 50=117.44 75=165.89 90=219.90 95=258.05 99=375.55 99.9=791.04 99.99=1116.16] [UPDATE: Count=47689 Max=18907.13 Min=8.45 Avg=149.09 10=59.39 25=91.14 50=129.60 75=179.07 90=235.13 95=275.71 99=460.29 99.9=1247.23 99.99=14360.58]
2025-04-19 13:37:40 36 sec: 104892 operations; [READ: Count=52644 Max=1690.62 Min=2.87 Avg=126.87 10=46.05 25=77.25 50=114.62 75=162.30 90=216.19 95=254.59 99=368.89 99.9=786.43 99.99=1291.26] [UPDATE: Count=52248 Max=18907.13 Min=8.45 Avg=146.40 10=57.50 25=88.58 50=126.66 75=175.87 90=232.06 95=272.64 99=459.26 99.9=1561.60 99.99=14360.58]
2025-04-19 13:37:41 37 sec: 116479 operations; [READ: Count=58491 Max=2387.97 Min=2.87 Avg=122.10 10=41.82 25=70.72 50=108.48 75=157.06 90=211.33 95=249.85 99=370.69 99.9=925.70 99.99=1979.39] [UPDATE: Count=57988 Max=18907.13 Min=8.45 Avg=140.93 10=52.54 25=82.05 50=120.58 75=170.11 90=227.20 95=267.77 99=462.85 99.9=1543.17 99.99=13172.74]
2025-04-19 13:37:42 38 sec: 128291 operations; [READ: Count=64438 Max=2387.97 Min=2.87 Avg=117.74 10=40.13 25=65.79 50=103.23 75=151.81 90=206.46 95=245.38 99=365.57 99.9=936.45 99.99=2077.70] [UPDATE: Count=63853 Max=18907.13 Min=8.45 Avg=136.47 10=50.40 25=77.18 50=115.20 75=164.86 90=222.21 95=263.17 99=454.14 99.9=1543.17 99.99=13172.74]
2025-04-19 13:37:43 39 sec: 140491 operations; [READ: Count=70519 Max=2387.97 Min=2.87 Avg=114.02 10=39.42 25=62.14 50=99.26 75=147.46 90=201.85 95=240.90 99=356.86 99.9=920.06 99.99=1979.39] [UPDATE: Count=69972 Max=18907.13 Min=8.45 Avg=132.13 10=49.41 25=73.60 50=111.36 75=160.38 90=216.96 95=258.05 99=427.26 99.9=1497.09 99.99=12550.14]
2025-04-19 13:37:44 40 sec: 152301 operations; [READ: Count=76440 Max=2387.97 Min=2.87 Avg=111.13 10=39.13 25=59.65 50=96.38 75=143.49 90=197.63 95=236.80 99=349.44 99.9=900.10 99.99=1975.30] [UPDATE: Count=75861 Max=18907.13 Min=8.45 Avg=128.86 10=49.15 25=71.23 50=108.54 75=156.54 90=212.61 95=253.82 99=413.95 99.9=1380.35 99.99=12140.54]
2025-04-19 13:37:45 41 sec: 164422 operations; [READ: Count=82402 Max=5120.00 Min=2.87 Avg=108.60 10=38.66 25=57.63 50=93.89 75=140.16 90=194.05 95=232.96 99=342.78 99.9=896.00 99.99=1979.39] [UPDATE: Count=82020 Max=18907.13 Min=8.45 Avg=125.67 10=48.45 25=69.18 50=105.73 75=152.70 90=208.51 95=249.60 99=396.03 99.9=1362.94 99.99=12140.54]
2025-04-19 13:37:46 42 sec: 176758 operations; [READ: Count=88519 Max=5120.00 Min=2.87 Avg=106.19 10=38.30 25=55.84 50=91.71 75=136.83 90=190.34 95=229.12 99=335.87 99.9=890.88 99.99=1975.30] [UPDATE: Count=88239 Max=18907.13 Min=8.45 Avg=122.86 10=48.13 25=67.58 50=103.42 75=149.12 90=204.41 95=245.63 99=383.74 99.9=1304.58 99.99=12115.97]
2025-04-19 13:37:47 43 sec: 189409 operations; [READ: Count=94894 Max=5120.00 Min=2.87 Avg=103.74 10=37.89 25=54.24 50=89.47 75=133.63 90=186.62 95=225.15 99=329.47 99.9=872.96 99.99=1975.30] [UPDATE: Count=94515 Max=18907.13 Min=8.45 Avg=120.41 10=47.58 25=66.11 50=101.18 75=145.79 90=200.96 95=241.79 99=376.83 99.9=1283.07 99.99=12115.97]
2025-04-19 13:37:48 44 sec: 201917 operations; [READ: Count=101049 Max=5120.00 Min=2.87 Avg=101.74 10=37.50 25=53.15 50=87.94 75=130.62 90=183.29 95=221.95 99=324.86 99.9=845.82 99.99=1824.77] [UPDATE: Count=100868 Max=18907.13 Min=8.45 Avg=118.25 10=47.30 25=64.96 50=99.65 75=142.85 90=197.50 95=238.21 99=367.10 99.9=1260.54 99.99=11960.32]
2025-04-19 13:37:49 45 sec: 213555 operations; [READ: Count=106850 Max=5120.00 Min=2.87 Avg=100.43 10=37.38 25=52.99 50=87.04 75=128.38 90=180.48 95=219.13 99=321.28 99.9=826.88 99.99=1819.65] [UPDATE: Count=106705 Max=18907.13 Min=8.45 Avg=116.78 10=47.17 25=64.73 50=98.81 75=140.93 90=194.81 95=235.13 99=360.19 99.9=1244.16 99.99=11902.98]
2025-04-19 13:37:50 46 sec: 225244 operations; [READ: Count=112776 Max=5120.00 Min=2.87 Avg=99.19 10=37.22 25=52.83 50=86.33 75=126.46 90=177.79 95=216.19 99=317.69 99.9=805.38 99.99=1819.65] [UPDATE: Count=112468 Max=18907.13 Min=8.45 Avg=115.49 10=46.98 25=64.61 50=98.11 75=139.13 90=192.13 95=232.57 99=354.05 99.9=1230.85 99.99=11902.98]
2025-04-19 13:37:51 47 sec: 236955 operations; [READ: Count=118634 Max=5120.00 Min=2.87 Avg=98.08 10=37.02 25=52.70 50=85.57 75=124.80 90=175.49 95=213.50 99=313.86 99.9=791.04 99.99=1690.62] [UPDATE: Count=118321 Max=18907.13 Min=8.45 Avg=114.29 10=46.75 25=64.54 50=97.47 75=137.60 90=189.69 95=229.89 99=349.18 99.9=1204.22 99.99=10764.29]
2025-04-19 13:37:52 48 sec: 248777 operations; [READ: Count=124463 Max=5120.00 Min=2.87 Avg=97.09 10=36.80 25=52.51 50=84.99 75=123.45 90=173.31 95=211.20 99=310.27 99.9=782.85 99.99=1690.62] [UPDATE: Count=124314 Max=18907.13 Min=8.45 Avg=113.08 10=46.53 25=64.32 50=96.83 75=136.06 90=187.26 95=227.33 99=343.04 99.9=1184.77 99.99=10764.29]
2025-04-19 13:37:53 49 sec: 260843 operations; [READ: Count=130494 Max=5120.00 Min=2.87 Avg=96.03 10=36.41 25=52.13 50=84.22 75=122.05 90=171.26 95=208.77 99=306.94 99.9=763.39 99.99=1623.04] [UPDATE: Count=130349 Max=18907.13 Min=8.45 Avg=111.97 10=46.14 25=63.90 50=96.06 75=134.91 90=185.09 95=224.77 99=338.69 99.9=1178.62 99.99=10600.45]
2025-04-19 13:37:54 50 sec: 273264 operations; [READ: Count=136675 Max=5120.00 Min=2.52 Avg=94.94 10=35.87 25=51.68 50=83.33 75=120.77 90=169.22 95=206.34 99=303.62 99.9=755.20 99.99=1622.02] [UPDATE: Count=136589 Max=18907.13 Min=8.45 Avg=110.81 10=45.60 25=63.45 50=95.30 75=133.63 90=183.04 95=222.46 99=333.82 99.9=1162.24 99.99=9740.29]
2025-04-19 13:37:55 51 sec: 286649 operations; [READ: Count=143396 Max=5120.00 Min=2.52 Avg=93.69 10=35.13 25=51.01 50=82.30 75=119.36 90=167.04 95=203.90 99=300.54 99.9=745.98 99.99=1612.80] [UPDATE: Count=143253 Max=18907.13 Min=8.34 Avg=109.33 10=44.70 25=62.69 50=94.14 75=131.97 90=180.86 95=219.78 99=329.47 99.9=1118.21 99.99=9740.29]
2025-04-19 13:37:56 52 sec: 300004 operations; [READ: Count=150122 Max=5120.00 Min=2.52 Avg=92.55 10=34.34 25=50.46 50=81.47 75=118.08 90=164.99 95=201.73 99=296.96 99.9=733.70 99.99=1612.80] [UPDATE: Count=149882 Max=18907.13 Min=8.34 Avg=108.02 10=43.90 25=62.05 50=93.12 75=130.69 90=178.69 95=217.22 99=325.12 99.9=1095.68 99.99=9617.41]
2025-04-19 13:37:57 53 sec: 313436 operations; [READ: Count=156791 Max=5120.00 Min=2.52 Avg=91.36 10=33.44 25=49.89 50=80.45 75=116.67 90=163.07 95=199.42 99=293.89 99.9=728.06 99.99=1594.37] [UPDATE: Count=156645 Max=18907.13 Min=8.34 Avg=106.90 10=42.94 25=61.28 50=92.03 75=129.28 90=176.64 95=214.91 99=321.28 99.9=1086.46 99.99=10371.07]
2025-04-19 13:37:58 54 sec: 327622 operations; [READ: Count=163833 Max=5120.00 Min=2.52 Avg=90.13 10=32.17 25=49.38 50=79.49 75=115.07 90=160.90 95=197.25 99=290.81 99.9=715.26 99.99=1594.37] [UPDATE: Count=163789 Max=18907.13 Min=8.34 Avg=105.53 10=42.02 25=60.77 50=91.01 75=127.68 90=174.46 95=212.48 99=317.44 99.9=1077.25 99.99=10371.07]
2025-04-19 13:37:59 55 sec: 341986 operations; [READ: Count=171040 Max=5120.00 Min=2.52 Avg=88.96 10=30.35 25=48.93 50=78.53 75=113.53 90=158.85 95=194.94 99=288.00 99.9=699.39 99.99=1560.58] [UPDATE: Count=170946 Max=18907.13 Min=8.34 Avg=104.24 10=40.77 25=60.26 50=90.05 75=126.14 90=172.16 95=210.30 99=313.60 99.9=1069.06 99.99=9740.29]
2025-04-19 13:38:00 56 sec: 356569 operations; [READ: Count=178318 Max=5120.00 Min=2.52 Avg=87.83 10=26.94 25=48.48 50=77.63 75=112.00 90=156.80 95=192.90 99=285.44 99.9=689.15 99.99=1530.88] [UPDATE: Count=178251 Max=18907.13 Min=8.34 Avg=102.97 10=39.49 25=59.81 50=89.02 75=124.61 90=170.11 95=207.62 99=310.27 99.9=1044.99 99.99=9617.41]
2025-04-19 13:38:01 57 sec: 372381 operations; [READ: Count=186224 Max=5120.00 Min=2.52 Avg=86.47 10=23.49 25=47.81 50=76.29 75=110.27 90=154.62 95=190.59 99=282.37 99.9=679.93 99.99=1495.04] [UPDATE: Count=186157 Max=18907.13 Min=8.34 Avg=101.50 10=37.47 25=59.01 50=87.61 75=122.75 90=168.06 95=205.44 99=307.71 99.9=1033.73 99.99=9568.25]
2025-04-19 13:38:02 58 sec: 388861 operations; [READ: Count=194496 Max=5120.00 Min=2.52 Avg=85.07 10=21.09 25=47.07 50=75.01 75=108.42 90=152.45 95=188.29 99=279.30 99.9=673.79 99.99=1495.04] [UPDATE: Count=194365 Max=18907.13 Min=8.34 Avg=99.98 10=35.30 25=58.27 50=86.27 75=120.89 90=165.76 95=203.13 99=304.13 99.9=1025.54 99.99=9568.25]
2025-04-19 13:38:03 59 sec: 405180 operations; [READ: Count=202598 Max=5120.00 Min=2.52 Avg=83.82 10=19.55 25=46.49 50=73.98 75=106.69 90=150.40 95=185.98 99=276.99 99.9=659.97 99.99=1457.15] [UPDATE: Count=202582 Max=18907.13 Min=8.34 Avg=98.60 10=33.47 25=57.60 50=85.06 75=119.17 90=163.58 95=200.96 99=301.31 99.9=997.89 99.99=9224.19]
2025-04-19 13:38:04 60 sec: 421831 operations; [READ: Count=210876 Max=5120.00 Min=2.52 Avg=82.58 10=18.34 25=45.95 50=72.89 75=105.09 90=148.48 95=184.06 99=274.43 99.9=651.26 99.99=1457.15] [UPDATE: Count=210955 Max=18907.13 Min=8.34 Avg=97.28 10=32.05 25=57.02 50=84.03 75=117.44 90=161.66 95=198.91 99=298.75 99.9=974.34 99.99=9093.12]
2025-04-19 13:38:05 61 sec: 438730 operations; [READ: Count=219385 Max=5120.00 Min=2.52 Avg=81.37 10=17.42 25=45.41 50=71.81 75=103.42 90=146.56 95=181.89 99=271.87 99.9=640.51 99.99=1388.54] [UPDATE: Count=219345 Max=18907.13 Min=8.34 Avg=96.03 10=30.99 25=56.48 50=83.01 75=115.84 90=159.74 95=196.86 99=296.19 99.9=957.95 99.99=9011.20]
2025-04-19 13:38:06 62 sec: 455934 operations; [READ: Count=228006 Max=5120.00 Min=2.52 Avg=80.22 10=16.70 25=44.93 50=70.78 75=101.95 90=144.64 95=179.84 99=269.06 99.9=623.62 99.99=1381.38] [UPDATE: Count=227928 Max=18907.13 Min=8.34 Avg=94.79 10=29.97 25=55.94 50=82.05 75=114.30 90=157.82 95=194.81 99=293.38 99.9=932.86 99.99=8937.47]
2025-04-19 13:38:07 63 sec: 472916 operations; [READ: Count=236416 Max=5120.00 Min=2.52 Avg=79.19 10=16.17 25=44.54 50=69.89 75=100.54 90=142.85 95=177.92 99=266.75 99.9=619.01 99.99=1358.85] [UPDATE: Count=236500 Max=18907.13 Min=8.34 Avg=93.67 10=29.18 25=55.42 50=81.15 75=112.89 90=156.03 95=192.90 99=290.81 99.9=925.18 99.99=8577.02]
2025-04-19 13:38:08 64 sec: 490118 operations; [READ: Count=244898 Max=5120.00 Min=2.52 Avg=78.18 10=15.67 25=44.13 50=68.93 75=99.14 90=141.18 95=176.25 99=264.70 99.9=611.33 99.99=1358.85] [UPDATE: Count=245220 Max=18907.13 Min=8.34 Avg=92.60 10=28.57 25=55.01 50=80.19 75=111.55 90=154.11 95=190.85 99=288.25 99.9=918.01 99.99=8577.02]
2025-04-19 13:38:09 65 sec: 507613 operations; [READ: Count=253646 Max=5120.00 Min=2.52 Avg=77.20 10=15.23 25=43.74 50=68.03 75=97.79 90=139.52 95=174.59 99=262.01 99.9=600.58 99.99=1329.15] [UPDATE: Count=253967 Max=18907.13 Min=8.34 Avg=91.55 10=28.00 25=54.56 50=79.36 75=110.27 90=152.45 95=189.06 99=286.21 99.9=907.26 99.99=8380.42]
2025-04-19 13:38:10 66 sec: 525304 operations; [READ: Count=262483 Max=5120.00 Min=2.52 Avg=76.22 10=14.87 25=43.30 50=67.01 75=96.51 90=137.85 95=172.67 99=259.97 99.9=593.41 99.99=1324.03] [UPDATE: Count=262821 Max=18907.13 Min=8.34 Avg=90.58 10=27.49 25=54.11 50=78.46 75=108.99 90=150.66 95=187.26 99=284.16 99.9=905.73 99.99=8380.42]
2025-04-19 13:38:11 67 sec: 551599 operations; [READ: Count=275526 Max=5120.00 Min=2.51 Avg=74.12 10=14.07 25=41.57 50=63.49 75=94.53 90=135.55 95=170.11 99=257.15 99.9=582.65 99.99=1300.48] [UPDATE: Count=276073 Max=18907.13 Min=7.77 Avg=88.25 10=26.35 25=51.97 50=75.33 75=107.01 90=148.35 95=184.70 99=281.86 99.9=896.00 99.99=7159.81]
2025-04-19 13:38:12 68 sec: 581403 operations; [READ: Count=290409 Max=5120.00 Min=2.49 Avg=71.77 10=13.21 25=39.36 50=59.23 75=92.42 90=132.99 95=167.42 99=254.34 99.9=564.74 99.99=1296.38] [UPDATE: Count=290994 Max=18907.13 Min=7.77 Avg=85.63 10=25.07 25=49.15 50=71.61 75=104.83 90=145.92 95=181.89 99=278.78 99.9=872.45 99.99=6434.81]
2025-04-19 13:38:13 69 sec: 612148 operations; [READ: Count=305813 Max=5120.00 Min=2.45 Avg=69.51 10=12.42 25=37.15 50=55.65 75=90.30 90=130.43 95=164.74 99=251.01 99.9=552.45 99.99=1291.26] [UPDATE: Count=306335 Max=18907.13 Min=7.77 Avg=83.17 10=23.92 25=46.34 50=68.16 75=102.72 90=143.36 95=179.20 99=276.22 99.9=863.74 99.99=6045.69]
2025-04-19 13:38:14 70 sec: 643158 operations; [READ: Count=321396 Max=5120.00 Min=2.45 Avg=67.44 10=11.78 25=35.30 50=52.77 75=88.32 90=127.94 95=162.18 99=248.32 99.9=535.04 99.99=1265.66] [UPDATE: Count=321762 Max=18907.13 Min=7.77 Avg=80.92 10=22.82 25=43.97 50=65.12 75=100.73 90=141.06 95=176.64 99=273.92 99.9=838.65 99.99=5799.94]
2025-04-19 13:38:15 71 sec: 674520 operations; [READ: Count=336990 Max=5120.00 Min=2.45 Avg=65.55 10=11.23 25=34.02 50=50.37 75=86.53 90=125.69 95=159.74 99=245.76 99.9=526.34 99.99=1201.15] [UPDATE: Count=337530 Max=18907.13 Min=7.77 Avg=78.79 10=21.84 25=42.27 50=62.43 75=98.75 90=138.75 95=174.21 99=271.36 99.9=828.41 99.99=4280.32]
2025-04-19 13:38:16 72 sec: 705484 operations; [READ: Count=352512 Max=5120.00 Min=2.45 Avg=63.83 10=10.79 25=33.05 50=48.41 75=84.80 90=123.52 95=157.57 99=243.20 99.9=515.33 99.99=1193.98] [UPDATE: Count=352972 Max=18907.13 Min=7.61 Avg=76.93 10=21.12 25=41.15 50=60.22 75=96.96 90=136.70 95=171.90 99=268.54 99.9=811.01 99.99=3794.94]
2025-04-19 13:38:17 73 sec: 735546 operations; [READ: Count=367509 Max=5120.00 Min=2.45 Avg=62.36 10=10.42 25=32.16 50=46.75 75=83.26 90=121.60 95=155.39 99=241.79 99.9=524.80 99.99=1169.41] [UPDATE: Count=368037 Max=18907.13 Min=7.61 Avg=75.30 10=20.43 25=40.13 50=58.34 75=95.42 90=134.91 95=169.98 99=267.52 99.9=803.84 99.99=3790.85]
2025-04-19 13:38:18 74 sec: 766502 operations; [READ: Count=382949 Max=5120.00 Min=2.45 Avg=60.94 10=10.07 25=31.42 50=45.28 75=81.86 90=119.74 95=153.47 99=239.62 99.9=521.73 99.99=1156.10] [UPDATE: Count=383553 Max=18907.13 Min=7.61 Avg=73.70 10=19.81 25=39.30 50=56.54 75=93.89 90=132.99 95=167.94 99=265.21 99.9=791.55 99.99=3620.86]
2025-04-19 13:38:19 75 sec: 790795 operations; [READ: Count=395120 Max=5120.00 Min=2.45 Avg=60.13 10=9.82 25=30.88 50=44.19 75=80.83 90=118.46 95=152.19 99=239.62 99.9=575.49 99.99=1416.19] [UPDATE: Count=395675 Max=18907.13 Min=7.61 Avg=72.85 10=19.42 25=38.69 50=55.23 75=92.80 90=131.71 95=166.66 99=265.47 99.9=831.49 99.99=3620.86]
2025-04-19 13:38:20 76 sec: 820242 operations; [READ: Count=409848 Max=5120.00 Min=2.45 Avg=58.99 10=9.62 25=30.43 50=42.98 75=79.74 90=116.93 95=150.40 99=237.57 99.9=561.66 99.99=1400.83] [UPDATE: Count=410394 Max=18907.13 Min=7.61 Avg=71.59 10=19.07 25=38.21 50=53.76 75=91.58 90=130.18 95=164.86 99=263.68 99.9=824.83 99.99=3446.78]
2025-04-19 13:38:21 77 sec: 847419 operations; [READ: Count=423381 Max=5120.00 Min=2.45 Avg=58.10 10=9.51 25=30.11 50=42.02 75=78.72 90=115.52 95=148.99 99=236.41 99.9=564.22 99.99=1400.83] [UPDATE: Count=424038 Max=18907.13 Min=7.61 Avg=70.60 10=18.85 25=37.82 50=52.58 75=90.50 90=128.83 95=163.33 99=262.40 99.9=823.29 99.99=3352.57]
2025-04-19 13:38:22 78 sec: 869853 operations; [READ: Count=434672 Max=5120.00 Min=2.45 Avg=57.57 10=9.47 25=29.89 50=41.38 75=77.95 90=114.56 95=148.09 99=236.54 99.9=604.16 99.99=1400.83] [UPDATE: Count=435181 Max=18907.13 Min=7.61 Avg=70.05 10=18.78 25=37.57 50=51.87 75=89.66 90=127.94 95=162.43 99=263.17 99.9=835.58 99.99=3061.76]
2025-04-19 13:38:23 79 sec: 893587 operations; [READ: Count=446453 Max=5120.00 Min=2.45 Avg=56.98 10=9.43 25=29.65 50=40.83 75=77.25 90=113.53 95=146.94 99=235.78 99.9=618.50 99.99=1399.81] [UPDATE: Count=447134 Max=18907.13 Min=7.61 Avg=69.43 10=18.73 25=37.34 50=51.23 75=88.89 90=126.97 95=161.41 99=262.65 99.9=836.10 99.99=3033.09]
2025-04-19 13:38:24 80 sec: 910590 operations; [READ: Count=454942 Max=5120.00 Min=2.32 Avg=56.84 10=9.41 25=29.47 50=40.45 75=76.86 90=113.02 95=146.30 99=236.80 99.9=690.17 99.99=1680.38] [UPDATE: Count=455648 Max=18907.13 Min=7.10 Avg=69.37 10=18.69 25=37.15 50=50.78 75=88.45 90=126.40 95=161.02 99=264.70 99.9=922.11 99.99=3264.51]
2025-04-19 13:38:25 81 sec: 933326 operations; [READ: Count=466301 Max=5120.00 Min=2.32 Avg=56.37 10=9.45 25=29.25 50=40.09 75=76.29 90=112.06 95=145.15 99=235.90 99.9=685.05 99.99=1632.26] [UPDATE: Count=467025 Max=18907.13 Min=7.10 Avg=68.86 10=18.69 25=36.93 50=50.34 75=87.94 90=125.50 95=160.00 99=264.19 99.9=916.48 99.99=3061.76]
2025-04-19 13:38:26 82 sec: 954865 operations; [READ: Count=477161 Max=5120.00 Min=2.32 Avg=56.01 10=9.46 25=29.02 50=39.77 75=75.90 90=111.23 95=144.25 99=235.65 99.9=691.20 99.99=1623.04] [UPDATE: Count=477704 Max=18907.13 Min=7.10 Avg=68.44 10=18.67 25=36.70 50=49.95 75=87.55 90=124.67 95=159.10 99=263.68 99.9=910.85 99.99=3033.09]
2025-04-19 13:38:27 83 sec: 973682 operations; [READ: Count=486473 Max=5120.00 Min=2.32 Avg=55.83 10=9.46 25=28.80 50=39.49 75=75.58 90=110.72 95=143.62 99=236.67 99.9=733.70 99.99=1623.04] [UPDATE: Count=487209 Max=18907.13 Min=7.10 Avg=68.23 10=18.64 25=36.48 50=49.60 75=87.23 90=124.09 95=158.59 99=264.96 99.9=932.86 99.99=2942.97]
2025-04-19 13:38:28 84 sec: 995900 operations; [READ: Count=497574 Max=5120.00 Min=2.06 Avg=55.47 10=9.41 25=28.45 50=39.13 75=75.33 90=110.02 95=142.85 99=236.80 99.9=738.30 99.99=1623.04] [UPDATE: Count=498326 Max=18907.13 Min=7.10 Avg=67.79 10=18.46 25=36.13 50=49.15 75=86.97 90=123.33 95=157.95 99=265.21 99.9=932.86 99.99=2942.97]
2025-04-19 13:38:29 85 sec: 1000000 operations; [READ: Count=499656 Max=5120.00 Min=2.06 Avg=55.39 10=9.41 25=28.37 50=39.07 75=75.33 90=109.82 95=142.72 99=236.67 99.9=737.79 99.99=1623.04] [UPDATE: Count=500344 Max=18907.13 Min=7.10 Avg=67.70 10=18.43 25=36.03 50=49.05 75=86.91 90=123.20 95=157.69 99=265.21 99.9=932.35 99.99=2942.97]
2025-04-19 13:38:30 86 sec: 1000000 operations; [READ: Count=499656 Max=5120.00 Min=2.06 Avg=55.39 10=9.41 25=28.37 50=39.07 75=75.33 90=109.82 95=142.72 99=236.67 99.9=737.79 99.99=1623.04] [UPDATE: Count=500344 Max=18907.13 Min=7.10 Avg=67.70 10=18.43 25=36.03 50=49.05 75=86.91 90=123.20 95=157.69 99=265.21 99.9=932.35 99.99=2942.97]
2025-04-19 13:38:31 87 sec: 1000000 operations; [READ: Count=499656 Max=5120.00 Min=2.06 Avg=55.39 10=9.41 25=28.37 50=39.07 75=75.33 90=109.82 95=142.72 99=236.67 99.9=737.79 99.99=1623.04] [UPDATE: Count=500344 Max=18907.13 Min=7.10 Avg=67.70 10=18.43 25=36.03 50=49.05 75=86.91 90=123.20 95=157.69 99=265.21 99.9=932.35 99.99=2942.97]
2025-04-19 13:38:32 88 sec: 1000000 operations; [READ: Count=499656 Max=5120.00 Min=2.06 Avg=55.39 10=9.41 25=28.37 50=39.07 75=75.33 90=109.82 95=142.72 99=236.67 99.9=737.79 99.99=1623.04] [UPDATE: Count=500344 Max=18907.13 Min=7.10 Avg=67.70 10=18.43 25=36.03 50=49.05 75=86.91 90=123.20 95=157.69 99=265.21 99.9=932.35 99.99=2942.97]
2025-04-19 13:38:33 89 sec: 1000000 operations; [READ: Count=499656 Max=5120.00 Min=2.06 Avg=55.39 10=9.41 25=28.37 50=39.07 75=75.33 90=109.82 95=142.72 99=236.67 99.9=737.79 99.99=1623.04] [UPDATE: Count=500344 Max=18907.13 Min=7.10 Avg=67.70 10=18.43 25=36.03 50=49.05 75=86.91 90=123.20 95=157.69 99=265.21 99.9=932.35 99.99=2942.97]
2025-04-19 13:38:33 89 sec: 1000000 operations; [READ: Count=499656 Max=5120.00 Min=2.06 Avg=55.39 10=9.41 25=28.37 50=39.07 75=75.33 90=109.82 95=142.72 99=236.67 99.9=737.79 99.99=1623.04] [UPDATE: Count=500344 Max=18907.13 Min=7.10 Avg=67.70 10=18.43 25=36.03 50=49.05 75=86.91 90=123.20 95=157.69 99=265.21 99.9=932.35 99.99=2942.97]
Run runtime(sec): 89.2462
Run operations(ops): 1000000
Run throughput(ops/sec): 11205
