Running scope as unit: run-r003e069fe1554a978d202df07f723613.scope
load file:/home/user/DataFiles/silesia_data/silesia.tar
2025-04-21 21:09:42 0 sec: 0 operations;
2025-04-21 21:09:43 1 sec: 37437 operations; [INSERT: Count=37437 Max=3485.70 Min=4.89 Avg=22.66 10=8.79 25=12.69 50=19.33 75=29.18 90=40.09 95=47.65 99=64.64 99.9=121.41 99.99=275.45]
2025-04-21 21:09:44 2 sec: 66159 operations; [INSERT: Count=66159 Max=3485.70 Min=4.89 Avg=26.32 10=10.54 25=15.13 50=22.56 75=33.41 90=45.85 95=54.94 99=80.19 99.9=134.78 99.99=379.13]
2025-04-21 21:09:45 3 sec: 93542 operations; [INSERT: Count=93542 Max=3485.70 Min=4.89 Avg=28.35 10=11.65 25=16.64 50=24.51 75=35.97 90=49.22 95=58.81 99=82.43 99.9=132.09 99.99=321.54]
2025-04-21 21:09:46 4 sec: 120913 operations; [INSERT: Count=120913 Max=3485.70 Min=4.89 Avg=29.45 10=12.41 25=17.54 50=25.65 75=37.31 90=50.78 95=60.45 99=83.58 99.9=130.24 99.99=318.72]
2025-04-21 21:09:47 5 sec: 147430 operations; [INSERT: Count=147430 Max=3485.70 Min=4.89 Avg=30.35 10=13.02 25=18.19 50=26.50 75=38.43 90=52.19 95=62.05 99=84.54 99.9=130.50 99.99=313.60]
2025-04-21 21:09:48 6 sec: 173389 operations; [INSERT: Count=173389 Max=39059.46 Min=4.89 Avg=31.07 10=13.46 25=18.61 50=27.01 75=39.04 90=52.83 95=62.66 99=84.80 99.9=130.50 99.99=313.60]
2025-04-21 21:09:49 7 sec: 201446 operations; [INSERT: Count=201446 Max=39059.46 Min=4.89 Avg=31.24 10=13.74 25=18.83 50=27.17 75=39.10 90=52.77 95=62.43 99=84.16 99.9=128.45 99.99=313.60]
2025-04-21 21:09:50 8 sec: 227096 operations; [INSERT: Count=227096 Max=39059.46 Min=4.89 Avg=31.74 10=14.08 25=19.20 50=27.70 75=39.81 90=53.63 95=63.42 99=84.73 99.9=127.23 99.99=310.78]
2025-04-21 21:09:51 9 sec: 251712 operations; [INSERT: Count=251712 Max=39059.46 Min=4.89 Avg=32.28 10=14.36 25=19.57 50=28.21 75=40.51 90=54.62 95=64.51 99=86.21 99.9=128.13 99.99=308.99]
2025-04-21 21:09:52 10 sec: 275872 operations; [INSERT: Count=275872 Max=39059.46 Min=4.89 Avg=32.79 10=14.61 25=19.89 50=28.69 75=41.18 90=55.55 95=65.73 99=87.55 99.9=130.18 99.99=306.43]
2025-04-21 21:09:53 11 sec: 299708 operations; [INSERT: Count=299708 Max=39059.46 Min=4.89 Avg=33.26 10=14.83 25=20.18 50=29.12 75=41.82 90=56.38 95=66.69 99=88.64 99.9=130.56 99.99=310.78]
2025-04-21 21:09:54 12 sec: 314739 operations; [INSERT: Count=314739 Max=39059.46 Min=4.89 Avg=34.59 10=15.02 25=20.48 50=29.77 75=43.13 90=59.07 95=70.85 99=101.69 99.9=184.32 99.99=319.23]
2025-04-21 21:09:55 13 sec: 332246 operations; [INSERT: Count=332246 Max=39059.46 Min=4.89 Avg=35.58 10=15.24 25=20.88 50=30.50 75=44.38 90=61.25 95=73.79 99=106.75 99.9=185.73 99.99=321.02]
2025-04-21 21:09:56 14 sec: 351154 operations; [INSERT: Count=351154 Max=39059.46 Min=4.89 Avg=36.33 10=15.45 25=21.25 50=31.15 75=45.41 90=62.85 95=75.71 99=108.80 99.9=182.53 99.99=320.77]
2025-04-21 21:09:57 15 sec: 363398 operations; [INSERT: Count=363398 Max=39059.46 Min=4.89 Avg=37.64 10=15.58 25=21.52 50=31.76 75=46.75 90=65.86 95=80.45 99=121.73 99.9=206.34 99.99=327.42]
2025-04-21 21:09:58 16 sec: 374734 operations; [INSERT: Count=374734 Max=39059.46 Min=4.89 Avg=38.97 10=15.68 25=21.76 50=32.32 75=48.09 90=68.80 95=85.50 99=135.17 99.9=235.65 99.99=361.47]
2025-04-21 21:09:59 17 sec: 386416 operations; [INSERT: Count=386416 Max=39059.46 Min=4.89 Avg=40.18 10=15.79 25=21.98 50=32.90 75=49.44 90=71.74 95=90.30 99=143.62 99.9=245.12 99.99=484.61]
2025-04-21 21:10:00 18 sec: 398275 operations; [INSERT: Count=398275 Max=39059.46 Min=4.89 Avg=41.30 10=15.90 25=22.22 50=33.47 75=50.66 90=74.11 95=94.08 99=147.07 99.9=248.06 99.99=629.25]
2025-04-21 21:10:01 19 sec: 415290 operations; [INSERT: Count=415290 Max=39059.46 Min=4.89 Avg=41.82 10=16.01 25=22.41 50=33.85 75=51.33 90=75.39 95=95.81 99=148.22 99.9=249.98 99.99=716.80]
2025-04-21 21:10:02 20 sec: 435548 operations; [INSERT: Count=435548 Max=39059.46 Min=4.89 Avg=42.02 10=16.16 25=22.64 50=34.14 75=51.68 90=75.58 95=95.49 99=147.33 99.9=249.09 99.99=720.38]
2025-04-21 21:10:03 21 sec: 449526 operations; [INSERT: Count=449526 Max=39059.46 Min=4.89 Avg=42.77 10=16.30 25=22.93 50=34.69 75=52.70 90=77.38 95=97.79 99=149.50 99.9=250.50 99.99=797.18]
2025-04-21 21:10:04 22 sec: 468972 operations; [INSERT: Count=468972 Max=39059.46 Min=4.89 Avg=42.99 10=16.38 25=23.07 50=34.94 75=53.02 90=77.63 95=97.79 99=148.86 99.9=250.37 99.99=848.38]
2025-04-21 21:10:05 23 sec: 481826 operations; [INSERT: Count=481826 Max=39059.46 Min=4.89 Avg=43.76 10=16.48 25=23.30 50=35.42 75=54.05 90=79.55 95=100.29 99=152.32 99.9=255.23 99.99=964.61]
2025-04-21 21:10:06 24 sec: 494317 operations; [INSERT: Count=494317 Max=39059.46 Min=4.89 Avg=44.51 10=16.59 25=23.54 50=35.94 75=55.07 90=81.41 95=102.72 99=154.75 99.9=256.89 99.99=1025.54]
2025-04-21 21:10:07 25 sec: 506435 operations; [INSERT: Count=506435 Max=39059.46 Min=4.89 Avg=45.26 10=16.70 25=23.77 50=36.48 75=56.13 90=83.20 95=105.02 99=156.80 99.9=259.45 99.99=1036.80]
2025-04-21 21:10:08 26 sec: 518041 operations; [INSERT: Count=518041 Max=39059.46 Min=4.89 Avg=46.03 10=16.77 25=23.97 50=36.93 75=57.15 90=84.99 95=107.58 99=160.64 99.9=267.52 99.99=1094.65]
2025-04-21 21:10:09 27 sec: 529731 operations; [INSERT: Count=529731 Max=39059.46 Min=4.89 Avg=46.75 10=16.88 25=24.21 50=37.44 75=58.21 90=86.78 95=109.82 99=162.94 99.9=269.06 99.99=1094.65]
2025-04-21 21:10:10 28 sec: 541180 operations; [INSERT: Count=541180 Max=39059.46 Min=4.89 Avg=47.48 10=16.94 25=24.38 50=37.85 75=59.07 90=88.38 95=112.06 99=167.04 99.9=279.30 99.99=1263.62]
2025-04-21 21:10:11 29 sec: 553574 operations; [INSERT: Count=553574 Max=39059.46 Min=4.89 Avg=48.08 10=17.04 25=24.57 50=38.34 75=59.97 90=89.73 95=113.66 99=168.45 99.9=282.37 99.99=1324.03]
2025-04-21 21:10:12 30 sec: 570485 operations; [INSERT: Count=570485 Max=39059.46 Min=4.89 Avg=48.24 10=17.01 25=24.61 50=38.43 75=60.26 90=90.05 95=113.86 99=168.45 99.9=283.65 99.99=1435.65]
2025-04-21 21:10:13 31 sec: 626779 operations; [INSERT: Count=626779 Max=39059.46 Min=4.54 Avg=45.20 10=13.65 25=21.44 50=35.55 75=57.31 90=86.91 95=110.59 99=165.50 99.9=279.81 99.99=1505.28]
2025-04-21 21:10:14 32 sec: 699049 operations; [INSERT: Count=699049 Max=39059.46 Min=4.54 Avg=41.61 10=10.09 25=17.31 50=31.97 75=53.85 90=83.33 95=106.81 99=161.92 99.9=273.15 99.99=1408.00]
2025-04-21 21:10:15 33 sec: 773601 operations; [INSERT: Count=773601 Max=39059.46 Min=4.54 Avg=38.58 10=8.78 25=13.85 50=28.56 75=50.72 90=80.06 95=103.30 99=158.21 99.9=265.98 99.99=1324.03]
2025-04-21 21:10:16 34 sec: 841788 operations; [INSERT: Count=841788 Max=39059.46 Min=4.54 Avg=36.37 10=8.41 25=12.21 50=25.66 75=48.09 90=77.38 95=100.54 99=155.52 99.9=260.74 99.99=1200.13]
2025-04-21 21:10:17 35 sec: 876917 operations; [INSERT: Count=876917 Max=39059.46 Min=4.54 Avg=35.86 10=8.49 25=12.46 50=25.17 75=46.98 90=76.03 95=99.26 99=154.24 99.9=257.54 99.99=1179.65]
2025-04-21 21:10:18 36 sec: 938681 operations; [INSERT: Count=938681 Max=39059.46 Min=4.18 Avg=34.35 10=8.13 25=11.69 50=23.21 75=44.96 90=73.86 95=96.96 99=152.06 99.9=254.85 99.99=1179.65]
2025-04-21 21:10:19 37 sec: 1000000 operations; [INSERT: Count=1000000 Max=39059.46 Min=4.18 Avg=32.73 10=7.42 25=10.47 50=21.20 75=43.04 90=71.94 95=94.91 99=150.14 99.9=251.65 99.99=1188.86]
2025-04-21 21:10:19 37 sec: 1000000 operations; [INSERT: Count=1000000 Max=39059.46 Min=4.18 Avg=32.73 10=7.42 25=10.47 50=21.20 75=43.04 90=71.94 95=94.91 99=150.14 99.9=251.65 99.99=1188.86]
Load runtime(sec): 37.0538
Load operations(ops): 1000000
Load throughput(ops/sec): 26987.8
