Running scope as unit: run-r97b2c88e6d774c83b76d597394290412.scope
load file:/home/user/DataFiles/silesia_data/silesia.tar
2025-04-21 21:09:42 0 sec: 0 operations;
2025-04-21 21:09:43 1 sec: 28987 operations; [INSERT: Count=28987 Max=5685.25 Min=5.42 Avg=29.59 10=13.36 25=17.89 50=25.57 75=36.93 90=50.02 95=59.26 99=80.64 99.9=137.98 99.99=281.09]
2025-04-21 21:09:44 2 sec: 57287 operations; [INSERT: Count=57287 Max=5685.25 Min=5.42 Avg=30.81 10=14.10 25=18.80 50=26.98 75=38.78 90=52.09 95=61.50 99=82.11 99.9=130.05 99.99=276.22]
2025-04-21 21:09:45 3 sec: 84780 operations; [INSERT: Count=84780 Max=5685.25 Min=5.42 Avg=31.55 10=14.49 25=19.36 50=27.73 75=39.77 90=53.31 95=62.59 99=83.45 99.9=123.07 99.99=282.88]
2025-04-21 21:09:46 4 sec: 111860 operations; [INSERT: Count=111860 Max=5685.25 Min=5.42 Avg=32.05 10=14.73 25=19.70 50=28.18 75=40.38 90=54.11 95=63.49 99=84.86 99.9=126.33 99.99=295.42]
2025-04-21 21:09:47 5 sec: 138356 operations; [INSERT: Count=138356 Max=5685.25 Min=5.42 Avg=32.50 10=14.95 25=19.98 50=28.59 75=40.99 90=54.85 95=64.51 99=85.89 99.9=128.38 99.99=296.45]
2025-04-21 21:09:48 6 sec: 164625 operations; [INSERT: Count=164625 Max=38928.38 Min=5.42 Avg=32.86 10=15.08 25=20.11 50=28.73 75=41.15 90=54.94 95=64.64 99=85.69 99.9=128.64 99.99=302.33]
2025-04-21 21:09:49 7 sec: 192206 operations; [INSERT: Count=192206 Max=38928.38 Min=5.42 Avg=32.87 10=15.14 25=20.09 50=28.66 75=40.99 90=54.69 95=64.16 99=84.86 99.9=128.06 99.99=302.33]
2025-04-21 21:09:50 8 sec: 217880 operations; [INSERT: Count=217880 Max=38928.38 Min=5.42 Avg=33.19 10=15.31 25=20.32 50=29.02 75=41.44 90=55.30 95=64.93 99=85.76 99.9=126.66 99.99=299.77]
2025-04-21 21:09:51 9 sec: 242653 operations; [INSERT: Count=242653 Max=38928.38 Min=5.42 Avg=33.59 10=15.47 25=20.56 50=29.41 75=41.98 90=56.06 95=65.79 99=86.91 99.9=128.06 99.99=299.52]
2025-04-21 21:09:52 10 sec: 266664 operations; [INSERT: Count=266664 Max=38928.38 Min=5.42 Avg=34.01 10=15.64 25=20.80 50=29.79 75=42.59 90=56.93 95=66.88 99=88.06 99.9=128.64 99.99=298.75]
2025-04-21 21:09:53 11 sec: 290505 operations; [INSERT: Count=290505 Max=38928.38 Min=5.42 Avg=34.39 10=15.78 25=21.02 50=30.14 75=43.07 90=57.70 95=67.71 99=89.28 99.9=130.05 99.99=298.75]
2025-04-21 21:09:54 12 sec: 309960 operations; [INSERT: Count=309960 Max=38928.38 Min=5.42 Avg=35.24 10=15.98 25=21.38 50=30.80 75=44.13 90=59.45 95=70.02 99=93.25 99.9=137.98 99.99=305.92]
2025-04-21 21:09:55 13 sec: 328135 operations; [INSERT: Count=328135 Max=38928.38 Min=5.42 Avg=36.15 10=16.17 25=21.74 50=31.49 75=45.25 90=61.28 95=72.45 99=97.41 99.9=142.34 99.99=307.20]
2025-04-21 21:09:56 14 sec: 347558 operations; [INSERT: Count=347558 Max=38928.38 Min=5.42 Avg=36.82 10=16.35 25=22.09 50=32.06 75=46.11 90=62.62 95=74.17 99=99.71 99.9=143.62 99.99=305.92]
2025-04-21 21:09:57 15 sec: 365669 operations; [INSERT: Count=365669 Max=38928.38 Min=5.42 Avg=37.56 10=16.51 25=22.40 50=32.61 75=46.98 90=64.06 95=76.22 99=103.61 99.9=159.23 99.99=314.11]
2025-04-21 21:09:58 16 sec: 383604 operations; [INSERT: Count=383604 Max=38928.38 Min=5.42 Avg=38.26 10=16.64 25=22.67 50=33.12 75=47.81 90=65.38 95=78.02 99=107.71 99.9=181.38 99.99=338.94]
2025-04-21 21:09:59 17 sec: 401816 operations; [INSERT: Count=401816 Max=38928.38 Min=5.42 Avg=38.86 10=16.77 25=22.89 50=33.57 75=48.48 90=66.56 95=79.68 99=110.97 99.9=193.53 99.99=436.22]
2025-04-21 21:10:00 18 sec: 420320 operations; [INSERT: Count=420320 Max=38928.38 Min=5.42 Avg=39.38 10=16.85 25=23.05 50=33.82 75=48.90 90=67.20 95=80.58 99=112.58 99.9=201.22 99.99=611.33]
2025-04-21 21:10:01 19 sec: 441797 operations; [INSERT: Count=441797 Max=38928.38 Min=5.42 Avg=39.57 10=16.91 25=23.17 50=33.98 75=49.12 90=67.58 95=81.09 99=113.22 99.9=206.34 99.99=645.63]
2025-04-21 21:10:02 20 sec: 461653 operations; [INSERT: Count=461653 Max=38928.38 Min=5.42 Avg=39.89 10=17.01 25=23.34 50=34.24 75=49.57 90=68.22 95=81.73 99=113.73 99.9=206.46 99.99=692.74]
2025-04-21 21:10:03 21 sec: 480802 operations; [INSERT: Count=480802 Max=38928.38 Min=5.42 Avg=40.25 10=17.12 25=23.54 50=34.56 75=50.05 90=68.93 95=82.62 99=114.62 99.9=206.46 99.99=763.39]
2025-04-21 21:10:04 22 sec: 499195 operations; [INSERT: Count=499195 Max=38928.38 Min=5.42 Avg=40.65 10=17.21 25=23.73 50=34.85 75=50.56 90=69.76 95=83.65 99=116.16 99.9=213.89 99.99=824.32]
2025-04-21 21:10:05 23 sec: 517934 operations; [INSERT: Count=517934 Max=38928.38 Min=5.42 Avg=40.99 10=17.30 25=23.87 50=35.13 75=50.98 90=70.40 95=84.61 99=117.38 99.9=214.78 99.99=841.73]
2025-04-21 21:10:06 24 sec: 537255 operations; [INSERT: Count=537255 Max=38928.38 Min=5.42 Avg=41.26 10=17.39 25=24.05 50=35.36 75=51.33 90=70.97 95=85.18 99=117.89 99.9=214.78 99.99=841.73]
2025-04-21 21:10:07 25 sec: 555897 operations; [INSERT: Count=555897 Max=38928.38 Min=5.42 Avg=41.56 10=17.47 25=24.19 50=35.62 75=51.71 90=71.55 95=85.89 99=118.85 99.9=218.11 99.99=885.76]
2025-04-21 21:10:08 26 sec: 573512 operations; [INSERT: Count=573512 Max=38928.38 Min=5.42 Avg=41.92 10=17.54 25=24.34 50=35.87 75=52.13 90=72.19 95=86.78 99=120.96 99.9=229.38 99.99=1004.54]
2025-04-21 21:10:09 27 sec: 591677 operations; [INSERT: Count=591677 Max=38928.38 Min=5.42 Avg=42.22 10=17.65 25=24.54 50=36.16 75=52.58 90=72.83 95=87.42 99=121.28 99.9=228.35 99.99=986.11]
2025-04-21 21:10:10 28 sec: 608750 operations; [INSERT: Count=608750 Max=38928.38 Min=5.42 Avg=42.59 10=17.70 25=24.66 50=36.35 75=52.93 90=73.41 95=88.38 99=124.35 99.9=238.97 99.99=1018.88]
2025-04-21 21:10:11 29 sec: 627484 operations; [INSERT: Count=627484 Max=38928.38 Min=5.42 Avg=42.81 10=17.76 25=24.77 50=36.51 75=53.22 90=73.79 95=88.83 99=125.38 99.9=241.92 99.99=1025.02]
2025-04-21 21:10:12 30 sec: 653442 operations; [INSERT: Count=653442 Max=38928.38 Min=5.42 Avg=42.51 10=17.44 25=24.43 50=36.19 75=52.90 90=73.53 95=88.58 99=124.93 99.9=242.56 99.99=1202.17]
2025-04-21 21:10:13 31 sec: 712193 operations; [INSERT: Count=712193 Max=38928.38 Min=4.97 Avg=40.14 10=14.26 25=21.73 50=33.98 75=50.94 90=71.68 95=86.72 99=122.88 99.9=236.29 99.99=1308.67]
2025-04-21 21:10:14 32 sec: 784519 operations; [INSERT: Count=784519 Max=38928.38 Min=4.54 Avg=37.41 10=10.73 25=18.24 50=31.34 75=48.67 90=69.50 95=84.73 99=120.51 99.9=227.07 99.99=1202.17]
2025-04-21 21:10:15 33 sec: 858057 operations; [INSERT: Count=858057 Max=38928.38 Min=4.54 Avg=35.09 10=9.29 25=14.99 50=28.78 75=46.56 90=67.58 95=82.75 99=118.27 99.9=214.66 99.99=1084.41]
2025-04-21 21:10:16 34 sec: 928049 operations; [INSERT: Count=928049 Max=38928.38 Min=4.18 Avg=33.28 10=8.70 25=13.07 50=26.48 75=44.73 90=65.86 95=81.09 99=116.48 99.9=208.00 99.99=1018.88]
2025-04-21 21:10:17 35 sec: 977275 operations; [INSERT: Count=977275 Max=38928.38 Min=4.18 Avg=32.46 10=8.72 25=12.78 50=25.23 75=43.55 90=64.73 95=80.06 99=115.71 99.9=204.29 99.99=1004.54]
2025-04-21 21:10:18 36 sec: 1000000 operations; [INSERT: Count=1000000 Max=38928.38 Min=4.18 Avg=32.11 10=8.71 25=12.61 50=24.66 75=43.01 90=64.25 95=79.61 99=115.33 99.9=203.90 99.99=1007.62]
2025-04-21 21:10:18 36 sec: 1000000 operations; [INSERT: Count=1000000 Max=38928.38 Min=4.18 Avg=32.11 10=8.71 25=12.61 50=24.66 75=43.01 90=64.25 95=79.61 99=115.33 99.9=203.90 99.99=1007.62]
Load runtime(sec): 36.2062
Load operations(ops): 1000000
Load throughput(ops/sec): 27619.6
