Running scope as unit: run-ra1383acb75f5496494cd1317818c4346.scope
load file:/home/user/DataFiles/silesia_data/silesia.tar
2025-04-23 03:11:02 0 sec: 0 operations;
2025-04-23 03:11:03 1 sec: 84851 operations; [INSERT: Count=84851 Max=4767.74 Min=4.32 Avg=7.97 10=5.53 25=6.18 50=7.34 75=9.15 90=10.91 95=12.02 99=14.61 99.9=21.82 99.99=87.74]
2025-04-23 03:11:04 2 sec: 171762 operations; [INSERT: Count=171762 Max=4767.74 Min=4.32 Avg=8.08 10=5.64 25=6.30 50=7.50 75=9.28 90=11.00 95=12.08 99=14.62 99.9=26.09 99.99=88.51]
2025-04-23 03:11:05 3 sec: 254775 operations; [INSERT: Count=254775 Max=13385.73 Min=4.32 Avg=8.28 10=5.74 25=6.43 50=7.67 75=9.44 90=11.16 95=12.26 99=14.87 99.9=70.08 99.99=100.16]
2025-04-23 03:11:06 4 sec: 338872 operations; [INSERT: Count=338872 Max=13385.73 Min=4.32 Avg=8.35 10=5.81 25=6.52 50=7.78 75=9.54 90=11.25 95=12.34 99=14.89 99.9=69.63 99.99=97.79]
2025-04-23 03:11:07 5 sec: 421854 operations; [INSERT: Count=421854 Max=13385.73 Min=4.32 Avg=8.42 10=5.86 25=6.61 50=7.87 75=9.63 90=11.34 95=12.42 99=14.95 99.9=69.57 99.99=94.53]
2025-04-23 03:11:08 6 sec: 511374 operations; [INSERT: Count=511374 Max=13385.73 Min=4.02 Avg=8.32 10=5.74 25=6.50 50=7.78 75=9.53 90=11.25 95=12.35 99=14.93 99.9=35.58 99.99=99.01]
2025-04-23 03:11:09 7 sec: 599656 operations; [INSERT: Count=599656 Max=13385.73 Min=4.02 Avg=8.28 10=5.70 25=6.46 50=7.73 75=9.48 90=11.19 95=12.29 99=14.89 99.9=35.33 99.99=107.07]
2025-04-23 03:11:10 8 sec: 685604 operations; [INSERT: Count=685604 Max=13385.73 Min=4.02 Avg=8.28 10=5.72 25=6.47 50=7.74 75=9.48 90=11.19 95=12.29 99=14.90 99.9=35.62 99.99=108.86]
2025-04-23 03:11:11 9 sec: 768463 operations; [INSERT: Count=768463 Max=13385.73 Min=4.02 Avg=8.33 10=5.74 25=6.50 50=7.77 75=9.50 90=11.22 95=12.34 99=15.04 99.9=70.27 99.99=124.80]
2025-04-23 03:11:12 10 sec: 845946 operations; [INSERT: Count=845946 Max=13385.73 Min=4.02 Avg=8.44 10=5.77 25=6.54 50=7.82 75=9.56 90=11.29 95=12.42 99=15.45 99.9=75.52 99.99=143.23]
2025-04-23 03:11:13 11 sec: 923354 operations; [INSERT: Count=923354 Max=13385.73 Min=4.02 Avg=8.53 10=5.76 25=6.54 50=7.84 75=9.59 90=11.34 95=12.51 99=15.94 99.9=82.56 99.99=153.09]
2025-04-23 03:11:14 12 sec: 1000000 operations; [INSERT: Count=1000000 Max=13385.73 Min=4.02 Avg=8.53 10=5.72 25=6.49 50=7.79 75=9.54 90=11.30 95=12.49 99=16.30 99.9=85.57 99.99=159.62]
2025-04-23 03:11:15 13 sec: 1000000 operations; [INSERT: Count=1000000 Max=13385.73 Min=4.02 Avg=8.53 10=5.72 25=6.49 50=7.79 75=9.54 90=11.30 95=12.49 99=16.30 99.9=85.57 99.99=159.62]
2025-04-23 03:11:16 14 sec: 1000000 operations; [INSERT: Count=1000000 Max=13385.73 Min=4.02 Avg=8.53 10=5.72 25=6.49 50=7.79 75=9.54 90=11.30 95=12.49 99=16.30 99.9=85.57 99.99=159.62]
2025-04-23 03:11:17 15 sec: 1000000 operations; [INSERT: Count=1000000 Max=13385.73 Min=4.02 Avg=8.53 10=5.72 25=6.49 50=7.79 75=9.54 90=11.30 95=12.49 99=16.30 99.9=85.57 99.99=159.62]
2025-04-23 03:11:18 16 sec: 1000000 operations; [INSERT: Count=1000000 Max=13385.73 Min=4.02 Avg=8.53 10=5.72 25=6.49 50=7.79 75=9.54 90=11.30 95=12.49 99=16.30 99.9=85.57 99.99=159.62]
2025-04-23 03:11:19 17 sec: 1000000 operations; [INSERT: Count=1000000 Max=13385.73 Min=4.02 Avg=8.53 10=5.72 25=6.49 50=7.79 75=9.54 90=11.30 95=12.49 99=16.30 99.9=85.57 99.99=159.62]
2025-04-23 03:11:20 18 sec: 1000000 operations; [INSERT: Count=1000000 Max=13385.73 Min=4.02 Avg=8.53 10=5.72 25=6.49 50=7.79 75=9.54 90=11.30 95=12.49 99=16.30 99.9=85.57 99.99=159.62]
2025-04-23 03:11:20 18 sec: 1000000 operations; [INSERT: Count=1000000 Max=13385.73 Min=4.02 Avg=8.53 10=5.72 25=6.49 50=7.79 75=9.54 90=11.30 95=12.49 99=16.30 99.9=85.57 99.99=159.62]
Load runtime(sec): 18.2908
Load operations(ops): 1000000
Load throughput(ops/sec): 54672.4
