Running scope as unit: run-r4ff08d97780942b4852a5f55f4458033.scope
load file:/home/user/DataFiles/silesia_data/silesia.tar
2025-04-23 03:11:02 0 sec: 0 operations;
2025-04-23 03:11:03 1 sec: 90882 operations; [INSERT: Count=90882 Max=5615.61 Min=4.07 Avg=7.59 10=5.26 25=5.83 50=6.97 75=8.73 90=10.38 95=11.41 99=14.10 99.9=21.81 99.99=84.93]
2025-04-23 03:11:04 2 sec: 178463 operations; [INSERT: Count=178463 Max=5615.61 Min=4.07 Avg=7.88 10=5.46 25=6.10 50=7.31 75=9.08 90=10.76 95=11.81 99=14.38 99.9=31.17 99.99=86.97]
2025-04-23 03:11:05 3 sec: 262363 operations; [INSERT: Count=262363 Max=14090.24 Min=4.07 Avg=8.14 10=5.58 25=6.29 50=7.54 75=9.30 90=11.02 95=12.11 99=14.73 99.9=29.89 99.99=90.43]
2025-04-23 03:11:06 4 sec: 346833 operations; [INSERT: Count=346833 Max=14090.24 Min=4.07 Avg=8.25 10=5.68 25=6.42 50=7.69 75=9.45 90=11.15 95=12.24 99=14.82 99.9=30.98 99.99=89.41]
2025-04-23 03:11:07 5 sec: 430003 operations; [INSERT: Count=430003 Max=14090.24 Min=4.07 Avg=8.35 10=5.76 25=6.52 50=7.82 75=9.57 90=11.29 95=12.38 99=14.94 99.9=36.16 99.99=90.30]
2025-04-23 03:11:08 6 sec: 513420 operations; [INSERT: Count=513420 Max=14090.24 Min=4.01 Avg=8.34 10=5.73 25=6.48 50=7.78 75=9.55 90=11.27 95=12.38 99=15.03 99.9=67.71 99.99=102.53]
2025-04-23 03:11:09 7 sec: 601567 operations; [INSERT: Count=601567 Max=14090.24 Min=4.01 Avg=8.30 10=5.71 25=6.45 50=7.74 75=9.50 90=11.22 95=12.33 99=15.01 99.9=70.91 99.99=106.30]
2025-04-23 03:11:10 8 sec: 687956 operations; [INSERT: Count=687956 Max=14090.24 Min=4.01 Avg=8.30 10=5.72 25=6.46 50=7.75 75=9.50 90=11.21 95=12.32 99=14.99 99.9=69.69 99.99=108.99]
2025-04-23 03:11:11 9 sec: 770839 operations; [INSERT: Count=770839 Max=14090.24 Min=4.01 Avg=8.35 10=5.74 25=6.49 50=7.78 75=9.53 90=11.26 95=12.37 99=15.14 99.9=72.32 99.99=127.55]
2025-04-23 03:11:12 10 sec: 848673 operations; [INSERT: Count=848673 Max=14090.24 Min=4.01 Avg=8.47 10=5.78 25=6.53 50=7.83 75=9.57 90=11.31 95=12.46 99=15.54 99.9=77.12 99.99=144.77]
2025-04-23 03:11:13 11 sec: 927275 operations; [INSERT: Count=927275 Max=14090.24 Min=4.01 Avg=8.54 10=5.76 25=6.53 50=7.85 75=9.60 90=11.35 95=12.54 99=15.99 99.9=83.71 99.99=156.03]
2025-04-23 03:11:14 12 sec: 1000000 operations; [INSERT: Count=1000000 Max=14090.24 Min=4.01 Avg=8.55 10=5.73 25=6.49 50=7.81 75=9.56 90=11.32 95=12.53 99=16.38 99.9=86.91 99.99=159.10]
2025-04-23 03:11:15 13 sec: 1000000 operations; [INSERT: Count=1000000 Max=14090.24 Min=4.01 Avg=8.55 10=5.73 25=6.49 50=7.81 75=9.56 90=11.32 95=12.53 99=16.38 99.9=86.91 99.99=159.10]
2025-04-23 03:11:16 14 sec: 1000000 operations; [INSERT: Count=1000000 Max=14090.24 Min=4.01 Avg=8.55 10=5.73 25=6.49 50=7.81 75=9.56 90=11.32 95=12.53 99=16.38 99.9=86.91 99.99=159.10]
2025-04-23 03:11:17 15 sec: 1000000 operations; [INSERT: Count=1000000 Max=14090.24 Min=4.01 Avg=8.55 10=5.73 25=6.49 50=7.81 75=9.56 90=11.32 95=12.53 99=16.38 99.9=86.91 99.99=159.10]
2025-04-23 03:11:18 16 sec: 1000000 operations; [INSERT: Count=1000000 Max=14090.24 Min=4.01 Avg=8.55 10=5.73 25=6.49 50=7.81 75=9.56 90=11.32 95=12.53 99=16.38 99.9=86.91 99.99=159.10]
2025-04-23 03:11:19 17 sec: 1000000 operations; [INSERT: Count=1000000 Max=14090.24 Min=4.01 Avg=8.55 10=5.73 25=6.49 50=7.81 75=9.56 90=11.32 95=12.53 99=16.38 99.9=86.91 99.99=159.10]
2025-04-23 03:11:20 18 sec: 1000000 operations; [INSERT: Count=1000000 Max=14090.24 Min=4.01 Avg=8.55 10=5.73 25=6.49 50=7.81 75=9.56 90=11.32 95=12.53 99=16.38 99.9=86.91 99.99=159.10]
2025-04-23 03:11:20 18 sec: 1000000 operations; [INSERT: Count=1000000 Max=14090.24 Min=4.01 Avg=8.55 10=5.73 25=6.49 50=7.81 75=9.56 90=11.32 95=12.53 99=16.38 99.9=86.91 99.99=159.10]
Load runtime(sec): 18.2768
Load operations(ops): 1000000
Load throughput(ops/sec): 54714.3
