Running scope as unit: run-r9f5553f4cc44411ab38fa28a6dc20da5.scope
load file:/home/user/DataFiles/silesia_data/silesia.tar
2025-04-23 03:11:02 0 sec: 0 operations;
2025-04-23 03:11:03 1 sec: 85692 operations; [INSERT: Count=85692 Max=4911.10 Min=4.28 Avg=7.95 10=5.53 25=6.14 50=7.29 75=9.15 90=10.90 95=11.97 99=14.65 99.9=22.78 99.99=89.79]
2025-04-23 03:11:04 2 sec: 173072 operations; [INSERT: Count=173072 Max=4911.10 Min=4.28 Avg=8.08 10=5.66 25=6.31 50=7.50 75=9.29 90=11.02 95=12.06 99=14.63 99.9=26.53 99.99=88.58]
2025-04-23 03:11:05 3 sec: 256264 operations; [INSERT: Count=256264 Max=13484.03 Min=4.28 Avg=8.30 10=5.76 25=6.45 50=7.68 75=9.46 90=11.19 95=12.26 99=14.95 99.9=68.86 99.99=99.78]
2025-04-23 03:11:06 4 sec: 340478 operations; [INSERT: Count=340478 Max=13484.03 Min=4.28 Avg=8.37 10=5.83 25=6.54 50=7.79 75=9.57 90=11.27 95=12.34 99=14.94 99.9=70.27 99.99=96.58]
2025-04-23 03:11:07 5 sec: 423486 operations; [INSERT: Count=423486 Max=13484.03 Min=4.28 Avg=8.46 10=5.90 25=6.63 50=7.90 75=9.67 90=11.36 95=12.44 99=15.02 99.9=71.30 99.99=95.36]
2025-04-23 03:11:08 6 sec: 513644 operations; [INSERT: Count=513644 Max=13484.03 Min=3.98 Avg=8.35 10=5.75 25=6.52 50=7.80 75=9.56 90=11.28 95=12.38 99=15.02 99.9=71.04 99.99=99.26]
2025-04-23 03:11:09 7 sec: 602295 operations; [INSERT: Count=602295 Max=13484.03 Min=3.98 Avg=8.31 10=5.72 25=6.48 50=7.75 75=9.50 90=11.21 95=12.32 99=14.97 99.9=71.36 99.99=106.30]
2025-04-23 03:11:10 8 sec: 688254 operations; [INSERT: Count=688254 Max=13484.03 Min=3.98 Avg=8.31 10=5.74 25=6.50 50=7.77 75=9.51 90=11.21 95=12.32 99=14.97 99.9=71.55 99.99=107.58]
2025-04-23 03:11:11 9 sec: 771225 operations; [INSERT: Count=771225 Max=13484.03 Min=3.98 Avg=8.37 10=5.77 25=6.52 50=7.80 75=9.54 90=11.25 95=12.36 99=15.09 99.9=73.22 99.99=130.88]
2025-04-23 03:11:12 10 sec: 848285 operations; [INSERT: Count=848285 Max=13484.03 Min=3.98 Avg=8.49 10=5.80 25=6.56 50=7.86 75=9.59 90=11.31 95=12.45 99=15.49 99.9=81.86 99.99=145.02]
2025-04-23 03:11:13 11 sec: 922001 operations; [INSERT: Count=922001 Max=13484.03 Min=3.98 Avg=8.60 10=5.82 25=6.58 50=7.89 75=9.65 90=11.38 95=12.55 99=16.00 99.9=84.61 99.99=153.98]
2025-04-23 03:11:14 12 sec: 991837 operations; [INSERT: Count=991837 Max=13484.03 Min=3.98 Avg=8.68 10=5.85 25=6.60 50=7.91 75=9.68 90=11.44 95=12.62 99=16.45 99.9=88.83 99.99=166.14]
2025-04-23 03:11:15 13 sec: 1000000 operations; [INSERT: Count=1000000 Max=13484.03 Min=3.98 Avg=8.67 10=5.84 25=6.59 50=7.89 75=9.67 90=11.43 95=12.62 99=16.48 99.9=89.47 99.99=167.55]
2025-04-23 03:11:16 14 sec: 1000000 operations; [INSERT: Count=1000000 Max=13484.03 Min=3.98 Avg=8.67 10=5.84 25=6.59 50=7.89 75=9.67 90=11.43 95=12.62 99=16.48 99.9=89.47 99.99=167.55]
2025-04-23 03:11:17 15 sec: 1000000 operations; [INSERT: Count=1000000 Max=13484.03 Min=3.98 Avg=8.67 10=5.84 25=6.59 50=7.89 75=9.67 90=11.43 95=12.62 99=16.48 99.9=89.47 99.99=167.55]
2025-04-23 03:11:18 16 sec: 1000000 operations; [INSERT: Count=1000000 Max=13484.03 Min=3.98 Avg=8.67 10=5.84 25=6.59 50=7.89 75=9.67 90=11.43 95=12.62 99=16.48 99.9=89.47 99.99=167.55]
2025-04-23 03:11:19 17 sec: 1000000 operations; [INSERT: Count=1000000 Max=13484.03 Min=3.98 Avg=8.67 10=5.84 25=6.59 50=7.89 75=9.67 90=11.43 95=12.62 99=16.48 99.9=89.47 99.99=167.55]
2025-04-23 03:11:20 18 sec: 1000000 operations; [INSERT: Count=1000000 Max=13484.03 Min=3.98 Avg=8.67 10=5.84 25=6.59 50=7.89 75=9.67 90=11.43 95=12.62 99=16.48 99.9=89.47 99.99=167.55]
2025-04-23 03:11:20 18 sec: 1000000 operations; [INSERT: Count=1000000 Max=13484.03 Min=3.98 Avg=8.67 10=5.84 25=6.59 50=7.89 75=9.67 90=11.43 95=12.62 99=16.48 99.9=89.47 99.99=167.55]
Load runtime(sec): 18.2621
Load operations(ops): 1000000
Load throughput(ops/sec): 54758.1
