Running scope as unit: run-r0bf35e582adf47d49e7af7cb5751909c.scope
load file:/home/user/DataFiles/silesia_data/silesia.tar
2025-04-22 06:48:41 0 sec: 0 operations;
2025-04-22 06:48:42 1 sec: 16199 operations; [INSERT: Count=16199 Max=9265.15 Min=9.09 Avg=49.76 10=24.38 25=31.92 50=44.26 75=61.82 90=81.02 95=92.61 99=113.86 99.9=156.54 99.99=667.13]
2025-04-22 06:48:43 2 sec: 34006 operations; [INSERT: Count=34006 Max=9265.15 Min=8.42 Avg=50.23 10=24.98 25=32.83 50=45.09 75=62.75 90=81.73 95=93.06 99=115.20 99.9=152.57 99.99=697.86]
2025-04-22 06:48:44 3 sec: 51996 operations; [INSERT: Count=51996 Max=9265.15 Min=7.42 Avg=50.15 10=25.12 25=33.02 50=45.31 75=62.69 90=81.47 95=92.86 99=114.81 99.9=148.99 99.99=697.86]
2025-04-22 06:48:45 4 sec: 70180 operations; [INSERT: Count=70180 Max=9265.15 Min=7.42 Avg=49.97 10=25.10 25=32.99 50=45.22 75=62.49 90=81.02 95=92.48 99=114.50 99.9=147.97 99.99=673.79]
2025-04-22 06:48:46 5 sec: 88144 operations; [INSERT: Count=88144 Max=9265.15 Min=7.42 Avg=49.97 10=25.20 25=33.12 50=45.38 75=62.37 90=80.89 95=92.29 99=114.30 99.9=148.09 99.99=673.79]
2025-04-22 06:48:47 6 sec: 106646 operations; [INSERT: Count=106646 Max=13074.43 Min=7.42 Avg=49.70 10=24.93 25=32.83 50=44.96 75=61.76 90=80.06 95=91.52 99=113.47 99.9=148.35 99.99=673.79]
2025-04-22 06:48:48 7 sec: 133817 operations; [INSERT: Count=133817 Max=13074.43 Min=5.36 Avg=46.36 10=21.74 25=29.68 50=41.66 75=58.05 90=76.48 95=88.38 99=111.04 99.9=146.94 99.99=669.70]
2025-04-22 06:48:49 8 sec: 162707 operations; [INSERT: Count=162707 Max=13074.43 Min=5.36 Avg=43.69 10=19.86 25=27.31 50=38.94 75=54.81 90=73.41 95=85.38 99=108.61 99.9=143.10 99.99=624.64]
2025-04-22 06:48:50 9 sec: 191489 operations; [INSERT: Count=191489 Max=13074.43 Min=5.36 Avg=41.84 10=18.91 25=25.89 50=37.09 75=52.45 90=70.78 95=82.94 99=106.56 99.9=142.34 99.99=621.57]
2025-04-22 06:48:51 10 sec: 220348 operations; [INSERT: Count=220348 Max=13074.43 Min=5.36 Avg=40.47 10=18.29 25=24.88 50=35.74 75=50.72 90=68.48 95=80.83 99=104.70 99.9=140.41 99.99=602.62]
2025-04-22 06:48:52 11 sec: 249253 operations; [INSERT: Count=249253 Max=13074.43 Min=5.36 Avg=39.40 10=17.82 25=24.14 50=34.69 75=49.34 90=66.62 95=78.78 99=103.30 99.9=140.54 99.99=593.92]
2025-04-22 06:48:53 12 sec: 278451 operations; [INSERT: Count=278451 Max=13074.43 Min=5.36 Avg=38.50 10=17.52 25=23.58 50=33.79 75=48.09 90=64.99 95=77.18 99=101.95 99.9=140.03 99.99=587.26]
2025-04-22 06:48:54 13 sec: 307655 operations; [INSERT: Count=307655 Max=13074.43 Min=5.36 Avg=37.78 10=17.30 25=23.18 50=33.12 75=47.20 90=63.62 95=75.78 99=100.80 99.9=138.50 99.99=577.53]
2025-04-22 06:48:55 14 sec: 336788 operations; [INSERT: Count=336788 Max=13074.43 Min=5.36 Avg=37.20 10=17.12 25=22.88 50=32.59 75=46.40 90=62.46 95=74.50 99=99.71 99.9=137.73 99.99=565.76]
2025-04-22 06:48:56 15 sec: 365383 operations; [INSERT: Count=365383 Max=13074.43 Min=5.36 Avg=36.76 10=17.02 25=22.69 50=32.22 75=45.82 90=61.57 95=73.41 99=98.56 99.9=137.09 99.99=540.16]
2025-04-22 06:48:57 16 sec: 387911 operations; [INSERT: Count=387911 Max=13074.43 Min=5.36 Avg=36.97 10=17.10 25=22.83 50=32.40 75=46.08 90=61.92 95=73.79 99=99.14 99.9=137.47 99.99=565.76]
2025-04-22 06:48:58 17 sec: 403351 operations; [INSERT: Count=403351 Max=13074.43 Min=5.36 Avg=37.81 10=17.28 25=23.14 50=33.05 75=47.20 90=63.74 95=76.16 99=102.27 99.9=142.34 99.99=587.26]
2025-04-22 06:48:59 18 sec: 419216 operations; [INSERT: Count=419216 Max=13074.43 Min=5.36 Avg=38.55 10=17.44 25=23.45 50=33.66 75=48.19 90=65.31 95=78.08 99=104.45 99.9=145.02 99.99=593.41]
2025-04-22 06:49:00 19 sec: 434646 operations; [INSERT: Count=434646 Max=13074.43 Min=5.36 Avg=39.27 10=17.60 25=23.76 50=34.27 75=49.18 90=66.88 95=80.00 99=106.75 99.9=147.46 99.99=587.26]
2025-04-22 06:49:01 20 sec: 449952 operations; [INSERT: Count=449952 Max=13074.43 Min=5.36 Avg=39.96 10=17.74 25=24.06 50=34.88 75=50.14 90=68.42 95=81.86 99=108.86 99.9=148.61 99.99=587.26]
2025-04-22 06:49:02 21 sec: 466153 operations; [INSERT: Count=466153 Max=13074.43 Min=5.36 Avg=40.53 10=17.87 25=24.30 50=35.30 75=50.81 90=69.50 95=83.20 99=110.72 99.9=158.46 99.99=598.01]
2025-04-22 06:49:03 22 sec: 481748 operations; [INSERT: Count=481748 Max=13893.63 Min=5.36 Avg=41.11 10=17.98 25=24.54 50=35.71 75=51.45 90=70.53 95=84.29 99=112.19 99.9=166.53 99.99=654.34]
2025-04-22 06:49:04 23 sec: 497315 operations; [INSERT: Count=497315 Max=13893.63 Min=5.36 Avg=41.67 10=18.09 25=24.77 50=36.13 75=52.09 90=71.42 95=85.44 99=114.24 99.9=179.07 99.99=693.76]
2025-04-22 06:49:05 24 sec: 513632 operations; [INSERT: Count=513632 Max=13893.63 Min=5.36 Avg=42.13 10=18.18 25=24.91 50=36.41 75=52.58 90=72.32 95=86.66 99=116.86 99.9=196.61 99.99=825.86]
2025-04-22 06:49:06 25 sec: 531294 operations; [INSERT: Count=531294 Max=13893.63 Min=5.36 Avg=42.43 10=18.27 25=25.10 50=36.67 75=52.96 90=72.83 95=87.17 99=117.57 99.9=201.09 99.99=832.51]
2025-04-22 06:49:07 26 sec: 549409 operations; [INSERT: Count=549409 Max=13893.63 Min=5.36 Avg=42.67 10=18.38 25=25.30 50=36.96 75=53.28 90=73.15 95=87.42 99=117.82 99.9=201.09 99.99=832.51]
2025-04-22 06:49:08 27 sec: 565276 operations; [INSERT: Count=565276 Max=13893.63 Min=5.36 Avg=43.08 10=18.51 25=25.52 50=37.34 75=53.82 90=73.92 95=88.25 99=118.91 99.9=202.75 99.99=839.68]
2025-04-22 06:49:09 28 sec: 580278 operations; [INSERT: Count=580278 Max=13893.63 Min=5.36 Avg=43.54 10=18.62 25=25.74 50=37.73 75=54.34 90=74.69 95=89.09 99=120.13 99.9=206.59 99.99=900.61]
2025-04-22 06:49:10 29 sec: 596311 operations; [INSERT: Count=596311 Max=13893.63 Min=5.36 Avg=43.89 10=18.75 25=25.98 50=38.08 75=54.81 90=75.33 95=89.73 99=120.38 99.9=205.57 99.99=887.29]
2025-04-22 06:49:11 30 sec: 611858 operations; [INSERT: Count=611858 Max=13893.63 Min=5.36 Avg=44.26 10=18.88 25=26.21 50=38.46 75=55.33 90=76.03 95=90.43 99=120.96 99.9=204.03 99.99=893.95]
2025-04-22 06:49:12 31 sec: 626855 operations; [INSERT: Count=626855 Max=13893.63 Min=5.36 Avg=44.65 10=18.98 25=26.41 50=38.78 75=55.81 90=76.73 95=91.33 99=122.56 99.9=211.46 99.99=900.61]
2025-04-22 06:49:13 32 sec: 642275 operations; [INSERT: Count=642275 Max=13893.63 Min=5.36 Avg=45.00 10=19.10 25=26.64 50=39.13 75=56.29 90=77.38 95=92.03 99=123.01 99.9=208.77 99.99=919.55]
2025-04-22 06:49:14 33 sec: 657107 operations; [INSERT: Count=657107 Max=13893.63 Min=5.36 Avg=45.37 10=19.20 25=26.83 50=39.45 75=56.73 90=78.02 95=92.80 99=124.16 99.9=214.14 99.99=958.46]
2025-04-22 06:49:15 34 sec: 672481 operations; [INSERT: Count=672481 Max=13893.63 Min=5.36 Avg=45.69 10=19.31 25=27.01 50=39.74 75=57.15 90=78.59 95=93.44 99=125.31 99.9=219.52 99.99=974.85]
2025-04-22 06:49:16 35 sec: 687946 operations; [INSERT: Count=687946 Max=13893.63 Min=5.36 Avg=45.99 10=19.41 25=27.18 50=40.00 75=57.50 90=79.04 95=94.08 99=126.46 99.9=225.92 99.99=974.85]
2025-04-22 06:49:17 36 sec: 703296 operations; [INSERT: Count=703296 Max=13893.63 Min=5.36 Avg=46.29 10=19.47 25=27.33 50=40.22 75=57.82 90=79.55 95=94.72 99=127.94 99.9=236.03 99.99=1032.70]
2025-04-22 06:49:18 37 sec: 723835 operations; [INSERT: Count=723835 Max=13893.63 Min=5.36 Avg=46.23 10=19.50 25=27.33 50=40.19 75=57.73 90=79.36 95=94.53 99=127.55 99.9=232.57 99.99=1032.70]
2025-04-22 06:49:19 38 sec: 745460 operations; [INSERT: Count=745460 Max=13893.63 Min=5.36 Avg=46.12 10=19.49 25=27.26 50=40.06 75=57.57 90=79.10 95=94.27 99=127.23 99.9=234.11 99.99=1040.38]
2025-04-22 06:49:20 39 sec: 769529 operations; [INSERT: Count=769529 Max=13893.63 Min=5.36 Avg=45.87 10=19.44 25=27.14 50=39.81 75=57.22 90=78.66 95=93.76 99=126.78 99.9=232.57 99.99=1058.82]
2025-04-22 06:49:21 40 sec: 793882 operations; [INSERT: Count=793882 Max=13893.63 Min=5.36 Avg=45.62 10=19.41 25=27.02 50=39.58 75=56.90 90=78.14 95=93.18 99=126.21 99.9=230.91 99.99=1050.62]
2025-04-22 06:49:22 41 sec: 817903 operations; [INSERT: Count=817903 Max=13893.63 Min=5.36 Avg=45.40 10=19.39 25=26.93 50=39.39 75=56.61 90=77.69 95=92.67 99=125.63 99.9=228.61 99.99=1047.55]
2025-04-22 06:49:23 42 sec: 843576 operations; [INSERT: Count=843576 Max=13893.63 Min=5.36 Avg=45.10 10=19.33 25=26.78 50=39.13 75=56.22 90=77.12 95=92.03 99=124.99 99.9=226.30 99.99=1038.34]
2025-04-22 06:49:24 43 sec: 869249 operations; [INSERT: Count=869249 Max=13893.63 Min=5.36 Avg=44.82 10=19.25 25=26.62 50=38.85 75=55.84 90=76.61 95=91.52 99=124.48 99.9=224.77 99.99=1032.70]
2025-04-22 06:49:25 44 sec: 898746 operations; [INSERT: Count=898746 Max=13893.63 Min=5.36 Avg=44.35 10=18.98 25=26.24 50=38.37 75=55.26 90=75.97 95=90.88 99=123.90 99.9=224.64 99.99=1038.34]
2025-04-22 06:49:26 45 sec: 940489 operations; [INSERT: Count=940489 Max=13893.63 Min=5.04 Avg=43.30 10=17.86 25=25.14 50=37.31 75=54.30 90=75.01 95=89.98 99=123.14 99.9=223.36 99.99=1048.06]
2025-04-22 06:49:27 46 sec: 998972 operations; [INSERT: Count=998972 Max=13893.63 Min=5.04 Avg=41.57 10=15.46 25=23.12 50=35.71 75=52.93 90=73.73 95=88.77 99=122.17 99.9=220.16 99.99=1039.36]
2025-04-22 06:49:27 46 sec: 1000000 operations; [INSERT: Count=1000000 Max=13893.63 Min=5.04 Avg=41.55 10=15.42 25=23.09 50=35.68 75=52.90 90=73.66 95=88.77 99=122.11 99.9=220.80 99.99=1039.36]
Load runtime(sec): 46.325
Load operations(ops): 1000000
Load throughput(ops/sec): 21586.6
