Running scope as unit: run-r4c89335330c84a56a9e4801e8c5e58ba.scope
load file:/home/user/DataFiles/silesia_data/silesia.tar
2025-04-23 02:44:22 0 sec: 0 operations;
2025-04-23 02:44:23 1 sec: 0 operations;
2025-04-23 02:44:24 2 sec: 0 operations;
2025-04-23 02:44:25 3 sec: 0 operations;
2025-04-23 02:44:26 4 sec: 0 operations;
2025-04-23 02:44:27 5 sec: 0 operations;
2025-04-23 02:44:28 6 sec: 0 operations;
2025-04-23 02:44:29 7 sec: 0 operations;
2025-04-23 02:44:30 8 sec: 0 operations;
2025-04-23 02:44:31 9 sec: 0 operations;
2025-04-23 02:44:32 10 sec: 0 operations;
2025-04-23 02:44:33 11 sec: 0 operations;
2025-04-23 02:44:34 12 sec: 0 operations;
2025-04-23 02:44:35 13 sec: 0 operations;
2025-04-23 02:44:36 14 sec: 0 operations;
2025-04-23 02:44:37 15 sec: 0 operations;
2025-04-23 02:44:38 16 sec: 0 operations;
2025-04-23 02:44:39 17 sec: 0 operations;
2025-04-23 02:44:40 18 sec: 0 operations;
2025-04-23 02:44:41 19 sec: 0 operations;
2025-04-23 02:44:42 20 sec: 0 operations;
2025-04-23 02:44:43 21 sec: 0 operations;
2025-04-23 02:44:44 22 sec: 0 operations;
2025-04-23 02:44:45 23 sec: 0 operations;
2025-04-23 02:44:46 24 sec: 0 operations;
2025-04-23 02:44:47 25 sec: 0 operations;
2025-04-23 02:44:48 26 sec: 0 operations;
2025-04-23 02:44:49 27 sec: 0 operations;
2025-04-23 02:44:50 28 sec: 0 operations;
2025-04-23 02:44:51 29 sec: 0 operations;
2025-04-23 02:44:52 30 sec: 0 operations;
2025-04-23 02:44:53 31 sec: 0 operations;
2025-04-23 02:44:54 32 sec: 0 operations;
2025-04-23 02:44:55 33 sec: 0 operations;
2025-04-23 02:44:56 34 sec: 0 operations;
2025-04-23 02:44:57 35 sec: 0 operations;
2025-04-23 02:44:58 36 sec: 0 operations;
2025-04-23 02:44:59 37 sec: 0 operations;
2025-04-23 02:45:00 38 sec: 0 operations;
2025-04-23 02:45:01 39 sec: 0 operations;
2025-04-23 02:45:02 40 sec: 0 operations;
2025-04-23 02:45:03 41 sec: 0 operations;
2025-04-23 02:45:04 42 sec: 0 operations;
2025-04-23 02:45:05 43 sec: 0 operations;
2025-04-23 02:45:06 44 sec: 0 operations;
2025-04-23 02:45:07 45 sec: 0 operations;
2025-04-23 02:45:08 46 sec: 0 operations;
2025-04-23 02:45:09 47 sec: 0 operations;
2025-04-23 02:45:10 48 sec: 0 operations;
2025-04-23 02:45:11 49 sec: 0 operations;
2025-04-23 02:45:12 50 sec: 0 operations;
2025-04-23 02:45:13 51 sec: 0 operations;
2025-04-23 02:45:14 52 sec: 0 operations;
2025-04-23 02:45:15 53 sec: 0 operations;
2025-04-23 02:45:16 54 sec: 0 operations;
2025-04-23 02:45:17 55 sec: 0 operations;
2025-04-23 02:45:18 56 sec: 0 operations;
2025-04-23 02:45:19 57 sec: 0 operations;
2025-04-23 02:45:20 58 sec: 0 operations;
2025-04-23 02:45:21 59 sec: 0 operations;
2025-04-23 02:45:22 60 sec: 0 operations;
2025-04-23 02:45:23 61 sec: 0 operations;
2025-04-23 02:45:24 62 sec: 0 operations;
2025-04-23 02:45:25 63 sec: 0 operations;
2025-04-23 02:45:26 64 sec: 0 operations;
2025-04-23 02:45:27 65 sec: 0 operations;
2025-04-23 02:45:28 66 sec: 0 operations;
2025-04-23 02:45:29 67 sec: 0 operations;
2025-04-23 02:45:30 68 sec: 0 operations;
2025-04-23 02:45:31 69 sec: 0 operations;
2025-04-23 02:45:32 70 sec: 0 operations;
2025-04-23 02:45:33 71 sec: 0 operations;
2025-04-23 02:45:34 72 sec: 0 operations;
2025-04-23 02:45:35 73 sec: 0 operations;
2025-04-23 02:45:36 74 sec: 0 operations;
2025-04-23 02:45:37 75 sec: 9398 operations; [READ: Count=4702 Max=2189.31 Min=2.87 Avg=62.45 10=28.29 25=36.51 50=48.54 75=77.18 90=112.32 95=121.22 99=225.15 99.9=386.81 99.99=2189.31] [UPDATE: Count=4696 Max=753.66 Min=7.28 Avg=68.26 10=34.56 25=42.66 50=55.04 75=83.20 90=119.04 95=128.25 99=237.95 99.9=388.61 99.99=753.66]
2025-04-23 02:45:38 76 sec: 24612 operations; [READ: Count=12261 Max=2189.31 Min=2.79 Avg=61.65 10=27.57 25=36.77 50=47.90 75=70.21 90=112.38 95=122.17 99=271.36 99.9=468.22 99.99=1751.04] [UPDATE: Count=12351 Max=1912.83 Min=7.28 Avg=68.43 10=33.66 25=42.94 50=54.49 75=77.44 90=119.04 95=129.73 99=266.50 99.9=596.99 99.99=1824.77]
2025-04-23 02:45:39 77 sec: 39300 operations; [READ: Count=19477 Max=2189.31 Min=2.74 Avg=61.80 10=26.88 25=36.86 50=47.90 75=69.12 90=112.89 95=124.48 99=303.87 99.9=512.51 99.99=1739.78] [UPDATE: Count=19823 Max=2875.39 Min=7.28 Avg=69.85 10=32.67 25=42.88 50=54.27 75=76.03 90=119.61 95=131.71 99=313.86 99.9=1167.36 99.99=2560.00]
2025-04-23 02:45:40 78 sec: 54393 operations; [READ: Count=27126 Max=5001.22 Min=2.70 Avg=61.84 10=26.16 25=36.96 50=48.19 75=68.67 90=112.00 95=123.01 99=304.89 99.9=794.62 99.99=1898.49] [UPDATE: Count=27267 Max=4349.95 Min=7.28 Avg=69.59 10=31.89 25=43.07 50=54.62 75=75.84 90=118.66 95=130.30 99=320.00 99.9=1071.10 99.99=2813.95]
2025-04-23 02:45:41 79 sec: 70555 operations; [READ: Count=35259 Max=5001.22 Min=2.70 Avg=60.84 10=25.01 25=37.02 50=48.70 75=68.73 90=110.97 95=122.43 99=284.16 99.9=704.51 99.99=1751.04] [UPDATE: Count=35296 Max=4349.95 Min=7.28 Avg=68.43 10=30.75 25=43.13 50=55.17 75=75.78 90=117.31 95=129.73 99=292.61 99.9=1018.88 99.99=2560.00]
2025-04-23 02:45:42 80 sec: 86697 operations; [READ: Count=43409 Max=5001.22 Min=2.60 Avg=60.11 10=23.74 25=37.05 50=49.25 75=68.93 90=109.63 95=121.79 99=264.19 99.9=641.02 99.99=1739.78] [UPDATE: Count=43288 Max=4349.95 Min=7.28 Avg=67.83 10=29.74 25=43.26 50=55.81 75=76.22 90=116.54 95=129.34 99=268.29 99.9=879.10 99.99=2560.00]
2025-04-23 02:45:43 81 sec: 103493 operations; [READ: Count=51842 Max=5001.22 Min=2.60 Avg=59.24 10=22.30 25=37.05 50=49.50 75=68.73 90=107.90 95=120.77 99=238.34 99.9=601.09 99.99=1739.78] [UPDATE: Count=51651 Max=4349.95 Min=7.28 Avg=66.98 10=29.10 25=43.30 50=56.13 75=76.03 90=114.81 95=128.00 99=244.86 99.9=821.25 99.99=2560.00]
2025-04-23 02:45:44 82 sec: 120955 operations; [READ: Count=60485 Max=5001.22 Min=2.60 Avg=58.30 10=21.39 25=36.86 50=49.60 75=68.35 90=105.47 95=119.55 99=208.38 99.9=576.00 99.99=1207.30] [UPDATE: Count=60470 Max=4349.95 Min=7.28 Avg=65.96 10=28.35 25=43.26 50=56.35 75=75.52 90=112.51 95=126.59 99=219.78 99.9=753.66 99.99=2373.63]
2025-04-23 02:45:45 83 sec: 137807 operations; [READ: Count=68953 Max=5001.22 Min=2.56 Avg=57.69 10=20.59 25=36.58 50=49.44 75=67.78 90=103.42 95=118.53 99=200.96 99.9=584.70 99.99=1207.30] [UPDATE: Count=68854 Max=7946.24 Min=7.28 Avg=65.68 10=27.77 25=43.13 50=56.29 75=75.01 90=110.40 95=125.69 99=231.29 99.9=759.81 99.99=2373.63]
2025-04-23 02:45:46 84 sec: 154347 operations; [READ: Count=77203 Max=5001.22 Min=2.56 Avg=57.44 10=20.22 25=36.48 50=49.60 75=67.78 90=102.53 95=118.27 99=190.85 99.9=576.00 99.99=1012.74] [UPDATE: Count=77144 Max=7946.24 Min=7.28 Avg=65.47 10=27.28 25=43.10 50=56.48 75=75.07 90=109.89 95=125.63 99=224.90 99.9=715.26 99.99=2240.51]
2025-04-23 02:45:47 85 sec: 170212 operations; [READ: Count=85268 Max=5001.22 Min=2.56 Avg=57.47 10=19.90 25=36.38 50=49.66 75=67.90 90=102.53 95=118.72 99=196.22 99.9=572.41 99.99=1010.69] [UPDATE: Count=84944 Max=7946.24 Min=7.28 Avg=65.58 10=26.86 25=43.07 50=56.58 75=75.14 90=110.02 95=126.14 99=234.88 99.9=706.56 99.99=2240.51]
2025-04-23 02:45:48 86 sec: 185260 operations; [READ: Count=92815 Max=5001.22 Min=2.56 Avg=57.83 10=19.65 25=36.32 50=49.76 75=68.22 90=103.42 95=119.81 99=208.38 99.9=578.05 99.99=1012.74] [UPDATE: Count=92445 Max=7946.24 Min=7.28 Avg=65.87 10=26.50 25=43.04 50=56.70 75=75.39 90=110.85 95=127.17 99=243.33 99.9=691.20 99.99=2189.31]
2025-04-23 02:45:49 87 sec: 199533 operations; [READ: Count=99982 Max=5001.22 Min=2.56 Avg=58.33 10=19.44 25=36.29 50=49.89 75=68.48 90=105.02 95=121.66 99=219.13 99.9=588.29 99.99=1010.69] [UPDATE: Count=99551 Max=7946.24 Min=7.28 Avg=66.41 10=26.27 25=43.04 50=56.83 75=75.71 90=112.51 95=129.85 99=252.41 99.9=690.17 99.99=2189.31]
2025-04-23 02:45:50 88 sec: 211081 operations; [READ: Count=105678 Max=5001.22 Min=2.56 Avg=59.42 10=19.33 25=36.29 50=50.02 75=68.54 90=106.24 95=124.03 99=254.08 99.9=696.32 99.99=1433.60] [UPDATE: Count=105403 Max=14827.52 Min=7.28 Avg=67.85 10=26.11 25=43.13 50=57.02 75=75.97 90=113.66 95=132.74 99=292.86 99.9=811.52 99.99=2240.51]
2025-04-23 02:45:51 89 sec: 226667 operations; [READ: Count=113473 Max=5001.22 Min=2.56 Avg=59.42 10=19.12 25=36.19 50=50.02 75=68.48 90=107.14 95=125.95 99=248.83 99.9=683.52 99.99=1433.60] [UPDATE: Count=113194 Max=14827.52 Min=7.28 Avg=67.81 10=25.79 25=43.04 50=57.02 75=75.90 90=114.37 95=134.66 99=287.49 99.9=793.60 99.99=2240.51]
2025-04-23 02:45:52 90 sec: 241862 operations; [READ: Count=121143 Max=5001.22 Min=2.56 Avg=59.37 10=18.80 25=35.97 50=49.92 75=68.22 90=107.33 95=126.97 99=254.34 99.9=679.93 99.99=1351.68] [UPDATE: Count=120719 Max=22118.40 Min=7.28 Avg=68.02 10=25.47 25=42.91 50=56.96 75=75.65 90=114.62 95=136.06 99=299.01 99.9=794.11 99.99=2240.51]
2025-04-23 02:45:53 91 sec: 259159 operations; [READ: Count=129919 Max=5001.22 Min=2.37 Avg=58.92 10=18.38 25=35.68 50=49.76 75=67.78 90=106.88 95=127.55 99=246.27 99.9=663.55 99.99=1273.86] [UPDATE: Count=129240 Max=22118.40 Min=7.28 Avg=67.57 10=24.99 25=42.69 50=56.80 75=75.14 90=114.24 95=136.45 99=292.61 99.9=773.12 99.99=2201.60]
2025-04-23 02:45:54 92 sec: 276503 operations; [READ: Count=138661 Max=5001.22 Min=2.37 Avg=58.45 10=17.93 25=35.39 50=49.63 75=67.26 90=105.98 95=127.49 99=237.82 99.9=656.89 99.99=1247.23] [UPDATE: Count=137842 Max=22118.40 Min=7.28 Avg=67.23 10=24.59 25=42.53 50=56.73 75=74.81 90=113.73 95=136.96 99=287.74 99.9=762.37 99.99=2189.31]
2025-04-23 02:45:55 93 sec: 293832 operations; [READ: Count=147330 Max=5001.22 Min=2.37 Avg=58.06 10=17.50 25=35.20 50=49.53 75=66.88 90=104.96 95=127.17 99=231.04 99.9=654.34 99.99=1221.63] [UPDATE: Count=146502 Max=22118.40 Min=7.28 Avg=66.91 10=24.11 25=42.40 50=56.73 75=74.62 90=113.15 95=137.09 99=281.60 99.9=749.57 99.99=2189.31]
2025-04-23 02:45:56 94 sec: 310948 operations; [READ: Count=155875 Max=5001.22 Min=2.37 Avg=57.72 10=16.88 25=35.04 50=49.47 75=66.56 90=104.00 95=126.85 99=223.87 99.9=649.73 99.99=1221.63] [UPDATE: Count=155073 Max=22118.40 Min=7.28 Avg=66.69 10=23.65 25=42.30 50=56.77 75=74.50 90=112.51 95=136.83 99=277.25 99.9=741.38 99.99=2189.31]
2025-04-23 02:45:57 95 sec: 328280 operations; [READ: Count=164702 Max=5001.22 Min=2.37 Avg=57.38 10=16.06 25=34.72 50=49.25 75=66.11 90=102.78 95=126.27 99=227.97 99.9=655.36 99.99=1247.23] [UPDATE: Count=163578 Max=22118.40 Min=7.28 Avg=66.47 10=23.04 25=42.02 50=56.54 75=73.98 90=111.74 95=136.45 99=282.62 99.9=753.66 99.99=2189.31]
2025-04-23 02:45:58 96 sec: 347200 operations; [READ: Count=174006 Max=5001.22 Min=2.29 Avg=56.84 10=14.93 25=34.40 50=48.99 75=65.73 90=101.50 95=125.31 99=219.65 99.9=649.73 99.99=1221.63] [UPDATE: Count=173194 Max=22118.40 Min=7.28 Avg=65.91 10=22.24 25=41.70 50=56.29 75=73.53 90=110.78 95=135.68 99=276.22 99.9=742.40 99.99=2189.31]
2025-04-23 02:45:59 97 sec: 366515 operations; [READ: Count=183615 Max=5001.22 Min=2.29 Avg=56.31 10=13.16 25=34.08 50=48.70 75=65.25 90=100.35 95=124.35 99=216.57 99.9=644.61 99.99=1207.30] [UPDATE: Count=182900 Max=22118.40 Min=7.28 Avg=65.34 10=21.36 25=41.38 50=56.03 75=73.09 90=109.69 95=134.66 99=272.13 99.9=731.13 99.99=2189.31]
2025-04-23 02:46:00 98 sec: 381626 operations; [READ: Count=191143 Max=5001.22 Min=2.29 Avg=56.53 10=11.99 25=33.89 50=48.64 75=66.11 90=100.80 95=123.65 99=220.29 99.9=636.41 99.99=1201.15] [UPDATE: Count=190483 Max=22118.40 Min=7.28 Avg=65.48 10=20.62 25=40.99 50=55.94 75=73.98 90=109.57 95=133.89 99=274.69 99.9=717.31 99.99=2187.26]
2025-04-23 02:46:01 99 sec: 396540 operations; [READ: Count=198709 Max=5001.22 Min=2.29 Avg=56.75 10=11.19 25=33.63 50=48.58 75=67.07 90=100.86 95=123.01 99=224.77 99.9=630.27 99.99=1164.29] [UPDATE: Count=197831 Max=22118.40 Min=7.28 Avg=65.66 10=19.87 25=40.67 50=55.87 75=74.94 90=109.38 95=133.25 99=277.76 99.9=706.56 99.99=2164.74]
2025-04-23 02:46:02 100 sec: 410383 operations; [READ: Count=205589 Max=5001.22 Min=2.29 Avg=56.97 10=10.65 25=33.44 50=48.48 75=67.97 90=100.80 95=122.62 99=233.98 99.9=629.25 99.99=1086.46] [UPDATE: Count=204794 Max=53903.36 Min=7.28 Avg=66.06 10=19.20 25=40.38 50=55.77 75=75.84 90=109.12 95=132.86 99=284.42 99.9=702.46 99.99=2187.26]
2025-04-23 02:46:03 101 sec: 424375 operations; [READ: Count=212599 Max=5001.22 Min=2.29 Avg=57.09 10=10.16 25=33.34 50=48.32 75=68.73 90=100.80 95=121.98 99=237.44 99.9=625.66 99.99=1086.46] [UPDATE: Count=211776 Max=60915.71 Min=7.28 Avg=66.47 10=18.62 25=40.19 50=55.65 75=76.61 90=109.06 95=132.09 99=287.74 99.9=691.71 99.99=2189.31]
2025-04-23 02:46:04 102 sec: 440618 operations; [READ: Count=220779 Max=5001.22 Min=2.29 Avg=57.01 10=9.62 25=33.15 50=48.09 75=69.63 90=100.54 95=121.15 99=234.88 99.9=617.47 99.99=1086.46] [UPDATE: Count=219839 Max=60915.71 Min=7.28 Avg=66.38 10=18.05 25=40.00 50=55.42 75=77.50 90=108.73 95=131.07 99=286.98 99.9=679.93 99.99=2187.26]
2025-04-23 02:46:05 103 sec: 457473 operations; [READ: Count=229253 Max=5001.22 Min=2.29 Avg=56.87 10=9.20 25=32.96 50=47.77 75=70.40 90=100.22 95=120.38 99=231.29 99.9=613.89 99.99=1032.19] [UPDATE: Count=228220 Max=60915.71 Min=7.28 Avg=66.22 10=17.52 25=39.74 50=55.17 75=78.40 90=108.35 95=130.37 99=284.42 99.9=670.72 99.99=2164.74]
2025-04-23 02:46:06 104 sec: 474742 operations; [READ: Count=237823 Max=5001.22 Min=2.29 Avg=56.67 10=8.88 25=32.80 50=47.36 75=70.97 90=99.90 95=119.74 99=225.79 99.9=608.25 99.99=1032.19] [UPDATE: Count=236919 Max=60915.71 Min=7.28 Avg=65.98 10=17.01 25=39.49 50=54.85 75=79.17 90=107.97 95=129.60 99=281.60 99.9=664.06 99.99=2154.49]
2025-04-23 02:46:07 105 sec: 491764 operations; [READ: Count=246299 Max=57507.84 Min=2.29 Avg=56.66 10=8.54 25=32.62 50=46.94 75=71.49 90=99.52 95=118.91 99=222.08 99.9=603.13 99.99=1032.19] [UPDATE: Count=245465 Max=60915.71 Min=7.28 Avg=65.66 10=16.59 25=39.23 50=54.37 75=79.74 90=107.58 95=128.64 99=277.76 99.9=656.38 99.99=2140.16]
2025-04-23 02:46:08 106 sec: 508677 operations; [READ: Count=254763 Max=57507.84 Min=2.29 Avg=56.53 10=8.28 25=32.49 50=46.46 75=71.87 90=99.39 95=118.72 99=231.42 99.9=604.16 99.99=1032.19] [UPDATE: Count=253914 Max=60915.71 Min=7.28 Avg=65.52 10=16.22 25=39.04 50=53.89 75=80.13 90=107.39 95=128.51 99=283.90 99.9=656.38 99.99=2154.49]
2025-04-23 02:46:09 107 sec: 525326 operations; [READ: Count=263111 Max=57507.84 Min=2.29 Avg=56.16 10=8.06 25=32.38 50=45.89 75=72.00 90=99.01 95=117.95 99=226.94 99.9=601.09 99.99=1012.74] [UPDATE: Count=262215 Max=60915.71 Min=7.28 Avg=65.68 10=15.93 25=38.88 50=53.44 75=80.51 90=107.26 95=128.57 99=298.75 99.9=690.17 99.99=2560.00]
2025-04-23 02:46:10 108 sec: 539102 operations; [READ: Count=270006 Max=57507.84 Min=2.29 Avg=55.85 10=7.93 25=32.30 50=45.38 75=72.00 90=98.81 95=117.38 99=221.82 99.9=597.50 99.99=1010.69] [UPDATE: Count=269096 Max=60915.71 Min=7.28 Avg=66.48 10=15.78 25=38.81 50=53.05 75=80.89 90=107.45 95=129.60 99=324.10 99.9=781.31 99.99=2709.50]
2025-04-23 02:46:11 109 sec: 553419 operations; [READ: Count=277084 Max=57507.84 Min=2.29 Avg=55.51 10=7.80 25=32.24 50=44.83 75=71.87 90=98.56 95=116.80 99=219.39 99.9=591.87 99.99=1001.47] [UPDATE: Count=276335 Max=60915.71 Min=7.28 Avg=67.15 10=15.62 25=38.78 50=52.67 75=81.22 90=107.58 95=130.62 99=343.30 99.9=858.62 99.99=2732.03]
2025-04-23 02:46:12 110 sec: 569260 operations; [READ: Count=284926 Max=57507.84 Min=2.29 Avg=55.12 10=7.66 25=32.16 50=44.26 75=71.68 90=98.30 95=116.03 99=216.57 99.9=586.75 99.99=1001.47] [UPDATE: Count=284334 Max=60915.71 Min=7.28 Avg=67.54 10=15.45 25=38.69 50=52.19 75=81.47 90=107.58 95=131.46 99=355.58 99.9=987.65 99.99=2732.03]
2025-04-23 02:46:13 111 sec: 589767 operations; [READ: Count=295184 Max=57507.84 Min=2.29 Avg=54.69 10=7.48 25=32.02 50=43.45 75=71.36 90=98.05 95=115.52 99=219.26 99.9=582.65 99.99=976.38] [UPDATE: Count=294583 Max=60915.71 Min=7.28 Avg=66.96 10=15.16 25=38.46 50=51.33 75=80.96 90=107.20 95=130.62 99=354.05 99.9=946.69 99.99=2732.03]
2025-04-23 02:46:14 112 sec: 613015 operations; [READ: Count=306847 Max=57507.84 Min=2.15 Avg=54.02 10=7.30 25=31.87 50=42.56 75=70.72 90=97.60 95=114.30 99=214.40 99.9=576.00 99.99=973.82] [UPDATE: Count=306168 Max=60915.71 Min=6.98 Avg=66.15 10=14.88 25=38.24 50=50.37 75=80.38 90=106.56 95=129.22 99=349.95 99.9=908.29 99.99=2719.74]
2025-04-23 02:46:15 113 sec: 637692 operations; [READ: Count=319192 Max=57507.84 Min=2.15 Avg=53.30 10=7.13 25=31.71 50=41.57 75=69.89 90=97.09 95=113.15 99=208.77 99.9=569.34 99.99=957.95] [UPDATE: Count=318500 Max=60915.71 Min=6.98 Avg=65.29 10=14.65 25=38.05 50=49.34 75=79.49 90=106.05 95=127.81 99=345.09 99.9=883.71 99.99=2717.70]
2025-04-23 02:46:16 114 sec: 663457 operations; [READ: Count=332054 Max=57507.84 Min=1.99 Avg=52.54 10=6.98 25=31.55 50=40.48 75=68.80 90=96.70 95=111.94 99=203.78 99.9=563.71 99.99=949.25] [UPDATE: Count=331403 Max=60915.71 Min=6.98 Avg=64.39 10=14.41 25=37.85 50=48.29 75=78.40 90=105.47 95=126.46 99=340.22 99.9=862.21 99.99=2709.50]
2025-04-23 02:46:17 115 sec: 690134 operations; [READ: Count=345483 Max=57507.84 Min=1.99 Avg=51.76 10=6.85 25=31.39 50=39.30 75=67.65 90=96.25 95=110.78 99=199.68 99.9=556.03 99.99=947.71] [UPDATE: Count=344651 Max=60915.71 Min=6.98 Avg=63.47 10=14.19 25=37.66 50=47.23 75=77.12 90=104.96 95=125.06 99=334.08 99.9=838.14 99.99=2709.50]
2025-04-23 02:46:18 116 sec: 717535 operations; [READ: Count=359116 Max=57507.84 Min=1.99 Avg=51.00 10=6.73 25=31.21 50=38.21 75=66.30 90=95.81 95=109.69 99=197.38 99.9=550.91 99.99=943.62] [UPDATE: Count=358419 Max=60915.71 Min=6.98 Avg=62.53 10=13.97 25=37.47 50=46.24 75=75.71 90=104.45 95=123.84 99=329.21 99.9=822.78 99.99=2691.07]
2025-04-23 02:46:19 117 sec: 744692 operations; [READ: Count=372553 Max=57507.84 Min=1.99 Avg=50.29 10=6.63 25=31.05 50=37.38 75=64.99 90=95.49 95=108.80 99=196.48 99.9=543.74 99.99=943.10] [UPDATE: Count=372139 Max=60915.71 Min=6.98 Avg=61.71 10=13.81 25=37.28 50=45.41 75=74.30 90=104.00 95=122.94 99=326.91 99.9=811.52 99.99=2684.93]
2025-04-23 02:46:20 118 sec: 772569 operations; [READ: Count=386502 Max=57507.84 Min=1.99 Avg=49.58 10=6.59 25=30.91 50=36.93 75=63.62 90=95.10 95=107.71 99=193.66 99.9=538.62 99.99=920.58] [UPDATE: Count=386067 Max=60915.71 Min=6.98 Avg=60.91 10=13.76 25=37.12 50=44.93 75=72.83 90=103.61 95=121.73 99=322.30 99.9=796.16 99.99=2668.54]
2025-04-23 02:46:21 119 sec: 800953 operations; [READ: Count=400685 Max=57507.84 Min=1.99 Avg=48.88 10=6.55 25=30.75 50=36.61 75=62.24 90=94.72 95=106.62 99=190.97 99.9=531.97 99.99=920.58] [UPDATE: Count=400268 Max=60915.71 Min=6.98 Avg=60.12 10=13.70 25=36.96 50=44.58 75=71.42 90=103.17 95=120.51 99=316.67 99.9=781.31 99.99=2656.26]
2025-04-23 02:46:22 120 sec: 828607 operations; [READ: Count=414629 Max=57507.84 Min=1.99 Avg=48.25 10=6.54 25=30.56 50=36.45 75=60.99 90=94.40 95=105.73 99=189.06 99.9=525.82 99.99=918.53] [UPDATE: Count=413978 Max=60915.71 Min=6.98 Avg=59.46 10=13.69 25=36.77 50=44.41 75=70.02 90=102.85 95=119.61 99=311.81 99.9=766.98 99.99=2654.21]
2025-04-23 02:46:23 121 sec: 856784 operations; [READ: Count=428834 Max=57507.84 Min=1.99 Avg=47.63 10=6.54 25=30.30 50=36.32 75=59.77 90=94.08 95=104.96 99=187.26 99.9=523.77 99.99=913.92] [UPDATE: Count=427950 Max=60915.71 Min=6.98 Avg=58.78 10=13.68 25=36.54 50=44.22 75=68.67 90=102.46 95=118.66 99=307.45 99.9=759.81 99.99=2629.63]
2025-04-23 02:46:24 122 sec: 883992 operations; [READ: Count=442325 Max=57507.84 Min=1.99 Avg=47.07 10=6.50 25=29.95 50=36.16 75=58.66 90=93.69 95=104.25 99=185.98 99.9=529.92 99.99=913.92] [UPDATE: Count=441667 Max=60915.71 Min=6.98 Avg=58.19 10=13.66 25=36.29 50=44.06 75=67.52 90=102.14 95=117.89 99=304.13 99.9=749.57 99.99=2619.39]
2025-04-23 02:46:25 123 sec: 914359 operations; [READ: Count=457572 Max=57507.84 Min=1.91 Avg=46.39 10=6.45 25=29.41 50=35.94 75=57.44 90=93.31 95=103.55 99=183.55 99.9=522.50 99.99=909.82] [UPDATE: Count=456787 Max=60915.71 Min=6.70 Avg=57.44 10=13.54 25=35.90 50=43.74 75=66.24 90=101.76 95=116.99 99=297.98 99.9=742.40 99.99=2617.34]
2025-04-23 02:46:26 124 sec: 944471 operations; [READ: Count=472735 Max=57507.84 Min=1.91 Avg=45.75 10=6.43 25=28.43 50=35.81 75=56.29 90=92.86 95=102.91 99=181.50 99.9=517.89 99.99=904.70] [UPDATE: Count=471736 Max=60915.71 Min=6.63 Avg=56.74 10=13.46 25=35.39 50=43.49 75=65.06 90=101.38 95=116.09 99=292.61 99.9=734.21 99.99=2605.05]
2025-04-23 02:46:27 125 sec: 973762 operations; [READ: Count=487306 Max=57507.84 Min=1.91 Avg=45.22 10=6.44 25=26.83 50=35.68 75=55.23 90=92.48 95=102.46 99=180.22 99.9=516.61 99.99=900.10] [UPDATE: Count=486456 Max=60915.71 Min=6.49 Avg=56.14 10=13.40 25=34.59 50=43.26 75=63.97 90=101.06 95=115.39 99=289.54 99.9=723.97 99.99=2600.96]
2025-04-23 02:46:28 126 sec: 1000000 operations; [READ: Count=500474 Max=57507.84 Min=1.91 Avg=44.72 10=6.44 25=24.34 50=35.62 75=54.34 90=92.16 95=102.02 99=177.92 99.9=513.28 99.99=899.07] [UPDATE: Count=499526 Max=60915.71 Min=6.49 Avg=55.59 10=13.35 25=33.25 50=43.13 75=63.01 90=100.73 95=114.62 99=285.44 99.9=715.26 99.99=2596.86]
2025-04-23 02:46:29 127 sec: 1000000 operations; [READ: Count=500474 Max=57507.84 Min=1.91 Avg=44.72 10=6.44 25=24.34 50=35.62 75=54.34 90=92.16 95=102.02 99=177.92 99.9=513.28 99.99=899.07] [UPDATE: Count=499526 Max=60915.71 Min=6.49 Avg=55.59 10=13.35 25=33.25 50=43.13 75=63.01 90=100.73 95=114.62 99=285.44 99.9=715.26 99.99=2596.86]
2025-04-23 02:46:29 127 sec: 1000000 operations; [READ: Count=500474 Max=57507.84 Min=1.91 Avg=44.72 10=6.44 25=24.34 50=35.62 75=54.34 90=92.16 95=102.02 99=177.92 99.9=513.28 99.99=899.07] [UPDATE: Count=499526 Max=60915.71 Min=6.49 Avg=55.59 10=13.35 25=33.25 50=43.13 75=63.01 90=100.73 95=114.62 99=285.44 99.9=715.26 99.99=2596.86]
Run runtime(sec): 127.556
Run operations(ops): 1000000
Run throughput(ops/sec): 7839.69
