Running scope as unit: run-rcfa7cbf3d4b04ec39f5922513612b467.scope
load file:/home/user/DataFiles/silesia_data/silesia.tar
2025-04-23 02:53:07 0 sec: 0 operations;
2025-04-23 02:53:08 1 sec: 53320 operations; [INSERT: Count=53320 Max=3827.71 Min=4.68 Avg=14.70 10=8.26 25=10.09 50=13.14 75=17.82 90=22.62 95=25.76 99=32.64 99.9=60.93 99.99=265.98]
2025-04-23 02:53:09 2 sec: 109516 operations; [INSERT: Count=109516 Max=3827.71 Min=4.68 Avg=14.60 10=8.51 25=10.26 50=13.13 75=17.65 90=22.21 95=25.05 99=31.30 99.9=50.21 99.99=240.51]
2025-04-23 02:53:10 3 sec: 164666 operations; [INSERT: Count=164666 Max=3827.71 Min=4.68 Avg=14.68 10=8.67 25=10.38 50=13.23 75=17.71 90=22.21 95=25.02 99=31.05 99.9=49.02 99.99=238.08]
2025-04-23 02:53:11 4 sec: 218767 operations; [INSERT: Count=218767 Max=3827.71 Min=4.68 Avg=14.80 10=8.79 25=10.51 50=13.36 75=17.84 90=22.32 95=25.14 99=31.15 99.9=47.10 99.99=238.72]
2025-04-23 02:53:12 5 sec: 270828 operations; [INSERT: Count=270828 Max=20643.84 Min=4.68 Avg=14.99 10=8.90 25=10.63 50=13.49 75=17.97 90=22.48 95=25.33 99=31.50 99.9=46.11 99.99=242.56]
2025-04-23 02:53:13 6 sec: 324738 operations; [INSERT: Count=324738 Max=20643.84 Min=4.68 Avg=15.03 10=8.94 25=10.65 50=13.49 75=17.90 90=22.40 95=25.26 99=31.90 99.9=68.03 99.99=243.20]
2025-04-23 02:53:14 7 sec: 378975 operations; [INSERT: Count=378975 Max=20643.84 Min=4.68 Avg=15.05 10=9.00 25=10.71 50=13.53 75=17.90 90=22.35 95=25.18 99=31.65 99.9=70.21 99.99=242.56]
2025-04-23 02:53:15 8 sec: 432755 operations; [INSERT: Count=432755 Max=20643.84 Min=4.68 Avg=15.08 10=9.05 25=10.78 50=13.59 75=17.95 90=22.37 95=25.18 99=31.55 99.9=67.07 99.99=240.51]
2025-04-23 02:53:16 9 sec: 486865 operations; [INSERT: Count=486865 Max=20643.84 Min=4.58 Avg=15.09 10=8.99 25=10.74 50=13.59 75=17.98 90=22.45 95=25.30 99=31.79 99.9=64.80 99.99=250.88]
2025-04-23 02:53:17 10 sec: 539992 operations; [INSERT: Count=539992 Max=20643.84 Min=4.58 Avg=15.13 10=8.97 25=10.74 50=13.62 75=18.06 90=22.59 95=25.47 99=32.13 99.9=63.62 99.99=266.50]
2025-04-23 02:53:18 11 sec: 577593 operations; [INSERT: Count=577593 Max=20643.84 Min=4.58 Avg=15.61 10=9.04 25=10.85 50=13.86 75=18.53 90=23.42 95=26.83 99=36.51 99.9=97.47 99.99=286.46]
2025-04-23 02:53:19 12 sec: 612657 operations; [INSERT: Count=612657 Max=20643.84 Min=4.58 Avg=16.08 10=9.11 25=10.99 50=14.18 75=19.09 90=24.38 95=28.43 99=40.13 99.9=94.40 99.99=318.98]
2025-04-23 02:53:20 13 sec: 647775 operations; [INSERT: Count=647775 Max=20643.84 Min=4.58 Avg=16.51 10=9.19 25=11.13 50=14.48 75=19.60 90=25.30 95=29.82 99=42.30 99.9=91.78 99.99=369.41]
2025-04-23 02:53:21 14 sec: 683964 operations; [INSERT: Count=683964 Max=20643.84 Min=4.58 Avg=16.86 10=9.26 25=11.26 50=14.78 75=20.05 90=26.06 95=30.89 99=43.42 99.9=89.79 99.99=396.03]
2025-04-23 02:53:23 15 sec: 721243 operations; [INSERT: Count=721243 Max=20643.84 Min=4.58 Avg=17.14 10=9.34 25=11.39 50=15.03 75=20.43 90=26.66 95=31.63 99=44.03 99.9=91.01 99.99=399.62]
2025-04-23 02:53:24 16 sec: 754737 operations; [INSERT: Count=754737 Max=20643.84 Min=4.58 Avg=17.50 10=9.41 25=11.51 50=15.27 75=20.80 90=27.28 95=32.46 99=45.53 99.9=122.24 99.99=444.42]
2025-04-23 02:53:25 17 sec: 789243 operations; [INSERT: Count=789243 Max=20643.84 Min=4.58 Avg=17.81 10=9.47 25=11.63 50=15.51 75=21.15 90=27.84 95=33.15 99=46.49 99.9=128.06 99.99=470.01]
2025-04-23 02:53:26 18 sec: 818774 operations; [INSERT: Count=818774 Max=20643.84 Min=4.58 Avg=18.22 10=9.53 25=11.73 50=15.69 75=21.42 90=28.40 95=34.05 99=50.49 99.9=160.64 99.99=505.86]
2025-04-23 02:53:27 19 sec: 840352 operations; [INSERT: Count=840352 Max=27394.05 Min=4.58 Avg=18.84 10=9.55 25=11.77 50=15.77 75=21.58 90=28.82 95=34.91 99=56.73 99.9=185.85 99.99=572.41]
2025-04-23 02:53:28 20 sec: 884898 operations; [INSERT: Count=884898 Max=30818.30 Min=4.58 Avg=18.84 10=9.57 25=11.78 50=15.76 75=21.57 90=28.77 95=34.85 99=56.73 99.9=179.46 99.99=565.76]
2025-04-23 02:53:29 21 sec: 933537 operations; [INSERT: Count=933537 Max=30818.30 Min=4.58 Avg=18.69 10=9.52 25=11.71 50=15.67 75=21.44 90=28.61 95=34.59 99=55.55 99.9=174.08 99.99=556.03]
2025-04-23 02:53:30 22 sec: 997097 operations; [INSERT: Count=997097 Max=30818.30 Min=4.50 Avg=18.23 10=9.15 25=11.34 50=15.22 75=20.98 90=28.08 95=34.02 99=54.11 99.9=166.91 99.99=541.18]
2025-04-23 02:53:31 23 sec: 1000000 operations; [INSERT: Count=1000000 Max=30818.30 Min=4.26 Avg=18.21 10=9.12 25=11.31 50=15.20 75=20.96 90=28.06 95=33.98 99=54.11 99.9=166.91 99.99=541.18]
2025-04-23 02:53:32 24 sec: 1000000 operations; [INSERT: Count=1000000 Max=30818.30 Min=4.26 Avg=18.21 10=9.12 25=11.31 50=15.20 75=20.96 90=28.06 95=33.98 99=54.11 99.9=166.91 99.99=541.18]
2025-04-23 02:53:33 25 sec: 1000000 operations; [INSERT: Count=1000000 Max=30818.30 Min=4.26 Avg=18.21 10=9.12 25=11.31 50=15.20 75=20.96 90=28.06 95=33.98 99=54.11 99.9=166.91 99.99=541.18]
2025-04-23 02:53:34 26 sec: 1000000 operations; [INSERT: Count=1000000 Max=30818.30 Min=4.26 Avg=18.21 10=9.12 25=11.31 50=15.20 75=20.96 90=28.06 95=33.98 99=54.11 99.9=166.91 99.99=541.18]
2025-04-23 02:53:35 27 sec: 1000000 operations; [INSERT: Count=1000000 Max=30818.30 Min=4.26 Avg=18.21 10=9.12 25=11.31 50=15.20 75=20.96 90=28.06 95=33.98 99=54.11 99.9=166.91 99.99=541.18]
2025-04-23 02:53:36 28 sec: 1000000 operations; [INSERT: Count=1000000 Max=30818.30 Min=4.26 Avg=18.21 10=9.12 25=11.31 50=15.20 75=20.96 90=28.06 95=33.98 99=54.11 99.9=166.91 99.99=541.18]
2025-04-23 02:53:37 29 sec: 1000000 operations; [INSERT: Count=1000000 Max=30818.30 Min=4.26 Avg=18.21 10=9.12 25=11.31 50=15.20 75=20.96 90=28.06 95=33.98 99=54.11 99.9=166.91 99.99=541.18]
2025-04-23 02:53:37 29 sec: 1000000 operations; [INSERT: Count=1000000 Max=30818.30 Min=4.26 Avg=18.21 10=9.12 25=11.31 50=15.20 75=20.96 90=28.06 95=33.98 99=54.11 99.9=166.91 99.99=541.18]
Load runtime(sec): 29.4829
Load operations(ops): 1000000
Load throughput(ops/sec): 33918
