Running scope as unit: run-rf0e73818b8584e4b9e9cf1e0e035dbde.scope
load file:/home/user/DataFiles/silesia_data/silesia.tar
2025-04-21 20:59:04 0 sec: 0 operations;
2025-04-21 20:59:05 1 sec: 28604 operations; [INSERT: Count=28604 Max=6246.40 Min=5.05 Avg=30.94 10=13.47 25=18.41 50=27.10 75=39.30 90=52.77 95=61.76 99=81.92 99.9=121.34 99.99=261.50]
2025-04-21 20:59:06 2 sec: 56645 operations; [INSERT: Count=56645 Max=6246.40 Min=5.05 Avg=31.63 10=14.10 25=19.34 50=28.09 75=40.19 90=53.73 95=62.37 99=81.22 99.9=115.20 99.99=261.50]
2025-04-21 20:59:07 3 sec: 84920 operations; [INSERT: Count=84920 Max=6246.40 Min=5.05 Avg=31.76 10=14.36 25=19.52 50=28.25 75=40.32 90=53.79 95=62.49 99=80.83 99.9=111.74 99.99=274.43]
2025-04-21 20:59:08 4 sec: 113453 operations; [INSERT: Count=113453 Max=6246.40 Min=5.05 Avg=31.74 10=14.50 25=19.60 50=28.27 75=40.26 90=53.53 95=62.17 99=80.19 99.9=111.55 99.99=272.89]
2025-04-21 20:59:09 5 sec: 143950 operations; [INSERT: Count=143950 Max=6246.40 Min=5.05 Avg=31.24 10=14.43 25=19.36 50=27.82 75=39.55 90=52.41 95=60.99 99=78.78 99.9=111.10 99.99=271.36]
2025-04-21 20:59:10 6 sec: 173939 operations; [INSERT: Count=173939 Max=12410.88 Min=5.05 Avg=31.02 10=14.40 25=19.21 50=27.60 75=39.10 90=51.84 95=60.29 99=77.57 99.9=109.69 99.99=273.41]
2025-04-21 20:59:11 7 sec: 203933 operations; [INSERT: Count=203933 Max=12410.88 Min=5.05 Avg=30.87 10=14.41 25=19.18 50=27.49 75=38.88 90=51.52 95=59.84 99=77.12 99.9=107.20 99.99=272.13]
2025-04-21 20:59:12 8 sec: 234065 operations; [INSERT: Count=234065 Max=12410.88 Min=5.05 Avg=30.73 10=14.42 25=19.15 50=27.39 75=38.69 90=51.23 95=59.45 99=76.67 99.9=105.92 99.99=273.41]
2025-04-21 20:59:13 9 sec: 263894 operations; [INSERT: Count=263894 Max=12410.88 Min=5.05 Avg=30.66 10=14.46 25=19.15 50=27.34 75=38.59 90=51.04 95=59.20 99=76.22 99.9=105.86 99.99=273.41]
2025-04-21 20:59:14 10 sec: 289976 operations; [INSERT: Count=289976 Max=12410.88 Min=5.05 Avg=31.05 10=14.58 25=19.33 50=27.61 75=39.07 90=51.74 95=60.29 99=78.33 99.9=113.53 99.99=281.86]
2025-04-21 20:59:15 11 sec: 314127 operations; [INSERT: Count=314127 Max=12410.88 Min=5.05 Avg=31.58 10=14.73 25=19.57 50=28.03 75=39.74 90=52.80 95=61.73 99=81.28 99.9=119.30 99.99=284.67]
2025-04-21 20:59:16 12 sec: 336561 operations; [INSERT: Count=336561 Max=12410.88 Min=5.05 Avg=32.20 10=14.89 25=19.84 50=28.48 75=40.48 90=54.02 95=63.42 99=84.86 99.9=131.20 99.99=284.67]
2025-04-21 20:59:17 13 sec: 356714 operations; [INSERT: Count=356714 Max=12410.88 Min=5.05 Avg=32.97 10=15.00 25=20.05 50=28.88 75=41.22 90=55.36 95=65.44 99=89.79 99.9=160.13 99.99=333.82]
2025-04-21 20:59:18 14 sec: 376830 operations; [INSERT: Count=376830 Max=12410.88 Min=5.05 Avg=33.64 10=15.08 25=20.22 50=29.23 75=41.85 90=56.61 95=67.26 99=93.82 99.9=173.57 99.99=833.53]
2025-04-21 20:59:19 15 sec: 404704 operations; [INSERT: Count=404704 Max=12410.88 Min=5.05 Avg=33.56 10=15.12 25=20.24 50=29.23 75=41.79 90=56.38 95=66.88 99=92.99 99.9=173.31 99.99=788.99]
2025-04-21 20:59:20 16 sec: 429807 operations; [INSERT: Count=429807 Max=12410.88 Min=5.05 Avg=33.73 10=15.21 25=20.38 50=29.42 75=42.05 90=56.70 95=67.20 99=92.80 99.9=171.13 99.99=724.48]
2025-04-21 20:59:21 17 sec: 449978 operations; [INSERT: Count=449978 Max=12410.88 Min=5.05 Avg=34.28 10=15.36 25=20.64 50=29.90 75=42.72 90=57.79 95=68.61 99=94.97 99.9=169.60 99.99=698.88]
2025-04-21 20:59:22 18 sec: 462872 operations; [INSERT: Count=462872 Max=12410.88 Min=5.05 Avg=35.32 10=15.46 25=20.86 50=30.37 75=43.74 90=59.94 95=72.19 99=105.15 99.9=189.06 99.99=804.35]
2025-04-21 20:59:23 19 sec: 475229 operations; [INSERT: Count=475229 Max=12410.88 Min=5.05 Avg=36.34 10=15.56 25=21.09 50=30.85 75=44.77 90=62.21 95=76.03 99=115.33 99.9=200.32 99.99=833.53]
2025-04-21 20:59:24 20 sec: 490159 operations; [INSERT: Count=490159 Max=12410.88 Min=5.05 Avg=37.12 10=15.65 25=21.28 50=31.25 75=45.57 90=63.90 95=78.78 99=120.13 99.9=209.02 99.99=1046.53]
2025-04-21 20:59:25 21 sec: 508949 operations; [INSERT: Count=508949 Max=12410.88 Min=5.05 Avg=37.58 10=15.75 25=21.49 50=31.61 75=46.21 90=64.93 95=80.25 99=121.02 99.9=209.02 99.99=1046.53]
2025-04-21 20:59:26 22 sec: 527991 operations; [INSERT: Count=527991 Max=12410.88 Min=5.05 Avg=38.00 10=15.83 25=21.66 50=31.93 75=46.72 90=65.79 95=81.41 99=121.92 99.9=211.97 99.99=1169.41]
2025-04-21 20:59:27 23 sec: 548222 operations; [INSERT: Count=548222 Max=12410.88 Min=5.05 Avg=38.29 10=15.91 25=21.82 50=32.19 75=47.13 90=66.43 95=82.11 99=121.98 99.9=212.09 99.99=1119.23]
2025-04-21 20:59:28 24 sec: 570225 operations; [INSERT: Count=570225 Max=12410.88 Min=5.05 Avg=38.44 10=15.94 25=21.89 50=32.32 75=47.33 90=66.69 95=82.24 99=121.53 99.9=213.50 99.99=1276.93]
2025-04-21 20:59:29 25 sec: 624823 operations; [INSERT: Count=624823 Max=12410.88 Min=4.76 Avg=36.39 10=13.49 25=19.73 50=30.41 75=45.53 90=64.80 95=80.19 99=119.49 99.9=209.41 99.99=1386.49]
2025-04-21 20:59:30 26 sec: 703831 operations; [INSERT: Count=703831 Max=12410.88 Min=4.76 Avg=33.35 10=9.46 25=16.01 50=27.52 75=43.07 90=62.30 95=77.44 99=116.73 99.9=200.83 99.99=1169.41]
2025-04-21 20:59:31 27 sec: 775566 operations; [INSERT: Count=775566 Max=12410.88 Min=4.76 Avg=31.24 10=8.51 25=13.34 50=25.04 75=41.02 90=60.26 95=75.33 99=114.43 99.9=194.30 99.99=1042.43]
2025-04-21 20:59:32 28 sec: 849381 operations; [INSERT: Count=849381 Max=12410.88 Min=4.76 Avg=29.41 10=8.09 25=11.62 50=22.61 75=39.10 90=58.34 95=73.34 99=112.19 99.9=189.69 99.99=1030.14]
2025-04-21 20:59:33 29 sec: 922900 operations; [INSERT: Count=922900 Max=12410.88 Min=4.58 Avg=27.89 10=7.86 25=10.70 50=20.32 75=37.31 90=56.64 95=71.55 99=110.14 99.9=186.11 99.99=993.79]
2025-04-21 20:59:34 30 sec: 992452 operations; [INSERT: Count=992452 Max=12410.88 Min=4.58 Avg=26.71 10=7.76 25=10.16 50=18.37 75=35.74 90=55.13 95=69.95 99=108.42 99.9=184.70 99.99=925.70]
2025-04-21 20:59:35 31 sec: 1000000 operations; [INSERT: Count=1000000 Max=12410.88 Min=4.58 Avg=26.61 10=7.76 25=10.13 50=18.18 75=35.58 90=54.98 95=69.82 99=108.29 99.9=184.96 99.99=927.23]
2025-04-21 20:59:35 31 sec: 1000000 operations; [INSERT: Count=1000000 Max=12410.88 Min=4.58 Avg=26.61 10=7.76 25=10.13 50=18.18 75=35.58 90=54.98 95=69.82 99=108.29 99.9=184.96 99.99=927.23]
Load runtime(sec): 31.1558
Load operations(ops): 1000000
Load throughput(ops/sec): 32096.7
