Running scope as unit: run-rc3e2262656de44f5b3e522a0ea58c0b2.scope
load file:/home/user/DataFiles/silesia_data/silesia.tar
2025-04-21 20:59:04 0 sec: 0 operations;
2025-04-21 20:59:05 1 sec: 47658 operations; [INSERT: Count=47658 Max=1817.60 Min=4.07 Avg=17.41 10=4.98 25=5.97 50=8.91 75=24.80 90=40.73 95=50.88 99=71.55 99.9=126.59 99.99=261.76]
2025-04-21 20:59:06 2 sec: 75444 operations; [INSERT: Count=75444 Max=1817.60 Min=4.07 Avg=23.05 10=5.26 25=7.44 50=18.83 75=33.15 90=48.06 95=57.44 99=76.80 99.9=122.30 99.99=264.96]
2025-04-21 20:59:07 3 sec: 103550 operations; [INSERT: Count=103550 Max=1817.60 Min=4.07 Avg=25.55 10=5.65 25=9.74 50=22.40 75=35.65 90=49.79 95=59.01 99=77.89 99.9=124.80 99.99=267.52]
2025-04-21 20:59:08 4 sec: 131915 operations; [INSERT: Count=131915 Max=1817.60 Min=4.07 Avg=26.93 10=6.25 25=13.21 50=23.98 75=36.86 90=50.62 95=59.74 99=78.08 99.9=124.22 99.99=270.33]
2025-04-21 20:59:09 5 sec: 161831 operations; [INSERT: Count=161831 Max=1817.60 Min=4.07 Avg=27.52 10=6.86 25=14.81 50=24.66 75=37.12 90=50.49 95=59.42 99=77.25 99.9=120.45 99.99=270.08]
2025-04-21 20:59:10 6 sec: 191796 operations; [INSERT: Count=191796 Max=13295.61 Min=4.07 Avg=27.92 10=7.50 25=15.69 50=24.99 75=37.15 90=50.24 95=58.94 99=76.61 99.9=118.02 99.99=271.62]
2025-04-21 20:59:11 7 sec: 221704 operations; [INSERT: Count=221704 Max=13295.61 Min=4.07 Avg=28.22 10=8.22 25=16.30 50=25.33 75=37.25 90=50.21 95=58.78 99=76.35 99.9=113.02 99.99=270.33]
2025-04-21 20:59:12 8 sec: 251627 operations; [INSERT: Count=251627 Max=13295.61 Min=4.07 Avg=28.45 10=9.13 25=16.70 50=25.54 75=37.31 90=50.14 95=58.59 99=76.16 99.9=112.64 99.99=270.33]
2025-04-21 20:59:13 9 sec: 281906 operations; [INSERT: Count=281906 Max=13295.61 Min=4.07 Avg=28.59 10=10.05 25=17.01 50=25.68 75=37.34 90=50.02 95=58.30 99=75.71 99.9=111.36 99.99=270.08]
2025-04-21 20:59:14 10 sec: 309082 operations; [INSERT: Count=309082 Max=13295.61 Min=4.07 Avg=29.02 10=10.75 25=17.36 50=26.03 75=37.76 90=50.53 95=59.07 99=76.86 99.9=112.58 99.99=272.89]
2025-04-21 20:59:15 11 sec: 332362 operations; [INSERT: Count=332362 Max=20791.29 Min=4.07 Avg=29.76 10=11.29 25=17.74 50=26.54 75=38.56 90=51.71 95=60.58 99=79.94 99.9=121.73 99.99=280.06]
2025-04-21 20:59:16 12 sec: 356027 operations; [INSERT: Count=356027 Max=20791.29 Min=4.07 Avg=30.37 10=11.75 25=18.13 50=27.05 75=39.30 90=52.77 95=61.92 99=81.98 99.9=122.75 99.99=281.09]
2025-04-21 20:59:17 13 sec: 378180 operations; [INSERT: Count=378180 Max=20791.29 Min=4.07 Avg=31.04 10=12.10 25=18.41 50=27.50 75=39.97 90=53.92 95=63.52 99=85.50 99.9=136.32 99.99=338.69]
2025-04-21 20:59:18 14 sec: 400759 operations; [INSERT: Count=400759 Max=20791.29 Min=4.07 Avg=31.60 10=12.38 25=18.66 50=27.84 75=40.48 90=54.72 95=64.64 99=87.55 99.9=153.98 99.99=433.66]
2025-04-21 20:59:19 15 sec: 427446 operations; [INSERT: Count=427446 Max=20791.29 Min=4.07 Avg=31.76 10=12.65 25=18.82 50=27.98 75=40.61 90=54.78 95=64.64 99=87.36 99.9=156.41 99.99=694.78]
2025-04-21 20:59:20 16 sec: 454170 operations; [INSERT: Count=454170 Max=20791.29 Min=4.07 Avg=31.90 10=12.91 25=18.99 50=28.13 75=40.73 90=54.85 95=64.64 99=87.10 99.9=155.26 99.99=666.11]
2025-04-21 20:59:21 17 sec: 476358 operations; [INSERT: Count=476358 Max=20791.29 Min=4.07 Avg=32.36 10=13.13 25=19.23 50=28.51 75=41.28 90=55.71 95=65.92 99=88.64 99.9=155.01 99.99=553.47]
2025-04-21 20:59:22 18 sec: 496400 operations; [INSERT: Count=496400 Max=20791.29 Min=4.07 Avg=32.94 10=13.33 25=19.49 50=28.94 75=41.98 90=56.86 95=67.45 99=91.39 99.9=155.13 99.99=637.44]
2025-04-21 20:59:23 19 sec: 515968 operations; [INSERT: Count=515968 Max=20791.29 Min=4.07 Avg=33.50 10=13.52 25=19.74 50=29.36 75=42.66 90=58.02 95=69.06 99=93.95 99.9=158.72 99.99=637.44]
2025-04-21 20:59:24 20 sec: 535260 operations; [INSERT: Count=535260 Max=20791.29 Min=4.07 Avg=34.04 10=13.70 25=19.97 50=29.74 75=43.23 90=59.04 95=70.40 99=96.00 99.9=160.13 99.99=694.78]
2025-04-21 20:59:25 21 sec: 554129 operations; [INSERT: Count=554129 Max=20791.29 Min=4.07 Avg=34.57 10=13.84 25=20.18 50=30.08 75=43.84 90=60.09 95=71.87 99=98.88 99.9=170.75 99.99=878.08]
2025-04-21 20:59:26 22 sec: 573305 operations; [INSERT: Count=573305 Max=20791.29 Min=4.07 Avg=35.05 10=13.98 25=20.38 50=30.41 75=44.38 90=60.99 95=73.09 99=101.06 99.9=181.63 99.99=1021.44]
2025-04-21 20:59:27 23 sec: 592867 operations; [INSERT: Count=592867 Max=20791.29 Min=4.07 Avg=35.47 10=14.12 25=20.57 50=30.73 75=44.90 90=61.82 95=74.24 99=102.66 99.9=186.11 99.99=1021.44]
2025-04-21 20:59:28 24 sec: 613525 operations; [INSERT: Count=613525 Max=20791.29 Min=4.07 Avg=35.80 10=14.25 25=20.75 50=30.98 75=45.25 90=62.40 95=75.01 99=103.36 99.9=187.65 99.99=1086.46]
2025-04-21 20:59:29 25 sec: 655535 operations; [INSERT: Count=655535 Max=20791.29 Min=4.07 Avg=34.82 10=12.96 25=19.63 50=29.95 75=44.32 90=61.50 95=74.05 99=102.53 99.9=187.01 99.99=1165.31]
2025-04-21 20:59:30 26 sec: 729144 operations; [INSERT: Count=729144 Max=20791.29 Min=4.07 Avg=32.35 10=9.45 25=16.43 50=27.50 75=42.27 90=59.55 95=72.13 99=100.80 99.9=170.75 99.99=1051.65]
2025-04-21 20:59:31 27 sec: 799916 operations; [INSERT: Count=799916 Max=20791.29 Min=4.07 Avg=30.45 10=8.58 25=13.92 50=25.26 75=40.45 90=57.85 95=70.53 99=99.26 99.9=163.20 99.99=965.12]
2025-04-21 20:59:32 28 sec: 869413 operations; [INSERT: Count=869413 Max=20791.29 Min=4.07 Avg=28.91 10=8.25 25=12.29 50=23.20 75=38.78 90=56.29 95=69.12 99=97.92 99.9=159.10 99.99=943.62]
2025-04-21 20:59:33 29 sec: 938072 operations; [INSERT: Count=938072 Max=20791.29 Min=4.07 Avg=27.61 10=7.98 25=11.29 50=21.33 75=37.22 90=54.91 95=67.78 99=96.77 99.9=155.52 99.99=878.08]
2025-04-21 20:59:34 30 sec: 979781 operations; [INSERT: Count=979781 Max=20791.29 Min=4.07 Avg=27.31 10=8.05 25=11.39 50=21.02 75=36.61 90=54.21 95=67.07 99=96.13 99.9=156.67 99.99=873.98]
2025-04-21 20:59:35 30 sec: 1000000 operations; [INSERT: Count=1000000 Max=20791.29 Min=4.07 Avg=27.16 10=8.07 25=11.40 50=20.82 75=36.29 90=53.85 95=66.75 99=95.87 99.9=156.67 99.99=877.05]
Load runtime(sec): 30.9862
Load operations(ops): 1000000
Load throughput(ops/sec): 32272.5
