Running scope as unit: run-r461cc6943a8841e7895a5cc000cf44f5.scope
load file:/home/user/DataFiles/silesia_data/silesia.tar
2025-04-19 13:29:58 0 sec: 0 operations;
2025-04-19 13:29:59 1 sec: 47968 operations; [INSERT: Count=47968 Max=1555.45 Min=4.03 Avg=17.21 10=5.03 25=6.23 50=9.64 75=23.76 90=38.62 95=48.90 99=72.38 99.9=109.57 99.99=364.54]
2025-04-19 13:30:00 2 sec: 72369 operations; [INSERT: Count=72369 Max=1555.45 Min=4.03 Avg=24.12 10=5.32 25=7.61 50=19.57 75=34.43 90=50.75 95=61.47 99=82.43 99.9=112.70 99.99=373.25]
2025-04-19 13:30:01 3 sec: 96755 operations; [INSERT: Count=96755 Max=1555.45 Min=4.03 Avg=27.55 10=5.73 25=9.70 50=24.19 75=38.59 90=54.75 95=64.93 99=84.80 99.9=116.16 99.99=376.06]
2025-04-19 13:30:02 4 sec: 121370 operations; [INSERT: Count=121370 Max=1555.45 Min=4.03 Avg=29.54 10=6.26 25=13.82 50=26.51 75=40.73 90=56.51 95=66.37 99=85.95 99.9=116.29 99.99=374.53]
2025-04-19 13:30:03 5 sec: 146180 operations; [INSERT: Count=146180 Max=1555.45 Min=4.03 Avg=30.81 10=6.81 25=16.26 50=27.87 75=41.89 90=57.44 95=67.14 99=86.27 99.9=118.08 99.99=373.25]
2025-04-19 13:30:04 6 sec: 170589 operations; [INSERT: Count=170589 Max=23887.87 Min=4.03 Avg=31.78 10=7.36 25=17.60 50=28.56 75=42.40 90=57.70 95=67.33 99=86.40 99.9=118.66 99.99=377.86]
2025-04-19 13:30:05 7 sec: 196102 operations; [INSERT: Count=196102 Max=23887.87 Min=4.03 Avg=32.31 10=8.00 25=18.50 50=29.09 75=42.85 90=57.92 95=67.45 99=86.40 99.9=117.50 99.99=377.86]
2025-04-19 13:30:06 8 sec: 222019 operations; [INSERT: Count=222019 Max=23887.87 Min=4.03 Avg=32.66 10=8.83 25=19.09 50=29.41 75=43.04 90=57.95 95=67.39 99=86.14 99.9=116.16 99.99=376.06]
2025-04-19 13:30:07 9 sec: 248144 operations; [INSERT: Count=248144 Max=23887.87 Min=4.03 Avg=32.91 10=9.88 25=19.54 50=29.65 75=43.13 90=57.92 95=67.33 99=85.95 99.9=116.29 99.99=374.53]
2025-04-19 13:30:08 10 sec: 274450 operations; [INSERT: Count=274450 Max=23887.87 Min=4.03 Avg=33.08 10=11.15 25=19.89 50=29.81 75=43.17 90=57.82 95=67.14 99=85.76 99.9=116.16 99.99=368.89]
2025-04-19 13:30:09 11 sec: 300673 operations; [INSERT: Count=300673 Max=23887.87 Min=4.03 Avg=33.23 10=12.17 25=20.14 50=29.92 75=43.26 90=57.76 95=67.01 99=85.57 99.9=116.09 99.99=367.87]
2025-04-19 13:30:10 12 sec: 326560 operations; [INSERT: Count=326560 Max=23887.87 Min=4.03 Avg=33.39 10=12.88 25=20.37 50=30.06 75=43.33 90=57.73 95=66.94 99=85.44 99.9=115.78 99.99=368.64]
2025-04-19 13:30:11 13 sec: 352656 operations; [INSERT: Count=352656 Max=23887.87 Min=4.03 Avg=33.51 10=13.38 25=20.54 50=30.18 75=43.36 90=57.73 95=66.88 99=85.31 99.9=115.65 99.99=367.87]
2025-04-19 13:30:12 14 sec: 379166 operations; [INSERT: Count=379166 Max=23887.87 Min=4.03 Avg=33.58 10=13.78 25=20.69 50=30.24 75=43.36 90=57.60 95=66.75 99=85.18 99.9=116.09 99.99=365.82]
2025-04-19 13:30:13 15 sec: 405726 operations; [INSERT: Count=405726 Max=23887.87 Min=4.03 Avg=33.63 10=14.10 25=20.78 50=30.27 75=43.33 90=57.53 95=66.62 99=84.99 99.9=116.09 99.99=363.26]
2025-04-19 13:30:14 16 sec: 430598 operations; [INSERT: Count=430598 Max=23887.87 Min=4.03 Avg=33.81 10=14.38 25=20.96 50=30.41 75=43.52 90=57.70 95=66.81 99=85.31 99.9=117.25 99.99=364.54]
2025-04-19 13:30:15 17 sec: 448386 operations; [INSERT: Count=448386 Max=23887.87 Min=4.03 Avg=34.49 10=14.62 25=21.26 50=30.89 75=44.29 90=58.91 95=68.48 99=88.96 99.9=133.76 99.99=367.62]
2025-04-19 13:30:16 18 sec: 468400 operations; [INSERT: Count=468400 Max=23887.87 Min=4.03 Avg=34.95 10=14.85 25=21.49 50=31.21 75=44.80 90=59.68 95=69.50 99=91.01 99.9=139.13 99.99=378.11]
2025-04-19 13:30:17 19 sec: 487726 operations; [INSERT: Count=487726 Max=23887.87 Min=4.03 Avg=35.43 10=15.05 25=21.71 50=31.57 75=45.31 90=60.54 95=70.72 99=93.38 99.9=145.53 99.99=385.28]
2025-04-19 13:30:18 20 sec: 507506 operations; [INSERT: Count=507506 Max=23887.87 Min=4.03 Avg=35.83 10=15.24 25=21.92 50=31.87 75=45.79 90=61.25 95=71.68 99=95.17 99.9=148.35 99.99=400.64]
2025-04-19 13:30:19 21 sec: 528156 operations; [INSERT: Count=528156 Max=23887.87 Min=4.03 Avg=36.14 10=15.41 25=22.09 50=32.11 75=46.14 90=61.76 95=72.32 99=96.38 99.9=150.78 99.99=423.17]
2025-04-19 13:30:20 22 sec: 547092 operations; [INSERT: Count=547092 Max=23887.87 Min=4.03 Avg=36.55 10=15.58 25=22.30 50=32.41 75=46.62 90=62.49 95=73.28 99=98.62 99.9=154.50 99.99=436.22]
2025-04-19 13:30:21 23 sec: 568762 operations; [INSERT: Count=568762 Max=23887.87 Min=4.03 Avg=36.73 10=15.74 25=22.46 50=32.58 75=46.85 90=62.78 95=73.53 99=98.81 99.9=154.11 99.99=440.57]
2025-04-19 13:30:22 24 sec: 591793 operations; [INSERT: Count=591793 Max=23887.87 Min=4.03 Avg=36.81 10=15.89 25=22.56 50=32.64 75=46.88 90=62.81 95=73.53 99=98.75 99.9=153.09 99.99=460.03]
2025-04-19 13:30:23 25 sec: 615032 operations; [INSERT: Count=615032 Max=23887.87 Min=4.03 Avg=36.86 10=16.02 25=22.64 50=32.69 75=46.91 90=62.81 95=73.53 99=98.69 99.9=152.70 99.99=470.27]
2025-04-19 13:30:24 26 sec: 637931 operations; [INSERT: Count=637931 Max=23887.87 Min=4.03 Avg=36.93 10=16.14 25=22.70 50=32.75 75=46.98 90=62.85 95=73.60 99=98.81 99.9=153.34 99.99=484.61]
2025-04-19 13:30:25 27 sec: 660550 operations; [INSERT: Count=660550 Max=23887.87 Min=4.03 Avg=37.02 10=16.25 25=22.80 50=32.83 75=47.07 90=62.91 95=73.66 99=98.88 99.9=154.11 99.99=497.92]
2025-04-19 13:30:26 28 sec: 683860 operations; [INSERT: Count=683860 Max=23887.87 Min=4.03 Avg=37.06 10=16.35 25=22.85 50=32.83 75=47.07 90=62.91 95=73.60 99=98.94 99.9=154.37 99.99=502.01]
2025-04-19 13:30:27 29 sec: 707556 operations; [INSERT: Count=707556 Max=23887.87 Min=4.03 Avg=37.07 10=16.45 25=22.88 50=32.83 75=47.04 90=62.81 95=73.53 99=98.94 99.9=154.50 99.99=505.86]
2025-04-19 13:30:28 30 sec: 730817 operations; [INSERT: Count=730817 Max=23887.87 Min=4.03 Avg=37.12 10=16.46 25=22.86 50=32.80 75=47.01 90=62.88 95=73.66 99=99.71 99.9=164.99 99.99=539.13]
2025-04-19 13:30:29 31 sec: 758931 operations; [INSERT: Count=758931 Max=23887.87 Min=4.03 Avg=36.94 10=16.33 25=22.66 50=32.54 75=46.72 90=62.59 95=73.47 99=99.78 99.9=177.92 99.99=556.03]
2025-04-19 13:30:30 32 sec: 784727 operations; [INSERT: Count=784727 Max=23887.87 Min=4.03 Avg=36.90 10=16.20 25=22.48 50=32.38 75=46.59 90=62.56 95=73.53 99=100.42 99.9=200.96 99.99=638.46]
2025-04-19 13:30:31 33 sec: 818328 operations; [INSERT: Count=818328 Max=23887.87 Min=4.03 Avg=36.47 10=15.98 25=22.16 50=31.95 75=46.02 90=61.95 95=72.89 99=99.65 99.9=196.48 99.99=627.20]
2025-04-19 13:30:32 34 sec: 850747 operations; [INSERT: Count=850747 Max=23887.87 Min=4.03 Avg=36.13 10=15.85 25=21.92 50=31.61 75=45.57 90=61.44 95=72.38 99=98.94 99.9=193.28 99.99=616.45]
2025-04-19 13:30:33 35 sec: 880702 operations; [INSERT: Count=880702 Max=23887.87 Min=4.03 Avg=35.92 10=15.80 25=21.81 50=31.44 75=45.28 90=61.05 95=71.94 99=98.37 99.9=190.85 99.99=600.06]
2025-04-19 13:30:34 36 sec: 907849 operations; [INSERT: Count=907849 Max=23887.87 Min=4.03 Avg=35.85 10=15.80 25=21.77 50=31.39 75=45.18 90=60.90 95=71.74 99=97.86 99.9=189.69 99.99=599.04]
2025-04-19 13:30:35 37 sec: 934810 operations; [INSERT: Count=934810 Max=23887.87 Min=4.03 Avg=35.80 10=15.77 25=21.73 50=31.34 75=45.12 90=60.80 95=71.61 99=97.60 99.9=188.93 99.99=601.09]
2025-04-19 13:30:36 38 sec: 963143 operations; [INSERT: Count=963143 Max=23887.87 Min=4.03 Avg=35.69 10=15.73 25=21.66 50=31.25 75=44.99 90=60.64 95=71.36 99=97.22 99.9=185.34 99.99=600.06]
2025-04-19 13:30:37 39 sec: 993835 operations; [INSERT: Count=993835 Max=23887.87 Min=4.03 Avg=35.49 10=15.63 25=21.54 50=31.05 75=44.73 90=60.32 95=71.04 99=96.77 99.9=186.37 99.99=598.01]
2025-04-19 13:30:38 40 sec: 1000000 operations; [INSERT: Count=1000000 Max=23887.87 Min=4.03 Avg=35.42 10=15.58 25=21.47 50=30.99 75=44.67 90=60.22 95=70.91 99=96.64 99.9=186.75 99.99=595.97]
2025-04-19 13:30:39 41 sec: 1000000 operations; [INSERT: Count=1000000 Max=23887.87 Min=4.03 Avg=35.42 10=15.58 25=21.47 50=30.99 75=44.67 90=60.22 95=70.91 99=96.64 99.9=186.75 99.99=595.97]
2025-04-19 13:30:40 42 sec: 1000000 operations; [INSERT: Count=1000000 Max=23887.87 Min=4.03 Avg=35.42 10=15.58 25=21.47 50=30.99 75=44.67 90=60.22 95=70.91 99=96.64 99.9=186.75 99.99=595.97]
2025-04-19 13:30:41 43 sec: 1000000 operations; [INSERT: Count=1000000 Max=23887.87 Min=4.03 Avg=35.42 10=15.58 25=21.47 50=30.99 75=44.67 90=60.22 95=70.91 99=96.64 99.9=186.75 99.99=595.97]
2025-04-19 13:30:42 44 sec: 1000000 operations; [INSERT: Count=1000000 Max=23887.87 Min=4.03 Avg=35.42 10=15.58 25=21.47 50=30.99 75=44.67 90=60.22 95=70.91 99=96.64 99.9=186.75 99.99=595.97]
2025-04-19 13:30:43 45 sec: 1000000 operations; [INSERT: Count=1000000 Max=23887.87 Min=4.03 Avg=35.42 10=15.58 25=21.47 50=30.99 75=44.67 90=60.22 95=70.91 99=96.64 99.9=186.75 99.99=595.97]
2025-04-19 13:30:44 46 sec: 1000000 operations; [INSERT: Count=1000000 Max=23887.87 Min=4.03 Avg=35.42 10=15.58 25=21.47 50=30.99 75=44.67 90=60.22 95=70.91 99=96.64 99.9=186.75 99.99=595.97]
2025-04-19 13:30:44 46 sec: 1000000 operations; [INSERT: Count=1000000 Max=23887.87 Min=4.03 Avg=35.42 10=15.58 25=21.47 50=30.99 75=44.67 90=60.22 95=70.91 99=96.64 99.9=186.75 99.99=595.97]
Load runtime(sec): 46.1877
Load operations(ops): 1000000
Load throughput(ops/sec): 21650.8
