Running scope as unit: run-r6c0de1b562574ad788d49cb144222f02.scope
load file:/home/user/DataFiles/silesia_data/silesia.tar
2025-04-22 18:43:22 0 sec: 0 operations;
2025-04-22 18:43:23 1 sec: 0 operations;
2025-04-22 18:43:24 2 sec: 0 operations;
2025-04-22 18:43:25 3 sec: 0 operations;
2025-04-22 18:43:26 4 sec: 0 operations;
2025-04-22 18:43:27 5 sec: 0 operations;
2025-04-22 18:43:28 6 sec: 0 operations;
2025-04-22 18:43:29 7 sec: 0 operations;
2025-04-22 18:43:30 8 sec: 0 operations;
2025-04-22 18:43:31 9 sec: 0 operations;
2025-04-22 18:43:32 10 sec: 0 operations;
2025-04-22 18:43:33 11 sec: 13360 operations; [READ: Count=8890 Max=1558.53 Min=2.59 Avg=89.53 10=31.12 25=46.88 50=71.68 75=119.42 90=158.46 95=185.34 99=307.71 99.9=867.84 99.99=1544.19] [UPDATE: Count=4470 Max=2437.12 Min=6.41 Avg=14.61 10=10.21 25=10.99 50=12.34 75=13.78 90=15.70 95=16.96 99=21.66 99.9=372.22 99.99=2437.12]
2025-04-22 18:43:34 12 sec: 34445 operations; [READ: Count=23004 Max=1558.53 Min=2.59 Avg=73.01 10=25.60 25=41.63 50=57.50 75=97.02 90=133.38 95=153.73 99=230.53 99.9=757.76 99.99=1287.17] [UPDATE: Count=11441 Max=2627.58 Min=6.41 Avg=14.67 10=10.45 25=11.29 50=12.67 75=14.33 90=16.45 95=17.68 99=23.09 99.9=229.25 99.99=2437.12]
2025-04-22 18:43:35 13 sec: 55690 operations; [READ: Count=37194 Max=1558.53 Min=2.58 Avg=69.05 10=25.52 25=41.79 50=53.34 75=84.61 90=128.90 95=143.87 99=205.57 99.9=672.25 99.99=1150.97] [UPDATE: Count=18496 Max=2627.58 Min=6.41 Avg=14.32 10=10.55 25=11.46 50=12.86 75=14.52 90=16.69 95=18.00 99=22.83 99.9=184.83 99.99=2424.83]
2025-04-22 18:43:36 14 sec: 74483 operations; [READ: Count=49788 Max=1558.53 Min=2.58 Avg=69.44 10=25.25 25=41.76 50=51.20 75=79.36 90=128.38 95=144.00 99=268.03 99.9=839.17 99.99=1150.97] [UPDATE: Count=24695 Max=3450.88 Min=6.41 Avg=14.72 10=10.60 25=11.51 50=12.89 75=14.60 90=16.77 95=18.08 99=22.86 99.9=214.01 99.99=2627.58]
2025-04-22 18:43:37 15 sec: 96172 operations; [READ: Count=64267 Max=1558.53 Min=2.58 Avg=67.61 10=25.21 25=41.89 50=50.37 75=74.37 90=126.85 95=140.67 99=243.71 99.9=822.27 99.99=1142.78] [UPDATE: Count=31905 Max=3450.88 Min=6.41 Avg=14.47 10=10.62 25=11.54 50=12.92 75=14.63 90=16.83 95=18.08 99=22.43 99.9=194.56 99.99=2437.12]
2025-04-22 18:43:38 16 sec: 118691 operations; [READ: Count=79331 Max=1558.53 Min=2.43 Avg=65.85 10=24.96 25=41.76 50=49.76 75=71.74 90=125.44 95=138.11 99=224.38 99.9=796.67 99.99=1122.30] [UPDATE: Count=39360 Max=3450.88 Min=6.41 Avg=14.42 10=10.61 25=11.56 50=12.95 75=14.70 90=16.88 95=18.14 99=22.25 99.9=188.03 99.99=2437.12]
2025-04-22 18:43:39 17 sec: 142612 operations; [READ: Count=95226 Max=2138.11 Min=2.43 Avg=63.99 10=23.65 25=35.58 50=47.36 75=68.93 90=123.20 95=136.19 99=288.77 99.9=939.01 99.99=1287.17] [UPDATE: Count=47386 Max=8421.38 Min=6.38 Avg=14.41 10=10.36 25=11.41 50=12.83 75=14.58 90=16.82 95=18.14 99=22.45 99.9=184.32 99.99=2627.58]
2025-04-22 18:43:40 18 sec: 173313 operations; [READ: Count=115691 Max=2138.11 Min=2.43 Avg=59.78 10=23.02 25=28.03 50=45.73 75=66.30 90=119.36 95=132.86 99=257.28 99.9=904.70 99.99=1281.02] [UPDATE: Count=57622 Max=8421.38 Min=6.38 Avg=14.58 10=10.18 25=11.29 50=12.72 75=14.52 90=16.78 95=18.18 99=22.94 99.9=201.60 99.99=2508.80]
2025-04-22 18:43:41 19 sec: 207320 operations; [READ: Count=138314 Max=2138.11 Min=2.43 Avg=55.97 10=22.62 25=26.67 50=44.54 75=63.65 90=113.66 95=129.66 99=220.16 99.9=877.05 99.99=1255.42] [UPDATE: Count=69006 Max=8421.38 Min=6.38 Avg=14.37 10=10.09 25=11.19 50=12.64 75=14.48 90=16.77 95=18.24 99=23.17 99.9=197.89 99.99=2508.80]
2025-04-22 18:43:42 20 sec: 241319 operations; [READ: Count=161008 Max=2138.11 Min=2.36 Avg=53.18 10=22.37 25=26.09 50=43.71 75=60.48 90=107.20 95=127.36 99=198.91 99.9=856.06 99.99=1218.56] [UPDATE: Count=80311 Max=8421.38 Min=6.38 Avg=14.30 10=10.04 25=11.13 50=12.58 75=14.45 90=16.77 95=18.27 99=23.20 99.9=199.29 99.99=2627.58]
2025-04-22 18:43:43 21 sec: 276635 operations; [READ: Count=184633 Max=3332.09 Min=2.28 Avg=50.83 10=22.13 25=25.76 50=42.94 75=54.66 90=100.54 95=125.18 99=186.88 99.9=843.26 99.99=1213.44] [UPDATE: Count=92002 Max=8421.38 Min=6.31 Avg=14.16 10=9.99 25=11.07 50=12.53 75=14.43 90=16.77 95=18.32 99=23.26 99.9=199.29 99.99=2508.80]
2025-04-22 18:43:44 22 sec: 312631 operations; [READ: Count=208556 Max=3332.09 Min=2.28 Avg=48.94 10=21.84 25=25.50 50=42.17 75=51.74 90=87.36 95=122.94 99=176.51 99.9=839.17 99.99=1367.04] [UPDATE: Count=104075 Max=8421.38 Min=6.31 Avg=14.00 10=9.94 25=11.01 50=12.48 75=14.39 90=16.73 95=18.30 99=23.28 99.9=194.81 99.99=2465.79]
2025-04-22 18:43:45 23 sec: 349219 operations; [READ: Count=232951 Max=3332.09 Min=2.28 Avg=47.32 10=21.65 25=25.41 50=41.50 75=50.56 90=78.27 95=120.45 99=167.29 99.9=808.96 99.99=1357.82] [UPDATE: Count=116268 Max=8421.38 Min=6.31 Avg=13.92 10=9.92 25=10.97 50=12.45 75=14.38 90=16.73 95=18.32 99=23.34 99.9=194.56 99.99=2424.83]
2025-04-22 18:43:46 24 sec: 386136 operations; [READ: Count=257533 Max=3332.09 Min=2.28 Avg=45.95 10=21.41 25=25.33 50=40.73 75=49.89 90=72.00 95=117.69 99=160.64 99.9=790.53 99.99=1281.02] [UPDATE: Count=128603 Max=8421.38 Min=6.31 Avg=13.87 10=9.90 25=10.94 50=12.43 75=14.38 90=16.73 95=18.34 99=23.41 99.9=194.18 99.99=2424.83]
2025-04-22 18:43:47 25 sec: 422968 operations; [READ: Count=282156 Max=3332.09 Min=2.28 Avg=44.83 10=21.10 25=25.28 50=39.81 75=49.50 90=69.63 95=114.37 99=156.03 99.9=771.58 99.99=1255.42] [UPDATE: Count=140812 Max=8421.38 Min=6.31 Avg=13.80 10=9.89 25=10.92 50=12.41 75=14.38 90=16.75 95=18.37 99=23.50 99.9=193.15 99.99=2308.09]
2025-04-22 18:43:48 26 sec: 459891 operations; [READ: Count=306751 Max=3332.09 Min=2.28 Avg=43.87 10=20.64 25=25.23 50=38.40 75=49.25 90=68.09 95=110.66 99=152.45 99.9=744.96 99.99=1218.56] [UPDATE: Count=153140 Max=8421.38 Min=6.31 Avg=13.78 10=9.87 25=10.89 50=12.41 75=14.38 90=16.77 95=18.41 99=23.60 99.9=192.90 99.99=2308.09]
2025-04-22 18:43:49 27 sec: 496575 operations; [READ: Count=331262 Max=3332.09 Min=2.28 Avg=43.03 10=19.76 25=25.17 50=35.71 75=49.02 90=67.01 95=107.01 99=149.76 99.9=727.04 99.99=1200.13] [UPDATE: Count=165313 Max=15269.89 Min=6.31 Avg=13.85 10=9.85 25=10.88 50=12.39 75=14.38 90=16.78 95=18.43 99=23.70 99.9=192.77 99.99=2217.98]
2025-04-22 18:43:50 28 sec: 534768 operations; [READ: Count=356643 Max=3332.09 Min=2.28 Avg=42.23 10=12.91 25=25.09 50=33.70 75=48.80 90=65.92 95=103.17 99=147.33 99.9=707.58 99.99=1184.77] [UPDATE: Count=178125 Max=15269.89 Min=6.31 Avg=13.79 10=9.83 25=10.86 50=12.38 75=14.38 90=16.78 95=18.45 99=23.71 99.9=188.80 99.99=2195.45]
2025-04-22 18:43:51 29 sec: 573520 operations; [READ: Count=382525 Max=3332.09 Min=2.28 Avg=41.48 10=10.29 25=24.99 50=32.48 75=48.54 90=64.99 95=98.88 99=145.15 99.9=691.20 99.99=1172.48] [UPDATE: Count=190995 Max=15269.89 Min=6.31 Avg=13.76 10=9.80 25=10.83 50=12.37 75=14.38 90=16.77 95=18.46 99=23.79 99.9=188.03 99.99=2107.39]
2025-04-22 18:43:52 30 sec: 626543 operations; [READ: Count=417774 Max=3332.09 Min=2.26 Avg=39.81 10=8.65 25=24.59 50=29.82 75=47.74 90=63.49 95=87.74 99=142.59 99.9=669.18 99.99=1150.97] [UPDATE: Count=208769 Max=15269.89 Min=6.30 Avg=13.55 10=9.65 25=10.62 50=12.21 75=14.20 90=16.59 95=18.27 99=23.63 99.9=185.09 99.99=1774.59]
2025-04-22 18:43:53 31 sec: 682171 operations; [READ: Count=454887 Max=3332.09 Min=2.26 Avg=38.23 10=7.58 25=24.08 50=28.46 75=46.98 90=61.79 95=81.02 99=140.29 99.9=645.63 99.99=1142.78] [UPDATE: Count=227284 Max=15269.89 Min=6.30 Avg=13.36 10=9.53 25=10.45 50=12.06 75=14.02 90=16.41 95=18.09 99=23.47 99.9=183.17 99.99=1579.01]
2025-04-22 18:43:54 32 sec: 737477 operations; [READ: Count=491740 Max=3332.09 Min=2.07 Avg=36.91 10=6.92 25=23.68 50=27.60 75=46.24 90=59.94 95=75.78 99=138.11 99.9=617.98 99.99=1122.30] [UPDATE: Count=245737 Max=15269.89 Min=6.30 Avg=13.22 10=9.43 25=10.31 50=11.93 75=13.86 90=16.25 95=17.93 99=23.33 99.9=192.13 99.99=1483.78]
2025-04-22 18:43:55 33 sec: 786866 operations; [READ: Count=524731 Max=3332.09 Min=1.98 Avg=36.08 10=6.51 25=23.41 50=27.05 75=45.60 90=58.34 95=73.73 99=136.83 99.9=635.90 99.99=1357.82] [UPDATE: Count=262135 Max=15269.89 Min=6.30 Avg=13.10 10=9.37 25=10.21 50=11.81 75=13.73 90=16.11 95=17.79 99=23.18 99.9=198.78 99.99=1472.51]
2025-04-22 18:43:56 34 sec: 840429 operations; [READ: Count=560378 Max=3332.09 Min=1.98 Avg=35.15 10=6.17 25=23.17 50=26.62 75=44.96 90=56.83 95=72.70 99=135.29 99.9=609.28 99.99=1285.12] [UPDATE: Count=280051 Max=15269.89 Min=6.30 Avg=12.99 10=9.29 25=10.14 50=11.69 75=13.62 90=15.97 95=17.65 99=23.04 99.9=203.65 99.99=1459.20]
2025-04-22 18:43:57 35 sec: 893457 operations; [READ: Count=595773 Max=3332.09 Min=1.98 Avg=34.35 10=5.93 25=22.98 50=26.29 75=44.32 90=55.71 95=72.25 99=133.89 99.9=584.19 99.99=1255.42] [UPDATE: Count=297684 Max=15269.89 Min=6.30 Avg=12.89 10=9.23 25=10.09 50=11.57 75=13.51 90=15.83 95=17.52 99=22.91 99.9=210.30 99.99=1420.29]
2025-04-22 18:43:58 36 sec: 945335 operations; [READ: Count=630407 Max=3332.09 Min=1.98 Avg=33.69 10=5.76 25=22.80 50=26.05 75=43.71 90=54.94 95=72.19 99=132.99 99.9=570.88 99.99=1218.56] [UPDATE: Count=314928 Max=15269.89 Min=6.29 Avg=12.80 10=9.17 25=10.04 50=11.47 75=13.43 90=15.71 95=17.41 99=22.80 99.9=207.87 99.99=1419.26]
2025-04-22 18:43:59 37 sec: 997540 operations; [READ: Count=665244 Max=3332.09 Min=1.98 Avg=33.09 10=5.62 25=22.64 50=25.82 75=43.01 90=54.37 95=72.32 99=131.97 99.9=547.84 99.99=1192.96] [UPDATE: Count=332296 Max=15269.89 Min=6.29 Avg=12.71 10=9.10 25=10.01 50=11.37 75=13.35 90=15.60 95=17.30 99=22.67 99.9=206.21 99.99=1330.17]
2025-04-22 18:44:00 38 sec: 1046625 operations; [READ: Count=697986 Max=3332.09 Min=1.98 Avg=32.67 10=5.52 25=22.50 50=25.66 75=42.27 90=53.92 95=72.58 99=131.84 99.9=539.65 99.99=1184.77] [UPDATE: Count=348639 Max=15269.89 Min=6.19 Avg=12.64 10=9.02 25=9.97 50=11.28 75=13.29 90=15.49 95=17.20 99=22.56 99.9=207.23 99.99=1041.41]
2025-04-22 18:44:01 39 sec: 1099758 operations; [READ: Count=733344 Max=3332.09 Min=1.98 Avg=32.15 10=5.43 25=22.34 50=25.50 75=41.22 90=53.50 95=72.77 99=130.75 99.9=515.84 99.99=1165.31] [UPDATE: Count=366414 Max=15269.89 Min=6.19 Avg=12.56 10=8.93 25=9.94 50=11.20 75=13.22 90=15.39 95=17.09 99=22.40 99.9=207.74 99.99=1000.96]
2025-04-22 18:44:02 40 sec: 1153177 operations; [READ: Count=768974 Max=3332.09 Min=1.98 Avg=31.66 10=5.35 25=22.19 50=25.36 75=39.52 90=53.12 95=72.96 99=129.85 99.9=488.96 99.99=1155.07] [UPDATE: Count=384203 Max=15269.89 Min=6.19 Avg=12.50 10=8.83 25=9.92 50=11.13 75=13.17 90=15.29 95=16.99 99=22.25 99.9=209.28 99.99=989.18]
2025-04-22 18:44:03 41 sec: 1206133 operations; [READ: Count=804260 Max=3332.09 Min=1.98 Avg=31.23 10=5.29 25=22.03 50=25.23 75=35.49 90=52.77 95=73.15 99=129.15 99.9=470.27 99.99=1143.81] [UPDATE: Count=401873 Max=15269.89 Min=6.19 Avg=12.45 10=8.74 25=9.90 50=11.06 75=13.12 90=15.21 95=16.89 99=22.16 99.9=209.41 99.99=983.55]
2025-04-22 18:44:04 42 sec: 1260332 operations; [READ: Count=840384 Max=3332.09 Min=1.98 Avg=30.80 10=5.22 25=21.87 50=25.12 75=32.59 90=52.45 95=73.28 99=128.32 99.9=446.46 99.99=1134.59] [UPDATE: Count=419948 Max=15269.89 Min=6.19 Avg=12.39 10=8.67 25=9.88 50=11.01 75=13.07 90=15.13 95=16.82 99=22.05 99.9=209.28 99.99=935.42]
2025-04-22 18:44:05 43 sec: 1313543 operations; [READ: Count=875887 Max=3332.09 Min=1.98 Avg=30.43 10=5.17 25=21.71 50=25.02 75=31.31 90=52.16 95=73.41 99=127.81 99.9=431.87 99.99=1115.13] [UPDATE: Count=437656 Max=15269.89 Min=6.19 Avg=12.34 10=8.61 25=9.86 50=10.96 75=13.03 90=15.06 95=16.73 99=21.97 99.9=210.05 99.99=885.76]
2025-04-22 18:44:06 44 sec: 1361189 operations; [READ: Count=907629 Max=3655.68 Min=1.98 Avg=30.23 10=5.14 25=21.57 50=24.96 75=30.61 90=51.94 95=73.66 99=127.61 99.9=461.82 99.99=1191.93] [UPDATE: Count=453560 Max=15269.89 Min=6.19 Avg=12.33 10=8.57 25=9.85 50=10.95 75=13.02 90=15.02 95=16.69 99=21.93 99.9=210.30 99.99=885.76]
2025-04-22 18:44:07 45 sec: 1407072 operations; [READ: Count=938257 Max=3655.68 Min=1.98 Avg=30.08 10=5.17 25=21.44 50=24.94 75=30.27 90=51.90 95=74.62 99=127.30 99.9=444.16 99.99=1180.67] [UPDATE: Count=468815 Max=15269.89 Min=6.19 Avg=12.32 10=8.55 25=9.85 50=10.94 75=13.00 90=14.99 95=16.66 99=21.92 99.9=212.74 99.99=810.50]
2025-04-22 18:44:08 46 sec: 1449623 operations; [READ: Count=966683 Max=3655.68 Min=1.94 Avg=30.02 10=5.19 25=21.30 50=24.94 75=30.11 90=52.06 95=75.78 99=127.17 99.9=436.22 99.99=1165.31] [UPDATE: Count=482940 Max=15269.89 Min=6.19 Avg=12.32 10=8.53 25=9.84 50=10.93 75=12.99 90=14.97 95=16.62 99=21.90 99.9=213.12 99.99=811.01]
2025-04-22 18:44:09 47 sec: 1477969 operations; [READ: Count=985608 Max=3655.68 Min=1.93 Avg=30.33 10=5.21 25=21.30 50=24.98 75=30.43 90=52.64 95=77.31 99=128.06 99.9=453.63 99.99=1172.48] [UPDATE: Count=492361 Max=15269.89 Min=6.19 Avg=12.32 10=8.54 25=9.85 50=10.94 75=12.99 90=14.97 95=16.61 99=21.89 99.9=212.86 99.99=810.50]
2025-04-22 18:44:10 47 sec: 1499602 operations; [READ: Count=1000000 Max=3655.68 Min=1.93 Avg=30.65 10=5.23 25=21.34 50=25.01 75=30.98 90=53.25 95=78.53 99=129.09 99.9=456.70 99.99=1172.48] [UPDATE: Count=499602 Max=15269.89 Min=6.19 Avg=12.32 10=8.55 25=9.85 50=10.95 75=12.99 90=14.97 95=16.59 99=21.86 99.9=212.61 99.99=810.50]
Run runtime(sec): 47.8877
Run operations(ops): 1000000
Run throughput(ops/sec): 20882.2
