Running scope as unit: run-r63f4adb064cc45f89b5244a32cfcf15b.scope
load file:/home/user/DataFiles/silesia_data/silesia.tar
2025-04-21 14:32:19 0 sec: 0 operations;
2025-04-21 14:32:20 1 sec: 0 operations;
2025-04-21 14:32:21 2 sec: 0 operations;
2025-04-21 14:32:22 3 sec: 0 operations;
2025-04-21 14:32:23 4 sec: 0 operations;
2025-04-21 14:32:24 5 sec: 0 operations;
2025-04-21 14:32:25 6 sec: 0 operations;
2025-04-21 14:32:26 7 sec: 0 operations;
2025-04-21 14:32:27 8 sec: 0 operations;
2025-04-21 14:32:28 9 sec: 0 operations;
2025-04-21 14:32:29 10 sec: 0 operations;
2025-04-21 14:32:30 11 sec: 0 operations;
2025-04-21 14:32:31 12 sec: 0 operations;
2025-04-21 14:32:32 13 sec: 0 operations;
2025-04-21 14:32:33 14 sec: 0 operations;
2025-04-21 14:32:34 15 sec: 0 operations;
2025-04-21 14:32:35 16 sec: 0 operations;
2025-04-21 14:32:36 17 sec: 0 operations;
2025-04-21 14:32:37 18 sec: 0 operations;
2025-04-21 14:32:38 19 sec: 0 operations;
2025-04-21 14:32:39 20 sec: 0 operations;
2025-04-21 14:32:40 21 sec: 0 operations;
2025-04-21 14:32:41 22 sec: 0 operations;
2025-04-21 14:32:42 23 sec: 0 operations;
2025-04-21 14:32:43 24 sec: 0 operations;
2025-04-21 14:32:44 25 sec: 0 operations;
2025-04-21 14:32:45 26 sec: 0 operations;
2025-04-21 14:32:46 27 sec: 0 operations;
2025-04-21 14:32:47 28 sec: 0 operations;
2025-04-21 14:32:48 29 sec: 0 operations;
2025-04-21 14:32:49 30 sec: 0 operations;
2025-04-21 14:32:50 31 sec: 0 operations;
2025-04-21 14:32:51 32 sec: 0 operations;
2025-04-21 14:32:52 33 sec: 0 operations;
2025-04-21 14:32:53 34 sec: 0 operations;
2025-04-21 14:32:54 35 sec: 0 operations;
2025-04-21 14:32:55 36 sec: 0 operations;
2025-04-21 14:32:56 37 sec: 0 operations;
2025-04-21 14:32:57 38 sec: 0 operations;
2025-04-21 14:32:58 39 sec: 0 operations;
2025-04-21 14:32:59 40 sec: 0 operations;
2025-04-21 14:33:00 41 sec: 0 operations;
2025-04-21 14:33:01 42 sec: 0 operations;
2025-04-21 14:33:02 43 sec: 0 operations;
2025-04-21 14:33:03 44 sec: 0 operations;
2025-04-21 14:33:04 45 sec: 576 operations; [READ: Count=394 Max=3878.91 Min=47.87 Avg=195.18 10=96.58 25=129.98 50=170.11 75=227.07 90=289.79 95=338.43 99=479.23 99.9=3878.91 99.99=3878.91] [UPDATE: Count=182 Max=773.12 Min=10.45 Avg=19.79 10=12.31 25=13.53 50=15.10 75=17.58 90=20.30 95=21.63 99=23.49 99.9=773.12 99.99=773.12]
2025-04-21 14:33:05 46 sec: 7252 operations; [READ: Count=4836 Max=3878.91 Min=4.12 Avg=212.85 10=97.47 25=144.77 50=203.52 75=269.31 90=334.59 95=382.72 99=480.77 99.9=607.23 99.99=3878.91] [UPDATE: Count=2416 Max=878.59 Min=10.10 Avg=18.59 10=13.35 25=14.86 50=16.75 75=19.63 90=23.31 95=25.60 99=34.53 99.9=283.13 99.99=878.59]
2025-04-21 14:33:06 47 sec: 14026 operations; [READ: Count=9339 Max=3878.91 Min=3.97 Avg=211.17 10=90.11 25=142.72 50=202.62 75=267.26 90=338.18 95=387.84 99=492.03 99.9=649.73 99.99=1410.05] [UPDATE: Count=4687 Max=2564.09 Min=8.69 Avg=20.46 10=13.47 25=14.86 50=16.70 75=19.61 90=23.25 95=25.70 99=35.30 99.9=787.97 99.99=2564.09]
2025-04-21 14:33:07 48 sec: 20721 operations; [READ: Count=13847 Max=3878.91 Min=3.76 Avg=211.30 10=89.92 25=143.23 50=203.01 75=268.03 90=339.20 95=386.30 99=488.70 99.9=649.73 99.99=1410.05] [UPDATE: Count=6874 Max=2564.09 Min=8.69 Avg=19.78 10=13.53 25=14.93 50=16.83 75=19.71 90=23.41 95=25.90 99=33.57 99.9=637.95 99.99=2445.31]
2025-04-21 14:33:08 49 sec: 27475 operations; [READ: Count=18381 Max=3878.91 Min=3.76 Avg=210.98 10=88.13 25=142.46 50=203.13 75=268.03 90=339.45 95=386.81 99=491.26 99.9=648.70 99.99=1048.58] [UPDATE: Count=9094 Max=2564.09 Min=8.69 Avg=19.54 10=13.49 25=14.88 50=16.80 75=19.63 90=23.28 95=25.70 99=34.05 99.9=391.68 99.99=2445.31]
2025-04-21 14:33:09 50 sec: 34328 operations; [READ: Count=22960 Max=3878.91 Min=3.76 Avg=210.31 10=87.61 25=142.46 50=202.62 75=267.77 90=337.66 95=385.02 99=484.35 99.9=636.41 99.99=1048.58] [UPDATE: Count=11368 Max=2564.09 Min=8.69 Avg=19.42 10=13.53 25=14.96 50=16.86 75=19.74 90=23.38 95=25.82 99=34.66 99.9=390.14 99.99=2445.31]
2025-04-21 14:33:10 51 sec: 41023 operations; [READ: Count=27405 Max=3878.91 Min=3.54 Avg=210.78 10=87.42 25=142.85 50=202.88 75=268.80 90=338.94 95=386.56 99=487.94 99.9=633.34 99.99=790.01] [UPDATE: Count=13618 Max=2564.09 Min=8.02 Avg=19.59 10=13.54 25=14.97 50=16.89 75=19.77 90=23.42 95=25.82 99=35.04 99.9=392.19 99.99=2445.31]
2025-04-21 14:33:11 52 sec: 47777 operations; [READ: Count=31943 Max=3878.91 Min=3.54 Avg=210.54 10=86.97 25=142.72 50=202.62 75=268.80 90=339.71 95=386.56 99=484.61 99.9=621.57 99.99=790.01] [UPDATE: Count=15834 Max=2564.09 Min=8.02 Avg=19.68 10=13.58 25=15.01 50=16.94 75=19.89 90=23.54 95=25.95 99=35.49 99.9=640.00 99.99=2075.65]
2025-04-21 14:33:12 53 sec: 54621 operations; [READ: Count=36488 Max=3878.91 Min=3.54 Avg=210.36 10=86.46 25=142.85 50=202.75 75=268.80 90=339.45 95=386.05 99=484.10 99.9=615.93 99.99=769.02] [UPDATE: Count=18133 Max=2564.09 Min=8.02 Avg=19.59 10=13.62 25=15.04 50=16.98 75=19.93 90=23.57 95=26.03 99=35.45 99.9=585.22 99.99=2075.65]
2025-04-21 14:33:13 54 sec: 61275 operations; [READ: Count=40949 Max=3878.91 Min=3.54 Avg=210.03 10=85.44 25=142.46 50=202.75 75=268.54 90=339.20 95=385.54 99=484.35 99.9=616.45 99.99=769.02] [UPDATE: Count=20326 Max=30097.41 Min=7.18 Avg=20.87 10=13.51 25=14.94 50=16.91 75=19.81 90=23.47 95=25.92 99=35.20 99.9=446.46 99.99=2445.31]
2025-04-21 14:33:14 55 sec: 68284 operations; [READ: Count=45621 Max=3878.91 Min=3.28 Avg=209.54 10=84.67 25=142.08 50=202.50 75=268.03 90=338.69 95=385.02 99=484.10 99.9=615.93 99.99=755.71] [UPDATE: Count=22663 Max=30097.41 Min=6.99 Avg=20.32 10=13.10 25=14.63 50=16.69 75=19.57 90=23.26 95=25.68 99=35.01 99.9=390.14 99.99=2445.31]
2025-04-21 14:33:15 56 sec: 75280 operations; [READ: Count=50302 Max=3878.91 Min=2.78 Avg=208.90 10=84.16 25=141.57 50=201.98 75=267.52 90=338.18 95=384.25 99=482.81 99.9=615.42 99.99=755.71] [UPDATE: Count=24978 Max=30097.41 Min=6.99 Avg=20.25 10=12.92 25=14.49 50=16.62 75=19.58 90=23.34 95=25.89 99=35.68 99.9=390.14 99.99=2445.31]
2025-04-21 14:33:16 57 sec: 82255 operations; [READ: Count=54940 Max=3878.91 Min=2.67 Avg=208.60 10=83.71 25=141.44 50=201.85 75=267.52 90=337.92 95=384.00 99=482.30 99.9=614.40 99.99=755.71] [UPDATE: Count=27315 Max=30097.41 Min=6.99 Avg=20.04 10=12.76 25=14.38 50=16.54 75=19.54 90=23.33 95=25.92 99=36.03 99.9=390.14 99.99=2075.65]
2025-04-21 14:33:17 58 sec: 89115 operations; [READ: Count=59474 Max=3878.91 Min=2.67 Avg=208.60 10=83.39 25=141.57 50=201.85 75=267.77 90=337.92 95=384.51 99=482.81 99.9=610.82 99.99=728.58] [UPDATE: Count=29641 Max=30097.41 Min=6.99 Avg=20.10 10=12.77 25=14.39 50=16.61 75=19.65 90=23.52 95=26.21 99=36.64 99.9=390.14 99.99=2445.31]
2025-04-21 14:33:18 59 sec: 95940 operations; [READ: Count=64024 Max=3878.91 Min=2.67 Avg=208.40 10=82.69 25=141.31 50=201.85 75=267.77 90=337.92 95=384.77 99=484.10 99.9=612.86 99.99=728.58] [UPDATE: Count=31916 Max=30097.41 Min=6.50 Avg=20.46 10=12.77 25=14.41 50=16.66 75=19.76 90=23.73 95=26.50 99=37.34 99.9=381.95 99.99=2564.09]
2025-04-21 14:33:19 60 sec: 102760 operations; [READ: Count=68600 Max=3878.91 Min=2.67 Avg=207.87 10=82.17 25=141.06 50=201.22 75=267.26 90=337.41 95=383.74 99=482.30 99.9=610.30 99.99=718.85] [UPDATE: Count=34160 Max=30097.41 Min=6.50 Avg=21.38 10=12.82 25=14.48 50=16.70 75=19.79 90=23.70 95=26.43 99=37.31 99.9=391.68 99.99=12066.82]
2025-04-21 14:33:20 61 sec: 109717 operations; [READ: Count=73226 Max=3878.91 Min=2.67 Avg=207.64 10=81.79 25=140.93 50=200.96 75=267.01 90=337.41 95=383.74 99=482.81 99.9=612.86 99.99=718.85] [UPDATE: Count=36491 Max=30097.41 Min=6.50 Avg=21.35 10=12.87 25=14.54 50=16.77 75=19.82 90=23.70 95=26.43 99=37.34 99.9=503.81 99.99=8568.83]
2025-04-21 14:33:21 62 sec: 116758 operations; [READ: Count=77885 Max=3878.91 Min=2.67 Avg=207.35 10=81.41 25=140.67 50=200.83 75=267.01 90=336.89 95=383.23 99=482.30 99.9=613.38 99.99=718.85] [UPDATE: Count=38873 Max=30097.41 Min=6.50 Avg=21.29 10=12.92 25=14.58 50=16.82 75=19.87 90=23.70 95=26.40 99=37.22 99.9=509.95 99.99=8568.83]
2025-04-21 14:33:22 63 sec: 123870 operations; [READ: Count=82610 Max=3878.91 Min=2.67 Avg=206.95 10=80.83 25=140.41 50=200.70 75=266.75 90=336.64 95=382.46 99=481.79 99.9=612.86 99.99=728.58] [UPDATE: Count=41260 Max=30097.41 Min=6.50 Avg=21.19 10=12.95 25=14.63 50=16.83 75=19.90 90=23.68 95=26.34 99=37.12 99.9=503.81 99.99=8568.83]
2025-04-21 14:33:23 64 sec: 130982 operations; [READ: Count=87371 Max=3878.91 Min=2.67 Avg=206.55 10=80.19 25=140.16 50=200.32 75=266.24 90=336.38 95=382.21 99=480.51 99.9=610.30 99.99=718.85] [UPDATE: Count=43611 Max=30097.41 Min=6.50 Avg=21.04 10=12.99 25=14.66 50=16.85 75=19.89 90=23.63 95=26.27 99=36.86 99.9=446.46 99.99=8568.83]
2025-04-21 14:33:24 65 sec: 138012 operations; [READ: Count=92069 Max=3878.91 Min=2.67 Avg=205.57 10=79.68 25=139.52 50=199.42 75=264.96 90=334.85 95=380.93 99=479.23 99.9=609.28 99.99=718.85] [UPDATE: Count=45943 Max=30097.41 Min=6.50 Avg=22.45 10=13.03 25=14.70 50=16.86 75=19.89 90=23.65 95=26.30 99=37.22 99.9=503.81 99.99=14172.16]
2025-04-21 14:33:25 66 sec: 145331 operations; [READ: Count=96996 Max=3878.91 Min=2.67 Avg=204.85 10=79.10 25=139.01 50=198.91 75=264.45 90=333.57 95=379.39 99=477.44 99.9=608.25 99.99=717.31] [UPDATE: Count=48335 Max=30097.41 Min=6.50 Avg=22.36 10=13.06 25=14.75 50=16.93 75=19.93 90=23.68 95=26.32 99=37.22 99.9=509.95 99.99=14172.16]
2025-04-21 14:33:26 67 sec: 152742 operations; [READ: Count=101923 Max=3878.91 Min=2.67 Avg=204.20 10=78.78 25=138.62 50=198.40 75=263.68 90=332.54 95=378.37 99=476.67 99.9=607.23 99.99=717.31] [UPDATE: Count=50819 Max=30097.41 Min=6.50 Avg=22.26 10=13.10 25=14.80 50=16.94 75=19.95 90=23.68 95=26.29 99=37.05 99.9=503.81 99.99=14172.16]
2025-04-21 14:33:27 68 sec: 160077 operations; [READ: Count=106822 Max=3878.91 Min=2.67 Avg=203.69 10=78.21 25=138.37 50=198.14 75=263.17 90=332.03 95=377.60 99=475.39 99.9=606.21 99.99=717.31] [UPDATE: Count=53255 Max=30097.41 Min=6.50 Avg=22.11 10=13.12 25=14.81 50=16.96 75=19.97 90=23.70 95=26.29 99=36.93 99.9=502.01 99.99=14172.16]
2025-04-21 14:33:28 69 sec: 167531 operations; [READ: Count=111792 Max=3878.91 Min=2.67 Avg=203.12 10=77.69 25=137.98 50=197.76 75=262.65 90=331.26 95=376.32 99=473.86 99.9=604.16 99.99=717.31] [UPDATE: Count=55739 Max=30097.41 Min=6.50 Avg=21.94 10=13.14 25=14.83 50=16.98 75=19.97 90=23.68 95=26.25 99=36.70 99.9=484.61 99.99=12656.64]
2025-04-21 14:33:29 70 sec: 175261 operations; [READ: Count=116953 Max=3878.91 Min=2.67 Avg=202.24 10=77.06 25=137.47 50=196.86 75=261.63 90=329.98 95=375.04 99=472.06 99.9=598.01 99.99=700.93] [UPDATE: Count=58308 Max=30097.41 Min=6.50 Avg=21.79 10=13.14 25=14.82 50=16.94 75=19.95 90=23.65 95=26.24 99=36.70 99.9=484.61 99.99=12656.64]
2025-04-21 14:33:30 71 sec: 182948 operations; [READ: Count=122048 Max=3878.91 Min=2.67 Avg=201.54 10=76.42 25=136.96 50=196.48 75=260.86 90=328.96 95=374.01 99=470.78 99.9=595.97 99.99=700.93] [UPDATE: Count=60900 Max=30097.41 Min=6.50 Avg=21.65 10=13.15 25=14.82 50=16.94 75=19.92 90=23.58 95=26.19 99=36.58 99.9=484.61 99.99=12656.64]
2025-04-21 14:33:31 72 sec: 190547 operations; [READ: Count=127121 Max=3878.91 Min=2.67 Avg=200.92 10=75.90 25=136.57 50=195.84 75=260.22 90=327.94 95=373.25 99=469.76 99.9=595.97 99.99=698.88] [UPDATE: Count=63426 Max=30097.41 Min=6.50 Avg=21.55 10=13.16 25=14.83 50=16.94 75=19.90 90=23.57 95=26.13 99=36.38 99.9=461.31 99.99=12656.64]
2025-04-21 14:33:32 73 sec: 198255 operations; [READ: Count=132285 Max=3878.91 Min=2.67 Avg=200.24 10=75.14 25=136.06 50=195.33 75=259.58 90=327.42 95=372.48 99=468.74 99.9=594.94 99.99=700.93] [UPDATE: Count=65970 Max=30097.41 Min=6.50 Avg=21.42 10=13.17 25=14.84 50=16.94 75=19.89 90=23.55 95=26.11 99=36.09 99.9=444.93 99.99=12066.82]
2025-04-21 14:33:33 74 sec: 205999 operations; [READ: Count=137443 Max=3878.91 Min=2.67 Avg=199.62 10=74.50 25=135.55 50=194.81 75=259.20 90=326.65 95=371.45 99=467.71 99.9=593.92 99.99=698.88] [UPDATE: Count=68556 Max=30097.41 Min=6.50 Avg=21.28 10=13.18 25=14.83 50=16.93 75=19.87 90=23.50 95=26.05 99=35.97 99.9=396.03 99.99=12066.82]
2025-04-21 14:33:34 75 sec: 213681 operations; [READ: Count=142541 Max=3878.91 Min=2.67 Avg=199.09 10=73.92 25=135.17 50=194.43 75=258.69 90=326.14 95=370.94 99=466.69 99.9=592.89 99.99=698.88] [UPDATE: Count=71140 Max=30097.41 Min=6.50 Avg=21.22 10=13.18 25=14.84 50=16.93 75=19.86 90=23.47 95=26.02 99=36.03 99.9=444.93 99.99=12066.82]
2025-04-21 14:33:35 76 sec: 221384 operations; [READ: Count=147665 Max=3878.91 Min=2.67 Avg=198.29 10=73.28 25=134.53 50=193.79 75=257.92 90=325.12 95=369.92 99=465.66 99.9=591.36 99.99=696.32] [UPDATE: Count=73719 Max=30097.41 Min=6.50 Avg=21.72 10=13.18 25=14.83 50=16.89 75=19.84 90=23.42 95=25.95 99=35.97 99.9=444.93 99.99=14172.16]
2025-04-21 14:33:36 77 sec: 229085 operations; [READ: Count=152863 Max=3878.91 Min=2.67 Avg=197.73 10=72.89 25=134.27 50=193.41 75=257.28 90=324.35 95=368.89 99=464.89 99.9=590.85 99.99=696.32] [UPDATE: Count=76222 Max=30097.41 Min=6.50 Avg=21.63 10=13.18 25=14.85 50=16.91 75=19.84 90=23.41 95=25.93 99=35.97 99.9=446.46 99.99=12656.64]
2025-04-21 14:33:37 78 sec: 236799 operations; [READ: Count=158035 Max=3878.91 Min=2.67 Avg=197.25 10=72.38 25=133.89 50=193.02 75=256.89 90=323.84 95=368.38 99=463.62 99.9=590.85 99.99=695.81] [UPDATE: Count=78764 Max=30097.41 Min=6.50 Avg=21.51 10=13.18 25=14.85 50=16.89 75=19.82 90=23.39 95=25.89 99=35.77 99.9=444.93 99.99=12656.64]
2025-04-21 14:33:38 79 sec: 244548 operations; [READ: Count=163219 Max=3878.91 Min=2.67 Avg=196.79 10=71.87 25=133.50 50=192.64 75=256.51 90=323.07 95=367.87 99=463.36 99.9=589.82 99.99=695.81] [UPDATE: Count=81329 Max=30097.41 Min=6.50 Avg=21.40 10=13.19 25=14.86 50=16.89 75=19.81 90=23.38 95=25.86 99=35.58 99.9=439.81 99.99=12656.64]
2025-04-21 14:33:39 80 sec: 252289 operations; [READ: Count=168369 Max=3878.91 Min=2.67 Avg=196.36 10=71.42 25=133.25 50=192.38 75=256.13 90=322.56 95=367.62 99=462.59 99.9=589.82 99.99=695.29] [UPDATE: Count=83920 Max=30097.41 Min=6.50 Avg=21.35 10=13.19 25=14.86 50=16.89 75=19.81 90=23.36 95=25.86 99=35.55 99.9=444.93 99.99=12656.64]
2025-04-21 14:33:40 81 sec: 260031 operations; [READ: Count=173493 Max=3878.91 Min=2.67 Avg=195.83 10=71.04 25=132.86 50=191.87 75=255.62 90=322.05 95=366.59 99=462.08 99.9=587.26 99.99=695.29] [UPDATE: Count=86538 Max=30097.41 Min=6.50 Avg=21.63 10=13.19 25=14.86 50=16.89 75=19.81 90=23.36 95=25.86 99=35.58 99.9=446.46 99.99=12656.64]
2025-04-21 14:33:41 82 sec: 268248 operations; [READ: Count=178971 Max=3878.91 Min=2.67 Avg=195.11 10=70.46 25=132.35 50=191.36 75=254.85 90=321.02 95=365.57 99=461.06 99.9=585.73 99.99=694.78] [UPDATE: Count=89277 Max=30097.41 Min=6.50 Avg=21.51 10=13.18 25=14.86 50=16.89 75=19.77 90=23.33 95=25.81 99=35.52 99.9=444.93 99.99=12656.64]
2025-04-21 14:33:42 83 sec: 276867 operations; [READ: Count=184698 Max=3878.91 Min=2.67 Avg=194.15 10=69.82 25=131.71 50=190.46 75=253.82 90=319.74 95=364.29 99=459.77 99.9=584.19 99.99=694.78] [UPDATE: Count=92169 Max=30097.41 Min=6.50 Avg=21.40 10=13.18 25=14.86 50=16.88 75=19.77 90=23.31 95=25.76 99=35.45 99.9=436.48 99.99=12656.64]
2025-04-21 14:33:43 84 sec: 285672 operations; [READ: Count=190550 Max=3878.91 Min=2.67 Avg=193.12 10=69.12 25=131.07 50=189.44 75=252.54 90=318.46 95=362.75 99=457.98 99.9=582.65 99.99=692.74] [UPDATE: Count=95122 Max=30097.41 Min=6.50 Avg=21.29 10=13.18 25=14.86 50=16.88 75=19.76 90=23.28 95=25.73 99=35.33 99.9=409.60 99.99=12066.82]
2025-04-21 14:33:44 85 sec: 294701 operations; [READ: Count=196576 Max=3878.91 Min=2.67 Avg=191.97 10=68.42 25=130.30 50=188.41 75=251.13 90=316.67 95=361.21 99=456.45 99.9=581.63 99.99=692.22] [UPDATE: Count=98125 Max=30097.41 Min=6.50 Avg=21.19 10=13.18 25=14.85 50=16.86 75=19.76 90=23.25 95=25.70 99=35.13 99.9=396.03 99.99=12066.82]
2025-04-21 14:33:45 86 sec: 304437 operations; [READ: Count=203103 Max=3878.91 Min=2.67 Avg=190.27 10=67.39 25=128.90 50=186.50 75=249.09 90=314.88 95=358.91 99=454.40 99.9=580.61 99.99=692.22] [UPDATE: Count=101334 Max=30097.41 Min=6.50 Avg=21.34 10=13.18 25=14.84 50=16.85 75=19.73 90=23.21 95=25.66 99=35.17 99.9=396.03 99.99=12656.64]
2025-04-21 14:33:46 87 sec: 315668 operations; [READ: Count=210606 Max=3878.91 Min=2.67 Avg=187.70 10=65.86 25=126.14 50=183.04 75=246.40 90=312.32 95=356.35 99=452.35 99.9=577.53 99.99=690.69] [UPDATE: Count=105062 Max=30097.41 Min=6.50 Avg=21.58 10=13.05 25=14.75 50=16.78 75=19.65 90=23.14 95=25.58 99=35.17 99.9=409.60 99.99=14172.16]
2025-04-21 14:33:47 88 sec: 330452 operations; [READ: Count=220481 Max=3878.91 Min=2.24 Avg=183.44 10=62.72 25=120.32 50=177.92 75=242.94 90=308.99 95=353.79 99=450.05 99.9=574.98 99.99=689.66] [UPDATE: Count=109971 Max=30097.41 Min=6.50 Avg=21.30 10=12.73 25=14.56 50=16.64 75=19.49 90=23.01 95=25.45 99=35.01 99.9=409.60 99.99=14172.16]
2025-04-21 14:33:48 89 sec: 347745 operations; [READ: Count=232044 Max=3878.91 Min=2.24 Avg=178.23 10=58.88 25=111.94 50=171.65 75=238.85 90=305.66 95=350.46 99=447.49 99.9=572.41 99.99=688.13] [UPDATE: Count=115701 Max=30097.41 Min=6.42 Avg=20.91 10=12.39 25=14.33 50=16.50 75=19.30 90=22.85 95=25.30 99=34.66 99.9=390.14 99.99=12656.64]
2025-04-21 14:33:49 90 sec: 367376 operations; [READ: Count=245124 Max=3878.91 Min=2.24 Avg=172.30 10=46.85 25=101.57 50=164.74 75=234.50 90=302.08 95=347.13 99=444.42 99.9=570.37 99.99=687.10] [UPDATE: Count=122252 Max=30097.41 Min=6.42 Avg=20.68 10=12.02 25=14.05 50=16.32 75=19.10 90=22.67 95=25.15 99=34.69 99.9=439.55 99.99=12656.64]
2025-04-21 14:33:50 91 sec: 402235 operations; [READ: Count=268378 Max=3878.91 Min=2.24 Avg=160.50 10=33.41 25=78.33 50=152.96 75=227.07 90=295.68 95=341.25 99=439.04 99.9=565.76 99.99=687.10] [UPDATE: Count=133857 Max=30097.41 Min=6.40 Avg=19.93 10=10.75 25=13.42 50=15.92 75=18.75 90=22.37 95=24.86 99=34.37 99.9=420.86 99.99=12066.82]
2025-04-21 14:33:51 92 sec: 432261 operations; [READ: Count=288411 Max=3878.91 Min=2.24 Avg=152.23 10=32.41 25=61.02 50=143.49 75=221.18 90=291.33 95=337.66 99=437.76 99.9=582.14 99.99=893.44] [UPDATE: Count=143850 Max=30097.41 Min=6.33 Avg=19.59 10=10.17 25=12.92 50=15.62 75=18.46 90=22.11 95=24.66 99=34.08 99.9=420.86 99.99=12066.82]
2025-04-21 14:33:52 93 sec: 464534 operations; [READ: Count=309919 Max=3878.91 Min=2.24 Avg=144.27 10=31.76 25=44.99 50=133.38 75=214.91 90=286.21 95=333.06 99=433.66 99.9=578.05 99.99=881.66] [UPDATE: Count=154615 Max=30097.41 Min=6.28 Avg=19.33 10=9.91 25=12.38 50=15.29 75=18.19 90=21.89 95=24.43 99=33.76 99.9=417.02 99.99=12656.64]
2025-04-21 14:33:53 94 sec: 498076 operations; [READ: Count=332239 Max=3878.91 Min=2.24 Avg=137.10 10=30.80 25=38.72 50=122.88 75=208.51 90=281.09 95=328.45 99=429.82 99.9=573.95 99.99=866.30] [UPDATE: Count=165837 Max=30097.41 Min=6.27 Avg=18.88 10=9.78 25=11.78 50=14.96 75=17.93 90=21.63 95=24.22 99=33.47 99.9=420.86 99.99=9994.24]
2025-04-21 14:33:54 95 sec: 531482 operations; [READ: Count=354505 Max=3878.91 Min=2.12 Avg=130.86 10=19.47 25=36.99 50=111.49 75=202.24 90=276.48 95=324.35 99=425.98 99.9=571.39 99.99=872.96] [UPDATE: Count=176977 Max=30097.41 Min=6.27 Avg=18.48 10=9.70 25=11.22 50=14.65 75=17.70 90=21.41 95=24.02 99=33.22 99.9=422.91 99.99=8568.83]
2025-04-21 14:33:55 96 sec: 564635 operations; [READ: Count=376506 Max=3878.91 Min=2.12 Avg=125.46 10=14.40 25=36.13 50=100.16 75=196.35 90=272.13 95=320.77 99=421.89 99.9=567.81 99.99=837.63] [UPDATE: Count=188129 Max=30097.41 Min=6.27 Avg=18.09 10=9.62 25=10.81 50=14.35 75=17.47 90=21.20 95=23.84 99=32.96 99.9=420.61 99.99=7245.82]
2025-04-21 14:33:56 97 sec: 596987 operations; [READ: Count=398056 Max=3878.91 Min=2.12 Avg=120.80 10=11.94 25=35.62 50=92.03 75=190.46 90=268.29 95=317.44 99=418.81 99.9=564.74 99.99=837.12] [UPDATE: Count=198931 Max=30097.41 Min=6.27 Avg=17.76 10=9.57 25=10.59 50=14.09 75=17.26 90=20.99 95=23.65 99=32.72 99.9=419.07 99.99=6680.57]
2025-04-21 14:33:57 98 sec: 621145 operations; [READ: Count=414159 Max=4276.22 Min=2.12 Avg=118.21 10=10.89 25=35.26 50=86.66 75=186.75 90=266.50 95=316.42 99=422.65 99.9=605.18 99.99=1010.69] [UPDATE: Count=206986 Max=30097.41 Min=6.27 Avg=17.62 10=9.53 25=10.49 50=13.90 75=17.12 90=20.85 95=23.52 99=32.54 99.9=420.10 99.99=6680.57]
2025-04-21 14:33:58 99 sec: 654496 operations; [READ: Count=436443 Max=4276.22 Min=2.12 Avg=114.11 10=9.86 25=34.88 50=76.99 75=180.74 90=262.65 95=312.83 99=419.33 99.9=600.06 99.99=997.89] [UPDATE: Count=218053 Max=30097.41 Min=6.27 Avg=17.35 10=9.49 25=10.38 50=13.66 75=16.93 90=20.66 95=23.36 99=32.32 99.9=417.02 99.99=4247.55]
2025-04-21 14:33:59 100 sec: 687640 operations; [READ: Count=458561 Max=4276.22 Min=2.12 Avg=110.45 10=9.18 25=34.59 50=67.84 75=174.72 90=258.81 95=309.25 99=416.00 99.9=595.97 99.99=994.82] [UPDATE: Count=229079 Max=30097.41 Min=6.27 Avg=17.09 10=9.45 25=10.29 50=13.46 75=16.75 90=20.46 95=23.18 99=32.05 99.9=417.02 99.99=3407.87]
2025-04-21 14:34:00 101 sec: 720037 operations; [READ: Count=480180 Max=4276.22 Min=2.12 Avg=107.23 10=8.71 25=34.40 50=56.67 75=168.96 90=255.23 95=306.18 99=413.44 99.9=591.87 99.99=990.72] [UPDATE: Count=239857 Max=30097.41 Min=6.27 Avg=16.90 10=9.42 25=10.25 50=13.29 75=16.59 90=20.30 95=23.04 99=31.82 99.9=417.02 99.99=3080.19]
2025-04-21 14:34:01 102 sec: 752017 operations; [READ: Count=501507 Max=4276.22 Min=2.12 Avg=104.36 10=8.29 25=34.21 50=50.11 75=163.71 90=252.03 95=303.36 99=411.39 99.9=589.82 99.99=974.85] [UPDATE: Count=250510 Max=30097.41 Min=6.20 Avg=16.70 10=9.40 25=10.21 50=13.13 75=16.43 90=20.13 95=22.89 99=31.71 99.9=413.95 99.99=2949.12]
2025-04-21 14:34:02 103 sec: 776362 operations; [READ: Count=517703 Max=4276.22 Min=2.12 Avg=102.79 10=8.08 25=34.08 50=47.84 75=160.00 90=250.24 95=302.33 99=413.95 99.9=649.22 99.99=1048.58] [UPDATE: Count=258659 Max=30097.41 Min=6.17 Avg=16.59 10=9.39 25=10.20 50=13.04 75=16.34 90=20.03 95=22.80 99=31.63 99.9=411.90 99.99=2668.54]
2025-04-21 14:34:03 104 sec: 806305 operations; [READ: Count=537682 Max=4276.22 Min=2.12 Avg=100.52 10=7.82 25=33.98 50=45.22 75=155.13 90=247.42 95=300.03 99=412.93 99.9=657.92 99.99=1062.91] [UPDATE: Count=268623 Max=30097.41 Min=6.17 Avg=16.53 10=9.38 25=10.18 50=12.94 75=16.21 90=19.89 95=22.69 99=31.49 99.9=413.95 99.99=2668.54]
2025-04-21 14:34:04 105 sec: 839844 operations; [READ: Count=560011 Max=4276.22 Min=2.12 Avg=98.02 10=7.57 25=33.82 50=42.88 75=149.63 90=244.35 95=296.96 99=410.37 99.9=653.31 99.99=1059.84] [UPDATE: Count=279833 Max=30097.41 Min=6.17 Avg=16.35 10=9.34 25=10.14 50=12.78 75=16.05 90=19.73 95=22.54 99=31.33 99.9=410.88 99.99=2643.97]
2025-04-21 14:34:05 106 sec: 871929 operations; [READ: Count=581404 Max=4276.22 Min=2.12 Avg=95.85 10=7.40 25=33.73 50=41.53 75=144.64 90=241.28 95=294.40 99=408.32 99.9=649.22 99.99=1053.69] [UPDATE: Count=290525 Max=30097.41 Min=6.17 Avg=16.24 10=9.33 25=10.13 50=12.71 75=15.96 90=19.58 95=22.41 99=31.21 99.9=408.83 99.99=2596.86]
2025-04-21 14:34:06 107 sec: 900921 operations; [READ: Count=600752 Max=4276.22 Min=2.12 Avg=94.18 10=7.26 25=33.63 50=40.58 75=140.67 90=239.10 95=292.61 99=407.55 99.9=649.22 99.99=1048.58] [UPDATE: Count=300169 Max=30097.41 Min=6.17 Avg=16.15 10=9.30 25=10.11 50=12.61 75=15.84 90=19.47 95=22.30 99=31.07 99.9=404.99 99.99=2596.86]
2025-04-21 14:34:07 108 sec: 933343 operations; [READ: Count=622411 Max=4276.22 Min=2.12 Avg=92.27 10=7.12 25=33.57 50=40.09 75=135.81 90=236.29 95=290.30 99=405.50 99.9=648.70 99.99=1048.58] [UPDATE: Count=310932 Max=30097.41 Min=6.17 Avg=16.00 10=9.28 25=10.09 50=12.49 75=15.72 90=19.33 95=22.19 99=30.91 99.9=400.89 99.99=2574.34]
2025-04-21 14:34:08 109 sec: 967081 operations; [READ: Count=644933 Max=4276.22 Min=2.12 Avg=90.36 10=6.97 25=33.47 50=39.71 75=130.69 90=233.47 95=287.74 99=402.94 99.9=642.05 99.99=1047.55] [UPDATE: Count=322148 Max=30097.41 Min=6.17 Avg=15.87 10=9.25 25=10.07 50=12.37 75=15.60 90=19.20 95=22.06 99=30.77 99.9=398.33 99.99=2564.09]
2025-04-21 14:34:09 110 sec: 1002201 operations; [READ: Count=668301 Max=4276.22 Min=2.12 Avg=88.45 10=6.86 25=33.38 50=39.33 75=125.50 90=230.53 95=284.93 99=400.64 99.9=636.41 99.99=1035.78] [UPDATE: Count=333900 Max=30097.41 Min=6.17 Avg=15.73 10=9.21 25=10.05 50=12.24 75=15.47 90=19.07 95=21.95 99=30.61 99.9=394.75 99.99=2445.31]
2025-04-21 14:34:10 111 sec: 1039498 operations; [READ: Count=693159 Max=4276.22 Min=2.12 Avg=86.48 10=6.73 25=33.28 50=38.88 75=119.87 90=227.46 95=282.37 99=398.08 99.9=631.81 99.99=1032.19] [UPDATE: Count=346339 Max=30097.41 Min=6.17 Avg=15.59 10=9.18 25=10.03 50=12.10 75=15.35 90=18.93 95=21.82 99=30.41 99.9=393.21 99.99=2410.49]
2025-04-21 14:34:11 112 sec: 1077825 operations; [READ: Count=718733 Max=4276.22 Min=2.12 Avg=84.55 10=6.62 25=33.15 50=38.49 75=114.11 90=224.51 95=279.55 99=395.52 99.9=625.15 99.99=1026.56] [UPDATE: Count=359092 Max=30097.41 Min=6.17 Avg=15.47 10=9.13 25=10.01 50=11.97 75=15.24 90=18.80 95=21.70 99=30.27 99.9=392.19 99.99=2310.14]
2025-04-21 14:34:12 113 sec: 1112694 operations; [READ: Count=741939 Max=4276.22 Min=2.12 Avg=83.02 10=6.54 25=33.02 50=38.02 75=109.57 90=222.08 95=278.01 99=395.77 99.9=634.37 99.99=1030.14] [UPDATE: Count=370755 Max=30097.41 Min=6.17 Avg=15.39 10=9.10 25=9.99 50=11.85 75=15.13 90=18.67 95=21.58 99=30.19 99.9=391.94 99.99=2310.14]
2025-04-21 14:34:13 114 sec: 1152259 operations; [READ: Count=768369 Max=4276.22 Min=2.12 Avg=81.22 10=6.45 25=32.90 50=37.76 75=105.22 90=219.01 95=275.45 99=392.96 99.9=629.76 99.99=1026.56] [UPDATE: Count=383890 Max=30097.41 Min=6.17 Avg=15.29 10=9.05 25=9.97 50=11.73 75=15.04 90=18.54 95=21.47 99=30.03 99.9=392.19 99.99=2075.65]
2025-04-21 14:34:14 115 sec: 1192299 operations; [READ: Count=795045 Max=4276.22 Min=2.12 Avg=79.52 10=6.38 25=32.80 50=37.57 75=102.02 90=215.94 95=272.89 99=390.65 99.9=621.57 99.99=1016.32] [UPDATE: Count=397254 Max=30097.41 Min=6.17 Avg=15.18 10=9.02 25=9.97 50=11.63 75=14.94 90=18.43 95=21.36 99=29.89 99.9=391.17 99.99=2026.49]
2025-04-21 14:34:15 116 sec: 1233059 operations; [READ: Count=822132 Max=4276.22 Min=2.12 Avg=77.88 10=6.32 25=32.69 50=37.34 75=99.52 90=212.99 95=270.33 99=388.35 99.9=616.45 99.99=1014.78] [UPDATE: Count=410927 Max=30097.41 Min=6.17 Avg=15.08 10=8.97 25=9.95 50=11.54 75=14.86 90=18.30 95=21.25 99=29.74 99.9=387.07 99.99=1947.65]
2025-04-21 14:34:16 117 sec: 1274683 operations; [READ: Count=849837 Max=4276.22 Min=2.12 Avg=76.29 10=6.26 25=32.58 50=37.18 75=97.34 90=209.92 95=267.77 99=385.79 99.9=612.86 99.99=1007.10] [UPDATE: Count=424846 Max=30097.41 Min=6.17 Avg=14.99 10=8.93 25=9.94 50=11.46 75=14.78 90=18.19 95=21.14 99=29.71 99.9=384.77 99.99=1865.73]
2025-04-21 14:34:17 118 sec: 1315569 operations; [READ: Count=877196 Max=4276.22 Min=2.12 Avg=74.82 10=6.22 25=32.45 50=36.99 75=95.42 90=207.10 95=265.47 99=384.00 99.9=610.82 99.99=997.89] [UPDATE: Count=438373 Max=30097.41 Min=6.17 Avg=14.92 10=8.88 25=9.93 50=11.41 75=14.71 90=18.09 95=21.04 99=29.89 99.9=379.39 99.99=1616.89]
2025-04-21 14:34:18 119 sec: 1358323 operations; [READ: Count=905660 Max=4276.22 Min=2.12 Avg=73.34 10=6.18 25=32.30 50=36.80 75=93.38 90=203.90 95=263.17 99=381.95 99.9=608.77 99.99=994.82] [UPDATE: Count=452663 Max=30097.41 Min=6.17 Avg=14.88 10=8.86 25=9.92 50=11.38 75=14.65 90=18.02 95=20.98 99=30.16 99.9=377.86 99.99=1616.89]
2025-04-21 14:34:19 120 sec: 1398845 operations; [READ: Count=932658 Max=4276.22 Min=2.11 Avg=72.05 10=6.21 25=32.17 50=36.73 75=91.52 90=200.96 95=260.99 99=380.42 99.9=607.23 99.99=991.74] [UPDATE: Count=466187 Max=30097.41 Min=6.17 Avg=14.87 10=8.81 25=9.90 50=11.34 75=14.58 90=17.93 95=20.88 99=30.25 99.9=377.86 99.99=1523.71]
2025-04-21 14:34:20 121 sec: 1440787 operations; [READ: Count=960617 Max=4276.22 Min=1.95 Avg=70.77 10=6.24 25=32.02 50=36.70 75=89.60 90=198.01 95=258.56 99=378.11 99.9=603.13 99.99=987.65] [UPDATE: Count=480170 Max=30097.41 Min=6.17 Avg=14.84 10=8.78 25=9.90 50=11.32 75=14.54 90=17.86 95=20.80 99=30.45 99.9=376.83 99.99=1514.49]
2025-04-21 14:34:21 122 sec: 1482204 operations; [READ: Count=988200 Max=4276.22 Min=1.95 Avg=69.58 10=6.27 25=31.86 50=36.70 75=87.36 90=195.07 95=256.38 99=375.81 99.9=598.53 99.99=986.11] [UPDATE: Count=494004 Max=30097.41 Min=6.17 Avg=14.80 10=8.74 25=9.90 50=11.29 75=14.49 90=17.79 95=20.72 99=30.61 99.9=377.34 99.99=1501.18]
2025-04-21 14:34:22 123 sec: 1499840 operations; [READ: Count=1000000 Max=4276.22 Min=1.84 Avg=69.11 10=6.28 25=31.76 50=36.70 75=85.89 90=193.79 95=255.36 99=375.30 99.9=598.01 99.99=986.11] [UPDATE: Count=499840 Max=30097.41 Min=6.17 Avg=14.79 10=8.73 25=9.89 50=11.29 75=14.47 90=17.76 95=20.69 99=30.73 99.9=376.83 99.99=1428.48]
2025-04-21 14:34:23 124 sec: 1499840 operations; [READ: Count=1000000 Max=4276.22 Min=1.84 Avg=69.11 10=6.28 25=31.76 50=36.70 75=85.89 90=193.79 95=255.36 99=375.30 99.9=598.01 99.99=986.11] [UPDATE: Count=499840 Max=30097.41 Min=6.17 Avg=14.79 10=8.73 25=9.89 50=11.29 75=14.47 90=17.76 95=20.69 99=30.73 99.9=376.83 99.99=1428.48]
2025-04-21 14:34:24 125 sec: 1499840 operations; [READ: Count=1000000 Max=4276.22 Min=1.84 Avg=69.11 10=6.28 25=31.76 50=36.70 75=85.89 90=193.79 95=255.36 99=375.30 99.9=598.01 99.99=986.11] [UPDATE: Count=499840 Max=30097.41 Min=6.17 Avg=14.79 10=8.73 25=9.89 50=11.29 75=14.47 90=17.76 95=20.69 99=30.73 99.9=376.83 99.99=1428.48]
2025-04-21 14:34:25 126 sec: 1499840 operations; [READ: Count=1000000 Max=4276.22 Min=1.84 Avg=69.11 10=6.28 25=31.76 50=36.70 75=85.89 90=193.79 95=255.36 99=375.30 99.9=598.01 99.99=986.11] [UPDATE: Count=499840 Max=30097.41 Min=6.17 Avg=14.79 10=8.73 25=9.89 50=11.29 75=14.47 90=17.76 95=20.69 99=30.73 99.9=376.83 99.99=1428.48]
2025-04-21 14:34:26 127 sec: 1499840 operations; [READ: Count=1000000 Max=4276.22 Min=1.84 Avg=69.11 10=6.28 25=31.76 50=36.70 75=85.89 90=193.79 95=255.36 99=375.30 99.9=598.01 99.99=986.11] [UPDATE: Count=499840 Max=30097.41 Min=6.17 Avg=14.79 10=8.73 25=9.89 50=11.29 75=14.47 90=17.76 95=20.69 99=30.73 99.9=376.83 99.99=1428.48]
2025-04-21 14:34:27 128 sec: 1499840 operations; [READ: Count=1000000 Max=4276.22 Min=1.84 Avg=69.11 10=6.28 25=31.76 50=36.70 75=85.89 90=193.79 95=255.36 99=375.30 99.9=598.01 99.99=986.11] [UPDATE: Count=499840 Max=30097.41 Min=6.17 Avg=14.79 10=8.73 25=9.89 50=11.29 75=14.47 90=17.76 95=20.69 99=30.73 99.9=376.83 99.99=1428.48]
2025-04-21 14:34:28 128 sec: 1499840 operations; [READ: Count=1000000 Max=4276.22 Min=1.84 Avg=69.11 10=6.28 25=31.76 50=36.70 75=85.89 90=193.79 95=255.36 99=375.30 99.9=598.01 99.99=986.11] [UPDATE: Count=499840 Max=30097.41 Min=6.17 Avg=14.79 10=8.73 25=9.89 50=11.29 75=14.47 90=17.76 95=20.69 99=30.73 99.9=376.83 99.99=1428.48]
Run runtime(sec): 128.808
Run operations(ops): 1000000
Run throughput(ops/sec): 7763.49
