Running scope as unit: run-r3267f4dc178b410cbe48055f4bd2c703.scope
load file:/home/user/DataFiles/silesia_data/silesia.tar
2025-04-19 11:50:19 0 sec: 0 operations;
2025-04-19 11:50:20 1 sec: 69294 operations; [INSERT: Count=69294 Max=1094.65 Min=4.06 Avg=11.01 10=4.86 25=7.11 50=9.78 75=13.82 90=18.32 95=20.66 99=25.34 99.9=38.78 99.99=182.91]
2025-04-19 11:50:21 2 sec: 129436 operations; [INSERT: Count=129436 Max=1094.65 Min=4.06 Avg=12.11 10=6.34 25=8.42 50=10.94 75=15.06 90=19.18 95=21.44 99=26.16 99.9=40.99 99.99=172.93]
2025-04-19 11:50:22 3 sec: 187203 operations; [INSERT: Count=187203 Max=1094.65 Min=4.06 Avg=12.71 10=7.05 25=8.98 50=11.51 75=15.71 90=19.79 95=22.13 99=26.93 99.9=41.66 99.99=174.08]
2025-04-19 11:50:23 4 sec: 243786 operations; [INSERT: Count=243786 Max=1094.65 Min=4.06 Avg=13.11 10=7.48 25=9.32 50=11.89 75=16.09 90=20.21 95=22.66 99=27.58 99.9=41.85 99.99=178.81]
2025-04-19 11:50:24 5 sec: 300577 operations; [INSERT: Count=300577 Max=1094.65 Min=4.06 Avg=13.34 10=7.76 25=9.53 50=12.10 75=16.31 90=20.43 95=22.89 99=27.90 99.9=43.84 99.99=183.55]
2025-04-19 11:50:25 6 sec: 357415 operations; [INSERT: Count=357415 Max=1094.65 Min=4.06 Avg=13.50 10=7.94 25=9.67 50=12.26 75=16.45 90=20.57 95=23.02 99=28.11 99.9=46.11 99.99=180.74]
2025-04-19 11:50:26 7 sec: 413664 operations; [INSERT: Count=413664 Max=2222.08 Min=4.06 Avg=13.63 10=8.08 25=9.79 50=12.38 75=16.56 90=20.70 95=23.18 99=28.29 99.9=46.17 99.99=180.35]
2025-04-19 11:50:27 8 sec: 471776 operations; [INSERT: Count=471776 Max=2222.08 Min=4.06 Avg=13.67 10=8.11 25=9.81 50=12.42 75=16.59 90=20.73 95=23.20 99=28.29 99.9=46.17 99.99=183.55]
2025-04-19 11:50:28 9 sec: 524969 operations; [INSERT: Count=524969 Max=2222.08 Min=4.06 Avg=13.86 10=8.17 25=9.88 50=12.55 75=16.83 90=21.10 95=23.71 99=29.36 99.9=46.81 99.99=187.39]
2025-04-19 11:50:29 10 sec: 576283 operations; [INSERT: Count=576283 Max=2222.08 Min=4.06 Avg=14.07 10=8.25 25=9.97 50=12.71 75=17.09 90=21.49 95=24.22 99=30.30 99.9=47.39 99.99=190.46]
2025-04-19 11:50:30 11 sec: 625899 operations; [INSERT: Count=625899 Max=2222.08 Min=4.06 Avg=14.30 10=8.33 25=10.09 50=12.89 75=17.36 90=21.89 95=24.77 99=31.25 99.9=48.70 99.99=193.15]
2025-04-19 11:50:31 12 sec: 675365 operations; [INSERT: Count=675365 Max=2222.08 Min=4.06 Avg=14.49 10=8.41 25=10.19 50=13.05 75=17.58 90=22.22 95=25.21 99=31.97 99.9=49.18 99.99=194.81]
2025-04-19 11:50:32 13 sec: 723373 operations; [INSERT: Count=723373 Max=24788.99 Min=4.06 Avg=14.69 10=8.49 25=10.29 50=13.19 75=17.79 90=22.51 95=25.60 99=32.54 99.9=50.37 99.99=196.99]
2025-04-19 11:50:33 14 sec: 771099 operations; [INSERT: Count=771099 Max=24788.99 Min=4.06 Avg=14.87 10=8.55 25=10.38 50=13.33 75=17.97 90=22.77 95=25.89 99=33.12 99.9=117.50 99.99=198.91]
2025-04-19 11:50:34 15 sec: 819844 operations; [INSERT: Count=819844 Max=24788.99 Min=4.06 Avg=15.00 10=8.62 25=10.45 50=13.43 75=18.08 90=22.91 95=26.08 99=33.41 99.9=126.27 99.99=203.52]
2025-04-19 11:50:35 16 sec: 868420 operations; [INSERT: Count=868420 Max=24788.99 Min=4.06 Avg=15.12 10=8.67 25=10.51 50=13.52 75=18.19 90=23.05 95=26.25 99=33.73 99.9=134.66 99.99=205.06]
2025-04-19 11:50:36 17 sec: 917873 operations; [INSERT: Count=917873 Max=24788.99 Min=4.06 Avg=15.21 10=8.70 25=10.55 50=13.57 75=18.27 90=23.17 95=26.41 99=34.02 99.9=137.47 99.99=207.23]
2025-04-19 11:50:37 18 sec: 979125 operations; [INSERT: Count=979125 Max=24788.99 Min=4.06 Avg=15.07 10=8.54 25=10.40 50=13.41 75=18.08 90=23.02 95=26.29 99=34.02 99.9=138.37 99.99=207.74]
2025-04-19 11:50:38 19 sec: 1000000 operations; [INSERT: Count=1000000 Max=24788.99 Min=4.06 Avg=14.99 10=8.46 25=10.34 50=13.33 75=17.98 90=22.93 95=26.21 99=33.95 99.9=139.78 99.99=207.87]
2025-04-19 11:50:39 20 sec: 1000000 operations; [INSERT: Count=1000000 Max=24788.99 Min=4.06 Avg=14.99 10=8.46 25=10.34 50=13.33 75=17.98 90=22.93 95=26.21 99=33.95 99.9=139.78 99.99=207.87]
2025-04-19 11:50:40 21 sec: 1000000 operations; [INSERT: Count=1000000 Max=24788.99 Min=4.06 Avg=14.99 10=8.46 25=10.34 50=13.33 75=17.98 90=22.93 95=26.21 99=33.95 99.9=139.78 99.99=207.87]
2025-04-19 11:50:41 22 sec: 1000000 operations; [INSERT: Count=1000000 Max=24788.99 Min=4.06 Avg=14.99 10=8.46 25=10.34 50=13.33 75=17.98 90=22.93 95=26.21 99=33.95 99.9=139.78 99.99=207.87]
2025-04-19 11:50:42 23 sec: 1000000 operations; [INSERT: Count=1000000 Max=24788.99 Min=4.06 Avg=14.99 10=8.46 25=10.34 50=13.33 75=17.98 90=22.93 95=26.21 99=33.95 99.9=139.78 99.99=207.87]
2025-04-19 11:50:43 24 sec: 1000000 operations; [INSERT: Count=1000000 Max=24788.99 Min=4.06 Avg=14.99 10=8.46 25=10.34 50=13.33 75=17.98 90=22.93 95=26.21 99=33.95 99.9=139.78 99.99=207.87]
2025-04-19 11:50:44 25 sec: 1000000 operations; [INSERT: Count=1000000 Max=24788.99 Min=4.06 Avg=14.99 10=8.46 25=10.34 50=13.33 75=17.98 90=22.93 95=26.21 99=33.95 99.9=139.78 99.99=207.87]
2025-04-19 11:50:45 26 sec: 1000000 operations; [INSERT: Count=1000000 Max=24788.99 Min=4.06 Avg=14.99 10=8.46 25=10.34 50=13.33 75=17.98 90=22.93 95=26.21 99=33.95 99.9=139.78 99.99=207.87]
2025-04-19 11:50:46 27 sec: 1000000 operations; [INSERT: Count=1000000 Max=24788.99 Min=4.06 Avg=14.99 10=8.46 25=10.34 50=13.33 75=17.98 90=22.93 95=26.21 99=33.95 99.9=139.78 99.99=207.87]
2025-04-19 11:50:47 28 sec: 1000000 operations; [INSERT: Count=1000000 Max=24788.99 Min=4.06 Avg=14.99 10=8.46 25=10.34 50=13.33 75=17.98 90=22.93 95=26.21 99=33.95 99.9=139.78 99.99=207.87]
2025-04-19 11:50:47 28 sec: 1000000 operations; [INSERT: Count=1000000 Max=24788.99 Min=4.06 Avg=14.99 10=8.46 25=10.34 50=13.33 75=17.98 90=22.93 95=26.21 99=33.95 99.9=139.78 99.99=207.87]
Load runtime(sec): 28.4035
Load operations(ops): 1000000
Load throughput(ops/sec): 35207
