Running scope as unit: run-r9b71d92a8e6c428b9b8130c194aa57ce.scope
load file:/home/user/DataFiles/silesia_data/silesia.tar
2025-04-19 11:50:19 0 sec: 0 operations;
2025-04-19 11:50:20 1 sec: 57533 operations; [INSERT: Count=57533 Max=4628.48 Min=4.30 Avg=13.74 10=8.02 25=9.58 50=12.29 75=16.77 90=20.99 95=23.45 99=28.53 99.9=42.85 99.99=179.71]
2025-04-19 11:50:21 2 sec: 117159 operations; [INSERT: Count=117159 Max=4628.48 Min=4.30 Avg=13.64 10=8.10 25=9.64 50=12.28 75=16.56 90=20.69 95=23.07 99=28.21 99.9=45.02 99.99=176.00]
2025-04-19 11:50:22 3 sec: 176144 operations; [INSERT: Count=176144 Max=4628.48 Min=4.30 Avg=13.66 10=8.19 25=9.72 50=12.33 75=16.53 90=20.61 95=22.99 99=28.06 99.9=46.17 99.99=176.77]
2025-04-19 11:50:23 4 sec: 236781 operations; [INSERT: Count=236781 Max=4628.48 Min=4.30 Avg=13.55 10=8.21 25=9.71 50=12.25 75=16.32 90=20.35 95=22.70 99=27.76 99.9=46.21 99.99=178.56]
2025-04-19 11:50:24 5 sec: 297804 operations; [INSERT: Count=297804 Max=4628.48 Min=4.30 Avg=13.47 10=8.21 25=9.70 50=12.20 75=16.16 90=20.13 95=22.45 99=27.50 99.9=45.73 99.99=179.71]
2025-04-19 11:50:25 6 sec: 357212 operations; [INSERT: Count=357212 Max=4628.48 Min=4.30 Avg=13.49 10=8.27 25=9.75 50=12.23 75=16.18 90=20.11 95=22.41 99=27.52 99.9=46.17 99.99=177.92]
2025-04-19 11:50:26 7 sec: 417031 operations; [INSERT: Count=417031 Max=4628.48 Min=4.30 Avg=13.49 10=8.32 25=9.79 50=12.25 75=16.14 90=20.03 95=22.34 99=27.38 99.9=46.43 99.99=177.66]
2025-04-19 11:50:27 8 sec: 476704 operations; [INSERT: Count=476704 Max=21430.27 Min=4.23 Avg=13.49 10=8.28 25=9.75 50=12.21 75=16.09 90=19.98 95=22.27 99=27.34 99.9=46.17 99.99=179.84]
2025-04-19 11:50:28 9 sec: 536341 operations; [INSERT: Count=536341 Max=21430.27 Min=4.23 Avg=13.49 10=8.26 25=9.73 50=12.18 75=16.09 90=20.02 95=22.32 99=27.47 99.9=46.21 99.99=184.96]
2025-04-19 11:50:29 10 sec: 594574 operations; [INSERT: Count=594574 Max=21430.27 Min=4.23 Avg=13.53 10=8.29 25=9.76 50=12.21 75=16.14 90=20.06 95=22.41 99=27.61 99.9=45.66 99.99=188.03]
2025-04-19 11:50:30 11 sec: 653385 operations; [INSERT: Count=653385 Max=21430.27 Min=4.23 Avg=13.54 10=8.30 25=9.78 50=12.23 75=16.15 90=20.06 95=22.43 99=27.76 99.9=46.11 99.99=189.82]
2025-04-19 11:50:31 12 sec: 712046 operations; [INSERT: Count=712046 Max=21430.27 Min=4.23 Avg=13.56 10=8.34 25=9.81 50=12.25 75=16.15 90=20.06 95=22.43 99=27.77 99.9=46.43 99.99=191.62]
2025-04-19 11:50:32 13 sec: 770330 operations; [INSERT: Count=770330 Max=21430.27 Min=4.23 Avg=13.58 10=8.37 25=9.84 50=12.27 75=16.15 90=20.05 95=22.41 99=27.76 99.9=49.50 99.99=198.01]
2025-04-19 11:50:33 14 sec: 827655 operations; [INSERT: Count=827655 Max=21430.27 Min=4.23 Avg=13.62 10=8.39 25=9.86 50=12.29 75=16.15 90=20.03 95=22.38 99=27.77 99.9=141.69 99.99=204.03]
2025-04-19 11:50:34 15 sec: 884482 operations; [INSERT: Count=884482 Max=21430.27 Min=4.23 Avg=13.66 10=8.42 25=9.89 50=12.30 75=16.15 90=20.02 95=22.37 99=27.82 99.9=155.13 99.99=208.51]
2025-04-19 11:50:35 16 sec: 937715 operations; [INSERT: Count=937715 Max=21430.27 Min=4.23 Avg=13.72 10=8.42 25=9.90 50=12.33 75=16.19 90=20.08 95=22.46 99=28.11 99.9=158.21 99.99=212.99]
2025-04-19 11:50:36 17 sec: 985553 operations; [INSERT: Count=985553 Max=21430.27 Min=4.23 Avg=13.83 10=8.46 25=9.95 50=12.39 75=16.29 90=20.22 95=22.66 99=28.53 99.9=161.79 99.99=223.23]
2025-04-19 11:50:37 18 sec: 1000000 operations; [INSERT: Count=1000000 Max=21430.27 Min=4.23 Avg=13.86 10=8.48 25=9.97 50=12.41 75=16.31 90=20.24 95=22.69 99=28.61 99.9=162.69 99.99=226.81]
2025-04-19 11:50:38 19 sec: 1000000 operations; [INSERT: Count=1000000 Max=21430.27 Min=4.23 Avg=13.86 10=8.48 25=9.97 50=12.41 75=16.31 90=20.24 95=22.69 99=28.61 99.9=162.69 99.99=226.81]
2025-04-19 11:50:39 20 sec: 1000000 operations; [INSERT: Count=1000000 Max=21430.27 Min=4.23 Avg=13.86 10=8.48 25=9.97 50=12.41 75=16.31 90=20.24 95=22.69 99=28.61 99.9=162.69 99.99=226.81]
2025-04-19 11:50:40 21 sec: 1000000 operations; [INSERT: Count=1000000 Max=21430.27 Min=4.23 Avg=13.86 10=8.48 25=9.97 50=12.41 75=16.31 90=20.24 95=22.69 99=28.61 99.9=162.69 99.99=226.81]
2025-04-19 11:50:41 22 sec: 1000000 operations; [INSERT: Count=1000000 Max=21430.27 Min=4.23 Avg=13.86 10=8.48 25=9.97 50=12.41 75=16.31 90=20.24 95=22.69 99=28.61 99.9=162.69 99.99=226.81]
2025-04-19 11:50:42 23 sec: 1000000 operations; [INSERT: Count=1000000 Max=21430.27 Min=4.23 Avg=13.86 10=8.48 25=9.97 50=12.41 75=16.31 90=20.24 95=22.69 99=28.61 99.9=162.69 99.99=226.81]
2025-04-19 11:50:43 24 sec: 1000000 operations; [INSERT: Count=1000000 Max=21430.27 Min=4.23 Avg=13.86 10=8.48 25=9.97 50=12.41 75=16.31 90=20.24 95=22.69 99=28.61 99.9=162.69 99.99=226.81]
2025-04-19 11:50:44 25 sec: 1000000 operations; [INSERT: Count=1000000 Max=21430.27 Min=4.23 Avg=13.86 10=8.48 25=9.97 50=12.41 75=16.31 90=20.24 95=22.69 99=28.61 99.9=162.69 99.99=226.81]
2025-04-19 11:50:45 26 sec: 1000000 operations; [INSERT: Count=1000000 Max=21430.27 Min=4.23 Avg=13.86 10=8.48 25=9.97 50=12.41 75=16.31 90=20.24 95=22.69 99=28.61 99.9=162.69 99.99=226.81]
2025-04-19 11:50:46 27 sec: 1000000 operations; [INSERT: Count=1000000 Max=21430.27 Min=4.23 Avg=13.86 10=8.48 25=9.97 50=12.41 75=16.31 90=20.24 95=22.69 99=28.61 99.9=162.69 99.99=226.81]
2025-04-19 11:50:47 27 sec: 1000000 operations; [INSERT: Count=1000000 Max=21430.27 Min=4.23 Avg=13.86 10=8.48 25=9.97 50=12.41 75=16.31 90=20.24 95=22.69 99=28.61 99.9=162.69 99.99=226.81]
Load runtime(sec): 27.5865
Load operations(ops): 1000000
Load throughput(ops/sec): 36249.7
